[2017-08-30 22:19:21.135] [INFO] resLogger - 
*************** response log start ***************
request method: GET
request originalUrl:  /api/usercenter?token=eyJhbGciOiJIUzI1NiIsInR5cCI6IkpXVCJ9.eyJuYW1lIjoiZHJlYW1zIiwicGFzc3dvcmQiOiIkMmEkMTAkcTJrMTRvLzRUc2k4TmYuanFUeE44LmVGeGdMVmhuRnB4eGE2WUdCdFJmYTg5TUlaLm1COUciLCJfaWQiOiI1OGI3OGQwOGI0NTkzNDdjMmVmZDUwMzMiLCJpYXQiOjE0OTE4MTU2NjAsImV4cCI6MTQ5NDQwNzY2MH0.sBpj657v1UcRc6Ug_niiefrakL0K2MQxfmCqbdZGOWs&regId=MxiLjGF3D0QtjjMt9TOS+HDf/f/voq/5WoJ5i5kl80Y=
request client ip:  ::ffff:127.0.0.1
request query:  {"token":"eyJhbGciOiJIUzI1NiIsInR5cCI6IkpXVCJ9.eyJuYW1lIjoiZHJlYW1zIiwicGFzc3dvcmQiOiIkMmEkMTAkcTJrMTRvLzRUc2k4TmYuanFUeE44LmVGeGdMVmhuRnB4eGE2WUdCdFJmYTg5TUlaLm1COUciLCJfaWQiOiI1OGI3OGQwOGI0NTkzNDdjMmVmZDUwMzMiLCJpYXQiOjE0OTE4MTU2NjAsImV4cCI6MTQ5NDQwNzY2MH0.sBpj657v1UcRc6Ug_niiefrakL0K2MQxfmCqbdZGOWs","regId":"MxiLjGF3D0QtjjMt9TOS HDf/f/voq/5WoJ5i5kl80Y="}
response time: 19
response status: 200
response body: 
{"name":"jwtError","status":10003,"message":"身份验证错误！"}
*************** response log end ***************

[2017-08-30 22:19:21.354] [INFO] resLogger - 
*************** response log start ***************
request method: GET
request originalUrl:  /api/setdeviceid?deviceType=phone&deviceId=2b989d8100518b10%201491815660842&token=eyJhbGciOiJIUzI1NiIsInR5cCI6IkpXVCJ9.eyJuYW1lIjoiZHJlYW1zIiwicGFzc3dvcmQiOiIkMmEkMTAkcTJrMTRvLzRUc2k4TmYuanFUeE44LmVGeGdMVmhuRnB4eGE2WUdCdFJmYTg5TUlaLm1COUciLCJfaWQiOiI1OGI3OGQwOGI0NTkzNDdjMmVmZDUwMzMiLCJpYXQiOjE0OTE4MTU2NjAsImV4cCI6MTQ5NDQwNzY2MH0.sBpj657v1UcRc6Ug_niiefrakL0K2MQxfmCqbdZGOWs
request client ip:  ::ffff:127.0.0.1
request query:  {"deviceType":"phone","deviceId":"2b989d8100518b10 1491815660842","token":"eyJhbGciOiJIUzI1NiIsInR5cCI6IkpXVCJ9.eyJuYW1lIjoiZHJlYW1zIiwicGFzc3dvcmQiOiIkMmEkMTAkcTJrMTRvLzRUc2k4TmYuanFUeE44LmVGeGdMVmhuRnB4eGE2WUdCdFJmYTg5TUlaLm1COUciLCJfaWQiOiI1OGI3OGQwOGI0NTkzNDdjMmVmZDUwMzMiLCJpYXQiOjE0OTE4MTU2NjAsImV4cCI6MTQ5NDQwNzY2MH0.sBpj657v1UcRc6Ug_niiefrakL0K2MQxfmCqbdZGOWs"}
response time: 6
response status: 200
response body: 
{"name":"jwtError","status":10003,"message":"身份验证错误！"}
*************** response log end ***************

[2017-08-30 22:19:21.586] [INFO] resLogger - 
*************** response log start ***************
request method: GET
request originalUrl:  /socket.io/?EIO=3&transport=polling&t=LupWjGp
request client ip:  ::ffff:127.0.0.1
request query:  {"EIO":"3","transport":"polling","t":"LupWjGp"}
response time: 4
response status: 200
response body: 
{"name":"jwtError","status":10003,"message":"身份验证错误！"}
*************** response log end ***************

[2017-08-30 22:19:21.763] [INFO] resLogger - 
*************** response log start ***************
request method: POST
request originalUrl:  /socket.io/?EIO=3&transport=polling&t=LupWjKg
request client ip:  ::ffff:127.0.0.1
request body: 
{}
response time: 5
response status: 200
response body: 
{"name":"jwtError","status":10003,"message":"身份验证错误！"}
*************** response log end ***************

[2017-08-30 22:19:21.769] [INFO] resLogger - 
*************** response log start ***************
request method: GET
request originalUrl:  /api/chat_not_read_list?token=eyJhbGciOiJIUzI1NiIsInR5cCI6IkpXVCJ9.eyJuYW1lIjoiZHJlYW1zIiwicGFzc3dvcmQiOiIkMmEkMTAkcTJrMTRvLzRUc2k4TmYuanFUeE44LmVGeGdMVmhuRnB4eGE2WUdCdFJmYTg5TUlaLm1COUciLCJfaWQiOiI1OGI3OGQwOGI0NTkzNDdjMmVmZDUwMzMiLCJpYXQiOjE0OTE4MTU2NjAsImV4cCI6MTQ5NDQwNzY2MH0.sBpj657v1UcRc6Ug_niiefrakL0K2MQxfmCqbdZGOWs
request client ip:  ::ffff:127.0.0.1
request query:  {"token":"eyJhbGciOiJIUzI1NiIsInR5cCI6IkpXVCJ9.eyJuYW1lIjoiZHJlYW1zIiwicGFzc3dvcmQiOiIkMmEkMTAkcTJrMTRvLzRUc2k4TmYuanFUeE44LmVGeGdMVmhuRnB4eGE2WUdCdFJmYTg5TUlaLm1COUciLCJfaWQiOiI1OGI3OGQwOGI0NTkzNDdjMmVmZDUwMzMiLCJpYXQiOjE0OTE4MTU2NjAsImV4cCI6MTQ5NDQwNzY2MH0.sBpj657v1UcRc6Ug_niiefrakL0K2MQxfmCqbdZGOWs"}
response time: 2
response status: 200
response body: 
{"name":"jwtError","status":10003,"message":"身份验证错误！"}
*************** response log end ***************

[2017-08-30 22:19:22.413] [INFO] resLogger - 
*************** response log start ***************
request method: GET
request originalUrl:  /socket.io/?EIO=3&transport=polling&t=LupWjTP
request client ip:  ::ffff:127.0.0.1
request query:  {"EIO":"3","transport":"polling","t":"LupWjTP"}
response time: 11
response status: 200
response body: 
{"name":"jwtError","status":10003,"message":"身份验证错误！"}
*************** response log end ***************

[2017-08-30 22:19:22.653] [INFO] resLogger - 
*************** response log start ***************
request method: POST
request originalUrl:  /socket.io/?EIO=3&transport=polling&t=LupWjXL
request client ip:  ::ffff:127.0.0.1
request body: 
{}
response time: 5
response status: 200
response body: 
{"name":"jwtError","status":10003,"message":"身份验证错误！"}
*************** response log end ***************

[2017-08-30 22:19:24.378] [INFO] resLogger - 
*************** response log start ***************
request method: GET
request originalUrl:  /socket.io/?EIO=3&transport=polling&t=LupWjyF
request client ip:  ::ffff:127.0.0.1
request query:  {"EIO":"3","transport":"polling","t":"LupWjyF"}
response time: 5
response status: 200
response body: 
{"name":"jwtError","status":10003,"message":"身份验证错误！"}
*************** response log end ***************

[2017-08-30 22:19:24.791] [INFO] resLogger - 
*************** response log start ***************
request method: POST
request originalUrl:  /socket.io/?EIO=3&transport=polling&t=LupWk2t
request client ip:  ::ffff:127.0.0.1
request body: 
{}
response time: 5
response status: 200
response body: 
{"name":"jwtError","status":10003,"message":"身份验证错误！"}
*************** response log end ***************

[2017-08-30 22:19:25.005] [INFO] resLogger - 
*************** response log start ***************
request method: GET
request originalUrl:  /api/user_by_id?token=eyJhbGciOiJIUzI1NiIsInR5cCI6IkpXVCJ9.eyJuYW1lIjoiZHJlYW1zIiwicGFzc3dvcmQiOiIkMmEkMTAkcTJrMTRvLzRUc2k4TmYuanFUeE44LmVGeGdMVmhuRnB4eGE2WUdCdFJmYTg5TUlaLm1COUciLCJfaWQiOiI1OGI3OGQwOGI0NTkzNDdjMmVmZDUwMzMiLCJpYXQiOjE0OTE4MTU2NjAsImV4cCI6MTQ5NDQwNzY2MH0.sBpj657v1UcRc6Ug_niiefrakL0K2MQxfmCqbdZGOWs&id=58b799c5b459347c2efd503d
request client ip:  ::ffff:127.0.0.1
request query:  {"token":"eyJhbGciOiJIUzI1NiIsInR5cCI6IkpXVCJ9.eyJuYW1lIjoiZHJlYW1zIiwicGFzc3dvcmQiOiIkMmEkMTAkcTJrMTRvLzRUc2k4TmYuanFUeE44LmVGeGdMVmhuRnB4eGE2WUdCdFJmYTg5TUlaLm1COUciLCJfaWQiOiI1OGI3OGQwOGI0NTkzNDdjMmVmZDUwMzMiLCJpYXQiOjE0OTE4MTU2NjAsImV4cCI6MTQ5NDQwNzY2MH0.sBpj657v1UcRc6Ug_niiefrakL0K2MQxfmCqbdZGOWs","id":"58b799c5b459347c2efd503d"}
response time: 5
response status: 200
response body: 
{"name":"jwtError","status":10003,"message":"身份验证错误！"}
*************** response log end ***************

[2017-08-30 22:19:27.711] [INFO] resLogger - 
*************** response log start ***************
request method: GET
request originalUrl:  /api/user_by_id?token=eyJhbGciOiJIUzI1NiIsInR5cCI6IkpXVCJ9.eyJuYW1lIjoiZHJlYW1zIiwicGFzc3dvcmQiOiIkMmEkMTAkcTJrMTRvLzRUc2k4TmYuanFUeE44LmVGeGdMVmhuRnB4eGE2WUdCdFJmYTg5TUlaLm1COUciLCJfaWQiOiI1OGI3OGQwOGI0NTkzNDdjMmVmZDUwMzMiLCJpYXQiOjE0OTE4MTU2NjAsImV4cCI6MTQ5NDQwNzY2MH0.sBpj657v1UcRc6Ug_niiefrakL0K2MQxfmCqbdZGOWs&id=58b799c5b459347c2efd503d
request client ip:  ::ffff:127.0.0.1
request query:  {"token":"eyJhbGciOiJIUzI1NiIsInR5cCI6IkpXVCJ9.eyJuYW1lIjoiZHJlYW1zIiwicGFzc3dvcmQiOiIkMmEkMTAkcTJrMTRvLzRUc2k4TmYuanFUeE44LmVGeGdMVmhuRnB4eGE2WUdCdFJmYTg5TUlaLm1COUciLCJfaWQiOiI1OGI3OGQwOGI0NTkzNDdjMmVmZDUwMzMiLCJpYXQiOjE0OTE4MTU2NjAsImV4cCI6MTQ5NDQwNzY2MH0.sBpj657v1UcRc6Ug_niiefrakL0K2MQxfmCqbdZGOWs","id":"58b799c5b459347c2efd503d"}
response time: 9
response status: 200
response body: 
{"name":"jwtError","status":10003,"message":"身份验证错误！"}
*************** response log end ***************

[2017-08-30 22:19:29.184] [INFO] resLogger - 
*************** response log start ***************
request method: GET
request originalUrl:  /socket.io/?EIO=3&transport=polling&t=LupWl7Z
request client ip:  ::ffff:127.0.0.1
request query:  {"EIO":"3","transport":"polling","t":"LupWl7Z"}
response time: 6
response status: 200
response body: 
{"name":"jwtError","status":10003,"message":"身份验证错误！"}
*************** response log end ***************

[2017-08-30 22:19:29.504] [INFO] resLogger - 
*************** response log start ***************
request method: POST
request originalUrl:  /socket.io/?EIO=3&transport=polling&t=LupWlCY
request client ip:  ::ffff:127.0.0.1
request body: 
{}
response time: 7
response status: 200
response body: 
{"name":"jwtError","status":10003,"message":"身份验证错误！"}
*************** response log end ***************

[2017-08-30 22:19:34.533] [INFO] resLogger - 
*************** response log start ***************
request method: GET
request originalUrl:  /socket.io/?EIO=3&transport=polling&t=LupWmQh
request client ip:  ::ffff:127.0.0.1
request query:  {"EIO":"3","transport":"polling","t":"LupWmQh"}
response time: 4
response status: 200
response body: 
{"name":"jwtError","status":10003,"message":"身份验证错误！"}
*************** response log end ***************

[2017-08-30 22:19:35.782] [INFO] resLogger - 
*************** response log start ***************
request method: POST
request originalUrl:  /socket.io/?EIO=3&transport=polling&t=LupWmk6
request client ip:  ::ffff:127.0.0.1
request body: 
{}
response time: 6
response status: 200
response body: 
{"name":"jwtError","status":10003,"message":"身份验证错误！"}
*************** response log end ***************

[2017-08-30 22:19:39.556] [INFO] resLogger - 
*************** response log start ***************
request method: GET
request originalUrl:  /api/usercenter?token=eyJhbGciOiJIUzI1NiIsInR5cCI6IkpXVCJ9.eyJuYW1lIjoiZHJlYW1zIiwicGFzc3dvcmQiOiIkMmEkMTAkcTJrMTRvLzRUc2k4TmYuanFUeE44LmVGeGdMVmhuRnB4eGE2WUdCdFJmYTg5TUlaLm1COUciLCJfaWQiOiI1OGI3OGQwOGI0NTkzNDdjMmVmZDUwMzMiLCJpYXQiOjE0OTE4MTU2NjAsImV4cCI6MTQ5NDQwNzY2MH0.sBpj657v1UcRc6Ug_niiefrakL0K2MQxfmCqbdZGOWs&regId=undefined
request client ip:  ::ffff:127.0.0.1
request query:  {"token":"eyJhbGciOiJIUzI1NiIsInR5cCI6IkpXVCJ9.eyJuYW1lIjoiZHJlYW1zIiwicGFzc3dvcmQiOiIkMmEkMTAkcTJrMTRvLzRUc2k4TmYuanFUeE44LmVGeGdMVmhuRnB4eGE2WUdCdFJmYTg5TUlaLm1COUciLCJfaWQiOiI1OGI3OGQwOGI0NTkzNDdjMmVmZDUwMzMiLCJpYXQiOjE0OTE4MTU2NjAsImV4cCI6MTQ5NDQwNzY2MH0.sBpj657v1UcRc6Ug_niiefrakL0K2MQxfmCqbdZGOWs","regId":"undefined"}
response time: 7
response status: 200
response body: 
{"name":"jwtError","status":10003,"message":"身份验证错误！"}
*************** response log end ***************

[2017-08-30 22:19:40.756] [INFO] resLogger - 
*************** response log start ***************
request method: GET
request originalUrl:  /socket.io/?EIO=3&transport=polling&t=LupWnyR
request client ip:  ::ffff:127.0.0.1
request query:  {"EIO":"3","transport":"polling","t":"LupWnyR"}
response time: 4
response status: 200
response body: 
{"name":"jwtError","status":10003,"message":"身份验证错误！"}
*************** response log end ***************

[2017-08-30 22:19:40.998] [INFO] resLogger - 
*************** response log start ***************
request method: POST
request originalUrl:  /socket.io/?EIO=3&transport=polling&t=LupWn_j
request client ip:  ::ffff:127.0.0.1
request body: 
{}
response time: 7
response status: 200
response body: 
{"name":"jwtError","status":10003,"message":"身份验证错误！"}
*************** response log end ***************

