[2017-07-16 14:49:47.301] [INFO] resLogger - 
*************** response log start ***************
request method: GET
request originalUrl:  /api/user/?token=eyJhbGciOiJIUzI1NiIsInR5cCI6IkpXVCJ9.eyJkYXRhIjp7ImlkIjoiYTg2MTUyMDMtYjQyZi00OGMxLTk3YzQtYzc3OTNkZWY2NGIxIiwibmFtZSI6ImFkbWluIiwiZ2VuZGVyIjp0cnVlLCJlbWFpbCI6IjM3ODMzODYyN0BxcS5jb20ifSwiaWF0IjoxNTAwMTg0NzE2LCJleHAiOjE1MDAyNzExMTZ9.adiIYzmm5iyD1aQ7J2Owh_7ZkNMSofHM5okTs6i0wD8
request client ip:  ::ffff:127.0.0.1
request query:  {"token":"eyJhbGciOiJIUzI1NiIsInR5cCI6IkpXVCJ9.eyJkYXRhIjp7ImlkIjoiYTg2MTUyMDMtYjQyZi00OGMxLTk3YzQtYzc3OTNkZWY2NGIxIiwibmFtZSI6ImFkbWluIiwiZ2VuZGVyIjp0cnVlLCJlbWFpbCI6IjM3ODMzODYyN0BxcS5jb20ifSwiaWF0IjoxNTAwMTg0NzE2LCJleHAiOjE1MDAyNzExMTZ9.adiIYzmm5iyD1aQ7J2Owh_7ZkNMSofHM5okTs6i0wD8"}
response time: 2289
response status: 200
response body: 
{"status":0,"data":{"name":"admin","email":"378338627@qq.com","password":"$2a$10$xmgJzl6FH05MXqtHAwT8ieXHc.8A.B.PBX.cv16LPt.5q9w08CrhK","gender":true,"token":"eyJhbGciOiJIUzI1NiIsInR5cCI6IkpXVCJ9.eyJkYXRhIjp7ImlkIjoiYTg2MTUyMDMtYjQyZi00OGMxLTk3YzQtYzc3OTNkZWY2NGIxIiwibmFtZSI6ImFkbWluIiwiZ2VuZGVyIjp0cnVlLCJlbWFpbCI6IjM3ODMzODYyN0BxcS5jb20ifSwiaWF0IjoxNTAwMTg0NzE2LCJleHAiOjE1MDAyNzExMTZ9.adiIYzmm5iyD1aQ7J2Owh_7ZkNMSofHM5okTs6i0wD8","id":"a8615203-b42f-48c1-97c4-c7793def64b1","createdAt":1499934432149,"updatedAt":1499934432149,"version":0}}
*************** response log end ***************

[2017-07-16 14:49:47.614] [INFO] resLogger - 
*************** response log start ***************
request method: GET
request originalUrl:  /api/buildings/list/page/1?token=eyJhbGciOiJIUzI1NiIsInR5cCI6IkpXVCJ9.eyJkYXRhIjp7ImlkIjoiYTg2MTUyMDMtYjQyZi00OGMxLTk3YzQtYzc3OTNkZWY2NGIxIiwibmFtZSI6ImFkbWluIiwiZ2VuZGVyIjp0cnVlLCJlbWFpbCI6IjM3ODMzODYyN0BxcS5jb20ifSwiaWF0IjoxNTAwMTg0NzE2LCJleHAiOjE1MDAyNzExMTZ9.adiIYzmm5iyD1aQ7J2Owh_7ZkNMSofHM5okTs6i0wD8
request client ip:  ::ffff:127.0.0.1
request query:  {"token":"eyJhbGciOiJIUzI1NiIsInR5cCI6IkpXVCJ9.eyJkYXRhIjp7ImlkIjoiYTg2MTUyMDMtYjQyZi00OGMxLTk3YzQtYzc3OTNkZWY2NGIxIiwibmFtZSI6ImFkbWluIiwiZ2VuZGVyIjp0cnVlLCJlbWFpbCI6IjM3ODMzODYyN0BxcS5jb20ifSwiaWF0IjoxNTAwMTg0NzE2LCJleHAiOjE1MDAyNzExMTZ9.adiIYzmm5iyD1aQ7J2Owh_7ZkNMSofHM5okTs6i0wD8"}
response time: 198
response status: 200
response body: 
{"status":0,"data":[{"name":"3","address":"3","minfloor":1,"maxfloor":3,"status":1,"id":"964327a7-daab-4202-82bc-5f2861841332","createdAt":1499935652954,"updatedAt":1499935652954,"version":0},{"name":"2","address":"2","minfloor":2,"maxfloor":4,"status":1,"id":"74e0e1d1-fd03-4105-a7a1-56167ed64283","createdAt":1499935257098,"updatedAt":1499935257098,"version":0},{"name":"1","address":"1","minfloor":1,"maxfloor":1,"status":1,"id":"8b7ae305-e24e-4b1f-8cec-758f2e745f9e","createdAt":1499934526071,"updatedAt":1499934526071,"version":0}],"total":3}
*************** response log end ***************

[2017-07-16 14:50:16.684] [INFO] resLogger - 
*************** response log start ***************
request method: GET
request originalUrl:  /api/user/?token=eyJhbGciOiJIUzI1NiIsInR5cCI6IkpXVCJ9.eyJkYXRhIjp7ImlkIjoiYTg2MTUyMDMtYjQyZi00OGMxLTk3YzQtYzc3OTNkZWY2NGIxIiwibmFtZSI6ImFkbWluIiwiZ2VuZGVyIjp0cnVlLCJlbWFpbCI6IjM3ODMzODYyN0BxcS5jb20ifSwiaWF0IjoxNTAwMTg0NzE2LCJleHAiOjE1MDAyNzExMTZ9.adiIYzmm5iyD1aQ7J2Owh_7ZkNMSofHM5okTs6i0wD8
request client ip:  ::ffff:127.0.0.1
request query:  {"token":"eyJhbGciOiJIUzI1NiIsInR5cCI6IkpXVCJ9.eyJkYXRhIjp7ImlkIjoiYTg2MTUyMDMtYjQyZi00OGMxLTk3YzQtYzc3OTNkZWY2NGIxIiwibmFtZSI6ImFkbWluIiwiZ2VuZGVyIjp0cnVlLCJlbWFpbCI6IjM3ODMzODYyN0BxcS5jb20ifSwiaWF0IjoxNTAwMTg0NzE2LCJleHAiOjE1MDAyNzExMTZ9.adiIYzmm5iyD1aQ7J2Owh_7ZkNMSofHM5okTs6i0wD8"}
response time: 143
response status: 200
response body: 
{"status":0,"data":{"name":"admin","email":"378338627@qq.com","password":"$2a$10$xmgJzl6FH05MXqtHAwT8ieXHc.8A.B.PBX.cv16LPt.5q9w08CrhK","gender":true,"token":"eyJhbGciOiJIUzI1NiIsInR5cCI6IkpXVCJ9.eyJkYXRhIjp7ImlkIjoiYTg2MTUyMDMtYjQyZi00OGMxLTk3YzQtYzc3OTNkZWY2NGIxIiwibmFtZSI6ImFkbWluIiwiZ2VuZGVyIjp0cnVlLCJlbWFpbCI6IjM3ODMzODYyN0BxcS5jb20ifSwiaWF0IjoxNTAwMTg0NzE2LCJleHAiOjE1MDAyNzExMTZ9.adiIYzmm5iyD1aQ7J2Owh_7ZkNMSofHM5okTs6i0wD8","id":"a8615203-b42f-48c1-97c4-c7793def64b1","createdAt":1499934432149,"updatedAt":1499934432149,"version":0}}
*************** response log end ***************

[2017-07-16 14:50:17.051] [INFO] resLogger - 
*************** response log start ***************
request method: GET
request originalUrl:  /api/buildings/list/page/1?token=eyJhbGciOiJIUzI1NiIsInR5cCI6IkpXVCJ9.eyJkYXRhIjp7ImlkIjoiYTg2MTUyMDMtYjQyZi00OGMxLTk3YzQtYzc3OTNkZWY2NGIxIiwibmFtZSI6ImFkbWluIiwiZ2VuZGVyIjp0cnVlLCJlbWFpbCI6IjM3ODMzODYyN0BxcS5jb20ifSwiaWF0IjoxNTAwMTg0NzE2LCJleHAiOjE1MDAyNzExMTZ9.adiIYzmm5iyD1aQ7J2Owh_7ZkNMSofHM5okTs6i0wD8
request client ip:  ::ffff:127.0.0.1
request query:  {"token":"eyJhbGciOiJIUzI1NiIsInR5cCI6IkpXVCJ9.eyJkYXRhIjp7ImlkIjoiYTg2MTUyMDMtYjQyZi00OGMxLTk3YzQtYzc3OTNkZWY2NGIxIiwibmFtZSI6ImFkbWluIiwiZ2VuZGVyIjp0cnVlLCJlbWFpbCI6IjM3ODMzODYyN0BxcS5jb20ifSwiaWF0IjoxNTAwMTg0NzE2LCJleHAiOjE1MDAyNzExMTZ9.adiIYzmm5iyD1aQ7J2Owh_7ZkNMSofHM5okTs6i0wD8"}
response time: 268
response status: 200
response body: 
{"status":0,"data":[{"name":"3","address":"3","minfloor":1,"maxfloor":3,"status":1,"id":"964327a7-daab-4202-82bc-5f2861841332","createdAt":1499935652954,"updatedAt":1499935652954,"version":0},{"name":"2","address":"2","minfloor":2,"maxfloor":4,"status":1,"id":"74e0e1d1-fd03-4105-a7a1-56167ed64283","createdAt":1499935257098,"updatedAt":1499935257098,"version":0},{"name":"1","address":"1","minfloor":1,"maxfloor":1,"status":1,"id":"8b7ae305-e24e-4b1f-8cec-758f2e745f9e","createdAt":1499934526071,"updatedAt":1499934526071,"version":0}],"total":3}
*************** response log end ***************

[2017-07-16 14:50:21.314] [INFO] resLogger - 
*************** response log start ***************
request method: GET
request originalUrl:  /api/user/?token=eyJhbGciOiJIUzI1NiIsInR5cCI6IkpXVCJ9.eyJkYXRhIjp7ImlkIjoiYTg2MTUyMDMtYjQyZi00OGMxLTk3YzQtYzc3OTNkZWY2NGIxIiwibmFtZSI6ImFkbWluIiwiZ2VuZGVyIjp0cnVlLCJlbWFpbCI6IjM3ODMzODYyN0BxcS5jb20ifSwiaWF0IjoxNTAwMTg0NzE2LCJleHAiOjE1MDAyNzExMTZ9.adiIYzmm5iyD1aQ7J2Owh_7ZkNMSofHM5okTs6i0wD8
request client ip:  ::ffff:127.0.0.1
request query:  {"token":"eyJhbGciOiJIUzI1NiIsInR5cCI6IkpXVCJ9.eyJkYXRhIjp7ImlkIjoiYTg2MTUyMDMtYjQyZi00OGMxLTk3YzQtYzc3OTNkZWY2NGIxIiwibmFtZSI6ImFkbWluIiwiZ2VuZGVyIjp0cnVlLCJlbWFpbCI6IjM3ODMzODYyN0BxcS5jb20ifSwiaWF0IjoxNTAwMTg0NzE2LCJleHAiOjE1MDAyNzExMTZ9.adiIYzmm5iyD1aQ7J2Owh_7ZkNMSofHM5okTs6i0wD8"}
response time: 83
response status: 200
response body: 
{"status":0,"data":{"name":"admin","email":"378338627@qq.com","password":"$2a$10$xmgJzl6FH05MXqtHAwT8ieXHc.8A.B.PBX.cv16LPt.5q9w08CrhK","gender":true,"token":"eyJhbGciOiJIUzI1NiIsInR5cCI6IkpXVCJ9.eyJkYXRhIjp7ImlkIjoiYTg2MTUyMDMtYjQyZi00OGMxLTk3YzQtYzc3OTNkZWY2NGIxIiwibmFtZSI6ImFkbWluIiwiZ2VuZGVyIjp0cnVlLCJlbWFpbCI6IjM3ODMzODYyN0BxcS5jb20ifSwiaWF0IjoxNTAwMTg0NzE2LCJleHAiOjE1MDAyNzExMTZ9.adiIYzmm5iyD1aQ7J2Owh_7ZkNMSofHM5okTs6i0wD8","id":"a8615203-b42f-48c1-97c4-c7793def64b1","createdAt":1499934432149,"updatedAt":1499934432149,"version":0}}
*************** response log end ***************

[2017-07-16 14:50:21.469] [INFO] resLogger - 
*************** response log start ***************
request method: GET
request originalUrl:  /api/buildings/list/page/1?token=eyJhbGciOiJIUzI1NiIsInR5cCI6IkpXVCJ9.eyJkYXRhIjp7ImlkIjoiYTg2MTUyMDMtYjQyZi00OGMxLTk3YzQtYzc3OTNkZWY2NGIxIiwibmFtZSI6ImFkbWluIiwiZ2VuZGVyIjp0cnVlLCJlbWFpbCI6IjM3ODMzODYyN0BxcS5jb20ifSwiaWF0IjoxNTAwMTg0NzE2LCJleHAiOjE1MDAyNzExMTZ9.adiIYzmm5iyD1aQ7J2Owh_7ZkNMSofHM5okTs6i0wD8
request client ip:  ::ffff:127.0.0.1
request query:  {"token":"eyJhbGciOiJIUzI1NiIsInR5cCI6IkpXVCJ9.eyJkYXRhIjp7ImlkIjoiYTg2MTUyMDMtYjQyZi00OGMxLTk3YzQtYzc3OTNkZWY2NGIxIiwibmFtZSI6ImFkbWluIiwiZ2VuZGVyIjp0cnVlLCJlbWFpbCI6IjM3ODMzODYyN0BxcS5jb20ifSwiaWF0IjoxNTAwMTg0NzE2LCJleHAiOjE1MDAyNzExMTZ9.adiIYzmm5iyD1aQ7J2Owh_7ZkNMSofHM5okTs6i0wD8"}
response time: 107
response status: 200
response body: 
{"status":0,"data":[{"name":"3","address":"3","minfloor":1,"maxfloor":3,"status":1,"id":"964327a7-daab-4202-82bc-5f2861841332","createdAt":1499935652954,"updatedAt":1499935652954,"version":0},{"name":"2","address":"2","minfloor":2,"maxfloor":4,"status":1,"id":"74e0e1d1-fd03-4105-a7a1-56167ed64283","createdAt":1499935257098,"updatedAt":1499935257098,"version":0},{"name":"1","address":"1","minfloor":1,"maxfloor":1,"status":1,"id":"8b7ae305-e24e-4b1f-8cec-758f2e745f9e","createdAt":1499934526071,"updatedAt":1499934526071,"version":0}],"total":3}
*************** response log end ***************

[2017-07-16 14:50:24.527] [INFO] resLogger - 
*************** response log start ***************
request method: GET
request originalUrl:  /api/buildings/list/page/1?token=eyJhbGciOiJIUzI1NiIsInR5cCI6IkpXVCJ9.eyJkYXRhIjp7ImlkIjoiYTg2MTUyMDMtYjQyZi00OGMxLTk3YzQtYzc3OTNkZWY2NGIxIiwibmFtZSI6ImFkbWluIiwiZ2VuZGVyIjp0cnVlLCJlbWFpbCI6IjM3ODMzODYyN0BxcS5jb20ifSwiaWF0IjoxNTAwMTg0NzE2LCJleHAiOjE1MDAyNzExMTZ9.adiIYzmm5iyD1aQ7J2Owh_7ZkNMSofHM5okTs6i0wD8
request client ip:  ::ffff:127.0.0.1
request query:  {"token":"eyJhbGciOiJIUzI1NiIsInR5cCI6IkpXVCJ9.eyJkYXRhIjp7ImlkIjoiYTg2MTUyMDMtYjQyZi00OGMxLTk3YzQtYzc3OTNkZWY2NGIxIiwibmFtZSI6ImFkbWluIiwiZ2VuZGVyIjp0cnVlLCJlbWFpbCI6IjM3ODMzODYyN0BxcS5jb20ifSwiaWF0IjoxNTAwMTg0NzE2LCJleHAiOjE1MDAyNzExMTZ9.adiIYzmm5iyD1aQ7J2Owh_7ZkNMSofHM5okTs6i0wD8"}
response time: 78
response status: 200
response body: 
{"status":0,"data":[{"name":"3","address":"3","minfloor":1,"maxfloor":3,"status":1,"id":"964327a7-daab-4202-82bc-5f2861841332","createdAt":1499935652954,"updatedAt":1499935652954,"version":0},{"name":"2","address":"2","minfloor":2,"maxfloor":4,"status":1,"id":"74e0e1d1-fd03-4105-a7a1-56167ed64283","createdAt":1499935257098,"updatedAt":1499935257098,"version":0},{"name":"1","address":"1","minfloor":1,"maxfloor":1,"status":1,"id":"8b7ae305-e24e-4b1f-8cec-758f2e745f9e","createdAt":1499934526071,"updatedAt":1499934526071,"version":0}],"total":3}
*************** response log end ***************

