[2017-05-23 15:13:40.051] [INFO] resLogger - 
*************** response log start ***************
request method: GET
request originalUrl:  /
request client ip:  ::1
request query:  {}
response time: 1257
response status: 200
response body: 
"<!DOCTYPE html><html><head><title>koa2 title</title><link rel=\"stylesheet\" href=\"/stylesheets/style.css\"></head><body><h1>koa2 title</h1><p>JADE Welcome to koa2 title</p></body></html>"
*************** response log end ***************

[2017-05-23 15:13:40.145] [INFO] resLogger - 
*************** response log start ***************
request method: GET
request originalUrl:  /favicon.ico
request client ip:  ::1
request query:  {}
response time: 0
response status: 404
response body: 
undefined
*************** response log end ***************

[2017-05-23 15:14:37.017] [INFO] resLogger - 
*************** response log start ***************
request method: GET
request originalUrl:  /
request client ip:  ::1
request query:  {}
response time: 40
response status: 200
response body: 
"<!DOCTYPE html><html><head><title>koa2 title</title><link rel=\"stylesheet\" href=\"/stylesheets/style.css\"></head><body><h1>koa2 title</h1><p>JADE Welcome to koa2 title</p></body></html>"
*************** response log end ***************

[2017-05-23 15:37:56.809] [INFO] resLogger - 
*************** response log start ***************
request method: GET
request originalUrl:  /api
request client ip:  ::1
request query:  {}
response time: 1
response status: 404
response body: 
undefined
*************** response log end ***************

[2017-05-23 15:38:01.866] [INFO] resLogger - 
*************** response log start ***************
request method: GET
request originalUrl:  /user
request client ip:  ::1
request query:  {}
response time: 0
response status: 404
response body: 
undefined
*************** response log end ***************

[2017-05-23 15:38:11.736] [INFO] resLogger - 
*************** response log start ***************
request method: GET
request originalUrl:  /
request client ip:  ::1
request query:  {}
response time: 415
response status: 200
response body: 
"<!DOCTYPE html><html><head><title>koa2 title</title><link rel=\"stylesheet\" href=\"/stylesheets/style.css\"></head><body><h1>koa2 title</h1><p>JADE Welcome to koa2 title</p></body></html>"
*************** response log end ***************

[2017-05-23 15:38:39.498] [INFO] resLogger - 
*************** response log start ***************
request method: GET
request originalUrl:  /
request client ip:  ::1
request query:  {}
response time: 38
response status: 200
response body: 
"<!DOCTYPE html><html><head><title>koa2 title</title><link rel=\"stylesheet\" href=\"/stylesheets/style.css\"></head><body><h1>koa2 title</h1><p>JAD Welcome to koa2 title</p></body></html>"
*************** response log end ***************

[2017-05-23 15:38:45.089] [INFO] resLogger - 
*************** response log start ***************
request method: GET
request originalUrl:  /
request client ip:  ::1
request query:  {}
response time: 53
response status: 200
response body: 
"<!DOCTYPE html><html><head><title>koa2 title</title><link rel=\"stylesheet\" href=\"/stylesheets/style.css\"></head><body><h1>koa2 title</h1><p>JADE Welcome to koa2 title</p></body></html>"
*************** response log end ***************

[2017-05-23 15:39:02.498] [INFO] resLogger - 
*************** response log start ***************
request method: GET
request originalUrl:  /
request client ip:  ::ffff:127.0.0.1
request query:  {}
response time: 409
response status: 200
response body: 
"<!DOCTYPE html><html><head><title>koa2 title</title><link rel=\"stylesheet\" href=\"/stylesheets/style.css\"></head><body><h1>koa2 title</h1><p>JADE Welcome to koa2 title</p></body></html>"
*************** response log end ***************

[2017-05-23 15:49:51.297] [INFO] resLogger - 
*************** response log start ***************
request method: GET
request originalUrl:  /api/user/getUser
request client ip:  ::1
request query:  {}
response time: 1
response status: 404
response body: 
undefined
*************** response log end ***************

[2017-05-23 15:51:48.067] [INFO] resLogger - 
*************** response log start ***************
request method: GET
request originalUrl:  /api/getUser
request client ip:  ::1
request query:  {}
response time: 3
response status: 200
response body: 
{"username":"阿西吧","age":30}
*************** response log end ***************

