[2017-11-14 17:00:38.747] [INFO] resLogger - 
*************** response log start ***************
request method: GET
request originalUrl:  /api/user/?token=eyJhbGciOiJIUzI1NiIsInR5cCI6IkpXVCJ9.eyJkYXRhIjp7ImlkIjoiNzdlMGE0MWEtZWZiZC00NjI5LTg5YmEtODRiNzFmZTg2NmUxIiwibmFtZSI6ImFkbWluIiwiZ2VuZGVyIjp0cnVlLCJlbWFpbCI6IjM3ODMzODYyN0BxcS5jb20ifSwiaWF0IjoxNTEwNjQxODgwLCJleHAiOjE1MTA3MjgyODB9.oRw2_yYvfgDZfmGyAjOxL2o3aJAmB1j_BGBZnxBPRnQ
request client ip:  ::ffff:127.0.0.1
request query:  {"token":"eyJhbGciOiJIUzI1NiIsInR5cCI6IkpXVCJ9.eyJkYXRhIjp7ImlkIjoiNzdlMGE0MWEtZWZiZC00NjI5LTg5YmEtODRiNzFmZTg2NmUxIiwibmFtZSI6ImFkbWluIiwiZ2VuZGVyIjp0cnVlLCJlbWFpbCI6IjM3ODMzODYyN0BxcS5jb20ifSwiaWF0IjoxNTEwNjQxODgwLCJleHAiOjE1MTA3MjgyODB9.oRw2_yYvfgDZfmGyAjOxL2o3aJAmB1j_BGBZnxBPRnQ"}
response time: 187
response status: 200
response body: 
{"status":0,"data":{"name":"admin","email":"378338627@qq.com","phone":"15822927208","password":"$2a$10$oo3PUuyU2No4WRrDP/GUNOGsLUldeVjH6eH1q/N./UtbeNY1eJQx2","gender":true,"token":"eyJhbGciOiJIUzI1NiIsInR5cCI6IkpXVCJ9.eyJkYXRhIjp7ImlkIjoiNzdlMGE0MWEtZWZiZC00NjI5LTg5YmEtODRiNzFmZTg2NmUxIiwibmFtZSI6ImFkbWluIiwiZ2VuZGVyIjp0cnVlLCJlbWFpbCI6IjM3ODMzODYyN0BxcS5jb20ifSwiaWF0IjoxNTEwNjQxODgwLCJleHAiOjE1MTA3MjgyODB9.oRw2_yYvfgDZfmGyAjOxL2o3aJAmB1j_BGBZnxBPRnQ","canLogin":true,"status":1,"id":"77e0a41a-efbd-4629-89ba-84b71fe866e1","createdAt":1510554855636,"updatedAt":1510641881198,"version":2}}
*************** response log end ***************

[2017-11-14 17:00:39.387] [INFO] resLogger - 
*************** response log start ***************
request method: GET
request originalUrl:  /api/corporations/98ea5f7a-1f9c-4cb2-9b9d-e33139f49bda?token=eyJhbGciOiJIUzI1NiIsInR5cCI6IkpXVCJ9.eyJkYXRhIjp7ImlkIjoiNzdlMGE0MWEtZWZiZC00NjI5LTg5YmEtODRiNzFmZTg2NmUxIiwibmFtZSI6ImFkbWluIiwiZ2VuZGVyIjp0cnVlLCJlbWFpbCI6IjM3ODMzODYyN0BxcS5jb20ifSwiaWF0IjoxNTEwNjQxODgwLCJleHAiOjE1MTA3MjgyODB9.oRw2_yYvfgDZfmGyAjOxL2o3aJAmB1j_BGBZnxBPRnQ
request client ip:  ::ffff:127.0.0.1
request query:  {"token":"eyJhbGciOiJIUzI1NiIsInR5cCI6IkpXVCJ9.eyJkYXRhIjp7ImlkIjoiNzdlMGE0MWEtZWZiZC00NjI5LTg5YmEtODRiNzFmZTg2NmUxIiwibmFtZSI6ImFkbWluIiwiZ2VuZGVyIjp0cnVlLCJlbWFpbCI6IjM3ODMzODYyN0BxcS5jb20ifSwiaWF0IjoxNTEwNjQxODgwLCJleHAiOjE1MTA3MjgyODB9.oRw2_yYvfgDZfmGyAjOxL2o3aJAmB1j_BGBZnxBPRnQ"}
response time: 403
response status: 200
response body: 
{"status":0,"data":{"name":"管委会办公室","description":"管委会办公室","status":1,"groupId":"64cd3c35-1cbb-4978-8cb1-e4084bf567d6","id":"98ea5f7a-1f9c-4cb2-9b9d-e33139f49bda","createdAt":1510554858917,"updatedAt":1510554858917,"version":0,"group":{"name":"管委会","description":"group1","status":1,"id":"64cd3c35-1cbb-4978-8cb1-e4084bf567d6","createdAt":1510554855637,"updatedAt":1510554855637,"version":0}}}
*************** response log end ***************

[2017-11-14 17:00:39.548] [INFO] resLogger - 
*************** response log start ***************
request method: GET
request originalUrl:  /api/groups/list?token=eyJhbGciOiJIUzI1NiIsInR5cCI6IkpXVCJ9.eyJkYXRhIjp7ImlkIjoiNzdlMGE0MWEtZWZiZC00NjI5LTg5YmEtODRiNzFmZTg2NmUxIiwibmFtZSI6ImFkbWluIiwiZ2VuZGVyIjp0cnVlLCJlbWFpbCI6IjM3ODMzODYyN0BxcS5jb20ifSwiaWF0IjoxNTEwNjQxODgwLCJleHAiOjE1MTA3MjgyODB9.oRw2_yYvfgDZfmGyAjOxL2o3aJAmB1j_BGBZnxBPRnQ
request client ip:  ::ffff:127.0.0.1
request query:  {"token":"eyJhbGciOiJIUzI1NiIsInR5cCI6IkpXVCJ9.eyJkYXRhIjp7ImlkIjoiNzdlMGE0MWEtZWZiZC00NjI5LTg5YmEtODRiNzFmZTg2NmUxIiwibmFtZSI6ImFkbWluIiwiZ2VuZGVyIjp0cnVlLCJlbWFpbCI6IjM3ODMzODYyN0BxcS5jb20ifSwiaWF0IjoxNTEwNjQxODgwLCJleHAiOjE1MTA3MjgyODB9.oRw2_yYvfgDZfmGyAjOxL2o3aJAmB1j_BGBZnxBPRnQ"}
response time: 472
response status: 200
response body: 
{"status":0,"data":[{"name":"控股","description":"group2","status":1,"id":"a6711366-2081-4a8f-9ab7-5a918cd437d0","createdAt":1510554855859,"updatedAt":1510554855859,"version":0},{"name":"管委会","description":"group1","status":1,"id":"64cd3c35-1cbb-4978-8cb1-e4084bf567d6","createdAt":1510554855637,"updatedAt":1510554855637,"version":0}],"total":2}
*************** response log end ***************

[2017-11-14 17:00:39.549] [INFO] resLogger - 
*************** response log start ***************
request method: GET
request originalUrl:  /api/corpBuildings/list/98ea5f7a-1f9c-4cb2-9b9d-e33139f49bda?token=eyJhbGciOiJIUzI1NiIsInR5cCI6IkpXVCJ9.eyJkYXRhIjp7ImlkIjoiNzdlMGE0MWEtZWZiZC00NjI5LTg5YmEtODRiNzFmZTg2NmUxIiwibmFtZSI6ImFkbWluIiwiZ2VuZGVyIjp0cnVlLCJlbWFpbCI6IjM3ODMzODYyN0BxcS5jb20ifSwiaWF0IjoxNTEwNjQxODgwLCJleHAiOjE1MTA3MjgyODB9.oRw2_yYvfgDZfmGyAjOxL2o3aJAmB1j_BGBZnxBPRnQ
request client ip:  ::ffff:127.0.0.1
request query:  {"token":"eyJhbGciOiJIUzI1NiIsInR5cCI6IkpXVCJ9.eyJkYXRhIjp7ImlkIjoiNzdlMGE0MWEtZWZiZC00NjI5LTg5YmEtODRiNzFmZTg2NmUxIiwibmFtZSI6ImFkbWluIiwiZ2VuZGVyIjp0cnVlLCJlbWFpbCI6IjM3ODMzODYyN0BxcS5jb20ifSwiaWF0IjoxNTEwNjQxODgwLCJleHAiOjE1MTA3MjgyODB9.oRw2_yYvfgDZfmGyAjOxL2o3aJAmB1j_BGBZnxBPRnQ"}
response time: 386
response status: 200
response body: 
{"status":0,"data":[{"corporationId":"98ea5f7a-1f9c-4cb2-9b9d-e33139f49bda","buildingId":"4b35bbaa-4da9-442e-8adf-ae7fbc656330","floor":12,"position":"A","status":1,"id":"23510fe3-24cb-425b-b69a-c01cdc3f8c3c","createdAt":1510554859170,"updatedAt":1510554859170,"version":0,"building":{"name":"商务大厦南楼","address":"南","minfloor":1,"maxfloor":15,"status":1,"id":"4b35bbaa-4da9-442e-8adf-ae7fbc656330","createdAt":1510554856022,"updatedAt":1510554856022,"version":0}},{"corporationId":"98ea5f7a-1f9c-4cb2-9b9d-e33139f49bda","buildingId":"4b35bbaa-4da9-442e-8adf-ae7fbc656330","floor":11,"position":"A","status":1,"id":"6806b429-eaa8-4ccd-8004-4e24c686519a","createdAt":1510554859094,"updatedAt":1510554859094,"version":0,"building":{"name":"商务大厦南楼","address":"南","minfloor":1,"maxfloor":15,"status":1,"id":"4b35bbaa-4da9-442e-8adf-ae7fbc656330","createdAt":1510554856022,"updatedAt":1510554856022,"version":0}},{"corporationId":"98ea5f7a-1f9c-4cb2-9b9d-e33139f49bda","buildingId":"4b35bbaa-4da9-442e-8adf-ae7fbc656330","floor":10,"position":"A","status":1,"id":"8ab3a644-61c2-434a-a93e-4a858095ee5c","createdAt":1510554859007,"updatedAt":1510554859007,"version":0,"building":{"name":"商务大厦南楼","address":"南","minfloor":1,"maxfloor":15,"status":1,"id":"4b35bbaa-4da9-442e-8adf-ae7fbc656330","createdAt":1510554856022,"updatedAt":1510554856022,"version":0}}],"total":0}
*************** response log end ***************

[2017-11-14 17:00:39.566] [INFO] resLogger - 
*************** response log start ***************
request method: GET
request originalUrl:  /api/buildings/list?token=eyJhbGciOiJIUzI1NiIsInR5cCI6IkpXVCJ9.eyJkYXRhIjp7ImlkIjoiNzdlMGE0MWEtZWZiZC00NjI5LTg5YmEtODRiNzFmZTg2NmUxIiwibmFtZSI6ImFkbWluIiwiZ2VuZGVyIjp0cnVlLCJlbWFpbCI6IjM3ODMzODYyN0BxcS5jb20ifSwiaWF0IjoxNTEwNjQxODgwLCJleHAiOjE1MTA3MjgyODB9.oRw2_yYvfgDZfmGyAjOxL2o3aJAmB1j_BGBZnxBPRnQ
request client ip:  ::ffff:127.0.0.1
request query:  {"token":"eyJhbGciOiJIUzI1NiIsInR5cCI6IkpXVCJ9.eyJkYXRhIjp7ImlkIjoiNzdlMGE0MWEtZWZiZC00NjI5LTg5YmEtODRiNzFmZTg2NmUxIiwibmFtZSI6ImFkbWluIiwiZ2VuZGVyIjp0cnVlLCJlbWFpbCI6IjM3ODMzODYyN0BxcS5jb20ifSwiaWF0IjoxNTEwNjQxODgwLCJleHAiOjE1MTA3MjgyODB9.oRw2_yYvfgDZfmGyAjOxL2o3aJAmB1j_BGBZnxBPRnQ"}
response time: 342
response status: 200
response body: 
{"status":0,"data":[{"name":"海泰创业园1号楼","address":"海泰创业园","minfloor":1,"maxfloor":4,"status":1,"id":"f28aa02c-51c0-41c2-ad06-e903792086c1","createdAt":1510554856353,"updatedAt":1510554856353,"version":0},{"name":"商务大厦北楼","address":"北","minfloor":1,"maxfloor":15,"status":1,"id":"7bb77f43-abbf-4b0f-a1ff-c09f8781912a","createdAt":1510554856249,"updatedAt":1510554856249,"version":0},{"name":"商务大厦南楼","address":"南","minfloor":1,"maxfloor":15,"status":1,"id":"4b35bbaa-4da9-442e-8adf-ae7fbc656330","createdAt":1510554856022,"updatedAt":1510554856022,"version":0}],"total":3}
*************** response log end ***************

[2017-11-14 17:04:06.369] [INFO] resLogger - 
*************** response log start ***************
request method: GET
request originalUrl:  /api/operation/list/page/1?token=eyJhbGciOiJIUzI1NiIsInR5cCI6IkpXVCJ9.eyJkYXRhIjp7ImlkIjoiNzdlMGE0MWEtZWZiZC00NjI5LTg5YmEtODRiNzFmZTg2NmUxIiwibmFtZSI6ImFkbWluIiwiZ2VuZGVyIjp0cnVlLCJlbWFpbCI6IjM3ODMzODYyN0BxcS5jb20ifSwiaWF0IjoxNTEwNjQxODgwLCJleHAiOjE1MTA3MjgyODB9.oRw2_yYvfgDZfmGyAjOxL2o3aJAmB1j_BGBZnxBPRnQ
request client ip:  ::ffff:127.0.0.1
request query:  {"token":"eyJhbGciOiJIUzI1NiIsInR5cCI6IkpXVCJ9.eyJkYXRhIjp7ImlkIjoiNzdlMGE0MWEtZWZiZC00NjI5LTg5YmEtODRiNzFmZTg2NmUxIiwibmFtZSI6ImFkbWluIiwiZ2VuZGVyIjp0cnVlLCJlbWFpbCI6IjM3ODMzODYyN0BxcS5jb20ifSwiaWF0IjoxNTEwNjQxODgwLCJleHAiOjE1MTA3MjgyODB9.oRw2_yYvfgDZfmGyAjOxL2o3aJAmB1j_BGBZnxBPRnQ"}
response time: 474
response status: 200
response body: 
{"status":0,"data":[{"orderId":"2a577a4b-a635-4f14-860f-9079b4255a0b","important":false,"op":"5f8ff83d-2e92-48d0-8448-f2812fb5232c","no":"20171113001","create_time":1510561864000,"remark":"2","status":1,"id":"88e34850-19aa-40b4-8414-b74223e8ebb1","createdAt":1510561948367,"updatedAt":1510561948367,"version":0,"order":{"no":"20171113000","custom_name":"刘孟","custom_phone":"15822927208","incoming_time":1510561864000,"custom_corporation":"bf31f1a5-2660-46fc-b1c8-a150812d27e3","custom_position":"b720d1b5-a333-4e3d-991a-8cf68966022c","remark":"小姐姐","status":1,"needs":"[object Object],[object Object],[object Object],[object Object]","id":"2a577a4b-a635-4f14-860f-9079b4255a0b","createdAt":1510561948275,"updatedAt":1510561948275,"version":0,"corporation":{"name":"建规局","description":"建规局","status":1,"groupId":"64cd3c35-1cbb-4978-8cb1-e4084bf567d6","id":"bf31f1a5-2660-46fc-b1c8-a150812d27e3","createdAt":1510554857444,"updatedAt":1510554857444,"version":0},"corpBuilding":{"corporationId":"bf31f1a5-2660-46fc-b1c8-a150812d27e3","buildingId":"4b35bbaa-4da9-442e-8adf-ae7fbc656330","floor":4,"position":"E","status":1,"id":"b720d1b5-a333-4e3d-991a-8cf68966022c","createdAt":1510554857545,"updatedAt":1510554857545,"version":0,"building":{"name":"商务大厦南楼","address":"南","minfloor":1,"maxfloor":15,"status":1,"id":"4b35bbaa-4da9-442e-8adf-ae7fbc656330","createdAt":1510554856022,"updatedAt":1510554856022,"version":0}}},"actions":[{"operationId":"88e34850-19aa-40b4-8414-b74223e8ebb1","call_time":1510561864000,"start_time":null,"end_time":null,"worker":"77e0a41a-efbd-4629-89ba-84b71fe866e1","operationStart":0,"operationComplete":0,"status":1,"id":"420f6d69-0391-4b77-9366-6d15d89f06f5","createdAt":1510561948464,"updatedAt":1510561948464,"version":0,"user":{"name":"admin","email":"378338627@qq.com","phone":"15822927208","password":"$2a$10$oo3PUuyU2No4WRrDP/GUNOGsLUldeVjH6eH1q/N./UtbeNY1eJQx2","gender":true,"token":"eyJhbGciOiJIUzI1NiIsInR5cCI6IkpXVCJ9.eyJkYXRhIjp7ImlkIjoiNzdlMGE0MWEtZWZiZC00NjI5LTg5YmEtODRiNzFmZTg2NmUxIiwibmFtZSI6ImFkbWluIiwiZ2VuZGVyIjp0cnVlLCJlbWFpbCI6IjM3ODMzODYyN0BxcS5jb20ifSwiaWF0IjoxNTEwNjQxODgwLCJleHAiOjE1MTA3MjgyODB9.oRw2_yYvfgDZfmGyAjOxL2o3aJAmB1j_BGBZnxBPRnQ","canLogin":true,"status":1,"id":"77e0a41a-efbd-4629-89ba-84b71fe866e1","createdAt":1510554855636,"updatedAt":1510641881198,"version":2}}]},{"orderId":"2a577a4b-a635-4f14-860f-9079b4255a0b","important":true,"op":"39ddbba6-9953-48d2-b5ee-ea03cc10cc42","no":"20171113002","create_time":1510561864000,"remark":"3","status":1,"id":"5b91b199-104c-4c1c-b1aa-f4f0b62d0bd7","createdAt":1510561948367,"updatedAt":1510561948367,"version":0,"order":{"no":"20171113000","custom_name":"刘孟","custom_phone":"15822927208","incoming_time":1510561864000,"custom_corporation":"bf31f1a5-2660-46fc-b1c8-a150812d27e3","custom_position":"b720d1b5-a333-4e3d-991a-8cf68966022c","remark":"小姐姐","status":1,"needs":"[object Object],[object Object],[object Object],[object Object]","id":"2a577a4b-a635-4f14-860f-9079b4255a0b","createdAt":1510561948275,"updatedAt":1510561948275,"version":0,"corporation":{"name":"建规局","description":"建规局","status":1,"groupId":"64cd3c35-1cbb-4978-8cb1-e4084bf567d6","id":"bf31f1a5-2660-46fc-b1c8-a150812d27e3","createdAt":1510554857444,"updatedAt":1510554857444,"version":0},"corpBuilding":{"corporationId":"bf31f1a5-2660-46fc-b1c8-a150812d27e3","buildingId":"4b35bbaa-4da9-442e-8adf-ae7fbc656330","floor":4,"position":"E","status":1,"id":"b720d1b5-a333-4e3d-991a-8cf68966022c","createdAt":1510554857545,"updatedAt":1510554857545,"version":0,"building":{"name":"商务大厦南楼","address":"南","minfloor":1,"maxfloor":15,"status":1,"id":"4b35bbaa-4da9-442e-8adf-ae7fbc656330","createdAt":1510554856022,"updatedAt":1510554856022,"version":0}}},"actions":[{"operationId":"5b91b199-104c-4c1c-b1aa-f4f0b62d0bd7","call_time":1510561864000,"start_time":1510565464000,"end_time":null,"worker":"77e0a41a-efbd-4629-89ba-84b71fe866e1","operationStart":1,"operationComplete":0,"status":1,"id":"7ffd1791-ef6f-413a-b659-f57e9bfd17c4","createdAt":1510561948464,"updatedAt":1510561948464,"version":0,"user":{"name":"admin","email":"378338627@qq.com","phone":"15822927208","password":"$2a$10$oo3PUuyU2No4WRrDP/GUNOGsLUldeVjH6eH1q/N./UtbeNY1eJQx2","gender":true,"token":"eyJhbGciOiJIUzI1NiIsInR5cCI6IkpXVCJ9.eyJkYXRhIjp7ImlkIjoiNzdlMGE0MWEtZWZiZC00NjI5LTg5YmEtODRiNzFmZTg2NmUxIiwibmFtZSI6ImFkbWluIiwiZ2VuZGVyIjp0cnVlLCJlbWFpbCI6IjM3ODMzODYyN0BxcS5jb20ifSwiaWF0IjoxNTEwNjQxODgwLCJleHAiOjE1MTA3MjgyODB9.oRw2_yYvfgDZfmGyAjOxL2o3aJAmB1j_BGBZnxBPRnQ","canLogin":true,"status":1,"id":"77e0a41a-efbd-4629-89ba-84b71fe866e1","createdAt":1510554855636,"updatedAt":1510641881198,"version":2}}]},{"orderId":"2a577a4b-a635-4f14-860f-9079b4255a0b","important":false,"op":"3f6d6158-d365-4d40-b4d4-e47e4a17094f","no":"20171113003","create_time":1510561864000,"remark":"4","status":1,"id":"81e639aa-d233-4b30-bbc8-84a14820491a","createdAt":1510561948367,"updatedAt":1510561948367,"version":0,"order":{"no":"20171113000","custom_name":"刘孟","custom_phone":"15822927208","incoming_time":1510561864000,"custom_corporation":"bf31f1a5-2660-46fc-b1c8-a150812d27e3","custom_position":"b720d1b5-a333-4e3d-991a-8cf68966022c","remark":"小姐姐","status":1,"needs":"[object Object],[object Object],[object Object],[object Object]","id":"2a577a4b-a635-4f14-860f-9079b4255a0b","createdAt":1510561948275,"updatedAt":1510561948275,"version":0,"corporation":{"name":"建规局","description":"建规局","status":1,"groupId":"64cd3c35-1cbb-4978-8cb1-e4084bf567d6","id":"bf31f1a5-2660-46fc-b1c8-a150812d27e3","createdAt":1510554857444,"updatedAt":1510554857444,"version":0},"corpBuilding":{"corporationId":"bf31f1a5-2660-46fc-b1c8-a150812d27e3","buildingId":"4b35bbaa-4da9-442e-8adf-ae7fbc656330","floor":4,"position":"E","status":1,"id":"b720d1b5-a333-4e3d-991a-8cf68966022c","createdAt":1510554857545,"updatedAt":1510554857545,"version":0,"building":{"name":"商务大厦南楼","address":"南","minfloor":1,"maxfloor":15,"status":1,"id":"4b35bbaa-4da9-442e-8adf-ae7fbc656330","createdAt":1510554856022,"updatedAt":1510554856022,"version":0}}},"actions":[{"operationId":"81e639aa-d233-4b30-bbc8-84a14820491a","call_time":1510561864000,"start_time":1510565464000,"end_time":1510569064000,"worker":"77e0a41a-efbd-4629-89ba-84b71fe866e1","operationStart":1,"operationComplete":1,"status":1,"id":"ac354ef5-f7d8-4c3e-ba98-cdf7e4849258","createdAt":1510561948464,"updatedAt":1510561948464,"version":0,"user":{"name":"admin","email":"378338627@qq.com","phone":"15822927208","password":"$2a$10$oo3PUuyU2No4WRrDP/GUNOGsLUldeVjH6eH1q/N./UtbeNY1eJQx2","gender":true,"token":"eyJhbGciOiJIUzI1NiIsInR5cCI6IkpXVCJ9.eyJkYXRhIjp7ImlkIjoiNzdlMGE0MWEtZWZiZC00NjI5LTg5YmEtODRiNzFmZTg2NmUxIiwibmFtZSI6ImFkbWluIiwiZ2VuZGVyIjp0cnVlLCJlbWFpbCI6IjM3ODMzODYyN0BxcS5jb20ifSwiaWF0IjoxNTEwNjQxODgwLCJleHAiOjE1MTA3MjgyODB9.oRw2_yYvfgDZfmGyAjOxL2o3aJAmB1j_BGBZnxBPRnQ","canLogin":true,"status":1,"id":"77e0a41a-efbd-4629-89ba-84b71fe866e1","createdAt":1510554855636,"updatedAt":1510641881198,"version":2}}]},{"orderId":"2a577a4b-a635-4f14-860f-9079b4255a0b","important":true,"op":"a7a82216-4740-49fd-a0d4-ebcc8ea257c8","no":"20171113000","create_time":1510561864000,"remark":"1","status":1,"id":"c8a511ff-8ac3-49af-8798-852f39ab1694","createdAt":1510561948366,"updatedAt":1510561948366,"version":0,"order":{"no":"20171113000","custom_name":"刘孟","custom_phone":"15822927208","incoming_time":1510561864000,"custom_corporation":"bf31f1a5-2660-46fc-b1c8-a150812d27e3","custom_position":"b720d1b5-a333-4e3d-991a-8cf68966022c","remark":"小姐姐","status":1,"needs":"[object Object],[object Object],[object Object],[object Object]","id":"2a577a4b-a635-4f14-860f-9079b4255a0b","createdAt":1510561948275,"updatedAt":1510561948275,"version":0,"corporation":{"name":"建规局","description":"建规局","status":1,"groupId":"64cd3c35-1cbb-4978-8cb1-e4084bf567d6","id":"bf31f1a5-2660-46fc-b1c8-a150812d27e3","createdAt":1510554857444,"updatedAt":1510554857444,"version":0},"corpBuilding":{"corporationId":"bf31f1a5-2660-46fc-b1c8-a150812d27e3","buildingId":"4b35bbaa-4da9-442e-8adf-ae7fbc656330","floor":4,"position":"E","status":1,"id":"b720d1b5-a333-4e3d-991a-8cf68966022c","createdAt":1510554857545,"updatedAt":1510554857545,"version":0,"building":{"name":"商务大厦南楼","address":"南","minfloor":1,"maxfloor":15,"status":1,"id":"4b35bbaa-4da9-442e-8adf-ae7fbc656330","createdAt":1510554856022,"updatedAt":1510554856022,"version":0}}},"actions":[]}],"total":4}
*************** response log end ***************

[2017-11-14 17:04:18.383] [INFO] resLogger - 
*************** response log start ***************
request method: GET
request originalUrl:  /api/user/?token=eyJhbGciOiJIUzI1NiIsInR5cCI6IkpXVCJ9.eyJkYXRhIjp7ImlkIjoiNzdlMGE0MWEtZWZiZC00NjI5LTg5YmEtODRiNzFmZTg2NmUxIiwibmFtZSI6ImFkbWluIiwiZ2VuZGVyIjp0cnVlLCJlbWFpbCI6IjM3ODMzODYyN0BxcS5jb20ifSwiaWF0IjoxNTEwNjQxODgwLCJleHAiOjE1MTA3MjgyODB9.oRw2_yYvfgDZfmGyAjOxL2o3aJAmB1j_BGBZnxBPRnQ
request client ip:  ::ffff:127.0.0.1
request query:  {"token":"eyJhbGciOiJIUzI1NiIsInR5cCI6IkpXVCJ9.eyJkYXRhIjp7ImlkIjoiNzdlMGE0MWEtZWZiZC00NjI5LTg5YmEtODRiNzFmZTg2NmUxIiwibmFtZSI6ImFkbWluIiwiZ2VuZGVyIjp0cnVlLCJlbWFpbCI6IjM3ODMzODYyN0BxcS5jb20ifSwiaWF0IjoxNTEwNjQxODgwLCJleHAiOjE1MTA3MjgyODB9.oRw2_yYvfgDZfmGyAjOxL2o3aJAmB1j_BGBZnxBPRnQ"}
response time: 111
response status: 200
response body: 
{"status":0,"data":{"name":"admin","email":"378338627@qq.com","phone":"15822927208","password":"$2a$10$oo3PUuyU2No4WRrDP/GUNOGsLUldeVjH6eH1q/N./UtbeNY1eJQx2","gender":true,"token":"eyJhbGciOiJIUzI1NiIsInR5cCI6IkpXVCJ9.eyJkYXRhIjp7ImlkIjoiNzdlMGE0MWEtZWZiZC00NjI5LTg5YmEtODRiNzFmZTg2NmUxIiwibmFtZSI6ImFkbWluIiwiZ2VuZGVyIjp0cnVlLCJlbWFpbCI6IjM3ODMzODYyN0BxcS5jb20ifSwiaWF0IjoxNTEwNjQxODgwLCJleHAiOjE1MTA3MjgyODB9.oRw2_yYvfgDZfmGyAjOxL2o3aJAmB1j_BGBZnxBPRnQ","canLogin":true,"status":1,"id":"77e0a41a-efbd-4629-89ba-84b71fe866e1","createdAt":1510554855636,"updatedAt":1510641881198,"version":2}}
*************** response log end ***************

[2017-11-14 17:04:18.731] [INFO] resLogger - 
*************** response log start ***************
request method: GET
request originalUrl:  /api/operation/list/page/1?token=eyJhbGciOiJIUzI1NiIsInR5cCI6IkpXVCJ9.eyJkYXRhIjp7ImlkIjoiNzdlMGE0MWEtZWZiZC00NjI5LTg5YmEtODRiNzFmZTg2NmUxIiwibmFtZSI6ImFkbWluIiwiZ2VuZGVyIjp0cnVlLCJlbWFpbCI6IjM3ODMzODYyN0BxcS5jb20ifSwiaWF0IjoxNTEwNjQxODgwLCJleHAiOjE1MTA3MjgyODB9.oRw2_yYvfgDZfmGyAjOxL2o3aJAmB1j_BGBZnxBPRnQ
request client ip:  ::ffff:127.0.0.1
request query:  {"token":"eyJhbGciOiJIUzI1NiIsInR5cCI6IkpXVCJ9.eyJkYXRhIjp7ImlkIjoiNzdlMGE0MWEtZWZiZC00NjI5LTg5YmEtODRiNzFmZTg2NmUxIiwibmFtZSI6ImFkbWluIiwiZ2VuZGVyIjp0cnVlLCJlbWFpbCI6IjM3ODMzODYyN0BxcS5jb20ifSwiaWF0IjoxNTEwNjQxODgwLCJleHAiOjE1MTA3MjgyODB9.oRw2_yYvfgDZfmGyAjOxL2o3aJAmB1j_BGBZnxBPRnQ"}
response time: 157
response status: 200
response body: 
{"status":0,"data":[{"orderId":"2a577a4b-a635-4f14-860f-9079b4255a0b","important":false,"op":"5f8ff83d-2e92-48d0-8448-f2812fb5232c","no":"20171113001","create_time":1510561864000,"remark":"2","status":1,"id":"88e34850-19aa-40b4-8414-b74223e8ebb1","createdAt":1510561948367,"updatedAt":1510561948367,"version":0,"order":{"no":"20171113000","custom_name":"刘孟","custom_phone":"15822927208","incoming_time":1510561864000,"custom_corporation":"bf31f1a5-2660-46fc-b1c8-a150812d27e3","custom_position":"b720d1b5-a333-4e3d-991a-8cf68966022c","remark":"小姐姐","status":1,"needs":"[object Object],[object Object],[object Object],[object Object]","id":"2a577a4b-a635-4f14-860f-9079b4255a0b","createdAt":1510561948275,"updatedAt":1510561948275,"version":0,"corporation":{"name":"建规局","description":"建规局","status":1,"groupId":"64cd3c35-1cbb-4978-8cb1-e4084bf567d6","id":"bf31f1a5-2660-46fc-b1c8-a150812d27e3","createdAt":1510554857444,"updatedAt":1510554857444,"version":0},"corpBuilding":{"corporationId":"bf31f1a5-2660-46fc-b1c8-a150812d27e3","buildingId":"4b35bbaa-4da9-442e-8adf-ae7fbc656330","floor":4,"position":"E","status":1,"id":"b720d1b5-a333-4e3d-991a-8cf68966022c","createdAt":1510554857545,"updatedAt":1510554857545,"version":0,"building":{"name":"商务大厦南楼","address":"南","minfloor":1,"maxfloor":15,"status":1,"id":"4b35bbaa-4da9-442e-8adf-ae7fbc656330","createdAt":1510554856022,"updatedAt":1510554856022,"version":0}}},"actions":[{"operationId":"88e34850-19aa-40b4-8414-b74223e8ebb1","call_time":1510561864000,"start_time":null,"end_time":null,"worker":"77e0a41a-efbd-4629-89ba-84b71fe866e1","operationStart":0,"operationComplete":0,"status":1,"id":"420f6d69-0391-4b77-9366-6d15d89f06f5","createdAt":1510561948464,"updatedAt":1510561948464,"version":0,"user":{"name":"admin","email":"378338627@qq.com","phone":"15822927208","password":"$2a$10$oo3PUuyU2No4WRrDP/GUNOGsLUldeVjH6eH1q/N./UtbeNY1eJQx2","gender":true,"token":"eyJhbGciOiJIUzI1NiIsInR5cCI6IkpXVCJ9.eyJkYXRhIjp7ImlkIjoiNzdlMGE0MWEtZWZiZC00NjI5LTg5YmEtODRiNzFmZTg2NmUxIiwibmFtZSI6ImFkbWluIiwiZ2VuZGVyIjp0cnVlLCJlbWFpbCI6IjM3ODMzODYyN0BxcS5jb20ifSwiaWF0IjoxNTEwNjQxODgwLCJleHAiOjE1MTA3MjgyODB9.oRw2_yYvfgDZfmGyAjOxL2o3aJAmB1j_BGBZnxBPRnQ","canLogin":true,"status":1,"id":"77e0a41a-efbd-4629-89ba-84b71fe866e1","createdAt":1510554855636,"updatedAt":1510641881198,"version":2}}]},{"orderId":"2a577a4b-a635-4f14-860f-9079b4255a0b","important":true,"op":"39ddbba6-9953-48d2-b5ee-ea03cc10cc42","no":"20171113002","create_time":1510561864000,"remark":"3","status":1,"id":"5b91b199-104c-4c1c-b1aa-f4f0b62d0bd7","createdAt":1510561948367,"updatedAt":1510561948367,"version":0,"order":{"no":"20171113000","custom_name":"刘孟","custom_phone":"15822927208","incoming_time":1510561864000,"custom_corporation":"bf31f1a5-2660-46fc-b1c8-a150812d27e3","custom_position":"b720d1b5-a333-4e3d-991a-8cf68966022c","remark":"小姐姐","status":1,"needs":"[object Object],[object Object],[object Object],[object Object]","id":"2a577a4b-a635-4f14-860f-9079b4255a0b","createdAt":1510561948275,"updatedAt":1510561948275,"version":0,"corporation":{"name":"建规局","description":"建规局","status":1,"groupId":"64cd3c35-1cbb-4978-8cb1-e4084bf567d6","id":"bf31f1a5-2660-46fc-b1c8-a150812d27e3","createdAt":1510554857444,"updatedAt":1510554857444,"version":0},"corpBuilding":{"corporationId":"bf31f1a5-2660-46fc-b1c8-a150812d27e3","buildingId":"4b35bbaa-4da9-442e-8adf-ae7fbc656330","floor":4,"position":"E","status":1,"id":"b720d1b5-a333-4e3d-991a-8cf68966022c","createdAt":1510554857545,"updatedAt":1510554857545,"version":0,"building":{"name":"商务大厦南楼","address":"南","minfloor":1,"maxfloor":15,"status":1,"id":"4b35bbaa-4da9-442e-8adf-ae7fbc656330","createdAt":1510554856022,"updatedAt":1510554856022,"version":0}}},"actions":[{"operationId":"5b91b199-104c-4c1c-b1aa-f4f0b62d0bd7","call_time":1510561864000,"start_time":1510565464000,"end_time":null,"worker":"77e0a41a-efbd-4629-89ba-84b71fe866e1","operationStart":1,"operationComplete":0,"status":1,"id":"7ffd1791-ef6f-413a-b659-f57e9bfd17c4","createdAt":1510561948464,"updatedAt":1510561948464,"version":0,"user":{"name":"admin","email":"378338627@qq.com","phone":"15822927208","password":"$2a$10$oo3PUuyU2No4WRrDP/GUNOGsLUldeVjH6eH1q/N./UtbeNY1eJQx2","gender":true,"token":"eyJhbGciOiJIUzI1NiIsInR5cCI6IkpXVCJ9.eyJkYXRhIjp7ImlkIjoiNzdlMGE0MWEtZWZiZC00NjI5LTg5YmEtODRiNzFmZTg2NmUxIiwibmFtZSI6ImFkbWluIiwiZ2VuZGVyIjp0cnVlLCJlbWFpbCI6IjM3ODMzODYyN0BxcS5jb20ifSwiaWF0IjoxNTEwNjQxODgwLCJleHAiOjE1MTA3MjgyODB9.oRw2_yYvfgDZfmGyAjOxL2o3aJAmB1j_BGBZnxBPRnQ","canLogin":true,"status":1,"id":"77e0a41a-efbd-4629-89ba-84b71fe866e1","createdAt":1510554855636,"updatedAt":1510641881198,"version":2}}]},{"orderId":"2a577a4b-a635-4f14-860f-9079b4255a0b","important":false,"op":"3f6d6158-d365-4d40-b4d4-e47e4a17094f","no":"20171113003","create_time":1510561864000,"remark":"4","status":1,"id":"81e639aa-d233-4b30-bbc8-84a14820491a","createdAt":1510561948367,"updatedAt":1510561948367,"version":0,"order":{"no":"20171113000","custom_name":"刘孟","custom_phone":"15822927208","incoming_time":1510561864000,"custom_corporation":"bf31f1a5-2660-46fc-b1c8-a150812d27e3","custom_position":"b720d1b5-a333-4e3d-991a-8cf68966022c","remark":"小姐姐","status":1,"needs":"[object Object],[object Object],[object Object],[object Object]","id":"2a577a4b-a635-4f14-860f-9079b4255a0b","createdAt":1510561948275,"updatedAt":1510561948275,"version":0,"corporation":{"name":"建规局","description":"建规局","status":1,"groupId":"64cd3c35-1cbb-4978-8cb1-e4084bf567d6","id":"bf31f1a5-2660-46fc-b1c8-a150812d27e3","createdAt":1510554857444,"updatedAt":1510554857444,"version":0},"corpBuilding":{"corporationId":"bf31f1a5-2660-46fc-b1c8-a150812d27e3","buildingId":"4b35bbaa-4da9-442e-8adf-ae7fbc656330","floor":4,"position":"E","status":1,"id":"b720d1b5-a333-4e3d-991a-8cf68966022c","createdAt":1510554857545,"updatedAt":1510554857545,"version":0,"building":{"name":"商务大厦南楼","address":"南","minfloor":1,"maxfloor":15,"status":1,"id":"4b35bbaa-4da9-442e-8adf-ae7fbc656330","createdAt":1510554856022,"updatedAt":1510554856022,"version":0}}},"actions":[{"operationId":"81e639aa-d233-4b30-bbc8-84a14820491a","call_time":1510561864000,"start_time":1510565464000,"end_time":1510569064000,"worker":"77e0a41a-efbd-4629-89ba-84b71fe866e1","operationStart":1,"operationComplete":1,"status":1,"id":"ac354ef5-f7d8-4c3e-ba98-cdf7e4849258","createdAt":1510561948464,"updatedAt":1510561948464,"version":0,"user":{"name":"admin","email":"378338627@qq.com","phone":"15822927208","password":"$2a$10$oo3PUuyU2No4WRrDP/GUNOGsLUldeVjH6eH1q/N./UtbeNY1eJQx2","gender":true,"token":"eyJhbGciOiJIUzI1NiIsInR5cCI6IkpXVCJ9.eyJkYXRhIjp7ImlkIjoiNzdlMGE0MWEtZWZiZC00NjI5LTg5YmEtODRiNzFmZTg2NmUxIiwibmFtZSI6ImFkbWluIiwiZ2VuZGVyIjp0cnVlLCJlbWFpbCI6IjM3ODMzODYyN0BxcS5jb20ifSwiaWF0IjoxNTEwNjQxODgwLCJleHAiOjE1MTA3MjgyODB9.oRw2_yYvfgDZfmGyAjOxL2o3aJAmB1j_BGBZnxBPRnQ","canLogin":true,"status":1,"id":"77e0a41a-efbd-4629-89ba-84b71fe866e1","createdAt":1510554855636,"updatedAt":1510641881198,"version":2}}]},{"orderId":"2a577a4b-a635-4f14-860f-9079b4255a0b","important":true,"op":"a7a82216-4740-49fd-a0d4-ebcc8ea257c8","no":"20171113000","create_time":1510561864000,"remark":"1","status":1,"id":"c8a511ff-8ac3-49af-8798-852f39ab1694","createdAt":1510561948366,"updatedAt":1510561948366,"version":0,"order":{"no":"20171113000","custom_name":"刘孟","custom_phone":"15822927208","incoming_time":1510561864000,"custom_corporation":"bf31f1a5-2660-46fc-b1c8-a150812d27e3","custom_position":"b720d1b5-a333-4e3d-991a-8cf68966022c","remark":"小姐姐","status":1,"needs":"[object Object],[object Object],[object Object],[object Object]","id":"2a577a4b-a635-4f14-860f-9079b4255a0b","createdAt":1510561948275,"updatedAt":1510561948275,"version":0,"corporation":{"name":"建规局","description":"建规局","status":1,"groupId":"64cd3c35-1cbb-4978-8cb1-e4084bf567d6","id":"bf31f1a5-2660-46fc-b1c8-a150812d27e3","createdAt":1510554857444,"updatedAt":1510554857444,"version":0},"corpBuilding":{"corporationId":"bf31f1a5-2660-46fc-b1c8-a150812d27e3","buildingId":"4b35bbaa-4da9-442e-8adf-ae7fbc656330","floor":4,"position":"E","status":1,"id":"b720d1b5-a333-4e3d-991a-8cf68966022c","createdAt":1510554857545,"updatedAt":1510554857545,"version":0,"building":{"name":"商务大厦南楼","address":"南","minfloor":1,"maxfloor":15,"status":1,"id":"4b35bbaa-4da9-442e-8adf-ae7fbc656330","createdAt":1510554856022,"updatedAt":1510554856022,"version":0}}},"actions":[]}],"total":4}
*************** response log end ***************

[2017-11-14 17:04:21.776] [INFO] resLogger - 
*************** response log start ***************
request method: GET
request originalUrl:  /api/operation/c8a511ff-8ac3-49af-8798-852f39ab1694?token=eyJhbGciOiJIUzI1NiIsInR5cCI6IkpXVCJ9.eyJkYXRhIjp7ImlkIjoiNzdlMGE0MWEtZWZiZC00NjI5LTg5YmEtODRiNzFmZTg2NmUxIiwibmFtZSI6ImFkbWluIiwiZ2VuZGVyIjp0cnVlLCJlbWFpbCI6IjM3ODMzODYyN0BxcS5jb20ifSwiaWF0IjoxNTEwNjQxODgwLCJleHAiOjE1MTA3MjgyODB9.oRw2_yYvfgDZfmGyAjOxL2o3aJAmB1j_BGBZnxBPRnQ
request client ip:  ::ffff:127.0.0.1
request query:  {"token":"eyJhbGciOiJIUzI1NiIsInR5cCI6IkpXVCJ9.eyJkYXRhIjp7ImlkIjoiNzdlMGE0MWEtZWZiZC00NjI5LTg5YmEtODRiNzFmZTg2NmUxIiwibmFtZSI6ImFkbWluIiwiZ2VuZGVyIjp0cnVlLCJlbWFpbCI6IjM3ODMzODYyN0BxcS5jb20ifSwiaWF0IjoxNTEwNjQxODgwLCJleHAiOjE1MTA3MjgyODB9.oRw2_yYvfgDZfmGyAjOxL2o3aJAmB1j_BGBZnxBPRnQ"}
response time: 144
response status: 200
response body: 
{"status":0,"data":{"orderId":"2a577a4b-a635-4f14-860f-9079b4255a0b","important":true,"op":"a7a82216-4740-49fd-a0d4-ebcc8ea257c8","no":"20171113000","create_time":1510561864000,"remark":"1","status":1,"id":"c8a511ff-8ac3-49af-8798-852f39ab1694","createdAt":1510561948366,"updatedAt":1510561948366,"version":0,"order":{"no":"20171113000","custom_name":"刘孟","custom_phone":"15822927208","incoming_time":1510561864000,"custom_corporation":"bf31f1a5-2660-46fc-b1c8-a150812d27e3","custom_position":"b720d1b5-a333-4e3d-991a-8cf68966022c","remark":"小姐姐","status":1,"needs":"[object Object],[object Object],[object Object],[object Object]","id":"2a577a4b-a635-4f14-860f-9079b4255a0b","createdAt":1510561948275,"updatedAt":1510561948275,"version":0,"corporation":{"name":"建规局","description":"建规局","status":1,"groupId":"64cd3c35-1cbb-4978-8cb1-e4084bf567d6","id":"bf31f1a5-2660-46fc-b1c8-a150812d27e3","createdAt":1510554857444,"updatedAt":1510554857444,"version":0},"corpBuilding":{"corporationId":"bf31f1a5-2660-46fc-b1c8-a150812d27e3","buildingId":"4b35bbaa-4da9-442e-8adf-ae7fbc656330","floor":4,"position":"E","status":1,"id":"b720d1b5-a333-4e3d-991a-8cf68966022c","createdAt":1510554857545,"updatedAt":1510554857545,"version":0,"building":{"name":"商务大厦南楼","address":"南","minfloor":1,"maxfloor":15,"status":1,"id":"4b35bbaa-4da9-442e-8adf-ae7fbc656330","createdAt":1510554856022,"updatedAt":1510554856022,"version":0}}},"businessContent":{"type":"HARDWARE","equipment":"笔记本电脑","operation":"NOTSTART","weight":5,"remark":"","status":1,"id":"a7a82216-4740-49fd-a0d4-ebcc8ea257c8","createdAt":1510554861454,"updatedAt":1510554861454,"version":0,"equipType":{"name":"硬件","code":"HARDWARE","id":"6289bff3-8ff4-4d8b-a5b7-2ac2c2eeecf8","createdAt":1510554859260,"updatedAt":1510554859260,"version":0},"equipOp":{"name":"无法开机","code":"NOTSTART","id":"5249914f-c93a-466a-804d-b407709886a9","createdAt":1510554859799,"updatedAt":1510554859799,"version":0}},"actions":[]}}
*************** response log end ***************

[2017-11-14 17:04:21.972] [INFO] resLogger - 
*************** response log start ***************
request method: GET
request originalUrl:  /api/equipType/list?token=eyJhbGciOiJIUzI1NiIsInR5cCI6IkpXVCJ9.eyJkYXRhIjp7ImlkIjoiNzdlMGE0MWEtZWZiZC00NjI5LTg5YmEtODRiNzFmZTg2NmUxIiwibmFtZSI6ImFkbWluIiwiZ2VuZGVyIjp0cnVlLCJlbWFpbCI6IjM3ODMzODYyN0BxcS5jb20ifSwiaWF0IjoxNTEwNjQxODgwLCJleHAiOjE1MTA3MjgyODB9.oRw2_yYvfgDZfmGyAjOxL2o3aJAmB1j_BGBZnxBPRnQ
request client ip:  ::ffff:127.0.0.1
request query:  {"token":"eyJhbGciOiJIUzI1NiIsInR5cCI6IkpXVCJ9.eyJkYXRhIjp7ImlkIjoiNzdlMGE0MWEtZWZiZC00NjI5LTg5YmEtODRiNzFmZTg2NmUxIiwibmFtZSI6ImFkbWluIiwiZ2VuZGVyIjp0cnVlLCJlbWFpbCI6IjM3ODMzODYyN0BxcS5jb20ifSwiaWF0IjoxNTEwNjQxODgwLCJleHAiOjE1MTA3MjgyODB9.oRw2_yYvfgDZfmGyAjOxL2o3aJAmB1j_BGBZnxBPRnQ"}
response time: 194
response status: 200
response body: 
{"status":0,"data":[{"name":"网络","code":"NETWORK","id":"da4cbfc1-a216-4019-ba18-12744a8fac7e","createdAt":1510554859442,"updatedAt":1510554859442,"version":0},{"name":"软件","code":"SOFTWARE","id":"04225cd9-76de-44fc-a2e7-4d956a5fd0ab","createdAt":1510554859350,"updatedAt":1510554859350,"version":0},{"name":"硬件","code":"HARDWARE","id":"6289bff3-8ff4-4d8b-a5b7-2ac2c2eeecf8","createdAt":1510554859260,"updatedAt":1510554859260,"version":0}]}
*************** response log end ***************

[2017-11-14 17:04:22.093] [INFO] resLogger - 
*************** response log start ***************
request method: GET
request originalUrl:  /api/business/getequip/get/HARDWARE?token=eyJhbGciOiJIUzI1NiIsInR5cCI6IkpXVCJ9.eyJkYXRhIjp7ImlkIjoiNzdlMGE0MWEtZWZiZC00NjI5LTg5YmEtODRiNzFmZTg2NmUxIiwibmFtZSI6ImFkbWluIiwiZ2VuZGVyIjp0cnVlLCJlbWFpbCI6IjM3ODMzODYyN0BxcS5jb20ifSwiaWF0IjoxNTEwNjQxODgwLCJleHAiOjE1MTA3MjgyODB9.oRw2_yYvfgDZfmGyAjOxL2o3aJAmB1j_BGBZnxBPRnQ
request client ip:  ::ffff:127.0.0.1
request query:  {"token":"eyJhbGciOiJIUzI1NiIsInR5cCI6IkpXVCJ9.eyJkYXRhIjp7ImlkIjoiNzdlMGE0MWEtZWZiZC00NjI5LTg5YmEtODRiNzFmZTg2NmUxIiwibmFtZSI6ImFkbWluIiwiZ2VuZGVyIjp0cnVlLCJlbWFpbCI6IjM3ODMzODYyN0BxcS5jb20ifSwiaWF0IjoxNTEwNjQxODgwLCJleHAiOjE1MTA3MjgyODB9.oRw2_yYvfgDZfmGyAjOxL2o3aJAmB1j_BGBZnxBPRnQ"}
response time: 73
response status: 200
response body: 
{"status":0,"data":[{"equipment":"打印机"},{"equipment":"电脑"},{"equipment":"电话"},{"equipment":"笔记本电脑"}]}
*************** response log end ***************

[2017-11-14 17:04:22.256] [INFO] resLogger - 
*************** response log start ***************
request method: GET
request originalUrl:  /api/business/list?token=eyJhbGciOiJIUzI1NiIsInR5cCI6IkpXVCJ9.eyJkYXRhIjp7ImlkIjoiNzdlMGE0MWEtZWZiZC00NjI5LTg5YmEtODRiNzFmZTg2NmUxIiwibmFtZSI6ImFkbWluIiwiZ2VuZGVyIjp0cnVlLCJlbWFpbCI6IjM3ODMzODYyN0BxcS5jb20ifSwiaWF0IjoxNTEwNjQxODgwLCJleHAiOjE1MTA3MjgyODB9.oRw2_yYvfgDZfmGyAjOxL2o3aJAmB1j_BGBZnxBPRnQ&type=HARDWARE&equipment=%E7%AC%94%E8%AE%B0%E6%9C%AC%E7%94%B5%E8%84%91
request client ip:  ::ffff:127.0.0.1
request query:  {"token":"eyJhbGciOiJIUzI1NiIsInR5cCI6IkpXVCJ9.eyJkYXRhIjp7ImlkIjoiNzdlMGE0MWEtZWZiZC00NjI5LTg5YmEtODRiNzFmZTg2NmUxIiwibmFtZSI6ImFkbWluIiwiZ2VuZGVyIjp0cnVlLCJlbWFpbCI6IjM3ODMzODYyN0BxcS5jb20ifSwiaWF0IjoxNTEwNjQxODgwLCJleHAiOjE1MTA3MjgyODB9.oRw2_yYvfgDZfmGyAjOxL2o3aJAmB1j_BGBZnxBPRnQ","type":"HARDWARE","equipment":"笔记本电脑"}
response time: 134
response status: 200
response body: 
{"status":0,"data":[{"type":"HARDWARE","equipment":"笔记本电脑","operation":"FIX","weight":5,"remark":"","status":1,"id":"6c2c91a5-63db-4420-9c97-ae3fe6ee09bb","createdAt":1510554861625,"updatedAt":1510554861625,"version":0,"equipType":{"name":"硬件","code":"HARDWARE","id":"6289bff3-8ff4-4d8b-a5b7-2ac2c2eeecf8","createdAt":1510554859260,"updatedAt":1510554859260,"version":0},"equipOp":{"name":"故障","code":"FIX","id":"bb254d6b-6c81-4070-8d41-5c95fba5d52c","createdAt":1510554859626,"updatedAt":1510554859626,"version":0}},{"type":"HARDWARE","equipment":"笔记本电脑","operation":"SETUP","weight":5,"remark":"","status":1,"id":"c98b96bb-37d9-4ab8-83b1-069d9eb15291","createdAt":1510554861536,"updatedAt":1510554861536,"version":0,"equipType":{"name":"硬件","code":"HARDWARE","id":"6289bff3-8ff4-4d8b-a5b7-2ac2c2eeecf8","createdAt":1510554859260,"updatedAt":1510554859260,"version":0},"equipOp":{"name":"安装","code":"SETUP","id":"6e1a9c23-6a3d-42b3-897f-603bf4e12396","createdAt":1510554859537,"updatedAt":1510554859537,"version":0}},{"type":"HARDWARE","equipment":"笔记本电脑","operation":"NOTSTART","weight":5,"remark":"","status":1,"id":"a7a82216-4740-49fd-a0d4-ebcc8ea257c8","createdAt":1510554861454,"updatedAt":1510554861454,"version":0,"equipType":{"name":"硬件","code":"HARDWARE","id":"6289bff3-8ff4-4d8b-a5b7-2ac2c2eeecf8","createdAt":1510554859260,"updatedAt":1510554859260,"version":0},"equipOp":{"name":"无法开机","code":"NOTSTART","id":"5249914f-c93a-466a-804d-b407709886a9","createdAt":1510554859799,"updatedAt":1510554859799,"version":0}}],"total":3}
*************** response log end ***************

[2017-11-14 17:05:01.991] [INFO] resLogger - 
*************** response log start ***************
request method: GET
request originalUrl:  /api/user/?token=eyJhbGciOiJIUzI1NiIsInR5cCI6IkpXVCJ9.eyJkYXRhIjp7ImlkIjoiNzdlMGE0MWEtZWZiZC00NjI5LTg5YmEtODRiNzFmZTg2NmUxIiwibmFtZSI6ImFkbWluIiwiZ2VuZGVyIjp0cnVlLCJlbWFpbCI6IjM3ODMzODYyN0BxcS5jb20ifSwiaWF0IjoxNTEwNjQxODgwLCJleHAiOjE1MTA3MjgyODB9.oRw2_yYvfgDZfmGyAjOxL2o3aJAmB1j_BGBZnxBPRnQ
request client ip:  ::ffff:127.0.0.1
request query:  {"token":"eyJhbGciOiJIUzI1NiIsInR5cCI6IkpXVCJ9.eyJkYXRhIjp7ImlkIjoiNzdlMGE0MWEtZWZiZC00NjI5LTg5YmEtODRiNzFmZTg2NmUxIiwibmFtZSI6ImFkbWluIiwiZ2VuZGVyIjp0cnVlLCJlbWFpbCI6IjM3ODMzODYyN0BxcS5jb20ifSwiaWF0IjoxNTEwNjQxODgwLCJleHAiOjE1MTA3MjgyODB9.oRw2_yYvfgDZfmGyAjOxL2o3aJAmB1j_BGBZnxBPRnQ"}
response time: 115
response status: 200
response body: 
{"status":0,"data":{"name":"admin","email":"378338627@qq.com","phone":"15822927208","password":"$2a$10$oo3PUuyU2No4WRrDP/GUNOGsLUldeVjH6eH1q/N./UtbeNY1eJQx2","gender":true,"token":"eyJhbGciOiJIUzI1NiIsInR5cCI6IkpXVCJ9.eyJkYXRhIjp7ImlkIjoiNzdlMGE0MWEtZWZiZC00NjI5LTg5YmEtODRiNzFmZTg2NmUxIiwibmFtZSI6ImFkbWluIiwiZ2VuZGVyIjp0cnVlLCJlbWFpbCI6IjM3ODMzODYyN0BxcS5jb20ifSwiaWF0IjoxNTEwNjQxODgwLCJleHAiOjE1MTA3MjgyODB9.oRw2_yYvfgDZfmGyAjOxL2o3aJAmB1j_BGBZnxBPRnQ","canLogin":true,"status":1,"id":"77e0a41a-efbd-4629-89ba-84b71fe866e1","createdAt":1510554855636,"updatedAt":1510641881198,"version":2}}
*************** response log end ***************

[2017-11-14 17:05:02.346] [INFO] resLogger - 
*************** response log start ***************
request method: GET
request originalUrl:  /api/operation/c8a511ff-8ac3-49af-8798-852f39ab1694?token=eyJhbGciOiJIUzI1NiIsInR5cCI6IkpXVCJ9.eyJkYXRhIjp7ImlkIjoiNzdlMGE0MWEtZWZiZC00NjI5LTg5YmEtODRiNzFmZTg2NmUxIiwibmFtZSI6ImFkbWluIiwiZ2VuZGVyIjp0cnVlLCJlbWFpbCI6IjM3ODMzODYyN0BxcS5jb20ifSwiaWF0IjoxNTEwNjQxODgwLCJleHAiOjE1MTA3MjgyODB9.oRw2_yYvfgDZfmGyAjOxL2o3aJAmB1j_BGBZnxBPRnQ
request client ip:  ::ffff:127.0.0.1
request query:  {"token":"eyJhbGciOiJIUzI1NiIsInR5cCI6IkpXVCJ9.eyJkYXRhIjp7ImlkIjoiNzdlMGE0MWEtZWZiZC00NjI5LTg5YmEtODRiNzFmZTg2NmUxIiwibmFtZSI6ImFkbWluIiwiZ2VuZGVyIjp0cnVlLCJlbWFpbCI6IjM3ODMzODYyN0BxcS5jb20ifSwiaWF0IjoxNTEwNjQxODgwLCJleHAiOjE1MTA3MjgyODB9.oRw2_yYvfgDZfmGyAjOxL2o3aJAmB1j_BGBZnxBPRnQ"}
response time: 124
response status: 200
response body: 
{"status":0,"data":{"orderId":"2a577a4b-a635-4f14-860f-9079b4255a0b","important":true,"op":"a7a82216-4740-49fd-a0d4-ebcc8ea257c8","no":"20171113000","create_time":1510561864000,"remark":"1","status":1,"id":"c8a511ff-8ac3-49af-8798-852f39ab1694","createdAt":1510561948366,"updatedAt":1510561948366,"version":0,"order":{"no":"20171113000","custom_name":"刘孟","custom_phone":"15822927208","incoming_time":1510561864000,"custom_corporation":"bf31f1a5-2660-46fc-b1c8-a150812d27e3","custom_position":"b720d1b5-a333-4e3d-991a-8cf68966022c","remark":"小姐姐","status":1,"needs":"[object Object],[object Object],[object Object],[object Object]","id":"2a577a4b-a635-4f14-860f-9079b4255a0b","createdAt":1510561948275,"updatedAt":1510561948275,"version":0,"corporation":{"name":"建规局","description":"建规局","status":1,"groupId":"64cd3c35-1cbb-4978-8cb1-e4084bf567d6","id":"bf31f1a5-2660-46fc-b1c8-a150812d27e3","createdAt":1510554857444,"updatedAt":1510554857444,"version":0},"corpBuilding":{"corporationId":"bf31f1a5-2660-46fc-b1c8-a150812d27e3","buildingId":"4b35bbaa-4da9-442e-8adf-ae7fbc656330","floor":4,"position":"E","status":1,"id":"b720d1b5-a333-4e3d-991a-8cf68966022c","createdAt":1510554857545,"updatedAt":1510554857545,"version":0,"building":{"name":"商务大厦南楼","address":"南","minfloor":1,"maxfloor":15,"status":1,"id":"4b35bbaa-4da9-442e-8adf-ae7fbc656330","createdAt":1510554856022,"updatedAt":1510554856022,"version":0}}},"businessContent":{"type":"HARDWARE","equipment":"笔记本电脑","operation":"NOTSTART","weight":5,"remark":"","status":1,"id":"a7a82216-4740-49fd-a0d4-ebcc8ea257c8","createdAt":1510554861454,"updatedAt":1510554861454,"version":0,"equipType":{"name":"硬件","code":"HARDWARE","id":"6289bff3-8ff4-4d8b-a5b7-2ac2c2eeecf8","createdAt":1510554859260,"updatedAt":1510554859260,"version":0},"equipOp":{"name":"无法开机","code":"NOTSTART","id":"5249914f-c93a-466a-804d-b407709886a9","createdAt":1510554859799,"updatedAt":1510554859799,"version":0}},"actions":[]}}
*************** response log end ***************

[2017-11-14 17:05:02.405] [INFO] resLogger - 
*************** response log start ***************
request method: GET
request originalUrl:  /api/equipType/list?token=eyJhbGciOiJIUzI1NiIsInR5cCI6IkpXVCJ9.eyJkYXRhIjp7ImlkIjoiNzdlMGE0MWEtZWZiZC00NjI5LTg5YmEtODRiNzFmZTg2NmUxIiwibmFtZSI6ImFkbWluIiwiZ2VuZGVyIjp0cnVlLCJlbWFpbCI6IjM3ODMzODYyN0BxcS5jb20ifSwiaWF0IjoxNTEwNjQxODgwLCJleHAiOjE1MTA3MjgyODB9.oRw2_yYvfgDZfmGyAjOxL2o3aJAmB1j_BGBZnxBPRnQ
request client ip:  ::ffff:127.0.0.1
request query:  {"token":"eyJhbGciOiJIUzI1NiIsInR5cCI6IkpXVCJ9.eyJkYXRhIjp7ImlkIjoiNzdlMGE0MWEtZWZiZC00NjI5LTg5YmEtODRiNzFmZTg2NmUxIiwibmFtZSI6ImFkbWluIiwiZ2VuZGVyIjp0cnVlLCJlbWFpbCI6IjM3ODMzODYyN0BxcS5jb20ifSwiaWF0IjoxNTEwNjQxODgwLCJleHAiOjE1MTA3MjgyODB9.oRw2_yYvfgDZfmGyAjOxL2o3aJAmB1j_BGBZnxBPRnQ"}
response time: 56
response status: 200
response body: 
{"status":0,"data":[{"name":"网络","code":"NETWORK","id":"da4cbfc1-a216-4019-ba18-12744a8fac7e","createdAt":1510554859442,"updatedAt":1510554859442,"version":0},{"name":"软件","code":"SOFTWARE","id":"04225cd9-76de-44fc-a2e7-4d956a5fd0ab","createdAt":1510554859350,"updatedAt":1510554859350,"version":0},{"name":"硬件","code":"HARDWARE","id":"6289bff3-8ff4-4d8b-a5b7-2ac2c2eeecf8","createdAt":1510554859260,"updatedAt":1510554859260,"version":0}]}
*************** response log end ***************

[2017-11-14 17:05:02.556] [INFO] resLogger - 
*************** response log start ***************
request method: GET
request originalUrl:  /api/business/getequip/get/HARDWARE?token=eyJhbGciOiJIUzI1NiIsInR5cCI6IkpXVCJ9.eyJkYXRhIjp7ImlkIjoiNzdlMGE0MWEtZWZiZC00NjI5LTg5YmEtODRiNzFmZTg2NmUxIiwibmFtZSI6ImFkbWluIiwiZ2VuZGVyIjp0cnVlLCJlbWFpbCI6IjM3ODMzODYyN0BxcS5jb20ifSwiaWF0IjoxNTEwNjQxODgwLCJleHAiOjE1MTA3MjgyODB9.oRw2_yYvfgDZfmGyAjOxL2o3aJAmB1j_BGBZnxBPRnQ
request client ip:  ::ffff:127.0.0.1
request query:  {"token":"eyJhbGciOiJIUzI1NiIsInR5cCI6IkpXVCJ9.eyJkYXRhIjp7ImlkIjoiNzdlMGE0MWEtZWZiZC00NjI5LTg5YmEtODRiNzFmZTg2NmUxIiwibmFtZSI6ImFkbWluIiwiZ2VuZGVyIjp0cnVlLCJlbWFpbCI6IjM3ODMzODYyN0BxcS5jb20ifSwiaWF0IjoxNTEwNjQxODgwLCJleHAiOjE1MTA3MjgyODB9.oRw2_yYvfgDZfmGyAjOxL2o3aJAmB1j_BGBZnxBPRnQ"}
response time: 51
response status: 200
response body: 
{"status":0,"data":[{"equipment":"打印机"},{"equipment":"电脑"},{"equipment":"电话"},{"equipment":"笔记本电脑"}]}
*************** response log end ***************

[2017-11-14 17:05:02.724] [INFO] resLogger - 
*************** response log start ***************
request method: GET
request originalUrl:  /api/business/list?token=eyJhbGciOiJIUzI1NiIsInR5cCI6IkpXVCJ9.eyJkYXRhIjp7ImlkIjoiNzdlMGE0MWEtZWZiZC00NjI5LTg5YmEtODRiNzFmZTg2NmUxIiwibmFtZSI6ImFkbWluIiwiZ2VuZGVyIjp0cnVlLCJlbWFpbCI6IjM3ODMzODYyN0BxcS5jb20ifSwiaWF0IjoxNTEwNjQxODgwLCJleHAiOjE1MTA3MjgyODB9.oRw2_yYvfgDZfmGyAjOxL2o3aJAmB1j_BGBZnxBPRnQ&type=HARDWARE&equipment=%E7%AC%94%E8%AE%B0%E6%9C%AC%E7%94%B5%E8%84%91
request client ip:  ::ffff:127.0.0.1
request query:  {"token":"eyJhbGciOiJIUzI1NiIsInR5cCI6IkpXVCJ9.eyJkYXRhIjp7ImlkIjoiNzdlMGE0MWEtZWZiZC00NjI5LTg5YmEtODRiNzFmZTg2NmUxIiwibmFtZSI6ImFkbWluIiwiZ2VuZGVyIjp0cnVlLCJlbWFpbCI6IjM3ODMzODYyN0BxcS5jb20ifSwiaWF0IjoxNTEwNjQxODgwLCJleHAiOjE1MTA3MjgyODB9.oRw2_yYvfgDZfmGyAjOxL2o3aJAmB1j_BGBZnxBPRnQ","type":"HARDWARE","equipment":"笔记本电脑"}
response time: 76
response status: 200
response body: 
{"status":0,"data":[{"type":"HARDWARE","equipment":"笔记本电脑","operation":"FIX","weight":5,"remark":"","status":1,"id":"6c2c91a5-63db-4420-9c97-ae3fe6ee09bb","createdAt":1510554861625,"updatedAt":1510554861625,"version":0,"equipType":{"name":"硬件","code":"HARDWARE","id":"6289bff3-8ff4-4d8b-a5b7-2ac2c2eeecf8","createdAt":1510554859260,"updatedAt":1510554859260,"version":0},"equipOp":{"name":"故障","code":"FIX","id":"bb254d6b-6c81-4070-8d41-5c95fba5d52c","createdAt":1510554859626,"updatedAt":1510554859626,"version":0}},{"type":"HARDWARE","equipment":"笔记本电脑","operation":"SETUP","weight":5,"remark":"","status":1,"id":"c98b96bb-37d9-4ab8-83b1-069d9eb15291","createdAt":1510554861536,"updatedAt":1510554861536,"version":0,"equipType":{"name":"硬件","code":"HARDWARE","id":"6289bff3-8ff4-4d8b-a5b7-2ac2c2eeecf8","createdAt":1510554859260,"updatedAt":1510554859260,"version":0},"equipOp":{"name":"安装","code":"SETUP","id":"6e1a9c23-6a3d-42b3-897f-603bf4e12396","createdAt":1510554859537,"updatedAt":1510554859537,"version":0}},{"type":"HARDWARE","equipment":"笔记本电脑","operation":"NOTSTART","weight":5,"remark":"","status":1,"id":"a7a82216-4740-49fd-a0d4-ebcc8ea257c8","createdAt":1510554861454,"updatedAt":1510554861454,"version":0,"equipType":{"name":"硬件","code":"HARDWARE","id":"6289bff3-8ff4-4d8b-a5b7-2ac2c2eeecf8","createdAt":1510554859260,"updatedAt":1510554859260,"version":0},"equipOp":{"name":"无法开机","code":"NOTSTART","id":"5249914f-c93a-466a-804d-b407709886a9","createdAt":1510554859799,"updatedAt":1510554859799,"version":0}}],"total":3}
*************** response log end ***************

[2017-11-14 17:18:15.216] [INFO] resLogger - 
*************** response log start ***************
request method: GET
request originalUrl:  /api/user/?token=eyJhbGciOiJIUzI1NiIsInR5cCI6IkpXVCJ9.eyJkYXRhIjp7ImlkIjoiNzdlMGE0MWEtZWZiZC00NjI5LTg5YmEtODRiNzFmZTg2NmUxIiwibmFtZSI6ImFkbWluIiwiZ2VuZGVyIjp0cnVlLCJlbWFpbCI6IjM3ODMzODYyN0BxcS5jb20ifSwiaWF0IjoxNTEwNjQxODgwLCJleHAiOjE1MTA3MjgyODB9.oRw2_yYvfgDZfmGyAjOxL2o3aJAmB1j_BGBZnxBPRnQ
request client ip:  ::ffff:127.0.0.1
request query:  {"token":"eyJhbGciOiJIUzI1NiIsInR5cCI6IkpXVCJ9.eyJkYXRhIjp7ImlkIjoiNzdlMGE0MWEtZWZiZC00NjI5LTg5YmEtODRiNzFmZTg2NmUxIiwibmFtZSI6ImFkbWluIiwiZ2VuZGVyIjp0cnVlLCJlbWFpbCI6IjM3ODMzODYyN0BxcS5jb20ifSwiaWF0IjoxNTEwNjQxODgwLCJleHAiOjE1MTA3MjgyODB9.oRw2_yYvfgDZfmGyAjOxL2o3aJAmB1j_BGBZnxBPRnQ"}
response time: 80
response status: 200
response body: 
{"status":0,"data":{"name":"admin","email":"378338627@qq.com","phone":"15822927208","password":"$2a$10$oo3PUuyU2No4WRrDP/GUNOGsLUldeVjH6eH1q/N./UtbeNY1eJQx2","gender":true,"token":"eyJhbGciOiJIUzI1NiIsInR5cCI6IkpXVCJ9.eyJkYXRhIjp7ImlkIjoiNzdlMGE0MWEtZWZiZC00NjI5LTg5YmEtODRiNzFmZTg2NmUxIiwibmFtZSI6ImFkbWluIiwiZ2VuZGVyIjp0cnVlLCJlbWFpbCI6IjM3ODMzODYyN0BxcS5jb20ifSwiaWF0IjoxNTEwNjQxODgwLCJleHAiOjE1MTA3MjgyODB9.oRw2_yYvfgDZfmGyAjOxL2o3aJAmB1j_BGBZnxBPRnQ","canLogin":true,"status":1,"id":"77e0a41a-efbd-4629-89ba-84b71fe866e1","createdAt":1510554855636,"updatedAt":1510641881198,"version":2}}
*************** response log end ***************

[2017-11-14 17:18:15.657] [INFO] resLogger - 
*************** response log start ***************
request method: GET
request originalUrl:  /api/operation/c8a511ff-8ac3-49af-8798-852f39ab1694?token=eyJhbGciOiJIUzI1NiIsInR5cCI6IkpXVCJ9.eyJkYXRhIjp7ImlkIjoiNzdlMGE0MWEtZWZiZC00NjI5LTg5YmEtODRiNzFmZTg2NmUxIiwibmFtZSI6ImFkbWluIiwiZ2VuZGVyIjp0cnVlLCJlbWFpbCI6IjM3ODMzODYyN0BxcS5jb20ifSwiaWF0IjoxNTEwNjQxODgwLCJleHAiOjE1MTA3MjgyODB9.oRw2_yYvfgDZfmGyAjOxL2o3aJAmB1j_BGBZnxBPRnQ
request client ip:  ::ffff:127.0.0.1
request query:  {"token":"eyJhbGciOiJIUzI1NiIsInR5cCI6IkpXVCJ9.eyJkYXRhIjp7ImlkIjoiNzdlMGE0MWEtZWZiZC00NjI5LTg5YmEtODRiNzFmZTg2NmUxIiwibmFtZSI6ImFkbWluIiwiZ2VuZGVyIjp0cnVlLCJlbWFpbCI6IjM3ODMzODYyN0BxcS5jb20ifSwiaWF0IjoxNTEwNjQxODgwLCJleHAiOjE1MTA3MjgyODB9.oRw2_yYvfgDZfmGyAjOxL2o3aJAmB1j_BGBZnxBPRnQ"}
response time: 123
response status: 200
response body: 
{"status":0,"data":{"orderId":"2a577a4b-a635-4f14-860f-9079b4255a0b","important":true,"op":"a7a82216-4740-49fd-a0d4-ebcc8ea257c8","no":"20171113000","create_time":1510561864000,"remark":"1","status":1,"id":"c8a511ff-8ac3-49af-8798-852f39ab1694","createdAt":1510561948366,"updatedAt":1510561948366,"version":0,"order":{"no":"20171113000","custom_name":"刘孟","custom_phone":"15822927208","incoming_time":1510561864000,"custom_corporation":"bf31f1a5-2660-46fc-b1c8-a150812d27e3","custom_position":"b720d1b5-a333-4e3d-991a-8cf68966022c","remark":"小姐姐","status":1,"needs":"[object Object],[object Object],[object Object],[object Object]","id":"2a577a4b-a635-4f14-860f-9079b4255a0b","createdAt":1510561948275,"updatedAt":1510561948275,"version":0,"corporation":{"name":"建规局","description":"建规局","status":1,"groupId":"64cd3c35-1cbb-4978-8cb1-e4084bf567d6","id":"bf31f1a5-2660-46fc-b1c8-a150812d27e3","createdAt":1510554857444,"updatedAt":1510554857444,"version":0},"corpBuilding":{"corporationId":"bf31f1a5-2660-46fc-b1c8-a150812d27e3","buildingId":"4b35bbaa-4da9-442e-8adf-ae7fbc656330","floor":4,"position":"E","status":1,"id":"b720d1b5-a333-4e3d-991a-8cf68966022c","createdAt":1510554857545,"updatedAt":1510554857545,"version":0,"building":{"name":"商务大厦南楼","address":"南","minfloor":1,"maxfloor":15,"status":1,"id":"4b35bbaa-4da9-442e-8adf-ae7fbc656330","createdAt":1510554856022,"updatedAt":1510554856022,"version":0}}},"businessContent":{"type":"HARDWARE","equipment":"笔记本电脑","operation":"NOTSTART","weight":5,"remark":"","status":1,"id":"a7a82216-4740-49fd-a0d4-ebcc8ea257c8","createdAt":1510554861454,"updatedAt":1510554861454,"version":0,"equipType":{"name":"硬件","code":"HARDWARE","id":"6289bff3-8ff4-4d8b-a5b7-2ac2c2eeecf8","createdAt":1510554859260,"updatedAt":1510554859260,"version":0},"equipOp":{"name":"无法开机","code":"NOTSTART","id":"5249914f-c93a-466a-804d-b407709886a9","createdAt":1510554859799,"updatedAt":1510554859799,"version":0}},"actions":[]}}
*************** response log end ***************

[2017-11-14 17:18:15.733] [INFO] resLogger - 
*************** response log start ***************
request method: GET
request originalUrl:  /api/equipType/list?token=eyJhbGciOiJIUzI1NiIsInR5cCI6IkpXVCJ9.eyJkYXRhIjp7ImlkIjoiNzdlMGE0MWEtZWZiZC00NjI5LTg5YmEtODRiNzFmZTg2NmUxIiwibmFtZSI6ImFkbWluIiwiZ2VuZGVyIjp0cnVlLCJlbWFpbCI6IjM3ODMzODYyN0BxcS5jb20ifSwiaWF0IjoxNTEwNjQxODgwLCJleHAiOjE1MTA3MjgyODB9.oRw2_yYvfgDZfmGyAjOxL2o3aJAmB1j_BGBZnxBPRnQ
request client ip:  ::ffff:127.0.0.1
request query:  {"token":"eyJhbGciOiJIUzI1NiIsInR5cCI6IkpXVCJ9.eyJkYXRhIjp7ImlkIjoiNzdlMGE0MWEtZWZiZC00NjI5LTg5YmEtODRiNzFmZTg2NmUxIiwibmFtZSI6ImFkbWluIiwiZ2VuZGVyIjp0cnVlLCJlbWFpbCI6IjM3ODMzODYyN0BxcS5jb20ifSwiaWF0IjoxNTEwNjQxODgwLCJleHAiOjE1MTA3MjgyODB9.oRw2_yYvfgDZfmGyAjOxL2o3aJAmB1j_BGBZnxBPRnQ"}
response time: 71
response status: 200
response body: 
{"status":0,"data":[{"name":"网络","code":"NETWORK","id":"da4cbfc1-a216-4019-ba18-12744a8fac7e","createdAt":1510554859442,"updatedAt":1510554859442,"version":0},{"name":"软件","code":"SOFTWARE","id":"04225cd9-76de-44fc-a2e7-4d956a5fd0ab","createdAt":1510554859350,"updatedAt":1510554859350,"version":0},{"name":"硬件","code":"HARDWARE","id":"6289bff3-8ff4-4d8b-a5b7-2ac2c2eeecf8","createdAt":1510554859260,"updatedAt":1510554859260,"version":0}]}
*************** response log end ***************

[2017-11-14 17:18:15.847] [INFO] resLogger - 
*************** response log start ***************
request method: GET
request originalUrl:  /api/business/getequip/get/HARDWARE?token=eyJhbGciOiJIUzI1NiIsInR5cCI6IkpXVCJ9.eyJkYXRhIjp7ImlkIjoiNzdlMGE0MWEtZWZiZC00NjI5LTg5YmEtODRiNzFmZTg2NmUxIiwibmFtZSI6ImFkbWluIiwiZ2VuZGVyIjp0cnVlLCJlbWFpbCI6IjM3ODMzODYyN0BxcS5jb20ifSwiaWF0IjoxNTEwNjQxODgwLCJleHAiOjE1MTA3MjgyODB9.oRw2_yYvfgDZfmGyAjOxL2o3aJAmB1j_BGBZnxBPRnQ
request client ip:  ::ffff:127.0.0.1
request query:  {"token":"eyJhbGciOiJIUzI1NiIsInR5cCI6IkpXVCJ9.eyJkYXRhIjp7ImlkIjoiNzdlMGE0MWEtZWZiZC00NjI5LTg5YmEtODRiNzFmZTg2NmUxIiwibmFtZSI6ImFkbWluIiwiZ2VuZGVyIjp0cnVlLCJlbWFpbCI6IjM3ODMzODYyN0BxcS5jb20ifSwiaWF0IjoxNTEwNjQxODgwLCJleHAiOjE1MTA3MjgyODB9.oRw2_yYvfgDZfmGyAjOxL2o3aJAmB1j_BGBZnxBPRnQ"}
response time: 64
response status: 200
response body: 
{"status":0,"data":[{"equipment":"打印机"},{"equipment":"电脑"},{"equipment":"电话"},{"equipment":"笔记本电脑"}]}
*************** response log end ***************

[2017-11-14 17:18:15.988] [INFO] resLogger - 
*************** response log start ***************
request method: GET
request originalUrl:  /api/business/list?token=eyJhbGciOiJIUzI1NiIsInR5cCI6IkpXVCJ9.eyJkYXRhIjp7ImlkIjoiNzdlMGE0MWEtZWZiZC00NjI5LTg5YmEtODRiNzFmZTg2NmUxIiwibmFtZSI6ImFkbWluIiwiZ2VuZGVyIjp0cnVlLCJlbWFpbCI6IjM3ODMzODYyN0BxcS5jb20ifSwiaWF0IjoxNTEwNjQxODgwLCJleHAiOjE1MTA3MjgyODB9.oRw2_yYvfgDZfmGyAjOxL2o3aJAmB1j_BGBZnxBPRnQ&type=HARDWARE&equipment=%E7%AC%94%E8%AE%B0%E6%9C%AC%E7%94%B5%E8%84%91
request client ip:  ::ffff:127.0.0.1
request query:  {"token":"eyJhbGciOiJIUzI1NiIsInR5cCI6IkpXVCJ9.eyJkYXRhIjp7ImlkIjoiNzdlMGE0MWEtZWZiZC00NjI5LTg5YmEtODRiNzFmZTg2NmUxIiwibmFtZSI6ImFkbWluIiwiZ2VuZGVyIjp0cnVlLCJlbWFpbCI6IjM3ODMzODYyN0BxcS5jb20ifSwiaWF0IjoxNTEwNjQxODgwLCJleHAiOjE1MTA3MjgyODB9.oRw2_yYvfgDZfmGyAjOxL2o3aJAmB1j_BGBZnxBPRnQ","type":"HARDWARE","equipment":"笔记本电脑"}
response time: 119
response status: 200
response body: 
{"status":0,"data":[{"type":"HARDWARE","equipment":"笔记本电脑","operation":"FIX","weight":5,"remark":"","status":1,"id":"6c2c91a5-63db-4420-9c97-ae3fe6ee09bb","createdAt":1510554861625,"updatedAt":1510554861625,"version":0,"equipType":{"name":"硬件","code":"HARDWARE","id":"6289bff3-8ff4-4d8b-a5b7-2ac2c2eeecf8","createdAt":1510554859260,"updatedAt":1510554859260,"version":0},"equipOp":{"name":"故障","code":"FIX","id":"bb254d6b-6c81-4070-8d41-5c95fba5d52c","createdAt":1510554859626,"updatedAt":1510554859626,"version":0}},{"type":"HARDWARE","equipment":"笔记本电脑","operation":"SETUP","weight":5,"remark":"","status":1,"id":"c98b96bb-37d9-4ab8-83b1-069d9eb15291","createdAt":1510554861536,"updatedAt":1510554861536,"version":0,"equipType":{"name":"硬件","code":"HARDWARE","id":"6289bff3-8ff4-4d8b-a5b7-2ac2c2eeecf8","createdAt":1510554859260,"updatedAt":1510554859260,"version":0},"equipOp":{"name":"安装","code":"SETUP","id":"6e1a9c23-6a3d-42b3-897f-603bf4e12396","createdAt":1510554859537,"updatedAt":1510554859537,"version":0}},{"type":"HARDWARE","equipment":"笔记本电脑","operation":"NOTSTART","weight":5,"remark":"","status":1,"id":"a7a82216-4740-49fd-a0d4-ebcc8ea257c8","createdAt":1510554861454,"updatedAt":1510554861454,"version":0,"equipType":{"name":"硬件","code":"HARDWARE","id":"6289bff3-8ff4-4d8b-a5b7-2ac2c2eeecf8","createdAt":1510554859260,"updatedAt":1510554859260,"version":0},"equipOp":{"name":"无法开机","code":"NOTSTART","id":"5249914f-c93a-466a-804d-b407709886a9","createdAt":1510554859799,"updatedAt":1510554859799,"version":0}}],"total":3}
*************** response log end ***************

[2017-11-14 17:19:19.791] [INFO] resLogger - 
*************** response log start ***************
request method: GET
request originalUrl:  /api/user/?token=eyJhbGciOiJIUzI1NiIsInR5cCI6IkpXVCJ9.eyJkYXRhIjp7ImlkIjoiNzdlMGE0MWEtZWZiZC00NjI5LTg5YmEtODRiNzFmZTg2NmUxIiwibmFtZSI6ImFkbWluIiwiZ2VuZGVyIjp0cnVlLCJlbWFpbCI6IjM3ODMzODYyN0BxcS5jb20ifSwiaWF0IjoxNTEwNjQxODgwLCJleHAiOjE1MTA3MjgyODB9.oRw2_yYvfgDZfmGyAjOxL2o3aJAmB1j_BGBZnxBPRnQ
request client ip:  ::ffff:127.0.0.1
request query:  {"token":"eyJhbGciOiJIUzI1NiIsInR5cCI6IkpXVCJ9.eyJkYXRhIjp7ImlkIjoiNzdlMGE0MWEtZWZiZC00NjI5LTg5YmEtODRiNzFmZTg2NmUxIiwibmFtZSI6ImFkbWluIiwiZ2VuZGVyIjp0cnVlLCJlbWFpbCI6IjM3ODMzODYyN0BxcS5jb20ifSwiaWF0IjoxNTEwNjQxODgwLCJleHAiOjE1MTA3MjgyODB9.oRw2_yYvfgDZfmGyAjOxL2o3aJAmB1j_BGBZnxBPRnQ"}
response time: 125
response status: 200
response body: 
{"status":0,"data":{"name":"admin","email":"378338627@qq.com","phone":"15822927208","password":"$2a$10$oo3PUuyU2No4WRrDP/GUNOGsLUldeVjH6eH1q/N./UtbeNY1eJQx2","gender":true,"token":"eyJhbGciOiJIUzI1NiIsInR5cCI6IkpXVCJ9.eyJkYXRhIjp7ImlkIjoiNzdlMGE0MWEtZWZiZC00NjI5LTg5YmEtODRiNzFmZTg2NmUxIiwibmFtZSI6ImFkbWluIiwiZ2VuZGVyIjp0cnVlLCJlbWFpbCI6IjM3ODMzODYyN0BxcS5jb20ifSwiaWF0IjoxNTEwNjQxODgwLCJleHAiOjE1MTA3MjgyODB9.oRw2_yYvfgDZfmGyAjOxL2o3aJAmB1j_BGBZnxBPRnQ","canLogin":true,"status":1,"id":"77e0a41a-efbd-4629-89ba-84b71fe866e1","createdAt":1510554855636,"updatedAt":1510641881198,"version":2}}
*************** response log end ***************

[2017-11-14 17:19:20.270] [INFO] resLogger - 
*************** response log start ***************
request method: GET
request originalUrl:  /api/operation/c8a511ff-8ac3-49af-8798-852f39ab1694?token=eyJhbGciOiJIUzI1NiIsInR5cCI6IkpXVCJ9.eyJkYXRhIjp7ImlkIjoiNzdlMGE0MWEtZWZiZC00NjI5LTg5YmEtODRiNzFmZTg2NmUxIiwibmFtZSI6ImFkbWluIiwiZ2VuZGVyIjp0cnVlLCJlbWFpbCI6IjM3ODMzODYyN0BxcS5jb20ifSwiaWF0IjoxNTEwNjQxODgwLCJleHAiOjE1MTA3MjgyODB9.oRw2_yYvfgDZfmGyAjOxL2o3aJAmB1j_BGBZnxBPRnQ
request client ip:  ::ffff:127.0.0.1
request query:  {"token":"eyJhbGciOiJIUzI1NiIsInR5cCI6IkpXVCJ9.eyJkYXRhIjp7ImlkIjoiNzdlMGE0MWEtZWZiZC00NjI5LTg5YmEtODRiNzFmZTg2NmUxIiwibmFtZSI6ImFkbWluIiwiZ2VuZGVyIjp0cnVlLCJlbWFpbCI6IjM3ODMzODYyN0BxcS5jb20ifSwiaWF0IjoxNTEwNjQxODgwLCJleHAiOjE1MTA3MjgyODB9.oRw2_yYvfgDZfmGyAjOxL2o3aJAmB1j_BGBZnxBPRnQ"}
response time: 313
response status: 200
response body: 
{"status":0,"data":{"orderId":"2a577a4b-a635-4f14-860f-9079b4255a0b","important":true,"op":"a7a82216-4740-49fd-a0d4-ebcc8ea257c8","no":"20171113000","create_time":1510561864000,"remark":"1","status":1,"id":"c8a511ff-8ac3-49af-8798-852f39ab1694","createdAt":1510561948366,"updatedAt":1510561948366,"version":0,"order":{"no":"20171113000","custom_name":"刘孟","custom_phone":"15822927208","incoming_time":1510561864000,"custom_corporation":"bf31f1a5-2660-46fc-b1c8-a150812d27e3","custom_position":"b720d1b5-a333-4e3d-991a-8cf68966022c","remark":"小姐姐","status":1,"needs":"[object Object],[object Object],[object Object],[object Object]","id":"2a577a4b-a635-4f14-860f-9079b4255a0b","createdAt":1510561948275,"updatedAt":1510561948275,"version":0,"corporation":{"name":"建规局","description":"建规局","status":1,"groupId":"64cd3c35-1cbb-4978-8cb1-e4084bf567d6","id":"bf31f1a5-2660-46fc-b1c8-a150812d27e3","createdAt":1510554857444,"updatedAt":1510554857444,"version":0},"corpBuilding":{"corporationId":"bf31f1a5-2660-46fc-b1c8-a150812d27e3","buildingId":"4b35bbaa-4da9-442e-8adf-ae7fbc656330","floor":4,"position":"E","status":1,"id":"b720d1b5-a333-4e3d-991a-8cf68966022c","createdAt":1510554857545,"updatedAt":1510554857545,"version":0,"building":{"name":"商务大厦南楼","address":"南","minfloor":1,"maxfloor":15,"status":1,"id":"4b35bbaa-4da9-442e-8adf-ae7fbc656330","createdAt":1510554856022,"updatedAt":1510554856022,"version":0}}},"businessContent":{"type":"HARDWARE","equipment":"笔记本电脑","operation":"NOTSTART","weight":5,"remark":"","status":1,"id":"a7a82216-4740-49fd-a0d4-ebcc8ea257c8","createdAt":1510554861454,"updatedAt":1510554861454,"version":0,"equipType":{"name":"硬件","code":"HARDWARE","id":"6289bff3-8ff4-4d8b-a5b7-2ac2c2eeecf8","createdAt":1510554859260,"updatedAt":1510554859260,"version":0},"equipOp":{"name":"无法开机","code":"NOTSTART","id":"5249914f-c93a-466a-804d-b407709886a9","createdAt":1510554859799,"updatedAt":1510554859799,"version":0}},"actions":[]}}
*************** response log end ***************

[2017-11-14 17:19:20.294] [INFO] resLogger - 
*************** response log start ***************
request method: GET
request originalUrl:  /api/equipType/list?token=eyJhbGciOiJIUzI1NiIsInR5cCI6IkpXVCJ9.eyJkYXRhIjp7ImlkIjoiNzdlMGE0MWEtZWZiZC00NjI5LTg5YmEtODRiNzFmZTg2NmUxIiwibmFtZSI6ImFkbWluIiwiZ2VuZGVyIjp0cnVlLCJlbWFpbCI6IjM3ODMzODYyN0BxcS5jb20ifSwiaWF0IjoxNTEwNjQxODgwLCJleHAiOjE1MTA3MjgyODB9.oRw2_yYvfgDZfmGyAjOxL2o3aJAmB1j_BGBZnxBPRnQ
request client ip:  ::ffff:127.0.0.1
request query:  {"token":"eyJhbGciOiJIUzI1NiIsInR5cCI6IkpXVCJ9.eyJkYXRhIjp7ImlkIjoiNzdlMGE0MWEtZWZiZC00NjI5LTg5YmEtODRiNzFmZTg2NmUxIiwibmFtZSI6ImFkbWluIiwiZ2VuZGVyIjp0cnVlLCJlbWFpbCI6IjM3ODMzODYyN0BxcS5jb20ifSwiaWF0IjoxNTEwNjQxODgwLCJleHAiOjE1MTA3MjgyODB9.oRw2_yYvfgDZfmGyAjOxL2o3aJAmB1j_BGBZnxBPRnQ"}
response time: 186
response status: 200
response body: 
{"status":0,"data":[{"name":"网络","code":"NETWORK","id":"da4cbfc1-a216-4019-ba18-12744a8fac7e","createdAt":1510554859442,"updatedAt":1510554859442,"version":0},{"name":"软件","code":"SOFTWARE","id":"04225cd9-76de-44fc-a2e7-4d956a5fd0ab","createdAt":1510554859350,"updatedAt":1510554859350,"version":0},{"name":"硬件","code":"HARDWARE","id":"6289bff3-8ff4-4d8b-a5b7-2ac2c2eeecf8","createdAt":1510554859260,"updatedAt":1510554859260,"version":0}]}
*************** response log end ***************

[2017-11-14 17:19:20.584] [INFO] resLogger - 
*************** response log start ***************
request method: GET
request originalUrl:  /api/business/getequip/get/HARDWARE?token=eyJhbGciOiJIUzI1NiIsInR5cCI6IkpXVCJ9.eyJkYXRhIjp7ImlkIjoiNzdlMGE0MWEtZWZiZC00NjI5LTg5YmEtODRiNzFmZTg2NmUxIiwibmFtZSI6ImFkbWluIiwiZ2VuZGVyIjp0cnVlLCJlbWFpbCI6IjM3ODMzODYyN0BxcS5jb20ifSwiaWF0IjoxNTEwNjQxODgwLCJleHAiOjE1MTA3MjgyODB9.oRw2_yYvfgDZfmGyAjOxL2o3aJAmB1j_BGBZnxBPRnQ
request client ip:  ::ffff:127.0.0.1
request query:  {"token":"eyJhbGciOiJIUzI1NiIsInR5cCI6IkpXVCJ9.eyJkYXRhIjp7ImlkIjoiNzdlMGE0MWEtZWZiZC00NjI5LTg5YmEtODRiNzFmZTg2NmUxIiwibmFtZSI6ImFkbWluIiwiZ2VuZGVyIjp0cnVlLCJlbWFpbCI6IjM3ODMzODYyN0BxcS5jb20ifSwiaWF0IjoxNTEwNjQxODgwLCJleHAiOjE1MTA3MjgyODB9.oRw2_yYvfgDZfmGyAjOxL2o3aJAmB1j_BGBZnxBPRnQ"}
response time: 173
response status: 200
response body: 
{"status":0,"data":[{"equipment":"打印机"},{"equipment":"电脑"},{"equipment":"电话"},{"equipment":"笔记本电脑"}]}
*************** response log end ***************

[2017-11-14 17:19:20.734] [INFO] resLogger - 
*************** response log start ***************
request method: GET
request originalUrl:  /api/business/list?token=eyJhbGciOiJIUzI1NiIsInR5cCI6IkpXVCJ9.eyJkYXRhIjp7ImlkIjoiNzdlMGE0MWEtZWZiZC00NjI5LTg5YmEtODRiNzFmZTg2NmUxIiwibmFtZSI6ImFkbWluIiwiZ2VuZGVyIjp0cnVlLCJlbWFpbCI6IjM3ODMzODYyN0BxcS5jb20ifSwiaWF0IjoxNTEwNjQxODgwLCJleHAiOjE1MTA3MjgyODB9.oRw2_yYvfgDZfmGyAjOxL2o3aJAmB1j_BGBZnxBPRnQ&type=HARDWARE&equipment=%E7%AC%94%E8%AE%B0%E6%9C%AC%E7%94%B5%E8%84%91
request client ip:  ::ffff:127.0.0.1
request query:  {"token":"eyJhbGciOiJIUzI1NiIsInR5cCI6IkpXVCJ9.eyJkYXRhIjp7ImlkIjoiNzdlMGE0MWEtZWZiZC00NjI5LTg5YmEtODRiNzFmZTg2NmUxIiwibmFtZSI6ImFkbWluIiwiZ2VuZGVyIjp0cnVlLCJlbWFpbCI6IjM3ODMzODYyN0BxcS5jb20ifSwiaWF0IjoxNTEwNjQxODgwLCJleHAiOjE1MTA3MjgyODB9.oRw2_yYvfgDZfmGyAjOxL2o3aJAmB1j_BGBZnxBPRnQ","type":"HARDWARE","equipment":"笔记本电脑"}
response time: 119
response status: 200
response body: 
{"status":0,"data":[{"type":"HARDWARE","equipment":"笔记本电脑","operation":"FIX","weight":5,"remark":"","status":1,"id":"6c2c91a5-63db-4420-9c97-ae3fe6ee09bb","createdAt":1510554861625,"updatedAt":1510554861625,"version":0,"equipType":{"name":"硬件","code":"HARDWARE","id":"6289bff3-8ff4-4d8b-a5b7-2ac2c2eeecf8","createdAt":1510554859260,"updatedAt":1510554859260,"version":0},"equipOp":{"name":"故障","code":"FIX","id":"bb254d6b-6c81-4070-8d41-5c95fba5d52c","createdAt":1510554859626,"updatedAt":1510554859626,"version":0}},{"type":"HARDWARE","equipment":"笔记本电脑","operation":"SETUP","weight":5,"remark":"","status":1,"id":"c98b96bb-37d9-4ab8-83b1-069d9eb15291","createdAt":1510554861536,"updatedAt":1510554861536,"version":0,"equipType":{"name":"硬件","code":"HARDWARE","id":"6289bff3-8ff4-4d8b-a5b7-2ac2c2eeecf8","createdAt":1510554859260,"updatedAt":1510554859260,"version":0},"equipOp":{"name":"安装","code":"SETUP","id":"6e1a9c23-6a3d-42b3-897f-603bf4e12396","createdAt":1510554859537,"updatedAt":1510554859537,"version":0}},{"type":"HARDWARE","equipment":"笔记本电脑","operation":"NOTSTART","weight":5,"remark":"","status":1,"id":"a7a82216-4740-49fd-a0d4-ebcc8ea257c8","createdAt":1510554861454,"updatedAt":1510554861454,"version":0,"equipType":{"name":"硬件","code":"HARDWARE","id":"6289bff3-8ff4-4d8b-a5b7-2ac2c2eeecf8","createdAt":1510554859260,"updatedAt":1510554859260,"version":0},"equipOp":{"name":"无法开机","code":"NOTSTART","id":"5249914f-c93a-466a-804d-b407709886a9","createdAt":1510554859799,"updatedAt":1510554859799,"version":0}}],"total":3}
*************** response log end ***************

[2017-11-14 17:21:10.590] [INFO] resLogger - 
*************** response log start ***************
request method: GET
request originalUrl:  /api/user/?token=eyJhbGciOiJIUzI1NiIsInR5cCI6IkpXVCJ9.eyJkYXRhIjp7ImlkIjoiNzdlMGE0MWEtZWZiZC00NjI5LTg5YmEtODRiNzFmZTg2NmUxIiwibmFtZSI6ImFkbWluIiwiZ2VuZGVyIjp0cnVlLCJlbWFpbCI6IjM3ODMzODYyN0BxcS5jb20ifSwiaWF0IjoxNTEwNjQxODgwLCJleHAiOjE1MTA3MjgyODB9.oRw2_yYvfgDZfmGyAjOxL2o3aJAmB1j_BGBZnxBPRnQ
request client ip:  ::ffff:127.0.0.1
request query:  {"token":"eyJhbGciOiJIUzI1NiIsInR5cCI6IkpXVCJ9.eyJkYXRhIjp7ImlkIjoiNzdlMGE0MWEtZWZiZC00NjI5LTg5YmEtODRiNzFmZTg2NmUxIiwibmFtZSI6ImFkbWluIiwiZ2VuZGVyIjp0cnVlLCJlbWFpbCI6IjM3ODMzODYyN0BxcS5jb20ifSwiaWF0IjoxNTEwNjQxODgwLCJleHAiOjE1MTA3MjgyODB9.oRw2_yYvfgDZfmGyAjOxL2o3aJAmB1j_BGBZnxBPRnQ"}
response time: 201
response status: 200
response body: 
{"status":0,"data":{"name":"admin","email":"378338627@qq.com","phone":"15822927208","password":"$2a$10$oo3PUuyU2No4WRrDP/GUNOGsLUldeVjH6eH1q/N./UtbeNY1eJQx2","gender":true,"token":"eyJhbGciOiJIUzI1NiIsInR5cCI6IkpXVCJ9.eyJkYXRhIjp7ImlkIjoiNzdlMGE0MWEtZWZiZC00NjI5LTg5YmEtODRiNzFmZTg2NmUxIiwibmFtZSI6ImFkbWluIiwiZ2VuZGVyIjp0cnVlLCJlbWFpbCI6IjM3ODMzODYyN0BxcS5jb20ifSwiaWF0IjoxNTEwNjQxODgwLCJleHAiOjE1MTA3MjgyODB9.oRw2_yYvfgDZfmGyAjOxL2o3aJAmB1j_BGBZnxBPRnQ","canLogin":true,"status":1,"id":"77e0a41a-efbd-4629-89ba-84b71fe866e1","createdAt":1510554855636,"updatedAt":1510641881198,"version":2}}
*************** response log end ***************

[2017-11-14 17:21:10.984] [INFO] resLogger - 
*************** response log start ***************
request method: GET
request originalUrl:  /api/operation/c8a511ff-8ac3-49af-8798-852f39ab1694?token=eyJhbGciOiJIUzI1NiIsInR5cCI6IkpXVCJ9.eyJkYXRhIjp7ImlkIjoiNzdlMGE0MWEtZWZiZC00NjI5LTg5YmEtODRiNzFmZTg2NmUxIiwibmFtZSI6ImFkbWluIiwiZ2VuZGVyIjp0cnVlLCJlbWFpbCI6IjM3ODMzODYyN0BxcS5jb20ifSwiaWF0IjoxNTEwNjQxODgwLCJleHAiOjE1MTA3MjgyODB9.oRw2_yYvfgDZfmGyAjOxL2o3aJAmB1j_BGBZnxBPRnQ
request client ip:  ::ffff:127.0.0.1
request query:  {"token":"eyJhbGciOiJIUzI1NiIsInR5cCI6IkpXVCJ9.eyJkYXRhIjp7ImlkIjoiNzdlMGE0MWEtZWZiZC00NjI5LTg5YmEtODRiNzFmZTg2NmUxIiwibmFtZSI6ImFkbWluIiwiZ2VuZGVyIjp0cnVlLCJlbWFpbCI6IjM3ODMzODYyN0BxcS5jb20ifSwiaWF0IjoxNTEwNjQxODgwLCJleHAiOjE1MTA3MjgyODB9.oRw2_yYvfgDZfmGyAjOxL2o3aJAmB1j_BGBZnxBPRnQ"}
response time: 206
response status: 200
response body: 
{"status":0,"data":{"orderId":"2a577a4b-a635-4f14-860f-9079b4255a0b","important":true,"op":"a7a82216-4740-49fd-a0d4-ebcc8ea257c8","no":"20171113000","create_time":1510561864000,"remark":"1","status":1,"id":"c8a511ff-8ac3-49af-8798-852f39ab1694","createdAt":1510561948366,"updatedAt":1510561948366,"version":0,"order":{"no":"20171113000","custom_name":"刘孟","custom_phone":"15822927208","incoming_time":1510561864000,"custom_corporation":"bf31f1a5-2660-46fc-b1c8-a150812d27e3","custom_position":"b720d1b5-a333-4e3d-991a-8cf68966022c","remark":"小姐姐","status":1,"needs":"[object Object],[object Object],[object Object],[object Object]","id":"2a577a4b-a635-4f14-860f-9079b4255a0b","createdAt":1510561948275,"updatedAt":1510561948275,"version":0,"corporation":{"name":"建规局","description":"建规局","status":1,"groupId":"64cd3c35-1cbb-4978-8cb1-e4084bf567d6","id":"bf31f1a5-2660-46fc-b1c8-a150812d27e3","createdAt":1510554857444,"updatedAt":1510554857444,"version":0},"corpBuilding":{"corporationId":"bf31f1a5-2660-46fc-b1c8-a150812d27e3","buildingId":"4b35bbaa-4da9-442e-8adf-ae7fbc656330","floor":4,"position":"E","status":1,"id":"b720d1b5-a333-4e3d-991a-8cf68966022c","createdAt":1510554857545,"updatedAt":1510554857545,"version":0,"building":{"name":"商务大厦南楼","address":"南","minfloor":1,"maxfloor":15,"status":1,"id":"4b35bbaa-4da9-442e-8adf-ae7fbc656330","createdAt":1510554856022,"updatedAt":1510554856022,"version":0}}},"businessContent":{"type":"HARDWARE","equipment":"笔记本电脑","operation":"NOTSTART","weight":5,"remark":"","status":1,"id":"a7a82216-4740-49fd-a0d4-ebcc8ea257c8","createdAt":1510554861454,"updatedAt":1510554861454,"version":0,"equipType":{"name":"硬件","code":"HARDWARE","id":"6289bff3-8ff4-4d8b-a5b7-2ac2c2eeecf8","createdAt":1510554859260,"updatedAt":1510554859260,"version":0},"equipOp":{"name":"无法开机","code":"NOTSTART","id":"5249914f-c93a-466a-804d-b407709886a9","createdAt":1510554859799,"updatedAt":1510554859799,"version":0}},"actions":[]}}
*************** response log end ***************

[2017-11-14 17:21:11.114] [INFO] resLogger - 
*************** response log start ***************
request method: GET
request originalUrl:  /api/equipType/list?token=eyJhbGciOiJIUzI1NiIsInR5cCI6IkpXVCJ9.eyJkYXRhIjp7ImlkIjoiNzdlMGE0MWEtZWZiZC00NjI5LTg5YmEtODRiNzFmZTg2NmUxIiwibmFtZSI6ImFkbWluIiwiZ2VuZGVyIjp0cnVlLCJlbWFpbCI6IjM3ODMzODYyN0BxcS5jb20ifSwiaWF0IjoxNTEwNjQxODgwLCJleHAiOjE1MTA3MjgyODB9.oRw2_yYvfgDZfmGyAjOxL2o3aJAmB1j_BGBZnxBPRnQ
request client ip:  ::ffff:127.0.0.1
request query:  {"token":"eyJhbGciOiJIUzI1NiIsInR5cCI6IkpXVCJ9.eyJkYXRhIjp7ImlkIjoiNzdlMGE0MWEtZWZiZC00NjI5LTg5YmEtODRiNzFmZTg2NmUxIiwibmFtZSI6ImFkbWluIiwiZ2VuZGVyIjp0cnVlLCJlbWFpbCI6IjM3ODMzODYyN0BxcS5jb20ifSwiaWF0IjoxNTEwNjQxODgwLCJleHAiOjE1MTA3MjgyODB9.oRw2_yYvfgDZfmGyAjOxL2o3aJAmB1j_BGBZnxBPRnQ"}
response time: 129
response status: 200
response body: 
{"status":0,"data":[{"name":"网络","code":"NETWORK","id":"da4cbfc1-a216-4019-ba18-12744a8fac7e","createdAt":1510554859442,"updatedAt":1510554859442,"version":0},{"name":"软件","code":"SOFTWARE","id":"04225cd9-76de-44fc-a2e7-4d956a5fd0ab","createdAt":1510554859350,"updatedAt":1510554859350,"version":0},{"name":"硬件","code":"HARDWARE","id":"6289bff3-8ff4-4d8b-a5b7-2ac2c2eeecf8","createdAt":1510554859260,"updatedAt":1510554859260,"version":0}]}
*************** response log end ***************

[2017-11-14 17:21:11.219] [INFO] resLogger - 
*************** response log start ***************
request method: GET
request originalUrl:  /api/business/getequip/get/HARDWARE?token=eyJhbGciOiJIUzI1NiIsInR5cCI6IkpXVCJ9.eyJkYXRhIjp7ImlkIjoiNzdlMGE0MWEtZWZiZC00NjI5LTg5YmEtODRiNzFmZTg2NmUxIiwibmFtZSI6ImFkbWluIiwiZ2VuZGVyIjp0cnVlLCJlbWFpbCI6IjM3ODMzODYyN0BxcS5jb20ifSwiaWF0IjoxNTEwNjQxODgwLCJleHAiOjE1MTA3MjgyODB9.oRw2_yYvfgDZfmGyAjOxL2o3aJAmB1j_BGBZnxBPRnQ
request client ip:  ::ffff:127.0.0.1
request query:  {"token":"eyJhbGciOiJIUzI1NiIsInR5cCI6IkpXVCJ9.eyJkYXRhIjp7ImlkIjoiNzdlMGE0MWEtZWZiZC00NjI5LTg5YmEtODRiNzFmZTg2NmUxIiwibmFtZSI6ImFkbWluIiwiZ2VuZGVyIjp0cnVlLCJlbWFpbCI6IjM3ODMzODYyN0BxcS5jb20ifSwiaWF0IjoxNTEwNjQxODgwLCJleHAiOjE1MTA3MjgyODB9.oRw2_yYvfgDZfmGyAjOxL2o3aJAmB1j_BGBZnxBPRnQ"}
response time: 70
response status: 200
response body: 
{"status":0,"data":[{"equipment":"打印机"},{"equipment":"电脑"},{"equipment":"电话"},{"equipment":"笔记本电脑"}]}
*************** response log end ***************

[2017-11-14 17:21:11.402] [INFO] resLogger - 
*************** response log start ***************
request method: GET
request originalUrl:  /api/business/list?token=eyJhbGciOiJIUzI1NiIsInR5cCI6IkpXVCJ9.eyJkYXRhIjp7ImlkIjoiNzdlMGE0MWEtZWZiZC00NjI5LTg5YmEtODRiNzFmZTg2NmUxIiwibmFtZSI6ImFkbWluIiwiZ2VuZGVyIjp0cnVlLCJlbWFpbCI6IjM3ODMzODYyN0BxcS5jb20ifSwiaWF0IjoxNTEwNjQxODgwLCJleHAiOjE1MTA3MjgyODB9.oRw2_yYvfgDZfmGyAjOxL2o3aJAmB1j_BGBZnxBPRnQ&type=HARDWARE&equipment=%E7%AC%94%E8%AE%B0%E6%9C%AC%E7%94%B5%E8%84%91
request client ip:  ::ffff:127.0.0.1
request query:  {"token":"eyJhbGciOiJIUzI1NiIsInR5cCI6IkpXVCJ9.eyJkYXRhIjp7ImlkIjoiNzdlMGE0MWEtZWZiZC00NjI5LTg5YmEtODRiNzFmZTg2NmUxIiwibmFtZSI6ImFkbWluIiwiZ2VuZGVyIjp0cnVlLCJlbWFpbCI6IjM3ODMzODYyN0BxcS5jb20ifSwiaWF0IjoxNTEwNjQxODgwLCJleHAiOjE1MTA3MjgyODB9.oRw2_yYvfgDZfmGyAjOxL2o3aJAmB1j_BGBZnxBPRnQ","type":"HARDWARE","equipment":"笔记本电脑"}
response time: 131
response status: 200
response body: 
{"status":0,"data":[{"type":"HARDWARE","equipment":"笔记本电脑","operation":"FIX","weight":5,"remark":"","status":1,"id":"6c2c91a5-63db-4420-9c97-ae3fe6ee09bb","createdAt":1510554861625,"updatedAt":1510554861625,"version":0,"equipType":{"name":"硬件","code":"HARDWARE","id":"6289bff3-8ff4-4d8b-a5b7-2ac2c2eeecf8","createdAt":1510554859260,"updatedAt":1510554859260,"version":0},"equipOp":{"name":"故障","code":"FIX","id":"bb254d6b-6c81-4070-8d41-5c95fba5d52c","createdAt":1510554859626,"updatedAt":1510554859626,"version":0}},{"type":"HARDWARE","equipment":"笔记本电脑","operation":"SETUP","weight":5,"remark":"","status":1,"id":"c98b96bb-37d9-4ab8-83b1-069d9eb15291","createdAt":1510554861536,"updatedAt":1510554861536,"version":0,"equipType":{"name":"硬件","code":"HARDWARE","id":"6289bff3-8ff4-4d8b-a5b7-2ac2c2eeecf8","createdAt":1510554859260,"updatedAt":1510554859260,"version":0},"equipOp":{"name":"安装","code":"SETUP","id":"6e1a9c23-6a3d-42b3-897f-603bf4e12396","createdAt":1510554859537,"updatedAt":1510554859537,"version":0}},{"type":"HARDWARE","equipment":"笔记本电脑","operation":"NOTSTART","weight":5,"remark":"","status":1,"id":"a7a82216-4740-49fd-a0d4-ebcc8ea257c8","createdAt":1510554861454,"updatedAt":1510554861454,"version":0,"equipType":{"name":"硬件","code":"HARDWARE","id":"6289bff3-8ff4-4d8b-a5b7-2ac2c2eeecf8","createdAt":1510554859260,"updatedAt":1510554859260,"version":0},"equipOp":{"name":"无法开机","code":"NOTSTART","id":"5249914f-c93a-466a-804d-b407709886a9","createdAt":1510554859799,"updatedAt":1510554859799,"version":0}}],"total":3}
*************** response log end ***************

[2017-11-14 17:21:50.011] [INFO] resLogger - 
*************** response log start ***************
request method: GET
request originalUrl:  /api/user/?token=eyJhbGciOiJIUzI1NiIsInR5cCI6IkpXVCJ9.eyJkYXRhIjp7ImlkIjoiNzdlMGE0MWEtZWZiZC00NjI5LTg5YmEtODRiNzFmZTg2NmUxIiwibmFtZSI6ImFkbWluIiwiZ2VuZGVyIjp0cnVlLCJlbWFpbCI6IjM3ODMzODYyN0BxcS5jb20ifSwiaWF0IjoxNTEwNjQxODgwLCJleHAiOjE1MTA3MjgyODB9.oRw2_yYvfgDZfmGyAjOxL2o3aJAmB1j_BGBZnxBPRnQ
request client ip:  ::ffff:127.0.0.1
request query:  {"token":"eyJhbGciOiJIUzI1NiIsInR5cCI6IkpXVCJ9.eyJkYXRhIjp7ImlkIjoiNzdlMGE0MWEtZWZiZC00NjI5LTg5YmEtODRiNzFmZTg2NmUxIiwibmFtZSI6ImFkbWluIiwiZ2VuZGVyIjp0cnVlLCJlbWFpbCI6IjM3ODMzODYyN0BxcS5jb20ifSwiaWF0IjoxNTEwNjQxODgwLCJleHAiOjE1MTA3MjgyODB9.oRw2_yYvfgDZfmGyAjOxL2o3aJAmB1j_BGBZnxBPRnQ"}
response time: 64
response status: 200
response body: 
{"status":0,"data":{"name":"admin","email":"378338627@qq.com","phone":"15822927208","password":"$2a$10$oo3PUuyU2No4WRrDP/GUNOGsLUldeVjH6eH1q/N./UtbeNY1eJQx2","gender":true,"token":"eyJhbGciOiJIUzI1NiIsInR5cCI6IkpXVCJ9.eyJkYXRhIjp7ImlkIjoiNzdlMGE0MWEtZWZiZC00NjI5LTg5YmEtODRiNzFmZTg2NmUxIiwibmFtZSI6ImFkbWluIiwiZ2VuZGVyIjp0cnVlLCJlbWFpbCI6IjM3ODMzODYyN0BxcS5jb20ifSwiaWF0IjoxNTEwNjQxODgwLCJleHAiOjE1MTA3MjgyODB9.oRw2_yYvfgDZfmGyAjOxL2o3aJAmB1j_BGBZnxBPRnQ","canLogin":true,"status":1,"id":"77e0a41a-efbd-4629-89ba-84b71fe866e1","createdAt":1510554855636,"updatedAt":1510641881198,"version":2}}
*************** response log end ***************

[2017-11-14 17:21:50.377] [INFO] resLogger - 
*************** response log start ***************
request method: GET
request originalUrl:  /api/operation/c8a511ff-8ac3-49af-8798-852f39ab1694?token=eyJhbGciOiJIUzI1NiIsInR5cCI6IkpXVCJ9.eyJkYXRhIjp7ImlkIjoiNzdlMGE0MWEtZWZiZC00NjI5LTg5YmEtODRiNzFmZTg2NmUxIiwibmFtZSI6ImFkbWluIiwiZ2VuZGVyIjp0cnVlLCJlbWFpbCI6IjM3ODMzODYyN0BxcS5jb20ifSwiaWF0IjoxNTEwNjQxODgwLCJleHAiOjE1MTA3MjgyODB9.oRw2_yYvfgDZfmGyAjOxL2o3aJAmB1j_BGBZnxBPRnQ
request client ip:  ::ffff:127.0.0.1
request query:  {"token":"eyJhbGciOiJIUzI1NiIsInR5cCI6IkpXVCJ9.eyJkYXRhIjp7ImlkIjoiNzdlMGE0MWEtZWZiZC00NjI5LTg5YmEtODRiNzFmZTg2NmUxIiwibmFtZSI6ImFkbWluIiwiZ2VuZGVyIjp0cnVlLCJlbWFpbCI6IjM3ODMzODYyN0BxcS5jb20ifSwiaWF0IjoxNTEwNjQxODgwLCJleHAiOjE1MTA3MjgyODB9.oRw2_yYvfgDZfmGyAjOxL2o3aJAmB1j_BGBZnxBPRnQ"}
response time: 122
response status: 200
response body: 
{"status":0,"data":{"orderId":"2a577a4b-a635-4f14-860f-9079b4255a0b","important":true,"op":"a7a82216-4740-49fd-a0d4-ebcc8ea257c8","no":"20171113000","create_time":1510561864000,"remark":"1","status":1,"id":"c8a511ff-8ac3-49af-8798-852f39ab1694","createdAt":1510561948366,"updatedAt":1510561948366,"version":0,"order":{"no":"20171113000","custom_name":"刘孟","custom_phone":"15822927208","incoming_time":1510561864000,"custom_corporation":"bf31f1a5-2660-46fc-b1c8-a150812d27e3","custom_position":"b720d1b5-a333-4e3d-991a-8cf68966022c","remark":"小姐姐","status":1,"needs":"[object Object],[object Object],[object Object],[object Object]","id":"2a577a4b-a635-4f14-860f-9079b4255a0b","createdAt":1510561948275,"updatedAt":1510561948275,"version":0,"corporation":{"name":"建规局","description":"建规局","status":1,"groupId":"64cd3c35-1cbb-4978-8cb1-e4084bf567d6","id":"bf31f1a5-2660-46fc-b1c8-a150812d27e3","createdAt":1510554857444,"updatedAt":1510554857444,"version":0},"corpBuilding":{"corporationId":"bf31f1a5-2660-46fc-b1c8-a150812d27e3","buildingId":"4b35bbaa-4da9-442e-8adf-ae7fbc656330","floor":4,"position":"E","status":1,"id":"b720d1b5-a333-4e3d-991a-8cf68966022c","createdAt":1510554857545,"updatedAt":1510554857545,"version":0,"building":{"name":"商务大厦南楼","address":"南","minfloor":1,"maxfloor":15,"status":1,"id":"4b35bbaa-4da9-442e-8adf-ae7fbc656330","createdAt":1510554856022,"updatedAt":1510554856022,"version":0}}},"businessContent":{"type":"HARDWARE","equipment":"笔记本电脑","operation":"NOTSTART","weight":5,"remark":"","status":1,"id":"a7a82216-4740-49fd-a0d4-ebcc8ea257c8","createdAt":1510554861454,"updatedAt":1510554861454,"version":0,"equipType":{"name":"硬件","code":"HARDWARE","id":"6289bff3-8ff4-4d8b-a5b7-2ac2c2eeecf8","createdAt":1510554859260,"updatedAt":1510554859260,"version":0},"equipOp":{"name":"无法开机","code":"NOTSTART","id":"5249914f-c93a-466a-804d-b407709886a9","createdAt":1510554859799,"updatedAt":1510554859799,"version":0}},"actions":[]}}
*************** response log end ***************

[2017-11-14 17:21:50.426] [INFO] resLogger - 
*************** response log start ***************
request method: GET
request originalUrl:  /api/equipType/list?token=eyJhbGciOiJIUzI1NiIsInR5cCI6IkpXVCJ9.eyJkYXRhIjp7ImlkIjoiNzdlMGE0MWEtZWZiZC00NjI5LTg5YmEtODRiNzFmZTg2NmUxIiwibmFtZSI6ImFkbWluIiwiZ2VuZGVyIjp0cnVlLCJlbWFpbCI6IjM3ODMzODYyN0BxcS5jb20ifSwiaWF0IjoxNTEwNjQxODgwLCJleHAiOjE1MTA3MjgyODB9.oRw2_yYvfgDZfmGyAjOxL2o3aJAmB1j_BGBZnxBPRnQ
request client ip:  ::ffff:127.0.0.1
request query:  {"token":"eyJhbGciOiJIUzI1NiIsInR5cCI6IkpXVCJ9.eyJkYXRhIjp7ImlkIjoiNzdlMGE0MWEtZWZiZC00NjI5LTg5YmEtODRiNzFmZTg2NmUxIiwibmFtZSI6ImFkbWluIiwiZ2VuZGVyIjp0cnVlLCJlbWFpbCI6IjM3ODMzODYyN0BxcS5jb20ifSwiaWF0IjoxNTEwNjQxODgwLCJleHAiOjE1MTA3MjgyODB9.oRw2_yYvfgDZfmGyAjOxL2o3aJAmB1j_BGBZnxBPRnQ"}
response time: 48
response status: 200
response body: 
{"status":0,"data":[{"name":"网络","code":"NETWORK","id":"da4cbfc1-a216-4019-ba18-12744a8fac7e","createdAt":1510554859442,"updatedAt":1510554859442,"version":0},{"name":"软件","code":"SOFTWARE","id":"04225cd9-76de-44fc-a2e7-4d956a5fd0ab","createdAt":1510554859350,"updatedAt":1510554859350,"version":0},{"name":"硬件","code":"HARDWARE","id":"6289bff3-8ff4-4d8b-a5b7-2ac2c2eeecf8","createdAt":1510554859260,"updatedAt":1510554859260,"version":0}]}
*************** response log end ***************

[2017-11-14 17:21:50.505] [INFO] resLogger - 
*************** response log start ***************
request method: GET
request originalUrl:  /api/business/getequip/get/HARDWARE?token=eyJhbGciOiJIUzI1NiIsInR5cCI6IkpXVCJ9.eyJkYXRhIjp7ImlkIjoiNzdlMGE0MWEtZWZiZC00NjI5LTg5YmEtODRiNzFmZTg2NmUxIiwibmFtZSI6ImFkbWluIiwiZ2VuZGVyIjp0cnVlLCJlbWFpbCI6IjM3ODMzODYyN0BxcS5jb20ifSwiaWF0IjoxNTEwNjQxODgwLCJleHAiOjE1MTA3MjgyODB9.oRw2_yYvfgDZfmGyAjOxL2o3aJAmB1j_BGBZnxBPRnQ
request client ip:  ::ffff:127.0.0.1
request query:  {"token":"eyJhbGciOiJIUzI1NiIsInR5cCI6IkpXVCJ9.eyJkYXRhIjp7ImlkIjoiNzdlMGE0MWEtZWZiZC00NjI5LTg5YmEtODRiNzFmZTg2NmUxIiwibmFtZSI6ImFkbWluIiwiZ2VuZGVyIjp0cnVlLCJlbWFpbCI6IjM3ODMzODYyN0BxcS5jb20ifSwiaWF0IjoxNTEwNjQxODgwLCJleHAiOjE1MTA3MjgyODB9.oRw2_yYvfgDZfmGyAjOxL2o3aJAmB1j_BGBZnxBPRnQ"}
response time: 49
response status: 200
response body: 
{"status":0,"data":[{"equipment":"打印机"},{"equipment":"电脑"},{"equipment":"电话"},{"equipment":"笔记本电脑"}]}
*************** response log end ***************

[2017-11-14 17:21:50.611] [INFO] resLogger - 
*************** response log start ***************
request method: GET
request originalUrl:  /api/business/list?token=eyJhbGciOiJIUzI1NiIsInR5cCI6IkpXVCJ9.eyJkYXRhIjp7ImlkIjoiNzdlMGE0MWEtZWZiZC00NjI5LTg5YmEtODRiNzFmZTg2NmUxIiwibmFtZSI6ImFkbWluIiwiZ2VuZGVyIjp0cnVlLCJlbWFpbCI6IjM3ODMzODYyN0BxcS5jb20ifSwiaWF0IjoxNTEwNjQxODgwLCJleHAiOjE1MTA3MjgyODB9.oRw2_yYvfgDZfmGyAjOxL2o3aJAmB1j_BGBZnxBPRnQ&type=HARDWARE&equipment=%E7%AC%94%E8%AE%B0%E6%9C%AC%E7%94%B5%E8%84%91
request client ip:  ::ffff:127.0.0.1
request query:  {"token":"eyJhbGciOiJIUzI1NiIsInR5cCI6IkpXVCJ9.eyJkYXRhIjp7ImlkIjoiNzdlMGE0MWEtZWZiZC00NjI5LTg5YmEtODRiNzFmZTg2NmUxIiwibmFtZSI6ImFkbWluIiwiZ2VuZGVyIjp0cnVlLCJlbWFpbCI6IjM3ODMzODYyN0BxcS5jb20ifSwiaWF0IjoxNTEwNjQxODgwLCJleHAiOjE1MTA3MjgyODB9.oRw2_yYvfgDZfmGyAjOxL2o3aJAmB1j_BGBZnxBPRnQ","type":"HARDWARE","equipment":"笔记本电脑"}
response time: 79
response status: 200
response body: 
{"status":0,"data":[{"type":"HARDWARE","equipment":"笔记本电脑","operation":"FIX","weight":5,"remark":"","status":1,"id":"6c2c91a5-63db-4420-9c97-ae3fe6ee09bb","createdAt":1510554861625,"updatedAt":1510554861625,"version":0,"equipType":{"name":"硬件","code":"HARDWARE","id":"6289bff3-8ff4-4d8b-a5b7-2ac2c2eeecf8","createdAt":1510554859260,"updatedAt":1510554859260,"version":0},"equipOp":{"name":"故障","code":"FIX","id":"bb254d6b-6c81-4070-8d41-5c95fba5d52c","createdAt":1510554859626,"updatedAt":1510554859626,"version":0}},{"type":"HARDWARE","equipment":"笔记本电脑","operation":"SETUP","weight":5,"remark":"","status":1,"id":"c98b96bb-37d9-4ab8-83b1-069d9eb15291","createdAt":1510554861536,"updatedAt":1510554861536,"version":0,"equipType":{"name":"硬件","code":"HARDWARE","id":"6289bff3-8ff4-4d8b-a5b7-2ac2c2eeecf8","createdAt":1510554859260,"updatedAt":1510554859260,"version":0},"equipOp":{"name":"安装","code":"SETUP","id":"6e1a9c23-6a3d-42b3-897f-603bf4e12396","createdAt":1510554859537,"updatedAt":1510554859537,"version":0}},{"type":"HARDWARE","equipment":"笔记本电脑","operation":"NOTSTART","weight":5,"remark":"","status":1,"id":"a7a82216-4740-49fd-a0d4-ebcc8ea257c8","createdAt":1510554861454,"updatedAt":1510554861454,"version":0,"equipType":{"name":"硬件","code":"HARDWARE","id":"6289bff3-8ff4-4d8b-a5b7-2ac2c2eeecf8","createdAt":1510554859260,"updatedAt":1510554859260,"version":0},"equipOp":{"name":"无法开机","code":"NOTSTART","id":"5249914f-c93a-466a-804d-b407709886a9","createdAt":1510554859799,"updatedAt":1510554859799,"version":0}}],"total":3}
*************** response log end ***************

