[2017-07-13 11:00:35.253] [INFO] resLogger - 
*************** response log start ***************
request method: GET
request originalUrl:  /api/user/?token=eyJhbGciOiJIUzI1NiIsInR5cCI6IkpXVCJ9.eyJkYXRhIjp7ImlkIjoiYjZmYWJlNDYtZTlmNS00NGZlLTkyMzYtODY2MjRkMzQyMTY1IiwibmFtZSI6ImFkbWluIiwiZ2VuZGVyIjp0cnVlLCJlbWFpbCI6IjM3ODMzODYyN0BxcS5jb20ifSwiaWF0IjoxNDk5ODQyNDM2LCJleHAiOjE0OTk5Mjg4MzZ9.JBqfULf5wxZ0QVSlq4Gm1bte-ktmNNNQc2KtEJ9uFdA
request client ip:  ::ffff:127.0.0.1
request query:  {"token":"eyJhbGciOiJIUzI1NiIsInR5cCI6IkpXVCJ9.eyJkYXRhIjp7ImlkIjoiYjZmYWJlNDYtZTlmNS00NGZlLTkyMzYtODY2MjRkMzQyMTY1IiwibmFtZSI6ImFkbWluIiwiZ2VuZGVyIjp0cnVlLCJlbWFpbCI6IjM3ODMzODYyN0BxcS5jb20ifSwiaWF0IjoxNDk5ODQyNDM2LCJleHAiOjE0OTk5Mjg4MzZ9.JBqfULf5wxZ0QVSlq4Gm1bte-ktmNNNQc2KtEJ9uFdA"}
response time: 450
response status: 200
response body: 
{"status":0,"data":{"name":"admin","email":"378338627@qq.com","password":"$2a$10$FNCDVOCK4wLk1hIJqHTWlu5N1.frRtUYAt.V/RLZorxWuTWTea/3W","gender":true,"token":"eyJhbGciOiJIUzI1NiIsInR5cCI6IkpXVCJ9.eyJkYXRhIjp7ImlkIjoiYjZmYWJlNDYtZTlmNS00NGZlLTkyMzYtODY2MjRkMzQyMTY1IiwibmFtZSI6ImFkbWluIiwiZ2VuZGVyIjp0cnVlLCJlbWFpbCI6IjM3ODMzODYyN0BxcS5jb20ifSwiaWF0IjoxNDk5ODQyNDM2LCJleHAiOjE0OTk5Mjg4MzZ9.JBqfULf5wxZ0QVSlq4Gm1bte-ktmNNNQc2KtEJ9uFdA","id":"b6fabe46-e9f5-44fe-9236-86624d342165","createdAt":1499418880181,"updatedAt":1499418880181,"version":0}}
*************** response log end ***************

[2017-07-13 11:00:39.359] [INFO] resLogger - 
*************** response log start ***************
request method: OPTIONS
request originalUrl:  /api/buildings/save?token=eyJhbGciOiJIUzI1NiIsInR5cCI6IkpXVCJ9.eyJkYXRhIjp7ImlkIjoiYjZmYWJlNDYtZTlmNS00NGZlLTkyMzYtODY2MjRkMzQyMTY1IiwibmFtZSI6ImFkbWluIiwiZ2VuZGVyIjp0cnVlLCJlbWFpbCI6IjM3ODMzODYyN0BxcS5jb20ifSwiaWF0IjoxNDk5ODQyNDM2LCJleHAiOjE0OTk5Mjg4MzZ9.JBqfULf5wxZ0QVSlq4Gm1bte-ktmNNNQc2KtEJ9uFdA
request client ip:  ::ffff:127.0.0.1
request body: 
{}
response time: 4
response status: 204
response body: 
undefined
*************** response log end ***************

[2017-07-13 11:00:39.453] [INFO] resLogger - 
*************** response log start ***************
request method: POST
request originalUrl:  /api/buildings/save?token=eyJhbGciOiJIUzI1NiIsInR5cCI6IkpXVCJ9.eyJkYXRhIjp7ImlkIjoiYjZmYWJlNDYtZTlmNS00NGZlLTkyMzYtODY2MjRkMzQyMTY1IiwibmFtZSI6ImFkbWluIiwiZ2VuZGVyIjp0cnVlLCJlbWFpbCI6IjM3ODMzODYyN0BxcS5jb20ifSwiaWF0IjoxNDk5ODQyNDM2LCJleHAiOjE0OTk5Mjg4MzZ9.JBqfULf5wxZ0QVSlq4Gm1bte-ktmNNNQc2KtEJ9uFdA
request client ip:  ::ffff:127.0.0.1
request body: 
{"name":"13","address":"13","minfloor":13,"maxfloor":13}
response time: 62
response status: 200
response body: 
{"status":500}
*************** response log end ***************

[2017-07-13 11:00:47.276] [INFO] resLogger - 
*************** response log start ***************
request method: OPTIONS
request originalUrl:  /api/buildings/save?token=eyJhbGciOiJIUzI1NiIsInR5cCI6IkpXVCJ9.eyJkYXRhIjp7ImlkIjoiYjZmYWJlNDYtZTlmNS00NGZlLTkyMzYtODY2MjRkMzQyMTY1IiwibmFtZSI6ImFkbWluIiwiZ2VuZGVyIjp0cnVlLCJlbWFpbCI6IjM3ODMzODYyN0BxcS5jb20ifSwiaWF0IjoxNDk5ODQyNDM2LCJleHAiOjE0OTk5Mjg4MzZ9.JBqfULf5wxZ0QVSlq4Gm1bte-ktmNNNQc2KtEJ9uFdA
request client ip:  ::ffff:127.0.0.1
request body: 
{}
response time: 13
response status: 204
response body: 
undefined
*************** response log end ***************

[2017-07-13 11:00:47.337] [INFO] resLogger - 
*************** response log start ***************
request method: POST
request originalUrl:  /api/buildings/save?token=eyJhbGciOiJIUzI1NiIsInR5cCI6IkpXVCJ9.eyJkYXRhIjp7ImlkIjoiYjZmYWJlNDYtZTlmNS00NGZlLTkyMzYtODY2MjRkMzQyMTY1IiwibmFtZSI6ImFkbWluIiwiZ2VuZGVyIjp0cnVlLCJlbWFpbCI6IjM3ODMzODYyN0BxcS5jb20ifSwiaWF0IjoxNDk5ODQyNDM2LCJleHAiOjE0OTk5Mjg4MzZ9.JBqfULf5wxZ0QVSlq4Gm1bte-ktmNNNQc2KtEJ9uFdA
request client ip:  ::ffff:127.0.0.1
request body: 
{"name":"13","address":"13","minfloor":13,"maxfloor":13}
response time: 56
response status: 200
response body: 
{"status":500}
*************** response log end ***************

[2017-07-13 11:00:53.278] [INFO] resLogger - 
*************** response log start ***************
request method: OPTIONS
request originalUrl:  /api/buildings/save?token=eyJhbGciOiJIUzI1NiIsInR5cCI6IkpXVCJ9.eyJkYXRhIjp7ImlkIjoiYjZmYWJlNDYtZTlmNS00NGZlLTkyMzYtODY2MjRkMzQyMTY1IiwibmFtZSI6ImFkbWluIiwiZ2VuZGVyIjp0cnVlLCJlbWFpbCI6IjM3ODMzODYyN0BxcS5jb20ifSwiaWF0IjoxNDk5ODQyNDM2LCJleHAiOjE0OTk5Mjg4MzZ9.JBqfULf5wxZ0QVSlq4Gm1bte-ktmNNNQc2KtEJ9uFdA
request client ip:  ::ffff:127.0.0.1
request body: 
{}
response time: 4
response status: 204
response body: 
undefined
*************** response log end ***************

[2017-07-13 11:00:53.367] [INFO] resLogger - 
*************** response log start ***************
request method: POST
request originalUrl:  /api/buildings/save?token=eyJhbGciOiJIUzI1NiIsInR5cCI6IkpXVCJ9.eyJkYXRhIjp7ImlkIjoiYjZmYWJlNDYtZTlmNS00NGZlLTkyMzYtODY2MjRkMzQyMTY1IiwibmFtZSI6ImFkbWluIiwiZ2VuZGVyIjp0cnVlLCJlbWFpbCI6IjM3ODMzODYyN0BxcS5jb20ifSwiaWF0IjoxNDk5ODQyNDM2LCJleHAiOjE0OTk5Mjg4MzZ9.JBqfULf5wxZ0QVSlq4Gm1bte-ktmNNNQc2KtEJ9uFdA
request client ip:  ::ffff:127.0.0.1
request body: 
{"name":"13","address":"13","minfloor":13,"maxfloor":13}
response time: 84
response status: 200
response body: 
{"status":500}
*************** response log end ***************

[2017-07-13 11:00:53.811] [INFO] resLogger - 
*************** response log start ***************
request method: POST
request originalUrl:  /api/buildings/save?token=eyJhbGciOiJIUzI1NiIsInR5cCI6IkpXVCJ9.eyJkYXRhIjp7ImlkIjoiYjZmYWJlNDYtZTlmNS00NGZlLTkyMzYtODY2MjRkMzQyMTY1IiwibmFtZSI6ImFkbWluIiwiZ2VuZGVyIjp0cnVlLCJlbWFpbCI6IjM3ODMzODYyN0BxcS5jb20ifSwiaWF0IjoxNDk5ODQyNDM2LCJleHAiOjE0OTk5Mjg4MzZ9.JBqfULf5wxZ0QVSlq4Gm1bte-ktmNNNQc2KtEJ9uFdA
request client ip:  ::ffff:127.0.0.1
request body: 
{"name":"13","address":"13","minfloor":13,"maxfloor":13}
response time: 77
response status: 200
response body: 
{"status":500}
*************** response log end ***************

[2017-07-13 11:00:54.315] [INFO] resLogger - 
*************** response log start ***************
request method: POST
request originalUrl:  /api/buildings/save?token=eyJhbGciOiJIUzI1NiIsInR5cCI6IkpXVCJ9.eyJkYXRhIjp7ImlkIjoiYjZmYWJlNDYtZTlmNS00NGZlLTkyMzYtODY2MjRkMzQyMTY1IiwibmFtZSI6ImFkbWluIiwiZ2VuZGVyIjp0cnVlLCJlbWFpbCI6IjM3ODMzODYyN0BxcS5jb20ifSwiaWF0IjoxNDk5ODQyNDM2LCJleHAiOjE0OTk5Mjg4MzZ9.JBqfULf5wxZ0QVSlq4Gm1bte-ktmNNNQc2KtEJ9uFdA
request client ip:  ::ffff:127.0.0.1
request body: 
{"name":"13","address":"13","minfloor":13,"maxfloor":13}
response time: 43
response status: 200
response body: 
{"status":500}
*************** response log end ***************

[2017-07-13 11:00:54.724] [INFO] resLogger - 
*************** response log start ***************
request method: POST
request originalUrl:  /api/buildings/save?token=eyJhbGciOiJIUzI1NiIsInR5cCI6IkpXVCJ9.eyJkYXRhIjp7ImlkIjoiYjZmYWJlNDYtZTlmNS00NGZlLTkyMzYtODY2MjRkMzQyMTY1IiwibmFtZSI6ImFkbWluIiwiZ2VuZGVyIjp0cnVlLCJlbWFpbCI6IjM3ODMzODYyN0BxcS5jb20ifSwiaWF0IjoxNDk5ODQyNDM2LCJleHAiOjE0OTk5Mjg4MzZ9.JBqfULf5wxZ0QVSlq4Gm1bte-ktmNNNQc2KtEJ9uFdA
request client ip:  ::ffff:127.0.0.1
request body: 
{"name":"13","address":"13","minfloor":13,"maxfloor":13}
response time: 33
response status: 200
response body: 
{"status":500}
*************** response log end ***************

[2017-07-13 11:03:39.443] [INFO] resLogger - 
*************** response log start ***************
request method: OPTIONS
request originalUrl:  /api/buildings/save?token=eyJhbGciOiJIUzI1NiIsInR5cCI6IkpXVCJ9.eyJkYXRhIjp7ImlkIjoiYjZmYWJlNDYtZTlmNS00NGZlLTkyMzYtODY2MjRkMzQyMTY1IiwibmFtZSI6ImFkbWluIiwiZ2VuZGVyIjp0cnVlLCJlbWFpbCI6IjM3ODMzODYyN0BxcS5jb20ifSwiaWF0IjoxNDk5ODQyNDM2LCJleHAiOjE0OTk5Mjg4MzZ9.JBqfULf5wxZ0QVSlq4Gm1bte-ktmNNNQc2KtEJ9uFdA
request client ip:  ::ffff:127.0.0.1
request body: 
{}
response time: 6
response status: 204
response body: 
undefined
*************** response log end ***************

[2017-07-13 11:03:39.736] [INFO] resLogger - 
*************** response log start ***************
request method: POST
request originalUrl:  /api/buildings/save?token=eyJhbGciOiJIUzI1NiIsInR5cCI6IkpXVCJ9.eyJkYXRhIjp7ImlkIjoiYjZmYWJlNDYtZTlmNS00NGZlLTkyMzYtODY2MjRkMzQyMTY1IiwibmFtZSI6ImFkbWluIiwiZ2VuZGVyIjp0cnVlLCJlbWFpbCI6IjM3ODMzODYyN0BxcS5jb20ifSwiaWF0IjoxNDk5ODQyNDM2LCJleHAiOjE0OTk5Mjg4MzZ9.JBqfULf5wxZ0QVSlq4Gm1bte-ktmNNNQc2KtEJ9uFdA
request client ip:  ::ffff:127.0.0.1
request body: 
{"name":"13","address":"13","minfloor":13,"maxfloor":13}
response time: 245
response status: 200
response body: 
{"name":"needUniqueBuildingName","status":90001,"message":"办公楼名称重复"}
*************** response log end ***************

[2017-07-13 11:04:26.244] [INFO] resLogger - 
*************** response log start ***************
request method: GET
request originalUrl:  /api/user/?token=eyJhbGciOiJIUzI1NiIsInR5cCI6IkpXVCJ9.eyJkYXRhIjp7ImlkIjoiYjZmYWJlNDYtZTlmNS00NGZlLTkyMzYtODY2MjRkMzQyMTY1IiwibmFtZSI6ImFkbWluIiwiZ2VuZGVyIjp0cnVlLCJlbWFpbCI6IjM3ODMzODYyN0BxcS5jb20ifSwiaWF0IjoxNDk5ODQyNDM2LCJleHAiOjE0OTk5Mjg4MzZ9.JBqfULf5wxZ0QVSlq4Gm1bte-ktmNNNQc2KtEJ9uFdA
request client ip:  ::ffff:127.0.0.1
request query:  {"token":"eyJhbGciOiJIUzI1NiIsInR5cCI6IkpXVCJ9.eyJkYXRhIjp7ImlkIjoiYjZmYWJlNDYtZTlmNS00NGZlLTkyMzYtODY2MjRkMzQyMTY1IiwibmFtZSI6ImFkbWluIiwiZ2VuZGVyIjp0cnVlLCJlbWFpbCI6IjM3ODMzODYyN0BxcS5jb20ifSwiaWF0IjoxNDk5ODQyNDM2LCJleHAiOjE0OTk5Mjg4MzZ9.JBqfULf5wxZ0QVSlq4Gm1bte-ktmNNNQc2KtEJ9uFdA"}
response time: 279
response status: 200
response body: 
{"status":0,"data":{"name":"admin","email":"378338627@qq.com","password":"$2a$10$FNCDVOCK4wLk1hIJqHTWlu5N1.frRtUYAt.V/RLZorxWuTWTea/3W","gender":true,"token":"eyJhbGciOiJIUzI1NiIsInR5cCI6IkpXVCJ9.eyJkYXRhIjp7ImlkIjoiYjZmYWJlNDYtZTlmNS00NGZlLTkyMzYtODY2MjRkMzQyMTY1IiwibmFtZSI6ImFkbWluIiwiZ2VuZGVyIjp0cnVlLCJlbWFpbCI6IjM3ODMzODYyN0BxcS5jb20ifSwiaWF0IjoxNDk5ODQyNDM2LCJleHAiOjE0OTk5Mjg4MzZ9.JBqfULf5wxZ0QVSlq4Gm1bte-ktmNNNQc2KtEJ9uFdA","id":"b6fabe46-e9f5-44fe-9236-86624d342165","createdAt":1499418880181,"updatedAt":1499418880181,"version":0}}
*************** response log end ***************

[2017-07-13 11:04:30.310] [INFO] resLogger - 
*************** response log start ***************
request method: OPTIONS
request originalUrl:  /api/buildings/save?token=eyJhbGciOiJIUzI1NiIsInR5cCI6IkpXVCJ9.eyJkYXRhIjp7ImlkIjoiYjZmYWJlNDYtZTlmNS00NGZlLTkyMzYtODY2MjRkMzQyMTY1IiwibmFtZSI6ImFkbWluIiwiZ2VuZGVyIjp0cnVlLCJlbWFpbCI6IjM3ODMzODYyN0BxcS5jb20ifSwiaWF0IjoxNDk5ODQyNDM2LCJleHAiOjE0OTk5Mjg4MzZ9.JBqfULf5wxZ0QVSlq4Gm1bte-ktmNNNQc2KtEJ9uFdA
request client ip:  ::ffff:127.0.0.1
request body: 
{}
response time: 5
response status: 204
response body: 
undefined
*************** response log end ***************

[2017-07-13 11:04:30.426] [INFO] resLogger - 
*************** response log start ***************
request method: POST
request originalUrl:  /api/buildings/save?token=eyJhbGciOiJIUzI1NiIsInR5cCI6IkpXVCJ9.eyJkYXRhIjp7ImlkIjoiYjZmYWJlNDYtZTlmNS00NGZlLTkyMzYtODY2MjRkMzQyMTY1IiwibmFtZSI6ImFkbWluIiwiZ2VuZGVyIjp0cnVlLCJlbWFpbCI6IjM3ODMzODYyN0BxcS5jb20ifSwiaWF0IjoxNDk5ODQyNDM2LCJleHAiOjE0OTk5Mjg4MzZ9.JBqfULf5wxZ0QVSlq4Gm1bte-ktmNNNQc2KtEJ9uFdA
request client ip:  ::ffff:127.0.0.1
request body: 
{"name":"13","address":"13","minfloor":13,"maxfloor":13}
response time: 106
response status: 200
response body: 
{"name":"needUniqueBuildingName","status":90001,"message":"办公楼名称重复"}
*************** response log end ***************

[2017-07-13 11:04:41.405] [INFO] resLogger - 
*************** response log start ***************
request method: OPTIONS
request originalUrl:  /api/buildings/save?token=eyJhbGciOiJIUzI1NiIsInR5cCI6IkpXVCJ9.eyJkYXRhIjp7ImlkIjoiYjZmYWJlNDYtZTlmNS00NGZlLTkyMzYtODY2MjRkMzQyMTY1IiwibmFtZSI6ImFkbWluIiwiZ2VuZGVyIjp0cnVlLCJlbWFpbCI6IjM3ODMzODYyN0BxcS5jb20ifSwiaWF0IjoxNDk5ODQyNDM2LCJleHAiOjE0OTk5Mjg4MzZ9.JBqfULf5wxZ0QVSlq4Gm1bte-ktmNNNQc2KtEJ9uFdA
request client ip:  ::ffff:127.0.0.1
request body: 
{}
response time: 4
response status: 204
response body: 
undefined
*************** response log end ***************

[2017-07-13 11:04:41.608] [INFO] resLogger - 
*************** response log start ***************
request method: POST
request originalUrl:  /api/buildings/save?token=eyJhbGciOiJIUzI1NiIsInR5cCI6IkpXVCJ9.eyJkYXRhIjp7ImlkIjoiYjZmYWJlNDYtZTlmNS00NGZlLTkyMzYtODY2MjRkMzQyMTY1IiwibmFtZSI6ImFkbWluIiwiZ2VuZGVyIjp0cnVlLCJlbWFpbCI6IjM3ODMzODYyN0BxcS5jb20ifSwiaWF0IjoxNDk5ODQyNDM2LCJleHAiOjE0OTk5Mjg4MzZ9.JBqfULf5wxZ0QVSlq4Gm1bte-ktmNNNQc2KtEJ9uFdA
request client ip:  ::ffff:127.0.0.1
request body: 
{"name":"13","address":"13","minfloor":13,"maxfloor":13}
response time: 194
response status: 200
response body: 
{"name":"needUniqueBuildingName","status":90001,"message":"办公楼名称重复"}
*************** response log end ***************

[2017-07-13 11:06:49.208] [INFO] resLogger - 
*************** response log start ***************
request method: GET
request originalUrl:  /
request client ip:  ::ffff:127.0.0.1
request query:  {}
response time: 7
response status: 200
response body: 
{"name":"jwtError","status":10003,"message":"身份验证错误"}
*************** response log end ***************

[2017-07-13 11:08:11.730] [INFO] resLogger - 
*************** response log start ***************
request method: OPTIONS
request originalUrl:  /api/buildings/save?token=eyJhbGciOiJIUzI1NiIsInR5cCI6IkpXVCJ9.eyJkYXRhIjp7ImlkIjoiYjZmYWJlNDYtZTlmNS00NGZlLTkyMzYtODY2MjRkMzQyMTY1IiwibmFtZSI6ImFkbWluIiwiZ2VuZGVyIjp0cnVlLCJlbWFpbCI6IjM3ODMzODYyN0BxcS5jb20ifSwiaWF0IjoxNDk5ODQyNDM2LCJleHAiOjE0OTk5Mjg4MzZ9.JBqfULf5wxZ0QVSlq4Gm1bte-ktmNNNQc2KtEJ9uFdA
request client ip:  ::ffff:127.0.0.1
request body: 
{}
response time: 7
response status: 204
response body: 
undefined
*************** response log end ***************

[2017-07-13 11:08:11.804] [INFO] resLogger - 
*************** response log start ***************
request method: POST
request originalUrl:  /api/buildings/save?token=eyJhbGciOiJIUzI1NiIsInR5cCI6IkpXVCJ9.eyJkYXRhIjp7ImlkIjoiYjZmYWJlNDYtZTlmNS00NGZlLTkyMzYtODY2MjRkMzQyMTY1IiwibmFtZSI6ImFkbWluIiwiZ2VuZGVyIjp0cnVlLCJlbWFpbCI6IjM3ODMzODYyN0BxcS5jb20ifSwiaWF0IjoxNDk5ODQyNDM2LCJleHAiOjE0OTk5Mjg4MzZ9.JBqfULf5wxZ0QVSlq4Gm1bte-ktmNNNQc2KtEJ9uFdA
request client ip:  ::ffff:127.0.0.1
request body: 
{"name":"13","address":"13","minfloor":13,"maxfloor":13}
response time: 69
response status: 200
response body: 
{"name":"needUniqueBuildingName","status":90001,"message":"办公楼名称重复"}
*************** response log end ***************

[2017-07-13 11:10:28.156] [INFO] resLogger - 
*************** response log start ***************
request method: GET
request originalUrl:  /api/user/?token=eyJhbGciOiJIUzI1NiIsInR5cCI6IkpXVCJ9.eyJkYXRhIjp7ImlkIjoiYjZmYWJlNDYtZTlmNS00NGZlLTkyMzYtODY2MjRkMzQyMTY1IiwibmFtZSI6ImFkbWluIiwiZ2VuZGVyIjp0cnVlLCJlbWFpbCI6IjM3ODMzODYyN0BxcS5jb20ifSwiaWF0IjoxNDk5ODQyNDM2LCJleHAiOjE0OTk5Mjg4MzZ9.JBqfULf5wxZ0QVSlq4Gm1bte-ktmNNNQc2KtEJ9uFdA
request client ip:  ::ffff:127.0.0.1
request query:  {"token":"eyJhbGciOiJIUzI1NiIsInR5cCI6IkpXVCJ9.eyJkYXRhIjp7ImlkIjoiYjZmYWJlNDYtZTlmNS00NGZlLTkyMzYtODY2MjRkMzQyMTY1IiwibmFtZSI6ImFkbWluIiwiZ2VuZGVyIjp0cnVlLCJlbWFpbCI6IjM3ODMzODYyN0BxcS5jb20ifSwiaWF0IjoxNDk5ODQyNDM2LCJleHAiOjE0OTk5Mjg4MzZ9.JBqfULf5wxZ0QVSlq4Gm1bte-ktmNNNQc2KtEJ9uFdA"}
response time: 453
response status: 200
response body: 
{"status":0,"data":{"name":"admin","email":"378338627@qq.com","password":"$2a$10$FNCDVOCK4wLk1hIJqHTWlu5N1.frRtUYAt.V/RLZorxWuTWTea/3W","gender":true,"token":"eyJhbGciOiJIUzI1NiIsInR5cCI6IkpXVCJ9.eyJkYXRhIjp7ImlkIjoiYjZmYWJlNDYtZTlmNS00NGZlLTkyMzYtODY2MjRkMzQyMTY1IiwibmFtZSI6ImFkbWluIiwiZ2VuZGVyIjp0cnVlLCJlbWFpbCI6IjM3ODMzODYyN0BxcS5jb20ifSwiaWF0IjoxNDk5ODQyNDM2LCJleHAiOjE0OTk5Mjg4MzZ9.JBqfULf5wxZ0QVSlq4Gm1bte-ktmNNNQc2KtEJ9uFdA","id":"b6fabe46-e9f5-44fe-9236-86624d342165","createdAt":1499418880181,"updatedAt":1499418880181,"version":0}}
*************** response log end ***************

[2017-07-13 11:58:44.269] [INFO] resLogger - 
*************** response log start ***************
request method: OPTIONS
request originalUrl:  /api/buildings/save?token=eyJhbGciOiJIUzI1NiIsInR5cCI6IkpXVCJ9.eyJkYXRhIjp7ImlkIjoiYjZmYWJlNDYtZTlmNS00NGZlLTkyMzYtODY2MjRkMzQyMTY1IiwibmFtZSI6ImFkbWluIiwiZ2VuZGVyIjp0cnVlLCJlbWFpbCI6IjM3ODMzODYyN0BxcS5jb20ifSwiaWF0IjoxNDk5ODQyNDM2LCJleHAiOjE0OTk5Mjg4MzZ9.JBqfULf5wxZ0QVSlq4Gm1bte-ktmNNNQc2KtEJ9uFdA
request client ip:  ::ffff:127.0.0.1
request body: 
{}
response time: 4
response status: 204
response body: 
undefined
*************** response log end ***************

[2017-07-13 11:58:44.410] [INFO] resLogger - 
*************** response log start ***************
request method: POST
request originalUrl:  /api/buildings/save?token=eyJhbGciOiJIUzI1NiIsInR5cCI6IkpXVCJ9.eyJkYXRhIjp7ImlkIjoiYjZmYWJlNDYtZTlmNS00NGZlLTkyMzYtODY2MjRkMzQyMTY1IiwibmFtZSI6ImFkbWluIiwiZ2VuZGVyIjp0cnVlLCJlbWFpbCI6IjM3ODMzODYyN0BxcS5jb20ifSwiaWF0IjoxNDk5ODQyNDM2LCJleHAiOjE0OTk5Mjg4MzZ9.JBqfULf5wxZ0QVSlq4Gm1bte-ktmNNNQc2KtEJ9uFdA
request client ip:  ::ffff:127.0.0.1
request body: 
{"name":"15","address":"15","minfloor":15,"maxfloor":13}
response time: 68
response status: 200
response body: 
{"name":"buildingNotNull","status":90003,"message":"必填的输入值不能为空"}
*************** response log end ***************

