[2018-08-13 10:00:02.575] [INFO] resLogger - 
*************** response log start ***************
request method: OPTIONS
request originalUrl:  /api/authinrole/check
request client ip:  ::ffff:127.0.0.1
request body: 
{}
response time: 4
response status: 204
response body: 
undefined
*************** response log end ***************

[2018-08-13 10:00:02.616] [INFO] resLogger - 
*************** response log start ***************
request method: POST
request originalUrl:  /api/authinrole/check
request client ip:  ::ffff:127.0.0.1
request body: 
{"func":"order","op":"list"}
response time: 30
response status: 200
response body: 
{"status":0}
*************** response log end ***************

[2018-08-13 10:00:02.663] [INFO] resLogger - 
*************** response log start ***************
request method: GET
request originalUrl:  /api/order/list/page/1/time/1534089600000
request client ip:  ::ffff:127.0.0.1
request query:  {}
response time: 28
response status: 200
response body: 
{"status":0,"data":[{"no":"20180813000","custom_name":"园林","custom_phone":"02266621357","incoming_time":1534124958000,"custom_corporation":"d016201e-2c29-4d9f-8caa-4da5a7b279e9","custom_position":"3f26dfff-62fa-4df9-84aa-32becdffce35","remark":null,"status":1,"needs":"[{\"type\":{\"id\":\"e6890530-4629-406f-a3fb-d8e2a293320b\",\"name\":\"硬件\",\"code\":\"HARDWARE\"},\"equipment\":{\"name\":\"打印机\",\"value\":\"打印机\"},\"op\":{\"id\":\"a3f97b89-ca2f-4be8-841f-8a9b95ca891e\",\"name\":\"连接\",\"code\":\"CONNECT\"},\"no\":1}]","id":"ca95f6c3-7ac7-4ea7-b948-b5108ca3bf93","createdAt":1534125002011,"updatedAt":1534125002011,"version":0,"corporation":{"name":"园林公司","description":"园林公司","status":1,"groupId":"f0c37d6d-c922-4617-befd-aa51ad85d7c5","id":"d016201e-2c29-4d9f-8caa-4da5a7b279e9","createdAt":1515648909620,"updatedAt":1515648909620,"version":0},"corpBuilding":{"corporationId":"d016201e-2c29-4d9f-8caa-4da5a7b279e9","buildingId":"6a9bcf38-e15c-4669-8dbd-bd48bfad4623","floor":6,"position":"W","status":1,"id":"3f26dfff-62fa-4df9-84aa-32becdffce35","createdAt":1515648998838,"updatedAt":1515648998838,"version":0,"building":{"name":"商务大厦北楼","address":"北","minfloor":1,"maxfloor":15,"status":1,"id":"6a9bcf38-e15c-4669-8dbd-bd48bfad4623","createdAt":1515633153519,"updatedAt":1515633153519,"version":0}}}],"total":1}
*************** response log end ***************

[2018-08-13 10:00:04.071] [INFO] resLogger - 
*************** response log start ***************
request method: POST
request originalUrl:  /api/authinrole/check
request client ip:  ::ffff:127.0.0.1
request body: 
{"func":"order","op":"list"}
response time: 17
response status: 200
response body: 
{"status":0}
*************** response log end ***************

[2018-08-13 10:00:04.139] [INFO] resLogger - 
*************** response log start ***************
request method: GET
request originalUrl:  /api/order/ca95f6c3-7ac7-4ea7-b948-b5108ca3bf93
request client ip:  ::ffff:127.0.0.1
request query:  {}
response time: 29
response status: 200
response body: 
{"status":0,"data":{"no":"20180813000","custom_name":"园林","custom_phone":"02266621357","incoming_time":1534124958000,"custom_corporation":"d016201e-2c29-4d9f-8caa-4da5a7b279e9","custom_position":"3f26dfff-62fa-4df9-84aa-32becdffce35","remark":null,"status":1,"needs":"[{\"type\":{\"id\":\"e6890530-4629-406f-a3fb-d8e2a293320b\",\"name\":\"硬件\",\"code\":\"HARDWARE\"},\"equipment\":{\"name\":\"打印机\",\"value\":\"打印机\"},\"op\":{\"id\":\"a3f97b89-ca2f-4be8-841f-8a9b95ca891e\",\"name\":\"连接\",\"code\":\"CONNECT\"},\"no\":1}]","id":"ca95f6c3-7ac7-4ea7-b948-b5108ca3bf93","createdAt":1534125002011,"updatedAt":1534125002011,"version":0,"corporation":{"name":"园林公司","description":"园林公司","status":1,"groupId":"f0c37d6d-c922-4617-befd-aa51ad85d7c5","id":"d016201e-2c29-4d9f-8caa-4da5a7b279e9","createdAt":1515648909620,"updatedAt":1515648909620,"version":0},"corpBuilding":{"corporationId":"d016201e-2c29-4d9f-8caa-4da5a7b279e9","buildingId":"6a9bcf38-e15c-4669-8dbd-bd48bfad4623","floor":6,"position":"W","status":1,"id":"3f26dfff-62fa-4df9-84aa-32becdffce35","createdAt":1515648998838,"updatedAt":1515648998838,"version":0,"building":{"name":"商务大厦北楼","address":"北","minfloor":1,"maxfloor":15,"status":1,"id":"6a9bcf38-e15c-4669-8dbd-bd48bfad4623","createdAt":1515633153519,"updatedAt":1515633153519,"version":0}},"operations":[{"orderId":"ca95f6c3-7ac7-4ea7-b948-b5108ca3bf93","important":false,"op":"a3f97b89-ca2f-4be8-841f-8a9b95ca891e","no":"20180813000","create_time":1534124958000,"remark":"","status":1,"id":"65ec8456-a33a-4e6e-a3b0-a230b15f313c","createdAt":1534125002169,"updatedAt":1534125002169,"version":0,"businessContent":{"type":"HARDWARE","equipment":"打印机","operation":"CONNECT","isAdvanced":null,"weight":5,"remark":null,"status":1,"sequence":1,"id":"a3f97b89-ca2f-4be8-841f-8a9b95ca891e","createdAt":1517189230921,"updatedAt":1525738301504,"version":2,"equipOp":{"name":"连接","code":"CONNECT","id":"c7c1a6a9-3b22-4868-87ef-848de64eb1c3","createdAt":1515648604654,"updatedAt":1515648604654,"version":0}},"actions":[{"operationId":"65ec8456-a33a-4e6e-a3b0-a230b15f313c","call_time":1534124958000,"start_time":1534125018000,"end_time":null,"worker":"e096a454-4426-400f-92ad-9726744236c0","operationStart":null,"operationComplete":0,"status":1,"id":"afc8011e-6bc3-4747-8abf-eab61811abe0","createdAt":1534125002306,"updatedAt":1534125002306,"version":0,"user":{"name":"朱亚亮","email":"378338627@qq.com","phone":"15822927208","password":"$2a$10$tkDWWL9Mkz9AUFRa.zS/suzNbr.PYt8dYnZloNBj4mkVHyh/kIvM6","gender":true,"token":"eyJhbGciOiJIUzI1NiIsInR5cCI6IkpXVCJ9.eyJkYXRhIjp7ImlkIjoiZTA5NmE0NTQtNDQyNi00MDBmLTkyYWQtOTcyNjc0NDIzNmMwIiwibmFtZSI6IuacseS6muS6riJ9LCJpYXQiOjE1MzQxMjM5NTAsImV4cCI6MTUzNDcyODc1MH0.3Rj17maTK1TH34jl5fa14icZRsKDIgxg61P2hzQS9Cs","canLogin":true,"status":1,"roleId":"aa7eeae7-8d60-40fb-95ad-e55495ffd845","avatar":null,"avatarUseImg":null,"id":"e096a454-4426-400f-92ad-9726744236c0","createdAt":1515633151464,"updatedAt":1534123950920,"version":93}}]}]}}
*************** response log end ***************

[2018-08-13 10:00:04.183] [INFO] resLogger - 
*************** response log start ***************
request method: GET
request originalUrl:  /api/groups/list
request client ip:  ::ffff:127.0.0.1
request query:  {}
response time: 15
response status: 200
response body: 
{"status":0,"data":[{"name":"管委会","description":"group1","status":1,"id":"52505514-1b27-449f-b575-55b32fd1280f","createdAt":1515633151465,"updatedAt":1515633151465,"version":0},{"name":"控股","description":"group2","status":1,"id":"f0c37d6d-c922-4617-befd-aa51ad85d7c5","createdAt":1515633152227,"updatedAt":1515633152227,"version":0},{"name":"临港清华附属小学","description":"临港清华附属小学","status":1,"id":"76a550ce-0788-4e2f-b3b8-875f9a62692c","createdAt":1515737019104,"updatedAt":1515737019104,"version":0},{"name":"宜湾酒店","description":"宜湾酒店","status":1,"id":"384fb1a2-33c9-4577-96f8-02dd6030e93a","createdAt":1528250664116,"updatedAt":1528250664116,"version":0}],"total":4}
*************** response log end ***************

[2018-08-13 10:00:04.223] [INFO] resLogger - 
*************** response log start ***************
request method: GET
request originalUrl:  /api/corporations/list?group=f0c37d6d-c922-4617-befd-aa51ad85d7c5
request client ip:  ::ffff:127.0.0.1
request query:  {"group":"f0c37d6d-c922-4617-befd-aa51ad85d7c5"}
response time: 17
response status: 200
response body: 
{"status":0,"data":[{"name":"控股公司","description":"控股公司","status":1,"groupId":"f0c37d6d-c922-4617-befd-aa51ad85d7c5","id":"fbbf7c59-f08c-445b-a4f0-e2fa977117e8","createdAt":1515633158111,"updatedAt":1515633158111,"version":0,"group":{"name":"控股","description":"group2","status":1,"id":"f0c37d6d-c922-4617-befd-aa51ad85d7c5","createdAt":1515633152227,"updatedAt":1515633152227,"version":0}},{"name":"融资租赁公司","description":"融资租赁公司","status":1,"groupId":"f0c37d6d-c922-4617-befd-aa51ad85d7c5","id":"4f3b67d7-40f2-4377-86ba-e9775e728f64","createdAt":1515633158201,"updatedAt":1520564750982,"version":1,"group":{"name":"控股","description":"group2","status":1,"id":"f0c37d6d-c922-4617-befd-aa51ad85d7c5","createdAt":1515633152227,"updatedAt":1515633152227,"version":0}},{"name":"公用事业公司","description":"公用事业公司","status":1,"groupId":"f0c37d6d-c922-4617-befd-aa51ad85d7c5","id":"4599eaf8-68f6-4fd5-bf10-1d152e2b28fe","createdAt":1515633158411,"updatedAt":1523927186242,"version":2,"group":{"name":"控股","description":"group2","status":1,"id":"f0c37d6d-c922-4617-befd-aa51ad85d7c5","createdAt":1515633152227,"updatedAt":1515633152227,"version":0}},{"name":"建设公司","description":"建设公司","status":1,"groupId":"f0c37d6d-c922-4617-befd-aa51ad85d7c5","id":"53fa2bd9-bc42-4582-a5c3-38f8d8dad229","createdAt":1515633158488,"updatedAt":1515633158488,"version":0,"group":{"name":"控股","description":"group2","status":1,"id":"f0c37d6d-c922-4617-befd-aa51ad85d7c5","createdAt":1515633152227,"updatedAt":1515633152227,"version":0}},{"name":"投资公司","description":"投资公司","status":1,"groupId":"f0c37d6d-c922-4617-befd-aa51ad85d7c5","id":"73a751ce-1f60-42ce-a5ee-501712eef1f4","createdAt":1515633160114,"updatedAt":1515633160114,"version":0,"group":{"name":"控股","description":"group2","status":1,"id":"f0c37d6d-c922-4617-befd-aa51ad85d7c5","createdAt":1515633152227,"updatedAt":1515633152227,"version":0}},{"name":"园林公司","description":"园林公司","status":1,"groupId":"f0c37d6d-c922-4617-befd-aa51ad85d7c5","id":"d016201e-2c29-4d9f-8caa-4da5a7b279e9","createdAt":1515648909620,"updatedAt":1515648909620,"version":0,"group":{"name":"控股","description":"group2","status":1,"id":"f0c37d6d-c922-4617-befd-aa51ad85d7c5","createdAt":1515633152227,"updatedAt":1515633152227,"version":0}},{"name":"基金公司","description":"基金公司","status":1,"groupId":"f0c37d6d-c922-4617-befd-aa51ad85d7c5","id":"f0fd30bb-479c-44db-8413-ab39b32da748","createdAt":1515650970327,"updatedAt":1515650970327,"version":0,"group":{"name":"控股","description":"group2","status":1,"id":"f0c37d6d-c922-4617-befd-aa51ad85d7c5","createdAt":1515633152227,"updatedAt":1515633152227,"version":0}},{"name":"园区运营公司","description":"园区运营公司","status":1,"groupId":"f0c37d6d-c922-4617-befd-aa51ad85d7c5","id":"1c52efa6-abbe-4114-95a6-c1125d762446","createdAt":1515981270653,"updatedAt":1515981270653,"version":0,"group":{"name":"控股","description":"group2","status":1,"id":"f0c37d6d-c922-4617-befd-aa51ad85d7c5","createdAt":1515633152227,"updatedAt":1515633152227,"version":0}},{"name":"高新公司","description":"高新","status":1,"groupId":"f0c37d6d-c922-4617-befd-aa51ad85d7c5","id":"89cce940-1268-4690-abe4-3b3b14fb0cde","createdAt":1516607211910,"updatedAt":1516607211910,"version":0,"group":{"name":"控股","description":"group2","status":1,"id":"f0c37d6d-c922-4617-befd-aa51ad85d7c5","createdAt":1515633152227,"updatedAt":1515633152227,"version":0}},{"name":"置地公司","description":"置地公司","status":1,"groupId":"f0c37d6d-c922-4617-befd-aa51ad85d7c5","id":"4b2362eb-a9fd-414c-8c31-ad335e81105b","createdAt":1516670902936,"updatedAt":1520565001347,"version":2,"group":{"name":"控股","description":"group2","status":1,"id":"f0c37d6d-c922-4617-befd-aa51ad85d7c5","createdAt":1515633152227,"updatedAt":1515633152227,"version":0}},{"name":"铁路公司","description":"铁路公司","status":1,"groupId":"f0c37d6d-c922-4617-befd-aa51ad85d7c5","id":"f15181ba-7881-4536-9902-f0588e0c1e17","createdAt":1516670976469,"updatedAt":1516670976469,"version":0,"group":{"name":"控股","description":"group2","status":1,"id":"f0c37d6d-c922-4617-befd-aa51ad85d7c5","createdAt":1515633152227,"updatedAt":1515633152227,"version":0}},{"name":"港务公司","description":"港务公司","status":1,"groupId":"f0c37d6d-c922-4617-befd-aa51ad85d7c5","id":"268041ad-f79c-4c6a-858d-091c3a77ac59","createdAt":1516670996611,"updatedAt":1516670996611,"version":0,"group":{"name":"控股","description":"group2","status":1,"id":"f0c37d6d-c922-4617-befd-aa51ad85d7c5","createdAt":1515633152227,"updatedAt":1515633152227,"version":0}},{"name":"粮交所","description":"粮交所","status":1,"groupId":"f0c37d6d-c922-4617-befd-aa51ad85d7c5","id":"76e565af-f8c3-4798-bee7-3342bd079231","createdAt":1516671019340,"updatedAt":1520564697710,"version":1,"group":{"name":"控股","description":"group2","status":1,"id":"f0c37d6d-c922-4617-befd-aa51ad85d7c5","createdAt":1515633152227,"updatedAt":1515633152227,"version":0}},{"name":"信息公司","description":"信息公司","status":1,"groupId":"f0c37d6d-c922-4617-befd-aa51ad85d7c5","id":"38c3e49a-0e5d-4390-9f14-e9cae95f365f","createdAt":1516671101244,"updatedAt":1520564729149,"version":1,"group":{"name":"控股","description":"group2","status":1,"id":"f0c37d6d-c922-4617-befd-aa51ad85d7c5","createdAt":1515633152227,"updatedAt":1515633152227,"version":0}},{"name":"城市资源公司","description":"城市资源","status":1,"groupId":"f0c37d6d-c922-4617-befd-aa51ad85d7c5","id":"9eaf4c3b-0a1d-488a-a575-cf7772c21135","createdAt":1516671126558,"updatedAt":1520564922535,"version":1,"group":{"name":"控股","description":"group2","status":1,"id":"f0c37d6d-c922-4617-befd-aa51ad85d7c5","createdAt":1515633152227,"updatedAt":1515633152227,"version":0}},{"name":"物流商贸公司","description":"物流商贸","status":1,"groupId":"f0c37d6d-c922-4617-befd-aa51ad85d7c5","id":"d988a340-24ec-4f49-ba6a-98514328a07a","createdAt":1517196815376,"updatedAt":1517196815376,"version":0,"group":{"name":"控股","description":"group2","status":1,"id":"f0c37d6d-c922-4617-befd-aa51ad85d7c5","createdAt":1515633152227,"updatedAt":1515633152227,"version":0}},{"name":"信息管线公司","description":"信息管线公司","status":1,"groupId":"f0c37d6d-c922-4617-befd-aa51ad85d7c5","id":"9d70667b-13e9-46c7-b552-86050bef037a","createdAt":1517793948897,"updatedAt":1517793948897,"version":0,"group":{"name":"控股","description":"group2","status":1,"id":"f0c37d6d-c922-4617-befd-aa51ad85d7c5","createdAt":1515633152227,"updatedAt":1515633152227,"version":0}},{"name":"建设服务中心","description":"建设服务中心","status":1,"groupId":"f0c37d6d-c922-4617-befd-aa51ad85d7c5","id":"97b9d1eb-f88d-4f2c-bfec-e6c7767b8631","createdAt":1519789470777,"updatedAt":1519789470777,"version":0,"group":{"name":"控股","description":"group2","status":1,"id":"f0c37d6d-c922-4617-befd-aa51ad85d7c5","createdAt":1515633152227,"updatedAt":1515633152227,"version":0}},{"name":"招商公司","description":"八楼","status":1,"groupId":"f0c37d6d-c922-4617-befd-aa51ad85d7c5","id":"d55858be-a683-497f-abff-6f60516418cd","createdAt":1521794537272,"updatedAt":1521794537272,"version":0,"group":{"name":"控股","description":"group2","status":1,"id":"f0c37d6d-c922-4617-befd-aa51ad85d7c5","createdAt":1515633152227,"updatedAt":1515633152227,"version":0}},{"name":"加油站","description":"加油站","status":1,"groupId":"f0c37d6d-c922-4617-befd-aa51ad85d7c5","id":"dbaf7d65-bab7-426c-aebf-e374258cc4a4","createdAt":1533191435938,"updatedAt":1533191513320,"version":1,"group":{"name":"控股","description":"group2","status":1,"id":"f0c37d6d-c922-4617-befd-aa51ad85d7c5","createdAt":1515633152227,"updatedAt":1515633152227,"version":0}}],"total":20}
*************** response log end ***************

[2018-08-13 10:00:04.235] [INFO] resLogger - 
*************** response log start ***************
request method: OPTIONS
request originalUrl:  /api/corpBuildings/list/d016201e-2c29-4d9f-8caa-4da5a7b279e9
request client ip:  ::ffff:127.0.0.1
request body: 
{}
response time: 0
response status: 204
response body: 
undefined
*************** response log end ***************

[2018-08-13 10:00:04.261] [INFO] resLogger - 
*************** response log start ***************
request method: GET
request originalUrl:  /api/corpBuildings/list/d016201e-2c29-4d9f-8caa-4da5a7b279e9
request client ip:  ::ffff:127.0.0.1
request query:  {}
response time: 8
response status: 200
response body: 
{"status":0,"data":[{"corporationId":"d016201e-2c29-4d9f-8caa-4da5a7b279e9","buildingId":"6a9bcf38-e15c-4669-8dbd-bd48bfad4623","floor":6,"position":"W","status":1,"id":"3f26dfff-62fa-4df9-84aa-32becdffce35","createdAt":1515648998838,"updatedAt":1515648998838,"version":0,"building":{"name":"商务大厦北楼","address":"北","minfloor":1,"maxfloor":15,"status":1,"id":"6a9bcf38-e15c-4669-8dbd-bd48bfad4623","createdAt":1515633153519,"updatedAt":1515633153519,"version":0}}],"total":0}
*************** response log end ***************

[2018-08-13 10:00:05.872] [INFO] resLogger - 
*************** response log start ***************
request method: POST
request originalUrl:  /api/authinrole/check
request client ip:  ::ffff:127.0.0.1
request body: 
{"func":"op","op":"menu"}
response time: 17
response status: 200
response body: 
{"status":0}
*************** response log end ***************

[2018-08-13 10:00:05.892] [INFO] resLogger - 
*************** response log start ***************
request method: POST
request originalUrl:  /api/authinrole/check
request client ip:  ::ffff:127.0.0.1
request body: 
{"func":"op","op":"list"}
response time: 13
response status: 200
response body: 
{"status":0}
*************** response log end ***************

[2018-08-13 10:00:05.949] [INFO] resLogger - 
*************** response log start ***************
request method: GET
request originalUrl:  /api/equipType/list
request client ip:  ::ffff:127.0.0.1
request query:  {}
response time: 7
response status: 200
response body: 
{"status":0,"data":[{"name":"网络","code":"NETWORK","id":"edad6210-e642-4302-98c1-60251cb85972","createdAt":1515633162976,"updatedAt":1515633162976,"version":0},{"name":"软件","code":"SOFTWARE","id":"273f11bf-51a4-4331-9f71-f209625da820","createdAt":1515633162815,"updatedAt":1515633162815,"version":0},{"name":"硬件","code":"HARDWARE","id":"e6890530-4629-406f-a3fb-d8e2a293320b","createdAt":1515633162627,"updatedAt":1515633162627,"version":0}]}
*************** response log end ***************

[2018-08-13 10:00:05.976] [INFO] resLogger - 
*************** response log start ***************
request method: GET
request originalUrl:  /api/workers/list
request client ip:  ::ffff:127.0.0.1
request query:  {}
response time: 23
response status: 200
response body: 
{"status":0,"data":[{"name":"admin","email":"378338627@qq.com","phone":"158229272088","password":"$2a$10$ZCz8FbSB13tB2jbZIaI13.kaTOEp236iyvOOtqgZf.m.RSqqgjheq","gender":true,"token":"eyJhbGciOiJIUzI1NiIsInR5cCI6IkpXVCJ9.eyJkYXRhIjp7ImlkIjoiMDU3MjBlNmUtZWJlMy00MDM2LWI1NzUtZmYxZmEwYzZjYjM4IiwibmFtZSI6ImFkbWluIn0sImlhdCI6MTUzMzc4NDI0NSwiZXhwIjoxNTM0Mzg5MDQ1fQ.yphhH2blkQ88I4P4gYNBbX7ZPaes9sssZvTEmAhXoeo","canLogin":true,"status":1,"roleId":"440fba89-762d-4584-8bdc-26e2e7b5e71e","avatar":"/uploads/avatar/动漫/17.jpg","avatarUseImg":0,"id":"05720e6e-ebe3-4036-b575-ff1fa0c6cb38","createdAt":1515633151463,"updatedAt":1533784252834,"version":197,"worker":{"userId":"05720e6e-ebe3-4036-b575-ff1fa0c6cb38","id":"cbfc2558-dbf1-4dbe-9715-f3c3d498771c","createdAt":1521773688107,"updatedAt":1521773688107,"version":0}},{"name":"张赫","email":"378338627@qq.com","phone":"15822927208","password":"$2a$10$JUhMlqmi1flOuZRNBWq8j.o1y9YUDnWElK8XNEMAgkk/WAw66oVUu","gender":true,"token":null,"canLogin":true,"status":1,"roleId":"aa7eeae7-8d60-40fb-95ad-e55495ffd845","avatar":null,"avatarUseImg":null,"id":"ddb9b8c8-e9ba-48ac-af2e-bce4d534e4fb","createdAt":1515633151464,"updatedAt":1515633151464,"version":0,"worker":{"userId":"ddb9b8c8-e9ba-48ac-af2e-bce4d534e4fb","id":"535b3f1a-80dc-482e-a72b-8f3be9964a72","createdAt":1515633503273,"updatedAt":1515633503273,"version":0}},{"name":"朱亚亮","email":"378338627@qq.com","phone":"15822927208","password":"$2a$10$tkDWWL9Mkz9AUFRa.zS/suzNbr.PYt8dYnZloNBj4mkVHyh/kIvM6","gender":true,"token":"eyJhbGciOiJIUzI1NiIsInR5cCI6IkpXVCJ9.eyJkYXRhIjp7ImlkIjoiZTA5NmE0NTQtNDQyNi00MDBmLTkyYWQtOTcyNjc0NDIzNmMwIiwibmFtZSI6IuacseS6muS6riJ9LCJpYXQiOjE1MzQxMjM5NTAsImV4cCI6MTUzNDcyODc1MH0.3Rj17maTK1TH34jl5fa14icZRsKDIgxg61P2hzQS9Cs","canLogin":true,"status":1,"roleId":"aa7eeae7-8d60-40fb-95ad-e55495ffd845","avatar":null,"avatarUseImg":null,"id":"e096a454-4426-400f-92ad-9726744236c0","createdAt":1515633151464,"updatedAt":1534123950920,"version":93,"worker":{"userId":"e096a454-4426-400f-92ad-9726744236c0","id":"8a3b64a8-aa73-4bee-abcc-c6793b69ce36","createdAt":1520564971177,"updatedAt":1520564971177,"version":0}},{"name":"庞子博","email":null,"phone":null,"password":"$2a$10$tsM9DndCIJaRrRXs67NnpOzFGOBDanLbkAcx3bPomQDjWFolbBbyC","gender":true,"token":null,"canLogin":true,"status":1,"roleId":"aa7eeae7-8d60-40fb-95ad-e55495ffd845","avatar":null,"avatarUseImg":null,"id":"b4fe1ad8-3b6b-4987-81d0-61715078370d","createdAt":1521444713708,"updatedAt":1521444713708,"version":0,"worker":{"userId":"b4fe1ad8-3b6b-4987-81d0-61715078370d","id":"0c46ed02-ecfa-4a98-b55c-0f021e96a5ec","createdAt":1521444719128,"updatedAt":1521444719128,"version":0}},{"name":"柏乾丁","email":null,"phone":null,"password":"$2a$10$X0cBFZcta.17teTTqpILF.7uQFzZxZXj8HBgMlmhJ6c85d8mqGK7W","gender":true,"token":null,"canLogin":true,"status":1,"roleId":"aa7eeae7-8d60-40fb-95ad-e55495ffd845","avatar":null,"avatarUseImg":null,"id":"57006f2f-a8ca-4d39-8297-fdd8fc1695cf","createdAt":1521699299739,"updatedAt":1521699299739,"version":0,"worker":{"userId":"57006f2f-a8ca-4d39-8297-fdd8fc1695cf","id":"8b4a6248-5ced-4f78-86cd-fe70b642d575","createdAt":1521699323338,"updatedAt":1521699323338,"version":0}},{"name":"杨立岩","email":null,"phone":null,"password":"$2a$10$EjvM0RWmN/7pPhDicoRafuMvVsdPw/vYxq23S6Whh19SCa6EcfVNW","gender":true,"token":null,"canLogin":true,"status":1,"roleId":"440fba89-762d-4584-8bdc-26e2e7b5e71e","avatar":null,"avatarUseImg":null,"id":"ceeb029e-3a77-43a7-a408-3bf1be72bac3","createdAt":1522368996583,"updatedAt":1522368996583,"version":0,"worker":{"userId":"ceeb029e-3a77-43a7-a408-3bf1be72bac3","id":"5c0abe2e-095b-4cb9-b1b5-3735068cf372","createdAt":1522369003172,"updatedAt":1522369003172,"version":0}}]}
*************** response log end ***************

[2018-08-13 10:00:05.982] [INFO] resLogger - 
*************** response log start ***************
request method: GET
request originalUrl:  /api/operation/65ec8456-a33a-4e6e-a3b0-a230b15f313c
request client ip:  ::ffff:127.0.0.1
request query:  {}
response time: 25
response status: 200
response body: 
{"status":0,"data":{"orderId":"ca95f6c3-7ac7-4ea7-b948-b5108ca3bf93","important":false,"op":"a3f97b89-ca2f-4be8-841f-8a9b95ca891e","no":"20180813000","create_time":1534124958000,"remark":"","status":1,"id":"65ec8456-a33a-4e6e-a3b0-a230b15f313c","createdAt":1534125002169,"updatedAt":1534125002169,"version":0,"order":{"no":"20180813000","custom_name":"园林","custom_phone":"02266621357","incoming_time":1534124958000,"custom_corporation":"d016201e-2c29-4d9f-8caa-4da5a7b279e9","custom_position":"3f26dfff-62fa-4df9-84aa-32becdffce35","remark":null,"status":1,"needs":"[{\"type\":{\"id\":\"e6890530-4629-406f-a3fb-d8e2a293320b\",\"name\":\"硬件\",\"code\":\"HARDWARE\"},\"equipment\":{\"name\":\"打印机\",\"value\":\"打印机\"},\"op\":{\"id\":\"a3f97b89-ca2f-4be8-841f-8a9b95ca891e\",\"name\":\"连接\",\"code\":\"CONNECT\"},\"no\":1}]","id":"ca95f6c3-7ac7-4ea7-b948-b5108ca3bf93","createdAt":1534125002011,"updatedAt":1534125002011,"version":0,"corporation":{"name":"园林公司","description":"园林公司","status":1,"groupId":"f0c37d6d-c922-4617-befd-aa51ad85d7c5","id":"d016201e-2c29-4d9f-8caa-4da5a7b279e9","createdAt":1515648909620,"updatedAt":1515648909620,"version":0},"corpBuilding":{"corporationId":"d016201e-2c29-4d9f-8caa-4da5a7b279e9","buildingId":"6a9bcf38-e15c-4669-8dbd-bd48bfad4623","floor":6,"position":"W","status":1,"id":"3f26dfff-62fa-4df9-84aa-32becdffce35","createdAt":1515648998838,"updatedAt":1515648998838,"version":0,"building":{"name":"商务大厦北楼","address":"北","minfloor":1,"maxfloor":15,"status":1,"id":"6a9bcf38-e15c-4669-8dbd-bd48bfad4623","createdAt":1515633153519,"updatedAt":1515633153519,"version":0}}},"businessContent":{"type":"HARDWARE","equipment":"打印机","operation":"CONNECT","isAdvanced":null,"weight":5,"remark":null,"status":1,"sequence":1,"id":"a3f97b89-ca2f-4be8-841f-8a9b95ca891e","createdAt":1517189230921,"updatedAt":1525738301504,"version":2,"equipType":{"name":"硬件","code":"HARDWARE","id":"e6890530-4629-406f-a3fb-d8e2a293320b","createdAt":1515633162627,"updatedAt":1515633162627,"version":0},"equipOp":{"name":"连接","code":"CONNECT","id":"c7c1a6a9-3b22-4868-87ef-848de64eb1c3","createdAt":1515648604654,"updatedAt":1515648604654,"version":0}},"actions":[{"operationId":"65ec8456-a33a-4e6e-a3b0-a230b15f313c","call_time":1534124958000,"start_time":1534125018000,"end_time":null,"worker":"e096a454-4426-400f-92ad-9726744236c0","operationStart":null,"operationComplete":0,"status":1,"id":"afc8011e-6bc3-4747-8abf-eab61811abe0","createdAt":1534125002306,"updatedAt":1534125002306,"version":0,"user":{"name":"朱亚亮","email":"378338627@qq.com","phone":"15822927208","password":"$2a$10$tkDWWL9Mkz9AUFRa.zS/suzNbr.PYt8dYnZloNBj4mkVHyh/kIvM6","gender":true,"token":"eyJhbGciOiJIUzI1NiIsInR5cCI6IkpXVCJ9.eyJkYXRhIjp7ImlkIjoiZTA5NmE0NTQtNDQyNi00MDBmLTkyYWQtOTcyNjc0NDIzNmMwIiwibmFtZSI6IuacseS6muS6riJ9LCJpYXQiOjE1MzQxMjM5NTAsImV4cCI6MTUzNDcyODc1MH0.3Rj17maTK1TH34jl5fa14icZRsKDIgxg61P2hzQS9Cs","canLogin":true,"status":1,"roleId":"aa7eeae7-8d60-40fb-95ad-e55495ffd845","avatar":null,"avatarUseImg":null,"id":"e096a454-4426-400f-92ad-9726744236c0","createdAt":1515633151464,"updatedAt":1534123950920,"version":93}}]}}
*************** response log end ***************

[2018-08-13 10:00:06.003] [INFO] resLogger - 
*************** response log start ***************
request method: GET
request originalUrl:  /api/business/getequip/get
request client ip:  ::ffff:127.0.0.1
request query:  {}
response time: 6
response status: 200
response body: 
{"status":0,"data":[{"equipment":"CAD","name":"CAD"},{"equipment":"IP地址","name":"IP地址"},{"equipment":"OA","name":"OA"},{"equipment":"UPS","name":"UPS"},{"equipment":"VPN","name":"VPN"},{"equipment":"WORD","name":"WORD"},{"equipment":"云桌面","name":"云桌面"},{"equipment":"互联网","name":"互联网"},{"equipment":"传真机","name":"传真机"},{"equipment":"内网","name":"内网"},{"equipment":"办公软件","name":"办公软件"},{"equipment":"垃圾软件","name":"垃圾软件"},{"equipment":"大屏幕","name":"大屏幕"},{"equipment":"字体","name":"字体"},{"equipment":"局域网","name":"局域网"},{"equipment":"工位","name":"工位"},{"equipment":"打印机","name":"打印机"},{"equipment":"扫描仪","name":"扫描仪"},{"equipment":"摄像头","name":"摄像头"},{"equipment":"播放器","name":"播放器"},{"equipment":"操作系统","name":"操作系统"},{"equipment":"操作系统账户","name":"操作系统账户"},{"equipment":"文件夹","name":"文件夹"},{"equipment":"显示器","name":"显示器"},{"equipment":"有线网络","name":"有线网络"},{"equipment":"浏览器","name":"浏览器"},{"equipment":"电脑","name":"电脑"},{"equipment":"电视","name":"电视"},{"equipment":"电话","name":"电话"},{"equipment":"硬盘","name":"硬盘"},{"equipment":"笔记本电脑","name":"笔记本电脑"},{"equipment":"网络设备","name":"网络设备"},{"equipment":"考勤机","name":"考勤机"},{"equipment":"视频会议设备","name":"视频会议设备"},{"equipment":"证书","name":"证书"},{"equipment":"财务软件","name":"财务软件"},{"equipment":"路由器","name":"路由器"},{"equipment":"输入法","name":"输入法"},{"equipment":"隔离卡","name":"隔离卡"},{"equipment":"鼠标","name":"鼠标"}]}
*************** response log end ***************

[2018-08-13 10:00:06.040] [INFO] resLogger - 
*************** response log start ***************
request method: GET
request originalUrl:  /api/business/list?param=none&type=HARDWARE&equipment=%E6%89%93%E5%8D%B0%E6%9C%BA
request client ip:  ::ffff:127.0.0.1
request query:  {"param":"none","type":"HARDWARE","equipment":"打印机"}
response time: 14
response status: 200
response body: 
{"status":0,"data":[{"type":"HARDWARE","equipment":"打印机","operation":"SETUP","isAdvanced":null,"weight":5,"remark":null,"status":1,"sequence":1,"id":"118ca74b-2cb9-4af4-84b3-e5e295e09034","createdAt":1515636094577,"updatedAt":1525738301628,"version":2,"equipType":{"name":"硬件","code":"HARDWARE","id":"e6890530-4629-406f-a3fb-d8e2a293320b","createdAt":1515633162627,"updatedAt":1515633162627,"version":0},"equipOp":{"name":"安装","code":"SETUP","id":"a1827017-987a-4fea-89c4-5742c40cbc3e","createdAt":1515633163145,"updatedAt":1515633163145,"version":0}},{"type":"HARDWARE","equipment":"打印机","operation":"FIX","isAdvanced":null,"weight":5,"remark":null,"status":1,"sequence":0,"id":"4215574f-7fa4-447b-882b-528c4562e41f","createdAt":1515636094577,"updatedAt":1525738301579,"version":2,"equipType":{"name":"硬件","code":"HARDWARE","id":"e6890530-4629-406f-a3fb-d8e2a293320b","createdAt":1515633162627,"updatedAt":1515633162627,"version":0},"equipOp":{"name":"故障","code":"FIX","id":"e15ed1f4-3cf7-4dcc-859b-70620a042bf3","createdAt":1515633163280,"updatedAt":1515633163280,"version":0}},{"type":"HARDWARE","equipment":"打印机","operation":"SETUP_DRIVER","isAdvanced":null,"weight":5,"remark":null,"status":1,"sequence":0,"id":"55747009-9443-4ec4-a7cb-8568ffdcad89","createdAt":1515636094577,"updatedAt":1525738301548,"version":2,"equipType":{"name":"硬件","code":"HARDWARE","id":"e6890530-4629-406f-a3fb-d8e2a293320b","createdAt":1515633162627,"updatedAt":1515633162627,"version":0},"equipOp":{"name":"安装驱动","code":"SETUP_DRIVER","id":"b1cf2858-1519-47a0-b37e-63a285b7e02f","createdAt":1515636071567,"updatedAt":1515636071567,"version":0}},{"type":"HARDWARE","equipment":"打印机","operation":"CONNECT","isAdvanced":null,"weight":5,"remark":null,"status":1,"sequence":1,"id":"a3f97b89-ca2f-4be8-841f-8a9b95ca891e","createdAt":1517189230921,"updatedAt":1525738301504,"version":2,"equipType":{"name":"硬件","code":"HARDWARE","id":"e6890530-4629-406f-a3fb-d8e2a293320b","createdAt":1515633162627,"updatedAt":1515633162627,"version":0},"equipOp":{"name":"连接","code":"CONNECT","id":"c7c1a6a9-3b22-4868-87ef-848de64eb1c3","createdAt":1515648604654,"updatedAt":1515648604654,"version":0}},{"type":"HARDWARE","equipment":"打印机","operation":"SHARE","isAdvanced":false,"weight":5,"remark":null,"status":1,"sequence":0,"id":"19f52500-178d-4e0c-973d-8a764bfaf5e6","createdAt":1524021683763,"updatedAt":1525738301425,"version":1,"equipType":{"name":"硬件","code":"HARDWARE","id":"e6890530-4629-406f-a3fb-d8e2a293320b","createdAt":1515633162627,"updatedAt":1515633162627,"version":0},"equipOp":{"name":"共享","code":"SHARE","id":"f3cf1266-e70d-45ba-9104-02c437b2fcd1","createdAt":1524021671792,"updatedAt":1524021671792,"version":0}}],"total":5}
*************** response log end ***************

[2018-08-13 10:00:11.454] [INFO] resLogger - 
*************** response log start ***************
request method: OPTIONS
request originalUrl:  /api/action/edit
request client ip:  ::ffff:127.0.0.1
request body: 
{}
response time: 1
response status: 204
response body: 
undefined
*************** response log end ***************

[2018-08-13 10:00:11.603] [INFO] resLogger - 
*************** response log start ***************
request method: POST
request originalUrl:  /api/action/edit
request client ip:  ::ffff:127.0.0.1
request body: 
{"operationId":"65ec8456-a33a-4e6e-a3b0-a230b15f313c","id":"afc8011e-6bc3-4747-8abf-eab61811abe0","workerId":"e096a454-4426-400f-92ad-9726744236c0","create_date":"2018-08-13T01:49:18.000Z","create_time":{"hour":9,"minute":49,"second":18},"create_stamp":1534124958000,"call_date":"2018-08-13T01:49:18.000Z","call_time":{"hour":9,"minute":49,"second":18},"call_stamp":1534124958000,"showArriveDate":true,"start_date":"2018-08-13T01:50:18.000Z","start_time":{"hour":9,"minute":50,"second":18},"start_stamp":1534125018000,"showFinishDate":true,"end_date":"2018-08-13T01:49:18.000Z","end_time":{"hour":10,"minute":0,"second":10},"end_stamp":1534125610000,"isCompleteOperation":true}
response time: 130
response status: 200
response body: 
{"status":0,"data":{"operationId":"65ec8456-a33a-4e6e-a3b0-a230b15f313c","call_time":1534124958000,"start_time":1534125018000,"end_time":1534125610000,"worker":"e096a454-4426-400f-92ad-9726744236c0","operationStart":null,"operationComplete":1,"status":1,"id":"afc8011e-6bc3-4747-8abf-eab61811abe0","createdAt":1534125002306,"updatedAt":1534125611540,"version":1},"message":"更新成功！"}
*************** response log end ***************

[2018-08-13 10:00:11.642] [INFO] resLogger - 
*************** response log start ***************
request method: GET
request originalUrl:  /api/operation/65ec8456-a33a-4e6e-a3b0-a230b15f313c
request client ip:  ::ffff:127.0.0.1
request query:  {}
response time: 27
response status: 200
response body: 
{"status":0,"data":{"orderId":"ca95f6c3-7ac7-4ea7-b948-b5108ca3bf93","important":false,"op":"a3f97b89-ca2f-4be8-841f-8a9b95ca891e","no":"20180813000","create_time":1534124958000,"remark":"","status":1,"id":"65ec8456-a33a-4e6e-a3b0-a230b15f313c","createdAt":1534125002169,"updatedAt":1534125002169,"version":0,"order":{"no":"20180813000","custom_name":"园林","custom_phone":"02266621357","incoming_time":1534124958000,"custom_corporation":"d016201e-2c29-4d9f-8caa-4da5a7b279e9","custom_position":"3f26dfff-62fa-4df9-84aa-32becdffce35","remark":null,"status":1,"needs":"[{\"type\":{\"id\":\"e6890530-4629-406f-a3fb-d8e2a293320b\",\"name\":\"硬件\",\"code\":\"HARDWARE\"},\"equipment\":{\"name\":\"打印机\",\"value\":\"打印机\"},\"op\":{\"id\":\"a3f97b89-ca2f-4be8-841f-8a9b95ca891e\",\"name\":\"连接\",\"code\":\"CONNECT\"},\"no\":1}]","id":"ca95f6c3-7ac7-4ea7-b948-b5108ca3bf93","createdAt":1534125002011,"updatedAt":1534125002011,"version":0,"corporation":{"name":"园林公司","description":"园林公司","status":1,"groupId":"f0c37d6d-c922-4617-befd-aa51ad85d7c5","id":"d016201e-2c29-4d9f-8caa-4da5a7b279e9","createdAt":1515648909620,"updatedAt":1515648909620,"version":0},"corpBuilding":{"corporationId":"d016201e-2c29-4d9f-8caa-4da5a7b279e9","buildingId":"6a9bcf38-e15c-4669-8dbd-bd48bfad4623","floor":6,"position":"W","status":1,"id":"3f26dfff-62fa-4df9-84aa-32becdffce35","createdAt":1515648998838,"updatedAt":1515648998838,"version":0,"building":{"name":"商务大厦北楼","address":"北","minfloor":1,"maxfloor":15,"status":1,"id":"6a9bcf38-e15c-4669-8dbd-bd48bfad4623","createdAt":1515633153519,"updatedAt":1515633153519,"version":0}}},"businessContent":{"type":"HARDWARE","equipment":"打印机","operation":"CONNECT","isAdvanced":null,"weight":5,"remark":null,"status":1,"sequence":1,"id":"a3f97b89-ca2f-4be8-841f-8a9b95ca891e","createdAt":1517189230921,"updatedAt":1525738301504,"version":2,"equipType":{"name":"硬件","code":"HARDWARE","id":"e6890530-4629-406f-a3fb-d8e2a293320b","createdAt":1515633162627,"updatedAt":1515633162627,"version":0},"equipOp":{"name":"连接","code":"CONNECT","id":"c7c1a6a9-3b22-4868-87ef-848de64eb1c3","createdAt":1515648604654,"updatedAt":1515648604654,"version":0}},"actions":[{"operationId":"65ec8456-a33a-4e6e-a3b0-a230b15f313c","call_time":1534124958000,"start_time":1534125018000,"end_time":1534125610000,"worker":"e096a454-4426-400f-92ad-9726744236c0","operationStart":null,"operationComplete":1,"status":1,"id":"afc8011e-6bc3-4747-8abf-eab61811abe0","createdAt":1534125002306,"updatedAt":1534125611540,"version":1,"user":{"name":"朱亚亮","email":"378338627@qq.com","phone":"15822927208","password":"$2a$10$tkDWWL9Mkz9AUFRa.zS/suzNbr.PYt8dYnZloNBj4mkVHyh/kIvM6","gender":true,"token":"eyJhbGciOiJIUzI1NiIsInR5cCI6IkpXVCJ9.eyJkYXRhIjp7ImlkIjoiZTA5NmE0NTQtNDQyNi00MDBmLTkyYWQtOTcyNjc0NDIzNmMwIiwibmFtZSI6IuacseS6muS6riJ9LCJpYXQiOjE1MzQxMjM5NTAsImV4cCI6MTUzNDcyODc1MH0.3Rj17maTK1TH34jl5fa14icZRsKDIgxg61P2hzQS9Cs","canLogin":true,"status":1,"roleId":"aa7eeae7-8d60-40fb-95ad-e55495ffd845","avatar":null,"avatarUseImg":null,"id":"e096a454-4426-400f-92ad-9726744236c0","createdAt":1515633151464,"updatedAt":1534123950920,"version":93}}]}}
*************** response log end ***************

[2018-08-13 10:00:13.534] [INFO] resLogger - 
*************** response log start ***************
request method: OPTIONS
request originalUrl:  /api/authinrole/check
request client ip:  ::ffff:127.0.0.1
request body: 
{}
response time: 1
response status: 204
response body: 
undefined
*************** response log end ***************

[2018-08-13 10:00:13.562] [INFO] resLogger - 
*************** response log start ***************
request method: POST
request originalUrl:  /api/authinrole/check
request client ip:  ::ffff:127.0.0.1
request body: 
{"func":"op","op":"list"}
response time: 16
response status: 200
response body: 
{"status":0}
*************** response log end ***************

[2018-08-13 10:00:13.616] [INFO] resLogger - 
*************** response log start ***************
request method: GET
request originalUrl:  /api/corporations/list
request client ip:  ::ffff:127.0.0.1
request query:  {}
response time: 17
response status: 200
response body: 
{"status":0,"data":[{"name":"控股公司","description":"控股公司","status":1,"groupId":"f0c37d6d-c922-4617-befd-aa51ad85d7c5","id":"fbbf7c59-f08c-445b-a4f0-e2fa977117e8","createdAt":1515633158111,"updatedAt":1515633158111,"version":0,"group":{"name":"控股","description":"group2","status":1,"id":"f0c37d6d-c922-4617-befd-aa51ad85d7c5","createdAt":1515633152227,"updatedAt":1515633152227,"version":0}},{"name":"融资租赁公司","description":"融资租赁公司","status":1,"groupId":"f0c37d6d-c922-4617-befd-aa51ad85d7c5","id":"4f3b67d7-40f2-4377-86ba-e9775e728f64","createdAt":1515633158201,"updatedAt":1520564750982,"version":1,"group":{"name":"控股","description":"group2","status":1,"id":"f0c37d6d-c922-4617-befd-aa51ad85d7c5","createdAt":1515633152227,"updatedAt":1515633152227,"version":0}},{"name":"公用事业公司","description":"公用事业公司","status":1,"groupId":"f0c37d6d-c922-4617-befd-aa51ad85d7c5","id":"4599eaf8-68f6-4fd5-bf10-1d152e2b28fe","createdAt":1515633158411,"updatedAt":1523927186242,"version":2,"group":{"name":"控股","description":"group2","status":1,"id":"f0c37d6d-c922-4617-befd-aa51ad85d7c5","createdAt":1515633152227,"updatedAt":1515633152227,"version":0}},{"name":"建设公司","description":"建设公司","status":1,"groupId":"f0c37d6d-c922-4617-befd-aa51ad85d7c5","id":"53fa2bd9-bc42-4582-a5c3-38f8d8dad229","createdAt":1515633158488,"updatedAt":1515633158488,"version":0,"group":{"name":"控股","description":"group2","status":1,"id":"f0c37d6d-c922-4617-befd-aa51ad85d7c5","createdAt":1515633152227,"updatedAt":1515633152227,"version":0}},{"name":"投资公司","description":"投资公司","status":1,"groupId":"f0c37d6d-c922-4617-befd-aa51ad85d7c5","id":"73a751ce-1f60-42ce-a5ee-501712eef1f4","createdAt":1515633160114,"updatedAt":1515633160114,"version":0,"group":{"name":"控股","description":"group2","status":1,"id":"f0c37d6d-c922-4617-befd-aa51ad85d7c5","createdAt":1515633152227,"updatedAt":1515633152227,"version":0}},{"name":"园林公司","description":"园林公司","status":1,"groupId":"f0c37d6d-c922-4617-befd-aa51ad85d7c5","id":"d016201e-2c29-4d9f-8caa-4da5a7b279e9","createdAt":1515648909620,"updatedAt":1515648909620,"version":0,"group":{"name":"控股","description":"group2","status":1,"id":"f0c37d6d-c922-4617-befd-aa51ad85d7c5","createdAt":1515633152227,"updatedAt":1515633152227,"version":0}},{"name":"基金公司","description":"基金公司","status":1,"groupId":"f0c37d6d-c922-4617-befd-aa51ad85d7c5","id":"f0fd30bb-479c-44db-8413-ab39b32da748","createdAt":1515650970327,"updatedAt":1515650970327,"version":0,"group":{"name":"控股","description":"group2","status":1,"id":"f0c37d6d-c922-4617-befd-aa51ad85d7c5","createdAt":1515633152227,"updatedAt":1515633152227,"version":0}},{"name":"园区运营公司","description":"园区运营公司","status":1,"groupId":"f0c37d6d-c922-4617-befd-aa51ad85d7c5","id":"1c52efa6-abbe-4114-95a6-c1125d762446","createdAt":1515981270653,"updatedAt":1515981270653,"version":0,"group":{"name":"控股","description":"group2","status":1,"id":"f0c37d6d-c922-4617-befd-aa51ad85d7c5","createdAt":1515633152227,"updatedAt":1515633152227,"version":0}},{"name":"高新公司","description":"高新","status":1,"groupId":"f0c37d6d-c922-4617-befd-aa51ad85d7c5","id":"89cce940-1268-4690-abe4-3b3b14fb0cde","createdAt":1516607211910,"updatedAt":1516607211910,"version":0,"group":{"name":"控股","description":"group2","status":1,"id":"f0c37d6d-c922-4617-befd-aa51ad85d7c5","createdAt":1515633152227,"updatedAt":1515633152227,"version":0}},{"name":"置地公司","description":"置地公司","status":1,"groupId":"f0c37d6d-c922-4617-befd-aa51ad85d7c5","id":"4b2362eb-a9fd-414c-8c31-ad335e81105b","createdAt":1516670902936,"updatedAt":1520565001347,"version":2,"group":{"name":"控股","description":"group2","status":1,"id":"f0c37d6d-c922-4617-befd-aa51ad85d7c5","createdAt":1515633152227,"updatedAt":1515633152227,"version":0}},{"name":"铁路公司","description":"铁路公司","status":1,"groupId":"f0c37d6d-c922-4617-befd-aa51ad85d7c5","id":"f15181ba-7881-4536-9902-f0588e0c1e17","createdAt":1516670976469,"updatedAt":1516670976469,"version":0,"group":{"name":"控股","description":"group2","status":1,"id":"f0c37d6d-c922-4617-befd-aa51ad85d7c5","createdAt":1515633152227,"updatedAt":1515633152227,"version":0}},{"name":"港务公司","description":"港务公司","status":1,"groupId":"f0c37d6d-c922-4617-befd-aa51ad85d7c5","id":"268041ad-f79c-4c6a-858d-091c3a77ac59","createdAt":1516670996611,"updatedAt":1516670996611,"version":0,"group":{"name":"控股","description":"group2","status":1,"id":"f0c37d6d-c922-4617-befd-aa51ad85d7c5","createdAt":1515633152227,"updatedAt":1515633152227,"version":0}},{"name":"粮交所","description":"粮交所","status":1,"groupId":"f0c37d6d-c922-4617-befd-aa51ad85d7c5","id":"76e565af-f8c3-4798-bee7-3342bd079231","createdAt":1516671019340,"updatedAt":1520564697710,"version":1,"group":{"name":"控股","description":"group2","status":1,"id":"f0c37d6d-c922-4617-befd-aa51ad85d7c5","createdAt":1515633152227,"updatedAt":1515633152227,"version":0}},{"name":"信息公司","description":"信息公司","status":1,"groupId":"f0c37d6d-c922-4617-befd-aa51ad85d7c5","id":"38c3e49a-0e5d-4390-9f14-e9cae95f365f","createdAt":1516671101244,"updatedAt":1520564729149,"version":1,"group":{"name":"控股","description":"group2","status":1,"id":"f0c37d6d-c922-4617-befd-aa51ad85d7c5","createdAt":1515633152227,"updatedAt":1515633152227,"version":0}},{"name":"城市资源公司","description":"城市资源","status":1,"groupId":"f0c37d6d-c922-4617-befd-aa51ad85d7c5","id":"9eaf4c3b-0a1d-488a-a575-cf7772c21135","createdAt":1516671126558,"updatedAt":1520564922535,"version":1,"group":{"name":"控股","description":"group2","status":1,"id":"f0c37d6d-c922-4617-befd-aa51ad85d7c5","createdAt":1515633152227,"updatedAt":1515633152227,"version":0}},{"name":"物流商贸公司","description":"物流商贸","status":1,"groupId":"f0c37d6d-c922-4617-befd-aa51ad85d7c5","id":"d988a340-24ec-4f49-ba6a-98514328a07a","createdAt":1517196815376,"updatedAt":1517196815376,"version":0,"group":{"name":"控股","description":"group2","status":1,"id":"f0c37d6d-c922-4617-befd-aa51ad85d7c5","createdAt":1515633152227,"updatedAt":1515633152227,"version":0}},{"name":"信息管线公司","description":"信息管线公司","status":1,"groupId":"f0c37d6d-c922-4617-befd-aa51ad85d7c5","id":"9d70667b-13e9-46c7-b552-86050bef037a","createdAt":1517793948897,"updatedAt":1517793948897,"version":0,"group":{"name":"控股","description":"group2","status":1,"id":"f0c37d6d-c922-4617-befd-aa51ad85d7c5","createdAt":1515633152227,"updatedAt":1515633152227,"version":0}},{"name":"建设服务中心","description":"建设服务中心","status":1,"groupId":"f0c37d6d-c922-4617-befd-aa51ad85d7c5","id":"97b9d1eb-f88d-4f2c-bfec-e6c7767b8631","createdAt":1519789470777,"updatedAt":1519789470777,"version":0,"group":{"name":"控股","description":"group2","status":1,"id":"f0c37d6d-c922-4617-befd-aa51ad85d7c5","createdAt":1515633152227,"updatedAt":1515633152227,"version":0}},{"name":"招商公司","description":"八楼","status":1,"groupId":"f0c37d6d-c922-4617-befd-aa51ad85d7c5","id":"d55858be-a683-497f-abff-6f60516418cd","createdAt":1521794537272,"updatedAt":1521794537272,"version":0,"group":{"name":"控股","description":"group2","status":1,"id":"f0c37d6d-c922-4617-befd-aa51ad85d7c5","createdAt":1515633152227,"updatedAt":1515633152227,"version":0}},{"name":"加油站","description":"加油站","status":1,"groupId":"f0c37d6d-c922-4617-befd-aa51ad85d7c5","id":"dbaf7d65-bab7-426c-aebf-e374258cc4a4","createdAt":1533191435938,"updatedAt":1533191513320,"version":1,"group":{"name":"控股","description":"group2","status":1,"id":"f0c37d6d-c922-4617-befd-aa51ad85d7c5","createdAt":1515633152227,"updatedAt":1515633152227,"version":0}},{"name":"临港小学","description":"临港小学","status":1,"groupId":"76a550ce-0788-4e2f-b3b8-875f9a62692c","id":"fd548fc1-6739-4ac2-b175-03d6e2706e24","createdAt":1515737229646,"updatedAt":1527467175176,"version":2,"group":{"name":"临港清华附属小学","description":"临港清华附属小学","status":1,"id":"76a550ce-0788-4e2f-b3b8-875f9a62692c","createdAt":1515737019104,"updatedAt":1515737019104,"version":0}},{"name":"审批服务大厅","description":"审批中心","status":1,"groupId":"52505514-1b27-449f-b575-55b32fd1280f","id":"1056620c-bbcb-49ed-bc65-e4602abec7b1","createdAt":1515633154455,"updatedAt":1515633154455,"version":0,"group":{"name":"管委会","description":"group1","status":1,"id":"52505514-1b27-449f-b575-55b32fd1280f","createdAt":1515633151465,"updatedAt":1515633151465,"version":0}},{"name":"投促局","description":"投促局","status":1,"groupId":"52505514-1b27-449f-b575-55b32fd1280f","id":"ad4b715b-623d-47ac-806a-f63704a137d2","createdAt":1515633154638,"updatedAt":1515633154638,"version":0,"group":{"name":"管委会","description":"group1","status":1,"id":"52505514-1b27-449f-b575-55b32fd1280f","createdAt":1515633151465,"updatedAt":1515633151465,"version":0}},{"name":"建规局","description":"建规局","status":1,"groupId":"52505514-1b27-449f-b575-55b32fd1280f","id":"2e677c67-c950-4a90-ac50-daaf8d2e6600","createdAt":1515633156390,"updatedAt":1515633156390,"version":0,"group":{"name":"管委会","description":"group1","status":1,"id":"52505514-1b27-449f-b575-55b32fd1280f","createdAt":1515633151465,"updatedAt":1515633151465,"version":0}},{"name":"安环局","description":"安环局","status":1,"groupId":"52505514-1b27-449f-b575-55b32fd1280f","id":"6e7566eb-3803-4316-9159-3e0ac2197b8f","createdAt":1515633156715,"updatedAt":1515633156715,"version":0,"group":{"name":"管委会","description":"group1","status":1,"id":"52505514-1b27-449f-b575-55b32fd1280f","createdAt":1515633151465,"updatedAt":1515633151465,"version":0}},{"name":"财政局","description":"财政局","status":1,"groupId":"52505514-1b27-449f-b575-55b32fd1280f","id":"1e42679d-d2ec-4ff7-af89-850ac8cce48b","createdAt":1515633161332,"updatedAt":1515633161332,"version":0,"group":{"name":"管委会","description":"group1","status":1,"id":"52505514-1b27-449f-b575-55b32fd1280f","createdAt":1515633151465,"updatedAt":1515633151465,"version":0}},{"name":"经发局","description":"经发局","status":1,"groupId":"52505514-1b27-449f-b575-55b32fd1280f","id":"856ca73f-b096-4ea4-95f5-19f4de4bf538","createdAt":1515633161787,"updatedAt":1515633161787,"version":0,"group":{"name":"管委会","description":"group1","status":1,"id":"52505514-1b27-449f-b575-55b32fd1280f","createdAt":1515633151465,"updatedAt":1515633151465,"version":0}},{"name":"人社局","description":"人社局","status":1,"groupId":"52505514-1b27-449f-b575-55b32fd1280f","id":"3edd5598-c59e-4de4-8e7c-880c1ff1d747","createdAt":1515633161957,"updatedAt":1515633161957,"version":0,"group":{"name":"管委会","description":"group1","status":1,"id":"52505514-1b27-449f-b575-55b32fd1280f","createdAt":1515633151465,"updatedAt":1515633151465,"version":0}},{"name":"社发局","description":"社发局","status":1,"groupId":"52505514-1b27-449f-b575-55b32fd1280f","id":"6c3b68d0-9fa0-429c-a841-f886d295a120","createdAt":1515633162174,"updatedAt":1515633162174,"version":0,"group":{"name":"管委会","description":"group1","status":1,"id":"52505514-1b27-449f-b575-55b32fd1280f","createdAt":1515633151465,"updatedAt":1515633151465,"version":0}},{"name":"管委会办公室","description":"管委会办公室","status":1,"groupId":"52505514-1b27-449f-b575-55b32fd1280f","id":"aeca46cc-207a-4228-9978-cc8c0900fd37","createdAt":1515633162317,"updatedAt":1515633162317,"version":0,"group":{"name":"管委会","description":"group1","status":1,"id":"52505514-1b27-449f-b575-55b32fd1280f","createdAt":1515633151465,"updatedAt":1515633151465,"version":0}},{"name":"宜湾酒店","description":"宜湾酒店","status":1,"groupId":"384fb1a2-33c9-4577-96f8-02dd6030e93a","id":"b4e338da-0c2b-4c6c-bb6f-0f8a4fbb08da","createdAt":1528250708018,"updatedAt":1528250717103,"version":1,"group":{"name":"宜湾酒店","description":"宜湾酒店","status":1,"id":"384fb1a2-33c9-4577-96f8-02dd6030e93a","createdAt":1528250664116,"updatedAt":1528250664116,"version":0}}],"total":31}
*************** response log end ***************

[2018-08-13 10:00:13.646] [INFO] resLogger - 
*************** response log start ***************
request method: GET
request originalUrl:  /api/operation/list/page/1/time/1534125613000/corp/0/no/0
request client ip:  ::ffff:127.0.0.1
request query:  {}
response time: 27
response status: 200
response body: 
{"status":0,"data":[{"orderId":"ca95f6c3-7ac7-4ea7-b948-b5108ca3bf93","important":false,"op":"a3f97b89-ca2f-4be8-841f-8a9b95ca891e","no":"20180813000","create_time":1534124958000,"remark":"","status":1,"id":"65ec8456-a33a-4e6e-a3b0-a230b15f313c","createdAt":1534125002169,"updatedAt":1534125002169,"version":0,"order":{"no":"20180813000","custom_name":"园林","custom_phone":"02266621357","incoming_time":1534124958000,"custom_corporation":"d016201e-2c29-4d9f-8caa-4da5a7b279e9","custom_position":"3f26dfff-62fa-4df9-84aa-32becdffce35","remark":null,"status":1,"needs":"[{\"type\":{\"id\":\"e6890530-4629-406f-a3fb-d8e2a293320b\",\"name\":\"硬件\",\"code\":\"HARDWARE\"},\"equipment\":{\"name\":\"打印机\",\"value\":\"打印机\"},\"op\":{\"id\":\"a3f97b89-ca2f-4be8-841f-8a9b95ca891e\",\"name\":\"连接\",\"code\":\"CONNECT\"},\"no\":1}]","id":"ca95f6c3-7ac7-4ea7-b948-b5108ca3bf93","createdAt":1534125002011,"updatedAt":1534125002011,"version":0,"corporation":{"name":"园林公司","description":"园林公司","status":1,"groupId":"f0c37d6d-c922-4617-befd-aa51ad85d7c5","id":"d016201e-2c29-4d9f-8caa-4da5a7b279e9","createdAt":1515648909620,"updatedAt":1515648909620,"version":0},"corpBuilding":{"corporationId":"d016201e-2c29-4d9f-8caa-4da5a7b279e9","buildingId":"6a9bcf38-e15c-4669-8dbd-bd48bfad4623","floor":6,"position":"W","status":1,"id":"3f26dfff-62fa-4df9-84aa-32becdffce35","createdAt":1515648998838,"updatedAt":1515648998838,"version":0,"building":{"name":"商务大厦北楼","address":"北","minfloor":1,"maxfloor":15,"status":1,"id":"6a9bcf38-e15c-4669-8dbd-bd48bfad4623","createdAt":1515633153519,"updatedAt":1515633153519,"version":0}}},"businessContent":{"type":"HARDWARE","equipment":"打印机","operation":"CONNECT","isAdvanced":null,"weight":5,"remark":null,"status":1,"sequence":1,"id":"a3f97b89-ca2f-4be8-841f-8a9b95ca891e","createdAt":1517189230921,"updatedAt":1525738301504,"version":2},"actions":[{"operationId":"65ec8456-a33a-4e6e-a3b0-a230b15f313c","call_time":1534124958000,"start_time":1534125018000,"end_time":1534125610000,"worker":"e096a454-4426-400f-92ad-9726744236c0","operationStart":null,"operationComplete":1,"status":1,"id":"afc8011e-6bc3-4747-8abf-eab61811abe0","createdAt":1534125002306,"updatedAt":1534125611540,"version":1,"user":{"name":"朱亚亮","email":"378338627@qq.com","phone":"15822927208","password":"$2a$10$tkDWWL9Mkz9AUFRa.zS/suzNbr.PYt8dYnZloNBj4mkVHyh/kIvM6","gender":true,"token":"eyJhbGciOiJIUzI1NiIsInR5cCI6IkpXVCJ9.eyJkYXRhIjp7ImlkIjoiZTA5NmE0NTQtNDQyNi00MDBmLTkyYWQtOTcyNjc0NDIzNmMwIiwibmFtZSI6IuacseS6muS6riJ9LCJpYXQiOjE1MzQxMjM5NTAsImV4cCI6MTUzNDcyODc1MH0.3Rj17maTK1TH34jl5fa14icZRsKDIgxg61P2hzQS9Cs","canLogin":true,"status":1,"roleId":"aa7eeae7-8d60-40fb-95ad-e55495ffd845","avatar":null,"avatarUseImg":null,"id":"e096a454-4426-400f-92ad-9726744236c0","createdAt":1515633151464,"updatedAt":1534123950920,"version":93}}]}],"total":1}
*************** response log end ***************

[2018-08-13 10:13:04.962] [INFO] resLogger - 
*************** response log start ***************
request method: GET
request originalUrl:  /api/operation/getaction/65ec8456-a33a-4e6e-a3b0-a230b15f313c
request client ip:  ::ffff:192.168.1.106
request query:  {}
response time: 21
response status: 200
response body: 
{"status":0,"data":{"orderId":"ca95f6c3-7ac7-4ea7-b948-b5108ca3bf93","important":false,"op":"a3f97b89-ca2f-4be8-841f-8a9b95ca891e","no":"20180813000","create_time":1534124958000,"remark":"","status":1,"id":"65ec8456-a33a-4e6e-a3b0-a230b15f313c","createdAt":1534125002169,"updatedAt":1534125002169,"version":0,"actions":[{"operationId":"65ec8456-a33a-4e6e-a3b0-a230b15f313c","call_time":1534124958000,"start_time":1534125018000,"end_time":1534125610000,"worker":"e096a454-4426-400f-92ad-9726744236c0","operationStart":null,"operationComplete":1,"status":1,"id":"afc8011e-6bc3-4747-8abf-eab61811abe0","createdAt":1534125002306,"updatedAt":1534125611540,"version":1,"user":{"name":"朱亚亮","email":"378338627@qq.com","phone":"15822927208","password":"$2a$10$tkDWWL9Mkz9AUFRa.zS/suzNbr.PYt8dYnZloNBj4mkVHyh/kIvM6","gender":true,"token":"eyJhbGciOiJIUzI1NiIsInR5cCI6IkpXVCJ9.eyJkYXRhIjp7ImlkIjoiZTA5NmE0NTQtNDQyNi00MDBmLTkyYWQtOTcyNjc0NDIzNmMwIiwibmFtZSI6IuacseS6muS6riJ9LCJpYXQiOjE1MzQxMjM5NTAsImV4cCI6MTUzNDcyODc1MH0.3Rj17maTK1TH34jl5fa14icZRsKDIgxg61P2hzQS9Cs","canLogin":true,"status":1,"roleId":"aa7eeae7-8d60-40fb-95ad-e55495ffd845","avatar":null,"avatarUseImg":null,"id":"e096a454-4426-400f-92ad-9726744236c0","createdAt":1515633151464,"updatedAt":1534123950920,"version":93}}]}}
*************** response log end ***************

[2018-08-13 10:13:08.702] [INFO] resLogger - 
*************** response log start ***************
request method: OPTIONS
request originalUrl:  /api/user/
request client ip:  ::ffff:192.168.1.106
request body: 
{}
response time: 1
response status: 204
response body: 
undefined
*************** response log end ***************

[2018-08-13 10:13:08.725] [INFO] resLogger - 
*************** response log start ***************
request method: GET
request originalUrl:  /api/user/
request client ip:  ::ffff:192.168.1.106
request query:  {}
response time: 15
response status: 200
response body: 
{"status":0,"data":{"name":"朱亚亮","email":"378338627@qq.com","phone":"15822927208","password":"$2a$10$tkDWWL9Mkz9AUFRa.zS/suzNbr.PYt8dYnZloNBj4mkVHyh/kIvM6","gender":true,"token":"eyJhbGciOiJIUzI1NiIsInR5cCI6IkpXVCJ9.eyJkYXRhIjp7ImlkIjoiZTA5NmE0NTQtNDQyNi00MDBmLTkyYWQtOTcyNjc0NDIzNmMwIiwibmFtZSI6IuacseS6muS6riJ9LCJpYXQiOjE1MzQxMjM5NTAsImV4cCI6MTUzNDcyODc1MH0.3Rj17maTK1TH34jl5fa14icZRsKDIgxg61P2hzQS9Cs","canLogin":true,"status":1,"roleId":"aa7eeae7-8d60-40fb-95ad-e55495ffd845","avatar":null,"avatarUseImg":null,"id":"e096a454-4426-400f-92ad-9726744236c0","createdAt":1515633151464,"updatedAt":1534123950920,"version":93,"role":{"name":"运维工程师","remark":"工程师权限","status":1,"id":"aa7eeae7-8d60-40fb-95ad-e55495ffd845","createdAt":1519805013032,"updatedAt":1519805013032,"version":0,"auths":[{"authId":"dc9a592e-9c34-4489-afb0-39cd85e20e99","roleId":"aa7eeae7-8d60-40fb-95ad-e55495ffd845","id":"4d486b15-c5b2-4746-a923-eaabf2fbdcc5","createdAt":1519805023370,"updatedAt":1519805023370,"version":0,"opInFunc":{"funcId":"690c0f1e-2658-4aa9-ac18-8a02269c9a65","opId":"01004a4c-ff7f-40d4-a8d5-2465513b680f","id":"dc9a592e-9c34-4489-afb0-39cd85e20e99","createdAt":1519805023210,"updatedAt":1519805023210,"version":0,"function":{"name":"工单","code":"op","class":1,"belong":"982e14ea-8b1c-439e-b78d-204579d676a3","status":1,"id":"690c0f1e-2658-4aa9-ac18-8a02269c9a65","createdAt":1519805019330,"updatedAt":1519805019330,"version":0},"operate":{"name":"查看","code":"list","status":1,"id":"01004a4c-ff7f-40d4-a8d5-2465513b680f","createdAt":1519805019892,"updatedAt":1519805019892,"version":0}}},{"authId":"e046316c-aee3-4b70-a10c-837d7f585ebb","roleId":"aa7eeae7-8d60-40fb-95ad-e55495ffd845","id":"46ef320a-b9f2-45a9-a8ea-0321630ee9b0","createdAt":1519805023957,"updatedAt":1519805023957,"version":0,"opInFunc":{"funcId":"690c0f1e-2658-4aa9-ac18-8a02269c9a65","opId":"199f1992-3403-477b-9133-3a5e9d60a1ea","id":"e046316c-aee3-4b70-a10c-837d7f585ebb","createdAt":1519805023823,"updatedAt":1519805023823,"version":0,"function":{"name":"工单","code":"op","class":1,"belong":"982e14ea-8b1c-439e-b78d-204579d676a3","status":1,"id":"690c0f1e-2658-4aa9-ac18-8a02269c9a65","createdAt":1519805019330,"updatedAt":1519805019330,"version":0},"operate":{"name":"删除","code":"delete","status":1,"id":"199f1992-3403-477b-9133-3a5e9d60a1ea","createdAt":1519805020201,"updatedAt":1519805020201,"version":0}}},{"authId":"5050a962-d253-435b-98cc-605ea2a8b53f","roleId":"aa7eeae7-8d60-40fb-95ad-e55495ffd845","id":"af2bb8ba-b0f3-48a1-8532-7f55935962af","createdAt":1520564947522,"updatedAt":1520564947522,"version":0,"opInFunc":{"funcId":"690c0f1e-2658-4aa9-ac18-8a02269c9a65","opId":"40fbca21-c365-4c59-9429-b4be9deb49ac","id":"5050a962-d253-435b-98cc-605ea2a8b53f","createdAt":1519805023434,"updatedAt":1519805023434,"version":0,"function":{"name":"工单","code":"op","class":1,"belong":"982e14ea-8b1c-439e-b78d-204579d676a3","status":1,"id":"690c0f1e-2658-4aa9-ac18-8a02269c9a65","createdAt":1519805019330,"updatedAt":1519805019330,"version":0},"operate":{"name":"新增","code":"add","status":1,"id":"40fbca21-c365-4c59-9429-b4be9deb49ac","createdAt":1519805019952,"updatedAt":1519805019952,"version":0}}},{"authId":"b681f20e-f565-4863-b150-99f9977a1ae9","roleId":"aa7eeae7-8d60-40fb-95ad-e55495ffd845","id":"fb9aa28a-a003-4b41-b90e-3268fcb5562a","createdAt":1519805023759,"updatedAt":1519805023759,"version":0,"opInFunc":{"funcId":"690c0f1e-2658-4aa9-ac18-8a02269c9a65","opId":"502f9b24-e07b-4c24-bf44-922854bd28a3","id":"b681f20e-f565-4863-b150-99f9977a1ae9","createdAt":1519805023625,"updatedAt":1519805023625,"version":0,"function":{"name":"工单","code":"op","class":1,"belong":"982e14ea-8b1c-439e-b78d-204579d676a3","status":1,"id":"690c0f1e-2658-4aa9-ac18-8a02269c9a65","createdAt":1519805019330,"updatedAt":1519805019330,"version":0},"operate":{"name":"编辑","code":"edit","status":1,"id":"502f9b24-e07b-4c24-bf44-922854bd28a3","createdAt":1519805020055,"updatedAt":1519805020055,"version":0}}},{"authId":"67d58590-c1d2-4f27-800a-6bfe488ff9f4","roleId":"aa7eeae7-8d60-40fb-95ad-e55495ffd845","id":"8b18a2f4-3742-40dc-b89e-9361a21e6b85","createdAt":1519805023139,"updatedAt":1519805023139,"version":0,"opInFunc":{"funcId":"690c0f1e-2658-4aa9-ac18-8a02269c9a65","opId":"83bbdb02-998b-47ba-83e3-281c3c6fb9a9","id":"67d58590-c1d2-4f27-800a-6bfe488ff9f4","createdAt":1519805023002,"updatedAt":1519805023002,"version":0,"function":{"name":"工单","code":"op","class":1,"belong":"982e14ea-8b1c-439e-b78d-204579d676a3","status":1,"id":"690c0f1e-2658-4aa9-ac18-8a02269c9a65","createdAt":1519805019330,"updatedAt":1519805019330,"version":0},"operate":{"name":"菜单可见","code":"menu","status":1,"id":"83bbdb02-998b-47ba-83e3-281c3c6fb9a9","createdAt":1519805019821,"updatedAt":1519805019821,"version":0}}},{"authId":"fb4e96bd-9818-4d8a-957c-accfd1270092","roleId":"aa7eeae7-8d60-40fb-95ad-e55495ffd845","id":"bbb7e2c8-f386-4454-a64d-9721a0d7fb8f","createdAt":1519805610757,"updatedAt":1519805610757,"version":0,"opInFunc":{"funcId":"982e14ea-8b1c-439e-b78d-204579d676a3","opId":"83bbdb02-998b-47ba-83e3-281c3c6fb9a9","id":"fb4e96bd-9818-4d8a-957c-accfd1270092","createdAt":1519805022865,"updatedAt":1519805022865,"version":0,"function":{"name":"工作管理","code":"operations","class":0,"belong":null,"status":1,"id":"982e14ea-8b1c-439e-b78d-204579d676a3","createdAt":1519805019261,"updatedAt":1519805019261,"version":0},"operate":{"name":"菜单可见","code":"menu","status":1,"id":"83bbdb02-998b-47ba-83e3-281c3c6fb9a9","createdAt":1519805019821,"updatedAt":1519805019821,"version":0}}}]}}}
*************** response log end ***************

[2018-08-13 10:13:08.734] [INFO] resLogger - 
*************** response log start ***************
request method: OPTIONS
request originalUrl:  /api/operation/operationCount?stamp=1534118400&userid=e096a454-4426-400f-92ad-9726744236c0
request client ip:  ::ffff:192.168.1.106
request body: 
{}
response time: 1
response status: 204
response body: 
undefined
*************** response log end ***************

[2018-08-13 10:13:08.737] [INFO] resLogger - 
*************** response log start ***************
request method: OPTIONS
request originalUrl:  /api/operation/workingOperationList?stamp=1534118400&userid=e096a454-4426-400f-92ad-9726744236c0
request client ip:  ::ffff:192.168.1.106
request body: 
{}
response time: 0
response status: 204
response body: 
undefined
*************** response log end ***************

[2018-08-13 10:13:08.803] [INFO] resLogger - 
*************** response log start ***************
request method: GET
request originalUrl:  /api/operation/operationCount?stamp=1534118400&userid=e096a454-4426-400f-92ad-9726744236c0
request client ip:  ::ffff:192.168.1.106
request query:  {"stamp":"1534118400","userid":"e096a454-4426-400f-92ad-9726744236c0"}
response time: 61
response status: 200
response body: 
{"status":0,"data":{"working":0,"done":1,"all":1}}
*************** response log end ***************

[2018-08-13 10:13:08.806] [INFO] resLogger - 
*************** response log start ***************
request method: GET
request originalUrl:  /api/operation/workingOperationList?stamp=1534118400&userid=e096a454-4426-400f-92ad-9726744236c0
request client ip:  ::ffff:192.168.1.106
request query:  {"stamp":"1534118400","userid":"e096a454-4426-400f-92ad-9726744236c0"}
response time: 52
response status: 200
response body: 
{"status":0,"data":[],"total":0}
*************** response log end ***************

[2018-08-13 10:13:10.321] [INFO] resLogger - 
*************** response log start ***************
request method: OPTIONS
request originalUrl:  /api/operation/doneOperationList?stamp=1534118400&userid=e096a454-4426-400f-92ad-9726744236c0
request client ip:  ::ffff:192.168.1.106
request body: 
{}
response time: 0
response status: 204
response body: 
undefined
*************** response log end ***************

[2018-08-13 10:13:10.364] [INFO] resLogger - 
*************** response log start ***************
request method: GET
request originalUrl:  /api/operation/operationCount?stamp=1534118400&userid=e096a454-4426-400f-92ad-9726744236c0
request client ip:  ::ffff:192.168.1.106
request query:  {"stamp":"1534118400","userid":"e096a454-4426-400f-92ad-9726744236c0"}
response time: 52
response status: 200
response body: 
{"status":0,"data":{"working":0,"done":1,"all":1}}
*************** response log end ***************

[2018-08-13 10:13:10.364] [INFO] resLogger - 
*************** response log start ***************
request method: GET
request originalUrl:  /api/operation/doneOperationList?stamp=1534118400&userid=e096a454-4426-400f-92ad-9726744236c0
request client ip:  ::ffff:192.168.1.106
request query:  {"stamp":"1534118400","userid":"e096a454-4426-400f-92ad-9726744236c0"}
response time: 39
response status: 200
response body: 
{"status":0,"data":[{"no":"20180813000","custom_name":"园林","custom_phone":"02266621357","incoming_time":1534124958000,"custom_corporation":"d016201e-2c29-4d9f-8caa-4da5a7b279e9","custom_position":"3f26dfff-62fa-4df9-84aa-32becdffce35","remark":null,"status":1,"needs":"[{\"type\":{\"id\":\"e6890530-4629-406f-a3fb-d8e2a293320b\",\"name\":\"硬件\",\"code\":\"HARDWARE\"},\"equipment\":{\"name\":\"打印机\",\"value\":\"打印机\"},\"op\":{\"id\":\"a3f97b89-ca2f-4be8-841f-8a9b95ca891e\",\"name\":\"连接\",\"code\":\"CONNECT\"},\"no\":1}]","id":"ca95f6c3-7ac7-4ea7-b948-b5108ca3bf93","createdAt":1534125002011,"updatedAt":1534125002011,"version":0,"operations":[{"orderId":"ca95f6c3-7ac7-4ea7-b948-b5108ca3bf93","important":false,"op":"a3f97b89-ca2f-4be8-841f-8a9b95ca891e","no":"20180813000","create_time":1534124958000,"remark":"","status":1,"id":"65ec8456-a33a-4e6e-a3b0-a230b15f313c","createdAt":1534125002169,"updatedAt":1534125002169,"version":0,"businessContent":{"type":"HARDWARE","equipment":"打印机","operation":"CONNECT","isAdvanced":null,"weight":5,"remark":null,"status":1,"sequence":1,"id":"a3f97b89-ca2f-4be8-841f-8a9b95ca891e","createdAt":1517189230921,"updatedAt":1525738301504,"version":2,"equipOp":{"name":"连接","code":"CONNECT","id":"c7c1a6a9-3b22-4868-87ef-848de64eb1c3","createdAt":1515648604654,"updatedAt":1515648604654,"version":0}},"actions":[{"operationId":"65ec8456-a33a-4e6e-a3b0-a230b15f313c","call_time":1534124958000,"start_time":1534125018000,"end_time":1534125610000,"worker":"e096a454-4426-400f-92ad-9726744236c0","operationStart":null,"operationComplete":1,"status":1,"id":"afc8011e-6bc3-4747-8abf-eab61811abe0","createdAt":1534125002306,"updatedAt":1534125611540,"version":1,"user":{"name":"朱亚亮","email":"378338627@qq.com","phone":"15822927208","password":"$2a$10$tkDWWL9Mkz9AUFRa.zS/suzNbr.PYt8dYnZloNBj4mkVHyh/kIvM6","gender":true,"token":"eyJhbGciOiJIUzI1NiIsInR5cCI6IkpXVCJ9.eyJkYXRhIjp7ImlkIjoiZTA5NmE0NTQtNDQyNi00MDBmLTkyYWQtOTcyNjc0NDIzNmMwIiwibmFtZSI6IuacseS6muS6riJ9LCJpYXQiOjE1MzQxMjM5NTAsImV4cCI6MTUzNDcyODc1MH0.3Rj17maTK1TH34jl5fa14icZRsKDIgxg61P2hzQS9Cs","canLogin":true,"status":1,"roleId":"aa7eeae7-8d60-40fb-95ad-e55495ffd845","avatar":null,"avatarUseImg":null,"id":"e096a454-4426-400f-92ad-9726744236c0","createdAt":1515633151464,"updatedAt":1534123950920,"version":93}}]}],"corporation":{"name":"园林公司","description":"园林公司","status":1,"groupId":"f0c37d6d-c922-4617-befd-aa51ad85d7c5","id":"d016201e-2c29-4d9f-8caa-4da5a7b279e9","createdAt":1515648909620,"updatedAt":1515648909620,"version":0}}],"total":1}
*************** response log end ***************

[2018-08-13 10:13:10.371] [INFO] resLogger - 
*************** response log start ***************
request method: OPTIONS
request originalUrl:  /api/sign/65ec8456-a33a-4e6e-a3b0-a230b15f313c
request client ip:  ::ffff:192.168.1.106
request body: 
{}
response time: 1
response status: 204
response body: 
undefined
*************** response log end ***************

[2018-08-13 10:13:10.390] [INFO] resLogger - 
*************** response log start ***************
request method: GET
request originalUrl:  /api/sign/65ec8456-a33a-4e6e-a3b0-a230b15f313c
request client ip:  ::ffff:192.168.1.106
request query:  {}
response time: 4
response status: 200
response body: 
{"status":0,"data":""}
*************** response log end ***************

[2018-08-13 10:13:32.753] [INFO] resLogger - 
*************** response log start ***************
request method: OPTIONS
request originalUrl:  /api/equipType/list
request client ip:  ::ffff:192.168.1.106
request body: 
{}
response time: 0
response status: 204
response body: 
undefined
*************** response log end ***************

[2018-08-13 10:13:32.767] [INFO] resLogger - 
*************** response log start ***************
request method: GET
request originalUrl:  /api/groups/list
request client ip:  ::ffff:192.168.1.106
request query:  {}
response time: 12
response status: 200
response body: 
{"status":0,"data":[{"name":"管委会","description":"group1","status":1,"id":"52505514-1b27-449f-b575-55b32fd1280f","createdAt":1515633151465,"updatedAt":1515633151465,"version":0},{"name":"控股","description":"group2","status":1,"id":"f0c37d6d-c922-4617-befd-aa51ad85d7c5","createdAt":1515633152227,"updatedAt":1515633152227,"version":0},{"name":"临港清华附属小学","description":"临港清华附属小学","status":1,"id":"76a550ce-0788-4e2f-b3b8-875f9a62692c","createdAt":1515737019104,"updatedAt":1515737019104,"version":0},{"name":"宜湾酒店","description":"宜湾酒店","status":1,"id":"384fb1a2-33c9-4577-96f8-02dd6030e93a","createdAt":1528250664116,"updatedAt":1528250664116,"version":0}],"total":4}
*************** response log end ***************

[2018-08-13 10:13:32.778] [INFO] resLogger - 
*************** response log start ***************
request method: GET
request originalUrl:  /api/equipType/list
request client ip:  ::ffff:192.168.1.106
request query:  {}
response time: 7
response status: 200
response body: 
{"status":0,"data":[{"name":"网络","code":"NETWORK","id":"edad6210-e642-4302-98c1-60251cb85972","createdAt":1515633162976,"updatedAt":1515633162976,"version":0},{"name":"软件","code":"SOFTWARE","id":"273f11bf-51a4-4331-9f71-f209625da820","createdAt":1515633162815,"updatedAt":1515633162815,"version":0},{"name":"硬件","code":"HARDWARE","id":"e6890530-4629-406f-a3fb-d8e2a293320b","createdAt":1515633162627,"updatedAt":1515633162627,"version":0}]}
*************** response log end ***************

[2018-08-13 10:13:32.796] [INFO] resLogger - 
*************** response log start ***************
request method: GET
request originalUrl:  /api/corporations/list?group=f0c37d6d-c922-4617-befd-aa51ad85d7c5
request client ip:  ::ffff:192.168.1.106
request query:  {"group":"f0c37d6d-c922-4617-befd-aa51ad85d7c5"}
response time: 16
response status: 200
response body: 
{"status":0,"data":[{"name":"控股公司","description":"控股公司","status":1,"groupId":"f0c37d6d-c922-4617-befd-aa51ad85d7c5","id":"fbbf7c59-f08c-445b-a4f0-e2fa977117e8","createdAt":1515633158111,"updatedAt":1515633158111,"version":0,"group":{"name":"控股","description":"group2","status":1,"id":"f0c37d6d-c922-4617-befd-aa51ad85d7c5","createdAt":1515633152227,"updatedAt":1515633152227,"version":0}},{"name":"融资租赁公司","description":"融资租赁公司","status":1,"groupId":"f0c37d6d-c922-4617-befd-aa51ad85d7c5","id":"4f3b67d7-40f2-4377-86ba-e9775e728f64","createdAt":1515633158201,"updatedAt":1520564750982,"version":1,"group":{"name":"控股","description":"group2","status":1,"id":"f0c37d6d-c922-4617-befd-aa51ad85d7c5","createdAt":1515633152227,"updatedAt":1515633152227,"version":0}},{"name":"公用事业公司","description":"公用事业公司","status":1,"groupId":"f0c37d6d-c922-4617-befd-aa51ad85d7c5","id":"4599eaf8-68f6-4fd5-bf10-1d152e2b28fe","createdAt":1515633158411,"updatedAt":1523927186242,"version":2,"group":{"name":"控股","description":"group2","status":1,"id":"f0c37d6d-c922-4617-befd-aa51ad85d7c5","createdAt":1515633152227,"updatedAt":1515633152227,"version":0}},{"name":"建设公司","description":"建设公司","status":1,"groupId":"f0c37d6d-c922-4617-befd-aa51ad85d7c5","id":"53fa2bd9-bc42-4582-a5c3-38f8d8dad229","createdAt":1515633158488,"updatedAt":1515633158488,"version":0,"group":{"name":"控股","description":"group2","status":1,"id":"f0c37d6d-c922-4617-befd-aa51ad85d7c5","createdAt":1515633152227,"updatedAt":1515633152227,"version":0}},{"name":"投资公司","description":"投资公司","status":1,"groupId":"f0c37d6d-c922-4617-befd-aa51ad85d7c5","id":"73a751ce-1f60-42ce-a5ee-501712eef1f4","createdAt":1515633160114,"updatedAt":1515633160114,"version":0,"group":{"name":"控股","description":"group2","status":1,"id":"f0c37d6d-c922-4617-befd-aa51ad85d7c5","createdAt":1515633152227,"updatedAt":1515633152227,"version":0}},{"name":"园林公司","description":"园林公司","status":1,"groupId":"f0c37d6d-c922-4617-befd-aa51ad85d7c5","id":"d016201e-2c29-4d9f-8caa-4da5a7b279e9","createdAt":1515648909620,"updatedAt":1515648909620,"version":0,"group":{"name":"控股","description":"group2","status":1,"id":"f0c37d6d-c922-4617-befd-aa51ad85d7c5","createdAt":1515633152227,"updatedAt":1515633152227,"version":0}},{"name":"基金公司","description":"基金公司","status":1,"groupId":"f0c37d6d-c922-4617-befd-aa51ad85d7c5","id":"f0fd30bb-479c-44db-8413-ab39b32da748","createdAt":1515650970327,"updatedAt":1515650970327,"version":0,"group":{"name":"控股","description":"group2","status":1,"id":"f0c37d6d-c922-4617-befd-aa51ad85d7c5","createdAt":1515633152227,"updatedAt":1515633152227,"version":0}},{"name":"园区运营公司","description":"园区运营公司","status":1,"groupId":"f0c37d6d-c922-4617-befd-aa51ad85d7c5","id":"1c52efa6-abbe-4114-95a6-c1125d762446","createdAt":1515981270653,"updatedAt":1515981270653,"version":0,"group":{"name":"控股","description":"group2","status":1,"id":"f0c37d6d-c922-4617-befd-aa51ad85d7c5","createdAt":1515633152227,"updatedAt":1515633152227,"version":0}},{"name":"高新公司","description":"高新","status":1,"groupId":"f0c37d6d-c922-4617-befd-aa51ad85d7c5","id":"89cce940-1268-4690-abe4-3b3b14fb0cde","createdAt":1516607211910,"updatedAt":1516607211910,"version":0,"group":{"name":"控股","description":"group2","status":1,"id":"f0c37d6d-c922-4617-befd-aa51ad85d7c5","createdAt":1515633152227,"updatedAt":1515633152227,"version":0}},{"name":"置地公司","description":"置地公司","status":1,"groupId":"f0c37d6d-c922-4617-befd-aa51ad85d7c5","id":"4b2362eb-a9fd-414c-8c31-ad335e81105b","createdAt":1516670902936,"updatedAt":1520565001347,"version":2,"group":{"name":"控股","description":"group2","status":1,"id":"f0c37d6d-c922-4617-befd-aa51ad85d7c5","createdAt":1515633152227,"updatedAt":1515633152227,"version":0}},{"name":"铁路公司","description":"铁路公司","status":1,"groupId":"f0c37d6d-c922-4617-befd-aa51ad85d7c5","id":"f15181ba-7881-4536-9902-f0588e0c1e17","createdAt":1516670976469,"updatedAt":1516670976469,"version":0,"group":{"name":"控股","description":"group2","status":1,"id":"f0c37d6d-c922-4617-befd-aa51ad85d7c5","createdAt":1515633152227,"updatedAt":1515633152227,"version":0}},{"name":"港务公司","description":"港务公司","status":1,"groupId":"f0c37d6d-c922-4617-befd-aa51ad85d7c5","id":"268041ad-f79c-4c6a-858d-091c3a77ac59","createdAt":1516670996611,"updatedAt":1516670996611,"version":0,"group":{"name":"控股","description":"group2","status":1,"id":"f0c37d6d-c922-4617-befd-aa51ad85d7c5","createdAt":1515633152227,"updatedAt":1515633152227,"version":0}},{"name":"粮交所","description":"粮交所","status":1,"groupId":"f0c37d6d-c922-4617-befd-aa51ad85d7c5","id":"76e565af-f8c3-4798-bee7-3342bd079231","createdAt":1516671019340,"updatedAt":1520564697710,"version":1,"group":{"name":"控股","description":"group2","status":1,"id":"f0c37d6d-c922-4617-befd-aa51ad85d7c5","createdAt":1515633152227,"updatedAt":1515633152227,"version":0}},{"name":"信息公司","description":"信息公司","status":1,"groupId":"f0c37d6d-c922-4617-befd-aa51ad85d7c5","id":"38c3e49a-0e5d-4390-9f14-e9cae95f365f","createdAt":1516671101244,"updatedAt":1520564729149,"version":1,"group":{"name":"控股","description":"group2","status":1,"id":"f0c37d6d-c922-4617-befd-aa51ad85d7c5","createdAt":1515633152227,"updatedAt":1515633152227,"version":0}},{"name":"城市资源公司","description":"城市资源","status":1,"groupId":"f0c37d6d-c922-4617-befd-aa51ad85d7c5","id":"9eaf4c3b-0a1d-488a-a575-cf7772c21135","createdAt":1516671126558,"updatedAt":1520564922535,"version":1,"group":{"name":"控股","description":"group2","status":1,"id":"f0c37d6d-c922-4617-befd-aa51ad85d7c5","createdAt":1515633152227,"updatedAt":1515633152227,"version":0}},{"name":"物流商贸公司","description":"物流商贸","status":1,"groupId":"f0c37d6d-c922-4617-befd-aa51ad85d7c5","id":"d988a340-24ec-4f49-ba6a-98514328a07a","createdAt":1517196815376,"updatedAt":1517196815376,"version":0,"group":{"name":"控股","description":"group2","status":1,"id":"f0c37d6d-c922-4617-befd-aa51ad85d7c5","createdAt":1515633152227,"updatedAt":1515633152227,"version":0}},{"name":"信息管线公司","description":"信息管线公司","status":1,"groupId":"f0c37d6d-c922-4617-befd-aa51ad85d7c5","id":"9d70667b-13e9-46c7-b552-86050bef037a","createdAt":1517793948897,"updatedAt":1517793948897,"version":0,"group":{"name":"控股","description":"group2","status":1,"id":"f0c37d6d-c922-4617-befd-aa51ad85d7c5","createdAt":1515633152227,"updatedAt":1515633152227,"version":0}},{"name":"建设服务中心","description":"建设服务中心","status":1,"groupId":"f0c37d6d-c922-4617-befd-aa51ad85d7c5","id":"97b9d1eb-f88d-4f2c-bfec-e6c7767b8631","createdAt":1519789470777,"updatedAt":1519789470777,"version":0,"group":{"name":"控股","description":"group2","status":1,"id":"f0c37d6d-c922-4617-befd-aa51ad85d7c5","createdAt":1515633152227,"updatedAt":1515633152227,"version":0}},{"name":"招商公司","description":"八楼","status":1,"groupId":"f0c37d6d-c922-4617-befd-aa51ad85d7c5","id":"d55858be-a683-497f-abff-6f60516418cd","createdAt":1521794537272,"updatedAt":1521794537272,"version":0,"group":{"name":"控股","description":"group2","status":1,"id":"f0c37d6d-c922-4617-befd-aa51ad85d7c5","createdAt":1515633152227,"updatedAt":1515633152227,"version":0}},{"name":"加油站","description":"加油站","status":1,"groupId":"f0c37d6d-c922-4617-befd-aa51ad85d7c5","id":"dbaf7d65-bab7-426c-aebf-e374258cc4a4","createdAt":1533191435938,"updatedAt":1533191513320,"version":1,"group":{"name":"控股","description":"group2","status":1,"id":"f0c37d6d-c922-4617-befd-aa51ad85d7c5","createdAt":1515633152227,"updatedAt":1515633152227,"version":0}}],"total":20}
*************** response log end ***************

[2018-08-13 10:13:32.805] [INFO] resLogger - 
*************** response log start ***************
request method: GET
request originalUrl:  /api/business/getequip/get/NETWORK
request client ip:  ::ffff:192.168.1.106
request query:  {}
response time: 6
response status: 200
response body: 
{"status":0,"data":[{"equipment":"IP地址","name":"IP地址"},{"equipment":"VPN","name":"VPN"},{"equipment":"互联网","name":"互联网"},{"equipment":"内网","name":"内网"},{"equipment":"局域网","name":"局域网"},{"equipment":"有线网络","name":"有线网络"},{"equipment":"网络设备","name":"网络设备"},{"equipment":"视频会议设备","name":"视频会议设备"},{"equipment":"路由器","name":"路由器"}]}
*************** response log end ***************

[2018-08-13 10:13:32.839] [INFO] resLogger - 
*************** response log start ***************
request method: GET
request originalUrl:  /api/business/list?param=none&type=NETWORK&equipment=IP%E5%9C%B0%E5%9D%80
request client ip:  ::ffff:192.168.1.106
request query:  {"param":"none","type":"NETWORK","equipment":"IP地址"}
response time: 14
response status: 200
response body: 
{"status":0,"data":[{"type":"NETWORK","equipment":"IP地址","operation":"CT","isAdvanced":null,"weight":5,"remark":null,"status":1,"sequence":0,"id":"136d7e3a-3196-417f-a583-8f1b229fa16d","createdAt":1515633164897,"updatedAt":1525740348099,"version":1,"equipType":{"name":"网络","code":"NETWORK","id":"edad6210-e642-4302-98c1-60251cb85972","createdAt":1515633162976,"updatedAt":1515633162976,"version":0},"equipOp":{"name":"冲突","code":"CT","id":"638b91b7-6496-44be-b482-30d2f77ddd88","createdAt":1515633163872,"updatedAt":1515633163872,"version":0}},{"type":"NETWORK","equipment":"IP地址","operation":"SET","isAdvanced":null,"weight":5,"remark":null,"status":1,"sequence":1,"id":"b21cfd95-a732-41d6-b70a-63e0dd931439","createdAt":1515633165117,"updatedAt":1525740348021,"version":1,"equipType":{"name":"网络","code":"NETWORK","id":"edad6210-e642-4302-98c1-60251cb85972","createdAt":1515633162976,"updatedAt":1515633162976,"version":0},"equipOp":{"name":"设置","code":"SET","id":"19c397a6-794f-4b2d-9f67-64f8da63c2ac","createdAt":1515633164022,"updatedAt":1515633164022,"version":0}}],"total":2}
*************** response log end ***************

[2018-08-13 10:14:00.492] [INFO] resLogger - 
*************** response log start ***************
request method: OPTIONS
request originalUrl:  /api/equipType/list
request client ip:  ::ffff:192.168.1.106
request body: 
{}
response time: 1
response status: 204
response body: 
undefined
*************** response log end ***************

[2018-08-13 10:14:00.508] [INFO] resLogger - 
*************** response log start ***************
request method: GET
request originalUrl:  /api/groups/list
request client ip:  ::ffff:192.168.1.106
request query:  {}
response time: 15
response status: 200
response body: 
{"status":0,"data":[{"name":"管委会","description":"group1","status":1,"id":"52505514-1b27-449f-b575-55b32fd1280f","createdAt":1515633151465,"updatedAt":1515633151465,"version":0},{"name":"控股","description":"group2","status":1,"id":"f0c37d6d-c922-4617-befd-aa51ad85d7c5","createdAt":1515633152227,"updatedAt":1515633152227,"version":0},{"name":"临港清华附属小学","description":"临港清华附属小学","status":1,"id":"76a550ce-0788-4e2f-b3b8-875f9a62692c","createdAt":1515737019104,"updatedAt":1515737019104,"version":0},{"name":"宜湾酒店","description":"宜湾酒店","status":1,"id":"384fb1a2-33c9-4577-96f8-02dd6030e93a","createdAt":1528250664116,"updatedAt":1528250664116,"version":0}],"total":4}
*************** response log end ***************

[2018-08-13 10:14:00.516] [INFO] resLogger - 
*************** response log start ***************
request method: GET
request originalUrl:  /api/equipType/list
request client ip:  ::ffff:192.168.1.106
request query:  {}
response time: 7
response status: 200
response body: 
{"status":0,"data":[{"name":"网络","code":"NETWORK","id":"edad6210-e642-4302-98c1-60251cb85972","createdAt":1515633162976,"updatedAt":1515633162976,"version":0},{"name":"软件","code":"SOFTWARE","id":"273f11bf-51a4-4331-9f71-f209625da820","createdAt":1515633162815,"updatedAt":1515633162815,"version":0},{"name":"硬件","code":"HARDWARE","id":"e6890530-4629-406f-a3fb-d8e2a293320b","createdAt":1515633162627,"updatedAt":1515633162627,"version":0}]}
*************** response log end ***************

[2018-08-13 10:14:00.535] [INFO] resLogger - 
*************** response log start ***************
request method: GET
request originalUrl:  /api/corporations/list?group=f0c37d6d-c922-4617-befd-aa51ad85d7c5
request client ip:  ::ffff:192.168.1.106
request query:  {"group":"f0c37d6d-c922-4617-befd-aa51ad85d7c5"}
response time: 15
response status: 200
response body: 
{"status":0,"data":[{"name":"控股公司","description":"控股公司","status":1,"groupId":"f0c37d6d-c922-4617-befd-aa51ad85d7c5","id":"fbbf7c59-f08c-445b-a4f0-e2fa977117e8","createdAt":1515633158111,"updatedAt":1515633158111,"version":0,"group":{"name":"控股","description":"group2","status":1,"id":"f0c37d6d-c922-4617-befd-aa51ad85d7c5","createdAt":1515633152227,"updatedAt":1515633152227,"version":0}},{"name":"融资租赁公司","description":"融资租赁公司","status":1,"groupId":"f0c37d6d-c922-4617-befd-aa51ad85d7c5","id":"4f3b67d7-40f2-4377-86ba-e9775e728f64","createdAt":1515633158201,"updatedAt":1520564750982,"version":1,"group":{"name":"控股","description":"group2","status":1,"id":"f0c37d6d-c922-4617-befd-aa51ad85d7c5","createdAt":1515633152227,"updatedAt":1515633152227,"version":0}},{"name":"公用事业公司","description":"公用事业公司","status":1,"groupId":"f0c37d6d-c922-4617-befd-aa51ad85d7c5","id":"4599eaf8-68f6-4fd5-bf10-1d152e2b28fe","createdAt":1515633158411,"updatedAt":1523927186242,"version":2,"group":{"name":"控股","description":"group2","status":1,"id":"f0c37d6d-c922-4617-befd-aa51ad85d7c5","createdAt":1515633152227,"updatedAt":1515633152227,"version":0}},{"name":"建设公司","description":"建设公司","status":1,"groupId":"f0c37d6d-c922-4617-befd-aa51ad85d7c5","id":"53fa2bd9-bc42-4582-a5c3-38f8d8dad229","createdAt":1515633158488,"updatedAt":1515633158488,"version":0,"group":{"name":"控股","description":"group2","status":1,"id":"f0c37d6d-c922-4617-befd-aa51ad85d7c5","createdAt":1515633152227,"updatedAt":1515633152227,"version":0}},{"name":"投资公司","description":"投资公司","status":1,"groupId":"f0c37d6d-c922-4617-befd-aa51ad85d7c5","id":"73a751ce-1f60-42ce-a5ee-501712eef1f4","createdAt":1515633160114,"updatedAt":1515633160114,"version":0,"group":{"name":"控股","description":"group2","status":1,"id":"f0c37d6d-c922-4617-befd-aa51ad85d7c5","createdAt":1515633152227,"updatedAt":1515633152227,"version":0}},{"name":"园林公司","description":"园林公司","status":1,"groupId":"f0c37d6d-c922-4617-befd-aa51ad85d7c5","id":"d016201e-2c29-4d9f-8caa-4da5a7b279e9","createdAt":1515648909620,"updatedAt":1515648909620,"version":0,"group":{"name":"控股","description":"group2","status":1,"id":"f0c37d6d-c922-4617-befd-aa51ad85d7c5","createdAt":1515633152227,"updatedAt":1515633152227,"version":0}},{"name":"基金公司","description":"基金公司","status":1,"groupId":"f0c37d6d-c922-4617-befd-aa51ad85d7c5","id":"f0fd30bb-479c-44db-8413-ab39b32da748","createdAt":1515650970327,"updatedAt":1515650970327,"version":0,"group":{"name":"控股","description":"group2","status":1,"id":"f0c37d6d-c922-4617-befd-aa51ad85d7c5","createdAt":1515633152227,"updatedAt":1515633152227,"version":0}},{"name":"园区运营公司","description":"园区运营公司","status":1,"groupId":"f0c37d6d-c922-4617-befd-aa51ad85d7c5","id":"1c52efa6-abbe-4114-95a6-c1125d762446","createdAt":1515981270653,"updatedAt":1515981270653,"version":0,"group":{"name":"控股","description":"group2","status":1,"id":"f0c37d6d-c922-4617-befd-aa51ad85d7c5","createdAt":1515633152227,"updatedAt":1515633152227,"version":0}},{"name":"高新公司","description":"高新","status":1,"groupId":"f0c37d6d-c922-4617-befd-aa51ad85d7c5","id":"89cce940-1268-4690-abe4-3b3b14fb0cde","createdAt":1516607211910,"updatedAt":1516607211910,"version":0,"group":{"name":"控股","description":"group2","status":1,"id":"f0c37d6d-c922-4617-befd-aa51ad85d7c5","createdAt":1515633152227,"updatedAt":1515633152227,"version":0}},{"name":"置地公司","description":"置地公司","status":1,"groupId":"f0c37d6d-c922-4617-befd-aa51ad85d7c5","id":"4b2362eb-a9fd-414c-8c31-ad335e81105b","createdAt":1516670902936,"updatedAt":1520565001347,"version":2,"group":{"name":"控股","description":"group2","status":1,"id":"f0c37d6d-c922-4617-befd-aa51ad85d7c5","createdAt":1515633152227,"updatedAt":1515633152227,"version":0}},{"name":"铁路公司","description":"铁路公司","status":1,"groupId":"f0c37d6d-c922-4617-befd-aa51ad85d7c5","id":"f15181ba-7881-4536-9902-f0588e0c1e17","createdAt":1516670976469,"updatedAt":1516670976469,"version":0,"group":{"name":"控股","description":"group2","status":1,"id":"f0c37d6d-c922-4617-befd-aa51ad85d7c5","createdAt":1515633152227,"updatedAt":1515633152227,"version":0}},{"name":"港务公司","description":"港务公司","status":1,"groupId":"f0c37d6d-c922-4617-befd-aa51ad85d7c5","id":"268041ad-f79c-4c6a-858d-091c3a77ac59","createdAt":1516670996611,"updatedAt":1516670996611,"version":0,"group":{"name":"控股","description":"group2","status":1,"id":"f0c37d6d-c922-4617-befd-aa51ad85d7c5","createdAt":1515633152227,"updatedAt":1515633152227,"version":0}},{"name":"粮交所","description":"粮交所","status":1,"groupId":"f0c37d6d-c922-4617-befd-aa51ad85d7c5","id":"76e565af-f8c3-4798-bee7-3342bd079231","createdAt":1516671019340,"updatedAt":1520564697710,"version":1,"group":{"name":"控股","description":"group2","status":1,"id":"f0c37d6d-c922-4617-befd-aa51ad85d7c5","createdAt":1515633152227,"updatedAt":1515633152227,"version":0}},{"name":"信息公司","description":"信息公司","status":1,"groupId":"f0c37d6d-c922-4617-befd-aa51ad85d7c5","id":"38c3e49a-0e5d-4390-9f14-e9cae95f365f","createdAt":1516671101244,"updatedAt":1520564729149,"version":1,"group":{"name":"控股","description":"group2","status":1,"id":"f0c37d6d-c922-4617-befd-aa51ad85d7c5","createdAt":1515633152227,"updatedAt":1515633152227,"version":0}},{"name":"城市资源公司","description":"城市资源","status":1,"groupId":"f0c37d6d-c922-4617-befd-aa51ad85d7c5","id":"9eaf4c3b-0a1d-488a-a575-cf7772c21135","createdAt":1516671126558,"updatedAt":1520564922535,"version":1,"group":{"name":"控股","description":"group2","status":1,"id":"f0c37d6d-c922-4617-befd-aa51ad85d7c5","createdAt":1515633152227,"updatedAt":1515633152227,"version":0}},{"name":"物流商贸公司","description":"物流商贸","status":1,"groupId":"f0c37d6d-c922-4617-befd-aa51ad85d7c5","id":"d988a340-24ec-4f49-ba6a-98514328a07a","createdAt":1517196815376,"updatedAt":1517196815376,"version":0,"group":{"name":"控股","description":"group2","status":1,"id":"f0c37d6d-c922-4617-befd-aa51ad85d7c5","createdAt":1515633152227,"updatedAt":1515633152227,"version":0}},{"name":"信息管线公司","description":"信息管线公司","status":1,"groupId":"f0c37d6d-c922-4617-befd-aa51ad85d7c5","id":"9d70667b-13e9-46c7-b552-86050bef037a","createdAt":1517793948897,"updatedAt":1517793948897,"version":0,"group":{"name":"控股","description":"group2","status":1,"id":"f0c37d6d-c922-4617-befd-aa51ad85d7c5","createdAt":1515633152227,"updatedAt":1515633152227,"version":0}},{"name":"建设服务中心","description":"建设服务中心","status":1,"groupId":"f0c37d6d-c922-4617-befd-aa51ad85d7c5","id":"97b9d1eb-f88d-4f2c-bfec-e6c7767b8631","createdAt":1519789470777,"updatedAt":1519789470777,"version":0,"group":{"name":"控股","description":"group2","status":1,"id":"f0c37d6d-c922-4617-befd-aa51ad85d7c5","createdAt":1515633152227,"updatedAt":1515633152227,"version":0}},{"name":"招商公司","description":"八楼","status":1,"groupId":"f0c37d6d-c922-4617-befd-aa51ad85d7c5","id":"d55858be-a683-497f-abff-6f60516418cd","createdAt":1521794537272,"updatedAt":1521794537272,"version":0,"group":{"name":"控股","description":"group2","status":1,"id":"f0c37d6d-c922-4617-befd-aa51ad85d7c5","createdAt":1515633152227,"updatedAt":1515633152227,"version":0}},{"name":"加油站","description":"加油站","status":1,"groupId":"f0c37d6d-c922-4617-befd-aa51ad85d7c5","id":"dbaf7d65-bab7-426c-aebf-e374258cc4a4","createdAt":1533191435938,"updatedAt":1533191513320,"version":1,"group":{"name":"控股","description":"group2","status":1,"id":"f0c37d6d-c922-4617-befd-aa51ad85d7c5","createdAt":1515633152227,"updatedAt":1515633152227,"version":0}}],"total":20}
*************** response log end ***************

[2018-08-13 10:14:00.545] [INFO] resLogger - 
*************** response log start ***************
request method: GET
request originalUrl:  /api/business/getequip/get/NETWORK
request client ip:  ::ffff:192.168.1.106
request query:  {}
response time: 6
response status: 200
response body: 
{"status":0,"data":[{"equipment":"IP地址","name":"IP地址"},{"equipment":"VPN","name":"VPN"},{"equipment":"互联网","name":"互联网"},{"equipment":"内网","name":"内网"},{"equipment":"局域网","name":"局域网"},{"equipment":"有线网络","name":"有线网络"},{"equipment":"网络设备","name":"网络设备"},{"equipment":"视频会议设备","name":"视频会议设备"},{"equipment":"路由器","name":"路由器"}]}
*************** response log end ***************

[2018-08-13 10:14:00.573] [INFO] resLogger - 
*************** response log start ***************
request method: GET
request originalUrl:  /api/business/list?param=none&type=NETWORK&equipment=IP%E5%9C%B0%E5%9D%80
request client ip:  ::ffff:192.168.1.106
request query:  {"param":"none","type":"NETWORK","equipment":"IP地址"}
response time: 13
response status: 200
response body: 
{"status":0,"data":[{"type":"NETWORK","equipment":"IP地址","operation":"CT","isAdvanced":null,"weight":5,"remark":null,"status":1,"sequence":0,"id":"136d7e3a-3196-417f-a583-8f1b229fa16d","createdAt":1515633164897,"updatedAt":1525740348099,"version":1,"equipType":{"name":"网络","code":"NETWORK","id":"edad6210-e642-4302-98c1-60251cb85972","createdAt":1515633162976,"updatedAt":1515633162976,"version":0},"equipOp":{"name":"冲突","code":"CT","id":"638b91b7-6496-44be-b482-30d2f77ddd88","createdAt":1515633163872,"updatedAt":1515633163872,"version":0}},{"type":"NETWORK","equipment":"IP地址","operation":"SET","isAdvanced":null,"weight":5,"remark":null,"status":1,"sequence":1,"id":"b21cfd95-a732-41d6-b70a-63e0dd931439","createdAt":1515633165117,"updatedAt":1525740348021,"version":1,"equipType":{"name":"网络","code":"NETWORK","id":"edad6210-e642-4302-98c1-60251cb85972","createdAt":1515633162976,"updatedAt":1515633162976,"version":0},"equipOp":{"name":"设置","code":"SET","id":"19c397a6-794f-4b2d-9f67-64f8da63c2ac","createdAt":1515633164022,"updatedAt":1515633164022,"version":0}}],"total":2}
*************** response log end ***************

