[2018-01-17 13:28:50.888] [INFO] resLogger - 
*************** response log start ***************
request method: GET
request originalUrl:  /api/user/?token=eyJhbGciOiJIUzI1NiIsInR5cCI6IkpXVCJ9.eyJkYXRhIjp7ImlkIjoiMDU3MjBlNmUtZWJlMy00MDM2LWI1NzUtZmYxZmEwYzZjYjM4IiwibmFtZSI6ImFkbWluIiwiZ2VuZGVyIjp0cnVlLCJlbWFpbCI6IjM3ODMzODYyN0BxcS5jb20ifSwiaWF0IjoxNTE2MTUzMjY3LCJleHAiOjE1MTYyMzk2Njd9.PkUDDocS7glw5HrHfs3QE9Xen1BkZqFzfnadTPBgrhw
request client ip:  ::ffff:127.0.0.1
request query:  {"token":"eyJhbGciOiJIUzI1NiIsInR5cCI6IkpXVCJ9.eyJkYXRhIjp7ImlkIjoiMDU3MjBlNmUtZWJlMy00MDM2LWI1NzUtZmYxZmEwYzZjYjM4IiwibmFtZSI6ImFkbWluIiwiZ2VuZGVyIjp0cnVlLCJlbWFpbCI6IjM3ODMzODYyN0BxcS5jb20ifSwiaWF0IjoxNTE2MTUzMjY3LCJleHAiOjE1MTYyMzk2Njd9.PkUDDocS7glw5HrHfs3QE9Xen1BkZqFzfnadTPBgrhw"}
response time: 737
response status: 200
response body: 
{"status":0,"data":{"name":"admin","email":"378338627@qq.com","phone":"15822927208","password":"$2a$10$ZCz8FbSB13tB2jbZIaI13.kaTOEp236iyvOOtqgZf.m.RSqqgjheq","gender":true,"token":"eyJhbGciOiJIUzI1NiIsInR5cCI6IkpXVCJ9.eyJkYXRhIjp7ImlkIjoiMDU3MjBlNmUtZWJlMy00MDM2LWI1NzUtZmYxZmEwYzZjYjM4IiwibmFtZSI6ImFkbWluIiwiZ2VuZGVyIjp0cnVlLCJlbWFpbCI6IjM3ODMzODYyN0BxcS5jb20ifSwiaWF0IjoxNTE2MTUzMjY3LCJleHAiOjE1MTYyMzk2Njd9.PkUDDocS7glw5HrHfs3QE9Xen1BkZqFzfnadTPBgrhw","canLogin":true,"status":1,"id":"05720e6e-ebe3-4036-b575-ff1fa0c6cb38","createdAt":1515633151463,"updatedAt":1516153267169,"version":5}}
*************** response log end ***************

[2018-01-17 13:28:51.756] [INFO] resLogger - 
*************** response log start ***************
request method: GET
request originalUrl:  /api/operation/list/time/1516166931044?token=eyJhbGciOiJIUzI1NiIsInR5cCI6IkpXVCJ9.eyJkYXRhIjp7ImlkIjoiMDU3MjBlNmUtZWJlMy00MDM2LWI1NzUtZmYxZmEwYzZjYjM4IiwibmFtZSI6ImFkbWluIiwiZ2VuZGVyIjp0cnVlLCJlbWFpbCI6IjM3ODMzODYyN0BxcS5jb20ifSwiaWF0IjoxNTE2MTUzMjY3LCJleHAiOjE1MTYyMzk2Njd9.PkUDDocS7glw5HrHfs3QE9Xen1BkZqFzfnadTPBgrhw
request client ip:  ::ffff:127.0.0.1
request query:  {"token":"eyJhbGciOiJIUzI1NiIsInR5cCI6IkpXVCJ9.eyJkYXRhIjp7ImlkIjoiMDU3MjBlNmUtZWJlMy00MDM2LWI1NzUtZmYxZmEwYzZjYjM4IiwibmFtZSI6ImFkbWluIiwiZ2VuZGVyIjp0cnVlLCJlbWFpbCI6IjM3ODMzODYyN0BxcS5jb20ifSwiaWF0IjoxNTE2MTUzMjY3LCJleHAiOjE1MTYyMzk2Njd9.PkUDDocS7glw5HrHfs3QE9Xen1BkZqFzfnadTPBgrhw"}
response time: 670
response status: 200
response body: 
{"status":0,"data":[]}
*************** response log end ***************

[2018-01-17 13:28:51.789] [INFO] resLogger - 
*************** response log start ***************
request method: GET
request originalUrl:  /api/action/list/time/1516166931055?token=eyJhbGciOiJIUzI1NiIsInR5cCI6IkpXVCJ9.eyJkYXRhIjp7ImlkIjoiMDU3MjBlNmUtZWJlMy00MDM2LWI1NzUtZmYxZmEwYzZjYjM4IiwibmFtZSI6ImFkbWluIiwiZ2VuZGVyIjp0cnVlLCJlbWFpbCI6IjM3ODMzODYyN0BxcS5jb20ifSwiaWF0IjoxNTE2MTUzMjY3LCJleHAiOjE1MTYyMzk2Njd9.PkUDDocS7glw5HrHfs3QE9Xen1BkZqFzfnadTPBgrhw
request client ip:  ::ffff:127.0.0.1
request query:  {"token":"eyJhbGciOiJIUzI1NiIsInR5cCI6IkpXVCJ9.eyJkYXRhIjp7ImlkIjoiMDU3MjBlNmUtZWJlMy00MDM2LWI1NzUtZmYxZmEwYzZjYjM4IiwibmFtZSI6ImFkbWluIiwiZ2VuZGVyIjp0cnVlLCJlbWFpbCI6IjM3ODMzODYyN0BxcS5jb20ifSwiaWF0IjoxNTE2MTUzMjY3LCJleHAiOjE1MTYyMzk2Njd9.PkUDDocS7glw5HrHfs3QE9Xen1BkZqFzfnadTPBgrhw"}
response time: 424
response status: 200
response body: 
{"status":0,"data":[]}
*************** response log end ***************

[2018-01-17 13:28:51.892] [INFO] resLogger - 
*************** response log start ***************
request method: GET
request originalUrl:  /api/operation/list_week/time/1516166931074?token=eyJhbGciOiJIUzI1NiIsInR5cCI6IkpXVCJ9.eyJkYXRhIjp7ImlkIjoiMDU3MjBlNmUtZWJlMy00MDM2LWI1NzUtZmYxZmEwYzZjYjM4IiwibmFtZSI6ImFkbWluIiwiZ2VuZGVyIjp0cnVlLCJlbWFpbCI6IjM3ODMzODYyN0BxcS5jb20ifSwiaWF0IjoxNTE2MTUzMjY3LCJleHAiOjE1MTYyMzk2Njd9.PkUDDocS7glw5HrHfs3QE9Xen1BkZqFzfnadTPBgrhw
request client ip:  ::ffff:127.0.0.1
request query:  {"token":"eyJhbGciOiJIUzI1NiIsInR5cCI6IkpXVCJ9.eyJkYXRhIjp7ImlkIjoiMDU3MjBlNmUtZWJlMy00MDM2LWI1NzUtZmYxZmEwYzZjYjM4IiwibmFtZSI6ImFkbWluIiwiZ2VuZGVyIjp0cnVlLCJlbWFpbCI6IjM3ODMzODYyN0BxcS5jb20ifSwiaWF0IjoxNTE2MTUzMjY3LCJleHAiOjE1MTYyMzk2Njd9.PkUDDocS7glw5HrHfs3QE9Xen1BkZqFzfnadTPBgrhw"}
response time: 349
response status: 200
response body: 
{"status":0,"data":[{"days":"20180115","count":10,"weekname":"星期一"},{"days":"20180116","count":5,"weekname":"星期二"},{"days":"20180117","count":0,"weekname":"星期三"},{"days":"20180118","count":0,"weekname":"星期四"},{"days":"20180119","count":0,"weekname":"星期五"},{"days":"20180120","count":0,"weekname":"星期六"},{"days":"20180121","count":0,"weekname":"星期日"}]}
*************** response log end ***************

[2018-01-17 13:29:03.699] [INFO] resLogger - 
*************** response log start ***************
request method: GET
request originalUrl:  /api/operation/list_week/time/1516166931074?token=eyJhbGciOiJIUzI1NiIsInR5cCI6IkpXVCJ9.eyJkYXRhIjp7ImlkIjoiMDU3MjBlNmUtZWJlMy00MDM2LWI1NzUtZmYxZmEwYzZjYjM4IiwibmFtZSI6ImFkbWluIiwiZ2VuZGVyIjp0cnVlLCJlbWFpbCI6IjM3ODMzODYyN0BxcS5jb20ifSwiaWF0IjoxNTE2MTUzMjY3LCJleHAiOjE1MTYyMzk2Njd9.PkUDDocS7glw5HrHfs3QE9Xen1BkZqFzfnadTPBgrhw
request client ip:  ::ffff:127.0.0.1
request query:  {"token":"eyJhbGciOiJIUzI1NiIsInR5cCI6IkpXVCJ9.eyJkYXRhIjp7ImlkIjoiMDU3MjBlNmUtZWJlMy00MDM2LWI1NzUtZmYxZmEwYzZjYjM4IiwibmFtZSI6ImFkbWluIiwiZ2VuZGVyIjp0cnVlLCJlbWFpbCI6IjM3ODMzODYyN0BxcS5jb20ifSwiaWF0IjoxNTE2MTUzMjY3LCJleHAiOjE1MTYyMzk2Njd9.PkUDDocS7glw5HrHfs3QE9Xen1BkZqFzfnadTPBgrhw"}
response time: 80
response status: 200
response body: 
{"status":0,"data":[{"days":"20180115","count":10,"weekname":"星期一"},{"days":"20180116","count":5,"weekname":"星期二"},{"days":"20180117","count":0,"weekname":"星期三"},{"days":"20180118","count":0,"weekname":"星期四"},{"days":"20180119","count":0,"weekname":"星期五"},{"days":"20180120","count":0,"weekname":"星期六"},{"days":"20180121","count":0,"weekname":"星期日"}]}
*************** response log end ***************

[2018-01-17 13:29:12.260] [INFO] resLogger - 
*************** response log start ***************
request method: GET
request originalUrl:  /favicon.ico
request client ip:  ::ffff:127.0.0.1
request query:  {}
response time: 39
response status: 200
response body: 
{"name":"jwtError","status":10003,"message":"身份验证错误！"}
*************** response log end ***************

[2018-01-17 13:29:50.093] [INFO] resLogger - 
*************** response log start ***************
request method: GET
request originalUrl:  /api/user/?token=eyJhbGciOiJIUzI1NiIsInR5cCI6IkpXVCJ9.eyJkYXRhIjp7ImlkIjoiMDU3MjBlNmUtZWJlMy00MDM2LWI1NzUtZmYxZmEwYzZjYjM4IiwibmFtZSI6ImFkbWluIiwiZ2VuZGVyIjp0cnVlLCJlbWFpbCI6IjM3ODMzODYyN0BxcS5jb20ifSwiaWF0IjoxNTE2MTUzMjY3LCJleHAiOjE1MTYyMzk2Njd9.PkUDDocS7glw5HrHfs3QE9Xen1BkZqFzfnadTPBgrhw
request client ip:  ::ffff:127.0.0.1
request query:  {"token":"eyJhbGciOiJIUzI1NiIsInR5cCI6IkpXVCJ9.eyJkYXRhIjp7ImlkIjoiMDU3MjBlNmUtZWJlMy00MDM2LWI1NzUtZmYxZmEwYzZjYjM4IiwibmFtZSI6ImFkbWluIiwiZ2VuZGVyIjp0cnVlLCJlbWFpbCI6IjM3ODMzODYyN0BxcS5jb20ifSwiaWF0IjoxNTE2MTUzMjY3LCJleHAiOjE1MTYyMzk2Njd9.PkUDDocS7glw5HrHfs3QE9Xen1BkZqFzfnadTPBgrhw"}
response time: 65
response status: 200
response body: 
{"status":0,"data":{"name":"admin","email":"378338627@qq.com","phone":"15822927208","password":"$2a$10$ZCz8FbSB13tB2jbZIaI13.kaTOEp236iyvOOtqgZf.m.RSqqgjheq","gender":true,"token":"eyJhbGciOiJIUzI1NiIsInR5cCI6IkpXVCJ9.eyJkYXRhIjp7ImlkIjoiMDU3MjBlNmUtZWJlMy00MDM2LWI1NzUtZmYxZmEwYzZjYjM4IiwibmFtZSI6ImFkbWluIiwiZ2VuZGVyIjp0cnVlLCJlbWFpbCI6IjM3ODMzODYyN0BxcS5jb20ifSwiaWF0IjoxNTE2MTUzMjY3LCJleHAiOjE1MTYyMzk2Njd9.PkUDDocS7glw5HrHfs3QE9Xen1BkZqFzfnadTPBgrhw","canLogin":true,"status":1,"id":"05720e6e-ebe3-4036-b575-ff1fa0c6cb38","createdAt":1515633151463,"updatedAt":1516153267169,"version":5}}
*************** response log end ***************

[2018-01-17 13:29:50.512] [INFO] resLogger - 
*************** response log start ***************
request method: GET
request originalUrl:  /api/operation/list/time/1516166990348?token=eyJhbGciOiJIUzI1NiIsInR5cCI6IkpXVCJ9.eyJkYXRhIjp7ImlkIjoiMDU3MjBlNmUtZWJlMy00MDM2LWI1NzUtZmYxZmEwYzZjYjM4IiwibmFtZSI6ImFkbWluIiwiZ2VuZGVyIjp0cnVlLCJlbWFpbCI6IjM3ODMzODYyN0BxcS5jb20ifSwiaWF0IjoxNTE2MTUzMjY3LCJleHAiOjE1MTYyMzk2Njd9.PkUDDocS7glw5HrHfs3QE9Xen1BkZqFzfnadTPBgrhw
request client ip:  ::ffff:127.0.0.1
request query:  {"token":"eyJhbGciOiJIUzI1NiIsInR5cCI6IkpXVCJ9.eyJkYXRhIjp7ImlkIjoiMDU3MjBlNmUtZWJlMy00MDM2LWI1NzUtZmYxZmEwYzZjYjM4IiwibmFtZSI6ImFkbWluIiwiZ2VuZGVyIjp0cnVlLCJlbWFpbCI6IjM3ODMzODYyN0BxcS5jb20ifSwiaWF0IjoxNTE2MTUzMjY3LCJleHAiOjE1MTYyMzk2Njd9.PkUDDocS7glw5HrHfs3QE9Xen1BkZqFzfnadTPBgrhw"}
response time: 133
response status: 200
response body: 
{"status":0,"data":[]}
*************** response log end ***************

[2018-01-17 13:29:50.529] [INFO] resLogger - 
*************** response log start ***************
request method: GET
request originalUrl:  /api/action/list/time/1516166990357?token=eyJhbGciOiJIUzI1NiIsInR5cCI6IkpXVCJ9.eyJkYXRhIjp7ImlkIjoiMDU3MjBlNmUtZWJlMy00MDM2LWI1NzUtZmYxZmEwYzZjYjM4IiwibmFtZSI6ImFkbWluIiwiZ2VuZGVyIjp0cnVlLCJlbWFpbCI6IjM3ODMzODYyN0BxcS5jb20ifSwiaWF0IjoxNTE2MTUzMjY3LCJleHAiOjE1MTYyMzk2Njd9.PkUDDocS7glw5HrHfs3QE9Xen1BkZqFzfnadTPBgrhw
request client ip:  ::ffff:127.0.0.1
request query:  {"token":"eyJhbGciOiJIUzI1NiIsInR5cCI6IkpXVCJ9.eyJkYXRhIjp7ImlkIjoiMDU3MjBlNmUtZWJlMy00MDM2LWI1NzUtZmYxZmEwYzZjYjM4IiwibmFtZSI6ImFkbWluIiwiZ2VuZGVyIjp0cnVlLCJlbWFpbCI6IjM3ODMzODYyN0BxcS5jb20ifSwiaWF0IjoxNTE2MTUzMjY3LCJleHAiOjE1MTYyMzk2Njd9.PkUDDocS7glw5HrHfs3QE9Xen1BkZqFzfnadTPBgrhw"}
response time: 130
response status: 200
response body: 
{"status":0,"data":[]}
*************** response log end ***************

[2018-01-17 13:29:50.574] [INFO] resLogger - 
*************** response log start ***************
request method: GET
request originalUrl:  /api/operation/list_week/time/1516166990364?token=eyJhbGciOiJIUzI1NiIsInR5cCI6IkpXVCJ9.eyJkYXRhIjp7ImlkIjoiMDU3MjBlNmUtZWJlMy00MDM2LWI1NzUtZmYxZmEwYzZjYjM4IiwibmFtZSI6ImFkbWluIiwiZ2VuZGVyIjp0cnVlLCJlbWFpbCI6IjM3ODMzODYyN0BxcS5jb20ifSwiaWF0IjoxNTE2MTUzMjY3LCJleHAiOjE1MTYyMzk2Njd9.PkUDDocS7glw5HrHfs3QE9Xen1BkZqFzfnadTPBgrhw
request client ip:  ::ffff:127.0.0.1
request query:  {"token":"eyJhbGciOiJIUzI1NiIsInR5cCI6IkpXVCJ9.eyJkYXRhIjp7ImlkIjoiMDU3MjBlNmUtZWJlMy00MDM2LWI1NzUtZmYxZmEwYzZjYjM4IiwibmFtZSI6ImFkbWluIiwiZ2VuZGVyIjp0cnVlLCJlbWFpbCI6IjM3ODMzODYyN0BxcS5jb20ifSwiaWF0IjoxNTE2MTUzMjY3LCJleHAiOjE1MTYyMzk2Njd9.PkUDDocS7glw5HrHfs3QE9Xen1BkZqFzfnadTPBgrhw"}
response time: 108
response status: 200
response body: 
{"status":0,"data":[{"days":"20180115","count":10,"weekname":"星期一"},{"days":"20180116","count":5,"weekname":"星期二"},{"days":"20180117","count":0,"weekname":"星期三"},{"days":"20180118","count":0,"weekname":"星期四"},{"days":"20180119","count":0,"weekname":"星期五"},{"days":"20180120","count":0,"weekname":"星期六"},{"days":"20180121","count":0,"weekname":"星期日"}]}
*************** response log end ***************

[2018-01-17 13:31:03.269] [INFO] resLogger - 
*************** response log start ***************
request method: GET
request originalUrl:  /api/user/?token=eyJhbGciOiJIUzI1NiIsInR5cCI6IkpXVCJ9.eyJkYXRhIjp7ImlkIjoiMDU3MjBlNmUtZWJlMy00MDM2LWI1NzUtZmYxZmEwYzZjYjM4IiwibmFtZSI6ImFkbWluIiwiZ2VuZGVyIjp0cnVlLCJlbWFpbCI6IjM3ODMzODYyN0BxcS5jb20ifSwiaWF0IjoxNTE2MTUzMjY3LCJleHAiOjE1MTYyMzk2Njd9.PkUDDocS7glw5HrHfs3QE9Xen1BkZqFzfnadTPBgrhw
request client ip:  ::ffff:127.0.0.1
request query:  {"token":"eyJhbGciOiJIUzI1NiIsInR5cCI6IkpXVCJ9.eyJkYXRhIjp7ImlkIjoiMDU3MjBlNmUtZWJlMy00MDM2LWI1NzUtZmYxZmEwYzZjYjM4IiwibmFtZSI6ImFkbWluIiwiZ2VuZGVyIjp0cnVlLCJlbWFpbCI6IjM3ODMzODYyN0BxcS5jb20ifSwiaWF0IjoxNTE2MTUzMjY3LCJleHAiOjE1MTYyMzk2Njd9.PkUDDocS7glw5HrHfs3QE9Xen1BkZqFzfnadTPBgrhw"}
response time: 35
response status: 200
response body: 
{"status":0,"data":{"name":"admin","email":"378338627@qq.com","phone":"15822927208","password":"$2a$10$ZCz8FbSB13tB2jbZIaI13.kaTOEp236iyvOOtqgZf.m.RSqqgjheq","gender":true,"token":"eyJhbGciOiJIUzI1NiIsInR5cCI6IkpXVCJ9.eyJkYXRhIjp7ImlkIjoiMDU3MjBlNmUtZWJlMy00MDM2LWI1NzUtZmYxZmEwYzZjYjM4IiwibmFtZSI6ImFkbWluIiwiZ2VuZGVyIjp0cnVlLCJlbWFpbCI6IjM3ODMzODYyN0BxcS5jb20ifSwiaWF0IjoxNTE2MTUzMjY3LCJleHAiOjE1MTYyMzk2Njd9.PkUDDocS7glw5HrHfs3QE9Xen1BkZqFzfnadTPBgrhw","canLogin":true,"status":1,"id":"05720e6e-ebe3-4036-b575-ff1fa0c6cb38","createdAt":1515633151463,"updatedAt":1516153267169,"version":5}}
*************** response log end ***************

[2018-01-17 13:31:03.731] [INFO] resLogger - 
*************** response log start ***************
request method: GET
request originalUrl:  /api/operation/list_week/time/1516167063589?token=eyJhbGciOiJIUzI1NiIsInR5cCI6IkpXVCJ9.eyJkYXRhIjp7ImlkIjoiMDU3MjBlNmUtZWJlMy00MDM2LWI1NzUtZmYxZmEwYzZjYjM4IiwibmFtZSI6ImFkbWluIiwiZ2VuZGVyIjp0cnVlLCJlbWFpbCI6IjM3ODMzODYyN0BxcS5jb20ifSwiaWF0IjoxNTE2MTUzMjY3LCJleHAiOjE1MTYyMzk2Njd9.PkUDDocS7glw5HrHfs3QE9Xen1BkZqFzfnadTPBgrhw
request client ip:  ::ffff:127.0.0.1
request query:  {"token":"eyJhbGciOiJIUzI1NiIsInR5cCI6IkpXVCJ9.eyJkYXRhIjp7ImlkIjoiMDU3MjBlNmUtZWJlMy00MDM2LWI1NzUtZmYxZmEwYzZjYjM4IiwibmFtZSI6ImFkbWluIiwiZ2VuZGVyIjp0cnVlLCJlbWFpbCI6IjM3ODMzODYyN0BxcS5jb20ifSwiaWF0IjoxNTE2MTUzMjY3LCJleHAiOjE1MTYyMzk2Njd9.PkUDDocS7glw5HrHfs3QE9Xen1BkZqFzfnadTPBgrhw"}
response time: 97
response status: 200
response body: 
{"status":0,"data":[{"days":"20180115","count":10,"weekname":"星期一"},{"days":"20180116","count":5,"weekname":"星期二"},{"days":"20180117","count":0,"weekname":"星期三"},{"days":"20180118","count":0,"weekname":"星期四"},{"days":"20180119","count":0,"weekname":"星期五"},{"days":"20180120","count":0,"weekname":"星期六"},{"days":"20180121","count":0,"weekname":"星期日"}]}
*************** response log end ***************

[2018-01-17 13:31:03.761] [INFO] resLogger - 
*************** response log start ***************
request method: GET
request originalUrl:  /api/operation/list/time/1516167063567?token=eyJhbGciOiJIUzI1NiIsInR5cCI6IkpXVCJ9.eyJkYXRhIjp7ImlkIjoiMDU3MjBlNmUtZWJlMy00MDM2LWI1NzUtZmYxZmEwYzZjYjM4IiwibmFtZSI6ImFkbWluIiwiZ2VuZGVyIjp0cnVlLCJlbWFpbCI6IjM3ODMzODYyN0BxcS5jb20ifSwiaWF0IjoxNTE2MTUzMjY3LCJleHAiOjE1MTYyMzk2Njd9.PkUDDocS7glw5HrHfs3QE9Xen1BkZqFzfnadTPBgrhw
request client ip:  ::ffff:127.0.0.1
request query:  {"token":"eyJhbGciOiJIUzI1NiIsInR5cCI6IkpXVCJ9.eyJkYXRhIjp7ImlkIjoiMDU3MjBlNmUtZWJlMy00MDM2LWI1NzUtZmYxZmEwYzZjYjM4IiwibmFtZSI6ImFkbWluIiwiZ2VuZGVyIjp0cnVlLCJlbWFpbCI6IjM3ODMzODYyN0BxcS5jb20ifSwiaWF0IjoxNTE2MTUzMjY3LCJleHAiOjE1MTYyMzk2Njd9.PkUDDocS7glw5HrHfs3QE9Xen1BkZqFzfnadTPBgrhw"}
response time: 156
response status: 200
response body: 
{"status":0,"data":[]}
*************** response log end ***************

[2018-01-17 13:31:03.783] [INFO] resLogger - 
*************** response log start ***************
request method: GET
request originalUrl:  /api/action/list/time/1516167063580?token=eyJhbGciOiJIUzI1NiIsInR5cCI6IkpXVCJ9.eyJkYXRhIjp7ImlkIjoiMDU3MjBlNmUtZWJlMy00MDM2LWI1NzUtZmYxZmEwYzZjYjM4IiwibmFtZSI6ImFkbWluIiwiZ2VuZGVyIjp0cnVlLCJlbWFpbCI6IjM3ODMzODYyN0BxcS5jb20ifSwiaWF0IjoxNTE2MTUzMjY3LCJleHAiOjE1MTYyMzk2Njd9.PkUDDocS7glw5HrHfs3QE9Xen1BkZqFzfnadTPBgrhw
request client ip:  ::ffff:127.0.0.1
request query:  {"token":"eyJhbGciOiJIUzI1NiIsInR5cCI6IkpXVCJ9.eyJkYXRhIjp7ImlkIjoiMDU3MjBlNmUtZWJlMy00MDM2LWI1NzUtZmYxZmEwYzZjYjM4IiwibmFtZSI6ImFkbWluIiwiZ2VuZGVyIjp0cnVlLCJlbWFpbCI6IjM3ODMzODYyN0BxcS5jb20ifSwiaWF0IjoxNTE2MTUzMjY3LCJleHAiOjE1MTYyMzk2Njd9.PkUDDocS7glw5HrHfs3QE9Xen1BkZqFzfnadTPBgrhw"}
response time: 164
response status: 200
response body: 
{"status":0,"data":[]}
*************** response log end ***************

[2018-01-17 13:31:27.058] [INFO] resLogger - 
*************** response log start ***************
request method: GET
request originalUrl:  /api/user/?token=eyJhbGciOiJIUzI1NiIsInR5cCI6IkpXVCJ9.eyJkYXRhIjp7ImlkIjoiMDU3MjBlNmUtZWJlMy00MDM2LWI1NzUtZmYxZmEwYzZjYjM4IiwibmFtZSI6ImFkbWluIiwiZ2VuZGVyIjp0cnVlLCJlbWFpbCI6IjM3ODMzODYyN0BxcS5jb20ifSwiaWF0IjoxNTE2MTUzMjY3LCJleHAiOjE1MTYyMzk2Njd9.PkUDDocS7glw5HrHfs3QE9Xen1BkZqFzfnadTPBgrhw
request client ip:  ::ffff:127.0.0.1
request query:  {"token":"eyJhbGciOiJIUzI1NiIsInR5cCI6IkpXVCJ9.eyJkYXRhIjp7ImlkIjoiMDU3MjBlNmUtZWJlMy00MDM2LWI1NzUtZmYxZmEwYzZjYjM4IiwibmFtZSI6ImFkbWluIiwiZ2VuZGVyIjp0cnVlLCJlbWFpbCI6IjM3ODMzODYyN0BxcS5jb20ifSwiaWF0IjoxNTE2MTUzMjY3LCJleHAiOjE1MTYyMzk2Njd9.PkUDDocS7glw5HrHfs3QE9Xen1BkZqFzfnadTPBgrhw"}
response time: 47
response status: 200
response body: 
{"status":0,"data":{"name":"admin","email":"378338627@qq.com","phone":"15822927208","password":"$2a$10$ZCz8FbSB13tB2jbZIaI13.kaTOEp236iyvOOtqgZf.m.RSqqgjheq","gender":true,"token":"eyJhbGciOiJIUzI1NiIsInR5cCI6IkpXVCJ9.eyJkYXRhIjp7ImlkIjoiMDU3MjBlNmUtZWJlMy00MDM2LWI1NzUtZmYxZmEwYzZjYjM4IiwibmFtZSI6ImFkbWluIiwiZ2VuZGVyIjp0cnVlLCJlbWFpbCI6IjM3ODMzODYyN0BxcS5jb20ifSwiaWF0IjoxNTE2MTUzMjY3LCJleHAiOjE1MTYyMzk2Njd9.PkUDDocS7glw5HrHfs3QE9Xen1BkZqFzfnadTPBgrhw","canLogin":true,"status":1,"id":"05720e6e-ebe3-4036-b575-ff1fa0c6cb38","createdAt":1515633151463,"updatedAt":1516153267169,"version":5}}
*************** response log end ***************

[2018-01-17 13:31:27.351] [INFO] resLogger - 
*************** response log start ***************
request method: GET
request originalUrl:  /api/operation/list/time/1516167087237?token=eyJhbGciOiJIUzI1NiIsInR5cCI6IkpXVCJ9.eyJkYXRhIjp7ImlkIjoiMDU3MjBlNmUtZWJlMy00MDM2LWI1NzUtZmYxZmEwYzZjYjM4IiwibmFtZSI6ImFkbWluIiwiZ2VuZGVyIjp0cnVlLCJlbWFpbCI6IjM3ODMzODYyN0BxcS5jb20ifSwiaWF0IjoxNTE2MTUzMjY3LCJleHAiOjE1MTYyMzk2Njd9.PkUDDocS7glw5HrHfs3QE9Xen1BkZqFzfnadTPBgrhw
request client ip:  ::ffff:127.0.0.1
request query:  {"token":"eyJhbGciOiJIUzI1NiIsInR5cCI6IkpXVCJ9.eyJkYXRhIjp7ImlkIjoiMDU3MjBlNmUtZWJlMy00MDM2LWI1NzUtZmYxZmEwYzZjYjM4IiwibmFtZSI6ImFkbWluIiwiZ2VuZGVyIjp0cnVlLCJlbWFpbCI6IjM3ODMzODYyN0BxcS5jb20ifSwiaWF0IjoxNTE2MTUzMjY3LCJleHAiOjE1MTYyMzk2Njd9.PkUDDocS7glw5HrHfs3QE9Xen1BkZqFzfnadTPBgrhw"}
response time: 103
response status: 200
response body: 
{"status":0,"data":[]}
*************** response log end ***************

[2018-01-17 13:31:27.377] [INFO] resLogger - 
*************** response log start ***************
request method: GET
request originalUrl:  /api/action/list/time/1516167087245?token=eyJhbGciOiJIUzI1NiIsInR5cCI6IkpXVCJ9.eyJkYXRhIjp7ImlkIjoiMDU3MjBlNmUtZWJlMy00MDM2LWI1NzUtZmYxZmEwYzZjYjM4IiwibmFtZSI6ImFkbWluIiwiZ2VuZGVyIjp0cnVlLCJlbWFpbCI6IjM3ODMzODYyN0BxcS5jb20ifSwiaWF0IjoxNTE2MTUzMjY3LCJleHAiOjE1MTYyMzk2Njd9.PkUDDocS7glw5HrHfs3QE9Xen1BkZqFzfnadTPBgrhw
request client ip:  ::ffff:127.0.0.1
request query:  {"token":"eyJhbGciOiJIUzI1NiIsInR5cCI6IkpXVCJ9.eyJkYXRhIjp7ImlkIjoiMDU3MjBlNmUtZWJlMy00MDM2LWI1NzUtZmYxZmEwYzZjYjM4IiwibmFtZSI6ImFkbWluIiwiZ2VuZGVyIjp0cnVlLCJlbWFpbCI6IjM3ODMzODYyN0BxcS5jb20ifSwiaWF0IjoxNTE2MTUzMjY3LCJleHAiOjE1MTYyMzk2Njd9.PkUDDocS7glw5HrHfs3QE9Xen1BkZqFzfnadTPBgrhw"}
response time: 69
response status: 200
response body: 
{"status":0,"data":[]}
*************** response log end ***************

[2018-01-17 13:31:27.427] [INFO] resLogger - 
*************** response log start ***************
request method: GET
request originalUrl:  /api/operation/list_week/time/1516167087254?token=eyJhbGciOiJIUzI1NiIsInR5cCI6IkpXVCJ9.eyJkYXRhIjp7ImlkIjoiMDU3MjBlNmUtZWJlMy00MDM2LWI1NzUtZmYxZmEwYzZjYjM4IiwibmFtZSI6ImFkbWluIiwiZ2VuZGVyIjp0cnVlLCJlbWFpbCI6IjM3ODMzODYyN0BxcS5jb20ifSwiaWF0IjoxNTE2MTUzMjY3LCJleHAiOjE1MTYyMzk2Njd9.PkUDDocS7glw5HrHfs3QE9Xen1BkZqFzfnadTPBgrhw
request client ip:  ::ffff:127.0.0.1
request query:  {"token":"eyJhbGciOiJIUzI1NiIsInR5cCI6IkpXVCJ9.eyJkYXRhIjp7ImlkIjoiMDU3MjBlNmUtZWJlMy00MDM2LWI1NzUtZmYxZmEwYzZjYjM4IiwibmFtZSI6ImFkbWluIiwiZ2VuZGVyIjp0cnVlLCJlbWFpbCI6IjM3ODMzODYyN0BxcS5jb20ifSwiaWF0IjoxNTE2MTUzMjY3LCJleHAiOjE1MTYyMzk2Njd9.PkUDDocS7glw5HrHfs3QE9Xen1BkZqFzfnadTPBgrhw"}
response time: 75
response status: 200
response body: 
{"status":0,"data":[{"days":"20180115","count":10,"weekname":"星期一"},{"days":"20180116","count":5,"weekname":"星期二"},{"days":"20180117","count":0,"weekname":"星期三"},{"days":"20180118","count":0,"weekname":"星期四"},{"days":"20180119","count":0,"weekname":"星期五"},{"days":"20180120","count":0,"weekname":"星期六"},{"days":"20180121","count":0,"weekname":"星期日"}]}
*************** response log end ***************

[2018-01-17 13:32:48.772] [INFO] resLogger - 
*************** response log start ***************
request method: GET
request originalUrl:  /api/user/?token=eyJhbGciOiJIUzI1NiIsInR5cCI6IkpXVCJ9.eyJkYXRhIjp7ImlkIjoiMDU3MjBlNmUtZWJlMy00MDM2LWI1NzUtZmYxZmEwYzZjYjM4IiwibmFtZSI6ImFkbWluIiwiZ2VuZGVyIjp0cnVlLCJlbWFpbCI6IjM3ODMzODYyN0BxcS5jb20ifSwiaWF0IjoxNTE2MTUzMjY3LCJleHAiOjE1MTYyMzk2Njd9.PkUDDocS7glw5HrHfs3QE9Xen1BkZqFzfnadTPBgrhw
request client ip:  ::ffff:127.0.0.1
request query:  {"token":"eyJhbGciOiJIUzI1NiIsInR5cCI6IkpXVCJ9.eyJkYXRhIjp7ImlkIjoiMDU3MjBlNmUtZWJlMy00MDM2LWI1NzUtZmYxZmEwYzZjYjM4IiwibmFtZSI6ImFkbWluIiwiZ2VuZGVyIjp0cnVlLCJlbWFpbCI6IjM3ODMzODYyN0BxcS5jb20ifSwiaWF0IjoxNTE2MTUzMjY3LCJleHAiOjE1MTYyMzk2Njd9.PkUDDocS7glw5HrHfs3QE9Xen1BkZqFzfnadTPBgrhw"}
response time: 26
response status: 200
response body: 
{"status":0,"data":{"name":"admin","email":"378338627@qq.com","phone":"15822927208","password":"$2a$10$ZCz8FbSB13tB2jbZIaI13.kaTOEp236iyvOOtqgZf.m.RSqqgjheq","gender":true,"token":"eyJhbGciOiJIUzI1NiIsInR5cCI6IkpXVCJ9.eyJkYXRhIjp7ImlkIjoiMDU3MjBlNmUtZWJlMy00MDM2LWI1NzUtZmYxZmEwYzZjYjM4IiwibmFtZSI6ImFkbWluIiwiZ2VuZGVyIjp0cnVlLCJlbWFpbCI6IjM3ODMzODYyN0BxcS5jb20ifSwiaWF0IjoxNTE2MTUzMjY3LCJleHAiOjE1MTYyMzk2Njd9.PkUDDocS7glw5HrHfs3QE9Xen1BkZqFzfnadTPBgrhw","canLogin":true,"status":1,"id":"05720e6e-ebe3-4036-b575-ff1fa0c6cb38","createdAt":1515633151463,"updatedAt":1516153267169,"version":5}}
*************** response log end ***************

[2018-01-17 13:32:49.671] [INFO] resLogger - 
*************** response log start ***************
request method: GET
request originalUrl:  /api/operation/list/time/1516167169571?token=eyJhbGciOiJIUzI1NiIsInR5cCI6IkpXVCJ9.eyJkYXRhIjp7ImlkIjoiMDU3MjBlNmUtZWJlMy00MDM2LWI1NzUtZmYxZmEwYzZjYjM4IiwibmFtZSI6ImFkbWluIiwiZ2VuZGVyIjp0cnVlLCJlbWFpbCI6IjM3ODMzODYyN0BxcS5jb20ifSwiaWF0IjoxNTE2MTUzMjY3LCJleHAiOjE1MTYyMzk2Njd9.PkUDDocS7glw5HrHfs3QE9Xen1BkZqFzfnadTPBgrhw
request client ip:  ::ffff:127.0.0.1
request query:  {"token":"eyJhbGciOiJIUzI1NiIsInR5cCI6IkpXVCJ9.eyJkYXRhIjp7ImlkIjoiMDU3MjBlNmUtZWJlMy00MDM2LWI1NzUtZmYxZmEwYzZjYjM4IiwibmFtZSI6ImFkbWluIiwiZ2VuZGVyIjp0cnVlLCJlbWFpbCI6IjM3ODMzODYyN0BxcS5jb20ifSwiaWF0IjoxNTE2MTUzMjY3LCJleHAiOjE1MTYyMzk2Njd9.PkUDDocS7glw5HrHfs3QE9Xen1BkZqFzfnadTPBgrhw"}
response time: 87
response status: 200
response body: 
{"status":0,"data":[]}
*************** response log end ***************

[2018-01-17 13:32:49.677] [INFO] resLogger - 
*************** response log start ***************
request method: GET
request originalUrl:  /api/action/list/time/1516167169582?token=eyJhbGciOiJIUzI1NiIsInR5cCI6IkpXVCJ9.eyJkYXRhIjp7ImlkIjoiMDU3MjBlNmUtZWJlMy00MDM2LWI1NzUtZmYxZmEwYzZjYjM4IiwibmFtZSI6ImFkbWluIiwiZ2VuZGVyIjp0cnVlLCJlbWFpbCI6IjM3ODMzODYyN0BxcS5jb20ifSwiaWF0IjoxNTE2MTUzMjY3LCJleHAiOjE1MTYyMzk2Njd9.PkUDDocS7glw5HrHfs3QE9Xen1BkZqFzfnadTPBgrhw
request client ip:  ::ffff:127.0.0.1
request query:  {"token":"eyJhbGciOiJIUzI1NiIsInR5cCI6IkpXVCJ9.eyJkYXRhIjp7ImlkIjoiMDU3MjBlNmUtZWJlMy00MDM2LWI1NzUtZmYxZmEwYzZjYjM4IiwibmFtZSI6ImFkbWluIiwiZ2VuZGVyIjp0cnVlLCJlbWFpbCI6IjM3ODMzODYyN0BxcS5jb20ifSwiaWF0IjoxNTE2MTUzMjY3LCJleHAiOjE1MTYyMzk2Njd9.PkUDDocS7glw5HrHfs3QE9Xen1BkZqFzfnadTPBgrhw"}
response time: 51
response status: 200
response body: 
{"status":0,"data":[]}
*************** response log end ***************

[2018-01-17 13:32:49.743] [INFO] resLogger - 
*************** response log start ***************
request method: GET
request originalUrl:  /api/operation/list_week/time/1516167169618?token=eyJhbGciOiJIUzI1NiIsInR5cCI6IkpXVCJ9.eyJkYXRhIjp7ImlkIjoiMDU3MjBlNmUtZWJlMy00MDM2LWI1NzUtZmYxZmEwYzZjYjM4IiwibmFtZSI6ImFkbWluIiwiZ2VuZGVyIjp0cnVlLCJlbWFpbCI6IjM3ODMzODYyN0BxcS5jb20ifSwiaWF0IjoxNTE2MTUzMjY3LCJleHAiOjE1MTYyMzk2Njd9.PkUDDocS7glw5HrHfs3QE9Xen1BkZqFzfnadTPBgrhw
request client ip:  ::ffff:127.0.0.1
request query:  {"token":"eyJhbGciOiJIUzI1NiIsInR5cCI6IkpXVCJ9.eyJkYXRhIjp7ImlkIjoiMDU3MjBlNmUtZWJlMy00MDM2LWI1NzUtZmYxZmEwYzZjYjM4IiwibmFtZSI6ImFkbWluIiwiZ2VuZGVyIjp0cnVlLCJlbWFpbCI6IjM3ODMzODYyN0BxcS5jb20ifSwiaWF0IjoxNTE2MTUzMjY3LCJleHAiOjE1MTYyMzk2Njd9.PkUDDocS7glw5HrHfs3QE9Xen1BkZqFzfnadTPBgrhw"}
response time: 57
response status: 200
response body: 
{"status":0,"data":[{"days":"20180115","count":10,"weekname":"星期一"},{"days":"20180116","count":5,"weekname":"星期二"},{"days":"20180117","count":0,"weekname":"星期三"},{"days":"20180118","count":0,"weekname":"星期四"},{"days":"20180119","count":0,"weekname":"星期五"},{"days":"20180120","count":0,"weekname":"星期六"},{"days":"20180121","count":0,"weekname":"星期日"}]}
*************** response log end ***************

[2018-01-17 13:33:25.295] [INFO] resLogger - 
*************** response log start ***************
request method: GET
request originalUrl:  /api/user/?token=eyJhbGciOiJIUzI1NiIsInR5cCI6IkpXVCJ9.eyJkYXRhIjp7ImlkIjoiMDU3MjBlNmUtZWJlMy00MDM2LWI1NzUtZmYxZmEwYzZjYjM4IiwibmFtZSI6ImFkbWluIiwiZ2VuZGVyIjp0cnVlLCJlbWFpbCI6IjM3ODMzODYyN0BxcS5jb20ifSwiaWF0IjoxNTE2MTUzMjY3LCJleHAiOjE1MTYyMzk2Njd9.PkUDDocS7glw5HrHfs3QE9Xen1BkZqFzfnadTPBgrhw
request client ip:  ::ffff:127.0.0.1
request query:  {"token":"eyJhbGciOiJIUzI1NiIsInR5cCI6IkpXVCJ9.eyJkYXRhIjp7ImlkIjoiMDU3MjBlNmUtZWJlMy00MDM2LWI1NzUtZmYxZmEwYzZjYjM4IiwibmFtZSI6ImFkbWluIiwiZ2VuZGVyIjp0cnVlLCJlbWFpbCI6IjM3ODMzODYyN0BxcS5jb20ifSwiaWF0IjoxNTE2MTUzMjY3LCJleHAiOjE1MTYyMzk2Njd9.PkUDDocS7glw5HrHfs3QE9Xen1BkZqFzfnadTPBgrhw"}
response time: 24
response status: 200
response body: 
{"status":0,"data":{"name":"admin","email":"378338627@qq.com","phone":"15822927208","password":"$2a$10$ZCz8FbSB13tB2jbZIaI13.kaTOEp236iyvOOtqgZf.m.RSqqgjheq","gender":true,"token":"eyJhbGciOiJIUzI1NiIsInR5cCI6IkpXVCJ9.eyJkYXRhIjp7ImlkIjoiMDU3MjBlNmUtZWJlMy00MDM2LWI1NzUtZmYxZmEwYzZjYjM4IiwibmFtZSI6ImFkbWluIiwiZ2VuZGVyIjp0cnVlLCJlbWFpbCI6IjM3ODMzODYyN0BxcS5jb20ifSwiaWF0IjoxNTE2MTUzMjY3LCJleHAiOjE1MTYyMzk2Njd9.PkUDDocS7glw5HrHfs3QE9Xen1BkZqFzfnadTPBgrhw","canLogin":true,"status":1,"id":"05720e6e-ebe3-4036-b575-ff1fa0c6cb38","createdAt":1515633151463,"updatedAt":1516153267169,"version":5}}
*************** response log end ***************

[2018-01-17 13:33:25.698] [INFO] resLogger - 
*************** response log start ***************
request method: GET
request originalUrl:  /api/operation/list/time/1516167205589?token=eyJhbGciOiJIUzI1NiIsInR5cCI6IkpXVCJ9.eyJkYXRhIjp7ImlkIjoiMDU3MjBlNmUtZWJlMy00MDM2LWI1NzUtZmYxZmEwYzZjYjM4IiwibmFtZSI6ImFkbWluIiwiZ2VuZGVyIjp0cnVlLCJlbWFpbCI6IjM3ODMzODYyN0BxcS5jb20ifSwiaWF0IjoxNTE2MTUzMjY3LCJleHAiOjE1MTYyMzk2Njd9.PkUDDocS7glw5HrHfs3QE9Xen1BkZqFzfnadTPBgrhw
request client ip:  ::ffff:127.0.0.1
request query:  {"token":"eyJhbGciOiJIUzI1NiIsInR5cCI6IkpXVCJ9.eyJkYXRhIjp7ImlkIjoiMDU3MjBlNmUtZWJlMy00MDM2LWI1NzUtZmYxZmEwYzZjYjM4IiwibmFtZSI6ImFkbWluIiwiZ2VuZGVyIjp0cnVlLCJlbWFpbCI6IjM3ODMzODYyN0BxcS5jb20ifSwiaWF0IjoxNTE2MTUzMjY3LCJleHAiOjE1MTYyMzk2Njd9.PkUDDocS7glw5HrHfs3QE9Xen1BkZqFzfnadTPBgrhw"}
response time: 69
response status: 200
response body: 
{"status":0,"data":[]}
*************** response log end ***************

[2018-01-17 13:33:25.761] [INFO] resLogger - 
*************** response log start ***************
request method: GET
request originalUrl:  /api/operation/list_week/time/1516167205607?token=eyJhbGciOiJIUzI1NiIsInR5cCI6IkpXVCJ9.eyJkYXRhIjp7ImlkIjoiMDU3MjBlNmUtZWJlMy00MDM2LWI1NzUtZmYxZmEwYzZjYjM4IiwibmFtZSI6ImFkbWluIiwiZ2VuZGVyIjp0cnVlLCJlbWFpbCI6IjM3ODMzODYyN0BxcS5jb20ifSwiaWF0IjoxNTE2MTUzMjY3LCJleHAiOjE1MTYyMzk2Njd9.PkUDDocS7glw5HrHfs3QE9Xen1BkZqFzfnadTPBgrhw
request client ip:  ::ffff:127.0.0.1
request query:  {"token":"eyJhbGciOiJIUzI1NiIsInR5cCI6IkpXVCJ9.eyJkYXRhIjp7ImlkIjoiMDU3MjBlNmUtZWJlMy00MDM2LWI1NzUtZmYxZmEwYzZjYjM4IiwibmFtZSI6ImFkbWluIiwiZ2VuZGVyIjp0cnVlLCJlbWFpbCI6IjM3ODMzODYyN0BxcS5jb20ifSwiaWF0IjoxNTE2MTUzMjY3LCJleHAiOjE1MTYyMzk2Njd9.PkUDDocS7glw5HrHfs3QE9Xen1BkZqFzfnadTPBgrhw"}
response time: 83
response status: 200
response body: 
{"status":0,"data":[{"days":"20180115","count":10,"weekname":"星期一"},{"days":"20180116","count":5,"weekname":"星期二"},{"days":"20180117","count":0,"weekname":"星期三"},{"days":"20180118","count":0,"weekname":"星期四"},{"days":"20180119","count":0,"weekname":"星期五"},{"days":"20180120","count":0,"weekname":"星期六"},{"days":"20180121","count":0,"weekname":"星期日"}]}
*************** response log end ***************

[2018-01-17 13:33:25.767] [INFO] resLogger - 
*************** response log start ***************
request method: GET
request originalUrl:  /api/action/list/time/1516167205598?token=eyJhbGciOiJIUzI1NiIsInR5cCI6IkpXVCJ9.eyJkYXRhIjp7ImlkIjoiMDU3MjBlNmUtZWJlMy00MDM2LWI1NzUtZmYxZmEwYzZjYjM4IiwibmFtZSI6ImFkbWluIiwiZ2VuZGVyIjp0cnVlLCJlbWFpbCI6IjM3ODMzODYyN0BxcS5jb20ifSwiaWF0IjoxNTE2MTUzMjY3LCJleHAiOjE1MTYyMzk2Njd9.PkUDDocS7glw5HrHfs3QE9Xen1BkZqFzfnadTPBgrhw
request client ip:  ::ffff:127.0.0.1
request query:  {"token":"eyJhbGciOiJIUzI1NiIsInR5cCI6IkpXVCJ9.eyJkYXRhIjp7ImlkIjoiMDU3MjBlNmUtZWJlMy00MDM2LWI1NzUtZmYxZmEwYzZjYjM4IiwibmFtZSI6ImFkbWluIiwiZ2VuZGVyIjp0cnVlLCJlbWFpbCI6IjM3ODMzODYyN0BxcS5jb20ifSwiaWF0IjoxNTE2MTUzMjY3LCJleHAiOjE1MTYyMzk2Njd9.PkUDDocS7glw5HrHfs3QE9Xen1BkZqFzfnadTPBgrhw"}
response time: 101
response status: 200
response body: 
{"status":0,"data":[]}
*************** response log end ***************

[2018-01-17 13:43:35.727] [INFO] resLogger - 
*************** response log start ***************
request method: GET
request originalUrl:  /api/operation/list_week/time/1516167815617?token=eyJhbGciOiJIUzI1NiIsInR5cCI6IkpXVCJ9.eyJkYXRhIjp7ImlkIjoiMDU3MjBlNmUtZWJlMy00MDM2LWI1NzUtZmYxZmEwYzZjYjM4IiwibmFtZSI6ImFkbWluIiwiZ2VuZGVyIjp0cnVlLCJlbWFpbCI6IjM3ODMzODYyN0BxcS5jb20ifSwiaWF0IjoxNTE2MTUzMjY3LCJleHAiOjE1MTYyMzk2Njd9.PkUDDocS7glw5HrHfs3QE9Xen1BkZqFzfnadTPBgrhw
request client ip:  ::ffff:127.0.0.1
request query:  {"token":"eyJhbGciOiJIUzI1NiIsInR5cCI6IkpXVCJ9.eyJkYXRhIjp7ImlkIjoiMDU3MjBlNmUtZWJlMy00MDM2LWI1NzUtZmYxZmEwYzZjYjM4IiwibmFtZSI6ImFkbWluIiwiZ2VuZGVyIjp0cnVlLCJlbWFpbCI6IjM3ODMzODYyN0BxcS5jb20ifSwiaWF0IjoxNTE2MTUzMjY3LCJleHAiOjE1MTYyMzk2Njd9.PkUDDocS7glw5HrHfs3QE9Xen1BkZqFzfnadTPBgrhw"}
response time: 97
response status: 200
response body: 
{"status":0,"data":[{"days":"20180115","count":10,"weekname":"星期一"},{"days":"20180116","count":5,"weekname":"星期二"},{"days":"20180117","count":0,"weekname":"星期三"},{"days":"20180118","count":0,"weekname":"星期四"},{"days":"20180119","count":0,"weekname":"星期五"},{"days":"20180120","count":0,"weekname":"星期六"},{"days":"20180121","count":0,"weekname":"星期日"}]}
*************** response log end ***************

[2018-01-17 13:43:37.305] [INFO] resLogger - 
*************** response log start ***************
request method: GET
request originalUrl:  /api/operation/list_week/time/1516167817265?token=eyJhbGciOiJIUzI1NiIsInR5cCI6IkpXVCJ9.eyJkYXRhIjp7ImlkIjoiMDU3MjBlNmUtZWJlMy00MDM2LWI1NzUtZmYxZmEwYzZjYjM4IiwibmFtZSI6ImFkbWluIiwiZ2VuZGVyIjp0cnVlLCJlbWFpbCI6IjM3ODMzODYyN0BxcS5jb20ifSwiaWF0IjoxNTE2MTUzMjY3LCJleHAiOjE1MTYyMzk2Njd9.PkUDDocS7glw5HrHfs3QE9Xen1BkZqFzfnadTPBgrhw
request client ip:  ::ffff:127.0.0.1
request query:  {"token":"eyJhbGciOiJIUzI1NiIsInR5cCI6IkpXVCJ9.eyJkYXRhIjp7ImlkIjoiMDU3MjBlNmUtZWJlMy00MDM2LWI1NzUtZmYxZmEwYzZjYjM4IiwibmFtZSI6ImFkbWluIiwiZ2VuZGVyIjp0cnVlLCJlbWFpbCI6IjM3ODMzODYyN0BxcS5jb20ifSwiaWF0IjoxNTE2MTUzMjY3LCJleHAiOjE1MTYyMzk2Njd9.PkUDDocS7glw5HrHfs3QE9Xen1BkZqFzfnadTPBgrhw"}
response time: 36
response status: 200
response body: 
{"status":0,"data":[{"days":"20180115","count":10,"weekname":"星期一"},{"days":"20180116","count":5,"weekname":"星期二"},{"days":"20180117","count":0,"weekname":"星期三"},{"days":"20180118","count":0,"weekname":"星期四"},{"days":"20180119","count":0,"weekname":"星期五"},{"days":"20180120","count":0,"weekname":"星期六"},{"days":"20180121","count":0,"weekname":"星期日"}]}
*************** response log end ***************

[2018-01-17 13:43:38.528] [INFO] resLogger - 
*************** response log start ***************
request method: GET
request originalUrl:  /api/operation/list_week/time/1516167818473?token=eyJhbGciOiJIUzI1NiIsInR5cCI6IkpXVCJ9.eyJkYXRhIjp7ImlkIjoiMDU3MjBlNmUtZWJlMy00MDM2LWI1NzUtZmYxZmEwYzZjYjM4IiwibmFtZSI6ImFkbWluIiwiZ2VuZGVyIjp0cnVlLCJlbWFpbCI6IjM3ODMzODYyN0BxcS5jb20ifSwiaWF0IjoxNTE2MTUzMjY3LCJleHAiOjE1MTYyMzk2Njd9.PkUDDocS7glw5HrHfs3QE9Xen1BkZqFzfnadTPBgrhw
request client ip:  ::ffff:127.0.0.1
request query:  {"token":"eyJhbGciOiJIUzI1NiIsInR5cCI6IkpXVCJ9.eyJkYXRhIjp7ImlkIjoiMDU3MjBlNmUtZWJlMy00MDM2LWI1NzUtZmYxZmEwYzZjYjM4IiwibmFtZSI6ImFkbWluIiwiZ2VuZGVyIjp0cnVlLCJlbWFpbCI6IjM3ODMzODYyN0BxcS5jb20ifSwiaWF0IjoxNTE2MTUzMjY3LCJleHAiOjE1MTYyMzk2Njd9.PkUDDocS7glw5HrHfs3QE9Xen1BkZqFzfnadTPBgrhw"}
response time: 50
response status: 200
response body: 
{"status":0,"data":[{"days":"20180115","count":10,"weekname":"星期一"},{"days":"20180116","count":5,"weekname":"星期二"},{"days":"20180117","count":0,"weekname":"星期三"},{"days":"20180118","count":0,"weekname":"星期四"},{"days":"20180119","count":0,"weekname":"星期五"},{"days":"20180120","count":0,"weekname":"星期六"},{"days":"20180121","count":0,"weekname":"星期日"}]}
*************** response log end ***************

[2018-01-17 13:43:40.570] [INFO] resLogger - 
*************** response log start ***************
request method: GET
request originalUrl:  /api/operation/list_week/time/1516167820496?token=eyJhbGciOiJIUzI1NiIsInR5cCI6IkpXVCJ9.eyJkYXRhIjp7ImlkIjoiMDU3MjBlNmUtZWJlMy00MDM2LWI1NzUtZmYxZmEwYzZjYjM4IiwibmFtZSI6ImFkbWluIiwiZ2VuZGVyIjp0cnVlLCJlbWFpbCI6IjM3ODMzODYyN0BxcS5jb20ifSwiaWF0IjoxNTE2MTUzMjY3LCJleHAiOjE1MTYyMzk2Njd9.PkUDDocS7glw5HrHfs3QE9Xen1BkZqFzfnadTPBgrhw
request client ip:  ::ffff:127.0.0.1
request query:  {"token":"eyJhbGciOiJIUzI1NiIsInR5cCI6IkpXVCJ9.eyJkYXRhIjp7ImlkIjoiMDU3MjBlNmUtZWJlMy00MDM2LWI1NzUtZmYxZmEwYzZjYjM4IiwibmFtZSI6ImFkbWluIiwiZ2VuZGVyIjp0cnVlLCJlbWFpbCI6IjM3ODMzODYyN0BxcS5jb20ifSwiaWF0IjoxNTE2MTUzMjY3LCJleHAiOjE1MTYyMzk2Njd9.PkUDDocS7glw5HrHfs3QE9Xen1BkZqFzfnadTPBgrhw"}
response time: 69
response status: 200
response body: 
{"status":0,"data":[{"days":"20180115","count":10,"weekname":"星期一"},{"days":"20180116","count":5,"weekname":"星期二"},{"days":"20180117","count":0,"weekname":"星期三"},{"days":"20180118","count":0,"weekname":"星期四"},{"days":"20180119","count":0,"weekname":"星期五"},{"days":"20180120","count":0,"weekname":"星期六"},{"days":"20180121","count":0,"weekname":"星期日"}]}
*************** response log end ***************

[2018-01-17 13:43:44.639] [INFO] resLogger - 
*************** response log start ***************
request method: GET
request originalUrl:  /api/operation/list_week/time/1516167824585?token=eyJhbGciOiJIUzI1NiIsInR5cCI6IkpXVCJ9.eyJkYXRhIjp7ImlkIjoiMDU3MjBlNmUtZWJlMy00MDM2LWI1NzUtZmYxZmEwYzZjYjM4IiwibmFtZSI6ImFkbWluIiwiZ2VuZGVyIjp0cnVlLCJlbWFpbCI6IjM3ODMzODYyN0BxcS5jb20ifSwiaWF0IjoxNTE2MTUzMjY3LCJleHAiOjE1MTYyMzk2Njd9.PkUDDocS7glw5HrHfs3QE9Xen1BkZqFzfnadTPBgrhw
request client ip:  ::ffff:127.0.0.1
request query:  {"token":"eyJhbGciOiJIUzI1NiIsInR5cCI6IkpXVCJ9.eyJkYXRhIjp7ImlkIjoiMDU3MjBlNmUtZWJlMy00MDM2LWI1NzUtZmYxZmEwYzZjYjM4IiwibmFtZSI6ImFkbWluIiwiZ2VuZGVyIjp0cnVlLCJlbWFpbCI6IjM3ODMzODYyN0BxcS5jb20ifSwiaWF0IjoxNTE2MTUzMjY3LCJleHAiOjE1MTYyMzk2Njd9.PkUDDocS7glw5HrHfs3QE9Xen1BkZqFzfnadTPBgrhw"}
response time: 50
response status: 200
response body: 
{"status":0,"data":[{"days":"20180115","count":10,"weekname":"星期一"},{"days":"20180116","count":5,"weekname":"星期二"},{"days":"20180117","count":0,"weekname":"星期三"},{"days":"20180118","count":0,"weekname":"星期四"},{"days":"20180119","count":0,"weekname":"星期五"},{"days":"20180120","count":0,"weekname":"星期六"},{"days":"20180121","count":0,"weekname":"星期日"}]}
*************** response log end ***************

[2018-01-17 13:44:15.224] [INFO] resLogger - 
*************** response log start ***************
request method: GET
request originalUrl:  /api/user/?token=eyJhbGciOiJIUzI1NiIsInR5cCI6IkpXVCJ9.eyJkYXRhIjp7ImlkIjoiMDU3MjBlNmUtZWJlMy00MDM2LWI1NzUtZmYxZmEwYzZjYjM4IiwibmFtZSI6ImFkbWluIiwiZ2VuZGVyIjp0cnVlLCJlbWFpbCI6IjM3ODMzODYyN0BxcS5jb20ifSwiaWF0IjoxNTE2MTUzMjY3LCJleHAiOjE1MTYyMzk2Njd9.PkUDDocS7glw5HrHfs3QE9Xen1BkZqFzfnadTPBgrhw
request client ip:  ::ffff:127.0.0.1
request query:  {"token":"eyJhbGciOiJIUzI1NiIsInR5cCI6IkpXVCJ9.eyJkYXRhIjp7ImlkIjoiMDU3MjBlNmUtZWJlMy00MDM2LWI1NzUtZmYxZmEwYzZjYjM4IiwibmFtZSI6ImFkbWluIiwiZ2VuZGVyIjp0cnVlLCJlbWFpbCI6IjM3ODMzODYyN0BxcS5jb20ifSwiaWF0IjoxNTE2MTUzMjY3LCJleHAiOjE1MTYyMzk2Njd9.PkUDDocS7glw5HrHfs3QE9Xen1BkZqFzfnadTPBgrhw"}
response time: 89
response status: 200
response body: 
{"status":0,"data":{"name":"admin","email":"378338627@qq.com","phone":"15822927208","password":"$2a$10$ZCz8FbSB13tB2jbZIaI13.kaTOEp236iyvOOtqgZf.m.RSqqgjheq","gender":true,"token":"eyJhbGciOiJIUzI1NiIsInR5cCI6IkpXVCJ9.eyJkYXRhIjp7ImlkIjoiMDU3MjBlNmUtZWJlMy00MDM2LWI1NzUtZmYxZmEwYzZjYjM4IiwibmFtZSI6ImFkbWluIiwiZ2VuZGVyIjp0cnVlLCJlbWFpbCI6IjM3ODMzODYyN0BxcS5jb20ifSwiaWF0IjoxNTE2MTUzMjY3LCJleHAiOjE1MTYyMzk2Njd9.PkUDDocS7glw5HrHfs3QE9Xen1BkZqFzfnadTPBgrhw","canLogin":true,"status":1,"id":"05720e6e-ebe3-4036-b575-ff1fa0c6cb38","createdAt":1515633151463,"updatedAt":1516153267169,"version":5}}
*************** response log end ***************

[2018-01-17 13:44:15.793] [INFO] resLogger - 
*************** response log start ***************
request method: GET
request originalUrl:  /api/operation/list/time/1516167855385?token=eyJhbGciOiJIUzI1NiIsInR5cCI6IkpXVCJ9.eyJkYXRhIjp7ImlkIjoiMDU3MjBlNmUtZWJlMy00MDM2LWI1NzUtZmYxZmEwYzZjYjM4IiwibmFtZSI6ImFkbWluIiwiZ2VuZGVyIjp0cnVlLCJlbWFpbCI6IjM3ODMzODYyN0BxcS5jb20ifSwiaWF0IjoxNTE2MTUzMjY3LCJleHAiOjE1MTYyMzk2Njd9.PkUDDocS7glw5HrHfs3QE9Xen1BkZqFzfnadTPBgrhw
request client ip:  ::ffff:127.0.0.1
request query:  {"token":"eyJhbGciOiJIUzI1NiIsInR5cCI6IkpXVCJ9.eyJkYXRhIjp7ImlkIjoiMDU3MjBlNmUtZWJlMy00MDM2LWI1NzUtZmYxZmEwYzZjYjM4IiwibmFtZSI6ImFkbWluIiwiZ2VuZGVyIjp0cnVlLCJlbWFpbCI6IjM3ODMzODYyN0BxcS5jb20ifSwiaWF0IjoxNTE2MTUzMjY3LCJleHAiOjE1MTYyMzk2Njd9.PkUDDocS7glw5HrHfs3QE9Xen1BkZqFzfnadTPBgrhw"}
response time: 339
response status: 200
response body: 
{"status":0,"data":[]}
*************** response log end ***************

[2018-01-17 13:44:15.811] [INFO] resLogger - 
*************** response log start ***************
request method: GET
request originalUrl:  /api/action/list/time/1516167855408?token=eyJhbGciOiJIUzI1NiIsInR5cCI6IkpXVCJ9.eyJkYXRhIjp7ImlkIjoiMDU3MjBlNmUtZWJlMy00MDM2LWI1NzUtZmYxZmEwYzZjYjM4IiwibmFtZSI6ImFkbWluIiwiZ2VuZGVyIjp0cnVlLCJlbWFpbCI6IjM3ODMzODYyN0BxcS5jb20ifSwiaWF0IjoxNTE2MTUzMjY3LCJleHAiOjE1MTYyMzk2Njd9.PkUDDocS7glw5HrHfs3QE9Xen1BkZqFzfnadTPBgrhw
request client ip:  ::ffff:127.0.0.1
request query:  {"token":"eyJhbGciOiJIUzI1NiIsInR5cCI6IkpXVCJ9.eyJkYXRhIjp7ImlkIjoiMDU3MjBlNmUtZWJlMy00MDM2LWI1NzUtZmYxZmEwYzZjYjM4IiwibmFtZSI6ImFkbWluIiwiZ2VuZGVyIjp0cnVlLCJlbWFpbCI6IjM3ODMzODYyN0BxcS5jb20ifSwiaWF0IjoxNTE2MTUzMjY3LCJleHAiOjE1MTYyMzk2Njd9.PkUDDocS7glw5HrHfs3QE9Xen1BkZqFzfnadTPBgrhw"}
response time: 261
response status: 200
response body: 
{"status":0,"data":[]}
*************** response log end ***************

[2018-01-17 13:44:15.900] [INFO] resLogger - 
*************** response log start ***************
request method: GET
request originalUrl:  /api/operation/list_week/time/1516167855416?token=eyJhbGciOiJIUzI1NiIsInR5cCI6IkpXVCJ9.eyJkYXRhIjp7ImlkIjoiMDU3MjBlNmUtZWJlMy00MDM2LWI1NzUtZmYxZmEwYzZjYjM4IiwibmFtZSI6ImFkbWluIiwiZ2VuZGVyIjp0cnVlLCJlbWFpbCI6IjM3ODMzODYyN0BxcS5jb20ifSwiaWF0IjoxNTE2MTUzMjY3LCJleHAiOjE1MTYyMzk2Njd9.PkUDDocS7glw5HrHfs3QE9Xen1BkZqFzfnadTPBgrhw
request client ip:  ::ffff:127.0.0.1
request query:  {"token":"eyJhbGciOiJIUzI1NiIsInR5cCI6IkpXVCJ9.eyJkYXRhIjp7ImlkIjoiMDU3MjBlNmUtZWJlMy00MDM2LWI1NzUtZmYxZmEwYzZjYjM4IiwibmFtZSI6ImFkbWluIiwiZ2VuZGVyIjp0cnVlLCJlbWFpbCI6IjM3ODMzODYyN0BxcS5jb20ifSwiaWF0IjoxNTE2MTUzMjY3LCJleHAiOjE1MTYyMzk2Njd9.PkUDDocS7glw5HrHfs3QE9Xen1BkZqFzfnadTPBgrhw"}
response time: 292
response status: 200
response body: 
{"status":0,"data":[{"days":"20180115","count":10,"weekname":"星期一"},{"days":"20180116","count":5,"weekname":"星期二"},{"days":"20180117","count":0,"weekname":"星期三"},{"days":"20180118","count":0,"weekname":"星期四"},{"days":"20180119","count":0,"weekname":"星期五"},{"days":"20180120","count":0,"weekname":"星期六"},{"days":"20180121","count":0,"weekname":"星期日"}]}
*************** response log end ***************

