[2017-09-16 20:07:56.088] [INFO] resLogger - 
*************** response log start ***************
request method: GET
request originalUrl:  /api/user/?token=eyJhbGciOiJIUzI1NiIsInR5cCI6IkpXVCJ9.eyJkYXRhIjp7ImlkIjoiYjAxZjA2NTgtOGQ1Ni00ZjkxLWIwZmUtNmE3YThhOWUzOWUwIiwibmFtZSI6ImFkbWluIiwiZ2VuZGVyIjp0cnVlLCJlbWFpbCI6IjM3ODMzODYyN0BxcS5jb20ifSwiaWF0IjoxNTA1NTU4MDM1LCJleHAiOjE1MDU2NDQ0MzV9.XD1qaJTPaKyMsThrt3dbIRoaJMenP46pitCWXBr2g90
request client ip:  ::ffff:127.0.0.1
request query:  {"token":"eyJhbGciOiJIUzI1NiIsInR5cCI6IkpXVCJ9.eyJkYXRhIjp7ImlkIjoiYjAxZjA2NTgtOGQ1Ni00ZjkxLWIwZmUtNmE3YThhOWUzOWUwIiwibmFtZSI6ImFkbWluIiwiZ2VuZGVyIjp0cnVlLCJlbWFpbCI6IjM3ODMzODYyN0BxcS5jb20ifSwiaWF0IjoxNTA1NTU4MDM1LCJleHAiOjE1MDU2NDQ0MzV9.XD1qaJTPaKyMsThrt3dbIRoaJMenP46pitCWXBr2g90"}
response time: 413
response status: 200
response body: 
{"status":0,"data":{"name":"admin","email":"378338627@qq.com","phone":"15822927208","password":"$2a$10$Funs5j34qBz5uZiVfrHNcu1vMnzZmYj8sxzYXeTCikOx0Fus2/n.O","gender":true,"token":"eyJhbGciOiJIUzI1NiIsInR5cCI6IkpXVCJ9.eyJkYXRhIjp7ImlkIjoiYjAxZjA2NTgtOGQ1Ni00ZjkxLWIwZmUtNmE3YThhOWUzOWUwIiwibmFtZSI6ImFkbWluIiwiZ2VuZGVyIjp0cnVlLCJlbWFpbCI6IjM3ODMzODYyN0BxcS5jb20ifSwiaWF0IjoxNTA1NTU4MDM1LCJleHAiOjE1MDU2NDQ0MzV9.XD1qaJTPaKyMsThrt3dbIRoaJMenP46pitCWXBr2g90","canLogin":true,"status":1,"id":"b01f0658-8d56-4f91-b0fe-6a7a8a9e39e0","createdAt":1505557906169,"updatedAt":1505558035704,"version":1}}
*************** response log end ***************

[2017-09-16 20:07:56.429] [INFO] resLogger - 
*************** response log start ***************
request method: GET
request originalUrl:  /api/business/list/page/1?token=eyJhbGciOiJIUzI1NiIsInR5cCI6IkpXVCJ9.eyJkYXRhIjp7ImlkIjoiYjAxZjA2NTgtOGQ1Ni00ZjkxLWIwZmUtNmE3YThhOWUzOWUwIiwibmFtZSI6ImFkbWluIiwiZ2VuZGVyIjp0cnVlLCJlbWFpbCI6IjM3ODMzODYyN0BxcS5jb20ifSwiaWF0IjoxNTA1NTU4MDM1LCJleHAiOjE1MDU2NDQ0MzV9.XD1qaJTPaKyMsThrt3dbIRoaJMenP46pitCWXBr2g90
request client ip:  ::ffff:127.0.0.1
request query:  {"token":"eyJhbGciOiJIUzI1NiIsInR5cCI6IkpXVCJ9.eyJkYXRhIjp7ImlkIjoiYjAxZjA2NTgtOGQ1Ni00ZjkxLWIwZmUtNmE3YThhOWUzOWUwIiwibmFtZSI6ImFkbWluIiwiZ2VuZGVyIjp0cnVlLCJlbWFpbCI6IjM3ODMzODYyN0BxcS5jb20ifSwiaWF0IjoxNTA1NTU4MDM1LCJleHAiOjE1MDU2NDQ0MzV9.XD1qaJTPaKyMsThrt3dbIRoaJMenP46pitCWXBr2g90"}
response time: 248
response status: 200
response body: 
{"status":0,"data":[{"type":"SOFTWARE","equipment":"浏览器","operation":"FIX","weight":5,"remark":"","status":1,"id":"7802bc0e-419f-433e-b278-9361fa2106d3","createdAt":1505557909396,"updatedAt":1505557909396,"version":0},{"type":"SOFTWARE","equipment":"浏览器","operation":"SETUP","weight":5,"remark":"","status":1,"id":"12b07e5d-4b22-4357-be1f-749bb7b4144c","createdAt":1505557909195,"updatedAt":1505557909195,"version":0},{"type":"HARDWARE","equipment":"电话","operation":"FIX","weight":5,"remark":"","status":1,"id":"b23edfd3-f51c-4f01-b4a3-c2f59f221bd2","createdAt":1505557909113,"updatedAt":1505557909113,"version":0},{"type":"HARDWARE","equipment":"电话","operation":"SETUP","weight":5,"remark":"","status":1,"id":"65b9542c-9e39-4a84-8214-76fde571dfa8","createdAt":1505557909016,"updatedAt":1505557909016,"version":0}],"total":4}
*************** response log end ***************

[2017-09-16 20:07:56.469] [INFO] resLogger - 
*************** response log start ***************
request method: GET
request originalUrl:  /api/business/getequip/get?token=eyJhbGciOiJIUzI1NiIsInR5cCI6IkpXVCJ9.eyJkYXRhIjp7ImlkIjoiYjAxZjA2NTgtOGQ1Ni00ZjkxLWIwZmUtNmE3YThhOWUzOWUwIiwibmFtZSI6ImFkbWluIiwiZ2VuZGVyIjp0cnVlLCJlbWFpbCI6IjM3ODMzODYyN0BxcS5jb20ifSwiaWF0IjoxNTA1NTU4MDM1LCJleHAiOjE1MDU2NDQ0MzV9.XD1qaJTPaKyMsThrt3dbIRoaJMenP46pitCWXBr2g90
request client ip:  ::ffff:127.0.0.1
request query:  {"token":"eyJhbGciOiJIUzI1NiIsInR5cCI6IkpXVCJ9.eyJkYXRhIjp7ImlkIjoiYjAxZjA2NTgtOGQ1Ni00ZjkxLWIwZmUtNmE3YThhOWUzOWUwIiwibmFtZSI6ImFkbWluIiwiZ2VuZGVyIjp0cnVlLCJlbWFpbCI6IjM3ODMzODYyN0BxcS5jb20ifSwiaWF0IjoxNTA1NTU4MDM1LCJleHAiOjE1MDU2NDQ0MzV9.XD1qaJTPaKyMsThrt3dbIRoaJMenP46pitCWXBr2g90"}
response time: 158
response status: 200
response body: 
{"status":0,"data":[{"equipment":"浏览器"},{"equipment":"电话"}]}
*************** response log end ***************

[2017-09-16 20:07:56.493] [INFO] resLogger - 
*************** response log start ***************
request method: GET
request originalUrl:  /api/equipType/list?token=eyJhbGciOiJIUzI1NiIsInR5cCI6IkpXVCJ9.eyJkYXRhIjp7ImlkIjoiYjAxZjA2NTgtOGQ1Ni00ZjkxLWIwZmUtNmE3YThhOWUzOWUwIiwibmFtZSI6ImFkbWluIiwiZ2VuZGVyIjp0cnVlLCJlbWFpbCI6IjM3ODMzODYyN0BxcS5jb20ifSwiaWF0IjoxNTA1NTU4MDM1LCJleHAiOjE1MDU2NDQ0MzV9.XD1qaJTPaKyMsThrt3dbIRoaJMenP46pitCWXBr2g90
request client ip:  ::ffff:127.0.0.1
request query:  {"token":"eyJhbGciOiJIUzI1NiIsInR5cCI6IkpXVCJ9.eyJkYXRhIjp7ImlkIjoiYjAxZjA2NTgtOGQ1Ni00ZjkxLWIwZmUtNmE3YThhOWUzOWUwIiwibmFtZSI6ImFkbWluIiwiZ2VuZGVyIjp0cnVlLCJlbWFpbCI6IjM3ODMzODYyN0BxcS5jb20ifSwiaWF0IjoxNTA1NTU4MDM1LCJleHAiOjE1MDU2NDQ0MzV9.XD1qaJTPaKyMsThrt3dbIRoaJMenP46pitCWXBr2g90"}
response time: 167
response status: 200
response body: 
{"name":"SequelizeDatabaseError","message":"ER_BAD_FIELD_ERROR: Unknown column 'businessContentId' in 'field list'","parent":{"code":"ER_BAD_FIELD_ERROR","errno":1054,"sqlState":"42S22","index":0,"sql":"SELECT `name`, `code`, `id`, `createdAt`, `updatedAt`, `version`, `businessContentId` FROM `equipTypes` AS `equipTypes` ORDER BY `equipTypes`.`updatedAt` DESC;"},"original":{"code":"ER_BAD_FIELD_ERROR","errno":1054,"sqlState":"42S22","index":0,"sql":"SELECT `name`, `code`, `id`, `createdAt`, `updatedAt`, `version`, `businessContentId` FROM `equipTypes` AS `equipTypes` ORDER BY `equipTypes`.`updatedAt` DESC;"},"sql":"SELECT `name`, `code`, `id`, `createdAt`, `updatedAt`, `version`, `businessContentId` FROM `equipTypes` AS `equipTypes` ORDER BY `equipTypes`.`updatedAt` DESC;","status":500}
*************** response log end ***************

[2017-09-16 20:08:03.008] [INFO] resLogger - 
*************** response log start ***************
request method: GET
request originalUrl:  /api/business/list/page/1?token=eyJhbGciOiJIUzI1NiIsInR5cCI6IkpXVCJ9.eyJkYXRhIjp7ImlkIjoiYjAxZjA2NTgtOGQ1Ni00ZjkxLWIwZmUtNmE3YThhOWUzOWUwIiwibmFtZSI6ImFkbWluIiwiZ2VuZGVyIjp0cnVlLCJlbWFpbCI6IjM3ODMzODYyN0BxcS5jb20ifSwiaWF0IjoxNTA1NTU4MDM1LCJleHAiOjE1MDU2NDQ0MzV9.XD1qaJTPaKyMsThrt3dbIRoaJMenP46pitCWXBr2g90
request client ip:  ::ffff:127.0.0.1
request query:  {"token":"eyJhbGciOiJIUzI1NiIsInR5cCI6IkpXVCJ9.eyJkYXRhIjp7ImlkIjoiYjAxZjA2NTgtOGQ1Ni00ZjkxLWIwZmUtNmE3YThhOWUzOWUwIiwibmFtZSI6ImFkbWluIiwiZ2VuZGVyIjp0cnVlLCJlbWFpbCI6IjM3ODMzODYyN0BxcS5jb20ifSwiaWF0IjoxNTA1NTU4MDM1LCJleHAiOjE1MDU2NDQ0MzV9.XD1qaJTPaKyMsThrt3dbIRoaJMenP46pitCWXBr2g90"}
response time: 63
response status: 200
response body: 
{"status":0,"data":[{"type":"SOFTWARE","equipment":"浏览器","operation":"FIX","weight":5,"remark":"","status":1,"id":"7802bc0e-419f-433e-b278-9361fa2106d3","createdAt":1505557909396,"updatedAt":1505557909396,"version":0},{"type":"SOFTWARE","equipment":"浏览器","operation":"SETUP","weight":5,"remark":"","status":1,"id":"12b07e5d-4b22-4357-be1f-749bb7b4144c","createdAt":1505557909195,"updatedAt":1505557909195,"version":0},{"type":"HARDWARE","equipment":"电话","operation":"FIX","weight":5,"remark":"","status":1,"id":"b23edfd3-f51c-4f01-b4a3-c2f59f221bd2","createdAt":1505557909113,"updatedAt":1505557909113,"version":0},{"type":"HARDWARE","equipment":"电话","operation":"SETUP","weight":5,"remark":"","status":1,"id":"65b9542c-9e39-4a84-8214-76fde571dfa8","createdAt":1505557909016,"updatedAt":1505557909016,"version":0}],"total":4}
*************** response log end ***************

[2017-09-16 20:08:03.056] [INFO] resLogger - 
*************** response log start ***************
request method: GET
request originalUrl:  /favicon.ico
request client ip:  ::ffff:127.0.0.1
request query:  {}
response time: 7
response status: 200
response body: 
{"name":"jwtError","status":10003,"message":"身份验证错误！"}
*************** response log end ***************

