[2017-10-06 09:12:56.500] [INFO] resLogger - 
*************** response log start ***************
request method: GET
request originalUrl:  /api/user/?token=eyJhbGciOiJIUzI1NiIsInR5cCI6IkpXVCJ9.eyJkYXRhIjp7ImlkIjoiNjJlNmUwNTMtZjQzZC00MGEyLWEwZTctNDIzMDcwYTU1MWE2IiwibmFtZSI6ImFkbWluIiwiZ2VuZGVyIjp0cnVlLCJlbWFpbCI6IjM3ODMzODYyN0BxcS5jb20ifSwiaWF0IjoxNTA3MjIwNTkwLCJleHAiOjE1MDczMDY5OTB9.961241WFdU6XUhotyPlbDD2SENZzpvSe9CA9Yc4MFCo
request client ip:  ::ffff:127.0.0.1
request query:  {"token":"eyJhbGciOiJIUzI1NiIsInR5cCI6IkpXVCJ9.eyJkYXRhIjp7ImlkIjoiNjJlNmUwNTMtZjQzZC00MGEyLWEwZTctNDIzMDcwYTU1MWE2IiwibmFtZSI6ImFkbWluIiwiZ2VuZGVyIjp0cnVlLCJlbWFpbCI6IjM3ODMzODYyN0BxcS5jb20ifSwiaWF0IjoxNTA3MjIwNTkwLCJleHAiOjE1MDczMDY5OTB9.961241WFdU6XUhotyPlbDD2SENZzpvSe9CA9Yc4MFCo"}
response time: 29
response status: 200
response body: 
{"status":0,"data":{"name":"admin","email":"378338627@qq.com","phone":"15822927208","password":"$2a$10$tUboS6QKCcAqKmNuFwChLum.Nd69m8wFAznW2WIR6FBE621g0ZPx6","gender":true,"token":"eyJhbGciOiJIUzI1NiIsInR5cCI6IkpXVCJ9.eyJkYXRhIjp7ImlkIjoiNjJlNmUwNTMtZjQzZC00MGEyLWEwZTctNDIzMDcwYTU1MWE2IiwibmFtZSI6ImFkbWluIiwiZ2VuZGVyIjp0cnVlLCJlbWFpbCI6IjM3ODMzODYyN0BxcS5jb20ifSwiaWF0IjoxNTA3MjIwNTkwLCJleHAiOjE1MDczMDY5OTB9.961241WFdU6XUhotyPlbDD2SENZzpvSe9CA9Yc4MFCo","canLogin":true,"status":1,"id":"62e6e053-f43d-40a2-a0e7-423070a551a6","createdAt":1507219864940,"updatedAt":1507220590456,"version":1}}
*************** response log end ***************

[2017-10-06 09:12:56.595] [INFO] resLogger - 
*************** response log start ***************
request method: GET
request originalUrl:  /api/groups/list?token=eyJhbGciOiJIUzI1NiIsInR5cCI6IkpXVCJ9.eyJkYXRhIjp7ImlkIjoiNjJlNmUwNTMtZjQzZC00MGEyLWEwZTctNDIzMDcwYTU1MWE2IiwibmFtZSI6ImFkbWluIiwiZ2VuZGVyIjp0cnVlLCJlbWFpbCI6IjM3ODMzODYyN0BxcS5jb20ifSwiaWF0IjoxNTA3MjIwNTkwLCJleHAiOjE1MDczMDY5OTB9.961241WFdU6XUhotyPlbDD2SENZzpvSe9CA9Yc4MFCo
request client ip:  ::ffff:127.0.0.1
request query:  {"token":"eyJhbGciOiJIUzI1NiIsInR5cCI6IkpXVCJ9.eyJkYXRhIjp7ImlkIjoiNjJlNmUwNTMtZjQzZC00MGEyLWEwZTctNDIzMDcwYTU1MWE2IiwibmFtZSI6ImFkbWluIiwiZ2VuZGVyIjp0cnVlLCJlbWFpbCI6IjM3ODMzODYyN0BxcS5jb20ifSwiaWF0IjoxNTA3MjIwNTkwLCJleHAiOjE1MDczMDY5OTB9.961241WFdU6XUhotyPlbDD2SENZzpvSe9CA9Yc4MFCo"}
response time: 26
response status: 200
response body: 
{"status":0,"data":[{"name":"控股","description":"group2","status":1,"id":"61dd82ac-449c-4a05-a325-f394cdfb671b","createdAt":1507219864990,"updatedAt":1507219864990,"version":0},{"name":"管委会","description":"group1","status":1,"id":"9d3c356a-7858-4747-bc94-32a1ee4eeebb","createdAt":1507219864942,"updatedAt":1507219864942,"version":0}],"total":2}
*************** response log end ***************

[2017-10-06 09:12:56.660] [INFO] resLogger - 
*************** response log start ***************
request method: GET
request originalUrl:  /api/order/getorderno/get/2017/10/6?token=eyJhbGciOiJIUzI1NiIsInR5cCI6IkpXVCJ9.eyJkYXRhIjp7ImlkIjoiNjJlNmUwNTMtZjQzZC00MGEyLWEwZTctNDIzMDcwYTU1MWE2IiwibmFtZSI6ImFkbWluIiwiZ2VuZGVyIjp0cnVlLCJlbWFpbCI6IjM3ODMzODYyN0BxcS5jb20ifSwiaWF0IjoxNTA3MjIwNTkwLCJleHAiOjE1MDczMDY5OTB9.961241WFdU6XUhotyPlbDD2SENZzpvSe9CA9Yc4MFCo
request client ip:  ::ffff:127.0.0.1
request query:  {"token":"eyJhbGciOiJIUzI1NiIsInR5cCI6IkpXVCJ9.eyJkYXRhIjp7ImlkIjoiNjJlNmUwNTMtZjQzZC00MGEyLWEwZTctNDIzMDcwYTU1MWE2IiwibmFtZSI6ImFkbWluIiwiZ2VuZGVyIjp0cnVlLCJlbWFpbCI6IjM3ODMzODYyN0BxcS5jb20ifSwiaWF0IjoxNTA3MjIwNTkwLCJleHAiOjE1MDczMDY5OTB9.961241WFdU6XUhotyPlbDD2SENZzpvSe9CA9Yc4MFCo"}
response time: 64
response status: 200
response body: 
{"status":0,"data":"20171006000"}
*************** response log end ***************

[2017-10-06 09:12:56.678] [INFO] resLogger - 
*************** response log start ***************
request method: GET
request originalUrl:  /api/equipType/list?token=eyJhbGciOiJIUzI1NiIsInR5cCI6IkpXVCJ9.eyJkYXRhIjp7ImlkIjoiNjJlNmUwNTMtZjQzZC00MGEyLWEwZTctNDIzMDcwYTU1MWE2IiwibmFtZSI6ImFkbWluIiwiZ2VuZGVyIjp0cnVlLCJlbWFpbCI6IjM3ODMzODYyN0BxcS5jb20ifSwiaWF0IjoxNTA3MjIwNTkwLCJleHAiOjE1MDczMDY5OTB9.961241WFdU6XUhotyPlbDD2SENZzpvSe9CA9Yc4MFCo
request client ip:  ::ffff:127.0.0.1
request query:  {"token":"eyJhbGciOiJIUzI1NiIsInR5cCI6IkpXVCJ9.eyJkYXRhIjp7ImlkIjoiNjJlNmUwNTMtZjQzZC00MGEyLWEwZTctNDIzMDcwYTU1MWE2IiwibmFtZSI6ImFkbWluIiwiZ2VuZGVyIjp0cnVlLCJlbWFpbCI6IjM3ODMzODYyN0BxcS5jb20ifSwiaWF0IjoxNTA3MjIwNTkwLCJleHAiOjE1MDczMDY5OTB9.961241WFdU6XUhotyPlbDD2SENZzpvSe9CA9Yc4MFCo"}
response time: 80
response status: 200
response body: 
{"status":0,"data":[{"name":"网络","code":"NETWORK","id":"93402af6-9030-4b52-96a2-e9909c6452a3","createdAt":1507219865614,"updatedAt":1507219865614,"version":0},{"name":"软件","code":"SOFTWARE","id":"3b040e4c-a382-4ced-8283-d1162cb294b7","createdAt":1507219865592,"updatedAt":1507219865592,"version":0},{"name":"硬件","code":"HARDWARE","id":"171b4f9b-8255-4d2c-b6ec-1f7154645873","createdAt":1507219865573,"updatedAt":1507219865573,"version":0}]}
*************** response log end ***************

[2017-10-06 09:12:56.711] [INFO] resLogger - 
*************** response log start ***************
request method: GET
request originalUrl:  /api/business/list?token=eyJhbGciOiJIUzI1NiIsInR5cCI6IkpXVCJ9.eyJkYXRhIjp7ImlkIjoiNjJlNmUwNTMtZjQzZC00MGEyLWEwZTctNDIzMDcwYTU1MWE2IiwibmFtZSI6ImFkbWluIiwiZ2VuZGVyIjp0cnVlLCJlbWFpbCI6IjM3ODMzODYyN0BxcS5jb20ifSwiaWF0IjoxNTA3MjIwNTkwLCJleHAiOjE1MDczMDY5OTB9.961241WFdU6XUhotyPlbDD2SENZzpvSe9CA9Yc4MFCo
request client ip:  ::ffff:127.0.0.1
request query:  {"token":"eyJhbGciOiJIUzI1NiIsInR5cCI6IkpXVCJ9.eyJkYXRhIjp7ImlkIjoiNjJlNmUwNTMtZjQzZC00MGEyLWEwZTctNDIzMDcwYTU1MWE2IiwibmFtZSI6ImFkbWluIiwiZ2VuZGVyIjp0cnVlLCJlbWFpbCI6IjM3ODMzODYyN0BxcS5jb20ifSwiaWF0IjoxNTA3MjIwNTkwLCJleHAiOjE1MDczMDY5OTB9.961241WFdU6XUhotyPlbDD2SENZzpvSe9CA9Yc4MFCo"}
response time: 110
response status: 200
response body: 
{"status":0,"data":[{"type":"HARDWARE","equipment":"笔记本电脑","operation":"FIX","weight":5,"remark":"","status":1,"id":"1af92f53-3506-4c0d-9bce-11b0edfb37f2","createdAt":1507219866077,"updatedAt":1507219866077,"version":0,"equiptypesname":"硬件","equipopsname":"故障"},{"type":"HARDWARE","equipment":"笔记本电脑","operation":"SETUP","weight":5,"remark":"","status":1,"id":"906b8a04-3c00-4426-a9f7-93a084d3958c","createdAt":1507219866057,"updatedAt":1507219866057,"version":0,"equiptypesname":"硬件","equipopsname":"安装"},{"type":"HARDWARE","equipment":"笔记本电脑","operation":"NOTSTART","weight":5,"remark":"","status":1,"id":"e4aa7bc9-5574-4ca6-b5cf-845e1b297cea","createdAt":1507219866036,"updatedAt":1507219866036,"version":0,"equiptypesname":"硬件","equipopsname":"无法开机"},{"type":"HARDWARE","equipment":"电脑","operation":"SETUP","weight":5,"remark":"","status":1,"id":"757c993d-3f16-4f5d-8c89-de2f52eae31a","createdAt":1507219866005,"updatedAt":1507219866005,"version":0,"equiptypesname":"硬件","equipopsname":"安装"},{"type":"HARDWARE","equipment":"电脑","operation":"NOTSTART","weight":5,"remark":"","status":1,"id":"a9a03fb6-34c6-489a-b678-434960a0bc85","createdAt":1507219865977,"updatedAt":1507219865977,"version":0,"equiptypesname":"硬件","equipopsname":"无法开机"},{"type":"SOFTWARE","equipment":"WORD","operation":"FIX","weight":5,"remark":"","status":1,"id":"f5c0979b-0aab-4eef-b69b-44bf069a8f1a","createdAt":1507219865939,"updatedAt":1507219865939,"version":0,"equiptypesname":"软件","equipopsname":"故障"},{"type":"SOFTWARE","equipment":"WORD","operation":"SETUP","weight":5,"remark":"","status":1,"id":"73feb72c-1699-459d-9ba3-1817924ca105","createdAt":1507219865921,"updatedAt":1507219865921,"version":0,"equiptypesname":"软件","equipopsname":"安装"},{"type":"NETWORK","equipment":"IP地址","operation":"SET","weight":5,"remark":"","status":1,"id":"8e543011-675e-49ba-b15f-a6f4b400675c","createdAt":1507219865897,"updatedAt":1507219865897,"version":0,"equiptypesname":"网络","equipopsname":"设置"},{"type":"NETWORK","equipment":"IP地址","operation":"CT","weight":5,"remark":"","status":1,"id":"37cd356c-094e-4c80-8198-b0044039ee71","createdAt":1507219865877,"updatedAt":1507219865877,"version":0,"equiptypesname":"网络","equipopsname":"冲突"},{"type":"SOFTWARE","equipment":"浏览器","operation":"FIX","weight":5,"remark":"","status":1,"id":"c05b4118-9587-4a51-b36e-57485cbe0bd5","createdAt":1507219865858,"updatedAt":1507219865858,"version":0,"equiptypesname":"软件","equipopsname":"故障"},{"type":"SOFTWARE","equipment":"浏览器","operation":"SETUP","weight":5,"remark":"","status":1,"id":"2ebe16a9-b3a7-4f24-9ba9-6e65eb591c8f","createdAt":1507219865835,"updatedAt":1507219865835,"version":0,"equiptypesname":"软件","equipopsname":"安装"},{"type":"HARDWARE","equipment":"打印机","operation":"FIX","weight":5,"remark":"","status":1,"id":"987cb0b6-27f2-40eb-980d-b9e13188d1c1","createdAt":1507219865815,"updatedAt":1507219865815,"version":0,"equiptypesname":"硬件","equipopsname":"故障"},{"type":"HARDWARE","equipment":"打印机","operation":"SETUP","weight":5,"remark":"","status":1,"id":"5f1b2108-ff98-42ef-abfe-c97be479e17f","createdAt":1507219865796,"updatedAt":1507219865796,"version":0,"equiptypesname":"硬件","equipopsname":"安装"},{"type":"HARDWARE","equipment":"电话","operation":"FIX","weight":5,"remark":"","status":1,"id":"c3e4cf9d-e35e-45d6-8808-a5660f14c356","createdAt":1507219865774,"updatedAt":1507219865774,"version":0,"equiptypesname":"硬件","equipopsname":"故障"},{"type":"HARDWARE","equipment":"电话","operation":"SETUP","weight":5,"remark":"","status":1,"id":"d0b67486-a794-4472-9e7c-117c6f286f11","createdAt":1507219865755,"updatedAt":1507219865755,"version":0,"equiptypesname":"硬件","equipopsname":"安装"}],"total":15}
*************** response log end ***************

[2017-10-06 09:12:56.720] [INFO] resLogger - 
*************** response log start ***************
request method: GET
request originalUrl:  /api/groups/list?token=eyJhbGciOiJIUzI1NiIsInR5cCI6IkpXVCJ9.eyJkYXRhIjp7ImlkIjoiNjJlNmUwNTMtZjQzZC00MGEyLWEwZTctNDIzMDcwYTU1MWE2IiwibmFtZSI6ImFkbWluIiwiZ2VuZGVyIjp0cnVlLCJlbWFpbCI6IjM3ODMzODYyN0BxcS5jb20ifSwiaWF0IjoxNTA3MjIwNTkwLCJleHAiOjE1MDczMDY5OTB9.961241WFdU6XUhotyPlbDD2SENZzpvSe9CA9Yc4MFCo
request client ip:  ::ffff:127.0.0.1
request query:  {"token":"eyJhbGciOiJIUzI1NiIsInR5cCI6IkpXVCJ9.eyJkYXRhIjp7ImlkIjoiNjJlNmUwNTMtZjQzZC00MGEyLWEwZTctNDIzMDcwYTU1MWE2IiwibmFtZSI6ImFkbWluIiwiZ2VuZGVyIjp0cnVlLCJlbWFpbCI6IjM3ODMzODYyN0BxcS5jb20ifSwiaWF0IjoxNTA3MjIwNTkwLCJleHAiOjE1MDczMDY5OTB9.961241WFdU6XUhotyPlbDD2SENZzpvSe9CA9Yc4MFCo"}
response time: 74
response status: 200
response body: 
{"status":0,"data":[{"name":"控股","description":"group2","status":1,"id":"61dd82ac-449c-4a05-a325-f394cdfb671b","createdAt":1507219864990,"updatedAt":1507219864990,"version":0},{"name":"管委会","description":"group1","status":1,"id":"9d3c356a-7858-4747-bc94-32a1ee4eeebb","createdAt":1507219864942,"updatedAt":1507219864942,"version":0}],"total":2}
*************** response log end ***************

[2017-10-06 09:12:56.733] [INFO] resLogger - 
*************** response log start ***************
request method: GET
request originalUrl:  /api/corporations/list?token=eyJhbGciOiJIUzI1NiIsInR5cCI6IkpXVCJ9.eyJkYXRhIjp7ImlkIjoiNjJlNmUwNTMtZjQzZC00MGEyLWEwZTctNDIzMDcwYTU1MWE2IiwibmFtZSI6ImFkbWluIiwiZ2VuZGVyIjp0cnVlLCJlbWFpbCI6IjM3ODMzODYyN0BxcS5jb20ifSwiaWF0IjoxNTA3MjIwNTkwLCJleHAiOjE1MDczMDY5OTB9.961241WFdU6XUhotyPlbDD2SENZzpvSe9CA9Yc4MFCo&group=61dd82ac-449c-4a05-a325-f394cdfb671b
request client ip:  ::ffff:127.0.0.1
request query:  {"token":"eyJhbGciOiJIUzI1NiIsInR5cCI6IkpXVCJ9.eyJkYXRhIjp7ImlkIjoiNjJlNmUwNTMtZjQzZC00MGEyLWEwZTctNDIzMDcwYTU1MWE2IiwibmFtZSI6ImFkbWluIiwiZ2VuZGVyIjp0cnVlLCJlbWFpbCI6IjM3ODMzODYyN0BxcS5jb20ifSwiaWF0IjoxNTA3MjIwNTkwLCJleHAiOjE1MDczMDY5OTB9.961241WFdU6XUhotyPlbDD2SENZzpvSe9CA9Yc4MFCo","group":"61dd82ac-449c-4a05-a325-f394cdfb671b"}
response time: 45
response status: 200
response body: 
{"status":0,"data":[{"name":"控股公司","description":"控股公司","status":1,"groupId":"61dd82ac-449c-4a05-a325-f394cdfb671b","id":"5e9ee58c-92fc-4439-8435-a3e93dd3ce12","createdAt":1507219865265,"updatedAt":1507219865265,"version":0,"group":{"name":"控股","description":"group2","status":1,"id":"61dd82ac-449c-4a05-a325-f394cdfb671b","createdAt":1507219864990,"updatedAt":1507219864990,"version":0}}],"total":1}
*************** response log end ***************

[2017-10-06 09:12:56.747] [INFO] resLogger - 
*************** response log start ***************
request method: GET
request originalUrl:  /api/business/getequip/get/NETWORK?token=eyJhbGciOiJIUzI1NiIsInR5cCI6IkpXVCJ9.eyJkYXRhIjp7ImlkIjoiNjJlNmUwNTMtZjQzZC00MGEyLWEwZTctNDIzMDcwYTU1MWE2IiwibmFtZSI6ImFkbWluIiwiZ2VuZGVyIjp0cnVlLCJlbWFpbCI6IjM3ODMzODYyN0BxcS5jb20ifSwiaWF0IjoxNTA3MjIwNTkwLCJleHAiOjE1MDczMDY5OTB9.961241WFdU6XUhotyPlbDD2SENZzpvSe9CA9Yc4MFCo
request client ip:  ::ffff:127.0.0.1
request query:  {"token":"eyJhbGciOiJIUzI1NiIsInR5cCI6IkpXVCJ9.eyJkYXRhIjp7ImlkIjoiNjJlNmUwNTMtZjQzZC00MGEyLWEwZTctNDIzMDcwYTU1MWE2IiwibmFtZSI6ImFkbWluIiwiZ2VuZGVyIjp0cnVlLCJlbWFpbCI6IjM3ODMzODYyN0BxcS5jb20ifSwiaWF0IjoxNTA3MjIwNTkwLCJleHAiOjE1MDczMDY5OTB9.961241WFdU6XUhotyPlbDD2SENZzpvSe9CA9Yc4MFCo"}
response time: 14
response status: 200
response body: 
{"status":0,"data":[{"equipment":"IP地址"}]}
*************** response log end ***************

[2017-10-06 09:12:56.798] [INFO] resLogger - 
*************** response log start ***************
request method: GET
request originalUrl:  /api/corporations/list?token=eyJhbGciOiJIUzI1NiIsInR5cCI6IkpXVCJ9.eyJkYXRhIjp7ImlkIjoiNjJlNmUwNTMtZjQzZC00MGEyLWEwZTctNDIzMDcwYTU1MWE2IiwibmFtZSI6ImFkbWluIiwiZ2VuZGVyIjp0cnVlLCJlbWFpbCI6IjM3ODMzODYyN0BxcS5jb20ifSwiaWF0IjoxNTA3MjIwNTkwLCJleHAiOjE1MDczMDY5OTB9.961241WFdU6XUhotyPlbDD2SENZzpvSe9CA9Yc4MFCo&group=61dd82ac-449c-4a05-a325-f394cdfb671b
request client ip:  ::ffff:127.0.0.1
request query:  {"token":"eyJhbGciOiJIUzI1NiIsInR5cCI6IkpXVCJ9.eyJkYXRhIjp7ImlkIjoiNjJlNmUwNTMtZjQzZC00MGEyLWEwZTctNDIzMDcwYTU1MWE2IiwibmFtZSI6ImFkbWluIiwiZ2VuZGVyIjp0cnVlLCJlbWFpbCI6IjM3ODMzODYyN0BxcS5jb20ifSwiaWF0IjoxNTA3MjIwNTkwLCJleHAiOjE1MDczMDY5OTB9.961241WFdU6XUhotyPlbDD2SENZzpvSe9CA9Yc4MFCo","group":"61dd82ac-449c-4a05-a325-f394cdfb671b"}
response time: 38
response status: 200
response body: 
{"status":0,"data":[{"name":"控股公司","description":"控股公司","status":1,"groupId":"61dd82ac-449c-4a05-a325-f394cdfb671b","id":"5e9ee58c-92fc-4439-8435-a3e93dd3ce12","createdAt":1507219865265,"updatedAt":1507219865265,"version":0,"group":{"name":"控股","description":"group2","status":1,"id":"61dd82ac-449c-4a05-a325-f394cdfb671b","createdAt":1507219864990,"updatedAt":1507219864990,"version":0}}],"total":1}
*************** response log end ***************

[2017-10-06 09:12:56.805] [INFO] resLogger - 
*************** response log start ***************
request method: GET
request originalUrl:  /api/corpBuildings/list/5e9ee58c-92fc-4439-8435-a3e93dd3ce12?token=eyJhbGciOiJIUzI1NiIsInR5cCI6IkpXVCJ9.eyJkYXRhIjp7ImlkIjoiNjJlNmUwNTMtZjQzZC00MGEyLWEwZTctNDIzMDcwYTU1MWE2IiwibmFtZSI6ImFkbWluIiwiZ2VuZGVyIjp0cnVlLCJlbWFpbCI6IjM3ODMzODYyN0BxcS5jb20ifSwiaWF0IjoxNTA3MjIwNTkwLCJleHAiOjE1MDczMDY5OTB9.961241WFdU6XUhotyPlbDD2SENZzpvSe9CA9Yc4MFCo
request client ip:  ::ffff:127.0.0.1
request query:  {"token":"eyJhbGciOiJIUzI1NiIsInR5cCI6IkpXVCJ9.eyJkYXRhIjp7ImlkIjoiNjJlNmUwNTMtZjQzZC00MGEyLWEwZTctNDIzMDcwYTU1MWE2IiwibmFtZSI6ImFkbWluIiwiZ2VuZGVyIjp0cnVlLCJlbWFpbCI6IjM3ODMzODYyN0BxcS5jb20ifSwiaWF0IjoxNTA3MjIwNTkwLCJleHAiOjE1MDczMDY5OTB9.961241WFdU6XUhotyPlbDD2SENZzpvSe9CA9Yc4MFCo"}
response time: 22
response status: 200
response body: 
{"status":0,"data":[{"corporationId":"5e9ee58c-92fc-4439-8435-a3e93dd3ce12","buildingId":"55b32394-aebe-48fc-a0ce-9775f11c9314","floor":7,"position":"A","status":1,"id":"46095827-ef81-46f3-b447-d67caee2b7e9","createdAt":1507219865309,"updatedAt":1507219865309,"version":0,"building":{"name":"商务大厦南楼","address":"南","minfloor":1,"maxfloor":15,"status":1,"id":"55b32394-aebe-48fc-a0ce-9775f11c9314","createdAt":1507219865013,"updatedAt":1507219865013,"version":0}},{"corporationId":"5e9ee58c-92fc-4439-8435-a3e93dd3ce12","buildingId":"55b32394-aebe-48fc-a0ce-9775f11c9314","floor":6,"position":"A","status":1,"id":"6148b8c7-75f6-461a-aeae-e9246a8fd9d2","createdAt":1507219865286,"updatedAt":1507219865286,"version":0,"building":{"name":"商务大厦南楼","address":"南","minfloor":1,"maxfloor":15,"status":1,"id":"55b32394-aebe-48fc-a0ce-9775f11c9314","createdAt":1507219865013,"updatedAt":1507219865013,"version":0}}],"total":0}
*************** response log end ***************

[2017-10-06 09:12:56.878] [INFO] resLogger - 
*************** response log start ***************
request method: GET
request originalUrl:  /api/business/list?token=eyJhbGciOiJIUzI1NiIsInR5cCI6IkpXVCJ9.eyJkYXRhIjp7ImlkIjoiNjJlNmUwNTMtZjQzZC00MGEyLWEwZTctNDIzMDcwYTU1MWE2IiwibmFtZSI6ImFkbWluIiwiZ2VuZGVyIjp0cnVlLCJlbWFpbCI6IjM3ODMzODYyN0BxcS5jb20ifSwiaWF0IjoxNTA3MjIwNTkwLCJleHAiOjE1MDczMDY5OTB9.961241WFdU6XUhotyPlbDD2SENZzpvSe9CA9Yc4MFCo&type=NETWORK&equipment=IP%E5%9C%B0%E5%9D%80
request client ip:  ::ffff:127.0.0.1
request query:  {"token":"eyJhbGciOiJIUzI1NiIsInR5cCI6IkpXVCJ9.eyJkYXRhIjp7ImlkIjoiNjJlNmUwNTMtZjQzZC00MGEyLWEwZTctNDIzMDcwYTU1MWE2IiwibmFtZSI6ImFkbWluIiwiZ2VuZGVyIjp0cnVlLCJlbWFpbCI6IjM3ODMzODYyN0BxcS5jb20ifSwiaWF0IjoxNTA3MjIwNTkwLCJleHAiOjE1MDczMDY5OTB9.961241WFdU6XUhotyPlbDD2SENZzpvSe9CA9Yc4MFCo","type":"NETWORK","equipment":"IP地址"}
response time: 72
response status: 200
response body: 
{"status":0,"data":[{"type":"NETWORK","equipment":"IP地址","operation":"SET","weight":5,"remark":"","status":1,"id":"8e543011-675e-49ba-b15f-a6f4b400675c","createdAt":1507219865897,"updatedAt":1507219865897,"version":0,"equiptypesname":"网络","equipopsname":"设置"},{"type":"NETWORK","equipment":"IP地址","operation":"CT","weight":5,"remark":"","status":1,"id":"37cd356c-094e-4c80-8198-b0044039ee71","createdAt":1507219865877,"updatedAt":1507219865877,"version":0,"equiptypesname":"网络","equipopsname":"冲突"}],"total":2}
*************** response log end ***************

[2017-10-06 09:12:56.884] [INFO] resLogger - 
*************** response log start ***************
request method: GET
request originalUrl:  /api/corpBuildings/list/5e9ee58c-92fc-4439-8435-a3e93dd3ce12?token=eyJhbGciOiJIUzI1NiIsInR5cCI6IkpXVCJ9.eyJkYXRhIjp7ImlkIjoiNjJlNmUwNTMtZjQzZC00MGEyLWEwZTctNDIzMDcwYTU1MWE2IiwibmFtZSI6ImFkbWluIiwiZ2VuZGVyIjp0cnVlLCJlbWFpbCI6IjM3ODMzODYyN0BxcS5jb20ifSwiaWF0IjoxNTA3MjIwNTkwLCJleHAiOjE1MDczMDY5OTB9.961241WFdU6XUhotyPlbDD2SENZzpvSe9CA9Yc4MFCo
request client ip:  ::ffff:127.0.0.1
request query:  {"token":"eyJhbGciOiJIUzI1NiIsInR5cCI6IkpXVCJ9.eyJkYXRhIjp7ImlkIjoiNjJlNmUwNTMtZjQzZC00MGEyLWEwZTctNDIzMDcwYTU1MWE2IiwibmFtZSI6ImFkbWluIiwiZ2VuZGVyIjp0cnVlLCJlbWFpbCI6IjM3ODMzODYyN0BxcS5jb20ifSwiaWF0IjoxNTA3MjIwNTkwLCJleHAiOjE1MDczMDY5OTB9.961241WFdU6XUhotyPlbDD2SENZzpvSe9CA9Yc4MFCo"}
response time: 22
response status: 200
response body: 
{"status":0,"data":[{"corporationId":"5e9ee58c-92fc-4439-8435-a3e93dd3ce12","buildingId":"55b32394-aebe-48fc-a0ce-9775f11c9314","floor":7,"position":"A","status":1,"id":"46095827-ef81-46f3-b447-d67caee2b7e9","createdAt":1507219865309,"updatedAt":1507219865309,"version":0,"building":{"name":"商务大厦南楼","address":"南","minfloor":1,"maxfloor":15,"status":1,"id":"55b32394-aebe-48fc-a0ce-9775f11c9314","createdAt":1507219865013,"updatedAt":1507219865013,"version":0}},{"corporationId":"5e9ee58c-92fc-4439-8435-a3e93dd3ce12","buildingId":"55b32394-aebe-48fc-a0ce-9775f11c9314","floor":6,"position":"A","status":1,"id":"6148b8c7-75f6-461a-aeae-e9246a8fd9d2","createdAt":1507219865286,"updatedAt":1507219865286,"version":0,"building":{"name":"商务大厦南楼","address":"南","minfloor":1,"maxfloor":15,"status":1,"id":"55b32394-aebe-48fc-a0ce-9775f11c9314","createdAt":1507219865013,"updatedAt":1507219865013,"version":0}}],"total":0}
*************** response log end ***************

[2017-10-06 09:13:38.680] [INFO] resLogger - 
*************** response log start ***************
request method: GET
request originalUrl:  /api/user/?token=eyJhbGciOiJIUzI1NiIsInR5cCI6IkpXVCJ9.eyJkYXRhIjp7ImlkIjoiNjJlNmUwNTMtZjQzZC00MGEyLWEwZTctNDIzMDcwYTU1MWE2IiwibmFtZSI6ImFkbWluIiwiZ2VuZGVyIjp0cnVlLCJlbWFpbCI6IjM3ODMzODYyN0BxcS5jb20ifSwiaWF0IjoxNTA3MjIwNTkwLCJleHAiOjE1MDczMDY5OTB9.961241WFdU6XUhotyPlbDD2SENZzpvSe9CA9Yc4MFCo
request client ip:  ::ffff:127.0.0.1
request query:  {"token":"eyJhbGciOiJIUzI1NiIsInR5cCI6IkpXVCJ9.eyJkYXRhIjp7ImlkIjoiNjJlNmUwNTMtZjQzZC00MGEyLWEwZTctNDIzMDcwYTU1MWE2IiwibmFtZSI6ImFkbWluIiwiZ2VuZGVyIjp0cnVlLCJlbWFpbCI6IjM3ODMzODYyN0BxcS5jb20ifSwiaWF0IjoxNTA3MjIwNTkwLCJleHAiOjE1MDczMDY5OTB9.961241WFdU6XUhotyPlbDD2SENZzpvSe9CA9Yc4MFCo"}
response time: 26
response status: 200
response body: 
{"status":0,"data":{"name":"admin","email":"378338627@qq.com","phone":"15822927208","password":"$2a$10$tUboS6QKCcAqKmNuFwChLum.Nd69m8wFAznW2WIR6FBE621g0ZPx6","gender":true,"token":"eyJhbGciOiJIUzI1NiIsInR5cCI6IkpXVCJ9.eyJkYXRhIjp7ImlkIjoiNjJlNmUwNTMtZjQzZC00MGEyLWEwZTctNDIzMDcwYTU1MWE2IiwibmFtZSI6ImFkbWluIiwiZ2VuZGVyIjp0cnVlLCJlbWFpbCI6IjM3ODMzODYyN0BxcS5jb20ifSwiaWF0IjoxNTA3MjIwNTkwLCJleHAiOjE1MDczMDY5OTB9.961241WFdU6XUhotyPlbDD2SENZzpvSe9CA9Yc4MFCo","canLogin":true,"status":1,"id":"62e6e053-f43d-40a2-a0e7-423070a551a6","createdAt":1507219864940,"updatedAt":1507220590456,"version":1}}
*************** response log end ***************

[2017-10-06 09:13:38.788] [INFO] resLogger - 
*************** response log start ***************
request method: GET
request originalUrl:  /api/groups/list?token=eyJhbGciOiJIUzI1NiIsInR5cCI6IkpXVCJ9.eyJkYXRhIjp7ImlkIjoiNjJlNmUwNTMtZjQzZC00MGEyLWEwZTctNDIzMDcwYTU1MWE2IiwibmFtZSI6ImFkbWluIiwiZ2VuZGVyIjp0cnVlLCJlbWFpbCI6IjM3ODMzODYyN0BxcS5jb20ifSwiaWF0IjoxNTA3MjIwNTkwLCJleHAiOjE1MDczMDY5OTB9.961241WFdU6XUhotyPlbDD2SENZzpvSe9CA9Yc4MFCo
request client ip:  ::ffff:127.0.0.1
request query:  {"token":"eyJhbGciOiJIUzI1NiIsInR5cCI6IkpXVCJ9.eyJkYXRhIjp7ImlkIjoiNjJlNmUwNTMtZjQzZC00MGEyLWEwZTctNDIzMDcwYTU1MWE2IiwibmFtZSI6ImFkbWluIiwiZ2VuZGVyIjp0cnVlLCJlbWFpbCI6IjM3ODMzODYyN0BxcS5jb20ifSwiaWF0IjoxNTA3MjIwNTkwLCJleHAiOjE1MDczMDY5OTB9.961241WFdU6XUhotyPlbDD2SENZzpvSe9CA9Yc4MFCo"}
response time: 32
response status: 200
response body: 
{"status":0,"data":[{"name":"控股","description":"group2","status":1,"id":"61dd82ac-449c-4a05-a325-f394cdfb671b","createdAt":1507219864990,"updatedAt":1507219864990,"version":0},{"name":"管委会","description":"group1","status":1,"id":"9d3c356a-7858-4747-bc94-32a1ee4eeebb","createdAt":1507219864942,"updatedAt":1507219864942,"version":0}],"total":2}
*************** response log end ***************

[2017-10-06 09:13:38.852] [INFO] resLogger - 
*************** response log start ***************
request method: GET
request originalUrl:  /api/order/getorderno/get/2017/10/6?token=eyJhbGciOiJIUzI1NiIsInR5cCI6IkpXVCJ9.eyJkYXRhIjp7ImlkIjoiNjJlNmUwNTMtZjQzZC00MGEyLWEwZTctNDIzMDcwYTU1MWE2IiwibmFtZSI6ImFkbWluIiwiZ2VuZGVyIjp0cnVlLCJlbWFpbCI6IjM3ODMzODYyN0BxcS5jb20ifSwiaWF0IjoxNTA3MjIwNTkwLCJleHAiOjE1MDczMDY5OTB9.961241WFdU6XUhotyPlbDD2SENZzpvSe9CA9Yc4MFCo
request client ip:  ::ffff:127.0.0.1
request query:  {"token":"eyJhbGciOiJIUzI1NiIsInR5cCI6IkpXVCJ9.eyJkYXRhIjp7ImlkIjoiNjJlNmUwNTMtZjQzZC00MGEyLWEwZTctNDIzMDcwYTU1MWE2IiwibmFtZSI6ImFkbWluIiwiZ2VuZGVyIjp0cnVlLCJlbWFpbCI6IjM3ODMzODYyN0BxcS5jb20ifSwiaWF0IjoxNTA3MjIwNTkwLCJleHAiOjE1MDczMDY5OTB9.961241WFdU6XUhotyPlbDD2SENZzpvSe9CA9Yc4MFCo"}
response time: 63
response status: 200
response body: 
{"status":0,"data":"20171006000"}
*************** response log end ***************

[2017-10-06 09:13:38.865] [INFO] resLogger - 
*************** response log start ***************
request method: GET
request originalUrl:  /api/equipType/list?token=eyJhbGciOiJIUzI1NiIsInR5cCI6IkpXVCJ9.eyJkYXRhIjp7ImlkIjoiNjJlNmUwNTMtZjQzZC00MGEyLWEwZTctNDIzMDcwYTU1MWE2IiwibmFtZSI6ImFkbWluIiwiZ2VuZGVyIjp0cnVlLCJlbWFpbCI6IjM3ODMzODYyN0BxcS5jb20ifSwiaWF0IjoxNTA3MjIwNTkwLCJleHAiOjE1MDczMDY5OTB9.961241WFdU6XUhotyPlbDD2SENZzpvSe9CA9Yc4MFCo
request client ip:  ::ffff:127.0.0.1
request query:  {"token":"eyJhbGciOiJIUzI1NiIsInR5cCI6IkpXVCJ9.eyJkYXRhIjp7ImlkIjoiNjJlNmUwNTMtZjQzZC00MGEyLWEwZTctNDIzMDcwYTU1MWE2IiwibmFtZSI6ImFkbWluIiwiZ2VuZGVyIjp0cnVlLCJlbWFpbCI6IjM3ODMzODYyN0BxcS5jb20ifSwiaWF0IjoxNTA3MjIwNTkwLCJleHAiOjE1MDczMDY5OTB9.961241WFdU6XUhotyPlbDD2SENZzpvSe9CA9Yc4MFCo"}
response time: 73
response status: 200
response body: 
{"status":0,"data":[{"name":"网络","code":"NETWORK","id":"93402af6-9030-4b52-96a2-e9909c6452a3","createdAt":1507219865614,"updatedAt":1507219865614,"version":0},{"name":"软件","code":"SOFTWARE","id":"3b040e4c-a382-4ced-8283-d1162cb294b7","createdAt":1507219865592,"updatedAt":1507219865592,"version":0},{"name":"硬件","code":"HARDWARE","id":"171b4f9b-8255-4d2c-b6ec-1f7154645873","createdAt":1507219865573,"updatedAt":1507219865573,"version":0}]}
*************** response log end ***************

[2017-10-06 09:13:38.883] [INFO] resLogger - 
*************** response log start ***************
request method: GET
request originalUrl:  /api/business/list?token=eyJhbGciOiJIUzI1NiIsInR5cCI6IkpXVCJ9.eyJkYXRhIjp7ImlkIjoiNjJlNmUwNTMtZjQzZC00MGEyLWEwZTctNDIzMDcwYTU1MWE2IiwibmFtZSI6ImFkbWluIiwiZ2VuZGVyIjp0cnVlLCJlbWFpbCI6IjM3ODMzODYyN0BxcS5jb20ifSwiaWF0IjoxNTA3MjIwNTkwLCJleHAiOjE1MDczMDY5OTB9.961241WFdU6XUhotyPlbDD2SENZzpvSe9CA9Yc4MFCo
request client ip:  ::ffff:127.0.0.1
request query:  {"token":"eyJhbGciOiJIUzI1NiIsInR5cCI6IkpXVCJ9.eyJkYXRhIjp7ImlkIjoiNjJlNmUwNTMtZjQzZC00MGEyLWEwZTctNDIzMDcwYTU1MWE2IiwibmFtZSI6ImFkbWluIiwiZ2VuZGVyIjp0cnVlLCJlbWFpbCI6IjM3ODMzODYyN0BxcS5jb20ifSwiaWF0IjoxNTA3MjIwNTkwLCJleHAiOjE1MDczMDY5OTB9.961241WFdU6XUhotyPlbDD2SENZzpvSe9CA9Yc4MFCo"}
response time: 89
response status: 200
response body: 
{"status":0,"data":[{"type":"HARDWARE","equipment":"笔记本电脑","operation":"FIX","weight":5,"remark":"","status":1,"id":"1af92f53-3506-4c0d-9bce-11b0edfb37f2","createdAt":1507219866077,"updatedAt":1507219866077,"version":0,"equiptypesname":"硬件","equipopsname":"故障"},{"type":"HARDWARE","equipment":"笔记本电脑","operation":"SETUP","weight":5,"remark":"","status":1,"id":"906b8a04-3c00-4426-a9f7-93a084d3958c","createdAt":1507219866057,"updatedAt":1507219866057,"version":0,"equiptypesname":"硬件","equipopsname":"安装"},{"type":"HARDWARE","equipment":"笔记本电脑","operation":"NOTSTART","weight":5,"remark":"","status":1,"id":"e4aa7bc9-5574-4ca6-b5cf-845e1b297cea","createdAt":1507219866036,"updatedAt":1507219866036,"version":0,"equiptypesname":"硬件","equipopsname":"无法开机"},{"type":"HARDWARE","equipment":"电脑","operation":"SETUP","weight":5,"remark":"","status":1,"id":"757c993d-3f16-4f5d-8c89-de2f52eae31a","createdAt":1507219866005,"updatedAt":1507219866005,"version":0,"equiptypesname":"硬件","equipopsname":"安装"},{"type":"HARDWARE","equipment":"电脑","operation":"NOTSTART","weight":5,"remark":"","status":1,"id":"a9a03fb6-34c6-489a-b678-434960a0bc85","createdAt":1507219865977,"updatedAt":1507219865977,"version":0,"equiptypesname":"硬件","equipopsname":"无法开机"},{"type":"SOFTWARE","equipment":"WORD","operation":"FIX","weight":5,"remark":"","status":1,"id":"f5c0979b-0aab-4eef-b69b-44bf069a8f1a","createdAt":1507219865939,"updatedAt":1507219865939,"version":0,"equiptypesname":"软件","equipopsname":"故障"},{"type":"SOFTWARE","equipment":"WORD","operation":"SETUP","weight":5,"remark":"","status":1,"id":"73feb72c-1699-459d-9ba3-1817924ca105","createdAt":1507219865921,"updatedAt":1507219865921,"version":0,"equiptypesname":"软件","equipopsname":"安装"},{"type":"NETWORK","equipment":"IP地址","operation":"SET","weight":5,"remark":"","status":1,"id":"8e543011-675e-49ba-b15f-a6f4b400675c","createdAt":1507219865897,"updatedAt":1507219865897,"version":0,"equiptypesname":"网络","equipopsname":"设置"},{"type":"NETWORK","equipment":"IP地址","operation":"CT","weight":5,"remark":"","status":1,"id":"37cd356c-094e-4c80-8198-b0044039ee71","createdAt":1507219865877,"updatedAt":1507219865877,"version":0,"equiptypesname":"网络","equipopsname":"冲突"},{"type":"SOFTWARE","equipment":"浏览器","operation":"FIX","weight":5,"remark":"","status":1,"id":"c05b4118-9587-4a51-b36e-57485cbe0bd5","createdAt":1507219865858,"updatedAt":1507219865858,"version":0,"equiptypesname":"软件","equipopsname":"故障"},{"type":"SOFTWARE","equipment":"浏览器","operation":"SETUP","weight":5,"remark":"","status":1,"id":"2ebe16a9-b3a7-4f24-9ba9-6e65eb591c8f","createdAt":1507219865835,"updatedAt":1507219865835,"version":0,"equiptypesname":"软件","equipopsname":"安装"},{"type":"HARDWARE","equipment":"打印机","operation":"FIX","weight":5,"remark":"","status":1,"id":"987cb0b6-27f2-40eb-980d-b9e13188d1c1","createdAt":1507219865815,"updatedAt":1507219865815,"version":0,"equiptypesname":"硬件","equipopsname":"故障"},{"type":"HARDWARE","equipment":"打印机","operation":"SETUP","weight":5,"remark":"","status":1,"id":"5f1b2108-ff98-42ef-abfe-c97be479e17f","createdAt":1507219865796,"updatedAt":1507219865796,"version":0,"equiptypesname":"硬件","equipopsname":"安装"},{"type":"HARDWARE","equipment":"电话","operation":"FIX","weight":5,"remark":"","status":1,"id":"c3e4cf9d-e35e-45d6-8808-a5660f14c356","createdAt":1507219865774,"updatedAt":1507219865774,"version":0,"equiptypesname":"硬件","equipopsname":"故障"},{"type":"HARDWARE","equipment":"电话","operation":"SETUP","weight":5,"remark":"","status":1,"id":"d0b67486-a794-4472-9e7c-117c6f286f11","createdAt":1507219865755,"updatedAt":1507219865755,"version":0,"equiptypesname":"硬件","equipopsname":"安装"}],"total":15}
*************** response log end ***************

[2017-10-06 09:13:38.907] [INFO] resLogger - 
*************** response log start ***************
request method: GET
request originalUrl:  /api/groups/list?token=eyJhbGciOiJIUzI1NiIsInR5cCI6IkpXVCJ9.eyJkYXRhIjp7ImlkIjoiNjJlNmUwNTMtZjQzZC00MGEyLWEwZTctNDIzMDcwYTU1MWE2IiwibmFtZSI6ImFkbWluIiwiZ2VuZGVyIjp0cnVlLCJlbWFpbCI6IjM3ODMzODYyN0BxcS5jb20ifSwiaWF0IjoxNTA3MjIwNTkwLCJleHAiOjE1MDczMDY5OTB9.961241WFdU6XUhotyPlbDD2SENZzpvSe9CA9Yc4MFCo
request client ip:  ::ffff:127.0.0.1
request query:  {"token":"eyJhbGciOiJIUzI1NiIsInR5cCI6IkpXVCJ9.eyJkYXRhIjp7ImlkIjoiNjJlNmUwNTMtZjQzZC00MGEyLWEwZTctNDIzMDcwYTU1MWE2IiwibmFtZSI6ImFkbWluIiwiZ2VuZGVyIjp0cnVlLCJlbWFpbCI6IjM3ODMzODYyN0BxcS5jb20ifSwiaWF0IjoxNTA3MjIwNTkwLCJleHAiOjE1MDczMDY5OTB9.961241WFdU6XUhotyPlbDD2SENZzpvSe9CA9Yc4MFCo"}
response time: 70
response status: 200
response body: 
{"status":0,"data":[{"name":"控股","description":"group2","status":1,"id":"61dd82ac-449c-4a05-a325-f394cdfb671b","createdAt":1507219864990,"updatedAt":1507219864990,"version":0},{"name":"管委会","description":"group1","status":1,"id":"9d3c356a-7858-4747-bc94-32a1ee4eeebb","createdAt":1507219864942,"updatedAt":1507219864942,"version":0}],"total":2}
*************** response log end ***************

[2017-10-06 09:13:38.924] [INFO] resLogger - 
*************** response log start ***************
request method: GET
request originalUrl:  /api/corporations/list?token=eyJhbGciOiJIUzI1NiIsInR5cCI6IkpXVCJ9.eyJkYXRhIjp7ImlkIjoiNjJlNmUwNTMtZjQzZC00MGEyLWEwZTctNDIzMDcwYTU1MWE2IiwibmFtZSI6ImFkbWluIiwiZ2VuZGVyIjp0cnVlLCJlbWFpbCI6IjM3ODMzODYyN0BxcS5jb20ifSwiaWF0IjoxNTA3MjIwNTkwLCJleHAiOjE1MDczMDY5OTB9.961241WFdU6XUhotyPlbDD2SENZzpvSe9CA9Yc4MFCo&group=61dd82ac-449c-4a05-a325-f394cdfb671b
request client ip:  ::ffff:127.0.0.1
request query:  {"token":"eyJhbGciOiJIUzI1NiIsInR5cCI6IkpXVCJ9.eyJkYXRhIjp7ImlkIjoiNjJlNmUwNTMtZjQzZC00MGEyLWEwZTctNDIzMDcwYTU1MWE2IiwibmFtZSI6ImFkbWluIiwiZ2VuZGVyIjp0cnVlLCJlbWFpbCI6IjM3ODMzODYyN0BxcS5jb20ifSwiaWF0IjoxNTA3MjIwNTkwLCJleHAiOjE1MDczMDY5OTB9.961241WFdU6XUhotyPlbDD2SENZzpvSe9CA9Yc4MFCo","group":"61dd82ac-449c-4a05-a325-f394cdfb671b"}
response time: 56
response status: 200
response body: 
{"status":0,"data":[{"name":"控股公司","description":"控股公司","status":1,"groupId":"61dd82ac-449c-4a05-a325-f394cdfb671b","id":"5e9ee58c-92fc-4439-8435-a3e93dd3ce12","createdAt":1507219865265,"updatedAt":1507219865265,"version":0,"group":{"name":"控股","description":"group2","status":1,"id":"61dd82ac-449c-4a05-a325-f394cdfb671b","createdAt":1507219864990,"updatedAt":1507219864990,"version":0}}],"total":1}
*************** response log end ***************

[2017-10-06 09:13:38.928] [INFO] resLogger - 
*************** response log start ***************
request method: GET
request originalUrl:  /api/business/getequip/get/NETWORK?token=eyJhbGciOiJIUzI1NiIsInR5cCI6IkpXVCJ9.eyJkYXRhIjp7ImlkIjoiNjJlNmUwNTMtZjQzZC00MGEyLWEwZTctNDIzMDcwYTU1MWE2IiwibmFtZSI6ImFkbWluIiwiZ2VuZGVyIjp0cnVlLCJlbWFpbCI6IjM3ODMzODYyN0BxcS5jb20ifSwiaWF0IjoxNTA3MjIwNTkwLCJleHAiOjE1MDczMDY5OTB9.961241WFdU6XUhotyPlbDD2SENZzpvSe9CA9Yc4MFCo
request client ip:  ::ffff:127.0.0.1
request query:  {"token":"eyJhbGciOiJIUzI1NiIsInR5cCI6IkpXVCJ9.eyJkYXRhIjp7ImlkIjoiNjJlNmUwNTMtZjQzZC00MGEyLWEwZTctNDIzMDcwYTU1MWE2IiwibmFtZSI6ImFkbWluIiwiZ2VuZGVyIjp0cnVlLCJlbWFpbCI6IjM3ODMzODYyN0BxcS5jb20ifSwiaWF0IjoxNTA3MjIwNTkwLCJleHAiOjE1MDczMDY5OTB9.961241WFdU6XUhotyPlbDD2SENZzpvSe9CA9Yc4MFCo"}
response time: 21
response status: 200
response body: 
{"status":0,"data":[{"equipment":"IP地址"}]}
*************** response log end ***************

[2017-10-06 09:13:38.967] [INFO] resLogger - 
*************** response log start ***************
request method: GET
request originalUrl:  /api/corporations/list?token=eyJhbGciOiJIUzI1NiIsInR5cCI6IkpXVCJ9.eyJkYXRhIjp7ImlkIjoiNjJlNmUwNTMtZjQzZC00MGEyLWEwZTctNDIzMDcwYTU1MWE2IiwibmFtZSI6ImFkbWluIiwiZ2VuZGVyIjp0cnVlLCJlbWFpbCI6IjM3ODMzODYyN0BxcS5jb20ifSwiaWF0IjoxNTA3MjIwNTkwLCJleHAiOjE1MDczMDY5OTB9.961241WFdU6XUhotyPlbDD2SENZzpvSe9CA9Yc4MFCo&group=61dd82ac-449c-4a05-a325-f394cdfb671b
request client ip:  ::ffff:127.0.0.1
request query:  {"token":"eyJhbGciOiJIUzI1NiIsInR5cCI6IkpXVCJ9.eyJkYXRhIjp7ImlkIjoiNjJlNmUwNTMtZjQzZC00MGEyLWEwZTctNDIzMDcwYTU1MWE2IiwibmFtZSI6ImFkbWluIiwiZ2VuZGVyIjp0cnVlLCJlbWFpbCI6IjM3ODMzODYyN0BxcS5jb20ifSwiaWF0IjoxNTA3MjIwNTkwLCJleHAiOjE1MDczMDY5OTB9.961241WFdU6XUhotyPlbDD2SENZzpvSe9CA9Yc4MFCo","group":"61dd82ac-449c-4a05-a325-f394cdfb671b"}
response time: 38
response status: 200
response body: 
{"status":0,"data":[{"name":"控股公司","description":"控股公司","status":1,"groupId":"61dd82ac-449c-4a05-a325-f394cdfb671b","id":"5e9ee58c-92fc-4439-8435-a3e93dd3ce12","createdAt":1507219865265,"updatedAt":1507219865265,"version":0,"group":{"name":"控股","description":"group2","status":1,"id":"61dd82ac-449c-4a05-a325-f394cdfb671b","createdAt":1507219864990,"updatedAt":1507219864990,"version":0}}],"total":1}
*************** response log end ***************

[2017-10-06 09:13:38.971] [INFO] resLogger - 
*************** response log start ***************
request method: GET
request originalUrl:  /api/corpBuildings/list/5e9ee58c-92fc-4439-8435-a3e93dd3ce12?token=eyJhbGciOiJIUzI1NiIsInR5cCI6IkpXVCJ9.eyJkYXRhIjp7ImlkIjoiNjJlNmUwNTMtZjQzZC00MGEyLWEwZTctNDIzMDcwYTU1MWE2IiwibmFtZSI6ImFkbWluIiwiZ2VuZGVyIjp0cnVlLCJlbWFpbCI6IjM3ODMzODYyN0BxcS5jb20ifSwiaWF0IjoxNTA3MjIwNTkwLCJleHAiOjE1MDczMDY5OTB9.961241WFdU6XUhotyPlbDD2SENZzpvSe9CA9Yc4MFCo
request client ip:  ::ffff:127.0.0.1
request query:  {"token":"eyJhbGciOiJIUzI1NiIsInR5cCI6IkpXVCJ9.eyJkYXRhIjp7ImlkIjoiNjJlNmUwNTMtZjQzZC00MGEyLWEwZTctNDIzMDcwYTU1MWE2IiwibmFtZSI6ImFkbWluIiwiZ2VuZGVyIjp0cnVlLCJlbWFpbCI6IjM3ODMzODYyN0BxcS5jb20ifSwiaWF0IjoxNTA3MjIwNTkwLCJleHAiOjE1MDczMDY5OTB9.961241WFdU6XUhotyPlbDD2SENZzpvSe9CA9Yc4MFCo"}
response time: 18
response status: 200
response body: 
{"status":0,"data":[{"corporationId":"5e9ee58c-92fc-4439-8435-a3e93dd3ce12","buildingId":"55b32394-aebe-48fc-a0ce-9775f11c9314","floor":7,"position":"A","status":1,"id":"46095827-ef81-46f3-b447-d67caee2b7e9","createdAt":1507219865309,"updatedAt":1507219865309,"version":0,"building":{"name":"商务大厦南楼","address":"南","minfloor":1,"maxfloor":15,"status":1,"id":"55b32394-aebe-48fc-a0ce-9775f11c9314","createdAt":1507219865013,"updatedAt":1507219865013,"version":0}},{"corporationId":"5e9ee58c-92fc-4439-8435-a3e93dd3ce12","buildingId":"55b32394-aebe-48fc-a0ce-9775f11c9314","floor":6,"position":"A","status":1,"id":"6148b8c7-75f6-461a-aeae-e9246a8fd9d2","createdAt":1507219865286,"updatedAt":1507219865286,"version":0,"building":{"name":"商务大厦南楼","address":"南","minfloor":1,"maxfloor":15,"status":1,"id":"55b32394-aebe-48fc-a0ce-9775f11c9314","createdAt":1507219865013,"updatedAt":1507219865013,"version":0}}],"total":0}
*************** response log end ***************

[2017-10-06 09:13:38.996] [INFO] resLogger - 
*************** response log start ***************
request method: GET
request originalUrl:  /api/business/list?token=eyJhbGciOiJIUzI1NiIsInR5cCI6IkpXVCJ9.eyJkYXRhIjp7ImlkIjoiNjJlNmUwNTMtZjQzZC00MGEyLWEwZTctNDIzMDcwYTU1MWE2IiwibmFtZSI6ImFkbWluIiwiZ2VuZGVyIjp0cnVlLCJlbWFpbCI6IjM3ODMzODYyN0BxcS5jb20ifSwiaWF0IjoxNTA3MjIwNTkwLCJleHAiOjE1MDczMDY5OTB9.961241WFdU6XUhotyPlbDD2SENZzpvSe9CA9Yc4MFCo&type=NETWORK&equipment=IP%E5%9C%B0%E5%9D%80
request client ip:  ::ffff:127.0.0.1
request query:  {"token":"eyJhbGciOiJIUzI1NiIsInR5cCI6IkpXVCJ9.eyJkYXRhIjp7ImlkIjoiNjJlNmUwNTMtZjQzZC00MGEyLWEwZTctNDIzMDcwYTU1MWE2IiwibmFtZSI6ImFkbWluIiwiZ2VuZGVyIjp0cnVlLCJlbWFpbCI6IjM3ODMzODYyN0BxcS5jb20ifSwiaWF0IjoxNTA3MjIwNTkwLCJleHAiOjE1MDczMDY5OTB9.961241WFdU6XUhotyPlbDD2SENZzpvSe9CA9Yc4MFCo","type":"NETWORK","equipment":"IP地址"}
response time: 25
response status: 200
response body: 
{"status":0,"data":[{"type":"NETWORK","equipment":"IP地址","operation":"SET","weight":5,"remark":"","status":1,"id":"8e543011-675e-49ba-b15f-a6f4b400675c","createdAt":1507219865897,"updatedAt":1507219865897,"version":0,"equiptypesname":"网络","equipopsname":"设置"},{"type":"NETWORK","equipment":"IP地址","operation":"CT","weight":5,"remark":"","status":1,"id":"37cd356c-094e-4c80-8198-b0044039ee71","createdAt":1507219865877,"updatedAt":1507219865877,"version":0,"equiptypesname":"网络","equipopsname":"冲突"}],"total":2}
*************** response log end ***************

[2017-10-06 09:13:39.022] [INFO] resLogger - 
*************** response log start ***************
request method: GET
request originalUrl:  /api/corpBuildings/list/5e9ee58c-92fc-4439-8435-a3e93dd3ce12?token=eyJhbGciOiJIUzI1NiIsInR5cCI6IkpXVCJ9.eyJkYXRhIjp7ImlkIjoiNjJlNmUwNTMtZjQzZC00MGEyLWEwZTctNDIzMDcwYTU1MWE2IiwibmFtZSI6ImFkbWluIiwiZ2VuZGVyIjp0cnVlLCJlbWFpbCI6IjM3ODMzODYyN0BxcS5jb20ifSwiaWF0IjoxNTA3MjIwNTkwLCJleHAiOjE1MDczMDY5OTB9.961241WFdU6XUhotyPlbDD2SENZzpvSe9CA9Yc4MFCo
request client ip:  ::ffff:127.0.0.1
request query:  {"token":"eyJhbGciOiJIUzI1NiIsInR5cCI6IkpXVCJ9.eyJkYXRhIjp7ImlkIjoiNjJlNmUwNTMtZjQzZC00MGEyLWEwZTctNDIzMDcwYTU1MWE2IiwibmFtZSI6ImFkbWluIiwiZ2VuZGVyIjp0cnVlLCJlbWFpbCI6IjM3ODMzODYyN0BxcS5jb20ifSwiaWF0IjoxNTA3MjIwNTkwLCJleHAiOjE1MDczMDY5OTB9.961241WFdU6XUhotyPlbDD2SENZzpvSe9CA9Yc4MFCo"}
response time: 38
response status: 200
response body: 
{"status":0,"data":[{"corporationId":"5e9ee58c-92fc-4439-8435-a3e93dd3ce12","buildingId":"55b32394-aebe-48fc-a0ce-9775f11c9314","floor":7,"position":"A","status":1,"id":"46095827-ef81-46f3-b447-d67caee2b7e9","createdAt":1507219865309,"updatedAt":1507219865309,"version":0,"building":{"name":"商务大厦南楼","address":"南","minfloor":1,"maxfloor":15,"status":1,"id":"55b32394-aebe-48fc-a0ce-9775f11c9314","createdAt":1507219865013,"updatedAt":1507219865013,"version":0}},{"corporationId":"5e9ee58c-92fc-4439-8435-a3e93dd3ce12","buildingId":"55b32394-aebe-48fc-a0ce-9775f11c9314","floor":6,"position":"A","status":1,"id":"6148b8c7-75f6-461a-aeae-e9246a8fd9d2","createdAt":1507219865286,"updatedAt":1507219865286,"version":0,"building":{"name":"商务大厦南楼","address":"南","minfloor":1,"maxfloor":15,"status":1,"id":"55b32394-aebe-48fc-a0ce-9775f11c9314","createdAt":1507219865013,"updatedAt":1507219865013,"version":0}}],"total":0}
*************** response log end ***************

