[2018-01-30 09:36:26.222] [INFO] resLogger - 
*************** response log start ***************
request method: GET
request originalUrl:  /api/user/?token=eyJhbGciOiJIUzI1NiIsInR5cCI6IkpXVCJ9.eyJkYXRhIjp7ImlkIjoiZjMwMzI3YzItNjhlZS00YzU0LWE3N2QtYjYxZDA5NWNmM2IyIiwibmFtZSI6ImFkbWluIiwiZ2VuZGVyIjp0cnVlLCJlbWFpbCI6IjM3ODMzODYyN0BxcS5jb20ifSwiaWF0IjoxNTE3MjEzNDY4LCJleHAiOjE1MTcyOTk4Njh9.QVgC147drCR_Ti-0nFe7fQcbPKxWiNczimATOc8ZIQ8
request client ip:  ::ffff:127.0.0.1
request query:  {"token":"eyJhbGciOiJIUzI1NiIsInR5cCI6IkpXVCJ9.eyJkYXRhIjp7ImlkIjoiZjMwMzI3YzItNjhlZS00YzU0LWE3N2QtYjYxZDA5NWNmM2IyIiwibmFtZSI6ImFkbWluIiwiZ2VuZGVyIjp0cnVlLCJlbWFpbCI6IjM3ODMzODYyN0BxcS5jb20ifSwiaWF0IjoxNTE3MjEzNDY4LCJleHAiOjE1MTcyOTk4Njh9.QVgC147drCR_Ti-0nFe7fQcbPKxWiNczimATOc8ZIQ8"}
response time: 5587
response status: 200
response body: 
{"status":0,"data":{"name":"admin","email":"378338627@qq.com","phone":"15822927208","password":"$2a$10$Vys3m61bScIz71uYIU1a.uqxmk6zgy024YWoVn7seVxcprpyE9BVu","gender":true,"token":"eyJhbGciOiJIUzI1NiIsInR5cCI6IkpXVCJ9.eyJkYXRhIjp7ImlkIjoiZjMwMzI3YzItNjhlZS00YzU0LWE3N2QtYjYxZDA5NWNmM2IyIiwibmFtZSI6ImFkbWluIiwiZ2VuZGVyIjp0cnVlLCJlbWFpbCI6IjM3ODMzODYyN0BxcS5jb20ifSwiaWF0IjoxNTE3MjEzNDY4LCJleHAiOjE1MTcyOTk4Njh9.QVgC147drCR_Ti-0nFe7fQcbPKxWiNczimATOc8ZIQ8","canLogin":true,"status":1,"roleId":"ba4ff4db-e560-41d5-879a-3087e47f21c5","id":"f30327c2-68ee-4c54-a77d-b61d095cf3b2","createdAt":1517213067013,"updatedAt":1517213468726,"version":1}}
*************** response log end ***************

[2018-01-30 09:36:27.688] [INFO] resLogger - 
*************** response log start ***************
request method: GET
request originalUrl:  /api/user/list/page/1?token=eyJhbGciOiJIUzI1NiIsInR5cCI6IkpXVCJ9.eyJkYXRhIjp7ImlkIjoiZjMwMzI3YzItNjhlZS00YzU0LWE3N2QtYjYxZDA5NWNmM2IyIiwibmFtZSI6ImFkbWluIiwiZ2VuZGVyIjp0cnVlLCJlbWFpbCI6IjM3ODMzODYyN0BxcS5jb20ifSwiaWF0IjoxNTE3MjEzNDY4LCJleHAiOjE1MTcyOTk4Njh9.QVgC147drCR_Ti-0nFe7fQcbPKxWiNczimATOc8ZIQ8
request client ip:  ::ffff:127.0.0.1
request query:  {"token":"eyJhbGciOiJIUzI1NiIsInR5cCI6IkpXVCJ9.eyJkYXRhIjp7ImlkIjoiZjMwMzI3YzItNjhlZS00YzU0LWE3N2QtYjYxZDA5NWNmM2IyIiwibmFtZSI6ImFkbWluIiwiZ2VuZGVyIjp0cnVlLCJlbWFpbCI6IjM3ODMzODYyN0BxcS5jb20ifSwiaWF0IjoxNTE3MjEzNDY4LCJleHAiOjE1MTcyOTk4Njh9.QVgC147drCR_Ti-0nFe7fQcbPKxWiNczimATOc8ZIQ8"}
response time: 325
response status: 200
response body: 
{"status":0,"data":[{"name":"admin","email":"378338627@qq.com","phone":"15822927208","password":"$2a$10$Vys3m61bScIz71uYIU1a.uqxmk6zgy024YWoVn7seVxcprpyE9BVu","gender":true,"token":"eyJhbGciOiJIUzI1NiIsInR5cCI6IkpXVCJ9.eyJkYXRhIjp7ImlkIjoiZjMwMzI3YzItNjhlZS00YzU0LWE3N2QtYjYxZDA5NWNmM2IyIiwibmFtZSI6ImFkbWluIiwiZ2VuZGVyIjp0cnVlLCJlbWFpbCI6IjM3ODMzODYyN0BxcS5jb20ifSwiaWF0IjoxNTE3MjEzNDY4LCJleHAiOjE1MTcyOTk4Njh9.QVgC147drCR_Ti-0nFe7fQcbPKxWiNczimATOc8ZIQ8","canLogin":true,"status":1,"roleId":"ba4ff4db-e560-41d5-879a-3087e47f21c5","id":"f30327c2-68ee-4c54-a77d-b61d095cf3b2","createdAt":1517213067013,"updatedAt":1517213468726,"version":1,"role":{"name":"系统管理员","remark":"最高权限","status":1,"id":"ba4ff4db-e560-41d5-879a-3087e47f21c5","createdAt":1517213066376,"updatedAt":1517213066376,"version":0}}],"total":1}
*************** response log end ***************

[2018-01-30 09:45:53.620] [INFO] resLogger - 
*************** response log start ***************
request method: GET
request originalUrl:  /api/user/?token=eyJhbGciOiJIUzI1NiIsInR5cCI6IkpXVCJ9.eyJkYXRhIjp7ImlkIjoiZjMwMzI3YzItNjhlZS00YzU0LWE3N2QtYjYxZDA5NWNmM2IyIiwibmFtZSI6ImFkbWluIiwiZ2VuZGVyIjp0cnVlLCJlbWFpbCI6IjM3ODMzODYyN0BxcS5jb20ifSwiaWF0IjoxNTE3MjEzNDY4LCJleHAiOjE1MTcyOTk4Njh9.QVgC147drCR_Ti-0nFe7fQcbPKxWiNczimATOc8ZIQ8
request client ip:  ::ffff:127.0.0.1
request query:  {"token":"eyJhbGciOiJIUzI1NiIsInR5cCI6IkpXVCJ9.eyJkYXRhIjp7ImlkIjoiZjMwMzI3YzItNjhlZS00YzU0LWE3N2QtYjYxZDA5NWNmM2IyIiwibmFtZSI6ImFkbWluIiwiZ2VuZGVyIjp0cnVlLCJlbWFpbCI6IjM3ODMzODYyN0BxcS5jb20ifSwiaWF0IjoxNTE3MjEzNDY4LCJleHAiOjE1MTcyOTk4Njh9.QVgC147drCR_Ti-0nFe7fQcbPKxWiNczimATOc8ZIQ8"}
response time: 246
response status: 200
response body: 
{"status":0,"data":{"name":"admin","email":"378338627@qq.com","phone":"15822927208","password":"$2a$10$Vys3m61bScIz71uYIU1a.uqxmk6zgy024YWoVn7seVxcprpyE9BVu","gender":true,"token":"eyJhbGciOiJIUzI1NiIsInR5cCI6IkpXVCJ9.eyJkYXRhIjp7ImlkIjoiZjMwMzI3YzItNjhlZS00YzU0LWE3N2QtYjYxZDA5NWNmM2IyIiwibmFtZSI6ImFkbWluIiwiZ2VuZGVyIjp0cnVlLCJlbWFpbCI6IjM3ODMzODYyN0BxcS5jb20ifSwiaWF0IjoxNTE3MjEzNDY4LCJleHAiOjE1MTcyOTk4Njh9.QVgC147drCR_Ti-0nFe7fQcbPKxWiNczimATOc8ZIQ8","canLogin":true,"status":1,"roleId":"ba4ff4db-e560-41d5-879a-3087e47f21c5","id":"f30327c2-68ee-4c54-a77d-b61d095cf3b2","createdAt":1517213067013,"updatedAt":1517213468726,"version":1}}
*************** response log end ***************

[2018-01-30 09:45:53.850] [INFO] resLogger - 
*************** response log start ***************
request method: GET
request originalUrl:  /api/user/list/page/1?token=eyJhbGciOiJIUzI1NiIsInR5cCI6IkpXVCJ9.eyJkYXRhIjp7ImlkIjoiZjMwMzI3YzItNjhlZS00YzU0LWE3N2QtYjYxZDA5NWNmM2IyIiwibmFtZSI6ImFkbWluIiwiZ2VuZGVyIjp0cnVlLCJlbWFpbCI6IjM3ODMzODYyN0BxcS5jb20ifSwiaWF0IjoxNTE3MjEzNDY4LCJleHAiOjE1MTcyOTk4Njh9.QVgC147drCR_Ti-0nFe7fQcbPKxWiNczimATOc8ZIQ8
request client ip:  ::ffff:127.0.0.1
request query:  {"token":"eyJhbGciOiJIUzI1NiIsInR5cCI6IkpXVCJ9.eyJkYXRhIjp7ImlkIjoiZjMwMzI3YzItNjhlZS00YzU0LWE3N2QtYjYxZDA5NWNmM2IyIiwibmFtZSI6ImFkbWluIiwiZ2VuZGVyIjp0cnVlLCJlbWFpbCI6IjM3ODMzODYyN0BxcS5jb20ifSwiaWF0IjoxNTE3MjEzNDY4LCJleHAiOjE1MTcyOTk4Njh9.QVgC147drCR_Ti-0nFe7fQcbPKxWiNczimATOc8ZIQ8"}
response time: 134
response status: 200
response body: 
{"status":0,"data":[{"name":"admin","email":"378338627@qq.com","phone":"15822927208","password":"$2a$10$Vys3m61bScIz71uYIU1a.uqxmk6zgy024YWoVn7seVxcprpyE9BVu","gender":true,"token":"eyJhbGciOiJIUzI1NiIsInR5cCI6IkpXVCJ9.eyJkYXRhIjp7ImlkIjoiZjMwMzI3YzItNjhlZS00YzU0LWE3N2QtYjYxZDA5NWNmM2IyIiwibmFtZSI6ImFkbWluIiwiZ2VuZGVyIjp0cnVlLCJlbWFpbCI6IjM3ODMzODYyN0BxcS5jb20ifSwiaWF0IjoxNTE3MjEzNDY4LCJleHAiOjE1MTcyOTk4Njh9.QVgC147drCR_Ti-0nFe7fQcbPKxWiNczimATOc8ZIQ8","canLogin":true,"status":1,"roleId":"ba4ff4db-e560-41d5-879a-3087e47f21c5","id":"f30327c2-68ee-4c54-a77d-b61d095cf3b2","createdAt":1517213067013,"updatedAt":1517213468726,"version":1,"role":{"name":"系统管理员","remark":"最高权限","status":1,"id":"ba4ff4db-e560-41d5-879a-3087e47f21c5","createdAt":1517213066376,"updatedAt":1517213066376,"version":0}}],"total":1}
*************** response log end ***************

[2018-01-30 09:46:16.153] [INFO] resLogger - 
*************** response log start ***************
request method: GET
request originalUrl:  /api/user/?token=eyJhbGciOiJIUzI1NiIsInR5cCI6IkpXVCJ9.eyJkYXRhIjp7ImlkIjoiZjMwMzI3YzItNjhlZS00YzU0LWE3N2QtYjYxZDA5NWNmM2IyIiwibmFtZSI6ImFkbWluIiwiZ2VuZGVyIjp0cnVlLCJlbWFpbCI6IjM3ODMzODYyN0BxcS5jb20ifSwiaWF0IjoxNTE3MjEzNDY4LCJleHAiOjE1MTcyOTk4Njh9.QVgC147drCR_Ti-0nFe7fQcbPKxWiNczimATOc8ZIQ8
request client ip:  ::ffff:127.0.0.1
request query:  {"token":"eyJhbGciOiJIUzI1NiIsInR5cCI6IkpXVCJ9.eyJkYXRhIjp7ImlkIjoiZjMwMzI3YzItNjhlZS00YzU0LWE3N2QtYjYxZDA5NWNmM2IyIiwibmFtZSI6ImFkbWluIiwiZ2VuZGVyIjp0cnVlLCJlbWFpbCI6IjM3ODMzODYyN0BxcS5jb20ifSwiaWF0IjoxNTE3MjEzNDY4LCJleHAiOjE1MTcyOTk4Njh9.QVgC147drCR_Ti-0nFe7fQcbPKxWiNczimATOc8ZIQ8"}
response time: 159
response status: 200
response body: 
{"status":0,"data":{"name":"admin","email":"378338627@qq.com","phone":"15822927208","password":"$2a$10$Vys3m61bScIz71uYIU1a.uqxmk6zgy024YWoVn7seVxcprpyE9BVu","gender":true,"token":"eyJhbGciOiJIUzI1NiIsInR5cCI6IkpXVCJ9.eyJkYXRhIjp7ImlkIjoiZjMwMzI3YzItNjhlZS00YzU0LWE3N2QtYjYxZDA5NWNmM2IyIiwibmFtZSI6ImFkbWluIiwiZ2VuZGVyIjp0cnVlLCJlbWFpbCI6IjM3ODMzODYyN0BxcS5jb20ifSwiaWF0IjoxNTE3MjEzNDY4LCJleHAiOjE1MTcyOTk4Njh9.QVgC147drCR_Ti-0nFe7fQcbPKxWiNczimATOc8ZIQ8","canLogin":true,"status":1,"roleId":"ba4ff4db-e560-41d5-879a-3087e47f21c5","id":"f30327c2-68ee-4c54-a77d-b61d095cf3b2","createdAt":1517213067013,"updatedAt":1517213468726,"version":1}}
*************** response log end ***************

[2018-01-30 09:46:16.970] [INFO] resLogger - 
*************** response log start ***************
request method: GET
request originalUrl:  /api/user/list/page/1?token=eyJhbGciOiJIUzI1NiIsInR5cCI6IkpXVCJ9.eyJkYXRhIjp7ImlkIjoiZjMwMzI3YzItNjhlZS00YzU0LWE3N2QtYjYxZDA5NWNmM2IyIiwibmFtZSI6ImFkbWluIiwiZ2VuZGVyIjp0cnVlLCJlbWFpbCI6IjM3ODMzODYyN0BxcS5jb20ifSwiaWF0IjoxNTE3MjEzNDY4LCJleHAiOjE1MTcyOTk4Njh9.QVgC147drCR_Ti-0nFe7fQcbPKxWiNczimATOc8ZIQ8
request client ip:  ::ffff:127.0.0.1
request query:  {"token":"eyJhbGciOiJIUzI1NiIsInR5cCI6IkpXVCJ9.eyJkYXRhIjp7ImlkIjoiZjMwMzI3YzItNjhlZS00YzU0LWE3N2QtYjYxZDA5NWNmM2IyIiwibmFtZSI6ImFkbWluIiwiZ2VuZGVyIjp0cnVlLCJlbWFpbCI6IjM3ODMzODYyN0BxcS5jb20ifSwiaWF0IjoxNTE3MjEzNDY4LCJleHAiOjE1MTcyOTk4Njh9.QVgC147drCR_Ti-0nFe7fQcbPKxWiNczimATOc8ZIQ8"}
response time: 153
response status: 200
response body: 
{"status":0,"data":[{"name":"admin","email":"378338627@qq.com","phone":"15822927208","password":"$2a$10$Vys3m61bScIz71uYIU1a.uqxmk6zgy024YWoVn7seVxcprpyE9BVu","gender":true,"token":"eyJhbGciOiJIUzI1NiIsInR5cCI6IkpXVCJ9.eyJkYXRhIjp7ImlkIjoiZjMwMzI3YzItNjhlZS00YzU0LWE3N2QtYjYxZDA5NWNmM2IyIiwibmFtZSI6ImFkbWluIiwiZ2VuZGVyIjp0cnVlLCJlbWFpbCI6IjM3ODMzODYyN0BxcS5jb20ifSwiaWF0IjoxNTE3MjEzNDY4LCJleHAiOjE1MTcyOTk4Njh9.QVgC147drCR_Ti-0nFe7fQcbPKxWiNczimATOc8ZIQ8","canLogin":true,"status":1,"roleId":"ba4ff4db-e560-41d5-879a-3087e47f21c5","id":"f30327c2-68ee-4c54-a77d-b61d095cf3b2","createdAt":1517213067013,"updatedAt":1517213468726,"version":1,"role":{"name":"系统管理员","remark":"最高权限","status":1,"id":"ba4ff4db-e560-41d5-879a-3087e47f21c5","createdAt":1517213066376,"updatedAt":1517213066376,"version":0}}],"total":1}
*************** response log end ***************

