[2017-05-24 10:08:25.530] [INFO] resLogger - 
*************** response log start ***************
request method: GET
request originalUrl:  /
request client ip:  ::ffff:127.0.0.1
request query:  {}
response time: 421
response status: 200
response body: 
"<!DOCTYPE html><html><head><title>koa2 title</title><link rel=\"stylesheet\" href=\"/stylesheets/style.css\"></head><body><h1>koa2 title</h1><p>JADE Welcome to koa2 title</p></body></html>"
*************** response log end ***************

[2017-05-24 10:08:30.867] [INFO] resLogger - 
*************** response log start ***************
request method: GET
request originalUrl:  /
request client ip:  ::ffff:127.0.0.1
request query:  {}
response time: 37
response status: 200
response body: 
"<!DOCTYPE html><html><head><title>koa2 title</title><link rel=\"stylesheet\" href=\"/stylesheets/style.css\"></head><body><h1>koa2 title</h1><p>JADE Welcome to koa2 title</p></body></html>"
*************** response log end ***************

[2017-05-24 10:21:54.085] [INFO] resLogger - 
*************** response log start ***************
request method: GET
request originalUrl:  /
request client ip:  ::1
request query:  {}
response time: 512
response status: 200
response body: 
"<!DOCTYPE html><html><head><title>koa2 title</title><link rel=\"stylesheet\" href=\"/stylesheets/style.css\"></head><body><h1>koa2 title</h1><p>JADE Welcome to koa2 title</p></body></html>"
*************** response log end ***************

[2017-05-24 10:22:05.172] [INFO] resLogger - 
*************** response log start ***************
request method: GET
request originalUrl:  /api/user/getUser
request client ip:  ::1
request query:  {}
response time: 2
response status: 200
response body: 
{"code":0,"message":"success","data":{"code":101,"message":"用户不存在"}}
*************** response log end ***************

[2017-05-24 10:24:14.172] [INFO] resLogger - 
*************** response log start ***************
request method: GET
request originalUrl:  /api/user/getUser
request client ip:  ::ffff:127.0.0.1
request query:  {}
response time: 5
response status: 200
response body: 
{"code":0,"message":"success","data":{"code":101,"message":"用户不存在"}}
*************** response log end ***************

[2017-05-24 10:29:20.137] [INFO] resLogger - 
*************** response log start ***************
request method: GET
request originalUrl:  /api/user/getUser
request client ip:  ::1
request query:  {}
response time: 1
response status: 200
response body: 
{"code":0,"message":"success","data":{"code":101,"message":"用户不存在"}}
*************** response log end ***************

[2017-05-24 10:36:33.907] [INFO] resLogger - 
*************** response log start ***************
request method: GET
request originalUrl:  /api/user/getUser
request client ip:  ::1
request query:  {}
response time: 1
response status: 200
response body: 
{"code":0,"message":"success","data":{"code":101,"message":"用户不存在"}}
*************** response log end ***************

[2017-05-24 10:36:48.998] [INFO] resLogger - 
*************** response log start ***************
request method: GET
request originalUrl:  /api/user/getUser
request client ip:  ::1
request query:  {}
response time: 1
response status: 200
response body: 
{"code":0,"message":"success","data":{"code":101,"message":"用户不存在"}}
*************** response log end ***************

[2017-05-24 10:36:57.929] [INFO] resLogger - 
*************** response log start ***************
request method: GET
request originalUrl:  /api/user/getUser
request client ip:  ::1
request query:  {}
response time: 1
response status: 200
response body: 
{"code":0,"message":"success","data":{"code":101,"message":"用户不存在"}}
*************** response log end ***************

[2017-05-24 10:36:58.441] [INFO] resLogger - 
*************** response log start ***************
request method: GET
request originalUrl:  /api/user/getUser
request client ip:  ::1
request query:  {}
response time: 2
response status: 200
response body: 
{"code":0,"message":"success","data":{"code":101,"message":"用户不存在"}}
*************** response log end ***************

[2017-05-24 10:36:58.952] [INFO] resLogger - 
*************** response log start ***************
request method: GET
request originalUrl:  /api/user/getUser
request client ip:  ::1
request query:  {}
response time: 1
response status: 200
response body: 
{"code":0,"message":"success","data":{"code":101,"message":"用户不存在"}}
*************** response log end ***************

[2017-05-24 10:36:58.988] [INFO] resLogger - 
*************** response log start ***************
request method: GET
request originalUrl:  /api/user/getUser
request client ip:  ::1
request query:  {}
response time: 1
response status: 200
response body: 
{"code":0,"message":"success","data":{"code":101,"message":"用户不存在"}}
*************** response log end ***************

[2017-05-24 10:36:59.032] [INFO] resLogger - 
*************** response log start ***************
request method: GET
request originalUrl:  /api/user/getUser
request client ip:  ::1
request query:  {}
response time: 1
response status: 200
response body: 
{"code":0,"message":"success","data":{"code":101,"message":"用户不存在"}}
*************** response log end ***************

[2017-05-24 10:36:59.055] [INFO] resLogger - 
*************** response log start ***************
request method: GET
request originalUrl:  /api/user/getUser
request client ip:  ::1
request query:  {}
response time: 1
response status: 200
response body: 
{"code":0,"message":"success","data":{"code":101,"message":"用户不存在"}}
*************** response log end ***************

[2017-05-24 10:36:59.079] [INFO] resLogger - 
*************** response log start ***************
request method: GET
request originalUrl:  /api/user/getUser
request client ip:  ::1
request query:  {}
response time: 0
response status: 200
response body: 
{"code":0,"message":"success","data":{"code":101,"message":"用户不存在"}}
*************** response log end ***************

[2017-05-24 10:36:59.111] [INFO] resLogger - 
*************** response log start ***************
request method: GET
request originalUrl:  /api/user/getUser
request client ip:  ::1
request query:  {}
response time: 0
response status: 200
response body: 
{"code":0,"message":"success","data":{"code":101,"message":"用户不存在"}}
*************** response log end ***************

[2017-05-24 10:36:59.139] [INFO] resLogger - 
*************** response log start ***************
request method: GET
request originalUrl:  /api/user/getUser
request client ip:  ::1
request query:  {}
response time: 1
response status: 200
response body: 
{"code":0,"message":"success","data":{"code":101,"message":"用户不存在"}}
*************** response log end ***************

[2017-05-24 10:36:59.173] [INFO] resLogger - 
*************** response log start ***************
request method: GET
request originalUrl:  /api/user/getUser
request client ip:  ::1
request query:  {}
response time: 0
response status: 200
response body: 
{"code":0,"message":"success","data":{"code":101,"message":"用户不存在"}}
*************** response log end ***************

[2017-05-24 10:36:59.207] [INFO] resLogger - 
*************** response log start ***************
request method: GET
request originalUrl:  /api/user/getUser
request client ip:  ::1
request query:  {}
response time: 0
response status: 200
response body: 
{"code":0,"message":"success","data":{"code":101,"message":"用户不存在"}}
*************** response log end ***************

[2017-05-24 10:36:59.238] [INFO] resLogger - 
*************** response log start ***************
request method: GET
request originalUrl:  /api/user/getUser
request client ip:  ::1
request query:  {}
response time: 0
response status: 200
response body: 
{"code":0,"message":"success","data":{"code":101,"message":"用户不存在"}}
*************** response log end ***************

[2017-05-24 10:36:59.276] [INFO] resLogger - 
*************** response log start ***************
request method: GET
request originalUrl:  /api/user/getUser
request client ip:  ::1
request query:  {}
response time: 1
response status: 200
response body: 
{"code":0,"message":"success","data":{"code":101,"message":"用户不存在"}}
*************** response log end ***************

[2017-05-24 10:36:59.313] [INFO] resLogger - 
*************** response log start ***************
request method: GET
request originalUrl:  /api/user/getUser
request client ip:  ::1
request query:  {}
response time: 1
response status: 200
response body: 
{"code":0,"message":"success","data":{"code":101,"message":"用户不存在"}}
*************** response log end ***************

[2017-05-24 10:36:59.340] [INFO] resLogger - 
*************** response log start ***************
request method: GET
request originalUrl:  /api/user/getUser
request client ip:  ::1
request query:  {}
response time: 2
response status: 200
response body: 
{"code":0,"message":"success","data":{"code":101,"message":"用户不存在"}}
*************** response log end ***************

[2017-05-24 10:36:59.371] [INFO] resLogger - 
*************** response log start ***************
request method: GET
request originalUrl:  /api/user/getUser
request client ip:  ::1
request query:  {}
response time: 0
response status: 200
response body: 
{"code":0,"message":"success","data":{"code":101,"message":"用户不存在"}}
*************** response log end ***************

[2017-05-24 10:36:59.404] [INFO] resLogger - 
*************** response log start ***************
request method: GET
request originalUrl:  /api/user/getUser
request client ip:  ::1
request query:  {}
response time: 0
response status: 200
response body: 
{"code":0,"message":"success","data":{"code":101,"message":"用户不存在"}}
*************** response log end ***************

[2017-05-24 10:36:59.433] [INFO] resLogger - 
*************** response log start ***************
request method: GET
request originalUrl:  /api/user/getUser
request client ip:  ::1
request query:  {}
response time: 0
response status: 200
response body: 
{"code":0,"message":"success","data":{"code":101,"message":"用户不存在"}}
*************** response log end ***************

[2017-05-24 10:36:59.471] [INFO] resLogger - 
*************** response log start ***************
request method: GET
request originalUrl:  /api/user/getUser
request client ip:  ::1
request query:  {}
response time: 1
response status: 200
response body: 
{"code":0,"message":"success","data":{"code":101,"message":"用户不存在"}}
*************** response log end ***************

[2017-05-24 10:36:59.504] [INFO] resLogger - 
*************** response log start ***************
request method: GET
request originalUrl:  /api/user/getUser
request client ip:  ::1
request query:  {}
response time: 0
response status: 200
response body: 
{"code":0,"message":"success","data":{"code":101,"message":"用户不存在"}}
*************** response log end ***************

[2017-05-24 10:36:59.532] [INFO] resLogger - 
*************** response log start ***************
request method: GET
request originalUrl:  /api/user/getUser
request client ip:  ::1
request query:  {}
response time: 0
response status: 200
response body: 
{"code":0,"message":"success","data":{"code":101,"message":"用户不存在"}}
*************** response log end ***************

[2017-05-24 10:37:18.701] [INFO] resLogger - 
*************** response log start ***************
request method: GET
request originalUrl:  /api/user/getUser
request client ip:  ::1
request query:  {}
response time: 1
response status: 200
response body: 
{"code":0,"message":"success","data":{"code":101,"message":"用户不存在"}}
*************** response log end ***************

[2017-05-24 10:37:32.338] [INFO] resLogger - 
*************** response log start ***************
request method: GET
request originalUrl:  /api/user/getUser
request client ip:  ::1
request query:  {}
response time: 6
response status: 200
response body: 
{"code":0,"message":"success","data":{"code":101,"message":"用户不存在"}}
*************** response log end ***************

[2017-05-24 10:38:51.973] [INFO] resLogger - 
*************** response log start ***************
request method: GET
request originalUrl:  /api/user/getUser
request client ip:  ::1
request query:  {}
response time: 1
response status: 200
response body: 
{"code":0,"message":"success","data":{"code":101,"message":"用户不存在"}}
*************** response log end ***************

[2017-05-24 10:39:17.015] [INFO] resLogger - 
*************** response log start ***************
request method: GET
request originalUrl:  /api/user/getUser
request client ip:  ::1
request query:  {}
response time: 20
response status: 200
response body: 
{"code":0,"message":"success","data":{"code":101,"message":"用户不存在"}}
*************** response log end ***************

[2017-05-24 10:39:48.546] [INFO] resLogger - 
*************** response log start ***************
request method: GET
request originalUrl:  /api/user/getUser
request client ip:  ::1
request query:  {}
response time: 9
response status: 200
response body: 
{"code":0,"message":"success","data":{"code":101,"message":"用户不存在"}}
*************** response log end ***************

[2017-05-24 10:44:38.665] [INFO] resLogger - 
*************** response log start ***************
request method: GET
request originalUrl:  /api/user/getUser?id=1
request client ip:  ::1
request query:  {"id":"1"}
response time: 3
response status: 200
response body: 
{"code":0,"message":"success","data":{"username":"阿西吧","age":30}}
*************** response log end ***************

