[2017-07-17 18:08:23.390] [INFO] resLogger - 
*************** response log start ***************
request method: OPTIONS
request originalUrl:  /api/user/login
request client ip:  ::ffff:127.0.0.1
request body: 
{}
response time: 42
response status: 204
response body: 
undefined
*************** response log end ***************

[2017-07-17 18:08:26.198] [INFO] resLogger - 
*************** response log start ***************
request method: POST
request originalUrl:  /api/user/login
request client ip:  ::ffff:127.0.0.1
request body: 
{"username":"admin","password":"admin"}
response time: 2677
response status: 200
response body: 
{"status":0,"data":{"name":"admin","email":"378338627@qq.com","password":"$2a$10$xmgJzl6FH05MXqtHAwT8ieXHc.8A.B.PBX.cv16LPt.5q9w08CrhK","gender":true,"token":"eyJhbGciOiJIUzI1NiIsInR5cCI6IkpXVCJ9.eyJkYXRhIjp7ImlkIjoiYTg2MTUyMDMtYjQyZi00OGMxLTk3YzQtYzc3OTNkZWY2NGIxIiwibmFtZSI6ImFkbWluIiwiZ2VuZGVyIjp0cnVlLCJlbWFpbCI6IjM3ODMzODYyN0BxcS5jb20ifSwiaWF0IjoxNTAwMjg2MTA1LCJleHAiOjE1MDAzNzI1MDV9.cS97GexDtAqr4ridbajHCqQtsnihC7Bch2L01W6xXf8","id":"a8615203-b42f-48c1-97c4-c7793def64b1","createdAt":1499934432149,"updatedAt":1500286105964,"version":2}}
*************** response log end ***************

[2017-07-17 18:08:26.438] [INFO] resLogger - 
*************** response log start ***************
request method: GET
request originalUrl:  /api/user/?token=eyJhbGciOiJIUzI1NiIsInR5cCI6IkpXVCJ9.eyJkYXRhIjp7ImlkIjoiYTg2MTUyMDMtYjQyZi00OGMxLTk3YzQtYzc3OTNkZWY2NGIxIiwibmFtZSI6ImFkbWluIiwiZ2VuZGVyIjp0cnVlLCJlbWFpbCI6IjM3ODMzODYyN0BxcS5jb20ifSwiaWF0IjoxNTAwMjg2MTA1LCJleHAiOjE1MDAzNzI1MDV9.cS97GexDtAqr4ridbajHCqQtsnihC7Bch2L01W6xXf8
request client ip:  ::ffff:127.0.0.1
request query:  {"token":"eyJhbGciOiJIUzI1NiIsInR5cCI6IkpXVCJ9.eyJkYXRhIjp7ImlkIjoiYTg2MTUyMDMtYjQyZi00OGMxLTk3YzQtYzc3OTNkZWY2NGIxIiwibmFtZSI6ImFkbWluIiwiZ2VuZGVyIjp0cnVlLCJlbWFpbCI6IjM3ODMzODYyN0BxcS5jb20ifSwiaWF0IjoxNTAwMjg2MTA1LCJleHAiOjE1MDAzNzI1MDV9.cS97GexDtAqr4ridbajHCqQtsnihC7Bch2L01W6xXf8"}
response time: 75
response status: 200
response body: 
{"status":0,"data":{"name":"admin","email":"378338627@qq.com","password":"$2a$10$xmgJzl6FH05MXqtHAwT8ieXHc.8A.B.PBX.cv16LPt.5q9w08CrhK","gender":true,"token":"eyJhbGciOiJIUzI1NiIsInR5cCI6IkpXVCJ9.eyJkYXRhIjp7ImlkIjoiYTg2MTUyMDMtYjQyZi00OGMxLTk3YzQtYzc3OTNkZWY2NGIxIiwibmFtZSI6ImFkbWluIiwiZ2VuZGVyIjp0cnVlLCJlbWFpbCI6IjM3ODMzODYyN0BxcS5jb20ifSwiaWF0IjoxNTAwMjg2MTA1LCJleHAiOjE1MDAzNzI1MDV9.cS97GexDtAqr4ridbajHCqQtsnihC7Bch2L01W6xXf8","id":"a8615203-b42f-48c1-97c4-c7793def64b1","createdAt":1499934432149,"updatedAt":1499934432149,"version":0}}
*************** response log end ***************

[2017-07-17 18:08:28.614] [INFO] resLogger - 
*************** response log start ***************
request method: GET
request originalUrl:  /api/user/?token=eyJhbGciOiJIUzI1NiIsInR5cCI6IkpXVCJ9.eyJkYXRhIjp7ImlkIjoiYTg2MTUyMDMtYjQyZi00OGMxLTk3YzQtYzc3OTNkZWY2NGIxIiwibmFtZSI6ImFkbWluIiwiZ2VuZGVyIjp0cnVlLCJlbWFpbCI6IjM3ODMzODYyN0BxcS5jb20ifSwiaWF0IjoxNTAwMjg2MTA1LCJleHAiOjE1MDAzNzI1MDV9.cS97GexDtAqr4ridbajHCqQtsnihC7Bch2L01W6xXf8
request client ip:  ::ffff:127.0.0.1
request query:  {"token":"eyJhbGciOiJIUzI1NiIsInR5cCI6IkpXVCJ9.eyJkYXRhIjp7ImlkIjoiYTg2MTUyMDMtYjQyZi00OGMxLTk3YzQtYzc3OTNkZWY2NGIxIiwibmFtZSI6ImFkbWluIiwiZ2VuZGVyIjp0cnVlLCJlbWFpbCI6IjM3ODMzODYyN0BxcS5jb20ifSwiaWF0IjoxNTAwMjg2MTA1LCJleHAiOjE1MDAzNzI1MDV9.cS97GexDtAqr4ridbajHCqQtsnihC7Bch2L01W6xXf8"}
response time: 59
response status: 200
response body: 
{"status":0,"data":{"name":"admin","email":"378338627@qq.com","password":"$2a$10$xmgJzl6FH05MXqtHAwT8ieXHc.8A.B.PBX.cv16LPt.5q9w08CrhK","gender":true,"token":"eyJhbGciOiJIUzI1NiIsInR5cCI6IkpXVCJ9.eyJkYXRhIjp7ImlkIjoiYTg2MTUyMDMtYjQyZi00OGMxLTk3YzQtYzc3OTNkZWY2NGIxIiwibmFtZSI6ImFkbWluIiwiZ2VuZGVyIjp0cnVlLCJlbWFpbCI6IjM3ODMzODYyN0BxcS5jb20ifSwiaWF0IjoxNTAwMjg2MTA1LCJleHAiOjE1MDAzNzI1MDV9.cS97GexDtAqr4ridbajHCqQtsnihC7Bch2L01W6xXf8","id":"a8615203-b42f-48c1-97c4-c7793def64b1","createdAt":1499934432149,"updatedAt":1499934432149,"version":0}}
*************** response log end ***************

[2017-07-17 18:08:29.789] [INFO] resLogger - 
*************** response log start ***************
request method: GET
request originalUrl:  /api/user/?token=eyJhbGciOiJIUzI1NiIsInR5cCI6IkpXVCJ9.eyJkYXRhIjp7ImlkIjoiYTg2MTUyMDMtYjQyZi00OGMxLTk3YzQtYzc3OTNkZWY2NGIxIiwibmFtZSI6ImFkbWluIiwiZ2VuZGVyIjp0cnVlLCJlbWFpbCI6IjM3ODMzODYyN0BxcS5jb20ifSwiaWF0IjoxNTAwMjg2MTA1LCJleHAiOjE1MDAzNzI1MDV9.cS97GexDtAqr4ridbajHCqQtsnihC7Bch2L01W6xXf8
request client ip:  ::ffff:127.0.0.1
request query:  {"token":"eyJhbGciOiJIUzI1NiIsInR5cCI6IkpXVCJ9.eyJkYXRhIjp7ImlkIjoiYTg2MTUyMDMtYjQyZi00OGMxLTk3YzQtYzc3OTNkZWY2NGIxIiwibmFtZSI6ImFkbWluIiwiZ2VuZGVyIjp0cnVlLCJlbWFpbCI6IjM3ODMzODYyN0BxcS5jb20ifSwiaWF0IjoxNTAwMjg2MTA1LCJleHAiOjE1MDAzNzI1MDV9.cS97GexDtAqr4ridbajHCqQtsnihC7Bch2L01W6xXf8"}
response time: 75
response status: 200
response body: 
{"status":0,"data":{"name":"admin","email":"378338627@qq.com","password":"$2a$10$xmgJzl6FH05MXqtHAwT8ieXHc.8A.B.PBX.cv16LPt.5q9w08CrhK","gender":true,"token":"eyJhbGciOiJIUzI1NiIsInR5cCI6IkpXVCJ9.eyJkYXRhIjp7ImlkIjoiYTg2MTUyMDMtYjQyZi00OGMxLTk3YzQtYzc3OTNkZWY2NGIxIiwibmFtZSI6ImFkbWluIiwiZ2VuZGVyIjp0cnVlLCJlbWFpbCI6IjM3ODMzODYyN0BxcS5jb20ifSwiaWF0IjoxNTAwMjg2MTA1LCJleHAiOjE1MDAzNzI1MDV9.cS97GexDtAqr4ridbajHCqQtsnihC7Bch2L01W6xXf8","id":"a8615203-b42f-48c1-97c4-c7793def64b1","createdAt":1499934432149,"updatedAt":1499934432149,"version":0}}
*************** response log end ***************

[2017-07-17 18:08:30.732] [INFO] resLogger - 
*************** response log start ***************
request method: GET
request originalUrl:  /api/buildings/list/page/1?token=eyJhbGciOiJIUzI1NiIsInR5cCI6IkpXVCJ9.eyJkYXRhIjp7ImlkIjoiYTg2MTUyMDMtYjQyZi00OGMxLTk3YzQtYzc3OTNkZWY2NGIxIiwibmFtZSI6ImFkbWluIiwiZ2VuZGVyIjp0cnVlLCJlbWFpbCI6IjM3ODMzODYyN0BxcS5jb20ifSwiaWF0IjoxNTAwMjg2MTA1LCJleHAiOjE1MDAzNzI1MDV9.cS97GexDtAqr4ridbajHCqQtsnihC7Bch2L01W6xXf8
request client ip:  ::ffff:127.0.0.1
request query:  {"token":"eyJhbGciOiJIUzI1NiIsInR5cCI6IkpXVCJ9.eyJkYXRhIjp7ImlkIjoiYTg2MTUyMDMtYjQyZi00OGMxLTk3YzQtYzc3OTNkZWY2NGIxIiwibmFtZSI6ImFkbWluIiwiZ2VuZGVyIjp0cnVlLCJlbWFpbCI6IjM3ODMzODYyN0BxcS5jb20ifSwiaWF0IjoxNTAwMjg2MTA1LCJleHAiOjE1MDAzNzI1MDV9.cS97GexDtAqr4ridbajHCqQtsnihC7Bch2L01W6xXf8"}
response time: 849
response status: 200
response body: 
{"status":0,"data":[{"name":"11","address":"11","minfloor":11,"maxfloor":11,"status":1,"id":"c4adf53b-6d21-47f6-95bf-0080d742ccba","createdAt":1500200671780,"updatedAt":1500200671780,"version":0},{"name":"10","address":"10","minfloor":10,"maxfloor":10,"status":1,"id":"849b5c4f-747e-470f-a04c-41d5311324a9","createdAt":1500200666110,"updatedAt":1500200666110,"version":0},{"name":"9","address":"9","minfloor":9,"maxfloor":9,"status":1,"id":"7b2a1627-2664-4706-be3d-ef749105b6db","createdAt":1500200657240,"updatedAt":1500200657240,"version":0},{"name":"8","address":"8","minfloor":8,"maxfloor":8,"status":1,"id":"08de1df1-6a03-4f67-8c86-9b641b98cbef","createdAt":1500200652345,"updatedAt":1500200652345,"version":0},{"name":"7","address":"7","minfloor":7,"maxfloor":7,"status":1,"id":"b4636169-c5d1-452e-bf3d-b6b7cccb691c","createdAt":1500200646891,"updatedAt":1500200646891,"version":0},{"name":"6","address":"6","minfloor":6,"maxfloor":6,"status":1,"id":"bcc6bbe8-87a0-4573-b329-9806efe70ae0","createdAt":1500200639691,"updatedAt":1500200639691,"version":0},{"name":"5","address":"5","minfloor":5,"maxfloor":5,"status":1,"id":"014f0122-625a-41a6-aff8-288982b6aa46","createdAt":1500200632990,"updatedAt":1500200632990,"version":0},{"name":"4","address":"4","minfloor":4,"maxfloor":4,"status":1,"id":"5d25aa77-b962-44ef-944a-7f09fef8f889","createdAt":1500200622996,"updatedAt":1500200622996,"version":0},{"name":"3","address":"3","minfloor":1,"maxfloor":3,"status":1,"id":"964327a7-daab-4202-82bc-5f2861841332","createdAt":1499935652954,"updatedAt":1499935652954,"version":0},{"name":"2","address":"2","minfloor":2,"maxfloor":4,"status":1,"id":"74e0e1d1-fd03-4105-a7a1-56167ed64283","createdAt":1499935257098,"updatedAt":1499935257098,"version":0}],"total":11}
*************** response log end ***************

[2017-07-17 18:08:42.368] [INFO] resLogger - 
*************** response log start ***************
request method: OPTIONS
request originalUrl:  /api/buildings/save?token=eyJhbGciOiJIUzI1NiIsInR5cCI6IkpXVCJ9.eyJkYXRhIjp7ImlkIjoiYTg2MTUyMDMtYjQyZi00OGMxLTk3YzQtYzc3OTNkZWY2NGIxIiwibmFtZSI6ImFkbWluIiwiZ2VuZGVyIjp0cnVlLCJlbWFpbCI6IjM3ODMzODYyN0BxcS5jb20ifSwiaWF0IjoxNTAwMjg2MTA1LCJleHAiOjE1MDAzNzI1MDV9.cS97GexDtAqr4ridbajHCqQtsnihC7Bch2L01W6xXf8
request client ip:  ::ffff:127.0.0.1
request body: 
{}
response time: 1
response status: 204
response body: 
undefined
*************** response log end ***************

[2017-07-17 18:08:42.706] [INFO] resLogger - 
*************** response log start ***************
request method: POST
request originalUrl:  /api/buildings/save?token=eyJhbGciOiJIUzI1NiIsInR5cCI6IkpXVCJ9.eyJkYXRhIjp7ImlkIjoiYTg2MTUyMDMtYjQyZi00OGMxLTk3YzQtYzc3OTNkZWY2NGIxIiwibmFtZSI6ImFkbWluIiwiZ2VuZGVyIjp0cnVlLCJlbWFpbCI6IjM3ODMzODYyN0BxcS5jb20ifSwiaWF0IjoxNTAwMjg2MTA1LCJleHAiOjE1MDAzNzI1MDV9.cS97GexDtAqr4ridbajHCqQtsnihC7Bch2L01W6xXf8
request client ip:  ::ffff:127.0.0.1
request body: 
{"name":"15","address":"15","minfloor":1,"maxfloor":15,"status":1}
response time: 332
response status: 200
response body: 
{"status":0,"data":{"id":"8442e761-7bd7-4b25-a4fc-bc8aa500bc8b","name":"15","address":"15","minfloor":1,"maxfloor":15,"status":1,"createdAt":1500286122544,"updatedAt":1500286122544,"version":0}}
*************** response log end ***************

[2017-07-17 18:08:42.974] [INFO] resLogger - 
*************** response log start ***************
request method: GET
request originalUrl:  /api/buildings/list/page/1?token=eyJhbGciOiJIUzI1NiIsInR5cCI6IkpXVCJ9.eyJkYXRhIjp7ImlkIjoiYTg2MTUyMDMtYjQyZi00OGMxLTk3YzQtYzc3OTNkZWY2NGIxIiwibmFtZSI6ImFkbWluIiwiZ2VuZGVyIjp0cnVlLCJlbWFpbCI6IjM3ODMzODYyN0BxcS5jb20ifSwiaWF0IjoxNTAwMjg2MTA1LCJleHAiOjE1MDAzNzI1MDV9.cS97GexDtAqr4ridbajHCqQtsnihC7Bch2L01W6xXf8
request client ip:  ::ffff:127.0.0.1
request query:  {"token":"eyJhbGciOiJIUzI1NiIsInR5cCI6IkpXVCJ9.eyJkYXRhIjp7ImlkIjoiYTg2MTUyMDMtYjQyZi00OGMxLTk3YzQtYzc3OTNkZWY2NGIxIiwibmFtZSI6ImFkbWluIiwiZ2VuZGVyIjp0cnVlLCJlbWFpbCI6IjM3ODMzODYyN0BxcS5jb20ifSwiaWF0IjoxNTAwMjg2MTA1LCJleHAiOjE1MDAzNzI1MDV9.cS97GexDtAqr4ridbajHCqQtsnihC7Bch2L01W6xXf8"}
response time: 144
response status: 200
response body: 
{"status":0,"data":[{"name":"15","address":"15","minfloor":1,"maxfloor":15,"status":1,"id":"8442e761-7bd7-4b25-a4fc-bc8aa500bc8b","createdAt":1500286122544,"updatedAt":1500286122544,"version":0},{"name":"11","address":"11","minfloor":11,"maxfloor":11,"status":1,"id":"c4adf53b-6d21-47f6-95bf-0080d742ccba","createdAt":1500200671780,"updatedAt":1500200671780,"version":0},{"name":"10","address":"10","minfloor":10,"maxfloor":10,"status":1,"id":"849b5c4f-747e-470f-a04c-41d5311324a9","createdAt":1500200666110,"updatedAt":1500200666110,"version":0},{"name":"9","address":"9","minfloor":9,"maxfloor":9,"status":1,"id":"7b2a1627-2664-4706-be3d-ef749105b6db","createdAt":1500200657240,"updatedAt":1500200657240,"version":0},{"name":"8","address":"8","minfloor":8,"maxfloor":8,"status":1,"id":"08de1df1-6a03-4f67-8c86-9b641b98cbef","createdAt":1500200652345,"updatedAt":1500200652345,"version":0},{"name":"7","address":"7","minfloor":7,"maxfloor":7,"status":1,"id":"b4636169-c5d1-452e-bf3d-b6b7cccb691c","createdAt":1500200646891,"updatedAt":1500200646891,"version":0},{"name":"6","address":"6","minfloor":6,"maxfloor":6,"status":1,"id":"bcc6bbe8-87a0-4573-b329-9806efe70ae0","createdAt":1500200639691,"updatedAt":1500200639691,"version":0},{"name":"5","address":"5","minfloor":5,"maxfloor":5,"status":1,"id":"014f0122-625a-41a6-aff8-288982b6aa46","createdAt":1500200632990,"updatedAt":1500200632990,"version":0},{"name":"4","address":"4","minfloor":4,"maxfloor":4,"status":1,"id":"5d25aa77-b962-44ef-944a-7f09fef8f889","createdAt":1500200622996,"updatedAt":1500200622996,"version":0},{"name":"3","address":"3","minfloor":1,"maxfloor":3,"status":1,"id":"964327a7-daab-4202-82bc-5f2861841332","createdAt":1499935652954,"updatedAt":1499935652954,"version":0}],"total":12}
*************** response log end ***************

[2017-07-17 18:08:48.367] [INFO] resLogger - 
*************** response log start ***************
request method: GET
request originalUrl:  /api/buildings/list/page/2?token=eyJhbGciOiJIUzI1NiIsInR5cCI6IkpXVCJ9.eyJkYXRhIjp7ImlkIjoiYTg2MTUyMDMtYjQyZi00OGMxLTk3YzQtYzc3OTNkZWY2NGIxIiwibmFtZSI6ImFkbWluIiwiZ2VuZGVyIjp0cnVlLCJlbWFpbCI6IjM3ODMzODYyN0BxcS5jb20ifSwiaWF0IjoxNTAwMjg2MTA1LCJleHAiOjE1MDAzNzI1MDV9.cS97GexDtAqr4ridbajHCqQtsnihC7Bch2L01W6xXf8
request client ip:  ::ffff:127.0.0.1
request query:  {"token":"eyJhbGciOiJIUzI1NiIsInR5cCI6IkpXVCJ9.eyJkYXRhIjp7ImlkIjoiYTg2MTUyMDMtYjQyZi00OGMxLTk3YzQtYzc3OTNkZWY2NGIxIiwibmFtZSI6ImFkbWluIiwiZ2VuZGVyIjp0cnVlLCJlbWFpbCI6IjM3ODMzODYyN0BxcS5jb20ifSwiaWF0IjoxNTAwMjg2MTA1LCJleHAiOjE1MDAzNzI1MDV9.cS97GexDtAqr4ridbajHCqQtsnihC7Bch2L01W6xXf8"}
response time: 107
response status: 200
response body: 
{"status":0,"data":[{"name":"2","address":"2","minfloor":2,"maxfloor":4,"status":1,"id":"74e0e1d1-fd03-4105-a7a1-56167ed64283","createdAt":1499935257098,"updatedAt":1499935257098,"version":0},{"name":"1","address":"1","minfloor":1,"maxfloor":1,"status":1,"id":"8b7ae305-e24e-4b1f-8cec-758f2e745f9e","createdAt":1499934526071,"updatedAt":1499934526071,"version":0}],"total":12}
*************** response log end ***************

[2017-07-17 18:08:49.570] [INFO] resLogger - 
*************** response log start ***************
request method: GET
request originalUrl:  /api/buildings/list/page/1?token=eyJhbGciOiJIUzI1NiIsInR5cCI6IkpXVCJ9.eyJkYXRhIjp7ImlkIjoiYTg2MTUyMDMtYjQyZi00OGMxLTk3YzQtYzc3OTNkZWY2NGIxIiwibmFtZSI6ImFkbWluIiwiZ2VuZGVyIjp0cnVlLCJlbWFpbCI6IjM3ODMzODYyN0BxcS5jb20ifSwiaWF0IjoxNTAwMjg2MTA1LCJleHAiOjE1MDAzNzI1MDV9.cS97GexDtAqr4ridbajHCqQtsnihC7Bch2L01W6xXf8
request client ip:  ::ffff:127.0.0.1
request query:  {"token":"eyJhbGciOiJIUzI1NiIsInR5cCI6IkpXVCJ9.eyJkYXRhIjp7ImlkIjoiYTg2MTUyMDMtYjQyZi00OGMxLTk3YzQtYzc3OTNkZWY2NGIxIiwibmFtZSI6ImFkbWluIiwiZ2VuZGVyIjp0cnVlLCJlbWFpbCI6IjM3ODMzODYyN0BxcS5jb20ifSwiaWF0IjoxNTAwMjg2MTA1LCJleHAiOjE1MDAzNzI1MDV9.cS97GexDtAqr4ridbajHCqQtsnihC7Bch2L01W6xXf8"}
response time: 62
response status: 200
response body: 
{"status":0,"data":[{"name":"15","address":"15","minfloor":1,"maxfloor":15,"status":1,"id":"8442e761-7bd7-4b25-a4fc-bc8aa500bc8b","createdAt":1500286122544,"updatedAt":1500286122544,"version":0},{"name":"11","address":"11","minfloor":11,"maxfloor":11,"status":1,"id":"c4adf53b-6d21-47f6-95bf-0080d742ccba","createdAt":1500200671780,"updatedAt":1500200671780,"version":0},{"name":"10","address":"10","minfloor":10,"maxfloor":10,"status":1,"id":"849b5c4f-747e-470f-a04c-41d5311324a9","createdAt":1500200666110,"updatedAt":1500200666110,"version":0},{"name":"9","address":"9","minfloor":9,"maxfloor":9,"status":1,"id":"7b2a1627-2664-4706-be3d-ef749105b6db","createdAt":1500200657240,"updatedAt":1500200657240,"version":0},{"name":"8","address":"8","minfloor":8,"maxfloor":8,"status":1,"id":"08de1df1-6a03-4f67-8c86-9b641b98cbef","createdAt":1500200652345,"updatedAt":1500200652345,"version":0},{"name":"7","address":"7","minfloor":7,"maxfloor":7,"status":1,"id":"b4636169-c5d1-452e-bf3d-b6b7cccb691c","createdAt":1500200646891,"updatedAt":1500200646891,"version":0},{"name":"6","address":"6","minfloor":6,"maxfloor":6,"status":1,"id":"bcc6bbe8-87a0-4573-b329-9806efe70ae0","createdAt":1500200639691,"updatedAt":1500200639691,"version":0},{"name":"5","address":"5","minfloor":5,"maxfloor":5,"status":1,"id":"014f0122-625a-41a6-aff8-288982b6aa46","createdAt":1500200632990,"updatedAt":1500200632990,"version":0},{"name":"4","address":"4","minfloor":4,"maxfloor":4,"status":1,"id":"5d25aa77-b962-44ef-944a-7f09fef8f889","createdAt":1500200622996,"updatedAt":1500200622996,"version":0},{"name":"3","address":"3","minfloor":1,"maxfloor":3,"status":1,"id":"964327a7-daab-4202-82bc-5f2861841332","createdAt":1499935652954,"updatedAt":1499935652954,"version":0}],"total":12}
*************** response log end ***************

[2017-07-17 18:08:55.433] [INFO] resLogger - 
*************** response log start ***************
request method: GET
request originalUrl:  /api/user/?token=eyJhbGciOiJIUzI1NiIsInR5cCI6IkpXVCJ9.eyJkYXRhIjp7ImlkIjoiYTg2MTUyMDMtYjQyZi00OGMxLTk3YzQtYzc3OTNkZWY2NGIxIiwibmFtZSI6ImFkbWluIiwiZ2VuZGVyIjp0cnVlLCJlbWFpbCI6IjM3ODMzODYyN0BxcS5jb20ifSwiaWF0IjoxNTAwMjg2MTA1LCJleHAiOjE1MDAzNzI1MDV9.cS97GexDtAqr4ridbajHCqQtsnihC7Bch2L01W6xXf8
request client ip:  ::ffff:127.0.0.1
request query:  {"token":"eyJhbGciOiJIUzI1NiIsInR5cCI6IkpXVCJ9.eyJkYXRhIjp7ImlkIjoiYTg2MTUyMDMtYjQyZi00OGMxLTk3YzQtYzc3OTNkZWY2NGIxIiwibmFtZSI6ImFkbWluIiwiZ2VuZGVyIjp0cnVlLCJlbWFpbCI6IjM3ODMzODYyN0BxcS5jb20ifSwiaWF0IjoxNTAwMjg2MTA1LCJleHAiOjE1MDAzNzI1MDV9.cS97GexDtAqr4ridbajHCqQtsnihC7Bch2L01W6xXf8"}
response time: 38
response status: 200
response body: 
{"status":0,"data":{"name":"admin","email":"378338627@qq.com","password":"$2a$10$xmgJzl6FH05MXqtHAwT8ieXHc.8A.B.PBX.cv16LPt.5q9w08CrhK","gender":true,"token":"eyJhbGciOiJIUzI1NiIsInR5cCI6IkpXVCJ9.eyJkYXRhIjp7ImlkIjoiYTg2MTUyMDMtYjQyZi00OGMxLTk3YzQtYzc3OTNkZWY2NGIxIiwibmFtZSI6ImFkbWluIiwiZ2VuZGVyIjp0cnVlLCJlbWFpbCI6IjM3ODMzODYyN0BxcS5jb20ifSwiaWF0IjoxNTAwMjg2MTA1LCJleHAiOjE1MDAzNzI1MDV9.cS97GexDtAqr4ridbajHCqQtsnihC7Bch2L01W6xXf8","id":"a8615203-b42f-48c1-97c4-c7793def64b1","createdAt":1499934432149,"updatedAt":1499934432149,"version":0}}
*************** response log end ***************

[2017-07-17 18:08:56.208] [INFO] resLogger - 
*************** response log start ***************
request method: GET
request originalUrl:  /api/user/?token=eyJhbGciOiJIUzI1NiIsInR5cCI6IkpXVCJ9.eyJkYXRhIjp7ImlkIjoiYTg2MTUyMDMtYjQyZi00OGMxLTk3YzQtYzc3OTNkZWY2NGIxIiwibmFtZSI6ImFkbWluIiwiZ2VuZGVyIjp0cnVlLCJlbWFpbCI6IjM3ODMzODYyN0BxcS5jb20ifSwiaWF0IjoxNTAwMjg2MTA1LCJleHAiOjE1MDAzNzI1MDV9.cS97GexDtAqr4ridbajHCqQtsnihC7Bch2L01W6xXf8
request client ip:  ::ffff:127.0.0.1
request query:  {"token":"eyJhbGciOiJIUzI1NiIsInR5cCI6IkpXVCJ9.eyJkYXRhIjp7ImlkIjoiYTg2MTUyMDMtYjQyZi00OGMxLTk3YzQtYzc3OTNkZWY2NGIxIiwibmFtZSI6ImFkbWluIiwiZ2VuZGVyIjp0cnVlLCJlbWFpbCI6IjM3ODMzODYyN0BxcS5jb20ifSwiaWF0IjoxNTAwMjg2MTA1LCJleHAiOjE1MDAzNzI1MDV9.cS97GexDtAqr4ridbajHCqQtsnihC7Bch2L01W6xXf8"}
response time: 66
response status: 200
response body: 
{"status":0,"data":{"name":"admin","email":"378338627@qq.com","password":"$2a$10$xmgJzl6FH05MXqtHAwT8ieXHc.8A.B.PBX.cv16LPt.5q9w08CrhK","gender":true,"token":"eyJhbGciOiJIUzI1NiIsInR5cCI6IkpXVCJ9.eyJkYXRhIjp7ImlkIjoiYTg2MTUyMDMtYjQyZi00OGMxLTk3YzQtYzc3OTNkZWY2NGIxIiwibmFtZSI6ImFkbWluIiwiZ2VuZGVyIjp0cnVlLCJlbWFpbCI6IjM3ODMzODYyN0BxcS5jb20ifSwiaWF0IjoxNTAwMjg2MTA1LCJleHAiOjE1MDAzNzI1MDV9.cS97GexDtAqr4ridbajHCqQtsnihC7Bch2L01W6xXf8","id":"a8615203-b42f-48c1-97c4-c7793def64b1","createdAt":1499934432149,"updatedAt":1499934432149,"version":0}}
*************** response log end ***************

[2017-07-17 18:08:56.342] [INFO] resLogger - 
*************** response log start ***************
request method: GET
request originalUrl:  /api/buildings/list/page/1?token=eyJhbGciOiJIUzI1NiIsInR5cCI6IkpXVCJ9.eyJkYXRhIjp7ImlkIjoiYTg2MTUyMDMtYjQyZi00OGMxLTk3YzQtYzc3OTNkZWY2NGIxIiwibmFtZSI6ImFkbWluIiwiZ2VuZGVyIjp0cnVlLCJlbWFpbCI6IjM3ODMzODYyN0BxcS5jb20ifSwiaWF0IjoxNTAwMjg2MTA1LCJleHAiOjE1MDAzNzI1MDV9.cS97GexDtAqr4ridbajHCqQtsnihC7Bch2L01W6xXf8
request client ip:  ::ffff:127.0.0.1
request query:  {"token":"eyJhbGciOiJIUzI1NiIsInR5cCI6IkpXVCJ9.eyJkYXRhIjp7ImlkIjoiYTg2MTUyMDMtYjQyZi00OGMxLTk3YzQtYzc3OTNkZWY2NGIxIiwibmFtZSI6ImFkbWluIiwiZ2VuZGVyIjp0cnVlLCJlbWFpbCI6IjM3ODMzODYyN0BxcS5jb20ifSwiaWF0IjoxNTAwMjg2MTA1LCJleHAiOjE1MDAzNzI1MDV9.cS97GexDtAqr4ridbajHCqQtsnihC7Bch2L01W6xXf8"}
response time: 131
response status: 200
response body: 
{"status":0,"data":[{"name":"15","address":"15","minfloor":1,"maxfloor":15,"status":1,"id":"8442e761-7bd7-4b25-a4fc-bc8aa500bc8b","createdAt":1500286122544,"updatedAt":1500286122544,"version":0},{"name":"11","address":"11","minfloor":11,"maxfloor":11,"status":1,"id":"c4adf53b-6d21-47f6-95bf-0080d742ccba","createdAt":1500200671780,"updatedAt":1500200671780,"version":0},{"name":"10","address":"10","minfloor":10,"maxfloor":10,"status":1,"id":"849b5c4f-747e-470f-a04c-41d5311324a9","createdAt":1500200666110,"updatedAt":1500200666110,"version":0},{"name":"9","address":"9","minfloor":9,"maxfloor":9,"status":1,"id":"7b2a1627-2664-4706-be3d-ef749105b6db","createdAt":1500200657240,"updatedAt":1500200657240,"version":0},{"name":"8","address":"8","minfloor":8,"maxfloor":8,"status":1,"id":"08de1df1-6a03-4f67-8c86-9b641b98cbef","createdAt":1500200652345,"updatedAt":1500200652345,"version":0},{"name":"7","address":"7","minfloor":7,"maxfloor":7,"status":1,"id":"b4636169-c5d1-452e-bf3d-b6b7cccb691c","createdAt":1500200646891,"updatedAt":1500200646891,"version":0},{"name":"6","address":"6","minfloor":6,"maxfloor":6,"status":1,"id":"bcc6bbe8-87a0-4573-b329-9806efe70ae0","createdAt":1500200639691,"updatedAt":1500200639691,"version":0},{"name":"5","address":"5","minfloor":5,"maxfloor":5,"status":1,"id":"014f0122-625a-41a6-aff8-288982b6aa46","createdAt":1500200632990,"updatedAt":1500200632990,"version":0},{"name":"4","address":"4","minfloor":4,"maxfloor":4,"status":1,"id":"5d25aa77-b962-44ef-944a-7f09fef8f889","createdAt":1500200622996,"updatedAt":1500200622996,"version":0},{"name":"3","address":"3","minfloor":1,"maxfloor":3,"status":1,"id":"964327a7-daab-4202-82bc-5f2861841332","createdAt":1499935652954,"updatedAt":1499935652954,"version":0}],"total":12}
*************** response log end ***************

[2017-07-17 18:09:06.021] [INFO] resLogger - 
*************** response log start ***************
request method: GET
request originalUrl:  /api/buildings/list/page/1?token=eyJhbGciOiJIUzI1NiIsInR5cCI6IkpXVCJ9.eyJkYXRhIjp7ImlkIjoiYTg2MTUyMDMtYjQyZi00OGMxLTk3YzQtYzc3OTNkZWY2NGIxIiwibmFtZSI6ImFkbWluIiwiZ2VuZGVyIjp0cnVlLCJlbWFpbCI6IjM3ODMzODYyN0BxcS5jb20ifSwiaWF0IjoxNTAwMjg2MTA1LCJleHAiOjE1MDAzNzI1MDV9.cS97GexDtAqr4ridbajHCqQtsnihC7Bch2L01W6xXf8
request client ip:  ::ffff:127.0.0.1
request query:  {"token":"eyJhbGciOiJIUzI1NiIsInR5cCI6IkpXVCJ9.eyJkYXRhIjp7ImlkIjoiYTg2MTUyMDMtYjQyZi00OGMxLTk3YzQtYzc3OTNkZWY2NGIxIiwibmFtZSI6ImFkbWluIiwiZ2VuZGVyIjp0cnVlLCJlbWFpbCI6IjM3ODMzODYyN0BxcS5jb20ifSwiaWF0IjoxNTAwMjg2MTA1LCJleHAiOjE1MDAzNzI1MDV9.cS97GexDtAqr4ridbajHCqQtsnihC7Bch2L01W6xXf8"}
response time: 66
response status: 200
response body: 
{"status":0,"data":[{"name":"15","address":"15","minfloor":1,"maxfloor":15,"status":1,"id":"8442e761-7bd7-4b25-a4fc-bc8aa500bc8b","createdAt":1500286122544,"updatedAt":1500286122544,"version":0},{"name":"11","address":"11","minfloor":11,"maxfloor":11,"status":1,"id":"c4adf53b-6d21-47f6-95bf-0080d742ccba","createdAt":1500200671780,"updatedAt":1500200671780,"version":0},{"name":"10","address":"10","minfloor":10,"maxfloor":10,"status":1,"id":"849b5c4f-747e-470f-a04c-41d5311324a9","createdAt":1500200666110,"updatedAt":1500200666110,"version":0},{"name":"9","address":"9","minfloor":9,"maxfloor":9,"status":1,"id":"7b2a1627-2664-4706-be3d-ef749105b6db","createdAt":1500200657240,"updatedAt":1500200657240,"version":0},{"name":"8","address":"8","minfloor":8,"maxfloor":8,"status":1,"id":"08de1df1-6a03-4f67-8c86-9b641b98cbef","createdAt":1500200652345,"updatedAt":1500200652345,"version":0},{"name":"7","address":"7","minfloor":7,"maxfloor":7,"status":1,"id":"b4636169-c5d1-452e-bf3d-b6b7cccb691c","createdAt":1500200646891,"updatedAt":1500200646891,"version":0},{"name":"6","address":"6","minfloor":6,"maxfloor":6,"status":1,"id":"bcc6bbe8-87a0-4573-b329-9806efe70ae0","createdAt":1500200639691,"updatedAt":1500200639691,"version":0},{"name":"5","address":"5","minfloor":5,"maxfloor":5,"status":1,"id":"014f0122-625a-41a6-aff8-288982b6aa46","createdAt":1500200632990,"updatedAt":1500200632990,"version":0},{"name":"4","address":"4","minfloor":4,"maxfloor":4,"status":1,"id":"5d25aa77-b962-44ef-944a-7f09fef8f889","createdAt":1500200622996,"updatedAt":1500200622996,"version":0},{"name":"3","address":"3","minfloor":1,"maxfloor":3,"status":1,"id":"964327a7-daab-4202-82bc-5f2861841332","createdAt":1499935652954,"updatedAt":1499935652954,"version":0}],"total":12}
*************** response log end ***************

[2017-07-17 18:09:13.907] [INFO] resLogger - 
*************** response log start ***************
request method: GET
request originalUrl:  /api/buildings/delete/8442e761-7bd7-4b25-a4fc-bc8aa500bc8b?token=eyJhbGciOiJIUzI1NiIsInR5cCI6IkpXVCJ9.eyJkYXRhIjp7ImlkIjoiYTg2MTUyMDMtYjQyZi00OGMxLTk3YzQtYzc3OTNkZWY2NGIxIiwibmFtZSI6ImFkbWluIiwiZ2VuZGVyIjp0cnVlLCJlbWFpbCI6IjM3ODMzODYyN0BxcS5jb20ifSwiaWF0IjoxNTAwMjg2MTA1LCJleHAiOjE1MDAzNzI1MDV9.cS97GexDtAqr4ridbajHCqQtsnihC7Bch2L01W6xXf8
request client ip:  ::ffff:127.0.0.1
request query:  {"token":"eyJhbGciOiJIUzI1NiIsInR5cCI6IkpXVCJ9.eyJkYXRhIjp7ImlkIjoiYTg2MTUyMDMtYjQyZi00OGMxLTk3YzQtYzc3OTNkZWY2NGIxIiwibmFtZSI6ImFkbWluIiwiZ2VuZGVyIjp0cnVlLCJlbWFpbCI6IjM3ODMzODYyN0BxcS5jb20ifSwiaWF0IjoxNTAwMjg2MTA1LCJleHAiOjE1MDAzNzI1MDV9.cS97GexDtAqr4ridbajHCqQtsnihC7Bch2L01W6xXf8"}
response time: 194
response status: 200
response body: 
{"status":0,"data":{"name":"15","address":"15","minfloor":1,"maxfloor":15,"status":0,"id":"8442e761-7bd7-4b25-a4fc-bc8aa500bc8b","createdAt":1500286122544,"updatedAt":1500286153809,"version":2}}
*************** response log end ***************

[2017-07-17 18:09:16.601] [INFO] resLogger - 
*************** response log start ***************
request method: GET
request originalUrl:  /api/buildings/list/page/1?token=eyJhbGciOiJIUzI1NiIsInR5cCI6IkpXVCJ9.eyJkYXRhIjp7ImlkIjoiYTg2MTUyMDMtYjQyZi00OGMxLTk3YzQtYzc3OTNkZWY2NGIxIiwibmFtZSI6ImFkbWluIiwiZ2VuZGVyIjp0cnVlLCJlbWFpbCI6IjM3ODMzODYyN0BxcS5jb20ifSwiaWF0IjoxNTAwMjg2MTA1LCJleHAiOjE1MDAzNzI1MDV9.cS97GexDtAqr4ridbajHCqQtsnihC7Bch2L01W6xXf8
request client ip:  ::ffff:127.0.0.1
request query:  {"token":"eyJhbGciOiJIUzI1NiIsInR5cCI6IkpXVCJ9.eyJkYXRhIjp7ImlkIjoiYTg2MTUyMDMtYjQyZi00OGMxLTk3YzQtYzc3OTNkZWY2NGIxIiwibmFtZSI6ImFkbWluIiwiZ2VuZGVyIjp0cnVlLCJlbWFpbCI6IjM3ODMzODYyN0BxcS5jb20ifSwiaWF0IjoxNTAwMjg2MTA1LCJleHAiOjE1MDAzNzI1MDV9.cS97GexDtAqr4ridbajHCqQtsnihC7Bch2L01W6xXf8"}
response time: 44
response status: 200
response body: 
{"status":0,"data":[{"name":"11","address":"11","minfloor":11,"maxfloor":11,"status":1,"id":"c4adf53b-6d21-47f6-95bf-0080d742ccba","createdAt":1500200671780,"updatedAt":1500200671780,"version":0},{"name":"10","address":"10","minfloor":10,"maxfloor":10,"status":1,"id":"849b5c4f-747e-470f-a04c-41d5311324a9","createdAt":1500200666110,"updatedAt":1500200666110,"version":0},{"name":"9","address":"9","minfloor":9,"maxfloor":9,"status":1,"id":"7b2a1627-2664-4706-be3d-ef749105b6db","createdAt":1500200657240,"updatedAt":1500200657240,"version":0},{"name":"8","address":"8","minfloor":8,"maxfloor":8,"status":1,"id":"08de1df1-6a03-4f67-8c86-9b641b98cbef","createdAt":1500200652345,"updatedAt":1500200652345,"version":0},{"name":"7","address":"7","minfloor":7,"maxfloor":7,"status":1,"id":"b4636169-c5d1-452e-bf3d-b6b7cccb691c","createdAt":1500200646891,"updatedAt":1500200646891,"version":0},{"name":"6","address":"6","minfloor":6,"maxfloor":6,"status":1,"id":"bcc6bbe8-87a0-4573-b329-9806efe70ae0","createdAt":1500200639691,"updatedAt":1500200639691,"version":0},{"name":"5","address":"5","minfloor":5,"maxfloor":5,"status":1,"id":"014f0122-625a-41a6-aff8-288982b6aa46","createdAt":1500200632990,"updatedAt":1500200632990,"version":0},{"name":"4","address":"4","minfloor":4,"maxfloor":4,"status":1,"id":"5d25aa77-b962-44ef-944a-7f09fef8f889","createdAt":1500200622996,"updatedAt":1500200622996,"version":0},{"name":"3","address":"3","minfloor":1,"maxfloor":3,"status":1,"id":"964327a7-daab-4202-82bc-5f2861841332","createdAt":1499935652954,"updatedAt":1499935652954,"version":0},{"name":"2","address":"2","minfloor":2,"maxfloor":4,"status":1,"id":"74e0e1d1-fd03-4105-a7a1-56167ed64283","createdAt":1499935257098,"updatedAt":1499935257098,"version":0}],"total":11}
*************** response log end ***************

[2017-07-17 18:10:36.714] [INFO] resLogger - 
*************** response log start ***************
request method: GET
request originalUrl:  /api/user/?token=eyJhbGciOiJIUzI1NiIsInR5cCI6IkpXVCJ9.eyJkYXRhIjp7ImlkIjoiYTg2MTUyMDMtYjQyZi00OGMxLTk3YzQtYzc3OTNkZWY2NGIxIiwibmFtZSI6ImFkbWluIiwiZ2VuZGVyIjp0cnVlLCJlbWFpbCI6IjM3ODMzODYyN0BxcS5jb20ifSwiaWF0IjoxNTAwMjg2MTA1LCJleHAiOjE1MDAzNzI1MDV9.cS97GexDtAqr4ridbajHCqQtsnihC7Bch2L01W6xXf8
request client ip:  ::ffff:127.0.0.1
request query:  {"token":"eyJhbGciOiJIUzI1NiIsInR5cCI6IkpXVCJ9.eyJkYXRhIjp7ImlkIjoiYTg2MTUyMDMtYjQyZi00OGMxLTk3YzQtYzc3OTNkZWY2NGIxIiwibmFtZSI6ImFkbWluIiwiZ2VuZGVyIjp0cnVlLCJlbWFpbCI6IjM3ODMzODYyN0BxcS5jb20ifSwiaWF0IjoxNTAwMjg2MTA1LCJleHAiOjE1MDAzNzI1MDV9.cS97GexDtAqr4ridbajHCqQtsnihC7Bch2L01W6xXf8"}
response time: 712
response status: 200
response body: 
{"status":0,"data":{"name":"admin","email":"378338627@qq.com","password":"$2a$10$xmgJzl6FH05MXqtHAwT8ieXHc.8A.B.PBX.cv16LPt.5q9w08CrhK","gender":true,"token":"eyJhbGciOiJIUzI1NiIsInR5cCI6IkpXVCJ9.eyJkYXRhIjp7ImlkIjoiYTg2MTUyMDMtYjQyZi00OGMxLTk3YzQtYzc3OTNkZWY2NGIxIiwibmFtZSI6ImFkbWluIiwiZ2VuZGVyIjp0cnVlLCJlbWFpbCI6IjM3ODMzODYyN0BxcS5jb20ifSwiaWF0IjoxNTAwMjg2MTA1LCJleHAiOjE1MDAzNzI1MDV9.cS97GexDtAqr4ridbajHCqQtsnihC7Bch2L01W6xXf8","id":"a8615203-b42f-48c1-97c4-c7793def64b1","createdAt":1499934432149,"updatedAt":1499934432149,"version":0}}
*************** response log end ***************

[2017-07-17 18:10:36.976] [INFO] resLogger - 
*************** response log start ***************
request method: GET
request originalUrl:  /api/buildings/list/page/1?token=eyJhbGciOiJIUzI1NiIsInR5cCI6IkpXVCJ9.eyJkYXRhIjp7ImlkIjoiYTg2MTUyMDMtYjQyZi00OGMxLTk3YzQtYzc3OTNkZWY2NGIxIiwibmFtZSI6ImFkbWluIiwiZ2VuZGVyIjp0cnVlLCJlbWFpbCI6IjM3ODMzODYyN0BxcS5jb20ifSwiaWF0IjoxNTAwMjg2MTA1LCJleHAiOjE1MDAzNzI1MDV9.cS97GexDtAqr4ridbajHCqQtsnihC7Bch2L01W6xXf8
request client ip:  ::ffff:127.0.0.1
request query:  {"token":"eyJhbGciOiJIUzI1NiIsInR5cCI6IkpXVCJ9.eyJkYXRhIjp7ImlkIjoiYTg2MTUyMDMtYjQyZi00OGMxLTk3YzQtYzc3OTNkZWY2NGIxIiwibmFtZSI6ImFkbWluIiwiZ2VuZGVyIjp0cnVlLCJlbWFpbCI6IjM3ODMzODYyN0BxcS5jb20ifSwiaWF0IjoxNTAwMjg2MTA1LCJleHAiOjE1MDAzNzI1MDV9.cS97GexDtAqr4ridbajHCqQtsnihC7Bch2L01W6xXf8"}
response time: 157
response status: 200
response body: 
{"status":0,"data":[{"name":"11","address":"11","minfloor":11,"maxfloor":11,"status":1,"id":"c4adf53b-6d21-47f6-95bf-0080d742ccba","createdAt":1500200671780,"updatedAt":1500200671780,"version":0},{"name":"10","address":"10","minfloor":10,"maxfloor":10,"status":1,"id":"849b5c4f-747e-470f-a04c-41d5311324a9","createdAt":1500200666110,"updatedAt":1500200666110,"version":0},{"name":"9","address":"9","minfloor":9,"maxfloor":9,"status":1,"id":"7b2a1627-2664-4706-be3d-ef749105b6db","createdAt":1500200657240,"updatedAt":1500200657240,"version":0},{"name":"8","address":"8","minfloor":8,"maxfloor":8,"status":1,"id":"08de1df1-6a03-4f67-8c86-9b641b98cbef","createdAt":1500200652345,"updatedAt":1500200652345,"version":0},{"name":"7","address":"7","minfloor":7,"maxfloor":7,"status":1,"id":"b4636169-c5d1-452e-bf3d-b6b7cccb691c","createdAt":1500200646891,"updatedAt":1500200646891,"version":0},{"name":"6","address":"6","minfloor":6,"maxfloor":6,"status":1,"id":"bcc6bbe8-87a0-4573-b329-9806efe70ae0","createdAt":1500200639691,"updatedAt":1500200639691,"version":0},{"name":"5","address":"5","minfloor":5,"maxfloor":5,"status":1,"id":"014f0122-625a-41a6-aff8-288982b6aa46","createdAt":1500200632990,"updatedAt":1500200632990,"version":0},{"name":"4","address":"4","minfloor":4,"maxfloor":4,"status":1,"id":"5d25aa77-b962-44ef-944a-7f09fef8f889","createdAt":1500200622996,"updatedAt":1500200622996,"version":0},{"name":"3","address":"3","minfloor":1,"maxfloor":3,"status":1,"id":"964327a7-daab-4202-82bc-5f2861841332","createdAt":1499935652954,"updatedAt":1499935652954,"version":0},{"name":"2","address":"2","minfloor":2,"maxfloor":4,"status":1,"id":"74e0e1d1-fd03-4105-a7a1-56167ed64283","createdAt":1499935257098,"updatedAt":1499935257098,"version":0}],"total":11}
*************** response log end ***************

[2017-07-17 18:11:21.101] [INFO] resLogger - 
*************** response log start ***************
request method: GET
request originalUrl:  /api/user/?token=eyJhbGciOiJIUzI1NiIsInR5cCI6IkpXVCJ9.eyJkYXRhIjp7ImlkIjoiYTg2MTUyMDMtYjQyZi00OGMxLTk3YzQtYzc3OTNkZWY2NGIxIiwibmFtZSI6ImFkbWluIiwiZ2VuZGVyIjp0cnVlLCJlbWFpbCI6IjM3ODMzODYyN0BxcS5jb20ifSwiaWF0IjoxNTAwMjg2MTA1LCJleHAiOjE1MDAzNzI1MDV9.cS97GexDtAqr4ridbajHCqQtsnihC7Bch2L01W6xXf8
request client ip:  ::ffff:127.0.0.1
request query:  {"token":"eyJhbGciOiJIUzI1NiIsInR5cCI6IkpXVCJ9.eyJkYXRhIjp7ImlkIjoiYTg2MTUyMDMtYjQyZi00OGMxLTk3YzQtYzc3OTNkZWY2NGIxIiwibmFtZSI6ImFkbWluIiwiZ2VuZGVyIjp0cnVlLCJlbWFpbCI6IjM3ODMzODYyN0BxcS5jb20ifSwiaWF0IjoxNTAwMjg2MTA1LCJleHAiOjE1MDAzNzI1MDV9.cS97GexDtAqr4ridbajHCqQtsnihC7Bch2L01W6xXf8"}
response time: 292
response status: 200
response body: 
{"status":0,"data":{"name":"admin","email":"378338627@qq.com","password":"$2a$10$xmgJzl6FH05MXqtHAwT8ieXHc.8A.B.PBX.cv16LPt.5q9w08CrhK","gender":true,"token":"eyJhbGciOiJIUzI1NiIsInR5cCI6IkpXVCJ9.eyJkYXRhIjp7ImlkIjoiYTg2MTUyMDMtYjQyZi00OGMxLTk3YzQtYzc3OTNkZWY2NGIxIiwibmFtZSI6ImFkbWluIiwiZ2VuZGVyIjp0cnVlLCJlbWFpbCI6IjM3ODMzODYyN0BxcS5jb20ifSwiaWF0IjoxNTAwMjg2MTA1LCJleHAiOjE1MDAzNzI1MDV9.cS97GexDtAqr4ridbajHCqQtsnihC7Bch2L01W6xXf8","id":"a8615203-b42f-48c1-97c4-c7793def64b1","createdAt":1499934432149,"updatedAt":1499934432149,"version":0}}
*************** response log end ***************

[2017-07-17 18:11:21.520] [INFO] resLogger - 
*************** response log start ***************
request method: GET
request originalUrl:  /api/buildings/list/page/1?token=eyJhbGciOiJIUzI1NiIsInR5cCI6IkpXVCJ9.eyJkYXRhIjp7ImlkIjoiYTg2MTUyMDMtYjQyZi00OGMxLTk3YzQtYzc3OTNkZWY2NGIxIiwibmFtZSI6ImFkbWluIiwiZ2VuZGVyIjp0cnVlLCJlbWFpbCI6IjM3ODMzODYyN0BxcS5jb20ifSwiaWF0IjoxNTAwMjg2MTA1LCJleHAiOjE1MDAzNzI1MDV9.cS97GexDtAqr4ridbajHCqQtsnihC7Bch2L01W6xXf8
request client ip:  ::ffff:127.0.0.1
request query:  {"token":"eyJhbGciOiJIUzI1NiIsInR5cCI6IkpXVCJ9.eyJkYXRhIjp7ImlkIjoiYTg2MTUyMDMtYjQyZi00OGMxLTk3YzQtYzc3OTNkZWY2NGIxIiwibmFtZSI6ImFkbWluIiwiZ2VuZGVyIjp0cnVlLCJlbWFpbCI6IjM3ODMzODYyN0BxcS5jb20ifSwiaWF0IjoxNTAwMjg2MTA1LCJleHAiOjE1MDAzNzI1MDV9.cS97GexDtAqr4ridbajHCqQtsnihC7Bch2L01W6xXf8"}
response time: 299
response status: 200
response body: 
{"status":0,"data":[{"name":"11","address":"11","minfloor":11,"maxfloor":11,"status":1,"id":"c4adf53b-6d21-47f6-95bf-0080d742ccba","createdAt":1500200671780,"updatedAt":1500200671780,"version":0},{"name":"10","address":"10","minfloor":10,"maxfloor":10,"status":1,"id":"849b5c4f-747e-470f-a04c-41d5311324a9","createdAt":1500200666110,"updatedAt":1500200666110,"version":0},{"name":"9","address":"9","minfloor":9,"maxfloor":9,"status":1,"id":"7b2a1627-2664-4706-be3d-ef749105b6db","createdAt":1500200657240,"updatedAt":1500200657240,"version":0},{"name":"8","address":"8","minfloor":8,"maxfloor":8,"status":1,"id":"08de1df1-6a03-4f67-8c86-9b641b98cbef","createdAt":1500200652345,"updatedAt":1500200652345,"version":0},{"name":"7","address":"7","minfloor":7,"maxfloor":7,"status":1,"id":"b4636169-c5d1-452e-bf3d-b6b7cccb691c","createdAt":1500200646891,"updatedAt":1500200646891,"version":0},{"name":"6","address":"6","minfloor":6,"maxfloor":6,"status":1,"id":"bcc6bbe8-87a0-4573-b329-9806efe70ae0","createdAt":1500200639691,"updatedAt":1500200639691,"version":0},{"name":"5","address":"5","minfloor":5,"maxfloor":5,"status":1,"id":"014f0122-625a-41a6-aff8-288982b6aa46","createdAt":1500200632990,"updatedAt":1500200632990,"version":0},{"name":"4","address":"4","minfloor":4,"maxfloor":4,"status":1,"id":"5d25aa77-b962-44ef-944a-7f09fef8f889","createdAt":1500200622996,"updatedAt":1500200622996,"version":0},{"name":"3","address":"3","minfloor":1,"maxfloor":3,"status":1,"id":"964327a7-daab-4202-82bc-5f2861841332","createdAt":1499935652954,"updatedAt":1499935652954,"version":0},{"name":"2","address":"2","minfloor":2,"maxfloor":4,"status":1,"id":"74e0e1d1-fd03-4105-a7a1-56167ed64283","createdAt":1499935257098,"updatedAt":1499935257098,"version":0}],"total":11}
*************** response log end ***************

[2017-07-17 18:11:30.711] [INFO] resLogger - 
*************** response log start ***************
request method: GET
request originalUrl:  /api/user/?token=eyJhbGciOiJIUzI1NiIsInR5cCI6IkpXVCJ9.eyJkYXRhIjp7ImlkIjoiYTg2MTUyMDMtYjQyZi00OGMxLTk3YzQtYzc3OTNkZWY2NGIxIiwibmFtZSI6ImFkbWluIiwiZ2VuZGVyIjp0cnVlLCJlbWFpbCI6IjM3ODMzODYyN0BxcS5jb20ifSwiaWF0IjoxNTAwMjg2MTA1LCJleHAiOjE1MDAzNzI1MDV9.cS97GexDtAqr4ridbajHCqQtsnihC7Bch2L01W6xXf8
request client ip:  ::ffff:127.0.0.1
request query:  {"token":"eyJhbGciOiJIUzI1NiIsInR5cCI6IkpXVCJ9.eyJkYXRhIjp7ImlkIjoiYTg2MTUyMDMtYjQyZi00OGMxLTk3YzQtYzc3OTNkZWY2NGIxIiwibmFtZSI6ImFkbWluIiwiZ2VuZGVyIjp0cnVlLCJlbWFpbCI6IjM3ODMzODYyN0BxcS5jb20ifSwiaWF0IjoxNTAwMjg2MTA1LCJleHAiOjE1MDAzNzI1MDV9.cS97GexDtAqr4ridbajHCqQtsnihC7Bch2L01W6xXf8"}
response time: 109
response status: 200
response body: 
{"status":0,"data":{"name":"admin","email":"378338627@qq.com","password":"$2a$10$xmgJzl6FH05MXqtHAwT8ieXHc.8A.B.PBX.cv16LPt.5q9w08CrhK","gender":true,"token":"eyJhbGciOiJIUzI1NiIsInR5cCI6IkpXVCJ9.eyJkYXRhIjp7ImlkIjoiYTg2MTUyMDMtYjQyZi00OGMxLTk3YzQtYzc3OTNkZWY2NGIxIiwibmFtZSI6ImFkbWluIiwiZ2VuZGVyIjp0cnVlLCJlbWFpbCI6IjM3ODMzODYyN0BxcS5jb20ifSwiaWF0IjoxNTAwMjg2MTA1LCJleHAiOjE1MDAzNzI1MDV9.cS97GexDtAqr4ridbajHCqQtsnihC7Bch2L01W6xXf8","id":"a8615203-b42f-48c1-97c4-c7793def64b1","createdAt":1499934432149,"updatedAt":1499934432149,"version":0}}
*************** response log end ***************

[2017-07-17 18:11:30.858] [INFO] resLogger - 
*************** response log start ***************
request method: GET
request originalUrl:  /api/buildings/list/page/1?token=eyJhbGciOiJIUzI1NiIsInR5cCI6IkpXVCJ9.eyJkYXRhIjp7ImlkIjoiYTg2MTUyMDMtYjQyZi00OGMxLTk3YzQtYzc3OTNkZWY2NGIxIiwibmFtZSI6ImFkbWluIiwiZ2VuZGVyIjp0cnVlLCJlbWFpbCI6IjM3ODMzODYyN0BxcS5jb20ifSwiaWF0IjoxNTAwMjg2MTA1LCJleHAiOjE1MDAzNzI1MDV9.cS97GexDtAqr4ridbajHCqQtsnihC7Bch2L01W6xXf8
request client ip:  ::ffff:127.0.0.1
request query:  {"token":"eyJhbGciOiJIUzI1NiIsInR5cCI6IkpXVCJ9.eyJkYXRhIjp7ImlkIjoiYTg2MTUyMDMtYjQyZi00OGMxLTk3YzQtYzc3OTNkZWY2NGIxIiwibmFtZSI6ImFkbWluIiwiZ2VuZGVyIjp0cnVlLCJlbWFpbCI6IjM3ODMzODYyN0BxcS5jb20ifSwiaWF0IjoxNTAwMjg2MTA1LCJleHAiOjE1MDAzNzI1MDV9.cS97GexDtAqr4ridbajHCqQtsnihC7Bch2L01W6xXf8"}
response time: 137
response status: 200
response body: 
{"status":0,"data":[{"name":"11","address":"11","minfloor":11,"maxfloor":11,"status":1,"id":"c4adf53b-6d21-47f6-95bf-0080d742ccba","createdAt":1500200671780,"updatedAt":1500200671780,"version":0},{"name":"10","address":"10","minfloor":10,"maxfloor":10,"status":1,"id":"849b5c4f-747e-470f-a04c-41d5311324a9","createdAt":1500200666110,"updatedAt":1500200666110,"version":0},{"name":"9","address":"9","minfloor":9,"maxfloor":9,"status":1,"id":"7b2a1627-2664-4706-be3d-ef749105b6db","createdAt":1500200657240,"updatedAt":1500200657240,"version":0},{"name":"8","address":"8","minfloor":8,"maxfloor":8,"status":1,"id":"08de1df1-6a03-4f67-8c86-9b641b98cbef","createdAt":1500200652345,"updatedAt":1500200652345,"version":0},{"name":"7","address":"7","minfloor":7,"maxfloor":7,"status":1,"id":"b4636169-c5d1-452e-bf3d-b6b7cccb691c","createdAt":1500200646891,"updatedAt":1500200646891,"version":0},{"name":"6","address":"6","minfloor":6,"maxfloor":6,"status":1,"id":"bcc6bbe8-87a0-4573-b329-9806efe70ae0","createdAt":1500200639691,"updatedAt":1500200639691,"version":0},{"name":"5","address":"5","minfloor":5,"maxfloor":5,"status":1,"id":"014f0122-625a-41a6-aff8-288982b6aa46","createdAt":1500200632990,"updatedAt":1500200632990,"version":0},{"name":"4","address":"4","minfloor":4,"maxfloor":4,"status":1,"id":"5d25aa77-b962-44ef-944a-7f09fef8f889","createdAt":1500200622996,"updatedAt":1500200622996,"version":0},{"name":"3","address":"3","minfloor":1,"maxfloor":3,"status":1,"id":"964327a7-daab-4202-82bc-5f2861841332","createdAt":1499935652954,"updatedAt":1499935652954,"version":0},{"name":"2","address":"2","minfloor":2,"maxfloor":4,"status":1,"id":"74e0e1d1-fd03-4105-a7a1-56167ed64283","createdAt":1499935257098,"updatedAt":1499935257098,"version":0}],"total":11}
*************** response log end ***************

[2017-07-17 18:12:35.062] [INFO] resLogger - 
*************** response log start ***************
request method: GET
request originalUrl:  /api/user/?token=eyJhbGciOiJIUzI1NiIsInR5cCI6IkpXVCJ9.eyJkYXRhIjp7ImlkIjoiYTg2MTUyMDMtYjQyZi00OGMxLTk3YzQtYzc3OTNkZWY2NGIxIiwibmFtZSI6ImFkbWluIiwiZ2VuZGVyIjp0cnVlLCJlbWFpbCI6IjM3ODMzODYyN0BxcS5jb20ifSwiaWF0IjoxNTAwMjg2MTA1LCJleHAiOjE1MDAzNzI1MDV9.cS97GexDtAqr4ridbajHCqQtsnihC7Bch2L01W6xXf8
request client ip:  ::ffff:127.0.0.1
request query:  {"token":"eyJhbGciOiJIUzI1NiIsInR5cCI6IkpXVCJ9.eyJkYXRhIjp7ImlkIjoiYTg2MTUyMDMtYjQyZi00OGMxLTk3YzQtYzc3OTNkZWY2NGIxIiwibmFtZSI6ImFkbWluIiwiZ2VuZGVyIjp0cnVlLCJlbWFpbCI6IjM3ODMzODYyN0BxcS5jb20ifSwiaWF0IjoxNTAwMjg2MTA1LCJleHAiOjE1MDAzNzI1MDV9.cS97GexDtAqr4ridbajHCqQtsnihC7Bch2L01W6xXf8"}
response time: 257
response status: 200
response body: 
{"status":0,"data":{"name":"admin","email":"378338627@qq.com","password":"$2a$10$xmgJzl6FH05MXqtHAwT8ieXHc.8A.B.PBX.cv16LPt.5q9w08CrhK","gender":true,"token":"eyJhbGciOiJIUzI1NiIsInR5cCI6IkpXVCJ9.eyJkYXRhIjp7ImlkIjoiYTg2MTUyMDMtYjQyZi00OGMxLTk3YzQtYzc3OTNkZWY2NGIxIiwibmFtZSI6ImFkbWluIiwiZ2VuZGVyIjp0cnVlLCJlbWFpbCI6IjM3ODMzODYyN0BxcS5jb20ifSwiaWF0IjoxNTAwMjg2MTA1LCJleHAiOjE1MDAzNzI1MDV9.cS97GexDtAqr4ridbajHCqQtsnihC7Bch2L01W6xXf8","id":"a8615203-b42f-48c1-97c4-c7793def64b1","createdAt":1499934432149,"updatedAt":1499934432149,"version":0}}
*************** response log end ***************

[2017-07-17 18:12:35.562] [INFO] resLogger - 
*************** response log start ***************
request method: GET
request originalUrl:  /api/buildings/list/page/1?token=eyJhbGciOiJIUzI1NiIsInR5cCI6IkpXVCJ9.eyJkYXRhIjp7ImlkIjoiYTg2MTUyMDMtYjQyZi00OGMxLTk3YzQtYzc3OTNkZWY2NGIxIiwibmFtZSI6ImFkbWluIiwiZ2VuZGVyIjp0cnVlLCJlbWFpbCI6IjM3ODMzODYyN0BxcS5jb20ifSwiaWF0IjoxNTAwMjg2MTA1LCJleHAiOjE1MDAzNzI1MDV9.cS97GexDtAqr4ridbajHCqQtsnihC7Bch2L01W6xXf8
request client ip:  ::ffff:127.0.0.1
request query:  {"token":"eyJhbGciOiJIUzI1NiIsInR5cCI6IkpXVCJ9.eyJkYXRhIjp7ImlkIjoiYTg2MTUyMDMtYjQyZi00OGMxLTk3YzQtYzc3OTNkZWY2NGIxIiwibmFtZSI6ImFkbWluIiwiZ2VuZGVyIjp0cnVlLCJlbWFpbCI6IjM3ODMzODYyN0BxcS5jb20ifSwiaWF0IjoxNTAwMjg2MTA1LCJleHAiOjE1MDAzNzI1MDV9.cS97GexDtAqr4ridbajHCqQtsnihC7Bch2L01W6xXf8"}
response time: 302
response status: 200
response body: 
{"status":0,"data":[{"name":"11","address":"11","minfloor":11,"maxfloor":11,"status":1,"id":"c4adf53b-6d21-47f6-95bf-0080d742ccba","createdAt":1500200671780,"updatedAt":1500200671780,"version":0},{"name":"10","address":"10","minfloor":10,"maxfloor":10,"status":1,"id":"849b5c4f-747e-470f-a04c-41d5311324a9","createdAt":1500200666110,"updatedAt":1500200666110,"version":0},{"name":"9","address":"9","minfloor":9,"maxfloor":9,"status":1,"id":"7b2a1627-2664-4706-be3d-ef749105b6db","createdAt":1500200657240,"updatedAt":1500200657240,"version":0},{"name":"8","address":"8","minfloor":8,"maxfloor":8,"status":1,"id":"08de1df1-6a03-4f67-8c86-9b641b98cbef","createdAt":1500200652345,"updatedAt":1500200652345,"version":0},{"name":"7","address":"7","minfloor":7,"maxfloor":7,"status":1,"id":"b4636169-c5d1-452e-bf3d-b6b7cccb691c","createdAt":1500200646891,"updatedAt":1500200646891,"version":0},{"name":"6","address":"6","minfloor":6,"maxfloor":6,"status":1,"id":"bcc6bbe8-87a0-4573-b329-9806efe70ae0","createdAt":1500200639691,"updatedAt":1500200639691,"version":0},{"name":"5","address":"5","minfloor":5,"maxfloor":5,"status":1,"id":"014f0122-625a-41a6-aff8-288982b6aa46","createdAt":1500200632990,"updatedAt":1500200632990,"version":0},{"name":"4","address":"4","minfloor":4,"maxfloor":4,"status":1,"id":"5d25aa77-b962-44ef-944a-7f09fef8f889","createdAt":1500200622996,"updatedAt":1500200622996,"version":0},{"name":"3","address":"3","minfloor":1,"maxfloor":3,"status":1,"id":"964327a7-daab-4202-82bc-5f2861841332","createdAt":1499935652954,"updatedAt":1499935652954,"version":0},{"name":"2","address":"2","minfloor":2,"maxfloor":4,"status":1,"id":"74e0e1d1-fd03-4105-a7a1-56167ed64283","createdAt":1499935257098,"updatedAt":1499935257098,"version":0}],"total":11}
*************** response log end ***************

[2017-07-17 18:12:46.926] [INFO] resLogger - 
*************** response log start ***************
request method: GET
request originalUrl:  /api/user/?token=eyJhbGciOiJIUzI1NiIsInR5cCI6IkpXVCJ9.eyJkYXRhIjp7ImlkIjoiYTg2MTUyMDMtYjQyZi00OGMxLTk3YzQtYzc3OTNkZWY2NGIxIiwibmFtZSI6ImFkbWluIiwiZ2VuZGVyIjp0cnVlLCJlbWFpbCI6IjM3ODMzODYyN0BxcS5jb20ifSwiaWF0IjoxNTAwMjg2MTA1LCJleHAiOjE1MDAzNzI1MDV9.cS97GexDtAqr4ridbajHCqQtsnihC7Bch2L01W6xXf8
request client ip:  ::ffff:127.0.0.1
request query:  {"token":"eyJhbGciOiJIUzI1NiIsInR5cCI6IkpXVCJ9.eyJkYXRhIjp7ImlkIjoiYTg2MTUyMDMtYjQyZi00OGMxLTk3YzQtYzc3OTNkZWY2NGIxIiwibmFtZSI6ImFkbWluIiwiZ2VuZGVyIjp0cnVlLCJlbWFpbCI6IjM3ODMzODYyN0BxcS5jb20ifSwiaWF0IjoxNTAwMjg2MTA1LCJleHAiOjE1MDAzNzI1MDV9.cS97GexDtAqr4ridbajHCqQtsnihC7Bch2L01W6xXf8"}
response time: 392
response status: 200
response body: 
{"status":0,"data":{"name":"admin","email":"378338627@qq.com","password":"$2a$10$xmgJzl6FH05MXqtHAwT8ieXHc.8A.B.PBX.cv16LPt.5q9w08CrhK","gender":true,"token":"eyJhbGciOiJIUzI1NiIsInR5cCI6IkpXVCJ9.eyJkYXRhIjp7ImlkIjoiYTg2MTUyMDMtYjQyZi00OGMxLTk3YzQtYzc3OTNkZWY2NGIxIiwibmFtZSI6ImFkbWluIiwiZ2VuZGVyIjp0cnVlLCJlbWFpbCI6IjM3ODMzODYyN0BxcS5jb20ifSwiaWF0IjoxNTAwMjg2MTA1LCJleHAiOjE1MDAzNzI1MDV9.cS97GexDtAqr4ridbajHCqQtsnihC7Bch2L01W6xXf8","id":"a8615203-b42f-48c1-97c4-c7793def64b1","createdAt":1499934432149,"updatedAt":1499934432149,"version":0}}
*************** response log end ***************

[2017-07-17 18:12:47.341] [INFO] resLogger - 
*************** response log start ***************
request method: GET
request originalUrl:  /api/buildings/list/page/1?token=eyJhbGciOiJIUzI1NiIsInR5cCI6IkpXVCJ9.eyJkYXRhIjp7ImlkIjoiYTg2MTUyMDMtYjQyZi00OGMxLTk3YzQtYzc3OTNkZWY2NGIxIiwibmFtZSI6ImFkbWluIiwiZ2VuZGVyIjp0cnVlLCJlbWFpbCI6IjM3ODMzODYyN0BxcS5jb20ifSwiaWF0IjoxNTAwMjg2MTA1LCJleHAiOjE1MDAzNzI1MDV9.cS97GexDtAqr4ridbajHCqQtsnihC7Bch2L01W6xXf8
request client ip:  ::ffff:127.0.0.1
request query:  {"token":"eyJhbGciOiJIUzI1NiIsInR5cCI6IkpXVCJ9.eyJkYXRhIjp7ImlkIjoiYTg2MTUyMDMtYjQyZi00OGMxLTk3YzQtYzc3OTNkZWY2NGIxIiwibmFtZSI6ImFkbWluIiwiZ2VuZGVyIjp0cnVlLCJlbWFpbCI6IjM3ODMzODYyN0BxcS5jb20ifSwiaWF0IjoxNTAwMjg2MTA1LCJleHAiOjE1MDAzNzI1MDV9.cS97GexDtAqr4ridbajHCqQtsnihC7Bch2L01W6xXf8"}
response time: 256
response status: 200
response body: 
{"status":0,"data":[{"name":"11","address":"11","minfloor":11,"maxfloor":11,"status":1,"id":"c4adf53b-6d21-47f6-95bf-0080d742ccba","createdAt":1500200671780,"updatedAt":1500200671780,"version":0},{"name":"10","address":"10","minfloor":10,"maxfloor":10,"status":1,"id":"849b5c4f-747e-470f-a04c-41d5311324a9","createdAt":1500200666110,"updatedAt":1500200666110,"version":0},{"name":"9","address":"9","minfloor":9,"maxfloor":9,"status":1,"id":"7b2a1627-2664-4706-be3d-ef749105b6db","createdAt":1500200657240,"updatedAt":1500200657240,"version":0},{"name":"8","address":"8","minfloor":8,"maxfloor":8,"status":1,"id":"08de1df1-6a03-4f67-8c86-9b641b98cbef","createdAt":1500200652345,"updatedAt":1500200652345,"version":0},{"name":"7","address":"7","minfloor":7,"maxfloor":7,"status":1,"id":"b4636169-c5d1-452e-bf3d-b6b7cccb691c","createdAt":1500200646891,"updatedAt":1500200646891,"version":0},{"name":"6","address":"6","minfloor":6,"maxfloor":6,"status":1,"id":"bcc6bbe8-87a0-4573-b329-9806efe70ae0","createdAt":1500200639691,"updatedAt":1500200639691,"version":0},{"name":"5","address":"5","minfloor":5,"maxfloor":5,"status":1,"id":"014f0122-625a-41a6-aff8-288982b6aa46","createdAt":1500200632990,"updatedAt":1500200632990,"version":0},{"name":"4","address":"4","minfloor":4,"maxfloor":4,"status":1,"id":"5d25aa77-b962-44ef-944a-7f09fef8f889","createdAt":1500200622996,"updatedAt":1500200622996,"version":0},{"name":"3","address":"3","minfloor":1,"maxfloor":3,"status":1,"id":"964327a7-daab-4202-82bc-5f2861841332","createdAt":1499935652954,"updatedAt":1499935652954,"version":0},{"name":"2","address":"2","minfloor":2,"maxfloor":4,"status":1,"id":"74e0e1d1-fd03-4105-a7a1-56167ed64283","createdAt":1499935257098,"updatedAt":1499935257098,"version":0}],"total":11}
*************** response log end ***************

[2017-07-17 18:13:00.666] [INFO] resLogger - 
*************** response log start ***************
request method: GET
request originalUrl:  /api/user/?token=eyJhbGciOiJIUzI1NiIsInR5cCI6IkpXVCJ9.eyJkYXRhIjp7ImlkIjoiYTg2MTUyMDMtYjQyZi00OGMxLTk3YzQtYzc3OTNkZWY2NGIxIiwibmFtZSI6ImFkbWluIiwiZ2VuZGVyIjp0cnVlLCJlbWFpbCI6IjM3ODMzODYyN0BxcS5jb20ifSwiaWF0IjoxNTAwMjg2MTA1LCJleHAiOjE1MDAzNzI1MDV9.cS97GexDtAqr4ridbajHCqQtsnihC7Bch2L01W6xXf8
request client ip:  ::ffff:127.0.0.1
request query:  {"token":"eyJhbGciOiJIUzI1NiIsInR5cCI6IkpXVCJ9.eyJkYXRhIjp7ImlkIjoiYTg2MTUyMDMtYjQyZi00OGMxLTk3YzQtYzc3OTNkZWY2NGIxIiwibmFtZSI6ImFkbWluIiwiZ2VuZGVyIjp0cnVlLCJlbWFpbCI6IjM3ODMzODYyN0BxcS5jb20ifSwiaWF0IjoxNTAwMjg2MTA1LCJleHAiOjE1MDAzNzI1MDV9.cS97GexDtAqr4ridbajHCqQtsnihC7Bch2L01W6xXf8"}
response time: 215
response status: 200
response body: 
{"status":0,"data":{"name":"admin","email":"378338627@qq.com","password":"$2a$10$xmgJzl6FH05MXqtHAwT8ieXHc.8A.B.PBX.cv16LPt.5q9w08CrhK","gender":true,"token":"eyJhbGciOiJIUzI1NiIsInR5cCI6IkpXVCJ9.eyJkYXRhIjp7ImlkIjoiYTg2MTUyMDMtYjQyZi00OGMxLTk3YzQtYzc3OTNkZWY2NGIxIiwibmFtZSI6ImFkbWluIiwiZ2VuZGVyIjp0cnVlLCJlbWFpbCI6IjM3ODMzODYyN0BxcS5jb20ifSwiaWF0IjoxNTAwMjg2MTA1LCJleHAiOjE1MDAzNzI1MDV9.cS97GexDtAqr4ridbajHCqQtsnihC7Bch2L01W6xXf8","id":"a8615203-b42f-48c1-97c4-c7793def64b1","createdAt":1499934432149,"updatedAt":1499934432149,"version":0}}
*************** response log end ***************

[2017-07-17 18:13:00.749] [INFO] resLogger - 
*************** response log start ***************
request method: GET
request originalUrl:  /api/buildings/list/page/1?token=eyJhbGciOiJIUzI1NiIsInR5cCI6IkpXVCJ9.eyJkYXRhIjp7ImlkIjoiYTg2MTUyMDMtYjQyZi00OGMxLTk3YzQtYzc3OTNkZWY2NGIxIiwibmFtZSI6ImFkbWluIiwiZ2VuZGVyIjp0cnVlLCJlbWFpbCI6IjM3ODMzODYyN0BxcS5jb20ifSwiaWF0IjoxNTAwMjg2MTA1LCJleHAiOjE1MDAzNzI1MDV9.cS97GexDtAqr4ridbajHCqQtsnihC7Bch2L01W6xXf8
request client ip:  ::ffff:127.0.0.1
request query:  {"token":"eyJhbGciOiJIUzI1NiIsInR5cCI6IkpXVCJ9.eyJkYXRhIjp7ImlkIjoiYTg2MTUyMDMtYjQyZi00OGMxLTk3YzQtYzc3OTNkZWY2NGIxIiwibmFtZSI6ImFkbWluIiwiZ2VuZGVyIjp0cnVlLCJlbWFpbCI6IjM3ODMzODYyN0BxcS5jb20ifSwiaWF0IjoxNTAwMjg2MTA1LCJleHAiOjE1MDAzNzI1MDV9.cS97GexDtAqr4ridbajHCqQtsnihC7Bch2L01W6xXf8"}
response time: 217
response status: 200
response body: 
{"status":0,"data":[{"name":"11","address":"11","minfloor":11,"maxfloor":11,"status":1,"id":"c4adf53b-6d21-47f6-95bf-0080d742ccba","createdAt":1500200671780,"updatedAt":1500200671780,"version":0},{"name":"10","address":"10","minfloor":10,"maxfloor":10,"status":1,"id":"849b5c4f-747e-470f-a04c-41d5311324a9","createdAt":1500200666110,"updatedAt":1500200666110,"version":0},{"name":"9","address":"9","minfloor":9,"maxfloor":9,"status":1,"id":"7b2a1627-2664-4706-be3d-ef749105b6db","createdAt":1500200657240,"updatedAt":1500200657240,"version":0},{"name":"8","address":"8","minfloor":8,"maxfloor":8,"status":1,"id":"08de1df1-6a03-4f67-8c86-9b641b98cbef","createdAt":1500200652345,"updatedAt":1500200652345,"version":0},{"name":"7","address":"7","minfloor":7,"maxfloor":7,"status":1,"id":"b4636169-c5d1-452e-bf3d-b6b7cccb691c","createdAt":1500200646891,"updatedAt":1500200646891,"version":0},{"name":"6","address":"6","minfloor":6,"maxfloor":6,"status":1,"id":"bcc6bbe8-87a0-4573-b329-9806efe70ae0","createdAt":1500200639691,"updatedAt":1500200639691,"version":0},{"name":"5","address":"5","minfloor":5,"maxfloor":5,"status":1,"id":"014f0122-625a-41a6-aff8-288982b6aa46","createdAt":1500200632990,"updatedAt":1500200632990,"version":0},{"name":"4","address":"4","minfloor":4,"maxfloor":4,"status":1,"id":"5d25aa77-b962-44ef-944a-7f09fef8f889","createdAt":1500200622996,"updatedAt":1500200622996,"version":0},{"name":"3","address":"3","minfloor":1,"maxfloor":3,"status":1,"id":"964327a7-daab-4202-82bc-5f2861841332","createdAt":1499935652954,"updatedAt":1499935652954,"version":0},{"name":"2","address":"2","minfloor":2,"maxfloor":4,"status":1,"id":"74e0e1d1-fd03-4105-a7a1-56167ed64283","createdAt":1499935257098,"updatedAt":1499935257098,"version":0}],"total":11}
*************** response log end ***************

[2017-07-17 18:15:25.412] [INFO] resLogger - 
*************** response log start ***************
request method: GET
request originalUrl:  /api/user/?token=eyJhbGciOiJIUzI1NiIsInR5cCI6IkpXVCJ9.eyJkYXRhIjp7ImlkIjoiYTg2MTUyMDMtYjQyZi00OGMxLTk3YzQtYzc3OTNkZWY2NGIxIiwibmFtZSI6ImFkbWluIiwiZ2VuZGVyIjp0cnVlLCJlbWFpbCI6IjM3ODMzODYyN0BxcS5jb20ifSwiaWF0IjoxNTAwMjg2MTA1LCJleHAiOjE1MDAzNzI1MDV9.cS97GexDtAqr4ridbajHCqQtsnihC7Bch2L01W6xXf8
request client ip:  ::ffff:127.0.0.1
request query:  {"token":"eyJhbGciOiJIUzI1NiIsInR5cCI6IkpXVCJ9.eyJkYXRhIjp7ImlkIjoiYTg2MTUyMDMtYjQyZi00OGMxLTk3YzQtYzc3OTNkZWY2NGIxIiwibmFtZSI6ImFkbWluIiwiZ2VuZGVyIjp0cnVlLCJlbWFpbCI6IjM3ODMzODYyN0BxcS5jb20ifSwiaWF0IjoxNTAwMjg2MTA1LCJleHAiOjE1MDAzNzI1MDV9.cS97GexDtAqr4ridbajHCqQtsnihC7Bch2L01W6xXf8"}
response time: 223
response status: 200
response body: 
{"status":0,"data":{"name":"admin","email":"378338627@qq.com","password":"$2a$10$xmgJzl6FH05MXqtHAwT8ieXHc.8A.B.PBX.cv16LPt.5q9w08CrhK","gender":true,"token":"eyJhbGciOiJIUzI1NiIsInR5cCI6IkpXVCJ9.eyJkYXRhIjp7ImlkIjoiYTg2MTUyMDMtYjQyZi00OGMxLTk3YzQtYzc3OTNkZWY2NGIxIiwibmFtZSI6ImFkbWluIiwiZ2VuZGVyIjp0cnVlLCJlbWFpbCI6IjM3ODMzODYyN0BxcS5jb20ifSwiaWF0IjoxNTAwMjg2MTA1LCJleHAiOjE1MDAzNzI1MDV9.cS97GexDtAqr4ridbajHCqQtsnihC7Bch2L01W6xXf8","id":"a8615203-b42f-48c1-97c4-c7793def64b1","createdAt":1499934432149,"updatedAt":1499934432149,"version":0}}
*************** response log end ***************

[2017-07-17 18:15:25.587] [INFO] resLogger - 
*************** response log start ***************
request method: GET
request originalUrl:  /api/buildings/list/page/1?token=eyJhbGciOiJIUzI1NiIsInR5cCI6IkpXVCJ9.eyJkYXRhIjp7ImlkIjoiYTg2MTUyMDMtYjQyZi00OGMxLTk3YzQtYzc3OTNkZWY2NGIxIiwibmFtZSI6ImFkbWluIiwiZ2VuZGVyIjp0cnVlLCJlbWFpbCI6IjM3ODMzODYyN0BxcS5jb20ifSwiaWF0IjoxNTAwMjg2MTA1LCJleHAiOjE1MDAzNzI1MDV9.cS97GexDtAqr4ridbajHCqQtsnihC7Bch2L01W6xXf8
request client ip:  ::ffff:127.0.0.1
request query:  {"token":"eyJhbGciOiJIUzI1NiIsInR5cCI6IkpXVCJ9.eyJkYXRhIjp7ImlkIjoiYTg2MTUyMDMtYjQyZi00OGMxLTk3YzQtYzc3OTNkZWY2NGIxIiwibmFtZSI6ImFkbWluIiwiZ2VuZGVyIjp0cnVlLCJlbWFpbCI6IjM3ODMzODYyN0BxcS5jb20ifSwiaWF0IjoxNTAwMjg2MTA1LCJleHAiOjE1MDAzNzI1MDV9.cS97GexDtAqr4ridbajHCqQtsnihC7Bch2L01W6xXf8"}
response time: 97
response status: 200
response body: 
{"status":0,"data":[{"name":"11","address":"11","minfloor":11,"maxfloor":11,"status":1,"id":"c4adf53b-6d21-47f6-95bf-0080d742ccba","createdAt":1500200671780,"updatedAt":1500200671780,"version":0},{"name":"10","address":"10","minfloor":10,"maxfloor":10,"status":1,"id":"849b5c4f-747e-470f-a04c-41d5311324a9","createdAt":1500200666110,"updatedAt":1500200666110,"version":0},{"name":"9","address":"9","minfloor":9,"maxfloor":9,"status":1,"id":"7b2a1627-2664-4706-be3d-ef749105b6db","createdAt":1500200657240,"updatedAt":1500200657240,"version":0},{"name":"8","address":"8","minfloor":8,"maxfloor":8,"status":1,"id":"08de1df1-6a03-4f67-8c86-9b641b98cbef","createdAt":1500200652345,"updatedAt":1500200652345,"version":0},{"name":"7","address":"7","minfloor":7,"maxfloor":7,"status":1,"id":"b4636169-c5d1-452e-bf3d-b6b7cccb691c","createdAt":1500200646891,"updatedAt":1500200646891,"version":0},{"name":"6","address":"6","minfloor":6,"maxfloor":6,"status":1,"id":"bcc6bbe8-87a0-4573-b329-9806efe70ae0","createdAt":1500200639691,"updatedAt":1500200639691,"version":0},{"name":"5","address":"5","minfloor":5,"maxfloor":5,"status":1,"id":"014f0122-625a-41a6-aff8-288982b6aa46","createdAt":1500200632990,"updatedAt":1500200632990,"version":0},{"name":"4","address":"4","minfloor":4,"maxfloor":4,"status":1,"id":"5d25aa77-b962-44ef-944a-7f09fef8f889","createdAt":1500200622996,"updatedAt":1500200622996,"version":0},{"name":"3","address":"3","minfloor":1,"maxfloor":3,"status":1,"id":"964327a7-daab-4202-82bc-5f2861841332","createdAt":1499935652954,"updatedAt":1499935652954,"version":0},{"name":"2","address":"2","minfloor":2,"maxfloor":4,"status":1,"id":"74e0e1d1-fd03-4105-a7a1-56167ed64283","createdAt":1499935257098,"updatedAt":1499935257098,"version":0}],"total":11}
*************** response log end ***************

[2017-07-17 18:16:35.598] [INFO] resLogger - 
*************** response log start ***************
request method: GET
request originalUrl:  /api/user/?token=eyJhbGciOiJIUzI1NiIsInR5cCI6IkpXVCJ9.eyJkYXRhIjp7ImlkIjoiYTg2MTUyMDMtYjQyZi00OGMxLTk3YzQtYzc3OTNkZWY2NGIxIiwibmFtZSI6ImFkbWluIiwiZ2VuZGVyIjp0cnVlLCJlbWFpbCI6IjM3ODMzODYyN0BxcS5jb20ifSwiaWF0IjoxNTAwMjg2MTA1LCJleHAiOjE1MDAzNzI1MDV9.cS97GexDtAqr4ridbajHCqQtsnihC7Bch2L01W6xXf8
request client ip:  ::ffff:127.0.0.1
request query:  {"token":"eyJhbGciOiJIUzI1NiIsInR5cCI6IkpXVCJ9.eyJkYXRhIjp7ImlkIjoiYTg2MTUyMDMtYjQyZi00OGMxLTk3YzQtYzc3OTNkZWY2NGIxIiwibmFtZSI6ImFkbWluIiwiZ2VuZGVyIjp0cnVlLCJlbWFpbCI6IjM3ODMzODYyN0BxcS5jb20ifSwiaWF0IjoxNTAwMjg2MTA1LCJleHAiOjE1MDAzNzI1MDV9.cS97GexDtAqr4ridbajHCqQtsnihC7Bch2L01W6xXf8"}
response time: 1149
response status: 200
response body: 
{"status":0,"data":{"name":"admin","email":"378338627@qq.com","password":"$2a$10$xmgJzl6FH05MXqtHAwT8ieXHc.8A.B.PBX.cv16LPt.5q9w08CrhK","gender":true,"token":"eyJhbGciOiJIUzI1NiIsInR5cCI6IkpXVCJ9.eyJkYXRhIjp7ImlkIjoiYTg2MTUyMDMtYjQyZi00OGMxLTk3YzQtYzc3OTNkZWY2NGIxIiwibmFtZSI6ImFkbWluIiwiZ2VuZGVyIjp0cnVlLCJlbWFpbCI6IjM3ODMzODYyN0BxcS5jb20ifSwiaWF0IjoxNTAwMjg2MTA1LCJleHAiOjE1MDAzNzI1MDV9.cS97GexDtAqr4ridbajHCqQtsnihC7Bch2L01W6xXf8","id":"a8615203-b42f-48c1-97c4-c7793def64b1","createdAt":1499934432149,"updatedAt":1499934432149,"version":0}}
*************** response log end ***************

[2017-07-17 18:16:35.914] [INFO] resLogger - 
*************** response log start ***************
request method: GET
request originalUrl:  /api/buildings/list/page/1?token=eyJhbGciOiJIUzI1NiIsInR5cCI6IkpXVCJ9.eyJkYXRhIjp7ImlkIjoiYTg2MTUyMDMtYjQyZi00OGMxLTk3YzQtYzc3OTNkZWY2NGIxIiwibmFtZSI6ImFkbWluIiwiZ2VuZGVyIjp0cnVlLCJlbWFpbCI6IjM3ODMzODYyN0BxcS5jb20ifSwiaWF0IjoxNTAwMjg2MTA1LCJleHAiOjE1MDAzNzI1MDV9.cS97GexDtAqr4ridbajHCqQtsnihC7Bch2L01W6xXf8
request client ip:  ::ffff:127.0.0.1
request query:  {"token":"eyJhbGciOiJIUzI1NiIsInR5cCI6IkpXVCJ9.eyJkYXRhIjp7ImlkIjoiYTg2MTUyMDMtYjQyZi00OGMxLTk3YzQtYzc3OTNkZWY2NGIxIiwibmFtZSI6ImFkbWluIiwiZ2VuZGVyIjp0cnVlLCJlbWFpbCI6IjM3ODMzODYyN0BxcS5jb20ifSwiaWF0IjoxNTAwMjg2MTA1LCJleHAiOjE1MDAzNzI1MDV9.cS97GexDtAqr4ridbajHCqQtsnihC7Bch2L01W6xXf8"}
response time: 208
response status: 200
response body: 
{"status":0,"data":[{"name":"11","address":"11","minfloor":11,"maxfloor":11,"status":1,"id":"c4adf53b-6d21-47f6-95bf-0080d742ccba","createdAt":1500200671780,"updatedAt":1500200671780,"version":0},{"name":"10","address":"10","minfloor":10,"maxfloor":10,"status":1,"id":"849b5c4f-747e-470f-a04c-41d5311324a9","createdAt":1500200666110,"updatedAt":1500200666110,"version":0},{"name":"9","address":"9","minfloor":9,"maxfloor":9,"status":1,"id":"7b2a1627-2664-4706-be3d-ef749105b6db","createdAt":1500200657240,"updatedAt":1500200657240,"version":0},{"name":"8","address":"8","minfloor":8,"maxfloor":8,"status":1,"id":"08de1df1-6a03-4f67-8c86-9b641b98cbef","createdAt":1500200652345,"updatedAt":1500200652345,"version":0},{"name":"7","address":"7","minfloor":7,"maxfloor":7,"status":1,"id":"b4636169-c5d1-452e-bf3d-b6b7cccb691c","createdAt":1500200646891,"updatedAt":1500200646891,"version":0},{"name":"6","address":"6","minfloor":6,"maxfloor":6,"status":1,"id":"bcc6bbe8-87a0-4573-b329-9806efe70ae0","createdAt":1500200639691,"updatedAt":1500200639691,"version":0},{"name":"5","address":"5","minfloor":5,"maxfloor":5,"status":1,"id":"014f0122-625a-41a6-aff8-288982b6aa46","createdAt":1500200632990,"updatedAt":1500200632990,"version":0},{"name":"4","address":"4","minfloor":4,"maxfloor":4,"status":1,"id":"5d25aa77-b962-44ef-944a-7f09fef8f889","createdAt":1500200622996,"updatedAt":1500200622996,"version":0},{"name":"3","address":"3","minfloor":1,"maxfloor":3,"status":1,"id":"964327a7-daab-4202-82bc-5f2861841332","createdAt":1499935652954,"updatedAt":1499935652954,"version":0},{"name":"2","address":"2","minfloor":2,"maxfloor":4,"status":1,"id":"74e0e1d1-fd03-4105-a7a1-56167ed64283","createdAt":1499935257098,"updatedAt":1499935257098,"version":0}],"total":11}
*************** response log end ***************

[2017-07-17 18:16:38.892] [INFO] resLogger - 
*************** response log start ***************
request method: GET
request originalUrl:  /api/buildings/list/page/2?token=eyJhbGciOiJIUzI1NiIsInR5cCI6IkpXVCJ9.eyJkYXRhIjp7ImlkIjoiYTg2MTUyMDMtYjQyZi00OGMxLTk3YzQtYzc3OTNkZWY2NGIxIiwibmFtZSI6ImFkbWluIiwiZ2VuZGVyIjp0cnVlLCJlbWFpbCI6IjM3ODMzODYyN0BxcS5jb20ifSwiaWF0IjoxNTAwMjg2MTA1LCJleHAiOjE1MDAzNzI1MDV9.cS97GexDtAqr4ridbajHCqQtsnihC7Bch2L01W6xXf8
request client ip:  ::ffff:127.0.0.1
request query:  {"token":"eyJhbGciOiJIUzI1NiIsInR5cCI6IkpXVCJ9.eyJkYXRhIjp7ImlkIjoiYTg2MTUyMDMtYjQyZi00OGMxLTk3YzQtYzc3OTNkZWY2NGIxIiwibmFtZSI6ImFkbWluIiwiZ2VuZGVyIjp0cnVlLCJlbWFpbCI6IjM3ODMzODYyN0BxcS5jb20ifSwiaWF0IjoxNTAwMjg2MTA1LCJleHAiOjE1MDAzNzI1MDV9.cS97GexDtAqr4ridbajHCqQtsnihC7Bch2L01W6xXf8"}
response time: 76
response status: 200
response body: 
{"status":0,"data":[{"name":"1","address":"1","minfloor":1,"maxfloor":1,"status":1,"id":"8b7ae305-e24e-4b1f-8cec-758f2e745f9e","createdAt":1499934526071,"updatedAt":1499934526071,"version":0}],"total":11}
*************** response log end ***************

[2017-07-17 18:16:40.093] [INFO] resLogger - 
*************** response log start ***************
request method: GET
request originalUrl:  /api/buildings/list/page/1?token=eyJhbGciOiJIUzI1NiIsInR5cCI6IkpXVCJ9.eyJkYXRhIjp7ImlkIjoiYTg2MTUyMDMtYjQyZi00OGMxLTk3YzQtYzc3OTNkZWY2NGIxIiwibmFtZSI6ImFkbWluIiwiZ2VuZGVyIjp0cnVlLCJlbWFpbCI6IjM3ODMzODYyN0BxcS5jb20ifSwiaWF0IjoxNTAwMjg2MTA1LCJleHAiOjE1MDAzNzI1MDV9.cS97GexDtAqr4ridbajHCqQtsnihC7Bch2L01W6xXf8
request client ip:  ::ffff:127.0.0.1
request query:  {"token":"eyJhbGciOiJIUzI1NiIsInR5cCI6IkpXVCJ9.eyJkYXRhIjp7ImlkIjoiYTg2MTUyMDMtYjQyZi00OGMxLTk3YzQtYzc3OTNkZWY2NGIxIiwibmFtZSI6ImFkbWluIiwiZ2VuZGVyIjp0cnVlLCJlbWFpbCI6IjM3ODMzODYyN0BxcS5jb20ifSwiaWF0IjoxNTAwMjg2MTA1LCJleHAiOjE1MDAzNzI1MDV9.cS97GexDtAqr4ridbajHCqQtsnihC7Bch2L01W6xXf8"}
response time: 111
response status: 200
response body: 
{"status":0,"data":[{"name":"11","address":"11","minfloor":11,"maxfloor":11,"status":1,"id":"c4adf53b-6d21-47f6-95bf-0080d742ccba","createdAt":1500200671780,"updatedAt":1500200671780,"version":0},{"name":"10","address":"10","minfloor":10,"maxfloor":10,"status":1,"id":"849b5c4f-747e-470f-a04c-41d5311324a9","createdAt":1500200666110,"updatedAt":1500200666110,"version":0},{"name":"9","address":"9","minfloor":9,"maxfloor":9,"status":1,"id":"7b2a1627-2664-4706-be3d-ef749105b6db","createdAt":1500200657240,"updatedAt":1500200657240,"version":0},{"name":"8","address":"8","minfloor":8,"maxfloor":8,"status":1,"id":"08de1df1-6a03-4f67-8c86-9b641b98cbef","createdAt":1500200652345,"updatedAt":1500200652345,"version":0},{"name":"7","address":"7","minfloor":7,"maxfloor":7,"status":1,"id":"b4636169-c5d1-452e-bf3d-b6b7cccb691c","createdAt":1500200646891,"updatedAt":1500200646891,"version":0},{"name":"6","address":"6","minfloor":6,"maxfloor":6,"status":1,"id":"bcc6bbe8-87a0-4573-b329-9806efe70ae0","createdAt":1500200639691,"updatedAt":1500200639691,"version":0},{"name":"5","address":"5","minfloor":5,"maxfloor":5,"status":1,"id":"014f0122-625a-41a6-aff8-288982b6aa46","createdAt":1500200632990,"updatedAt":1500200632990,"version":0},{"name":"4","address":"4","minfloor":4,"maxfloor":4,"status":1,"id":"5d25aa77-b962-44ef-944a-7f09fef8f889","createdAt":1500200622996,"updatedAt":1500200622996,"version":0},{"name":"3","address":"3","minfloor":1,"maxfloor":3,"status":1,"id":"964327a7-daab-4202-82bc-5f2861841332","createdAt":1499935652954,"updatedAt":1499935652954,"version":0},{"name":"2","address":"2","minfloor":2,"maxfloor":4,"status":1,"id":"74e0e1d1-fd03-4105-a7a1-56167ed64283","createdAt":1499935257098,"updatedAt":1499935257098,"version":0}],"total":11}
*************** response log end ***************

[2017-07-17 18:16:45.006] [INFO] resLogger - 
*************** response log start ***************
request method: OPTIONS
request originalUrl:  /api/buildings/save?token=eyJhbGciOiJIUzI1NiIsInR5cCI6IkpXVCJ9.eyJkYXRhIjp7ImlkIjoiYTg2MTUyMDMtYjQyZi00OGMxLTk3YzQtYzc3OTNkZWY2NGIxIiwibmFtZSI6ImFkbWluIiwiZ2VuZGVyIjp0cnVlLCJlbWFpbCI6IjM3ODMzODYyN0BxcS5jb20ifSwiaWF0IjoxNTAwMjg2MTA1LCJleHAiOjE1MDAzNzI1MDV9.cS97GexDtAqr4ridbajHCqQtsnihC7Bch2L01W6xXf8
request client ip:  ::ffff:127.0.0.1
request body: 
{}
response time: 10
response status: 204
response body: 
undefined
*************** response log end ***************

[2017-07-17 18:16:45.139] [INFO] resLogger - 
*************** response log start ***************
request method: POST
request originalUrl:  /api/buildings/save?token=eyJhbGciOiJIUzI1NiIsInR5cCI6IkpXVCJ9.eyJkYXRhIjp7ImlkIjoiYTg2MTUyMDMtYjQyZi00OGMxLTk3YzQtYzc3OTNkZWY2NGIxIiwibmFtZSI6ImFkbWluIiwiZ2VuZGVyIjp0cnVlLCJlbWFpbCI6IjM3ODMzODYyN0BxcS5jb20ifSwiaWF0IjoxNTAwMjg2MTA1LCJleHAiOjE1MDAzNzI1MDV9.cS97GexDtAqr4ridbajHCqQtsnihC7Bch2L01W6xXf8
request client ip:  ::ffff:127.0.0.1
request body: 
{"name":"12","address":"12","minfloor":1,"maxfloor":12,"status":1}
response time: 40
response status: 200
response body: 
{"name":"needUniqueBuildingName","status":90001,"message":""}
*************** response log end ***************

[2017-07-17 18:16:53.547] [INFO] resLogger - 
*************** response log start ***************
request method: OPTIONS
request originalUrl:  /api/buildings/save?token=eyJhbGciOiJIUzI1NiIsInR5cCI6IkpXVCJ9.eyJkYXRhIjp7ImlkIjoiYTg2MTUyMDMtYjQyZi00OGMxLTk3YzQtYzc3OTNkZWY2NGIxIiwibmFtZSI6ImFkbWluIiwiZ2VuZGVyIjp0cnVlLCJlbWFpbCI6IjM3ODMzODYyN0BxcS5jb20ifSwiaWF0IjoxNTAwMjg2MTA1LCJleHAiOjE1MDAzNzI1MDV9.cS97GexDtAqr4ridbajHCqQtsnihC7Bch2L01W6xXf8
request client ip:  ::ffff:127.0.0.1
request body: 
{}
response time: 5
response status: 204
response body: 
undefined
*************** response log end ***************

[2017-07-17 18:16:53.906] [INFO] resLogger - 
*************** response log start ***************
request method: POST
request originalUrl:  /api/buildings/save?token=eyJhbGciOiJIUzI1NiIsInR5cCI6IkpXVCJ9.eyJkYXRhIjp7ImlkIjoiYTg2MTUyMDMtYjQyZi00OGMxLTk3YzQtYzc3OTNkZWY2NGIxIiwibmFtZSI6ImFkbWluIiwiZ2VuZGVyIjp0cnVlLCJlbWFpbCI6IjM3ODMzODYyN0BxcS5jb20ifSwiaWF0IjoxNTAwMjg2MTA1LCJleHAiOjE1MDAzNzI1MDV9.cS97GexDtAqr4ridbajHCqQtsnihC7Bch2L01W6xXf8
request client ip:  ::ffff:127.0.0.1
request body: 
{"name":"13","address":"13","minfloor":1,"maxfloor":13,"status":1}
response time: 352
response status: 200
response body: 
{"status":0,"data":{"id":"b5ed3c18-af10-4b54-b6b0-91c6cfe6ced1","name":"13","address":"13","minfloor":1,"maxfloor":13,"status":1,"createdAt":1500286613733,"updatedAt":1500286613733,"version":0}}
*************** response log end ***************

[2017-07-17 18:16:54.147] [INFO] resLogger - 
*************** response log start ***************
request method: GET
request originalUrl:  /api/buildings/list/page/1?token=eyJhbGciOiJIUzI1NiIsInR5cCI6IkpXVCJ9.eyJkYXRhIjp7ImlkIjoiYTg2MTUyMDMtYjQyZi00OGMxLTk3YzQtYzc3OTNkZWY2NGIxIiwibmFtZSI6ImFkbWluIiwiZ2VuZGVyIjp0cnVlLCJlbWFpbCI6IjM3ODMzODYyN0BxcS5jb20ifSwiaWF0IjoxNTAwMjg2MTA1LCJleHAiOjE1MDAzNzI1MDV9.cS97GexDtAqr4ridbajHCqQtsnihC7Bch2L01W6xXf8
request client ip:  ::ffff:127.0.0.1
request query:  {"token":"eyJhbGciOiJIUzI1NiIsInR5cCI6IkpXVCJ9.eyJkYXRhIjp7ImlkIjoiYTg2MTUyMDMtYjQyZi00OGMxLTk3YzQtYzc3OTNkZWY2NGIxIiwibmFtZSI6ImFkbWluIiwiZ2VuZGVyIjp0cnVlLCJlbWFpbCI6IjM3ODMzODYyN0BxcS5jb20ifSwiaWF0IjoxNTAwMjg2MTA1LCJleHAiOjE1MDAzNzI1MDV9.cS97GexDtAqr4ridbajHCqQtsnihC7Bch2L01W6xXf8"}
response time: 136
response status: 200
response body: 
{"status":0,"data":[{"name":"13","address":"13","minfloor":1,"maxfloor":13,"status":1,"id":"b5ed3c18-af10-4b54-b6b0-91c6cfe6ced1","createdAt":1500286613733,"updatedAt":1500286613733,"version":0},{"name":"11","address":"11","minfloor":11,"maxfloor":11,"status":1,"id":"c4adf53b-6d21-47f6-95bf-0080d742ccba","createdAt":1500200671780,"updatedAt":1500200671780,"version":0},{"name":"10","address":"10","minfloor":10,"maxfloor":10,"status":1,"id":"849b5c4f-747e-470f-a04c-41d5311324a9","createdAt":1500200666110,"updatedAt":1500200666110,"version":0},{"name":"9","address":"9","minfloor":9,"maxfloor":9,"status":1,"id":"7b2a1627-2664-4706-be3d-ef749105b6db","createdAt":1500200657240,"updatedAt":1500200657240,"version":0},{"name":"8","address":"8","minfloor":8,"maxfloor":8,"status":1,"id":"08de1df1-6a03-4f67-8c86-9b641b98cbef","createdAt":1500200652345,"updatedAt":1500200652345,"version":0},{"name":"7","address":"7","minfloor":7,"maxfloor":7,"status":1,"id":"b4636169-c5d1-452e-bf3d-b6b7cccb691c","createdAt":1500200646891,"updatedAt":1500200646891,"version":0},{"name":"6","address":"6","minfloor":6,"maxfloor":6,"status":1,"id":"bcc6bbe8-87a0-4573-b329-9806efe70ae0","createdAt":1500200639691,"updatedAt":1500200639691,"version":0},{"name":"5","address":"5","minfloor":5,"maxfloor":5,"status":1,"id":"014f0122-625a-41a6-aff8-288982b6aa46","createdAt":1500200632990,"updatedAt":1500200632990,"version":0},{"name":"4","address":"4","minfloor":4,"maxfloor":4,"status":1,"id":"5d25aa77-b962-44ef-944a-7f09fef8f889","createdAt":1500200622996,"updatedAt":1500200622996,"version":0},{"name":"3","address":"3","minfloor":1,"maxfloor":3,"status":1,"id":"964327a7-daab-4202-82bc-5f2861841332","createdAt":1499935652954,"updatedAt":1499935652954,"version":0}],"total":12}
*************** response log end ***************

