[2017-11-06 15:01:22.028] [INFO] resLogger - 
*************** response log start ***************
request method: GET
request originalUrl:  /api/user/?token=eyJhbGciOiJIUzI1NiIsInR5cCI6IkpXVCJ9.eyJkYXRhIjp7ImlkIjoiYWVmNzA1OTAtODFmOC00ZWNiLTkyZjktY2QxYWFjNjk4YTQwIiwibmFtZSI6ImFkbWluIiwiZ2VuZGVyIjp0cnVlLCJlbWFpbCI6IjM3ODMzODYyN0BxcS5jb20ifSwiaWF0IjoxNTA5OTI5MjkzLCJleHAiOjE1MTAwMTU2OTN9.7U7cHP-xfu9cUogsTgVQ8S7_LaVLr7znw6IeH999py4
request client ip:  ::ffff:127.0.0.1
request query:  {"token":"eyJhbGciOiJIUzI1NiIsInR5cCI6IkpXVCJ9.eyJkYXRhIjp7ImlkIjoiYWVmNzA1OTAtODFmOC00ZWNiLTkyZjktY2QxYWFjNjk4YTQwIiwibmFtZSI6ImFkbWluIiwiZ2VuZGVyIjp0cnVlLCJlbWFpbCI6IjM3ODMzODYyN0BxcS5jb20ifSwiaWF0IjoxNTA5OTI5MjkzLCJleHAiOjE1MTAwMTU2OTN9.7U7cHP-xfu9cUogsTgVQ8S7_LaVLr7znw6IeH999py4"}
response time: 57
response status: 200
response body: 
{"status":0,"data":{"name":"admin","email":"378338627@qq.com","phone":"15822927208","password":"$2a$10$orLNsPB1BpjxqYGXlQgdd.o1QE8bsRuoF6GgrmD.GLkRJrj0/x4ce","gender":true,"token":"eyJhbGciOiJIUzI1NiIsInR5cCI6IkpXVCJ9.eyJkYXRhIjp7ImlkIjoiYWVmNzA1OTAtODFmOC00ZWNiLTkyZjktY2QxYWFjNjk4YTQwIiwibmFtZSI6ImFkbWluIiwiZ2VuZGVyIjp0cnVlLCJlbWFpbCI6IjM3ODMzODYyN0BxcS5jb20ifSwiaWF0IjoxNTA5OTI5MjkzLCJleHAiOjE1MTAwMTU2OTN9.7U7cHP-xfu9cUogsTgVQ8S7_LaVLr7znw6IeH999py4","canLogin":true,"status":1,"id":"aef70590-81f8-4ecb-92f9-cd1aac698a40","createdAt":1509589944353,"updatedAt":1509929293475,"version":10}}
*************** response log end ***************

[2017-11-06 15:01:22.506] [INFO] resLogger - 
*************** response log start ***************
request method: GET
request originalUrl:  /api/groups/list?token=eyJhbGciOiJIUzI1NiIsInR5cCI6IkpXVCJ9.eyJkYXRhIjp7ImlkIjoiYWVmNzA1OTAtODFmOC00ZWNiLTkyZjktY2QxYWFjNjk4YTQwIiwibmFtZSI6ImFkbWluIiwiZ2VuZGVyIjp0cnVlLCJlbWFpbCI6IjM3ODMzODYyN0BxcS5jb20ifSwiaWF0IjoxNTA5OTI5MjkzLCJleHAiOjE1MTAwMTU2OTN9.7U7cHP-xfu9cUogsTgVQ8S7_LaVLr7znw6IeH999py4
request client ip:  ::ffff:127.0.0.1
request query:  {"token":"eyJhbGciOiJIUzI1NiIsInR5cCI6IkpXVCJ9.eyJkYXRhIjp7ImlkIjoiYWVmNzA1OTAtODFmOC00ZWNiLTkyZjktY2QxYWFjNjk4YTQwIiwibmFtZSI6ImFkbWluIiwiZ2VuZGVyIjp0cnVlLCJlbWFpbCI6IjM3ODMzODYyN0BxcS5jb20ifSwiaWF0IjoxNTA5OTI5MjkzLCJleHAiOjE1MTAwMTU2OTN9.7U7cHP-xfu9cUogsTgVQ8S7_LaVLr7znw6IeH999py4"}
response time: 129
response status: 200
response body: 
{"status":0,"data":[{"name":"控股","description":"group2","status":1,"id":"8faf43ed-937f-4eaf-ae02-508acaad197a","createdAt":1509589944541,"updatedAt":1509589944541,"version":0},{"name":"管委会","description":"group1","status":1,"id":"d7a218e2-0de2-45a0-92fa-229713c660bb","createdAt":1509589944355,"updatedAt":1509589944355,"version":0}],"total":2}
*************** response log end ***************

[2017-11-06 15:01:22.529] [INFO] resLogger - 
*************** response log start ***************
request method: GET
request originalUrl:  /api/workers/list?token=eyJhbGciOiJIUzI1NiIsInR5cCI6IkpXVCJ9.eyJkYXRhIjp7ImlkIjoiYWVmNzA1OTAtODFmOC00ZWNiLTkyZjktY2QxYWFjNjk4YTQwIiwibmFtZSI6ImFkbWluIiwiZ2VuZGVyIjp0cnVlLCJlbWFpbCI6IjM3ODMzODYyN0BxcS5jb20ifSwiaWF0IjoxNTA5OTI5MjkzLCJleHAiOjE1MTAwMTU2OTN9.7U7cHP-xfu9cUogsTgVQ8S7_LaVLr7znw6IeH999py4
request client ip:  ::ffff:127.0.0.1
request query:  {"token":"eyJhbGciOiJIUzI1NiIsInR5cCI6IkpXVCJ9.eyJkYXRhIjp7ImlkIjoiYWVmNzA1OTAtODFmOC00ZWNiLTkyZjktY2QxYWFjNjk4YTQwIiwibmFtZSI6ImFkbWluIiwiZ2VuZGVyIjp0cnVlLCJlbWFpbCI6IjM3ODMzODYyN0BxcS5jb20ifSwiaWF0IjoxNTA5OTI5MjkzLCJleHAiOjE1MTAwMTU2OTN9.7U7cHP-xfu9cUogsTgVQ8S7_LaVLr7znw6IeH999py4"}
response time: 78
response status: 200
response body: 
{"status":0,"data":[{"name":"admin","email":"378338627@qq.com","phone":"15822927208","password":"$2a$10$orLNsPB1BpjxqYGXlQgdd.o1QE8bsRuoF6GgrmD.GLkRJrj0/x4ce","gender":true,"token":"eyJhbGciOiJIUzI1NiIsInR5cCI6IkpXVCJ9.eyJkYXRhIjp7ImlkIjoiYWVmNzA1OTAtODFmOC00ZWNiLTkyZjktY2QxYWFjNjk4YTQwIiwibmFtZSI6ImFkbWluIiwiZ2VuZGVyIjp0cnVlLCJlbWFpbCI6IjM3ODMzODYyN0BxcS5jb20ifSwiaWF0IjoxNTA5OTI5MjkzLCJleHAiOjE1MTAwMTU2OTN9.7U7cHP-xfu9cUogsTgVQ8S7_LaVLr7znw6IeH999py4","canLogin":true,"status":1,"id":"aef70590-81f8-4ecb-92f9-cd1aac698a40","createdAt":1509589944353,"updatedAt":1509929293475,"version":10,"worker":{"userId":"aef70590-81f8-4ecb-92f9-cd1aac698a40","id":"95c68a2c-931e-456c-9797-29457079bd29","createdAt":1509676992528,"updatedAt":1509676992528,"version":0}}]}
*************** response log end ***************

[2017-11-06 15:01:22.787] [INFO] resLogger - 
*************** response log start ***************
request method: GET
request originalUrl:  /api/corporations/list?token=eyJhbGciOiJIUzI1NiIsInR5cCI6IkpXVCJ9.eyJkYXRhIjp7ImlkIjoiYWVmNzA1OTAtODFmOC00ZWNiLTkyZjktY2QxYWFjNjk4YTQwIiwibmFtZSI6ImFkbWluIiwiZ2VuZGVyIjp0cnVlLCJlbWFpbCI6IjM3ODMzODYyN0BxcS5jb20ifSwiaWF0IjoxNTA5OTI5MjkzLCJleHAiOjE1MTAwMTU2OTN9.7U7cHP-xfu9cUogsTgVQ8S7_LaVLr7znw6IeH999py4&group=8faf43ed-937f-4eaf-ae02-508acaad197a
request client ip:  ::ffff:127.0.0.1
request query:  {"token":"eyJhbGciOiJIUzI1NiIsInR5cCI6IkpXVCJ9.eyJkYXRhIjp7ImlkIjoiYWVmNzA1OTAtODFmOC00ZWNiLTkyZjktY2QxYWFjNjk4YTQwIiwibmFtZSI6ImFkbWluIiwiZ2VuZGVyIjp0cnVlLCJlbWFpbCI6IjM3ODMzODYyN0BxcS5jb20ifSwiaWF0IjoxNTA5OTI5MjkzLCJleHAiOjE1MTAwMTU2OTN9.7U7cHP-xfu9cUogsTgVQ8S7_LaVLr7znw6IeH999py4","group":"8faf43ed-937f-4eaf-ae02-508acaad197a"}
response time: 123
response status: 200
response body: 
{"status":0,"data":[{"name":"控股公司","description":"控股公司","status":1,"groupId":"8faf43ed-937f-4eaf-ae02-508acaad197a","id":"4a98198f-fd53-4045-a73c-ed42d9627581","createdAt":1509589945819,"updatedAt":1509589945819,"version":0,"group":{"name":"控股","description":"group2","status":1,"id":"8faf43ed-937f-4eaf-ae02-508acaad197a","createdAt":1509589944541,"updatedAt":1509589944541,"version":0}}],"total":1}
*************** response log end ***************

[2017-11-06 15:01:22.862] [INFO] resLogger - 
*************** response log start ***************
request method: GET
request originalUrl:  /api/corpBuildings/list/4a98198f-fd53-4045-a73c-ed42d9627581?token=eyJhbGciOiJIUzI1NiIsInR5cCI6IkpXVCJ9.eyJkYXRhIjp7ImlkIjoiYWVmNzA1OTAtODFmOC00ZWNiLTkyZjktY2QxYWFjNjk4YTQwIiwibmFtZSI6ImFkbWluIiwiZ2VuZGVyIjp0cnVlLCJlbWFpbCI6IjM3ODMzODYyN0BxcS5jb20ifSwiaWF0IjoxNTA5OTI5MjkzLCJleHAiOjE1MTAwMTU2OTN9.7U7cHP-xfu9cUogsTgVQ8S7_LaVLr7znw6IeH999py4
request client ip:  ::ffff:127.0.0.1
request query:  {"token":"eyJhbGciOiJIUzI1NiIsInR5cCI6IkpXVCJ9.eyJkYXRhIjp7ImlkIjoiYWVmNzA1OTAtODFmOC00ZWNiLTkyZjktY2QxYWFjNjk4YTQwIiwibmFtZSI6ImFkbWluIiwiZ2VuZGVyIjp0cnVlLCJlbWFpbCI6IjM3ODMzODYyN0BxcS5jb20ifSwiaWF0IjoxNTA5OTI5MjkzLCJleHAiOjE1MTAwMTU2OTN9.7U7cHP-xfu9cUogsTgVQ8S7_LaVLr7znw6IeH999py4"}
response time: 50
response status: 200
response body: 
{"status":0,"data":[{"corporationId":"4a98198f-fd53-4045-a73c-ed42d9627581","buildingId":"48b83783-b17c-4c41-9169-9192cdd33cf1","floor":7,"position":"A","status":1,"id":"0ae26d4a-7d27-4152-a95c-12d5afecdff4","createdAt":1509589946003,"updatedAt":1509589946003,"version":0,"building":{"name":"商务大厦南楼","address":"南","minfloor":1,"maxfloor":15,"status":1,"id":"48b83783-b17c-4c41-9169-9192cdd33cf1","createdAt":1509589944667,"updatedAt":1509589944667,"version":0}},{"corporationId":"4a98198f-fd53-4045-a73c-ed42d9627581","buildingId":"48b83783-b17c-4c41-9169-9192cdd33cf1","floor":6,"position":"A","status":1,"id":"c8c9c4e5-1c21-4141-abac-e37832062360","createdAt":1509589945902,"updatedAt":1509589945902,"version":0,"building":{"name":"商务大厦南楼","address":"南","minfloor":1,"maxfloor":15,"status":1,"id":"48b83783-b17c-4c41-9169-9192cdd33cf1","createdAt":1509589944667,"updatedAt":1509589944667,"version":0}}],"total":0}
*************** response log end ***************

[2017-11-06 15:01:52.819] [INFO] resLogger - 
*************** response log start ***************
request method: GET
request originalUrl:  /api/user/?token=eyJhbGciOiJIUzI1NiIsInR5cCI6IkpXVCJ9.eyJkYXRhIjp7ImlkIjoiYWVmNzA1OTAtODFmOC00ZWNiLTkyZjktY2QxYWFjNjk4YTQwIiwibmFtZSI6ImFkbWluIiwiZ2VuZGVyIjp0cnVlLCJlbWFpbCI6IjM3ODMzODYyN0BxcS5jb20ifSwiaWF0IjoxNTA5OTI5MjkzLCJleHAiOjE1MTAwMTU2OTN9.7U7cHP-xfu9cUogsTgVQ8S7_LaVLr7znw6IeH999py4
request client ip:  ::ffff:127.0.0.1
request query:  {"token":"eyJhbGciOiJIUzI1NiIsInR5cCI6IkpXVCJ9.eyJkYXRhIjp7ImlkIjoiYWVmNzA1OTAtODFmOC00ZWNiLTkyZjktY2QxYWFjNjk4YTQwIiwibmFtZSI6ImFkbWluIiwiZ2VuZGVyIjp0cnVlLCJlbWFpbCI6IjM3ODMzODYyN0BxcS5jb20ifSwiaWF0IjoxNTA5OTI5MjkzLCJleHAiOjE1MTAwMTU2OTN9.7U7cHP-xfu9cUogsTgVQ8S7_LaVLr7znw6IeH999py4"}
response time: 127
response status: 200
response body: 
{"status":0,"data":{"name":"admin","email":"378338627@qq.com","phone":"15822927208","password":"$2a$10$orLNsPB1BpjxqYGXlQgdd.o1QE8bsRuoF6GgrmD.GLkRJrj0/x4ce","gender":true,"token":"eyJhbGciOiJIUzI1NiIsInR5cCI6IkpXVCJ9.eyJkYXRhIjp7ImlkIjoiYWVmNzA1OTAtODFmOC00ZWNiLTkyZjktY2QxYWFjNjk4YTQwIiwibmFtZSI6ImFkbWluIiwiZ2VuZGVyIjp0cnVlLCJlbWFpbCI6IjM3ODMzODYyN0BxcS5jb20ifSwiaWF0IjoxNTA5OTI5MjkzLCJleHAiOjE1MTAwMTU2OTN9.7U7cHP-xfu9cUogsTgVQ8S7_LaVLr7znw6IeH999py4","canLogin":true,"status":1,"id":"aef70590-81f8-4ecb-92f9-cd1aac698a40","createdAt":1509589944353,"updatedAt":1509929293475,"version":10}}
*************** response log end ***************

[2017-11-06 15:01:53.140] [INFO] resLogger - 
*************** response log start ***************
request method: GET
request originalUrl:  /api/groups/list?token=eyJhbGciOiJIUzI1NiIsInR5cCI6IkpXVCJ9.eyJkYXRhIjp7ImlkIjoiYWVmNzA1OTAtODFmOC00ZWNiLTkyZjktY2QxYWFjNjk4YTQwIiwibmFtZSI6ImFkbWluIiwiZ2VuZGVyIjp0cnVlLCJlbWFpbCI6IjM3ODMzODYyN0BxcS5jb20ifSwiaWF0IjoxNTA5OTI5MjkzLCJleHAiOjE1MTAwMTU2OTN9.7U7cHP-xfu9cUogsTgVQ8S7_LaVLr7znw6IeH999py4
request client ip:  ::ffff:127.0.0.1
request query:  {"token":"eyJhbGciOiJIUzI1NiIsInR5cCI6IkpXVCJ9.eyJkYXRhIjp7ImlkIjoiYWVmNzA1OTAtODFmOC00ZWNiLTkyZjktY2QxYWFjNjk4YTQwIiwibmFtZSI6ImFkbWluIiwiZ2VuZGVyIjp0cnVlLCJlbWFpbCI6IjM3ODMzODYyN0BxcS5jb20ifSwiaWF0IjoxNTA5OTI5MjkzLCJleHAiOjE1MTAwMTU2OTN9.7U7cHP-xfu9cUogsTgVQ8S7_LaVLr7znw6IeH999py4"}
response time: 138
response status: 200
response body: 
{"status":0,"data":[{"name":"控股","description":"group2","status":1,"id":"8faf43ed-937f-4eaf-ae02-508acaad197a","createdAt":1509589944541,"updatedAt":1509589944541,"version":0},{"name":"管委会","description":"group1","status":1,"id":"d7a218e2-0de2-45a0-92fa-229713c660bb","createdAt":1509589944355,"updatedAt":1509589944355,"version":0}],"total":2}
*************** response log end ***************

[2017-11-06 15:01:53.158] [INFO] resLogger - 
*************** response log start ***************
request method: GET
request originalUrl:  /api/workers/list?token=eyJhbGciOiJIUzI1NiIsInR5cCI6IkpXVCJ9.eyJkYXRhIjp7ImlkIjoiYWVmNzA1OTAtODFmOC00ZWNiLTkyZjktY2QxYWFjNjk4YTQwIiwibmFtZSI6ImFkbWluIiwiZ2VuZGVyIjp0cnVlLCJlbWFpbCI6IjM3ODMzODYyN0BxcS5jb20ifSwiaWF0IjoxNTA5OTI5MjkzLCJleHAiOjE1MTAwMTU2OTN9.7U7cHP-xfu9cUogsTgVQ8S7_LaVLr7znw6IeH999py4
request client ip:  ::ffff:127.0.0.1
request query:  {"token":"eyJhbGciOiJIUzI1NiIsInR5cCI6IkpXVCJ9.eyJkYXRhIjp7ImlkIjoiYWVmNzA1OTAtODFmOC00ZWNiLTkyZjktY2QxYWFjNjk4YTQwIiwibmFtZSI6ImFkbWluIiwiZ2VuZGVyIjp0cnVlLCJlbWFpbCI6IjM3ODMzODYyN0BxcS5jb20ifSwiaWF0IjoxNTA5OTI5MjkzLCJleHAiOjE1MTAwMTU2OTN9.7U7cHP-xfu9cUogsTgVQ8S7_LaVLr7znw6IeH999py4"}
response time: 81
response status: 200
response body: 
{"status":0,"data":[{"name":"admin","email":"378338627@qq.com","phone":"15822927208","password":"$2a$10$orLNsPB1BpjxqYGXlQgdd.o1QE8bsRuoF6GgrmD.GLkRJrj0/x4ce","gender":true,"token":"eyJhbGciOiJIUzI1NiIsInR5cCI6IkpXVCJ9.eyJkYXRhIjp7ImlkIjoiYWVmNzA1OTAtODFmOC00ZWNiLTkyZjktY2QxYWFjNjk4YTQwIiwibmFtZSI6ImFkbWluIiwiZ2VuZGVyIjp0cnVlLCJlbWFpbCI6IjM3ODMzODYyN0BxcS5jb20ifSwiaWF0IjoxNTA5OTI5MjkzLCJleHAiOjE1MTAwMTU2OTN9.7U7cHP-xfu9cUogsTgVQ8S7_LaVLr7znw6IeH999py4","canLogin":true,"status":1,"id":"aef70590-81f8-4ecb-92f9-cd1aac698a40","createdAt":1509589944353,"updatedAt":1509929293475,"version":10,"worker":{"userId":"aef70590-81f8-4ecb-92f9-cd1aac698a40","id":"95c68a2c-931e-456c-9797-29457079bd29","createdAt":1509676992528,"updatedAt":1509676992528,"version":0}}]}
*************** response log end ***************

[2017-11-06 15:01:53.313] [INFO] resLogger - 
*************** response log start ***************
request method: GET
request originalUrl:  /api/corporations/list?token=eyJhbGciOiJIUzI1NiIsInR5cCI6IkpXVCJ9.eyJkYXRhIjp7ImlkIjoiYWVmNzA1OTAtODFmOC00ZWNiLTkyZjktY2QxYWFjNjk4YTQwIiwibmFtZSI6ImFkbWluIiwiZ2VuZGVyIjp0cnVlLCJlbWFpbCI6IjM3ODMzODYyN0BxcS5jb20ifSwiaWF0IjoxNTA5OTI5MjkzLCJleHAiOjE1MTAwMTU2OTN9.7U7cHP-xfu9cUogsTgVQ8S7_LaVLr7znw6IeH999py4&group=8faf43ed-937f-4eaf-ae02-508acaad197a
request client ip:  ::ffff:127.0.0.1
request query:  {"token":"eyJhbGciOiJIUzI1NiIsInR5cCI6IkpXVCJ9.eyJkYXRhIjp7ImlkIjoiYWVmNzA1OTAtODFmOC00ZWNiLTkyZjktY2QxYWFjNjk4YTQwIiwibmFtZSI6ImFkbWluIiwiZ2VuZGVyIjp0cnVlLCJlbWFpbCI6IjM3ODMzODYyN0BxcS5jb20ifSwiaWF0IjoxNTA5OTI5MjkzLCJleHAiOjE1MTAwMTU2OTN9.7U7cHP-xfu9cUogsTgVQ8S7_LaVLr7znw6IeH999py4","group":"8faf43ed-937f-4eaf-ae02-508acaad197a"}
response time: 64
response status: 200
response body: 
{"status":0,"data":[{"name":"控股公司","description":"控股公司","status":1,"groupId":"8faf43ed-937f-4eaf-ae02-508acaad197a","id":"4a98198f-fd53-4045-a73c-ed42d9627581","createdAt":1509589945819,"updatedAt":1509589945819,"version":0,"group":{"name":"控股","description":"group2","status":1,"id":"8faf43ed-937f-4eaf-ae02-508acaad197a","createdAt":1509589944541,"updatedAt":1509589944541,"version":0}}],"total":1}
*************** response log end ***************

[2017-11-06 15:01:53.367] [INFO] resLogger - 
*************** response log start ***************
request method: GET
request originalUrl:  /api/corpBuildings/list/4a98198f-fd53-4045-a73c-ed42d9627581?token=eyJhbGciOiJIUzI1NiIsInR5cCI6IkpXVCJ9.eyJkYXRhIjp7ImlkIjoiYWVmNzA1OTAtODFmOC00ZWNiLTkyZjktY2QxYWFjNjk4YTQwIiwibmFtZSI6ImFkbWluIiwiZ2VuZGVyIjp0cnVlLCJlbWFpbCI6IjM3ODMzODYyN0BxcS5jb20ifSwiaWF0IjoxNTA5OTI5MjkzLCJleHAiOjE1MTAwMTU2OTN9.7U7cHP-xfu9cUogsTgVQ8S7_LaVLr7znw6IeH999py4
request client ip:  ::ffff:127.0.0.1
request query:  {"token":"eyJhbGciOiJIUzI1NiIsInR5cCI6IkpXVCJ9.eyJkYXRhIjp7ImlkIjoiYWVmNzA1OTAtODFmOC00ZWNiLTkyZjktY2QxYWFjNjk4YTQwIiwibmFtZSI6ImFkbWluIiwiZ2VuZGVyIjp0cnVlLCJlbWFpbCI6IjM3ODMzODYyN0BxcS5jb20ifSwiaWF0IjoxNTA5OTI5MjkzLCJleHAiOjE1MTAwMTU2OTN9.7U7cHP-xfu9cUogsTgVQ8S7_LaVLr7znw6IeH999py4"}
response time: 38
response status: 200
response body: 
{"status":0,"data":[{"corporationId":"4a98198f-fd53-4045-a73c-ed42d9627581","buildingId":"48b83783-b17c-4c41-9169-9192cdd33cf1","floor":7,"position":"A","status":1,"id":"0ae26d4a-7d27-4152-a95c-12d5afecdff4","createdAt":1509589946003,"updatedAt":1509589946003,"version":0,"building":{"name":"商务大厦南楼","address":"南","minfloor":1,"maxfloor":15,"status":1,"id":"48b83783-b17c-4c41-9169-9192cdd33cf1","createdAt":1509589944667,"updatedAt":1509589944667,"version":0}},{"corporationId":"4a98198f-fd53-4045-a73c-ed42d9627581","buildingId":"48b83783-b17c-4c41-9169-9192cdd33cf1","floor":6,"position":"A","status":1,"id":"c8c9c4e5-1c21-4141-abac-e37832062360","createdAt":1509589945902,"updatedAt":1509589945902,"version":0,"building":{"name":"商务大厦南楼","address":"南","minfloor":1,"maxfloor":15,"status":1,"id":"48b83783-b17c-4c41-9169-9192cdd33cf1","createdAt":1509589944667,"updatedAt":1509589944667,"version":0}}],"total":0}
*************** response log end ***************

[2017-11-06 15:03:33.454] [INFO] resLogger - 
*************** response log start ***************
request method: GET
request originalUrl:  /api/user/?token=eyJhbGciOiJIUzI1NiIsInR5cCI6IkpXVCJ9.eyJkYXRhIjp7ImlkIjoiYWVmNzA1OTAtODFmOC00ZWNiLTkyZjktY2QxYWFjNjk4YTQwIiwibmFtZSI6ImFkbWluIiwiZ2VuZGVyIjp0cnVlLCJlbWFpbCI6IjM3ODMzODYyN0BxcS5jb20ifSwiaWF0IjoxNTA5OTI5MjkzLCJleHAiOjE1MTAwMTU2OTN9.7U7cHP-xfu9cUogsTgVQ8S7_LaVLr7znw6IeH999py4
request client ip:  ::ffff:127.0.0.1
request query:  {"token":"eyJhbGciOiJIUzI1NiIsInR5cCI6IkpXVCJ9.eyJkYXRhIjp7ImlkIjoiYWVmNzA1OTAtODFmOC00ZWNiLTkyZjktY2QxYWFjNjk4YTQwIiwibmFtZSI6ImFkbWluIiwiZ2VuZGVyIjp0cnVlLCJlbWFpbCI6IjM3ODMzODYyN0BxcS5jb20ifSwiaWF0IjoxNTA5OTI5MjkzLCJleHAiOjE1MTAwMTU2OTN9.7U7cHP-xfu9cUogsTgVQ8S7_LaVLr7znw6IeH999py4"}
response time: 136
response status: 200
response body: 
{"status":0,"data":{"name":"admin","email":"378338627@qq.com","phone":"15822927208","password":"$2a$10$orLNsPB1BpjxqYGXlQgdd.o1QE8bsRuoF6GgrmD.GLkRJrj0/x4ce","gender":true,"token":"eyJhbGciOiJIUzI1NiIsInR5cCI6IkpXVCJ9.eyJkYXRhIjp7ImlkIjoiYWVmNzA1OTAtODFmOC00ZWNiLTkyZjktY2QxYWFjNjk4YTQwIiwibmFtZSI6ImFkbWluIiwiZ2VuZGVyIjp0cnVlLCJlbWFpbCI6IjM3ODMzODYyN0BxcS5jb20ifSwiaWF0IjoxNTA5OTI5MjkzLCJleHAiOjE1MTAwMTU2OTN9.7U7cHP-xfu9cUogsTgVQ8S7_LaVLr7znw6IeH999py4","canLogin":true,"status":1,"id":"aef70590-81f8-4ecb-92f9-cd1aac698a40","createdAt":1509589944353,"updatedAt":1509929293475,"version":10}}
*************** response log end ***************

[2017-11-06 15:03:33.979] [INFO] resLogger - 
*************** response log start ***************
request method: GET
request originalUrl:  /api/groups/list?token=eyJhbGciOiJIUzI1NiIsInR5cCI6IkpXVCJ9.eyJkYXRhIjp7ImlkIjoiYWVmNzA1OTAtODFmOC00ZWNiLTkyZjktY2QxYWFjNjk4YTQwIiwibmFtZSI6ImFkbWluIiwiZ2VuZGVyIjp0cnVlLCJlbWFpbCI6IjM3ODMzODYyN0BxcS5jb20ifSwiaWF0IjoxNTA5OTI5MjkzLCJleHAiOjE1MTAwMTU2OTN9.7U7cHP-xfu9cUogsTgVQ8S7_LaVLr7znw6IeH999py4
request client ip:  ::ffff:127.0.0.1
request query:  {"token":"eyJhbGciOiJIUzI1NiIsInR5cCI6IkpXVCJ9.eyJkYXRhIjp7ImlkIjoiYWVmNzA1OTAtODFmOC00ZWNiLTkyZjktY2QxYWFjNjk4YTQwIiwibmFtZSI6ImFkbWluIiwiZ2VuZGVyIjp0cnVlLCJlbWFpbCI6IjM3ODMzODYyN0BxcS5jb20ifSwiaWF0IjoxNTA5OTI5MjkzLCJleHAiOjE1MTAwMTU2OTN9.7U7cHP-xfu9cUogsTgVQ8S7_LaVLr7znw6IeH999py4"}
response time: 170
response status: 200
response body: 
{"status":0,"data":[{"name":"控股","description":"group2","status":1,"id":"8faf43ed-937f-4eaf-ae02-508acaad197a","createdAt":1509589944541,"updatedAt":1509589944541,"version":0},{"name":"管委会","description":"group1","status":1,"id":"d7a218e2-0de2-45a0-92fa-229713c660bb","createdAt":1509589944355,"updatedAt":1509589944355,"version":0}],"total":2}
*************** response log end ***************

[2017-11-06 15:03:34.008] [INFO] resLogger - 
*************** response log start ***************
request method: GET
request originalUrl:  /api/workers/list?token=eyJhbGciOiJIUzI1NiIsInR5cCI6IkpXVCJ9.eyJkYXRhIjp7ImlkIjoiYWVmNzA1OTAtODFmOC00ZWNiLTkyZjktY2QxYWFjNjk4YTQwIiwibmFtZSI6ImFkbWluIiwiZ2VuZGVyIjp0cnVlLCJlbWFpbCI6IjM3ODMzODYyN0BxcS5jb20ifSwiaWF0IjoxNTA5OTI5MjkzLCJleHAiOjE1MTAwMTU2OTN9.7U7cHP-xfu9cUogsTgVQ8S7_LaVLr7znw6IeH999py4
request client ip:  ::ffff:127.0.0.1
request query:  {"token":"eyJhbGciOiJIUzI1NiIsInR5cCI6IkpXVCJ9.eyJkYXRhIjp7ImlkIjoiYWVmNzA1OTAtODFmOC00ZWNiLTkyZjktY2QxYWFjNjk4YTQwIiwibmFtZSI6ImFkbWluIiwiZ2VuZGVyIjp0cnVlLCJlbWFpbCI6IjM3ODMzODYyN0BxcS5jb20ifSwiaWF0IjoxNTA5OTI5MjkzLCJleHAiOjE1MTAwMTU2OTN9.7U7cHP-xfu9cUogsTgVQ8S7_LaVLr7znw6IeH999py4"}
response time: 110
response status: 200
response body: 
{"status":0,"data":[{"name":"admin","email":"378338627@qq.com","phone":"15822927208","password":"$2a$10$orLNsPB1BpjxqYGXlQgdd.o1QE8bsRuoF6GgrmD.GLkRJrj0/x4ce","gender":true,"token":"eyJhbGciOiJIUzI1NiIsInR5cCI6IkpXVCJ9.eyJkYXRhIjp7ImlkIjoiYWVmNzA1OTAtODFmOC00ZWNiLTkyZjktY2QxYWFjNjk4YTQwIiwibmFtZSI6ImFkbWluIiwiZ2VuZGVyIjp0cnVlLCJlbWFpbCI6IjM3ODMzODYyN0BxcS5jb20ifSwiaWF0IjoxNTA5OTI5MjkzLCJleHAiOjE1MTAwMTU2OTN9.7U7cHP-xfu9cUogsTgVQ8S7_LaVLr7znw6IeH999py4","canLogin":true,"status":1,"id":"aef70590-81f8-4ecb-92f9-cd1aac698a40","createdAt":1509589944353,"updatedAt":1509929293475,"version":10,"worker":{"userId":"aef70590-81f8-4ecb-92f9-cd1aac698a40","id":"95c68a2c-931e-456c-9797-29457079bd29","createdAt":1509676992528,"updatedAt":1509676992528,"version":0}}]}
*************** response log end ***************

[2017-11-06 15:03:34.408] [INFO] resLogger - 
*************** response log start ***************
request method: GET
request originalUrl:  /api/corporations/list?token=eyJhbGciOiJIUzI1NiIsInR5cCI6IkpXVCJ9.eyJkYXRhIjp7ImlkIjoiYWVmNzA1OTAtODFmOC00ZWNiLTkyZjktY2QxYWFjNjk4YTQwIiwibmFtZSI6ImFkbWluIiwiZ2VuZGVyIjp0cnVlLCJlbWFpbCI6IjM3ODMzODYyN0BxcS5jb20ifSwiaWF0IjoxNTA5OTI5MjkzLCJleHAiOjE1MTAwMTU2OTN9.7U7cHP-xfu9cUogsTgVQ8S7_LaVLr7znw6IeH999py4&group=8faf43ed-937f-4eaf-ae02-508acaad197a
request client ip:  ::ffff:127.0.0.1
request query:  {"token":"eyJhbGciOiJIUzI1NiIsInR5cCI6IkpXVCJ9.eyJkYXRhIjp7ImlkIjoiYWVmNzA1OTAtODFmOC00ZWNiLTkyZjktY2QxYWFjNjk4YTQwIiwibmFtZSI6ImFkbWluIiwiZ2VuZGVyIjp0cnVlLCJlbWFpbCI6IjM3ODMzODYyN0BxcS5jb20ifSwiaWF0IjoxNTA5OTI5MjkzLCJleHAiOjE1MTAwMTU2OTN9.7U7cHP-xfu9cUogsTgVQ8S7_LaVLr7znw6IeH999py4","group":"8faf43ed-937f-4eaf-ae02-508acaad197a"}
response time: 113
response status: 200
response body: 
{"status":0,"data":[{"name":"控股公司","description":"控股公司","status":1,"groupId":"8faf43ed-937f-4eaf-ae02-508acaad197a","id":"4a98198f-fd53-4045-a73c-ed42d9627581","createdAt":1509589945819,"updatedAt":1509589945819,"version":0,"group":{"name":"控股","description":"group2","status":1,"id":"8faf43ed-937f-4eaf-ae02-508acaad197a","createdAt":1509589944541,"updatedAt":1509589944541,"version":0}}],"total":1}
*************** response log end ***************

[2017-11-06 15:03:34.516] [INFO] resLogger - 
*************** response log start ***************
request method: GET
request originalUrl:  /api/corpBuildings/list/4a98198f-fd53-4045-a73c-ed42d9627581?token=eyJhbGciOiJIUzI1NiIsInR5cCI6IkpXVCJ9.eyJkYXRhIjp7ImlkIjoiYWVmNzA1OTAtODFmOC00ZWNiLTkyZjktY2QxYWFjNjk4YTQwIiwibmFtZSI6ImFkbWluIiwiZ2VuZGVyIjp0cnVlLCJlbWFpbCI6IjM3ODMzODYyN0BxcS5jb20ifSwiaWF0IjoxNTA5OTI5MjkzLCJleHAiOjE1MTAwMTU2OTN9.7U7cHP-xfu9cUogsTgVQ8S7_LaVLr7znw6IeH999py4
request client ip:  ::ffff:127.0.0.1
request query:  {"token":"eyJhbGciOiJIUzI1NiIsInR5cCI6IkpXVCJ9.eyJkYXRhIjp7ImlkIjoiYWVmNzA1OTAtODFmOC00ZWNiLTkyZjktY2QxYWFjNjk4YTQwIiwibmFtZSI6ImFkbWluIiwiZ2VuZGVyIjp0cnVlLCJlbWFpbCI6IjM3ODMzODYyN0BxcS5jb20ifSwiaWF0IjoxNTA5OTI5MjkzLCJleHAiOjE1MTAwMTU2OTN9.7U7cHP-xfu9cUogsTgVQ8S7_LaVLr7znw6IeH999py4"}
response time: 57
response status: 200
response body: 
{"status":0,"data":[{"corporationId":"4a98198f-fd53-4045-a73c-ed42d9627581","buildingId":"48b83783-b17c-4c41-9169-9192cdd33cf1","floor":7,"position":"A","status":1,"id":"0ae26d4a-7d27-4152-a95c-12d5afecdff4","createdAt":1509589946003,"updatedAt":1509589946003,"version":0,"building":{"name":"商务大厦南楼","address":"南","minfloor":1,"maxfloor":15,"status":1,"id":"48b83783-b17c-4c41-9169-9192cdd33cf1","createdAt":1509589944667,"updatedAt":1509589944667,"version":0}},{"corporationId":"4a98198f-fd53-4045-a73c-ed42d9627581","buildingId":"48b83783-b17c-4c41-9169-9192cdd33cf1","floor":6,"position":"A","status":1,"id":"c8c9c4e5-1c21-4141-abac-e37832062360","createdAt":1509589945902,"updatedAt":1509589945902,"version":0,"building":{"name":"商务大厦南楼","address":"南","minfloor":1,"maxfloor":15,"status":1,"id":"48b83783-b17c-4c41-9169-9192cdd33cf1","createdAt":1509589944667,"updatedAt":1509589944667,"version":0}}],"total":0}
*************** response log end ***************

[2017-11-06 15:04:11.374] [INFO] resLogger - 
*************** response log start ***************
request method: GET
request originalUrl:  /api/user/?token=eyJhbGciOiJIUzI1NiIsInR5cCI6IkpXVCJ9.eyJkYXRhIjp7ImlkIjoiYWVmNzA1OTAtODFmOC00ZWNiLTkyZjktY2QxYWFjNjk4YTQwIiwibmFtZSI6ImFkbWluIiwiZ2VuZGVyIjp0cnVlLCJlbWFpbCI6IjM3ODMzODYyN0BxcS5jb20ifSwiaWF0IjoxNTA5OTI5MjkzLCJleHAiOjE1MTAwMTU2OTN9.7U7cHP-xfu9cUogsTgVQ8S7_LaVLr7znw6IeH999py4
request client ip:  ::ffff:127.0.0.1
request query:  {"token":"eyJhbGciOiJIUzI1NiIsInR5cCI6IkpXVCJ9.eyJkYXRhIjp7ImlkIjoiYWVmNzA1OTAtODFmOC00ZWNiLTkyZjktY2QxYWFjNjk4YTQwIiwibmFtZSI6ImFkbWluIiwiZ2VuZGVyIjp0cnVlLCJlbWFpbCI6IjM3ODMzODYyN0BxcS5jb20ifSwiaWF0IjoxNTA5OTI5MjkzLCJleHAiOjE1MTAwMTU2OTN9.7U7cHP-xfu9cUogsTgVQ8S7_LaVLr7znw6IeH999py4"}
response time: 109
response status: 200
response body: 
{"status":0,"data":{"name":"admin","email":"378338627@qq.com","phone":"15822927208","password":"$2a$10$orLNsPB1BpjxqYGXlQgdd.o1QE8bsRuoF6GgrmD.GLkRJrj0/x4ce","gender":true,"token":"eyJhbGciOiJIUzI1NiIsInR5cCI6IkpXVCJ9.eyJkYXRhIjp7ImlkIjoiYWVmNzA1OTAtODFmOC00ZWNiLTkyZjktY2QxYWFjNjk4YTQwIiwibmFtZSI6ImFkbWluIiwiZ2VuZGVyIjp0cnVlLCJlbWFpbCI6IjM3ODMzODYyN0BxcS5jb20ifSwiaWF0IjoxNTA5OTI5MjkzLCJleHAiOjE1MTAwMTU2OTN9.7U7cHP-xfu9cUogsTgVQ8S7_LaVLr7znw6IeH999py4","canLogin":true,"status":1,"id":"aef70590-81f8-4ecb-92f9-cd1aac698a40","createdAt":1509589944353,"updatedAt":1509929293475,"version":10}}
*************** response log end ***************

[2017-11-06 15:04:11.745] [INFO] resLogger - 
*************** response log start ***************
request method: GET
request originalUrl:  /api/groups/list?token=eyJhbGciOiJIUzI1NiIsInR5cCI6IkpXVCJ9.eyJkYXRhIjp7ImlkIjoiYWVmNzA1OTAtODFmOC00ZWNiLTkyZjktY2QxYWFjNjk4YTQwIiwibmFtZSI6ImFkbWluIiwiZ2VuZGVyIjp0cnVlLCJlbWFpbCI6IjM3ODMzODYyN0BxcS5jb20ifSwiaWF0IjoxNTA5OTI5MjkzLCJleHAiOjE1MTAwMTU2OTN9.7U7cHP-xfu9cUogsTgVQ8S7_LaVLr7znw6IeH999py4
request client ip:  ::ffff:127.0.0.1
request query:  {"token":"eyJhbGciOiJIUzI1NiIsInR5cCI6IkpXVCJ9.eyJkYXRhIjp7ImlkIjoiYWVmNzA1OTAtODFmOC00ZWNiLTkyZjktY2QxYWFjNjk4YTQwIiwibmFtZSI6ImFkbWluIiwiZ2VuZGVyIjp0cnVlLCJlbWFpbCI6IjM3ODMzODYyN0BxcS5jb20ifSwiaWF0IjoxNTA5OTI5MjkzLCJleHAiOjE1MTAwMTU2OTN9.7U7cHP-xfu9cUogsTgVQ8S7_LaVLr7znw6IeH999py4"}
response time: 137
response status: 200
response body: 
{"status":0,"data":[{"name":"控股","description":"group2","status":1,"id":"8faf43ed-937f-4eaf-ae02-508acaad197a","createdAt":1509589944541,"updatedAt":1509589944541,"version":0},{"name":"管委会","description":"group1","status":1,"id":"d7a218e2-0de2-45a0-92fa-229713c660bb","createdAt":1509589944355,"updatedAt":1509589944355,"version":0}],"total":2}
*************** response log end ***************

[2017-11-06 15:04:11.767] [INFO] resLogger - 
*************** response log start ***************
request method: GET
request originalUrl:  /api/workers/list?token=eyJhbGciOiJIUzI1NiIsInR5cCI6IkpXVCJ9.eyJkYXRhIjp7ImlkIjoiYWVmNzA1OTAtODFmOC00ZWNiLTkyZjktY2QxYWFjNjk4YTQwIiwibmFtZSI6ImFkbWluIiwiZ2VuZGVyIjp0cnVlLCJlbWFpbCI6IjM3ODMzODYyN0BxcS5jb20ifSwiaWF0IjoxNTA5OTI5MjkzLCJleHAiOjE1MTAwMTU2OTN9.7U7cHP-xfu9cUogsTgVQ8S7_LaVLr7znw6IeH999py4
request client ip:  ::ffff:127.0.0.1
request query:  {"token":"eyJhbGciOiJIUzI1NiIsInR5cCI6IkpXVCJ9.eyJkYXRhIjp7ImlkIjoiYWVmNzA1OTAtODFmOC00ZWNiLTkyZjktY2QxYWFjNjk4YTQwIiwibmFtZSI6ImFkbWluIiwiZ2VuZGVyIjp0cnVlLCJlbWFpbCI6IjM3ODMzODYyN0BxcS5jb20ifSwiaWF0IjoxNTA5OTI5MjkzLCJleHAiOjE1MTAwMTU2OTN9.7U7cHP-xfu9cUogsTgVQ8S7_LaVLr7znw6IeH999py4"}
response time: 82
response status: 200
response body: 
{"status":0,"data":[{"name":"admin","email":"378338627@qq.com","phone":"15822927208","password":"$2a$10$orLNsPB1BpjxqYGXlQgdd.o1QE8bsRuoF6GgrmD.GLkRJrj0/x4ce","gender":true,"token":"eyJhbGciOiJIUzI1NiIsInR5cCI6IkpXVCJ9.eyJkYXRhIjp7ImlkIjoiYWVmNzA1OTAtODFmOC00ZWNiLTkyZjktY2QxYWFjNjk4YTQwIiwibmFtZSI6ImFkbWluIiwiZ2VuZGVyIjp0cnVlLCJlbWFpbCI6IjM3ODMzODYyN0BxcS5jb20ifSwiaWF0IjoxNTA5OTI5MjkzLCJleHAiOjE1MTAwMTU2OTN9.7U7cHP-xfu9cUogsTgVQ8S7_LaVLr7znw6IeH999py4","canLogin":true,"status":1,"id":"aef70590-81f8-4ecb-92f9-cd1aac698a40","createdAt":1509589944353,"updatedAt":1509929293475,"version":10,"worker":{"userId":"aef70590-81f8-4ecb-92f9-cd1aac698a40","id":"95c68a2c-931e-456c-9797-29457079bd29","createdAt":1509676992528,"updatedAt":1509676992528,"version":0}}]}
*************** response log end ***************

[2017-11-06 15:04:12.038] [INFO] resLogger - 
*************** response log start ***************
request method: GET
request originalUrl:  /api/corporations/list?token=eyJhbGciOiJIUzI1NiIsInR5cCI6IkpXVCJ9.eyJkYXRhIjp7ImlkIjoiYWVmNzA1OTAtODFmOC00ZWNiLTkyZjktY2QxYWFjNjk4YTQwIiwibmFtZSI6ImFkbWluIiwiZ2VuZGVyIjp0cnVlLCJlbWFpbCI6IjM3ODMzODYyN0BxcS5jb20ifSwiaWF0IjoxNTA5OTI5MjkzLCJleHAiOjE1MTAwMTU2OTN9.7U7cHP-xfu9cUogsTgVQ8S7_LaVLr7znw6IeH999py4&group=8faf43ed-937f-4eaf-ae02-508acaad197a
request client ip:  ::ffff:127.0.0.1
request query:  {"token":"eyJhbGciOiJIUzI1NiIsInR5cCI6IkpXVCJ9.eyJkYXRhIjp7ImlkIjoiYWVmNzA1OTAtODFmOC00ZWNiLTkyZjktY2QxYWFjNjk4YTQwIiwibmFtZSI6ImFkbWluIiwiZ2VuZGVyIjp0cnVlLCJlbWFpbCI6IjM3ODMzODYyN0BxcS5jb20ifSwiaWF0IjoxNTA5OTI5MjkzLCJleHAiOjE1MTAwMTU2OTN9.7U7cHP-xfu9cUogsTgVQ8S7_LaVLr7znw6IeH999py4","group":"8faf43ed-937f-4eaf-ae02-508acaad197a"}
response time: 113
response status: 200
response body: 
{"status":0,"data":[{"name":"控股公司","description":"控股公司","status":1,"groupId":"8faf43ed-937f-4eaf-ae02-508acaad197a","id":"4a98198f-fd53-4045-a73c-ed42d9627581","createdAt":1509589945819,"updatedAt":1509589945819,"version":0,"group":{"name":"控股","description":"group2","status":1,"id":"8faf43ed-937f-4eaf-ae02-508acaad197a","createdAt":1509589944541,"updatedAt":1509589944541,"version":0}}],"total":1}
*************** response log end ***************

[2017-11-06 15:04:12.127] [INFO] resLogger - 
*************** response log start ***************
request method: GET
request originalUrl:  /api/corpBuildings/list/4a98198f-fd53-4045-a73c-ed42d9627581?token=eyJhbGciOiJIUzI1NiIsInR5cCI6IkpXVCJ9.eyJkYXRhIjp7ImlkIjoiYWVmNzA1OTAtODFmOC00ZWNiLTkyZjktY2QxYWFjNjk4YTQwIiwibmFtZSI6ImFkbWluIiwiZ2VuZGVyIjp0cnVlLCJlbWFpbCI6IjM3ODMzODYyN0BxcS5jb20ifSwiaWF0IjoxNTA5OTI5MjkzLCJleHAiOjE1MTAwMTU2OTN9.7U7cHP-xfu9cUogsTgVQ8S7_LaVLr7znw6IeH999py4
request client ip:  ::ffff:127.0.0.1
request query:  {"token":"eyJhbGciOiJIUzI1NiIsInR5cCI6IkpXVCJ9.eyJkYXRhIjp7ImlkIjoiYWVmNzA1OTAtODFmOC00ZWNiLTkyZjktY2QxYWFjNjk4YTQwIiwibmFtZSI6ImFkbWluIiwiZ2VuZGVyIjp0cnVlLCJlbWFpbCI6IjM3ODMzODYyN0BxcS5jb20ifSwiaWF0IjoxNTA5OTI5MjkzLCJleHAiOjE1MTAwMTU2OTN9.7U7cHP-xfu9cUogsTgVQ8S7_LaVLr7znw6IeH999py4"}
response time: 66
response status: 200
response body: 
{"status":0,"data":[{"corporationId":"4a98198f-fd53-4045-a73c-ed42d9627581","buildingId":"48b83783-b17c-4c41-9169-9192cdd33cf1","floor":7,"position":"A","status":1,"id":"0ae26d4a-7d27-4152-a95c-12d5afecdff4","createdAt":1509589946003,"updatedAt":1509589946003,"version":0,"building":{"name":"商务大厦南楼","address":"南","minfloor":1,"maxfloor":15,"status":1,"id":"48b83783-b17c-4c41-9169-9192cdd33cf1","createdAt":1509589944667,"updatedAt":1509589944667,"version":0}},{"corporationId":"4a98198f-fd53-4045-a73c-ed42d9627581","buildingId":"48b83783-b17c-4c41-9169-9192cdd33cf1","floor":6,"position":"A","status":1,"id":"c8c9c4e5-1c21-4141-abac-e37832062360","createdAt":1509589945902,"updatedAt":1509589945902,"version":0,"building":{"name":"商务大厦南楼","address":"南","minfloor":1,"maxfloor":15,"status":1,"id":"48b83783-b17c-4c41-9169-9192cdd33cf1","createdAt":1509589944667,"updatedAt":1509589944667,"version":0}}],"total":0}
*************** response log end ***************

[2017-11-06 15:20:15.177] [INFO] resLogger - 
*************** response log start ***************
request method: GET
request originalUrl:  /api/user/?token=eyJhbGciOiJIUzI1NiIsInR5cCI6IkpXVCJ9.eyJkYXRhIjp7ImlkIjoiYWVmNzA1OTAtODFmOC00ZWNiLTkyZjktY2QxYWFjNjk4YTQwIiwibmFtZSI6ImFkbWluIiwiZ2VuZGVyIjp0cnVlLCJlbWFpbCI6IjM3ODMzODYyN0BxcS5jb20ifSwiaWF0IjoxNTA5OTI5MjkzLCJleHAiOjE1MTAwMTU2OTN9.7U7cHP-xfu9cUogsTgVQ8S7_LaVLr7znw6IeH999py4
request client ip:  ::ffff:127.0.0.1
request query:  {"token":"eyJhbGciOiJIUzI1NiIsInR5cCI6IkpXVCJ9.eyJkYXRhIjp7ImlkIjoiYWVmNzA1OTAtODFmOC00ZWNiLTkyZjktY2QxYWFjNjk4YTQwIiwibmFtZSI6ImFkbWluIiwiZ2VuZGVyIjp0cnVlLCJlbWFpbCI6IjM3ODMzODYyN0BxcS5jb20ifSwiaWF0IjoxNTA5OTI5MjkzLCJleHAiOjE1MTAwMTU2OTN9.7U7cHP-xfu9cUogsTgVQ8S7_LaVLr7znw6IeH999py4"}
response time: 76
response status: 200
response body: 
{"status":0,"data":{"name":"admin","email":"378338627@qq.com","phone":"15822927208","password":"$2a$10$orLNsPB1BpjxqYGXlQgdd.o1QE8bsRuoF6GgrmD.GLkRJrj0/x4ce","gender":true,"token":"eyJhbGciOiJIUzI1NiIsInR5cCI6IkpXVCJ9.eyJkYXRhIjp7ImlkIjoiYWVmNzA1OTAtODFmOC00ZWNiLTkyZjktY2QxYWFjNjk4YTQwIiwibmFtZSI6ImFkbWluIiwiZ2VuZGVyIjp0cnVlLCJlbWFpbCI6IjM3ODMzODYyN0BxcS5jb20ifSwiaWF0IjoxNTA5OTI5MjkzLCJleHAiOjE1MTAwMTU2OTN9.7U7cHP-xfu9cUogsTgVQ8S7_LaVLr7znw6IeH999py4","canLogin":true,"status":1,"id":"aef70590-81f8-4ecb-92f9-cd1aac698a40","createdAt":1509589944353,"updatedAt":1509929293475,"version":10}}
*************** response log end ***************

[2017-11-06 15:20:15.661] [INFO] resLogger - 
*************** response log start ***************
request method: GET
request originalUrl:  /api/groups/list?token=eyJhbGciOiJIUzI1NiIsInR5cCI6IkpXVCJ9.eyJkYXRhIjp7ImlkIjoiYWVmNzA1OTAtODFmOC00ZWNiLTkyZjktY2QxYWFjNjk4YTQwIiwibmFtZSI6ImFkbWluIiwiZ2VuZGVyIjp0cnVlLCJlbWFpbCI6IjM3ODMzODYyN0BxcS5jb20ifSwiaWF0IjoxNTA5OTI5MjkzLCJleHAiOjE1MTAwMTU2OTN9.7U7cHP-xfu9cUogsTgVQ8S7_LaVLr7znw6IeH999py4
request client ip:  ::ffff:127.0.0.1
request query:  {"token":"eyJhbGciOiJIUzI1NiIsInR5cCI6IkpXVCJ9.eyJkYXRhIjp7ImlkIjoiYWVmNzA1OTAtODFmOC00ZWNiLTkyZjktY2QxYWFjNjk4YTQwIiwibmFtZSI6ImFkbWluIiwiZ2VuZGVyIjp0cnVlLCJlbWFpbCI6IjM3ODMzODYyN0BxcS5jb20ifSwiaWF0IjoxNTA5OTI5MjkzLCJleHAiOjE1MTAwMTU2OTN9.7U7cHP-xfu9cUogsTgVQ8S7_LaVLr7znw6IeH999py4"}
response time: 95
response status: 200
response body: 
{"status":0,"data":[{"name":"控股","description":"group2","status":1,"id":"8faf43ed-937f-4eaf-ae02-508acaad197a","createdAt":1509589944541,"updatedAt":1509589944541,"version":0},{"name":"管委会","description":"group1","status":1,"id":"d7a218e2-0de2-45a0-92fa-229713c660bb","createdAt":1509589944355,"updatedAt":1509589944355,"version":0}],"total":2}
*************** response log end ***************

[2017-11-06 15:20:15.722] [INFO] resLogger - 
*************** response log start ***************
request method: GET
request originalUrl:  /api/workers/list?token=eyJhbGciOiJIUzI1NiIsInR5cCI6IkpXVCJ9.eyJkYXRhIjp7ImlkIjoiYWVmNzA1OTAtODFmOC00ZWNiLTkyZjktY2QxYWFjNjk4YTQwIiwibmFtZSI6ImFkbWluIiwiZ2VuZGVyIjp0cnVlLCJlbWFpbCI6IjM3ODMzODYyN0BxcS5jb20ifSwiaWF0IjoxNTA5OTI5MjkzLCJleHAiOjE1MTAwMTU2OTN9.7U7cHP-xfu9cUogsTgVQ8S7_LaVLr7znw6IeH999py4
request client ip:  ::ffff:127.0.0.1
request query:  {"token":"eyJhbGciOiJIUzI1NiIsInR5cCI6IkpXVCJ9.eyJkYXRhIjp7ImlkIjoiYWVmNzA1OTAtODFmOC00ZWNiLTkyZjktY2QxYWFjNjk4YTQwIiwibmFtZSI6ImFkbWluIiwiZ2VuZGVyIjp0cnVlLCJlbWFpbCI6IjM3ODMzODYyN0BxcS5jb20ifSwiaWF0IjoxNTA5OTI5MjkzLCJleHAiOjE1MTAwMTU2OTN9.7U7cHP-xfu9cUogsTgVQ8S7_LaVLr7znw6IeH999py4"}
response time: 59
response status: 200
response body: 
{"status":0,"data":[{"name":"admin","email":"378338627@qq.com","phone":"15822927208","password":"$2a$10$orLNsPB1BpjxqYGXlQgdd.o1QE8bsRuoF6GgrmD.GLkRJrj0/x4ce","gender":true,"token":"eyJhbGciOiJIUzI1NiIsInR5cCI6IkpXVCJ9.eyJkYXRhIjp7ImlkIjoiYWVmNzA1OTAtODFmOC00ZWNiLTkyZjktY2QxYWFjNjk4YTQwIiwibmFtZSI6ImFkbWluIiwiZ2VuZGVyIjp0cnVlLCJlbWFpbCI6IjM3ODMzODYyN0BxcS5jb20ifSwiaWF0IjoxNTA5OTI5MjkzLCJleHAiOjE1MTAwMTU2OTN9.7U7cHP-xfu9cUogsTgVQ8S7_LaVLr7znw6IeH999py4","canLogin":true,"status":1,"id":"aef70590-81f8-4ecb-92f9-cd1aac698a40","createdAt":1509589944353,"updatedAt":1509929293475,"version":10,"worker":{"userId":"aef70590-81f8-4ecb-92f9-cd1aac698a40","id":"95c68a2c-931e-456c-9797-29457079bd29","createdAt":1509676992528,"updatedAt":1509676992528,"version":0}}]}
*************** response log end ***************

[2017-11-06 15:20:15.959] [INFO] resLogger - 
*************** response log start ***************
request method: GET
request originalUrl:  /api/corporations/list?token=eyJhbGciOiJIUzI1NiIsInR5cCI6IkpXVCJ9.eyJkYXRhIjp7ImlkIjoiYWVmNzA1OTAtODFmOC00ZWNiLTkyZjktY2QxYWFjNjk4YTQwIiwibmFtZSI6ImFkbWluIiwiZ2VuZGVyIjp0cnVlLCJlbWFpbCI6IjM3ODMzODYyN0BxcS5jb20ifSwiaWF0IjoxNTA5OTI5MjkzLCJleHAiOjE1MTAwMTU2OTN9.7U7cHP-xfu9cUogsTgVQ8S7_LaVLr7znw6IeH999py4&group=8faf43ed-937f-4eaf-ae02-508acaad197a
request client ip:  ::ffff:127.0.0.1
request query:  {"token":"eyJhbGciOiJIUzI1NiIsInR5cCI6IkpXVCJ9.eyJkYXRhIjp7ImlkIjoiYWVmNzA1OTAtODFmOC00ZWNiLTkyZjktY2QxYWFjNjk4YTQwIiwibmFtZSI6ImFkbWluIiwiZ2VuZGVyIjp0cnVlLCJlbWFpbCI6IjM3ODMzODYyN0BxcS5jb20ifSwiaWF0IjoxNTA5OTI5MjkzLCJleHAiOjE1MTAwMTU2OTN9.7U7cHP-xfu9cUogsTgVQ8S7_LaVLr7znw6IeH999py4","group":"8faf43ed-937f-4eaf-ae02-508acaad197a"}
response time: 65
response status: 200
response body: 
{"status":0,"data":[{"name":"控股公司","description":"控股公司","status":1,"groupId":"8faf43ed-937f-4eaf-ae02-508acaad197a","id":"4a98198f-fd53-4045-a73c-ed42d9627581","createdAt":1509589945819,"updatedAt":1509589945819,"version":0,"group":{"name":"控股","description":"group2","status":1,"id":"8faf43ed-937f-4eaf-ae02-508acaad197a","createdAt":1509589944541,"updatedAt":1509589944541,"version":0}}],"total":1}
*************** response log end ***************

[2017-11-06 15:20:16.021] [INFO] resLogger - 
*************** response log start ***************
request method: GET
request originalUrl:  /api/corpBuildings/list/4a98198f-fd53-4045-a73c-ed42d9627581?token=eyJhbGciOiJIUzI1NiIsInR5cCI6IkpXVCJ9.eyJkYXRhIjp7ImlkIjoiYWVmNzA1OTAtODFmOC00ZWNiLTkyZjktY2QxYWFjNjk4YTQwIiwibmFtZSI6ImFkbWluIiwiZ2VuZGVyIjp0cnVlLCJlbWFpbCI6IjM3ODMzODYyN0BxcS5jb20ifSwiaWF0IjoxNTA5OTI5MjkzLCJleHAiOjE1MTAwMTU2OTN9.7U7cHP-xfu9cUogsTgVQ8S7_LaVLr7znw6IeH999py4
request client ip:  ::ffff:127.0.0.1
request query:  {"token":"eyJhbGciOiJIUzI1NiIsInR5cCI6IkpXVCJ9.eyJkYXRhIjp7ImlkIjoiYWVmNzA1OTAtODFmOC00ZWNiLTkyZjktY2QxYWFjNjk4YTQwIiwibmFtZSI6ImFkbWluIiwiZ2VuZGVyIjp0cnVlLCJlbWFpbCI6IjM3ODMzODYyN0BxcS5jb20ifSwiaWF0IjoxNTA5OTI5MjkzLCJleHAiOjE1MTAwMTU2OTN9.7U7cHP-xfu9cUogsTgVQ8S7_LaVLr7znw6IeH999py4"}
response time: 48
response status: 200
response body: 
{"status":0,"data":[{"corporationId":"4a98198f-fd53-4045-a73c-ed42d9627581","buildingId":"48b83783-b17c-4c41-9169-9192cdd33cf1","floor":7,"position":"A","status":1,"id":"0ae26d4a-7d27-4152-a95c-12d5afecdff4","createdAt":1509589946003,"updatedAt":1509589946003,"version":0,"building":{"name":"商务大厦南楼","address":"南","minfloor":1,"maxfloor":15,"status":1,"id":"48b83783-b17c-4c41-9169-9192cdd33cf1","createdAt":1509589944667,"updatedAt":1509589944667,"version":0}},{"corporationId":"4a98198f-fd53-4045-a73c-ed42d9627581","buildingId":"48b83783-b17c-4c41-9169-9192cdd33cf1","floor":6,"position":"A","status":1,"id":"c8c9c4e5-1c21-4141-abac-e37832062360","createdAt":1509589945902,"updatedAt":1509589945902,"version":0,"building":{"name":"商务大厦南楼","address":"南","minfloor":1,"maxfloor":15,"status":1,"id":"48b83783-b17c-4c41-9169-9192cdd33cf1","createdAt":1509589944667,"updatedAt":1509589944667,"version":0}}],"total":0}
*************** response log end ***************

[2017-11-06 15:20:26.230] [INFO] resLogger - 
*************** response log start ***************
request method: GET
request originalUrl:  /api/user/?token=eyJhbGciOiJIUzI1NiIsInR5cCI6IkpXVCJ9.eyJkYXRhIjp7ImlkIjoiYWVmNzA1OTAtODFmOC00ZWNiLTkyZjktY2QxYWFjNjk4YTQwIiwibmFtZSI6ImFkbWluIiwiZ2VuZGVyIjp0cnVlLCJlbWFpbCI6IjM3ODMzODYyN0BxcS5jb20ifSwiaWF0IjoxNTA5OTI5MjkzLCJleHAiOjE1MTAwMTU2OTN9.7U7cHP-xfu9cUogsTgVQ8S7_LaVLr7znw6IeH999py4
request client ip:  ::ffff:127.0.0.1
request query:  {"token":"eyJhbGciOiJIUzI1NiIsInR5cCI6IkpXVCJ9.eyJkYXRhIjp7ImlkIjoiYWVmNzA1OTAtODFmOC00ZWNiLTkyZjktY2QxYWFjNjk4YTQwIiwibmFtZSI6ImFkbWluIiwiZ2VuZGVyIjp0cnVlLCJlbWFpbCI6IjM3ODMzODYyN0BxcS5jb20ifSwiaWF0IjoxNTA5OTI5MjkzLCJleHAiOjE1MTAwMTU2OTN9.7U7cHP-xfu9cUogsTgVQ8S7_LaVLr7znw6IeH999py4"}
response time: 78
response status: 200
response body: 
{"status":0,"data":{"name":"admin","email":"378338627@qq.com","phone":"15822927208","password":"$2a$10$orLNsPB1BpjxqYGXlQgdd.o1QE8bsRuoF6GgrmD.GLkRJrj0/x4ce","gender":true,"token":"eyJhbGciOiJIUzI1NiIsInR5cCI6IkpXVCJ9.eyJkYXRhIjp7ImlkIjoiYWVmNzA1OTAtODFmOC00ZWNiLTkyZjktY2QxYWFjNjk4YTQwIiwibmFtZSI6ImFkbWluIiwiZ2VuZGVyIjp0cnVlLCJlbWFpbCI6IjM3ODMzODYyN0BxcS5jb20ifSwiaWF0IjoxNTA5OTI5MjkzLCJleHAiOjE1MTAwMTU2OTN9.7U7cHP-xfu9cUogsTgVQ8S7_LaVLr7znw6IeH999py4","canLogin":true,"status":1,"id":"aef70590-81f8-4ecb-92f9-cd1aac698a40","createdAt":1509589944353,"updatedAt":1509929293475,"version":10}}
*************** response log end ***************

[2017-11-06 15:20:26.773] [INFO] resLogger - 
*************** response log start ***************
request method: GET
request originalUrl:  /api/groups/list?token=eyJhbGciOiJIUzI1NiIsInR5cCI6IkpXVCJ9.eyJkYXRhIjp7ImlkIjoiYWVmNzA1OTAtODFmOC00ZWNiLTkyZjktY2QxYWFjNjk4YTQwIiwibmFtZSI6ImFkbWluIiwiZ2VuZGVyIjp0cnVlLCJlbWFpbCI6IjM3ODMzODYyN0BxcS5jb20ifSwiaWF0IjoxNTA5OTI5MjkzLCJleHAiOjE1MTAwMTU2OTN9.7U7cHP-xfu9cUogsTgVQ8S7_LaVLr7znw6IeH999py4
request client ip:  ::ffff:127.0.0.1
request query:  {"token":"eyJhbGciOiJIUzI1NiIsInR5cCI6IkpXVCJ9.eyJkYXRhIjp7ImlkIjoiYWVmNzA1OTAtODFmOC00ZWNiLTkyZjktY2QxYWFjNjk4YTQwIiwibmFtZSI6ImFkbWluIiwiZ2VuZGVyIjp0cnVlLCJlbWFpbCI6IjM3ODMzODYyN0BxcS5jb20ifSwiaWF0IjoxNTA5OTI5MjkzLCJleHAiOjE1MTAwMTU2OTN9.7U7cHP-xfu9cUogsTgVQ8S7_LaVLr7znw6IeH999py4"}
response time: 130
response status: 200
response body: 
{"status":0,"data":[{"name":"控股","description":"group2","status":1,"id":"8faf43ed-937f-4eaf-ae02-508acaad197a","createdAt":1509589944541,"updatedAt":1509589944541,"version":0},{"name":"管委会","description":"group1","status":1,"id":"d7a218e2-0de2-45a0-92fa-229713c660bb","createdAt":1509589944355,"updatedAt":1509589944355,"version":0}],"total":2}
*************** response log end ***************

[2017-11-06 15:20:26.790] [INFO] resLogger - 
*************** response log start ***************
request method: GET
request originalUrl:  /api/workers/list?token=eyJhbGciOiJIUzI1NiIsInR5cCI6IkpXVCJ9.eyJkYXRhIjp7ImlkIjoiYWVmNzA1OTAtODFmOC00ZWNiLTkyZjktY2QxYWFjNjk4YTQwIiwibmFtZSI6ImFkbWluIiwiZ2VuZGVyIjp0cnVlLCJlbWFpbCI6IjM3ODMzODYyN0BxcS5jb20ifSwiaWF0IjoxNTA5OTI5MjkzLCJleHAiOjE1MTAwMTU2OTN9.7U7cHP-xfu9cUogsTgVQ8S7_LaVLr7znw6IeH999py4
request client ip:  ::ffff:127.0.0.1
request query:  {"token":"eyJhbGciOiJIUzI1NiIsInR5cCI6IkpXVCJ9.eyJkYXRhIjp7ImlkIjoiYWVmNzA1OTAtODFmOC00ZWNiLTkyZjktY2QxYWFjNjk4YTQwIiwibmFtZSI6ImFkbWluIiwiZ2VuZGVyIjp0cnVlLCJlbWFpbCI6IjM3ODMzODYyN0BxcS5jb20ifSwiaWF0IjoxNTA5OTI5MjkzLCJleHAiOjE1MTAwMTU2OTN9.7U7cHP-xfu9cUogsTgVQ8S7_LaVLr7znw6IeH999py4"}
response time: 71
response status: 200
response body: 
{"status":0,"data":[{"name":"admin","email":"378338627@qq.com","phone":"15822927208","password":"$2a$10$orLNsPB1BpjxqYGXlQgdd.o1QE8bsRuoF6GgrmD.GLkRJrj0/x4ce","gender":true,"token":"eyJhbGciOiJIUzI1NiIsInR5cCI6IkpXVCJ9.eyJkYXRhIjp7ImlkIjoiYWVmNzA1OTAtODFmOC00ZWNiLTkyZjktY2QxYWFjNjk4YTQwIiwibmFtZSI6ImFkbWluIiwiZ2VuZGVyIjp0cnVlLCJlbWFpbCI6IjM3ODMzODYyN0BxcS5jb20ifSwiaWF0IjoxNTA5OTI5MjkzLCJleHAiOjE1MTAwMTU2OTN9.7U7cHP-xfu9cUogsTgVQ8S7_LaVLr7znw6IeH999py4","canLogin":true,"status":1,"id":"aef70590-81f8-4ecb-92f9-cd1aac698a40","createdAt":1509589944353,"updatedAt":1509929293475,"version":10,"worker":{"userId":"aef70590-81f8-4ecb-92f9-cd1aac698a40","id":"95c68a2c-931e-456c-9797-29457079bd29","createdAt":1509676992528,"updatedAt":1509676992528,"version":0}}]}
*************** response log end ***************

[2017-11-06 15:20:27.024] [INFO] resLogger - 
*************** response log start ***************
request method: GET
request originalUrl:  /api/corporations/list?token=eyJhbGciOiJIUzI1NiIsInR5cCI6IkpXVCJ9.eyJkYXRhIjp7ImlkIjoiYWVmNzA1OTAtODFmOC00ZWNiLTkyZjktY2QxYWFjNjk4YTQwIiwibmFtZSI6ImFkbWluIiwiZ2VuZGVyIjp0cnVlLCJlbWFpbCI6IjM3ODMzODYyN0BxcS5jb20ifSwiaWF0IjoxNTA5OTI5MjkzLCJleHAiOjE1MTAwMTU2OTN9.7U7cHP-xfu9cUogsTgVQ8S7_LaVLr7znw6IeH999py4&group=8faf43ed-937f-4eaf-ae02-508acaad197a
request client ip:  ::ffff:127.0.0.1
request query:  {"token":"eyJhbGciOiJIUzI1NiIsInR5cCI6IkpXVCJ9.eyJkYXRhIjp7ImlkIjoiYWVmNzA1OTAtODFmOC00ZWNiLTkyZjktY2QxYWFjNjk4YTQwIiwibmFtZSI6ImFkbWluIiwiZ2VuZGVyIjp0cnVlLCJlbWFpbCI6IjM3ODMzODYyN0BxcS5jb20ifSwiaWF0IjoxNTA5OTI5MjkzLCJleHAiOjE1MTAwMTU2OTN9.7U7cHP-xfu9cUogsTgVQ8S7_LaVLr7znw6IeH999py4","group":"8faf43ed-937f-4eaf-ae02-508acaad197a"}
response time: 130
response status: 200
response body: 
{"status":0,"data":[{"name":"控股公司","description":"控股公司","status":1,"groupId":"8faf43ed-937f-4eaf-ae02-508acaad197a","id":"4a98198f-fd53-4045-a73c-ed42d9627581","createdAt":1509589945819,"updatedAt":1509589945819,"version":0,"group":{"name":"控股","description":"group2","status":1,"id":"8faf43ed-937f-4eaf-ae02-508acaad197a","createdAt":1509589944541,"updatedAt":1509589944541,"version":0}}],"total":1}
*************** response log end ***************

[2017-11-06 15:20:27.119] [INFO] resLogger - 
*************** response log start ***************
request method: GET
request originalUrl:  /api/corpBuildings/list/4a98198f-fd53-4045-a73c-ed42d9627581?token=eyJhbGciOiJIUzI1NiIsInR5cCI6IkpXVCJ9.eyJkYXRhIjp7ImlkIjoiYWVmNzA1OTAtODFmOC00ZWNiLTkyZjktY2QxYWFjNjk4YTQwIiwibmFtZSI6ImFkbWluIiwiZ2VuZGVyIjp0cnVlLCJlbWFpbCI6IjM3ODMzODYyN0BxcS5jb20ifSwiaWF0IjoxNTA5OTI5MjkzLCJleHAiOjE1MTAwMTU2OTN9.7U7cHP-xfu9cUogsTgVQ8S7_LaVLr7znw6IeH999py4
request client ip:  ::ffff:127.0.0.1
request query:  {"token":"eyJhbGciOiJIUzI1NiIsInR5cCI6IkpXVCJ9.eyJkYXRhIjp7ImlkIjoiYWVmNzA1OTAtODFmOC00ZWNiLTkyZjktY2QxYWFjNjk4YTQwIiwibmFtZSI6ImFkbWluIiwiZ2VuZGVyIjp0cnVlLCJlbWFpbCI6IjM3ODMzODYyN0BxcS5jb20ifSwiaWF0IjoxNTA5OTI5MjkzLCJleHAiOjE1MTAwMTU2OTN9.7U7cHP-xfu9cUogsTgVQ8S7_LaVLr7znw6IeH999py4"}
response time: 67
response status: 200
response body: 
{"status":0,"data":[{"corporationId":"4a98198f-fd53-4045-a73c-ed42d9627581","buildingId":"48b83783-b17c-4c41-9169-9192cdd33cf1","floor":7,"position":"A","status":1,"id":"0ae26d4a-7d27-4152-a95c-12d5afecdff4","createdAt":1509589946003,"updatedAt":1509589946003,"version":0,"building":{"name":"商务大厦南楼","address":"南","minfloor":1,"maxfloor":15,"status":1,"id":"48b83783-b17c-4c41-9169-9192cdd33cf1","createdAt":1509589944667,"updatedAt":1509589944667,"version":0}},{"corporationId":"4a98198f-fd53-4045-a73c-ed42d9627581","buildingId":"48b83783-b17c-4c41-9169-9192cdd33cf1","floor":6,"position":"A","status":1,"id":"c8c9c4e5-1c21-4141-abac-e37832062360","createdAt":1509589945902,"updatedAt":1509589945902,"version":0,"building":{"name":"商务大厦南楼","address":"南","minfloor":1,"maxfloor":15,"status":1,"id":"48b83783-b17c-4c41-9169-9192cdd33cf1","createdAt":1509589944667,"updatedAt":1509589944667,"version":0}}],"total":0}
*************** response log end ***************

[2017-11-06 15:24:31.540] [INFO] resLogger - 
*************** response log start ***************
request method: GET
request originalUrl:  /api/user/?token=eyJhbGciOiJIUzI1NiIsInR5cCI6IkpXVCJ9.eyJkYXRhIjp7ImlkIjoiYWVmNzA1OTAtODFmOC00ZWNiLTkyZjktY2QxYWFjNjk4YTQwIiwibmFtZSI6ImFkbWluIiwiZ2VuZGVyIjp0cnVlLCJlbWFpbCI6IjM3ODMzODYyN0BxcS5jb20ifSwiaWF0IjoxNTA5OTI5MjkzLCJleHAiOjE1MTAwMTU2OTN9.7U7cHP-xfu9cUogsTgVQ8S7_LaVLr7znw6IeH999py4
request client ip:  ::ffff:127.0.0.1
request query:  {"token":"eyJhbGciOiJIUzI1NiIsInR5cCI6IkpXVCJ9.eyJkYXRhIjp7ImlkIjoiYWVmNzA1OTAtODFmOC00ZWNiLTkyZjktY2QxYWFjNjk4YTQwIiwibmFtZSI6ImFkbWluIiwiZ2VuZGVyIjp0cnVlLCJlbWFpbCI6IjM3ODMzODYyN0BxcS5jb20ifSwiaWF0IjoxNTA5OTI5MjkzLCJleHAiOjE1MTAwMTU2OTN9.7U7cHP-xfu9cUogsTgVQ8S7_LaVLr7znw6IeH999py4"}
response time: 136
response status: 200
response body: 
{"status":0,"data":{"name":"admin","email":"378338627@qq.com","phone":"15822927208","password":"$2a$10$orLNsPB1BpjxqYGXlQgdd.o1QE8bsRuoF6GgrmD.GLkRJrj0/x4ce","gender":true,"token":"eyJhbGciOiJIUzI1NiIsInR5cCI6IkpXVCJ9.eyJkYXRhIjp7ImlkIjoiYWVmNzA1OTAtODFmOC00ZWNiLTkyZjktY2QxYWFjNjk4YTQwIiwibmFtZSI6ImFkbWluIiwiZ2VuZGVyIjp0cnVlLCJlbWFpbCI6IjM3ODMzODYyN0BxcS5jb20ifSwiaWF0IjoxNTA5OTI5MjkzLCJleHAiOjE1MTAwMTU2OTN9.7U7cHP-xfu9cUogsTgVQ8S7_LaVLr7znw6IeH999py4","canLogin":true,"status":1,"id":"aef70590-81f8-4ecb-92f9-cd1aac698a40","createdAt":1509589944353,"updatedAt":1509929293475,"version":10}}
*************** response log end ***************

[2017-11-06 15:24:32.049] [INFO] resLogger - 
*************** response log start ***************
request method: GET
request originalUrl:  /api/groups/list?token=eyJhbGciOiJIUzI1NiIsInR5cCI6IkpXVCJ9.eyJkYXRhIjp7ImlkIjoiYWVmNzA1OTAtODFmOC00ZWNiLTkyZjktY2QxYWFjNjk4YTQwIiwibmFtZSI6ImFkbWluIiwiZ2VuZGVyIjp0cnVlLCJlbWFpbCI6IjM3ODMzODYyN0BxcS5jb20ifSwiaWF0IjoxNTA5OTI5MjkzLCJleHAiOjE1MTAwMTU2OTN9.7U7cHP-xfu9cUogsTgVQ8S7_LaVLr7znw6IeH999py4
request client ip:  ::ffff:127.0.0.1
request query:  {"token":"eyJhbGciOiJIUzI1NiIsInR5cCI6IkpXVCJ9.eyJkYXRhIjp7ImlkIjoiYWVmNzA1OTAtODFmOC00ZWNiLTkyZjktY2QxYWFjNjk4YTQwIiwibmFtZSI6ImFkbWluIiwiZ2VuZGVyIjp0cnVlLCJlbWFpbCI6IjM3ODMzODYyN0BxcS5jb20ifSwiaWF0IjoxNTA5OTI5MjkzLCJleHAiOjE1MTAwMTU2OTN9.7U7cHP-xfu9cUogsTgVQ8S7_LaVLr7znw6IeH999py4"}
response time: 187
response status: 200
response body: 
{"status":0,"data":[{"name":"控股","description":"group2","status":1,"id":"8faf43ed-937f-4eaf-ae02-508acaad197a","createdAt":1509589944541,"updatedAt":1509589944541,"version":0},{"name":"管委会","description":"group1","status":1,"id":"d7a218e2-0de2-45a0-92fa-229713c660bb","createdAt":1509589944355,"updatedAt":1509589944355,"version":0}],"total":2}
*************** response log end ***************

[2017-11-06 15:24:32.158] [INFO] resLogger - 
*************** response log start ***************
request method: GET
request originalUrl:  /api/workers/list?token=eyJhbGciOiJIUzI1NiIsInR5cCI6IkpXVCJ9.eyJkYXRhIjp7ImlkIjoiYWVmNzA1OTAtODFmOC00ZWNiLTkyZjktY2QxYWFjNjk4YTQwIiwibmFtZSI6ImFkbWluIiwiZ2VuZGVyIjp0cnVlLCJlbWFpbCI6IjM3ODMzODYyN0BxcS5jb20ifSwiaWF0IjoxNTA5OTI5MjkzLCJleHAiOjE1MTAwMTU2OTN9.7U7cHP-xfu9cUogsTgVQ8S7_LaVLr7znw6IeH999py4
request client ip:  ::ffff:127.0.0.1
request query:  {"token":"eyJhbGciOiJIUzI1NiIsInR5cCI6IkpXVCJ9.eyJkYXRhIjp7ImlkIjoiYWVmNzA1OTAtODFmOC00ZWNiLTkyZjktY2QxYWFjNjk4YTQwIiwibmFtZSI6ImFkbWluIiwiZ2VuZGVyIjp0cnVlLCJlbWFpbCI6IjM3ODMzODYyN0BxcS5jb20ifSwiaWF0IjoxNTA5OTI5MjkzLCJleHAiOjE1MTAwMTU2OTN9.7U7cHP-xfu9cUogsTgVQ8S7_LaVLr7znw6IeH999py4"}
response time: 107
response status: 200
response body: 
{"status":0,"data":[{"name":"admin","email":"378338627@qq.com","phone":"15822927208","password":"$2a$10$orLNsPB1BpjxqYGXlQgdd.o1QE8bsRuoF6GgrmD.GLkRJrj0/x4ce","gender":true,"token":"eyJhbGciOiJIUzI1NiIsInR5cCI6IkpXVCJ9.eyJkYXRhIjp7ImlkIjoiYWVmNzA1OTAtODFmOC00ZWNiLTkyZjktY2QxYWFjNjk4YTQwIiwibmFtZSI6ImFkbWluIiwiZ2VuZGVyIjp0cnVlLCJlbWFpbCI6IjM3ODMzODYyN0BxcS5jb20ifSwiaWF0IjoxNTA5OTI5MjkzLCJleHAiOjE1MTAwMTU2OTN9.7U7cHP-xfu9cUogsTgVQ8S7_LaVLr7znw6IeH999py4","canLogin":true,"status":1,"id":"aef70590-81f8-4ecb-92f9-cd1aac698a40","createdAt":1509589944353,"updatedAt":1509929293475,"version":10,"worker":{"userId":"aef70590-81f8-4ecb-92f9-cd1aac698a40","id":"95c68a2c-931e-456c-9797-29457079bd29","createdAt":1509676992528,"updatedAt":1509676992528,"version":0}}]}
*************** response log end ***************

[2017-11-06 15:24:32.565] [INFO] resLogger - 
*************** response log start ***************
request method: GET
request originalUrl:  /api/corporations/list?token=eyJhbGciOiJIUzI1NiIsInR5cCI6IkpXVCJ9.eyJkYXRhIjp7ImlkIjoiYWVmNzA1OTAtODFmOC00ZWNiLTkyZjktY2QxYWFjNjk4YTQwIiwibmFtZSI6ImFkbWluIiwiZ2VuZGVyIjp0cnVlLCJlbWFpbCI6IjM3ODMzODYyN0BxcS5jb20ifSwiaWF0IjoxNTA5OTI5MjkzLCJleHAiOjE1MTAwMTU2OTN9.7U7cHP-xfu9cUogsTgVQ8S7_LaVLr7znw6IeH999py4&group=8faf43ed-937f-4eaf-ae02-508acaad197a
request client ip:  ::ffff:127.0.0.1
request query:  {"token":"eyJhbGciOiJIUzI1NiIsInR5cCI6IkpXVCJ9.eyJkYXRhIjp7ImlkIjoiYWVmNzA1OTAtODFmOC00ZWNiLTkyZjktY2QxYWFjNjk4YTQwIiwibmFtZSI6ImFkbWluIiwiZ2VuZGVyIjp0cnVlLCJlbWFpbCI6IjM3ODMzODYyN0BxcS5jb20ifSwiaWF0IjoxNTA5OTI5MjkzLCJleHAiOjE1MTAwMTU2OTN9.7U7cHP-xfu9cUogsTgVQ8S7_LaVLr7znw6IeH999py4","group":"8faf43ed-937f-4eaf-ae02-508acaad197a"}
response time: 75
response status: 200
response body: 
{"status":0,"data":[{"name":"控股公司","description":"控股公司","status":1,"groupId":"8faf43ed-937f-4eaf-ae02-508acaad197a","id":"4a98198f-fd53-4045-a73c-ed42d9627581","createdAt":1509589945819,"updatedAt":1509589945819,"version":0,"group":{"name":"控股","description":"group2","status":1,"id":"8faf43ed-937f-4eaf-ae02-508acaad197a","createdAt":1509589944541,"updatedAt":1509589944541,"version":0}}],"total":1}
*************** response log end ***************

[2017-11-06 15:24:32.641] [INFO] resLogger - 
*************** response log start ***************
request method: GET
request originalUrl:  /api/corpBuildings/list/4a98198f-fd53-4045-a73c-ed42d9627581?token=eyJhbGciOiJIUzI1NiIsInR5cCI6IkpXVCJ9.eyJkYXRhIjp7ImlkIjoiYWVmNzA1OTAtODFmOC00ZWNiLTkyZjktY2QxYWFjNjk4YTQwIiwibmFtZSI6ImFkbWluIiwiZ2VuZGVyIjp0cnVlLCJlbWFpbCI6IjM3ODMzODYyN0BxcS5jb20ifSwiaWF0IjoxNTA5OTI5MjkzLCJleHAiOjE1MTAwMTU2OTN9.7U7cHP-xfu9cUogsTgVQ8S7_LaVLr7znw6IeH999py4
request client ip:  ::ffff:127.0.0.1
request query:  {"token":"eyJhbGciOiJIUzI1NiIsInR5cCI6IkpXVCJ9.eyJkYXRhIjp7ImlkIjoiYWVmNzA1OTAtODFmOC00ZWNiLTkyZjktY2QxYWFjNjk4YTQwIiwibmFtZSI6ImFkbWluIiwiZ2VuZGVyIjp0cnVlLCJlbWFpbCI6IjM3ODMzODYyN0BxcS5jb20ifSwiaWF0IjoxNTA5OTI5MjkzLCJleHAiOjE1MTAwMTU2OTN9.7U7cHP-xfu9cUogsTgVQ8S7_LaVLr7znw6IeH999py4"}
response time: 54
response status: 200
response body: 
{"status":0,"data":[{"corporationId":"4a98198f-fd53-4045-a73c-ed42d9627581","buildingId":"48b83783-b17c-4c41-9169-9192cdd33cf1","floor":7,"position":"A","status":1,"id":"0ae26d4a-7d27-4152-a95c-12d5afecdff4","createdAt":1509589946003,"updatedAt":1509589946003,"version":0,"building":{"name":"商务大厦南楼","address":"南","minfloor":1,"maxfloor":15,"status":1,"id":"48b83783-b17c-4c41-9169-9192cdd33cf1","createdAt":1509589944667,"updatedAt":1509589944667,"version":0}},{"corporationId":"4a98198f-fd53-4045-a73c-ed42d9627581","buildingId":"48b83783-b17c-4c41-9169-9192cdd33cf1","floor":6,"position":"A","status":1,"id":"c8c9c4e5-1c21-4141-abac-e37832062360","createdAt":1509589945902,"updatedAt":1509589945902,"version":0,"building":{"name":"商务大厦南楼","address":"南","minfloor":1,"maxfloor":15,"status":1,"id":"48b83783-b17c-4c41-9169-9192cdd33cf1","createdAt":1509589944667,"updatedAt":1509589944667,"version":0}}],"total":0}
*************** response log end ***************

[2017-11-06 15:33:14.726] [INFO] resLogger - 
*************** response log start ***************
request method: GET
request originalUrl:  /api/user/?token=eyJhbGciOiJIUzI1NiIsInR5cCI6IkpXVCJ9.eyJkYXRhIjp7ImlkIjoiYWVmNzA1OTAtODFmOC00ZWNiLTkyZjktY2QxYWFjNjk4YTQwIiwibmFtZSI6ImFkbWluIiwiZ2VuZGVyIjp0cnVlLCJlbWFpbCI6IjM3ODMzODYyN0BxcS5jb20ifSwiaWF0IjoxNTA5OTI5MjkzLCJleHAiOjE1MTAwMTU2OTN9.7U7cHP-xfu9cUogsTgVQ8S7_LaVLr7znw6IeH999py4
request client ip:  ::ffff:127.0.0.1
request query:  {"token":"eyJhbGciOiJIUzI1NiIsInR5cCI6IkpXVCJ9.eyJkYXRhIjp7ImlkIjoiYWVmNzA1OTAtODFmOC00ZWNiLTkyZjktY2QxYWFjNjk4YTQwIiwibmFtZSI6ImFkbWluIiwiZ2VuZGVyIjp0cnVlLCJlbWFpbCI6IjM3ODMzODYyN0BxcS5jb20ifSwiaWF0IjoxNTA5OTI5MjkzLCJleHAiOjE1MTAwMTU2OTN9.7U7cHP-xfu9cUogsTgVQ8S7_LaVLr7znw6IeH999py4"}
response time: 465
response status: 200
response body: 
{"status":0,"data":{"name":"admin","email":"378338627@qq.com","phone":"15822927208","password":"$2a$10$orLNsPB1BpjxqYGXlQgdd.o1QE8bsRuoF6GgrmD.GLkRJrj0/x4ce","gender":true,"token":"eyJhbGciOiJIUzI1NiIsInR5cCI6IkpXVCJ9.eyJkYXRhIjp7ImlkIjoiYWVmNzA1OTAtODFmOC00ZWNiLTkyZjktY2QxYWFjNjk4YTQwIiwibmFtZSI6ImFkbWluIiwiZ2VuZGVyIjp0cnVlLCJlbWFpbCI6IjM3ODMzODYyN0BxcS5jb20ifSwiaWF0IjoxNTA5OTI5MjkzLCJleHAiOjE1MTAwMTU2OTN9.7U7cHP-xfu9cUogsTgVQ8S7_LaVLr7znw6IeH999py4","canLogin":true,"status":1,"id":"aef70590-81f8-4ecb-92f9-cd1aac698a40","createdAt":1509589944353,"updatedAt":1509929293475,"version":10}}
*************** response log end ***************

[2017-11-06 15:33:15.094] [INFO] resLogger - 
*************** response log start ***************
request method: GET
request originalUrl:  /api/groups/list?token=eyJhbGciOiJIUzI1NiIsInR5cCI6IkpXVCJ9.eyJkYXRhIjp7ImlkIjoiYWVmNzA1OTAtODFmOC00ZWNiLTkyZjktY2QxYWFjNjk4YTQwIiwibmFtZSI6ImFkbWluIiwiZ2VuZGVyIjp0cnVlLCJlbWFpbCI6IjM3ODMzODYyN0BxcS5jb20ifSwiaWF0IjoxNTA5OTI5MjkzLCJleHAiOjE1MTAwMTU2OTN9.7U7cHP-xfu9cUogsTgVQ8S7_LaVLr7znw6IeH999py4
request client ip:  ::ffff:127.0.0.1
request query:  {"token":"eyJhbGciOiJIUzI1NiIsInR5cCI6IkpXVCJ9.eyJkYXRhIjp7ImlkIjoiYWVmNzA1OTAtODFmOC00ZWNiLTkyZjktY2QxYWFjNjk4YTQwIiwibmFtZSI6ImFkbWluIiwiZ2VuZGVyIjp0cnVlLCJlbWFpbCI6IjM3ODMzODYyN0BxcS5jb20ifSwiaWF0IjoxNTA5OTI5MjkzLCJleHAiOjE1MTAwMTU2OTN9.7U7cHP-xfu9cUogsTgVQ8S7_LaVLr7znw6IeH999py4"}
response time: 190
response status: 200
response body: 
{"status":0,"data":[{"name":"控股","description":"group2","status":1,"id":"8faf43ed-937f-4eaf-ae02-508acaad197a","createdAt":1509589944541,"updatedAt":1509589944541,"version":0},{"name":"管委会","description":"group1","status":1,"id":"d7a218e2-0de2-45a0-92fa-229713c660bb","createdAt":1509589944355,"updatedAt":1509589944355,"version":0}],"total":2}
*************** response log end ***************

[2017-11-06 15:33:15.119] [INFO] resLogger - 
*************** response log start ***************
request method: GET
request originalUrl:  /api/workers/list?token=eyJhbGciOiJIUzI1NiIsInR5cCI6IkpXVCJ9.eyJkYXRhIjp7ImlkIjoiYWVmNzA1OTAtODFmOC00ZWNiLTkyZjktY2QxYWFjNjk4YTQwIiwibmFtZSI6ImFkbWluIiwiZ2VuZGVyIjp0cnVlLCJlbWFpbCI6IjM3ODMzODYyN0BxcS5jb20ifSwiaWF0IjoxNTA5OTI5MjkzLCJleHAiOjE1MTAwMTU2OTN9.7U7cHP-xfu9cUogsTgVQ8S7_LaVLr7znw6IeH999py4
request client ip:  ::ffff:127.0.0.1
request query:  {"token":"eyJhbGciOiJIUzI1NiIsInR5cCI6IkpXVCJ9.eyJkYXRhIjp7ImlkIjoiYWVmNzA1OTAtODFmOC00ZWNiLTkyZjktY2QxYWFjNjk4YTQwIiwibmFtZSI6ImFkbWluIiwiZ2VuZGVyIjp0cnVlLCJlbWFpbCI6IjM3ODMzODYyN0BxcS5jb20ifSwiaWF0IjoxNTA5OTI5MjkzLCJleHAiOjE1MTAwMTU2OTN9.7U7cHP-xfu9cUogsTgVQ8S7_LaVLr7znw6IeH999py4"}
response time: 111
response status: 200
response body: 
{"status":0,"data":[{"name":"admin","email":"378338627@qq.com","phone":"15822927208","password":"$2a$10$orLNsPB1BpjxqYGXlQgdd.o1QE8bsRuoF6GgrmD.GLkRJrj0/x4ce","gender":true,"token":"eyJhbGciOiJIUzI1NiIsInR5cCI6IkpXVCJ9.eyJkYXRhIjp7ImlkIjoiYWVmNzA1OTAtODFmOC00ZWNiLTkyZjktY2QxYWFjNjk4YTQwIiwibmFtZSI6ImFkbWluIiwiZ2VuZGVyIjp0cnVlLCJlbWFpbCI6IjM3ODMzODYyN0BxcS5jb20ifSwiaWF0IjoxNTA5OTI5MjkzLCJleHAiOjE1MTAwMTU2OTN9.7U7cHP-xfu9cUogsTgVQ8S7_LaVLr7znw6IeH999py4","canLogin":true,"status":1,"id":"aef70590-81f8-4ecb-92f9-cd1aac698a40","createdAt":1509589944353,"updatedAt":1509929293475,"version":10,"worker":{"userId":"aef70590-81f8-4ecb-92f9-cd1aac698a40","id":"95c68a2c-931e-456c-9797-29457079bd29","createdAt":1509676992528,"updatedAt":1509676992528,"version":0}}]}
*************** response log end ***************

[2017-11-06 15:33:15.314] [INFO] resLogger - 
*************** response log start ***************
request method: GET
request originalUrl:  /api/corporations/list?token=eyJhbGciOiJIUzI1NiIsInR5cCI6IkpXVCJ9.eyJkYXRhIjp7ImlkIjoiYWVmNzA1OTAtODFmOC00ZWNiLTkyZjktY2QxYWFjNjk4YTQwIiwibmFtZSI6ImFkbWluIiwiZ2VuZGVyIjp0cnVlLCJlbWFpbCI6IjM3ODMzODYyN0BxcS5jb20ifSwiaWF0IjoxNTA5OTI5MjkzLCJleHAiOjE1MTAwMTU2OTN9.7U7cHP-xfu9cUogsTgVQ8S7_LaVLr7znw6IeH999py4&group=8faf43ed-937f-4eaf-ae02-508acaad197a
request client ip:  ::ffff:127.0.0.1
request query:  {"token":"eyJhbGciOiJIUzI1NiIsInR5cCI6IkpXVCJ9.eyJkYXRhIjp7ImlkIjoiYWVmNzA1OTAtODFmOC00ZWNiLTkyZjktY2QxYWFjNjk4YTQwIiwibmFtZSI6ImFkbWluIiwiZ2VuZGVyIjp0cnVlLCJlbWFpbCI6IjM3ODMzODYyN0BxcS5jb20ifSwiaWF0IjoxNTA5OTI5MjkzLCJleHAiOjE1MTAwMTU2OTN9.7U7cHP-xfu9cUogsTgVQ8S7_LaVLr7znw6IeH999py4","group":"8faf43ed-937f-4eaf-ae02-508acaad197a"}
response time: 86
response status: 200
response body: 
{"status":0,"data":[{"name":"控股公司","description":"控股公司","status":1,"groupId":"8faf43ed-937f-4eaf-ae02-508acaad197a","id":"4a98198f-fd53-4045-a73c-ed42d9627581","createdAt":1509589945819,"updatedAt":1509589945819,"version":0,"group":{"name":"控股","description":"group2","status":1,"id":"8faf43ed-937f-4eaf-ae02-508acaad197a","createdAt":1509589944541,"updatedAt":1509589944541,"version":0}}],"total":1}
*************** response log end ***************

[2017-11-06 15:33:15.405] [INFO] resLogger - 
*************** response log start ***************
request method: GET
request originalUrl:  /api/corpBuildings/list/4a98198f-fd53-4045-a73c-ed42d9627581?token=eyJhbGciOiJIUzI1NiIsInR5cCI6IkpXVCJ9.eyJkYXRhIjp7ImlkIjoiYWVmNzA1OTAtODFmOC00ZWNiLTkyZjktY2QxYWFjNjk4YTQwIiwibmFtZSI6ImFkbWluIiwiZ2VuZGVyIjp0cnVlLCJlbWFpbCI6IjM3ODMzODYyN0BxcS5jb20ifSwiaWF0IjoxNTA5OTI5MjkzLCJleHAiOjE1MTAwMTU2OTN9.7U7cHP-xfu9cUogsTgVQ8S7_LaVLr7znw6IeH999py4
request client ip:  ::ffff:127.0.0.1
request query:  {"token":"eyJhbGciOiJIUzI1NiIsInR5cCI6IkpXVCJ9.eyJkYXRhIjp7ImlkIjoiYWVmNzA1OTAtODFmOC00ZWNiLTkyZjktY2QxYWFjNjk4YTQwIiwibmFtZSI6ImFkbWluIiwiZ2VuZGVyIjp0cnVlLCJlbWFpbCI6IjM3ODMzODYyN0BxcS5jb20ifSwiaWF0IjoxNTA5OTI5MjkzLCJleHAiOjE1MTAwMTU2OTN9.7U7cHP-xfu9cUogsTgVQ8S7_LaVLr7znw6IeH999py4"}
response time: 65
response status: 200
response body: 
{"status":0,"data":[{"corporationId":"4a98198f-fd53-4045-a73c-ed42d9627581","buildingId":"48b83783-b17c-4c41-9169-9192cdd33cf1","floor":7,"position":"A","status":1,"id":"0ae26d4a-7d27-4152-a95c-12d5afecdff4","createdAt":1509589946003,"updatedAt":1509589946003,"version":0,"building":{"name":"商务大厦南楼","address":"南","minfloor":1,"maxfloor":15,"status":1,"id":"48b83783-b17c-4c41-9169-9192cdd33cf1","createdAt":1509589944667,"updatedAt":1509589944667,"version":0}},{"corporationId":"4a98198f-fd53-4045-a73c-ed42d9627581","buildingId":"48b83783-b17c-4c41-9169-9192cdd33cf1","floor":6,"position":"A","status":1,"id":"c8c9c4e5-1c21-4141-abac-e37832062360","createdAt":1509589945902,"updatedAt":1509589945902,"version":0,"building":{"name":"商务大厦南楼","address":"南","minfloor":1,"maxfloor":15,"status":1,"id":"48b83783-b17c-4c41-9169-9192cdd33cf1","createdAt":1509589944667,"updatedAt":1509589944667,"version":0}}],"total":0}
*************** response log end ***************

