[2017-09-26 08:54:46.639] [INFO] resLogger - 
*************** response log start ***************
request method: GET
request originalUrl:  /api/user/?token=eyJhbGciOiJIUzI1NiIsInR5cCI6IkpXVCJ9.eyJkYXRhIjp7ImlkIjoiYmRiNWUzNTUtOWYwMy00NTllLTgwNTEtNGVkZWUwZjQ5YTgwIiwibmFtZSI6ImFkbWluIiwiZ2VuZGVyIjp0cnVlLCJlbWFpbCI6IjM3ODMzODYyN0BxcS5jb20ifSwiaWF0IjoxNTA2MDYyNzgyLCJleHAiOjE1MDYxNDkxODJ9.3qeMTooVaxUtwV9RZBMfqKfKD642-EIXRpe0iPrtMJw
request client ip:  ::ffff:127.0.0.1
request query:  {"token":"eyJhbGciOiJIUzI1NiIsInR5cCI6IkpXVCJ9.eyJkYXRhIjp7ImlkIjoiYmRiNWUzNTUtOWYwMy00NTllLTgwNTEtNGVkZWUwZjQ5YTgwIiwibmFtZSI6ImFkbWluIiwiZ2VuZGVyIjp0cnVlLCJlbWFpbCI6IjM3ODMzODYyN0BxcS5jb20ifSwiaWF0IjoxNTA2MDYyNzgyLCJleHAiOjE1MDYxNDkxODJ9.3qeMTooVaxUtwV9RZBMfqKfKD642-EIXRpe0iPrtMJw"}
response time: 213
response status: 200
response body: 
{"name":"jwtError","status":10003,"message":"身份验证错误！"}
*************** response log end ***************

[2017-09-26 08:55:30.939] [INFO] resLogger - 
*************** response log start ***************
request method: OPTIONS
request originalUrl:  /api/user/login
request client ip:  ::ffff:127.0.0.1
request body: 
{}
response time: 4
response status: 204
response body: 
undefined
*************** response log end ***************

[2017-09-26 08:55:32.019] [INFO] resLogger - 
*************** response log start ***************
request method: POST
request originalUrl:  /api/user/login
request client ip:  ::ffff:127.0.0.1
request body: 
{"username":"admin","password":"admin"}
response time: 774
response status: 200
response body: 
{"status":0,"data":{"name":"admin","email":"378338627@qq.com","phone":"15822927208","password":"$2a$10$eHzE5ReXHlo6V2uu1xgX3.l/Bt4vlGocODr8d9R4yViHr0JIapVdq","gender":true,"token":"eyJhbGciOiJIUzI1NiIsInR5cCI6IkpXVCJ9.eyJkYXRhIjp7ImlkIjoiYmRiNWUzNTUtOWYwMy00NTllLTgwNTEtNGVkZWUwZjQ5YTgwIiwibmFtZSI6ImFkbWluIiwiZ2VuZGVyIjp0cnVlLCJlbWFpbCI6IjM3ODMzODYyN0BxcS5jb20ifSwiaWF0IjoxNTA2Mzg3MzMxLCJleHAiOjE1MDY0NzM3MzF9.Ll-Jm5xOyZkvgA5IyrZP9dnf5cboXpTBaymytvEdBM8","canLogin":true,"status":1,"id":"bdb5e355-9f03-459e-8051-4edee0f49a80","createdAt":1505972676089,"updatedAt":1506387331883,"version":3},"message":"登录成功！"}
*************** response log end ***************

[2017-09-26 08:55:34.731] [INFO] resLogger - 
*************** response log start ***************
request method: GET
request originalUrl:  /api/user/?token=eyJhbGciOiJIUzI1NiIsInR5cCI6IkpXVCJ9.eyJkYXRhIjp7ImlkIjoiYmRiNWUzNTUtOWYwMy00NTllLTgwNTEtNGVkZWUwZjQ5YTgwIiwibmFtZSI6ImFkbWluIiwiZ2VuZGVyIjp0cnVlLCJlbWFpbCI6IjM3ODMzODYyN0BxcS5jb20ifSwiaWF0IjoxNTA2Mzg3MzMxLCJleHAiOjE1MDY0NzM3MzF9.Ll-Jm5xOyZkvgA5IyrZP9dnf5cboXpTBaymytvEdBM8
request client ip:  ::ffff:127.0.0.1
request query:  {"token":"eyJhbGciOiJIUzI1NiIsInR5cCI6IkpXVCJ9.eyJkYXRhIjp7ImlkIjoiYmRiNWUzNTUtOWYwMy00NTllLTgwNTEtNGVkZWUwZjQ5YTgwIiwibmFtZSI6ImFkbWluIiwiZ2VuZGVyIjp0cnVlLCJlbWFpbCI6IjM3ODMzODYyN0BxcS5jb20ifSwiaWF0IjoxNTA2Mzg3MzMxLCJleHAiOjE1MDY0NzM3MzF9.Ll-Jm5xOyZkvgA5IyrZP9dnf5cboXpTBaymytvEdBM8"}
response time: 36
response status: 200
response body: 
{"status":0,"data":{"name":"admin","email":"378338627@qq.com","phone":"15822927208","password":"$2a$10$eHzE5ReXHlo6V2uu1xgX3.l/Bt4vlGocODr8d9R4yViHr0JIapVdq","gender":true,"token":"eyJhbGciOiJIUzI1NiIsInR5cCI6IkpXVCJ9.eyJkYXRhIjp7ImlkIjoiYmRiNWUzNTUtOWYwMy00NTllLTgwNTEtNGVkZWUwZjQ5YTgwIiwibmFtZSI6ImFkbWluIiwiZ2VuZGVyIjp0cnVlLCJlbWFpbCI6IjM3ODMzODYyN0BxcS5jb20ifSwiaWF0IjoxNTA2Mzg3MzMxLCJleHAiOjE1MDY0NzM3MzF9.Ll-Jm5xOyZkvgA5IyrZP9dnf5cboXpTBaymytvEdBM8","canLogin":true,"status":1,"id":"bdb5e355-9f03-459e-8051-4edee0f49a80","createdAt":1505972676089,"updatedAt":1506387331883,"version":3}}
*************** response log end ***************

[2017-09-26 08:55:58.566] [INFO] resLogger - 
*************** response log start ***************
request method: GET
request originalUrl:  /api/user/?token=eyJhbGciOiJIUzI1NiIsInR5cCI6IkpXVCJ9.eyJkYXRhIjp7ImlkIjoiYmRiNWUzNTUtOWYwMy00NTllLTgwNTEtNGVkZWUwZjQ5YTgwIiwibmFtZSI6ImFkbWluIiwiZ2VuZGVyIjp0cnVlLCJlbWFpbCI6IjM3ODMzODYyN0BxcS5jb20ifSwiaWF0IjoxNTA2Mzg3MzMxLCJleHAiOjE1MDY0NzM3MzF9.Ll-Jm5xOyZkvgA5IyrZP9dnf5cboXpTBaymytvEdBM8
request client ip:  ::ffff:127.0.0.1
request query:  {"token":"eyJhbGciOiJIUzI1NiIsInR5cCI6IkpXVCJ9.eyJkYXRhIjp7ImlkIjoiYmRiNWUzNTUtOWYwMy00NTllLTgwNTEtNGVkZWUwZjQ5YTgwIiwibmFtZSI6ImFkbWluIiwiZ2VuZGVyIjp0cnVlLCJlbWFpbCI6IjM3ODMzODYyN0BxcS5jb20ifSwiaWF0IjoxNTA2Mzg3MzMxLCJleHAiOjE1MDY0NzM3MzF9.Ll-Jm5xOyZkvgA5IyrZP9dnf5cboXpTBaymytvEdBM8"}
response time: 81
response status: 200
response body: 
{"status":0,"data":{"name":"admin","email":"378338627@qq.com","phone":"15822927208","password":"$2a$10$eHzE5ReXHlo6V2uu1xgX3.l/Bt4vlGocODr8d9R4yViHr0JIapVdq","gender":true,"token":"eyJhbGciOiJIUzI1NiIsInR5cCI6IkpXVCJ9.eyJkYXRhIjp7ImlkIjoiYmRiNWUzNTUtOWYwMy00NTllLTgwNTEtNGVkZWUwZjQ5YTgwIiwibmFtZSI6ImFkbWluIiwiZ2VuZGVyIjp0cnVlLCJlbWFpbCI6IjM3ODMzODYyN0BxcS5jb20ifSwiaWF0IjoxNTA2Mzg3MzMxLCJleHAiOjE1MDY0NzM3MzF9.Ll-Jm5xOyZkvgA5IyrZP9dnf5cboXpTBaymytvEdBM8","canLogin":true,"status":1,"id":"bdb5e355-9f03-459e-8051-4edee0f49a80","createdAt":1505972676089,"updatedAt":1506387331883,"version":3}}
*************** response log end ***************

[2017-09-26 08:56:00.483] [INFO] resLogger - 
*************** response log start ***************
request method: GET
request originalUrl:  /api/user/?token=eyJhbGciOiJIUzI1NiIsInR5cCI6IkpXVCJ9.eyJkYXRhIjp7ImlkIjoiYmRiNWUzNTUtOWYwMy00NTllLTgwNTEtNGVkZWUwZjQ5YTgwIiwibmFtZSI6ImFkbWluIiwiZ2VuZGVyIjp0cnVlLCJlbWFpbCI6IjM3ODMzODYyN0BxcS5jb20ifSwiaWF0IjoxNTA2Mzg3MzMxLCJleHAiOjE1MDY0NzM3MzF9.Ll-Jm5xOyZkvgA5IyrZP9dnf5cboXpTBaymytvEdBM8
request client ip:  ::ffff:127.0.0.1
request query:  {"token":"eyJhbGciOiJIUzI1NiIsInR5cCI6IkpXVCJ9.eyJkYXRhIjp7ImlkIjoiYmRiNWUzNTUtOWYwMy00NTllLTgwNTEtNGVkZWUwZjQ5YTgwIiwibmFtZSI6ImFkbWluIiwiZ2VuZGVyIjp0cnVlLCJlbWFpbCI6IjM3ODMzODYyN0BxcS5jb20ifSwiaWF0IjoxNTA2Mzg3MzMxLCJleHAiOjE1MDY0NzM3MzF9.Ll-Jm5xOyZkvgA5IyrZP9dnf5cboXpTBaymytvEdBM8"}
response time: 100
response status: 200
response body: 
{"status":0,"data":{"name":"admin","email":"378338627@qq.com","phone":"15822927208","password":"$2a$10$eHzE5ReXHlo6V2uu1xgX3.l/Bt4vlGocODr8d9R4yViHr0JIapVdq","gender":true,"token":"eyJhbGciOiJIUzI1NiIsInR5cCI6IkpXVCJ9.eyJkYXRhIjp7ImlkIjoiYmRiNWUzNTUtOWYwMy00NTllLTgwNTEtNGVkZWUwZjQ5YTgwIiwibmFtZSI6ImFkbWluIiwiZ2VuZGVyIjp0cnVlLCJlbWFpbCI6IjM3ODMzODYyN0BxcS5jb20ifSwiaWF0IjoxNTA2Mzg3MzMxLCJleHAiOjE1MDY0NzM3MzF9.Ll-Jm5xOyZkvgA5IyrZP9dnf5cboXpTBaymytvEdBM8","canLogin":true,"status":1,"id":"bdb5e355-9f03-459e-8051-4edee0f49a80","createdAt":1505972676089,"updatedAt":1506387331883,"version":3}}
*************** response log end ***************

[2017-09-26 08:56:00.647] [INFO] resLogger - 
*************** response log start ***************
request method: GET
request originalUrl:  /api/order/list/page/1?token=eyJhbGciOiJIUzI1NiIsInR5cCI6IkpXVCJ9.eyJkYXRhIjp7ImlkIjoiYmRiNWUzNTUtOWYwMy00NTllLTgwNTEtNGVkZWUwZjQ5YTgwIiwibmFtZSI6ImFkbWluIiwiZ2VuZGVyIjp0cnVlLCJlbWFpbCI6IjM3ODMzODYyN0BxcS5jb20ifSwiaWF0IjoxNTA2Mzg3MzMxLCJleHAiOjE1MDY0NzM3MzF9.Ll-Jm5xOyZkvgA5IyrZP9dnf5cboXpTBaymytvEdBM8
request client ip:  ::ffff:127.0.0.1
request query:  {"token":"eyJhbGciOiJIUzI1NiIsInR5cCI6IkpXVCJ9.eyJkYXRhIjp7ImlkIjoiYmRiNWUzNTUtOWYwMy00NTllLTgwNTEtNGVkZWUwZjQ5YTgwIiwibmFtZSI6ImFkbWluIiwiZ2VuZGVyIjp0cnVlLCJlbWFpbCI6IjM3ODMzODYyN0BxcS5jb20ifSwiaWF0IjoxNTA2Mzg3MzMxLCJleHAiOjE1MDY0NzM3MzF9.Ll-Jm5xOyZkvgA5IyrZP9dnf5cboXpTBaymytvEdBM8"}
response time: 149
response status: 200
response body: 
{"status":0,"data":[],"total":0}
*************** response log end ***************

[2017-09-26 08:56:01.490] [INFO] resLogger - 
*************** response log start ***************
request method: GET
request originalUrl:  /api/groups/list?token=eyJhbGciOiJIUzI1NiIsInR5cCI6IkpXVCJ9.eyJkYXRhIjp7ImlkIjoiYmRiNWUzNTUtOWYwMy00NTllLTgwNTEtNGVkZWUwZjQ5YTgwIiwibmFtZSI6ImFkbWluIiwiZ2VuZGVyIjp0cnVlLCJlbWFpbCI6IjM3ODMzODYyN0BxcS5jb20ifSwiaWF0IjoxNTA2Mzg3MzMxLCJleHAiOjE1MDY0NzM3MzF9.Ll-Jm5xOyZkvgA5IyrZP9dnf5cboXpTBaymytvEdBM8
request client ip:  ::ffff:127.0.0.1
request query:  {"token":"eyJhbGciOiJIUzI1NiIsInR5cCI6IkpXVCJ9.eyJkYXRhIjp7ImlkIjoiYmRiNWUzNTUtOWYwMy00NTllLTgwNTEtNGVkZWUwZjQ5YTgwIiwibmFtZSI6ImFkbWluIiwiZ2VuZGVyIjp0cnVlLCJlbWFpbCI6IjM3ODMzODYyN0BxcS5jb20ifSwiaWF0IjoxNTA2Mzg3MzMxLCJleHAiOjE1MDY0NzM3MzF9.Ll-Jm5xOyZkvgA5IyrZP9dnf5cboXpTBaymytvEdBM8"}
response time: 122
response status: 200
response body: 
{"status":0,"data":[{"name":"控股","description":"group2","status":1,"id":"8d24650d-42d3-47bb-b8ed-bf7cf535bb87","createdAt":1505972676326,"updatedAt":1505972676326,"version":0},{"name":"管委会","description":"group1","status":1,"id":"76c9b576-f50a-4cf6-998c-0f9699bf8bc6","createdAt":1505972676092,"updatedAt":1505972676092,"version":0}],"total":2}
*************** response log end ***************

[2017-09-26 08:56:01.524] [INFO] resLogger - 
*************** response log start ***************
request method: GET
request originalUrl:  /api/order/getorderno/get/2017/9/26?token=eyJhbGciOiJIUzI1NiIsInR5cCI6IkpXVCJ9.eyJkYXRhIjp7ImlkIjoiYmRiNWUzNTUtOWYwMy00NTllLTgwNTEtNGVkZWUwZjQ5YTgwIiwibmFtZSI6ImFkbWluIiwiZ2VuZGVyIjp0cnVlLCJlbWFpbCI6IjM3ODMzODYyN0BxcS5jb20ifSwiaWF0IjoxNTA2Mzg3MzMxLCJleHAiOjE1MDY0NzM3MzF9.Ll-Jm5xOyZkvgA5IyrZP9dnf5cboXpTBaymytvEdBM8
request client ip:  ::ffff:127.0.0.1
request query:  {"token":"eyJhbGciOiJIUzI1NiIsInR5cCI6IkpXVCJ9.eyJkYXRhIjp7ImlkIjoiYmRiNWUzNTUtOWYwMy00NTllLTgwNTEtNGVkZWUwZjQ5YTgwIiwibmFtZSI6ImFkbWluIiwiZ2VuZGVyIjp0cnVlLCJlbWFpbCI6IjM3ODMzODYyN0BxcS5jb20ifSwiaWF0IjoxNTA2Mzg3MzMxLCJleHAiOjE1MDY0NzM3MzF9.Ll-Jm5xOyZkvgA5IyrZP9dnf5cboXpTBaymytvEdBM8"}
response time: 123
response status: 200
response body: 
{"status":0,"data":"20170926000"}
*************** response log end ***************

[2017-09-26 08:56:01.730] [INFO] resLogger - 
*************** response log start ***************
request method: GET
request originalUrl:  /api/groups/list?token=eyJhbGciOiJIUzI1NiIsInR5cCI6IkpXVCJ9.eyJkYXRhIjp7ImlkIjoiYmRiNWUzNTUtOWYwMy00NTllLTgwNTEtNGVkZWUwZjQ5YTgwIiwibmFtZSI6ImFkbWluIiwiZ2VuZGVyIjp0cnVlLCJlbWFpbCI6IjM3ODMzODYyN0BxcS5jb20ifSwiaWF0IjoxNTA2Mzg3MzMxLCJleHAiOjE1MDY0NzM3MzF9.Ll-Jm5xOyZkvgA5IyrZP9dnf5cboXpTBaymytvEdBM8
request client ip:  ::ffff:127.0.0.1
request query:  {"token":"eyJhbGciOiJIUzI1NiIsInR5cCI6IkpXVCJ9.eyJkYXRhIjp7ImlkIjoiYmRiNWUzNTUtOWYwMy00NTllLTgwNTEtNGVkZWUwZjQ5YTgwIiwibmFtZSI6ImFkbWluIiwiZ2VuZGVyIjp0cnVlLCJlbWFpbCI6IjM3ODMzODYyN0BxcS5jb20ifSwiaWF0IjoxNTA2Mzg3MzMxLCJleHAiOjE1MDY0NzM3MzF9.Ll-Jm5xOyZkvgA5IyrZP9dnf5cboXpTBaymytvEdBM8"}
response time: 200
response status: 200
response body: 
{"status":0,"data":[{"name":"控股","description":"group2","status":1,"id":"8d24650d-42d3-47bb-b8ed-bf7cf535bb87","createdAt":1505972676326,"updatedAt":1505972676326,"version":0},{"name":"管委会","description":"group1","status":1,"id":"76c9b576-f50a-4cf6-998c-0f9699bf8bc6","createdAt":1505972676092,"updatedAt":1505972676092,"version":0}],"total":2}
*************** response log end ***************

[2017-09-26 08:56:01.756] [INFO] resLogger - 
*************** response log start ***************
request method: GET
request originalUrl:  /api/corporations/list?token=eyJhbGciOiJIUzI1NiIsInR5cCI6IkpXVCJ9.eyJkYXRhIjp7ImlkIjoiYmRiNWUzNTUtOWYwMy00NTllLTgwNTEtNGVkZWUwZjQ5YTgwIiwibmFtZSI6ImFkbWluIiwiZ2VuZGVyIjp0cnVlLCJlbWFpbCI6IjM3ODMzODYyN0BxcS5jb20ifSwiaWF0IjoxNTA2Mzg3MzMxLCJleHAiOjE1MDY0NzM3MzF9.Ll-Jm5xOyZkvgA5IyrZP9dnf5cboXpTBaymytvEdBM8&group=8d24650d-42d3-47bb-b8ed-bf7cf535bb87
request client ip:  ::ffff:127.0.0.1
request query:  {"token":"eyJhbGciOiJIUzI1NiIsInR5cCI6IkpXVCJ9.eyJkYXRhIjp7ImlkIjoiYmRiNWUzNTUtOWYwMy00NTllLTgwNTEtNGVkZWUwZjQ5YTgwIiwibmFtZSI6ImFkbWluIiwiZ2VuZGVyIjp0cnVlLCJlbWFpbCI6IjM3ODMzODYyN0BxcS5jb20ifSwiaWF0IjoxNTA2Mzg3MzMxLCJleHAiOjE1MDY0NzM3MzF9.Ll-Jm5xOyZkvgA5IyrZP9dnf5cboXpTBaymytvEdBM8","group":"8d24650d-42d3-47bb-b8ed-bf7cf535bb87"}
response time: 191
response status: 200
response body: 
{"status":0,"data":[{"name":"控股公司","description":"控股公司","status":1,"groupId":"8d24650d-42d3-47bb-b8ed-bf7cf535bb87","id":"79a85d3d-0c74-46a2-8912-92ba97131035","createdAt":1505972677959,"updatedAt":1505972677959,"version":0,"group":{"name":"控股","description":"group2","status":1,"id":"8d24650d-42d3-47bb-b8ed-bf7cf535bb87","createdAt":1505972676326,"updatedAt":1505972676326,"version":0}}],"total":1}
*************** response log end ***************

[2017-09-26 08:56:01.905] [INFO] resLogger - 
*************** response log start ***************
request method: GET
request originalUrl:  /api/corporations/list?token=eyJhbGciOiJIUzI1NiIsInR5cCI6IkpXVCJ9.eyJkYXRhIjp7ImlkIjoiYmRiNWUzNTUtOWYwMy00NTllLTgwNTEtNGVkZWUwZjQ5YTgwIiwibmFtZSI6ImFkbWluIiwiZ2VuZGVyIjp0cnVlLCJlbWFpbCI6IjM3ODMzODYyN0BxcS5jb20ifSwiaWF0IjoxNTA2Mzg3MzMxLCJleHAiOjE1MDY0NzM3MzF9.Ll-Jm5xOyZkvgA5IyrZP9dnf5cboXpTBaymytvEdBM8&group=8d24650d-42d3-47bb-b8ed-bf7cf535bb87
request client ip:  ::ffff:127.0.0.1
request query:  {"token":"eyJhbGciOiJIUzI1NiIsInR5cCI6IkpXVCJ9.eyJkYXRhIjp7ImlkIjoiYmRiNWUzNTUtOWYwMy00NTllLTgwNTEtNGVkZWUwZjQ5YTgwIiwibmFtZSI6ImFkbWluIiwiZ2VuZGVyIjp0cnVlLCJlbWFpbCI6IjM3ODMzODYyN0BxcS5jb20ifSwiaWF0IjoxNTA2Mzg3MzMxLCJleHAiOjE1MDY0NzM3MzF9.Ll-Jm5xOyZkvgA5IyrZP9dnf5cboXpTBaymytvEdBM8","group":"8d24650d-42d3-47bb-b8ed-bf7cf535bb87"}
response time: 144
response status: 200
response body: 
{"status":0,"data":[{"name":"控股公司","description":"控股公司","status":1,"groupId":"8d24650d-42d3-47bb-b8ed-bf7cf535bb87","id":"79a85d3d-0c74-46a2-8912-92ba97131035","createdAt":1505972677959,"updatedAt":1505972677959,"version":0,"group":{"name":"控股","description":"group2","status":1,"id":"8d24650d-42d3-47bb-b8ed-bf7cf535bb87","createdAt":1505972676326,"updatedAt":1505972676326,"version":0}}],"total":1}
*************** response log end ***************

[2017-09-26 08:56:01.924] [INFO] resLogger - 
*************** response log start ***************
request method: GET
request originalUrl:  /api/corpBuildings/list/79a85d3d-0c74-46a2-8912-92ba97131035?token=eyJhbGciOiJIUzI1NiIsInR5cCI6IkpXVCJ9.eyJkYXRhIjp7ImlkIjoiYmRiNWUzNTUtOWYwMy00NTllLTgwNTEtNGVkZWUwZjQ5YTgwIiwibmFtZSI6ImFkbWluIiwiZ2VuZGVyIjp0cnVlLCJlbWFpbCI6IjM3ODMzODYyN0BxcS5jb20ifSwiaWF0IjoxNTA2Mzg3MzMxLCJleHAiOjE1MDY0NzM3MzF9.Ll-Jm5xOyZkvgA5IyrZP9dnf5cboXpTBaymytvEdBM8
request client ip:  ::ffff:127.0.0.1
request query:  {"token":"eyJhbGciOiJIUzI1NiIsInR5cCI6IkpXVCJ9.eyJkYXRhIjp7ImlkIjoiYmRiNWUzNTUtOWYwMy00NTllLTgwNTEtNGVkZWUwZjQ5YTgwIiwibmFtZSI6ImFkbWluIiwiZ2VuZGVyIjp0cnVlLCJlbWFpbCI6IjM3ODMzODYyN0BxcS5jb20ifSwiaWF0IjoxNTA2Mzg3MzMxLCJleHAiOjE1MDY0NzM3MzF9.Ll-Jm5xOyZkvgA5IyrZP9dnf5cboXpTBaymytvEdBM8"}
response time: 81
response status: 200
response body: 
{"status":0,"data":[{"corporationId":"79a85d3d-0c74-46a2-8912-92ba97131035","buildingId":"2fac4a82-59bd-4225-8098-6981c5dbc42b","floor":7,"position":"A","status":1,"id":"e36282e5-a95a-4fa2-a91e-2c61aa3cb255","createdAt":1505972678122,"updatedAt":1505972678122,"version":0,"building":{"name":"商务大厦南楼","address":"南","minfloor":1,"maxfloor":15,"status":1,"id":"2fac4a82-59bd-4225-8098-6981c5dbc42b","createdAt":1505972676507,"updatedAt":1505972676507,"version":0}},{"corporationId":"79a85d3d-0c74-46a2-8912-92ba97131035","buildingId":"2fac4a82-59bd-4225-8098-6981c5dbc42b","floor":6,"position":"A","status":1,"id":"a136ea36-0b30-45a5-acfb-014df9ac23b5","createdAt":1505972678042,"updatedAt":1505972678042,"version":0,"building":{"name":"商务大厦南楼","address":"南","minfloor":1,"maxfloor":15,"status":1,"id":"2fac4a82-59bd-4225-8098-6981c5dbc42b","createdAt":1505972676507,"updatedAt":1505972676507,"version":0}}],"total":0}
*************** response log end ***************

[2017-09-26 08:56:01.991] [INFO] resLogger - 
*************** response log start ***************
request method: GET
request originalUrl:  /api/corpBuildings/list/79a85d3d-0c74-46a2-8912-92ba97131035?token=eyJhbGciOiJIUzI1NiIsInR5cCI6IkpXVCJ9.eyJkYXRhIjp7ImlkIjoiYmRiNWUzNTUtOWYwMy00NTllLTgwNTEtNGVkZWUwZjQ5YTgwIiwibmFtZSI6ImFkbWluIiwiZ2VuZGVyIjp0cnVlLCJlbWFpbCI6IjM3ODMzODYyN0BxcS5jb20ifSwiaWF0IjoxNTA2Mzg3MzMxLCJleHAiOjE1MDY0NzM3MzF9.Ll-Jm5xOyZkvgA5IyrZP9dnf5cboXpTBaymytvEdBM8
request client ip:  ::ffff:127.0.0.1
request query:  {"token":"eyJhbGciOiJIUzI1NiIsInR5cCI6IkpXVCJ9.eyJkYXRhIjp7ImlkIjoiYmRiNWUzNTUtOWYwMy00NTllLTgwNTEtNGVkZWUwZjQ5YTgwIiwibmFtZSI6ImFkbWluIiwiZ2VuZGVyIjp0cnVlLCJlbWFpbCI6IjM3ODMzODYyN0BxcS5jb20ifSwiaWF0IjoxNTA2Mzg3MzMxLCJleHAiOjE1MDY0NzM3MzF9.Ll-Jm5xOyZkvgA5IyrZP9dnf5cboXpTBaymytvEdBM8"}
response time: 61
response status: 200
response body: 
{"status":0,"data":[{"corporationId":"79a85d3d-0c74-46a2-8912-92ba97131035","buildingId":"2fac4a82-59bd-4225-8098-6981c5dbc42b","floor":7,"position":"A","status":1,"id":"e36282e5-a95a-4fa2-a91e-2c61aa3cb255","createdAt":1505972678122,"updatedAt":1505972678122,"version":0,"building":{"name":"商务大厦南楼","address":"南","minfloor":1,"maxfloor":15,"status":1,"id":"2fac4a82-59bd-4225-8098-6981c5dbc42b","createdAt":1505972676507,"updatedAt":1505972676507,"version":0}},{"corporationId":"79a85d3d-0c74-46a2-8912-92ba97131035","buildingId":"2fac4a82-59bd-4225-8098-6981c5dbc42b","floor":6,"position":"A","status":1,"id":"a136ea36-0b30-45a5-acfb-014df9ac23b5","createdAt":1505972678042,"updatedAt":1505972678042,"version":0,"building":{"name":"商务大厦南楼","address":"南","minfloor":1,"maxfloor":15,"status":1,"id":"2fac4a82-59bd-4225-8098-6981c5dbc42b","createdAt":1505972676507,"updatedAt":1505972676507,"version":0}}],"total":0}
*************** response log end ***************

