[2017-10-25 16:00:06.675] [INFO] resLogger - 
*************** response log start ***************
request method: GET
request originalUrl:  /api/user/?token=eyJhbGciOiJIUzI1NiIsInR5cCI6IkpXVCJ9.eyJkYXRhIjp7ImlkIjoiMWFkODM2OTAtOGMxMC00MzM3LTk2MjktNWNmMmI4YTJhZjgwIiwibmFtZSI6ImFkbWluIiwiZ2VuZGVyIjp0cnVlLCJlbWFpbCI6IjM3ODMzODYyN0BxcS5jb20ifSwiaWF0IjoxNTA4ODk5NTU1LCJleHAiOjE1MDg5ODU5NTV9.3VOGUZcShDgPq4Mr8clGAD-YUMF1A9VGTw51vOwGhUo
request client ip:  ::ffff:127.0.0.1
request query:  {"token":"eyJhbGciOiJIUzI1NiIsInR5cCI6IkpXVCJ9.eyJkYXRhIjp7ImlkIjoiMWFkODM2OTAtOGMxMC00MzM3LTk2MjktNWNmMmI4YTJhZjgwIiwibmFtZSI6ImFkbWluIiwiZ2VuZGVyIjp0cnVlLCJlbWFpbCI6IjM3ODMzODYyN0BxcS5jb20ifSwiaWF0IjoxNTA4ODk5NTU1LCJleHAiOjE1MDg5ODU5NTV9.3VOGUZcShDgPq4Mr8clGAD-YUMF1A9VGTw51vOwGhUo"}
response time: 55
response status: 200
response body: 
{"status":0,"data":{"name":"admin","email":"378338627@qq.com","phone":"15822927208","password":"$2a$10$FTTsr0P8vHgxEtFTs7FTHuLS9EEEL34CkH.wE8UDet0MdQ7Hs4l5e","gender":true,"token":"eyJhbGciOiJIUzI1NiIsInR5cCI6IkpXVCJ9.eyJkYXRhIjp7ImlkIjoiMWFkODM2OTAtOGMxMC00MzM3LTk2MjktNWNmMmI4YTJhZjgwIiwibmFtZSI6ImFkbWluIiwiZ2VuZGVyIjp0cnVlLCJlbWFpbCI6IjM3ODMzODYyN0BxcS5jb20ifSwiaWF0IjoxNTA4ODk5NTU1LCJleHAiOjE1MDg5ODU5NTV9.3VOGUZcShDgPq4Mr8clGAD-YUMF1A9VGTw51vOwGhUo","canLogin":true,"status":1,"id":"1ad83690-8c10-4337-9629-5cf2b8a2af80","createdAt":1508374808809,"updatedAt":1508899555555,"version":40}}
*************** response log end ***************

[2017-10-25 16:00:07.097] [INFO] resLogger - 
*************** response log start ***************
request method: GET
request originalUrl:  /api/groups/list?token=eyJhbGciOiJIUzI1NiIsInR5cCI6IkpXVCJ9.eyJkYXRhIjp7ImlkIjoiMWFkODM2OTAtOGMxMC00MzM3LTk2MjktNWNmMmI4YTJhZjgwIiwibmFtZSI6ImFkbWluIiwiZ2VuZGVyIjp0cnVlLCJlbWFpbCI6IjM3ODMzODYyN0BxcS5jb20ifSwiaWF0IjoxNTA4ODk5NTU1LCJleHAiOjE1MDg5ODU5NTV9.3VOGUZcShDgPq4Mr8clGAD-YUMF1A9VGTw51vOwGhUo
request client ip:  ::ffff:127.0.0.1
request query:  {"token":"eyJhbGciOiJIUzI1NiIsInR5cCI6IkpXVCJ9.eyJkYXRhIjp7ImlkIjoiMWFkODM2OTAtOGMxMC00MzM3LTk2MjktNWNmMmI4YTJhZjgwIiwibmFtZSI6ImFkbWluIiwiZ2VuZGVyIjp0cnVlLCJlbWFpbCI6IjM3ODMzODYyN0BxcS5jb20ifSwiaWF0IjoxNTA4ODk5NTU1LCJleHAiOjE1MDg5ODU5NTV9.3VOGUZcShDgPq4Mr8clGAD-YUMF1A9VGTw51vOwGhUo"}
response time: 115
response status: 200
response body: 
{"status":0,"data":[{"name":"控股","description":"group2","status":1,"id":"30e0f985-0394-4f0b-ab7f-898724c99eab","createdAt":1508374809103,"updatedAt":1508374809103,"version":0},{"name":"管委会","description":"group1","status":1,"id":"547bc6ee-2f95-4773-9446-07626a73f044","createdAt":1508374808811,"updatedAt":1508374808811,"version":0}],"total":2}
*************** response log end ***************

[2017-10-25 16:00:07.108] [INFO] resLogger - 
*************** response log start ***************
request method: GET
request originalUrl:  /api/order/getorderno/get/2017/10/25?token=eyJhbGciOiJIUzI1NiIsInR5cCI6IkpXVCJ9.eyJkYXRhIjp7ImlkIjoiMWFkODM2OTAtOGMxMC00MzM3LTk2MjktNWNmMmI4YTJhZjgwIiwibmFtZSI6ImFkbWluIiwiZ2VuZGVyIjp0cnVlLCJlbWFpbCI6IjM3ODMzODYyN0BxcS5jb20ifSwiaWF0IjoxNTA4ODk5NTU1LCJleHAiOjE1MDg5ODU5NTV9.3VOGUZcShDgPq4Mr8clGAD-YUMF1A9VGTw51vOwGhUo
request client ip:  ::ffff:127.0.0.1
request query:  {"token":"eyJhbGciOiJIUzI1NiIsInR5cCI6IkpXVCJ9.eyJkYXRhIjp7ImlkIjoiMWFkODM2OTAtOGMxMC00MzM3LTk2MjktNWNmMmI4YTJhZjgwIiwibmFtZSI6ImFkbWluIiwiZ2VuZGVyIjp0cnVlLCJlbWFpbCI6IjM3ODMzODYyN0BxcS5jb20ifSwiaWF0IjoxNTA4ODk5NTU1LCJleHAiOjE1MDg5ODU5NTV9.3VOGUZcShDgPq4Mr8clGAD-YUMF1A9VGTw51vOwGhUo"}
response time: 60
response status: 200
response body: 
{"status":0,"data":"20171025000"}
*************** response log end ***************

[2017-10-25 16:00:07.311] [INFO] resLogger - 
*************** response log start ***************
request method: GET
request originalUrl:  /api/corporations/list?token=eyJhbGciOiJIUzI1NiIsInR5cCI6IkpXVCJ9.eyJkYXRhIjp7ImlkIjoiMWFkODM2OTAtOGMxMC00MzM3LTk2MjktNWNmMmI4YTJhZjgwIiwibmFtZSI6ImFkbWluIiwiZ2VuZGVyIjp0cnVlLCJlbWFpbCI6IjM3ODMzODYyN0BxcS5jb20ifSwiaWF0IjoxNTA4ODk5NTU1LCJleHAiOjE1MDg5ODU5NTV9.3VOGUZcShDgPq4Mr8clGAD-YUMF1A9VGTw51vOwGhUo&group=30e0f985-0394-4f0b-ab7f-898724c99eab
request client ip:  ::ffff:127.0.0.1
request query:  {"token":"eyJhbGciOiJIUzI1NiIsInR5cCI6IkpXVCJ9.eyJkYXRhIjp7ImlkIjoiMWFkODM2OTAtOGMxMC00MzM3LTk2MjktNWNmMmI4YTJhZjgwIiwibmFtZSI6ImFkbWluIiwiZ2VuZGVyIjp0cnVlLCJlbWFpbCI6IjM3ODMzODYyN0BxcS5jb20ifSwiaWF0IjoxNTA4ODk5NTU1LCJleHAiOjE1MDg5ODU5NTV9.3VOGUZcShDgPq4Mr8clGAD-YUMF1A9VGTw51vOwGhUo","group":"30e0f985-0394-4f0b-ab7f-898724c99eab"}
response time: 64
response status: 200
response body: 
{"status":0,"data":[{"name":"控股公司","description":"控股公司","status":1,"groupId":"30e0f985-0394-4f0b-ab7f-898724c99eab","id":"a94ed403-c060-4901-b1f0-4154a1da0221","createdAt":1508374810533,"updatedAt":1508374810533,"version":0,"group":{"name":"控股","description":"group2","status":1,"id":"30e0f985-0394-4f0b-ab7f-898724c99eab","createdAt":1508374809103,"updatedAt":1508374809103,"version":0}}],"total":1}
*************** response log end ***************

[2017-10-25 16:00:07.365] [INFO] resLogger - 
*************** response log start ***************
request method: GET
request originalUrl:  /api/corpBuildings/list/a94ed403-c060-4901-b1f0-4154a1da0221?token=eyJhbGciOiJIUzI1NiIsInR5cCI6IkpXVCJ9.eyJkYXRhIjp7ImlkIjoiMWFkODM2OTAtOGMxMC00MzM3LTk2MjktNWNmMmI4YTJhZjgwIiwibmFtZSI6ImFkbWluIiwiZ2VuZGVyIjp0cnVlLCJlbWFpbCI6IjM3ODMzODYyN0BxcS5jb20ifSwiaWF0IjoxNTA4ODk5NTU1LCJleHAiOjE1MDg5ODU5NTV9.3VOGUZcShDgPq4Mr8clGAD-YUMF1A9VGTw51vOwGhUo
request client ip:  ::ffff:127.0.0.1
request query:  {"token":"eyJhbGciOiJIUzI1NiIsInR5cCI6IkpXVCJ9.eyJkYXRhIjp7ImlkIjoiMWFkODM2OTAtOGMxMC00MzM3LTk2MjktNWNmMmI4YTJhZjgwIiwibmFtZSI6ImFkbWluIiwiZ2VuZGVyIjp0cnVlLCJlbWFpbCI6IjM3ODMzODYyN0BxcS5jb20ifSwiaWF0IjoxNTA4ODk5NTU1LCJleHAiOjE1MDg5ODU5NTV9.3VOGUZcShDgPq4Mr8clGAD-YUMF1A9VGTw51vOwGhUo"}
response time: 35
response status: 200
response body: 
{"status":0,"data":[{"corporationId":"a94ed403-c060-4901-b1f0-4154a1da0221","buildingId":"5cd7c002-0167-45dc-bf1c-b85572fc656b","floor":7,"position":"A","status":1,"id":"ae989611-646e-430e-9cdd-ed1045021e9f","createdAt":1508374810727,"updatedAt":1508374810727,"version":0,"building":{"name":"商务大厦南楼","address":"南","minfloor":1,"maxfloor":15,"status":1,"id":"5cd7c002-0167-45dc-bf1c-b85572fc656b","createdAt":1508374809260,"updatedAt":1508374809260,"version":0}},{"corporationId":"a94ed403-c060-4901-b1f0-4154a1da0221","buildingId":"5cd7c002-0167-45dc-bf1c-b85572fc656b","floor":6,"position":"A","status":1,"id":"f30aef61-15a8-4228-a913-c5dc6d0dd85c","createdAt":1508374810648,"updatedAt":1508374810648,"version":0,"building":{"name":"商务大厦南楼","address":"南","minfloor":1,"maxfloor":15,"status":1,"id":"5cd7c002-0167-45dc-bf1c-b85572fc656b","createdAt":1508374809260,"updatedAt":1508374809260,"version":0}}],"total":0}
*************** response log end ***************

[2017-10-25 16:01:16.365] [INFO] resLogger - 
*************** response log start ***************
request method: GET
request originalUrl:  /api/user/?token=eyJhbGciOiJIUzI1NiIsInR5cCI6IkpXVCJ9.eyJkYXRhIjp7ImlkIjoiMWFkODM2OTAtOGMxMC00MzM3LTk2MjktNWNmMmI4YTJhZjgwIiwibmFtZSI6ImFkbWluIiwiZ2VuZGVyIjp0cnVlLCJlbWFpbCI6IjM3ODMzODYyN0BxcS5jb20ifSwiaWF0IjoxNTA4ODk5NTU1LCJleHAiOjE1MDg5ODU5NTV9.3VOGUZcShDgPq4Mr8clGAD-YUMF1A9VGTw51vOwGhUo
request client ip:  ::ffff:127.0.0.1
request query:  {"token":"eyJhbGciOiJIUzI1NiIsInR5cCI6IkpXVCJ9.eyJkYXRhIjp7ImlkIjoiMWFkODM2OTAtOGMxMC00MzM3LTk2MjktNWNmMmI4YTJhZjgwIiwibmFtZSI6ImFkbWluIiwiZ2VuZGVyIjp0cnVlLCJlbWFpbCI6IjM3ODMzODYyN0BxcS5jb20ifSwiaWF0IjoxNTA4ODk5NTU1LCJleHAiOjE1MDg5ODU5NTV9.3VOGUZcShDgPq4Mr8clGAD-YUMF1A9VGTw51vOwGhUo"}
response time: 139
response status: 200
response body: 
{"status":0,"data":{"name":"admin","email":"378338627@qq.com","phone":"15822927208","password":"$2a$10$FTTsr0P8vHgxEtFTs7FTHuLS9EEEL34CkH.wE8UDet0MdQ7Hs4l5e","gender":true,"token":"eyJhbGciOiJIUzI1NiIsInR5cCI6IkpXVCJ9.eyJkYXRhIjp7ImlkIjoiMWFkODM2OTAtOGMxMC00MzM3LTk2MjktNWNmMmI4YTJhZjgwIiwibmFtZSI6ImFkbWluIiwiZ2VuZGVyIjp0cnVlLCJlbWFpbCI6IjM3ODMzODYyN0BxcS5jb20ifSwiaWF0IjoxNTA4ODk5NTU1LCJleHAiOjE1MDg5ODU5NTV9.3VOGUZcShDgPq4Mr8clGAD-YUMF1A9VGTw51vOwGhUo","canLogin":true,"status":1,"id":"1ad83690-8c10-4337-9629-5cf2b8a2af80","createdAt":1508374808809,"updatedAt":1508899555555,"version":40}}
*************** response log end ***************

[2017-10-25 16:01:16.750] [INFO] resLogger - 
*************** response log start ***************
request method: GET
request originalUrl:  /api/groups/list?token=eyJhbGciOiJIUzI1NiIsInR5cCI6IkpXVCJ9.eyJkYXRhIjp7ImlkIjoiMWFkODM2OTAtOGMxMC00MzM3LTk2MjktNWNmMmI4YTJhZjgwIiwibmFtZSI6ImFkbWluIiwiZ2VuZGVyIjp0cnVlLCJlbWFpbCI6IjM3ODMzODYyN0BxcS5jb20ifSwiaWF0IjoxNTA4ODk5NTU1LCJleHAiOjE1MDg5ODU5NTV9.3VOGUZcShDgPq4Mr8clGAD-YUMF1A9VGTw51vOwGhUo
request client ip:  ::ffff:127.0.0.1
request query:  {"token":"eyJhbGciOiJIUzI1NiIsInR5cCI6IkpXVCJ9.eyJkYXRhIjp7ImlkIjoiMWFkODM2OTAtOGMxMC00MzM3LTk2MjktNWNmMmI4YTJhZjgwIiwibmFtZSI6ImFkbWluIiwiZ2VuZGVyIjp0cnVlLCJlbWFpbCI6IjM3ODMzODYyN0BxcS5jb20ifSwiaWF0IjoxNTA4ODk5NTU1LCJleHAiOjE1MDg5ODU5NTV9.3VOGUZcShDgPq4Mr8clGAD-YUMF1A9VGTw51vOwGhUo"}
response time: 195
response status: 200
response body: 
{"status":0,"data":[{"name":"控股","description":"group2","status":1,"id":"30e0f985-0394-4f0b-ab7f-898724c99eab","createdAt":1508374809103,"updatedAt":1508374809103,"version":0},{"name":"管委会","description":"group1","status":1,"id":"547bc6ee-2f95-4773-9446-07626a73f044","createdAt":1508374808811,"updatedAt":1508374808811,"version":0}],"total":2}
*************** response log end ***************

[2017-10-25 16:01:16.771] [INFO] resLogger - 
*************** response log start ***************
request method: GET
request originalUrl:  /api/order/getorderno/get/2017/10/25?token=eyJhbGciOiJIUzI1NiIsInR5cCI6IkpXVCJ9.eyJkYXRhIjp7ImlkIjoiMWFkODM2OTAtOGMxMC00MzM3LTk2MjktNWNmMmI4YTJhZjgwIiwibmFtZSI6ImFkbWluIiwiZ2VuZGVyIjp0cnVlLCJlbWFpbCI6IjM3ODMzODYyN0BxcS5jb20ifSwiaWF0IjoxNTA4ODk5NTU1LCJleHAiOjE1MDg5ODU5NTV9.3VOGUZcShDgPq4Mr8clGAD-YUMF1A9VGTw51vOwGhUo
request client ip:  ::ffff:127.0.0.1
request query:  {"token":"eyJhbGciOiJIUzI1NiIsInR5cCI6IkpXVCJ9.eyJkYXRhIjp7ImlkIjoiMWFkODM2OTAtOGMxMC00MzM3LTk2MjktNWNmMmI4YTJhZjgwIiwibmFtZSI6ImFkbWluIiwiZ2VuZGVyIjp0cnVlLCJlbWFpbCI6IjM3ODMzODYyN0BxcS5jb20ifSwiaWF0IjoxNTA4ODk5NTU1LCJleHAiOjE1MDg5ODU5NTV9.3VOGUZcShDgPq4Mr8clGAD-YUMF1A9VGTw51vOwGhUo"}
response time: 143
response status: 200
response body: 
{"status":0,"data":"20171025000"}
*************** response log end ***************

[2017-10-25 16:01:17.069] [INFO] resLogger - 
*************** response log start ***************
request method: GET
request originalUrl:  /api/corporations/list?token=eyJhbGciOiJIUzI1NiIsInR5cCI6IkpXVCJ9.eyJkYXRhIjp7ImlkIjoiMWFkODM2OTAtOGMxMC00MzM3LTk2MjktNWNmMmI4YTJhZjgwIiwibmFtZSI6ImFkbWluIiwiZ2VuZGVyIjp0cnVlLCJlbWFpbCI6IjM3ODMzODYyN0BxcS5jb20ifSwiaWF0IjoxNTA4ODk5NTU1LCJleHAiOjE1MDg5ODU5NTV9.3VOGUZcShDgPq4Mr8clGAD-YUMF1A9VGTw51vOwGhUo&group=30e0f985-0394-4f0b-ab7f-898724c99eab
request client ip:  ::ffff:127.0.0.1
request query:  {"token":"eyJhbGciOiJIUzI1NiIsInR5cCI6IkpXVCJ9.eyJkYXRhIjp7ImlkIjoiMWFkODM2OTAtOGMxMC00MzM3LTk2MjktNWNmMmI4YTJhZjgwIiwibmFtZSI6ImFkbWluIiwiZ2VuZGVyIjp0cnVlLCJlbWFpbCI6IjM3ODMzODYyN0BxcS5jb20ifSwiaWF0IjoxNTA4ODk5NTU1LCJleHAiOjE1MDg5ODU5NTV9.3VOGUZcShDgPq4Mr8clGAD-YUMF1A9VGTw51vOwGhUo","group":"30e0f985-0394-4f0b-ab7f-898724c99eab"}
response time: 158
response status: 200
response body: 
{"status":0,"data":[{"name":"控股公司","description":"控股公司","status":1,"groupId":"30e0f985-0394-4f0b-ab7f-898724c99eab","id":"a94ed403-c060-4901-b1f0-4154a1da0221","createdAt":1508374810533,"updatedAt":1508374810533,"version":0,"group":{"name":"控股","description":"group2","status":1,"id":"30e0f985-0394-4f0b-ab7f-898724c99eab","createdAt":1508374809103,"updatedAt":1508374809103,"version":0}}],"total":1}
*************** response log end ***************

[2017-10-25 16:01:17.195] [INFO] resLogger - 
*************** response log start ***************
request method: GET
request originalUrl:  /api/corpBuildings/list/a94ed403-c060-4901-b1f0-4154a1da0221?token=eyJhbGciOiJIUzI1NiIsInR5cCI6IkpXVCJ9.eyJkYXRhIjp7ImlkIjoiMWFkODM2OTAtOGMxMC00MzM3LTk2MjktNWNmMmI4YTJhZjgwIiwibmFtZSI6ImFkbWluIiwiZ2VuZGVyIjp0cnVlLCJlbWFpbCI6IjM3ODMzODYyN0BxcS5jb20ifSwiaWF0IjoxNTA4ODk5NTU1LCJleHAiOjE1MDg5ODU5NTV9.3VOGUZcShDgPq4Mr8clGAD-YUMF1A9VGTw51vOwGhUo
request client ip:  ::ffff:127.0.0.1
request query:  {"token":"eyJhbGciOiJIUzI1NiIsInR5cCI6IkpXVCJ9.eyJkYXRhIjp7ImlkIjoiMWFkODM2OTAtOGMxMC00MzM3LTk2MjktNWNmMmI4YTJhZjgwIiwibmFtZSI6ImFkbWluIiwiZ2VuZGVyIjp0cnVlLCJlbWFpbCI6IjM3ODMzODYyN0BxcS5jb20ifSwiaWF0IjoxNTA4ODk5NTU1LCJleHAiOjE1MDg5ODU5NTV9.3VOGUZcShDgPq4Mr8clGAD-YUMF1A9VGTw51vOwGhUo"}
response time: 80
response status: 200
response body: 
{"status":0,"data":[{"corporationId":"a94ed403-c060-4901-b1f0-4154a1da0221","buildingId":"5cd7c002-0167-45dc-bf1c-b85572fc656b","floor":7,"position":"A","status":1,"id":"ae989611-646e-430e-9cdd-ed1045021e9f","createdAt":1508374810727,"updatedAt":1508374810727,"version":0,"building":{"name":"商务大厦南楼","address":"南","minfloor":1,"maxfloor":15,"status":1,"id":"5cd7c002-0167-45dc-bf1c-b85572fc656b","createdAt":1508374809260,"updatedAt":1508374809260,"version":0}},{"corporationId":"a94ed403-c060-4901-b1f0-4154a1da0221","buildingId":"5cd7c002-0167-45dc-bf1c-b85572fc656b","floor":6,"position":"A","status":1,"id":"f30aef61-15a8-4228-a913-c5dc6d0dd85c","createdAt":1508374810648,"updatedAt":1508374810648,"version":0,"building":{"name":"商务大厦南楼","address":"南","minfloor":1,"maxfloor":15,"status":1,"id":"5cd7c002-0167-45dc-bf1c-b85572fc656b","createdAt":1508374809260,"updatedAt":1508374809260,"version":0}}],"total":0}
*************** response log end ***************

[2017-10-25 16:08:04.502] [INFO] resLogger - 
*************** response log start ***************
request method: GET
request originalUrl:  /api/user/?token=eyJhbGciOiJIUzI1NiIsInR5cCI6IkpXVCJ9.eyJkYXRhIjp7ImlkIjoiMWFkODM2OTAtOGMxMC00MzM3LTk2MjktNWNmMmI4YTJhZjgwIiwibmFtZSI6ImFkbWluIiwiZ2VuZGVyIjp0cnVlLCJlbWFpbCI6IjM3ODMzODYyN0BxcS5jb20ifSwiaWF0IjoxNTA4ODk5NTU1LCJleHAiOjE1MDg5ODU5NTV9.3VOGUZcShDgPq4Mr8clGAD-YUMF1A9VGTw51vOwGhUo
request client ip:  ::ffff:127.0.0.1
request query:  {"token":"eyJhbGciOiJIUzI1NiIsInR5cCI6IkpXVCJ9.eyJkYXRhIjp7ImlkIjoiMWFkODM2OTAtOGMxMC00MzM3LTk2MjktNWNmMmI4YTJhZjgwIiwibmFtZSI6ImFkbWluIiwiZ2VuZGVyIjp0cnVlLCJlbWFpbCI6IjM3ODMzODYyN0BxcS5jb20ifSwiaWF0IjoxNTA4ODk5NTU1LCJleHAiOjE1MDg5ODU5NTV9.3VOGUZcShDgPq4Mr8clGAD-YUMF1A9VGTw51vOwGhUo"}
response time: 130
response status: 200
response body: 
{"status":0,"data":{"name":"admin","email":"378338627@qq.com","phone":"15822927208","password":"$2a$10$FTTsr0P8vHgxEtFTs7FTHuLS9EEEL34CkH.wE8UDet0MdQ7Hs4l5e","gender":true,"token":"eyJhbGciOiJIUzI1NiIsInR5cCI6IkpXVCJ9.eyJkYXRhIjp7ImlkIjoiMWFkODM2OTAtOGMxMC00MzM3LTk2MjktNWNmMmI4YTJhZjgwIiwibmFtZSI6ImFkbWluIiwiZ2VuZGVyIjp0cnVlLCJlbWFpbCI6IjM3ODMzODYyN0BxcS5jb20ifSwiaWF0IjoxNTA4ODk5NTU1LCJleHAiOjE1MDg5ODU5NTV9.3VOGUZcShDgPq4Mr8clGAD-YUMF1A9VGTw51vOwGhUo","canLogin":true,"status":1,"id":"1ad83690-8c10-4337-9629-5cf2b8a2af80","createdAt":1508374808809,"updatedAt":1508899555555,"version":40}}
*************** response log end ***************

[2017-10-25 16:08:04.785] [INFO] resLogger - 
*************** response log start ***************
request method: GET
request originalUrl:  /api/groups/list?token=eyJhbGciOiJIUzI1NiIsInR5cCI6IkpXVCJ9.eyJkYXRhIjp7ImlkIjoiMWFkODM2OTAtOGMxMC00MzM3LTk2MjktNWNmMmI4YTJhZjgwIiwibmFtZSI6ImFkbWluIiwiZ2VuZGVyIjp0cnVlLCJlbWFpbCI6IjM3ODMzODYyN0BxcS5jb20ifSwiaWF0IjoxNTA4ODk5NTU1LCJleHAiOjE1MDg5ODU5NTV9.3VOGUZcShDgPq4Mr8clGAD-YUMF1A9VGTw51vOwGhUo
request client ip:  ::ffff:127.0.0.1
request query:  {"token":"eyJhbGciOiJIUzI1NiIsInR5cCI6IkpXVCJ9.eyJkYXRhIjp7ImlkIjoiMWFkODM2OTAtOGMxMC00MzM3LTk2MjktNWNmMmI4YTJhZjgwIiwibmFtZSI6ImFkbWluIiwiZ2VuZGVyIjp0cnVlLCJlbWFpbCI6IjM3ODMzODYyN0BxcS5jb20ifSwiaWF0IjoxNTA4ODk5NTU1LCJleHAiOjE1MDg5ODU5NTV9.3VOGUZcShDgPq4Mr8clGAD-YUMF1A9VGTw51vOwGhUo"}
response time: 103
response status: 200
response body: 
{"status":0,"data":[{"name":"控股","description":"group2","status":1,"id":"30e0f985-0394-4f0b-ab7f-898724c99eab","createdAt":1508374809103,"updatedAt":1508374809103,"version":0},{"name":"管委会","description":"group1","status":1,"id":"547bc6ee-2f95-4773-9446-07626a73f044","createdAt":1508374808811,"updatedAt":1508374808811,"version":0}],"total":2}
*************** response log end ***************

[2017-10-25 16:08:04.837] [INFO] resLogger - 
*************** response log start ***************
request method: GET
request originalUrl:  /api/order/getorderno/get/2017/10/25?token=eyJhbGciOiJIUzI1NiIsInR5cCI6IkpXVCJ9.eyJkYXRhIjp7ImlkIjoiMWFkODM2OTAtOGMxMC00MzM3LTk2MjktNWNmMmI4YTJhZjgwIiwibmFtZSI6ImFkbWluIiwiZ2VuZGVyIjp0cnVlLCJlbWFpbCI6IjM3ODMzODYyN0BxcS5jb20ifSwiaWF0IjoxNTA4ODk5NTU1LCJleHAiOjE1MDg5ODU5NTV9.3VOGUZcShDgPq4Mr8clGAD-YUMF1A9VGTw51vOwGhUo
request client ip:  ::ffff:127.0.0.1
request query:  {"token":"eyJhbGciOiJIUzI1NiIsInR5cCI6IkpXVCJ9.eyJkYXRhIjp7ImlkIjoiMWFkODM2OTAtOGMxMC00MzM3LTk2MjktNWNmMmI4YTJhZjgwIiwibmFtZSI6ImFkbWluIiwiZ2VuZGVyIjp0cnVlLCJlbWFpbCI6IjM3ODMzODYyN0BxcS5jb20ifSwiaWF0IjoxNTA4ODk5NTU1LCJleHAiOjE1MDg5ODU5NTV9.3VOGUZcShDgPq4Mr8clGAD-YUMF1A9VGTw51vOwGhUo"}
response time: 51
response status: 200
response body: 
{"status":0,"data":"20171025000"}
*************** response log end ***************

[2017-10-25 16:08:05.034] [INFO] resLogger - 
*************** response log start ***************
request method: GET
request originalUrl:  /api/corporations/list?token=eyJhbGciOiJIUzI1NiIsInR5cCI6IkpXVCJ9.eyJkYXRhIjp7ImlkIjoiMWFkODM2OTAtOGMxMC00MzM3LTk2MjktNWNmMmI4YTJhZjgwIiwibmFtZSI6ImFkbWluIiwiZ2VuZGVyIjp0cnVlLCJlbWFpbCI6IjM3ODMzODYyN0BxcS5jb20ifSwiaWF0IjoxNTA4ODk5NTU1LCJleHAiOjE1MDg5ODU5NTV9.3VOGUZcShDgPq4Mr8clGAD-YUMF1A9VGTw51vOwGhUo&group=30e0f985-0394-4f0b-ab7f-898724c99eab
request client ip:  ::ffff:127.0.0.1
request query:  {"token":"eyJhbGciOiJIUzI1NiIsInR5cCI6IkpXVCJ9.eyJkYXRhIjp7ImlkIjoiMWFkODM2OTAtOGMxMC00MzM3LTk2MjktNWNmMmI4YTJhZjgwIiwibmFtZSI6ImFkbWluIiwiZ2VuZGVyIjp0cnVlLCJlbWFpbCI6IjM3ODMzODYyN0BxcS5jb20ifSwiaWF0IjoxNTA4ODk5NTU1LCJleHAiOjE1MDg5ODU5NTV9.3VOGUZcShDgPq4Mr8clGAD-YUMF1A9VGTw51vOwGhUo","group":"30e0f985-0394-4f0b-ab7f-898724c99eab"}
response time: 76
response status: 200
response body: 
{"status":0,"data":[{"name":"控股公司","description":"控股公司","status":1,"groupId":"30e0f985-0394-4f0b-ab7f-898724c99eab","id":"a94ed403-c060-4901-b1f0-4154a1da0221","createdAt":1508374810533,"updatedAt":1508374810533,"version":0,"group":{"name":"控股","description":"group2","status":1,"id":"30e0f985-0394-4f0b-ab7f-898724c99eab","createdAt":1508374809103,"updatedAt":1508374809103,"version":0}}],"total":1}
*************** response log end ***************

[2017-10-25 16:08:05.088] [INFO] resLogger - 
*************** response log start ***************
request method: GET
request originalUrl:  /api/corpBuildings/list/a94ed403-c060-4901-b1f0-4154a1da0221?token=eyJhbGciOiJIUzI1NiIsInR5cCI6IkpXVCJ9.eyJkYXRhIjp7ImlkIjoiMWFkODM2OTAtOGMxMC00MzM3LTk2MjktNWNmMmI4YTJhZjgwIiwibmFtZSI6ImFkbWluIiwiZ2VuZGVyIjp0cnVlLCJlbWFpbCI6IjM3ODMzODYyN0BxcS5jb20ifSwiaWF0IjoxNTA4ODk5NTU1LCJleHAiOjE1MDg5ODU5NTV9.3VOGUZcShDgPq4Mr8clGAD-YUMF1A9VGTw51vOwGhUo
request client ip:  ::ffff:127.0.0.1
request query:  {"token":"eyJhbGciOiJIUzI1NiIsInR5cCI6IkpXVCJ9.eyJkYXRhIjp7ImlkIjoiMWFkODM2OTAtOGMxMC00MzM3LTk2MjktNWNmMmI4YTJhZjgwIiwibmFtZSI6ImFkbWluIiwiZ2VuZGVyIjp0cnVlLCJlbWFpbCI6IjM3ODMzODYyN0BxcS5jb20ifSwiaWF0IjoxNTA4ODk5NTU1LCJleHAiOjE1MDg5ODU5NTV9.3VOGUZcShDgPq4Mr8clGAD-YUMF1A9VGTw51vOwGhUo"}
response time: 38
response status: 200
response body: 
{"status":0,"data":[{"corporationId":"a94ed403-c060-4901-b1f0-4154a1da0221","buildingId":"5cd7c002-0167-45dc-bf1c-b85572fc656b","floor":7,"position":"A","status":1,"id":"ae989611-646e-430e-9cdd-ed1045021e9f","createdAt":1508374810727,"updatedAt":1508374810727,"version":0,"building":{"name":"商务大厦南楼","address":"南","minfloor":1,"maxfloor":15,"status":1,"id":"5cd7c002-0167-45dc-bf1c-b85572fc656b","createdAt":1508374809260,"updatedAt":1508374809260,"version":0}},{"corporationId":"a94ed403-c060-4901-b1f0-4154a1da0221","buildingId":"5cd7c002-0167-45dc-bf1c-b85572fc656b","floor":6,"position":"A","status":1,"id":"f30aef61-15a8-4228-a913-c5dc6d0dd85c","createdAt":1508374810648,"updatedAt":1508374810648,"version":0,"building":{"name":"商务大厦南楼","address":"南","minfloor":1,"maxfloor":15,"status":1,"id":"5cd7c002-0167-45dc-bf1c-b85572fc656b","createdAt":1508374809260,"updatedAt":1508374809260,"version":0}}],"total":0}
*************** response log end ***************

[2017-10-25 16:11:16.785] [INFO] resLogger - 
*************** response log start ***************
request method: GET
request originalUrl:  /api/user/?token=eyJhbGciOiJIUzI1NiIsInR5cCI6IkpXVCJ9.eyJkYXRhIjp7ImlkIjoiMWFkODM2OTAtOGMxMC00MzM3LTk2MjktNWNmMmI4YTJhZjgwIiwibmFtZSI6ImFkbWluIiwiZ2VuZGVyIjp0cnVlLCJlbWFpbCI6IjM3ODMzODYyN0BxcS5jb20ifSwiaWF0IjoxNTA4ODk5NTU1LCJleHAiOjE1MDg5ODU5NTV9.3VOGUZcShDgPq4Mr8clGAD-YUMF1A9VGTw51vOwGhUo
request client ip:  ::ffff:127.0.0.1
request query:  {"token":"eyJhbGciOiJIUzI1NiIsInR5cCI6IkpXVCJ9.eyJkYXRhIjp7ImlkIjoiMWFkODM2OTAtOGMxMC00MzM3LTk2MjktNWNmMmI4YTJhZjgwIiwibmFtZSI6ImFkbWluIiwiZ2VuZGVyIjp0cnVlLCJlbWFpbCI6IjM3ODMzODYyN0BxcS5jb20ifSwiaWF0IjoxNTA4ODk5NTU1LCJleHAiOjE1MDg5ODU5NTV9.3VOGUZcShDgPq4Mr8clGAD-YUMF1A9VGTw51vOwGhUo"}
response time: 131
response status: 200
response body: 
{"status":0,"data":{"name":"admin","email":"378338627@qq.com","phone":"15822927208","password":"$2a$10$FTTsr0P8vHgxEtFTs7FTHuLS9EEEL34CkH.wE8UDet0MdQ7Hs4l5e","gender":true,"token":"eyJhbGciOiJIUzI1NiIsInR5cCI6IkpXVCJ9.eyJkYXRhIjp7ImlkIjoiMWFkODM2OTAtOGMxMC00MzM3LTk2MjktNWNmMmI4YTJhZjgwIiwibmFtZSI6ImFkbWluIiwiZ2VuZGVyIjp0cnVlLCJlbWFpbCI6IjM3ODMzODYyN0BxcS5jb20ifSwiaWF0IjoxNTA4ODk5NTU1LCJleHAiOjE1MDg5ODU5NTV9.3VOGUZcShDgPq4Mr8clGAD-YUMF1A9VGTw51vOwGhUo","canLogin":true,"status":1,"id":"1ad83690-8c10-4337-9629-5cf2b8a2af80","createdAt":1508374808809,"updatedAt":1508899555555,"version":40}}
*************** response log end ***************

[2017-10-25 16:11:17.171] [INFO] resLogger - 
*************** response log start ***************
request method: GET
request originalUrl:  /api/groups/list?token=eyJhbGciOiJIUzI1NiIsInR5cCI6IkpXVCJ9.eyJkYXRhIjp7ImlkIjoiMWFkODM2OTAtOGMxMC00MzM3LTk2MjktNWNmMmI4YTJhZjgwIiwibmFtZSI6ImFkbWluIiwiZ2VuZGVyIjp0cnVlLCJlbWFpbCI6IjM3ODMzODYyN0BxcS5jb20ifSwiaWF0IjoxNTA4ODk5NTU1LCJleHAiOjE1MDg5ODU5NTV9.3VOGUZcShDgPq4Mr8clGAD-YUMF1A9VGTw51vOwGhUo
request client ip:  ::ffff:127.0.0.1
request query:  {"token":"eyJhbGciOiJIUzI1NiIsInR5cCI6IkpXVCJ9.eyJkYXRhIjp7ImlkIjoiMWFkODM2OTAtOGMxMC00MzM3LTk2MjktNWNmMmI4YTJhZjgwIiwibmFtZSI6ImFkbWluIiwiZ2VuZGVyIjp0cnVlLCJlbWFpbCI6IjM3ODMzODYyN0BxcS5jb20ifSwiaWF0IjoxNTA4ODk5NTU1LCJleHAiOjE1MDg5ODU5NTV9.3VOGUZcShDgPq4Mr8clGAD-YUMF1A9VGTw51vOwGhUo"}
response time: 87
response status: 200
response body: 
{"status":0,"data":[{"name":"控股","description":"group2","status":1,"id":"30e0f985-0394-4f0b-ab7f-898724c99eab","createdAt":1508374809103,"updatedAt":1508374809103,"version":0},{"name":"管委会","description":"group1","status":1,"id":"547bc6ee-2f95-4773-9446-07626a73f044","createdAt":1508374808811,"updatedAt":1508374808811,"version":0}],"total":2}
*************** response log end ***************

[2017-10-25 16:11:17.222] [INFO] resLogger - 
*************** response log start ***************
request method: GET
request originalUrl:  /api/order/getorderno/get/2017/10/25?token=eyJhbGciOiJIUzI1NiIsInR5cCI6IkpXVCJ9.eyJkYXRhIjp7ImlkIjoiMWFkODM2OTAtOGMxMC00MzM3LTk2MjktNWNmMmI4YTJhZjgwIiwibmFtZSI6ImFkbWluIiwiZ2VuZGVyIjp0cnVlLCJlbWFpbCI6IjM3ODMzODYyN0BxcS5jb20ifSwiaWF0IjoxNTA4ODk5NTU1LCJleHAiOjE1MDg5ODU5NTV9.3VOGUZcShDgPq4Mr8clGAD-YUMF1A9VGTw51vOwGhUo
request client ip:  ::ffff:127.0.0.1
request query:  {"token":"eyJhbGciOiJIUzI1NiIsInR5cCI6IkpXVCJ9.eyJkYXRhIjp7ImlkIjoiMWFkODM2OTAtOGMxMC00MzM3LTk2MjktNWNmMmI4YTJhZjgwIiwibmFtZSI6ImFkbWluIiwiZ2VuZGVyIjp0cnVlLCJlbWFpbCI6IjM3ODMzODYyN0BxcS5jb20ifSwiaWF0IjoxNTA4ODk5NTU1LCJleHAiOjE1MDg5ODU5NTV9.3VOGUZcShDgPq4Mr8clGAD-YUMF1A9VGTw51vOwGhUo"}
response time: 50
response status: 200
response body: 
{"status":0,"data":"20171025000"}
*************** response log end ***************

[2017-10-25 16:11:17.447] [INFO] resLogger - 
*************** response log start ***************
request method: GET
request originalUrl:  /api/corporations/list?token=eyJhbGciOiJIUzI1NiIsInR5cCI6IkpXVCJ9.eyJkYXRhIjp7ImlkIjoiMWFkODM2OTAtOGMxMC00MzM3LTk2MjktNWNmMmI4YTJhZjgwIiwibmFtZSI6ImFkbWluIiwiZ2VuZGVyIjp0cnVlLCJlbWFpbCI6IjM3ODMzODYyN0BxcS5jb20ifSwiaWF0IjoxNTA4ODk5NTU1LCJleHAiOjE1MDg5ODU5NTV9.3VOGUZcShDgPq4Mr8clGAD-YUMF1A9VGTw51vOwGhUo&group=30e0f985-0394-4f0b-ab7f-898724c99eab
request client ip:  ::ffff:127.0.0.1
request query:  {"token":"eyJhbGciOiJIUzI1NiIsInR5cCI6IkpXVCJ9.eyJkYXRhIjp7ImlkIjoiMWFkODM2OTAtOGMxMC00MzM3LTk2MjktNWNmMmI4YTJhZjgwIiwibmFtZSI6ImFkbWluIiwiZ2VuZGVyIjp0cnVlLCJlbWFpbCI6IjM3ODMzODYyN0BxcS5jb20ifSwiaWF0IjoxNTA4ODk5NTU1LCJleHAiOjE1MDg5ODU5NTV9.3VOGUZcShDgPq4Mr8clGAD-YUMF1A9VGTw51vOwGhUo","group":"30e0f985-0394-4f0b-ab7f-898724c99eab"}
response time: 62
response status: 200
response body: 
{"status":0,"data":[{"name":"控股公司","description":"控股公司","status":1,"groupId":"30e0f985-0394-4f0b-ab7f-898724c99eab","id":"a94ed403-c060-4901-b1f0-4154a1da0221","createdAt":1508374810533,"updatedAt":1508374810533,"version":0,"group":{"name":"控股","description":"group2","status":1,"id":"30e0f985-0394-4f0b-ab7f-898724c99eab","createdAt":1508374809103,"updatedAt":1508374809103,"version":0}}],"total":1}
*************** response log end ***************

[2017-10-25 16:11:17.496] [INFO] resLogger - 
*************** response log start ***************
request method: GET
request originalUrl:  /api/corpBuildings/list/a94ed403-c060-4901-b1f0-4154a1da0221?token=eyJhbGciOiJIUzI1NiIsInR5cCI6IkpXVCJ9.eyJkYXRhIjp7ImlkIjoiMWFkODM2OTAtOGMxMC00MzM3LTk2MjktNWNmMmI4YTJhZjgwIiwibmFtZSI6ImFkbWluIiwiZ2VuZGVyIjp0cnVlLCJlbWFpbCI6IjM3ODMzODYyN0BxcS5jb20ifSwiaWF0IjoxNTA4ODk5NTU1LCJleHAiOjE1MDg5ODU5NTV9.3VOGUZcShDgPq4Mr8clGAD-YUMF1A9VGTw51vOwGhUo
request client ip:  ::ffff:127.0.0.1
request query:  {"token":"eyJhbGciOiJIUzI1NiIsInR5cCI6IkpXVCJ9.eyJkYXRhIjp7ImlkIjoiMWFkODM2OTAtOGMxMC00MzM3LTk2MjktNWNmMmI4YTJhZjgwIiwibmFtZSI6ImFkbWluIiwiZ2VuZGVyIjp0cnVlLCJlbWFpbCI6IjM3ODMzODYyN0BxcS5jb20ifSwiaWF0IjoxNTA4ODk5NTU1LCJleHAiOjE1MDg5ODU5NTV9.3VOGUZcShDgPq4Mr8clGAD-YUMF1A9VGTw51vOwGhUo"}
response time: 35
response status: 200
response body: 
{"status":0,"data":[{"corporationId":"a94ed403-c060-4901-b1f0-4154a1da0221","buildingId":"5cd7c002-0167-45dc-bf1c-b85572fc656b","floor":7,"position":"A","status":1,"id":"ae989611-646e-430e-9cdd-ed1045021e9f","createdAt":1508374810727,"updatedAt":1508374810727,"version":0,"building":{"name":"商务大厦南楼","address":"南","minfloor":1,"maxfloor":15,"status":1,"id":"5cd7c002-0167-45dc-bf1c-b85572fc656b","createdAt":1508374809260,"updatedAt":1508374809260,"version":0}},{"corporationId":"a94ed403-c060-4901-b1f0-4154a1da0221","buildingId":"5cd7c002-0167-45dc-bf1c-b85572fc656b","floor":6,"position":"A","status":1,"id":"f30aef61-15a8-4228-a913-c5dc6d0dd85c","createdAt":1508374810648,"updatedAt":1508374810648,"version":0,"building":{"name":"商务大厦南楼","address":"南","minfloor":1,"maxfloor":15,"status":1,"id":"5cd7c002-0167-45dc-bf1c-b85572fc656b","createdAt":1508374809260,"updatedAt":1508374809260,"version":0}}],"total":0}
*************** response log end ***************

[2017-10-25 16:14:15.585] [INFO] resLogger - 
*************** response log start ***************
request method: GET
request originalUrl:  /api/user/?token=eyJhbGciOiJIUzI1NiIsInR5cCI6IkpXVCJ9.eyJkYXRhIjp7ImlkIjoiMWFkODM2OTAtOGMxMC00MzM3LTk2MjktNWNmMmI4YTJhZjgwIiwibmFtZSI6ImFkbWluIiwiZ2VuZGVyIjp0cnVlLCJlbWFpbCI6IjM3ODMzODYyN0BxcS5jb20ifSwiaWF0IjoxNTA4ODk5NTU1LCJleHAiOjE1MDg5ODU5NTV9.3VOGUZcShDgPq4Mr8clGAD-YUMF1A9VGTw51vOwGhUo
request client ip:  ::ffff:127.0.0.1
request query:  {"token":"eyJhbGciOiJIUzI1NiIsInR5cCI6IkpXVCJ9.eyJkYXRhIjp7ImlkIjoiMWFkODM2OTAtOGMxMC00MzM3LTk2MjktNWNmMmI4YTJhZjgwIiwibmFtZSI6ImFkbWluIiwiZ2VuZGVyIjp0cnVlLCJlbWFpbCI6IjM3ODMzODYyN0BxcS5jb20ifSwiaWF0IjoxNTA4ODk5NTU1LCJleHAiOjE1MDg5ODU5NTV9.3VOGUZcShDgPq4Mr8clGAD-YUMF1A9VGTw51vOwGhUo"}
response time: 111
response status: 200
response body: 
{"status":0,"data":{"name":"admin","email":"378338627@qq.com","phone":"15822927208","password":"$2a$10$FTTsr0P8vHgxEtFTs7FTHuLS9EEEL34CkH.wE8UDet0MdQ7Hs4l5e","gender":true,"token":"eyJhbGciOiJIUzI1NiIsInR5cCI6IkpXVCJ9.eyJkYXRhIjp7ImlkIjoiMWFkODM2OTAtOGMxMC00MzM3LTk2MjktNWNmMmI4YTJhZjgwIiwibmFtZSI6ImFkbWluIiwiZ2VuZGVyIjp0cnVlLCJlbWFpbCI6IjM3ODMzODYyN0BxcS5jb20ifSwiaWF0IjoxNTA4ODk5NTU1LCJleHAiOjE1MDg5ODU5NTV9.3VOGUZcShDgPq4Mr8clGAD-YUMF1A9VGTw51vOwGhUo","canLogin":true,"status":1,"id":"1ad83690-8c10-4337-9629-5cf2b8a2af80","createdAt":1508374808809,"updatedAt":1508899555555,"version":40}}
*************** response log end ***************

[2017-10-25 16:14:15.912] [INFO] resLogger - 
*************** response log start ***************
request method: GET
request originalUrl:  /api/groups/list?token=eyJhbGciOiJIUzI1NiIsInR5cCI6IkpXVCJ9.eyJkYXRhIjp7ImlkIjoiMWFkODM2OTAtOGMxMC00MzM3LTk2MjktNWNmMmI4YTJhZjgwIiwibmFtZSI6ImFkbWluIiwiZ2VuZGVyIjp0cnVlLCJlbWFpbCI6IjM3ODMzODYyN0BxcS5jb20ifSwiaWF0IjoxNTA4ODk5NTU1LCJleHAiOjE1MDg5ODU5NTV9.3VOGUZcShDgPq4Mr8clGAD-YUMF1A9VGTw51vOwGhUo
request client ip:  ::ffff:127.0.0.1
request query:  {"token":"eyJhbGciOiJIUzI1NiIsInR5cCI6IkpXVCJ9.eyJkYXRhIjp7ImlkIjoiMWFkODM2OTAtOGMxMC00MzM3LTk2MjktNWNmMmI4YTJhZjgwIiwibmFtZSI6ImFkbWluIiwiZ2VuZGVyIjp0cnVlLCJlbWFpbCI6IjM3ODMzODYyN0BxcS5jb20ifSwiaWF0IjoxNTA4ODk5NTU1LCJleHAiOjE1MDg5ODU5NTV9.3VOGUZcShDgPq4Mr8clGAD-YUMF1A9VGTw51vOwGhUo"}
response time: 112
response status: 200
response body: 
{"status":0,"data":[{"name":"控股","description":"group2","status":1,"id":"30e0f985-0394-4f0b-ab7f-898724c99eab","createdAt":1508374809103,"updatedAt":1508374809103,"version":0},{"name":"管委会","description":"group1","status":1,"id":"547bc6ee-2f95-4773-9446-07626a73f044","createdAt":1508374808811,"updatedAt":1508374808811,"version":0}],"total":2}
*************** response log end ***************

[2017-10-25 16:14:15.971] [INFO] resLogger - 
*************** response log start ***************
request method: GET
request originalUrl:  /api/order/getorderno/get/2017/10/25?token=eyJhbGciOiJIUzI1NiIsInR5cCI6IkpXVCJ9.eyJkYXRhIjp7ImlkIjoiMWFkODM2OTAtOGMxMC00MzM3LTk2MjktNWNmMmI4YTJhZjgwIiwibmFtZSI6ImFkbWluIiwiZ2VuZGVyIjp0cnVlLCJlbWFpbCI6IjM3ODMzODYyN0BxcS5jb20ifSwiaWF0IjoxNTA4ODk5NTU1LCJleHAiOjE1MDg5ODU5NTV9.3VOGUZcShDgPq4Mr8clGAD-YUMF1A9VGTw51vOwGhUo
request client ip:  ::ffff:127.0.0.1
request query:  {"token":"eyJhbGciOiJIUzI1NiIsInR5cCI6IkpXVCJ9.eyJkYXRhIjp7ImlkIjoiMWFkODM2OTAtOGMxMC00MzM3LTk2MjktNWNmMmI4YTJhZjgwIiwibmFtZSI6ImFkbWluIiwiZ2VuZGVyIjp0cnVlLCJlbWFpbCI6IjM3ODMzODYyN0BxcS5jb20ifSwiaWF0IjoxNTA4ODk5NTU1LCJleHAiOjE1MDg5ODU5NTV9.3VOGUZcShDgPq4Mr8clGAD-YUMF1A9VGTw51vOwGhUo"}
response time: 57
response status: 200
response body: 
{"status":0,"data":"20171025000"}
*************** response log end ***************

[2017-10-25 16:14:16.260] [INFO] resLogger - 
*************** response log start ***************
request method: GET
request originalUrl:  /api/corporations/list?token=eyJhbGciOiJIUzI1NiIsInR5cCI6IkpXVCJ9.eyJkYXRhIjp7ImlkIjoiMWFkODM2OTAtOGMxMC00MzM3LTk2MjktNWNmMmI4YTJhZjgwIiwibmFtZSI6ImFkbWluIiwiZ2VuZGVyIjp0cnVlLCJlbWFpbCI6IjM3ODMzODYyN0BxcS5jb20ifSwiaWF0IjoxNTA4ODk5NTU1LCJleHAiOjE1MDg5ODU5NTV9.3VOGUZcShDgPq4Mr8clGAD-YUMF1A9VGTw51vOwGhUo&group=30e0f985-0394-4f0b-ab7f-898724c99eab
request client ip:  ::ffff:127.0.0.1
request query:  {"token":"eyJhbGciOiJIUzI1NiIsInR5cCI6IkpXVCJ9.eyJkYXRhIjp7ImlkIjoiMWFkODM2OTAtOGMxMC00MzM3LTk2MjktNWNmMmI4YTJhZjgwIiwibmFtZSI6ImFkbWluIiwiZ2VuZGVyIjp0cnVlLCJlbWFpbCI6IjM3ODMzODYyN0BxcS5jb20ifSwiaWF0IjoxNTA4ODk5NTU1LCJleHAiOjE1MDg5ODU5NTV9.3VOGUZcShDgPq4Mr8clGAD-YUMF1A9VGTw51vOwGhUo","group":"30e0f985-0394-4f0b-ab7f-898724c99eab"}
response time: 112
response status: 200
response body: 
{"status":0,"data":[{"name":"控股公司","description":"控股公司","status":1,"groupId":"30e0f985-0394-4f0b-ab7f-898724c99eab","id":"a94ed403-c060-4901-b1f0-4154a1da0221","createdAt":1508374810533,"updatedAt":1508374810533,"version":0,"group":{"name":"控股","description":"group2","status":1,"id":"30e0f985-0394-4f0b-ab7f-898724c99eab","createdAt":1508374809103,"updatedAt":1508374809103,"version":0}}],"total":1}
*************** response log end ***************

[2017-10-25 16:14:16.378] [INFO] resLogger - 
*************** response log start ***************
request method: GET
request originalUrl:  /api/corpBuildings/list/a94ed403-c060-4901-b1f0-4154a1da0221?token=eyJhbGciOiJIUzI1NiIsInR5cCI6IkpXVCJ9.eyJkYXRhIjp7ImlkIjoiMWFkODM2OTAtOGMxMC00MzM3LTk2MjktNWNmMmI4YTJhZjgwIiwibmFtZSI6ImFkbWluIiwiZ2VuZGVyIjp0cnVlLCJlbWFpbCI6IjM3ODMzODYyN0BxcS5jb20ifSwiaWF0IjoxNTA4ODk5NTU1LCJleHAiOjE1MDg5ODU5NTV9.3VOGUZcShDgPq4Mr8clGAD-YUMF1A9VGTw51vOwGhUo
request client ip:  ::ffff:127.0.0.1
request query:  {"token":"eyJhbGciOiJIUzI1NiIsInR5cCI6IkpXVCJ9.eyJkYXRhIjp7ImlkIjoiMWFkODM2OTAtOGMxMC00MzM3LTk2MjktNWNmMmI4YTJhZjgwIiwibmFtZSI6ImFkbWluIiwiZ2VuZGVyIjp0cnVlLCJlbWFpbCI6IjM3ODMzODYyN0BxcS5jb20ifSwiaWF0IjoxNTA4ODk5NTU1LCJleHAiOjE1MDg5ODU5NTV9.3VOGUZcShDgPq4Mr8clGAD-YUMF1A9VGTw51vOwGhUo"}
response time: 86
response status: 200
response body: 
{"status":0,"data":[{"corporationId":"a94ed403-c060-4901-b1f0-4154a1da0221","buildingId":"5cd7c002-0167-45dc-bf1c-b85572fc656b","floor":7,"position":"A","status":1,"id":"ae989611-646e-430e-9cdd-ed1045021e9f","createdAt":1508374810727,"updatedAt":1508374810727,"version":0,"building":{"name":"商务大厦南楼","address":"南","minfloor":1,"maxfloor":15,"status":1,"id":"5cd7c002-0167-45dc-bf1c-b85572fc656b","createdAt":1508374809260,"updatedAt":1508374809260,"version":0}},{"corporationId":"a94ed403-c060-4901-b1f0-4154a1da0221","buildingId":"5cd7c002-0167-45dc-bf1c-b85572fc656b","floor":6,"position":"A","status":1,"id":"f30aef61-15a8-4228-a913-c5dc6d0dd85c","createdAt":1508374810648,"updatedAt":1508374810648,"version":0,"building":{"name":"商务大厦南楼","address":"南","minfloor":1,"maxfloor":15,"status":1,"id":"5cd7c002-0167-45dc-bf1c-b85572fc656b","createdAt":1508374809260,"updatedAt":1508374809260,"version":0}}],"total":0}
*************** response log end ***************

[2017-10-25 16:15:39.168] [INFO] resLogger - 
*************** response log start ***************
request method: GET
request originalUrl:  /api/user/?token=eyJhbGciOiJIUzI1NiIsInR5cCI6IkpXVCJ9.eyJkYXRhIjp7ImlkIjoiMWFkODM2OTAtOGMxMC00MzM3LTk2MjktNWNmMmI4YTJhZjgwIiwibmFtZSI6ImFkbWluIiwiZ2VuZGVyIjp0cnVlLCJlbWFpbCI6IjM3ODMzODYyN0BxcS5jb20ifSwiaWF0IjoxNTA4ODk5NTU1LCJleHAiOjE1MDg5ODU5NTV9.3VOGUZcShDgPq4Mr8clGAD-YUMF1A9VGTw51vOwGhUo
request client ip:  ::ffff:127.0.0.1
request query:  {"token":"eyJhbGciOiJIUzI1NiIsInR5cCI6IkpXVCJ9.eyJkYXRhIjp7ImlkIjoiMWFkODM2OTAtOGMxMC00MzM3LTk2MjktNWNmMmI4YTJhZjgwIiwibmFtZSI6ImFkbWluIiwiZ2VuZGVyIjp0cnVlLCJlbWFpbCI6IjM3ODMzODYyN0BxcS5jb20ifSwiaWF0IjoxNTA4ODk5NTU1LCJleHAiOjE1MDg5ODU5NTV9.3VOGUZcShDgPq4Mr8clGAD-YUMF1A9VGTw51vOwGhUo"}
response time: 58
response status: 200
response body: 
{"status":0,"data":{"name":"admin","email":"378338627@qq.com","phone":"15822927208","password":"$2a$10$FTTsr0P8vHgxEtFTs7FTHuLS9EEEL34CkH.wE8UDet0MdQ7Hs4l5e","gender":true,"token":"eyJhbGciOiJIUzI1NiIsInR5cCI6IkpXVCJ9.eyJkYXRhIjp7ImlkIjoiMWFkODM2OTAtOGMxMC00MzM3LTk2MjktNWNmMmI4YTJhZjgwIiwibmFtZSI6ImFkbWluIiwiZ2VuZGVyIjp0cnVlLCJlbWFpbCI6IjM3ODMzODYyN0BxcS5jb20ifSwiaWF0IjoxNTA4ODk5NTU1LCJleHAiOjE1MDg5ODU5NTV9.3VOGUZcShDgPq4Mr8clGAD-YUMF1A9VGTw51vOwGhUo","canLogin":true,"status":1,"id":"1ad83690-8c10-4337-9629-5cf2b8a2af80","createdAt":1508374808809,"updatedAt":1508899555555,"version":40}}
*************** response log end ***************

[2017-10-25 16:15:39.680] [INFO] resLogger - 
*************** response log start ***************
request method: GET
request originalUrl:  /api/groups/list?token=eyJhbGciOiJIUzI1NiIsInR5cCI6IkpXVCJ9.eyJkYXRhIjp7ImlkIjoiMWFkODM2OTAtOGMxMC00MzM3LTk2MjktNWNmMmI4YTJhZjgwIiwibmFtZSI6ImFkbWluIiwiZ2VuZGVyIjp0cnVlLCJlbWFpbCI6IjM3ODMzODYyN0BxcS5jb20ifSwiaWF0IjoxNTA4ODk5NTU1LCJleHAiOjE1MDg5ODU5NTV9.3VOGUZcShDgPq4Mr8clGAD-YUMF1A9VGTw51vOwGhUo
request client ip:  ::ffff:127.0.0.1
request query:  {"token":"eyJhbGciOiJIUzI1NiIsInR5cCI6IkpXVCJ9.eyJkYXRhIjp7ImlkIjoiMWFkODM2OTAtOGMxMC00MzM3LTk2MjktNWNmMmI4YTJhZjgwIiwibmFtZSI6ImFkbWluIiwiZ2VuZGVyIjp0cnVlLCJlbWFpbCI6IjM3ODMzODYyN0BxcS5jb20ifSwiaWF0IjoxNTA4ODk5NTU1LCJleHAiOjE1MDg5ODU5NTV9.3VOGUZcShDgPq4Mr8clGAD-YUMF1A9VGTw51vOwGhUo"}
response time: 112
response status: 200
response body: 
{"status":0,"data":[{"name":"控股","description":"group2","status":1,"id":"30e0f985-0394-4f0b-ab7f-898724c99eab","createdAt":1508374809103,"updatedAt":1508374809103,"version":0},{"name":"管委会","description":"group1","status":1,"id":"547bc6ee-2f95-4773-9446-07626a73f044","createdAt":1508374808811,"updatedAt":1508374808811,"version":0}],"total":2}
*************** response log end ***************

[2017-10-25 16:15:39.691] [INFO] resLogger - 
*************** response log start ***************
request method: GET
request originalUrl:  /api/order/getorderno/get/2017/10/25?token=eyJhbGciOiJIUzI1NiIsInR5cCI6IkpXVCJ9.eyJkYXRhIjp7ImlkIjoiMWFkODM2OTAtOGMxMC00MzM3LTk2MjktNWNmMmI4YTJhZjgwIiwibmFtZSI6ImFkbWluIiwiZ2VuZGVyIjp0cnVlLCJlbWFpbCI6IjM3ODMzODYyN0BxcS5jb20ifSwiaWF0IjoxNTA4ODk5NTU1LCJleHAiOjE1MDg5ODU5NTV9.3VOGUZcShDgPq4Mr8clGAD-YUMF1A9VGTw51vOwGhUo
request client ip:  ::ffff:127.0.0.1
request query:  {"token":"eyJhbGciOiJIUzI1NiIsInR5cCI6IkpXVCJ9.eyJkYXRhIjp7ImlkIjoiMWFkODM2OTAtOGMxMC00MzM3LTk2MjktNWNmMmI4YTJhZjgwIiwibmFtZSI6ImFkbWluIiwiZ2VuZGVyIjp0cnVlLCJlbWFpbCI6IjM3ODMzODYyN0BxcS5jb20ifSwiaWF0IjoxNTA4ODk5NTU1LCJleHAiOjE1MDg5ODU5NTV9.3VOGUZcShDgPq4Mr8clGAD-YUMF1A9VGTw51vOwGhUo"}
response time: 55
response status: 200
response body: 
{"status":0,"data":"20171025000"}
*************** response log end ***************

[2017-10-25 16:15:39.956] [INFO] resLogger - 
*************** response log start ***************
request method: GET
request originalUrl:  /api/corporations/list?token=eyJhbGciOiJIUzI1NiIsInR5cCI6IkpXVCJ9.eyJkYXRhIjp7ImlkIjoiMWFkODM2OTAtOGMxMC00MzM3LTk2MjktNWNmMmI4YTJhZjgwIiwibmFtZSI6ImFkbWluIiwiZ2VuZGVyIjp0cnVlLCJlbWFpbCI6IjM3ODMzODYyN0BxcS5jb20ifSwiaWF0IjoxNTA4ODk5NTU1LCJleHAiOjE1MDg5ODU5NTV9.3VOGUZcShDgPq4Mr8clGAD-YUMF1A9VGTw51vOwGhUo&group=30e0f985-0394-4f0b-ab7f-898724c99eab
request client ip:  ::ffff:127.0.0.1
request query:  {"token":"eyJhbGciOiJIUzI1NiIsInR5cCI6IkpXVCJ9.eyJkYXRhIjp7ImlkIjoiMWFkODM2OTAtOGMxMC00MzM3LTk2MjktNWNmMmI4YTJhZjgwIiwibmFtZSI6ImFkbWluIiwiZ2VuZGVyIjp0cnVlLCJlbWFpbCI6IjM3ODMzODYyN0BxcS5jb20ifSwiaWF0IjoxNTA4ODk5NTU1LCJleHAiOjE1MDg5ODU5NTV9.3VOGUZcShDgPq4Mr8clGAD-YUMF1A9VGTw51vOwGhUo","group":"30e0f985-0394-4f0b-ab7f-898724c99eab"}
response time: 78
response status: 200
response body: 
{"status":0,"data":[{"name":"控股公司","description":"控股公司","status":1,"groupId":"30e0f985-0394-4f0b-ab7f-898724c99eab","id":"a94ed403-c060-4901-b1f0-4154a1da0221","createdAt":1508374810533,"updatedAt":1508374810533,"version":0,"group":{"name":"控股","description":"group2","status":1,"id":"30e0f985-0394-4f0b-ab7f-898724c99eab","createdAt":1508374809103,"updatedAt":1508374809103,"version":0}}],"total":1}
*************** response log end ***************

[2017-10-25 16:15:40.023] [INFO] resLogger - 
*************** response log start ***************
request method: GET
request originalUrl:  /api/corpBuildings/list/a94ed403-c060-4901-b1f0-4154a1da0221?token=eyJhbGciOiJIUzI1NiIsInR5cCI6IkpXVCJ9.eyJkYXRhIjp7ImlkIjoiMWFkODM2OTAtOGMxMC00MzM3LTk2MjktNWNmMmI4YTJhZjgwIiwibmFtZSI6ImFkbWluIiwiZ2VuZGVyIjp0cnVlLCJlbWFpbCI6IjM3ODMzODYyN0BxcS5jb20ifSwiaWF0IjoxNTA4ODk5NTU1LCJleHAiOjE1MDg5ODU5NTV9.3VOGUZcShDgPq4Mr8clGAD-YUMF1A9VGTw51vOwGhUo
request client ip:  ::ffff:127.0.0.1
request query:  {"token":"eyJhbGciOiJIUzI1NiIsInR5cCI6IkpXVCJ9.eyJkYXRhIjp7ImlkIjoiMWFkODM2OTAtOGMxMC00MzM3LTk2MjktNWNmMmI4YTJhZjgwIiwibmFtZSI6ImFkbWluIiwiZ2VuZGVyIjp0cnVlLCJlbWFpbCI6IjM3ODMzODYyN0BxcS5jb20ifSwiaWF0IjoxNTA4ODk5NTU1LCJleHAiOjE1MDg5ODU5NTV9.3VOGUZcShDgPq4Mr8clGAD-YUMF1A9VGTw51vOwGhUo"}
response time: 38
response status: 200
response body: 
{"status":0,"data":[{"corporationId":"a94ed403-c060-4901-b1f0-4154a1da0221","buildingId":"5cd7c002-0167-45dc-bf1c-b85572fc656b","floor":7,"position":"A","status":1,"id":"ae989611-646e-430e-9cdd-ed1045021e9f","createdAt":1508374810727,"updatedAt":1508374810727,"version":0,"building":{"name":"商务大厦南楼","address":"南","minfloor":1,"maxfloor":15,"status":1,"id":"5cd7c002-0167-45dc-bf1c-b85572fc656b","createdAt":1508374809260,"updatedAt":1508374809260,"version":0}},{"corporationId":"a94ed403-c060-4901-b1f0-4154a1da0221","buildingId":"5cd7c002-0167-45dc-bf1c-b85572fc656b","floor":6,"position":"A","status":1,"id":"f30aef61-15a8-4228-a913-c5dc6d0dd85c","createdAt":1508374810648,"updatedAt":1508374810648,"version":0,"building":{"name":"商务大厦南楼","address":"南","minfloor":1,"maxfloor":15,"status":1,"id":"5cd7c002-0167-45dc-bf1c-b85572fc656b","createdAt":1508374809260,"updatedAt":1508374809260,"version":0}}],"total":0}
*************** response log end ***************

[2017-10-25 16:16:05.205] [INFO] resLogger - 
*************** response log start ***************
request method: GET
request originalUrl:  /api/user/?token=eyJhbGciOiJIUzI1NiIsInR5cCI6IkpXVCJ9.eyJkYXRhIjp7ImlkIjoiMWFkODM2OTAtOGMxMC00MzM3LTk2MjktNWNmMmI4YTJhZjgwIiwibmFtZSI6ImFkbWluIiwiZ2VuZGVyIjp0cnVlLCJlbWFpbCI6IjM3ODMzODYyN0BxcS5jb20ifSwiaWF0IjoxNTA4ODk5NTU1LCJleHAiOjE1MDg5ODU5NTV9.3VOGUZcShDgPq4Mr8clGAD-YUMF1A9VGTw51vOwGhUo
request client ip:  ::ffff:127.0.0.1
request query:  {"token":"eyJhbGciOiJIUzI1NiIsInR5cCI6IkpXVCJ9.eyJkYXRhIjp7ImlkIjoiMWFkODM2OTAtOGMxMC00MzM3LTk2MjktNWNmMmI4YTJhZjgwIiwibmFtZSI6ImFkbWluIiwiZ2VuZGVyIjp0cnVlLCJlbWFpbCI6IjM3ODMzODYyN0BxcS5jb20ifSwiaWF0IjoxNTA4ODk5NTU1LCJleHAiOjE1MDg5ODU5NTV9.3VOGUZcShDgPq4Mr8clGAD-YUMF1A9VGTw51vOwGhUo"}
response time: 49
response status: 200
response body: 
{"status":0,"data":{"name":"admin","email":"378338627@qq.com","phone":"15822927208","password":"$2a$10$FTTsr0P8vHgxEtFTs7FTHuLS9EEEL34CkH.wE8UDet0MdQ7Hs4l5e","gender":true,"token":"eyJhbGciOiJIUzI1NiIsInR5cCI6IkpXVCJ9.eyJkYXRhIjp7ImlkIjoiMWFkODM2OTAtOGMxMC00MzM3LTk2MjktNWNmMmI4YTJhZjgwIiwibmFtZSI6ImFkbWluIiwiZ2VuZGVyIjp0cnVlLCJlbWFpbCI6IjM3ODMzODYyN0BxcS5jb20ifSwiaWF0IjoxNTA4ODk5NTU1LCJleHAiOjE1MDg5ODU5NTV9.3VOGUZcShDgPq4Mr8clGAD-YUMF1A9VGTw51vOwGhUo","canLogin":true,"status":1,"id":"1ad83690-8c10-4337-9629-5cf2b8a2af80","createdAt":1508374808809,"updatedAt":1508899555555,"version":40}}
*************** response log end ***************

[2017-10-25 16:16:05.722] [INFO] resLogger - 
*************** response log start ***************
request method: GET
request originalUrl:  /api/groups/list?token=eyJhbGciOiJIUzI1NiIsInR5cCI6IkpXVCJ9.eyJkYXRhIjp7ImlkIjoiMWFkODM2OTAtOGMxMC00MzM3LTk2MjktNWNmMmI4YTJhZjgwIiwibmFtZSI6ImFkbWluIiwiZ2VuZGVyIjp0cnVlLCJlbWFpbCI6IjM3ODMzODYyN0BxcS5jb20ifSwiaWF0IjoxNTA4ODk5NTU1LCJleHAiOjE1MDg5ODU5NTV9.3VOGUZcShDgPq4Mr8clGAD-YUMF1A9VGTw51vOwGhUo
request client ip:  ::ffff:127.0.0.1
request query:  {"token":"eyJhbGciOiJIUzI1NiIsInR5cCI6IkpXVCJ9.eyJkYXRhIjp7ImlkIjoiMWFkODM2OTAtOGMxMC00MzM3LTk2MjktNWNmMmI4YTJhZjgwIiwibmFtZSI6ImFkbWluIiwiZ2VuZGVyIjp0cnVlLCJlbWFpbCI6IjM3ODMzODYyN0BxcS5jb20ifSwiaWF0IjoxNTA4ODk5NTU1LCJleHAiOjE1MDg5ODU5NTV9.3VOGUZcShDgPq4Mr8clGAD-YUMF1A9VGTw51vOwGhUo"}
response time: 132
response status: 200
response body: 
{"status":0,"data":[{"name":"控股","description":"group2","status":1,"id":"30e0f985-0394-4f0b-ab7f-898724c99eab","createdAt":1508374809103,"updatedAt":1508374809103,"version":0},{"name":"管委会","description":"group1","status":1,"id":"547bc6ee-2f95-4773-9446-07626a73f044","createdAt":1508374808811,"updatedAt":1508374808811,"version":0}],"total":2}
*************** response log end ***************

[2017-10-25 16:16:05.731] [INFO] resLogger - 
*************** response log start ***************
request method: GET
request originalUrl:  /api/order/getorderno/get/2017/10/25?token=eyJhbGciOiJIUzI1NiIsInR5cCI6IkpXVCJ9.eyJkYXRhIjp7ImlkIjoiMWFkODM2OTAtOGMxMC00MzM3LTk2MjktNWNmMmI4YTJhZjgwIiwibmFtZSI6ImFkbWluIiwiZ2VuZGVyIjp0cnVlLCJlbWFpbCI6IjM3ODMzODYyN0BxcS5jb20ifSwiaWF0IjoxNTA4ODk5NTU1LCJleHAiOjE1MDg5ODU5NTV9.3VOGUZcShDgPq4Mr8clGAD-YUMF1A9VGTw51vOwGhUo
request client ip:  ::ffff:127.0.0.1
request query:  {"token":"eyJhbGciOiJIUzI1NiIsInR5cCI6IkpXVCJ9.eyJkYXRhIjp7ImlkIjoiMWFkODM2OTAtOGMxMC00MzM3LTk2MjktNWNmMmI4YTJhZjgwIiwibmFtZSI6ImFkbWluIiwiZ2VuZGVyIjp0cnVlLCJlbWFpbCI6IjM3ODMzODYyN0BxcS5jb20ifSwiaWF0IjoxNTA4ODk5NTU1LCJleHAiOjE1MDg5ODU5NTV9.3VOGUZcShDgPq4Mr8clGAD-YUMF1A9VGTw51vOwGhUo"}
response time: 63
response status: 200
response body: 
{"status":0,"data":"20171025000"}
*************** response log end ***************

[2017-10-25 16:16:06.012] [INFO] resLogger - 
*************** response log start ***************
request method: GET
request originalUrl:  /api/corporations/list?token=eyJhbGciOiJIUzI1NiIsInR5cCI6IkpXVCJ9.eyJkYXRhIjp7ImlkIjoiMWFkODM2OTAtOGMxMC00MzM3LTk2MjktNWNmMmI4YTJhZjgwIiwibmFtZSI6ImFkbWluIiwiZ2VuZGVyIjp0cnVlLCJlbWFpbCI6IjM3ODMzODYyN0BxcS5jb20ifSwiaWF0IjoxNTA4ODk5NTU1LCJleHAiOjE1MDg5ODU5NTV9.3VOGUZcShDgPq4Mr8clGAD-YUMF1A9VGTw51vOwGhUo&group=30e0f985-0394-4f0b-ab7f-898724c99eab
request client ip:  ::ffff:127.0.0.1
request query:  {"token":"eyJhbGciOiJIUzI1NiIsInR5cCI6IkpXVCJ9.eyJkYXRhIjp7ImlkIjoiMWFkODM2OTAtOGMxMC00MzM3LTk2MjktNWNmMmI4YTJhZjgwIiwibmFtZSI6ImFkbWluIiwiZ2VuZGVyIjp0cnVlLCJlbWFpbCI6IjM3ODMzODYyN0BxcS5jb20ifSwiaWF0IjoxNTA4ODk5NTU1LCJleHAiOjE1MDg5ODU5NTV9.3VOGUZcShDgPq4Mr8clGAD-YUMF1A9VGTw51vOwGhUo","group":"30e0f985-0394-4f0b-ab7f-898724c99eab"}
response time: 94
response status: 200
response body: 
{"status":0,"data":[{"name":"控股公司","description":"控股公司","status":1,"groupId":"30e0f985-0394-4f0b-ab7f-898724c99eab","id":"a94ed403-c060-4901-b1f0-4154a1da0221","createdAt":1508374810533,"updatedAt":1508374810533,"version":0,"group":{"name":"控股","description":"group2","status":1,"id":"30e0f985-0394-4f0b-ab7f-898724c99eab","createdAt":1508374809103,"updatedAt":1508374809103,"version":0}}],"total":1}
*************** response log end ***************

[2017-10-25 16:16:06.150] [INFO] resLogger - 
*************** response log start ***************
request method: GET
request originalUrl:  /api/corpBuildings/list/a94ed403-c060-4901-b1f0-4154a1da0221?token=eyJhbGciOiJIUzI1NiIsInR5cCI6IkpXVCJ9.eyJkYXRhIjp7ImlkIjoiMWFkODM2OTAtOGMxMC00MzM3LTk2MjktNWNmMmI4YTJhZjgwIiwibmFtZSI6ImFkbWluIiwiZ2VuZGVyIjp0cnVlLCJlbWFpbCI6IjM3ODMzODYyN0BxcS5jb20ifSwiaWF0IjoxNTA4ODk5NTU1LCJleHAiOjE1MDg5ODU5NTV9.3VOGUZcShDgPq4Mr8clGAD-YUMF1A9VGTw51vOwGhUo
request client ip:  ::ffff:127.0.0.1
request query:  {"token":"eyJhbGciOiJIUzI1NiIsInR5cCI6IkpXVCJ9.eyJkYXRhIjp7ImlkIjoiMWFkODM2OTAtOGMxMC00MzM3LTk2MjktNWNmMmI4YTJhZjgwIiwibmFtZSI6ImFkbWluIiwiZ2VuZGVyIjp0cnVlLCJlbWFpbCI6IjM3ODMzODYyN0BxcS5jb20ifSwiaWF0IjoxNTA4ODk5NTU1LCJleHAiOjE1MDg5ODU5NTV9.3VOGUZcShDgPq4Mr8clGAD-YUMF1A9VGTw51vOwGhUo"}
response time: 94
response status: 200
response body: 
{"status":0,"data":[{"corporationId":"a94ed403-c060-4901-b1f0-4154a1da0221","buildingId":"5cd7c002-0167-45dc-bf1c-b85572fc656b","floor":7,"position":"A","status":1,"id":"ae989611-646e-430e-9cdd-ed1045021e9f","createdAt":1508374810727,"updatedAt":1508374810727,"version":0,"building":{"name":"商务大厦南楼","address":"南","minfloor":1,"maxfloor":15,"status":1,"id":"5cd7c002-0167-45dc-bf1c-b85572fc656b","createdAt":1508374809260,"updatedAt":1508374809260,"version":0}},{"corporationId":"a94ed403-c060-4901-b1f0-4154a1da0221","buildingId":"5cd7c002-0167-45dc-bf1c-b85572fc656b","floor":6,"position":"A","status":1,"id":"f30aef61-15a8-4228-a913-c5dc6d0dd85c","createdAt":1508374810648,"updatedAt":1508374810648,"version":0,"building":{"name":"商务大厦南楼","address":"南","minfloor":1,"maxfloor":15,"status":1,"id":"5cd7c002-0167-45dc-bf1c-b85572fc656b","createdAt":1508374809260,"updatedAt":1508374809260,"version":0}}],"total":0}
*************** response log end ***************

[2017-10-25 16:16:27.392] [INFO] resLogger - 
*************** response log start ***************
request method: GET
request originalUrl:  /api/user/?token=eyJhbGciOiJIUzI1NiIsInR5cCI6IkpXVCJ9.eyJkYXRhIjp7ImlkIjoiMWFkODM2OTAtOGMxMC00MzM3LTk2MjktNWNmMmI4YTJhZjgwIiwibmFtZSI6ImFkbWluIiwiZ2VuZGVyIjp0cnVlLCJlbWFpbCI6IjM3ODMzODYyN0BxcS5jb20ifSwiaWF0IjoxNTA4ODk5NTU1LCJleHAiOjE1MDg5ODU5NTV9.3VOGUZcShDgPq4Mr8clGAD-YUMF1A9VGTw51vOwGhUo
request client ip:  ::ffff:127.0.0.1
request query:  {"token":"eyJhbGciOiJIUzI1NiIsInR5cCI6IkpXVCJ9.eyJkYXRhIjp7ImlkIjoiMWFkODM2OTAtOGMxMC00MzM3LTk2MjktNWNmMmI4YTJhZjgwIiwibmFtZSI6ImFkbWluIiwiZ2VuZGVyIjp0cnVlLCJlbWFpbCI6IjM3ODMzODYyN0BxcS5jb20ifSwiaWF0IjoxNTA4ODk5NTU1LCJleHAiOjE1MDg5ODU5NTV9.3VOGUZcShDgPq4Mr8clGAD-YUMF1A9VGTw51vOwGhUo"}
response time: 130
response status: 200
response body: 
{"status":0,"data":{"name":"admin","email":"378338627@qq.com","phone":"15822927208","password":"$2a$10$FTTsr0P8vHgxEtFTs7FTHuLS9EEEL34CkH.wE8UDet0MdQ7Hs4l5e","gender":true,"token":"eyJhbGciOiJIUzI1NiIsInR5cCI6IkpXVCJ9.eyJkYXRhIjp7ImlkIjoiMWFkODM2OTAtOGMxMC00MzM3LTk2MjktNWNmMmI4YTJhZjgwIiwibmFtZSI6ImFkbWluIiwiZ2VuZGVyIjp0cnVlLCJlbWFpbCI6IjM3ODMzODYyN0BxcS5jb20ifSwiaWF0IjoxNTA4ODk5NTU1LCJleHAiOjE1MDg5ODU5NTV9.3VOGUZcShDgPq4Mr8clGAD-YUMF1A9VGTw51vOwGhUo","canLogin":true,"status":1,"id":"1ad83690-8c10-4337-9629-5cf2b8a2af80","createdAt":1508374808809,"updatedAt":1508899555555,"version":40}}
*************** response log end ***************

[2017-10-25 16:16:27.737] [INFO] resLogger - 
*************** response log start ***************
request method: GET
request originalUrl:  /api/groups/list?token=eyJhbGciOiJIUzI1NiIsInR5cCI6IkpXVCJ9.eyJkYXRhIjp7ImlkIjoiMWFkODM2OTAtOGMxMC00MzM3LTk2MjktNWNmMmI4YTJhZjgwIiwibmFtZSI6ImFkbWluIiwiZ2VuZGVyIjp0cnVlLCJlbWFpbCI6IjM3ODMzODYyN0BxcS5jb20ifSwiaWF0IjoxNTA4ODk5NTU1LCJleHAiOjE1MDg5ODU5NTV9.3VOGUZcShDgPq4Mr8clGAD-YUMF1A9VGTw51vOwGhUo
request client ip:  ::ffff:127.0.0.1
request query:  {"token":"eyJhbGciOiJIUzI1NiIsInR5cCI6IkpXVCJ9.eyJkYXRhIjp7ImlkIjoiMWFkODM2OTAtOGMxMC00MzM3LTk2MjktNWNmMmI4YTJhZjgwIiwibmFtZSI6ImFkbWluIiwiZ2VuZGVyIjp0cnVlLCJlbWFpbCI6IjM3ODMzODYyN0BxcS5jb20ifSwiaWF0IjoxNTA4ODk5NTU1LCJleHAiOjE1MDg5ODU5NTV9.3VOGUZcShDgPq4Mr8clGAD-YUMF1A9VGTw51vOwGhUo"}
response time: 154
response status: 200
response body: 
{"status":0,"data":[{"name":"控股","description":"group2","status":1,"id":"30e0f985-0394-4f0b-ab7f-898724c99eab","createdAt":1508374809103,"updatedAt":1508374809103,"version":0},{"name":"管委会","description":"group1","status":1,"id":"547bc6ee-2f95-4773-9446-07626a73f044","createdAt":1508374808811,"updatedAt":1508374808811,"version":0}],"total":2}
*************** response log end ***************

[2017-10-25 16:16:27.758] [INFO] resLogger - 
*************** response log start ***************
request method: GET
request originalUrl:  /api/order/getorderno/get/2017/10/25?token=eyJhbGciOiJIUzI1NiIsInR5cCI6IkpXVCJ9.eyJkYXRhIjp7ImlkIjoiMWFkODM2OTAtOGMxMC00MzM3LTk2MjktNWNmMmI4YTJhZjgwIiwibmFtZSI6ImFkbWluIiwiZ2VuZGVyIjp0cnVlLCJlbWFpbCI6IjM3ODMzODYyN0BxcS5jb20ifSwiaWF0IjoxNTA4ODk5NTU1LCJleHAiOjE1MDg5ODU5NTV9.3VOGUZcShDgPq4Mr8clGAD-YUMF1A9VGTw51vOwGhUo
request client ip:  ::ffff:127.0.0.1
request query:  {"token":"eyJhbGciOiJIUzI1NiIsInR5cCI6IkpXVCJ9.eyJkYXRhIjp7ImlkIjoiMWFkODM2OTAtOGMxMC00MzM3LTk2MjktNWNmMmI4YTJhZjgwIiwibmFtZSI6ImFkbWluIiwiZ2VuZGVyIjp0cnVlLCJlbWFpbCI6IjM3ODMzODYyN0BxcS5jb20ifSwiaWF0IjoxNTA4ODk5NTU1LCJleHAiOjE1MDg5ODU5NTV9.3VOGUZcShDgPq4Mr8clGAD-YUMF1A9VGTw51vOwGhUo"}
response time: 105
response status: 200
response body: 
{"status":0,"data":"20171025000"}
*************** response log end ***************

[2017-10-25 16:16:28.071] [INFO] resLogger - 
*************** response log start ***************
request method: GET
request originalUrl:  /api/corporations/list?token=eyJhbGciOiJIUzI1NiIsInR5cCI6IkpXVCJ9.eyJkYXRhIjp7ImlkIjoiMWFkODM2OTAtOGMxMC00MzM3LTk2MjktNWNmMmI4YTJhZjgwIiwibmFtZSI6ImFkbWluIiwiZ2VuZGVyIjp0cnVlLCJlbWFpbCI6IjM3ODMzODYyN0BxcS5jb20ifSwiaWF0IjoxNTA4ODk5NTU1LCJleHAiOjE1MDg5ODU5NTV9.3VOGUZcShDgPq4Mr8clGAD-YUMF1A9VGTw51vOwGhUo&group=30e0f985-0394-4f0b-ab7f-898724c99eab
request client ip:  ::ffff:127.0.0.1
request query:  {"token":"eyJhbGciOiJIUzI1NiIsInR5cCI6IkpXVCJ9.eyJkYXRhIjp7ImlkIjoiMWFkODM2OTAtOGMxMC00MzM3LTk2MjktNWNmMmI4YTJhZjgwIiwibmFtZSI6ImFkbWluIiwiZ2VuZGVyIjp0cnVlLCJlbWFpbCI6IjM3ODMzODYyN0BxcS5jb20ifSwiaWF0IjoxNTA4ODk5NTU1LCJleHAiOjE1MDg5ODU5NTV9.3VOGUZcShDgPq4Mr8clGAD-YUMF1A9VGTw51vOwGhUo","group":"30e0f985-0394-4f0b-ab7f-898724c99eab"}
response time: 132
response status: 200
response body: 
{"status":0,"data":[{"name":"控股公司","description":"控股公司","status":1,"groupId":"30e0f985-0394-4f0b-ab7f-898724c99eab","id":"a94ed403-c060-4901-b1f0-4154a1da0221","createdAt":1508374810533,"updatedAt":1508374810533,"version":0,"group":{"name":"控股","description":"group2","status":1,"id":"30e0f985-0394-4f0b-ab7f-898724c99eab","createdAt":1508374809103,"updatedAt":1508374809103,"version":0}}],"total":1}
*************** response log end ***************

[2017-10-25 16:16:28.230] [INFO] resLogger - 
*************** response log start ***************
request method: GET
request originalUrl:  /api/corpBuildings/list/a94ed403-c060-4901-b1f0-4154a1da0221?token=eyJhbGciOiJIUzI1NiIsInR5cCI6IkpXVCJ9.eyJkYXRhIjp7ImlkIjoiMWFkODM2OTAtOGMxMC00MzM3LTk2MjktNWNmMmI4YTJhZjgwIiwibmFtZSI6ImFkbWluIiwiZ2VuZGVyIjp0cnVlLCJlbWFpbCI6IjM3ODMzODYyN0BxcS5jb20ifSwiaWF0IjoxNTA4ODk5NTU1LCJleHAiOjE1MDg5ODU5NTV9.3VOGUZcShDgPq4Mr8clGAD-YUMF1A9VGTw51vOwGhUo
request client ip:  ::ffff:127.0.0.1
request query:  {"token":"eyJhbGciOiJIUzI1NiIsInR5cCI6IkpXVCJ9.eyJkYXRhIjp7ImlkIjoiMWFkODM2OTAtOGMxMC00MzM3LTk2MjktNWNmMmI4YTJhZjgwIiwibmFtZSI6ImFkbWluIiwiZ2VuZGVyIjp0cnVlLCJlbWFpbCI6IjM3ODMzODYyN0BxcS5jb20ifSwiaWF0IjoxNTA4ODk5NTU1LCJleHAiOjE1MDg5ODU5NTV9.3VOGUZcShDgPq4Mr8clGAD-YUMF1A9VGTw51vOwGhUo"}
response time: 94
response status: 200
response body: 
{"status":0,"data":[{"corporationId":"a94ed403-c060-4901-b1f0-4154a1da0221","buildingId":"5cd7c002-0167-45dc-bf1c-b85572fc656b","floor":7,"position":"A","status":1,"id":"ae989611-646e-430e-9cdd-ed1045021e9f","createdAt":1508374810727,"updatedAt":1508374810727,"version":0,"building":{"name":"商务大厦南楼","address":"南","minfloor":1,"maxfloor":15,"status":1,"id":"5cd7c002-0167-45dc-bf1c-b85572fc656b","createdAt":1508374809260,"updatedAt":1508374809260,"version":0}},{"corporationId":"a94ed403-c060-4901-b1f0-4154a1da0221","buildingId":"5cd7c002-0167-45dc-bf1c-b85572fc656b","floor":6,"position":"A","status":1,"id":"f30aef61-15a8-4228-a913-c5dc6d0dd85c","createdAt":1508374810648,"updatedAt":1508374810648,"version":0,"building":{"name":"商务大厦南楼","address":"南","minfloor":1,"maxfloor":15,"status":1,"id":"5cd7c002-0167-45dc-bf1c-b85572fc656b","createdAt":1508374809260,"updatedAt":1508374809260,"version":0}}],"total":0}
*************** response log end ***************

