[2017-10-12 10:10:37.629] [INFO] resLogger - 
*************** response log start ***************
request method: GET
request originalUrl:  /
request client ip:  ::ffff:127.0.0.1
request query:  {}
response time: 66
response status: 200
response body: 
{"name":"jwtError","status":10003,"message":"身份验证错误！"}
*************** response log end ***************

[2017-10-12 10:22:30.794] [INFO] resLogger - 
*************** response log start ***************
request method: GET
request originalUrl:  /api/user/?token=eyJhbGciOiJIUzI1NiIsInR5cCI6IkpXVCJ9.eyJkYXRhIjp7ImlkIjoiNDAxM2U5NDItY2FhNC00YTRmLWE0MzktOTc4YjIwYmQ2ZTc3IiwibmFtZSI6ImFkbWluIiwiZ2VuZGVyIjp0cnVlLCJlbWFpbCI6IjM3ODMzODYyN0BxcS5jb20ifSwiaWF0IjoxNTA3NzAyNDE2LCJleHAiOjE1MDc3ODg4MTZ9.nH_8zaT02K6coaXd8vKEIkueH_Kuh1TlesaAzc57oTY
request client ip:  ::ffff:127.0.0.1
request query:  {"token":"eyJhbGciOiJIUzI1NiIsInR5cCI6IkpXVCJ9.eyJkYXRhIjp7ImlkIjoiNDAxM2U5NDItY2FhNC00YTRmLWE0MzktOTc4YjIwYmQ2ZTc3IiwibmFtZSI6ImFkbWluIiwiZ2VuZGVyIjp0cnVlLCJlbWFpbCI6IjM3ODMzODYyN0BxcS5jb20ifSwiaWF0IjoxNTA3NzAyNDE2LCJleHAiOjE1MDc3ODg4MTZ9.nH_8zaT02K6coaXd8vKEIkueH_Kuh1TlesaAzc57oTY"}
response time: 2134
response status: 200
response body: 
{"status":0,"data":{"name":"admin","email":"378338627@qq.com","phone":"15822927208","password":"$2a$10$od4sFeTxceyXrdqtDGOfqutTyt1BBlopmNYa6FnDZx981q8ES.Iii","gender":true,"token":"eyJhbGciOiJIUzI1NiIsInR5cCI6IkpXVCJ9.eyJkYXRhIjp7ImlkIjoiNDAxM2U5NDItY2FhNC00YTRmLWE0MzktOTc4YjIwYmQ2ZTc3IiwibmFtZSI6ImFkbWluIiwiZ2VuZGVyIjp0cnVlLCJlbWFpbCI6IjM3ODMzODYyN0BxcS5jb20ifSwiaWF0IjoxNTA3NzAyNDE2LCJleHAiOjE1MDc3ODg4MTZ9.nH_8zaT02K6coaXd8vKEIkueH_Kuh1TlesaAzc57oTY","canLogin":true,"status":1,"id":"4013e942-caa4-4a4f-a439-978b20bd6e77","createdAt":1507517600161,"updatedAt":1507702416871,"version":1}}
*************** response log end ***************

[2017-10-12 10:22:31.312] [INFO] resLogger - 
*************** response log start ***************
request method: GET
request originalUrl:  /api/equipType/list?token=eyJhbGciOiJIUzI1NiIsInR5cCI6IkpXVCJ9.eyJkYXRhIjp7ImlkIjoiNDAxM2U5NDItY2FhNC00YTRmLWE0MzktOTc4YjIwYmQ2ZTc3IiwibmFtZSI6ImFkbWluIiwiZ2VuZGVyIjp0cnVlLCJlbWFpbCI6IjM3ODMzODYyN0BxcS5jb20ifSwiaWF0IjoxNTA3NzAyNDE2LCJleHAiOjE1MDc3ODg4MTZ9.nH_8zaT02K6coaXd8vKEIkueH_Kuh1TlesaAzc57oTY
request client ip:  ::ffff:127.0.0.1
request query:  {"token":"eyJhbGciOiJIUzI1NiIsInR5cCI6IkpXVCJ9.eyJkYXRhIjp7ImlkIjoiNDAxM2U5NDItY2FhNC00YTRmLWE0MzktOTc4YjIwYmQ2ZTc3IiwibmFtZSI6ImFkbWluIiwiZ2VuZGVyIjp0cnVlLCJlbWFpbCI6IjM3ODMzODYyN0BxcS5jb20ifSwiaWF0IjoxNTA3NzAyNDE2LCJleHAiOjE1MDc3ODg4MTZ9.nH_8zaT02K6coaXd8vKEIkueH_Kuh1TlesaAzc57oTY"}
response time: 162
response status: 200
response body: 
{"status":0,"data":[{"name":"网络","code":"NETWORK","id":"3017416c-a95b-4f3b-a56f-0c78de9ff8fa","createdAt":1507517603652,"updatedAt":1507517603652,"version":0},{"name":"软件","code":"SOFTWARE","id":"cb10f7e1-eefd-4135-9720-b92485e4029d","createdAt":1507517603579,"updatedAt":1507517603579,"version":0},{"name":"硬件","code":"HARDWARE","id":"7b8b7205-ed98-48da-ab0b-30718333b931","createdAt":1507517603496,"updatedAt":1507517603496,"version":0}]}
*************** response log end ***************

[2017-10-12 10:22:31.312] [INFO] resLogger - 
*************** response log start ***************
request method: GET
request originalUrl:  /api/order/getorderno/get/2017/10/12?token=eyJhbGciOiJIUzI1NiIsInR5cCI6IkpXVCJ9.eyJkYXRhIjp7ImlkIjoiNDAxM2U5NDItY2FhNC00YTRmLWE0MzktOTc4YjIwYmQ2ZTc3IiwibmFtZSI6ImFkbWluIiwiZ2VuZGVyIjp0cnVlLCJlbWFpbCI6IjM3ODMzODYyN0BxcS5jb20ifSwiaWF0IjoxNTA3NzAyNDE2LCJleHAiOjE1MDc3ODg4MTZ9.nH_8zaT02K6coaXd8vKEIkueH_Kuh1TlesaAzc57oTY
request client ip:  ::ffff:127.0.0.1
request query:  {"token":"eyJhbGciOiJIUzI1NiIsInR5cCI6IkpXVCJ9.eyJkYXRhIjp7ImlkIjoiNDAxM2U5NDItY2FhNC00YTRmLWE0MzktOTc4YjIwYmQ2ZTc3IiwibmFtZSI6ImFkbWluIiwiZ2VuZGVyIjp0cnVlLCJlbWFpbCI6IjM3ODMzODYyN0BxcS5jb20ifSwiaWF0IjoxNTA3NzAyNDE2LCJleHAiOjE1MDc3ODg4MTZ9.nH_8zaT02K6coaXd8vKEIkueH_Kuh1TlesaAzc57oTY"}
response time: 182
response status: 200
response body: 
{"status":0,"data":"20171012000"}
*************** response log end ***************

[2017-10-12 10:22:31.369] [INFO] resLogger - 
*************** response log start ***************
request method: GET
request originalUrl:  /api/groups/list?token=eyJhbGciOiJIUzI1NiIsInR5cCI6IkpXVCJ9.eyJkYXRhIjp7ImlkIjoiNDAxM2U5NDItY2FhNC00YTRmLWE0MzktOTc4YjIwYmQ2ZTc3IiwibmFtZSI6ImFkbWluIiwiZ2VuZGVyIjp0cnVlLCJlbWFpbCI6IjM3ODMzODYyN0BxcS5jb20ifSwiaWF0IjoxNTA3NzAyNDE2LCJleHAiOjE1MDc3ODg4MTZ9.nH_8zaT02K6coaXd8vKEIkueH_Kuh1TlesaAzc57oTY
request client ip:  ::ffff:127.0.0.1
request query:  {"token":"eyJhbGciOiJIUzI1NiIsInR5cCI6IkpXVCJ9.eyJkYXRhIjp7ImlkIjoiNDAxM2U5NDItY2FhNC00YTRmLWE0MzktOTc4YjIwYmQ2ZTc3IiwibmFtZSI6ImFkbWluIiwiZ2VuZGVyIjp0cnVlLCJlbWFpbCI6IjM3ODMzODYyN0BxcS5jb20ifSwiaWF0IjoxNTA3NzAyNDE2LCJleHAiOjE1MDc3ODg4MTZ9.nH_8zaT02K6coaXd8vKEIkueH_Kuh1TlesaAzc57oTY"}
response time: 250
response status: 200
response body: 
{"status":0,"data":[{"name":"控股","description":"group2","status":1,"id":"438bf931-ad64-41cc-ac56-aea1d48f5e79","createdAt":1507517600358,"updatedAt":1507517600358,"version":0},{"name":"管委会","description":"group1","status":1,"id":"ddda55ea-2654-46a2-a4d2-ea1ca08b1e6a","createdAt":1507517600162,"updatedAt":1507517600162,"version":0}],"total":2}
*************** response log end ***************

[2017-10-12 10:22:31.412] [INFO] resLogger - 
*************** response log start ***************
request method: GET
request originalUrl:  /api/business/list?token=eyJhbGciOiJIUzI1NiIsInR5cCI6IkpXVCJ9.eyJkYXRhIjp7ImlkIjoiNDAxM2U5NDItY2FhNC00YTRmLWE0MzktOTc4YjIwYmQ2ZTc3IiwibmFtZSI6ImFkbWluIiwiZ2VuZGVyIjp0cnVlLCJlbWFpbCI6IjM3ODMzODYyN0BxcS5jb20ifSwiaWF0IjoxNTA3NzAyNDE2LCJleHAiOjE1MDc3ODg4MTZ9.nH_8zaT02K6coaXd8vKEIkueH_Kuh1TlesaAzc57oTY
request client ip:  ::ffff:127.0.0.1
request query:  {"token":"eyJhbGciOiJIUzI1NiIsInR5cCI6IkpXVCJ9.eyJkYXRhIjp7ImlkIjoiNDAxM2U5NDItY2FhNC00YTRmLWE0MzktOTc4YjIwYmQ2ZTc3IiwibmFtZSI6ImFkbWluIiwiZ2VuZGVyIjp0cnVlLCJlbWFpbCI6IjM3ODMzODYyN0BxcS5jb20ifSwiaWF0IjoxNTA3NzAyNDE2LCJleHAiOjE1MDc3ODg4MTZ9.nH_8zaT02K6coaXd8vKEIkueH_Kuh1TlesaAzc57oTY"}
response time: 173
response status: 200
response body: 
{"status":0,"data":[{"type":"HARDWARE","equipment":"笔记本电脑","operation":"FIX","weight":5,"remark":"","status":1,"id":"91341ca4-61fa-4fc9-aced-d84000644eb8","createdAt":1507517605498,"updatedAt":1507517605498,"version":0,"equiptypesname":"硬件","equipopsname":"故障"},{"type":"HARDWARE","equipment":"笔记本电脑","operation":"SETUP","weight":5,"remark":"","status":1,"id":"bd47192b-e89a-4a86-9604-71f0bb8ecaa5","createdAt":1507517605411,"updatedAt":1507517605411,"version":0,"equiptypesname":"硬件","equipopsname":"安装"},{"type":"HARDWARE","equipment":"笔记本电脑","operation":"NOTSTART","weight":5,"remark":"","status":1,"id":"7776d7d7-4c8d-4c93-b6f2-71b82311d1a1","createdAt":1507517605321,"updatedAt":1507517605321,"version":0,"equiptypesname":"硬件","equipopsname":"无法开机"},{"type":"HARDWARE","equipment":"电脑","operation":"SETUP","weight":5,"remark":"","status":1,"id":"7cd972d5-8c98-4db9-91df-cb313a39b557","createdAt":1507517605212,"updatedAt":1507517605212,"version":0,"equiptypesname":"硬件","equipopsname":"安装"},{"type":"HARDWARE","equipment":"电脑","operation":"NOTSTART","weight":5,"remark":"","status":1,"id":"d31aab65-0cd1-4f75-9b1e-9d81f9f13290","createdAt":1507517605091,"updatedAt":1507517605091,"version":0,"equiptypesname":"硬件","equipopsname":"无法开机"},{"type":"SOFTWARE","equipment":"WORD","operation":"FIX","weight":5,"remark":"","status":1,"id":"cf6f44a0-7716-4190-b08f-2f456b1136e9","createdAt":1507517605001,"updatedAt":1507517605001,"version":0,"equiptypesname":"软件","equipopsname":"故障"},{"type":"SOFTWARE","equipment":"WORD","operation":"SETUP","weight":5,"remark":"","status":1,"id":"38ecaf95-9972-4356-a558-3b33c9607fcd","createdAt":1507517604891,"updatedAt":1507517604891,"version":0,"equiptypesname":"软件","equipopsname":"安装"},{"type":"NETWORK","equipment":"IP地址","operation":"SET","weight":5,"remark":"","status":1,"id":"a4b189ae-80b2-4b66-a9a8-5268b14f118d","createdAt":1507517604819,"updatedAt":1507517604819,"version":0,"equiptypesname":"网络","equipopsname":"设置"},{"type":"NETWORK","equipment":"IP地址","operation":"CT","weight":5,"remark":"","status":1,"id":"8731f36a-01a7-405c-a15e-de8aebf183c7","createdAt":1507517604750,"updatedAt":1507517604750,"version":0,"equiptypesname":"网络","equipopsname":"冲突"},{"type":"SOFTWARE","equipment":"浏览器","operation":"FIX","weight":5,"remark":"","status":1,"id":"0217393a-7367-478f-b2eb-468146fb8702","createdAt":1507517604676,"updatedAt":1507517604676,"version":0,"equiptypesname":"软件","equipopsname":"故障"},{"type":"SOFTWARE","equipment":"浏览器","operation":"SETUP","weight":5,"remark":"","status":1,"id":"54aadf02-113a-4425-81e8-b162149c9b81","createdAt":1507517604568,"updatedAt":1507517604568,"version":0,"equiptypesname":"软件","equipopsname":"安装"},{"type":"HARDWARE","equipment":"打印机","operation":"FIX","weight":5,"remark":"","status":1,"id":"aba50f4e-c5bd-4703-a118-6f00fe4b055d","createdAt":1507517604478,"updatedAt":1507517604478,"version":0,"equiptypesname":"硬件","equipopsname":"故障"},{"type":"HARDWARE","equipment":"打印机","operation":"SETUP","weight":5,"remark":"","status":1,"id":"6642c07e-773c-4bf0-b6f8-9fa1c1efb2c9","createdAt":1507517604361,"updatedAt":1507517604361,"version":0,"equiptypesname":"硬件","equipopsname":"安装"},{"type":"HARDWARE","equipment":"电话","operation":"FIX","weight":5,"remark":"","status":1,"id":"c06b4d1e-2c1e-4447-9057-220a2b2724cc","createdAt":1507517604287,"updatedAt":1507517604287,"version":0,"equiptypesname":"硬件","equipopsname":"故障"},{"type":"HARDWARE","equipment":"电话","operation":"SETUP","weight":5,"remark":"","status":1,"id":"1afa2ce8-6a1a-45a0-950e-01ecb914e681","createdAt":1507517604193,"updatedAt":1507517604193,"version":0,"equiptypesname":"硬件","equipopsname":"安装"}],"total":15}
*************** response log end ***************

[2017-10-12 10:22:31.461] [INFO] resLogger - 
*************** response log start ***************
request method: GET
request originalUrl:  /api/groups/list?token=eyJhbGciOiJIUzI1NiIsInR5cCI6IkpXVCJ9.eyJkYXRhIjp7ImlkIjoiNDAxM2U5NDItY2FhNC00YTRmLWE0MzktOTc4YjIwYmQ2ZTc3IiwibmFtZSI6ImFkbWluIiwiZ2VuZGVyIjp0cnVlLCJlbWFpbCI6IjM3ODMzODYyN0BxcS5jb20ifSwiaWF0IjoxNTA3NzAyNDE2LCJleHAiOjE1MDc3ODg4MTZ9.nH_8zaT02K6coaXd8vKEIkueH_Kuh1TlesaAzc57oTY
request client ip:  ::ffff:127.0.0.1
request query:  {"token":"eyJhbGciOiJIUzI1NiIsInR5cCI6IkpXVCJ9.eyJkYXRhIjp7ImlkIjoiNDAxM2U5NDItY2FhNC00YTRmLWE0MzktOTc4YjIwYmQ2ZTc3IiwibmFtZSI6ImFkbWluIiwiZ2VuZGVyIjp0cnVlLCJlbWFpbCI6IjM3ODMzODYyN0BxcS5jb20ifSwiaWF0IjoxNTA3NzAyNDE2LCJleHAiOjE1MDc3ODg4MTZ9.nH_8zaT02K6coaXd8vKEIkueH_Kuh1TlesaAzc57oTY"}
response time: 89
response status: 200
response body: 
{"status":0,"data":[{"name":"控股","description":"group2","status":1,"id":"438bf931-ad64-41cc-ac56-aea1d48f5e79","createdAt":1507517600358,"updatedAt":1507517600358,"version":0},{"name":"管委会","description":"group1","status":1,"id":"ddda55ea-2654-46a2-a4d2-ea1ca08b1e6a","createdAt":1507517600162,"updatedAt":1507517600162,"version":0}],"total":2}
*************** response log end ***************

[2017-10-12 10:22:34.553] [INFO] resLogger - 
*************** response log start ***************
request method: GET
request originalUrl:  /api/business/getequip/get/NETWORK?token=eyJhbGciOiJIUzI1NiIsInR5cCI6IkpXVCJ9.eyJkYXRhIjp7ImlkIjoiNDAxM2U5NDItY2FhNC00YTRmLWE0MzktOTc4YjIwYmQ2ZTc3IiwibmFtZSI6ImFkbWluIiwiZ2VuZGVyIjp0cnVlLCJlbWFpbCI6IjM3ODMzODYyN0BxcS5jb20ifSwiaWF0IjoxNTA3NzAyNDE2LCJleHAiOjE1MDc3ODg4MTZ9.nH_8zaT02K6coaXd8vKEIkueH_Kuh1TlesaAzc57oTY
request client ip:  ::ffff:127.0.0.1
request query:  {"token":"eyJhbGciOiJIUzI1NiIsInR5cCI6IkpXVCJ9.eyJkYXRhIjp7ImlkIjoiNDAxM2U5NDItY2FhNC00YTRmLWE0MzktOTc4YjIwYmQ2ZTc3IiwibmFtZSI6ImFkbWluIiwiZ2VuZGVyIjp0cnVlLCJlbWFpbCI6IjM3ODMzODYyN0BxcS5jb20ifSwiaWF0IjoxNTA3NzAyNDE2LCJleHAiOjE1MDc3ODg4MTZ9.nH_8zaT02K6coaXd8vKEIkueH_Kuh1TlesaAzc57oTY"}
response time: 127
response status: 200
response body: 
{"status":0,"data":[{"equipment":"IP地址"}]}
*************** response log end ***************

[2017-10-12 10:22:34.836] [INFO] resLogger - 
*************** response log start ***************
request method: GET
request originalUrl:  /api/corporations/list?token=eyJhbGciOiJIUzI1NiIsInR5cCI6IkpXVCJ9.eyJkYXRhIjp7ImlkIjoiNDAxM2U5NDItY2FhNC00YTRmLWE0MzktOTc4YjIwYmQ2ZTc3IiwibmFtZSI6ImFkbWluIiwiZ2VuZGVyIjp0cnVlLCJlbWFpbCI6IjM3ODMzODYyN0BxcS5jb20ifSwiaWF0IjoxNTA3NzAyNDE2LCJleHAiOjE1MDc3ODg4MTZ9.nH_8zaT02K6coaXd8vKEIkueH_Kuh1TlesaAzc57oTY&group=438bf931-ad64-41cc-ac56-aea1d48f5e79
request client ip:  ::ffff:127.0.0.1
request query:  {"token":"eyJhbGciOiJIUzI1NiIsInR5cCI6IkpXVCJ9.eyJkYXRhIjp7ImlkIjoiNDAxM2U5NDItY2FhNC00YTRmLWE0MzktOTc4YjIwYmQ2ZTc3IiwibmFtZSI6ImFkbWluIiwiZ2VuZGVyIjp0cnVlLCJlbWFpbCI6IjM3ODMzODYyN0BxcS5jb20ifSwiaWF0IjoxNTA3NzAyNDE2LCJleHAiOjE1MDc3ODg4MTZ9.nH_8zaT02K6coaXd8vKEIkueH_Kuh1TlesaAzc57oTY","group":"438bf931-ad64-41cc-ac56-aea1d48f5e79"}
response time: 278
response status: 200
response body: 
{"status":0,"data":[{"name":"控股公司","description":"控股公司","status":1,"groupId":"438bf931-ad64-41cc-ac56-aea1d48f5e79","id":"6deaa164-6881-4dfc-8f17-b73b1f99f133","createdAt":1507517602024,"updatedAt":1507517602024,"version":0,"group":{"name":"控股","description":"group2","status":1,"id":"438bf931-ad64-41cc-ac56-aea1d48f5e79","createdAt":1507517600358,"updatedAt":1507517600358,"version":0}}],"total":1}
*************** response log end ***************

[2017-10-12 10:22:35.047] [INFO] resLogger - 
*************** response log start ***************
request method: GET
request originalUrl:  /api/business/list?token=eyJhbGciOiJIUzI1NiIsInR5cCI6IkpXVCJ9.eyJkYXRhIjp7ImlkIjoiNDAxM2U5NDItY2FhNC00YTRmLWE0MzktOTc4YjIwYmQ2ZTc3IiwibmFtZSI6ImFkbWluIiwiZ2VuZGVyIjp0cnVlLCJlbWFpbCI6IjM3ODMzODYyN0BxcS5jb20ifSwiaWF0IjoxNTA3NzAyNDE2LCJleHAiOjE1MDc3ODg4MTZ9.nH_8zaT02K6coaXd8vKEIkueH_Kuh1TlesaAzc57oTY&type=NETWORK&equipment=IP%E5%9C%B0%E5%9D%80
request client ip:  ::ffff:127.0.0.1
request query:  {"token":"eyJhbGciOiJIUzI1NiIsInR5cCI6IkpXVCJ9.eyJkYXRhIjp7ImlkIjoiNDAxM2U5NDItY2FhNC00YTRmLWE0MzktOTc4YjIwYmQ2ZTc3IiwibmFtZSI6ImFkbWluIiwiZ2VuZGVyIjp0cnVlLCJlbWFpbCI6IjM3ODMzODYyN0BxcS5jb20ifSwiaWF0IjoxNTA3NzAyNDE2LCJleHAiOjE1MDc3ODg4MTZ9.nH_8zaT02K6coaXd8vKEIkueH_Kuh1TlesaAzc57oTY","type":"NETWORK","equipment":"IP地址"}
response time: 179
response status: 200
response body: 
{"status":0,"data":[{"type":"NETWORK","equipment":"IP地址","operation":"SET","weight":5,"remark":"","status":1,"id":"a4b189ae-80b2-4b66-a9a8-5268b14f118d","createdAt":1507517604819,"updatedAt":1507517604819,"version":0,"equiptypesname":"网络","equipopsname":"设置"},{"type":"NETWORK","equipment":"IP地址","operation":"CT","weight":5,"remark":"","status":1,"id":"8731f36a-01a7-405c-a15e-de8aebf183c7","createdAt":1507517604750,"updatedAt":1507517604750,"version":0,"equiptypesname":"网络","equipopsname":"冲突"}],"total":2}
*************** response log end ***************

[2017-10-12 10:22:35.047] [INFO] resLogger - 
*************** response log start ***************
request method: GET
request originalUrl:  /api/corporations/list?token=eyJhbGciOiJIUzI1NiIsInR5cCI6IkpXVCJ9.eyJkYXRhIjp7ImlkIjoiNDAxM2U5NDItY2FhNC00YTRmLWE0MzktOTc4YjIwYmQ2ZTc3IiwibmFtZSI6ImFkbWluIiwiZ2VuZGVyIjp0cnVlLCJlbWFpbCI6IjM3ODMzODYyN0BxcS5jb20ifSwiaWF0IjoxNTA3NzAyNDE2LCJleHAiOjE1MDc3ODg4MTZ9.nH_8zaT02K6coaXd8vKEIkueH_Kuh1TlesaAzc57oTY&group=438bf931-ad64-41cc-ac56-aea1d48f5e79
request client ip:  ::ffff:127.0.0.1
request query:  {"token":"eyJhbGciOiJIUzI1NiIsInR5cCI6IkpXVCJ9.eyJkYXRhIjp7ImlkIjoiNDAxM2U5NDItY2FhNC00YTRmLWE0MzktOTc4YjIwYmQ2ZTc3IiwibmFtZSI6ImFkbWluIiwiZ2VuZGVyIjp0cnVlLCJlbWFpbCI6IjM3ODMzODYyN0BxcS5jb20ifSwiaWF0IjoxNTA3NzAyNDE2LCJleHAiOjE1MDc3ODg4MTZ9.nH_8zaT02K6coaXd8vKEIkueH_Kuh1TlesaAzc57oTY","group":"438bf931-ad64-41cc-ac56-aea1d48f5e79"}
response time: 208
response status: 200
response body: 
{"status":0,"data":[{"name":"控股公司","description":"控股公司","status":1,"groupId":"438bf931-ad64-41cc-ac56-aea1d48f5e79","id":"6deaa164-6881-4dfc-8f17-b73b1f99f133","createdAt":1507517602024,"updatedAt":1507517602024,"version":0,"group":{"name":"控股","description":"group2","status":1,"id":"438bf931-ad64-41cc-ac56-aea1d48f5e79","createdAt":1507517600358,"updatedAt":1507517600358,"version":0}}],"total":1}
*************** response log end ***************

[2017-10-12 10:22:35.066] [INFO] resLogger - 
*************** response log start ***************
request method: GET
request originalUrl:  /api/corpBuildings/list/6deaa164-6881-4dfc-8f17-b73b1f99f133?token=eyJhbGciOiJIUzI1NiIsInR5cCI6IkpXVCJ9.eyJkYXRhIjp7ImlkIjoiNDAxM2U5NDItY2FhNC00YTRmLWE0MzktOTc4YjIwYmQ2ZTc3IiwibmFtZSI6ImFkbWluIiwiZ2VuZGVyIjp0cnVlLCJlbWFpbCI6IjM3ODMzODYyN0BxcS5jb20ifSwiaWF0IjoxNTA3NzAyNDE2LCJleHAiOjE1MDc3ODg4MTZ9.nH_8zaT02K6coaXd8vKEIkueH_Kuh1TlesaAzc57oTY
request client ip:  ::ffff:127.0.0.1
request query:  {"token":"eyJhbGciOiJIUzI1NiIsInR5cCI6IkpXVCJ9.eyJkYXRhIjp7ImlkIjoiNDAxM2U5NDItY2FhNC00YTRmLWE0MzktOTc4YjIwYmQ2ZTc3IiwibmFtZSI6ImFkbWluIiwiZ2VuZGVyIjp0cnVlLCJlbWFpbCI6IjM3ODMzODYyN0BxcS5jb20ifSwiaWF0IjoxNTA3NzAyNDE2LCJleHAiOjE1MDc3ODg4MTZ9.nH_8zaT02K6coaXd8vKEIkueH_Kuh1TlesaAzc57oTY"}
response time: 113
response status: 200
response body: 
{"status":0,"data":[{"corporationId":"6deaa164-6881-4dfc-8f17-b73b1f99f133","buildingId":"b7090d21-4f8f-44ff-849c-11ec1c1598eb","floor":7,"position":"A","status":1,"id":"72340177-c0b8-4cf6-8cb6-16abb0968cb2","createdAt":1507517602206,"updatedAt":1507517602206,"version":0,"building":{"name":"商务大厦南楼","address":"南","minfloor":1,"maxfloor":15,"status":1,"id":"b7090d21-4f8f-44ff-849c-11ec1c1598eb","createdAt":1507517600474,"updatedAt":1507517600474,"version":0}},{"corporationId":"6deaa164-6881-4dfc-8f17-b73b1f99f133","buildingId":"b7090d21-4f8f-44ff-849c-11ec1c1598eb","floor":6,"position":"A","status":1,"id":"349cef3e-e8a4-49ba-824c-e254196f7024","createdAt":1507517602113,"updatedAt":1507517602113,"version":0,"building":{"name":"商务大厦南楼","address":"南","minfloor":1,"maxfloor":15,"status":1,"id":"b7090d21-4f8f-44ff-849c-11ec1c1598eb","createdAt":1507517600474,"updatedAt":1507517600474,"version":0}}],"total":0}
*************** response log end ***************

[2017-10-12 10:22:35.197] [INFO] resLogger - 
*************** response log start ***************
request method: GET
request originalUrl:  /api/corpBuildings/list/6deaa164-6881-4dfc-8f17-b73b1f99f133?token=eyJhbGciOiJIUzI1NiIsInR5cCI6IkpXVCJ9.eyJkYXRhIjp7ImlkIjoiNDAxM2U5NDItY2FhNC00YTRmLWE0MzktOTc4YjIwYmQ2ZTc3IiwibmFtZSI6ImFkbWluIiwiZ2VuZGVyIjp0cnVlLCJlbWFpbCI6IjM3ODMzODYyN0BxcS5jb20ifSwiaWF0IjoxNTA3NzAyNDE2LCJleHAiOjE1MDc3ODg4MTZ9.nH_8zaT02K6coaXd8vKEIkueH_Kuh1TlesaAzc57oTY
request client ip:  ::ffff:127.0.0.1
request query:  {"token":"eyJhbGciOiJIUzI1NiIsInR5cCI6IkpXVCJ9.eyJkYXRhIjp7ImlkIjoiNDAxM2U5NDItY2FhNC00YTRmLWE0MzktOTc4YjIwYmQ2ZTc3IiwibmFtZSI6ImFkbWluIiwiZ2VuZGVyIjp0cnVlLCJlbWFpbCI6IjM3ODMzODYyN0BxcS5jb20ifSwiaWF0IjoxNTA3NzAyNDE2LCJleHAiOjE1MDc3ODg4MTZ9.nH_8zaT02K6coaXd8vKEIkueH_Kuh1TlesaAzc57oTY"}
response time: 109
response status: 200
response body: 
{"status":0,"data":[{"corporationId":"6deaa164-6881-4dfc-8f17-b73b1f99f133","buildingId":"b7090d21-4f8f-44ff-849c-11ec1c1598eb","floor":7,"position":"A","status":1,"id":"72340177-c0b8-4cf6-8cb6-16abb0968cb2","createdAt":1507517602206,"updatedAt":1507517602206,"version":0,"building":{"name":"商务大厦南楼","address":"南","minfloor":1,"maxfloor":15,"status":1,"id":"b7090d21-4f8f-44ff-849c-11ec1c1598eb","createdAt":1507517600474,"updatedAt":1507517600474,"version":0}},{"corporationId":"6deaa164-6881-4dfc-8f17-b73b1f99f133","buildingId":"b7090d21-4f8f-44ff-849c-11ec1c1598eb","floor":6,"position":"A","status":1,"id":"349cef3e-e8a4-49ba-824c-e254196f7024","createdAt":1507517602113,"updatedAt":1507517602113,"version":0,"building":{"name":"商务大厦南楼","address":"南","minfloor":1,"maxfloor":15,"status":1,"id":"b7090d21-4f8f-44ff-849c-11ec1c1598eb","createdAt":1507517600474,"updatedAt":1507517600474,"version":0}}],"total":0}
*************** response log end ***************

[2017-10-12 10:24:55.266] [INFO] resLogger - 
*************** response log start ***************
request method: GET
request originalUrl:  /api/business/getequip/get/HARDWARE?token=eyJhbGciOiJIUzI1NiIsInR5cCI6IkpXVCJ9.eyJkYXRhIjp7ImlkIjoiNDAxM2U5NDItY2FhNC00YTRmLWE0MzktOTc4YjIwYmQ2ZTc3IiwibmFtZSI6ImFkbWluIiwiZ2VuZGVyIjp0cnVlLCJlbWFpbCI6IjM3ODMzODYyN0BxcS5jb20ifSwiaWF0IjoxNTA3NzAyNDE2LCJleHAiOjE1MDc3ODg4MTZ9.nH_8zaT02K6coaXd8vKEIkueH_Kuh1TlesaAzc57oTY
request client ip:  ::ffff:127.0.0.1
request query:  {"token":"eyJhbGciOiJIUzI1NiIsInR5cCI6IkpXVCJ9.eyJkYXRhIjp7ImlkIjoiNDAxM2U5NDItY2FhNC00YTRmLWE0MzktOTc4YjIwYmQ2ZTc3IiwibmFtZSI6ImFkbWluIiwiZ2VuZGVyIjp0cnVlLCJlbWFpbCI6IjM3ODMzODYyN0BxcS5jb20ifSwiaWF0IjoxNTA3NzAyNDE2LCJleHAiOjE1MDc3ODg4MTZ9.nH_8zaT02K6coaXd8vKEIkueH_Kuh1TlesaAzc57oTY"}
response time: 159
response status: 200
response body: 
{"status":0,"data":[{"equipment":"打印机"},{"equipment":"电脑"},{"equipment":"电话"},{"equipment":"笔记本电脑"}]}
*************** response log end ***************

[2017-10-12 10:24:55.418] [INFO] resLogger - 
*************** response log start ***************
request method: GET
request originalUrl:  /api/business/list?token=eyJhbGciOiJIUzI1NiIsInR5cCI6IkpXVCJ9.eyJkYXRhIjp7ImlkIjoiNDAxM2U5NDItY2FhNC00YTRmLWE0MzktOTc4YjIwYmQ2ZTc3IiwibmFtZSI6ImFkbWluIiwiZ2VuZGVyIjp0cnVlLCJlbWFpbCI6IjM3ODMzODYyN0BxcS5jb20ifSwiaWF0IjoxNTA3NzAyNDE2LCJleHAiOjE1MDc3ODg4MTZ9.nH_8zaT02K6coaXd8vKEIkueH_Kuh1TlesaAzc57oTY&type=HARDWARE&equipment=%E6%89%93%E5%8D%B0%E6%9C%BA
request client ip:  ::ffff:127.0.0.1
request query:  {"token":"eyJhbGciOiJIUzI1NiIsInR5cCI6IkpXVCJ9.eyJkYXRhIjp7ImlkIjoiNDAxM2U5NDItY2FhNC00YTRmLWE0MzktOTc4YjIwYmQ2ZTc3IiwibmFtZSI6ImFkbWluIiwiZ2VuZGVyIjp0cnVlLCJlbWFpbCI6IjM3ODMzODYyN0BxcS5jb20ifSwiaWF0IjoxNTA3NzAyNDE2LCJleHAiOjE1MDc3ODg4MTZ9.nH_8zaT02K6coaXd8vKEIkueH_Kuh1TlesaAzc57oTY","type":"HARDWARE","equipment":"打印机"}
response time: 87
response status: 200
response body: 
{"status":0,"data":[{"type":"HARDWARE","equipment":"打印机","operation":"FIX","weight":5,"remark":"","status":1,"id":"aba50f4e-c5bd-4703-a118-6f00fe4b055d","createdAt":1507517604478,"updatedAt":1507517604478,"version":0,"equiptypesname":"硬件","equipopsname":"故障"},{"type":"HARDWARE","equipment":"打印机","operation":"SETUP","weight":5,"remark":"","status":1,"id":"6642c07e-773c-4bf0-b6f8-9fa1c1efb2c9","createdAt":1507517604361,"updatedAt":1507517604361,"version":0,"equiptypesname":"硬件","equipopsname":"安装"}],"total":2}
*************** response log end ***************

[2017-10-12 10:24:56.945] [INFO] resLogger - 
*************** response log start ***************
request method: GET
request originalUrl:  /api/business/list?token=eyJhbGciOiJIUzI1NiIsInR5cCI6IkpXVCJ9.eyJkYXRhIjp7ImlkIjoiNDAxM2U5NDItY2FhNC00YTRmLWE0MzktOTc4YjIwYmQ2ZTc3IiwibmFtZSI6ImFkbWluIiwiZ2VuZGVyIjp0cnVlLCJlbWFpbCI6IjM3ODMzODYyN0BxcS5jb20ifSwiaWF0IjoxNTA3NzAyNDE2LCJleHAiOjE1MDc3ODg4MTZ9.nH_8zaT02K6coaXd8vKEIkueH_Kuh1TlesaAzc57oTY&type=HARDWARE&equipment=%E7%AC%94%E8%AE%B0%E6%9C%AC%E7%94%B5%E8%84%91
request client ip:  ::ffff:127.0.0.1
request query:  {"token":"eyJhbGciOiJIUzI1NiIsInR5cCI6IkpXVCJ9.eyJkYXRhIjp7ImlkIjoiNDAxM2U5NDItY2FhNC00YTRmLWE0MzktOTc4YjIwYmQ2ZTc3IiwibmFtZSI6ImFkbWluIiwiZ2VuZGVyIjp0cnVlLCJlbWFpbCI6IjM3ODMzODYyN0BxcS5jb20ifSwiaWF0IjoxNTA3NzAyNDE2LCJleHAiOjE1MDc3ODg4MTZ9.nH_8zaT02K6coaXd8vKEIkueH_Kuh1TlesaAzc57oTY","type":"HARDWARE","equipment":"笔记本电脑"}
response time: 65
response status: 200
response body: 
{"status":0,"data":[{"type":"HARDWARE","equipment":"笔记本电脑","operation":"FIX","weight":5,"remark":"","status":1,"id":"91341ca4-61fa-4fc9-aced-d84000644eb8","createdAt":1507517605498,"updatedAt":1507517605498,"version":0,"equiptypesname":"硬件","equipopsname":"故障"},{"type":"HARDWARE","equipment":"笔记本电脑","operation":"SETUP","weight":5,"remark":"","status":1,"id":"bd47192b-e89a-4a86-9604-71f0bb8ecaa5","createdAt":1507517605411,"updatedAt":1507517605411,"version":0,"equiptypesname":"硬件","equipopsname":"安装"},{"type":"HARDWARE","equipment":"笔记本电脑","operation":"NOTSTART","weight":5,"remark":"","status":1,"id":"7776d7d7-4c8d-4c93-b6f2-71b82311d1a1","createdAt":1507517605321,"updatedAt":1507517605321,"version":0,"equiptypesname":"硬件","equipopsname":"无法开机"}],"total":3}
*************** response log end ***************

[2017-10-12 10:25:22.203] [INFO] resLogger - 
*************** response log start ***************
request method: GET
request originalUrl:  /api/business/getequip/get/SOFTWARE?token=eyJhbGciOiJIUzI1NiIsInR5cCI6IkpXVCJ9.eyJkYXRhIjp7ImlkIjoiNDAxM2U5NDItY2FhNC00YTRmLWE0MzktOTc4YjIwYmQ2ZTc3IiwibmFtZSI6ImFkbWluIiwiZ2VuZGVyIjp0cnVlLCJlbWFpbCI6IjM3ODMzODYyN0BxcS5jb20ifSwiaWF0IjoxNTA3NzAyNDE2LCJleHAiOjE1MDc3ODg4MTZ9.nH_8zaT02K6coaXd8vKEIkueH_Kuh1TlesaAzc57oTY
request client ip:  ::ffff:127.0.0.1
request query:  {"token":"eyJhbGciOiJIUzI1NiIsInR5cCI6IkpXVCJ9.eyJkYXRhIjp7ImlkIjoiNDAxM2U5NDItY2FhNC00YTRmLWE0MzktOTc4YjIwYmQ2ZTc3IiwibmFtZSI6ImFkbWluIiwiZ2VuZGVyIjp0cnVlLCJlbWFpbCI6IjM3ODMzODYyN0BxcS5jb20ifSwiaWF0IjoxNTA3NzAyNDE2LCJleHAiOjE1MDc3ODg4MTZ9.nH_8zaT02K6coaXd8vKEIkueH_Kuh1TlesaAzc57oTY"}
response time: 96
response status: 200
response body: 
{"status":0,"data":[{"equipment":"WORD"},{"equipment":"浏览器"}]}
*************** response log end ***************

[2017-10-12 10:25:22.404] [INFO] resLogger - 
*************** response log start ***************
request method: GET
request originalUrl:  /api/business/list?token=eyJhbGciOiJIUzI1NiIsInR5cCI6IkpXVCJ9.eyJkYXRhIjp7ImlkIjoiNDAxM2U5NDItY2FhNC00YTRmLWE0MzktOTc4YjIwYmQ2ZTc3IiwibmFtZSI6ImFkbWluIiwiZ2VuZGVyIjp0cnVlLCJlbWFpbCI6IjM3ODMzODYyN0BxcS5jb20ifSwiaWF0IjoxNTA3NzAyNDE2LCJleHAiOjE1MDc3ODg4MTZ9.nH_8zaT02K6coaXd8vKEIkueH_Kuh1TlesaAzc57oTY&type=SOFTWARE&equipment=WORD
request client ip:  ::ffff:127.0.0.1
request query:  {"token":"eyJhbGciOiJIUzI1NiIsInR5cCI6IkpXVCJ9.eyJkYXRhIjp7ImlkIjoiNDAxM2U5NDItY2FhNC00YTRmLWE0MzktOTc4YjIwYmQ2ZTc3IiwibmFtZSI6ImFkbWluIiwiZ2VuZGVyIjp0cnVlLCJlbWFpbCI6IjM3ODMzODYyN0BxcS5jb20ifSwiaWF0IjoxNTA3NzAyNDE2LCJleHAiOjE1MDc3ODg4MTZ9.nH_8zaT02K6coaXd8vKEIkueH_Kuh1TlesaAzc57oTY","type":"SOFTWARE","equipment":"WORD"}
response time: 155
response status: 200
response body: 
{"status":0,"data":[{"type":"SOFTWARE","equipment":"WORD","operation":"FIX","weight":5,"remark":"","status":1,"id":"cf6f44a0-7716-4190-b08f-2f456b1136e9","createdAt":1507517605001,"updatedAt":1507517605001,"version":0,"equiptypesname":"软件","equipopsname":"故障"},{"type":"SOFTWARE","equipment":"WORD","operation":"SETUP","weight":5,"remark":"","status":1,"id":"38ecaf95-9972-4356-a558-3b33c9607fcd","createdAt":1507517604891,"updatedAt":1507517604891,"version":0,"equiptypesname":"软件","equipopsname":"安装"}],"total":2}
*************** response log end ***************

[2017-10-12 10:28:09.963] [INFO] resLogger - 
*************** response log start ***************
request method: GET
request originalUrl:  /api/business/getequip/get/SOFTWARE?token=eyJhbGciOiJIUzI1NiIsInR5cCI6IkpXVCJ9.eyJkYXRhIjp7ImlkIjoiNDAxM2U5NDItY2FhNC00YTRmLWE0MzktOTc4YjIwYmQ2ZTc3IiwibmFtZSI6ImFkbWluIiwiZ2VuZGVyIjp0cnVlLCJlbWFpbCI6IjM3ODMzODYyN0BxcS5jb20ifSwiaWF0IjoxNTA3NzAyNDE2LCJleHAiOjE1MDc3ODg4MTZ9.nH_8zaT02K6coaXd8vKEIkueH_Kuh1TlesaAzc57oTY
request client ip:  ::ffff:127.0.0.1
request query:  {"token":"eyJhbGciOiJIUzI1NiIsInR5cCI6IkpXVCJ9.eyJkYXRhIjp7ImlkIjoiNDAxM2U5NDItY2FhNC00YTRmLWE0MzktOTc4YjIwYmQ2ZTc3IiwibmFtZSI6ImFkbWluIiwiZ2VuZGVyIjp0cnVlLCJlbWFpbCI6IjM3ODMzODYyN0BxcS5jb20ifSwiaWF0IjoxNTA3NzAyNDE2LCJleHAiOjE1MDc3ODg4MTZ9.nH_8zaT02K6coaXd8vKEIkueH_Kuh1TlesaAzc57oTY"}
response time: 103
response status: 200
response body: 
{"status":0,"data":[{"equipment":"WORD"},{"equipment":"浏览器"}]}
*************** response log end ***************

[2017-10-12 10:28:10.086] [INFO] resLogger - 
*************** response log start ***************
request method: GET
request originalUrl:  /api/business/list?token=eyJhbGciOiJIUzI1NiIsInR5cCI6IkpXVCJ9.eyJkYXRhIjp7ImlkIjoiNDAxM2U5NDItY2FhNC00YTRmLWE0MzktOTc4YjIwYmQ2ZTc3IiwibmFtZSI6ImFkbWluIiwiZ2VuZGVyIjp0cnVlLCJlbWFpbCI6IjM3ODMzODYyN0BxcS5jb20ifSwiaWF0IjoxNTA3NzAyNDE2LCJleHAiOjE1MDc3ODg4MTZ9.nH_8zaT02K6coaXd8vKEIkueH_Kuh1TlesaAzc57oTY&type=SOFTWARE&equipment=WORD
request client ip:  ::ffff:127.0.0.1
request query:  {"token":"eyJhbGciOiJIUzI1NiIsInR5cCI6IkpXVCJ9.eyJkYXRhIjp7ImlkIjoiNDAxM2U5NDItY2FhNC00YTRmLWE0MzktOTc4YjIwYmQ2ZTc3IiwibmFtZSI6ImFkbWluIiwiZ2VuZGVyIjp0cnVlLCJlbWFpbCI6IjM3ODMzODYyN0BxcS5jb20ifSwiaWF0IjoxNTA3NzAyNDE2LCJleHAiOjE1MDc3ODg4MTZ9.nH_8zaT02K6coaXd8vKEIkueH_Kuh1TlesaAzc57oTY","type":"SOFTWARE","equipment":"WORD"}
response time: 55
response status: 200
response body: 
{"status":0,"data":[{"type":"SOFTWARE","equipment":"WORD","operation":"FIX","weight":5,"remark":"","status":1,"id":"cf6f44a0-7716-4190-b08f-2f456b1136e9","createdAt":1507517605001,"updatedAt":1507517605001,"version":0,"equiptypesname":"软件","equipopsname":"故障"},{"type":"SOFTWARE","equipment":"WORD","operation":"SETUP","weight":5,"remark":"","status":1,"id":"38ecaf95-9972-4356-a558-3b33c9607fcd","createdAt":1507517604891,"updatedAt":1507517604891,"version":0,"equiptypesname":"软件","equipopsname":"安装"}],"total":2}
*************** response log end ***************

[2017-10-12 10:28:12.679] [INFO] resLogger - 
*************** response log start ***************
request method: GET
request originalUrl:  /api/business/getequip/get/NETWORK?token=eyJhbGciOiJIUzI1NiIsInR5cCI6IkpXVCJ9.eyJkYXRhIjp7ImlkIjoiNDAxM2U5NDItY2FhNC00YTRmLWE0MzktOTc4YjIwYmQ2ZTc3IiwibmFtZSI6ImFkbWluIiwiZ2VuZGVyIjp0cnVlLCJlbWFpbCI6IjM3ODMzODYyN0BxcS5jb20ifSwiaWF0IjoxNTA3NzAyNDE2LCJleHAiOjE1MDc3ODg4MTZ9.nH_8zaT02K6coaXd8vKEIkueH_Kuh1TlesaAzc57oTY
request client ip:  ::ffff:127.0.0.1
request query:  {"token":"eyJhbGciOiJIUzI1NiIsInR5cCI6IkpXVCJ9.eyJkYXRhIjp7ImlkIjoiNDAxM2U5NDItY2FhNC00YTRmLWE0MzktOTc4YjIwYmQ2ZTc3IiwibmFtZSI6ImFkbWluIiwiZ2VuZGVyIjp0cnVlLCJlbWFpbCI6IjM3ODMzODYyN0BxcS5jb20ifSwiaWF0IjoxNTA3NzAyNDE2LCJleHAiOjE1MDc3ODg4MTZ9.nH_8zaT02K6coaXd8vKEIkueH_Kuh1TlesaAzc57oTY"}
response time: 47
response status: 200
response body: 
{"status":0,"data":[{"equipment":"IP地址"}]}
*************** response log end ***************

[2017-10-12 10:28:12.753] [INFO] resLogger - 
*************** response log start ***************
request method: GET
request originalUrl:  /api/business/list?token=eyJhbGciOiJIUzI1NiIsInR5cCI6IkpXVCJ9.eyJkYXRhIjp7ImlkIjoiNDAxM2U5NDItY2FhNC00YTRmLWE0MzktOTc4YjIwYmQ2ZTc3IiwibmFtZSI6ImFkbWluIiwiZ2VuZGVyIjp0cnVlLCJlbWFpbCI6IjM3ODMzODYyN0BxcS5jb20ifSwiaWF0IjoxNTA3NzAyNDE2LCJleHAiOjE1MDc3ODg4MTZ9.nH_8zaT02K6coaXd8vKEIkueH_Kuh1TlesaAzc57oTY&type=NETWORK&equipment=IP%E5%9C%B0%E5%9D%80
request client ip:  ::ffff:127.0.0.1
request query:  {"token":"eyJhbGciOiJIUzI1NiIsInR5cCI6IkpXVCJ9.eyJkYXRhIjp7ImlkIjoiNDAxM2U5NDItY2FhNC00YTRmLWE0MzktOTc4YjIwYmQ2ZTc3IiwibmFtZSI6ImFkbWluIiwiZ2VuZGVyIjp0cnVlLCJlbWFpbCI6IjM3ODMzODYyN0BxcS5jb20ifSwiaWF0IjoxNTA3NzAyNDE2LCJleHAiOjE1MDc3ODg4MTZ9.nH_8zaT02K6coaXd8vKEIkueH_Kuh1TlesaAzc57oTY","type":"NETWORK","equipment":"IP地址"}
response time: 58
response status: 200
response body: 
{"status":0,"data":[{"type":"NETWORK","equipment":"IP地址","operation":"SET","weight":5,"remark":"","status":1,"id":"a4b189ae-80b2-4b66-a9a8-5268b14f118d","createdAt":1507517604819,"updatedAt":1507517604819,"version":0,"equiptypesname":"网络","equipopsname":"设置"},{"type":"NETWORK","equipment":"IP地址","operation":"CT","weight":5,"remark":"","status":1,"id":"8731f36a-01a7-405c-a15e-de8aebf183c7","createdAt":1507517604750,"updatedAt":1507517604750,"version":0,"equiptypesname":"网络","equipopsname":"冲突"}],"total":2}
*************** response log end ***************

[2017-10-12 10:28:16.848] [INFO] resLogger - 
*************** response log start ***************
request method: GET
request originalUrl:  /api/business/getequip/get/SOFTWARE?token=eyJhbGciOiJIUzI1NiIsInR5cCI6IkpXVCJ9.eyJkYXRhIjp7ImlkIjoiNDAxM2U5NDItY2FhNC00YTRmLWE0MzktOTc4YjIwYmQ2ZTc3IiwibmFtZSI6ImFkbWluIiwiZ2VuZGVyIjp0cnVlLCJlbWFpbCI6IjM3ODMzODYyN0BxcS5jb20ifSwiaWF0IjoxNTA3NzAyNDE2LCJleHAiOjE1MDc3ODg4MTZ9.nH_8zaT02K6coaXd8vKEIkueH_Kuh1TlesaAzc57oTY
request client ip:  ::ffff:127.0.0.1
request query:  {"token":"eyJhbGciOiJIUzI1NiIsInR5cCI6IkpXVCJ9.eyJkYXRhIjp7ImlkIjoiNDAxM2U5NDItY2FhNC00YTRmLWE0MzktOTc4YjIwYmQ2ZTc3IiwibmFtZSI6ImFkbWluIiwiZ2VuZGVyIjp0cnVlLCJlbWFpbCI6IjM3ODMzODYyN0BxcS5jb20ifSwiaWF0IjoxNTA3NzAyNDE2LCJleHAiOjE1MDc3ODg4MTZ9.nH_8zaT02K6coaXd8vKEIkueH_Kuh1TlesaAzc57oTY"}
response time: 56
response status: 200
response body: 
{"status":0,"data":[{"equipment":"WORD"},{"equipment":"浏览器"}]}
*************** response log end ***************

[2017-10-12 10:28:16.956] [INFO] resLogger - 
*************** response log start ***************
request method: GET
request originalUrl:  /api/business/list?token=eyJhbGciOiJIUzI1NiIsInR5cCI6IkpXVCJ9.eyJkYXRhIjp7ImlkIjoiNDAxM2U5NDItY2FhNC00YTRmLWE0MzktOTc4YjIwYmQ2ZTc3IiwibmFtZSI6ImFkbWluIiwiZ2VuZGVyIjp0cnVlLCJlbWFpbCI6IjM3ODMzODYyN0BxcS5jb20ifSwiaWF0IjoxNTA3NzAyNDE2LCJleHAiOjE1MDc3ODg4MTZ9.nH_8zaT02K6coaXd8vKEIkueH_Kuh1TlesaAzc57oTY&type=SOFTWARE&equipment=WORD
request client ip:  ::ffff:127.0.0.1
request query:  {"token":"eyJhbGciOiJIUzI1NiIsInR5cCI6IkpXVCJ9.eyJkYXRhIjp7ImlkIjoiNDAxM2U5NDItY2FhNC00YTRmLWE0MzktOTc4YjIwYmQ2ZTc3IiwibmFtZSI6ImFkbWluIiwiZ2VuZGVyIjp0cnVlLCJlbWFpbCI6IjM3ODMzODYyN0BxcS5jb20ifSwiaWF0IjoxNTA3NzAyNDE2LCJleHAiOjE1MDc3ODg4MTZ9.nH_8zaT02K6coaXd8vKEIkueH_Kuh1TlesaAzc57oTY","type":"SOFTWARE","equipment":"WORD"}
response time: 63
response status: 200
response body: 
{"status":0,"data":[{"type":"SOFTWARE","equipment":"WORD","operation":"FIX","weight":5,"remark":"","status":1,"id":"cf6f44a0-7716-4190-b08f-2f456b1136e9","createdAt":1507517605001,"updatedAt":1507517605001,"version":0,"equiptypesname":"软件","equipopsname":"故障"},{"type":"SOFTWARE","equipment":"WORD","operation":"SETUP","weight":5,"remark":"","status":1,"id":"38ecaf95-9972-4356-a558-3b33c9607fcd","createdAt":1507517604891,"updatedAt":1507517604891,"version":0,"equiptypesname":"软件","equipopsname":"安装"}],"total":2}
*************** response log end ***************

[2017-10-12 10:28:18.837] [INFO] resLogger - 
*************** response log start ***************
request method: GET
request originalUrl:  /api/business/list?token=eyJhbGciOiJIUzI1NiIsInR5cCI6IkpXVCJ9.eyJkYXRhIjp7ImlkIjoiNDAxM2U5NDItY2FhNC00YTRmLWE0MzktOTc4YjIwYmQ2ZTc3IiwibmFtZSI6ImFkbWluIiwiZ2VuZGVyIjp0cnVlLCJlbWFpbCI6IjM3ODMzODYyN0BxcS5jb20ifSwiaWF0IjoxNTA3NzAyNDE2LCJleHAiOjE1MDc3ODg4MTZ9.nH_8zaT02K6coaXd8vKEIkueH_Kuh1TlesaAzc57oTY&type=SOFTWARE&equipment=%E6%B5%8F%E8%A7%88%E5%99%A8
request client ip:  ::ffff:127.0.0.1
request query:  {"token":"eyJhbGciOiJIUzI1NiIsInR5cCI6IkpXVCJ9.eyJkYXRhIjp7ImlkIjoiNDAxM2U5NDItY2FhNC00YTRmLWE0MzktOTc4YjIwYmQ2ZTc3IiwibmFtZSI6ImFkbWluIiwiZ2VuZGVyIjp0cnVlLCJlbWFpbCI6IjM3ODMzODYyN0BxcS5jb20ifSwiaWF0IjoxNTA3NzAyNDE2LCJleHAiOjE1MDc3ODg4MTZ9.nH_8zaT02K6coaXd8vKEIkueH_Kuh1TlesaAzc57oTY","type":"SOFTWARE","equipment":"浏览器"}
response time: 69
response status: 200
response body: 
{"status":0,"data":[{"type":"SOFTWARE","equipment":"浏览器","operation":"FIX","weight":5,"remark":"","status":1,"id":"0217393a-7367-478f-b2eb-468146fb8702","createdAt":1507517604676,"updatedAt":1507517604676,"version":0,"equiptypesname":"软件","equipopsname":"故障"},{"type":"SOFTWARE","equipment":"浏览器","operation":"SETUP","weight":5,"remark":"","status":1,"id":"54aadf02-113a-4425-81e8-b162149c9b81","createdAt":1507517604568,"updatedAt":1507517604568,"version":0,"equiptypesname":"软件","equipopsname":"安装"}],"total":2}
*************** response log end ***************

[2017-10-12 10:31:23.101] [INFO] resLogger - 
*************** response log start ***************
request method: GET
request originalUrl:  /api/user/?token=eyJhbGciOiJIUzI1NiIsInR5cCI6IkpXVCJ9.eyJkYXRhIjp7ImlkIjoiNDAxM2U5NDItY2FhNC00YTRmLWE0MzktOTc4YjIwYmQ2ZTc3IiwibmFtZSI6ImFkbWluIiwiZ2VuZGVyIjp0cnVlLCJlbWFpbCI6IjM3ODMzODYyN0BxcS5jb20ifSwiaWF0IjoxNTA3NzAyNDE2LCJleHAiOjE1MDc3ODg4MTZ9.nH_8zaT02K6coaXd8vKEIkueH_Kuh1TlesaAzc57oTY
request client ip:  ::ffff:127.0.0.1
request query:  {"token":"eyJhbGciOiJIUzI1NiIsInR5cCI6IkpXVCJ9.eyJkYXRhIjp7ImlkIjoiNDAxM2U5NDItY2FhNC00YTRmLWE0MzktOTc4YjIwYmQ2ZTc3IiwibmFtZSI6ImFkbWluIiwiZ2VuZGVyIjp0cnVlLCJlbWFpbCI6IjM3ODMzODYyN0BxcS5jb20ifSwiaWF0IjoxNTA3NzAyNDE2LCJleHAiOjE1MDc3ODg4MTZ9.nH_8zaT02K6coaXd8vKEIkueH_Kuh1TlesaAzc57oTY"}
response time: 232
response status: 200
response body: 
{"status":0,"data":{"name":"admin","email":"378338627@qq.com","phone":"15822927208","password":"$2a$10$od4sFeTxceyXrdqtDGOfqutTyt1BBlopmNYa6FnDZx981q8ES.Iii","gender":true,"token":"eyJhbGciOiJIUzI1NiIsInR5cCI6IkpXVCJ9.eyJkYXRhIjp7ImlkIjoiNDAxM2U5NDItY2FhNC00YTRmLWE0MzktOTc4YjIwYmQ2ZTc3IiwibmFtZSI6ImFkbWluIiwiZ2VuZGVyIjp0cnVlLCJlbWFpbCI6IjM3ODMzODYyN0BxcS5jb20ifSwiaWF0IjoxNTA3NzAyNDE2LCJleHAiOjE1MDc3ODg4MTZ9.nH_8zaT02K6coaXd8vKEIkueH_Kuh1TlesaAzc57oTY","canLogin":true,"status":1,"id":"4013e942-caa4-4a4f-a439-978b20bd6e77","createdAt":1507517600161,"updatedAt":1507702416871,"version":1}}
*************** response log end ***************

[2017-10-12 10:31:23.659] [INFO] resLogger - 
*************** response log start ***************
request method: GET
request originalUrl:  /api/equipType/list?token=eyJhbGciOiJIUzI1NiIsInR5cCI6IkpXVCJ9.eyJkYXRhIjp7ImlkIjoiNDAxM2U5NDItY2FhNC00YTRmLWE0MzktOTc4YjIwYmQ2ZTc3IiwibmFtZSI6ImFkbWluIiwiZ2VuZGVyIjp0cnVlLCJlbWFpbCI6IjM3ODMzODYyN0BxcS5jb20ifSwiaWF0IjoxNTA3NzAyNDE2LCJleHAiOjE1MDc3ODg4MTZ9.nH_8zaT02K6coaXd8vKEIkueH_Kuh1TlesaAzc57oTY
request client ip:  ::ffff:127.0.0.1
request query:  {"token":"eyJhbGciOiJIUzI1NiIsInR5cCI6IkpXVCJ9.eyJkYXRhIjp7ImlkIjoiNDAxM2U5NDItY2FhNC00YTRmLWE0MzktOTc4YjIwYmQ2ZTc3IiwibmFtZSI6ImFkbWluIiwiZ2VuZGVyIjp0cnVlLCJlbWFpbCI6IjM3ODMzODYyN0BxcS5jb20ifSwiaWF0IjoxNTA3NzAyNDE2LCJleHAiOjE1MDc3ODg4MTZ9.nH_8zaT02K6coaXd8vKEIkueH_Kuh1TlesaAzc57oTY"}
response time: 244
response status: 200
response body: 
{"status":0,"data":[{"name":"网络","code":"NETWORK","id":"3017416c-a95b-4f3b-a56f-0c78de9ff8fa","createdAt":1507517603652,"updatedAt":1507517603652,"version":0},{"name":"软件","code":"SOFTWARE","id":"cb10f7e1-eefd-4135-9720-b92485e4029d","createdAt":1507517603579,"updatedAt":1507517603579,"version":0},{"name":"硬件","code":"HARDWARE","id":"7b8b7205-ed98-48da-ab0b-30718333b931","createdAt":1507517603496,"updatedAt":1507517603496,"version":0}]}
*************** response log end ***************

[2017-10-12 10:31:23.817] [INFO] resLogger - 
*************** response log start ***************
request method: GET
request originalUrl:  /api/business/list?token=eyJhbGciOiJIUzI1NiIsInR5cCI6IkpXVCJ9.eyJkYXRhIjp7ImlkIjoiNDAxM2U5NDItY2FhNC00YTRmLWE0MzktOTc4YjIwYmQ2ZTc3IiwibmFtZSI6ImFkbWluIiwiZ2VuZGVyIjp0cnVlLCJlbWFpbCI6IjM3ODMzODYyN0BxcS5jb20ifSwiaWF0IjoxNTA3NzAyNDE2LCJleHAiOjE1MDc3ODg4MTZ9.nH_8zaT02K6coaXd8vKEIkueH_Kuh1TlesaAzc57oTY
request client ip:  ::ffff:127.0.0.1
request query:  {"token":"eyJhbGciOiJIUzI1NiIsInR5cCI6IkpXVCJ9.eyJkYXRhIjp7ImlkIjoiNDAxM2U5NDItY2FhNC00YTRmLWE0MzktOTc4YjIwYmQ2ZTc3IiwibmFtZSI6ImFkbWluIiwiZ2VuZGVyIjp0cnVlLCJlbWFpbCI6IjM3ODMzODYyN0BxcS5jb20ifSwiaWF0IjoxNTA3NzAyNDE2LCJleHAiOjE1MDc3ODg4MTZ9.nH_8zaT02K6coaXd8vKEIkueH_Kuh1TlesaAzc57oTY"}
response time: 310
response status: 200
response body: 
{"status":0,"data":[{"type":"HARDWARE","equipment":"笔记本电脑","operation":"FIX","weight":5,"remark":"","status":1,"id":"91341ca4-61fa-4fc9-aced-d84000644eb8","createdAt":1507517605498,"updatedAt":1507517605498,"version":0,"equiptypesname":"硬件","equipopsname":"故障"},{"type":"HARDWARE","equipment":"笔记本电脑","operation":"SETUP","weight":5,"remark":"","status":1,"id":"bd47192b-e89a-4a86-9604-71f0bb8ecaa5","createdAt":1507517605411,"updatedAt":1507517605411,"version":0,"equiptypesname":"硬件","equipopsname":"安装"},{"type":"HARDWARE","equipment":"笔记本电脑","operation":"NOTSTART","weight":5,"remark":"","status":1,"id":"7776d7d7-4c8d-4c93-b6f2-71b82311d1a1","createdAt":1507517605321,"updatedAt":1507517605321,"version":0,"equiptypesname":"硬件","equipopsname":"无法开机"},{"type":"HARDWARE","equipment":"电脑","operation":"SETUP","weight":5,"remark":"","status":1,"id":"7cd972d5-8c98-4db9-91df-cb313a39b557","createdAt":1507517605212,"updatedAt":1507517605212,"version":0,"equiptypesname":"硬件","equipopsname":"安装"},{"type":"HARDWARE","equipment":"电脑","operation":"NOTSTART","weight":5,"remark":"","status":1,"id":"d31aab65-0cd1-4f75-9b1e-9d81f9f13290","createdAt":1507517605091,"updatedAt":1507517605091,"version":0,"equiptypesname":"硬件","equipopsname":"无法开机"},{"type":"SOFTWARE","equipment":"WORD","operation":"FIX","weight":5,"remark":"","status":1,"id":"cf6f44a0-7716-4190-b08f-2f456b1136e9","createdAt":1507517605001,"updatedAt":1507517605001,"version":0,"equiptypesname":"软件","equipopsname":"故障"},{"type":"SOFTWARE","equipment":"WORD","operation":"SETUP","weight":5,"remark":"","status":1,"id":"38ecaf95-9972-4356-a558-3b33c9607fcd","createdAt":1507517604891,"updatedAt":1507517604891,"version":0,"equiptypesname":"软件","equipopsname":"安装"},{"type":"NETWORK","equipment":"IP地址","operation":"SET","weight":5,"remark":"","status":1,"id":"a4b189ae-80b2-4b66-a9a8-5268b14f118d","createdAt":1507517604819,"updatedAt":1507517604819,"version":0,"equiptypesname":"网络","equipopsname":"设置"},{"type":"NETWORK","equipment":"IP地址","operation":"CT","weight":5,"remark":"","status":1,"id":"8731f36a-01a7-405c-a15e-de8aebf183c7","createdAt":1507517604750,"updatedAt":1507517604750,"version":0,"equiptypesname":"网络","equipopsname":"冲突"},{"type":"SOFTWARE","equipment":"浏览器","operation":"FIX","weight":5,"remark":"","status":1,"id":"0217393a-7367-478f-b2eb-468146fb8702","createdAt":1507517604676,"updatedAt":1507517604676,"version":0,"equiptypesname":"软件","equipopsname":"故障"},{"type":"SOFTWARE","equipment":"浏览器","operation":"SETUP","weight":5,"remark":"","status":1,"id":"54aadf02-113a-4425-81e8-b162149c9b81","createdAt":1507517604568,"updatedAt":1507517604568,"version":0,"equiptypesname":"软件","equipopsname":"安装"},{"type":"HARDWARE","equipment":"打印机","operation":"FIX","weight":5,"remark":"","status":1,"id":"aba50f4e-c5bd-4703-a118-6f00fe4b055d","createdAt":1507517604478,"updatedAt":1507517604478,"version":0,"equiptypesname":"硬件","equipopsname":"故障"},{"type":"HARDWARE","equipment":"打印机","operation":"SETUP","weight":5,"remark":"","status":1,"id":"6642c07e-773c-4bf0-b6f8-9fa1c1efb2c9","createdAt":1507517604361,"updatedAt":1507517604361,"version":0,"equiptypesname":"硬件","equipopsname":"安装"},{"type":"HARDWARE","equipment":"电话","operation":"FIX","weight":5,"remark":"","status":1,"id":"c06b4d1e-2c1e-4447-9057-220a2b2724cc","createdAt":1507517604287,"updatedAt":1507517604287,"version":0,"equiptypesname":"硬件","equipopsname":"故障"},{"type":"HARDWARE","equipment":"电话","operation":"SETUP","weight":5,"remark":"","status":1,"id":"1afa2ce8-6a1a-45a0-950e-01ecb914e681","createdAt":1507517604193,"updatedAt":1507517604193,"version":0,"equiptypesname":"硬件","equipopsname":"安装"}],"total":15}
*************** response log end ***************

[2017-10-12 10:31:23.826] [INFO] resLogger - 
*************** response log start ***************
request method: GET
request originalUrl:  /api/order/getorderno/get/2017/10/12?token=eyJhbGciOiJIUzI1NiIsInR5cCI6IkpXVCJ9.eyJkYXRhIjp7ImlkIjoiNDAxM2U5NDItY2FhNC00YTRmLWE0MzktOTc4YjIwYmQ2ZTc3IiwibmFtZSI6ImFkbWluIiwiZ2VuZGVyIjp0cnVlLCJlbWFpbCI6IjM3ODMzODYyN0BxcS5jb20ifSwiaWF0IjoxNTA3NzAyNDE2LCJleHAiOjE1MDc3ODg4MTZ9.nH_8zaT02K6coaXd8vKEIkueH_Kuh1TlesaAzc57oTY
request client ip:  ::ffff:127.0.0.1
request query:  {"token":"eyJhbGciOiJIUzI1NiIsInR5cCI6IkpXVCJ9.eyJkYXRhIjp7ImlkIjoiNDAxM2U5NDItY2FhNC00YTRmLWE0MzktOTc4YjIwYmQ2ZTc3IiwibmFtZSI6ImFkbWluIiwiZ2VuZGVyIjp0cnVlLCJlbWFpbCI6IjM3ODMzODYyN0BxcS5jb20ifSwiaWF0IjoxNTA3NzAyNDE2LCJleHAiOjE1MDc3ODg4MTZ9.nH_8zaT02K6coaXd8vKEIkueH_Kuh1TlesaAzc57oTY"}
response time: 252
response status: 200
response body: 
{"status":0,"data":"20171012000"}
*************** response log end ***************

[2017-10-12 10:31:23.895] [INFO] resLogger - 
*************** response log start ***************
request method: GET
request originalUrl:  /api/groups/list?token=eyJhbGciOiJIUzI1NiIsInR5cCI6IkpXVCJ9.eyJkYXRhIjp7ImlkIjoiNDAxM2U5NDItY2FhNC00YTRmLWE0MzktOTc4YjIwYmQ2ZTc3IiwibmFtZSI6ImFkbWluIiwiZ2VuZGVyIjp0cnVlLCJlbWFpbCI6IjM3ODMzODYyN0BxcS5jb20ifSwiaWF0IjoxNTA3NzAyNDE2LCJleHAiOjE1MDc3ODg4MTZ9.nH_8zaT02K6coaXd8vKEIkueH_Kuh1TlesaAzc57oTY
request client ip:  ::ffff:127.0.0.1
request query:  {"token":"eyJhbGciOiJIUzI1NiIsInR5cCI6IkpXVCJ9.eyJkYXRhIjp7ImlkIjoiNDAxM2U5NDItY2FhNC00YTRmLWE0MzktOTc4YjIwYmQ2ZTc3IiwibmFtZSI6ImFkbWluIiwiZ2VuZGVyIjp0cnVlLCJlbWFpbCI6IjM3ODMzODYyN0BxcS5jb20ifSwiaWF0IjoxNTA3NzAyNDE2LCJleHAiOjE1MDc3ODg4MTZ9.nH_8zaT02K6coaXd8vKEIkueH_Kuh1TlesaAzc57oTY"}
response time: 382
response status: 200
response body: 
{"status":0,"data":[{"name":"控股","description":"group2","status":1,"id":"438bf931-ad64-41cc-ac56-aea1d48f5e79","createdAt":1507517600358,"updatedAt":1507517600358,"version":0},{"name":"管委会","description":"group1","status":1,"id":"ddda55ea-2654-46a2-a4d2-ea1ca08b1e6a","createdAt":1507517600162,"updatedAt":1507517600162,"version":0}],"total":2}
*************** response log end ***************

[2017-10-12 10:31:24.053] [INFO] resLogger - 
*************** response log start ***************
request method: GET
request originalUrl:  /api/business/getequip/get/NETWORK?token=eyJhbGciOiJIUzI1NiIsInR5cCI6IkpXVCJ9.eyJkYXRhIjp7ImlkIjoiNDAxM2U5NDItY2FhNC00YTRmLWE0MzktOTc4YjIwYmQ2ZTc3IiwibmFtZSI6ImFkbWluIiwiZ2VuZGVyIjp0cnVlLCJlbWFpbCI6IjM3ODMzODYyN0BxcS5jb20ifSwiaWF0IjoxNTA3NzAyNDE2LCJleHAiOjE1MDc3ODg4MTZ9.nH_8zaT02K6coaXd8vKEIkueH_Kuh1TlesaAzc57oTY
request client ip:  ::ffff:127.0.0.1
request query:  {"token":"eyJhbGciOiJIUzI1NiIsInR5cCI6IkpXVCJ9.eyJkYXRhIjp7ImlkIjoiNDAxM2U5NDItY2FhNC00YTRmLWE0MzktOTc4YjIwYmQ2ZTc3IiwibmFtZSI6ImFkbWluIiwiZ2VuZGVyIjp0cnVlLCJlbWFpbCI6IjM3ODMzODYyN0BxcS5jb20ifSwiaWF0IjoxNTA3NzAyNDE2LCJleHAiOjE1MDc3ODg4MTZ9.nH_8zaT02K6coaXd8vKEIkueH_Kuh1TlesaAzc57oTY"}
response time: 151
response status: 200
response body: 
{"status":0,"data":[{"equipment":"IP地址"}]}
*************** response log end ***************

[2017-10-12 10:31:24.182] [INFO] resLogger - 
*************** response log start ***************
request method: GET
request originalUrl:  /api/groups/list?token=eyJhbGciOiJIUzI1NiIsInR5cCI6IkpXVCJ9.eyJkYXRhIjp7ImlkIjoiNDAxM2U5NDItY2FhNC00YTRmLWE0MzktOTc4YjIwYmQ2ZTc3IiwibmFtZSI6ImFkbWluIiwiZ2VuZGVyIjp0cnVlLCJlbWFpbCI6IjM3ODMzODYyN0BxcS5jb20ifSwiaWF0IjoxNTA3NzAyNDE2LCJleHAiOjE1MDc3ODg4MTZ9.nH_8zaT02K6coaXd8vKEIkueH_Kuh1TlesaAzc57oTY
request client ip:  ::ffff:127.0.0.1
request query:  {"token":"eyJhbGciOiJIUzI1NiIsInR5cCI6IkpXVCJ9.eyJkYXRhIjp7ImlkIjoiNDAxM2U5NDItY2FhNC00YTRmLWE0MzktOTc4YjIwYmQ2ZTc3IiwibmFtZSI6ImFkbWluIiwiZ2VuZGVyIjp0cnVlLCJlbWFpbCI6IjM3ODMzODYyN0BxcS5jb20ifSwiaWF0IjoxNTA3NzAyNDE2LCJleHAiOjE1MDc3ODg4MTZ9.nH_8zaT02K6coaXd8vKEIkueH_Kuh1TlesaAzc57oTY"}
response time: 181
response status: 200
response body: 
{"status":0,"data":[{"name":"控股","description":"group2","status":1,"id":"438bf931-ad64-41cc-ac56-aea1d48f5e79","createdAt":1507517600358,"updatedAt":1507517600358,"version":0},{"name":"管委会","description":"group1","status":1,"id":"ddda55ea-2654-46a2-a4d2-ea1ca08b1e6a","createdAt":1507517600162,"updatedAt":1507517600162,"version":0}],"total":2}
*************** response log end ***************

[2017-10-12 10:31:24.246] [INFO] resLogger - 
*************** response log start ***************
request method: GET
request originalUrl:  /api/corporations/list?token=eyJhbGciOiJIUzI1NiIsInR5cCI6IkpXVCJ9.eyJkYXRhIjp7ImlkIjoiNDAxM2U5NDItY2FhNC00YTRmLWE0MzktOTc4YjIwYmQ2ZTc3IiwibmFtZSI6ImFkbWluIiwiZ2VuZGVyIjp0cnVlLCJlbWFpbCI6IjM3ODMzODYyN0BxcS5jb20ifSwiaWF0IjoxNTA3NzAyNDE2LCJleHAiOjE1MDc3ODg4MTZ9.nH_8zaT02K6coaXd8vKEIkueH_Kuh1TlesaAzc57oTY&group=438bf931-ad64-41cc-ac56-aea1d48f5e79
request client ip:  ::ffff:127.0.0.1
request query:  {"token":"eyJhbGciOiJIUzI1NiIsInR5cCI6IkpXVCJ9.eyJkYXRhIjp7ImlkIjoiNDAxM2U5NDItY2FhNC00YTRmLWE0MzktOTc4YjIwYmQ2ZTc3IiwibmFtZSI6ImFkbWluIiwiZ2VuZGVyIjp0cnVlLCJlbWFpbCI6IjM3ODMzODYyN0BxcS5jb20ifSwiaWF0IjoxNTA3NzAyNDE2LCJleHAiOjE1MDc3ODg4MTZ9.nH_8zaT02K6coaXd8vKEIkueH_Kuh1TlesaAzc57oTY","group":"438bf931-ad64-41cc-ac56-aea1d48f5e79"}
response time: 185
response status: 200
response body: 
{"status":0,"data":[{"name":"控股公司","description":"控股公司","status":1,"groupId":"438bf931-ad64-41cc-ac56-aea1d48f5e79","id":"6deaa164-6881-4dfc-8f17-b73b1f99f133","createdAt":1507517602024,"updatedAt":1507517602024,"version":0,"group":{"name":"控股","description":"group2","status":1,"id":"438bf931-ad64-41cc-ac56-aea1d48f5e79","createdAt":1507517600358,"updatedAt":1507517600358,"version":0}}],"total":1}
*************** response log end ***************

[2017-10-12 10:31:24.414] [INFO] resLogger - 
*************** response log start ***************
request method: GET
request originalUrl:  /api/corpBuildings/list/6deaa164-6881-4dfc-8f17-b73b1f99f133?token=eyJhbGciOiJIUzI1NiIsInR5cCI6IkpXVCJ9.eyJkYXRhIjp7ImlkIjoiNDAxM2U5NDItY2FhNC00YTRmLWE0MzktOTc4YjIwYmQ2ZTc3IiwibmFtZSI6ImFkbWluIiwiZ2VuZGVyIjp0cnVlLCJlbWFpbCI6IjM3ODMzODYyN0BxcS5jb20ifSwiaWF0IjoxNTA3NzAyNDE2LCJleHAiOjE1MDc3ODg4MTZ9.nH_8zaT02K6coaXd8vKEIkueH_Kuh1TlesaAzc57oTY
request client ip:  ::ffff:127.0.0.1
request query:  {"token":"eyJhbGciOiJIUzI1NiIsInR5cCI6IkpXVCJ9.eyJkYXRhIjp7ImlkIjoiNDAxM2U5NDItY2FhNC00YTRmLWE0MzktOTc4YjIwYmQ2ZTc3IiwibmFtZSI6ImFkbWluIiwiZ2VuZGVyIjp0cnVlLCJlbWFpbCI6IjM3ODMzODYyN0BxcS5jb20ifSwiaWF0IjoxNTA3NzAyNDE2LCJleHAiOjE1MDc3ODg4MTZ9.nH_8zaT02K6coaXd8vKEIkueH_Kuh1TlesaAzc57oTY"}
response time: 100
response status: 200
response body: 
{"status":0,"data":[{"corporationId":"6deaa164-6881-4dfc-8f17-b73b1f99f133","buildingId":"b7090d21-4f8f-44ff-849c-11ec1c1598eb","floor":7,"position":"A","status":1,"id":"72340177-c0b8-4cf6-8cb6-16abb0968cb2","createdAt":1507517602206,"updatedAt":1507517602206,"version":0,"building":{"name":"商务大厦南楼","address":"南","minfloor":1,"maxfloor":15,"status":1,"id":"b7090d21-4f8f-44ff-849c-11ec1c1598eb","createdAt":1507517600474,"updatedAt":1507517600474,"version":0}},{"corporationId":"6deaa164-6881-4dfc-8f17-b73b1f99f133","buildingId":"b7090d21-4f8f-44ff-849c-11ec1c1598eb","floor":6,"position":"A","status":1,"id":"349cef3e-e8a4-49ba-824c-e254196f7024","createdAt":1507517602113,"updatedAt":1507517602113,"version":0,"building":{"name":"商务大厦南楼","address":"南","minfloor":1,"maxfloor":15,"status":1,"id":"b7090d21-4f8f-44ff-849c-11ec1c1598eb","createdAt":1507517600474,"updatedAt":1507517600474,"version":0}}],"total":0}
*************** response log end ***************

[2017-10-12 10:31:24.506] [INFO] resLogger - 
*************** response log start ***************
request method: GET
request originalUrl:  /api/corporations/list?token=eyJhbGciOiJIUzI1NiIsInR5cCI6IkpXVCJ9.eyJkYXRhIjp7ImlkIjoiNDAxM2U5NDItY2FhNC00YTRmLWE0MzktOTc4YjIwYmQ2ZTc3IiwibmFtZSI6ImFkbWluIiwiZ2VuZGVyIjp0cnVlLCJlbWFpbCI6IjM3ODMzODYyN0BxcS5jb20ifSwiaWF0IjoxNTA3NzAyNDE2LCJleHAiOjE1MDc3ODg4MTZ9.nH_8zaT02K6coaXd8vKEIkueH_Kuh1TlesaAzc57oTY&group=438bf931-ad64-41cc-ac56-aea1d48f5e79
request client ip:  ::ffff:127.0.0.1
request query:  {"token":"eyJhbGciOiJIUzI1NiIsInR5cCI6IkpXVCJ9.eyJkYXRhIjp7ImlkIjoiNDAxM2U5NDItY2FhNC00YTRmLWE0MzktOTc4YjIwYmQ2ZTc3IiwibmFtZSI6ImFkbWluIiwiZ2VuZGVyIjp0cnVlLCJlbWFpbCI6IjM3ODMzODYyN0BxcS5jb20ifSwiaWF0IjoxNTA3NzAyNDE2LCJleHAiOjE1MDc3ODg4MTZ9.nH_8zaT02K6coaXd8vKEIkueH_Kuh1TlesaAzc57oTY","group":"438bf931-ad64-41cc-ac56-aea1d48f5e79"}
response time: 207
response status: 200
response body: 
{"status":0,"data":[{"name":"控股公司","description":"控股公司","status":1,"groupId":"438bf931-ad64-41cc-ac56-aea1d48f5e79","id":"6deaa164-6881-4dfc-8f17-b73b1f99f133","createdAt":1507517602024,"updatedAt":1507517602024,"version":0,"group":{"name":"控股","description":"group2","status":1,"id":"438bf931-ad64-41cc-ac56-aea1d48f5e79","createdAt":1507517600358,"updatedAt":1507517600358,"version":0}}],"total":1}
*************** response log end ***************

[2017-10-12 10:31:24.619] [INFO] resLogger - 
*************** response log start ***************
request method: GET
request originalUrl:  /api/corpBuildings/list/6deaa164-6881-4dfc-8f17-b73b1f99f133?token=eyJhbGciOiJIUzI1NiIsInR5cCI6IkpXVCJ9.eyJkYXRhIjp7ImlkIjoiNDAxM2U5NDItY2FhNC00YTRmLWE0MzktOTc4YjIwYmQ2ZTc3IiwibmFtZSI6ImFkbWluIiwiZ2VuZGVyIjp0cnVlLCJlbWFpbCI6IjM3ODMzODYyN0BxcS5jb20ifSwiaWF0IjoxNTA3NzAyNDE2LCJleHAiOjE1MDc3ODg4MTZ9.nH_8zaT02K6coaXd8vKEIkueH_Kuh1TlesaAzc57oTY
request client ip:  ::ffff:127.0.0.1
request query:  {"token":"eyJhbGciOiJIUzI1NiIsInR5cCI6IkpXVCJ9.eyJkYXRhIjp7ImlkIjoiNDAxM2U5NDItY2FhNC00YTRmLWE0MzktOTc4YjIwYmQ2ZTc3IiwibmFtZSI6ImFkbWluIiwiZ2VuZGVyIjp0cnVlLCJlbWFpbCI6IjM3ODMzODYyN0BxcS5jb20ifSwiaWF0IjoxNTA3NzAyNDE2LCJleHAiOjE1MDc3ODg4MTZ9.nH_8zaT02K6coaXd8vKEIkueH_Kuh1TlesaAzc57oTY"}
response time: 95
response status: 200
response body: 
{"status":0,"data":[{"corporationId":"6deaa164-6881-4dfc-8f17-b73b1f99f133","buildingId":"b7090d21-4f8f-44ff-849c-11ec1c1598eb","floor":7,"position":"A","status":1,"id":"72340177-c0b8-4cf6-8cb6-16abb0968cb2","createdAt":1507517602206,"updatedAt":1507517602206,"version":0,"building":{"name":"商务大厦南楼","address":"南","minfloor":1,"maxfloor":15,"status":1,"id":"b7090d21-4f8f-44ff-849c-11ec1c1598eb","createdAt":1507517600474,"updatedAt":1507517600474,"version":0}},{"corporationId":"6deaa164-6881-4dfc-8f17-b73b1f99f133","buildingId":"b7090d21-4f8f-44ff-849c-11ec1c1598eb","floor":6,"position":"A","status":1,"id":"349cef3e-e8a4-49ba-824c-e254196f7024","createdAt":1507517602113,"updatedAt":1507517602113,"version":0,"building":{"name":"商务大厦南楼","address":"南","minfloor":1,"maxfloor":15,"status":1,"id":"b7090d21-4f8f-44ff-849c-11ec1c1598eb","createdAt":1507517600474,"updatedAt":1507517600474,"version":0}}],"total":0}
*************** response log end ***************

[2017-10-12 10:31:24.909] [INFO] resLogger - 
*************** response log start ***************
request method: GET
request originalUrl:  /api/business/list?token=eyJhbGciOiJIUzI1NiIsInR5cCI6IkpXVCJ9.eyJkYXRhIjp7ImlkIjoiNDAxM2U5NDItY2FhNC00YTRmLWE0MzktOTc4YjIwYmQ2ZTc3IiwibmFtZSI6ImFkbWluIiwiZ2VuZGVyIjp0cnVlLCJlbWFpbCI6IjM3ODMzODYyN0BxcS5jb20ifSwiaWF0IjoxNTA3NzAyNDE2LCJleHAiOjE1MDc3ODg4MTZ9.nH_8zaT02K6coaXd8vKEIkueH_Kuh1TlesaAzc57oTY&type=NETWORK&equipment=IP%E5%9C%B0%E5%9D%80
request client ip:  ::ffff:127.0.0.1
request query:  {"token":"eyJhbGciOiJIUzI1NiIsInR5cCI6IkpXVCJ9.eyJkYXRhIjp7ImlkIjoiNDAxM2U5NDItY2FhNC00YTRmLWE0MzktOTc4YjIwYmQ2ZTc3IiwibmFtZSI6ImFkbWluIiwiZ2VuZGVyIjp0cnVlLCJlbWFpbCI6IjM3ODMzODYyN0BxcS5jb20ifSwiaWF0IjoxNTA3NzAyNDE2LCJleHAiOjE1MDc3ODg4MTZ9.nH_8zaT02K6coaXd8vKEIkueH_Kuh1TlesaAzc57oTY","type":"NETWORK","equipment":"IP地址"}
response time: 726
response status: 200
response body: 
{"status":0,"data":[{"type":"NETWORK","equipment":"IP地址","operation":"SET","weight":5,"remark":"","status":1,"id":"a4b189ae-80b2-4b66-a9a8-5268b14f118d","createdAt":1507517604819,"updatedAt":1507517604819,"version":0,"equiptypesname":"网络","equipopsname":"设置"},{"type":"NETWORK","equipment":"IP地址","operation":"CT","weight":5,"remark":"","status":1,"id":"8731f36a-01a7-405c-a15e-de8aebf183c7","createdAt":1507517604750,"updatedAt":1507517604750,"version":0,"equiptypesname":"网络","equipopsname":"冲突"}],"total":2}
*************** response log end ***************

[2017-10-12 10:31:29.259] [INFO] resLogger - 
*************** response log start ***************
request method: GET
request originalUrl:  /api/business/getequip/get/SOFTWARE?token=eyJhbGciOiJIUzI1NiIsInR5cCI6IkpXVCJ9.eyJkYXRhIjp7ImlkIjoiNDAxM2U5NDItY2FhNC00YTRmLWE0MzktOTc4YjIwYmQ2ZTc3IiwibmFtZSI6ImFkbWluIiwiZ2VuZGVyIjp0cnVlLCJlbWFpbCI6IjM3ODMzODYyN0BxcS5jb20ifSwiaWF0IjoxNTA3NzAyNDE2LCJleHAiOjE1MDc3ODg4MTZ9.nH_8zaT02K6coaXd8vKEIkueH_Kuh1TlesaAzc57oTY
request client ip:  ::ffff:127.0.0.1
request query:  {"token":"eyJhbGciOiJIUzI1NiIsInR5cCI6IkpXVCJ9.eyJkYXRhIjp7ImlkIjoiNDAxM2U5NDItY2FhNC00YTRmLWE0MzktOTc4YjIwYmQ2ZTc3IiwibmFtZSI6ImFkbWluIiwiZ2VuZGVyIjp0cnVlLCJlbWFpbCI6IjM3ODMzODYyN0BxcS5jb20ifSwiaWF0IjoxNTA3NzAyNDE2LCJleHAiOjE1MDc3ODg4MTZ9.nH_8zaT02K6coaXd8vKEIkueH_Kuh1TlesaAzc57oTY"}
response time: 113
response status: 200
response body: 
{"status":0,"data":[{"equipment":"WORD"},{"equipment":"浏览器"}]}
*************** response log end ***************

[2017-10-12 10:31:29.360] [INFO] resLogger - 
*************** response log start ***************
request method: GET
request originalUrl:  /api/business/list?token=eyJhbGciOiJIUzI1NiIsInR5cCI6IkpXVCJ9.eyJkYXRhIjp7ImlkIjoiNDAxM2U5NDItY2FhNC00YTRmLWE0MzktOTc4YjIwYmQ2ZTc3IiwibmFtZSI6ImFkbWluIiwiZ2VuZGVyIjp0cnVlLCJlbWFpbCI6IjM3ODMzODYyN0BxcS5jb20ifSwiaWF0IjoxNTA3NzAyNDE2LCJleHAiOjE1MDc3ODg4MTZ9.nH_8zaT02K6coaXd8vKEIkueH_Kuh1TlesaAzc57oTY&type=SOFTWARE&equipment=WORD
request client ip:  ::ffff:127.0.0.1
request query:  {"token":"eyJhbGciOiJIUzI1NiIsInR5cCI6IkpXVCJ9.eyJkYXRhIjp7ImlkIjoiNDAxM2U5NDItY2FhNC00YTRmLWE0MzktOTc4YjIwYmQ2ZTc3IiwibmFtZSI6ImFkbWluIiwiZ2VuZGVyIjp0cnVlLCJlbWFpbCI6IjM3ODMzODYyN0BxcS5jb20ifSwiaWF0IjoxNTA3NzAyNDE2LCJleHAiOjE1MDc3ODg4MTZ9.nH_8zaT02K6coaXd8vKEIkueH_Kuh1TlesaAzc57oTY","type":"SOFTWARE","equipment":"WORD"}
response time: 80
response status: 200
response body: 
{"status":0,"data":[{"type":"SOFTWARE","equipment":"WORD","operation":"FIX","weight":5,"remark":"","status":1,"id":"cf6f44a0-7716-4190-b08f-2f456b1136e9","createdAt":1507517605001,"updatedAt":1507517605001,"version":0,"equiptypesname":"软件","equipopsname":"故障"},{"type":"SOFTWARE","equipment":"WORD","operation":"SETUP","weight":5,"remark":"","status":1,"id":"38ecaf95-9972-4356-a558-3b33c9607fcd","createdAt":1507517604891,"updatedAt":1507517604891,"version":0,"equiptypesname":"软件","equipopsname":"安装"}],"total":2}
*************** response log end ***************

[2017-10-12 10:31:30.694] [INFO] resLogger - 
*************** response log start ***************
request method: GET
request originalUrl:  /api/business/list?token=eyJhbGciOiJIUzI1NiIsInR5cCI6IkpXVCJ9.eyJkYXRhIjp7ImlkIjoiNDAxM2U5NDItY2FhNC00YTRmLWE0MzktOTc4YjIwYmQ2ZTc3IiwibmFtZSI6ImFkbWluIiwiZ2VuZGVyIjp0cnVlLCJlbWFpbCI6IjM3ODMzODYyN0BxcS5jb20ifSwiaWF0IjoxNTA3NzAyNDE2LCJleHAiOjE1MDc3ODg4MTZ9.nH_8zaT02K6coaXd8vKEIkueH_Kuh1TlesaAzc57oTY&type=SOFTWARE&equipment=%E6%B5%8F%E8%A7%88%E5%99%A8
request client ip:  ::ffff:127.0.0.1
request query:  {"token":"eyJhbGciOiJIUzI1NiIsInR5cCI6IkpXVCJ9.eyJkYXRhIjp7ImlkIjoiNDAxM2U5NDItY2FhNC00YTRmLWE0MzktOTc4YjIwYmQ2ZTc3IiwibmFtZSI6ImFkbWluIiwiZ2VuZGVyIjp0cnVlLCJlbWFpbCI6IjM3ODMzODYyN0BxcS5jb20ifSwiaWF0IjoxNTA3NzAyNDE2LCJleHAiOjE1MDc3ODg4MTZ9.nH_8zaT02K6coaXd8vKEIkueH_Kuh1TlesaAzc57oTY","type":"SOFTWARE","equipment":"浏览器"}
response time: 64
response status: 200
response body: 
{"status":0,"data":[{"type":"SOFTWARE","equipment":"浏览器","operation":"FIX","weight":5,"remark":"","status":1,"id":"0217393a-7367-478f-b2eb-468146fb8702","createdAt":1507517604676,"updatedAt":1507517604676,"version":0,"equiptypesname":"软件","equipopsname":"故障"},{"type":"SOFTWARE","equipment":"浏览器","operation":"SETUP","weight":5,"remark":"","status":1,"id":"54aadf02-113a-4425-81e8-b162149c9b81","createdAt":1507517604568,"updatedAt":1507517604568,"version":0,"equiptypesname":"软件","equipopsname":"安装"}],"total":2}
*************** response log end ***************

[2017-10-12 10:59:53.205] [INFO] resLogger - 
*************** response log start ***************
request method: GET
request originalUrl:  /
request client ip:  ::ffff:127.0.0.1
request query:  {}
response time: 6
response status: 200
response body: 
{"name":"jwtError","status":10003,"message":"身份验证错误！"}
*************** response log end ***************

