[2017-08-30 10:04:56.555] [INFO] resLogger - 
*************** response log start ***************
request method: GET
request originalUrl:  /api/user/?token=eyJhbGciOiJIUzI1NiIsInR5cCI6IkpXVCJ9.eyJkYXRhIjp7ImlkIjoiZDBkNzE0NDctZjc2Zi00NDZmLTg2N2MtMDg3NTAwMTlhMDE2IiwibmFtZSI6ImFkbWluIiwiZ2VuZGVyIjp0cnVlLCJlbWFpbCI6IjM3ODMzODYyN0BxcS5jb20ifSwiaWF0IjoxNTA0MDU1NTI2LCJleHAiOjE1MDQxNDE5MjZ9.0IVM1jDVxxrgKcAxD6rDmvg0c5WTeavMMdIbfeRchbI
request client ip:  ::ffff:127.0.0.1
request query:  {"token":"eyJhbGciOiJIUzI1NiIsInR5cCI6IkpXVCJ9.eyJkYXRhIjp7ImlkIjoiZDBkNzE0NDctZjc2Zi00NDZmLTg2N2MtMDg3NTAwMTlhMDE2IiwibmFtZSI6ImFkbWluIiwiZ2VuZGVyIjp0cnVlLCJlbWFpbCI6IjM3ODMzODYyN0BxcS5jb20ifSwiaWF0IjoxNTA0MDU1NTI2LCJleHAiOjE1MDQxNDE5MjZ9.0IVM1jDVxxrgKcAxD6rDmvg0c5WTeavMMdIbfeRchbI"}
response time: 418
response status: 200
response body: 
{"status":0,"data":{"name":"admin","email":"378338627@qq.com","phone":"15822927208","password":"$2a$10$gC8KbRA6pMCVvD2irCuZb.dsh57qd88OwLfukMSQEnDY0Set3L81i","gender":true,"token":"eyJhbGciOiJIUzI1NiIsInR5cCI6IkpXVCJ9.eyJkYXRhIjp7ImlkIjoiZDBkNzE0NDctZjc2Zi00NDZmLTg2N2MtMDg3NTAwMTlhMDE2IiwibmFtZSI6ImFkbWluIiwiZ2VuZGVyIjp0cnVlLCJlbWFpbCI6IjM3ODMzODYyN0BxcS5jb20ifSwiaWF0IjoxNTA0MDU1NTI2LCJleHAiOjE1MDQxNDE5MjZ9.0IVM1jDVxxrgKcAxD6rDmvg0c5WTeavMMdIbfeRchbI","canLogin":true,"status":1,"id":"d0d71447-f76f-446f-867c-08750019a016","createdAt":1503625702903,"updatedAt":1504055526773,"version":4}}
*************** response log end ***************

[2017-08-30 10:04:57.288] [INFO] resLogger - 
*************** response log start ***************
request method: GET
request originalUrl:  /api/user/?token=eyJhbGciOiJIUzI1NiIsInR5cCI6IkpXVCJ9.eyJkYXRhIjp7ImlkIjoiZDBkNzE0NDctZjc2Zi00NDZmLTg2N2MtMDg3NTAwMTlhMDE2IiwibmFtZSI6ImFkbWluIiwiZ2VuZGVyIjp0cnVlLCJlbWFpbCI6IjM3ODMzODYyN0BxcS5jb20ifSwiaWF0IjoxNTA0MDU1NTI2LCJleHAiOjE1MDQxNDE5MjZ9.0IVM1jDVxxrgKcAxD6rDmvg0c5WTeavMMdIbfeRchbI
request client ip:  ::ffff:127.0.0.1
request query:  {"token":"eyJhbGciOiJIUzI1NiIsInR5cCI6IkpXVCJ9.eyJkYXRhIjp7ImlkIjoiZDBkNzE0NDctZjc2Zi00NDZmLTg2N2MtMDg3NTAwMTlhMDE2IiwibmFtZSI6ImFkbWluIiwiZ2VuZGVyIjp0cnVlLCJlbWFpbCI6IjM3ODMzODYyN0BxcS5jb20ifSwiaWF0IjoxNTA0MDU1NTI2LCJleHAiOjE1MDQxNDE5MjZ9.0IVM1jDVxxrgKcAxD6rDmvg0c5WTeavMMdIbfeRchbI"}
response time: 93
response status: 200
response body: 
{"status":0,"data":{"name":"admin","email":"378338627@qq.com","phone":"15822927208","password":"$2a$10$gC8KbRA6pMCVvD2irCuZb.dsh57qd88OwLfukMSQEnDY0Set3L81i","gender":true,"token":"eyJhbGciOiJIUzI1NiIsInR5cCI6IkpXVCJ9.eyJkYXRhIjp7ImlkIjoiZDBkNzE0NDctZjc2Zi00NDZmLTg2N2MtMDg3NTAwMTlhMDE2IiwibmFtZSI6ImFkbWluIiwiZ2VuZGVyIjp0cnVlLCJlbWFpbCI6IjM3ODMzODYyN0BxcS5jb20ifSwiaWF0IjoxNTA0MDU1NTI2LCJleHAiOjE1MDQxNDE5MjZ9.0IVM1jDVxxrgKcAxD6rDmvg0c5WTeavMMdIbfeRchbI","canLogin":true,"status":1,"id":"d0d71447-f76f-446f-867c-08750019a016","createdAt":1503625702903,"updatedAt":1504055526773,"version":4}}
*************** response log end ***************

[2017-08-30 10:04:57.415] [INFO] resLogger - 
*************** response log start ***************
request method: GET
request originalUrl:  /api/groups/list/page/1?token=eyJhbGciOiJIUzI1NiIsInR5cCI6IkpXVCJ9.eyJkYXRhIjp7ImlkIjoiZDBkNzE0NDctZjc2Zi00NDZmLTg2N2MtMDg3NTAwMTlhMDE2IiwibmFtZSI6ImFkbWluIiwiZ2VuZGVyIjp0cnVlLCJlbWFpbCI6IjM3ODMzODYyN0BxcS5jb20ifSwiaWF0IjoxNTA0MDU1NTI2LCJleHAiOjE1MDQxNDE5MjZ9.0IVM1jDVxxrgKcAxD6rDmvg0c5WTeavMMdIbfeRchbI
request client ip:  ::ffff:127.0.0.1
request query:  {"token":"eyJhbGciOiJIUzI1NiIsInR5cCI6IkpXVCJ9.eyJkYXRhIjp7ImlkIjoiZDBkNzE0NDctZjc2Zi00NDZmLTg2N2MtMDg3NTAwMTlhMDE2IiwibmFtZSI6ImFkbWluIiwiZ2VuZGVyIjp0cnVlLCJlbWFpbCI6IjM3ODMzODYyN0BxcS5jb20ifSwiaWF0IjoxNTA0MDU1NTI2LCJleHAiOjE1MDQxNDE5MjZ9.0IVM1jDVxxrgKcAxD6rDmvg0c5WTeavMMdIbfeRchbI"}
response time: 121
response status: 200
response body: 
{"status":0,"data":[],"total":0}
*************** response log end ***************

[2017-08-30 10:05:17.014] [INFO] resLogger - 
*************** response log start ***************
request method: OPTIONS
request originalUrl:  /api/groups/save?token=eyJhbGciOiJIUzI1NiIsInR5cCI6IkpXVCJ9.eyJkYXRhIjp7ImlkIjoiZDBkNzE0NDctZjc2Zi00NDZmLTg2N2MtMDg3NTAwMTlhMDE2IiwibmFtZSI6ImFkbWluIiwiZ2VuZGVyIjp0cnVlLCJlbWFpbCI6IjM3ODMzODYyN0BxcS5jb20ifSwiaWF0IjoxNTA0MDU1NTI2LCJleHAiOjE1MDQxNDE5MjZ9.0IVM1jDVxxrgKcAxD6rDmvg0c5WTeavMMdIbfeRchbI
request client ip:  ::ffff:127.0.0.1
request body: 
{}
response time: 4
response status: 204
response body: 
undefined
*************** response log end ***************

[2017-08-30 10:05:17.391] [INFO] resLogger - 
*************** response log start ***************
request method: POST
request originalUrl:  /api/groups/save?token=eyJhbGciOiJIUzI1NiIsInR5cCI6IkpXVCJ9.eyJkYXRhIjp7ImlkIjoiZDBkNzE0NDctZjc2Zi00NDZmLTg2N2MtMDg3NTAwMTlhMDE2IiwibmFtZSI6ImFkbWluIiwiZ2VuZGVyIjp0cnVlLCJlbWFpbCI6IjM3ODMzODYyN0BxcS5jb20ifSwiaWF0IjoxNTA0MDU1NTI2LCJleHAiOjE1MDQxNDE5MjZ9.0IVM1jDVxxrgKcAxD6rDmvg0c5WTeavMMdIbfeRchbI
request client ip:  ::ffff:127.0.0.1
request body: 
{"id":"","name":"警察","description":"正义的化身","status":1}
response time: 348
response status: 200
response body: 
{"status":0,"data":{"id":"7c3ce34a-022c-4dcb-a047-dc3470ab3445","name":"警察","description":"正义的化身","status":1,"createdAt":1504058717183,"updatedAt":1504058717183,"version":0},"message":"新增成功！"}
*************** response log end ***************

[2017-08-30 10:05:17.560] [INFO] resLogger - 
*************** response log start ***************
request method: GET
request originalUrl:  /api/groups/list/page/1?token=eyJhbGciOiJIUzI1NiIsInR5cCI6IkpXVCJ9.eyJkYXRhIjp7ImlkIjoiZDBkNzE0NDctZjc2Zi00NDZmLTg2N2MtMDg3NTAwMTlhMDE2IiwibmFtZSI6ImFkbWluIiwiZ2VuZGVyIjp0cnVlLCJlbWFpbCI6IjM3ODMzODYyN0BxcS5jb20ifSwiaWF0IjoxNTA0MDU1NTI2LCJleHAiOjE1MDQxNDE5MjZ9.0IVM1jDVxxrgKcAxD6rDmvg0c5WTeavMMdIbfeRchbI
request client ip:  ::ffff:127.0.0.1
request query:  {"token":"eyJhbGciOiJIUzI1NiIsInR5cCI6IkpXVCJ9.eyJkYXRhIjp7ImlkIjoiZDBkNzE0NDctZjc2Zi00NDZmLTg2N2MtMDg3NTAwMTlhMDE2IiwibmFtZSI6ImFkbWluIiwiZ2VuZGVyIjp0cnVlLCJlbWFpbCI6IjM3ODMzODYyN0BxcS5jb20ifSwiaWF0IjoxNTA0MDU1NTI2LCJleHAiOjE1MDQxNDE5MjZ9.0IVM1jDVxxrgKcAxD6rDmvg0c5WTeavMMdIbfeRchbI"}
response time: 121
response status: 200
response body: 
{"status":0,"data":[{"name":"警察","description":"正义的化身","status":1,"id":"7c3ce34a-022c-4dcb-a047-dc3470ab3445","createdAt":1504058717183,"updatedAt":1504058717183,"version":0}],"total":1}
*************** response log end ***************

[2017-08-30 10:05:31.015] [INFO] resLogger - 
*************** response log start ***************
request method: OPTIONS
request originalUrl:  /api/groups/save?token=eyJhbGciOiJIUzI1NiIsInR5cCI6IkpXVCJ9.eyJkYXRhIjp7ImlkIjoiZDBkNzE0NDctZjc2Zi00NDZmLTg2N2MtMDg3NTAwMTlhMDE2IiwibmFtZSI6ImFkbWluIiwiZ2VuZGVyIjp0cnVlLCJlbWFpbCI6IjM3ODMzODYyN0BxcS5jb20ifSwiaWF0IjoxNTA0MDU1NTI2LCJleHAiOjE1MDQxNDE5MjZ9.0IVM1jDVxxrgKcAxD6rDmvg0c5WTeavMMdIbfeRchbI
request client ip:  ::ffff:127.0.0.1
request body: 
{}
response time: 6
response status: 204
response body: 
undefined
*************** response log end ***************

[2017-08-30 10:05:31.321] [INFO] resLogger - 
*************** response log start ***************
request method: POST
request originalUrl:  /api/groups/save?token=eyJhbGciOiJIUzI1NiIsInR5cCI6IkpXVCJ9.eyJkYXRhIjp7ImlkIjoiZDBkNzE0NDctZjc2Zi00NDZmLTg2N2MtMDg3NTAwMTlhMDE2IiwibmFtZSI6ImFkbWluIiwiZ2VuZGVyIjp0cnVlLCJlbWFpbCI6IjM3ODMzODYyN0BxcS5jb20ifSwiaWF0IjoxNTA0MDU1NTI2LCJleHAiOjE1MDQxNDE5MjZ9.0IVM1jDVxxrgKcAxD6rDmvg0c5WTeavMMdIbfeRchbI
request client ip:  ::ffff:127.0.0.1
request body: 
{"id":"","name":"黑社会","description":"其实我们也做好事","status":1}
response time: 300
response status: 200
response body: 
{"status":0,"data":{"id":"86cd1d6c-394d-4c25-b3ca-f72174595ada","name":"黑社会","description":"其实我们也做好事","status":1,"createdAt":1504058731194,"updatedAt":1504058731194,"version":0},"message":"新增成功！"}
*************** response log end ***************

[2017-08-30 10:05:31.466] [INFO] resLogger - 
*************** response log start ***************
request method: GET
request originalUrl:  /api/groups/list/page/1?token=eyJhbGciOiJIUzI1NiIsInR5cCI6IkpXVCJ9.eyJkYXRhIjp7ImlkIjoiZDBkNzE0NDctZjc2Zi00NDZmLTg2N2MtMDg3NTAwMTlhMDE2IiwibmFtZSI6ImFkbWluIiwiZ2VuZGVyIjp0cnVlLCJlbWFpbCI6IjM3ODMzODYyN0BxcS5jb20ifSwiaWF0IjoxNTA0MDU1NTI2LCJleHAiOjE1MDQxNDE5MjZ9.0IVM1jDVxxrgKcAxD6rDmvg0c5WTeavMMdIbfeRchbI
request client ip:  ::ffff:127.0.0.1
request query:  {"token":"eyJhbGciOiJIUzI1NiIsInR5cCI6IkpXVCJ9.eyJkYXRhIjp7ImlkIjoiZDBkNzE0NDctZjc2Zi00NDZmLTg2N2MtMDg3NTAwMTlhMDE2IiwibmFtZSI6ImFkbWluIiwiZ2VuZGVyIjp0cnVlLCJlbWFpbCI6IjM3ODMzODYyN0BxcS5jb20ifSwiaWF0IjoxNTA0MDU1NTI2LCJleHAiOjE1MDQxNDE5MjZ9.0IVM1jDVxxrgKcAxD6rDmvg0c5WTeavMMdIbfeRchbI"}
response time: 90
response status: 200
response body: 
{"status":0,"data":[{"name":"黑社会","description":"其实我们也做好事","status":1,"id":"86cd1d6c-394d-4c25-b3ca-f72174595ada","createdAt":1504058731194,"updatedAt":1504058731194,"version":0},{"name":"警察","description":"正义的化身","status":1,"id":"7c3ce34a-022c-4dcb-a047-dc3470ab3445","createdAt":1504058717183,"updatedAt":1504058717183,"version":0}],"total":2}
*************** response log end ***************

[2017-08-30 10:05:35.540] [INFO] resLogger - 
*************** response log start ***************
request method: GET
request originalUrl:  /api/user/?token=eyJhbGciOiJIUzI1NiIsInR5cCI6IkpXVCJ9.eyJkYXRhIjp7ImlkIjoiZDBkNzE0NDctZjc2Zi00NDZmLTg2N2MtMDg3NTAwMTlhMDE2IiwibmFtZSI6ImFkbWluIiwiZ2VuZGVyIjp0cnVlLCJlbWFpbCI6IjM3ODMzODYyN0BxcS5jb20ifSwiaWF0IjoxNTA0MDU1NTI2LCJleHAiOjE1MDQxNDE5MjZ9.0IVM1jDVxxrgKcAxD6rDmvg0c5WTeavMMdIbfeRchbI
request client ip:  ::ffff:127.0.0.1
request query:  {"token":"eyJhbGciOiJIUzI1NiIsInR5cCI6IkpXVCJ9.eyJkYXRhIjp7ImlkIjoiZDBkNzE0NDctZjc2Zi00NDZmLTg2N2MtMDg3NTAwMTlhMDE2IiwibmFtZSI6ImFkbWluIiwiZ2VuZGVyIjp0cnVlLCJlbWFpbCI6IjM3ODMzODYyN0BxcS5jb20ifSwiaWF0IjoxNTA0MDU1NTI2LCJleHAiOjE1MDQxNDE5MjZ9.0IVM1jDVxxrgKcAxD6rDmvg0c5WTeavMMdIbfeRchbI"}
response time: 59
response status: 200
response body: 
{"status":0,"data":{"name":"admin","email":"378338627@qq.com","phone":"15822927208","password":"$2a$10$gC8KbRA6pMCVvD2irCuZb.dsh57qd88OwLfukMSQEnDY0Set3L81i","gender":true,"token":"eyJhbGciOiJIUzI1NiIsInR5cCI6IkpXVCJ9.eyJkYXRhIjp7ImlkIjoiZDBkNzE0NDctZjc2Zi00NDZmLTg2N2MtMDg3NTAwMTlhMDE2IiwibmFtZSI6ImFkbWluIiwiZ2VuZGVyIjp0cnVlLCJlbWFpbCI6IjM3ODMzODYyN0BxcS5jb20ifSwiaWF0IjoxNTA0MDU1NTI2LCJleHAiOjE1MDQxNDE5MjZ9.0IVM1jDVxxrgKcAxD6rDmvg0c5WTeavMMdIbfeRchbI","canLogin":true,"status":1,"id":"d0d71447-f76f-446f-867c-08750019a016","createdAt":1503625702903,"updatedAt":1504055526773,"version":4}}
*************** response log end ***************

[2017-08-30 10:05:35.733] [INFO] resLogger - 
*************** response log start ***************
request method: GET
request originalUrl:  /api/corporations/list/page/1?token=eyJhbGciOiJIUzI1NiIsInR5cCI6IkpXVCJ9.eyJkYXRhIjp7ImlkIjoiZDBkNzE0NDctZjc2Zi00NDZmLTg2N2MtMDg3NTAwMTlhMDE2IiwibmFtZSI6ImFkbWluIiwiZ2VuZGVyIjp0cnVlLCJlbWFpbCI6IjM3ODMzODYyN0BxcS5jb20ifSwiaWF0IjoxNTA0MDU1NTI2LCJleHAiOjE1MDQxNDE5MjZ9.0IVM1jDVxxrgKcAxD6rDmvg0c5WTeavMMdIbfeRchbI
request client ip:  ::ffff:127.0.0.1
request query:  {"token":"eyJhbGciOiJIUzI1NiIsInR5cCI6IkpXVCJ9.eyJkYXRhIjp7ImlkIjoiZDBkNzE0NDctZjc2Zi00NDZmLTg2N2MtMDg3NTAwMTlhMDE2IiwibmFtZSI6ImFkbWluIiwiZ2VuZGVyIjp0cnVlLCJlbWFpbCI6IjM3ODMzODYyN0BxcS5jb20ifSwiaWF0IjoxNTA0MDU1NTI2LCJleHAiOjE1MDQxNDE5MjZ9.0IVM1jDVxxrgKcAxD6rDmvg0c5WTeavMMdIbfeRchbI"}
response time: 192
response status: 200
response body: 
{"status":0,"data":[],"total":0}
*************** response log end ***************

[2017-08-30 10:05:36.707] [INFO] resLogger - 
*************** response log start ***************
request method: GET
request originalUrl:  /api/groups/list?token=eyJhbGciOiJIUzI1NiIsInR5cCI6IkpXVCJ9.eyJkYXRhIjp7ImlkIjoiZDBkNzE0NDctZjc2Zi00NDZmLTg2N2MtMDg3NTAwMTlhMDE2IiwibmFtZSI6ImFkbWluIiwiZ2VuZGVyIjp0cnVlLCJlbWFpbCI6IjM3ODMzODYyN0BxcS5jb20ifSwiaWF0IjoxNTA0MDU1NTI2LCJleHAiOjE1MDQxNDE5MjZ9.0IVM1jDVxxrgKcAxD6rDmvg0c5WTeavMMdIbfeRchbI
request client ip:  ::ffff:127.0.0.1
request query:  {"token":"eyJhbGciOiJIUzI1NiIsInR5cCI6IkpXVCJ9.eyJkYXRhIjp7ImlkIjoiZDBkNzE0NDctZjc2Zi00NDZmLTg2N2MtMDg3NTAwMTlhMDE2IiwibmFtZSI6ImFkbWluIiwiZ2VuZGVyIjp0cnVlLCJlbWFpbCI6IjM3ODMzODYyN0BxcS5jb20ifSwiaWF0IjoxNTA0MDU1NTI2LCJleHAiOjE1MDQxNDE5MjZ9.0IVM1jDVxxrgKcAxD6rDmvg0c5WTeavMMdIbfeRchbI"}
response time: 77
response status: 200
response body: 
{"status":0,"data":[{"name":"黑社会","description":"其实我们也做好事","status":1,"id":"86cd1d6c-394d-4c25-b3ca-f72174595ada","createdAt":1504058731194,"updatedAt":1504058731194,"version":0},{"name":"警察","description":"正义的化身","status":1,"id":"7c3ce34a-022c-4dcb-a047-dc3470ab3445","createdAt":1504058717183,"updatedAt":1504058717183,"version":0}],"total":2}
*************** response log end ***************

[2017-08-30 10:06:17.144] [INFO] resLogger - 
*************** response log start ***************
request method: OPTIONS
request originalUrl:  /api/corporations/save?token=eyJhbGciOiJIUzI1NiIsInR5cCI6IkpXVCJ9.eyJkYXRhIjp7ImlkIjoiZDBkNzE0NDctZjc2Zi00NDZmLTg2N2MtMDg3NTAwMTlhMDE2IiwibmFtZSI6ImFkbWluIiwiZ2VuZGVyIjp0cnVlLCJlbWFpbCI6IjM3ODMzODYyN0BxcS5jb20ifSwiaWF0IjoxNTA0MDU1NTI2LCJleHAiOjE1MDQxNDE5MjZ9.0IVM1jDVxxrgKcAxD6rDmvg0c5WTeavMMdIbfeRchbI
request client ip:  ::ffff:127.0.0.1
request body: 
{}
response time: 4
response status: 204
response body: 
undefined
*************** response log end ***************

[2017-08-30 10:06:17.414] [INFO] resLogger - 
*************** response log start ***************
request method: POST
request originalUrl:  /api/corporations/save?token=eyJhbGciOiJIUzI1NiIsInR5cCI6IkpXVCJ9.eyJkYXRhIjp7ImlkIjoiZDBkNzE0NDctZjc2Zi00NDZmLTg2N2MtMDg3NTAwMTlhMDE2IiwibmFtZSI6ImFkbWluIiwiZ2VuZGVyIjp0cnVlLCJlbWFpbCI6IjM3ODMzODYyN0BxcS5jb20ifSwiaWF0IjoxNTA0MDU1NTI2LCJleHAiOjE1MDQxNDE5MjZ9.0IVM1jDVxxrgKcAxD6rDmvg0c5WTeavMMdIbfeRchbI
request client ip:  ::ffff:127.0.0.1
request body: 
{"id":"","name":"警局","description":"警察窝","groupId":"7c3ce34a-022c-4dcb-a047-dc3470ab3445","status":1}
response time: 264
response status: 200
response body: 
{"status":0,"data":{"id":"ff5f8d0c-94e6-4a9e-ac17-4eb90c3248ea","name":"警局","description":"警察窝","groupId":"7c3ce34a-022c-4dcb-a047-dc3470ab3445","status":1,"createdAt":1504058777269,"updatedAt":1504058777269,"version":0},"message":"新增成功！"}
*************** response log end ***************

[2017-08-30 10:06:17.569] [INFO] resLogger - 
*************** response log start ***************
request method: GET
request originalUrl:  /api/corporations/list/page/1?token=eyJhbGciOiJIUzI1NiIsInR5cCI6IkpXVCJ9.eyJkYXRhIjp7ImlkIjoiZDBkNzE0NDctZjc2Zi00NDZmLTg2N2MtMDg3NTAwMTlhMDE2IiwibmFtZSI6ImFkbWluIiwiZ2VuZGVyIjp0cnVlLCJlbWFpbCI6IjM3ODMzODYyN0BxcS5jb20ifSwiaWF0IjoxNTA0MDU1NTI2LCJleHAiOjE1MDQxNDE5MjZ9.0IVM1jDVxxrgKcAxD6rDmvg0c5WTeavMMdIbfeRchbI
request client ip:  ::ffff:127.0.0.1
request query:  {"token":"eyJhbGciOiJIUzI1NiIsInR5cCI6IkpXVCJ9.eyJkYXRhIjp7ImlkIjoiZDBkNzE0NDctZjc2Zi00NDZmLTg2N2MtMDg3NTAwMTlhMDE2IiwibmFtZSI6ImFkbWluIiwiZ2VuZGVyIjp0cnVlLCJlbWFpbCI6IjM3ODMzODYyN0BxcS5jb20ifSwiaWF0IjoxNTA0MDU1NTI2LCJleHAiOjE1MDQxNDE5MjZ9.0IVM1jDVxxrgKcAxD6rDmvg0c5WTeavMMdIbfeRchbI"}
response time: 102
response status: 200
response body: 
{"status":0,"data":[{"name":"警局","description":"警察窝","status":1,"groupId":"7c3ce34a-022c-4dcb-a047-dc3470ab3445","id":"ff5f8d0c-94e6-4a9e-ac17-4eb90c3248ea","createdAt":1504058777269,"updatedAt":1504058777269,"version":0,"group":{"name":"警察","description":"正义的化身","status":1,"id":"7c3ce34a-022c-4dcb-a047-dc3470ab3445","createdAt":1504058717183,"updatedAt":1504058717183,"version":0}}],"total":1}
*************** response log end ***************

[2017-08-30 10:06:21.777] [INFO] resLogger - 
*************** response log start ***************
request method: GET
request originalUrl:  /api/groups/list?token=eyJhbGciOiJIUzI1NiIsInR5cCI6IkpXVCJ9.eyJkYXRhIjp7ImlkIjoiZDBkNzE0NDctZjc2Zi00NDZmLTg2N2MtMDg3NTAwMTlhMDE2IiwibmFtZSI6ImFkbWluIiwiZ2VuZGVyIjp0cnVlLCJlbWFpbCI6IjM3ODMzODYyN0BxcS5jb20ifSwiaWF0IjoxNTA0MDU1NTI2LCJleHAiOjE1MDQxNDE5MjZ9.0IVM1jDVxxrgKcAxD6rDmvg0c5WTeavMMdIbfeRchbI
request client ip:  ::ffff:127.0.0.1
request query:  {"token":"eyJhbGciOiJIUzI1NiIsInR5cCI6IkpXVCJ9.eyJkYXRhIjp7ImlkIjoiZDBkNzE0NDctZjc2Zi00NDZmLTg2N2MtMDg3NTAwMTlhMDE2IiwibmFtZSI6ImFkbWluIiwiZ2VuZGVyIjp0cnVlLCJlbWFpbCI6IjM3ODMzODYyN0BxcS5jb20ifSwiaWF0IjoxNTA0MDU1NTI2LCJleHAiOjE1MDQxNDE5MjZ9.0IVM1jDVxxrgKcAxD6rDmvg0c5WTeavMMdIbfeRchbI"}
response time: 95
response status: 200
response body: 
{"status":0,"data":[{"name":"黑社会","description":"其实我们也做好事","status":1,"id":"86cd1d6c-394d-4c25-b3ca-f72174595ada","createdAt":1504058731194,"updatedAt":1504058731194,"version":0},{"name":"警察","description":"正义的化身","status":1,"id":"7c3ce34a-022c-4dcb-a047-dc3470ab3445","createdAt":1504058717183,"updatedAt":1504058717183,"version":0}],"total":2}
*************** response log end ***************

[2017-08-30 10:06:33.928] [INFO] resLogger - 
*************** response log start ***************
request method: OPTIONS
request originalUrl:  /api/corporations/save?token=eyJhbGciOiJIUzI1NiIsInR5cCI6IkpXVCJ9.eyJkYXRhIjp7ImlkIjoiZDBkNzE0NDctZjc2Zi00NDZmLTg2N2MtMDg3NTAwMTlhMDE2IiwibmFtZSI6ImFkbWluIiwiZ2VuZGVyIjp0cnVlLCJlbWFpbCI6IjM3ODMzODYyN0BxcS5jb20ifSwiaWF0IjoxNTA0MDU1NTI2LCJleHAiOjE1MDQxNDE5MjZ9.0IVM1jDVxxrgKcAxD6rDmvg0c5WTeavMMdIbfeRchbI
request client ip:  ::ffff:127.0.0.1
request body: 
{}
response time: 6
response status: 204
response body: 
undefined
*************** response log end ***************

[2017-08-30 10:06:34.119] [INFO] resLogger - 
*************** response log start ***************
request method: POST
request originalUrl:  /api/corporations/save?token=eyJhbGciOiJIUzI1NiIsInR5cCI6IkpXVCJ9.eyJkYXRhIjp7ImlkIjoiZDBkNzE0NDctZjc2Zi00NDZmLTg2N2MtMDg3NTAwMTlhMDE2IiwibmFtZSI6ImFkbWluIiwiZ2VuZGVyIjp0cnVlLCJlbWFpbCI6IjM3ODMzODYyN0BxcS5jb20ifSwiaWF0IjoxNTA0MDU1NTI2LCJleHAiOjE1MDQxNDE5MjZ9.0IVM1jDVxxrgKcAxD6rDmvg0c5WTeavMMdIbfeRchbI
request client ip:  ::ffff:127.0.0.1
request body: 
{"id":"","name":"保安局","description":"。。。","groupId":"7c3ce34a-022c-4dcb-a047-dc3470ab3445","status":1}
response time: 186
response status: 200
response body: 
{"status":0,"data":{"id":"dba88625-7ab1-43c2-b607-78060fc17d24","name":"保安局","description":"。。。","groupId":"7c3ce34a-022c-4dcb-a047-dc3470ab3445","status":1,"createdAt":1504058794019,"updatedAt":1504058794019,"version":0},"message":"新增成功！"}
*************** response log end ***************

[2017-08-30 10:06:34.324] [INFO] resLogger - 
*************** response log start ***************
request method: GET
request originalUrl:  /api/corporations/list/page/1?token=eyJhbGciOiJIUzI1NiIsInR5cCI6IkpXVCJ9.eyJkYXRhIjp7ImlkIjoiZDBkNzE0NDctZjc2Zi00NDZmLTg2N2MtMDg3NTAwMTlhMDE2IiwibmFtZSI6ImFkbWluIiwiZ2VuZGVyIjp0cnVlLCJlbWFpbCI6IjM3ODMzODYyN0BxcS5jb20ifSwiaWF0IjoxNTA0MDU1NTI2LCJleHAiOjE1MDQxNDE5MjZ9.0IVM1jDVxxrgKcAxD6rDmvg0c5WTeavMMdIbfeRchbI
request client ip:  ::ffff:127.0.0.1
request query:  {"token":"eyJhbGciOiJIUzI1NiIsInR5cCI6IkpXVCJ9.eyJkYXRhIjp7ImlkIjoiZDBkNzE0NDctZjc2Zi00NDZmLTg2N2MtMDg3NTAwMTlhMDE2IiwibmFtZSI6ImFkbWluIiwiZ2VuZGVyIjp0cnVlLCJlbWFpbCI6IjM3ODMzODYyN0BxcS5jb20ifSwiaWF0IjoxNTA0MDU1NTI2LCJleHAiOjE1MDQxNDE5MjZ9.0IVM1jDVxxrgKcAxD6rDmvg0c5WTeavMMdIbfeRchbI"}
response time: 155
response status: 200
response body: 
{"status":0,"data":[{"name":"保安局","description":"。。。","status":1,"groupId":"7c3ce34a-022c-4dcb-a047-dc3470ab3445","id":"dba88625-7ab1-43c2-b607-78060fc17d24","createdAt":1504058794019,"updatedAt":1504058794019,"version":0,"group":{"name":"警察","description":"正义的化身","status":1,"id":"7c3ce34a-022c-4dcb-a047-dc3470ab3445","createdAt":1504058717183,"updatedAt":1504058717183,"version":0}},{"name":"警局","description":"警察窝","status":1,"groupId":"7c3ce34a-022c-4dcb-a047-dc3470ab3445","id":"ff5f8d0c-94e6-4a9e-ac17-4eb90c3248ea","createdAt":1504058777269,"updatedAt":1504058777269,"version":0,"group":{"name":"警察","description":"正义的化身","status":1,"id":"7c3ce34a-022c-4dcb-a047-dc3470ab3445","createdAt":1504058717183,"updatedAt":1504058717183,"version":0}}],"total":2}
*************** response log end ***************

[2017-08-30 10:06:38.676] [INFO] resLogger - 
*************** response log start ***************
request method: GET
request originalUrl:  /api/groups/list?token=eyJhbGciOiJIUzI1NiIsInR5cCI6IkpXVCJ9.eyJkYXRhIjp7ImlkIjoiZDBkNzE0NDctZjc2Zi00NDZmLTg2N2MtMDg3NTAwMTlhMDE2IiwibmFtZSI6ImFkbWluIiwiZ2VuZGVyIjp0cnVlLCJlbWFpbCI6IjM3ODMzODYyN0BxcS5jb20ifSwiaWF0IjoxNTA0MDU1NTI2LCJleHAiOjE1MDQxNDE5MjZ9.0IVM1jDVxxrgKcAxD6rDmvg0c5WTeavMMdIbfeRchbI
request client ip:  ::ffff:127.0.0.1
request query:  {"token":"eyJhbGciOiJIUzI1NiIsInR5cCI6IkpXVCJ9.eyJkYXRhIjp7ImlkIjoiZDBkNzE0NDctZjc2Zi00NDZmLTg2N2MtMDg3NTAwMTlhMDE2IiwibmFtZSI6ImFkbWluIiwiZ2VuZGVyIjp0cnVlLCJlbWFpbCI6IjM3ODMzODYyN0BxcS5jb20ifSwiaWF0IjoxNTA0MDU1NTI2LCJleHAiOjE1MDQxNDE5MjZ9.0IVM1jDVxxrgKcAxD6rDmvg0c5WTeavMMdIbfeRchbI"}
response time: 89
response status: 200
response body: 
{"status":0,"data":[{"name":"黑社会","description":"其实我们也做好事","status":1,"id":"86cd1d6c-394d-4c25-b3ca-f72174595ada","createdAt":1504058731194,"updatedAt":1504058731194,"version":0},{"name":"警察","description":"正义的化身","status":1,"id":"7c3ce34a-022c-4dcb-a047-dc3470ab3445","createdAt":1504058717183,"updatedAt":1504058717183,"version":0}],"total":2}
*************** response log end ***************

[2017-08-30 10:06:48.495] [INFO] resLogger - 
*************** response log start ***************
request method: OPTIONS
request originalUrl:  /api/corporations/save?token=eyJhbGciOiJIUzI1NiIsInR5cCI6IkpXVCJ9.eyJkYXRhIjp7ImlkIjoiZDBkNzE0NDctZjc2Zi00NDZmLTg2N2MtMDg3NTAwMTlhMDE2IiwibmFtZSI6ImFkbWluIiwiZ2VuZGVyIjp0cnVlLCJlbWFpbCI6IjM3ODMzODYyN0BxcS5jb20ifSwiaWF0IjoxNTA0MDU1NTI2LCJleHAiOjE1MDQxNDE5MjZ9.0IVM1jDVxxrgKcAxD6rDmvg0c5WTeavMMdIbfeRchbI
request client ip:  ::ffff:127.0.0.1
request body: 
{}
response time: 4
response status: 204
response body: 
undefined
*************** response log end ***************

[2017-08-30 10:06:48.743] [INFO] resLogger - 
*************** response log start ***************
request method: POST
request originalUrl:  /api/corporations/save?token=eyJhbGciOiJIUzI1NiIsInR5cCI6IkpXVCJ9.eyJkYXRhIjp7ImlkIjoiZDBkNzE0NDctZjc2Zi00NDZmLTg2N2MtMDg3NTAwMTlhMDE2IiwibmFtZSI6ImFkbWluIiwiZ2VuZGVyIjp0cnVlLCJlbWFpbCI6IjM3ODMzODYyN0BxcS5jb20ifSwiaWF0IjoxNTA0MDU1NTI2LCJleHAiOjE1MDQxNDE5MjZ9.0IVM1jDVxxrgKcAxD6rDmvg0c5WTeavMMdIbfeRchbI
request client ip:  ::ffff:127.0.0.1
request body: 
{"id":"","name":"廉政公署","description":"找事儿","groupId":"7c3ce34a-022c-4dcb-a047-dc3470ab3445","status":1}
response time: 241
response status: 200
response body: 
{"status":0,"data":{"id":"0bfd1d13-6160-4bf5-be24-34e9beebeb1c","name":"廉政公署","description":"找事儿","groupId":"7c3ce34a-022c-4dcb-a047-dc3470ab3445","status":1,"createdAt":1504058808633,"updatedAt":1504058808633,"version":0},"message":"新增成功！"}
*************** response log end ***************

[2017-08-30 10:06:48.908] [INFO] resLogger - 
*************** response log start ***************
request method: GET
request originalUrl:  /api/corporations/list/page/1?token=eyJhbGciOiJIUzI1NiIsInR5cCI6IkpXVCJ9.eyJkYXRhIjp7ImlkIjoiZDBkNzE0NDctZjc2Zi00NDZmLTg2N2MtMDg3NTAwMTlhMDE2IiwibmFtZSI6ImFkbWluIiwiZ2VuZGVyIjp0cnVlLCJlbWFpbCI6IjM3ODMzODYyN0BxcS5jb20ifSwiaWF0IjoxNTA0MDU1NTI2LCJleHAiOjE1MDQxNDE5MjZ9.0IVM1jDVxxrgKcAxD6rDmvg0c5WTeavMMdIbfeRchbI
request client ip:  ::ffff:127.0.0.1
request query:  {"token":"eyJhbGciOiJIUzI1NiIsInR5cCI6IkpXVCJ9.eyJkYXRhIjp7ImlkIjoiZDBkNzE0NDctZjc2Zi00NDZmLTg2N2MtMDg3NTAwMTlhMDE2IiwibmFtZSI6ImFkbWluIiwiZ2VuZGVyIjp0cnVlLCJlbWFpbCI6IjM3ODMzODYyN0BxcS5jb20ifSwiaWF0IjoxNTA0MDU1NTI2LCJleHAiOjE1MDQxNDE5MjZ9.0IVM1jDVxxrgKcAxD6rDmvg0c5WTeavMMdIbfeRchbI"}
response time: 102
response status: 200
response body: 
{"status":0,"data":[{"name":"廉政公署","description":"找事儿","status":1,"groupId":"7c3ce34a-022c-4dcb-a047-dc3470ab3445","id":"0bfd1d13-6160-4bf5-be24-34e9beebeb1c","createdAt":1504058808633,"updatedAt":1504058808633,"version":0,"group":{"name":"警察","description":"正义的化身","status":1,"id":"7c3ce34a-022c-4dcb-a047-dc3470ab3445","createdAt":1504058717183,"updatedAt":1504058717183,"version":0}},{"name":"保安局","description":"。。。","status":1,"groupId":"7c3ce34a-022c-4dcb-a047-dc3470ab3445","id":"dba88625-7ab1-43c2-b607-78060fc17d24","createdAt":1504058794019,"updatedAt":1504058794019,"version":0,"group":{"name":"警察","description":"正义的化身","status":1,"id":"7c3ce34a-022c-4dcb-a047-dc3470ab3445","createdAt":1504058717183,"updatedAt":1504058717183,"version":0}},{"name":"警局","description":"警察窝","status":1,"groupId":"7c3ce34a-022c-4dcb-a047-dc3470ab3445","id":"ff5f8d0c-94e6-4a9e-ac17-4eb90c3248ea","createdAt":1504058777269,"updatedAt":1504058777269,"version":0,"group":{"name":"警察","description":"正义的化身","status":1,"id":"7c3ce34a-022c-4dcb-a047-dc3470ab3445","createdAt":1504058717183,"updatedAt":1504058717183,"version":0}}],"total":3}
*************** response log end ***************

[2017-08-30 10:06:51.593] [INFO] resLogger - 
*************** response log start ***************
request method: GET
request originalUrl:  /api/groups/list?token=eyJhbGciOiJIUzI1NiIsInR5cCI6IkpXVCJ9.eyJkYXRhIjp7ImlkIjoiZDBkNzE0NDctZjc2Zi00NDZmLTg2N2MtMDg3NTAwMTlhMDE2IiwibmFtZSI6ImFkbWluIiwiZ2VuZGVyIjp0cnVlLCJlbWFpbCI6IjM3ODMzODYyN0BxcS5jb20ifSwiaWF0IjoxNTA0MDU1NTI2LCJleHAiOjE1MDQxNDE5MjZ9.0IVM1jDVxxrgKcAxD6rDmvg0c5WTeavMMdIbfeRchbI
request client ip:  ::ffff:127.0.0.1
request query:  {"token":"eyJhbGciOiJIUzI1NiIsInR5cCI6IkpXVCJ9.eyJkYXRhIjp7ImlkIjoiZDBkNzE0NDctZjc2Zi00NDZmLTg2N2MtMDg3NTAwMTlhMDE2IiwibmFtZSI6ImFkbWluIiwiZ2VuZGVyIjp0cnVlLCJlbWFpbCI6IjM3ODMzODYyN0BxcS5jb20ifSwiaWF0IjoxNTA0MDU1NTI2LCJleHAiOjE1MDQxNDE5MjZ9.0IVM1jDVxxrgKcAxD6rDmvg0c5WTeavMMdIbfeRchbI"}
response time: 67
response status: 200
response body: 
{"status":0,"data":[{"name":"黑社会","description":"其实我们也做好事","status":1,"id":"86cd1d6c-394d-4c25-b3ca-f72174595ada","createdAt":1504058731194,"updatedAt":1504058731194,"version":0},{"name":"警察","description":"正义的化身","status":1,"id":"7c3ce34a-022c-4dcb-a047-dc3470ab3445","createdAt":1504058717183,"updatedAt":1504058717183,"version":0}],"total":2}
*************** response log end ***************

