[2017-11-02 08:56:45.853] [INFO] resLogger - 
*************** response log start ***************
request method: GET
request originalUrl:  /api/user/?token=eyJhbGciOiJIUzI1NiIsInR5cCI6IkpXVCJ9.eyJkYXRhIjp7ImlkIjoiMWFkODM2OTAtOGMxMC00MzM3LTk2MjktNWNmMmI4YTJhZjgwIiwibmFtZSI6ImFkbWluIiwiZ2VuZGVyIjp0cnVlLCJlbWFpbCI6IjM3ODMzODYyN0BxcS5jb20ifSwiaWF0IjoxNTA5NTA3NzY5LCJleHAiOjE1MDk1OTQxNjl9.72PhJydr9XGwiK-tJ6ej8nLpk2b-rPp4O5Zc2R1pIJQ
request client ip:  ::ffff:127.0.0.1
request query:  {"token":"eyJhbGciOiJIUzI1NiIsInR5cCI6IkpXVCJ9.eyJkYXRhIjp7ImlkIjoiMWFkODM2OTAtOGMxMC00MzM3LTk2MjktNWNmMmI4YTJhZjgwIiwibmFtZSI6ImFkbWluIiwiZ2VuZGVyIjp0cnVlLCJlbWFpbCI6IjM3ODMzODYyN0BxcS5jb20ifSwiaWF0IjoxNTA5NTA3NzY5LCJleHAiOjE1MDk1OTQxNjl9.72PhJydr9XGwiK-tJ6ej8nLpk2b-rPp4O5Zc2R1pIJQ"}
response time: 1310
response status: 200
response body: 
{"status":0,"data":{"name":"admin","email":"378338627@qq.com","phone":"15822927208","password":"$2a$10$FTTsr0P8vHgxEtFTs7FTHuLS9EEEL34CkH.wE8UDet0MdQ7Hs4l5e","gender":true,"token":"eyJhbGciOiJIUzI1NiIsInR5cCI6IkpXVCJ9.eyJkYXRhIjp7ImlkIjoiMWFkODM2OTAtOGMxMC00MzM3LTk2MjktNWNmMmI4YTJhZjgwIiwibmFtZSI6ImFkbWluIiwiZ2VuZGVyIjp0cnVlLCJlbWFpbCI6IjM3ODMzODYyN0BxcS5jb20ifSwiaWF0IjoxNTA5NTA3NzY5LCJleHAiOjE1MDk1OTQxNjl9.72PhJydr9XGwiK-tJ6ej8nLpk2b-rPp4O5Zc2R1pIJQ","canLogin":true,"status":1,"id":"1ad83690-8c10-4337-9629-5cf2b8a2af80","createdAt":1508374808809,"updatedAt":1509507769403,"version":45}}
*************** response log end ***************

[2017-11-02 08:57:41.398] [INFO] resLogger - 
*************** response log start ***************
request method: GET
request originalUrl:  /api/order/list/page/1?token=eyJhbGciOiJIUzI1NiIsInR5cCI6IkpXVCJ9.eyJkYXRhIjp7ImlkIjoiMWFkODM2OTAtOGMxMC00MzM3LTk2MjktNWNmMmI4YTJhZjgwIiwibmFtZSI6ImFkbWluIiwiZ2VuZGVyIjp0cnVlLCJlbWFpbCI6IjM3ODMzODYyN0BxcS5jb20ifSwiaWF0IjoxNTA5NTA3NzY5LCJleHAiOjE1MDk1OTQxNjl9.72PhJydr9XGwiK-tJ6ej8nLpk2b-rPp4O5Zc2R1pIJQ
request client ip:  ::ffff:127.0.0.1
request query:  {"token":"eyJhbGciOiJIUzI1NiIsInR5cCI6IkpXVCJ9.eyJkYXRhIjp7ImlkIjoiMWFkODM2OTAtOGMxMC00MzM3LTk2MjktNWNmMmI4YTJhZjgwIiwibmFtZSI6ImFkbWluIiwiZ2VuZGVyIjp0cnVlLCJlbWFpbCI6IjM3ODMzODYyN0BxcS5jb20ifSwiaWF0IjoxNTA5NTA3NzY5LCJleHAiOjE1MDk1OTQxNjl9.72PhJydr9XGwiK-tJ6ej8nLpk2b-rPp4O5Zc2R1pIJQ"}
response time: 169
response status: 200
response body: 
{"status":0,"data":[],"total":0}
*************** response log end ***************

[2017-11-02 08:57:45.188] [INFO] resLogger - 
*************** response log start ***************
request method: GET
request originalUrl:  /api/business/getequip/get?token=eyJhbGciOiJIUzI1NiIsInR5cCI6IkpXVCJ9.eyJkYXRhIjp7ImlkIjoiMWFkODM2OTAtOGMxMC00MzM3LTk2MjktNWNmMmI4YTJhZjgwIiwibmFtZSI6ImFkbWluIiwiZ2VuZGVyIjp0cnVlLCJlbWFpbCI6IjM3ODMzODYyN0BxcS5jb20ifSwiaWF0IjoxNTA5NTA3NzY5LCJleHAiOjE1MDk1OTQxNjl9.72PhJydr9XGwiK-tJ6ej8nLpk2b-rPp4O5Zc2R1pIJQ
request client ip:  ::ffff:127.0.0.1
request query:  {"token":"eyJhbGciOiJIUzI1NiIsInR5cCI6IkpXVCJ9.eyJkYXRhIjp7ImlkIjoiMWFkODM2OTAtOGMxMC00MzM3LTk2MjktNWNmMmI4YTJhZjgwIiwibmFtZSI6ImFkbWluIiwiZ2VuZGVyIjp0cnVlLCJlbWFpbCI6IjM3ODMzODYyN0BxcS5jb20ifSwiaWF0IjoxNTA5NTA3NzY5LCJleHAiOjE1MDk1OTQxNjl9.72PhJydr9XGwiK-tJ6ej8nLpk2b-rPp4O5Zc2R1pIJQ"}
response time: 259
response status: 200
response body: 
{"status":0,"data":[{"equipment":"IP地址"},{"equipment":"WORD"},{"equipment":"打印机"},{"equipment":"浏览器"},{"equipment":"电脑"},{"equipment":"电话"},{"equipment":"笔记本电脑"}]}
*************** response log end ***************

[2017-11-02 08:57:45.224] [INFO] resLogger - 
*************** response log start ***************
request method: GET
request originalUrl:  /api/equipType/list?token=eyJhbGciOiJIUzI1NiIsInR5cCI6IkpXVCJ9.eyJkYXRhIjp7ImlkIjoiMWFkODM2OTAtOGMxMC00MzM3LTk2MjktNWNmMmI4YTJhZjgwIiwibmFtZSI6ImFkbWluIiwiZ2VuZGVyIjp0cnVlLCJlbWFpbCI6IjM3ODMzODYyN0BxcS5jb20ifSwiaWF0IjoxNTA5NTA3NzY5LCJleHAiOjE1MDk1OTQxNjl9.72PhJydr9XGwiK-tJ6ej8nLpk2b-rPp4O5Zc2R1pIJQ
request client ip:  ::ffff:127.0.0.1
request query:  {"token":"eyJhbGciOiJIUzI1NiIsInR5cCI6IkpXVCJ9.eyJkYXRhIjp7ImlkIjoiMWFkODM2OTAtOGMxMC00MzM3LTk2MjktNWNmMmI4YTJhZjgwIiwibmFtZSI6ImFkbWluIiwiZ2VuZGVyIjp0cnVlLCJlbWFpbCI6IjM3ODMzODYyN0BxcS5jb20ifSwiaWF0IjoxNTA5NTA3NzY5LCJleHAiOjE1MDk1OTQxNjl9.72PhJydr9XGwiK-tJ6ej8nLpk2b-rPp4O5Zc2R1pIJQ"}
response time: 262
response status: 200
response body: 
{"status":0,"data":[{"name":"网络","code":"NETWORK","id":"a417b140-4b72-4a11-9b99-5cc42bf1a772","createdAt":1508374812008,"updatedAt":1508374812008,"version":0},{"name":"软件","code":"SOFTWARE","id":"be61829f-8bd4-4ed0-9a3b-381c9d057f34","createdAt":1508374811934,"updatedAt":1508374811934,"version":0},{"name":"硬件","code":"HARDWARE","id":"74a560e8-ae5f-4bdf-bbc4-e40b762d12c1","createdAt":1508374811810,"updatedAt":1508374811810,"version":0}]}
*************** response log end ***************

[2017-11-02 08:57:45.290] [INFO] resLogger - 
*************** response log start ***************
request method: GET
request originalUrl:  /api/equipOp/list?token=eyJhbGciOiJIUzI1NiIsInR5cCI6IkpXVCJ9.eyJkYXRhIjp7ImlkIjoiMWFkODM2OTAtOGMxMC00MzM3LTk2MjktNWNmMmI4YTJhZjgwIiwibmFtZSI6ImFkbWluIiwiZ2VuZGVyIjp0cnVlLCJlbWFpbCI6IjM3ODMzODYyN0BxcS5jb20ifSwiaWF0IjoxNTA5NTA3NzY5LCJleHAiOjE1MDk1OTQxNjl9.72PhJydr9XGwiK-tJ6ej8nLpk2b-rPp4O5Zc2R1pIJQ
request client ip:  ::ffff:127.0.0.1
request query:  {"token":"eyJhbGciOiJIUzI1NiIsInR5cCI6IkpXVCJ9.eyJkYXRhIjp7ImlkIjoiMWFkODM2OTAtOGMxMC00MzM3LTk2MjktNWNmMmI4YTJhZjgwIiwibmFtZSI6ImFkbWluIiwiZ2VuZGVyIjp0cnVlLCJlbWFpbCI6IjM3ODMzODYyN0BxcS5jb20ifSwiaWF0IjoxNTA5NTA3NzY5LCJleHAiOjE1MDk1OTQxNjl9.72PhJydr9XGwiK-tJ6ej8nLpk2b-rPp4O5Zc2R1pIJQ"}
response time: 243
response status: 200
response body: 
{"status":0,"data":[{"name":"设置","code":"SET","id":"773e6497-d957-4e19-81aa-c3d9080e6a75","createdAt":1508374812506,"updatedAt":1508374812506,"version":0},{"name":"冲突","code":"CT","id":"914383ca-bf41-4737-a984-9fde261288dd","createdAt":1508374812420,"updatedAt":1508374812420,"version":0},{"name":"无法开机","code":"NOTSTART","id":"c8473915-9681-4811-88cd-6b20157778e0","createdAt":1508374812341,"updatedAt":1508374812341,"version":0},{"name":"卸载","code":"UNINSTALL","id":"8a6772ed-fd61-4fca-9b8f-67d0bdf01e56","createdAt":1508374812273,"updatedAt":1508374812273,"version":0},{"name":"故障","code":"FIX","id":"dc16e5f0-e43b-4365-9ea0-474c51427aa8","createdAt":1508374812205,"updatedAt":1508374812205,"version":0},{"name":"安装","code":"SETUP","id":"7a08394e-be63-47bd-a171-901da0ee2590","createdAt":1508374812088,"updatedAt":1508374812088,"version":0}]}
*************** response log end ***************

[2017-11-02 08:57:45.326] [INFO] resLogger - 
*************** response log start ***************
request method: GET
request originalUrl:  /api/business/list/page/1?token=eyJhbGciOiJIUzI1NiIsInR5cCI6IkpXVCJ9.eyJkYXRhIjp7ImlkIjoiMWFkODM2OTAtOGMxMC00MzM3LTk2MjktNWNmMmI4YTJhZjgwIiwibmFtZSI6ImFkbWluIiwiZ2VuZGVyIjp0cnVlLCJlbWFpbCI6IjM3ODMzODYyN0BxcS5jb20ifSwiaWF0IjoxNTA5NTA3NzY5LCJleHAiOjE1MDk1OTQxNjl9.72PhJydr9XGwiK-tJ6ej8nLpk2b-rPp4O5Zc2R1pIJQ
request client ip:  ::ffff:127.0.0.1
request query:  {"token":"eyJhbGciOiJIUzI1NiIsInR5cCI6IkpXVCJ9.eyJkYXRhIjp7ImlkIjoiMWFkODM2OTAtOGMxMC00MzM3LTk2MjktNWNmMmI4YTJhZjgwIiwibmFtZSI6ImFkbWluIiwiZ2VuZGVyIjp0cnVlLCJlbWFpbCI6IjM3ODMzODYyN0BxcS5jb20ifSwiaWF0IjoxNTA5NTA3NzY5LCJleHAiOjE1MDk1OTQxNjl9.72PhJydr9XGwiK-tJ6ej8nLpk2b-rPp4O5Zc2R1pIJQ"}
response time: 262
response status: 200
response body: 
{"status":0,"data":[{"type":"HARDWARE","equipment":"笔记本电脑","operation":"FIX","weight":5,"remark":"","status":1,"id":"8abe825a-6967-473d-9510-6f0425cbc4ef","createdAt":1508374813791,"updatedAt":1508374813791,"version":0,"equipType":{"name":"硬件","code":"HARDWARE","id":"74a560e8-ae5f-4bdf-bbc4-e40b762d12c1","createdAt":1508374811810,"updatedAt":1508374811810,"version":0},"equipOp":{"name":"故障","code":"FIX","id":"dc16e5f0-e43b-4365-9ea0-474c51427aa8","createdAt":1508374812205,"updatedAt":1508374812205,"version":0}},{"type":"HARDWARE","equipment":"笔记本电脑","operation":"SETUP","weight":5,"remark":"","status":1,"id":"cd1a4c3a-43e0-4711-9fdd-ccf3968995aa","createdAt":1508374813680,"updatedAt":1508374813680,"version":0,"equipType":{"name":"硬件","code":"HARDWARE","id":"74a560e8-ae5f-4bdf-bbc4-e40b762d12c1","createdAt":1508374811810,"updatedAt":1508374811810,"version":0},"equipOp":{"name":"安装","code":"SETUP","id":"7a08394e-be63-47bd-a171-901da0ee2590","createdAt":1508374812088,"updatedAt":1508374812088,"version":0}},{"type":"HARDWARE","equipment":"笔记本电脑","operation":"NOTSTART","weight":5,"remark":"","status":1,"id":"7e40bcfa-53d2-488d-8b96-6c18f2814c44","createdAt":1508374813612,"updatedAt":1508374813612,"version":0,"equipType":{"name":"硬件","code":"HARDWARE","id":"74a560e8-ae5f-4bdf-bbc4-e40b762d12c1","createdAt":1508374811810,"updatedAt":1508374811810,"version":0},"equipOp":{"name":"无法开机","code":"NOTSTART","id":"c8473915-9681-4811-88cd-6b20157778e0","createdAt":1508374812341,"updatedAt":1508374812341,"version":0}},{"type":"HARDWARE","equipment":"电脑","operation":"SETUP","weight":5,"remark":"","status":1,"id":"f09bab9b-4664-4c71-9970-e3bc6a3681ed","createdAt":1508374813544,"updatedAt":1508374813544,"version":0,"equipType":{"name":"硬件","code":"HARDWARE","id":"74a560e8-ae5f-4bdf-bbc4-e40b762d12c1","createdAt":1508374811810,"updatedAt":1508374811810,"version":0},"equipOp":{"name":"安装","code":"SETUP","id":"7a08394e-be63-47bd-a171-901da0ee2590","createdAt":1508374812088,"updatedAt":1508374812088,"version":0}},{"type":"HARDWARE","equipment":"电脑","operation":"NOTSTART","weight":5,"remark":"","status":1,"id":"58c8e459-5109-4fa1-ae5d-82bfc87f9a6c","createdAt":1508374813460,"updatedAt":1508374813460,"version":0,"equipType":{"name":"硬件","code":"HARDWARE","id":"74a560e8-ae5f-4bdf-bbc4-e40b762d12c1","createdAt":1508374811810,"updatedAt":1508374811810,"version":0},"equipOp":{"name":"无法开机","code":"NOTSTART","id":"c8473915-9681-4811-88cd-6b20157778e0","createdAt":1508374812341,"updatedAt":1508374812341,"version":0}},{"type":"SOFTWARE","equipment":"WORD","operation":"FIX","weight":5,"remark":"","status":1,"id":"3df66888-78f6-45e7-872d-72a8144b8914","createdAt":1508374813390,"updatedAt":1508374813390,"version":0,"equipType":{"name":"软件","code":"SOFTWARE","id":"be61829f-8bd4-4ed0-9a3b-381c9d057f34","createdAt":1508374811934,"updatedAt":1508374811934,"version":0},"equipOp":{"name":"故障","code":"FIX","id":"dc16e5f0-e43b-4365-9ea0-474c51427aa8","createdAt":1508374812205,"updatedAt":1508374812205,"version":0}},{"type":"SOFTWARE","equipment":"WORD","operation":"SETUP","weight":5,"remark":"","status":1,"id":"e29498d8-cb85-4226-b96d-8e510313a7a1","createdAt":1508374813314,"updatedAt":1508374813314,"version":0,"equipType":{"name":"软件","code":"SOFTWARE","id":"be61829f-8bd4-4ed0-9a3b-381c9d057f34","createdAt":1508374811934,"updatedAt":1508374811934,"version":0},"equipOp":{"name":"安装","code":"SETUP","id":"7a08394e-be63-47bd-a171-901da0ee2590","createdAt":1508374812088,"updatedAt":1508374812088,"version":0}},{"type":"NETWORK","equipment":"IP地址","operation":"SET","weight":5,"remark":"","status":1,"id":"50e30a3a-934a-4e94-bf9d-03797fdf3130","createdAt":1508374813229,"updatedAt":1508374813229,"version":0,"equipType":{"name":"网络","code":"NETWORK","id":"a417b140-4b72-4a11-9b99-5cc42bf1a772","createdAt":1508374812008,"updatedAt":1508374812008,"version":0},"equipOp":{"name":"设置","code":"SET","id":"773e6497-d957-4e19-81aa-c3d9080e6a75","createdAt":1508374812506,"updatedAt":1508374812506,"version":0}},{"type":"NETWORK","equipment":"IP地址","operation":"CT","weight":5,"remark":"","status":1,"id":"149b1875-e7d6-4814-a64e-14e2faa96e1f","createdAt":1508374813141,"updatedAt":1508374813141,"version":0,"equipType":{"name":"网络","code":"NETWORK","id":"a417b140-4b72-4a11-9b99-5cc42bf1a772","createdAt":1508374812008,"updatedAt":1508374812008,"version":0},"equipOp":{"name":"冲突","code":"CT","id":"914383ca-bf41-4737-a984-9fde261288dd","createdAt":1508374812420,"updatedAt":1508374812420,"version":0}},{"type":"SOFTWARE","equipment":"浏览器","operation":"FIX","weight":5,"remark":"","status":1,"id":"bc87556d-588c-422e-8344-6b03272c51d7","createdAt":1508374813038,"updatedAt":1508374813038,"version":0,"equipType":{"name":"软件","code":"SOFTWARE","id":"be61829f-8bd4-4ed0-9a3b-381c9d057f34","createdAt":1508374811934,"updatedAt":1508374811934,"version":0},"equipOp":{"name":"故障","code":"FIX","id":"dc16e5f0-e43b-4365-9ea0-474c51427aa8","createdAt":1508374812205,"updatedAt":1508374812205,"version":0}}],"total":15}
*************** response log end ***************

[2017-11-02 08:57:46.550] [INFO] resLogger - 
*************** response log start ***************
request method: GET
request originalUrl:  /api/order/list/page/1?token=eyJhbGciOiJIUzI1NiIsInR5cCI6IkpXVCJ9.eyJkYXRhIjp7ImlkIjoiMWFkODM2OTAtOGMxMC00MzM3LTk2MjktNWNmMmI4YTJhZjgwIiwibmFtZSI6ImFkbWluIiwiZ2VuZGVyIjp0cnVlLCJlbWFpbCI6IjM3ODMzODYyN0BxcS5jb20ifSwiaWF0IjoxNTA5NTA3NzY5LCJleHAiOjE1MDk1OTQxNjl9.72PhJydr9XGwiK-tJ6ej8nLpk2b-rPp4O5Zc2R1pIJQ
request client ip:  ::ffff:127.0.0.1
request query:  {"token":"eyJhbGciOiJIUzI1NiIsInR5cCI6IkpXVCJ9.eyJkYXRhIjp7ImlkIjoiMWFkODM2OTAtOGMxMC00MzM3LTk2MjktNWNmMmI4YTJhZjgwIiwibmFtZSI6ImFkbWluIiwiZ2VuZGVyIjp0cnVlLCJlbWFpbCI6IjM3ODMzODYyN0BxcS5jb20ifSwiaWF0IjoxNTA5NTA3NzY5LCJleHAiOjE1MDk1OTQxNjl9.72PhJydr9XGwiK-tJ6ej8nLpk2b-rPp4O5Zc2R1pIJQ"}
response time: 52
response status: 200
response body: 
{"status":0,"data":[],"total":0}
*************** response log end ***************

[2017-11-02 08:57:48.812] [INFO] resLogger - 
*************** response log start ***************
request method: GET
request originalUrl:  /api/groups/list?token=eyJhbGciOiJIUzI1NiIsInR5cCI6IkpXVCJ9.eyJkYXRhIjp7ImlkIjoiMWFkODM2OTAtOGMxMC00MzM3LTk2MjktNWNmMmI4YTJhZjgwIiwibmFtZSI6ImFkbWluIiwiZ2VuZGVyIjp0cnVlLCJlbWFpbCI6IjM3ODMzODYyN0BxcS5jb20ifSwiaWF0IjoxNTA5NTA3NzY5LCJleHAiOjE1MDk1OTQxNjl9.72PhJydr9XGwiK-tJ6ej8nLpk2b-rPp4O5Zc2R1pIJQ
request client ip:  ::ffff:127.0.0.1
request query:  {"token":"eyJhbGciOiJIUzI1NiIsInR5cCI6IkpXVCJ9.eyJkYXRhIjp7ImlkIjoiMWFkODM2OTAtOGMxMC00MzM3LTk2MjktNWNmMmI4YTJhZjgwIiwibmFtZSI6ImFkbWluIiwiZ2VuZGVyIjp0cnVlLCJlbWFpbCI6IjM3ODMzODYyN0BxcS5jb20ifSwiaWF0IjoxNTA5NTA3NzY5LCJleHAiOjE1MDk1OTQxNjl9.72PhJydr9XGwiK-tJ6ej8nLpk2b-rPp4O5Zc2R1pIJQ"}
response time: 128
response status: 200
response body: 
{"status":0,"data":[{"name":"控股","description":"group2","status":1,"id":"30e0f985-0394-4f0b-ab7f-898724c99eab","createdAt":1508374809103,"updatedAt":1508374809103,"version":0},{"name":"管委会","description":"group1","status":1,"id":"547bc6ee-2f95-4773-9446-07626a73f044","createdAt":1508374808811,"updatedAt":1508374808811,"version":0}],"total":2}
*************** response log end ***************

[2017-11-02 08:57:48.824] [INFO] resLogger - 
*************** response log start ***************
request method: GET
request originalUrl:  /api/order/getorderno/get/2017/11/2?token=eyJhbGciOiJIUzI1NiIsInR5cCI6IkpXVCJ9.eyJkYXRhIjp7ImlkIjoiMWFkODM2OTAtOGMxMC00MzM3LTk2MjktNWNmMmI4YTJhZjgwIiwibmFtZSI6ImFkbWluIiwiZ2VuZGVyIjp0cnVlLCJlbWFpbCI6IjM3ODMzODYyN0BxcS5jb20ifSwiaWF0IjoxNTA5NTA3NzY5LCJleHAiOjE1MDk1OTQxNjl9.72PhJydr9XGwiK-tJ6ej8nLpk2b-rPp4O5Zc2R1pIJQ
request client ip:  ::ffff:127.0.0.1
request query:  {"token":"eyJhbGciOiJIUzI1NiIsInR5cCI6IkpXVCJ9.eyJkYXRhIjp7ImlkIjoiMWFkODM2OTAtOGMxMC00MzM3LTk2MjktNWNmMmI4YTJhZjgwIiwibmFtZSI6ImFkbWluIiwiZ2VuZGVyIjp0cnVlLCJlbWFpbCI6IjM3ODMzODYyN0BxcS5jb20ifSwiaWF0IjoxNTA5NTA3NzY5LCJleHAiOjE1MDk1OTQxNjl9.72PhJydr9XGwiK-tJ6ej8nLpk2b-rPp4O5Zc2R1pIJQ"}
response time: 76
response status: 200
response body: 
{"status":0,"data":"20171102000"}
*************** response log end ***************

[2017-11-02 08:57:49.082] [INFO] resLogger - 
*************** response log start ***************
request method: GET
request originalUrl:  /api/corporations/list?token=eyJhbGciOiJIUzI1NiIsInR5cCI6IkpXVCJ9.eyJkYXRhIjp7ImlkIjoiMWFkODM2OTAtOGMxMC00MzM3LTk2MjktNWNmMmI4YTJhZjgwIiwibmFtZSI6ImFkbWluIiwiZ2VuZGVyIjp0cnVlLCJlbWFpbCI6IjM3ODMzODYyN0BxcS5jb20ifSwiaWF0IjoxNTA5NTA3NzY5LCJleHAiOjE1MDk1OTQxNjl9.72PhJydr9XGwiK-tJ6ej8nLpk2b-rPp4O5Zc2R1pIJQ&group=30e0f985-0394-4f0b-ab7f-898724c99eab
request client ip:  ::ffff:127.0.0.1
request query:  {"token":"eyJhbGciOiJIUzI1NiIsInR5cCI6IkpXVCJ9.eyJkYXRhIjp7ImlkIjoiMWFkODM2OTAtOGMxMC00MzM3LTk2MjktNWNmMmI4YTJhZjgwIiwibmFtZSI6ImFkbWluIiwiZ2VuZGVyIjp0cnVlLCJlbWFpbCI6IjM3ODMzODYyN0BxcS5jb20ifSwiaWF0IjoxNTA5NTA3NzY5LCJleHAiOjE1MDk1OTQxNjl9.72PhJydr9XGwiK-tJ6ej8nLpk2b-rPp4O5Zc2R1pIJQ","group":"30e0f985-0394-4f0b-ab7f-898724c99eab"}
response time: 159
response status: 200
response body: 
{"status":0,"data":[{"name":"控股公司","description":"控股公司","status":1,"groupId":"30e0f985-0394-4f0b-ab7f-898724c99eab","id":"a94ed403-c060-4901-b1f0-4154a1da0221","createdAt":1508374810533,"updatedAt":1508374810533,"version":0,"group":{"name":"控股","description":"group2","status":1,"id":"30e0f985-0394-4f0b-ab7f-898724c99eab","createdAt":1508374809103,"updatedAt":1508374809103,"version":0}}],"total":1}
*************** response log end ***************

[2017-11-02 08:57:49.299] [INFO] resLogger - 
*************** response log start ***************
request method: GET
request originalUrl:  /api/corpBuildings/list/a94ed403-c060-4901-b1f0-4154a1da0221?token=eyJhbGciOiJIUzI1NiIsInR5cCI6IkpXVCJ9.eyJkYXRhIjp7ImlkIjoiMWFkODM2OTAtOGMxMC00MzM3LTk2MjktNWNmMmI4YTJhZjgwIiwibmFtZSI6ImFkbWluIiwiZ2VuZGVyIjp0cnVlLCJlbWFpbCI6IjM3ODMzODYyN0BxcS5jb20ifSwiaWF0IjoxNTA5NTA3NzY5LCJleHAiOjE1MDk1OTQxNjl9.72PhJydr9XGwiK-tJ6ej8nLpk2b-rPp4O5Zc2R1pIJQ
request client ip:  ::ffff:127.0.0.1
request query:  {"token":"eyJhbGciOiJIUzI1NiIsInR5cCI6IkpXVCJ9.eyJkYXRhIjp7ImlkIjoiMWFkODM2OTAtOGMxMC00MzM3LTk2MjktNWNmMmI4YTJhZjgwIiwibmFtZSI6ImFkbWluIiwiZ2VuZGVyIjp0cnVlLCJlbWFpbCI6IjM3ODMzODYyN0BxcS5jb20ifSwiaWF0IjoxNTA5NTA3NzY5LCJleHAiOjE1MDk1OTQxNjl9.72PhJydr9XGwiK-tJ6ej8nLpk2b-rPp4O5Zc2R1pIJQ"}
response time: 173
response status: 200
response body: 
{"status":0,"data":[{"corporationId":"a94ed403-c060-4901-b1f0-4154a1da0221","buildingId":"5cd7c002-0167-45dc-bf1c-b85572fc656b","floor":7,"position":"A","status":1,"id":"ae989611-646e-430e-9cdd-ed1045021e9f","createdAt":1508374810727,"updatedAt":1508374810727,"version":0,"building":{"name":"商务大厦南楼","address":"南","minfloor":1,"maxfloor":15,"status":1,"id":"5cd7c002-0167-45dc-bf1c-b85572fc656b","createdAt":1508374809260,"updatedAt":1508374809260,"version":0}},{"corporationId":"a94ed403-c060-4901-b1f0-4154a1da0221","buildingId":"5cd7c002-0167-45dc-bf1c-b85572fc656b","floor":6,"position":"A","status":1,"id":"f30aef61-15a8-4228-a913-c5dc6d0dd85c","createdAt":1508374810648,"updatedAt":1508374810648,"version":0,"building":{"name":"商务大厦南楼","address":"南","minfloor":1,"maxfloor":15,"status":1,"id":"5cd7c002-0167-45dc-bf1c-b85572fc656b","createdAt":1508374809260,"updatedAt":1508374809260,"version":0}}],"total":0}
*************** response log end ***************

