[2018-03-28 11:15:20.587] [INFO] resLogger - 
*************** response log start ***************
request method: OPTIONS
request originalUrl:  /api/authinrole/check?token=eyJhbGciOiJIUzI1NiIsInR5cCI6IkpXVCJ9.eyJkYXRhIjp7ImlkIjoiMDU3MjBlNmUtZWJlMy00MDM2LWI1NzUtZmYxZmEwYzZjYjM4IiwibmFtZSI6ImFkbWluIiwiZ2VuZGVyIjp0cnVlLCJlbWFpbCI6IjM3ODMzODYyN0BxcS5jb20ifSwiaWF0IjoxNTIyMjAxMDUwLCJleHAiOjE1MjIyODc0NTB9.mRApkg_5pwMuhP7ycyCZBJF5Tnjwc5njfWjMGtYB2b4
request client ip:  ::ffff:127.0.0.1
request body: 
{}
response time: 4
response status: 204
response body: 
undefined
*************** response log end ***************

[2018-03-28 11:15:20.634] [INFO] resLogger - 
*************** response log start ***************
request method: OPTIONS
request originalUrl:  /api/authinrole/check?token=eyJhbGciOiJIUzI1NiIsInR5cCI6IkpXVCJ9.eyJkYXRhIjp7ImlkIjoiMDU3MjBlNmUtZWJlMy00MDM2LWI1NzUtZmYxZmEwYzZjYjM4IiwibmFtZSI6ImFkbWluIiwiZ2VuZGVyIjp0cnVlLCJlbWFpbCI6IjM3ODMzODYyN0BxcS5jb20ifSwiaWF0IjoxNTIyMjAxMDUwLCJleHAiOjE1MjIyODc0NTB9.mRApkg_5pwMuhP7ycyCZBJF5Tnjwc5njfWjMGtYB2b4
request client ip:  ::ffff:127.0.0.1
request body: 
{}
response time: 0
response status: 204
response body: 
undefined
*************** response log end ***************

[2018-03-28 11:15:20.818] [INFO] resLogger - 
*************** response log start ***************
request method: POST
request originalUrl:  /api/authinrole/check?token=eyJhbGciOiJIUzI1NiIsInR5cCI6IkpXVCJ9.eyJkYXRhIjp7ImlkIjoiMDU3MjBlNmUtZWJlMy00MDM2LWI1NzUtZmYxZmEwYzZjYjM4IiwibmFtZSI6ImFkbWluIiwiZ2VuZGVyIjp0cnVlLCJlbWFpbCI6IjM3ODMzODYyN0BxcS5jb20ifSwiaWF0IjoxNTIyMjAxMDUwLCJleHAiOjE1MjIyODc0NTB9.mRApkg_5pwMuhP7ycyCZBJF5Tnjwc5njfWjMGtYB2b4
request client ip:  ::ffff:127.0.0.1
request body: 
{"func":"operations","op":"menu"}
response time: 195
response status: 200
response body: 
{"status":0}
*************** response log end ***************

[2018-03-28 11:15:20.818] [INFO] resLogger - 
*************** response log start ***************
request method: POST
request originalUrl:  /api/authinrole/check?token=eyJhbGciOiJIUzI1NiIsInR5cCI6IkpXVCJ9.eyJkYXRhIjp7ImlkIjoiMDU3MjBlNmUtZWJlMy00MDM2LWI1NzUtZmYxZmEwYzZjYjM4IiwibmFtZSI6ImFkbWluIiwiZ2VuZGVyIjp0cnVlLCJlbWFpbCI6IjM3ODMzODYyN0BxcS5jb20ifSwiaWF0IjoxNTIyMjAxMDUwLCJleHAiOjE1MjIyODc0NTB9.mRApkg_5pwMuhP7ycyCZBJF5Tnjwc5njfWjMGtYB2b4
request client ip:  ::ffff:127.0.0.1
request body: 
{"func":"op","op":"menu"}
response time: 158
response status: 200
response body: 
{"status":0}
*************** response log end ***************

[2018-03-28 11:15:20.888] [INFO] resLogger - 
*************** response log start ***************
request method: POST
request originalUrl:  /api/authinrole/check?token=eyJhbGciOiJIUzI1NiIsInR5cCI6IkpXVCJ9.eyJkYXRhIjp7ImlkIjoiMDU3MjBlNmUtZWJlMy00MDM2LWI1NzUtZmYxZmEwYzZjYjM4IiwibmFtZSI6ImFkbWluIiwiZ2VuZGVyIjp0cnVlLCJlbWFpbCI6IjM3ODMzODYyN0BxcS5jb20ifSwiaWF0IjoxNTIyMjAxMDUwLCJleHAiOjE1MjIyODc0NTB9.mRApkg_5pwMuhP7ycyCZBJF5Tnjwc5njfWjMGtYB2b4
request client ip:  ::ffff:127.0.0.1
request body: 
{"func":"op","op":"list"}
response time: 40
response status: 200
response body: 
{"status":0}
*************** response log end ***************

[2018-03-28 11:15:20.993] [INFO] resLogger - 
*************** response log start ***************
request method: GET
request originalUrl:  /api/corporations/list?token=eyJhbGciOiJIUzI1NiIsInR5cCI6IkpXVCJ9.eyJkYXRhIjp7ImlkIjoiMDU3MjBlNmUtZWJlMy00MDM2LWI1NzUtZmYxZmEwYzZjYjM4IiwibmFtZSI6ImFkbWluIiwiZ2VuZGVyIjp0cnVlLCJlbWFpbCI6IjM3ODMzODYyN0BxcS5jb20ifSwiaWF0IjoxNTIyMjAxMDUwLCJleHAiOjE1MjIyODc0NTB9.mRApkg_5pwMuhP7ycyCZBJF5Tnjwc5njfWjMGtYB2b4
request client ip:  ::ffff:127.0.0.1
request query:  {"token":"eyJhbGciOiJIUzI1NiIsInR5cCI6IkpXVCJ9.eyJkYXRhIjp7ImlkIjoiMDU3MjBlNmUtZWJlMy00MDM2LWI1NzUtZmYxZmEwYzZjYjM4IiwibmFtZSI6ImFkbWluIiwiZ2VuZGVyIjp0cnVlLCJlbWFpbCI6IjM3ODMzODYyN0BxcS5jb20ifSwiaWF0IjoxNTIyMjAxMDUwLCJleHAiOjE1MjIyODc0NTB9.mRApkg_5pwMuhP7ycyCZBJF5Tnjwc5njfWjMGtYB2b4"}
response time: 62
response status: 200
response body: 
{"status":0,"data":[{"name":"控股公司","description":"控股公司","status":1,"groupId":"f0c37d6d-c922-4617-befd-aa51ad85d7c5","id":"fbbf7c59-f08c-445b-a4f0-e2fa977117e8","createdAt":1515633158111,"updatedAt":1515633158111,"version":0,"group":{"name":"控股","description":"group2","status":1,"id":"f0c37d6d-c922-4617-befd-aa51ad85d7c5","createdAt":1515633152227,"updatedAt":1515633152227,"version":0}},{"name":"融资租赁公司","description":"融资租赁公司","status":1,"groupId":"f0c37d6d-c922-4617-befd-aa51ad85d7c5","id":"4f3b67d7-40f2-4377-86ba-e9775e728f64","createdAt":1515633158201,"updatedAt":1520564750982,"version":1,"group":{"name":"控股","description":"group2","status":1,"id":"f0c37d6d-c922-4617-befd-aa51ad85d7c5","createdAt":1515633152227,"updatedAt":1515633152227,"version":0}},{"name":"公共事业公司","description":"公共事业公司","status":1,"groupId":"f0c37d6d-c922-4617-befd-aa51ad85d7c5","id":"4599eaf8-68f6-4fd5-bf10-1d152e2b28fe","createdAt":1515633158411,"updatedAt":1515633158411,"version":0,"group":{"name":"控股","description":"group2","status":1,"id":"f0c37d6d-c922-4617-befd-aa51ad85d7c5","createdAt":1515633152227,"updatedAt":1515633152227,"version":0}},{"name":"建设公司","description":"建设公司","status":1,"groupId":"f0c37d6d-c922-4617-befd-aa51ad85d7c5","id":"53fa2bd9-bc42-4582-a5c3-38f8d8dad229","createdAt":1515633158488,"updatedAt":1515633158488,"version":0,"group":{"name":"控股","description":"group2","status":1,"id":"f0c37d6d-c922-4617-befd-aa51ad85d7c5","createdAt":1515633152227,"updatedAt":1515633152227,"version":0}},{"name":"投资公司","description":"投资公司","status":1,"groupId":"f0c37d6d-c922-4617-befd-aa51ad85d7c5","id":"73a751ce-1f60-42ce-a5ee-501712eef1f4","createdAt":1515633160114,"updatedAt":1515633160114,"version":0,"group":{"name":"控股","description":"group2","status":1,"id":"f0c37d6d-c922-4617-befd-aa51ad85d7c5","createdAt":1515633152227,"updatedAt":1515633152227,"version":0}},{"name":"园林公司","description":"园林公司","status":1,"groupId":"f0c37d6d-c922-4617-befd-aa51ad85d7c5","id":"d016201e-2c29-4d9f-8caa-4da5a7b279e9","createdAt":1515648909620,"updatedAt":1515648909620,"version":0,"group":{"name":"控股","description":"group2","status":1,"id":"f0c37d6d-c922-4617-befd-aa51ad85d7c5","createdAt":1515633152227,"updatedAt":1515633152227,"version":0}},{"name":"基金公司","description":"基金公司","status":1,"groupId":"f0c37d6d-c922-4617-befd-aa51ad85d7c5","id":"f0fd30bb-479c-44db-8413-ab39b32da748","createdAt":1515650970327,"updatedAt":1515650970327,"version":0,"group":{"name":"控股","description":"group2","status":1,"id":"f0c37d6d-c922-4617-befd-aa51ad85d7c5","createdAt":1515633152227,"updatedAt":1515633152227,"version":0}},{"name":"园区运营公司","description":"园区运营公司","status":1,"groupId":"f0c37d6d-c922-4617-befd-aa51ad85d7c5","id":"1c52efa6-abbe-4114-95a6-c1125d762446","createdAt":1515981270653,"updatedAt":1515981270653,"version":0,"group":{"name":"控股","description":"group2","status":1,"id":"f0c37d6d-c922-4617-befd-aa51ad85d7c5","createdAt":1515633152227,"updatedAt":1515633152227,"version":0}},{"name":"高新公司","description":"高新","status":1,"groupId":"f0c37d6d-c922-4617-befd-aa51ad85d7c5","id":"89cce940-1268-4690-abe4-3b3b14fb0cde","createdAt":1516607211910,"updatedAt":1516607211910,"version":0,"group":{"name":"控股","description":"group2","status":1,"id":"f0c37d6d-c922-4617-befd-aa51ad85d7c5","createdAt":1515633152227,"updatedAt":1515633152227,"version":0}},{"name":"置地公司","description":"置地公司","status":1,"groupId":"f0c37d6d-c922-4617-befd-aa51ad85d7c5","id":"4b2362eb-a9fd-414c-8c31-ad335e81105b","createdAt":1516670902936,"updatedAt":1520565001347,"version":2,"group":{"name":"控股","description":"group2","status":1,"id":"f0c37d6d-c922-4617-befd-aa51ad85d7c5","createdAt":1515633152227,"updatedAt":1515633152227,"version":0}},{"name":"铁路公司","description":"铁路公司","status":1,"groupId":"f0c37d6d-c922-4617-befd-aa51ad85d7c5","id":"f15181ba-7881-4536-9902-f0588e0c1e17","createdAt":1516670976469,"updatedAt":1516670976469,"version":0,"group":{"name":"控股","description":"group2","status":1,"id":"f0c37d6d-c922-4617-befd-aa51ad85d7c5","createdAt":1515633152227,"updatedAt":1515633152227,"version":0}},{"name":"港务公司","description":"港务公司","status":1,"groupId":"f0c37d6d-c922-4617-befd-aa51ad85d7c5","id":"268041ad-f79c-4c6a-858d-091c3a77ac59","createdAt":1516670996611,"updatedAt":1516670996611,"version":0,"group":{"name":"控股","description":"group2","status":1,"id":"f0c37d6d-c922-4617-befd-aa51ad85d7c5","createdAt":1515633152227,"updatedAt":1515633152227,"version":0}},{"name":"粮交所","description":"粮交所","status":1,"groupId":"f0c37d6d-c922-4617-befd-aa51ad85d7c5","id":"76e565af-f8c3-4798-bee7-3342bd079231","createdAt":1516671019340,"updatedAt":1520564697710,"version":1,"group":{"name":"控股","description":"group2","status":1,"id":"f0c37d6d-c922-4617-befd-aa51ad85d7c5","createdAt":1515633152227,"updatedAt":1515633152227,"version":0}},{"name":"信息公司","description":"信息公司","status":1,"groupId":"f0c37d6d-c922-4617-befd-aa51ad85d7c5","id":"38c3e49a-0e5d-4390-9f14-e9cae95f365f","createdAt":1516671101244,"updatedAt":1520564729149,"version":1,"group":{"name":"控股","description":"group2","status":1,"id":"f0c37d6d-c922-4617-befd-aa51ad85d7c5","createdAt":1515633152227,"updatedAt":1515633152227,"version":0}},{"name":"城市资源公司","description":"城市资源","status":1,"groupId":"f0c37d6d-c922-4617-befd-aa51ad85d7c5","id":"9eaf4c3b-0a1d-488a-a575-cf7772c21135","createdAt":1516671126558,"updatedAt":1520564922535,"version":1,"group":{"name":"控股","description":"group2","status":1,"id":"f0c37d6d-c922-4617-befd-aa51ad85d7c5","createdAt":1515633152227,"updatedAt":1515633152227,"version":0}},{"name":"物流商贸公司","description":"物流商贸","status":1,"groupId":"f0c37d6d-c922-4617-befd-aa51ad85d7c5","id":"d988a340-24ec-4f49-ba6a-98514328a07a","createdAt":1517196815376,"updatedAt":1517196815376,"version":0,"group":{"name":"控股","description":"group2","status":1,"id":"f0c37d6d-c922-4617-befd-aa51ad85d7c5","createdAt":1515633152227,"updatedAt":1515633152227,"version":0}},{"name":"信息管线公司","description":"信息管线公司","status":1,"groupId":"f0c37d6d-c922-4617-befd-aa51ad85d7c5","id":"9d70667b-13e9-46c7-b552-86050bef037a","createdAt":1517793948897,"updatedAt":1517793948897,"version":0,"group":{"name":"控股","description":"group2","status":1,"id":"f0c37d6d-c922-4617-befd-aa51ad85d7c5","createdAt":1515633152227,"updatedAt":1515633152227,"version":0}},{"name":"建设服务中心","description":"建设服务中心","status":1,"groupId":"f0c37d6d-c922-4617-befd-aa51ad85d7c5","id":"97b9d1eb-f88d-4f2c-bfec-e6c7767b8631","createdAt":1519789470777,"updatedAt":1519789470777,"version":0,"group":{"name":"控股","description":"group2","status":1,"id":"f0c37d6d-c922-4617-befd-aa51ad85d7c5","createdAt":1515633152227,"updatedAt":1515633152227,"version":0}},{"name":"招商公司","description":"八楼","status":1,"groupId":"f0c37d6d-c922-4617-befd-aa51ad85d7c5","id":"d55858be-a683-497f-abff-6f60516418cd","createdAt":1521794537272,"updatedAt":1521794537272,"version":0,"group":{"name":"控股","description":"group2","status":1,"id":"f0c37d6d-c922-4617-befd-aa51ad85d7c5","createdAt":1515633152227,"updatedAt":1515633152227,"version":0}},{"name":"临港清华附属小学","description":"临港清华附属小学","status":1,"groupId":"76a550ce-0788-4e2f-b3b8-875f9a62692c","id":"fd548fc1-6739-4ac2-b175-03d6e2706e24","createdAt":1515737229646,"updatedAt":1515737229646,"version":0,"group":{"name":"临港清华附属小学","description":"临港清华附属小学","status":1,"id":"76a550ce-0788-4e2f-b3b8-875f9a62692c","createdAt":1515737019104,"updatedAt":1515737019104,"version":0}},{"name":"审批服务大厅","description":"审批中心","status":1,"groupId":"52505514-1b27-449f-b575-55b32fd1280f","id":"1056620c-bbcb-49ed-bc65-e4602abec7b1","createdAt":1515633154455,"updatedAt":1515633154455,"version":0,"group":{"name":"管委会","description":"group1","status":1,"id":"52505514-1b27-449f-b575-55b32fd1280f","createdAt":1515633151465,"updatedAt":1515633151465,"version":0}},{"name":"投促局","description":"投促局","status":1,"groupId":"52505514-1b27-449f-b575-55b32fd1280f","id":"ad4b715b-623d-47ac-806a-f63704a137d2","createdAt":1515633154638,"updatedAt":1515633154638,"version":0,"group":{"name":"管委会","description":"group1","status":1,"id":"52505514-1b27-449f-b575-55b32fd1280f","createdAt":1515633151465,"updatedAt":1515633151465,"version":0}},{"name":"建规局","description":"建规局","status":1,"groupId":"52505514-1b27-449f-b575-55b32fd1280f","id":"2e677c67-c950-4a90-ac50-daaf8d2e6600","createdAt":1515633156390,"updatedAt":1515633156390,"version":0,"group":{"name":"管委会","description":"group1","status":1,"id":"52505514-1b27-449f-b575-55b32fd1280f","createdAt":1515633151465,"updatedAt":1515633151465,"version":0}},{"name":"安环局","description":"安环局","status":1,"groupId":"52505514-1b27-449f-b575-55b32fd1280f","id":"6e7566eb-3803-4316-9159-3e0ac2197b8f","createdAt":1515633156715,"updatedAt":1515633156715,"version":0,"group":{"name":"管委会","description":"group1","status":1,"id":"52505514-1b27-449f-b575-55b32fd1280f","createdAt":1515633151465,"updatedAt":1515633151465,"version":0}},{"name":"财政局","description":"财政局","status":1,"groupId":"52505514-1b27-449f-b575-55b32fd1280f","id":"1e42679d-d2ec-4ff7-af89-850ac8cce48b","createdAt":1515633161332,"updatedAt":1515633161332,"version":0,"group":{"name":"管委会","description":"group1","status":1,"id":"52505514-1b27-449f-b575-55b32fd1280f","createdAt":1515633151465,"updatedAt":1515633151465,"version":0}},{"name":"经发局","description":"经发局","status":1,"groupId":"52505514-1b27-449f-b575-55b32fd1280f","id":"856ca73f-b096-4ea4-95f5-19f4de4bf538","createdAt":1515633161787,"updatedAt":1515633161787,"version":0,"group":{"name":"管委会","description":"group1","status":1,"id":"52505514-1b27-449f-b575-55b32fd1280f","createdAt":1515633151465,"updatedAt":1515633151465,"version":0}},{"name":"人社局","description":"人社局","status":1,"groupId":"52505514-1b27-449f-b575-55b32fd1280f","id":"3edd5598-c59e-4de4-8e7c-880c1ff1d747","createdAt":1515633161957,"updatedAt":1515633161957,"version":0,"group":{"name":"管委会","description":"group1","status":1,"id":"52505514-1b27-449f-b575-55b32fd1280f","createdAt":1515633151465,"updatedAt":1515633151465,"version":0}},{"name":"社发局","description":"社发局","status":1,"groupId":"52505514-1b27-449f-b575-55b32fd1280f","id":"6c3b68d0-9fa0-429c-a841-f886d295a120","createdAt":1515633162174,"updatedAt":1515633162174,"version":0,"group":{"name":"管委会","description":"group1","status":1,"id":"52505514-1b27-449f-b575-55b32fd1280f","createdAt":1515633151465,"updatedAt":1515633151465,"version":0}},{"name":"管委会办公室","description":"管委会办公室","status":1,"groupId":"52505514-1b27-449f-b575-55b32fd1280f","id":"aeca46cc-207a-4228-9978-cc8c0900fd37","createdAt":1515633162317,"updatedAt":1515633162317,"version":0,"group":{"name":"管委会","description":"group1","status":1,"id":"52505514-1b27-449f-b575-55b32fd1280f","createdAt":1515633151465,"updatedAt":1515633151465,"version":0}}],"total":29}
*************** response log end ***************

[2018-03-28 11:15:21.008] [INFO] resLogger - 
*************** response log start ***************
request method: GET
request originalUrl:  /api/operation/list/page/1/time/1522206920000/corp/0/no/0?token=eyJhbGciOiJIUzI1NiIsInR5cCI6IkpXVCJ9.eyJkYXRhIjp7ImlkIjoiMDU3MjBlNmUtZWJlMy00MDM2LWI1NzUtZmYxZmEwYzZjYjM4IiwibmFtZSI6ImFkbWluIiwiZ2VuZGVyIjp0cnVlLCJlbWFpbCI6IjM3ODMzODYyN0BxcS5jb20ifSwiaWF0IjoxNTIyMjAxMDUwLCJleHAiOjE1MjIyODc0NTB9.mRApkg_5pwMuhP7ycyCZBJF5Tnjwc5njfWjMGtYB2b4
request client ip:  ::ffff:127.0.0.1
request query:  {"token":"eyJhbGciOiJIUzI1NiIsInR5cCI6IkpXVCJ9.eyJkYXRhIjp7ImlkIjoiMDU3MjBlNmUtZWJlMy00MDM2LWI1NzUtZmYxZmEwYzZjYjM4IiwibmFtZSI6ImFkbWluIiwiZ2VuZGVyIjp0cnVlLCJlbWFpbCI6IjM3ODMzODYyN0BxcS5jb20ifSwiaWF0IjoxNTIyMjAxMDUwLCJleHAiOjE1MjIyODc0NTB9.mRApkg_5pwMuhP7ycyCZBJF5Tnjwc5njfWjMGtYB2b4"}
response time: 66
response status: 200
response body: 
{"status":0,"data":[{"orderId":"43c6fda9-c211-4efb-aaeb-74db235d9bb6","important":false,"op":"a3f97b89-ca2f-4be8-841f-8a9b95ca891e","no":"20180328000","create_time":1522199980000,"remark":"","status":1,"id":"b8bc5d9a-3b93-4e9d-9c10-0758d5d5f6bf","createdAt":1522201128856,"updatedAt":1522201128856,"version":0,"order":{"no":"20180328000","custom_name":"招商","custom_phone":"15822927208","incoming_time":1522199980000,"custom_corporation":"d55858be-a683-497f-abff-6f60516418cd","custom_position":"696affa9-f8f9-4767-881a-11e4ad303b82","remark":null,"status":1,"needs":"[{\"type\":{\"id\":\"e6890530-4629-406f-a3fb-d8e2a293320b\",\"name\":\"硬件\",\"code\":\"HARDWARE\"},\"equipment\":{\"name\":\"打印机\",\"value\":\"打印机\"},\"op\":{\"id\":\"a3f97b89-ca2f-4be8-841f-8a9b95ca891e\",\"name\":\"连接\",\"code\":\"CONNECT\"},\"no\":2}]","id":"43c6fda9-c211-4efb-aaeb-74db235d9bb6","createdAt":1522201128830,"updatedAt":1522201128830,"version":0,"corporation":{"name":"招商公司","description":"八楼","status":1,"groupId":"f0c37d6d-c922-4617-befd-aa51ad85d7c5","id":"d55858be-a683-497f-abff-6f60516418cd","createdAt":1521794537272,"updatedAt":1521794537272,"version":0},"corpBuilding":{"corporationId":"d55858be-a683-497f-abff-6f60516418cd","buildingId":"6a9bcf38-e15c-4669-8dbd-bd48bfad4623","floor":8,"position":"W","status":1,"id":"696affa9-f8f9-4767-881a-11e4ad303b82","createdAt":1521794560864,"updatedAt":1521794605593,"version":1,"building":{"name":"商务大厦北楼","address":"北","minfloor":1,"maxfloor":15,"status":1,"id":"6a9bcf38-e15c-4669-8dbd-bd48bfad4623","createdAt":1515633153519,"updatedAt":1515633153519,"version":0}}},"businessContent":{"type":"HARDWARE","equipment":"打印机","operation":"CONNECT","isAdvanced":null,"weight":5,"remark":null,"status":1,"id":"a3f97b89-ca2f-4be8-841f-8a9b95ca891e","createdAt":1517189230921,"updatedAt":1517189230921,"version":0},"actions":[{"operationId":"b8bc5d9a-3b93-4e9d-9c10-0758d5d5f6bf","call_time":1522199980000,"start_time":1522200100000,"end_time":1522200580000,"worker":"e096a454-4426-400f-92ad-9726744236c0","operationStart":null,"operationComplete":1,"status":1,"id":"f8f366c2-5488-4118-935b-f5f9b1428c12","createdAt":1522201128920,"updatedAt":1522201128920,"version":0,"user":{"name":"朱亚亮","email":"378338627@qq.com","phone":"15822927208","password":"$2a$10$tkDWWL9Mkz9AUFRa.zS/suzNbr.PYt8dYnZloNBj4mkVHyh/kIvM6","gender":true,"token":null,"canLogin":true,"status":1,"roleId":"aa7eeae7-8d60-40fb-95ad-e55495ffd845","id":"e096a454-4426-400f-92ad-9726744236c0","createdAt":1515633151464,"updatedAt":1515633151464,"version":0}}]},{"orderId":"43c6fda9-c211-4efb-aaeb-74db235d9bb6","important":false,"op":"a3f97b89-ca2f-4be8-841f-8a9b95ca891e","no":"20180328001","create_time":1522199980000,"remark":"","status":1,"id":"3ec6071b-e2da-486c-84c1-f3a2d558683e","createdAt":1522201128928,"updatedAt":1522201128928,"version":0,"order":{"no":"20180328000","custom_name":"招商","custom_phone":"15822927208","incoming_time":1522199980000,"custom_corporation":"d55858be-a683-497f-abff-6f60516418cd","custom_position":"696affa9-f8f9-4767-881a-11e4ad303b82","remark":null,"status":1,"needs":"[{\"type\":{\"id\":\"e6890530-4629-406f-a3fb-d8e2a293320b\",\"name\":\"硬件\",\"code\":\"HARDWARE\"},\"equipment\":{\"name\":\"打印机\",\"value\":\"打印机\"},\"op\":{\"id\":\"a3f97b89-ca2f-4be8-841f-8a9b95ca891e\",\"name\":\"连接\",\"code\":\"CONNECT\"},\"no\":2}]","id":"43c6fda9-c211-4efb-aaeb-74db235d9bb6","createdAt":1522201128830,"updatedAt":1522201128830,"version":0,"corporation":{"name":"招商公司","description":"八楼","status":1,"groupId":"f0c37d6d-c922-4617-befd-aa51ad85d7c5","id":"d55858be-a683-497f-abff-6f60516418cd","createdAt":1521794537272,"updatedAt":1521794537272,"version":0},"corpBuilding":{"corporationId":"d55858be-a683-497f-abff-6f60516418cd","buildingId":"6a9bcf38-e15c-4669-8dbd-bd48bfad4623","floor":8,"position":"W","status":1,"id":"696affa9-f8f9-4767-881a-11e4ad303b82","createdAt":1521794560864,"updatedAt":1521794605593,"version":1,"building":{"name":"商务大厦北楼","address":"北","minfloor":1,"maxfloor":15,"status":1,"id":"6a9bcf38-e15c-4669-8dbd-bd48bfad4623","createdAt":1515633153519,"updatedAt":1515633153519,"version":0}}},"businessContent":{"type":"HARDWARE","equipment":"打印机","operation":"CONNECT","isAdvanced":null,"weight":5,"remark":null,"status":1,"id":"a3f97b89-ca2f-4be8-841f-8a9b95ca891e","createdAt":1517189230921,"updatedAt":1517189230921,"version":0},"actions":[{"operationId":"3ec6071b-e2da-486c-84c1-f3a2d558683e","call_time":1522199980000,"start_time":1522200640000,"end_time":1522201120000,"worker":"e096a454-4426-400f-92ad-9726744236c0","operationStart":null,"operationComplete":1,"status":1,"id":"a70ec0ee-2ef7-41cb-94b2-4bab5451eefe","createdAt":1522201128973,"updatedAt":1522201128973,"version":0,"user":{"name":"朱亚亮","email":"378338627@qq.com","phone":"15822927208","password":"$2a$10$tkDWWL9Mkz9AUFRa.zS/suzNbr.PYt8dYnZloNBj4mkVHyh/kIvM6","gender":true,"token":null,"canLogin":true,"status":1,"roleId":"aa7eeae7-8d60-40fb-95ad-e55495ffd845","id":"e096a454-4426-400f-92ad-9726744236c0","createdAt":1515633151464,"updatedAt":1515633151464,"version":0}}]}],"total":2}
*************** response log end ***************

[2018-03-28 11:15:22.316] [INFO] resLogger - 
*************** response log start ***************
request method: POST
request originalUrl:  /api/authinrole/check?token=eyJhbGciOiJIUzI1NiIsInR5cCI6IkpXVCJ9.eyJkYXRhIjp7ImlkIjoiMDU3MjBlNmUtZWJlMy00MDM2LWI1NzUtZmYxZmEwYzZjYjM4IiwibmFtZSI6ImFkbWluIiwiZ2VuZGVyIjp0cnVlLCJlbWFpbCI6IjM3ODMzODYyN0BxcS5jb20ifSwiaWF0IjoxNTIyMjAxMDUwLCJleHAiOjE1MjIyODc0NTB9.mRApkg_5pwMuhP7ycyCZBJF5Tnjwc5njfWjMGtYB2b4
request client ip:  ::ffff:127.0.0.1
request body: 
{"func":"order","op":"menu"}
response time: 19
response status: 200
response body: 
{"status":0}
*************** response log end ***************

[2018-03-28 11:15:22.359] [INFO] resLogger - 
*************** response log start ***************
request method: POST
request originalUrl:  /api/authinrole/check?token=eyJhbGciOiJIUzI1NiIsInR5cCI6IkpXVCJ9.eyJkYXRhIjp7ImlkIjoiMDU3MjBlNmUtZWJlMy00MDM2LWI1NzUtZmYxZmEwYzZjYjM4IiwibmFtZSI6ImFkbWluIiwiZ2VuZGVyIjp0cnVlLCJlbWFpbCI6IjM3ODMzODYyN0BxcS5jb20ifSwiaWF0IjoxNTIyMjAxMDUwLCJleHAiOjE1MjIyODc0NTB9.mRApkg_5pwMuhP7ycyCZBJF5Tnjwc5njfWjMGtYB2b4
request client ip:  ::ffff:127.0.0.1
request body: 
{"func":"order","op":"list"}
response time: 19
response status: 200
response body: 
{"status":0}
*************** response log end ***************

[2018-03-28 11:15:22.396] [INFO] resLogger - 
*************** response log start ***************
request method: GET
request originalUrl:  /api/order/list/page/1/time/1522166400000?token=eyJhbGciOiJIUzI1NiIsInR5cCI6IkpXVCJ9.eyJkYXRhIjp7ImlkIjoiMDU3MjBlNmUtZWJlMy00MDM2LWI1NzUtZmYxZmEwYzZjYjM4IiwibmFtZSI6ImFkbWluIiwiZ2VuZGVyIjp0cnVlLCJlbWFpbCI6IjM3ODMzODYyN0BxcS5jb20ifSwiaWF0IjoxNTIyMjAxMDUwLCJleHAiOjE1MjIyODc0NTB9.mRApkg_5pwMuhP7ycyCZBJF5Tnjwc5njfWjMGtYB2b4
request client ip:  ::ffff:127.0.0.1
request query:  {"token":"eyJhbGciOiJIUzI1NiIsInR5cCI6IkpXVCJ9.eyJkYXRhIjp7ImlkIjoiMDU3MjBlNmUtZWJlMy00MDM2LWI1NzUtZmYxZmEwYzZjYjM4IiwibmFtZSI6ImFkbWluIiwiZ2VuZGVyIjp0cnVlLCJlbWFpbCI6IjM3ODMzODYyN0BxcS5jb20ifSwiaWF0IjoxNTIyMjAxMDUwLCJleHAiOjE1MjIyODc0NTB9.mRApkg_5pwMuhP7ycyCZBJF5Tnjwc5njfWjMGtYB2b4"}
response time: 20
response status: 200
response body: 
{"status":0,"data":[{"no":"20180328000","custom_name":"招商","custom_phone":"15822927208","incoming_time":1522199980000,"custom_corporation":"d55858be-a683-497f-abff-6f60516418cd","custom_position":"696affa9-f8f9-4767-881a-11e4ad303b82","remark":null,"status":1,"needs":"[{\"type\":{\"id\":\"e6890530-4629-406f-a3fb-d8e2a293320b\",\"name\":\"硬件\",\"code\":\"HARDWARE\"},\"equipment\":{\"name\":\"打印机\",\"value\":\"打印机\"},\"op\":{\"id\":\"a3f97b89-ca2f-4be8-841f-8a9b95ca891e\",\"name\":\"连接\",\"code\":\"CONNECT\"},\"no\":2}]","id":"43c6fda9-c211-4efb-aaeb-74db235d9bb6","createdAt":1522201128830,"updatedAt":1522201128830,"version":0,"corporation":{"name":"招商公司","description":"八楼","status":1,"groupId":"f0c37d6d-c922-4617-befd-aa51ad85d7c5","id":"d55858be-a683-497f-abff-6f60516418cd","createdAt":1521794537272,"updatedAt":1521794537272,"version":0},"corpBuilding":{"corporationId":"d55858be-a683-497f-abff-6f60516418cd","buildingId":"6a9bcf38-e15c-4669-8dbd-bd48bfad4623","floor":8,"position":"W","status":1,"id":"696affa9-f8f9-4767-881a-11e4ad303b82","createdAt":1521794560864,"updatedAt":1521794605593,"version":1,"building":{"name":"商务大厦北楼","address":"北","minfloor":1,"maxfloor":15,"status":1,"id":"6a9bcf38-e15c-4669-8dbd-bd48bfad4623","createdAt":1515633153519,"updatedAt":1515633153519,"version":0}}}],"total":1}
*************** response log end ***************

[2018-03-28 11:15:23.534] [INFO] resLogger - 
*************** response log start ***************
request method: POST
request originalUrl:  /api/authinrole/check?token=eyJhbGciOiJIUzI1NiIsInR5cCI6IkpXVCJ9.eyJkYXRhIjp7ImlkIjoiMDU3MjBlNmUtZWJlMy00MDM2LWI1NzUtZmYxZmEwYzZjYjM4IiwibmFtZSI6ImFkbWluIiwiZ2VuZGVyIjp0cnVlLCJlbWFpbCI6IjM3ODMzODYyN0BxcS5jb20ifSwiaWF0IjoxNTIyMjAxMDUwLCJleHAiOjE1MjIyODc0NTB9.mRApkg_5pwMuhP7ycyCZBJF5Tnjwc5njfWjMGtYB2b4
request client ip:  ::ffff:127.0.0.1
request body: 
{"func":"op","op":"menu"}
response time: 22
response status: 200
response body: 
{"status":0}
*************** response log end ***************

[2018-03-28 11:15:23.581] [INFO] resLogger - 
*************** response log start ***************
request method: POST
request originalUrl:  /api/authinrole/check?token=eyJhbGciOiJIUzI1NiIsInR5cCI6IkpXVCJ9.eyJkYXRhIjp7ImlkIjoiMDU3MjBlNmUtZWJlMy00MDM2LWI1NzUtZmYxZmEwYzZjYjM4IiwibmFtZSI6ImFkbWluIiwiZ2VuZGVyIjp0cnVlLCJlbWFpbCI6IjM3ODMzODYyN0BxcS5jb20ifSwiaWF0IjoxNTIyMjAxMDUwLCJleHAiOjE1MjIyODc0NTB9.mRApkg_5pwMuhP7ycyCZBJF5Tnjwc5njfWjMGtYB2b4
request client ip:  ::ffff:127.0.0.1
request body: 
{"func":"op","op":"list"}
response time: 23
response status: 200
response body: 
{"status":0}
*************** response log end ***************

[2018-03-28 11:15:23.631] [INFO] resLogger - 
*************** response log start ***************
request method: GET
request originalUrl:  /api/corporations/list?token=eyJhbGciOiJIUzI1NiIsInR5cCI6IkpXVCJ9.eyJkYXRhIjp7ImlkIjoiMDU3MjBlNmUtZWJlMy00MDM2LWI1NzUtZmYxZmEwYzZjYjM4IiwibmFtZSI6ImFkbWluIiwiZ2VuZGVyIjp0cnVlLCJlbWFpbCI6IjM3ODMzODYyN0BxcS5jb20ifSwiaWF0IjoxNTIyMjAxMDUwLCJleHAiOjE1MjIyODc0NTB9.mRApkg_5pwMuhP7ycyCZBJF5Tnjwc5njfWjMGtYB2b4
request client ip:  ::ffff:127.0.0.1
request query:  {"token":"eyJhbGciOiJIUzI1NiIsInR5cCI6IkpXVCJ9.eyJkYXRhIjp7ImlkIjoiMDU3MjBlNmUtZWJlMy00MDM2LWI1NzUtZmYxZmEwYzZjYjM4IiwibmFtZSI6ImFkbWluIiwiZ2VuZGVyIjp0cnVlLCJlbWFpbCI6IjM3ODMzODYyN0BxcS5jb20ifSwiaWF0IjoxNTIyMjAxMDUwLCJleHAiOjE1MjIyODc0NTB9.mRApkg_5pwMuhP7ycyCZBJF5Tnjwc5njfWjMGtYB2b4"}
response time: 31
response status: 200
response body: 
{"status":0,"data":[{"name":"控股公司","description":"控股公司","status":1,"groupId":"f0c37d6d-c922-4617-befd-aa51ad85d7c5","id":"fbbf7c59-f08c-445b-a4f0-e2fa977117e8","createdAt":1515633158111,"updatedAt":1515633158111,"version":0,"group":{"name":"控股","description":"group2","status":1,"id":"f0c37d6d-c922-4617-befd-aa51ad85d7c5","createdAt":1515633152227,"updatedAt":1515633152227,"version":0}},{"name":"融资租赁公司","description":"融资租赁公司","status":1,"groupId":"f0c37d6d-c922-4617-befd-aa51ad85d7c5","id":"4f3b67d7-40f2-4377-86ba-e9775e728f64","createdAt":1515633158201,"updatedAt":1520564750982,"version":1,"group":{"name":"控股","description":"group2","status":1,"id":"f0c37d6d-c922-4617-befd-aa51ad85d7c5","createdAt":1515633152227,"updatedAt":1515633152227,"version":0}},{"name":"公共事业公司","description":"公共事业公司","status":1,"groupId":"f0c37d6d-c922-4617-befd-aa51ad85d7c5","id":"4599eaf8-68f6-4fd5-bf10-1d152e2b28fe","createdAt":1515633158411,"updatedAt":1515633158411,"version":0,"group":{"name":"控股","description":"group2","status":1,"id":"f0c37d6d-c922-4617-befd-aa51ad85d7c5","createdAt":1515633152227,"updatedAt":1515633152227,"version":0}},{"name":"建设公司","description":"建设公司","status":1,"groupId":"f0c37d6d-c922-4617-befd-aa51ad85d7c5","id":"53fa2bd9-bc42-4582-a5c3-38f8d8dad229","createdAt":1515633158488,"updatedAt":1515633158488,"version":0,"group":{"name":"控股","description":"group2","status":1,"id":"f0c37d6d-c922-4617-befd-aa51ad85d7c5","createdAt":1515633152227,"updatedAt":1515633152227,"version":0}},{"name":"投资公司","description":"投资公司","status":1,"groupId":"f0c37d6d-c922-4617-befd-aa51ad85d7c5","id":"73a751ce-1f60-42ce-a5ee-501712eef1f4","createdAt":1515633160114,"updatedAt":1515633160114,"version":0,"group":{"name":"控股","description":"group2","status":1,"id":"f0c37d6d-c922-4617-befd-aa51ad85d7c5","createdAt":1515633152227,"updatedAt":1515633152227,"version":0}},{"name":"园林公司","description":"园林公司","status":1,"groupId":"f0c37d6d-c922-4617-befd-aa51ad85d7c5","id":"d016201e-2c29-4d9f-8caa-4da5a7b279e9","createdAt":1515648909620,"updatedAt":1515648909620,"version":0,"group":{"name":"控股","description":"group2","status":1,"id":"f0c37d6d-c922-4617-befd-aa51ad85d7c5","createdAt":1515633152227,"updatedAt":1515633152227,"version":0}},{"name":"基金公司","description":"基金公司","status":1,"groupId":"f0c37d6d-c922-4617-befd-aa51ad85d7c5","id":"f0fd30bb-479c-44db-8413-ab39b32da748","createdAt":1515650970327,"updatedAt":1515650970327,"version":0,"group":{"name":"控股","description":"group2","status":1,"id":"f0c37d6d-c922-4617-befd-aa51ad85d7c5","createdAt":1515633152227,"updatedAt":1515633152227,"version":0}},{"name":"园区运营公司","description":"园区运营公司","status":1,"groupId":"f0c37d6d-c922-4617-befd-aa51ad85d7c5","id":"1c52efa6-abbe-4114-95a6-c1125d762446","createdAt":1515981270653,"updatedAt":1515981270653,"version":0,"group":{"name":"控股","description":"group2","status":1,"id":"f0c37d6d-c922-4617-befd-aa51ad85d7c5","createdAt":1515633152227,"updatedAt":1515633152227,"version":0}},{"name":"高新公司","description":"高新","status":1,"groupId":"f0c37d6d-c922-4617-befd-aa51ad85d7c5","id":"89cce940-1268-4690-abe4-3b3b14fb0cde","createdAt":1516607211910,"updatedAt":1516607211910,"version":0,"group":{"name":"控股","description":"group2","status":1,"id":"f0c37d6d-c922-4617-befd-aa51ad85d7c5","createdAt":1515633152227,"updatedAt":1515633152227,"version":0}},{"name":"置地公司","description":"置地公司","status":1,"groupId":"f0c37d6d-c922-4617-befd-aa51ad85d7c5","id":"4b2362eb-a9fd-414c-8c31-ad335e81105b","createdAt":1516670902936,"updatedAt":1520565001347,"version":2,"group":{"name":"控股","description":"group2","status":1,"id":"f0c37d6d-c922-4617-befd-aa51ad85d7c5","createdAt":1515633152227,"updatedAt":1515633152227,"version":0}},{"name":"铁路公司","description":"铁路公司","status":1,"groupId":"f0c37d6d-c922-4617-befd-aa51ad85d7c5","id":"f15181ba-7881-4536-9902-f0588e0c1e17","createdAt":1516670976469,"updatedAt":1516670976469,"version":0,"group":{"name":"控股","description":"group2","status":1,"id":"f0c37d6d-c922-4617-befd-aa51ad85d7c5","createdAt":1515633152227,"updatedAt":1515633152227,"version":0}},{"name":"港务公司","description":"港务公司","status":1,"groupId":"f0c37d6d-c922-4617-befd-aa51ad85d7c5","id":"268041ad-f79c-4c6a-858d-091c3a77ac59","createdAt":1516670996611,"updatedAt":1516670996611,"version":0,"group":{"name":"控股","description":"group2","status":1,"id":"f0c37d6d-c922-4617-befd-aa51ad85d7c5","createdAt":1515633152227,"updatedAt":1515633152227,"version":0}},{"name":"粮交所","description":"粮交所","status":1,"groupId":"f0c37d6d-c922-4617-befd-aa51ad85d7c5","id":"76e565af-f8c3-4798-bee7-3342bd079231","createdAt":1516671019340,"updatedAt":1520564697710,"version":1,"group":{"name":"控股","description":"group2","status":1,"id":"f0c37d6d-c922-4617-befd-aa51ad85d7c5","createdAt":1515633152227,"updatedAt":1515633152227,"version":0}},{"name":"信息公司","description":"信息公司","status":1,"groupId":"f0c37d6d-c922-4617-befd-aa51ad85d7c5","id":"38c3e49a-0e5d-4390-9f14-e9cae95f365f","createdAt":1516671101244,"updatedAt":1520564729149,"version":1,"group":{"name":"控股","description":"group2","status":1,"id":"f0c37d6d-c922-4617-befd-aa51ad85d7c5","createdAt":1515633152227,"updatedAt":1515633152227,"version":0}},{"name":"城市资源公司","description":"城市资源","status":1,"groupId":"f0c37d6d-c922-4617-befd-aa51ad85d7c5","id":"9eaf4c3b-0a1d-488a-a575-cf7772c21135","createdAt":1516671126558,"updatedAt":1520564922535,"version":1,"group":{"name":"控股","description":"group2","status":1,"id":"f0c37d6d-c922-4617-befd-aa51ad85d7c5","createdAt":1515633152227,"updatedAt":1515633152227,"version":0}},{"name":"物流商贸公司","description":"物流商贸","status":1,"groupId":"f0c37d6d-c922-4617-befd-aa51ad85d7c5","id":"d988a340-24ec-4f49-ba6a-98514328a07a","createdAt":1517196815376,"updatedAt":1517196815376,"version":0,"group":{"name":"控股","description":"group2","status":1,"id":"f0c37d6d-c922-4617-befd-aa51ad85d7c5","createdAt":1515633152227,"updatedAt":1515633152227,"version":0}},{"name":"信息管线公司","description":"信息管线公司","status":1,"groupId":"f0c37d6d-c922-4617-befd-aa51ad85d7c5","id":"9d70667b-13e9-46c7-b552-86050bef037a","createdAt":1517793948897,"updatedAt":1517793948897,"version":0,"group":{"name":"控股","description":"group2","status":1,"id":"f0c37d6d-c922-4617-befd-aa51ad85d7c5","createdAt":1515633152227,"updatedAt":1515633152227,"version":0}},{"name":"建设服务中心","description":"建设服务中心","status":1,"groupId":"f0c37d6d-c922-4617-befd-aa51ad85d7c5","id":"97b9d1eb-f88d-4f2c-bfec-e6c7767b8631","createdAt":1519789470777,"updatedAt":1519789470777,"version":0,"group":{"name":"控股","description":"group2","status":1,"id":"f0c37d6d-c922-4617-befd-aa51ad85d7c5","createdAt":1515633152227,"updatedAt":1515633152227,"version":0}},{"name":"招商公司","description":"八楼","status":1,"groupId":"f0c37d6d-c922-4617-befd-aa51ad85d7c5","id":"d55858be-a683-497f-abff-6f60516418cd","createdAt":1521794537272,"updatedAt":1521794537272,"version":0,"group":{"name":"控股","description":"group2","status":1,"id":"f0c37d6d-c922-4617-befd-aa51ad85d7c5","createdAt":1515633152227,"updatedAt":1515633152227,"version":0}},{"name":"临港清华附属小学","description":"临港清华附属小学","status":1,"groupId":"76a550ce-0788-4e2f-b3b8-875f9a62692c","id":"fd548fc1-6739-4ac2-b175-03d6e2706e24","createdAt":1515737229646,"updatedAt":1515737229646,"version":0,"group":{"name":"临港清华附属小学","description":"临港清华附属小学","status":1,"id":"76a550ce-0788-4e2f-b3b8-875f9a62692c","createdAt":1515737019104,"updatedAt":1515737019104,"version":0}},{"name":"审批服务大厅","description":"审批中心","status":1,"groupId":"52505514-1b27-449f-b575-55b32fd1280f","id":"1056620c-bbcb-49ed-bc65-e4602abec7b1","createdAt":1515633154455,"updatedAt":1515633154455,"version":0,"group":{"name":"管委会","description":"group1","status":1,"id":"52505514-1b27-449f-b575-55b32fd1280f","createdAt":1515633151465,"updatedAt":1515633151465,"version":0}},{"name":"投促局","description":"投促局","status":1,"groupId":"52505514-1b27-449f-b575-55b32fd1280f","id":"ad4b715b-623d-47ac-806a-f63704a137d2","createdAt":1515633154638,"updatedAt":1515633154638,"version":0,"group":{"name":"管委会","description":"group1","status":1,"id":"52505514-1b27-449f-b575-55b32fd1280f","createdAt":1515633151465,"updatedAt":1515633151465,"version":0}},{"name":"建规局","description":"建规局","status":1,"groupId":"52505514-1b27-449f-b575-55b32fd1280f","id":"2e677c67-c950-4a90-ac50-daaf8d2e6600","createdAt":1515633156390,"updatedAt":1515633156390,"version":0,"group":{"name":"管委会","description":"group1","status":1,"id":"52505514-1b27-449f-b575-55b32fd1280f","createdAt":1515633151465,"updatedAt":1515633151465,"version":0}},{"name":"安环局","description":"安环局","status":1,"groupId":"52505514-1b27-449f-b575-55b32fd1280f","id":"6e7566eb-3803-4316-9159-3e0ac2197b8f","createdAt":1515633156715,"updatedAt":1515633156715,"version":0,"group":{"name":"管委会","description":"group1","status":1,"id":"52505514-1b27-449f-b575-55b32fd1280f","createdAt":1515633151465,"updatedAt":1515633151465,"version":0}},{"name":"财政局","description":"财政局","status":1,"groupId":"52505514-1b27-449f-b575-55b32fd1280f","id":"1e42679d-d2ec-4ff7-af89-850ac8cce48b","createdAt":1515633161332,"updatedAt":1515633161332,"version":0,"group":{"name":"管委会","description":"group1","status":1,"id":"52505514-1b27-449f-b575-55b32fd1280f","createdAt":1515633151465,"updatedAt":1515633151465,"version":0}},{"name":"经发局","description":"经发局","status":1,"groupId":"52505514-1b27-449f-b575-55b32fd1280f","id":"856ca73f-b096-4ea4-95f5-19f4de4bf538","createdAt":1515633161787,"updatedAt":1515633161787,"version":0,"group":{"name":"管委会","description":"group1","status":1,"id":"52505514-1b27-449f-b575-55b32fd1280f","createdAt":1515633151465,"updatedAt":1515633151465,"version":0}},{"name":"人社局","description":"人社局","status":1,"groupId":"52505514-1b27-449f-b575-55b32fd1280f","id":"3edd5598-c59e-4de4-8e7c-880c1ff1d747","createdAt":1515633161957,"updatedAt":1515633161957,"version":0,"group":{"name":"管委会","description":"group1","status":1,"id":"52505514-1b27-449f-b575-55b32fd1280f","createdAt":1515633151465,"updatedAt":1515633151465,"version":0}},{"name":"社发局","description":"社发局","status":1,"groupId":"52505514-1b27-449f-b575-55b32fd1280f","id":"6c3b68d0-9fa0-429c-a841-f886d295a120","createdAt":1515633162174,"updatedAt":1515633162174,"version":0,"group":{"name":"管委会","description":"group1","status":1,"id":"52505514-1b27-449f-b575-55b32fd1280f","createdAt":1515633151465,"updatedAt":1515633151465,"version":0}},{"name":"管委会办公室","description":"管委会办公室","status":1,"groupId":"52505514-1b27-449f-b575-55b32fd1280f","id":"aeca46cc-207a-4228-9978-cc8c0900fd37","createdAt":1515633162317,"updatedAt":1515633162317,"version":0,"group":{"name":"管委会","description":"group1","status":1,"id":"52505514-1b27-449f-b575-55b32fd1280f","createdAt":1515633151465,"updatedAt":1515633151465,"version":0}}],"total":29}
*************** response log end ***************

[2018-03-28 11:15:23.652] [INFO] resLogger - 
*************** response log start ***************
request method: GET
request originalUrl:  /api/operation/list/page/1/time/1522206923000/corp/0/no/0?token=eyJhbGciOiJIUzI1NiIsInR5cCI6IkpXVCJ9.eyJkYXRhIjp7ImlkIjoiMDU3MjBlNmUtZWJlMy00MDM2LWI1NzUtZmYxZmEwYzZjYjM4IiwibmFtZSI6ImFkbWluIiwiZ2VuZGVyIjp0cnVlLCJlbWFpbCI6IjM3ODMzODYyN0BxcS5jb20ifSwiaWF0IjoxNTIyMjAxMDUwLCJleHAiOjE1MjIyODc0NTB9.mRApkg_5pwMuhP7ycyCZBJF5Tnjwc5njfWjMGtYB2b4
request client ip:  ::ffff:127.0.0.1
request query:  {"token":"eyJhbGciOiJIUzI1NiIsInR5cCI6IkpXVCJ9.eyJkYXRhIjp7ImlkIjoiMDU3MjBlNmUtZWJlMy00MDM2LWI1NzUtZmYxZmEwYzZjYjM4IiwibmFtZSI6ImFkbWluIiwiZ2VuZGVyIjp0cnVlLCJlbWFpbCI6IjM3ODMzODYyN0BxcS5jb20ifSwiaWF0IjoxNTIyMjAxMDUwLCJleHAiOjE1MjIyODc0NTB9.mRApkg_5pwMuhP7ycyCZBJF5Tnjwc5njfWjMGtYB2b4"}
response time: 40
response status: 200
response body: 
{"status":0,"data":[{"orderId":"43c6fda9-c211-4efb-aaeb-74db235d9bb6","important":false,"op":"a3f97b89-ca2f-4be8-841f-8a9b95ca891e","no":"20180328000","create_time":1522199980000,"remark":"","status":1,"id":"b8bc5d9a-3b93-4e9d-9c10-0758d5d5f6bf","createdAt":1522201128856,"updatedAt":1522201128856,"version":0,"order":{"no":"20180328000","custom_name":"招商","custom_phone":"15822927208","incoming_time":1522199980000,"custom_corporation":"d55858be-a683-497f-abff-6f60516418cd","custom_position":"696affa9-f8f9-4767-881a-11e4ad303b82","remark":null,"status":1,"needs":"[{\"type\":{\"id\":\"e6890530-4629-406f-a3fb-d8e2a293320b\",\"name\":\"硬件\",\"code\":\"HARDWARE\"},\"equipment\":{\"name\":\"打印机\",\"value\":\"打印机\"},\"op\":{\"id\":\"a3f97b89-ca2f-4be8-841f-8a9b95ca891e\",\"name\":\"连接\",\"code\":\"CONNECT\"},\"no\":2}]","id":"43c6fda9-c211-4efb-aaeb-74db235d9bb6","createdAt":1522201128830,"updatedAt":1522201128830,"version":0,"corporation":{"name":"招商公司","description":"八楼","status":1,"groupId":"f0c37d6d-c922-4617-befd-aa51ad85d7c5","id":"d55858be-a683-497f-abff-6f60516418cd","createdAt":1521794537272,"updatedAt":1521794537272,"version":0},"corpBuilding":{"corporationId":"d55858be-a683-497f-abff-6f60516418cd","buildingId":"6a9bcf38-e15c-4669-8dbd-bd48bfad4623","floor":8,"position":"W","status":1,"id":"696affa9-f8f9-4767-881a-11e4ad303b82","createdAt":1521794560864,"updatedAt":1521794605593,"version":1,"building":{"name":"商务大厦北楼","address":"北","minfloor":1,"maxfloor":15,"status":1,"id":"6a9bcf38-e15c-4669-8dbd-bd48bfad4623","createdAt":1515633153519,"updatedAt":1515633153519,"version":0}}},"businessContent":{"type":"HARDWARE","equipment":"打印机","operation":"CONNECT","isAdvanced":null,"weight":5,"remark":null,"status":1,"id":"a3f97b89-ca2f-4be8-841f-8a9b95ca891e","createdAt":1517189230921,"updatedAt":1517189230921,"version":0},"actions":[{"operationId":"b8bc5d9a-3b93-4e9d-9c10-0758d5d5f6bf","call_time":1522199980000,"start_time":1522200100000,"end_time":1522200580000,"worker":"e096a454-4426-400f-92ad-9726744236c0","operationStart":null,"operationComplete":1,"status":1,"id":"f8f366c2-5488-4118-935b-f5f9b1428c12","createdAt":1522201128920,"updatedAt":1522201128920,"version":0,"user":{"name":"朱亚亮","email":"378338627@qq.com","phone":"15822927208","password":"$2a$10$tkDWWL9Mkz9AUFRa.zS/suzNbr.PYt8dYnZloNBj4mkVHyh/kIvM6","gender":true,"token":null,"canLogin":true,"status":1,"roleId":"aa7eeae7-8d60-40fb-95ad-e55495ffd845","id":"e096a454-4426-400f-92ad-9726744236c0","createdAt":1515633151464,"updatedAt":1515633151464,"version":0}}]},{"orderId":"43c6fda9-c211-4efb-aaeb-74db235d9bb6","important":false,"op":"a3f97b89-ca2f-4be8-841f-8a9b95ca891e","no":"20180328001","create_time":1522199980000,"remark":"","status":1,"id":"3ec6071b-e2da-486c-84c1-f3a2d558683e","createdAt":1522201128928,"updatedAt":1522201128928,"version":0,"order":{"no":"20180328000","custom_name":"招商","custom_phone":"15822927208","incoming_time":1522199980000,"custom_corporation":"d55858be-a683-497f-abff-6f60516418cd","custom_position":"696affa9-f8f9-4767-881a-11e4ad303b82","remark":null,"status":1,"needs":"[{\"type\":{\"id\":\"e6890530-4629-406f-a3fb-d8e2a293320b\",\"name\":\"硬件\",\"code\":\"HARDWARE\"},\"equipment\":{\"name\":\"打印机\",\"value\":\"打印机\"},\"op\":{\"id\":\"a3f97b89-ca2f-4be8-841f-8a9b95ca891e\",\"name\":\"连接\",\"code\":\"CONNECT\"},\"no\":2}]","id":"43c6fda9-c211-4efb-aaeb-74db235d9bb6","createdAt":1522201128830,"updatedAt":1522201128830,"version":0,"corporation":{"name":"招商公司","description":"八楼","status":1,"groupId":"f0c37d6d-c922-4617-befd-aa51ad85d7c5","id":"d55858be-a683-497f-abff-6f60516418cd","createdAt":1521794537272,"updatedAt":1521794537272,"version":0},"corpBuilding":{"corporationId":"d55858be-a683-497f-abff-6f60516418cd","buildingId":"6a9bcf38-e15c-4669-8dbd-bd48bfad4623","floor":8,"position":"W","status":1,"id":"696affa9-f8f9-4767-881a-11e4ad303b82","createdAt":1521794560864,"updatedAt":1521794605593,"version":1,"building":{"name":"商务大厦北楼","address":"北","minfloor":1,"maxfloor":15,"status":1,"id":"6a9bcf38-e15c-4669-8dbd-bd48bfad4623","createdAt":1515633153519,"updatedAt":1515633153519,"version":0}}},"businessContent":{"type":"HARDWARE","equipment":"打印机","operation":"CONNECT","isAdvanced":null,"weight":5,"remark":null,"status":1,"id":"a3f97b89-ca2f-4be8-841f-8a9b95ca891e","createdAt":1517189230921,"updatedAt":1517189230921,"version":0},"actions":[{"operationId":"3ec6071b-e2da-486c-84c1-f3a2d558683e","call_time":1522199980000,"start_time":1522200640000,"end_time":1522201120000,"worker":"e096a454-4426-400f-92ad-9726744236c0","operationStart":null,"operationComplete":1,"status":1,"id":"a70ec0ee-2ef7-41cb-94b2-4bab5451eefe","createdAt":1522201128973,"updatedAt":1522201128973,"version":0,"user":{"name":"朱亚亮","email":"378338627@qq.com","phone":"15822927208","password":"$2a$10$tkDWWL9Mkz9AUFRa.zS/suzNbr.PYt8dYnZloNBj4mkVHyh/kIvM6","gender":true,"token":null,"canLogin":true,"status":1,"roleId":"aa7eeae7-8d60-40fb-95ad-e55495ffd845","id":"e096a454-4426-400f-92ad-9726744236c0","createdAt":1515633151464,"updatedAt":1515633151464,"version":0}}]}],"total":2}
*************** response log end ***************

[2018-03-28 11:18:18.018] [INFO] resLogger - 
*************** response log start ***************
request method: GET
request originalUrl:  /
request client ip:  ::1
request query:  {}
response time: 3583
response status: 200
response body: 
"<!DOCTYPE html><html class=\"fullscreen-bg\"><head><title>koa2 title</title><meta charset=\"utf-8\"><meta http-equiv=\"X-UA-Compatible\" content=\"IE=edge,chrome=1\"><meta name=\"viewport\" content=\"width=device-width, initial-scale=1.0, maximum-scale=1.0, user-scalable=0\"><link rel=\"stylesheet\" href=\"assets/vendor/bootstrap/css/bootstrap.min.css\"><link rel=\"stylesheet\" href=\"assets/vendor/font-awesome/css/font-awesome.min.css\"><link rel=\"stylesheet\" href=\"assets/vendor/linearicons/style.css\"><link rel=\"stylesheet\" href=\"assets/css/main.css\"><link rel=\"stylesheet\" href=\"assets/css/demo.css\"><link rel=\"apple-touch-icon\" sizes=\"76x76\" href=\"assets/img/apple-icon.png\"><link rel=\"icon\" type=\"image/png\" sizes=\"96x96\" href=\"assets/img/favicon.png\"></head><body><h1>koa2 title</h1><p>JADE Welcome to koa2 title,liumeng</p></body></html>"
*************** response log end ***************

[2018-03-28 11:25:29.256] [INFO] resLogger - 
*************** response log start ***************
request method: GET
request originalUrl:  /index
request client ip:  ::1
request query:  {}
response time: 6
response status: 404
response body: 
undefined
*************** response log end ***************

[2018-03-28 11:25:29.335] [INFO] resLogger - 
*************** response log start ***************
request method: GET
request originalUrl:  /favicon.ico
request client ip:  ::1
request query:  {}
response time: 2
response status: 404
response body: 
undefined
*************** response log end ***************

[2018-03-28 11:26:22.353] [INFO] resLogger - 
*************** response log start ***************
request method: GET
request originalUrl:  /index
request client ip:  ::1
request query:  {}
response time: 424
response status: 200
response body: 
"<!DOCTYPE html><html class=\"fullscreen-bg\"><head><title>koa2 title</title><meta charset=\"utf-8\"><meta http-equiv=\"X-UA-Compatible\" content=\"IE=edge,chrome=1\"><meta name=\"viewport\" content=\"width=device-width, initial-scale=1.0, maximum-scale=1.0, user-scalable=0\"><link rel=\"stylesheet\" href=\"assets/vendor/bootstrap/css/bootstrap.min.css\"><link rel=\"stylesheet\" href=\"assets/vendor/font-awesome/css/font-awesome.min.css\"><link rel=\"stylesheet\" href=\"assets/vendor/linearicons/style.css\"><link rel=\"stylesheet\" href=\"assets/css/main.css\"><link rel=\"stylesheet\" href=\"assets/css/demo.css\"><link rel=\"apple-touch-icon\" sizes=\"76x76\" href=\"assets/img/apple-icon.png\"><link rel=\"icon\" type=\"image/png\" sizes=\"96x96\" href=\"assets/img/favicon.png\"></head><body><h1>koa2 title</h1><p>JADE Welcome to koa2 title,liumeng</p></body></html>"
*************** response log end ***************

[2018-03-28 11:26:37.422] [INFO] resLogger - 
*************** response log start ***************
request method: GET
request originalUrl:  /index/operation
request client ip:  ::1
request query:  {}
response time: 1
response status: 404
response body: 
undefined
*************** response log end ***************

[2018-03-28 11:26:43.775] [INFO] resLogger - 
*************** response log start ***************
request method: GET
request originalUrl:  /index/operation/3
request client ip:  ::1
request query:  {}
response time: 11
response status: 200
response body: 
"<html>\n</"
*************** response log end ***************

[2018-03-28 11:41:02.149] [INFO] resLogger - 
*************** response log start ***************
request method: GET
request originalUrl:  /index/operation/3
request client ip:  ::1
request query:  {}
response time: 7
response status: 404
response body: 
undefined
*************** response log end ***************

[2018-03-28 11:41:07.581] [INFO] resLogger - 
*************** response log start ***************
request method: GET
request originalUrl:  /page/operation/3
request client ip:  ::1
request query:  {}
response time: 2
response status: 404
response body: 
undefined
*************** response log end ***************

[2018-03-28 11:41:42.417] [INFO] resLogger - 
*************** response log start ***************
request method: GET
request originalUrl:  /page/operation/3
request client ip:  ::1
request query:  {}
response time: 674
response status: 200
response body: 
"<!DOCTYPE html><html class=\"fullscreen-bg\"><head><title>工单</title><meta charset=\"utf-8\"><meta http-equiv=\"X-UA-Compatible\" content=\"IE=edge,chrome=1\"><meta name=\"viewport\" content=\"width=device-width, initial-scale=1.0, maximum-scale=1.0, user-scalable=0\"></head></html>"
*************** response log end ***************

[2018-03-28 11:41:45.724] [INFO] resLogger - 
*************** response log start ***************
request method: GET
request originalUrl:  /page/order/3
request client ip:  ::1
request query:  {}
response time: 31
response status: 200
response body: 
"<!DOCTYPE html><html class=\"fullscreen-bg\"><head><title>需求</title><meta charset=\"utf-8\"><meta http-equiv=\"X-UA-Compatible\" content=\"IE=edge,chrome=1\"><meta name=\"viewport\" content=\"width=device-width, initial-scale=1.0, maximum-scale=1.0, user-scalable=0\"></head></html>"
*************** response log end ***************

[2018-03-28 11:41:49.747] [INFO] resLogger - 
*************** response log start ***************
request method: GET
request originalUrl:  /page/operation/3
request client ip:  ::1
request query:  {}
response time: 21
response status: 200
response body: 
"<!DOCTYPE html><html class=\"fullscreen-bg\"><head><title>工单</title><meta charset=\"utf-8\"><meta http-equiv=\"X-UA-Compatible\" content=\"IE=edge,chrome=1\"><meta name=\"viewport\" content=\"width=device-width, initial-scale=1.0, maximum-scale=1.0, user-scalable=0\"></head></html>"
*************** response log end ***************

[2018-03-28 11:55:59.770] [INFO] resLogger - 
*************** response log start ***************
request method: GET
request originalUrl:  /page/operation/3
request client ip:  ::1
request query:  {}
response time: 62
response status: 200
response body: 
"<!DOCTYPE html><html><head><title>工单</title><meta charset=\"utf-8\"><meta http-equiv=\"X-UA-Compatible\" content=\"IE=edge,chrome=1\"><meta name=\"viewport\" content=\"width=device-width, initial-scale=1.0, maximum-scale=1.0, user-scalable=0\"></head><body><h1>工单</h1></body></html>"
*************** response log end ***************

[2018-03-28 11:56:03.889] [INFO] resLogger - 
*************** response log start ***************
request method: GET
request originalUrl:  /page/order/3
request client ip:  ::1
request query:  {}
response time: 21
response status: 200
response body: 
"<!DOCTYPE html><html><head><title>需求</title><meta charset=\"utf-8\"><meta http-equiv=\"X-UA-Compatible\" content=\"IE=edge,chrome=1\"><meta name=\"viewport\" content=\"width=device-width, initial-scale=1.0, maximum-scale=1.0, user-scalable=0\"></head><body><h1>需求</h1></body></html>"
*************** response log end ***************

