[2018-04-09 15:36:07.837] [INFO] resLogger - 
*************** response log start ***************
request method: GET
request originalUrl:  /page/operation/1b69be551-2a4f-41ca-ba52-f7909dd52c71
request client ip:  ::ffff:127.0.0.1
request query:  {}
response time: 182
response status: 200
response body: 
"工单不存在"
*************** response log end ***************

[2018-04-09 15:40:08.743] [INFO] resLogger - 
*************** response log start ***************
request method: OPTIONS
request originalUrl:  /api/authinrole/check?token=eyJhbGciOiJIUzI1NiIsInR5cCI6IkpXVCJ9.eyJkYXRhIjp7ImlkIjoiMDU3MjBlNmUtZWJlMy00MDM2LWI1NzUtZmYxZmEwYzZjYjM4IiwibmFtZSI6ImFkbWluIiwiZ2VuZGVyIjp0cnVlLCJlbWFpbCI6IjM3ODMzODYyN0BxcS5jb20ifSwiaWF0IjoxNTIzMjQ0Njc4LCJleHAiOjE1MjMzMzEwNzh9.NqoMgr2RAUm_Cb4JFuSiYGZoDK4W5bYgOd6cdi35h4U
request client ip:  ::ffff:127.0.0.1
request body: 
{}
response time: 10
response status: 204
response body: 
undefined
*************** response log end ***************

[2018-04-09 15:40:08.963] [INFO] resLogger - 
*************** response log start ***************
request method: POST
request originalUrl:  /api/authinrole/check?token=eyJhbGciOiJIUzI1NiIsInR5cCI6IkpXVCJ9.eyJkYXRhIjp7ImlkIjoiMDU3MjBlNmUtZWJlMy00MDM2LWI1NzUtZmYxZmEwYzZjYjM4IiwibmFtZSI6ImFkbWluIiwiZ2VuZGVyIjp0cnVlLCJlbWFpbCI6IjM3ODMzODYyN0BxcS5jb20ifSwiaWF0IjoxNTIzMjQ0Njc4LCJleHAiOjE1MjMzMzEwNzh9.NqoMgr2RAUm_Cb4JFuSiYGZoDK4W5bYgOd6cdi35h4U
request client ip:  ::ffff:127.0.0.1
request body: 
{"func":"op","op":"list"}
response time: 179
response status: 200
response body: 
{"status":0}
*************** response log end ***************

[2018-04-09 15:40:09.360] [INFO] resLogger - 
*************** response log start ***************
request method: GET
request originalUrl:  /api/equipType/list?token=eyJhbGciOiJIUzI1NiIsInR5cCI6IkpXVCJ9.eyJkYXRhIjp7ImlkIjoiMDU3MjBlNmUtZWJlMy00MDM2LWI1NzUtZmYxZmEwYzZjYjM4IiwibmFtZSI6ImFkbWluIiwiZ2VuZGVyIjp0cnVlLCJlbWFpbCI6IjM3ODMzODYyN0BxcS5jb20ifSwiaWF0IjoxNTIzMjQ0Njc4LCJleHAiOjE1MjMzMzEwNzh9.NqoMgr2RAUm_Cb4JFuSiYGZoDK4W5bYgOd6cdi35h4U
request client ip:  ::ffff:127.0.0.1
request query:  {"token":"eyJhbGciOiJIUzI1NiIsInR5cCI6IkpXVCJ9.eyJkYXRhIjp7ImlkIjoiMDU3MjBlNmUtZWJlMy00MDM2LWI1NzUtZmYxZmEwYzZjYjM4IiwibmFtZSI6ImFkbWluIiwiZ2VuZGVyIjp0cnVlLCJlbWFpbCI6IjM3ODMzODYyN0BxcS5jb20ifSwiaWF0IjoxNTIzMjQ0Njc4LCJleHAiOjE1MjMzMzEwNzh9.NqoMgr2RAUm_Cb4JFuSiYGZoDK4W5bYgOd6cdi35h4U"}
response time: 18
response status: 200
response body: 
{"status":0,"data":[{"name":"网络","code":"NETWORK","id":"edad6210-e642-4302-98c1-60251cb85972","createdAt":1515633162976,"updatedAt":1515633162976,"version":0},{"name":"软件","code":"SOFTWARE","id":"273f11bf-51a4-4331-9f71-f209625da820","createdAt":1515633162815,"updatedAt":1515633162815,"version":0},{"name":"硬件","code":"HARDWARE","id":"e6890530-4629-406f-a3fb-d8e2a293320b","createdAt":1515633162627,"updatedAt":1515633162627,"version":0}]}
*************** response log end ***************

[2018-04-09 15:40:09.421] [INFO] resLogger - 
*************** response log start ***************
request method: GET
request originalUrl:  /api/workers/list?token=eyJhbGciOiJIUzI1NiIsInR5cCI6IkpXVCJ9.eyJkYXRhIjp7ImlkIjoiMDU3MjBlNmUtZWJlMy00MDM2LWI1NzUtZmYxZmEwYzZjYjM4IiwibmFtZSI6ImFkbWluIiwiZ2VuZGVyIjp0cnVlLCJlbWFpbCI6IjM3ODMzODYyN0BxcS5jb20ifSwiaWF0IjoxNTIzMjQ0Njc4LCJleHAiOjE1MjMzMzEwNzh9.NqoMgr2RAUm_Cb4JFuSiYGZoDK4W5bYgOd6cdi35h4U
request client ip:  ::ffff:127.0.0.1
request query:  {"token":"eyJhbGciOiJIUzI1NiIsInR5cCI6IkpXVCJ9.eyJkYXRhIjp7ImlkIjoiMDU3MjBlNmUtZWJlMy00MDM2LWI1NzUtZmYxZmEwYzZjYjM4IiwibmFtZSI6ImFkbWluIiwiZ2VuZGVyIjp0cnVlLCJlbWFpbCI6IjM3ODMzODYyN0BxcS5jb20ifSwiaWF0IjoxNTIzMjQ0Njc4LCJleHAiOjE1MjMzMzEwNzh9.NqoMgr2RAUm_Cb4JFuSiYGZoDK4W5bYgOd6cdi35h4U"}
response time: 55
response status: 200
response body: 
{"status":0,"data":[{"name":"admin","email":"378338627@qq.com","phone":"15822927208","password":"$2a$10$ZCz8FbSB13tB2jbZIaI13.kaTOEp236iyvOOtqgZf.m.RSqqgjheq","gender":true,"token":"eyJhbGciOiJIUzI1NiIsInR5cCI6IkpXVCJ9.eyJkYXRhIjp7ImlkIjoiMDU3MjBlNmUtZWJlMy00MDM2LWI1NzUtZmYxZmEwYzZjYjM4IiwibmFtZSI6ImFkbWluIiwiZ2VuZGVyIjp0cnVlLCJlbWFpbCI6IjM3ODMzODYyN0BxcS5jb20ifSwiaWF0IjoxNTIzMjQ0Njc4LCJleHAiOjE1MjMzMzEwNzh9.NqoMgr2RAUm_Cb4JFuSiYGZoDK4W5bYgOd6cdi35h4U","canLogin":true,"status":1,"roleId":"440fba89-762d-4584-8bdc-26e2e7b5e71e","id":"05720e6e-ebe3-4036-b575-ff1fa0c6cb38","createdAt":1515633151463,"updatedAt":1523244678098,"version":75,"worker":{"userId":"05720e6e-ebe3-4036-b575-ff1fa0c6cb38","id":"cbfc2558-dbf1-4dbe-9715-f3c3d498771c","createdAt":1521773688107,"updatedAt":1521773688107,"version":0}},{"name":"张赫","email":"378338627@qq.com","phone":"15822927208","password":"$2a$10$JUhMlqmi1flOuZRNBWq8j.o1y9YUDnWElK8XNEMAgkk/WAw66oVUu","gender":true,"token":null,"canLogin":true,"status":1,"roleId":"aa7eeae7-8d60-40fb-95ad-e55495ffd845","id":"ddb9b8c8-e9ba-48ac-af2e-bce4d534e4fb","createdAt":1515633151464,"updatedAt":1515633151464,"version":0,"worker":{"userId":"ddb9b8c8-e9ba-48ac-af2e-bce4d534e4fb","id":"535b3f1a-80dc-482e-a72b-8f3be9964a72","createdAt":1515633503273,"updatedAt":1515633503273,"version":0}},{"name":"朱亚亮","email":"378338627@qq.com","phone":"15822927208","password":"$2a$10$tkDWWL9Mkz9AUFRa.zS/suzNbr.PYt8dYnZloNBj4mkVHyh/kIvM6","gender":true,"token":null,"canLogin":true,"status":1,"roleId":"aa7eeae7-8d60-40fb-95ad-e55495ffd845","id":"e096a454-4426-400f-92ad-9726744236c0","createdAt":1515633151464,"updatedAt":1515633151464,"version":0,"worker":{"userId":"e096a454-4426-400f-92ad-9726744236c0","id":"8a3b64a8-aa73-4bee-abcc-c6793b69ce36","createdAt":1520564971177,"updatedAt":1520564971177,"version":0}},{"name":"庞子博","email":null,"phone":null,"password":"$2a$10$tsM9DndCIJaRrRXs67NnpOzFGOBDanLbkAcx3bPomQDjWFolbBbyC","gender":true,"token":null,"canLogin":true,"status":1,"roleId":"aa7eeae7-8d60-40fb-95ad-e55495ffd845","id":"b4fe1ad8-3b6b-4987-81d0-61715078370d","createdAt":1521444713708,"updatedAt":1521444713708,"version":0,"worker":{"userId":"b4fe1ad8-3b6b-4987-81d0-61715078370d","id":"0c46ed02-ecfa-4a98-b55c-0f021e96a5ec","createdAt":1521444719128,"updatedAt":1521444719128,"version":0}},{"name":"柏乾丁","email":null,"phone":null,"password":"$2a$10$X0cBFZcta.17teTTqpILF.7uQFzZxZXj8HBgMlmhJ6c85d8mqGK7W","gender":true,"token":null,"canLogin":true,"status":1,"roleId":"aa7eeae7-8d60-40fb-95ad-e55495ffd845","id":"57006f2f-a8ca-4d39-8297-fdd8fc1695cf","createdAt":1521699299739,"updatedAt":1521699299739,"version":0,"worker":{"userId":"57006f2f-a8ca-4d39-8297-fdd8fc1695cf","id":"8b4a6248-5ced-4f78-86cd-fe70b642d575","createdAt":1521699323338,"updatedAt":1521699323338,"version":0}},{"name":"杨立岩","email":null,"phone":null,"password":"$2a$10$EjvM0RWmN/7pPhDicoRafuMvVsdPw/vYxq23S6Whh19SCa6EcfVNW","gender":true,"token":null,"canLogin":true,"status":1,"roleId":"440fba89-762d-4584-8bdc-26e2e7b5e71e","id":"ceeb029e-3a77-43a7-a408-3bf1be72bac3","createdAt":1522368996583,"updatedAt":1522368996583,"version":0,"worker":{"userId":"ceeb029e-3a77-43a7-a408-3bf1be72bac3","id":"5c0abe2e-095b-4cb9-b1b5-3735068cf372","createdAt":1522369003172,"updatedAt":1522369003172,"version":0}}]}
*************** response log end ***************

[2018-04-09 15:40:09.449] [INFO] resLogger - 
*************** response log start ***************
request method: GET
request originalUrl:  /api/operation/b69be551-2a4f-41ca-ba52-f7909dd52c71?token=eyJhbGciOiJIUzI1NiIsInR5cCI6IkpXVCJ9.eyJkYXRhIjp7ImlkIjoiMDU3MjBlNmUtZWJlMy00MDM2LWI1NzUtZmYxZmEwYzZjYjM4IiwibmFtZSI6ImFkbWluIiwiZ2VuZGVyIjp0cnVlLCJlbWFpbCI6IjM3ODMzODYyN0BxcS5jb20ifSwiaWF0IjoxNTIzMjQ0Njc4LCJleHAiOjE1MjMzMzEwNzh9.NqoMgr2RAUm_Cb4JFuSiYGZoDK4W5bYgOd6cdi35h4U
request client ip:  ::ffff:127.0.0.1
request query:  {"token":"eyJhbGciOiJIUzI1NiIsInR5cCI6IkpXVCJ9.eyJkYXRhIjp7ImlkIjoiMDU3MjBlNmUtZWJlMy00MDM2LWI1NzUtZmYxZmEwYzZjYjM4IiwibmFtZSI6ImFkbWluIiwiZ2VuZGVyIjp0cnVlLCJlbWFpbCI6IjM3ODMzODYyN0BxcS5jb20ifSwiaWF0IjoxNTIzMjQ0Njc4LCJleHAiOjE1MjMzMzEwNzh9.NqoMgr2RAUm_Cb4JFuSiYGZoDK4W5bYgOd6cdi35h4U"}
response time: 71
response status: 200
response body: 
{"status":0,"data":{"orderId":"ebdf071f-8797-417d-8a74-51cdd20ef9f4","important":false,"op":"8f51ac69-d68a-4b7e-8562-3e8327e3de01","no":"20180409000","create_time":1523234701000,"remark":"","status":1,"id":"b69be551-2a4f-41ca-ba52-f7909dd52c71","createdAt":1523256608850,"updatedAt":1523256608850,"version":0,"order":{"no":"20180409000","custom_name":"高新","custom_phone":"15822927208","incoming_time":1523234701000,"custom_corporation":"89cce940-1268-4690-abe4-3b3b14fb0cde","custom_position":"6ed100a3-ea99-4c9a-b02b-51ef5f977092","remark":null,"status":1,"needs":"[{\"type\":{\"id\":\"e6890530-4629-406f-a3fb-d8e2a293320b\",\"name\":\"硬件\",\"code\":\"HARDWARE\"},\"equipment\":{\"name\":\"电话\",\"value\":\"电话\"},\"op\":{\"id\":\"8f51ac69-d68a-4b7e-8562-3e8327e3de01\",\"name\":\"安装\",\"code\":\"SETUP\"},\"no\":1},{\"type\":{\"id\":\"edad6210-e642-4302-98c1-60251cb85972\",\"name\":\"网络\",\"code\":\"NETWORK\"},\"equipment\":{\"name\":\"互联网\",\"value\":\"互联网\"},\"op\":{\"id\":\"0238f1c8-41a3-46da-84ea-61e406b21d30\",\"name\":\"连接\",\"code\":\"CONNECT\"},\"no\":1}]","id":"ebdf071f-8797-417d-8a74-51cdd20ef9f4","createdAt":1523256608841,"updatedAt":1523256608841,"version":0,"corporation":{"name":"高新公司","description":"高新","status":1,"groupId":"f0c37d6d-c922-4617-befd-aa51ad85d7c5","id":"89cce940-1268-4690-abe4-3b3b14fb0cde","createdAt":1516607211910,"updatedAt":1516607211910,"version":0},"corpBuilding":{"corporationId":"89cce940-1268-4690-abe4-3b3b14fb0cde","buildingId":"6a9bcf38-e15c-4669-8dbd-bd48bfad4623","floor":4,"position":"E","status":1,"id":"6ed100a3-ea99-4c9a-b02b-51ef5f977092","createdAt":1516607229473,"updatedAt":1516607229473,"version":0,"building":{"name":"商务大厦北楼","address":"北","minfloor":1,"maxfloor":15,"status":1,"id":"6a9bcf38-e15c-4669-8dbd-bd48bfad4623","createdAt":1515633153519,"updatedAt":1515633153519,"version":0}}},"businessContent":{"type":"HARDWARE","equipment":"电话","operation":"SETUP","isAdvanced":null,"weight":5,"remark":null,"status":1,"id":"8f51ac69-d68a-4b7e-8562-3e8327e3de01","createdAt":1515633164099,"updatedAt":1517551439716,"version":1,"equipType":{"name":"硬件","code":"HARDWARE","id":"e6890530-4629-406f-a3fb-d8e2a293320b","createdAt":1515633162627,"updatedAt":1515633162627,"version":0},"equipOp":{"name":"安装","code":"SETUP","id":"a1827017-987a-4fea-89c4-5742c40cbc3e","createdAt":1515633163145,"updatedAt":1515633163145,"version":0}},"actions":[{"operationId":"b69be551-2a4f-41ca-ba52-f7909dd52c71","call_time":1523234701000,"start_time":1523235001000,"end_time":1523236801000,"worker":"e096a454-4426-400f-92ad-9726744236c0","operationStart":null,"operationComplete":1,"status":1,"id":"27d45366-6bbe-4759-ad6a-3b47d767accc","createdAt":1523256608883,"updatedAt":1523256608883,"version":0,"user":{"name":"朱亚亮","email":"378338627@qq.com","phone":"15822927208","password":"$2a$10$tkDWWL9Mkz9AUFRa.zS/suzNbr.PYt8dYnZloNBj4mkVHyh/kIvM6","gender":true,"token":null,"canLogin":true,"status":1,"roleId":"aa7eeae7-8d60-40fb-95ad-e55495ffd845","id":"e096a454-4426-400f-92ad-9726744236c0","createdAt":1515633151464,"updatedAt":1515633151464,"version":0}}]}}
*************** response log end ***************

[2018-04-09 15:40:09.483] [INFO] resLogger - 
*************** response log start ***************
request method: GET
request originalUrl:  /api/business/getequip/get?token=eyJhbGciOiJIUzI1NiIsInR5cCI6IkpXVCJ9.eyJkYXRhIjp7ImlkIjoiMDU3MjBlNmUtZWJlMy00MDM2LWI1NzUtZmYxZmEwYzZjYjM4IiwibmFtZSI6ImFkbWluIiwiZ2VuZGVyIjp0cnVlLCJlbWFpbCI6IjM3ODMzODYyN0BxcS5jb20ifSwiaWF0IjoxNTIzMjQ0Njc4LCJleHAiOjE1MjMzMzEwNzh9.NqoMgr2RAUm_Cb4JFuSiYGZoDK4W5bYgOd6cdi35h4U
request client ip:  ::ffff:127.0.0.1
request query:  {"token":"eyJhbGciOiJIUzI1NiIsInR5cCI6IkpXVCJ9.eyJkYXRhIjp7ImlkIjoiMDU3MjBlNmUtZWJlMy00MDM2LWI1NzUtZmYxZmEwYzZjYjM4IiwibmFtZSI6ImFkbWluIiwiZ2VuZGVyIjp0cnVlLCJlbWFpbCI6IjM3ODMzODYyN0BxcS5jb20ifSwiaWF0IjoxNTIzMjQ0Njc4LCJleHAiOjE1MjMzMzEwNzh9.NqoMgr2RAUm_Cb4JFuSiYGZoDK4W5bYgOd6cdi35h4U"}
response time: 19
response status: 200
response body: 
{"status":0,"data":[{"equipment":"IP地址","name":"IP地址"},{"equipment":"OA","name":"OA"},{"equipment":"UPS","name":"UPS"},{"equipment":"VPN","name":"VPN"},{"equipment":"WORD","name":"WORD"},{"equipment":"云桌面","name":"云桌面"},{"equipment":"互联网","name":"互联网"},{"equipment":"传真机","name":"传真机"},{"equipment":"内网","name":"内网"},{"equipment":"办公软件","name":"办公软件"},{"equipment":"垃圾软件","name":"垃圾软件"},{"equipment":"大屏幕","name":"大屏幕"},{"equipment":"工位","name":"工位"},{"equipment":"打印机","name":"打印机"},{"equipment":"扫描仪","name":"扫描仪"},{"equipment":"摄像头","name":"摄像头"},{"equipment":"操作系统","name":"操作系统"},{"equipment":"显示器","name":"显示器"},{"equipment":"有线网络","name":"有线网络"},{"equipment":"浏览器","name":"浏览器"},{"equipment":"电脑","name":"电脑"},{"equipment":"电视","name":"电视"},{"equipment":"电话","name":"电话"},{"equipment":"硬盘","name":"硬盘"},{"equipment":"笔记本电脑","name":"笔记本电脑"},{"equipment":"网络设备","name":"网络设备"},{"equipment":"考勤机","name":"考勤机"},{"equipment":"视频会议设备","name":"视频会议设备"},{"equipment":"证书","name":"证书"},{"equipment":"路由器","name":"路由器"},{"equipment":"输入法","name":"输入法"},{"equipment":"隔离卡","name":"隔离卡"},{"equipment":"鼠标","name":"鼠标"}]}
*************** response log end ***************

[2018-04-09 15:40:09.583] [INFO] resLogger - 
*************** response log start ***************
request method: GET
request originalUrl:  /api/business/list?token=eyJhbGciOiJIUzI1NiIsInR5cCI6IkpXVCJ9.eyJkYXRhIjp7ImlkIjoiMDU3MjBlNmUtZWJlMy00MDM2LWI1NzUtZmYxZmEwYzZjYjM4IiwibmFtZSI6ImFkbWluIiwiZ2VuZGVyIjp0cnVlLCJlbWFpbCI6IjM3ODMzODYyN0BxcS5jb20ifSwiaWF0IjoxNTIzMjQ0Njc4LCJleHAiOjE1MjMzMzEwNzh9.NqoMgr2RAUm_Cb4JFuSiYGZoDK4W5bYgOd6cdi35h4U&type=HARDWARE&equipment=%E7%94%B5%E8%AF%9D
request client ip:  ::ffff:127.0.0.1
request query:  {"token":"eyJhbGciOiJIUzI1NiIsInR5cCI6IkpXVCJ9.eyJkYXRhIjp7ImlkIjoiMDU3MjBlNmUtZWJlMy00MDM2LWI1NzUtZmYxZmEwYzZjYjM4IiwibmFtZSI6ImFkbWluIiwiZ2VuZGVyIjp0cnVlLCJlbWFpbCI6IjM3ODMzODYyN0BxcS5jb20ifSwiaWF0IjoxNTIzMjQ0Njc4LCJleHAiOjE1MjMzMzEwNzh9.NqoMgr2RAUm_Cb4JFuSiYGZoDK4W5bYgOd6cdi35h4U","type":"HARDWARE","equipment":"电话"}
response time: 43
response status: 200
response body: 
{"status":0,"data":[{"type":"HARDWARE","equipment":"电话","operation":"SETUP","isAdvanced":null,"weight":5,"remark":null,"status":1,"id":"8f51ac69-d68a-4b7e-8562-3e8327e3de01","createdAt":1515633164099,"updatedAt":1517551439716,"version":1,"equipType":{"name":"硬件","code":"HARDWARE","id":"e6890530-4629-406f-a3fb-d8e2a293320b","createdAt":1515633162627,"updatedAt":1515633162627,"version":0},"equipOp":{"name":"安装","code":"SETUP","id":"a1827017-987a-4fea-89c4-5742c40cbc3e","createdAt":1515633163145,"updatedAt":1515633163145,"version":0}},{"type":"HARDWARE","equipment":"电话","operation":"FIX","isAdvanced":null,"weight":5,"remark":null,"status":1,"id":"f9747c30-796d-4680-a437-d5a406a659a1","createdAt":1515633164221,"updatedAt":1517551439587,"version":1,"equipType":{"name":"硬件","code":"HARDWARE","id":"e6890530-4629-406f-a3fb-d8e2a293320b","createdAt":1515633162627,"updatedAt":1515633162627,"version":0},"equipOp":{"name":"故障","code":"FIX","id":"e15ed1f4-3cf7-4dcc-859b-70620a042bf3","createdAt":1515633163280,"updatedAt":1515633163280,"version":0}},{"type":"HARDWARE","equipment":"电话","operation":"MOVE","isAdvanced":false,"weight":5,"remark":null,"status":1,"id":"d02a295b-33fb-46c0-9c60-ea6a857d2eeb","createdAt":1517551439513,"updatedAt":1517551439513,"version":0,"equipType":{"name":"硬件","code":"HARDWARE","id":"e6890530-4629-406f-a3fb-d8e2a293320b","createdAt":1515633162627,"updatedAt":1515633162627,"version":0},"equipOp":{"name":"迁移","code":"MOVE","id":"980eed8d-d949-4ef2-abc4-0b810667abde","createdAt":1517551422542,"updatedAt":1517551422542,"version":0}}],"total":3}
*************** response log end ***************

[2018-04-09 15:58:31.793] [INFO] resLogger - 
*************** response log start ***************
request method: OPTIONS
request originalUrl:  /api/authinrole/check?token=eyJhbGciOiJIUzI1NiIsInR5cCI6IkpXVCJ9.eyJkYXRhIjp7ImlkIjoiMDU3MjBlNmUtZWJlMy00MDM2LWI1NzUtZmYxZmEwYzZjYjM4IiwibmFtZSI6ImFkbWluIiwiZ2VuZGVyIjp0cnVlLCJlbWFpbCI6IjM3ODMzODYyN0BxcS5jb20ifSwiaWF0IjoxNTIzMjQ0Njc4LCJleHAiOjE1MjMzMzEwNzh9.NqoMgr2RAUm_Cb4JFuSiYGZoDK4W5bYgOd6cdi35h4U
request client ip:  ::ffff:127.0.0.1
request body: 
{}
response time: 4
response status: 204
response body: 
undefined
*************** response log end ***************

[2018-04-09 15:58:31.809] [INFO] resLogger - 
*************** response log start ***************
request method: OPTIONS
request originalUrl:  /api/authinrole/check?token=eyJhbGciOiJIUzI1NiIsInR5cCI6IkpXVCJ9.eyJkYXRhIjp7ImlkIjoiMDU3MjBlNmUtZWJlMy00MDM2LWI1NzUtZmYxZmEwYzZjYjM4IiwibmFtZSI6ImFkbWluIiwiZ2VuZGVyIjp0cnVlLCJlbWFpbCI6IjM3ODMzODYyN0BxcS5jb20ifSwiaWF0IjoxNTIzMjQ0Njc4LCJleHAiOjE1MjMzMzEwNzh9.NqoMgr2RAUm_Cb4JFuSiYGZoDK4W5bYgOd6cdi35h4U
request client ip:  ::ffff:127.0.0.1
request body: 
{}
response time: 1
response status: 204
response body: 
undefined
*************** response log end ***************

[2018-04-09 15:58:31.822] [INFO] resLogger - 
*************** response log start ***************
request method: OPTIONS
request originalUrl:  /api/authinrole/check?token=eyJhbGciOiJIUzI1NiIsInR5cCI6IkpXVCJ9.eyJkYXRhIjp7ImlkIjoiMDU3MjBlNmUtZWJlMy00MDM2LWI1NzUtZmYxZmEwYzZjYjM4IiwibmFtZSI6ImFkbWluIiwiZ2VuZGVyIjp0cnVlLCJlbWFpbCI6IjM3ODMzODYyN0BxcS5jb20ifSwiaWF0IjoxNTIzMjQ0Njc4LCJleHAiOjE1MjMzMzEwNzh9.NqoMgr2RAUm_Cb4JFuSiYGZoDK4W5bYgOd6cdi35h4U
request client ip:  ::ffff:127.0.0.1
request body: 
{}
response time: 0
response status: 204
response body: 
undefined
*************** response log end ***************

[2018-04-09 15:58:32.220] [INFO] resLogger - 
*************** response log start ***************
request method: POST
request originalUrl:  /api/authinrole/check?token=eyJhbGciOiJIUzI1NiIsInR5cCI6IkpXVCJ9.eyJkYXRhIjp7ImlkIjoiMDU3MjBlNmUtZWJlMy00MDM2LWI1NzUtZmYxZmEwYzZjYjM4IiwibmFtZSI6ImFkbWluIiwiZ2VuZGVyIjp0cnVlLCJlbWFpbCI6IjM3ODMzODYyN0BxcS5jb20ifSwiaWF0IjoxNTIzMjQ0Njc4LCJleHAiOjE1MjMzMzEwNzh9.NqoMgr2RAUm_Cb4JFuSiYGZoDK4W5bYgOd6cdi35h4U
request client ip:  ::ffff:127.0.0.1
request body: 
{"func":"op","op":"menu"}
response time: 172
response status: 200
response body: 
{"status":0}
*************** response log end ***************

[2018-04-09 15:58:32.245] [INFO] resLogger - 
*************** response log start ***************
request method: POST
request originalUrl:  /api/authinrole/check?token=eyJhbGciOiJIUzI1NiIsInR5cCI6IkpXVCJ9.eyJkYXRhIjp7ImlkIjoiMDU3MjBlNmUtZWJlMy00MDM2LWI1NzUtZmYxZmEwYzZjYjM4IiwibmFtZSI6ImFkbWluIiwiZ2VuZGVyIjp0cnVlLCJlbWFpbCI6IjM3ODMzODYyN0BxcS5jb20ifSwiaWF0IjoxNTIzMjQ0Njc4LCJleHAiOjE1MjMzMzEwNzh9.NqoMgr2RAUm_Cb4JFuSiYGZoDK4W5bYgOd6cdi35h4U
request client ip:  ::ffff:127.0.0.1
request body: 
{"func":"op","op":"list"}
response time: 191
response status: 200
response body: 
{"status":0}
*************** response log end ***************

[2018-04-09 15:58:32.245] [INFO] resLogger - 
*************** response log start ***************
request method: POST
request originalUrl:  /api/authinrole/check?token=eyJhbGciOiJIUzI1NiIsInR5cCI6IkpXVCJ9.eyJkYXRhIjp7ImlkIjoiMDU3MjBlNmUtZWJlMy00MDM2LWI1NzUtZmYxZmEwYzZjYjM4IiwibmFtZSI6ImFkbWluIiwiZ2VuZGVyIjp0cnVlLCJlbWFpbCI6IjM3ODMzODYyN0BxcS5jb20ifSwiaWF0IjoxNTIzMjQ0Njc4LCJleHAiOjE1MjMzMzEwNzh9.NqoMgr2RAUm_Cb4JFuSiYGZoDK4W5bYgOd6cdi35h4U
request client ip:  ::ffff:127.0.0.1
request body: 
{"func":"operations","op":"menu"}
response time: 367
response status: 200
response body: 
{"status":0}
*************** response log end ***************

[2018-04-09 15:58:32.331] [INFO] resLogger - 
*************** response log start ***************
request method: GET
request originalUrl:  /api/user/?token=eyJhbGciOiJIUzI1NiIsInR5cCI6IkpXVCJ9.eyJkYXRhIjp7ImlkIjoiMDU3MjBlNmUtZWJlMy00MDM2LWI1NzUtZmYxZmEwYzZjYjM4IiwibmFtZSI6ImFkbWluIiwiZ2VuZGVyIjp0cnVlLCJlbWFpbCI6IjM3ODMzODYyN0BxcS5jb20ifSwiaWF0IjoxNTIzMjQ0Njc4LCJleHAiOjE1MjMzMzEwNzh9.NqoMgr2RAUm_Cb4JFuSiYGZoDK4W5bYgOd6cdi35h4U
request client ip:  ::ffff:127.0.0.1
request query:  {"token":"eyJhbGciOiJIUzI1NiIsInR5cCI6IkpXVCJ9.eyJkYXRhIjp7ImlkIjoiMDU3MjBlNmUtZWJlMy00MDM2LWI1NzUtZmYxZmEwYzZjYjM4IiwibmFtZSI6ImFkbWluIiwiZ2VuZGVyIjp0cnVlLCJlbWFpbCI6IjM3ODMzODYyN0BxcS5jb20ifSwiaWF0IjoxNTIzMjQ0Njc4LCJleHAiOjE1MjMzMzEwNzh9.NqoMgr2RAUm_Cb4JFuSiYGZoDK4W5bYgOd6cdi35h4U"}
response time: 49
response status: 200
response body: 
{"status":0,"data":{"name":"admin","email":"378338627@qq.com","phone":"15822927208","password":"$2a$10$ZCz8FbSB13tB2jbZIaI13.kaTOEp236iyvOOtqgZf.m.RSqqgjheq","gender":true,"token":"eyJhbGciOiJIUzI1NiIsInR5cCI6IkpXVCJ9.eyJkYXRhIjp7ImlkIjoiMDU3MjBlNmUtZWJlMy00MDM2LWI1NzUtZmYxZmEwYzZjYjM4IiwibmFtZSI6ImFkbWluIiwiZ2VuZGVyIjp0cnVlLCJlbWFpbCI6IjM3ODMzODYyN0BxcS5jb20ifSwiaWF0IjoxNTIzMjQ0Njc4LCJleHAiOjE1MjMzMzEwNzh9.NqoMgr2RAUm_Cb4JFuSiYGZoDK4W5bYgOd6cdi35h4U","canLogin":true,"status":1,"roleId":"440fba89-762d-4584-8bdc-26e2e7b5e71e","id":"05720e6e-ebe3-4036-b575-ff1fa0c6cb38","createdAt":1515633151463,"updatedAt":1523244678098,"version":75,"role":{"name":"系统管理员","remark":"最高权限","status":1,"id":"440fba89-762d-4584-8bdc-26e2e7b5e71e","createdAt":1519805012955,"updatedAt":1519805012955,"version":0,"auths":[{"authId":"44982095-0df0-4def-8d14-1e4627916199","roleId":"440fba89-762d-4584-8bdc-26e2e7b5e71e","id":"1cb0c521-7c1f-4af0-afc8-2df4efb986b7","createdAt":1520406598664,"updatedAt":1520406598664,"version":0,"opInFunc":{"funcId":"e4d63de8-a7e8-42b8-888b-35b42322a68b","opId":"01004a4c-ff7f-40d4-a8d5-2465513b680f","id":"44982095-0df0-4def-8d14-1e4627916199","createdAt":1520406572870,"updatedAt":1520406572870,"version":0,"function":{"name":"工程师设置","code":"worker","class":1,"belong":"ebaac5a8-c966-412e-aa6b-fe2ad585203e","status":1,"id":"e4d63de8-a7e8-42b8-888b-35b42322a68b","createdAt":1519805019161,"updatedAt":1519805019161,"version":0},"operate":{"name":"查看","code":"list","status":1,"id":"01004a4c-ff7f-40d4-a8d5-2465513b680f","createdAt":1519805019892,"updatedAt":1519805019892,"version":0}}},{"authId":"2e0410ce-4af2-4ab6-8bb1-1ab606172aa2","roleId":"440fba89-762d-4584-8bdc-26e2e7b5e71e","id":"3a1b5817-7a6f-4197-82f8-2b237a6653e4","createdAt":1519805024341,"updatedAt":1519805024341,"version":0,"opInFunc":{"funcId":"b60ec5c0-7b2c-487f-ae9e-e564a36526d0","opId":"01004a4c-ff7f-40d4-a8d5-2465513b680f","id":"2e0410ce-4af2-4ab6-8bb1-1ab606172aa2","createdAt":1519805024243,"updatedAt":1519805024243,"version":0,"function":{"name":"业务内容设置","code":"business","class":1,"belong":"982e14ea-8b1c-439e-b78d-204579d676a3","status":1,"id":"b60ec5c0-7b2c-487f-ae9e-e564a36526d0","createdAt":1519805019485,"updatedAt":1519805019485,"version":0},"operate":{"name":"查看","code":"list","status":1,"id":"01004a4c-ff7f-40d4-a8d5-2465513b680f","createdAt":1519805019892,"updatedAt":1519805019892,"version":0}}},{"authId":"01711b0e-d45e-4cbe-be4a-a8e021ee5ca0","roleId":"440fba89-762d-4584-8bdc-26e2e7b5e71e","id":"481c9b74-b57f-4d14-acb8-598500cbb201","createdAt":1519805026482,"updatedAt":1519805026482,"version":0,"opInFunc":{"funcId":"8d41241c-236f-4a68-8225-d00d2b7908d5","opId":"01004a4c-ff7f-40d4-a8d5-2465513b680f","id":"01711b0e-d45e-4cbe-be4a-a8e021ee5ca0","createdAt":1519805026423,"updatedAt":1519805026423,"version":0,"function":{"name":"角色管理","code":"role","class":1,"belong":"8757fe63-d819-428e-958e-6c699c3e02d5","status":1,"id":"8d41241c-236f-4a68-8225-d00d2b7908d5","createdAt":1519805019759,"updatedAt":1519805019759,"version":0},"operate":{"name":"查看","code":"list","status":1,"id":"01004a4c-ff7f-40d4-a8d5-2465513b680f","createdAt":1519805019892,"updatedAt":1519805019892,"version":0}}},{"authId":"feed638f-adf5-4c18-a9aa-698d7da2eef4","roleId":"440fba89-762d-4584-8bdc-26e2e7b5e71e","id":"5433fc99-5f2e-4d09-ab58-b46227286f67","createdAt":1520406589753,"updatedAt":1520406589753,"version":0,"opInFunc":{"funcId":"a1058ce8-ffd9-446e-9955-b78c59d71ec9","opId":"01004a4c-ff7f-40d4-a8d5-2465513b680f","id":"feed638f-adf5-4c18-a9aa-698d7da2eef4","createdAt":1520406565045,"updatedAt":1520406565045,"version":0,"function":{"name":"用户管理","code":"user","class":1,"belong":"8757fe63-d819-428e-958e-6c699c3e02d5","status":1,"id":"a1058ce8-ffd9-446e-9955-b78c59d71ec9","createdAt":1519805019637,"updatedAt":1519805019637,"version":0},"operate":{"name":"查看","code":"list","status":1,"id":"01004a4c-ff7f-40d4-a8d5-2465513b680f","createdAt":1519805019892,"updatedAt":1519805019892,"version":0}}},{"authId":"dc9a592e-9c34-4489-afb0-39cd85e20e99","roleId":"440fba89-762d-4584-8bdc-26e2e7b5e71e","id":"594a9058-44eb-4a95-bf8e-5d5c6ae675bc","createdAt":1519805023295,"updatedAt":1519805023295,"version":0,"opInFunc":{"funcId":"690c0f1e-2658-4aa9-ac18-8a02269c9a65","opId":"01004a4c-ff7f-40d4-a8d5-2465513b680f","id":"dc9a592e-9c34-4489-afb0-39cd85e20e99","createdAt":1519805023210,"updatedAt":1519805023210,"version":0,"function":{"name":"工单","code":"op","class":1,"belong":"982e14ea-8b1c-439e-b78d-204579d676a3","status":1,"id":"690c0f1e-2658-4aa9-ac18-8a02269c9a65","createdAt":1519805019330,"updatedAt":1519805019330,"version":0},"operate":{"name":"查看","code":"list","status":1,"id":"01004a4c-ff7f-40d4-a8d5-2465513b680f","createdAt":1519805019892,"updatedAt":1519805019892,"version":0}}},{"authId":"3070df39-827c-46fb-aeaf-5ce907042e1c","roleId":"440fba89-762d-4584-8bdc-26e2e7b5e71e","id":"966556cc-8e14-46f8-92b2-09983f30e823","createdAt":1521080588655,"updatedAt":1521080588655,"version":0,"opInFunc":{"funcId":"c311b671-9fb9-4d09-81b1-9e750f24a9f3","opId":"01004a4c-ff7f-40d4-a8d5-2465513b680f","id":"3070df39-827c-46fb-aeaf-5ce907042e1c","createdAt":1520406573660,"updatedAt":1520406573660,"version":0,"function":{"name":"地址设置","code":"address","class":1,"belong":"ebaac5a8-c966-412e-aa6b-fe2ad585203e","status":1,"id":"c311b671-9fb9-4d09-81b1-9e750f24a9f3","createdAt":1519805018967,"updatedAt":1519805018967,"version":0},"operate":{"name":"查看","code":"list","status":1,"id":"01004a4c-ff7f-40d4-a8d5-2465513b680f","createdAt":1519805019892,"updatedAt":1519805019892,"version":0}}},{"authId":"1dd6941d-0d6b-4f46-bea7-ebf238c1d62d","roleId":"440fba89-762d-4584-8bdc-26e2e7b5e71e","id":"a17bbcc2-6ae3-41a6-b871-7a8088a8b734","createdAt":1520406595664,"updatedAt":1520406595664,"version":0,"opInFunc":{"funcId":"12e0542c-1cf4-49f4-afe6-9ed1e17f24bb","opId":"01004a4c-ff7f-40d4-a8d5-2465513b680f","id":"1dd6941d-0d6b-4f46-bea7-ebf238c1d62d","createdAt":1520406571798,"updatedAt":1520406571798,"version":0,"function":{"name":"组织设置","code":"group","class":1,"belong":"ebaac5a8-c966-412e-aa6b-fe2ad585203e","status":1,"id":"12e0542c-1cf4-49f4-afe6-9ed1e17f24bb","createdAt":1519805019028,"updatedAt":1519805019028,"version":0},"operate":{"name":"查看","code":"list","status":1,"id":"01004a4c-ff7f-40d4-a8d5-2465513b680f","createdAt":1519805019892,"updatedAt":1519805019892,"version":0}}},{"authId":"ada76bc3-73a9-4ff8-9288-0f883b375678","roleId":"440fba89-762d-4584-8bdc-26e2e7b5e71e","id":"c46fb768-594f-430b-b23b-f4f872297e93","createdAt":1521441618761,"updatedAt":1521441618761,"version":0,"opInFunc":{"funcId":"263a3a09-28f4-4b99-a99b-bc0ac02a8eae","opId":"01004a4c-ff7f-40d4-a8d5-2465513b680f","id":"ada76bc3-73a9-4ff8-9288-0f883b375678","createdAt":1520406571105,"updatedAt":1520406571105,"version":0,"function":{"name":"公司设置","code":"corporation","class":1,"belong":"ebaac5a8-c966-412e-aa6b-fe2ad585203e","status":1,"id":"263a3a09-28f4-4b99-a99b-bc0ac02a8eae","createdAt":1519805019097,"updatedAt":1519805019097,"version":0},"operate":{"name":"查看","code":"list","status":1,"id":"01004a4c-ff7f-40d4-a8d5-2465513b680f","createdAt":1519805019892,"updatedAt":1519805019892,"version":0}}},{"authId":"f549b67b-427b-4bf1-a87d-4cbfc6f703d6","roleId":"440fba89-762d-4584-8bdc-26e2e7b5e71e","id":"e597b0b2-b9b7-481b-aace-b904b075cd2b","createdAt":1519805025797,"updatedAt":1519805025797,"version":0,"opInFunc":{"funcId":"913d673d-5148-4ef0-afb4-d0306d57a588","opId":"01004a4c-ff7f-40d4-a8d5-2465513b680f","id":"f549b67b-427b-4bf1-a87d-4cbfc6f703d6","createdAt":1519805025736,"updatedAt":1519805025736,"version":0,"function":{"name":"功能管理","code":"function","class":1,"belong":"8757fe63-d819-428e-958e-6c699c3e02d5","status":1,"id":"913d673d-5148-4ef0-afb4-d0306d57a588","createdAt":1519805019696,"updatedAt":1519805019696,"version":0},"operate":{"name":"查看","code":"list","status":1,"id":"01004a4c-ff7f-40d4-a8d5-2465513b680f","createdAt":1519805019892,"updatedAt":1519805019892,"version":0}}},{"authId":"c8df6836-1090-4192-b151-90c99b5000e3","roleId":"440fba89-762d-4584-8bdc-26e2e7b5e71e","id":"fb43c6b6-4925-4f0a-9b13-374050740bb8","createdAt":1520415131157,"updatedAt":1520415131157,"version":0,"opInFunc":{"funcId":"04b65016-92c4-49b7-ac55-b5fc554dcb8b","opId":"01004a4c-ff7f-40d4-a8d5-2465513b680f","id":"c8df6836-1090-4192-b151-90c99b5000e3","createdAt":1520414952000,"updatedAt":1520414952000,"version":0,"function":{"name":"客户需求","code":"order","class":1,"belong":"982e14ea-8b1c-439e-b78d-204579d676a3","status":1,"id":"04b65016-92c4-49b7-ac55-b5fc554dcb8b","createdAt":1519805019405,"updatedAt":1519805019405,"version":0},"operate":{"name":"查看","code":"list","status":1,"id":"01004a4c-ff7f-40d4-a8d5-2465513b680f","createdAt":1519805019892,"updatedAt":1519805019892,"version":0}}},{"authId":"4b043afd-c01d-4024-9c43-d8395f0e0bda","roleId":"440fba89-762d-4584-8bdc-26e2e7b5e71e","id":"432b4b1c-b33b-43b8-93b7-2ade17c66366","createdAt":1519805026957,"updatedAt":1519805026957,"version":0,"opInFunc":{"funcId":"8d41241c-236f-4a68-8225-d00d2b7908d5","opId":"199f1992-3403-477b-9133-3a5e9d60a1ea","id":"4b043afd-c01d-4024-9c43-d8395f0e0bda","createdAt":1519805026857,"updatedAt":1519805026857,"version":0,"function":{"name":"角色管理","code":"role","class":1,"belong":"8757fe63-d819-428e-958e-6c699c3e02d5","status":1,"id":"8d41241c-236f-4a68-8225-d00d2b7908d5","createdAt":1519805019759,"updatedAt":1519805019759,"version":0},"operate":{"name":"删除","code":"delete","status":1,"id":"199f1992-3403-477b-9133-3a5e9d60a1ea","createdAt":1519805020201,"updatedAt":1519805020201,"version":0}}},{"authId":"a8835be4-d544-48b1-b5ad-58d730a5e0e9","roleId":"440fba89-762d-4584-8bdc-26e2e7b5e71e","id":"69c6caba-649b-456a-a0a5-ea265fe51e56","createdAt":1522120480019,"updatedAt":1522120480019,"version":0,"opInFunc":{"funcId":"b60ec5c0-7b2c-487f-ae9e-e564a36526d0","opId":"199f1992-3403-477b-9133-3a5e9d60a1ea","id":"a8835be4-d544-48b1-b5ad-58d730a5e0e9","createdAt":1519805024666,"updatedAt":1519805024666,"version":0,"function":{"name":"业务内容设置","code":"business","class":1,"belong":"982e14ea-8b1c-439e-b78d-204579d676a3","status":1,"id":"b60ec5c0-7b2c-487f-ae9e-e564a36526d0","createdAt":1519805019485,"updatedAt":1519805019485,"version":0},"operate":{"name":"删除","code":"delete","status":1,"id":"199f1992-3403-477b-9133-3a5e9d60a1ea","createdAt":1519805020201,"updatedAt":1519805020201,"version":0}}},{"authId":"6d286767-c5e4-437a-b61b-754702a8ce24","roleId":"440fba89-762d-4584-8bdc-26e2e7b5e71e","id":"69f95f31-f126-4599-9ddb-8d7ba6ea9929","createdAt":1522368734586,"updatedAt":1522368734586,"version":0,"opInFunc":{"funcId":"a1058ce8-ffd9-446e-9955-b78c59d71ec9","opId":"199f1992-3403-477b-9133-3a5e9d60a1ea","id":"6d286767-c5e4-437a-b61b-754702a8ce24","createdAt":1519805025364,"updatedAt":1519805025364,"version":0,"function":{"name":"用户管理","code":"user","class":1,"belong":"8757fe63-d819-428e-958e-6c699c3e02d5","status":1,"id":"a1058ce8-ffd9-446e-9955-b78c59d71ec9","createdAt":1519805019637,"updatedAt":1519805019637,"version":0},"operate":{"name":"删除","code":"delete","status":1,"id":"199f1992-3403-477b-9133-3a5e9d60a1ea","createdAt":1519805020201,"updatedAt":1519805020201,"version":0}}},{"authId":"e046316c-aee3-4b70-a10c-837d7f585ebb","roleId":"440fba89-762d-4584-8bdc-26e2e7b5e71e","id":"7f051e03-de05-48bf-bcab-8dd1381a86e8","createdAt":1522051772555,"updatedAt":1522051772555,"version":0,"opInFunc":{"funcId":"690c0f1e-2658-4aa9-ac18-8a02269c9a65","opId":"199f1992-3403-477b-9133-3a5e9d60a1ea","id":"e046316c-aee3-4b70-a10c-837d7f585ebb","createdAt":1519805023823,"updatedAt":1519805023823,"version":0,"function":{"name":"工单","code":"op","class":1,"belong":"982e14ea-8b1c-439e-b78d-204579d676a3","status":1,"id":"690c0f1e-2658-4aa9-ac18-8a02269c9a65","createdAt":1519805019330,"updatedAt":1519805019330,"version":0},"operate":{"name":"删除","code":"delete","status":1,"id":"199f1992-3403-477b-9133-3a5e9d60a1ea","createdAt":1519805020201,"updatedAt":1519805020201,"version":0}}},{"authId":"ff79259d-fd41-4b5c-83ea-0352f0fe2aac","roleId":"440fba89-762d-4584-8bdc-26e2e7b5e71e","id":"faf1d434-48bf-4a49-b488-b768b8a1fdb8","createdAt":1521773612274,"updatedAt":1521773612274,"version":0,"opInFunc":{"funcId":"e4d63de8-a7e8-42b8-888b-35b42322a68b","opId":"199f1992-3403-477b-9133-3a5e9d60a1ea","id":"ff79259d-fd41-4b5c-83ea-0352f0fe2aac","createdAt":1519805022662,"updatedAt":1519805022662,"version":0,"function":{"name":"工程师设置","code":"worker","class":1,"belong":"ebaac5a8-c966-412e-aa6b-fe2ad585203e","status":1,"id":"e4d63de8-a7e8-42b8-888b-35b42322a68b","createdAt":1519805019161,"updatedAt":1519805019161,"version":0},"operate":{"name":"删除","code":"delete","status":1,"id":"199f1992-3403-477b-9133-3a5e9d60a1ea","createdAt":1519805020201,"updatedAt":1519805020201,"version":0}}},{"authId":"b126c090-d5ed-44d2-a4d5-277ab925d85f","roleId":"440fba89-762d-4584-8bdc-26e2e7b5e71e","id":"ff1af187-5f73-42cc-84ef-adf6d64fb981","createdAt":1522051767173,"updatedAt":1522051767173,"version":0,"opInFunc":{"funcId":"04b65016-92c4-49b7-ac55-b5fc554dcb8b","opId":"199f1992-3403-477b-9133-3a5e9d60a1ea","id":"b126c090-d5ed-44d2-a4d5-277ab925d85f","createdAt":1520415110253,"updatedAt":1520415110253,"version":0,"function":{"name":"客户需求","code":"order","class":1,"belong":"982e14ea-8b1c-439e-b78d-204579d676a3","status":1,"id":"04b65016-92c4-49b7-ac55-b5fc554dcb8b","createdAt":1519805019405,"updatedAt":1519805019405,"version":0},"operate":{"name":"删除","code":"delete","status":1,"id":"199f1992-3403-477b-9133-3a5e9d60a1ea","createdAt":1519805020201,"updatedAt":1519805020201,"version":0}}},{"authId":"1b5bda6e-a4ca-4208-8b27-0cdcd11d8bad","roleId":"440fba89-762d-4584-8bdc-26e2e7b5e71e","id":"040c245e-452a-4337-9994-2341d26a43ae","createdAt":1519805026611,"updatedAt":1519805026611,"version":0,"opInFunc":{"funcId":"8d41241c-236f-4a68-8225-d00d2b7908d5","opId":"40fbca21-c365-4c59-9429-b4be9deb49ac","id":"1b5bda6e-a4ca-4208-8b27-0cdcd11d8bad","createdAt":1519805026545,"updatedAt":1519805026545,"version":0,"function":{"name":"角色管理","code":"role","class":1,"belong":"8757fe63-d819-428e-958e-6c699c3e02d5","status":1,"id":"8d41241c-236f-4a68-8225-d00d2b7908d5","createdAt":1519805019759,"updatedAt":1519805019759,"version":0},"operate":{"name":"新增","code":"add","status":1,"id":"40fbca21-c365-4c59-9429-b4be9deb49ac","createdAt":1519805019952,"updatedAt":1519805019952,"version":0}}},{"authId":"0df2ec84-d9e0-4a5f-b3bb-154cb33b7425","roleId":"440fba89-762d-4584-8bdc-26e2e7b5e71e","id":"0abd4362-2c6d-4833-b12d-4dc14a1f32b0","createdAt":1522120476647,"updatedAt":1522120476647,"version":0,"opInFunc":{"funcId":"b60ec5c0-7b2c-487f-ae9e-e564a36526d0","opId":"40fbca21-c365-4c59-9429-b4be9deb49ac","id":"0df2ec84-d9e0-4a5f-b3bb-154cb33b7425","createdAt":1519805024405,"updatedAt":1519805024405,"version":0,"function":{"name":"业务内容设置","code":"business","class":1,"belong":"982e14ea-8b1c-439e-b78d-204579d676a3","status":1,"id":"b60ec5c0-7b2c-487f-ae9e-e564a36526d0","createdAt":1519805019485,"updatedAt":1519805019485,"version":0},"operate":{"name":"新增","code":"add","status":1,"id":"40fbca21-c365-4c59-9429-b4be9deb49ac","createdAt":1519805019952,"updatedAt":1519805019952,"version":0}}},{"authId":"91182abd-fc23-48a6-a1fb-949b9754f75c","roleId":"440fba89-762d-4584-8bdc-26e2e7b5e71e","id":"121a75a0-2a4b-4b8a-acbf-85f28d77a50b","createdAt":1522051768018,"updatedAt":1522051768018,"version":0,"opInFunc":{"funcId":"04b65016-92c4-49b7-ac55-b5fc554dcb8b","opId":"40fbca21-c365-4c59-9429-b4be9deb49ac","id":"91182abd-fc23-48a6-a1fb-949b9754f75c","createdAt":1520415112473,"updatedAt":1520415112473,"version":0,"function":{"name":"客户需求","code":"order","class":1,"belong":"982e14ea-8b1c-439e-b78d-204579d676a3","status":1,"id":"04b65016-92c4-49b7-ac55-b5fc554dcb8b","createdAt":1519805019405,"updatedAt":1519805019405,"version":0},"operate":{"name":"新增","code":"add","status":1,"id":"40fbca21-c365-4c59-9429-b4be9deb49ac","createdAt":1519805019952,"updatedAt":1519805019952,"version":0}}},{"authId":"38388c7e-752f-4505-a648-624ca6040fe5","roleId":"440fba89-762d-4584-8bdc-26e2e7b5e71e","id":"3a9d95ee-24b0-4c31-8f12-85b4757192e6","createdAt":1521773611498,"updatedAt":1521773611498,"version":0,"opInFunc":{"funcId":"e4d63de8-a7e8-42b8-888b-35b42322a68b","opId":"40fbca21-c365-4c59-9429-b4be9deb49ac","id":"38388c7e-752f-4505-a648-624ca6040fe5","createdAt":1519805022519,"updatedAt":1519805022519,"version":0,"function":{"name":"工程师设置","code":"worker","class":1,"belong":"ebaac5a8-c966-412e-aa6b-fe2ad585203e","status":1,"id":"e4d63de8-a7e8-42b8-888b-35b42322a68b","createdAt":1519805019161,"updatedAt":1519805019161,"version":0},"operate":{"name":"新增","code":"add","status":1,"id":"40fbca21-c365-4c59-9429-b4be9deb49ac","createdAt":1519805019952,"updatedAt":1519805019952,"version":0}}},{"authId":"5050a962-d253-435b-98cc-605ea2a8b53f","roleId":"440fba89-762d-4584-8bdc-26e2e7b5e71e","id":"589c83bc-4709-466f-9eab-ba6c20b328f2","createdAt":1522051771026,"updatedAt":1522051771026,"version":0,"opInFunc":{"funcId":"690c0f1e-2658-4aa9-ac18-8a02269c9a65","opId":"40fbca21-c365-4c59-9429-b4be9deb49ac","id":"5050a962-d253-435b-98cc-605ea2a8b53f","createdAt":1519805023434,"updatedAt":1519805023434,"version":0,"function":{"name":"工单","code":"op","class":1,"belong":"982e14ea-8b1c-439e-b78d-204579d676a3","status":1,"id":"690c0f1e-2658-4aa9-ac18-8a02269c9a65","createdAt":1519805019330,"updatedAt":1519805019330,"version":0},"operate":{"name":"新增","code":"add","status":1,"id":"40fbca21-c365-4c59-9429-b4be9deb49ac","createdAt":1519805019952,"updatedAt":1519805019952,"version":0}}},{"authId":"8e007191-3ca2-49ca-be80-cd1a86af39bb","roleId":"440fba89-762d-4584-8bdc-26e2e7b5e71e","id":"91bf25ae-b3ee-469f-8036-891c7fdf9140","createdAt":1522368735150,"updatedAt":1522368735150,"version":0,"opInFunc":{"funcId":"a1058ce8-ffd9-446e-9955-b78c59d71ec9","opId":"40fbca21-c365-4c59-9429-b4be9deb49ac","id":"8e007191-3ca2-49ca-be80-cd1a86af39bb","createdAt":1519805025087,"updatedAt":1519805025087,"version":0,"function":{"name":"用户管理","code":"user","class":1,"belong":"8757fe63-d819-428e-958e-6c699c3e02d5","status":1,"id":"a1058ce8-ffd9-446e-9955-b78c59d71ec9","createdAt":1519805019637,"updatedAt":1519805019637,"version":0},"operate":{"name":"新增","code":"add","status":1,"id":"40fbca21-c365-4c59-9429-b4be9deb49ac","createdAt":1519805019952,"updatedAt":1519805019952,"version":0}}},{"authId":"4e1f75af-2b9e-4097-a632-7f0ac466affd","roleId":"440fba89-762d-4584-8bdc-26e2e7b5e71e","id":"0b369edf-4c02-49b5-9011-e7524280d3ff","createdAt":1522368734193,"updatedAt":1522368734193,"version":0,"opInFunc":{"funcId":"a1058ce8-ffd9-446e-9955-b78c59d71ec9","opId":"502f9b24-e07b-4c24-bf44-922854bd28a3","id":"4e1f75af-2b9e-4097-a632-7f0ac466affd","createdAt":1519805025212,"updatedAt":1519805025212,"version":0,"function":{"name":"用户管理","code":"user","class":1,"belong":"8757fe63-d819-428e-958e-6c699c3e02d5","status":1,"id":"a1058ce8-ffd9-446e-9955-b78c59d71ec9","createdAt":1519805019637,"updatedAt":1519805019637,"version":0},"operate":{"name":"编辑","code":"edit","status":1,"id":"502f9b24-e07b-4c24-bf44-922854bd28a3","createdAt":1519805020055,"updatedAt":1519805020055,"version":0}}},{"authId":"f6391d5c-50a4-44ae-8d95-9df37ede707d","roleId":"440fba89-762d-4584-8bdc-26e2e7b5e71e","id":"31b4b947-6bbf-4e63-9422-807f26b874d6","createdAt":1522120479252,"updatedAt":1522120479252,"version":0,"opInFunc":{"funcId":"b60ec5c0-7b2c-487f-ae9e-e564a36526d0","opId":"502f9b24-e07b-4c24-bf44-922854bd28a3","id":"f6391d5c-50a4-44ae-8d95-9df37ede707d","createdAt":1519805024544,"updatedAt":1519805024544,"version":0,"function":{"name":"业务内容设置","code":"business","class":1,"belong":"982e14ea-8b1c-439e-b78d-204579d676a3","status":1,"id":"b60ec5c0-7b2c-487f-ae9e-e564a36526d0","createdAt":1519805019485,"updatedAt":1519805019485,"version":0},"operate":{"name":"编辑","code":"edit","status":1,"id":"502f9b24-e07b-4c24-bf44-922854bd28a3","createdAt":1519805020055,"updatedAt":1519805020055,"version":0}}},{"authId":"c19e5dd7-8418-4b87-b0a6-a7f4c7f3a983","roleId":"440fba89-762d-4584-8bdc-26e2e7b5e71e","id":"8e411334-2264-4d40-bbee-3cada891babe","createdAt":1519805026772,"updatedAt":1519805026772,"version":0,"opInFunc":{"funcId":"8d41241c-236f-4a68-8225-d00d2b7908d5","opId":"502f9b24-e07b-4c24-bf44-922854bd28a3","id":"c19e5dd7-8418-4b87-b0a6-a7f4c7f3a983","createdAt":1519805026694,"updatedAt":1519805026694,"version":0,"function":{"name":"角色管理","code":"role","class":1,"belong":"8757fe63-d819-428e-958e-6c699c3e02d5","status":1,"id":"8d41241c-236f-4a68-8225-d00d2b7908d5","createdAt":1519805019759,"updatedAt":1519805019759,"version":0},"operate":{"name":"编辑","code":"edit","status":1,"id":"502f9b24-e07b-4c24-bf44-922854bd28a3","createdAt":1519805020055,"updatedAt":1519805020055,"version":0}}},{"authId":"72b4a751-6a67-484c-a128-15a5f01cefd2","roleId":"440fba89-762d-4584-8bdc-26e2e7b5e71e","id":"8e789e2c-4852-4f66-b796-bc30676a6c3f","createdAt":1522051768659,"updatedAt":1522051768659,"version":0,"opInFunc":{"funcId":"04b65016-92c4-49b7-ac55-b5fc554dcb8b","opId":"502f9b24-e07b-4c24-bf44-922854bd28a3","id":"72b4a751-6a67-484c-a128-15a5f01cefd2","createdAt":1520415116060,"updatedAt":1520415116060,"version":0,"function":{"name":"客户需求","code":"order","class":1,"belong":"982e14ea-8b1c-439e-b78d-204579d676a3","status":1,"id":"04b65016-92c4-49b7-ac55-b5fc554dcb8b","createdAt":1519805019405,"updatedAt":1519805019405,"version":0},"operate":{"name":"编辑","code":"edit","status":1,"id":"502f9b24-e07b-4c24-bf44-922854bd28a3","createdAt":1519805020055,"updatedAt":1519805020055,"version":0}}},{"authId":"62ef348b-1189-4297-8811-b41d09bccb45","roleId":"440fba89-762d-4584-8bdc-26e2e7b5e71e","id":"e6b2cdd0-0f8a-417d-8e18-aa04675ec78f","createdAt":1519805026072,"updatedAt":1519805026072,"version":0,"opInFunc":{"funcId":"913d673d-5148-4ef0-afb4-d0306d57a588","opId":"502f9b24-e07b-4c24-bf44-922854bd28a3","id":"62ef348b-1189-4297-8811-b41d09bccb45","createdAt":1519805026014,"updatedAt":1519805026014,"version":0,"function":{"name":"功能管理","code":"function","class":1,"belong":"8757fe63-d819-428e-958e-6c699c3e02d5","status":1,"id":"913d673d-5148-4ef0-afb4-d0306d57a588","createdAt":1519805019696,"updatedAt":1519805019696,"version":0},"operate":{"name":"编辑","code":"edit","status":1,"id":"502f9b24-e07b-4c24-bf44-922854bd28a3","createdAt":1519805020055,"updatedAt":1519805020055,"version":0}}},{"authId":"b681f20e-f565-4863-b150-99f9977a1ae9","roleId":"440fba89-762d-4584-8bdc-26e2e7b5e71e","id":"f2a84885-0df0-4529-b941-669688158a4c","createdAt":1522051771704,"updatedAt":1522051771704,"version":0,"opInFunc":{"funcId":"690c0f1e-2658-4aa9-ac18-8a02269c9a65","opId":"502f9b24-e07b-4c24-bf44-922854bd28a3","id":"b681f20e-f565-4863-b150-99f9977a1ae9","createdAt":1519805023625,"updatedAt":1519805023625,"version":0,"function":{"name":"工单","code":"op","class":1,"belong":"982e14ea-8b1c-439e-b78d-204579d676a3","status":1,"id":"690c0f1e-2658-4aa9-ac18-8a02269c9a65","createdAt":1519805019330,"updatedAt":1519805019330,"version":0},"operate":{"name":"编辑","code":"edit","status":1,"id":"502f9b24-e07b-4c24-bf44-922854bd28a3","createdAt":1519805020055,"updatedAt":1519805020055,"version":0}}},{"authId":"ead66296-1c94-44ed-bb37-ffe53a242b3d","roleId":"440fba89-762d-4584-8bdc-26e2e7b5e71e","id":"05c63315-27dc-4072-aa7c-857892163d46","createdAt":1519805025009,"updatedAt":1519805025009,"version":0,"opInFunc":{"funcId":"a1058ce8-ffd9-446e-9955-b78c59d71ec9","opId":"83bbdb02-998b-47ba-83e3-281c3c6fb9a9","id":"ead66296-1c94-44ed-bb37-ffe53a242b3d","createdAt":1519805024924,"updatedAt":1519805024924,"version":0,"function":{"name":"用户管理","code":"user","class":1,"belong":"8757fe63-d819-428e-958e-6c699c3e02d5","status":1,"id":"a1058ce8-ffd9-446e-9955-b78c59d71ec9","createdAt":1519805019637,"updatedAt":1519805019637,"version":0},"operate":{"name":"菜单可见","code":"menu","status":1,"id":"83bbdb02-998b-47ba-83e3-281c3c6fb9a9","createdAt":1519805019821,"updatedAt":1519805019821,"version":0}}},{"authId":"7fd48dce-6512-42c8-9a11-338c7eb9bf9b","roleId":"440fba89-762d-4584-8bdc-26e2e7b5e71e","id":"0d733f51-13aa-41e0-9e3e-7ac9424362b6","createdAt":1520241559035,"updatedAt":1520241559035,"version":0,"opInFunc":{"funcId":"b60ec5c0-7b2c-487f-ae9e-e564a36526d0","opId":"83bbdb02-998b-47ba-83e3-281c3c6fb9a9","id":"7fd48dce-6512-42c8-9a11-338c7eb9bf9b","createdAt":1519805024025,"updatedAt":1519805024025,"version":0,"function":{"name":"业务内容设置","code":"business","class":1,"belong":"982e14ea-8b1c-439e-b78d-204579d676a3","status":1,"id":"b60ec5c0-7b2c-487f-ae9e-e564a36526d0","createdAt":1519805019485,"updatedAt":1519805019485,"version":0},"operate":{"name":"菜单可见","code":"menu","status":1,"id":"83bbdb02-998b-47ba-83e3-281c3c6fb9a9","createdAt":1519805019821,"updatedAt":1519805019821,"version":0}}},{"authId":"09cf30c8-3ac0-4aa8-98df-d47b09dff3e7","roleId":"440fba89-762d-4584-8bdc-26e2e7b5e71e","id":"4cfe2d67-40da-4af2-af63-de2c7445e42e","createdAt":1521430468054,"updatedAt":1521430468054,"version":0,"opInFunc":{"funcId":"263a3a09-28f4-4b99-a99b-bc0ac02a8eae","opId":"83bbdb02-998b-47ba-83e3-281c3c6fb9a9","id":"09cf30c8-3ac0-4aa8-98df-d47b09dff3e7","createdAt":1519805021834,"updatedAt":1519805021834,"version":0,"function":{"name":"公司设置","code":"corporation","class":1,"belong":"ebaac5a8-c966-412e-aa6b-fe2ad585203e","status":1,"id":"263a3a09-28f4-4b99-a99b-bc0ac02a8eae","createdAt":1519805019097,"updatedAt":1519805019097,"version":0},"operate":{"name":"菜单可见","code":"menu","status":1,"id":"83bbdb02-998b-47ba-83e3-281c3c6fb9a9","createdAt":1519805019821,"updatedAt":1519805019821,"version":0}}},{"authId":"4a694e1e-7140-402e-baa5-c7a916b21fb2","roleId":"440fba89-762d-4584-8bdc-26e2e7b5e71e","id":"62303daa-9ad9-4c85-b998-8bc2d0581579","createdAt":1519805024855,"updatedAt":1519805024855,"version":0,"opInFunc":{"funcId":"8757fe63-d819-428e-958e-6c699c3e02d5","opId":"83bbdb02-998b-47ba-83e3-281c3c6fb9a9","id":"4a694e1e-7140-402e-baa5-c7a916b21fb2","createdAt":1519805024788,"updatedAt":1519805024788,"version":0,"function":{"name":"用户权限管理","code":"auth","class":0,"belong":null,"status":1,"id":"8757fe63-d819-428e-958e-6c699c3e02d5","createdAt":1519805019565,"updatedAt":1519805019565,"version":0},"operate":{"name":"菜单可见","code":"menu","status":1,"id":"83bbdb02-998b-47ba-83e3-281c3c6fb9a9","createdAt":1519805019821,"updatedAt":1519805019821,"version":0}}},{"authId":"0a960f76-baa1-434c-85c3-2a18b228694c","roleId":"440fba89-762d-4584-8bdc-26e2e7b5e71e","id":"90336643-d5b5-44bb-8b2c-14723016c372","createdAt":1520415127555,"updatedAt":1520415127555,"version":0,"opInFunc":{"funcId":"04b65016-92c4-49b7-ac55-b5fc554dcb8b","opId":"83bbdb02-998b-47ba-83e3-281c3c6fb9a9","id":"0a960f76-baa1-434c-85c3-2a18b228694c","createdAt":1520415116889,"updatedAt":1520415116889,"version":0,"function":{"name":"客户需求","code":"order","class":1,"belong":"982e14ea-8b1c-439e-b78d-204579d676a3","status":1,"id":"04b65016-92c4-49b7-ac55-b5fc554dcb8b","createdAt":1519805019405,"updatedAt":1519805019405,"version":0},"operate":{"name":"菜单可见","code":"menu","status":1,"id":"83bbdb02-998b-47ba-83e3-281c3c6fb9a9","createdAt":1519805019821,"updatedAt":1519805019821,"version":0}}},{"authId":"13ec5934-1992-47fb-b9ed-9aba6e6fec91","roleId":"440fba89-762d-4584-8bdc-26e2e7b5e71e","id":"9ae879b8-42d6-430b-af0f-5d0a86b23ce5","createdAt":1519805021178,"updatedAt":1519805021178,"version":0,"opInFunc":{"funcId":"12e0542c-1cf4-49f4-afe6-9ed1e17f24bb","opId":"83bbdb02-998b-47ba-83e3-281c3c6fb9a9","id":"13ec5934-1992-47fb-b9ed-9aba6e6fec91","createdAt":1519805021113,"updatedAt":1519805021113,"version":0,"function":{"name":"组织设置","code":"group","class":1,"belong":"ebaac5a8-c966-412e-aa6b-fe2ad585203e","status":1,"id":"12e0542c-1cf4-49f4-afe6-9ed1e17f24bb","createdAt":1519805019028,"updatedAt":1519805019028,"version":0},"operate":{"name":"菜单可见","code":"menu","status":1,"id":"83bbdb02-998b-47ba-83e3-281c3c6fb9a9","createdAt":1519805019821,"updatedAt":1519805019821,"version":0}}},{"authId":"fb4e96bd-9818-4d8a-957c-accfd1270092","roleId":"440fba89-762d-4584-8bdc-26e2e7b5e71e","id":"ad382926-8ccf-44ce-bb18-dae8b178622f","createdAt":1520221155666,"updatedAt":1520221155666,"version":0,"opInFunc":{"funcId":"982e14ea-8b1c-439e-b78d-204579d676a3","opId":"83bbdb02-998b-47ba-83e3-281c3c6fb9a9","id":"fb4e96bd-9818-4d8a-957c-accfd1270092","createdAt":1519805022865,"updatedAt":1519805022865,"version":0,"function":{"name":"工作管理","code":"operations","class":0,"belong":null,"status":1,"id":"982e14ea-8b1c-439e-b78d-204579d676a3","createdAt":1519805019261,"updatedAt":1519805019261,"version":0},"operate":{"name":"菜单可见","code":"menu","status":1,"id":"83bbdb02-998b-47ba-83e3-281c3c6fb9a9","createdAt":1519805019821,"updatedAt":1519805019821,"version":0}}},{"authId":"67d58590-c1d2-4f27-800a-6bfe488ff9f4","roleId":"440fba89-762d-4584-8bdc-26e2e7b5e71e","id":"aec01963-267c-4b2b-8332-753bca6d3670","createdAt":1519805023071,"updatedAt":1519805023071,"version":0,"opInFunc":{"funcId":"690c0f1e-2658-4aa9-ac18-8a02269c9a65","opId":"83bbdb02-998b-47ba-83e3-281c3c6fb9a9","id":"67d58590-c1d2-4f27-800a-6bfe488ff9f4","createdAt":1519805023002,"updatedAt":1519805023002,"version":0,"function":{"name":"工单","code":"op","class":1,"belong":"982e14ea-8b1c-439e-b78d-204579d676a3","status":1,"id":"690c0f1e-2658-4aa9-ac18-8a02269c9a65","createdAt":1519805019330,"updatedAt":1519805019330,"version":0},"operate":{"name":"菜单可见","code":"menu","status":1,"id":"83bbdb02-998b-47ba-83e3-281c3c6fb9a9","createdAt":1519805019821,"updatedAt":1519805019821,"version":0}}},{"authId":"1332c610-15b2-4ff8-97ba-a44a62d66f27","roleId":"440fba89-762d-4584-8bdc-26e2e7b5e71e","id":"b1176d62-6dfd-445c-bc39-2785a70b7fd2","createdAt":1519805026359,"updatedAt":1519805026359,"version":0,"opInFunc":{"funcId":"8d41241c-236f-4a68-8225-d00d2b7908d5","opId":"83bbdb02-998b-47ba-83e3-281c3c6fb9a9","id":"1332c610-15b2-4ff8-97ba-a44a62d66f27","createdAt":1519805026291,"updatedAt":1519805026291,"version":0,"function":{"name":"角色管理","code":"role","class":1,"belong":"8757fe63-d819-428e-958e-6c699c3e02d5","status":1,"id":"8d41241c-236f-4a68-8225-d00d2b7908d5","createdAt":1519805019759,"updatedAt":1519805019759,"version":0},"operate":{"name":"菜单可见","code":"menu","status":1,"id":"83bbdb02-998b-47ba-83e3-281c3c6fb9a9","createdAt":1519805019821,"updatedAt":1519805019821,"version":0}}},{"authId":"39ffc34b-e539-4024-8703-3650e764b77d","roleId":"440fba89-762d-4584-8bdc-26e2e7b5e71e","id":"cfbd64f9-ac62-40b6-a741-fb255406ccfc","createdAt":1519805020644,"updatedAt":1519805020644,"version":0,"opInFunc":{"funcId":"c311b671-9fb9-4d09-81b1-9e750f24a9f3","opId":"83bbdb02-998b-47ba-83e3-281c3c6fb9a9","id":"39ffc34b-e539-4024-8703-3650e764b77d","createdAt":1519805020572,"updatedAt":1519805020572,"version":0,"function":{"name":"地址设置","code":"address","class":1,"belong":"ebaac5a8-c966-412e-aa6b-fe2ad585203e","status":1,"id":"c311b671-9fb9-4d09-81b1-9e750f24a9f3","createdAt":1519805018967,"updatedAt":1519805018967,"version":0},"operate":{"name":"菜单可见","code":"menu","status":1,"id":"83bbdb02-998b-47ba-83e3-281c3c6fb9a9","createdAt":1519805019821,"updatedAt":1519805019821,"version":0}}},{"authId":"2b42da1e-dff3-4a7b-a1b1-fcb77c9aafe9","roleId":"440fba89-762d-4584-8bdc-26e2e7b5e71e","id":"dd322eaf-f767-4b05-8168-c795f2aa5d66","createdAt":1519805025663,"updatedAt":1519805025663,"version":0,"opInFunc":{"funcId":"913d673d-5148-4ef0-afb4-d0306d57a588","opId":"83bbdb02-998b-47ba-83e3-281c3c6fb9a9","id":"2b42da1e-dff3-4a7b-a1b1-fcb77c9aafe9","createdAt":1519805025530,"updatedAt":1519805025530,"version":0,"function":{"name":"功能管理","code":"function","class":1,"belong":"8757fe63-d819-428e-958e-6c699c3e02d5","status":1,"id":"913d673d-5148-4ef0-afb4-d0306d57a588","createdAt":1519805019696,"updatedAt":1519805019696,"version":0},"operate":{"name":"菜单可见","code":"menu","status":1,"id":"83bbdb02-998b-47ba-83e3-281c3c6fb9a9","createdAt":1519805019821,"updatedAt":1519805019821,"version":0}}},{"authId":"a31cebf4-49bc-40a3-aadc-dcbe25d40ac5","roleId":"440fba89-762d-4584-8bdc-26e2e7b5e71e","id":"eaeca1f2-3bcc-4fbf-a6f5-12c462996139","createdAt":1519805022460,"updatedAt":1519805022460,"version":0,"opInFunc":{"funcId":"e4d63de8-a7e8-42b8-888b-35b42322a68b","opId":"83bbdb02-998b-47ba-83e3-281c3c6fb9a9","id":"a31cebf4-49bc-40a3-aadc-dcbe25d40ac5","createdAt":1519805022389,"updatedAt":1519805022389,"version":0,"function":{"name":"工程师设置","code":"worker","class":1,"belong":"ebaac5a8-c966-412e-aa6b-fe2ad585203e","status":1,"id":"e4d63de8-a7e8-42b8-888b-35b42322a68b","createdAt":1519805019161,"updatedAt":1519805019161,"version":0},"operate":{"name":"菜单可见","code":"menu","status":1,"id":"83bbdb02-998b-47ba-83e3-281c3c6fb9a9","createdAt":1519805019821,"updatedAt":1519805019821,"version":0}}},{"authId":"97d63fdc-1e92-4662-84d9-1471283f8971","roleId":"440fba89-762d-4584-8bdc-26e2e7b5e71e","id":"ed754ebc-1ec2-47ba-81be-950987aa2f17","createdAt":1520233151435,"updatedAt":1520233151435,"version":0,"opInFunc":{"funcId":"ebaac5a8-c966-412e-aa6b-fe2ad585203e","opId":"83bbdb02-998b-47ba-83e3-281c3c6fb9a9","id":"97d63fdc-1e92-4662-84d9-1471283f8971","createdAt":1519805020337,"updatedAt":1519805020337,"version":0,"function":{"name":"基本设置","code":"basic","class":0,"belong":null,"status":1,"id":"ebaac5a8-c966-412e-aa6b-fe2ad585203e","createdAt":1519805018906,"updatedAt":1519805018906,"version":0},"operate":{"name":"菜单可见","code":"menu","status":1,"id":"83bbdb02-998b-47ba-83e3-281c3c6fb9a9","createdAt":1519805019821,"updatedAt":1519805019821,"version":0}}}]}}}
*************** response log end ***************

[2018-04-09 15:58:32.458] [INFO] resLogger - 
*************** response log start ***************
request method: GET
request originalUrl:  /api/equipType/list?token=eyJhbGciOiJIUzI1NiIsInR5cCI6IkpXVCJ9.eyJkYXRhIjp7ImlkIjoiMDU3MjBlNmUtZWJlMy00MDM2LWI1NzUtZmYxZmEwYzZjYjM4IiwibmFtZSI6ImFkbWluIiwiZ2VuZGVyIjp0cnVlLCJlbWFpbCI6IjM3ODMzODYyN0BxcS5jb20ifSwiaWF0IjoxNTIzMjQ0Njc4LCJleHAiOjE1MjMzMzEwNzh9.NqoMgr2RAUm_Cb4JFuSiYGZoDK4W5bYgOd6cdi35h4U
request client ip:  ::ffff:127.0.0.1
request query:  {"token":"eyJhbGciOiJIUzI1NiIsInR5cCI6IkpXVCJ9.eyJkYXRhIjp7ImlkIjoiMDU3MjBlNmUtZWJlMy00MDM2LWI1NzUtZmYxZmEwYzZjYjM4IiwibmFtZSI6ImFkbWluIiwiZ2VuZGVyIjp0cnVlLCJlbWFpbCI6IjM3ODMzODYyN0BxcS5jb20ifSwiaWF0IjoxNTIzMjQ0Njc4LCJleHAiOjE1MjMzMzEwNzh9.NqoMgr2RAUm_Cb4JFuSiYGZoDK4W5bYgOd6cdi35h4U"}
response time: 23
response status: 200
response body: 
{"status":0,"data":[{"name":"网络","code":"NETWORK","id":"edad6210-e642-4302-98c1-60251cb85972","createdAt":1515633162976,"updatedAt":1515633162976,"version":0},{"name":"软件","code":"SOFTWARE","id":"273f11bf-51a4-4331-9f71-f209625da820","createdAt":1515633162815,"updatedAt":1515633162815,"version":0},{"name":"硬件","code":"HARDWARE","id":"e6890530-4629-406f-a3fb-d8e2a293320b","createdAt":1515633162627,"updatedAt":1515633162627,"version":0}]}
*************** response log end ***************

[2018-04-09 15:58:32.497] [INFO] resLogger - 
*************** response log start ***************
request method: GET
request originalUrl:  /api/workers/list?token=eyJhbGciOiJIUzI1NiIsInR5cCI6IkpXVCJ9.eyJkYXRhIjp7ImlkIjoiMDU3MjBlNmUtZWJlMy00MDM2LWI1NzUtZmYxZmEwYzZjYjM4IiwibmFtZSI6ImFkbWluIiwiZ2VuZGVyIjp0cnVlLCJlbWFpbCI6IjM3ODMzODYyN0BxcS5jb20ifSwiaWF0IjoxNTIzMjQ0Njc4LCJleHAiOjE1MjMzMzEwNzh9.NqoMgr2RAUm_Cb4JFuSiYGZoDK4W5bYgOd6cdi35h4U
request client ip:  ::ffff:127.0.0.1
request query:  {"token":"eyJhbGciOiJIUzI1NiIsInR5cCI6IkpXVCJ9.eyJkYXRhIjp7ImlkIjoiMDU3MjBlNmUtZWJlMy00MDM2LWI1NzUtZmYxZmEwYzZjYjM4IiwibmFtZSI6ImFkbWluIiwiZ2VuZGVyIjp0cnVlLCJlbWFpbCI6IjM3ODMzODYyN0BxcS5jb20ifSwiaWF0IjoxNTIzMjQ0Njc4LCJleHAiOjE1MjMzMzEwNzh9.NqoMgr2RAUm_Cb4JFuSiYGZoDK4W5bYgOd6cdi35h4U"}
response time: 22
response status: 200
response body: 
{"status":0,"data":[{"name":"admin","email":"378338627@qq.com","phone":"15822927208","password":"$2a$10$ZCz8FbSB13tB2jbZIaI13.kaTOEp236iyvOOtqgZf.m.RSqqgjheq","gender":true,"token":"eyJhbGciOiJIUzI1NiIsInR5cCI6IkpXVCJ9.eyJkYXRhIjp7ImlkIjoiMDU3MjBlNmUtZWJlMy00MDM2LWI1NzUtZmYxZmEwYzZjYjM4IiwibmFtZSI6ImFkbWluIiwiZ2VuZGVyIjp0cnVlLCJlbWFpbCI6IjM3ODMzODYyN0BxcS5jb20ifSwiaWF0IjoxNTIzMjQ0Njc4LCJleHAiOjE1MjMzMzEwNzh9.NqoMgr2RAUm_Cb4JFuSiYGZoDK4W5bYgOd6cdi35h4U","canLogin":true,"status":1,"roleId":"440fba89-762d-4584-8bdc-26e2e7b5e71e","id":"05720e6e-ebe3-4036-b575-ff1fa0c6cb38","createdAt":1515633151463,"updatedAt":1523244678098,"version":75,"worker":{"userId":"05720e6e-ebe3-4036-b575-ff1fa0c6cb38","id":"cbfc2558-dbf1-4dbe-9715-f3c3d498771c","createdAt":1521773688107,"updatedAt":1521773688107,"version":0}},{"name":"张赫","email":"378338627@qq.com","phone":"15822927208","password":"$2a$10$JUhMlqmi1flOuZRNBWq8j.o1y9YUDnWElK8XNEMAgkk/WAw66oVUu","gender":true,"token":null,"canLogin":true,"status":1,"roleId":"aa7eeae7-8d60-40fb-95ad-e55495ffd845","id":"ddb9b8c8-e9ba-48ac-af2e-bce4d534e4fb","createdAt":1515633151464,"updatedAt":1515633151464,"version":0,"worker":{"userId":"ddb9b8c8-e9ba-48ac-af2e-bce4d534e4fb","id":"535b3f1a-80dc-482e-a72b-8f3be9964a72","createdAt":1515633503273,"updatedAt":1515633503273,"version":0}},{"name":"朱亚亮","email":"378338627@qq.com","phone":"15822927208","password":"$2a$10$tkDWWL9Mkz9AUFRa.zS/suzNbr.PYt8dYnZloNBj4mkVHyh/kIvM6","gender":true,"token":null,"canLogin":true,"status":1,"roleId":"aa7eeae7-8d60-40fb-95ad-e55495ffd845","id":"e096a454-4426-400f-92ad-9726744236c0","createdAt":1515633151464,"updatedAt":1515633151464,"version":0,"worker":{"userId":"e096a454-4426-400f-92ad-9726744236c0","id":"8a3b64a8-aa73-4bee-abcc-c6793b69ce36","createdAt":1520564971177,"updatedAt":1520564971177,"version":0}},{"name":"庞子博","email":null,"phone":null,"password":"$2a$10$tsM9DndCIJaRrRXs67NnpOzFGOBDanLbkAcx3bPomQDjWFolbBbyC","gender":true,"token":null,"canLogin":true,"status":1,"roleId":"aa7eeae7-8d60-40fb-95ad-e55495ffd845","id":"b4fe1ad8-3b6b-4987-81d0-61715078370d","createdAt":1521444713708,"updatedAt":1521444713708,"version":0,"worker":{"userId":"b4fe1ad8-3b6b-4987-81d0-61715078370d","id":"0c46ed02-ecfa-4a98-b55c-0f021e96a5ec","createdAt":1521444719128,"updatedAt":1521444719128,"version":0}},{"name":"柏乾丁","email":null,"phone":null,"password":"$2a$10$X0cBFZcta.17teTTqpILF.7uQFzZxZXj8HBgMlmhJ6c85d8mqGK7W","gender":true,"token":null,"canLogin":true,"status":1,"roleId":"aa7eeae7-8d60-40fb-95ad-e55495ffd845","id":"57006f2f-a8ca-4d39-8297-fdd8fc1695cf","createdAt":1521699299739,"updatedAt":1521699299739,"version":0,"worker":{"userId":"57006f2f-a8ca-4d39-8297-fdd8fc1695cf","id":"8b4a6248-5ced-4f78-86cd-fe70b642d575","createdAt":1521699323338,"updatedAt":1521699323338,"version":0}},{"name":"杨立岩","email":null,"phone":null,"password":"$2a$10$EjvM0RWmN/7pPhDicoRafuMvVsdPw/vYxq23S6Whh19SCa6EcfVNW","gender":true,"token":null,"canLogin":true,"status":1,"roleId":"440fba89-762d-4584-8bdc-26e2e7b5e71e","id":"ceeb029e-3a77-43a7-a408-3bf1be72bac3","createdAt":1522368996583,"updatedAt":1522368996583,"version":0,"worker":{"userId":"ceeb029e-3a77-43a7-a408-3bf1be72bac3","id":"5c0abe2e-095b-4cb9-b1b5-3735068cf372","createdAt":1522369003172,"updatedAt":1522369003172,"version":0}}]}
*************** response log end ***************

[2018-04-09 15:58:32.598] [INFO] resLogger - 
*************** response log start ***************
request method: GET
request originalUrl:  /api/operation/b69be551-2a4f-41ca-ba52-f7909dd52c71?token=eyJhbGciOiJIUzI1NiIsInR5cCI6IkpXVCJ9.eyJkYXRhIjp7ImlkIjoiMDU3MjBlNmUtZWJlMy00MDM2LWI1NzUtZmYxZmEwYzZjYjM4IiwibmFtZSI6ImFkbWluIiwiZ2VuZGVyIjp0cnVlLCJlbWFpbCI6IjM3ODMzODYyN0BxcS5jb20ifSwiaWF0IjoxNTIzMjQ0Njc4LCJleHAiOjE1MjMzMzEwNzh9.NqoMgr2RAUm_Cb4JFuSiYGZoDK4W5bYgOd6cdi35h4U
request client ip:  ::ffff:127.0.0.1
request query:  {"token":"eyJhbGciOiJIUzI1NiIsInR5cCI6IkpXVCJ9.eyJkYXRhIjp7ImlkIjoiMDU3MjBlNmUtZWJlMy00MDM2LWI1NzUtZmYxZmEwYzZjYjM4IiwibmFtZSI6ImFkbWluIiwiZ2VuZGVyIjp0cnVlLCJlbWFpbCI6IjM3ODMzODYyN0BxcS5jb20ifSwiaWF0IjoxNTIzMjQ0Njc4LCJleHAiOjE1MjMzMzEwNzh9.NqoMgr2RAUm_Cb4JFuSiYGZoDK4W5bYgOd6cdi35h4U"}
response time: 64
response status: 200
response body: 
{"status":0,"data":{"orderId":"ebdf071f-8797-417d-8a74-51cdd20ef9f4","important":false,"op":"8f51ac69-d68a-4b7e-8562-3e8327e3de01","no":"20180409000","create_time":1523234701000,"remark":"","status":1,"id":"b69be551-2a4f-41ca-ba52-f7909dd52c71","createdAt":1523256608850,"updatedAt":1523256608850,"version":0,"order":{"no":"20180409000","custom_name":"高新","custom_phone":"15822927208","incoming_time":1523234701000,"custom_corporation":"89cce940-1268-4690-abe4-3b3b14fb0cde","custom_position":"6ed100a3-ea99-4c9a-b02b-51ef5f977092","remark":null,"status":1,"needs":"[{\"type\":{\"id\":\"e6890530-4629-406f-a3fb-d8e2a293320b\",\"name\":\"硬件\",\"code\":\"HARDWARE\"},\"equipment\":{\"name\":\"电话\",\"value\":\"电话\"},\"op\":{\"id\":\"8f51ac69-d68a-4b7e-8562-3e8327e3de01\",\"name\":\"安装\",\"code\":\"SETUP\"},\"no\":1},{\"type\":{\"id\":\"edad6210-e642-4302-98c1-60251cb85972\",\"name\":\"网络\",\"code\":\"NETWORK\"},\"equipment\":{\"name\":\"互联网\",\"value\":\"互联网\"},\"op\":{\"id\":\"0238f1c8-41a3-46da-84ea-61e406b21d30\",\"name\":\"连接\",\"code\":\"CONNECT\"},\"no\":1}]","id":"ebdf071f-8797-417d-8a74-51cdd20ef9f4","createdAt":1523256608841,"updatedAt":1523256608841,"version":0,"corporation":{"name":"高新公司","description":"高新","status":1,"groupId":"f0c37d6d-c922-4617-befd-aa51ad85d7c5","id":"89cce940-1268-4690-abe4-3b3b14fb0cde","createdAt":1516607211910,"updatedAt":1516607211910,"version":0},"corpBuilding":{"corporationId":"89cce940-1268-4690-abe4-3b3b14fb0cde","buildingId":"6a9bcf38-e15c-4669-8dbd-bd48bfad4623","floor":4,"position":"E","status":1,"id":"6ed100a3-ea99-4c9a-b02b-51ef5f977092","createdAt":1516607229473,"updatedAt":1516607229473,"version":0,"building":{"name":"商务大厦北楼","address":"北","minfloor":1,"maxfloor":15,"status":1,"id":"6a9bcf38-e15c-4669-8dbd-bd48bfad4623","createdAt":1515633153519,"updatedAt":1515633153519,"version":0}}},"businessContent":{"type":"HARDWARE","equipment":"电话","operation":"SETUP","isAdvanced":null,"weight":5,"remark":null,"status":1,"id":"8f51ac69-d68a-4b7e-8562-3e8327e3de01","createdAt":1515633164099,"updatedAt":1517551439716,"version":1,"equipType":{"name":"硬件","code":"HARDWARE","id":"e6890530-4629-406f-a3fb-d8e2a293320b","createdAt":1515633162627,"updatedAt":1515633162627,"version":0},"equipOp":{"name":"安装","code":"SETUP","id":"a1827017-987a-4fea-89c4-5742c40cbc3e","createdAt":1515633163145,"updatedAt":1515633163145,"version":0}},"actions":[{"operationId":"b69be551-2a4f-41ca-ba52-f7909dd52c71","call_time":1523234701000,"start_time":1523235001000,"end_time":1523236801000,"worker":"e096a454-4426-400f-92ad-9726744236c0","operationStart":null,"operationComplete":1,"status":1,"id":"27d45366-6bbe-4759-ad6a-3b47d767accc","createdAt":1523256608883,"updatedAt":1523256608883,"version":0,"user":{"name":"朱亚亮","email":"378338627@qq.com","phone":"15822927208","password":"$2a$10$tkDWWL9Mkz9AUFRa.zS/suzNbr.PYt8dYnZloNBj4mkVHyh/kIvM6","gender":true,"token":null,"canLogin":true,"status":1,"roleId":"aa7eeae7-8d60-40fb-95ad-e55495ffd845","id":"e096a454-4426-400f-92ad-9726744236c0","createdAt":1515633151464,"updatedAt":1515633151464,"version":0}}]}}
*************** response log end ***************

[2018-04-09 15:58:32.672] [INFO] resLogger - 
*************** response log start ***************
request method: GET
request originalUrl:  /api/business/getequip/get?token=eyJhbGciOiJIUzI1NiIsInR5cCI6IkpXVCJ9.eyJkYXRhIjp7ImlkIjoiMDU3MjBlNmUtZWJlMy00MDM2LWI1NzUtZmYxZmEwYzZjYjM4IiwibmFtZSI6ImFkbWluIiwiZ2VuZGVyIjp0cnVlLCJlbWFpbCI6IjM3ODMzODYyN0BxcS5jb20ifSwiaWF0IjoxNTIzMjQ0Njc4LCJleHAiOjE1MjMzMzEwNzh9.NqoMgr2RAUm_Cb4JFuSiYGZoDK4W5bYgOd6cdi35h4U
request client ip:  ::ffff:127.0.0.1
request query:  {"token":"eyJhbGciOiJIUzI1NiIsInR5cCI6IkpXVCJ9.eyJkYXRhIjp7ImlkIjoiMDU3MjBlNmUtZWJlMy00MDM2LWI1NzUtZmYxZmEwYzZjYjM4IiwibmFtZSI6ImFkbWluIiwiZ2VuZGVyIjp0cnVlLCJlbWFpbCI6IjM3ODMzODYyN0BxcS5jb20ifSwiaWF0IjoxNTIzMjQ0Njc4LCJleHAiOjE1MjMzMzEwNzh9.NqoMgr2RAUm_Cb4JFuSiYGZoDK4W5bYgOd6cdi35h4U"}
response time: 9
response status: 200
response body: 
{"status":0,"data":[{"equipment":"IP地址","name":"IP地址"},{"equipment":"OA","name":"OA"},{"equipment":"UPS","name":"UPS"},{"equipment":"VPN","name":"VPN"},{"equipment":"WORD","name":"WORD"},{"equipment":"云桌面","name":"云桌面"},{"equipment":"互联网","name":"互联网"},{"equipment":"传真机","name":"传真机"},{"equipment":"内网","name":"内网"},{"equipment":"办公软件","name":"办公软件"},{"equipment":"垃圾软件","name":"垃圾软件"},{"equipment":"大屏幕","name":"大屏幕"},{"equipment":"工位","name":"工位"},{"equipment":"打印机","name":"打印机"},{"equipment":"扫描仪","name":"扫描仪"},{"equipment":"摄像头","name":"摄像头"},{"equipment":"操作系统","name":"操作系统"},{"equipment":"显示器","name":"显示器"},{"equipment":"有线网络","name":"有线网络"},{"equipment":"浏览器","name":"浏览器"},{"equipment":"电脑","name":"电脑"},{"equipment":"电视","name":"电视"},{"equipment":"电话","name":"电话"},{"equipment":"硬盘","name":"硬盘"},{"equipment":"笔记本电脑","name":"笔记本电脑"},{"equipment":"网络设备","name":"网络设备"},{"equipment":"考勤机","name":"考勤机"},{"equipment":"视频会议设备","name":"视频会议设备"},{"equipment":"证书","name":"证书"},{"equipment":"路由器","name":"路由器"},{"equipment":"输入法","name":"输入法"},{"equipment":"隔离卡","name":"隔离卡"},{"equipment":"鼠标","name":"鼠标"}]}
*************** response log end ***************

[2018-04-09 15:58:32.753] [INFO] resLogger - 
*************** response log start ***************
request method: GET
request originalUrl:  /api/business/list?token=eyJhbGciOiJIUzI1NiIsInR5cCI6IkpXVCJ9.eyJkYXRhIjp7ImlkIjoiMDU3MjBlNmUtZWJlMy00MDM2LWI1NzUtZmYxZmEwYzZjYjM4IiwibmFtZSI6ImFkbWluIiwiZ2VuZGVyIjp0cnVlLCJlbWFpbCI6IjM3ODMzODYyN0BxcS5jb20ifSwiaWF0IjoxNTIzMjQ0Njc4LCJleHAiOjE1MjMzMzEwNzh9.NqoMgr2RAUm_Cb4JFuSiYGZoDK4W5bYgOd6cdi35h4U&type=HARDWARE&equipment=%E7%94%B5%E8%AF%9D
request client ip:  ::ffff:127.0.0.1
request query:  {"token":"eyJhbGciOiJIUzI1NiIsInR5cCI6IkpXVCJ9.eyJkYXRhIjp7ImlkIjoiMDU3MjBlNmUtZWJlMy00MDM2LWI1NzUtZmYxZmEwYzZjYjM4IiwibmFtZSI6ImFkbWluIiwiZ2VuZGVyIjp0cnVlLCJlbWFpbCI6IjM3ODMzODYyN0BxcS5jb20ifSwiaWF0IjoxNTIzMjQ0Njc4LCJleHAiOjE1MjMzMzEwNzh9.NqoMgr2RAUm_Cb4JFuSiYGZoDK4W5bYgOd6cdi35h4U","type":"HARDWARE","equipment":"电话"}
response time: 29
response status: 200
response body: 
{"status":0,"data":[{"type":"HARDWARE","equipment":"电话","operation":"SETUP","isAdvanced":null,"weight":5,"remark":null,"status":1,"id":"8f51ac69-d68a-4b7e-8562-3e8327e3de01","createdAt":1515633164099,"updatedAt":1517551439716,"version":1,"equipType":{"name":"硬件","code":"HARDWARE","id":"e6890530-4629-406f-a3fb-d8e2a293320b","createdAt":1515633162627,"updatedAt":1515633162627,"version":0},"equipOp":{"name":"安装","code":"SETUP","id":"a1827017-987a-4fea-89c4-5742c40cbc3e","createdAt":1515633163145,"updatedAt":1515633163145,"version":0}},{"type":"HARDWARE","equipment":"电话","operation":"FIX","isAdvanced":null,"weight":5,"remark":null,"status":1,"id":"f9747c30-796d-4680-a437-d5a406a659a1","createdAt":1515633164221,"updatedAt":1517551439587,"version":1,"equipType":{"name":"硬件","code":"HARDWARE","id":"e6890530-4629-406f-a3fb-d8e2a293320b","createdAt":1515633162627,"updatedAt":1515633162627,"version":0},"equipOp":{"name":"故障","code":"FIX","id":"e15ed1f4-3cf7-4dcc-859b-70620a042bf3","createdAt":1515633163280,"updatedAt":1515633163280,"version":0}},{"type":"HARDWARE","equipment":"电话","operation":"MOVE","isAdvanced":false,"weight":5,"remark":null,"status":1,"id":"d02a295b-33fb-46c0-9c60-ea6a857d2eeb","createdAt":1517551439513,"updatedAt":1517551439513,"version":0,"equipType":{"name":"硬件","code":"HARDWARE","id":"e6890530-4629-406f-a3fb-d8e2a293320b","createdAt":1515633162627,"updatedAt":1515633162627,"version":0},"equipOp":{"name":"迁移","code":"MOVE","id":"980eed8d-d949-4ef2-abc4-0b810667abde","createdAt":1517551422542,"updatedAt":1517551422542,"version":0}}],"total":3}
*************** response log end ***************

