[2018-01-17 09:04:46.314] [INFO] resLogger - 
*************** response log start ***************
request method: GET
request originalUrl:  /api/operation/list_week/time/1516149556905?token=eyJhbGciOiJIUzI1NiIsInR5cCI6IkpXVCJ9.eyJkYXRhIjp7ImlkIjoiMDU3MjBlNmUtZWJlMy00MDM2LWI1NzUtZmYxZmEwYzZjYjM4IiwibmFtZSI6ImFkbWluIiwiZ2VuZGVyIjp0cnVlLCJlbWFpbCI6IjM3ODMzODYyN0BxcS5jb20ifSwiaWF0IjoxNTE2MDY2NjgwLCJleHAiOjE1MTYxNTMwODB9.o74u1SyNk1fJVe_dTZ11Ee-UGEokYngEcu3kWTqxRx0
request client ip:  ::ffff:127.0.0.1
request query:  {"token":"eyJhbGciOiJIUzI1NiIsInR5cCI6IkpXVCJ9.eyJkYXRhIjp7ImlkIjoiMDU3MjBlNmUtZWJlMy00MDM2LWI1NzUtZmYxZmEwYzZjYjM4IiwibmFtZSI6ImFkbWluIiwiZ2VuZGVyIjp0cnVlLCJlbWFpbCI6IjM3ODMzODYyN0BxcS5jb20ifSwiaWF0IjoxNTE2MDY2NjgwLCJleHAiOjE1MTYxNTMwODB9.o74u1SyNk1fJVe_dTZ11Ee-UGEokYngEcu3kWTqxRx0"}
response time: 140
response status: 200
response body: 
{"status":500}
*************** response log end ***************

[2018-01-17 09:04:46.426] [INFO] resLogger - 
*************** response log start ***************
request method: GET
request originalUrl:  /favicon.ico
request client ip:  ::ffff:127.0.0.1
request query:  {}
response time: 56
response status: 200
response body: 
{"name":"jwtError","status":10003,"message":"身份验证错误！"}
*************** response log end ***************

[2018-01-17 09:05:40.993] [INFO] resLogger - 
*************** response log start ***************
request method: GET
request originalUrl:  /api/operation/list_week/time/1516149556905?token=eyJhbGciOiJIUzI1NiIsInR5cCI6IkpXVCJ9.eyJkYXRhIjp7ImlkIjoiMDU3MjBlNmUtZWJlMy00MDM2LWI1NzUtZmYxZmEwYzZjYjM4IiwibmFtZSI6ImFkbWluIiwiZ2VuZGVyIjp0cnVlLCJlbWFpbCI6IjM3ODMzODYyN0BxcS5jb20ifSwiaWF0IjoxNTE2MDY2NjgwLCJleHAiOjE1MTYxNTMwODB9.o74u1SyNk1fJVe_dTZ11Ee-UGEokYngEcu3kWTqxRx0
request client ip:  ::ffff:127.0.0.1
request query:  {"token":"eyJhbGciOiJIUzI1NiIsInR5cCI6IkpXVCJ9.eyJkYXRhIjp7ImlkIjoiMDU3MjBlNmUtZWJlMy00MDM2LWI1NzUtZmYxZmEwYzZjYjM4IiwibmFtZSI6ImFkbWluIiwiZ2VuZGVyIjp0cnVlLCJlbWFpbCI6IjM3ODMzODYyN0BxcS5jb20ifSwiaWF0IjoxNTE2MDY2NjgwLCJleHAiOjE1MTYxNTMwODB9.o74u1SyNk1fJVe_dTZ11Ee-UGEokYngEcu3kWTqxRx0"}
response time: 230
response status: 200
response body: 
{"name":"SequelizeDatabaseError","message":"ER_BAD_FIELD_ERROR: Unknown column 'create_time/1000' in 'field list'","parent":{"code":"ER_BAD_FIELD_ERROR","errno":1054,"sqlState":"42S22","index":0,"sql":"SELECT FROM_UNIXTIME(`create_time/1000`, '%Y%m%d') AS `days`, count(*) AS `count` FROM `operations` AS `operations` WHERE `operations`.`status` = 1 GROUP BY days;"},"original":{"code":"ER_BAD_FIELD_ERROR","errno":1054,"sqlState":"42S22","index":0,"sql":"SELECT FROM_UNIXTIME(`create_time/1000`, '%Y%m%d') AS `days`, count(*) AS `count` FROM `operations` AS `operations` WHERE `operations`.`status` = 1 GROUP BY days;"},"sql":"SELECT FROM_UNIXTIME(`create_time/1000`, '%Y%m%d') AS `days`, count(*) AS `count` FROM `operations` AS `operations` WHERE `operations`.`status` = 1 GROUP BY days;","status":500}
*************** response log end ***************

[2018-01-17 09:05:41.063] [INFO] resLogger - 
*************** response log start ***************
request method: GET
request originalUrl:  /favicon.ico
request client ip:  ::ffff:127.0.0.1
request query:  {}
response time: 22
response status: 200
response body: 
{"name":"jwtError","status":10003,"message":"身份验证错误！"}
*************** response log end ***************

[2018-01-17 09:07:32.393] [INFO] resLogger - 
*************** response log start ***************
request method: GET
request originalUrl:  /api/operation/list_week/time/1516149556905?token=eyJhbGciOiJIUzI1NiIsInR5cCI6IkpXVCJ9.eyJkYXRhIjp7ImlkIjoiMDU3MjBlNmUtZWJlMy00MDM2LWI1NzUtZmYxZmEwYzZjYjM4IiwibmFtZSI6ImFkbWluIiwiZ2VuZGVyIjp0cnVlLCJlbWFpbCI6IjM3ODMzODYyN0BxcS5jb20ifSwiaWF0IjoxNTE2MDY2NjgwLCJleHAiOjE1MTYxNTMwODB9.o74u1SyNk1fJVe_dTZ11Ee-UGEokYngEcu3kWTqxRx0
request client ip:  ::ffff:127.0.0.1
request query:  {"token":"eyJhbGciOiJIUzI1NiIsInR5cCI6IkpXVCJ9.eyJkYXRhIjp7ImlkIjoiMDU3MjBlNmUtZWJlMy00MDM2LWI1NzUtZmYxZmEwYzZjYjM4IiwibmFtZSI6ImFkbWluIiwiZ2VuZGVyIjp0cnVlLCJlbWFpbCI6IjM3ODMzODYyN0BxcS5jb20ifSwiaWF0IjoxNTE2MDY2NjgwLCJleHAiOjE1MTYxNTMwODB9.o74u1SyNk1fJVe_dTZ11Ee-UGEokYngEcu3kWTqxRx0"}
response time: 39
response status: 200
response body: 
{"status":500}
*************** response log end ***************

[2018-01-17 09:07:32.450] [INFO] resLogger - 
*************** response log start ***************
request method: GET
request originalUrl:  /favicon.ico
request client ip:  ::ffff:127.0.0.1
request query:  {}
response time: 17
response status: 200
response body: 
{"name":"jwtError","status":10003,"message":"身份验证错误！"}
*************** response log end ***************

[2018-01-17 09:08:00.704] [INFO] resLogger - 
*************** response log start ***************
request method: GET
request originalUrl:  /api/operation/list_week/time/1516149556905?token=eyJhbGciOiJIUzI1NiIsInR5cCI6IkpXVCJ9.eyJkYXRhIjp7ImlkIjoiMDU3MjBlNmUtZWJlMy00MDM2LWI1NzUtZmYxZmEwYzZjYjM4IiwibmFtZSI6ImFkbWluIiwiZ2VuZGVyIjp0cnVlLCJlbWFpbCI6IjM3ODMzODYyN0BxcS5jb20ifSwiaWF0IjoxNTE2MDY2NjgwLCJleHAiOjE1MTYxNTMwODB9.o74u1SyNk1fJVe_dTZ11Ee-UGEokYngEcu3kWTqxRx0
request client ip:  ::ffff:127.0.0.1
request query:  {"token":"eyJhbGciOiJIUzI1NiIsInR5cCI6IkpXVCJ9.eyJkYXRhIjp7ImlkIjoiMDU3MjBlNmUtZWJlMy00MDM2LWI1NzUtZmYxZmEwYzZjYjM4IiwibmFtZSI6ImFkbWluIiwiZ2VuZGVyIjp0cnVlLCJlbWFpbCI6IjM3ODMzODYyN0BxcS5jb20ifSwiaWF0IjoxNTE2MDY2NjgwLCJleHAiOjE1MTYxNTMwODB9.o74u1SyNk1fJVe_dTZ11Ee-UGEokYngEcu3kWTqxRx0"}
response time: 49
response status: 200
response body: 
{"status":500}
*************** response log end ***************

[2018-01-17 09:08:00.773] [INFO] resLogger - 
*************** response log start ***************
request method: GET
request originalUrl:  /favicon.ico
request client ip:  ::ffff:127.0.0.1
request query:  {}
response time: 27
response status: 200
response body: 
{"name":"jwtError","status":10003,"message":"身份验证错误！"}
*************** response log end ***************

[2018-01-17 09:27:18.283] [INFO] resLogger - 
*************** response log start ***************
request method: GET
request originalUrl:  /api/operation/list_week/time/1516149556905?token=eyJhbGciOiJIUzI1NiIsInR5cCI6IkpXVCJ9.eyJkYXRhIjp7ImlkIjoiMDU3MjBlNmUtZWJlMy00MDM2LWI1NzUtZmYxZmEwYzZjYjM4IiwibmFtZSI6ImFkbWluIiwiZ2VuZGVyIjp0cnVlLCJlbWFpbCI6IjM3ODMzODYyN0BxcS5jb20ifSwiaWF0IjoxNTE2MDY2NjgwLCJleHAiOjE1MTYxNTMwODB9.o74u1SyNk1fJVe_dTZ11Ee-UGEokYngEcu3kWTqxRx0
request client ip:  ::ffff:127.0.0.1
request query:  {"token":"eyJhbGciOiJIUzI1NiIsInR5cCI6IkpXVCJ9.eyJkYXRhIjp7ImlkIjoiMDU3MjBlNmUtZWJlMy00MDM2LWI1NzUtZmYxZmEwYzZjYjM4IiwibmFtZSI6ImFkbWluIiwiZ2VuZGVyIjp0cnVlLCJlbWFpbCI6IjM3ODMzODYyN0BxcS5jb20ifSwiaWF0IjoxNTE2MDY2NjgwLCJleHAiOjE1MTYxNTMwODB9.o74u1SyNk1fJVe_dTZ11Ee-UGEokYngEcu3kWTqxRx0"}
response time: 170
response status: 200
response body: 
{"status":0,"data":[{"days":"20171227","count(*)":2},{"days":"20180102","count(*)":1},{"days":"20180103","count(*)":5},{"days":"20180104","count(*)":3},{"days":"20180105","count(*)":1},{"days":"20180108","count(*)":5},{"days":"20180109","count(*)":4},{"days":"20180110","count(*)":5},{"days":"20180111","count(*)":3},{"days":"20180112","count(*)":2},{"days":"20180115","count(*)":10},{"days":"20180116","count(*)":5}]}
*************** response log end ***************

[2018-01-17 09:27:18.396] [INFO] resLogger - 
*************** response log start ***************
request method: GET
request originalUrl:  /favicon.ico
request client ip:  ::ffff:127.0.0.1
request query:  {}
response time: 27
response status: 200
response body: 
{"name":"jwtError","status":10003,"message":"身份验证错误！"}
*************** response log end ***************

[2018-01-17 09:30:53.484] [INFO] resLogger - 
*************** response log start ***************
request method: GET
request originalUrl:  /api/operation/list_week/time/1516149556905?token=eyJhbGciOiJIUzI1NiIsInR5cCI6IkpXVCJ9.eyJkYXRhIjp7ImlkIjoiMDU3MjBlNmUtZWJlMy00MDM2LWI1NzUtZmYxZmEwYzZjYjM4IiwibmFtZSI6ImFkbWluIiwiZ2VuZGVyIjp0cnVlLCJlbWFpbCI6IjM3ODMzODYyN0BxcS5jb20ifSwiaWF0IjoxNTE2MDY2NjgwLCJleHAiOjE1MTYxNTMwODB9.o74u1SyNk1fJVe_dTZ11Ee-UGEokYngEcu3kWTqxRx0
request client ip:  ::ffff:127.0.0.1
request query:  {"token":"eyJhbGciOiJIUzI1NiIsInR5cCI6IkpXVCJ9.eyJkYXRhIjp7ImlkIjoiMDU3MjBlNmUtZWJlMy00MDM2LWI1NzUtZmYxZmEwYzZjYjM4IiwibmFtZSI6ImFkbWluIiwiZ2VuZGVyIjp0cnVlLCJlbWFpbCI6IjM3ODMzODYyN0BxcS5jb20ifSwiaWF0IjoxNTE2MDY2NjgwLCJleHAiOjE1MTYxNTMwODB9.o74u1SyNk1fJVe_dTZ11Ee-UGEokYngEcu3kWTqxRx0"}
response time: 222
response status: 200
response body: 
{"status":0,"data":[{"days":"20171227","count":2},{"days":"20180102","count":1},{"days":"20180103","count":5},{"days":"20180104","count":3},{"days":"20180105","count":1},{"days":"20180108","count":5},{"days":"20180109","count":4},{"days":"20180110","count":5},{"days":"20180111","count":3},{"days":"20180112","count":2},{"days":"20180115","count":10},{"days":"20180116","count":5}]}
*************** response log end ***************

[2018-01-17 09:30:53.582] [INFO] resLogger - 
*************** response log start ***************
request method: GET
request originalUrl:  /favicon.ico
request client ip:  ::ffff:127.0.0.1
request query:  {}
response time: 49
response status: 200
response body: 
{"name":"jwtError","status":10003,"message":"身份验证错误！"}
*************** response log end ***************

[2018-01-17 09:31:43.061] [INFO] resLogger - 
*************** response log start ***************
request method: GET
request originalUrl:  /api/user/?token=eyJhbGciOiJIUzI1NiIsInR5cCI6IkpXVCJ9.eyJkYXRhIjp7ImlkIjoiMDU3MjBlNmUtZWJlMy00MDM2LWI1NzUtZmYxZmEwYzZjYjM4IiwibmFtZSI6ImFkbWluIiwiZ2VuZGVyIjp0cnVlLCJlbWFpbCI6IjM3ODMzODYyN0BxcS5jb20ifSwiaWF0IjoxNTE2MDY2NjgwLCJleHAiOjE1MTYxNTMwODB9.o74u1SyNk1fJVe_dTZ11Ee-UGEokYngEcu3kWTqxRx0
request client ip:  ::ffff:127.0.0.1
request query:  {"token":"eyJhbGciOiJIUzI1NiIsInR5cCI6IkpXVCJ9.eyJkYXRhIjp7ImlkIjoiMDU3MjBlNmUtZWJlMy00MDM2LWI1NzUtZmYxZmEwYzZjYjM4IiwibmFtZSI6ImFkbWluIiwiZ2VuZGVyIjp0cnVlLCJlbWFpbCI6IjM3ODMzODYyN0BxcS5jb20ifSwiaWF0IjoxNTE2MDY2NjgwLCJleHAiOjE1MTYxNTMwODB9.o74u1SyNk1fJVe_dTZ11Ee-UGEokYngEcu3kWTqxRx0"}
response time: 199
response status: 200
response body: 
{"status":0,"data":{"name":"admin","email":"378338627@qq.com","phone":"15822927208","password":"$2a$10$ZCz8FbSB13tB2jbZIaI13.kaTOEp236iyvOOtqgZf.m.RSqqgjheq","gender":true,"token":"eyJhbGciOiJIUzI1NiIsInR5cCI6IkpXVCJ9.eyJkYXRhIjp7ImlkIjoiMDU3MjBlNmUtZWJlMy00MDM2LWI1NzUtZmYxZmEwYzZjYjM4IiwibmFtZSI6ImFkbWluIiwiZ2VuZGVyIjp0cnVlLCJlbWFpbCI6IjM3ODMzODYyN0BxcS5jb20ifSwiaWF0IjoxNTE2MDY2NjgwLCJleHAiOjE1MTYxNTMwODB9.o74u1SyNk1fJVe_dTZ11Ee-UGEokYngEcu3kWTqxRx0","canLogin":true,"status":1,"id":"05720e6e-ebe3-4036-b575-ff1fa0c6cb38","createdAt":1515633151463,"updatedAt":1516066680646,"version":4}}
*************** response log end ***************

[2018-01-17 09:31:43.425] [INFO] resLogger - 
*************** response log start ***************
request method: GET
request originalUrl:  /api/operation/list/time/1516152703168?token=eyJhbGciOiJIUzI1NiIsInR5cCI6IkpXVCJ9.eyJkYXRhIjp7ImlkIjoiMDU3MjBlNmUtZWJlMy00MDM2LWI1NzUtZmYxZmEwYzZjYjM4IiwibmFtZSI6ImFkbWluIiwiZ2VuZGVyIjp0cnVlLCJlbWFpbCI6IjM3ODMzODYyN0BxcS5jb20ifSwiaWF0IjoxNTE2MDY2NjgwLCJleHAiOjE1MTYxNTMwODB9.o74u1SyNk1fJVe_dTZ11Ee-UGEokYngEcu3kWTqxRx0
request client ip:  ::ffff:127.0.0.1
request query:  {"token":"eyJhbGciOiJIUzI1NiIsInR5cCI6IkpXVCJ9.eyJkYXRhIjp7ImlkIjoiMDU3MjBlNmUtZWJlMy00MDM2LWI1NzUtZmYxZmEwYzZjYjM4IiwibmFtZSI6ImFkbWluIiwiZ2VuZGVyIjp0cnVlLCJlbWFpbCI6IjM3ODMzODYyN0BxcS5jb20ifSwiaWF0IjoxNTE2MDY2NjgwLCJleHAiOjE1MTYxNTMwODB9.o74u1SyNk1fJVe_dTZ11Ee-UGEokYngEcu3kWTqxRx0"}
response time: 236
response status: 200
response body: 
{"status":0,"data":[]}
*************** response log end ***************

[2018-01-17 09:31:43.774] [INFO] resLogger - 
*************** response log start ***************
request method: GET
request originalUrl:  /api/operation/list_week/time/1516152703189?token=eyJhbGciOiJIUzI1NiIsInR5cCI6IkpXVCJ9.eyJkYXRhIjp7ImlkIjoiMDU3MjBlNmUtZWJlMy00MDM2LWI1NzUtZmYxZmEwYzZjYjM4IiwibmFtZSI6ImFkbWluIiwiZ2VuZGVyIjp0cnVlLCJlbWFpbCI6IjM3ODMzODYyN0BxcS5jb20ifSwiaWF0IjoxNTE2MDY2NjgwLCJleHAiOjE1MTYxNTMwODB9.o74u1SyNk1fJVe_dTZ11Ee-UGEokYngEcu3kWTqxRx0
request client ip:  ::ffff:127.0.0.1
request query:  {"token":"eyJhbGciOiJIUzI1NiIsInR5cCI6IkpXVCJ9.eyJkYXRhIjp7ImlkIjoiMDU3MjBlNmUtZWJlMy00MDM2LWI1NzUtZmYxZmEwYzZjYjM4IiwibmFtZSI6ImFkbWluIiwiZ2VuZGVyIjp0cnVlLCJlbWFpbCI6IjM3ODMzODYyN0BxcS5jb20ifSwiaWF0IjoxNTE2MDY2NjgwLCJleHAiOjE1MTYxNTMwODB9.o74u1SyNk1fJVe_dTZ11Ee-UGEokYngEcu3kWTqxRx0"}
response time: 189
response status: 200
response body: 
{"status":0,"data":[{"days":"20171227","count":2},{"days":"20180102","count":1},{"days":"20180103","count":5},{"days":"20180104","count":3},{"days":"20180105","count":1},{"days":"20180108","count":5},{"days":"20180109","count":4},{"days":"20180110","count":5},{"days":"20180111","count":3},{"days":"20180112","count":2},{"days":"20180115","count":10},{"days":"20180116","count":5}]}
*************** response log end ***************

[2018-01-17 09:31:43.825] [INFO] resLogger - 
*************** response log start ***************
request method: GET
request originalUrl:  /api/action/list/time/1516152703182?token=eyJhbGciOiJIUzI1NiIsInR5cCI6IkpXVCJ9.eyJkYXRhIjp7ImlkIjoiMDU3MjBlNmUtZWJlMy00MDM2LWI1NzUtZmYxZmEwYzZjYjM4IiwibmFtZSI6ImFkbWluIiwiZ2VuZGVyIjp0cnVlLCJlbWFpbCI6IjM3ODMzODYyN0BxcS5jb20ifSwiaWF0IjoxNTE2MDY2NjgwLCJleHAiOjE1MTYxNTMwODB9.o74u1SyNk1fJVe_dTZ11Ee-UGEokYngEcu3kWTqxRx0
request client ip:  ::ffff:127.0.0.1
request query:  {"token":"eyJhbGciOiJIUzI1NiIsInR5cCI6IkpXVCJ9.eyJkYXRhIjp7ImlkIjoiMDU3MjBlNmUtZWJlMy00MDM2LWI1NzUtZmYxZmEwYzZjYjM4IiwibmFtZSI6ImFkbWluIiwiZ2VuZGVyIjp0cnVlLCJlbWFpbCI6IjM3ODMzODYyN0BxcS5jb20ifSwiaWF0IjoxNTE2MDY2NjgwLCJleHAiOjE1MTYxNTMwODB9.o74u1SyNk1fJVe_dTZ11Ee-UGEokYngEcu3kWTqxRx0"}
response time: 394
response status: 200
response body: 
{"status":0,"data":[]}
*************** response log end ***************

[2018-01-17 09:31:46.044] [INFO] resLogger - 
*************** response log start ***************
request method: GET
request originalUrl:  /api/operation/list_week/time/1516152703189?token=eyJhbGciOiJIUzI1NiIsInR5cCI6IkpXVCJ9.eyJkYXRhIjp7ImlkIjoiMDU3MjBlNmUtZWJlMy00MDM2LWI1NzUtZmYxZmEwYzZjYjM4IiwibmFtZSI6ImFkbWluIiwiZ2VuZGVyIjp0cnVlLCJlbWFpbCI6IjM3ODMzODYyN0BxcS5jb20ifSwiaWF0IjoxNTE2MDY2NjgwLCJleHAiOjE1MTYxNTMwODB9.o74u1SyNk1fJVe_dTZ11Ee-UGEokYngEcu3kWTqxRx0
request client ip:  ::ffff:127.0.0.1
request query:  {"token":"eyJhbGciOiJIUzI1NiIsInR5cCI6IkpXVCJ9.eyJkYXRhIjp7ImlkIjoiMDU3MjBlNmUtZWJlMy00MDM2LWI1NzUtZmYxZmEwYzZjYjM4IiwibmFtZSI6ImFkbWluIiwiZ2VuZGVyIjp0cnVlLCJlbWFpbCI6IjM3ODMzODYyN0BxcS5jb20ifSwiaWF0IjoxNTE2MDY2NjgwLCJleHAiOjE1MTYxNTMwODB9.o74u1SyNk1fJVe_dTZ11Ee-UGEokYngEcu3kWTqxRx0"}
response time: 68
response status: 200
response body: 
{"status":0,"data":[{"days":"20171227","count":2},{"days":"20180102","count":1},{"days":"20180103","count":5},{"days":"20180104","count":3},{"days":"20180105","count":1},{"days":"20180108","count":5},{"days":"20180109","count":4},{"days":"20180110","count":5},{"days":"20180111","count":3},{"days":"20180112","count":2},{"days":"20180115","count":10},{"days":"20180116","count":5}]}
*************** response log end ***************

[2018-01-17 09:31:50.143] [INFO] resLogger - 
*************** response log start ***************
request method: GET
request originalUrl:  /favicon.ico
request client ip:  ::ffff:127.0.0.1
request query:  {}
response time: 34
response status: 200
response body: 
{"name":"jwtError","status":10003,"message":"身份验证错误！"}
*************** response log end ***************

[2018-01-17 09:33:37.936] [INFO] resLogger - 
*************** response log start ***************
request method: GET
request originalUrl:  /api/operation/list_week/time/1516123893?token=eyJhbGciOiJIUzI1NiIsInR5cCI6IkpXVCJ9.eyJkYXRhIjp7ImlkIjoiMDU3MjBlNmUtZWJlMy00MDM2LWI1NzUtZmYxZmEwYzZjYjM4IiwibmFtZSI6ImFkbWluIiwiZ2VuZGVyIjp0cnVlLCJlbWFpbCI6IjM3ODMzODYyN0BxcS5jb20ifSwiaWF0IjoxNTE2MDY2NjgwLCJleHAiOjE1MTYxNTMwODB9.o74u1SyNk1fJVe_dTZ11Ee-UGEokYngEcu3kWTqxRx0
request client ip:  ::ffff:127.0.0.1
request query:  {"token":"eyJhbGciOiJIUzI1NiIsInR5cCI6IkpXVCJ9.eyJkYXRhIjp7ImlkIjoiMDU3MjBlNmUtZWJlMy00MDM2LWI1NzUtZmYxZmEwYzZjYjM4IiwibmFtZSI6ImFkbWluIiwiZ2VuZGVyIjp0cnVlLCJlbWFpbCI6IjM3ODMzODYyN0BxcS5jb20ifSwiaWF0IjoxNTE2MDY2NjgwLCJleHAiOjE1MTYxNTMwODB9.o74u1SyNk1fJVe_dTZ11Ee-UGEokYngEcu3kWTqxRx0"}
response time: 41
response status: 200
response body: 
{"status":0,"data":[{"days":"20171227","count":2},{"days":"20180102","count":1},{"days":"20180103","count":5},{"days":"20180104","count":3},{"days":"20180105","count":1},{"days":"20180108","count":5},{"days":"20180109","count":4},{"days":"20180110","count":5},{"days":"20180111","count":3},{"days":"20180112","count":2},{"days":"20180115","count":10},{"days":"20180116","count":5}]}
*************** response log end ***************

[2018-01-17 09:33:37.979] [INFO] resLogger - 
*************** response log start ***************
request method: GET
request originalUrl:  /favicon.ico
request client ip:  ::ffff:127.0.0.1
request query:  {}
response time: 16
response status: 200
response body: 
{"name":"jwtError","status":10003,"message":"身份验证错误！"}
*************** response log end ***************

[2018-01-17 09:34:16.030] [INFO] resLogger - 
*************** response log start ***************
request method: GET
request originalUrl:  /api/operation/list_week/time/1516123893000?token=eyJhbGciOiJIUzI1NiIsInR5cCI6IkpXVCJ9.eyJkYXRhIjp7ImlkIjoiMDU3MjBlNmUtZWJlMy00MDM2LWI1NzUtZmYxZmEwYzZjYjM4IiwibmFtZSI6ImFkbWluIiwiZ2VuZGVyIjp0cnVlLCJlbWFpbCI6IjM3ODMzODYyN0BxcS5jb20ifSwiaWF0IjoxNTE2MDY2NjgwLCJleHAiOjE1MTYxNTMwODB9.o74u1SyNk1fJVe_dTZ11Ee-UGEokYngEcu3kWTqxRx0
request client ip:  ::ffff:127.0.0.1
request query:  {"token":"eyJhbGciOiJIUzI1NiIsInR5cCI6IkpXVCJ9.eyJkYXRhIjp7ImlkIjoiMDU3MjBlNmUtZWJlMy00MDM2LWI1NzUtZmYxZmEwYzZjYjM4IiwibmFtZSI6ImFkbWluIiwiZ2VuZGVyIjp0cnVlLCJlbWFpbCI6IjM3ODMzODYyN0BxcS5jb20ifSwiaWF0IjoxNTE2MDY2NjgwLCJleHAiOjE1MTYxNTMwODB9.o74u1SyNk1fJVe_dTZ11Ee-UGEokYngEcu3kWTqxRx0"}
response time: 42
response status: 200
response body: 
{"status":0,"data":[{"days":"20171227","count":2},{"days":"20180102","count":1},{"days":"20180103","count":5},{"days":"20180104","count":3},{"days":"20180105","count":1},{"days":"20180108","count":5},{"days":"20180109","count":4},{"days":"20180110","count":5},{"days":"20180111","count":3},{"days":"20180112","count":2},{"days":"20180115","count":10},{"days":"20180116","count":5}]}
*************** response log end ***************

[2018-01-17 09:34:16.096] [INFO] resLogger - 
*************** response log start ***************
request method: GET
request originalUrl:  /favicon.ico
request client ip:  ::ffff:127.0.0.1
request query:  {}
response time: 33
response status: 200
response body: 
{"name":"jwtError","status":10003,"message":"身份验证错误！"}
*************** response log end ***************

[2018-01-17 09:35:34.693] [INFO] resLogger - 
*************** response log start ***************
request method: GET
request originalUrl:  /api/operation/list_week/time/1516123893000?token=eyJhbGciOiJIUzI1NiIsInR5cCI6IkpXVCJ9.eyJkYXRhIjp7ImlkIjoiMDU3MjBlNmUtZWJlMy00MDM2LWI1NzUtZmYxZmEwYzZjYjM4IiwibmFtZSI6ImFkbWluIiwiZ2VuZGVyIjp0cnVlLCJlbWFpbCI6IjM3ODMzODYyN0BxcS5jb20ifSwiaWF0IjoxNTE2MDY2NjgwLCJleHAiOjE1MTYxNTMwODB9.o74u1SyNk1fJVe_dTZ11Ee-UGEokYngEcu3kWTqxRx0
request client ip:  ::ffff:127.0.0.1
request query:  {"token":"eyJhbGciOiJIUzI1NiIsInR5cCI6IkpXVCJ9.eyJkYXRhIjp7ImlkIjoiMDU3MjBlNmUtZWJlMy00MDM2LWI1NzUtZmYxZmEwYzZjYjM4IiwibmFtZSI6ImFkbWluIiwiZ2VuZGVyIjp0cnVlLCJlbWFpbCI6IjM3ODMzODYyN0BxcS5jb20ifSwiaWF0IjoxNTE2MDY2NjgwLCJleHAiOjE1MTYxNTMwODB9.o74u1SyNk1fJVe_dTZ11Ee-UGEokYngEcu3kWTqxRx0"}
response time: 241
response status: 200
response body: 
{"status":0,"data":[{"days":"20171227","count":2},{"days":"20180102","count":1},{"days":"20180103","count":5},{"days":"20180104","count":3},{"days":"20180105","count":1},{"days":"20180108","count":5},{"days":"20180109","count":4},{"days":"20180110","count":5},{"days":"20180111","count":3},{"days":"20180112","count":2},{"days":"20180115","count":10},{"days":"20180116","count":5}]}
*************** response log end ***************

[2018-01-17 09:35:34.773] [INFO] resLogger - 
*************** response log start ***************
request method: GET
request originalUrl:  /favicon.ico
request client ip:  ::ffff:127.0.0.1
request query:  {}
response time: 45
response status: 200
response body: 
{"name":"jwtError","status":10003,"message":"身份验证错误！"}
*************** response log end ***************

[2018-01-17 09:36:23.432] [INFO] resLogger - 
*************** response log start ***************
request method: GET
request originalUrl:  /api/operation/list_week/time/1516123893000?token=eyJhbGciOiJIUzI1NiIsInR5cCI6IkpXVCJ9.eyJkYXRhIjp7ImlkIjoiMDU3MjBlNmUtZWJlMy00MDM2LWI1NzUtZmYxZmEwYzZjYjM4IiwibmFtZSI6ImFkbWluIiwiZ2VuZGVyIjp0cnVlLCJlbWFpbCI6IjM3ODMzODYyN0BxcS5jb20ifSwiaWF0IjoxNTE2MDY2NjgwLCJleHAiOjE1MTYxNTMwODB9.o74u1SyNk1fJVe_dTZ11Ee-UGEokYngEcu3kWTqxRx0
request client ip:  ::ffff:127.0.0.1
request query:  {"token":"eyJhbGciOiJIUzI1NiIsInR5cCI6IkpXVCJ9.eyJkYXRhIjp7ImlkIjoiMDU3MjBlNmUtZWJlMy00MDM2LWI1NzUtZmYxZmEwYzZjYjM4IiwibmFtZSI6ImFkbWluIiwiZ2VuZGVyIjp0cnVlLCJlbWFpbCI6IjM3ODMzODYyN0BxcS5jb20ifSwiaWF0IjoxNTE2MDY2NjgwLCJleHAiOjE1MTYxNTMwODB9.o74u1SyNk1fJVe_dTZ11Ee-UGEokYngEcu3kWTqxRx0"}
response time: 195
response status: 200
response body: 
{"status":0,"data":[{"days":"20171227","count":2},{"days":"20180102","count":1},{"days":"20180103","count":5},{"days":"20180104","count":3},{"days":"20180105","count":1},{"days":"20180108","count":5},{"days":"20180109","count":4},{"days":"20180110","count":5},{"days":"20180111","count":3},{"days":"20180112","count":2},{"days":"20180115","count":10},{"days":"20180116","count":5}]}
*************** response log end ***************

[2018-01-17 09:36:23.511] [INFO] resLogger - 
*************** response log start ***************
request method: GET
request originalUrl:  /favicon.ico
request client ip:  ::ffff:127.0.0.1
request query:  {}
response time: 47
response status: 200
response body: 
{"name":"jwtError","status":10003,"message":"身份验证错误！"}
*************** response log end ***************

[2018-01-17 09:37:35.920] [INFO] resLogger - 
*************** response log start ***************
request method: GET
request originalUrl:  /api/operation/list_week/time/1516152703189?token=eyJhbGciOiJIUzI1NiIsInR5cCI6IkpXVCJ9.eyJkYXRhIjp7ImlkIjoiMDU3MjBlNmUtZWJlMy00MDM2LWI1NzUtZmYxZmEwYzZjYjM4IiwibmFtZSI6ImFkbWluIiwiZ2VuZGVyIjp0cnVlLCJlbWFpbCI6IjM3ODMzODYyN0BxcS5jb20ifSwiaWF0IjoxNTE2MDY2NjgwLCJleHAiOjE1MTYxNTMwODB9.o74u1SyNk1fJVe_dTZ11Ee-UGEokYngEcu3kWTqxRx0
request client ip:  ::ffff:127.0.0.1
request query:  {"token":"eyJhbGciOiJIUzI1NiIsInR5cCI6IkpXVCJ9.eyJkYXRhIjp7ImlkIjoiMDU3MjBlNmUtZWJlMy00MDM2LWI1NzUtZmYxZmEwYzZjYjM4IiwibmFtZSI6ImFkbWluIiwiZ2VuZGVyIjp0cnVlLCJlbWFpbCI6IjM3ODMzODYyN0BxcS5jb20ifSwiaWF0IjoxNTE2MDY2NjgwLCJleHAiOjE1MTYxNTMwODB9.o74u1SyNk1fJVe_dTZ11Ee-UGEokYngEcu3kWTqxRx0"}
response time: 239
response status: 200
response body: 
{"status":0,"data":[{"days":"20171227","count":2},{"days":"20180102","count":1},{"days":"20180103","count":5},{"days":"20180104","count":3},{"days":"20180105","count":1},{"days":"20180108","count":5},{"days":"20180109","count":4},{"days":"20180110","count":5},{"days":"20180111","count":3},{"days":"20180112","count":2},{"days":"20180115","count":10},{"days":"20180116","count":5}]}
*************** response log end ***************

[2018-01-17 09:37:36.022] [INFO] resLogger - 
*************** response log start ***************
request method: GET
request originalUrl:  /favicon.ico
request client ip:  ::ffff:127.0.0.1
request query:  {}
response time: 46
response status: 200
response body: 
{"name":"jwtError","status":10003,"message":"身份验证错误！"}
*************** response log end ***************

[2018-01-17 09:40:50.576] [INFO] resLogger - 
*************** response log start ***************
request method: GET
request originalUrl:  /api/operation/list_week/time/1516152703189?token=eyJhbGciOiJIUzI1NiIsInR5cCI6IkpXVCJ9.eyJkYXRhIjp7ImlkIjoiMDU3MjBlNmUtZWJlMy00MDM2LWI1NzUtZmYxZmEwYzZjYjM4IiwibmFtZSI6ImFkbWluIiwiZ2VuZGVyIjp0cnVlLCJlbWFpbCI6IjM3ODMzODYyN0BxcS5jb20ifSwiaWF0IjoxNTE2MDY2NjgwLCJleHAiOjE1MTYxNTMwODB9.o74u1SyNk1fJVe_dTZ11Ee-UGEokYngEcu3kWTqxRx0
request client ip:  ::ffff:127.0.0.1
request query:  {"token":"eyJhbGciOiJIUzI1NiIsInR5cCI6IkpXVCJ9.eyJkYXRhIjp7ImlkIjoiMDU3MjBlNmUtZWJlMy00MDM2LWI1NzUtZmYxZmEwYzZjYjM4IiwibmFtZSI6ImFkbWluIiwiZ2VuZGVyIjp0cnVlLCJlbWFpbCI6IjM3ODMzODYyN0BxcS5jb20ifSwiaWF0IjoxNTE2MDY2NjgwLCJleHAiOjE1MTYxNTMwODB9.o74u1SyNk1fJVe_dTZ11Ee-UGEokYngEcu3kWTqxRx0"}
response time: 47
response status: 200
response body: 
{"name":"jwtError","status":10003,"message":"身份验证错误！"}
*************** response log end ***************

[2018-01-17 09:40:50.623] [INFO] resLogger - 
*************** response log start ***************
request method: GET
request originalUrl:  /favicon.ico
request client ip:  ::ffff:127.0.0.1
request query:  {}
response time: 14
response status: 200
response body: 
{"name":"jwtError","status":10003,"message":"身份验证错误！"}
*************** response log end ***************

[2018-01-17 09:41:02.572] [INFO] resLogger - 
*************** response log start ***************
request method: GET
request originalUrl:  /api/user/?token=eyJhbGciOiJIUzI1NiIsInR5cCI6IkpXVCJ9.eyJkYXRhIjp7ImlkIjoiMDU3MjBlNmUtZWJlMy00MDM2LWI1NzUtZmYxZmEwYzZjYjM4IiwibmFtZSI6ImFkbWluIiwiZ2VuZGVyIjp0cnVlLCJlbWFpbCI6IjM3ODMzODYyN0BxcS5jb20ifSwiaWF0IjoxNTE2MDY2NjgwLCJleHAiOjE1MTYxNTMwODB9.o74u1SyNk1fJVe_dTZ11Ee-UGEokYngEcu3kWTqxRx0
request client ip:  ::ffff:127.0.0.1
request query:  {"token":"eyJhbGciOiJIUzI1NiIsInR5cCI6IkpXVCJ9.eyJkYXRhIjp7ImlkIjoiMDU3MjBlNmUtZWJlMy00MDM2LWI1NzUtZmYxZmEwYzZjYjM4IiwibmFtZSI6ImFkbWluIiwiZ2VuZGVyIjp0cnVlLCJlbWFpbCI6IjM3ODMzODYyN0BxcS5jb20ifSwiaWF0IjoxNTE2MDY2NjgwLCJleHAiOjE1MTYxNTMwODB9.o74u1SyNk1fJVe_dTZ11Ee-UGEokYngEcu3kWTqxRx0"}
response time: 31
response status: 200
response body: 
{"name":"jwtError","status":10003,"message":"身份验证错误！"}
*************** response log end ***************

[2018-01-17 09:41:06.407] [INFO] resLogger - 
*************** response log start ***************
request method: OPTIONS
request originalUrl:  /api/user/login
request client ip:  ::ffff:127.0.0.1
request body: 
{}
response time: 9
response status: 204
response body: 
undefined
*************** response log end ***************

[2018-01-17 09:41:07.287] [INFO] resLogger - 
*************** response log start ***************
request method: POST
request originalUrl:  /api/user/login
request client ip:  ::ffff:127.0.0.1
request body: 
{"username":"admin","password":"admin"}
response time: 512
response status: 200
response body: 
{"status":0,"data":{"name":"admin","email":"378338627@qq.com","phone":"15822927208","password":"$2a$10$ZCz8FbSB13tB2jbZIaI13.kaTOEp236iyvOOtqgZf.m.RSqqgjheq","gender":true,"token":"eyJhbGciOiJIUzI1NiIsInR5cCI6IkpXVCJ9.eyJkYXRhIjp7ImlkIjoiMDU3MjBlNmUtZWJlMy00MDM2LWI1NzUtZmYxZmEwYzZjYjM4IiwibmFtZSI6ImFkbWluIiwiZ2VuZGVyIjp0cnVlLCJlbWFpbCI6IjM3ODMzODYyN0BxcS5jb20ifSwiaWF0IjoxNTE2MTUzMjY3LCJleHAiOjE1MTYyMzk2Njd9.PkUDDocS7glw5HrHfs3QE9Xen1BkZqFzfnadTPBgrhw","canLogin":true,"status":1,"id":"05720e6e-ebe3-4036-b575-ff1fa0c6cb38","createdAt":1515633151463,"updatedAt":1516153267169,"version":5},"message":"登录成功！"}
*************** response log end ***************

[2018-01-17 09:41:09.345] [INFO] resLogger - 
*************** response log start ***************
request method: GET
request originalUrl:  /api/user/?token=eyJhbGciOiJIUzI1NiIsInR5cCI6IkpXVCJ9.eyJkYXRhIjp7ImlkIjoiMDU3MjBlNmUtZWJlMy00MDM2LWI1NzUtZmYxZmEwYzZjYjM4IiwibmFtZSI6ImFkbWluIiwiZ2VuZGVyIjp0cnVlLCJlbWFpbCI6IjM3ODMzODYyN0BxcS5jb20ifSwiaWF0IjoxNTE2MTUzMjY3LCJleHAiOjE1MTYyMzk2Njd9.PkUDDocS7glw5HrHfs3QE9Xen1BkZqFzfnadTPBgrhw
request client ip:  ::ffff:127.0.0.1
request query:  {"token":"eyJhbGciOiJIUzI1NiIsInR5cCI6IkpXVCJ9.eyJkYXRhIjp7ImlkIjoiMDU3MjBlNmUtZWJlMy00MDM2LWI1NzUtZmYxZmEwYzZjYjM4IiwibmFtZSI6ImFkbWluIiwiZ2VuZGVyIjp0cnVlLCJlbWFpbCI6IjM3ODMzODYyN0BxcS5jb20ifSwiaWF0IjoxNTE2MTUzMjY3LCJleHAiOjE1MTYyMzk2Njd9.PkUDDocS7glw5HrHfs3QE9Xen1BkZqFzfnadTPBgrhw"}
response time: 32
response status: 200
response body: 
{"status":0,"data":{"name":"admin","email":"378338627@qq.com","phone":"15822927208","password":"$2a$10$ZCz8FbSB13tB2jbZIaI13.kaTOEp236iyvOOtqgZf.m.RSqqgjheq","gender":true,"token":"eyJhbGciOiJIUzI1NiIsInR5cCI6IkpXVCJ9.eyJkYXRhIjp7ImlkIjoiMDU3MjBlNmUtZWJlMy00MDM2LWI1NzUtZmYxZmEwYzZjYjM4IiwibmFtZSI6ImFkbWluIiwiZ2VuZGVyIjp0cnVlLCJlbWFpbCI6IjM3ODMzODYyN0BxcS5jb20ifSwiaWF0IjoxNTE2MTUzMjY3LCJleHAiOjE1MTYyMzk2Njd9.PkUDDocS7glw5HrHfs3QE9Xen1BkZqFzfnadTPBgrhw","canLogin":true,"status":1,"id":"05720e6e-ebe3-4036-b575-ff1fa0c6cb38","createdAt":1515633151463,"updatedAt":1516153267169,"version":5}}
*************** response log end ***************

[2018-01-17 09:41:09.707] [INFO] resLogger - 
*************** response log start ***************
request method: GET
request originalUrl:  /api/operation/list/time/1516153269404?token=eyJhbGciOiJIUzI1NiIsInR5cCI6IkpXVCJ9.eyJkYXRhIjp7ImlkIjoiMDU3MjBlNmUtZWJlMy00MDM2LWI1NzUtZmYxZmEwYzZjYjM4IiwibmFtZSI6ImFkbWluIiwiZ2VuZGVyIjp0cnVlLCJlbWFpbCI6IjM3ODMzODYyN0BxcS5jb20ifSwiaWF0IjoxNTE2MTUzMjY3LCJleHAiOjE1MTYyMzk2Njd9.PkUDDocS7glw5HrHfs3QE9Xen1BkZqFzfnadTPBgrhw
request client ip:  ::ffff:127.0.0.1
request query:  {"token":"eyJhbGciOiJIUzI1NiIsInR5cCI6IkpXVCJ9.eyJkYXRhIjp7ImlkIjoiMDU3MjBlNmUtZWJlMy00MDM2LWI1NzUtZmYxZmEwYzZjYjM4IiwibmFtZSI6ImFkbWluIiwiZ2VuZGVyIjp0cnVlLCJlbWFpbCI6IjM3ODMzODYyN0BxcS5jb20ifSwiaWF0IjoxNTE2MTUzMjY3LCJleHAiOjE1MTYyMzk2Njd9.PkUDDocS7glw5HrHfs3QE9Xen1BkZqFzfnadTPBgrhw"}
response time: 295
response status: 200
response body: 
{"status":0,"data":[]}
*************** response log end ***************

[2018-01-17 09:41:09.771] [INFO] resLogger - 
*************** response log start ***************
request method: GET
request originalUrl:  /api/action/list/time/1516153269410?token=eyJhbGciOiJIUzI1NiIsInR5cCI6IkpXVCJ9.eyJkYXRhIjp7ImlkIjoiMDU3MjBlNmUtZWJlMy00MDM2LWI1NzUtZmYxZmEwYzZjYjM4IiwibmFtZSI6ImFkbWluIiwiZ2VuZGVyIjp0cnVlLCJlbWFpbCI6IjM3ODMzODYyN0BxcS5jb20ifSwiaWF0IjoxNTE2MTUzMjY3LCJleHAiOjE1MTYyMzk2Njd9.PkUDDocS7glw5HrHfs3QE9Xen1BkZqFzfnadTPBgrhw
request client ip:  ::ffff:127.0.0.1
request query:  {"token":"eyJhbGciOiJIUzI1NiIsInR5cCI6IkpXVCJ9.eyJkYXRhIjp7ImlkIjoiMDU3MjBlNmUtZWJlMy00MDM2LWI1NzUtZmYxZmEwYzZjYjM4IiwibmFtZSI6ImFkbWluIiwiZ2VuZGVyIjp0cnVlLCJlbWFpbCI6IjM3ODMzODYyN0BxcS5jb20ifSwiaWF0IjoxNTE2MTUzMjY3LCJleHAiOjE1MTYyMzk2Njd9.PkUDDocS7glw5HrHfs3QE9Xen1BkZqFzfnadTPBgrhw"}
response time: 257
response status: 200
response body: 
{"status":0,"data":[]}
*************** response log end ***************

[2018-01-17 09:41:09.802] [INFO] resLogger - 
*************** response log start ***************
request method: GET
request originalUrl:  /api/operation/list_week/time/1516153269419?token=eyJhbGciOiJIUzI1NiIsInR5cCI6IkpXVCJ9.eyJkYXRhIjp7ImlkIjoiMDU3MjBlNmUtZWJlMy00MDM2LWI1NzUtZmYxZmEwYzZjYjM4IiwibmFtZSI6ImFkbWluIiwiZ2VuZGVyIjp0cnVlLCJlbWFpbCI6IjM3ODMzODYyN0BxcS5jb20ifSwiaWF0IjoxNTE2MTUzMjY3LCJleHAiOjE1MTYyMzk2Njd9.PkUDDocS7glw5HrHfs3QE9Xen1BkZqFzfnadTPBgrhw
request client ip:  ::ffff:127.0.0.1
request query:  {"token":"eyJhbGciOiJIUzI1NiIsInR5cCI6IkpXVCJ9.eyJkYXRhIjp7ImlkIjoiMDU3MjBlNmUtZWJlMy00MDM2LWI1NzUtZmYxZmEwYzZjYjM4IiwibmFtZSI6ImFkbWluIiwiZ2VuZGVyIjp0cnVlLCJlbWFpbCI6IjM3ODMzODYyN0BxcS5jb20ifSwiaWF0IjoxNTE2MTUzMjY3LCJleHAiOjE1MTYyMzk2Njd9.PkUDDocS7glw5HrHfs3QE9Xen1BkZqFzfnadTPBgrhw"}
response time: 183
response status: 200
response body: 
{"status":0,"data":[{"days":"20171227","count":2},{"days":"20180102","count":1},{"days":"20180103","count":5},{"days":"20180104","count":3},{"days":"20180105","count":1},{"days":"20180108","count":5},{"days":"20180109","count":4},{"days":"20180110","count":5},{"days":"20180111","count":3},{"days":"20180112","count":2},{"days":"20180115","count":10},{"days":"20180116","count":5}]}
*************** response log end ***************

[2018-01-17 09:41:13.462] [INFO] resLogger - 
*************** response log start ***************
request method: GET
request originalUrl:  /api/operation/list_week/time/1516153269419?token=eyJhbGciOiJIUzI1NiIsInR5cCI6IkpXVCJ9.eyJkYXRhIjp7ImlkIjoiMDU3MjBlNmUtZWJlMy00MDM2LWI1NzUtZmYxZmEwYzZjYjM4IiwibmFtZSI6ImFkbWluIiwiZ2VuZGVyIjp0cnVlLCJlbWFpbCI6IjM3ODMzODYyN0BxcS5jb20ifSwiaWF0IjoxNTE2MTUzMjY3LCJleHAiOjE1MTYyMzk2Njd9.PkUDDocS7glw5HrHfs3QE9Xen1BkZqFzfnadTPBgrhw
request client ip:  ::ffff:127.0.0.1
request query:  {"token":"eyJhbGciOiJIUzI1NiIsInR5cCI6IkpXVCJ9.eyJkYXRhIjp7ImlkIjoiMDU3MjBlNmUtZWJlMy00MDM2LWI1NzUtZmYxZmEwYzZjYjM4IiwibmFtZSI6ImFkbWluIiwiZ2VuZGVyIjp0cnVlLCJlbWFpbCI6IjM3ODMzODYyN0BxcS5jb20ifSwiaWF0IjoxNTE2MTUzMjY3LCJleHAiOjE1MTYyMzk2Njd9.PkUDDocS7glw5HrHfs3QE9Xen1BkZqFzfnadTPBgrhw"}
response time: 83
response status: 200
response body: 
{"status":0,"data":[{"days":"20171227","count":2},{"days":"20180102","count":1},{"days":"20180103","count":5},{"days":"20180104","count":3},{"days":"20180105","count":1},{"days":"20180108","count":5},{"days":"20180109","count":4},{"days":"20180110","count":5},{"days":"20180111","count":3},{"days":"20180112","count":2},{"days":"20180115","count":10},{"days":"20180116","count":5}]}
*************** response log end ***************

[2018-01-17 09:41:14.083] [INFO] resLogger - 
*************** response log start ***************
request method: GET
request originalUrl:  /favicon.ico
request client ip:  ::ffff:127.0.0.1
request query:  {}
response time: 17
response status: 200
response body: 
{"name":"jwtError","status":10003,"message":"身份验证错误！"}
*************** response log end ***************

[2018-01-17 09:42:26.527] [INFO] resLogger - 
*************** response log start ***************
request method: GET
request originalUrl:  /api/operation/list_week/time/1516153269419?token=eyJhbGciOiJIUzI1NiIsInR5cCI6IkpXVCJ9.eyJkYXRhIjp7ImlkIjoiMDU3MjBlNmUtZWJlMy00MDM2LWI1NzUtZmYxZmEwYzZjYjM4IiwibmFtZSI6ImFkbWluIiwiZ2VuZGVyIjp0cnVlLCJlbWFpbCI6IjM3ODMzODYyN0BxcS5jb20ifSwiaWF0IjoxNTE2MTUzMjY3LCJleHAiOjE1MTYyMzk2Njd9.PkUDDocS7glw5HrHfs3QE9Xen1BkZqFzfnadTPBgrhw
request client ip:  ::ffff:127.0.0.1
request query:  {"token":"eyJhbGciOiJIUzI1NiIsInR5cCI6IkpXVCJ9.eyJkYXRhIjp7ImlkIjoiMDU3MjBlNmUtZWJlMy00MDM2LWI1NzUtZmYxZmEwYzZjYjM4IiwibmFtZSI6ImFkbWluIiwiZ2VuZGVyIjp0cnVlLCJlbWFpbCI6IjM3ODMzODYyN0BxcS5jb20ifSwiaWF0IjoxNTE2MTUzMjY3LCJleHAiOjE1MTYyMzk2Njd9.PkUDDocS7glw5HrHfs3QE9Xen1BkZqFzfnadTPBgrhw"}
response time: 209
response status: 200
response body: 
{"status":0,"data":[{"days":"20171227","count":2},{"days":"20180102","count":1},{"days":"20180103","count":5},{"days":"20180104","count":3},{"days":"20180105","count":1},{"days":"20180108","count":5},{"days":"20180109","count":4},{"days":"20180110","count":5},{"days":"20180111","count":3},{"days":"20180112","count":2},{"days":"20180115","count":10},{"days":"20180116","count":5}]}
*************** response log end ***************

[2018-01-17 09:42:26.603] [INFO] resLogger - 
*************** response log start ***************
request method: GET
request originalUrl:  /favicon.ico
request client ip:  ::ffff:127.0.0.1
request query:  {}
response time: 35
response status: 200
response body: 
{"name":"jwtError","status":10003,"message":"身份验证错误！"}
*************** response log end ***************

[2018-01-17 09:44:13.370] [INFO] resLogger - 
*************** response log start ***************
request method: GET
request originalUrl:  /api/operation/list_week/time/1516153269419?token=eyJhbGciOiJIUzI1NiIsInR5cCI6IkpXVCJ9.eyJkYXRhIjp7ImlkIjoiMDU3MjBlNmUtZWJlMy00MDM2LWI1NzUtZmYxZmEwYzZjYjM4IiwibmFtZSI6ImFkbWluIiwiZ2VuZGVyIjp0cnVlLCJlbWFpbCI6IjM3ODMzODYyN0BxcS5jb20ifSwiaWF0IjoxNTE2MTUzMjY3LCJleHAiOjE1MTYyMzk2Njd9.PkUDDocS7glw5HrHfs3QE9Xen1BkZqFzfnadTPBgrhw
request client ip:  ::ffff:127.0.0.1
request query:  {"token":"eyJhbGciOiJIUzI1NiIsInR5cCI6IkpXVCJ9.eyJkYXRhIjp7ImlkIjoiMDU3MjBlNmUtZWJlMy00MDM2LWI1NzUtZmYxZmEwYzZjYjM4IiwibmFtZSI6ImFkbWluIiwiZ2VuZGVyIjp0cnVlLCJlbWFpbCI6IjM3ODMzODYyN0BxcS5jb20ifSwiaWF0IjoxNTE2MTUzMjY3LCJleHAiOjE1MTYyMzk2Njd9.PkUDDocS7glw5HrHfs3QE9Xen1BkZqFzfnadTPBgrhw"}
response time: 219
response status: 200
response body: 
{"status":0,"data":[{"days":"20171227","count":2},{"days":"20180102","count":1},{"days":"20180103","count":5},{"days":"20180104","count":3},{"days":"20180105","count":1},{"days":"20180108","count":5},{"days":"20180109","count":4},{"days":"20180110","count":5},{"days":"20180111","count":3},{"days":"20180112","count":2},{"days":"20180115","count":10},{"days":"20180116","count":5}]}
*************** response log end ***************

[2018-01-17 09:44:13.441] [INFO] resLogger - 
*************** response log start ***************
request method: GET
request originalUrl:  /favicon.ico
request client ip:  ::ffff:127.0.0.1
request query:  {}
response time: 42
response status: 200
response body: 
{"name":"jwtError","status":10003,"message":"身份验证错误！"}
*************** response log end ***************

[2018-01-17 09:45:16.620] [INFO] resLogger - 
*************** response log start ***************
request method: GET
request originalUrl:  /api/operation/list_week/time/1516153269419?token=eyJhbGciOiJIUzI1NiIsInR5cCI6IkpXVCJ9.eyJkYXRhIjp7ImlkIjoiMDU3MjBlNmUtZWJlMy00MDM2LWI1NzUtZmYxZmEwYzZjYjM4IiwibmFtZSI6ImFkbWluIiwiZ2VuZGVyIjp0cnVlLCJlbWFpbCI6IjM3ODMzODYyN0BxcS5jb20ifSwiaWF0IjoxNTE2MTUzMjY3LCJleHAiOjE1MTYyMzk2Njd9.PkUDDocS7glw5HrHfs3QE9Xen1BkZqFzfnadTPBgrhw
request client ip:  ::ffff:127.0.0.1
request query:  {"token":"eyJhbGciOiJIUzI1NiIsInR5cCI6IkpXVCJ9.eyJkYXRhIjp7ImlkIjoiMDU3MjBlNmUtZWJlMy00MDM2LWI1NzUtZmYxZmEwYzZjYjM4IiwibmFtZSI6ImFkbWluIiwiZ2VuZGVyIjp0cnVlLCJlbWFpbCI6IjM3ODMzODYyN0BxcS5jb20ifSwiaWF0IjoxNTE2MTUzMjY3LCJleHAiOjE1MTYyMzk2Njd9.PkUDDocS7glw5HrHfs3QE9Xen1BkZqFzfnadTPBgrhw"}
response time: 243
response status: 200
response body: 
{"status":0,"data":[{"days":"20171227","count":2},{"days":"20180102","count":1},{"days":"20180103","count":5},{"days":"20180104","count":3},{"days":"20180105","count":1},{"days":"20180108","count":5},{"days":"20180109","count":4},{"days":"20180110","count":5},{"days":"20180111","count":3},{"days":"20180112","count":2},{"days":"20180115","count":10},{"days":"20180116","count":5}]}
*************** response log end ***************

[2018-01-17 09:45:16.687] [INFO] resLogger - 
*************** response log start ***************
request method: GET
request originalUrl:  /favicon.ico
request client ip:  ::ffff:127.0.0.1
request query:  {}
response time: 39
response status: 200
response body: 
{"name":"jwtError","status":10003,"message":"身份验证错误！"}
*************** response log end ***************

[2018-01-17 09:46:47.523] [INFO] resLogger - 
*************** response log start ***************
request method: GET
request originalUrl:  /api/operation/list_week/time/1516153269419?token=eyJhbGciOiJIUzI1NiIsInR5cCI6IkpXVCJ9.eyJkYXRhIjp7ImlkIjoiMDU3MjBlNmUtZWJlMy00MDM2LWI1NzUtZmYxZmEwYzZjYjM4IiwibmFtZSI6ImFkbWluIiwiZ2VuZGVyIjp0cnVlLCJlbWFpbCI6IjM3ODMzODYyN0BxcS5jb20ifSwiaWF0IjoxNTE2MTUzMjY3LCJleHAiOjE1MTYyMzk2Njd9.PkUDDocS7glw5HrHfs3QE9Xen1BkZqFzfnadTPBgrhw
request client ip:  ::ffff:127.0.0.1
request query:  {"token":"eyJhbGciOiJIUzI1NiIsInR5cCI6IkpXVCJ9.eyJkYXRhIjp7ImlkIjoiMDU3MjBlNmUtZWJlMy00MDM2LWI1NzUtZmYxZmEwYzZjYjM4IiwibmFtZSI6ImFkbWluIiwiZ2VuZGVyIjp0cnVlLCJlbWFpbCI6IjM3ODMzODYyN0BxcS5jb20ifSwiaWF0IjoxNTE2MTUzMjY3LCJleHAiOjE1MTYyMzk2Njd9.PkUDDocS7glw5HrHfs3QE9Xen1BkZqFzfnadTPBgrhw"}
response time: 267
response status: 200
response body: 
{"status":0,"data":[{"days":"20180115","count":10},{"days":"20180116","count":5}]}
*************** response log end ***************

[2018-01-17 09:46:47.613] [INFO] resLogger - 
*************** response log start ***************
request method: GET
request originalUrl:  /favicon.ico
request client ip:  ::ffff:127.0.0.1
request query:  {}
response time: 45
response status: 200
response body: 
{"name":"jwtError","status":10003,"message":"身份验证错误！"}
*************** response log end ***************

[2018-01-17 09:47:27.981] [INFO] resLogger - 
*************** response log start ***************
request method: GET
request originalUrl:  /api/user/?token=eyJhbGciOiJIUzI1NiIsInR5cCI6IkpXVCJ9.eyJkYXRhIjp7ImlkIjoiMDU3MjBlNmUtZWJlMy00MDM2LWI1NzUtZmYxZmEwYzZjYjM4IiwibmFtZSI6ImFkbWluIiwiZ2VuZGVyIjp0cnVlLCJlbWFpbCI6IjM3ODMzODYyN0BxcS5jb20ifSwiaWF0IjoxNTE2MTUzMjY3LCJleHAiOjE1MTYyMzk2Njd9.PkUDDocS7glw5HrHfs3QE9Xen1BkZqFzfnadTPBgrhw
request client ip:  ::ffff:127.0.0.1
request query:  {"token":"eyJhbGciOiJIUzI1NiIsInR5cCI6IkpXVCJ9.eyJkYXRhIjp7ImlkIjoiMDU3MjBlNmUtZWJlMy00MDM2LWI1NzUtZmYxZmEwYzZjYjM4IiwibmFtZSI6ImFkbWluIiwiZ2VuZGVyIjp0cnVlLCJlbWFpbCI6IjM3ODMzODYyN0BxcS5jb20ifSwiaWF0IjoxNTE2MTUzMjY3LCJleHAiOjE1MTYyMzk2Njd9.PkUDDocS7glw5HrHfs3QE9Xen1BkZqFzfnadTPBgrhw"}
response time: 95
response status: 200
response body: 
{"status":0,"data":{"name":"admin","email":"378338627@qq.com","phone":"15822927208","password":"$2a$10$ZCz8FbSB13tB2jbZIaI13.kaTOEp236iyvOOtqgZf.m.RSqqgjheq","gender":true,"token":"eyJhbGciOiJIUzI1NiIsInR5cCI6IkpXVCJ9.eyJkYXRhIjp7ImlkIjoiMDU3MjBlNmUtZWJlMy00MDM2LWI1NzUtZmYxZmEwYzZjYjM4IiwibmFtZSI6ImFkbWluIiwiZ2VuZGVyIjp0cnVlLCJlbWFpbCI6IjM3ODMzODYyN0BxcS5jb20ifSwiaWF0IjoxNTE2MTUzMjY3LCJleHAiOjE1MTYyMzk2Njd9.PkUDDocS7glw5HrHfs3QE9Xen1BkZqFzfnadTPBgrhw","canLogin":true,"status":1,"id":"05720e6e-ebe3-4036-b575-ff1fa0c6cb38","createdAt":1515633151463,"updatedAt":1516153267169,"version":5}}
*************** response log end ***************

[2018-01-17 09:47:28.544] [INFO] resLogger - 
*************** response log start ***************
request method: GET
request originalUrl:  /api/operation/list/time/1516153648303?token=eyJhbGciOiJIUzI1NiIsInR5cCI6IkpXVCJ9.eyJkYXRhIjp7ImlkIjoiMDU3MjBlNmUtZWJlMy00MDM2LWI1NzUtZmYxZmEwYzZjYjM4IiwibmFtZSI6ImFkbWluIiwiZ2VuZGVyIjp0cnVlLCJlbWFpbCI6IjM3ODMzODYyN0BxcS5jb20ifSwiaWF0IjoxNTE2MTUzMjY3LCJleHAiOjE1MTYyMzk2Njd9.PkUDDocS7glw5HrHfs3QE9Xen1BkZqFzfnadTPBgrhw
request client ip:  ::ffff:127.0.0.1
request query:  {"token":"eyJhbGciOiJIUzI1NiIsInR5cCI6IkpXVCJ9.eyJkYXRhIjp7ImlkIjoiMDU3MjBlNmUtZWJlMy00MDM2LWI1NzUtZmYxZmEwYzZjYjM4IiwibmFtZSI6ImFkbWluIiwiZ2VuZGVyIjp0cnVlLCJlbWFpbCI6IjM3ODMzODYyN0BxcS5jb20ifSwiaWF0IjoxNTE2MTUzMjY3LCJleHAiOjE1MTYyMzk2Njd9.PkUDDocS7glw5HrHfs3QE9Xen1BkZqFzfnadTPBgrhw"}
response time: 223
response status: 200
response body: 
{"status":0,"data":[]}
*************** response log end ***************

[2018-01-17 09:47:28.578] [INFO] resLogger - 
*************** response log start ***************
request method: GET
request originalUrl:  /api/action/list/time/1516153648315?token=eyJhbGciOiJIUzI1NiIsInR5cCI6IkpXVCJ9.eyJkYXRhIjp7ImlkIjoiMDU3MjBlNmUtZWJlMy00MDM2LWI1NzUtZmYxZmEwYzZjYjM4IiwibmFtZSI6ImFkbWluIiwiZ2VuZGVyIjp0cnVlLCJlbWFpbCI6IjM3ODMzODYyN0BxcS5jb20ifSwiaWF0IjoxNTE2MTUzMjY3LCJleHAiOjE1MTYyMzk2Njd9.PkUDDocS7glw5HrHfs3QE9Xen1BkZqFzfnadTPBgrhw
request client ip:  ::ffff:127.0.0.1
request query:  {"token":"eyJhbGciOiJIUzI1NiIsInR5cCI6IkpXVCJ9.eyJkYXRhIjp7ImlkIjoiMDU3MjBlNmUtZWJlMy00MDM2LWI1NzUtZmYxZmEwYzZjYjM4IiwibmFtZSI6ImFkbWluIiwiZ2VuZGVyIjp0cnVlLCJlbWFpbCI6IjM3ODMzODYyN0BxcS5jb20ifSwiaWF0IjoxNTE2MTUzMjY3LCJleHAiOjE1MTYyMzk2Njd9.PkUDDocS7glw5HrHfs3QE9Xen1BkZqFzfnadTPBgrhw"}
response time: 156
response status: 200
response body: 
{"status":0,"data":[]}
*************** response log end ***************

[2018-01-17 09:47:28.596] [INFO] resLogger - 
*************** response log start ***************
request method: GET
request originalUrl:  /api/operation/list_week/time/1516153648329?token=eyJhbGciOiJIUzI1NiIsInR5cCI6IkpXVCJ9.eyJkYXRhIjp7ImlkIjoiMDU3MjBlNmUtZWJlMy00MDM2LWI1NzUtZmYxZmEwYzZjYjM4IiwibmFtZSI6ImFkbWluIiwiZ2VuZGVyIjp0cnVlLCJlbWFpbCI6IjM3ODMzODYyN0BxcS5jb20ifSwiaWF0IjoxNTE2MTUzMjY3LCJleHAiOjE1MTYyMzk2Njd9.PkUDDocS7glw5HrHfs3QE9Xen1BkZqFzfnadTPBgrhw
request client ip:  ::ffff:127.0.0.1
request query:  {"token":"eyJhbGciOiJIUzI1NiIsInR5cCI6IkpXVCJ9.eyJkYXRhIjp7ImlkIjoiMDU3MjBlNmUtZWJlMy00MDM2LWI1NzUtZmYxZmEwYzZjYjM4IiwibmFtZSI6ImFkbWluIiwiZ2VuZGVyIjp0cnVlLCJlbWFpbCI6IjM3ODMzODYyN0BxcS5jb20ifSwiaWF0IjoxNTE2MTUzMjY3LCJleHAiOjE1MTYyMzk2Njd9.PkUDDocS7glw5HrHfs3QE9Xen1BkZqFzfnadTPBgrhw"}
response time: 143
response status: 200
response body: 
{"status":0,"data":[{"days":"20180115","count":10},{"days":"20180116","count":5}]}
*************** response log end ***************

[2018-01-17 09:49:39.838] [INFO] resLogger - 
*************** response log start ***************
request method: GET
request originalUrl:  /api/user/?token=eyJhbGciOiJIUzI1NiIsInR5cCI6IkpXVCJ9.eyJkYXRhIjp7ImlkIjoiMDU3MjBlNmUtZWJlMy00MDM2LWI1NzUtZmYxZmEwYzZjYjM4IiwibmFtZSI6ImFkbWluIiwiZ2VuZGVyIjp0cnVlLCJlbWFpbCI6IjM3ODMzODYyN0BxcS5jb20ifSwiaWF0IjoxNTE2MTUzMjY3LCJleHAiOjE1MTYyMzk2Njd9.PkUDDocS7glw5HrHfs3QE9Xen1BkZqFzfnadTPBgrhw
request client ip:  ::ffff:127.0.0.1
request query:  {"token":"eyJhbGciOiJIUzI1NiIsInR5cCI6IkpXVCJ9.eyJkYXRhIjp7ImlkIjoiMDU3MjBlNmUtZWJlMy00MDM2LWI1NzUtZmYxZmEwYzZjYjM4IiwibmFtZSI6ImFkbWluIiwiZ2VuZGVyIjp0cnVlLCJlbWFpbCI6IjM3ODMzODYyN0BxcS5jb20ifSwiaWF0IjoxNTE2MTUzMjY3LCJleHAiOjE1MTYyMzk2Njd9.PkUDDocS7glw5HrHfs3QE9Xen1BkZqFzfnadTPBgrhw"}
response time: 50
response status: 200
response body: 
{"status":0,"data":{"name":"admin","email":"378338627@qq.com","phone":"15822927208","password":"$2a$10$ZCz8FbSB13tB2jbZIaI13.kaTOEp236iyvOOtqgZf.m.RSqqgjheq","gender":true,"token":"eyJhbGciOiJIUzI1NiIsInR5cCI6IkpXVCJ9.eyJkYXRhIjp7ImlkIjoiMDU3MjBlNmUtZWJlMy00MDM2LWI1NzUtZmYxZmEwYzZjYjM4IiwibmFtZSI6ImFkbWluIiwiZ2VuZGVyIjp0cnVlLCJlbWFpbCI6IjM3ODMzODYyN0BxcS5jb20ifSwiaWF0IjoxNTE2MTUzMjY3LCJleHAiOjE1MTYyMzk2Njd9.PkUDDocS7glw5HrHfs3QE9Xen1BkZqFzfnadTPBgrhw","canLogin":true,"status":1,"id":"05720e6e-ebe3-4036-b575-ff1fa0c6cb38","createdAt":1515633151463,"updatedAt":1516153267169,"version":5}}
*************** response log end ***************

[2018-01-17 09:49:40.061] [INFO] resLogger - 
*************** response log start ***************
request method: GET
request originalUrl:  /api/operation/list/time/1516153779953?token=eyJhbGciOiJIUzI1NiIsInR5cCI6IkpXVCJ9.eyJkYXRhIjp7ImlkIjoiMDU3MjBlNmUtZWJlMy00MDM2LWI1NzUtZmYxZmEwYzZjYjM4IiwibmFtZSI6ImFkbWluIiwiZ2VuZGVyIjp0cnVlLCJlbWFpbCI6IjM3ODMzODYyN0BxcS5jb20ifSwiaWF0IjoxNTE2MTUzMjY3LCJleHAiOjE1MTYyMzk2Njd9.PkUDDocS7glw5HrHfs3QE9Xen1BkZqFzfnadTPBgrhw
request client ip:  ::ffff:127.0.0.1
request query:  {"token":"eyJhbGciOiJIUzI1NiIsInR5cCI6IkpXVCJ9.eyJkYXRhIjp7ImlkIjoiMDU3MjBlNmUtZWJlMy00MDM2LWI1NzUtZmYxZmEwYzZjYjM4IiwibmFtZSI6ImFkbWluIiwiZ2VuZGVyIjp0cnVlLCJlbWFpbCI6IjM3ODMzODYyN0BxcS5jb20ifSwiaWF0IjoxNTE2MTUzMjY3LCJleHAiOjE1MTYyMzk2Njd9.PkUDDocS7glw5HrHfs3QE9Xen1BkZqFzfnadTPBgrhw"}
response time: 92
response status: 200
response body: 
{"status":0,"data":[]}
*************** response log end ***************

[2018-01-17 09:49:40.147] [INFO] resLogger - 
*************** response log start ***************
request method: GET
request originalUrl:  /api/operation/list_week/time/1516153779968?token=eyJhbGciOiJIUzI1NiIsInR5cCI6IkpXVCJ9.eyJkYXRhIjp7ImlkIjoiMDU3MjBlNmUtZWJlMy00MDM2LWI1NzUtZmYxZmEwYzZjYjM4IiwibmFtZSI6ImFkbWluIiwiZ2VuZGVyIjp0cnVlLCJlbWFpbCI6IjM3ODMzODYyN0BxcS5jb20ifSwiaWF0IjoxNTE2MTUzMjY3LCJleHAiOjE1MTYyMzk2Njd9.PkUDDocS7glw5HrHfs3QE9Xen1BkZqFzfnadTPBgrhw
request client ip:  ::ffff:127.0.0.1
request query:  {"token":"eyJhbGciOiJIUzI1NiIsInR5cCI6IkpXVCJ9.eyJkYXRhIjp7ImlkIjoiMDU3MjBlNmUtZWJlMy00MDM2LWI1NzUtZmYxZmEwYzZjYjM4IiwibmFtZSI6ImFkbWluIiwiZ2VuZGVyIjp0cnVlLCJlbWFpbCI6IjM3ODMzODYyN0BxcS5jb20ifSwiaWF0IjoxNTE2MTUzMjY3LCJleHAiOjE1MTYyMzk2Njd9.PkUDDocS7glw5HrHfs3QE9Xen1BkZqFzfnadTPBgrhw"}
response time: 66
response status: 200
response body: 
{"status":0,"data":[{"days":"20180115","count":10},{"days":"20180116","count":5}]}
*************** response log end ***************

[2018-01-17 09:49:40.165] [INFO] resLogger - 
*************** response log start ***************
request method: GET
request originalUrl:  /api/action/list/time/1516153779962?token=eyJhbGciOiJIUzI1NiIsInR5cCI6IkpXVCJ9.eyJkYXRhIjp7ImlkIjoiMDU3MjBlNmUtZWJlMy00MDM2LWI1NzUtZmYxZmEwYzZjYjM4IiwibmFtZSI6ImFkbWluIiwiZ2VuZGVyIjp0cnVlLCJlbWFpbCI6IjM3ODMzODYyN0BxcS5jb20ifSwiaWF0IjoxNTE2MTUzMjY3LCJleHAiOjE1MTYyMzk2Njd9.PkUDDocS7glw5HrHfs3QE9Xen1BkZqFzfnadTPBgrhw
request client ip:  ::ffff:127.0.0.1
request query:  {"token":"eyJhbGciOiJIUzI1NiIsInR5cCI6IkpXVCJ9.eyJkYXRhIjp7ImlkIjoiMDU3MjBlNmUtZWJlMy00MDM2LWI1NzUtZmYxZmEwYzZjYjM4IiwibmFtZSI6ImFkbWluIiwiZ2VuZGVyIjp0cnVlLCJlbWFpbCI6IjM3ODMzODYyN0BxcS5jb20ifSwiaWF0IjoxNTE2MTUzMjY3LCJleHAiOjE1MTYyMzk2Njd9.PkUDDocS7glw5HrHfs3QE9Xen1BkZqFzfnadTPBgrhw"}
response time: 100
response status: 200
response body: 
{"status":0,"data":[]}
*************** response log end ***************

[2018-01-17 09:50:07.140] [INFO] resLogger - 
*************** response log start ***************
request method: GET
request originalUrl:  /api/user/?token=eyJhbGciOiJIUzI1NiIsInR5cCI6IkpXVCJ9.eyJkYXRhIjp7ImlkIjoiMDU3MjBlNmUtZWJlMy00MDM2LWI1NzUtZmYxZmEwYzZjYjM4IiwibmFtZSI6ImFkbWluIiwiZ2VuZGVyIjp0cnVlLCJlbWFpbCI6IjM3ODMzODYyN0BxcS5jb20ifSwiaWF0IjoxNTE2MTUzMjY3LCJleHAiOjE1MTYyMzk2Njd9.PkUDDocS7glw5HrHfs3QE9Xen1BkZqFzfnadTPBgrhw
request client ip:  ::ffff:127.0.0.1
request query:  {"token":"eyJhbGciOiJIUzI1NiIsInR5cCI6IkpXVCJ9.eyJkYXRhIjp7ImlkIjoiMDU3MjBlNmUtZWJlMy00MDM2LWI1NzUtZmYxZmEwYzZjYjM4IiwibmFtZSI6ImFkbWluIiwiZ2VuZGVyIjp0cnVlLCJlbWFpbCI6IjM3ODMzODYyN0BxcS5jb20ifSwiaWF0IjoxNTE2MTUzMjY3LCJleHAiOjE1MTYyMzk2Njd9.PkUDDocS7glw5HrHfs3QE9Xen1BkZqFzfnadTPBgrhw"}
response time: 74
response status: 200
response body: 
{"status":0,"data":{"name":"admin","email":"378338627@qq.com","phone":"15822927208","password":"$2a$10$ZCz8FbSB13tB2jbZIaI13.kaTOEp236iyvOOtqgZf.m.RSqqgjheq","gender":true,"token":"eyJhbGciOiJIUzI1NiIsInR5cCI6IkpXVCJ9.eyJkYXRhIjp7ImlkIjoiMDU3MjBlNmUtZWJlMy00MDM2LWI1NzUtZmYxZmEwYzZjYjM4IiwibmFtZSI6ImFkbWluIiwiZ2VuZGVyIjp0cnVlLCJlbWFpbCI6IjM3ODMzODYyN0BxcS5jb20ifSwiaWF0IjoxNTE2MTUzMjY3LCJleHAiOjE1MTYyMzk2Njd9.PkUDDocS7glw5HrHfs3QE9Xen1BkZqFzfnadTPBgrhw","canLogin":true,"status":1,"id":"05720e6e-ebe3-4036-b575-ff1fa0c6cb38","createdAt":1515633151463,"updatedAt":1516153267169,"version":5}}
*************** response log end ***************

[2018-01-17 09:50:07.397] [INFO] resLogger - 
*************** response log start ***************
request method: GET
request originalUrl:  /api/operation/list/time/1516153807235?token=eyJhbGciOiJIUzI1NiIsInR5cCI6IkpXVCJ9.eyJkYXRhIjp7ImlkIjoiMDU3MjBlNmUtZWJlMy00MDM2LWI1NzUtZmYxZmEwYzZjYjM4IiwibmFtZSI6ImFkbWluIiwiZ2VuZGVyIjp0cnVlLCJlbWFpbCI6IjM3ODMzODYyN0BxcS5jb20ifSwiaWF0IjoxNTE2MTUzMjY3LCJleHAiOjE1MTYyMzk2Njd9.PkUDDocS7glw5HrHfs3QE9Xen1BkZqFzfnadTPBgrhw
request client ip:  ::ffff:127.0.0.1
request query:  {"token":"eyJhbGciOiJIUzI1NiIsInR5cCI6IkpXVCJ9.eyJkYXRhIjp7ImlkIjoiMDU3MjBlNmUtZWJlMy00MDM2LWI1NzUtZmYxZmEwYzZjYjM4IiwibmFtZSI6ImFkbWluIiwiZ2VuZGVyIjp0cnVlLCJlbWFpbCI6IjM3ODMzODYyN0BxcS5jb20ifSwiaWF0IjoxNTE2MTUzMjY3LCJleHAiOjE1MTYyMzk2Njd9.PkUDDocS7glw5HrHfs3QE9Xen1BkZqFzfnadTPBgrhw"}
response time: 151
response status: 200
response body: 
{"status":0,"data":[]}
*************** response log end ***************

[2018-01-17 09:50:07.414] [INFO] resLogger - 
*************** response log start ***************
request method: GET
request originalUrl:  /api/action/list/time/1516153807243?token=eyJhbGciOiJIUzI1NiIsInR5cCI6IkpXVCJ9.eyJkYXRhIjp7ImlkIjoiMDU3MjBlNmUtZWJlMy00MDM2LWI1NzUtZmYxZmEwYzZjYjM4IiwibmFtZSI6ImFkbWluIiwiZ2VuZGVyIjp0cnVlLCJlbWFpbCI6IjM3ODMzODYyN0BxcS5jb20ifSwiaWF0IjoxNTE2MTUzMjY3LCJleHAiOjE1MTYyMzk2Njd9.PkUDDocS7glw5HrHfs3QE9Xen1BkZqFzfnadTPBgrhw
request client ip:  ::ffff:127.0.0.1
request query:  {"token":"eyJhbGciOiJIUzI1NiIsInR5cCI6IkpXVCJ9.eyJkYXRhIjp7ImlkIjoiMDU3MjBlNmUtZWJlMy00MDM2LWI1NzUtZmYxZmEwYzZjYjM4IiwibmFtZSI6ImFkbWluIiwiZ2VuZGVyIjp0cnVlLCJlbWFpbCI6IjM3ODMzODYyN0BxcS5jb20ifSwiaWF0IjoxNTE2MTUzMjY3LCJleHAiOjE1MTYyMzk2Njd9.PkUDDocS7glw5HrHfs3QE9Xen1BkZqFzfnadTPBgrhw"}
response time: 102
response status: 200
response body: 
{"status":0,"data":[]}
*************** response log end ***************

[2018-01-17 09:50:07.430] [INFO] resLogger - 
*************** response log start ***************
request method: GET
request originalUrl:  /api/operation/list_week/time/1516153807252?token=eyJhbGciOiJIUzI1NiIsInR5cCI6IkpXVCJ9.eyJkYXRhIjp7ImlkIjoiMDU3MjBlNmUtZWJlMy00MDM2LWI1NzUtZmYxZmEwYzZjYjM4IiwibmFtZSI6ImFkbWluIiwiZ2VuZGVyIjp0cnVlLCJlbWFpbCI6IjM3ODMzODYyN0BxcS5jb20ifSwiaWF0IjoxNTE2MTUzMjY3LCJleHAiOjE1MTYyMzk2Njd9.PkUDDocS7glw5HrHfs3QE9Xen1BkZqFzfnadTPBgrhw
request client ip:  ::ffff:127.0.0.1
request query:  {"token":"eyJhbGciOiJIUzI1NiIsInR5cCI6IkpXVCJ9.eyJkYXRhIjp7ImlkIjoiMDU3MjBlNmUtZWJlMy00MDM2LWI1NzUtZmYxZmEwYzZjYjM4IiwibmFtZSI6ImFkbWluIiwiZ2VuZGVyIjp0cnVlLCJlbWFpbCI6IjM3ODMzODYyN0BxcS5jb20ifSwiaWF0IjoxNTE2MTUzMjY3LCJleHAiOjE1MTYyMzk2Njd9.PkUDDocS7glw5HrHfs3QE9Xen1BkZqFzfnadTPBgrhw"}
response time: 88
response status: 200
response body: 
{"status":0,"data":[{"days":"20180115","count":10},{"days":"20180116","count":5}]}
*************** response log end ***************

[2018-01-17 09:57:02.417] [INFO] resLogger - 
*************** response log start ***************
request method: GET
request originalUrl:  /api/operation/list_week/time/1516153269419?token=eyJhbGciOiJIUzI1NiIsInR5cCI6IkpXVCJ9.eyJkYXRhIjp7ImlkIjoiMDU3MjBlNmUtZWJlMy00MDM2LWI1NzUtZmYxZmEwYzZjYjM4IiwibmFtZSI6ImFkbWluIiwiZ2VuZGVyIjp0cnVlLCJlbWFpbCI6IjM3ODMzODYyN0BxcS5jb20ifSwiaWF0IjoxNTE2MTUzMjY3LCJleHAiOjE1MTYyMzk2Njd9.PkUDDocS7glw5HrHfs3QE9Xen1BkZqFzfnadTPBgrhw
request client ip:  ::ffff:127.0.0.1
request query:  {"token":"eyJhbGciOiJIUzI1NiIsInR5cCI6IkpXVCJ9.eyJkYXRhIjp7ImlkIjoiMDU3MjBlNmUtZWJlMy00MDM2LWI1NzUtZmYxZmEwYzZjYjM4IiwibmFtZSI6ImFkbWluIiwiZ2VuZGVyIjp0cnVlLCJlbWFpbCI6IjM3ODMzODYyN0BxcS5jb20ifSwiaWF0IjoxNTE2MTUzMjY3LCJleHAiOjE1MTYyMzk2Njd9.PkUDDocS7glw5HrHfs3QE9Xen1BkZqFzfnadTPBgrhw"}
response time: 255
response status: 200
response body: 
{"status":0,"data":[{"days":"20180115","count":10},{"days":"20180116","count":5}]}
*************** response log end ***************

[2018-01-17 09:57:02.488] [INFO] resLogger - 
*************** response log start ***************
request method: GET
request originalUrl:  /favicon.ico
request client ip:  ::ffff:127.0.0.1
request query:  {}
response time: 35
response status: 200
response body: 
{"name":"jwtError","status":10003,"message":"身份验证错误！"}
*************** response log end ***************

[2018-01-17 09:58:09.793] [INFO] resLogger - 
*************** response log start ***************
request method: GET
request originalUrl:  /api/operation/list_week/time/1516153269419?token=eyJhbGciOiJIUzI1NiIsInR5cCI6IkpXVCJ9.eyJkYXRhIjp7ImlkIjoiMDU3MjBlNmUtZWJlMy00MDM2LWI1NzUtZmYxZmEwYzZjYjM4IiwibmFtZSI6ImFkbWluIiwiZ2VuZGVyIjp0cnVlLCJlbWFpbCI6IjM3ODMzODYyN0BxcS5jb20ifSwiaWF0IjoxNTE2MTUzMjY3LCJleHAiOjE1MTYyMzk2Njd9.PkUDDocS7glw5HrHfs3QE9Xen1BkZqFzfnadTPBgrhw
request client ip:  ::ffff:127.0.0.1
request query:  {"token":"eyJhbGciOiJIUzI1NiIsInR5cCI6IkpXVCJ9.eyJkYXRhIjp7ImlkIjoiMDU3MjBlNmUtZWJlMy00MDM2LWI1NzUtZmYxZmEwYzZjYjM4IiwibmFtZSI6ImFkbWluIiwiZ2VuZGVyIjp0cnVlLCJlbWFpbCI6IjM3ODMzODYyN0BxcS5jb20ifSwiaWF0IjoxNTE2MTUzMjY3LCJleHAiOjE1MTYyMzk2Njd9.PkUDDocS7glw5HrHfs3QE9Xen1BkZqFzfnadTPBgrhw"}
response time: 259
response status: 200
response body: 
{"status":0,"data":[{"days":"20180115","count":10},{"days":"20180116","count":5}]}
*************** response log end ***************

[2018-01-17 09:58:09.865] [INFO] resLogger - 
*************** response log start ***************
request method: GET
request originalUrl:  /favicon.ico
request client ip:  ::ffff:127.0.0.1
request query:  {}
response time: 47
response status: 200
response body: 
{"name":"jwtError","status":10003,"message":"身份验证错误！"}
*************** response log end ***************

