[2018-06-15 08:58:59.000] [INFO] resLogger - 
*************** response log start ***************
request method: GET
request originalUrl:  /api/user/?token=undefined
request client ip:  ::ffff:127.0.0.1
request query:  {"token":"undefined"}
response time: 227
response status: 200
response body: 
{"name":"jwtError","status":10003,"message":"身份验证错误！"}
*************** response log end ***************

[2018-06-15 08:59:33.363] [INFO] resLogger - 
*************** response log start ***************
request method: OPTIONS
request originalUrl:  /api/user/login
request client ip:  ::ffff:127.0.0.1
request body: 
{}
response time: 11
response status: 204
response body: 
undefined
*************** response log end ***************

[2018-06-15 08:59:35.445] [INFO] resLogger - 
*************** response log start ***************
request method: POST
request originalUrl:  /api/user/login
request client ip:  ::ffff:127.0.0.1
request body: 
{"name":"","password":"123456","username":"朱亚亮"}
response time: 1930
response status: 200
response body: 
{"name":"SequelizeConnectionRefusedError","message":"connect ECONNREFUSED 127.0.0.1:3306","parent":{"code":"ECONNREFUSED","errno":"ECONNREFUSED","syscall":"connect","address":"127.0.0.1","port":3306,"fatal":true},"original":{"code":"ECONNREFUSED","errno":"ECONNREFUSED","syscall":"connect","address":"127.0.0.1","port":3306,"fatal":true},"status":500}
*************** response log end ***************

