[2017-07-24 11:02:17.589] [INFO] resLogger - 
*************** response log start ***************
request method: GET
request originalUrl:  /api/user/?token=eyJhbGciOiJIUzI1NiIsInR5cCI6IkpXVCJ9.eyJkYXRhIjp7ImlkIjoiYjk0NjJhZjAtYTNkZi00NTI1LTk5NDEtYWJhNWE5Mjc2MmUzIiwibmFtZSI6ImFkbWluIiwiZ2VuZGVyIjp0cnVlLCJlbWFpbCI6IjM3ODMzODYyN0BxcS5jb20ifSwiaWF0IjoxNTAwODU4MzkxLCJleHAiOjE1MDA5NDQ3OTF9.NHHiM-3wiHAQA0VO310p2C9aTrlysnXsSY834_uFGSw
request client ip:  ::ffff:127.0.0.1
request query:  {"token":"eyJhbGciOiJIUzI1NiIsInR5cCI6IkpXVCJ9.eyJkYXRhIjp7ImlkIjoiYjk0NjJhZjAtYTNkZi00NTI1LTk5NDEtYWJhNWE5Mjc2MmUzIiwibmFtZSI6ImFkbWluIiwiZ2VuZGVyIjp0cnVlLCJlbWFpbCI6IjM3ODMzODYyN0BxcS5jb20ifSwiaWF0IjoxNTAwODU4MzkxLCJleHAiOjE1MDA5NDQ3OTF9.NHHiM-3wiHAQA0VO310p2C9aTrlysnXsSY834_uFGSw"}
response time: 143
response status: 200
response body: 
{"status":0,"data":{"name":"admin","email":"378338627@qq.com","password":"$2a$10$ceQ8BVQBwWAyeejtOZ1UZOlS3thdh3Es1X70vOnqLg9/8cZL38MZW","gender":true,"token":"eyJhbGciOiJIUzI1NiIsInR5cCI6IkpXVCJ9.eyJkYXRhIjp7ImlkIjoiYjk0NjJhZjAtYTNkZi00NTI1LTk5NDEtYWJhNWE5Mjc2MmUzIiwibmFtZSI6ImFkbWluIiwiZ2VuZGVyIjp0cnVlLCJlbWFpbCI6IjM3ODMzODYyN0BxcS5jb20ifSwiaWF0IjoxNTAwODU4MzkxLCJleHAiOjE1MDA5NDQ3OTF9.NHHiM-3wiHAQA0VO310p2C9aTrlysnXsSY834_uFGSw","id":"b9462af0-a3df-4525-9941-aba5a92762e3","createdAt":1500607008557,"updatedAt":1500858391855,"version":10}}
*************** response log end ***************

[2017-07-24 11:02:17.818] [INFO] resLogger - 
*************** response log start ***************
request method: GET
request originalUrl:  /api/groups/list/page/1?token=eyJhbGciOiJIUzI1NiIsInR5cCI6IkpXVCJ9.eyJkYXRhIjp7ImlkIjoiYjk0NjJhZjAtYTNkZi00NTI1LTk5NDEtYWJhNWE5Mjc2MmUzIiwibmFtZSI6ImFkbWluIiwiZ2VuZGVyIjp0cnVlLCJlbWFpbCI6IjM3ODMzODYyN0BxcS5jb20ifSwiaWF0IjoxNTAwODU4MzkxLCJleHAiOjE1MDA5NDQ3OTF9.NHHiM-3wiHAQA0VO310p2C9aTrlysnXsSY834_uFGSw
request client ip:  ::ffff:127.0.0.1
request query:  {"token":"eyJhbGciOiJIUzI1NiIsInR5cCI6IkpXVCJ9.eyJkYXRhIjp7ImlkIjoiYjk0NjJhZjAtYTNkZi00NTI1LTk5NDEtYWJhNWE5Mjc2MmUzIiwibmFtZSI6ImFkbWluIiwiZ2VuZGVyIjp0cnVlLCJlbWFpbCI6IjM3ODMzODYyN0BxcS5jb20ifSwiaWF0IjoxNTAwODU4MzkxLCJleHAiOjE1MDA5NDQ3OTF9.NHHiM-3wiHAQA0VO310p2C9aTrlysnXsSY834_uFGSw"}
response time: 107
response status: 200
response body: 
{"status":0,"data":[{"name":"1","description":"1","status":1,"id":"51d573a5-cc92-494b-a478-b5f0f4e1eb0d","createdAt":1500608544222,"updatedAt":1500608544222,"version":0}],"total":1}
*************** response log end ***************

[2017-07-24 11:06:55.044] [INFO] resLogger - 
*************** response log start ***************
request method: GET
request originalUrl:  /api/user/?token=eyJhbGciOiJIUzI1NiIsInR5cCI6IkpXVCJ9.eyJkYXRhIjp7ImlkIjoiYjk0NjJhZjAtYTNkZi00NTI1LTk5NDEtYWJhNWE5Mjc2MmUzIiwibmFtZSI6ImFkbWluIiwiZ2VuZGVyIjp0cnVlLCJlbWFpbCI6IjM3ODMzODYyN0BxcS5jb20ifSwiaWF0IjoxNTAwODU4MzkxLCJleHAiOjE1MDA5NDQ3OTF9.NHHiM-3wiHAQA0VO310p2C9aTrlysnXsSY834_uFGSw
request client ip:  ::ffff:127.0.0.1
request query:  {"token":"eyJhbGciOiJIUzI1NiIsInR5cCI6IkpXVCJ9.eyJkYXRhIjp7ImlkIjoiYjk0NjJhZjAtYTNkZi00NTI1LTk5NDEtYWJhNWE5Mjc2MmUzIiwibmFtZSI6ImFkbWluIiwiZ2VuZGVyIjp0cnVlLCJlbWFpbCI6IjM3ODMzODYyN0BxcS5jb20ifSwiaWF0IjoxNTAwODU4MzkxLCJleHAiOjE1MDA5NDQ3OTF9.NHHiM-3wiHAQA0VO310p2C9aTrlysnXsSY834_uFGSw"}
response time: 78
response status: 200
response body: 
{"status":0,"data":{"name":"admin","email":"378338627@qq.com","password":"$2a$10$ceQ8BVQBwWAyeejtOZ1UZOlS3thdh3Es1X70vOnqLg9/8cZL38MZW","gender":true,"token":"eyJhbGciOiJIUzI1NiIsInR5cCI6IkpXVCJ9.eyJkYXRhIjp7ImlkIjoiYjk0NjJhZjAtYTNkZi00NTI1LTk5NDEtYWJhNWE5Mjc2MmUzIiwibmFtZSI6ImFkbWluIiwiZ2VuZGVyIjp0cnVlLCJlbWFpbCI6IjM3ODMzODYyN0BxcS5jb20ifSwiaWF0IjoxNTAwODU4MzkxLCJleHAiOjE1MDA5NDQ3OTF9.NHHiM-3wiHAQA0VO310p2C9aTrlysnXsSY834_uFGSw","id":"b9462af0-a3df-4525-9941-aba5a92762e3","createdAt":1500607008557,"updatedAt":1500858391855,"version":10}}
*************** response log end ***************

[2017-07-24 11:06:55.296] [INFO] resLogger - 
*************** response log start ***************
request method: GET
request originalUrl:  /api/groups/list/page/1?token=eyJhbGciOiJIUzI1NiIsInR5cCI6IkpXVCJ9.eyJkYXRhIjp7ImlkIjoiYjk0NjJhZjAtYTNkZi00NTI1LTk5NDEtYWJhNWE5Mjc2MmUzIiwibmFtZSI6ImFkbWluIiwiZ2VuZGVyIjp0cnVlLCJlbWFpbCI6IjM3ODMzODYyN0BxcS5jb20ifSwiaWF0IjoxNTAwODU4MzkxLCJleHAiOjE1MDA5NDQ3OTF9.NHHiM-3wiHAQA0VO310p2C9aTrlysnXsSY834_uFGSw
request client ip:  ::ffff:127.0.0.1
request query:  {"token":"eyJhbGciOiJIUzI1NiIsInR5cCI6IkpXVCJ9.eyJkYXRhIjp7ImlkIjoiYjk0NjJhZjAtYTNkZi00NTI1LTk5NDEtYWJhNWE5Mjc2MmUzIiwibmFtZSI6ImFkbWluIiwiZ2VuZGVyIjp0cnVlLCJlbWFpbCI6IjM3ODMzODYyN0BxcS5jb20ifSwiaWF0IjoxNTAwODU4MzkxLCJleHAiOjE1MDA5NDQ3OTF9.NHHiM-3wiHAQA0VO310p2C9aTrlysnXsSY834_uFGSw"}
response time: 115
response status: 200
response body: 
{"status":0,"data":[{"name":"1","description":"1","status":1,"id":"51d573a5-cc92-494b-a478-b5f0f4e1eb0d","createdAt":1500608544222,"updatedAt":1500608544222,"version":0}],"total":1}
*************** response log end ***************

[2017-07-24 11:09:20.735] [INFO] resLogger - 
*************** response log start ***************
request method: GET
request originalUrl:  /api/user/?token=eyJhbGciOiJIUzI1NiIsInR5cCI6IkpXVCJ9.eyJkYXRhIjp7ImlkIjoiYjk0NjJhZjAtYTNkZi00NTI1LTk5NDEtYWJhNWE5Mjc2MmUzIiwibmFtZSI6ImFkbWluIiwiZ2VuZGVyIjp0cnVlLCJlbWFpbCI6IjM3ODMzODYyN0BxcS5jb20ifSwiaWF0IjoxNTAwODU4MzkxLCJleHAiOjE1MDA5NDQ3OTF9.NHHiM-3wiHAQA0VO310p2C9aTrlysnXsSY834_uFGSw
request client ip:  ::ffff:127.0.0.1
request query:  {"token":"eyJhbGciOiJIUzI1NiIsInR5cCI6IkpXVCJ9.eyJkYXRhIjp7ImlkIjoiYjk0NjJhZjAtYTNkZi00NTI1LTk5NDEtYWJhNWE5Mjc2MmUzIiwibmFtZSI6ImFkbWluIiwiZ2VuZGVyIjp0cnVlLCJlbWFpbCI6IjM3ODMzODYyN0BxcS5jb20ifSwiaWF0IjoxNTAwODU4MzkxLCJleHAiOjE1MDA5NDQ3OTF9.NHHiM-3wiHAQA0VO310p2C9aTrlysnXsSY834_uFGSw"}
response time: 103
response status: 200
response body: 
{"status":0,"data":{"name":"admin","email":"378338627@qq.com","password":"$2a$10$ceQ8BVQBwWAyeejtOZ1UZOlS3thdh3Es1X70vOnqLg9/8cZL38MZW","gender":true,"token":"eyJhbGciOiJIUzI1NiIsInR5cCI6IkpXVCJ9.eyJkYXRhIjp7ImlkIjoiYjk0NjJhZjAtYTNkZi00NTI1LTk5NDEtYWJhNWE5Mjc2MmUzIiwibmFtZSI6ImFkbWluIiwiZ2VuZGVyIjp0cnVlLCJlbWFpbCI6IjM3ODMzODYyN0BxcS5jb20ifSwiaWF0IjoxNTAwODU4MzkxLCJleHAiOjE1MDA5NDQ3OTF9.NHHiM-3wiHAQA0VO310p2C9aTrlysnXsSY834_uFGSw","id":"b9462af0-a3df-4525-9941-aba5a92762e3","createdAt":1500607008557,"updatedAt":1500858391855,"version":10}}
*************** response log end ***************

[2017-07-24 11:09:21.049] [INFO] resLogger - 
*************** response log start ***************
request method: GET
request originalUrl:  /api/groups/list/page/1?token=eyJhbGciOiJIUzI1NiIsInR5cCI6IkpXVCJ9.eyJkYXRhIjp7ImlkIjoiYjk0NjJhZjAtYTNkZi00NTI1LTk5NDEtYWJhNWE5Mjc2MmUzIiwibmFtZSI6ImFkbWluIiwiZ2VuZGVyIjp0cnVlLCJlbWFpbCI6IjM3ODMzODYyN0BxcS5jb20ifSwiaWF0IjoxNTAwODU4MzkxLCJleHAiOjE1MDA5NDQ3OTF9.NHHiM-3wiHAQA0VO310p2C9aTrlysnXsSY834_uFGSw
request client ip:  ::ffff:127.0.0.1
request query:  {"token":"eyJhbGciOiJIUzI1NiIsInR5cCI6IkpXVCJ9.eyJkYXRhIjp7ImlkIjoiYjk0NjJhZjAtYTNkZi00NTI1LTk5NDEtYWJhNWE5Mjc2MmUzIiwibmFtZSI6ImFkbWluIiwiZ2VuZGVyIjp0cnVlLCJlbWFpbCI6IjM3ODMzODYyN0BxcS5jb20ifSwiaWF0IjoxNTAwODU4MzkxLCJleHAiOjE1MDA5NDQ3OTF9.NHHiM-3wiHAQA0VO310p2C9aTrlysnXsSY834_uFGSw"}
response time: 102
response status: 200
response body: 
{"status":0,"data":[{"name":"1","description":"1","status":1,"id":"51d573a5-cc92-494b-a478-b5f0f4e1eb0d","createdAt":1500608544222,"updatedAt":1500608544222,"version":0}],"total":1}
*************** response log end ***************

[2017-07-24 11:09:54.744] [INFO] resLogger - 
*************** response log start ***************
request method: GET
request originalUrl:  /api/user/?token=eyJhbGciOiJIUzI1NiIsInR5cCI6IkpXVCJ9.eyJkYXRhIjp7ImlkIjoiYjk0NjJhZjAtYTNkZi00NTI1LTk5NDEtYWJhNWE5Mjc2MmUzIiwibmFtZSI6ImFkbWluIiwiZ2VuZGVyIjp0cnVlLCJlbWFpbCI6IjM3ODMzODYyN0BxcS5jb20ifSwiaWF0IjoxNTAwODU4MzkxLCJleHAiOjE1MDA5NDQ3OTF9.NHHiM-3wiHAQA0VO310p2C9aTrlysnXsSY834_uFGSw
request client ip:  ::ffff:127.0.0.1
request query:  {"token":"eyJhbGciOiJIUzI1NiIsInR5cCI6IkpXVCJ9.eyJkYXRhIjp7ImlkIjoiYjk0NjJhZjAtYTNkZi00NTI1LTk5NDEtYWJhNWE5Mjc2MmUzIiwibmFtZSI6ImFkbWluIiwiZ2VuZGVyIjp0cnVlLCJlbWFpbCI6IjM3ODMzODYyN0BxcS5jb20ifSwiaWF0IjoxNTAwODU4MzkxLCJleHAiOjE1MDA5NDQ3OTF9.NHHiM-3wiHAQA0VO310p2C9aTrlysnXsSY834_uFGSw"}
response time: 99
response status: 200
response body: 
{"status":0,"data":{"name":"admin","email":"378338627@qq.com","password":"$2a$10$ceQ8BVQBwWAyeejtOZ1UZOlS3thdh3Es1X70vOnqLg9/8cZL38MZW","gender":true,"token":"eyJhbGciOiJIUzI1NiIsInR5cCI6IkpXVCJ9.eyJkYXRhIjp7ImlkIjoiYjk0NjJhZjAtYTNkZi00NTI1LTk5NDEtYWJhNWE5Mjc2MmUzIiwibmFtZSI6ImFkbWluIiwiZ2VuZGVyIjp0cnVlLCJlbWFpbCI6IjM3ODMzODYyN0BxcS5jb20ifSwiaWF0IjoxNTAwODU4MzkxLCJleHAiOjE1MDA5NDQ3OTF9.NHHiM-3wiHAQA0VO310p2C9aTrlysnXsSY834_uFGSw","id":"b9462af0-a3df-4525-9941-aba5a92762e3","createdAt":1500607008557,"updatedAt":1500858391855,"version":10}}
*************** response log end ***************

[2017-07-24 11:09:55.175] [INFO] resLogger - 
*************** response log start ***************
request method: GET
request originalUrl:  /api/groups/list/page/1?token=eyJhbGciOiJIUzI1NiIsInR5cCI6IkpXVCJ9.eyJkYXRhIjp7ImlkIjoiYjk0NjJhZjAtYTNkZi00NTI1LTk5NDEtYWJhNWE5Mjc2MmUzIiwibmFtZSI6ImFkbWluIiwiZ2VuZGVyIjp0cnVlLCJlbWFpbCI6IjM3ODMzODYyN0BxcS5jb20ifSwiaWF0IjoxNTAwODU4MzkxLCJleHAiOjE1MDA5NDQ3OTF9.NHHiM-3wiHAQA0VO310p2C9aTrlysnXsSY834_uFGSw
request client ip:  ::ffff:127.0.0.1
request query:  {"token":"eyJhbGciOiJIUzI1NiIsInR5cCI6IkpXVCJ9.eyJkYXRhIjp7ImlkIjoiYjk0NjJhZjAtYTNkZi00NTI1LTk5NDEtYWJhNWE5Mjc2MmUzIiwibmFtZSI6ImFkbWluIiwiZ2VuZGVyIjp0cnVlLCJlbWFpbCI6IjM3ODMzODYyN0BxcS5jb20ifSwiaWF0IjoxNTAwODU4MzkxLCJleHAiOjE1MDA5NDQ3OTF9.NHHiM-3wiHAQA0VO310p2C9aTrlysnXsSY834_uFGSw"}
response time: 107
response status: 200
response body: 
{"status":0,"data":[{"name":"1","description":"1","status":1,"id":"51d573a5-cc92-494b-a478-b5f0f4e1eb0d","createdAt":1500608544222,"updatedAt":1500608544222,"version":0}],"total":1}
*************** response log end ***************

[2017-07-24 11:26:01.447] [INFO] resLogger - 
*************** response log start ***************
request method: GET
request originalUrl:  /api/user/?token=eyJhbGciOiJIUzI1NiIsInR5cCI6IkpXVCJ9.eyJkYXRhIjp7ImlkIjoiYjk0NjJhZjAtYTNkZi00NTI1LTk5NDEtYWJhNWE5Mjc2MmUzIiwibmFtZSI6ImFkbWluIiwiZ2VuZGVyIjp0cnVlLCJlbWFpbCI6IjM3ODMzODYyN0BxcS5jb20ifSwiaWF0IjoxNTAwODU4MzkxLCJleHAiOjE1MDA5NDQ3OTF9.NHHiM-3wiHAQA0VO310p2C9aTrlysnXsSY834_uFGSw
request client ip:  ::ffff:127.0.0.1
request query:  {"token":"eyJhbGciOiJIUzI1NiIsInR5cCI6IkpXVCJ9.eyJkYXRhIjp7ImlkIjoiYjk0NjJhZjAtYTNkZi00NTI1LTk5NDEtYWJhNWE5Mjc2MmUzIiwibmFtZSI6ImFkbWluIiwiZ2VuZGVyIjp0cnVlLCJlbWFpbCI6IjM3ODMzODYyN0BxcS5jb20ifSwiaWF0IjoxNTAwODU4MzkxLCJleHAiOjE1MDA5NDQ3OTF9.NHHiM-3wiHAQA0VO310p2C9aTrlysnXsSY834_uFGSw"}
response time: 129
response status: 200
response body: 
{"status":0,"data":{"name":"admin","email":"378338627@qq.com","password":"$2a$10$ceQ8BVQBwWAyeejtOZ1UZOlS3thdh3Es1X70vOnqLg9/8cZL38MZW","gender":true,"token":"eyJhbGciOiJIUzI1NiIsInR5cCI6IkpXVCJ9.eyJkYXRhIjp7ImlkIjoiYjk0NjJhZjAtYTNkZi00NTI1LTk5NDEtYWJhNWE5Mjc2MmUzIiwibmFtZSI6ImFkbWluIiwiZ2VuZGVyIjp0cnVlLCJlbWFpbCI6IjM3ODMzODYyN0BxcS5jb20ifSwiaWF0IjoxNTAwODU4MzkxLCJleHAiOjE1MDA5NDQ3OTF9.NHHiM-3wiHAQA0VO310p2C9aTrlysnXsSY834_uFGSw","id":"b9462af0-a3df-4525-9941-aba5a92762e3","createdAt":1500607008557,"updatedAt":1500858391855,"version":10}}
*************** response log end ***************

[2017-07-24 11:26:01.611] [INFO] resLogger - 
*************** response log start ***************
request method: GET
request originalUrl:  /api/groups/list/page/1?token=eyJhbGciOiJIUzI1NiIsInR5cCI6IkpXVCJ9.eyJkYXRhIjp7ImlkIjoiYjk0NjJhZjAtYTNkZi00NTI1LTk5NDEtYWJhNWE5Mjc2MmUzIiwibmFtZSI6ImFkbWluIiwiZ2VuZGVyIjp0cnVlLCJlbWFpbCI6IjM3ODMzODYyN0BxcS5jb20ifSwiaWF0IjoxNTAwODU4MzkxLCJleHAiOjE1MDA5NDQ3OTF9.NHHiM-3wiHAQA0VO310p2C9aTrlysnXsSY834_uFGSw
request client ip:  ::ffff:127.0.0.1
request query:  {"token":"eyJhbGciOiJIUzI1NiIsInR5cCI6IkpXVCJ9.eyJkYXRhIjp7ImlkIjoiYjk0NjJhZjAtYTNkZi00NTI1LTk5NDEtYWJhNWE5Mjc2MmUzIiwibmFtZSI6ImFkbWluIiwiZ2VuZGVyIjp0cnVlLCJlbWFpbCI6IjM3ODMzODYyN0BxcS5jb20ifSwiaWF0IjoxNTAwODU4MzkxLCJleHAiOjE1MDA5NDQ3OTF9.NHHiM-3wiHAQA0VO310p2C9aTrlysnXsSY834_uFGSw"}
response time: 89
response status: 200
response body: 
{"status":0,"data":[{"name":"1","description":"1","status":1,"id":"51d573a5-cc92-494b-a478-b5f0f4e1eb0d","createdAt":1500608544222,"updatedAt":1500608544222,"version":0}],"total":1}
*************** response log end ***************

[2017-07-24 11:26:16.599] [INFO] resLogger - 
*************** response log start ***************
request method: GET
request originalUrl:  /api/user/?token=eyJhbGciOiJIUzI1NiIsInR5cCI6IkpXVCJ9.eyJkYXRhIjp7ImlkIjoiYjk0NjJhZjAtYTNkZi00NTI1LTk5NDEtYWJhNWE5Mjc2MmUzIiwibmFtZSI6ImFkbWluIiwiZ2VuZGVyIjp0cnVlLCJlbWFpbCI6IjM3ODMzODYyN0BxcS5jb20ifSwiaWF0IjoxNTAwODU4MzkxLCJleHAiOjE1MDA5NDQ3OTF9.NHHiM-3wiHAQA0VO310p2C9aTrlysnXsSY834_uFGSw
request client ip:  ::ffff:127.0.0.1
request query:  {"token":"eyJhbGciOiJIUzI1NiIsInR5cCI6IkpXVCJ9.eyJkYXRhIjp7ImlkIjoiYjk0NjJhZjAtYTNkZi00NTI1LTk5NDEtYWJhNWE5Mjc2MmUzIiwibmFtZSI6ImFkbWluIiwiZ2VuZGVyIjp0cnVlLCJlbWFpbCI6IjM3ODMzODYyN0BxcS5jb20ifSwiaWF0IjoxNTAwODU4MzkxLCJleHAiOjE1MDA5NDQ3OTF9.NHHiM-3wiHAQA0VO310p2C9aTrlysnXsSY834_uFGSw"}
response time: 66
response status: 200
response body: 
{"status":0,"data":{"name":"admin","email":"378338627@qq.com","password":"$2a$10$ceQ8BVQBwWAyeejtOZ1UZOlS3thdh3Es1X70vOnqLg9/8cZL38MZW","gender":true,"token":"eyJhbGciOiJIUzI1NiIsInR5cCI6IkpXVCJ9.eyJkYXRhIjp7ImlkIjoiYjk0NjJhZjAtYTNkZi00NTI1LTk5NDEtYWJhNWE5Mjc2MmUzIiwibmFtZSI6ImFkbWluIiwiZ2VuZGVyIjp0cnVlLCJlbWFpbCI6IjM3ODMzODYyN0BxcS5jb20ifSwiaWF0IjoxNTAwODU4MzkxLCJleHAiOjE1MDA5NDQ3OTF9.NHHiM-3wiHAQA0VO310p2C9aTrlysnXsSY834_uFGSw","id":"b9462af0-a3df-4525-9941-aba5a92762e3","createdAt":1500607008557,"updatedAt":1500858391855,"version":10}}
*************** response log end ***************

[2017-07-24 11:26:16.777] [INFO] resLogger - 
*************** response log start ***************
request method: GET
request originalUrl:  /api/groups/list/page/1?token=eyJhbGciOiJIUzI1NiIsInR5cCI6IkpXVCJ9.eyJkYXRhIjp7ImlkIjoiYjk0NjJhZjAtYTNkZi00NTI1LTk5NDEtYWJhNWE5Mjc2MmUzIiwibmFtZSI6ImFkbWluIiwiZ2VuZGVyIjp0cnVlLCJlbWFpbCI6IjM3ODMzODYyN0BxcS5jb20ifSwiaWF0IjoxNTAwODU4MzkxLCJleHAiOjE1MDA5NDQ3OTF9.NHHiM-3wiHAQA0VO310p2C9aTrlysnXsSY834_uFGSw
request client ip:  ::ffff:127.0.0.1
request query:  {"token":"eyJhbGciOiJIUzI1NiIsInR5cCI6IkpXVCJ9.eyJkYXRhIjp7ImlkIjoiYjk0NjJhZjAtYTNkZi00NTI1LTk5NDEtYWJhNWE5Mjc2MmUzIiwibmFtZSI6ImFkbWluIiwiZ2VuZGVyIjp0cnVlLCJlbWFpbCI6IjM3ODMzODYyN0BxcS5jb20ifSwiaWF0IjoxNTAwODU4MzkxLCJleHAiOjE1MDA5NDQ3OTF9.NHHiM-3wiHAQA0VO310p2C9aTrlysnXsSY834_uFGSw"}
response time: 89
response status: 200
response body: 
{"status":0,"data":[{"name":"1","description":"1","status":1,"id":"51d573a5-cc92-494b-a478-b5f0f4e1eb0d","createdAt":1500608544222,"updatedAt":1500608544222,"version":0}],"total":1}
*************** response log end ***************

[2017-07-24 11:26:32.129] [INFO] resLogger - 
*************** response log start ***************
request method: GET
request originalUrl:  /api/user/?token=eyJhbGciOiJIUzI1NiIsInR5cCI6IkpXVCJ9.eyJkYXRhIjp7ImlkIjoiYjk0NjJhZjAtYTNkZi00NTI1LTk5NDEtYWJhNWE5Mjc2MmUzIiwibmFtZSI6ImFkbWluIiwiZ2VuZGVyIjp0cnVlLCJlbWFpbCI6IjM3ODMzODYyN0BxcS5jb20ifSwiaWF0IjoxNTAwODU4MzkxLCJleHAiOjE1MDA5NDQ3OTF9.NHHiM-3wiHAQA0VO310p2C9aTrlysnXsSY834_uFGSw
request client ip:  ::ffff:127.0.0.1
request query:  {"token":"eyJhbGciOiJIUzI1NiIsInR5cCI6IkpXVCJ9.eyJkYXRhIjp7ImlkIjoiYjk0NjJhZjAtYTNkZi00NTI1LTk5NDEtYWJhNWE5Mjc2MmUzIiwibmFtZSI6ImFkbWluIiwiZ2VuZGVyIjp0cnVlLCJlbWFpbCI6IjM3ODMzODYyN0BxcS5jb20ifSwiaWF0IjoxNTAwODU4MzkxLCJleHAiOjE1MDA5NDQ3OTF9.NHHiM-3wiHAQA0VO310p2C9aTrlysnXsSY834_uFGSw"}
response time: 63
response status: 200
response body: 
{"status":0,"data":{"name":"admin","email":"378338627@qq.com","password":"$2a$10$ceQ8BVQBwWAyeejtOZ1UZOlS3thdh3Es1X70vOnqLg9/8cZL38MZW","gender":true,"token":"eyJhbGciOiJIUzI1NiIsInR5cCI6IkpXVCJ9.eyJkYXRhIjp7ImlkIjoiYjk0NjJhZjAtYTNkZi00NTI1LTk5NDEtYWJhNWE5Mjc2MmUzIiwibmFtZSI6ImFkbWluIiwiZ2VuZGVyIjp0cnVlLCJlbWFpbCI6IjM3ODMzODYyN0BxcS5jb20ifSwiaWF0IjoxNTAwODU4MzkxLCJleHAiOjE1MDA5NDQ3OTF9.NHHiM-3wiHAQA0VO310p2C9aTrlysnXsSY834_uFGSw","id":"b9462af0-a3df-4525-9941-aba5a92762e3","createdAt":1500607008557,"updatedAt":1500858391855,"version":10}}
*************** response log end ***************

[2017-07-24 11:26:32.348] [INFO] resLogger - 
*************** response log start ***************
request method: GET
request originalUrl:  /api/groups/list/page/1?token=eyJhbGciOiJIUzI1NiIsInR5cCI6IkpXVCJ9.eyJkYXRhIjp7ImlkIjoiYjk0NjJhZjAtYTNkZi00NTI1LTk5NDEtYWJhNWE5Mjc2MmUzIiwibmFtZSI6ImFkbWluIiwiZ2VuZGVyIjp0cnVlLCJlbWFpbCI6IjM3ODMzODYyN0BxcS5jb20ifSwiaWF0IjoxNTAwODU4MzkxLCJleHAiOjE1MDA5NDQ3OTF9.NHHiM-3wiHAQA0VO310p2C9aTrlysnXsSY834_uFGSw
request client ip:  ::ffff:127.0.0.1
request query:  {"token":"eyJhbGciOiJIUzI1NiIsInR5cCI6IkpXVCJ9.eyJkYXRhIjp7ImlkIjoiYjk0NjJhZjAtYTNkZi00NTI1LTk5NDEtYWJhNWE5Mjc2MmUzIiwibmFtZSI6ImFkbWluIiwiZ2VuZGVyIjp0cnVlLCJlbWFpbCI6IjM3ODMzODYyN0BxcS5jb20ifSwiaWF0IjoxNTAwODU4MzkxLCJleHAiOjE1MDA5NDQ3OTF9.NHHiM-3wiHAQA0VO310p2C9aTrlysnXsSY834_uFGSw"}
response time: 106
response status: 200
response body: 
{"status":0,"data":[{"name":"1","description":"1","status":1,"id":"51d573a5-cc92-494b-a478-b5f0f4e1eb0d","createdAt":1500608544222,"updatedAt":1500608544222,"version":0}],"total":1}
*************** response log end ***************

[2017-07-24 11:27:06.389] [INFO] resLogger - 
*************** response log start ***************
request method: GET
request originalUrl:  /api/user/?token=eyJhbGciOiJIUzI1NiIsInR5cCI6IkpXVCJ9.eyJkYXRhIjp7ImlkIjoiYjk0NjJhZjAtYTNkZi00NTI1LTk5NDEtYWJhNWE5Mjc2MmUzIiwibmFtZSI6ImFkbWluIiwiZ2VuZGVyIjp0cnVlLCJlbWFpbCI6IjM3ODMzODYyN0BxcS5jb20ifSwiaWF0IjoxNTAwODU4MzkxLCJleHAiOjE1MDA5NDQ3OTF9.NHHiM-3wiHAQA0VO310p2C9aTrlysnXsSY834_uFGSw
request client ip:  ::ffff:127.0.0.1
request query:  {"token":"eyJhbGciOiJIUzI1NiIsInR5cCI6IkpXVCJ9.eyJkYXRhIjp7ImlkIjoiYjk0NjJhZjAtYTNkZi00NTI1LTk5NDEtYWJhNWE5Mjc2MmUzIiwibmFtZSI6ImFkbWluIiwiZ2VuZGVyIjp0cnVlLCJlbWFpbCI6IjM3ODMzODYyN0BxcS5jb20ifSwiaWF0IjoxNTAwODU4MzkxLCJleHAiOjE1MDA5NDQ3OTF9.NHHiM-3wiHAQA0VO310p2C9aTrlysnXsSY834_uFGSw"}
response time: 129
response status: 200
response body: 
{"status":0,"data":{"name":"admin","email":"378338627@qq.com","password":"$2a$10$ceQ8BVQBwWAyeejtOZ1UZOlS3thdh3Es1X70vOnqLg9/8cZL38MZW","gender":true,"token":"eyJhbGciOiJIUzI1NiIsInR5cCI6IkpXVCJ9.eyJkYXRhIjp7ImlkIjoiYjk0NjJhZjAtYTNkZi00NTI1LTk5NDEtYWJhNWE5Mjc2MmUzIiwibmFtZSI6ImFkbWluIiwiZ2VuZGVyIjp0cnVlLCJlbWFpbCI6IjM3ODMzODYyN0BxcS5jb20ifSwiaWF0IjoxNTAwODU4MzkxLCJleHAiOjE1MDA5NDQ3OTF9.NHHiM-3wiHAQA0VO310p2C9aTrlysnXsSY834_uFGSw","id":"b9462af0-a3df-4525-9941-aba5a92762e3","createdAt":1500607008557,"updatedAt":1500858391855,"version":10}}
*************** response log end ***************

[2017-07-24 11:27:06.558] [INFO] resLogger - 
*************** response log start ***************
request method: GET
request originalUrl:  /api/groups/list/page/1?token=eyJhbGciOiJIUzI1NiIsInR5cCI6IkpXVCJ9.eyJkYXRhIjp7ImlkIjoiYjk0NjJhZjAtYTNkZi00NTI1LTk5NDEtYWJhNWE5Mjc2MmUzIiwibmFtZSI6ImFkbWluIiwiZ2VuZGVyIjp0cnVlLCJlbWFpbCI6IjM3ODMzODYyN0BxcS5jb20ifSwiaWF0IjoxNTAwODU4MzkxLCJleHAiOjE1MDA5NDQ3OTF9.NHHiM-3wiHAQA0VO310p2C9aTrlysnXsSY834_uFGSw
request client ip:  ::ffff:127.0.0.1
request query:  {"token":"eyJhbGciOiJIUzI1NiIsInR5cCI6IkpXVCJ9.eyJkYXRhIjp7ImlkIjoiYjk0NjJhZjAtYTNkZi00NTI1LTk5NDEtYWJhNWE5Mjc2MmUzIiwibmFtZSI6ImFkbWluIiwiZ2VuZGVyIjp0cnVlLCJlbWFpbCI6IjM3ODMzODYyN0BxcS5jb20ifSwiaWF0IjoxNTAwODU4MzkxLCJleHAiOjE1MDA5NDQ3OTF9.NHHiM-3wiHAQA0VO310p2C9aTrlysnXsSY834_uFGSw"}
response time: 80
response status: 200
response body: 
{"status":0,"data":[{"name":"1","description":"1","status":1,"id":"51d573a5-cc92-494b-a478-b5f0f4e1eb0d","createdAt":1500608544222,"updatedAt":1500608544222,"version":0}],"total":1}
*************** response log end ***************

[2017-07-24 11:27:25.803] [INFO] resLogger - 
*************** response log start ***************
request method: GET
request originalUrl:  /api/user/?token=eyJhbGciOiJIUzI1NiIsInR5cCI6IkpXVCJ9.eyJkYXRhIjp7ImlkIjoiYjk0NjJhZjAtYTNkZi00NTI1LTk5NDEtYWJhNWE5Mjc2MmUzIiwibmFtZSI6ImFkbWluIiwiZ2VuZGVyIjp0cnVlLCJlbWFpbCI6IjM3ODMzODYyN0BxcS5jb20ifSwiaWF0IjoxNTAwODU4MzkxLCJleHAiOjE1MDA5NDQ3OTF9.NHHiM-3wiHAQA0VO310p2C9aTrlysnXsSY834_uFGSw
request client ip:  ::ffff:127.0.0.1
request query:  {"token":"eyJhbGciOiJIUzI1NiIsInR5cCI6IkpXVCJ9.eyJkYXRhIjp7ImlkIjoiYjk0NjJhZjAtYTNkZi00NTI1LTk5NDEtYWJhNWE5Mjc2MmUzIiwibmFtZSI6ImFkbWluIiwiZ2VuZGVyIjp0cnVlLCJlbWFpbCI6IjM3ODMzODYyN0BxcS5jb20ifSwiaWF0IjoxNTAwODU4MzkxLCJleHAiOjE1MDA5NDQ3OTF9.NHHiM-3wiHAQA0VO310p2C9aTrlysnXsSY834_uFGSw"}
response time: 150
response status: 200
response body: 
{"status":0,"data":{"name":"admin","email":"378338627@qq.com","password":"$2a$10$ceQ8BVQBwWAyeejtOZ1UZOlS3thdh3Es1X70vOnqLg9/8cZL38MZW","gender":true,"token":"eyJhbGciOiJIUzI1NiIsInR5cCI6IkpXVCJ9.eyJkYXRhIjp7ImlkIjoiYjk0NjJhZjAtYTNkZi00NTI1LTk5NDEtYWJhNWE5Mjc2MmUzIiwibmFtZSI6ImFkbWluIiwiZ2VuZGVyIjp0cnVlLCJlbWFpbCI6IjM3ODMzODYyN0BxcS5jb20ifSwiaWF0IjoxNTAwODU4MzkxLCJleHAiOjE1MDA5NDQ3OTF9.NHHiM-3wiHAQA0VO310p2C9aTrlysnXsSY834_uFGSw","id":"b9462af0-a3df-4525-9941-aba5a92762e3","createdAt":1500607008557,"updatedAt":1500858391855,"version":10}}
*************** response log end ***************

[2017-07-24 11:27:26.194] [INFO] resLogger - 
*************** response log start ***************
request method: GET
request originalUrl:  /api/groups/list/page/1?token=eyJhbGciOiJIUzI1NiIsInR5cCI6IkpXVCJ9.eyJkYXRhIjp7ImlkIjoiYjk0NjJhZjAtYTNkZi00NTI1LTk5NDEtYWJhNWE5Mjc2MmUzIiwibmFtZSI6ImFkbWluIiwiZ2VuZGVyIjp0cnVlLCJlbWFpbCI6IjM3ODMzODYyN0BxcS5jb20ifSwiaWF0IjoxNTAwODU4MzkxLCJleHAiOjE1MDA5NDQ3OTF9.NHHiM-3wiHAQA0VO310p2C9aTrlysnXsSY834_uFGSw
request client ip:  ::ffff:127.0.0.1
request query:  {"token":"eyJhbGciOiJIUzI1NiIsInR5cCI6IkpXVCJ9.eyJkYXRhIjp7ImlkIjoiYjk0NjJhZjAtYTNkZi00NTI1LTk5NDEtYWJhNWE5Mjc2MmUzIiwibmFtZSI6ImFkbWluIiwiZ2VuZGVyIjp0cnVlLCJlbWFpbCI6IjM3ODMzODYyN0BxcS5jb20ifSwiaWF0IjoxNTAwODU4MzkxLCJleHAiOjE1MDA5NDQ3OTF9.NHHiM-3wiHAQA0VO310p2C9aTrlysnXsSY834_uFGSw"}
response time: 232
response status: 200
response body: 
{"status":0,"data":[{"name":"1","description":"1","status":1,"id":"51d573a5-cc92-494b-a478-b5f0f4e1eb0d","createdAt":1500608544222,"updatedAt":1500608544222,"version":0}],"total":1}
*************** response log end ***************

[2017-07-24 11:27:46.243] [INFO] resLogger - 
*************** response log start ***************
request method: GET
request originalUrl:  /api/user/?token=eyJhbGciOiJIUzI1NiIsInR5cCI6IkpXVCJ9.eyJkYXRhIjp7ImlkIjoiYjk0NjJhZjAtYTNkZi00NTI1LTk5NDEtYWJhNWE5Mjc2MmUzIiwibmFtZSI6ImFkbWluIiwiZ2VuZGVyIjp0cnVlLCJlbWFpbCI6IjM3ODMzODYyN0BxcS5jb20ifSwiaWF0IjoxNTAwODU4MzkxLCJleHAiOjE1MDA5NDQ3OTF9.NHHiM-3wiHAQA0VO310p2C9aTrlysnXsSY834_uFGSw
request client ip:  ::ffff:127.0.0.1
request query:  {"token":"eyJhbGciOiJIUzI1NiIsInR5cCI6IkpXVCJ9.eyJkYXRhIjp7ImlkIjoiYjk0NjJhZjAtYTNkZi00NTI1LTk5NDEtYWJhNWE5Mjc2MmUzIiwibmFtZSI6ImFkbWluIiwiZ2VuZGVyIjp0cnVlLCJlbWFpbCI6IjM3ODMzODYyN0BxcS5jb20ifSwiaWF0IjoxNTAwODU4MzkxLCJleHAiOjE1MDA5NDQ3OTF9.NHHiM-3wiHAQA0VO310p2C9aTrlysnXsSY834_uFGSw"}
response time: 84
response status: 200
response body: 
{"status":0,"data":{"name":"admin","email":"378338627@qq.com","password":"$2a$10$ceQ8BVQBwWAyeejtOZ1UZOlS3thdh3Es1X70vOnqLg9/8cZL38MZW","gender":true,"token":"eyJhbGciOiJIUzI1NiIsInR5cCI6IkpXVCJ9.eyJkYXRhIjp7ImlkIjoiYjk0NjJhZjAtYTNkZi00NTI1LTk5NDEtYWJhNWE5Mjc2MmUzIiwibmFtZSI6ImFkbWluIiwiZ2VuZGVyIjp0cnVlLCJlbWFpbCI6IjM3ODMzODYyN0BxcS5jb20ifSwiaWF0IjoxNTAwODU4MzkxLCJleHAiOjE1MDA5NDQ3OTF9.NHHiM-3wiHAQA0VO310p2C9aTrlysnXsSY834_uFGSw","id":"b9462af0-a3df-4525-9941-aba5a92762e3","createdAt":1500607008557,"updatedAt":1500858391855,"version":10}}
*************** response log end ***************

[2017-07-24 11:27:46.442] [INFO] resLogger - 
*************** response log start ***************
request method: GET
request originalUrl:  /api/groups/list/page/1?token=eyJhbGciOiJIUzI1NiIsInR5cCI6IkpXVCJ9.eyJkYXRhIjp7ImlkIjoiYjk0NjJhZjAtYTNkZi00NTI1LTk5NDEtYWJhNWE5Mjc2MmUzIiwibmFtZSI6ImFkbWluIiwiZ2VuZGVyIjp0cnVlLCJlbWFpbCI6IjM3ODMzODYyN0BxcS5jb20ifSwiaWF0IjoxNTAwODU4MzkxLCJleHAiOjE1MDA5NDQ3OTF9.NHHiM-3wiHAQA0VO310p2C9aTrlysnXsSY834_uFGSw
request client ip:  ::ffff:127.0.0.1
request query:  {"token":"eyJhbGciOiJIUzI1NiIsInR5cCI6IkpXVCJ9.eyJkYXRhIjp7ImlkIjoiYjk0NjJhZjAtYTNkZi00NTI1LTk5NDEtYWJhNWE5Mjc2MmUzIiwibmFtZSI6ImFkbWluIiwiZ2VuZGVyIjp0cnVlLCJlbWFpbCI6IjM3ODMzODYyN0BxcS5jb20ifSwiaWF0IjoxNTAwODU4MzkxLCJleHAiOjE1MDA5NDQ3OTF9.NHHiM-3wiHAQA0VO310p2C9aTrlysnXsSY834_uFGSw"}
response time: 74
response status: 200
response body: 
{"status":0,"data":[{"name":"1","description":"1","status":1,"id":"51d573a5-cc92-494b-a478-b5f0f4e1eb0d","createdAt":1500608544222,"updatedAt":1500608544222,"version":0}],"total":1}
*************** response log end ***************

[2017-07-24 11:28:03.455] [INFO] resLogger - 
*************** response log start ***************
request method: GET
request originalUrl:  /api/user/?token=eyJhbGciOiJIUzI1NiIsInR5cCI6IkpXVCJ9.eyJkYXRhIjp7ImlkIjoiYjk0NjJhZjAtYTNkZi00NTI1LTk5NDEtYWJhNWE5Mjc2MmUzIiwibmFtZSI6ImFkbWluIiwiZ2VuZGVyIjp0cnVlLCJlbWFpbCI6IjM3ODMzODYyN0BxcS5jb20ifSwiaWF0IjoxNTAwODU4MzkxLCJleHAiOjE1MDA5NDQ3OTF9.NHHiM-3wiHAQA0VO310p2C9aTrlysnXsSY834_uFGSw
request client ip:  ::ffff:127.0.0.1
request query:  {"token":"eyJhbGciOiJIUzI1NiIsInR5cCI6IkpXVCJ9.eyJkYXRhIjp7ImlkIjoiYjk0NjJhZjAtYTNkZi00NTI1LTk5NDEtYWJhNWE5Mjc2MmUzIiwibmFtZSI6ImFkbWluIiwiZ2VuZGVyIjp0cnVlLCJlbWFpbCI6IjM3ODMzODYyN0BxcS5jb20ifSwiaWF0IjoxNTAwODU4MzkxLCJleHAiOjE1MDA5NDQ3OTF9.NHHiM-3wiHAQA0VO310p2C9aTrlysnXsSY834_uFGSw"}
response time: 97
response status: 200
response body: 
{"status":0,"data":{"name":"admin","email":"378338627@qq.com","password":"$2a$10$ceQ8BVQBwWAyeejtOZ1UZOlS3thdh3Es1X70vOnqLg9/8cZL38MZW","gender":true,"token":"eyJhbGciOiJIUzI1NiIsInR5cCI6IkpXVCJ9.eyJkYXRhIjp7ImlkIjoiYjk0NjJhZjAtYTNkZi00NTI1LTk5NDEtYWJhNWE5Mjc2MmUzIiwibmFtZSI6ImFkbWluIiwiZ2VuZGVyIjp0cnVlLCJlbWFpbCI6IjM3ODMzODYyN0BxcS5jb20ifSwiaWF0IjoxNTAwODU4MzkxLCJleHAiOjE1MDA5NDQ3OTF9.NHHiM-3wiHAQA0VO310p2C9aTrlysnXsSY834_uFGSw","id":"b9462af0-a3df-4525-9941-aba5a92762e3","createdAt":1500607008557,"updatedAt":1500858391855,"version":10}}
*************** response log end ***************

[2017-07-24 11:28:03.659] [INFO] resLogger - 
*************** response log start ***************
request method: GET
request originalUrl:  /api/groups/list/page/1?token=eyJhbGciOiJIUzI1NiIsInR5cCI6IkpXVCJ9.eyJkYXRhIjp7ImlkIjoiYjk0NjJhZjAtYTNkZi00NTI1LTk5NDEtYWJhNWE5Mjc2MmUzIiwibmFtZSI6ImFkbWluIiwiZ2VuZGVyIjp0cnVlLCJlbWFpbCI6IjM3ODMzODYyN0BxcS5jb20ifSwiaWF0IjoxNTAwODU4MzkxLCJleHAiOjE1MDA5NDQ3OTF9.NHHiM-3wiHAQA0VO310p2C9aTrlysnXsSY834_uFGSw
request client ip:  ::ffff:127.0.0.1
request query:  {"token":"eyJhbGciOiJIUzI1NiIsInR5cCI6IkpXVCJ9.eyJkYXRhIjp7ImlkIjoiYjk0NjJhZjAtYTNkZi00NTI1LTk5NDEtYWJhNWE5Mjc2MmUzIiwibmFtZSI6ImFkbWluIiwiZ2VuZGVyIjp0cnVlLCJlbWFpbCI6IjM3ODMzODYyN0BxcS5jb20ifSwiaWF0IjoxNTAwODU4MzkxLCJleHAiOjE1MDA5NDQ3OTF9.NHHiM-3wiHAQA0VO310p2C9aTrlysnXsSY834_uFGSw"}
response time: 104
response status: 200
response body: 
{"status":0,"data":[{"name":"1","description":"1","status":1,"id":"51d573a5-cc92-494b-a478-b5f0f4e1eb0d","createdAt":1500608544222,"updatedAt":1500608544222,"version":0}],"total":1}
*************** response log end ***************

[2017-07-24 11:28:29.598] [INFO] resLogger - 
*************** response log start ***************
request method: GET
request originalUrl:  /api/user/?token=eyJhbGciOiJIUzI1NiIsInR5cCI6IkpXVCJ9.eyJkYXRhIjp7ImlkIjoiYjk0NjJhZjAtYTNkZi00NTI1LTk5NDEtYWJhNWE5Mjc2MmUzIiwibmFtZSI6ImFkbWluIiwiZ2VuZGVyIjp0cnVlLCJlbWFpbCI6IjM3ODMzODYyN0BxcS5jb20ifSwiaWF0IjoxNTAwODU4MzkxLCJleHAiOjE1MDA5NDQ3OTF9.NHHiM-3wiHAQA0VO310p2C9aTrlysnXsSY834_uFGSw
request client ip:  ::ffff:127.0.0.1
request query:  {"token":"eyJhbGciOiJIUzI1NiIsInR5cCI6IkpXVCJ9.eyJkYXRhIjp7ImlkIjoiYjk0NjJhZjAtYTNkZi00NTI1LTk5NDEtYWJhNWE5Mjc2MmUzIiwibmFtZSI6ImFkbWluIiwiZ2VuZGVyIjp0cnVlLCJlbWFpbCI6IjM3ODMzODYyN0BxcS5jb20ifSwiaWF0IjoxNTAwODU4MzkxLCJleHAiOjE1MDA5NDQ3OTF9.NHHiM-3wiHAQA0VO310p2C9aTrlysnXsSY834_uFGSw"}
response time: 81
response status: 200
response body: 
{"status":0,"data":{"name":"admin","email":"378338627@qq.com","password":"$2a$10$ceQ8BVQBwWAyeejtOZ1UZOlS3thdh3Es1X70vOnqLg9/8cZL38MZW","gender":true,"token":"eyJhbGciOiJIUzI1NiIsInR5cCI6IkpXVCJ9.eyJkYXRhIjp7ImlkIjoiYjk0NjJhZjAtYTNkZi00NTI1LTk5NDEtYWJhNWE5Mjc2MmUzIiwibmFtZSI6ImFkbWluIiwiZ2VuZGVyIjp0cnVlLCJlbWFpbCI6IjM3ODMzODYyN0BxcS5jb20ifSwiaWF0IjoxNTAwODU4MzkxLCJleHAiOjE1MDA5NDQ3OTF9.NHHiM-3wiHAQA0VO310p2C9aTrlysnXsSY834_uFGSw","id":"b9462af0-a3df-4525-9941-aba5a92762e3","createdAt":1500607008557,"updatedAt":1500858391855,"version":10}}
*************** response log end ***************

[2017-07-24 11:28:29.875] [INFO] resLogger - 
*************** response log start ***************
request method: GET
request originalUrl:  /api/groups/list/page/1?token=eyJhbGciOiJIUzI1NiIsInR5cCI6IkpXVCJ9.eyJkYXRhIjp7ImlkIjoiYjk0NjJhZjAtYTNkZi00NTI1LTk5NDEtYWJhNWE5Mjc2MmUzIiwibmFtZSI6ImFkbWluIiwiZ2VuZGVyIjp0cnVlLCJlbWFpbCI6IjM3ODMzODYyN0BxcS5jb20ifSwiaWF0IjoxNTAwODU4MzkxLCJleHAiOjE1MDA5NDQ3OTF9.NHHiM-3wiHAQA0VO310p2C9aTrlysnXsSY834_uFGSw
request client ip:  ::ffff:127.0.0.1
request query:  {"token":"eyJhbGciOiJIUzI1NiIsInR5cCI6IkpXVCJ9.eyJkYXRhIjp7ImlkIjoiYjk0NjJhZjAtYTNkZi00NTI1LTk5NDEtYWJhNWE5Mjc2MmUzIiwibmFtZSI6ImFkbWluIiwiZ2VuZGVyIjp0cnVlLCJlbWFpbCI6IjM3ODMzODYyN0BxcS5jb20ifSwiaWF0IjoxNTAwODU4MzkxLCJleHAiOjE1MDA5NDQ3OTF9.NHHiM-3wiHAQA0VO310p2C9aTrlysnXsSY834_uFGSw"}
response time: 92
response status: 200
response body: 
{"status":0,"data":[{"name":"1","description":"1","status":1,"id":"51d573a5-cc92-494b-a478-b5f0f4e1eb0d","createdAt":1500608544222,"updatedAt":1500608544222,"version":0}],"total":1}
*************** response log end ***************

[2017-07-24 11:29:11.661] [INFO] resLogger - 
*************** response log start ***************
request method: GET
request originalUrl:  /api/user/?token=eyJhbGciOiJIUzI1NiIsInR5cCI6IkpXVCJ9.eyJkYXRhIjp7ImlkIjoiYjk0NjJhZjAtYTNkZi00NTI1LTk5NDEtYWJhNWE5Mjc2MmUzIiwibmFtZSI6ImFkbWluIiwiZ2VuZGVyIjp0cnVlLCJlbWFpbCI6IjM3ODMzODYyN0BxcS5jb20ifSwiaWF0IjoxNTAwODU4MzkxLCJleHAiOjE1MDA5NDQ3OTF9.NHHiM-3wiHAQA0VO310p2C9aTrlysnXsSY834_uFGSw
request client ip:  ::ffff:127.0.0.1
request query:  {"token":"eyJhbGciOiJIUzI1NiIsInR5cCI6IkpXVCJ9.eyJkYXRhIjp7ImlkIjoiYjk0NjJhZjAtYTNkZi00NTI1LTk5NDEtYWJhNWE5Mjc2MmUzIiwibmFtZSI6ImFkbWluIiwiZ2VuZGVyIjp0cnVlLCJlbWFpbCI6IjM3ODMzODYyN0BxcS5jb20ifSwiaWF0IjoxNTAwODU4MzkxLCJleHAiOjE1MDA5NDQ3OTF9.NHHiM-3wiHAQA0VO310p2C9aTrlysnXsSY834_uFGSw"}
response time: 101
response status: 200
response body: 
{"status":0,"data":{"name":"admin","email":"378338627@qq.com","password":"$2a$10$ceQ8BVQBwWAyeejtOZ1UZOlS3thdh3Es1X70vOnqLg9/8cZL38MZW","gender":true,"token":"eyJhbGciOiJIUzI1NiIsInR5cCI6IkpXVCJ9.eyJkYXRhIjp7ImlkIjoiYjk0NjJhZjAtYTNkZi00NTI1LTk5NDEtYWJhNWE5Mjc2MmUzIiwibmFtZSI6ImFkbWluIiwiZ2VuZGVyIjp0cnVlLCJlbWFpbCI6IjM3ODMzODYyN0BxcS5jb20ifSwiaWF0IjoxNTAwODU4MzkxLCJleHAiOjE1MDA5NDQ3OTF9.NHHiM-3wiHAQA0VO310p2C9aTrlysnXsSY834_uFGSw","id":"b9462af0-a3df-4525-9941-aba5a92762e3","createdAt":1500607008557,"updatedAt":1500858391855,"version":10}}
*************** response log end ***************

[2017-07-24 11:29:11.922] [INFO] resLogger - 
*************** response log start ***************
request method: GET
request originalUrl:  /api/groups/list/page/1?token=eyJhbGciOiJIUzI1NiIsInR5cCI6IkpXVCJ9.eyJkYXRhIjp7ImlkIjoiYjk0NjJhZjAtYTNkZi00NTI1LTk5NDEtYWJhNWE5Mjc2MmUzIiwibmFtZSI6ImFkbWluIiwiZ2VuZGVyIjp0cnVlLCJlbWFpbCI6IjM3ODMzODYyN0BxcS5jb20ifSwiaWF0IjoxNTAwODU4MzkxLCJleHAiOjE1MDA5NDQ3OTF9.NHHiM-3wiHAQA0VO310p2C9aTrlysnXsSY834_uFGSw
request client ip:  ::ffff:127.0.0.1
request query:  {"token":"eyJhbGciOiJIUzI1NiIsInR5cCI6IkpXVCJ9.eyJkYXRhIjp7ImlkIjoiYjk0NjJhZjAtYTNkZi00NTI1LTk5NDEtYWJhNWE5Mjc2MmUzIiwibmFtZSI6ImFkbWluIiwiZ2VuZGVyIjp0cnVlLCJlbWFpbCI6IjM3ODMzODYyN0BxcS5jb20ifSwiaWF0IjoxNTAwODU4MzkxLCJleHAiOjE1MDA5NDQ3OTF9.NHHiM-3wiHAQA0VO310p2C9aTrlysnXsSY834_uFGSw"}
response time: 100
response status: 200
response body: 
{"status":0,"data":[{"name":"1","description":"1","status":1,"id":"51d573a5-cc92-494b-a478-b5f0f4e1eb0d","createdAt":1500608544222,"updatedAt":1500608544222,"version":0}],"total":1}
*************** response log end ***************

[2017-07-24 11:37:37.198] [INFO] resLogger - 
*************** response log start ***************
request method: GET
request originalUrl:  /api/user/?token=eyJhbGciOiJIUzI1NiIsInR5cCI6IkpXVCJ9.eyJkYXRhIjp7ImlkIjoiYjk0NjJhZjAtYTNkZi00NTI1LTk5NDEtYWJhNWE5Mjc2MmUzIiwibmFtZSI6ImFkbWluIiwiZ2VuZGVyIjp0cnVlLCJlbWFpbCI6IjM3ODMzODYyN0BxcS5jb20ifSwiaWF0IjoxNTAwODU4MzkxLCJleHAiOjE1MDA5NDQ3OTF9.NHHiM-3wiHAQA0VO310p2C9aTrlysnXsSY834_uFGSw
request client ip:  ::ffff:127.0.0.1
request query:  {"token":"eyJhbGciOiJIUzI1NiIsInR5cCI6IkpXVCJ9.eyJkYXRhIjp7ImlkIjoiYjk0NjJhZjAtYTNkZi00NTI1LTk5NDEtYWJhNWE5Mjc2MmUzIiwibmFtZSI6ImFkbWluIiwiZ2VuZGVyIjp0cnVlLCJlbWFpbCI6IjM3ODMzODYyN0BxcS5jb20ifSwiaWF0IjoxNTAwODU4MzkxLCJleHAiOjE1MDA5NDQ3OTF9.NHHiM-3wiHAQA0VO310p2C9aTrlysnXsSY834_uFGSw"}
response time: 96
response status: 200
response body: 
{"status":0,"data":{"name":"admin","email":"378338627@qq.com","password":"$2a$10$ceQ8BVQBwWAyeejtOZ1UZOlS3thdh3Es1X70vOnqLg9/8cZL38MZW","gender":true,"token":"eyJhbGciOiJIUzI1NiIsInR5cCI6IkpXVCJ9.eyJkYXRhIjp7ImlkIjoiYjk0NjJhZjAtYTNkZi00NTI1LTk5NDEtYWJhNWE5Mjc2MmUzIiwibmFtZSI6ImFkbWluIiwiZ2VuZGVyIjp0cnVlLCJlbWFpbCI6IjM3ODMzODYyN0BxcS5jb20ifSwiaWF0IjoxNTAwODU4MzkxLCJleHAiOjE1MDA5NDQ3OTF9.NHHiM-3wiHAQA0VO310p2C9aTrlysnXsSY834_uFGSw","id":"b9462af0-a3df-4525-9941-aba5a92762e3","createdAt":1500607008557,"updatedAt":1500858391855,"version":10}}
*************** response log end ***************

[2017-07-24 11:37:37.372] [INFO] resLogger - 
*************** response log start ***************
request method: GET
request originalUrl:  /api/groups/list/page/1?token=eyJhbGciOiJIUzI1NiIsInR5cCI6IkpXVCJ9.eyJkYXRhIjp7ImlkIjoiYjk0NjJhZjAtYTNkZi00NTI1LTk5NDEtYWJhNWE5Mjc2MmUzIiwibmFtZSI6ImFkbWluIiwiZ2VuZGVyIjp0cnVlLCJlbWFpbCI6IjM3ODMzODYyN0BxcS5jb20ifSwiaWF0IjoxNTAwODU4MzkxLCJleHAiOjE1MDA5NDQ3OTF9.NHHiM-3wiHAQA0VO310p2C9aTrlysnXsSY834_uFGSw
request client ip:  ::ffff:127.0.0.1
request query:  {"token":"eyJhbGciOiJIUzI1NiIsInR5cCI6IkpXVCJ9.eyJkYXRhIjp7ImlkIjoiYjk0NjJhZjAtYTNkZi00NTI1LTk5NDEtYWJhNWE5Mjc2MmUzIiwibmFtZSI6ImFkbWluIiwiZ2VuZGVyIjp0cnVlLCJlbWFpbCI6IjM3ODMzODYyN0BxcS5jb20ifSwiaWF0IjoxNTAwODU4MzkxLCJleHAiOjE1MDA5NDQ3OTF9.NHHiM-3wiHAQA0VO310p2C9aTrlysnXsSY834_uFGSw"}
response time: 84
response status: 200
response body: 
{"status":0,"data":[{"name":"1","description":"1","status":1,"id":"51d573a5-cc92-494b-a478-b5f0f4e1eb0d","createdAt":1500608544222,"updatedAt":1500608544222,"version":0}],"total":1}
*************** response log end ***************

[2017-07-24 11:37:46.736] [INFO] resLogger - 
*************** response log start ***************
request method: GET
request originalUrl:  /api/user/?token=eyJhbGciOiJIUzI1NiIsInR5cCI6IkpXVCJ9.eyJkYXRhIjp7ImlkIjoiYjk0NjJhZjAtYTNkZi00NTI1LTk5NDEtYWJhNWE5Mjc2MmUzIiwibmFtZSI6ImFkbWluIiwiZ2VuZGVyIjp0cnVlLCJlbWFpbCI6IjM3ODMzODYyN0BxcS5jb20ifSwiaWF0IjoxNTAwODU4MzkxLCJleHAiOjE1MDA5NDQ3OTF9.NHHiM-3wiHAQA0VO310p2C9aTrlysnXsSY834_uFGSw
request client ip:  ::ffff:127.0.0.1
request query:  {"token":"eyJhbGciOiJIUzI1NiIsInR5cCI6IkpXVCJ9.eyJkYXRhIjp7ImlkIjoiYjk0NjJhZjAtYTNkZi00NTI1LTk5NDEtYWJhNWE5Mjc2MmUzIiwibmFtZSI6ImFkbWluIiwiZ2VuZGVyIjp0cnVlLCJlbWFpbCI6IjM3ODMzODYyN0BxcS5jb20ifSwiaWF0IjoxNTAwODU4MzkxLCJleHAiOjE1MDA5NDQ3OTF9.NHHiM-3wiHAQA0VO310p2C9aTrlysnXsSY834_uFGSw"}
response time: 68
response status: 200
response body: 
{"status":0,"data":{"name":"admin","email":"378338627@qq.com","password":"$2a$10$ceQ8BVQBwWAyeejtOZ1UZOlS3thdh3Es1X70vOnqLg9/8cZL38MZW","gender":true,"token":"eyJhbGciOiJIUzI1NiIsInR5cCI6IkpXVCJ9.eyJkYXRhIjp7ImlkIjoiYjk0NjJhZjAtYTNkZi00NTI1LTk5NDEtYWJhNWE5Mjc2MmUzIiwibmFtZSI6ImFkbWluIiwiZ2VuZGVyIjp0cnVlLCJlbWFpbCI6IjM3ODMzODYyN0BxcS5jb20ifSwiaWF0IjoxNTAwODU4MzkxLCJleHAiOjE1MDA5NDQ3OTF9.NHHiM-3wiHAQA0VO310p2C9aTrlysnXsSY834_uFGSw","id":"b9462af0-a3df-4525-9941-aba5a92762e3","createdAt":1500607008557,"updatedAt":1500858391855,"version":10}}
*************** response log end ***************

[2017-07-24 11:37:46.941] [INFO] resLogger - 
*************** response log start ***************
request method: GET
request originalUrl:  /api/groups/list/page/1?token=eyJhbGciOiJIUzI1NiIsInR5cCI6IkpXVCJ9.eyJkYXRhIjp7ImlkIjoiYjk0NjJhZjAtYTNkZi00NTI1LTk5NDEtYWJhNWE5Mjc2MmUzIiwibmFtZSI6ImFkbWluIiwiZ2VuZGVyIjp0cnVlLCJlbWFpbCI6IjM3ODMzODYyN0BxcS5jb20ifSwiaWF0IjoxNTAwODU4MzkxLCJleHAiOjE1MDA5NDQ3OTF9.NHHiM-3wiHAQA0VO310p2C9aTrlysnXsSY834_uFGSw
request client ip:  ::ffff:127.0.0.1
request query:  {"token":"eyJhbGciOiJIUzI1NiIsInR5cCI6IkpXVCJ9.eyJkYXRhIjp7ImlkIjoiYjk0NjJhZjAtYTNkZi00NTI1LTk5NDEtYWJhNWE5Mjc2MmUzIiwibmFtZSI6ImFkbWluIiwiZ2VuZGVyIjp0cnVlLCJlbWFpbCI6IjM3ODMzODYyN0BxcS5jb20ifSwiaWF0IjoxNTAwODU4MzkxLCJleHAiOjE1MDA5NDQ3OTF9.NHHiM-3wiHAQA0VO310p2C9aTrlysnXsSY834_uFGSw"}
response time: 88
response status: 200
response body: 
{"status":0,"data":[{"name":"1","description":"1","status":1,"id":"51d573a5-cc92-494b-a478-b5f0f4e1eb0d","createdAt":1500608544222,"updatedAt":1500608544222,"version":0}],"total":1}
*************** response log end ***************

[2017-07-24 11:38:20.488] [INFO] resLogger - 
*************** response log start ***************
request method: GET
request originalUrl:  /api/user/?token=eyJhbGciOiJIUzI1NiIsInR5cCI6IkpXVCJ9.eyJkYXRhIjp7ImlkIjoiYjk0NjJhZjAtYTNkZi00NTI1LTk5NDEtYWJhNWE5Mjc2MmUzIiwibmFtZSI6ImFkbWluIiwiZ2VuZGVyIjp0cnVlLCJlbWFpbCI6IjM3ODMzODYyN0BxcS5jb20ifSwiaWF0IjoxNTAwODU4MzkxLCJleHAiOjE1MDA5NDQ3OTF9.NHHiM-3wiHAQA0VO310p2C9aTrlysnXsSY834_uFGSw
request client ip:  ::ffff:127.0.0.1
request query:  {"token":"eyJhbGciOiJIUzI1NiIsInR5cCI6IkpXVCJ9.eyJkYXRhIjp7ImlkIjoiYjk0NjJhZjAtYTNkZi00NTI1LTk5NDEtYWJhNWE5Mjc2MmUzIiwibmFtZSI6ImFkbWluIiwiZ2VuZGVyIjp0cnVlLCJlbWFpbCI6IjM3ODMzODYyN0BxcS5jb20ifSwiaWF0IjoxNTAwODU4MzkxLCJleHAiOjE1MDA5NDQ3OTF9.NHHiM-3wiHAQA0VO310p2C9aTrlysnXsSY834_uFGSw"}
response time: 68
response status: 200
response body: 
{"status":0,"data":{"name":"admin","email":"378338627@qq.com","password":"$2a$10$ceQ8BVQBwWAyeejtOZ1UZOlS3thdh3Es1X70vOnqLg9/8cZL38MZW","gender":true,"token":"eyJhbGciOiJIUzI1NiIsInR5cCI6IkpXVCJ9.eyJkYXRhIjp7ImlkIjoiYjk0NjJhZjAtYTNkZi00NTI1LTk5NDEtYWJhNWE5Mjc2MmUzIiwibmFtZSI6ImFkbWluIiwiZ2VuZGVyIjp0cnVlLCJlbWFpbCI6IjM3ODMzODYyN0BxcS5jb20ifSwiaWF0IjoxNTAwODU4MzkxLCJleHAiOjE1MDA5NDQ3OTF9.NHHiM-3wiHAQA0VO310p2C9aTrlysnXsSY834_uFGSw","id":"b9462af0-a3df-4525-9941-aba5a92762e3","createdAt":1500607008557,"updatedAt":1500858391855,"version":10}}
*************** response log end ***************

[2017-07-24 11:38:20.658] [INFO] resLogger - 
*************** response log start ***************
request method: GET
request originalUrl:  /api/groups/list/page/1?token=eyJhbGciOiJIUzI1NiIsInR5cCI6IkpXVCJ9.eyJkYXRhIjp7ImlkIjoiYjk0NjJhZjAtYTNkZi00NTI1LTk5NDEtYWJhNWE5Mjc2MmUzIiwibmFtZSI6ImFkbWluIiwiZ2VuZGVyIjp0cnVlLCJlbWFpbCI6IjM3ODMzODYyN0BxcS5jb20ifSwiaWF0IjoxNTAwODU4MzkxLCJleHAiOjE1MDA5NDQ3OTF9.NHHiM-3wiHAQA0VO310p2C9aTrlysnXsSY834_uFGSw
request client ip:  ::ffff:127.0.0.1
request query:  {"token":"eyJhbGciOiJIUzI1NiIsInR5cCI6IkpXVCJ9.eyJkYXRhIjp7ImlkIjoiYjk0NjJhZjAtYTNkZi00NTI1LTk5NDEtYWJhNWE5Mjc2MmUzIiwibmFtZSI6ImFkbWluIiwiZ2VuZGVyIjp0cnVlLCJlbWFpbCI6IjM3ODMzODYyN0BxcS5jb20ifSwiaWF0IjoxNTAwODU4MzkxLCJleHAiOjE1MDA5NDQ3OTF9.NHHiM-3wiHAQA0VO310p2C9aTrlysnXsSY834_uFGSw"}
response time: 74
response status: 200
response body: 
{"status":0,"data":[{"name":"1","description":"1","status":1,"id":"51d573a5-cc92-494b-a478-b5f0f4e1eb0d","createdAt":1500608544222,"updatedAt":1500608544222,"version":0}],"total":1}
*************** response log end ***************

[2017-07-24 11:38:47.461] [INFO] resLogger - 
*************** response log start ***************
request method: GET
request originalUrl:  /api/user/?token=eyJhbGciOiJIUzI1NiIsInR5cCI6IkpXVCJ9.eyJkYXRhIjp7ImlkIjoiYjk0NjJhZjAtYTNkZi00NTI1LTk5NDEtYWJhNWE5Mjc2MmUzIiwibmFtZSI6ImFkbWluIiwiZ2VuZGVyIjp0cnVlLCJlbWFpbCI6IjM3ODMzODYyN0BxcS5jb20ifSwiaWF0IjoxNTAwODU4MzkxLCJleHAiOjE1MDA5NDQ3OTF9.NHHiM-3wiHAQA0VO310p2C9aTrlysnXsSY834_uFGSw
request client ip:  ::ffff:127.0.0.1
request query:  {"token":"eyJhbGciOiJIUzI1NiIsInR5cCI6IkpXVCJ9.eyJkYXRhIjp7ImlkIjoiYjk0NjJhZjAtYTNkZi00NTI1LTk5NDEtYWJhNWE5Mjc2MmUzIiwibmFtZSI6ImFkbWluIiwiZ2VuZGVyIjp0cnVlLCJlbWFpbCI6IjM3ODMzODYyN0BxcS5jb20ifSwiaWF0IjoxNTAwODU4MzkxLCJleHAiOjE1MDA5NDQ3OTF9.NHHiM-3wiHAQA0VO310p2C9aTrlysnXsSY834_uFGSw"}
response time: 83
response status: 200
response body: 
{"status":0,"data":{"name":"admin","email":"378338627@qq.com","password":"$2a$10$ceQ8BVQBwWAyeejtOZ1UZOlS3thdh3Es1X70vOnqLg9/8cZL38MZW","gender":true,"token":"eyJhbGciOiJIUzI1NiIsInR5cCI6IkpXVCJ9.eyJkYXRhIjp7ImlkIjoiYjk0NjJhZjAtYTNkZi00NTI1LTk5NDEtYWJhNWE5Mjc2MmUzIiwibmFtZSI6ImFkbWluIiwiZ2VuZGVyIjp0cnVlLCJlbWFpbCI6IjM3ODMzODYyN0BxcS5jb20ifSwiaWF0IjoxNTAwODU4MzkxLCJleHAiOjE1MDA5NDQ3OTF9.NHHiM-3wiHAQA0VO310p2C9aTrlysnXsSY834_uFGSw","id":"b9462af0-a3df-4525-9941-aba5a92762e3","createdAt":1500607008557,"updatedAt":1500858391855,"version":10}}
*************** response log end ***************

[2017-07-24 11:38:47.654] [INFO] resLogger - 
*************** response log start ***************
request method: GET
request originalUrl:  /api/groups/list/page/1?token=eyJhbGciOiJIUzI1NiIsInR5cCI6IkpXVCJ9.eyJkYXRhIjp7ImlkIjoiYjk0NjJhZjAtYTNkZi00NTI1LTk5NDEtYWJhNWE5Mjc2MmUzIiwibmFtZSI6ImFkbWluIiwiZ2VuZGVyIjp0cnVlLCJlbWFpbCI6IjM3ODMzODYyN0BxcS5jb20ifSwiaWF0IjoxNTAwODU4MzkxLCJleHAiOjE1MDA5NDQ3OTF9.NHHiM-3wiHAQA0VO310p2C9aTrlysnXsSY834_uFGSw
request client ip:  ::ffff:127.0.0.1
request query:  {"token":"eyJhbGciOiJIUzI1NiIsInR5cCI6IkpXVCJ9.eyJkYXRhIjp7ImlkIjoiYjk0NjJhZjAtYTNkZi00NTI1LTk5NDEtYWJhNWE5Mjc2MmUzIiwibmFtZSI6ImFkbWluIiwiZ2VuZGVyIjp0cnVlLCJlbWFpbCI6IjM3ODMzODYyN0BxcS5jb20ifSwiaWF0IjoxNTAwODU4MzkxLCJleHAiOjE1MDA5NDQ3OTF9.NHHiM-3wiHAQA0VO310p2C9aTrlysnXsSY834_uFGSw"}
response time: 82
response status: 200
response body: 
{"status":0,"data":[{"name":"1","description":"1","status":1,"id":"51d573a5-cc92-494b-a478-b5f0f4e1eb0d","createdAt":1500608544222,"updatedAt":1500608544222,"version":0}],"total":1}
*************** response log end ***************

[2017-07-24 11:39:00.852] [INFO] resLogger - 
*************** response log start ***************
request method: GET
request originalUrl:  /api/user/?token=eyJhbGciOiJIUzI1NiIsInR5cCI6IkpXVCJ9.eyJkYXRhIjp7ImlkIjoiYjk0NjJhZjAtYTNkZi00NTI1LTk5NDEtYWJhNWE5Mjc2MmUzIiwibmFtZSI6ImFkbWluIiwiZ2VuZGVyIjp0cnVlLCJlbWFpbCI6IjM3ODMzODYyN0BxcS5jb20ifSwiaWF0IjoxNTAwODU4MzkxLCJleHAiOjE1MDA5NDQ3OTF9.NHHiM-3wiHAQA0VO310p2C9aTrlysnXsSY834_uFGSw
request client ip:  ::ffff:127.0.0.1
request query:  {"token":"eyJhbGciOiJIUzI1NiIsInR5cCI6IkpXVCJ9.eyJkYXRhIjp7ImlkIjoiYjk0NjJhZjAtYTNkZi00NTI1LTk5NDEtYWJhNWE5Mjc2MmUzIiwibmFtZSI6ImFkbWluIiwiZ2VuZGVyIjp0cnVlLCJlbWFpbCI6IjM3ODMzODYyN0BxcS5jb20ifSwiaWF0IjoxNTAwODU4MzkxLCJleHAiOjE1MDA5NDQ3OTF9.NHHiM-3wiHAQA0VO310p2C9aTrlysnXsSY834_uFGSw"}
response time: 68
response status: 200
response body: 
{"status":0,"data":{"name":"admin","email":"378338627@qq.com","password":"$2a$10$ceQ8BVQBwWAyeejtOZ1UZOlS3thdh3Es1X70vOnqLg9/8cZL38MZW","gender":true,"token":"eyJhbGciOiJIUzI1NiIsInR5cCI6IkpXVCJ9.eyJkYXRhIjp7ImlkIjoiYjk0NjJhZjAtYTNkZi00NTI1LTk5NDEtYWJhNWE5Mjc2MmUzIiwibmFtZSI6ImFkbWluIiwiZ2VuZGVyIjp0cnVlLCJlbWFpbCI6IjM3ODMzODYyN0BxcS5jb20ifSwiaWF0IjoxNTAwODU4MzkxLCJleHAiOjE1MDA5NDQ3OTF9.NHHiM-3wiHAQA0VO310p2C9aTrlysnXsSY834_uFGSw","id":"b9462af0-a3df-4525-9941-aba5a92762e3","createdAt":1500607008557,"updatedAt":1500858391855,"version":10}}
*************** response log end ***************

[2017-07-24 11:39:01.096] [INFO] resLogger - 
*************** response log start ***************
request method: GET
request originalUrl:  /api/groups/list/page/1?token=eyJhbGciOiJIUzI1NiIsInR5cCI6IkpXVCJ9.eyJkYXRhIjp7ImlkIjoiYjk0NjJhZjAtYTNkZi00NTI1LTk5NDEtYWJhNWE5Mjc2MmUzIiwibmFtZSI6ImFkbWluIiwiZ2VuZGVyIjp0cnVlLCJlbWFpbCI6IjM3ODMzODYyN0BxcS5jb20ifSwiaWF0IjoxNTAwODU4MzkxLCJleHAiOjE1MDA5NDQ3OTF9.NHHiM-3wiHAQA0VO310p2C9aTrlysnXsSY834_uFGSw
request client ip:  ::ffff:127.0.0.1
request query:  {"token":"eyJhbGciOiJIUzI1NiIsInR5cCI6IkpXVCJ9.eyJkYXRhIjp7ImlkIjoiYjk0NjJhZjAtYTNkZi00NTI1LTk5NDEtYWJhNWE5Mjc2MmUzIiwibmFtZSI6ImFkbWluIiwiZ2VuZGVyIjp0cnVlLCJlbWFpbCI6IjM3ODMzODYyN0BxcS5jb20ifSwiaWF0IjoxNTAwODU4MzkxLCJleHAiOjE1MDA5NDQ3OTF9.NHHiM-3wiHAQA0VO310p2C9aTrlysnXsSY834_uFGSw"}
response time: 136
response status: 200
response body: 
{"status":0,"data":[{"name":"1","description":"1","status":1,"id":"51d573a5-cc92-494b-a478-b5f0f4e1eb0d","createdAt":1500608544222,"updatedAt":1500608544222,"version":0}],"total":1}
*************** response log end ***************

[2017-07-24 11:39:19.922] [INFO] resLogger - 
*************** response log start ***************
request method: GET
request originalUrl:  /api/user/?token=eyJhbGciOiJIUzI1NiIsInR5cCI6IkpXVCJ9.eyJkYXRhIjp7ImlkIjoiYjk0NjJhZjAtYTNkZi00NTI1LTk5NDEtYWJhNWE5Mjc2MmUzIiwibmFtZSI6ImFkbWluIiwiZ2VuZGVyIjp0cnVlLCJlbWFpbCI6IjM3ODMzODYyN0BxcS5jb20ifSwiaWF0IjoxNTAwODU4MzkxLCJleHAiOjE1MDA5NDQ3OTF9.NHHiM-3wiHAQA0VO310p2C9aTrlysnXsSY834_uFGSw
request client ip:  ::ffff:127.0.0.1
request query:  {"token":"eyJhbGciOiJIUzI1NiIsInR5cCI6IkpXVCJ9.eyJkYXRhIjp7ImlkIjoiYjk0NjJhZjAtYTNkZi00NTI1LTk5NDEtYWJhNWE5Mjc2MmUzIiwibmFtZSI6ImFkbWluIiwiZ2VuZGVyIjp0cnVlLCJlbWFpbCI6IjM3ODMzODYyN0BxcS5jb20ifSwiaWF0IjoxNTAwODU4MzkxLCJleHAiOjE1MDA5NDQ3OTF9.NHHiM-3wiHAQA0VO310p2C9aTrlysnXsSY834_uFGSw"}
response time: 85
response status: 200
response body: 
{"status":0,"data":{"name":"admin","email":"378338627@qq.com","password":"$2a$10$ceQ8BVQBwWAyeejtOZ1UZOlS3thdh3Es1X70vOnqLg9/8cZL38MZW","gender":true,"token":"eyJhbGciOiJIUzI1NiIsInR5cCI6IkpXVCJ9.eyJkYXRhIjp7ImlkIjoiYjk0NjJhZjAtYTNkZi00NTI1LTk5NDEtYWJhNWE5Mjc2MmUzIiwibmFtZSI6ImFkbWluIiwiZ2VuZGVyIjp0cnVlLCJlbWFpbCI6IjM3ODMzODYyN0BxcS5jb20ifSwiaWF0IjoxNTAwODU4MzkxLCJleHAiOjE1MDA5NDQ3OTF9.NHHiM-3wiHAQA0VO310p2C9aTrlysnXsSY834_uFGSw","id":"b9462af0-a3df-4525-9941-aba5a92762e3","createdAt":1500607008557,"updatedAt":1500858391855,"version":10}}
*************** response log end ***************

[2017-07-24 11:39:20.108] [INFO] resLogger - 
*************** response log start ***************
request method: GET
request originalUrl:  /api/groups/list/page/1?token=eyJhbGciOiJIUzI1NiIsInR5cCI6IkpXVCJ9.eyJkYXRhIjp7ImlkIjoiYjk0NjJhZjAtYTNkZi00NTI1LTk5NDEtYWJhNWE5Mjc2MmUzIiwibmFtZSI6ImFkbWluIiwiZ2VuZGVyIjp0cnVlLCJlbWFpbCI6IjM3ODMzODYyN0BxcS5jb20ifSwiaWF0IjoxNTAwODU4MzkxLCJleHAiOjE1MDA5NDQ3OTF9.NHHiM-3wiHAQA0VO310p2C9aTrlysnXsSY834_uFGSw
request client ip:  ::ffff:127.0.0.1
request query:  {"token":"eyJhbGciOiJIUzI1NiIsInR5cCI6IkpXVCJ9.eyJkYXRhIjp7ImlkIjoiYjk0NjJhZjAtYTNkZi00NTI1LTk5NDEtYWJhNWE5Mjc2MmUzIiwibmFtZSI6ImFkbWluIiwiZ2VuZGVyIjp0cnVlLCJlbWFpbCI6IjM3ODMzODYyN0BxcS5jb20ifSwiaWF0IjoxNTAwODU4MzkxLCJleHAiOjE1MDA5NDQ3OTF9.NHHiM-3wiHAQA0VO310p2C9aTrlysnXsSY834_uFGSw"}
response time: 86
response status: 200
response body: 
{"status":0,"data":[{"name":"1","description":"1","status":1,"id":"51d573a5-cc92-494b-a478-b5f0f4e1eb0d","createdAt":1500608544222,"updatedAt":1500608544222,"version":0}],"total":1}
*************** response log end ***************

[2017-07-24 11:39:37.465] [INFO] resLogger - 
*************** response log start ***************
request method: GET
request originalUrl:  /api/user/?token=eyJhbGciOiJIUzI1NiIsInR5cCI6IkpXVCJ9.eyJkYXRhIjp7ImlkIjoiYjk0NjJhZjAtYTNkZi00NTI1LTk5NDEtYWJhNWE5Mjc2MmUzIiwibmFtZSI6ImFkbWluIiwiZ2VuZGVyIjp0cnVlLCJlbWFpbCI6IjM3ODMzODYyN0BxcS5jb20ifSwiaWF0IjoxNTAwODU4MzkxLCJleHAiOjE1MDA5NDQ3OTF9.NHHiM-3wiHAQA0VO310p2C9aTrlysnXsSY834_uFGSw
request client ip:  ::ffff:127.0.0.1
request query:  {"token":"eyJhbGciOiJIUzI1NiIsInR5cCI6IkpXVCJ9.eyJkYXRhIjp7ImlkIjoiYjk0NjJhZjAtYTNkZi00NTI1LTk5NDEtYWJhNWE5Mjc2MmUzIiwibmFtZSI6ImFkbWluIiwiZ2VuZGVyIjp0cnVlLCJlbWFpbCI6IjM3ODMzODYyN0BxcS5jb20ifSwiaWF0IjoxNTAwODU4MzkxLCJleHAiOjE1MDA5NDQ3OTF9.NHHiM-3wiHAQA0VO310p2C9aTrlysnXsSY834_uFGSw"}
response time: 115
response status: 200
response body: 
{"status":0,"data":{"name":"admin","email":"378338627@qq.com","password":"$2a$10$ceQ8BVQBwWAyeejtOZ1UZOlS3thdh3Es1X70vOnqLg9/8cZL38MZW","gender":true,"token":"eyJhbGciOiJIUzI1NiIsInR5cCI6IkpXVCJ9.eyJkYXRhIjp7ImlkIjoiYjk0NjJhZjAtYTNkZi00NTI1LTk5NDEtYWJhNWE5Mjc2MmUzIiwibmFtZSI6ImFkbWluIiwiZ2VuZGVyIjp0cnVlLCJlbWFpbCI6IjM3ODMzODYyN0BxcS5jb20ifSwiaWF0IjoxNTAwODU4MzkxLCJleHAiOjE1MDA5NDQ3OTF9.NHHiM-3wiHAQA0VO310p2C9aTrlysnXsSY834_uFGSw","id":"b9462af0-a3df-4525-9941-aba5a92762e3","createdAt":1500607008557,"updatedAt":1500858391855,"version":10}}
*************** response log end ***************

[2017-07-24 11:39:37.609] [INFO] resLogger - 
*************** response log start ***************
request method: GET
request originalUrl:  /api/groups/list/page/1?token=eyJhbGciOiJIUzI1NiIsInR5cCI6IkpXVCJ9.eyJkYXRhIjp7ImlkIjoiYjk0NjJhZjAtYTNkZi00NTI1LTk5NDEtYWJhNWE5Mjc2MmUzIiwibmFtZSI6ImFkbWluIiwiZ2VuZGVyIjp0cnVlLCJlbWFpbCI6IjM3ODMzODYyN0BxcS5jb20ifSwiaWF0IjoxNTAwODU4MzkxLCJleHAiOjE1MDA5NDQ3OTF9.NHHiM-3wiHAQA0VO310p2C9aTrlysnXsSY834_uFGSw
request client ip:  ::ffff:127.0.0.1
request query:  {"token":"eyJhbGciOiJIUzI1NiIsInR5cCI6IkpXVCJ9.eyJkYXRhIjp7ImlkIjoiYjk0NjJhZjAtYTNkZi00NTI1LTk5NDEtYWJhNWE5Mjc2MmUzIiwibmFtZSI6ImFkbWluIiwiZ2VuZGVyIjp0cnVlLCJlbWFpbCI6IjM3ODMzODYyN0BxcS5jb20ifSwiaWF0IjoxNTAwODU4MzkxLCJleHAiOjE1MDA5NDQ3OTF9.NHHiM-3wiHAQA0VO310p2C9aTrlysnXsSY834_uFGSw"}
response time: 67
response status: 200
response body: 
{"status":0,"data":[{"name":"1","description":"1","status":1,"id":"51d573a5-cc92-494b-a478-b5f0f4e1eb0d","createdAt":1500608544222,"updatedAt":1500608544222,"version":0}],"total":1}
*************** response log end ***************

[2017-07-24 11:39:51.638] [INFO] resLogger - 
*************** response log start ***************
request method: GET
request originalUrl:  /api/user/?token=eyJhbGciOiJIUzI1NiIsInR5cCI6IkpXVCJ9.eyJkYXRhIjp7ImlkIjoiYjk0NjJhZjAtYTNkZi00NTI1LTk5NDEtYWJhNWE5Mjc2MmUzIiwibmFtZSI6ImFkbWluIiwiZ2VuZGVyIjp0cnVlLCJlbWFpbCI6IjM3ODMzODYyN0BxcS5jb20ifSwiaWF0IjoxNTAwODU4MzkxLCJleHAiOjE1MDA5NDQ3OTF9.NHHiM-3wiHAQA0VO310p2C9aTrlysnXsSY834_uFGSw
request client ip:  ::ffff:127.0.0.1
request query:  {"token":"eyJhbGciOiJIUzI1NiIsInR5cCI6IkpXVCJ9.eyJkYXRhIjp7ImlkIjoiYjk0NjJhZjAtYTNkZi00NTI1LTk5NDEtYWJhNWE5Mjc2MmUzIiwibmFtZSI6ImFkbWluIiwiZ2VuZGVyIjp0cnVlLCJlbWFpbCI6IjM3ODMzODYyN0BxcS5jb20ifSwiaWF0IjoxNTAwODU4MzkxLCJleHAiOjE1MDA5NDQ3OTF9.NHHiM-3wiHAQA0VO310p2C9aTrlysnXsSY834_uFGSw"}
response time: 75
response status: 200
response body: 
{"status":0,"data":{"name":"admin","email":"378338627@qq.com","password":"$2a$10$ceQ8BVQBwWAyeejtOZ1UZOlS3thdh3Es1X70vOnqLg9/8cZL38MZW","gender":true,"token":"eyJhbGciOiJIUzI1NiIsInR5cCI6IkpXVCJ9.eyJkYXRhIjp7ImlkIjoiYjk0NjJhZjAtYTNkZi00NTI1LTk5NDEtYWJhNWE5Mjc2MmUzIiwibmFtZSI6ImFkbWluIiwiZ2VuZGVyIjp0cnVlLCJlbWFpbCI6IjM3ODMzODYyN0BxcS5jb20ifSwiaWF0IjoxNTAwODU4MzkxLCJleHAiOjE1MDA5NDQ3OTF9.NHHiM-3wiHAQA0VO310p2C9aTrlysnXsSY834_uFGSw","id":"b9462af0-a3df-4525-9941-aba5a92762e3","createdAt":1500607008557,"updatedAt":1500858391855,"version":10}}
*************** response log end ***************

[2017-07-24 11:39:52.025] [INFO] resLogger - 
*************** response log start ***************
request method: GET
request originalUrl:  /api/groups/list/page/1?token=eyJhbGciOiJIUzI1NiIsInR5cCI6IkpXVCJ9.eyJkYXRhIjp7ImlkIjoiYjk0NjJhZjAtYTNkZi00NTI1LTk5NDEtYWJhNWE5Mjc2MmUzIiwibmFtZSI6ImFkbWluIiwiZ2VuZGVyIjp0cnVlLCJlbWFpbCI6IjM3ODMzODYyN0BxcS5jb20ifSwiaWF0IjoxNTAwODU4MzkxLCJleHAiOjE1MDA5NDQ3OTF9.NHHiM-3wiHAQA0VO310p2C9aTrlysnXsSY834_uFGSw
request client ip:  ::ffff:127.0.0.1
request query:  {"token":"eyJhbGciOiJIUzI1NiIsInR5cCI6IkpXVCJ9.eyJkYXRhIjp7ImlkIjoiYjk0NjJhZjAtYTNkZi00NTI1LTk5NDEtYWJhNWE5Mjc2MmUzIiwibmFtZSI6ImFkbWluIiwiZ2VuZGVyIjp0cnVlLCJlbWFpbCI6IjM3ODMzODYyN0BxcS5jb20ifSwiaWF0IjoxNTAwODU4MzkxLCJleHAiOjE1MDA5NDQ3OTF9.NHHiM-3wiHAQA0VO310p2C9aTrlysnXsSY834_uFGSw"}
response time: 112
response status: 200
response body: 
{"status":0,"data":[{"name":"1","description":"1","status":1,"id":"51d573a5-cc92-494b-a478-b5f0f4e1eb0d","createdAt":1500608544222,"updatedAt":1500608544222,"version":0}],"total":1}
*************** response log end ***************

[2017-07-24 11:39:58.494] [INFO] resLogger - 
*************** response log start ***************
request method: GET
request originalUrl:  /api/user/?token=eyJhbGciOiJIUzI1NiIsInR5cCI6IkpXVCJ9.eyJkYXRhIjp7ImlkIjoiYjk0NjJhZjAtYTNkZi00NTI1LTk5NDEtYWJhNWE5Mjc2MmUzIiwibmFtZSI6ImFkbWluIiwiZ2VuZGVyIjp0cnVlLCJlbWFpbCI6IjM3ODMzODYyN0BxcS5jb20ifSwiaWF0IjoxNTAwODU4MzkxLCJleHAiOjE1MDA5NDQ3OTF9.NHHiM-3wiHAQA0VO310p2C9aTrlysnXsSY834_uFGSw
request client ip:  ::ffff:127.0.0.1
request query:  {"token":"eyJhbGciOiJIUzI1NiIsInR5cCI6IkpXVCJ9.eyJkYXRhIjp7ImlkIjoiYjk0NjJhZjAtYTNkZi00NTI1LTk5NDEtYWJhNWE5Mjc2MmUzIiwibmFtZSI6ImFkbWluIiwiZ2VuZGVyIjp0cnVlLCJlbWFpbCI6IjM3ODMzODYyN0BxcS5jb20ifSwiaWF0IjoxNTAwODU4MzkxLCJleHAiOjE1MDA5NDQ3OTF9.NHHiM-3wiHAQA0VO310p2C9aTrlysnXsSY834_uFGSw"}
response time: 80
response status: 200
response body: 
{"status":0,"data":{"name":"admin","email":"378338627@qq.com","password":"$2a$10$ceQ8BVQBwWAyeejtOZ1UZOlS3thdh3Es1X70vOnqLg9/8cZL38MZW","gender":true,"token":"eyJhbGciOiJIUzI1NiIsInR5cCI6IkpXVCJ9.eyJkYXRhIjp7ImlkIjoiYjk0NjJhZjAtYTNkZi00NTI1LTk5NDEtYWJhNWE5Mjc2MmUzIiwibmFtZSI6ImFkbWluIiwiZ2VuZGVyIjp0cnVlLCJlbWFpbCI6IjM3ODMzODYyN0BxcS5jb20ifSwiaWF0IjoxNTAwODU4MzkxLCJleHAiOjE1MDA5NDQ3OTF9.NHHiM-3wiHAQA0VO310p2C9aTrlysnXsSY834_uFGSw","id":"b9462af0-a3df-4525-9941-aba5a92762e3","createdAt":1500607008557,"updatedAt":1500858391855,"version":10}}
*************** response log end ***************

[2017-07-24 11:39:58.783] [INFO] resLogger - 
*************** response log start ***************
request method: GET
request originalUrl:  /api/groups/list/page/1?token=eyJhbGciOiJIUzI1NiIsInR5cCI6IkpXVCJ9.eyJkYXRhIjp7ImlkIjoiYjk0NjJhZjAtYTNkZi00NTI1LTk5NDEtYWJhNWE5Mjc2MmUzIiwibmFtZSI6ImFkbWluIiwiZ2VuZGVyIjp0cnVlLCJlbWFpbCI6IjM3ODMzODYyN0BxcS5jb20ifSwiaWF0IjoxNTAwODU4MzkxLCJleHAiOjE1MDA5NDQ3OTF9.NHHiM-3wiHAQA0VO310p2C9aTrlysnXsSY834_uFGSw
request client ip:  ::ffff:127.0.0.1
request query:  {"token":"eyJhbGciOiJIUzI1NiIsInR5cCI6IkpXVCJ9.eyJkYXRhIjp7ImlkIjoiYjk0NjJhZjAtYTNkZi00NTI1LTk5NDEtYWJhNWE5Mjc2MmUzIiwibmFtZSI6ImFkbWluIiwiZ2VuZGVyIjp0cnVlLCJlbWFpbCI6IjM3ODMzODYyN0BxcS5jb20ifSwiaWF0IjoxNTAwODU4MzkxLCJleHAiOjE1MDA5NDQ3OTF9.NHHiM-3wiHAQA0VO310p2C9aTrlysnXsSY834_uFGSw"}
response time: 75
response status: 200
response body: 
{"status":0,"data":[{"name":"1","description":"1","status":1,"id":"51d573a5-cc92-494b-a478-b5f0f4e1eb0d","createdAt":1500608544222,"updatedAt":1500608544222,"version":0}],"total":1}
*************** response log end ***************

[2017-07-24 11:44:22.452] [INFO] resLogger - 
*************** response log start ***************
request method: GET
request originalUrl:  /api/user/?token=eyJhbGciOiJIUzI1NiIsInR5cCI6IkpXVCJ9.eyJkYXRhIjp7ImlkIjoiYjk0NjJhZjAtYTNkZi00NTI1LTk5NDEtYWJhNWE5Mjc2MmUzIiwibmFtZSI6ImFkbWluIiwiZ2VuZGVyIjp0cnVlLCJlbWFpbCI6IjM3ODMzODYyN0BxcS5jb20ifSwiaWF0IjoxNTAwODU4MzkxLCJleHAiOjE1MDA5NDQ3OTF9.NHHiM-3wiHAQA0VO310p2C9aTrlysnXsSY834_uFGSw
request client ip:  ::ffff:127.0.0.1
request query:  {"token":"eyJhbGciOiJIUzI1NiIsInR5cCI6IkpXVCJ9.eyJkYXRhIjp7ImlkIjoiYjk0NjJhZjAtYTNkZi00NTI1LTk5NDEtYWJhNWE5Mjc2MmUzIiwibmFtZSI6ImFkbWluIiwiZ2VuZGVyIjp0cnVlLCJlbWFpbCI6IjM3ODMzODYyN0BxcS5jb20ifSwiaWF0IjoxNTAwODU4MzkxLCJleHAiOjE1MDA5NDQ3OTF9.NHHiM-3wiHAQA0VO310p2C9aTrlysnXsSY834_uFGSw"}
response time: 276
response status: 200
response body: 
{"status":0,"data":{"name":"admin","email":"378338627@qq.com","password":"$2a$10$ceQ8BVQBwWAyeejtOZ1UZOlS3thdh3Es1X70vOnqLg9/8cZL38MZW","gender":true,"token":"eyJhbGciOiJIUzI1NiIsInR5cCI6IkpXVCJ9.eyJkYXRhIjp7ImlkIjoiYjk0NjJhZjAtYTNkZi00NTI1LTk5NDEtYWJhNWE5Mjc2MmUzIiwibmFtZSI6ImFkbWluIiwiZ2VuZGVyIjp0cnVlLCJlbWFpbCI6IjM3ODMzODYyN0BxcS5jb20ifSwiaWF0IjoxNTAwODU4MzkxLCJleHAiOjE1MDA5NDQ3OTF9.NHHiM-3wiHAQA0VO310p2C9aTrlysnXsSY834_uFGSw","id":"b9462af0-a3df-4525-9941-aba5a92762e3","createdAt":1500607008557,"updatedAt":1500858391855,"version":10}}
*************** response log end ***************

[2017-07-24 11:44:22.863] [INFO] resLogger - 
*************** response log start ***************
request method: GET
request originalUrl:  /api/groups/list/page/1?token=eyJhbGciOiJIUzI1NiIsInR5cCI6IkpXVCJ9.eyJkYXRhIjp7ImlkIjoiYjk0NjJhZjAtYTNkZi00NTI1LTk5NDEtYWJhNWE5Mjc2MmUzIiwibmFtZSI6ImFkbWluIiwiZ2VuZGVyIjp0cnVlLCJlbWFpbCI6IjM3ODMzODYyN0BxcS5jb20ifSwiaWF0IjoxNTAwODU4MzkxLCJleHAiOjE1MDA5NDQ3OTF9.NHHiM-3wiHAQA0VO310p2C9aTrlysnXsSY834_uFGSw
request client ip:  ::ffff:127.0.0.1
request query:  {"token":"eyJhbGciOiJIUzI1NiIsInR5cCI6IkpXVCJ9.eyJkYXRhIjp7ImlkIjoiYjk0NjJhZjAtYTNkZi00NTI1LTk5NDEtYWJhNWE5Mjc2MmUzIiwibmFtZSI6ImFkbWluIiwiZ2VuZGVyIjp0cnVlLCJlbWFpbCI6IjM3ODMzODYyN0BxcS5jb20ifSwiaWF0IjoxNTAwODU4MzkxLCJleHAiOjE1MDA5NDQ3OTF9.NHHiM-3wiHAQA0VO310p2C9aTrlysnXsSY834_uFGSw"}
response time: 127
response status: 200
response body: 
{"status":0,"data":[{"name":"1","description":"1","status":1,"id":"51d573a5-cc92-494b-a478-b5f0f4e1eb0d","createdAt":1500608544222,"updatedAt":1500608544222,"version":0}],"total":1}
*************** response log end ***************

[2017-07-24 11:45:04.409] [INFO] resLogger - 
*************** response log start ***************
request method: GET
request originalUrl:  /api/user/?token=eyJhbGciOiJIUzI1NiIsInR5cCI6IkpXVCJ9.eyJkYXRhIjp7ImlkIjoiYjk0NjJhZjAtYTNkZi00NTI1LTk5NDEtYWJhNWE5Mjc2MmUzIiwibmFtZSI6ImFkbWluIiwiZ2VuZGVyIjp0cnVlLCJlbWFpbCI6IjM3ODMzODYyN0BxcS5jb20ifSwiaWF0IjoxNTAwODU4MzkxLCJleHAiOjE1MDA5NDQ3OTF9.NHHiM-3wiHAQA0VO310p2C9aTrlysnXsSY834_uFGSw
request client ip:  ::ffff:127.0.0.1
request query:  {"token":"eyJhbGciOiJIUzI1NiIsInR5cCI6IkpXVCJ9.eyJkYXRhIjp7ImlkIjoiYjk0NjJhZjAtYTNkZi00NTI1LTk5NDEtYWJhNWE5Mjc2MmUzIiwibmFtZSI6ImFkbWluIiwiZ2VuZGVyIjp0cnVlLCJlbWFpbCI6IjM3ODMzODYyN0BxcS5jb20ifSwiaWF0IjoxNTAwODU4MzkxLCJleHAiOjE1MDA5NDQ3OTF9.NHHiM-3wiHAQA0VO310p2C9aTrlysnXsSY834_uFGSw"}
response time: 103
response status: 200
response body: 
{"status":0,"data":{"name":"admin","email":"378338627@qq.com","password":"$2a$10$ceQ8BVQBwWAyeejtOZ1UZOlS3thdh3Es1X70vOnqLg9/8cZL38MZW","gender":true,"token":"eyJhbGciOiJIUzI1NiIsInR5cCI6IkpXVCJ9.eyJkYXRhIjp7ImlkIjoiYjk0NjJhZjAtYTNkZi00NTI1LTk5NDEtYWJhNWE5Mjc2MmUzIiwibmFtZSI6ImFkbWluIiwiZ2VuZGVyIjp0cnVlLCJlbWFpbCI6IjM3ODMzODYyN0BxcS5jb20ifSwiaWF0IjoxNTAwODU4MzkxLCJleHAiOjE1MDA5NDQ3OTF9.NHHiM-3wiHAQA0VO310p2C9aTrlysnXsSY834_uFGSw","id":"b9462af0-a3df-4525-9941-aba5a92762e3","createdAt":1500607008557,"updatedAt":1500858391855,"version":10}}
*************** response log end ***************

[2017-07-24 11:45:04.633] [INFO] resLogger - 
*************** response log start ***************
request method: GET
request originalUrl:  /api/groups/list/page/1?token=eyJhbGciOiJIUzI1NiIsInR5cCI6IkpXVCJ9.eyJkYXRhIjp7ImlkIjoiYjk0NjJhZjAtYTNkZi00NTI1LTk5NDEtYWJhNWE5Mjc2MmUzIiwibmFtZSI6ImFkbWluIiwiZ2VuZGVyIjp0cnVlLCJlbWFpbCI6IjM3ODMzODYyN0BxcS5jb20ifSwiaWF0IjoxNTAwODU4MzkxLCJleHAiOjE1MDA5NDQ3OTF9.NHHiM-3wiHAQA0VO310p2C9aTrlysnXsSY834_uFGSw
request client ip:  ::ffff:127.0.0.1
request query:  {"token":"eyJhbGciOiJIUzI1NiIsInR5cCI6IkpXVCJ9.eyJkYXRhIjp7ImlkIjoiYjk0NjJhZjAtYTNkZi00NTI1LTk5NDEtYWJhNWE5Mjc2MmUzIiwibmFtZSI6ImFkbWluIiwiZ2VuZGVyIjp0cnVlLCJlbWFpbCI6IjM3ODMzODYyN0BxcS5jb20ifSwiaWF0IjoxNTAwODU4MzkxLCJleHAiOjE1MDA5NDQ3OTF9.NHHiM-3wiHAQA0VO310p2C9aTrlysnXsSY834_uFGSw"}
response time: 136
response status: 200
response body: 
{"status":0,"data":[{"name":"1","description":"1","status":1,"id":"51d573a5-cc92-494b-a478-b5f0f4e1eb0d","createdAt":1500608544222,"updatedAt":1500608544222,"version":0}],"total":1}
*************** response log end ***************

[2017-07-24 11:45:37.371] [INFO] resLogger - 
*************** response log start ***************
request method: GET
request originalUrl:  /api/user/?token=eyJhbGciOiJIUzI1NiIsInR5cCI6IkpXVCJ9.eyJkYXRhIjp7ImlkIjoiYjk0NjJhZjAtYTNkZi00NTI1LTk5NDEtYWJhNWE5Mjc2MmUzIiwibmFtZSI6ImFkbWluIiwiZ2VuZGVyIjp0cnVlLCJlbWFpbCI6IjM3ODMzODYyN0BxcS5jb20ifSwiaWF0IjoxNTAwODU4MzkxLCJleHAiOjE1MDA5NDQ3OTF9.NHHiM-3wiHAQA0VO310p2C9aTrlysnXsSY834_uFGSw
request client ip:  ::ffff:127.0.0.1
request query:  {"token":"eyJhbGciOiJIUzI1NiIsInR5cCI6IkpXVCJ9.eyJkYXRhIjp7ImlkIjoiYjk0NjJhZjAtYTNkZi00NTI1LTk5NDEtYWJhNWE5Mjc2MmUzIiwibmFtZSI6ImFkbWluIiwiZ2VuZGVyIjp0cnVlLCJlbWFpbCI6IjM3ODMzODYyN0BxcS5jb20ifSwiaWF0IjoxNTAwODU4MzkxLCJleHAiOjE1MDA5NDQ3OTF9.NHHiM-3wiHAQA0VO310p2C9aTrlysnXsSY834_uFGSw"}
response time: 109
response status: 200
response body: 
{"status":0,"data":{"name":"admin","email":"378338627@qq.com","password":"$2a$10$ceQ8BVQBwWAyeejtOZ1UZOlS3thdh3Es1X70vOnqLg9/8cZL38MZW","gender":true,"token":"eyJhbGciOiJIUzI1NiIsInR5cCI6IkpXVCJ9.eyJkYXRhIjp7ImlkIjoiYjk0NjJhZjAtYTNkZi00NTI1LTk5NDEtYWJhNWE5Mjc2MmUzIiwibmFtZSI6ImFkbWluIiwiZ2VuZGVyIjp0cnVlLCJlbWFpbCI6IjM3ODMzODYyN0BxcS5jb20ifSwiaWF0IjoxNTAwODU4MzkxLCJleHAiOjE1MDA5NDQ3OTF9.NHHiM-3wiHAQA0VO310p2C9aTrlysnXsSY834_uFGSw","id":"b9462af0-a3df-4525-9941-aba5a92762e3","createdAt":1500607008557,"updatedAt":1500858391855,"version":10}}
*************** response log end ***************

[2017-07-24 11:45:37.620] [INFO] resLogger - 
*************** response log start ***************
request method: GET
request originalUrl:  /api/groups/list/page/1?token=eyJhbGciOiJIUzI1NiIsInR5cCI6IkpXVCJ9.eyJkYXRhIjp7ImlkIjoiYjk0NjJhZjAtYTNkZi00NTI1LTk5NDEtYWJhNWE5Mjc2MmUzIiwibmFtZSI6ImFkbWluIiwiZ2VuZGVyIjp0cnVlLCJlbWFpbCI6IjM3ODMzODYyN0BxcS5jb20ifSwiaWF0IjoxNTAwODU4MzkxLCJleHAiOjE1MDA5NDQ3OTF9.NHHiM-3wiHAQA0VO310p2C9aTrlysnXsSY834_uFGSw
request client ip:  ::ffff:127.0.0.1
request query:  {"token":"eyJhbGciOiJIUzI1NiIsInR5cCI6IkpXVCJ9.eyJkYXRhIjp7ImlkIjoiYjk0NjJhZjAtYTNkZi00NTI1LTk5NDEtYWJhNWE5Mjc2MmUzIiwibmFtZSI6ImFkbWluIiwiZ2VuZGVyIjp0cnVlLCJlbWFpbCI6IjM3ODMzODYyN0BxcS5jb20ifSwiaWF0IjoxNTAwODU4MzkxLCJleHAiOjE1MDA5NDQ3OTF9.NHHiM-3wiHAQA0VO310p2C9aTrlysnXsSY834_uFGSw"}
response time: 108
response status: 200
response body: 
{"status":0,"data":[{"name":"1","description":"1","status":1,"id":"51d573a5-cc92-494b-a478-b5f0f4e1eb0d","createdAt":1500608544222,"updatedAt":1500608544222,"version":0}],"total":1}
*************** response log end ***************

[2017-07-24 11:46:24.489] [INFO] resLogger - 
*************** response log start ***************
request method: GET
request originalUrl:  /api/user/?token=eyJhbGciOiJIUzI1NiIsInR5cCI6IkpXVCJ9.eyJkYXRhIjp7ImlkIjoiYjk0NjJhZjAtYTNkZi00NTI1LTk5NDEtYWJhNWE5Mjc2MmUzIiwibmFtZSI6ImFkbWluIiwiZ2VuZGVyIjp0cnVlLCJlbWFpbCI6IjM3ODMzODYyN0BxcS5jb20ifSwiaWF0IjoxNTAwODU4MzkxLCJleHAiOjE1MDA5NDQ3OTF9.NHHiM-3wiHAQA0VO310p2C9aTrlysnXsSY834_uFGSw
request client ip:  ::ffff:127.0.0.1
request query:  {"token":"eyJhbGciOiJIUzI1NiIsInR5cCI6IkpXVCJ9.eyJkYXRhIjp7ImlkIjoiYjk0NjJhZjAtYTNkZi00NTI1LTk5NDEtYWJhNWE5Mjc2MmUzIiwibmFtZSI6ImFkbWluIiwiZ2VuZGVyIjp0cnVlLCJlbWFpbCI6IjM3ODMzODYyN0BxcS5jb20ifSwiaWF0IjoxNTAwODU4MzkxLCJleHAiOjE1MDA5NDQ3OTF9.NHHiM-3wiHAQA0VO310p2C9aTrlysnXsSY834_uFGSw"}
response time: 101
response status: 200
response body: 
{"status":0,"data":{"name":"admin","email":"378338627@qq.com","password":"$2a$10$ceQ8BVQBwWAyeejtOZ1UZOlS3thdh3Es1X70vOnqLg9/8cZL38MZW","gender":true,"token":"eyJhbGciOiJIUzI1NiIsInR5cCI6IkpXVCJ9.eyJkYXRhIjp7ImlkIjoiYjk0NjJhZjAtYTNkZi00NTI1LTk5NDEtYWJhNWE5Mjc2MmUzIiwibmFtZSI6ImFkbWluIiwiZ2VuZGVyIjp0cnVlLCJlbWFpbCI6IjM3ODMzODYyN0BxcS5jb20ifSwiaWF0IjoxNTAwODU4MzkxLCJleHAiOjE1MDA5NDQ3OTF9.NHHiM-3wiHAQA0VO310p2C9aTrlysnXsSY834_uFGSw","id":"b9462af0-a3df-4525-9941-aba5a92762e3","createdAt":1500607008557,"updatedAt":1500858391855,"version":10}}
*************** response log end ***************

[2017-07-24 11:46:24.674] [INFO] resLogger - 
*************** response log start ***************
request method: GET
request originalUrl:  /api/groups/list/page/1?token=eyJhbGciOiJIUzI1NiIsInR5cCI6IkpXVCJ9.eyJkYXRhIjp7ImlkIjoiYjk0NjJhZjAtYTNkZi00NTI1LTk5NDEtYWJhNWE5Mjc2MmUzIiwibmFtZSI6ImFkbWluIiwiZ2VuZGVyIjp0cnVlLCJlbWFpbCI6IjM3ODMzODYyN0BxcS5jb20ifSwiaWF0IjoxNTAwODU4MzkxLCJleHAiOjE1MDA5NDQ3OTF9.NHHiM-3wiHAQA0VO310p2C9aTrlysnXsSY834_uFGSw
request client ip:  ::ffff:127.0.0.1
request query:  {"token":"eyJhbGciOiJIUzI1NiIsInR5cCI6IkpXVCJ9.eyJkYXRhIjp7ImlkIjoiYjk0NjJhZjAtYTNkZi00NTI1LTk5NDEtYWJhNWE5Mjc2MmUzIiwibmFtZSI6ImFkbWluIiwiZ2VuZGVyIjp0cnVlLCJlbWFpbCI6IjM3ODMzODYyN0BxcS5jb20ifSwiaWF0IjoxNTAwODU4MzkxLCJleHAiOjE1MDA5NDQ3OTF9.NHHiM-3wiHAQA0VO310p2C9aTrlysnXsSY834_uFGSw"}
response time: 81
response status: 200
response body: 
{"status":0,"data":[{"name":"1","description":"1","status":1,"id":"51d573a5-cc92-494b-a478-b5f0f4e1eb0d","createdAt":1500608544222,"updatedAt":1500608544222,"version":0}],"total":1}
*************** response log end ***************

[2017-07-24 11:46:37.404] [INFO] resLogger - 
*************** response log start ***************
request method: GET
request originalUrl:  /api/user/?token=eyJhbGciOiJIUzI1NiIsInR5cCI6IkpXVCJ9.eyJkYXRhIjp7ImlkIjoiYjk0NjJhZjAtYTNkZi00NTI1LTk5NDEtYWJhNWE5Mjc2MmUzIiwibmFtZSI6ImFkbWluIiwiZ2VuZGVyIjp0cnVlLCJlbWFpbCI6IjM3ODMzODYyN0BxcS5jb20ifSwiaWF0IjoxNTAwODU4MzkxLCJleHAiOjE1MDA5NDQ3OTF9.NHHiM-3wiHAQA0VO310p2C9aTrlysnXsSY834_uFGSw
request client ip:  ::ffff:127.0.0.1
request query:  {"token":"eyJhbGciOiJIUzI1NiIsInR5cCI6IkpXVCJ9.eyJkYXRhIjp7ImlkIjoiYjk0NjJhZjAtYTNkZi00NTI1LTk5NDEtYWJhNWE5Mjc2MmUzIiwibmFtZSI6ImFkbWluIiwiZ2VuZGVyIjp0cnVlLCJlbWFpbCI6IjM3ODMzODYyN0BxcS5jb20ifSwiaWF0IjoxNTAwODU4MzkxLCJleHAiOjE1MDA5NDQ3OTF9.NHHiM-3wiHAQA0VO310p2C9aTrlysnXsSY834_uFGSw"}
response time: 77
response status: 200
response body: 
{"status":0,"data":{"name":"admin","email":"378338627@qq.com","password":"$2a$10$ceQ8BVQBwWAyeejtOZ1UZOlS3thdh3Es1X70vOnqLg9/8cZL38MZW","gender":true,"token":"eyJhbGciOiJIUzI1NiIsInR5cCI6IkpXVCJ9.eyJkYXRhIjp7ImlkIjoiYjk0NjJhZjAtYTNkZi00NTI1LTk5NDEtYWJhNWE5Mjc2MmUzIiwibmFtZSI6ImFkbWluIiwiZ2VuZGVyIjp0cnVlLCJlbWFpbCI6IjM3ODMzODYyN0BxcS5jb20ifSwiaWF0IjoxNTAwODU4MzkxLCJleHAiOjE1MDA5NDQ3OTF9.NHHiM-3wiHAQA0VO310p2C9aTrlysnXsSY834_uFGSw","id":"b9462af0-a3df-4525-9941-aba5a92762e3","createdAt":1500607008557,"updatedAt":1500858391855,"version":10}}
*************** response log end ***************

[2017-07-24 11:46:37.594] [INFO] resLogger - 
*************** response log start ***************
request method: GET
request originalUrl:  /api/groups/list/page/1?token=eyJhbGciOiJIUzI1NiIsInR5cCI6IkpXVCJ9.eyJkYXRhIjp7ImlkIjoiYjk0NjJhZjAtYTNkZi00NTI1LTk5NDEtYWJhNWE5Mjc2MmUzIiwibmFtZSI6ImFkbWluIiwiZ2VuZGVyIjp0cnVlLCJlbWFpbCI6IjM3ODMzODYyN0BxcS5jb20ifSwiaWF0IjoxNTAwODU4MzkxLCJleHAiOjE1MDA5NDQ3OTF9.NHHiM-3wiHAQA0VO310p2C9aTrlysnXsSY834_uFGSw
request client ip:  ::ffff:127.0.0.1
request query:  {"token":"eyJhbGciOiJIUzI1NiIsInR5cCI6IkpXVCJ9.eyJkYXRhIjp7ImlkIjoiYjk0NjJhZjAtYTNkZi00NTI1LTk5NDEtYWJhNWE5Mjc2MmUzIiwibmFtZSI6ImFkbWluIiwiZ2VuZGVyIjp0cnVlLCJlbWFpbCI6IjM3ODMzODYyN0BxcS5jb20ifSwiaWF0IjoxNTAwODU4MzkxLCJleHAiOjE1MDA5NDQ3OTF9.NHHiM-3wiHAQA0VO310p2C9aTrlysnXsSY834_uFGSw"}
response time: 75
response status: 200
response body: 
{"status":0,"data":[{"name":"1","description":"1","status":1,"id":"51d573a5-cc92-494b-a478-b5f0f4e1eb0d","createdAt":1500608544222,"updatedAt":1500608544222,"version":0}],"total":1}
*************** response log end ***************

[2017-07-24 11:47:00.706] [INFO] resLogger - 
*************** response log start ***************
request method: GET
request originalUrl:  /api/user/?token=eyJhbGciOiJIUzI1NiIsInR5cCI6IkpXVCJ9.eyJkYXRhIjp7ImlkIjoiYjk0NjJhZjAtYTNkZi00NTI1LTk5NDEtYWJhNWE5Mjc2MmUzIiwibmFtZSI6ImFkbWluIiwiZ2VuZGVyIjp0cnVlLCJlbWFpbCI6IjM3ODMzODYyN0BxcS5jb20ifSwiaWF0IjoxNTAwODU4MzkxLCJleHAiOjE1MDA5NDQ3OTF9.NHHiM-3wiHAQA0VO310p2C9aTrlysnXsSY834_uFGSw
request client ip:  ::ffff:127.0.0.1
request query:  {"token":"eyJhbGciOiJIUzI1NiIsInR5cCI6IkpXVCJ9.eyJkYXRhIjp7ImlkIjoiYjk0NjJhZjAtYTNkZi00NTI1LTk5NDEtYWJhNWE5Mjc2MmUzIiwibmFtZSI6ImFkbWluIiwiZ2VuZGVyIjp0cnVlLCJlbWFpbCI6IjM3ODMzODYyN0BxcS5jb20ifSwiaWF0IjoxNTAwODU4MzkxLCJleHAiOjE1MDA5NDQ3OTF9.NHHiM-3wiHAQA0VO310p2C9aTrlysnXsSY834_uFGSw"}
response time: 72
response status: 200
response body: 
{"status":0,"data":{"name":"admin","email":"378338627@qq.com","password":"$2a$10$ceQ8BVQBwWAyeejtOZ1UZOlS3thdh3Es1X70vOnqLg9/8cZL38MZW","gender":true,"token":"eyJhbGciOiJIUzI1NiIsInR5cCI6IkpXVCJ9.eyJkYXRhIjp7ImlkIjoiYjk0NjJhZjAtYTNkZi00NTI1LTk5NDEtYWJhNWE5Mjc2MmUzIiwibmFtZSI6ImFkbWluIiwiZ2VuZGVyIjp0cnVlLCJlbWFpbCI6IjM3ODMzODYyN0BxcS5jb20ifSwiaWF0IjoxNTAwODU4MzkxLCJleHAiOjE1MDA5NDQ3OTF9.NHHiM-3wiHAQA0VO310p2C9aTrlysnXsSY834_uFGSw","id":"b9462af0-a3df-4525-9941-aba5a92762e3","createdAt":1500607008557,"updatedAt":1500858391855,"version":10}}
*************** response log end ***************

[2017-07-24 11:47:00.879] [INFO] resLogger - 
*************** response log start ***************
request method: GET
request originalUrl:  /api/groups/list/page/1?token=eyJhbGciOiJIUzI1NiIsInR5cCI6IkpXVCJ9.eyJkYXRhIjp7ImlkIjoiYjk0NjJhZjAtYTNkZi00NTI1LTk5NDEtYWJhNWE5Mjc2MmUzIiwibmFtZSI6ImFkbWluIiwiZ2VuZGVyIjp0cnVlLCJlbWFpbCI6IjM3ODMzODYyN0BxcS5jb20ifSwiaWF0IjoxNTAwODU4MzkxLCJleHAiOjE1MDA5NDQ3OTF9.NHHiM-3wiHAQA0VO310p2C9aTrlysnXsSY834_uFGSw
request client ip:  ::ffff:127.0.0.1
request query:  {"token":"eyJhbGciOiJIUzI1NiIsInR5cCI6IkpXVCJ9.eyJkYXRhIjp7ImlkIjoiYjk0NjJhZjAtYTNkZi00NTI1LTk5NDEtYWJhNWE5Mjc2MmUzIiwibmFtZSI6ImFkbWluIiwiZ2VuZGVyIjp0cnVlLCJlbWFpbCI6IjM3ODMzODYyN0BxcS5jb20ifSwiaWF0IjoxNTAwODU4MzkxLCJleHAiOjE1MDA5NDQ3OTF9.NHHiM-3wiHAQA0VO310p2C9aTrlysnXsSY834_uFGSw"}
response time: 79
response status: 200
response body: 
{"status":0,"data":[{"name":"1","description":"1","status":1,"id":"51d573a5-cc92-494b-a478-b5f0f4e1eb0d","createdAt":1500608544222,"updatedAt":1500608544222,"version":0}],"total":1}
*************** response log end ***************

