[2018-02-12 09:50:14.258] [INFO] resLogger - 
*************** response log start ***************
request method: GET
request originalUrl:  /api/order/list/page/1/time/1518400213000?token=eyJhbGciOiJIUzI1NiIsInR5cCI6IkpXVCJ9.eyJkYXRhIjp7ImlkIjoiZjMwMzI3YzItNjhlZS00YzU0LWE3N2QtYjYxZDA5NWNmM2IyIiwibmFtZSI6ImFkbWluIiwiZ2VuZGVyIjp0cnVlLCJlbWFpbCI6IjM3ODMzODYyN0BxcS5jb20ifSwiaWF0IjoxNTE4Mzk2ODIxLCJleHAiOjE1MTg0ODMyMjF9.hwfH5aZi0DhPPwMJSwXuzFWOLIJzh1VbKyVC_HklxbY
request client ip:  ::ffff:127.0.0.1
request query:  {"token":"eyJhbGciOiJIUzI1NiIsInR5cCI6IkpXVCJ9.eyJkYXRhIjp7ImlkIjoiZjMwMzI3YzItNjhlZS00YzU0LWE3N2QtYjYxZDA5NWNmM2IyIiwibmFtZSI6ImFkbWluIiwiZ2VuZGVyIjp0cnVlLCJlbWFpbCI6IjM3ODMzODYyN0BxcS5jb20ifSwiaWF0IjoxNTE4Mzk2ODIxLCJleHAiOjE1MTg0ODMyMjF9.hwfH5aZi0DhPPwMJSwXuzFWOLIJzh1VbKyVC_HklxbY"}
response time: 674
response status: 200
response body: 
{"status":0,"data":[],"total":0}
*************** response log end ***************

[2018-02-12 09:50:15.572] [INFO] resLogger - 
*************** response log start ***************
request method: GET
request originalUrl:  /api/groups/list?token=eyJhbGciOiJIUzI1NiIsInR5cCI6IkpXVCJ9.eyJkYXRhIjp7ImlkIjoiZjMwMzI3YzItNjhlZS00YzU0LWE3N2QtYjYxZDA5NWNmM2IyIiwibmFtZSI6ImFkbWluIiwiZ2VuZGVyIjp0cnVlLCJlbWFpbCI6IjM3ODMzODYyN0BxcS5jb20ifSwiaWF0IjoxNTE4Mzk2ODIxLCJleHAiOjE1MTg0ODMyMjF9.hwfH5aZi0DhPPwMJSwXuzFWOLIJzh1VbKyVC_HklxbY
request client ip:  ::ffff:127.0.0.1
request query:  {"token":"eyJhbGciOiJIUzI1NiIsInR5cCI6IkpXVCJ9.eyJkYXRhIjp7ImlkIjoiZjMwMzI3YzItNjhlZS00YzU0LWE3N2QtYjYxZDA5NWNmM2IyIiwibmFtZSI6ImFkbWluIiwiZ2VuZGVyIjp0cnVlLCJlbWFpbCI6IjM3ODMzODYyN0BxcS5jb20ifSwiaWF0IjoxNTE4Mzk2ODIxLCJleHAiOjE1MTg0ODMyMjF9.hwfH5aZi0DhPPwMJSwXuzFWOLIJzh1VbKyVC_HklxbY"}
response time: 128
response status: 200
response body: 
{"status":0,"data":[{"name":"临港清华附属小学","description":"临港清华附属小学","status":1,"id":"76a550ce-0788-4e2f-b3b8-875f9a62692c","createdAt":1515737019104,"updatedAt":1515737019104,"version":0},{"name":"控股","description":"group2","status":1,"id":"f0c37d6d-c922-4617-befd-aa51ad85d7c5","createdAt":1515633152227,"updatedAt":1515633152227,"version":0},{"name":"管委会","description":"group1","status":1,"id":"52505514-1b27-449f-b575-55b32fd1280f","createdAt":1515633151465,"updatedAt":1515633151465,"version":0}],"total":3}
*************** response log end ***************

[2018-02-12 09:50:15.630] [INFO] resLogger - 
*************** response log start ***************
request method: GET
request originalUrl:  /api/workers/list?token=eyJhbGciOiJIUzI1NiIsInR5cCI6IkpXVCJ9.eyJkYXRhIjp7ImlkIjoiZjMwMzI3YzItNjhlZS00YzU0LWE3N2QtYjYxZDA5NWNmM2IyIiwibmFtZSI6ImFkbWluIiwiZ2VuZGVyIjp0cnVlLCJlbWFpbCI6IjM3ODMzODYyN0BxcS5jb20ifSwiaWF0IjoxNTE4Mzk2ODIxLCJleHAiOjE1MTg0ODMyMjF9.hwfH5aZi0DhPPwMJSwXuzFWOLIJzh1VbKyVC_HklxbY
request client ip:  ::ffff:127.0.0.1
request query:  {"token":"eyJhbGciOiJIUzI1NiIsInR5cCI6IkpXVCJ9.eyJkYXRhIjp7ImlkIjoiZjMwMzI3YzItNjhlZS00YzU0LWE3N2QtYjYxZDA5NWNmM2IyIiwibmFtZSI6ImFkbWluIiwiZ2VuZGVyIjp0cnVlLCJlbWFpbCI6IjM3ODMzODYyN0BxcS5jb20ifSwiaWF0IjoxNTE4Mzk2ODIxLCJleHAiOjE1MTg0ODMyMjF9.hwfH5aZi0DhPPwMJSwXuzFWOLIJzh1VbKyVC_HklxbY"}
response time: 173
response status: 200
response body: 
{"status":0,"data":[{"name":"admin","email":"378338627@qq.com","phone":"15822927208","password":"$2a$10$ZCz8FbSB13tB2jbZIaI13.kaTOEp236iyvOOtqgZf.m.RSqqgjheq","gender":true,"token":"eyJhbGciOiJIUzI1NiIsInR5cCI6IkpXVCJ9.eyJkYXRhIjp7ImlkIjoiMDU3MjBlNmUtZWJlMy00MDM2LWI1NzUtZmYxZmEwYzZjYjM4IiwibmFtZSI6ImFkbWluIiwiZ2VuZGVyIjp0cnVlLCJlbWFpbCI6IjM3ODMzODYyN0BxcS5jb20ifSwiaWF0IjoxNTE4MzIwMjE0LCJleHAiOjE1MTg0MDY2MTR9.diVgAmnnYhjSvZLXTqsJRKAVX1gUJyAFDijqHM8krHM","canLogin":true,"status":1,"roleId":null,"id":"05720e6e-ebe3-4036-b575-ff1fa0c6cb38","createdAt":1515633151463,"updatedAt":1518320214413,"version":26,"worker":null},{"name":"张赫","email":"378338627@qq.com","phone":"15822927208","password":"$2a$10$JUhMlqmi1flOuZRNBWq8j.o1y9YUDnWElK8XNEMAgkk/WAw66oVUu","gender":true,"token":null,"canLogin":true,"status":1,"roleId":null,"id":"ddb9b8c8-e9ba-48ac-af2e-bce4d534e4fb","createdAt":1515633151464,"updatedAt":1515633151464,"version":0,"worker":{"userId":"ddb9b8c8-e9ba-48ac-af2e-bce4d534e4fb","id":"535b3f1a-80dc-482e-a72b-8f3be9964a72","createdAt":1515633503273,"updatedAt":1515633503273,"version":0}},{"name":"朱亚亮","email":"378338627@qq.com","phone":"15822927208","password":"$2a$10$tkDWWL9Mkz9AUFRa.zS/suzNbr.PYt8dYnZloNBj4mkVHyh/kIvM6","gender":true,"token":null,"canLogin":true,"status":1,"roleId":null,"id":"e096a454-4426-400f-92ad-9726744236c0","createdAt":1515633151464,"updatedAt":1515633151464,"version":0,"worker":{"userId":"e096a454-4426-400f-92ad-9726744236c0","id":"6ea27226-cb26-459c-a96c-bf5f6c821747","createdAt":1515633504348,"updatedAt":1515633504348,"version":0}}]}
*************** response log end ***************

[2018-02-12 09:50:15.780] [INFO] resLogger - 
*************** response log start ***************
request method: GET
request originalUrl:  /api/corporations/list?token=eyJhbGciOiJIUzI1NiIsInR5cCI6IkpXVCJ9.eyJkYXRhIjp7ImlkIjoiZjMwMzI3YzItNjhlZS00YzU0LWE3N2QtYjYxZDA5NWNmM2IyIiwibmFtZSI6ImFkbWluIiwiZ2VuZGVyIjp0cnVlLCJlbWFpbCI6IjM3ODMzODYyN0BxcS5jb20ifSwiaWF0IjoxNTE4Mzk2ODIxLCJleHAiOjE1MTg0ODMyMjF9.hwfH5aZi0DhPPwMJSwXuzFWOLIJzh1VbKyVC_HklxbY&group=76a550ce-0788-4e2f-b3b8-875f9a62692c
request client ip:  ::ffff:127.0.0.1
request query:  {"token":"eyJhbGciOiJIUzI1NiIsInR5cCI6IkpXVCJ9.eyJkYXRhIjp7ImlkIjoiZjMwMzI3YzItNjhlZS00YzU0LWE3N2QtYjYxZDA5NWNmM2IyIiwibmFtZSI6ImFkbWluIiwiZ2VuZGVyIjp0cnVlLCJlbWFpbCI6IjM3ODMzODYyN0BxcS5jb20ifSwiaWF0IjoxNTE4Mzk2ODIxLCJleHAiOjE1MTg0ODMyMjF9.hwfH5aZi0DhPPwMJSwXuzFWOLIJzh1VbKyVC_HklxbY","group":"76a550ce-0788-4e2f-b3b8-875f9a62692c"}
response time: 100
response status: 200
response body: 
{"status":0,"data":[{"name":"临港清华附属小学","description":"临港清华附属小学","status":1,"groupId":"76a550ce-0788-4e2f-b3b8-875f9a62692c","id":"fd548fc1-6739-4ac2-b175-03d6e2706e24","createdAt":1515737229646,"updatedAt":1515737229646,"version":0,"group":{"name":"临港清华附属小学","description":"临港清华附属小学","status":1,"id":"76a550ce-0788-4e2f-b3b8-875f9a62692c","createdAt":1515737019104,"updatedAt":1515737019104,"version":0}}],"total":1}
*************** response log end ***************

[2018-02-12 09:50:15.915] [INFO] resLogger - 
*************** response log start ***************
request method: GET
request originalUrl:  /api/corpBuildings/list/fd548fc1-6739-4ac2-b175-03d6e2706e24?token=eyJhbGciOiJIUzI1NiIsInR5cCI6IkpXVCJ9.eyJkYXRhIjp7ImlkIjoiZjMwMzI3YzItNjhlZS00YzU0LWE3N2QtYjYxZDA5NWNmM2IyIiwibmFtZSI6ImFkbWluIiwiZ2VuZGVyIjp0cnVlLCJlbWFpbCI6IjM3ODMzODYyN0BxcS5jb20ifSwiaWF0IjoxNTE4Mzk2ODIxLCJleHAiOjE1MTg0ODMyMjF9.hwfH5aZi0DhPPwMJSwXuzFWOLIJzh1VbKyVC_HklxbY
request client ip:  ::ffff:127.0.0.1
request query:  {"token":"eyJhbGciOiJIUzI1NiIsInR5cCI6IkpXVCJ9.eyJkYXRhIjp7ImlkIjoiZjMwMzI3YzItNjhlZS00YzU0LWE3N2QtYjYxZDA5NWNmM2IyIiwibmFtZSI6ImFkbWluIiwiZ2VuZGVyIjp0cnVlLCJlbWFpbCI6IjM3ODMzODYyN0BxcS5jb20ifSwiaWF0IjoxNTE4Mzk2ODIxLCJleHAiOjE1MTg0ODMyMjF9.hwfH5aZi0DhPPwMJSwXuzFWOLIJzh1VbKyVC_HklxbY"}
response time: 113
response status: 200
response body: 
{"status":0,"data":[{"corporationId":"fd548fc1-6739-4ac2-b175-03d6e2706e24","buildingId":"d2d39430-ea05-4833-ae5d-4cc2c25afe62","floor":0,"position":"A","status":1,"id":"c3f56777-d692-4749-bc97-9b5b51df390b","createdAt":1515737354592,"updatedAt":1515737354592,"version":0,"building":{"name":"临港清华附属小学","address":"临港清华附属小学","minfloor":1,"maxfloor":1,"status":1,"id":"d2d39430-ea05-4833-ae5d-4cc2c25afe62","createdAt":1515737342290,"updatedAt":1515737342290,"version":0}}],"total":0}
*************** response log end ***************

[2018-02-12 09:50:45.907] [INFO] resLogger - 
*************** response log start ***************
request method: GET
request originalUrl:  /api/corporations/list?token=eyJhbGciOiJIUzI1NiIsInR5cCI6IkpXVCJ9.eyJkYXRhIjp7ImlkIjoiZjMwMzI3YzItNjhlZS00YzU0LWE3N2QtYjYxZDA5NWNmM2IyIiwibmFtZSI6ImFkbWluIiwiZ2VuZGVyIjp0cnVlLCJlbWFpbCI6IjM3ODMzODYyN0BxcS5jb20ifSwiaWF0IjoxNTE4Mzk2ODIxLCJleHAiOjE1MTg0ODMyMjF9.hwfH5aZi0DhPPwMJSwXuzFWOLIJzh1VbKyVC_HklxbY&group=f0c37d6d-c922-4617-befd-aa51ad85d7c5
request client ip:  ::ffff:127.0.0.1
request query:  {"token":"eyJhbGciOiJIUzI1NiIsInR5cCI6IkpXVCJ9.eyJkYXRhIjp7ImlkIjoiZjMwMzI3YzItNjhlZS00YzU0LWE3N2QtYjYxZDA5NWNmM2IyIiwibmFtZSI6ImFkbWluIiwiZ2VuZGVyIjp0cnVlLCJlbWFpbCI6IjM3ODMzODYyN0BxcS5jb20ifSwiaWF0IjoxNTE4Mzk2ODIxLCJleHAiOjE1MTg0ODMyMjF9.hwfH5aZi0DhPPwMJSwXuzFWOLIJzh1VbKyVC_HklxbY","group":"f0c37d6d-c922-4617-befd-aa51ad85d7c5"}
response time: 122
response status: 200
response body: 
{"status":0,"data":[{"name":"园区运营公司","description":"园区运营公司","status":1,"groupId":"f0c37d6d-c922-4617-befd-aa51ad85d7c5","id":"1c52efa6-abbe-4114-95a6-c1125d762446","createdAt":1515981270653,"updatedAt":1515981270653,"version":0,"group":{"name":"控股","description":"group2","status":1,"id":"f0c37d6d-c922-4617-befd-aa51ad85d7c5","createdAt":1515633152227,"updatedAt":1515633152227,"version":0}},{"name":"港务公司","description":"港务公司","status":1,"groupId":"f0c37d6d-c922-4617-befd-aa51ad85d7c5","id":"268041ad-f79c-4c6a-858d-091c3a77ac59","createdAt":1516670996611,"updatedAt":1516670996611,"version":0,"group":{"name":"控股","description":"group2","status":1,"id":"f0c37d6d-c922-4617-befd-aa51ad85d7c5","createdAt":1515633152227,"updatedAt":1515633152227,"version":0}},{"name":"信息公司","description":"信息公司","status":1,"groupId":"f0c37d6d-c922-4617-befd-aa51ad85d7c5","id":"38c3e49a-0e5d-4390-9f14-e9cae95f365f","createdAt":1516671101244,"updatedAt":1516671101244,"version":0,"group":{"name":"控股","description":"group2","status":1,"id":"f0c37d6d-c922-4617-befd-aa51ad85d7c5","createdAt":1515633152227,"updatedAt":1515633152227,"version":0}},{"name":"公共事业公司","description":"公共事业公司","status":1,"groupId":"f0c37d6d-c922-4617-befd-aa51ad85d7c5","id":"4599eaf8-68f6-4fd5-bf10-1d152e2b28fe","createdAt":1515633158411,"updatedAt":1515633158411,"version":0,"group":{"name":"控股","description":"group2","status":1,"id":"f0c37d6d-c922-4617-befd-aa51ad85d7c5","createdAt":1515633152227,"updatedAt":1515633152227,"version":0}},{"name":"置地公司","description":"置地公司","status":1,"groupId":"f0c37d6d-c922-4617-befd-aa51ad85d7c5","id":"4b2362eb-a9fd-414c-8c31-ad335e81105b","createdAt":1516670902936,"updatedAt":1516670902936,"version":0,"group":{"name":"控股","description":"group2","status":1,"id":"f0c37d6d-c922-4617-befd-aa51ad85d7c5","createdAt":1515633152227,"updatedAt":1515633152227,"version":0}},{"name":"融资租赁公司","description":"融资租赁公司","status":1,"groupId":"f0c37d6d-c922-4617-befd-aa51ad85d7c5","id":"4f3b67d7-40f2-4377-86ba-e9775e728f64","createdAt":1515633158201,"updatedAt":1515633158201,"version":0,"group":{"name":"控股","description":"group2","status":1,"id":"f0c37d6d-c922-4617-befd-aa51ad85d7c5","createdAt":1515633152227,"updatedAt":1515633152227,"version":0}},{"name":"建设公司","description":"建设公司","status":1,"groupId":"f0c37d6d-c922-4617-befd-aa51ad85d7c5","id":"53fa2bd9-bc42-4582-a5c3-38f8d8dad229","createdAt":1515633158488,"updatedAt":1515633158488,"version":0,"group":{"name":"控股","description":"group2","status":1,"id":"f0c37d6d-c922-4617-befd-aa51ad85d7c5","createdAt":1515633152227,"updatedAt":1515633152227,"version":0}},{"name":"投资公司","description":"投资公司","status":1,"groupId":"f0c37d6d-c922-4617-befd-aa51ad85d7c5","id":"73a751ce-1f60-42ce-a5ee-501712eef1f4","createdAt":1515633160114,"updatedAt":1515633160114,"version":0,"group":{"name":"控股","description":"group2","status":1,"id":"f0c37d6d-c922-4617-befd-aa51ad85d7c5","createdAt":1515633152227,"updatedAt":1515633152227,"version":0}},{"name":"粮交所","description":"粮交所","status":1,"groupId":"f0c37d6d-c922-4617-befd-aa51ad85d7c5","id":"76e565af-f8c3-4798-bee7-3342bd079231","createdAt":1516671019340,"updatedAt":1516671019340,"version":0,"group":{"name":"控股","description":"group2","status":1,"id":"f0c37d6d-c922-4617-befd-aa51ad85d7c5","createdAt":1515633152227,"updatedAt":1515633152227,"version":0}},{"name":"高新公司","description":"高新","status":1,"groupId":"f0c37d6d-c922-4617-befd-aa51ad85d7c5","id":"89cce940-1268-4690-abe4-3b3b14fb0cde","createdAt":1516607211910,"updatedAt":1516607211910,"version":0,"group":{"name":"控股","description":"group2","status":1,"id":"f0c37d6d-c922-4617-befd-aa51ad85d7c5","createdAt":1515633152227,"updatedAt":1515633152227,"version":0}},{"name":"信息管线公司","description":"信息管线公司","status":1,"groupId":"f0c37d6d-c922-4617-befd-aa51ad85d7c5","id":"9d70667b-13e9-46c7-b552-86050bef037a","createdAt":1517793948897,"updatedAt":1517793948897,"version":0,"group":{"name":"控股","description":"group2","status":1,"id":"f0c37d6d-c922-4617-befd-aa51ad85d7c5","createdAt":1515633152227,"updatedAt":1515633152227,"version":0}},{"name":"城市资源公司","description":"城市资源","status":1,"groupId":"f0c37d6d-c922-4617-befd-aa51ad85d7c5","id":"9eaf4c3b-0a1d-488a-a575-cf7772c21135","createdAt":1516671126558,"updatedAt":1516671126558,"version":0,"group":{"name":"控股","description":"group2","status":1,"id":"f0c37d6d-c922-4617-befd-aa51ad85d7c5","createdAt":1515633152227,"updatedAt":1515633152227,"version":0}},{"name":"园林公司","description":"园林公司","status":1,"groupId":"f0c37d6d-c922-4617-befd-aa51ad85d7c5","id":"d016201e-2c29-4d9f-8caa-4da5a7b279e9","createdAt":1515648909620,"updatedAt":1515648909620,"version":0,"group":{"name":"控股","description":"group2","status":1,"id":"f0c37d6d-c922-4617-befd-aa51ad85d7c5","createdAt":1515633152227,"updatedAt":1515633152227,"version":0}},{"name":"物流商贸公司","description":"物流商贸","status":1,"groupId":"f0c37d6d-c922-4617-befd-aa51ad85d7c5","id":"d988a340-24ec-4f49-ba6a-98514328a07a","createdAt":1517196815376,"updatedAt":1517196815376,"version":0,"group":{"name":"控股","description":"group2","status":1,"id":"f0c37d6d-c922-4617-befd-aa51ad85d7c5","createdAt":1515633152227,"updatedAt":1515633152227,"version":0}},{"name":"基金公司","description":"基金公司","status":1,"groupId":"f0c37d6d-c922-4617-befd-aa51ad85d7c5","id":"f0fd30bb-479c-44db-8413-ab39b32da748","createdAt":1515650970327,"updatedAt":1515650970327,"version":0,"group":{"name":"控股","description":"group2","status":1,"id":"f0c37d6d-c922-4617-befd-aa51ad85d7c5","createdAt":1515633152227,"updatedAt":1515633152227,"version":0}},{"name":"铁路公司","description":"铁路公司","status":1,"groupId":"f0c37d6d-c922-4617-befd-aa51ad85d7c5","id":"f15181ba-7881-4536-9902-f0588e0c1e17","createdAt":1516670976469,"updatedAt":1516670976469,"version":0,"group":{"name":"控股","description":"group2","status":1,"id":"f0c37d6d-c922-4617-befd-aa51ad85d7c5","createdAt":1515633152227,"updatedAt":1515633152227,"version":0}},{"name":"控股公司","description":"控股公司","status":1,"groupId":"f0c37d6d-c922-4617-befd-aa51ad85d7c5","id":"fbbf7c59-f08c-445b-a4f0-e2fa977117e8","createdAt":1515633158111,"updatedAt":1515633158111,"version":0,"group":{"name":"控股","description":"group2","status":1,"id":"f0c37d6d-c922-4617-befd-aa51ad85d7c5","createdAt":1515633152227,"updatedAt":1515633152227,"version":0}}],"total":17}
*************** response log end ***************

[2018-02-12 09:50:45.984] [INFO] resLogger - 
*************** response log start ***************
request method: GET
request originalUrl:  /api/corpBuildings/list/1c52efa6-abbe-4114-95a6-c1125d762446?token=eyJhbGciOiJIUzI1NiIsInR5cCI6IkpXVCJ9.eyJkYXRhIjp7ImlkIjoiZjMwMzI3YzItNjhlZS00YzU0LWE3N2QtYjYxZDA5NWNmM2IyIiwibmFtZSI6ImFkbWluIiwiZ2VuZGVyIjp0cnVlLCJlbWFpbCI6IjM3ODMzODYyN0BxcS5jb20ifSwiaWF0IjoxNTE4Mzk2ODIxLCJleHAiOjE1MTg0ODMyMjF9.hwfH5aZi0DhPPwMJSwXuzFWOLIJzh1VbKyVC_HklxbY
request client ip:  ::ffff:127.0.0.1
request query:  {"token":"eyJhbGciOiJIUzI1NiIsInR5cCI6IkpXVCJ9.eyJkYXRhIjp7ImlkIjoiZjMwMzI3YzItNjhlZS00YzU0LWE3N2QtYjYxZDA5NWNmM2IyIiwibmFtZSI6ImFkbWluIiwiZ2VuZGVyIjp0cnVlLCJlbWFpbCI6IjM3ODMzODYyN0BxcS5jb20ifSwiaWF0IjoxNTE4Mzk2ODIxLCJleHAiOjE1MTg0ODMyMjF9.hwfH5aZi0DhPPwMJSwXuzFWOLIJzh1VbKyVC_HklxbY"}
response time: 64
response status: 200
response body: 
{"status":0,"data":[{"corporationId":"1c52efa6-abbe-4114-95a6-c1125d762446","buildingId":"6a9bcf38-e15c-4669-8dbd-bd48bfad4623","floor":7,"position":"E","status":1,"id":"fe13b8fe-1a49-46e6-a441-5332a5797f12","createdAt":1515981574625,"updatedAt":1515981574625,"version":0,"building":{"name":"商务大厦北楼","address":"北","minfloor":1,"maxfloor":15,"status":1,"id":"6a9bcf38-e15c-4669-8dbd-bd48bfad4623","createdAt":1515633153519,"updatedAt":1515633153519,"version":0}}],"total":0}
*************** response log end ***************

[2018-02-12 09:50:49.459] [INFO] resLogger - 
*************** response log start ***************
request method: GET
request originalUrl:  /api/corpBuildings/list/53fa2bd9-bc42-4582-a5c3-38f8d8dad229?token=eyJhbGciOiJIUzI1NiIsInR5cCI6IkpXVCJ9.eyJkYXRhIjp7ImlkIjoiZjMwMzI3YzItNjhlZS00YzU0LWE3N2QtYjYxZDA5NWNmM2IyIiwibmFtZSI6ImFkbWluIiwiZ2VuZGVyIjp0cnVlLCJlbWFpbCI6IjM3ODMzODYyN0BxcS5jb20ifSwiaWF0IjoxNTE4Mzk2ODIxLCJleHAiOjE1MTg0ODMyMjF9.hwfH5aZi0DhPPwMJSwXuzFWOLIJzh1VbKyVC_HklxbY
request client ip:  ::ffff:127.0.0.1
request query:  {"token":"eyJhbGciOiJIUzI1NiIsInR5cCI6IkpXVCJ9.eyJkYXRhIjp7ImlkIjoiZjMwMzI3YzItNjhlZS00YzU0LWE3N2QtYjYxZDA5NWNmM2IyIiwibmFtZSI6ImFkbWluIiwiZ2VuZGVyIjp0cnVlLCJlbWFpbCI6IjM3ODMzODYyN0BxcS5jb20ifSwiaWF0IjoxNTE4Mzk2ODIxLCJleHAiOjE1MTg0ODMyMjF9.hwfH5aZi0DhPPwMJSwXuzFWOLIJzh1VbKyVC_HklxbY"}
response time: 79
response status: 200
response body: 
{"status":0,"data":[{"corporationId":"53fa2bd9-bc42-4582-a5c3-38f8d8dad229","buildingId":"6a9bcf38-e15c-4669-8dbd-bd48bfad4623","floor":9,"position":"A","status":1,"id":"6640be72-8a23-402d-b8bd-032a9628e3f3","createdAt":1515633161243,"updatedAt":1515633161243,"version":0,"building":{"name":"商务大厦北楼","address":"北","minfloor":1,"maxfloor":15,"status":1,"id":"6a9bcf38-e15c-4669-8dbd-bd48bfad4623","createdAt":1515633153519,"updatedAt":1515633153519,"version":0}},{"corporationId":"53fa2bd9-bc42-4582-a5c3-38f8d8dad229","buildingId":"6a9bcf38-e15c-4669-8dbd-bd48bfad4623","floor":8,"position":"E","status":1,"id":"bc0c656f-06a4-49b5-bdff-c043202c340a","createdAt":1515633161113,"updatedAt":1515633161113,"version":0,"building":{"name":"商务大厦北楼","address":"北","minfloor":1,"maxfloor":15,"status":1,"id":"6a9bcf38-e15c-4669-8dbd-bd48bfad4623","createdAt":1515633153519,"updatedAt":1515633153519,"version":0}}],"total":0}
*************** response log end ***************

[2018-02-12 09:50:51.631] [INFO] resLogger - 
*************** response log start ***************
request method: GET
request originalUrl:  /api/equipType/list?token=eyJhbGciOiJIUzI1NiIsInR5cCI6IkpXVCJ9.eyJkYXRhIjp7ImlkIjoiZjMwMzI3YzItNjhlZS00YzU0LWE3N2QtYjYxZDA5NWNmM2IyIiwibmFtZSI6ImFkbWluIiwiZ2VuZGVyIjp0cnVlLCJlbWFpbCI6IjM3ODMzODYyN0BxcS5jb20ifSwiaWF0IjoxNTE4Mzk2ODIxLCJleHAiOjE1MTg0ODMyMjF9.hwfH5aZi0DhPPwMJSwXuzFWOLIJzh1VbKyVC_HklxbY
request client ip:  ::ffff:127.0.0.1
request query:  {"token":"eyJhbGciOiJIUzI1NiIsInR5cCI6IkpXVCJ9.eyJkYXRhIjp7ImlkIjoiZjMwMzI3YzItNjhlZS00YzU0LWE3N2QtYjYxZDA5NWNmM2IyIiwibmFtZSI6ImFkbWluIiwiZ2VuZGVyIjp0cnVlLCJlbWFpbCI6IjM3ODMzODYyN0BxcS5jb20ifSwiaWF0IjoxNTE4Mzk2ODIxLCJleHAiOjE1MTg0ODMyMjF9.hwfH5aZi0DhPPwMJSwXuzFWOLIJzh1VbKyVC_HklxbY"}
response time: 43
response status: 200
response body: 
{"status":0,"data":[{"name":"网络","code":"NETWORK","id":"edad6210-e642-4302-98c1-60251cb85972","createdAt":1515633162976,"updatedAt":1515633162976,"version":0},{"name":"软件","code":"SOFTWARE","id":"273f11bf-51a4-4331-9f71-f209625da820","createdAt":1515633162815,"updatedAt":1515633162815,"version":0},{"name":"硬件","code":"HARDWARE","id":"e6890530-4629-406f-a3fb-d8e2a293320b","createdAt":1515633162627,"updatedAt":1515633162627,"version":0}]}
*************** response log end ***************

[2018-02-12 09:50:51.726] [INFO] resLogger - 
*************** response log start ***************
request method: GET
request originalUrl:  /api/business/getequip/get/NETWORK?token=eyJhbGciOiJIUzI1NiIsInR5cCI6IkpXVCJ9.eyJkYXRhIjp7ImlkIjoiZjMwMzI3YzItNjhlZS00YzU0LWE3N2QtYjYxZDA5NWNmM2IyIiwibmFtZSI6ImFkbWluIiwiZ2VuZGVyIjp0cnVlLCJlbWFpbCI6IjM3ODMzODYyN0BxcS5jb20ifSwiaWF0IjoxNTE4Mzk2ODIxLCJleHAiOjE1MTg0ODMyMjF9.hwfH5aZi0DhPPwMJSwXuzFWOLIJzh1VbKyVC_HklxbY
request client ip:  ::ffff:127.0.0.1
request query:  {"token":"eyJhbGciOiJIUzI1NiIsInR5cCI6IkpXVCJ9.eyJkYXRhIjp7ImlkIjoiZjMwMzI3YzItNjhlZS00YzU0LWE3N2QtYjYxZDA5NWNmM2IyIiwibmFtZSI6ImFkbWluIiwiZ2VuZGVyIjp0cnVlLCJlbWFpbCI6IjM3ODMzODYyN0BxcS5jb20ifSwiaWF0IjoxNTE4Mzk2ODIxLCJleHAiOjE1MTg0ODMyMjF9.hwfH5aZi0DhPPwMJSwXuzFWOLIJzh1VbKyVC_HklxbY"}
response time: 52
response status: 200
response body: 
{"status":0,"data":[{"equipment":"IP地址","name":"IP地址"},{"equipment":"VPN","name":"VPN"},{"equipment":"互联网","name":"互联网"},{"equipment":"内网","name":"内网"},{"equipment":"视频会议设备","name":"视频会议设备"}]}
*************** response log end ***************

[2018-02-12 09:50:51.824] [INFO] resLogger - 
*************** response log start ***************
request method: GET
request originalUrl:  /api/business/list?token=eyJhbGciOiJIUzI1NiIsInR5cCI6IkpXVCJ9.eyJkYXRhIjp7ImlkIjoiZjMwMzI3YzItNjhlZS00YzU0LWE3N2QtYjYxZDA5NWNmM2IyIiwibmFtZSI6ImFkbWluIiwiZ2VuZGVyIjp0cnVlLCJlbWFpbCI6IjM3ODMzODYyN0BxcS5jb20ifSwiaWF0IjoxNTE4Mzk2ODIxLCJleHAiOjE1MTg0ODMyMjF9.hwfH5aZi0DhPPwMJSwXuzFWOLIJzh1VbKyVC_HklxbY&type=NETWORK&equipment=IP%E5%9C%B0%E5%9D%80
request client ip:  ::ffff:127.0.0.1
request query:  {"token":"eyJhbGciOiJIUzI1NiIsInR5cCI6IkpXVCJ9.eyJkYXRhIjp7ImlkIjoiZjMwMzI3YzItNjhlZS00YzU0LWE3N2QtYjYxZDA5NWNmM2IyIiwibmFtZSI6ImFkbWluIiwiZ2VuZGVyIjp0cnVlLCJlbWFpbCI6IjM3ODMzODYyN0BxcS5jb20ifSwiaWF0IjoxNTE4Mzk2ODIxLCJleHAiOjE1MTg0ODMyMjF9.hwfH5aZi0DhPPwMJSwXuzFWOLIJzh1VbKyVC_HklxbY","type":"NETWORK","equipment":"IP地址"}
response time: 81
response status: 200
response body: 
{"status":0,"data":[{"type":"NETWORK","equipment":"IP地址","operation":"SET","isAdvanced":null,"weight":5,"remark":"","status":1,"id":"b21cfd95-a732-41d6-b70a-63e0dd931439","createdAt":1515633165117,"updatedAt":1515633165117,"version":0,"equipType":{"name":"网络","code":"NETWORK","id":"edad6210-e642-4302-98c1-60251cb85972","createdAt":1515633162976,"updatedAt":1515633162976,"version":0},"equipOp":{"name":"设置","code":"SET","id":"19c397a6-794f-4b2d-9f67-64f8da63c2ac","createdAt":1515633164022,"updatedAt":1515633164022,"version":0}},{"type":"NETWORK","equipment":"IP地址","operation":"CT","isAdvanced":null,"weight":5,"remark":"","status":1,"id":"136d7e3a-3196-417f-a583-8f1b229fa16d","createdAt":1515633164897,"updatedAt":1515633164897,"version":0,"equipType":{"name":"网络","code":"NETWORK","id":"edad6210-e642-4302-98c1-60251cb85972","createdAt":1515633162976,"updatedAt":1515633162976,"version":0},"equipOp":{"name":"冲突","code":"CT","id":"638b91b7-6496-44be-b482-30d2f77ddd88","createdAt":1515633163872,"updatedAt":1515633163872,"version":0}}],"total":2}
*************** response log end ***************

[2018-02-12 09:50:53.608] [INFO] resLogger - 
*************** response log start ***************
request method: GET
request originalUrl:  /api/business/getequip/get/SOFTWARE?token=eyJhbGciOiJIUzI1NiIsInR5cCI6IkpXVCJ9.eyJkYXRhIjp7ImlkIjoiZjMwMzI3YzItNjhlZS00YzU0LWE3N2QtYjYxZDA5NWNmM2IyIiwibmFtZSI6ImFkbWluIiwiZ2VuZGVyIjp0cnVlLCJlbWFpbCI6IjM3ODMzODYyN0BxcS5jb20ifSwiaWF0IjoxNTE4Mzk2ODIxLCJleHAiOjE1MTg0ODMyMjF9.hwfH5aZi0DhPPwMJSwXuzFWOLIJzh1VbKyVC_HklxbY
request client ip:  ::ffff:127.0.0.1
request query:  {"token":"eyJhbGciOiJIUzI1NiIsInR5cCI6IkpXVCJ9.eyJkYXRhIjp7ImlkIjoiZjMwMzI3YzItNjhlZS00YzU0LWE3N2QtYjYxZDA5NWNmM2IyIiwibmFtZSI6ImFkbWluIiwiZ2VuZGVyIjp0cnVlLCJlbWFpbCI6IjM3ODMzODYyN0BxcS5jb20ifSwiaWF0IjoxNTE4Mzk2ODIxLCJleHAiOjE1MTg0ODMyMjF9.hwfH5aZi0DhPPwMJSwXuzFWOLIJzh1VbKyVC_HklxbY"}
response time: 68
response status: 200
response body: 
{"status":0,"data":[{"equipment":"OA","name":"OA"},{"equipment":"WORD","name":"WORD"},{"equipment":"云桌面","name":"云桌面"},{"equipment":"办公软件","name":"办公软件"},{"equipment":"垃圾软件","name":"垃圾软件"},{"equipment":"操作系统","name":"操作系统"},{"equipment":"浏览器","name":"浏览器"}]}
*************** response log end ***************

[2018-02-12 09:50:53.664] [INFO] resLogger - 
*************** response log start ***************
request method: GET
request originalUrl:  /api/business/list?token=eyJhbGciOiJIUzI1NiIsInR5cCI6IkpXVCJ9.eyJkYXRhIjp7ImlkIjoiZjMwMzI3YzItNjhlZS00YzU0LWE3N2QtYjYxZDA5NWNmM2IyIiwibmFtZSI6ImFkbWluIiwiZ2VuZGVyIjp0cnVlLCJlbWFpbCI6IjM3ODMzODYyN0BxcS5jb20ifSwiaWF0IjoxNTE4Mzk2ODIxLCJleHAiOjE1MTg0ODMyMjF9.hwfH5aZi0DhPPwMJSwXuzFWOLIJzh1VbKyVC_HklxbY&type=SOFTWARE&equipment=OA
request client ip:  ::ffff:127.0.0.1
request query:  {"token":"eyJhbGciOiJIUzI1NiIsInR5cCI6IkpXVCJ9.eyJkYXRhIjp7ImlkIjoiZjMwMzI3YzItNjhlZS00YzU0LWE3N2QtYjYxZDA5NWNmM2IyIiwibmFtZSI6ImFkbWluIiwiZ2VuZGVyIjp0cnVlLCJlbWFpbCI6IjM3ODMzODYyN0BxcS5jb20ifSwiaWF0IjoxNTE4Mzk2ODIxLCJleHAiOjE1MTg0ODMyMjF9.hwfH5aZi0DhPPwMJSwXuzFWOLIJzh1VbKyVC_HklxbY","type":"SOFTWARE","equipment":"OA"}
response time: 45
response status: 200
response body: 
{"status":0,"data":[{"type":"SOFTWARE","equipment":"OA","operation":"FIX","isAdvanced":false,"weight":5,"remark":null,"status":1,"id":"8c62bbd2-bfe1-4d5e-8c79-49faea2a330c","createdAt":1517884297500,"updatedAt":1518053788325,"version":1,"equipType":{"name":"软件","code":"SOFTWARE","id":"273f11bf-51a4-4331-9f71-f209625da820","createdAt":1515633162815,"updatedAt":1515633162815,"version":0},"equipOp":{"name":"故障","code":"FIX","id":"e15ed1f4-3cf7-4dcc-859b-70620a042bf3","createdAt":1515633163280,"updatedAt":1515633163280,"version":0}},{"type":"SOFTWARE","equipment":"OA","operation":"CONNECT","isAdvanced":false,"weight":5,"remark":null,"status":1,"id":"385c3300-522f-4bbf-a22d-d028b2c93811","createdAt":1518053787924,"updatedAt":1518053787924,"version":0,"equipType":{"name":"软件","code":"SOFTWARE","id":"273f11bf-51a4-4331-9f71-f209625da820","createdAt":1515633162815,"updatedAt":1515633162815,"version":0},"equipOp":{"name":"连接","code":"CONNECT","id":"c7c1a6a9-3b22-4868-87ef-848de64eb1c3","createdAt":1515648604654,"updatedAt":1515648604654,"version":0}}],"total":2}
*************** response log end ***************

[2018-02-12 09:50:57.097] [INFO] resLogger - 
*************** response log start ***************
request method: GET
request originalUrl:  /api/business/list?token=eyJhbGciOiJIUzI1NiIsInR5cCI6IkpXVCJ9.eyJkYXRhIjp7ImlkIjoiZjMwMzI3YzItNjhlZS00YzU0LWE3N2QtYjYxZDA5NWNmM2IyIiwibmFtZSI6ImFkbWluIiwiZ2VuZGVyIjp0cnVlLCJlbWFpbCI6IjM3ODMzODYyN0BxcS5jb20ifSwiaWF0IjoxNTE4Mzk2ODIxLCJleHAiOjE1MTg0ODMyMjF9.hwfH5aZi0DhPPwMJSwXuzFWOLIJzh1VbKyVC_HklxbY&type=SOFTWARE&equipment=%E5%8A%9E%E5%85%AC%E8%BD%AF%E4%BB%B6
request client ip:  ::ffff:127.0.0.1
request query:  {"token":"eyJhbGciOiJIUzI1NiIsInR5cCI6IkpXVCJ9.eyJkYXRhIjp7ImlkIjoiZjMwMzI3YzItNjhlZS00YzU0LWE3N2QtYjYxZDA5NWNmM2IyIiwibmFtZSI6ImFkbWluIiwiZ2VuZGVyIjp0cnVlLCJlbWFpbCI6IjM3ODMzODYyN0BxcS5jb20ifSwiaWF0IjoxNTE4Mzk2ODIxLCJleHAiOjE1MTg0ODMyMjF9.hwfH5aZi0DhPPwMJSwXuzFWOLIJzh1VbKyVC_HklxbY","type":"SOFTWARE","equipment":"办公软件"}
response time: 132
response status: 200
response body: 
{"status":0,"data":[{"type":"SOFTWARE","equipment":"办公软件","operation":"FIX","isAdvanced":null,"weight":5,"remark":null,"status":1,"id":"4afd4f30-de4d-402e-bd25-38e29710d36e","createdAt":1516002982382,"updatedAt":1516002982382,"version":0,"equipType":{"name":"软件","code":"SOFTWARE","id":"273f11bf-51a4-4331-9f71-f209625da820","createdAt":1515633162815,"updatedAt":1515633162815,"version":0},"equipOp":{"name":"故障","code":"FIX","id":"e15ed1f4-3cf7-4dcc-859b-70620a042bf3","createdAt":1515633163280,"updatedAt":1515633163280,"version":0}},{"type":"SOFTWARE","equipment":"办公软件","operation":"UNINSTALL","isAdvanced":null,"weight":5,"remark":null,"status":1,"id":"7e670e20-b995-4f89-b00b-f70404d475bd","createdAt":1516002982382,"updatedAt":1516002982382,"version":0,"equipType":{"name":"软件","code":"SOFTWARE","id":"273f11bf-51a4-4331-9f71-f209625da820","createdAt":1515633162815,"updatedAt":1515633162815,"version":0},"equipOp":{"name":"卸载","code":"UNINSTALL","id":"81fb3d7f-d666-4563-9153-70df9c0afd64","createdAt":1515633163563,"updatedAt":1515633163563,"version":0}},{"type":"SOFTWARE","equipment":"办公软件","operation":"SETUP","isAdvanced":null,"weight":5,"remark":null,"status":1,"id":"ecfa895f-c9fe-4ec2-9839-b4f3b85cdf9e","createdAt":1516002982382,"updatedAt":1516002982382,"version":0,"equipType":{"name":"软件","code":"SOFTWARE","id":"273f11bf-51a4-4331-9f71-f209625da820","createdAt":1515633162815,"updatedAt":1515633162815,"version":0},"equipOp":{"name":"安装","code":"SETUP","id":"a1827017-987a-4fea-89c4-5742c40cbc3e","createdAt":1515633163145,"updatedAt":1515633163145,"version":0}},{"type":"SOFTWARE","equipment":"办公软件","operation":"UPDATE","isAdvanced":null,"weight":5,"remark":null,"status":1,"id":"5dfd8917-ca6b-4808-b9a2-89f16f929e63","createdAt":1516002982381,"updatedAt":1516002982381,"version":0,"equipType":{"name":"软件","code":"SOFTWARE","id":"273f11bf-51a4-4331-9f71-f209625da820","createdAt":1515633162815,"updatedAt":1515633162815,"version":0},"equipOp":{"name":"升级","code":"UPDATE","id":"60783907-7f0a-42fb-96f9-97f69e070ee7","createdAt":1515654082563,"updatedAt":1515654082563,"version":0}}],"total":4}
*************** response log end ***************

[2018-02-12 09:51:44.047] [INFO] resLogger - 
*************** response log start ***************
request method: OPTIONS
request originalUrl:  /api/order/saveOrder?token=eyJhbGciOiJIUzI1NiIsInR5cCI6IkpXVCJ9.eyJkYXRhIjp7ImlkIjoiZjMwMzI3YzItNjhlZS00YzU0LWE3N2QtYjYxZDA5NWNmM2IyIiwibmFtZSI6ImFkbWluIiwiZ2VuZGVyIjp0cnVlLCJlbWFpbCI6IjM3ODMzODYyN0BxcS5jb20ifSwiaWF0IjoxNTE4Mzk2ODIxLCJleHAiOjE1MTg0ODMyMjF9.hwfH5aZi0DhPPwMJSwXuzFWOLIJzh1VbKyVC_HklxbY
request client ip:  ::ffff:127.0.0.1
request body: 
{}
response time: 4
response status: 204
response body: 
undefined
*************** response log end ***************

[2018-02-12 09:51:45.248] [INFO] resLogger - 
*************** response log start ***************
request method: POST
request originalUrl:  /api/order/saveOrder?token=eyJhbGciOiJIUzI1NiIsInR5cCI6IkpXVCJ9.eyJkYXRhIjp7ImlkIjoiZjMwMzI3YzItNjhlZS00YzU0LWE3N2QtYjYxZDA5NWNmM2IyIiwibmFtZSI6ImFkbWluIiwiZ2VuZGVyIjp0cnVlLCJlbWFpbCI6IjM3ODMzODYyN0BxcS5jb20ifSwiaWF0IjoxNTE4Mzk2ODIxLCJleHAiOjE1MTg0ODMyMjF9.hwfH5aZi0DhPPwMJSwXuzFWOLIJzh1VbKyVC_HklxbY
request client ip:  ::ffff:127.0.0.1
request body: 
{"id":null,"no":null,"custom_name":"建设合同部","custom_phone":"02265266475","incoming_date":"Mon Feb 12 2018","incoming_date_timestamp":1518396075000,"hour":null,"minute":null,"second":null,"custom_position":{"id":"6640be72-8a23-402d-b8bd-032a9628e3f3","corporationId":"53fa2bd9-bc42-4582-a5c3-38f8d8dad229","building":{"name":"商务大厦北楼","address":"北","minfloor":1,"maxfloor":15,"status":1,"id":"6a9bcf38-e15c-4669-8dbd-bd48bfad4623","createdAt":1515633153519,"updatedAt":1515633153519,"version":0},"floor":9,"position":"全部","status":1,"union":"商务大厦北楼9层全部"},"business_description":null,"remark":null,"group":"f0c37d6d-c922-4617-befd-aa51ad85d7c5","corporation":{"id":"53fa2bd9-bc42-4582-a5c3-38f8d8dad229","name":"建设公司","description":"建设公司","group":{"name":"控股","description":"group2","status":1,"id":"f0c37d6d-c922-4617-befd-aa51ad85d7c5","createdAt":1515633152227,"updatedAt":1515633152227,"version":0},"status":1},"needs":"[{\"type\":{\"id\":\"273f11bf-51a4-4331-9f71-f209625da820\",\"name\":\"软件\",\"code\":\"SOFTWARE\"},\"equipment\":{\"name\":\"办公软件\",\"value\":\"办公软件\"},\"op\":{\"id\":\"ecfa895f-c9fe-4ec2-9839-b4f3b85cdf9e\",\"name\":\"安装\",\"code\":\"SETUP\"},\"no\":1}]","workerOrders":[{"id":"","no":"","custom_name":"建设合同部","custom_phone":"02265266475","incoming_date_timestamp":1518396075000,"incoming_date":"2018-02-12T01:11:15.000Z","incoming_date_time":{"hour":8,"minute":41,"second":15},"custom_position":{"id":"6640be72-8a23-402d-b8bd-032a9628e3f3","corporationId":"53fa2bd9-bc42-4582-a5c3-38f8d8dad229","building":{"name":"商务大厦北楼","address":"北","minfloor":1,"maxfloor":15,"status":1,"id":"6a9bcf38-e15c-4669-8dbd-bd48bfad4623","createdAt":1515633153519,"updatedAt":1515633153519,"version":0},"floor":9,"position":"全部","status":1,"union":"商务大厦北楼9层全部"},"corporation":{"id":"53fa2bd9-bc42-4582-a5c3-38f8d8dad229","name":"建设公司","description":"建设公司","group":{"name":"控股","description":"group2","status":1,"id":"f0c37d6d-c922-4617-befd-aa51ad85d7c5","createdAt":1515633152227,"updatedAt":1515633152227,"version":0},"status":1},"important":false,"arrive_date_timestamp":1518396075000,"arrive_date":"2018-02-12T01:11:15.000Z","arrive_date_time":{"hour":8,"minute":41,"second":15},"finish_date_timestamp":1518397875000,"finish_date":"2018-02-12T01:11:15.000Z","finish_date_time":{"hour":9,"minute":11,"second":15},"worker":"e096a454-4426-400f-92ad-9726744236c0","type":{"id":"273f11bf-51a4-4331-9f71-f209625da820","name":"软件","code":"SOFTWARE"},"equipment":{"name":"办公软件","value":"办公软件"},"op":{"id":"ecfa895f-c9fe-4ec2-9839-b4f3b85cdf9e","name":"安装","code":"SETUP"},"checked":true,"showArriveDate":true,"showFinishDate":true,"showWorker":true,"remark":"","call_date_timestamp":1518396075000,"call_date":"2018-02-12T01:11:15.000Z","call_date_time":{"hour":8,"minute":41,"second":15},"order":null,"businessContent":null,"isCompleteOperation":true}]}
response time: 1145
response status: 200
response body: 
{"status":0,"message":"新增成功！"}
*************** response log end ***************

[2018-02-12 09:51:45.383] [INFO] resLogger - 
*************** response log start ***************
request method: GET
request originalUrl:  /api/order/list/page/1/time/1518364800000?token=eyJhbGciOiJIUzI1NiIsInR5cCI6IkpXVCJ9.eyJkYXRhIjp7ImlkIjoiZjMwMzI3YzItNjhlZS00YzU0LWE3N2QtYjYxZDA5NWNmM2IyIiwibmFtZSI6ImFkbWluIiwiZ2VuZGVyIjp0cnVlLCJlbWFpbCI6IjM3ODMzODYyN0BxcS5jb20ifSwiaWF0IjoxNTE4Mzk2ODIxLCJleHAiOjE1MTg0ODMyMjF9.hwfH5aZi0DhPPwMJSwXuzFWOLIJzh1VbKyVC_HklxbY
request client ip:  ::ffff:127.0.0.1
request query:  {"token":"eyJhbGciOiJIUzI1NiIsInR5cCI6IkpXVCJ9.eyJkYXRhIjp7ImlkIjoiZjMwMzI3YzItNjhlZS00YzU0LWE3N2QtYjYxZDA5NWNmM2IyIiwibmFtZSI6ImFkbWluIiwiZ2VuZGVyIjp0cnVlLCJlbWFpbCI6IjM3ODMzODYyN0BxcS5jb20ifSwiaWF0IjoxNTE4Mzk2ODIxLCJleHAiOjE1MTg0ODMyMjF9.hwfH5aZi0DhPPwMJSwXuzFWOLIJzh1VbKyVC_HklxbY"}
response time: 41
response status: 200
response body: 
{"status":0,"data":[{"no":"20180212000","custom_name":"建设合同部","custom_phone":"02265266475","incoming_time":1518396075000,"custom_corporation":"53fa2bd9-bc42-4582-a5c3-38f8d8dad229","custom_position":"6640be72-8a23-402d-b8bd-032a9628e3f3","remark":null,"status":1,"needs":"[{\"type\":{\"id\":\"273f11bf-51a4-4331-9f71-f209625da820\",\"name\":\"软件\",\"code\":\"SOFTWARE\"},\"equipment\":{\"name\":\"办公软件\",\"value\":\"办公软件\"},\"op\":{\"id\":\"ecfa895f-c9fe-4ec2-9839-b4f3b85cdf9e\",\"name\":\"安装\",\"code\":\"SETUP\"},\"no\":1}]","id":"74167542-f9b5-4f83-9503-dc1349bc0a1c","createdAt":1518400304431,"updatedAt":1518400304431,"version":0,"corporation":{"name":"建设公司","description":"建设公司","status":1,"groupId":"f0c37d6d-c922-4617-befd-aa51ad85d7c5","id":"53fa2bd9-bc42-4582-a5c3-38f8d8dad229","createdAt":1515633158488,"updatedAt":1515633158488,"version":0},"corpBuilding":{"corporationId":"53fa2bd9-bc42-4582-a5c3-38f8d8dad229","buildingId":"6a9bcf38-e15c-4669-8dbd-bd48bfad4623","floor":9,"position":"A","status":1,"id":"6640be72-8a23-402d-b8bd-032a9628e3f3","createdAt":1515633161243,"updatedAt":1515633161243,"version":0,"building":{"name":"商务大厦北楼","address":"北","minfloor":1,"maxfloor":15,"status":1,"id":"6a9bcf38-e15c-4669-8dbd-bd48bfad4623","createdAt":1515633153519,"updatedAt":1515633153519,"version":0}}}],"total":1}
*************** response log end ***************

[2018-02-12 09:51:49.964] [INFO] resLogger - 
*************** response log start ***************
request method: GET
request originalUrl:  /api/operation/list_week/time/1518400309729?token=eyJhbGciOiJIUzI1NiIsInR5cCI6IkpXVCJ9.eyJkYXRhIjp7ImlkIjoiZjMwMzI3YzItNjhlZS00YzU0LWE3N2QtYjYxZDA5NWNmM2IyIiwibmFtZSI6ImFkbWluIiwiZ2VuZGVyIjp0cnVlLCJlbWFpbCI6IjM3ODMzODYyN0BxcS5jb20ifSwiaWF0IjoxNTE4Mzk2ODIxLCJleHAiOjE1MTg0ODMyMjF9.hwfH5aZi0DhPPwMJSwXuzFWOLIJzh1VbKyVC_HklxbY
request client ip:  ::ffff:127.0.0.1
request query:  {"token":"eyJhbGciOiJIUzI1NiIsInR5cCI6IkpXVCJ9.eyJkYXRhIjp7ImlkIjoiZjMwMzI3YzItNjhlZS00YzU0LWE3N2QtYjYxZDA5NWNmM2IyIiwibmFtZSI6ImFkbWluIiwiZ2VuZGVyIjp0cnVlLCJlbWFpbCI6IjM3ODMzODYyN0BxcS5jb20ifSwiaWF0IjoxNTE4Mzk2ODIxLCJleHAiOjE1MTg0ODMyMjF9.hwfH5aZi0DhPPwMJSwXuzFWOLIJzh1VbKyVC_HklxbY"}
response time: 176
response status: 200
response body: 
{"status":0,"data":[{"days":"20180212","count":1,"weekname":"星期一"},{"days":"20180213","count":0,"weekname":"星期二"},{"days":"20180214","count":0,"weekname":"星期三"},{"days":"20180215","count":0,"weekname":"星期四"},{"days":"20180216","count":0,"weekname":"星期五"},{"days":"20180217","count":0,"weekname":"星期六"},{"days":"20180218","count":0,"weekname":"星期日"}]}
*************** response log end ***************

[2018-02-12 09:51:49.988] [INFO] resLogger - 
*************** response log start ***************
request method: GET
request originalUrl:  /api/operation/list/time/1518400309725?token=eyJhbGciOiJIUzI1NiIsInR5cCI6IkpXVCJ9.eyJkYXRhIjp7ImlkIjoiZjMwMzI3YzItNjhlZS00YzU0LWE3N2QtYjYxZDA5NWNmM2IyIiwibmFtZSI6ImFkbWluIiwiZ2VuZGVyIjp0cnVlLCJlbWFpbCI6IjM3ODMzODYyN0BxcS5jb20ifSwiaWF0IjoxNTE4Mzk2ODIxLCJleHAiOjE1MTg0ODMyMjF9.hwfH5aZi0DhPPwMJSwXuzFWOLIJzh1VbKyVC_HklxbY
request client ip:  ::ffff:127.0.0.1
request query:  {"token":"eyJhbGciOiJIUzI1NiIsInR5cCI6IkpXVCJ9.eyJkYXRhIjp7ImlkIjoiZjMwMzI3YzItNjhlZS00YzU0LWE3N2QtYjYxZDA5NWNmM2IyIiwibmFtZSI6ImFkbWluIiwiZ2VuZGVyIjp0cnVlLCJlbWFpbCI6IjM3ODMzODYyN0BxcS5jb20ifSwiaWF0IjoxNTE4Mzk2ODIxLCJleHAiOjE1MTg0ODMyMjF9.hwfH5aZi0DhPPwMJSwXuzFWOLIJzh1VbKyVC_HklxbY"}
response time: 258
response status: 200
response body: 
{"status":0,"data":[{"orderId":"74167542-f9b5-4f83-9503-dc1349bc0a1c","important":false,"op":"ecfa895f-c9fe-4ec2-9839-b4f3b85cdf9e","no":"20180212000","create_time":1518396075000,"remark":"","status":1,"id":"bb80e5a5-ee60-4812-8177-76d9b9eec13d","createdAt":1518400304765,"updatedAt":1518400304765,"version":0,"order":{"no":"20180212000","custom_name":"建设合同部","custom_phone":"02265266475","incoming_time":1518396075000,"custom_corporation":"53fa2bd9-bc42-4582-a5c3-38f8d8dad229","custom_position":"6640be72-8a23-402d-b8bd-032a9628e3f3","remark":null,"status":1,"needs":"[{\"type\":{\"id\":\"273f11bf-51a4-4331-9f71-f209625da820\",\"name\":\"软件\",\"code\":\"SOFTWARE\"},\"equipment\":{\"name\":\"办公软件\",\"value\":\"办公软件\"},\"op\":{\"id\":\"ecfa895f-c9fe-4ec2-9839-b4f3b85cdf9e\",\"name\":\"安装\",\"code\":\"SETUP\"},\"no\":1}]","id":"74167542-f9b5-4f83-9503-dc1349bc0a1c","createdAt":1518400304431,"updatedAt":1518400304431,"version":0,"corporation":{"name":"建设公司","description":"建设公司","status":1,"groupId":"f0c37d6d-c922-4617-befd-aa51ad85d7c5","id":"53fa2bd9-bc42-4582-a5c3-38f8d8dad229","createdAt":1515633158488,"updatedAt":1515633158488,"version":0},"corpBuilding":{"corporationId":"53fa2bd9-bc42-4582-a5c3-38f8d8dad229","buildingId":"6a9bcf38-e15c-4669-8dbd-bd48bfad4623","floor":9,"position":"A","status":1,"id":"6640be72-8a23-402d-b8bd-032a9628e3f3","createdAt":1515633161243,"updatedAt":1515633161243,"version":0,"building":{"name":"商务大厦北楼","address":"北","minfloor":1,"maxfloor":15,"status":1,"id":"6a9bcf38-e15c-4669-8dbd-bd48bfad4623","createdAt":1515633153519,"updatedAt":1515633153519,"version":0}}},"businessContent":{"type":"SOFTWARE","equipment":"办公软件","operation":"SETUP","isAdvanced":null,"weight":5,"remark":null,"status":1,"id":"ecfa895f-c9fe-4ec2-9839-b4f3b85cdf9e","createdAt":1516002982382,"updatedAt":1516002982382,"version":0},"actions":[{"operationId":"bb80e5a5-ee60-4812-8177-76d9b9eec13d","call_time":1518396075000,"start_time":1518396075000,"end_time":1518397875000,"worker":"e096a454-4426-400f-92ad-9726744236c0","operationStart":null,"operationComplete":1,"status":1,"id":"729729cd-e5cd-41eb-8988-f1c15a7af8ee","createdAt":1518400305196,"updatedAt":1518400305196,"version":0,"user":{"name":"朱亚亮","email":"378338627@qq.com","phone":"15822927208","password":"$2a$10$tkDWWL9Mkz9AUFRa.zS/suzNbr.PYt8dYnZloNBj4mkVHyh/kIvM6","gender":true,"token":null,"canLogin":true,"status":1,"roleId":null,"id":"e096a454-4426-400f-92ad-9726744236c0","createdAt":1515633151464,"updatedAt":1515633151464,"version":0}}]}]}
*************** response log end ***************

[2018-02-12 09:51:50.183] [INFO] resLogger - 
*************** response log start ***************
request method: GET
request originalUrl:  /api/operation/list_month_worker/time/1518400309732?token=eyJhbGciOiJIUzI1NiIsInR5cCI6IkpXVCJ9.eyJkYXRhIjp7ImlkIjoiZjMwMzI3YzItNjhlZS00YzU0LWE3N2QtYjYxZDA5NWNmM2IyIiwibmFtZSI6ImFkbWluIiwiZ2VuZGVyIjp0cnVlLCJlbWFpbCI6IjM3ODMzODYyN0BxcS5jb20ifSwiaWF0IjoxNTE4Mzk2ODIxLCJleHAiOjE1MTg0ODMyMjF9.hwfH5aZi0DhPPwMJSwXuzFWOLIJzh1VbKyVC_HklxbY
request client ip:  ::ffff:127.0.0.1
request query:  {"token":"eyJhbGciOiJIUzI1NiIsInR5cCI6IkpXVCJ9.eyJkYXRhIjp7ImlkIjoiZjMwMzI3YzItNjhlZS00YzU0LWE3N2QtYjYxZDA5NWNmM2IyIiwibmFtZSI6ImFkbWluIiwiZ2VuZGVyIjp0cnVlLCJlbWFpbCI6IjM3ODMzODYyN0BxcS5jb20ifSwiaWF0IjoxNTE4Mzk2ODIxLCJleHAiOjE1MTg0ODMyMjF9.hwfH5aZi0DhPPwMJSwXuzFWOLIJzh1VbKyVC_HklxbY"}
response time: 390
response status: 200
response body: 
{"status":0,"data":[{"user":"张赫","count":1},{"user":"张赫","count":1},{"user":"张赫","count":1},{"user":"张赫","count":1},{"user":"张赫","count":1},{"user":"张赫","count":1},{"user":"张赫","count":1},{"user":"张赫","count":1},{"user":"张赫","count":1},{"user":"张赫","count":1},{"user":"张赫","count":1},{"user":"张赫","count":1},{"user":"张赫","count":1},{"user":"张赫","count":1},{"user":"张赫","count":1},{"user":"张赫","count":1},{"user":"张赫","count":1},{"user":"张赫","count":1},{"user":"张赫","count":1},{"user":"张赫","count":1},{"user":"张赫","count":1},{"user":"张赫","count":1},{"user":"张赫","count":1},{"user":"张赫","count":1},{"user":"张赫","count":1},{"user":"张赫","count":1},{"user":"张赫","count":1},{"user":"张赫","count":1},{"user":"张赫","count":1},{"user":"张赫","count":1},{"user":"张赫","count":1},{"user":"张赫","count":1},{"user":"张赫","count":1},{"user":"张赫","count":1},{"user":"张赫","count":1},{"user":"朱亚亮","count":1},{"user":"朱亚亮","count":1},{"user":"朱亚亮","count":1},{"user":"朱亚亮","count":1},{"user":"朱亚亮","count":1},{"user":"朱亚亮","count":1},{"user":"朱亚亮","count":1},{"user":"朱亚亮","count":1},{"user":"朱亚亮","count":1},{"user":"朱亚亮","count":1},{"user":"朱亚亮","count":1},{"user":"朱亚亮","count":1},{"user":"朱亚亮","count":1},{"user":"朱亚亮","count":2},{"user":"朱亚亮","count":1},{"user":"朱亚亮","count":1}]}
*************** response log end ***************

[2018-02-12 09:51:50.192] [INFO] resLogger - 
*************** response log start ***************
request method: GET
request originalUrl:  /api/action/list/time/1518400309727?token=eyJhbGciOiJIUzI1NiIsInR5cCI6IkpXVCJ9.eyJkYXRhIjp7ImlkIjoiZjMwMzI3YzItNjhlZS00YzU0LWE3N2QtYjYxZDA5NWNmM2IyIiwibmFtZSI6ImFkbWluIiwiZ2VuZGVyIjp0cnVlLCJlbWFpbCI6IjM3ODMzODYyN0BxcS5jb20ifSwiaWF0IjoxNTE4Mzk2ODIxLCJleHAiOjE1MTg0ODMyMjF9.hwfH5aZi0DhPPwMJSwXuzFWOLIJzh1VbKyVC_HklxbY
request client ip:  ::ffff:127.0.0.1
request query:  {"token":"eyJhbGciOiJIUzI1NiIsInR5cCI6IkpXVCJ9.eyJkYXRhIjp7ImlkIjoiZjMwMzI3YzItNjhlZS00YzU0LWE3N2QtYjYxZDA5NWNmM2IyIiwibmFtZSI6ImFkbWluIiwiZ2VuZGVyIjp0cnVlLCJlbWFpbCI6IjM3ODMzODYyN0BxcS5jb20ifSwiaWF0IjoxNTE4Mzk2ODIxLCJleHAiOjE1MTg0ODMyMjF9.hwfH5aZi0DhPPwMJSwXuzFWOLIJzh1VbKyVC_HklxbY"}
response time: 418
response status: 200
response body: 
{"status":0,"data":[{"operationId":"bb80e5a5-ee60-4812-8177-76d9b9eec13d","call_time":1518396075000,"start_time":1518396075000,"end_time":1518397875000,"worker":"e096a454-4426-400f-92ad-9726744236c0","operationStart":null,"operationComplete":1,"status":1,"id":"729729cd-e5cd-41eb-8988-f1c15a7af8ee","createdAt":1518400305196,"updatedAt":1518400305196,"version":0,"operation":{"orderId":"74167542-f9b5-4f83-9503-dc1349bc0a1c","important":false,"op":"ecfa895f-c9fe-4ec2-9839-b4f3b85cdf9e","no":"20180212000","create_time":1518396075000,"remark":"","status":1,"id":"bb80e5a5-ee60-4812-8177-76d9b9eec13d","createdAt":1518400304765,"updatedAt":1518400304765,"version":0,"order":{"no":"20180212000","custom_name":"建设合同部","custom_phone":"02265266475","incoming_time":1518396075000,"custom_corporation":"53fa2bd9-bc42-4582-a5c3-38f8d8dad229","custom_position":"6640be72-8a23-402d-b8bd-032a9628e3f3","remark":null,"status":1,"needs":"[{\"type\":{\"id\":\"273f11bf-51a4-4331-9f71-f209625da820\",\"name\":\"软件\",\"code\":\"SOFTWARE\"},\"equipment\":{\"name\":\"办公软件\",\"value\":\"办公软件\"},\"op\":{\"id\":\"ecfa895f-c9fe-4ec2-9839-b4f3b85cdf9e\",\"name\":\"安装\",\"code\":\"SETUP\"},\"no\":1}]","id":"74167542-f9b5-4f83-9503-dc1349bc0a1c","createdAt":1518400304431,"updatedAt":1518400304431,"version":0,"corporation":{"name":"建设公司","description":"建设公司","status":1,"groupId":"f0c37d6d-c922-4617-befd-aa51ad85d7c5","id":"53fa2bd9-bc42-4582-a5c3-38f8d8dad229","createdAt":1515633158488,"updatedAt":1515633158488,"version":0}},"businessContent":{"type":"SOFTWARE","equipment":"办公软件","operation":"SETUP","isAdvanced":null,"weight":5,"remark":null,"status":1,"id":"ecfa895f-c9fe-4ec2-9839-b4f3b85cdf9e","createdAt":1516002982382,"updatedAt":1516002982382,"version":0,"equipOp":{"name":"安装","code":"SETUP","id":"a1827017-987a-4fea-89c4-5742c40cbc3e","createdAt":1515633163145,"updatedAt":1515633163145,"version":0}}},"user":{"name":"朱亚亮","email":"378338627@qq.com","phone":"15822927208","password":"$2a$10$tkDWWL9Mkz9AUFRa.zS/suzNbr.PYt8dYnZloNBj4mkVHyh/kIvM6","gender":true,"token":null,"canLogin":true,"status":1,"roleId":null,"id":"e096a454-4426-400f-92ad-9726744236c0","createdAt":1515633151464,"updatedAt":1515633151464,"version":0}}]}
*************** response log end ***************

[2018-02-12 09:51:50.214] [INFO] resLogger - 
*************** response log start ***************
request method: GET
request originalUrl:  /api/operation/list_month_worker_time/time/1518400309735?token=eyJhbGciOiJIUzI1NiIsInR5cCI6IkpXVCJ9.eyJkYXRhIjp7ImlkIjoiZjMwMzI3YzItNjhlZS00YzU0LWE3N2QtYjYxZDA5NWNmM2IyIiwibmFtZSI6ImFkbWluIiwiZ2VuZGVyIjp0cnVlLCJlbWFpbCI6IjM3ODMzODYyN0BxcS5jb20ifSwiaWF0IjoxNTE4Mzk2ODIxLCJleHAiOjE1MTg0ODMyMjF9.hwfH5aZi0DhPPwMJSwXuzFWOLIJzh1VbKyVC_HklxbY
request client ip:  ::ffff:127.0.0.1
request query:  {"token":"eyJhbGciOiJIUzI1NiIsInR5cCI6IkpXVCJ9.eyJkYXRhIjp7ImlkIjoiZjMwMzI3YzItNjhlZS00YzU0LWE3N2QtYjYxZDA5NWNmM2IyIiwibmFtZSI6ImFkbWluIiwiZ2VuZGVyIjp0cnVlLCJlbWFpbCI6IjM3ODMzODYyN0BxcS5jb20ifSwiaWF0IjoxNTE4Mzk2ODIxLCJleHAiOjE1MTg0ODMyMjF9.hwfH5aZi0DhPPwMJSwXuzFWOLIJzh1VbKyVC_HklxbY"}
response time: 369
response status: 200
response body: 
{"status":0,"data":[{"user":"张赫","count":36960000},{"user":"朱亚亮","count":28447000}]}
*************** response log end ***************

[2018-02-12 09:51:50.215] [INFO] resLogger - 
*************** response log start ***************
request method: GET
request originalUrl:  /api/operation/list_month_corporation_count/time/1518400309738?token=eyJhbGciOiJIUzI1NiIsInR5cCI6IkpXVCJ9.eyJkYXRhIjp7ImlkIjoiZjMwMzI3YzItNjhlZS00YzU0LWE3N2QtYjYxZDA5NWNmM2IyIiwibmFtZSI6ImFkbWluIiwiZ2VuZGVyIjp0cnVlLCJlbWFpbCI6IjM3ODMzODYyN0BxcS5jb20ifSwiaWF0IjoxNTE4Mzk2ODIxLCJleHAiOjE1MTg0ODMyMjF9.hwfH5aZi0DhPPwMJSwXuzFWOLIJzh1VbKyVC_HklxbY
request client ip:  ::ffff:127.0.0.1
request query:  {"token":"eyJhbGciOiJIUzI1NiIsInR5cCI6IkpXVCJ9.eyJkYXRhIjp7ImlkIjoiZjMwMzI3YzItNjhlZS00YzU0LWE3N2QtYjYxZDA5NWNmM2IyIiwibmFtZSI6ImFkbWluIiwiZ2VuZGVyIjp0cnVlLCJlbWFpbCI6IjM3ODMzODYyN0BxcS5jb20ifSwiaWF0IjoxNTE4Mzk2ODIxLCJleHAiOjE1MTg0ODMyMjF9.hwfH5aZi0DhPPwMJSwXuzFWOLIJzh1VbKyVC_HklxbY"}
response time: 358
response status: 200
response body: 
{"status":0,"data":[{"name":"信息管线公司","count":9},{"name":"公共事业公司","count":5},{"name":"园区运营公司","count":1},{"name":"园林公司","count":3},{"name":"基金公司","count":7},{"name":"建设公司","count":14},{"name":"投资公司","count":1},{"name":"控股公司","count":3},{"name":"港务公司","count":1},{"name":"粮交所","count":1},{"name":"置地公司","count":2},{"name":"融资租赁公司","count":2},{"name":"铁路公司","count":2}]}
*************** response log end ***************

