[2017-07-09 09:26:08.576] [INFO] resLogger - 
*************** response log start ***************
request method: GET
request originalUrl:  /api/user/eyJhbGciOiJIUzI1NiIsInR5cCI6IkpXVCJ9.eyJkYXRhIjp7ImlkIjoiYjZmYWJlNDYtZTlmNS00NGZlLTkyMzYtODY2MjRkMzQyMTY1IiwibmFtZSI6ImFkbWluIiwiZ2VuZGVyIjp0cnVlLCJlbWFpbCI6IjM3ODMzODYyN0BxcS5jb20ifSwiaWF0IjoxNDk5NTYxMTUyLCJleHAiOjE0OTk2NDc1NTJ9.OZFRdXxeP2TR0xyPpMR_6yJgNhAhlucBOAT2mVUdfKk
request client ip:  ::ffff:127.0.0.1
request query:  {}
response time: 161
response status: 200
response body: 
{"status":0,"data":{"name":"admin","email":"378338627@qq.com","password":"$2a$10$FNCDVOCK4wLk1hIJqHTWlu5N1.frRtUYAt.V/RLZorxWuTWTea/3W","gender":true,"token":"eyJhbGciOiJIUzI1NiIsInR5cCI6IkpXVCJ9.eyJkYXRhIjp7ImlkIjoiYjZmYWJlNDYtZTlmNS00NGZlLTkyMzYtODY2MjRkMzQyMTY1IiwibmFtZSI6ImFkbWluIiwiZ2VuZGVyIjp0cnVlLCJlbWFpbCI6IjM3ODMzODYyN0BxcS5jb20ifSwiaWF0IjoxNDk5NTYxMTUyLCJleHAiOjE0OTk2NDc1NTJ9.OZFRdXxeP2TR0xyPpMR_6yJgNhAhlucBOAT2mVUdfKk","id":"b6fabe46-e9f5-44fe-9236-86624d342165","createdAt":1499418880181,"updatedAt":1499418880181,"version":0}}
*************** response log end ***************

[2017-07-09 09:29:10.250] [INFO] resLogger - 
*************** response log start ***************
request method: GET
request originalUrl:  /api/user/eyJhbGciOiJIUzI1NiIsInR5cCI6IkpXVCJ9.eyJkYXRhIjp7ImlkIjoiYjZmYWJlNDYtZTlmNS00NGZlLTkyMzYtODY2MjRkMzQyMTY1IiwibmFtZSI6ImFkbWluIiwiZ2VuZGVyIjp0cnVlLCJlbWFpbCI6IjM3ODMzODYyN0BxcS5jb20ifSwiaWF0IjoxNDk5NTYxMTUyLCJleHAiOjE0OTk2NDc1NTJ9.OZFRdXxeP2TR0xyPpMR_6yJgNhAhlucBOAT2mVUdfKk
request client ip:  ::ffff:127.0.0.1
request query:  {}
response time: 189
response status: 200
response body: 
{"status":0,"data":{"name":"admin","email":"378338627@qq.com","password":"$2a$10$FNCDVOCK4wLk1hIJqHTWlu5N1.frRtUYAt.V/RLZorxWuTWTea/3W","gender":true,"token":"eyJhbGciOiJIUzI1NiIsInR5cCI6IkpXVCJ9.eyJkYXRhIjp7ImlkIjoiYjZmYWJlNDYtZTlmNS00NGZlLTkyMzYtODY2MjRkMzQyMTY1IiwibmFtZSI6ImFkbWluIiwiZ2VuZGVyIjp0cnVlLCJlbWFpbCI6IjM3ODMzODYyN0BxcS5jb20ifSwiaWF0IjoxNDk5NTYxMTUyLCJleHAiOjE0OTk2NDc1NTJ9.OZFRdXxeP2TR0xyPpMR_6yJgNhAhlucBOAT2mVUdfKk","id":"b6fabe46-e9f5-44fe-9236-86624d342165","createdAt":1499418880181,"updatedAt":1499418880181,"version":0}}
*************** response log end ***************

[2017-07-09 09:35:48.394] [INFO] resLogger - 
*************** response log start ***************
request method: GET
request originalUrl:  /api/address/list
request client ip:  ::1
request query:  {}
response time: 12
response status: 404
response body: 
undefined
*************** response log end ***************

[2017-07-09 09:35:48.659] [INFO] resLogger - 
*************** response log start ***************
request method: GET
request originalUrl:  /favicon.ico
request client ip:  ::1
request query:  {}
response time: 8
response status: 404
response body: 
undefined
*************** response log end ***************

[2017-07-09 09:36:23.485] [INFO] resLogger - 
*************** response log start ***************
request method: GET
request originalUrl:  /api/buildings/list
request client ip:  ::1
request query:  {}
response time: 280
response status: 200
response body: 
{"status":0,"data":[]}
*************** response log end ***************

[2017-07-09 09:37:59.815] [INFO] resLogger - 
*************** response log start ***************
request method: GET
request originalUrl:  /api/buildings/list
request client ip:  ::1
request query:  {}
response time: 22
response status: 200
response body: 
{"name":"needLogin","status":10004,"message":"请先登录"}
*************** response log end ***************

[2017-07-09 09:43:59.375] [INFO] resLogger - 
*************** response log start ***************
request method: GET
request originalUrl:  /api/buildings/list
request client ip:  ::1
request query:  {}
response time: 21
response status: 200
response body: 
{"status":500}
*************** response log end ***************

[2017-07-09 09:44:27.170] [INFO] resLogger - 
*************** response log start ***************
request method: GET
request originalUrl:  /api/buildings/list
request client ip:  ::ffff:127.0.0.1
request query:  {}
response time: 29
response status: 200
response body: 
{"name":"jwtError","status":10003,"message":"身份验证错误"}
*************** response log end ***************

[2017-07-09 09:45:02.420] [INFO] resLogger - 
*************** response log start ***************
request method: GET
request originalUrl:  /api/user/eyJhbGciOiJIUzI1NiIsInR5cCI6IkpXVCJ9.eyJkYXRhIjp7ImlkIjoiYjZmYWJlNDYtZTlmNS00NGZlLTkyMzYtODY2MjRkMzQyMTY1IiwibmFtZSI6ImFkbWluIiwiZ2VuZGVyIjp0cnVlLCJlbWFpbCI6IjM3ODMzODYyN0BxcS5jb20ifSwiaWF0IjoxNDk5NTYxMTUyLCJleHAiOjE0OTk2NDc1NTJ9.OZFRdXxeP2TR0xyPpMR_6yJgNhAhlucBOAT2mVUdfKk
request client ip:  ::ffff:127.0.0.1
request query:  {}
response time: 9
response status: 200
response body: 
{"name":"jwtError","status":10003,"message":"身份验证错误"}
*************** response log end ***************

[2017-07-09 09:45:04.367] [INFO] resLogger - 
*************** response log start ***************
request method: OPTIONS
request originalUrl:  /api/user/login
request client ip:  ::ffff:127.0.0.1
request body: 
{}
response time: 3
response status: 204
response body: 
undefined
*************** response log end ***************

[2017-07-09 09:45:04.870] [INFO] resLogger - 
*************** response log start ***************
request method: POST
request originalUrl:  /api/user/login
request client ip:  ::ffff:127.0.0.1
request body: 
{"username":"admin","password":"admin"}
response time: 479
response status: 200
response body: 
{"status":0,"data":{"name":"admin","email":"378338627@qq.com","password":"$2a$10$FNCDVOCK4wLk1hIJqHTWlu5N1.frRtUYAt.V/RLZorxWuTWTea/3W","gender":true,"token":"eyJhbGciOiJIUzI1NiIsInR5cCI6IkpXVCJ9.eyJkYXRhIjp7ImlkIjoiYjZmYWJlNDYtZTlmNS00NGZlLTkyMzYtODY2MjRkMzQyMTY1IiwibmFtZSI6ImFkbWluIiwiZ2VuZGVyIjp0cnVlLCJlbWFpbCI6IjM3ODMzODYyN0BxcS5jb20ifSwiaWF0IjoxNDk5NTY0NzA0LCJleHAiOjE0OTk2NTExMDR9.7D8PSOeD5ZiM9xJBYbCN5aV-eXfC0GaPW0zNhzPaM4o","id":"b6fabe46-e9f5-44fe-9236-86624d342165","createdAt":1499418880181,"updatedAt":1499564704790,"version":2}}
*************** response log end ***************

[2017-07-09 09:45:04.920] [INFO] resLogger - 
*************** response log start ***************
request method: GET
request originalUrl:  /api/user/eyJhbGciOiJIUzI1NiIsInR5cCI6IkpXVCJ9.eyJkYXRhIjp7ImlkIjoiYjZmYWJlNDYtZTlmNS00NGZlLTkyMzYtODY2MjRkMzQyMTY1IiwibmFtZSI6ImFkbWluIiwiZ2VuZGVyIjp0cnVlLCJlbWFpbCI6IjM3ODMzODYyN0BxcS5jb20ifSwiaWF0IjoxNDk5NTY0NzA0LCJleHAiOjE0OTk2NTExMDR9.7D8PSOeD5ZiM9xJBYbCN5aV-eXfC0GaPW0zNhzPaM4o
request client ip:  ::ffff:127.0.0.1
request query:  {}
response time: 7
response status: 200
response body: 
{"name":"jwtError","status":10003,"message":"身份验证错误"}
*************** response log end ***************

[2017-07-09 09:45:26.089] [INFO] resLogger - 
*************** response log start ***************
request method: OPTIONS
request originalUrl:  /api/user/login
request client ip:  ::ffff:127.0.0.1
request body: 
{}
response time: 2
response status: 204
response body: 
undefined
*************** response log end ***************

[2017-07-09 09:45:26.412] [INFO] resLogger - 
*************** response log start ***************
request method: POST
request originalUrl:  /api/user/login
request client ip:  ::ffff:127.0.0.1
request body: 
{"username":"admin","password":"admin"}
response time: 281
response status: 200
response body: 
{"status":0,"data":{"name":"admin","email":"378338627@qq.com","password":"$2a$10$FNCDVOCK4wLk1hIJqHTWlu5N1.frRtUYAt.V/RLZorxWuTWTea/3W","gender":true,"token":"eyJhbGciOiJIUzI1NiIsInR5cCI6IkpXVCJ9.eyJkYXRhIjp7ImlkIjoiYjZmYWJlNDYtZTlmNS00NGZlLTkyMzYtODY2MjRkMzQyMTY1IiwibmFtZSI6ImFkbWluIiwiZ2VuZGVyIjp0cnVlLCJlbWFpbCI6IjM3ODMzODYyN0BxcS5jb20ifSwiaWF0IjoxNDk5NTY0NzI2LCJleHAiOjE0OTk2NTExMjZ9.A3aRpiyDB8oHx5qgA5THimy6MV7mHU-x_-lAV6MVMW0","id":"b6fabe46-e9f5-44fe-9236-86624d342165","createdAt":1499418880181,"updatedAt":1499564726320,"version":2}}
*************** response log end ***************

[2017-07-09 09:45:26.470] [INFO] resLogger - 
*************** response log start ***************
request method: GET
request originalUrl:  /api/user/eyJhbGciOiJIUzI1NiIsInR5cCI6IkpXVCJ9.eyJkYXRhIjp7ImlkIjoiYjZmYWJlNDYtZTlmNS00NGZlLTkyMzYtODY2MjRkMzQyMTY1IiwibmFtZSI6ImFkbWluIiwiZ2VuZGVyIjp0cnVlLCJlbWFpbCI6IjM3ODMzODYyN0BxcS5jb20ifSwiaWF0IjoxNDk5NTY0NzI2LCJleHAiOjE0OTk2NTExMjZ9.A3aRpiyDB8oHx5qgA5THimy6MV7mHU-x_-lAV6MVMW0
request client ip:  ::ffff:127.0.0.1
request query:  {}
response time: 8
response status: 200
response body: 
{"name":"jwtError","status":10003,"message":"身份验证错误"}
*************** response log end ***************

[2017-07-09 09:47:05.271] [INFO] resLogger - 
*************** response log start ***************
request method: OPTIONS
request originalUrl:  /api/user/login
request client ip:  ::ffff:127.0.0.1
request body: 
{}
response time: 9
response status: 204
response body: 
undefined
*************** response log end ***************

[2017-07-09 09:47:05.763] [INFO] resLogger - 
*************** response log start ***************
request method: POST
request originalUrl:  /api/user/login
request client ip:  ::ffff:127.0.0.1
request body: 
{"username":"admin","password":"admin"}
response time: 451
response status: 200
response body: 
{"status":0,"data":{"name":"admin","email":"378338627@qq.com","password":"$2a$10$FNCDVOCK4wLk1hIJqHTWlu5N1.frRtUYAt.V/RLZorxWuTWTea/3W","gender":true,"token":"eyJhbGciOiJIUzI1NiIsInR5cCI6IkpXVCJ9.eyJkYXRhIjp7ImlkIjoiYjZmYWJlNDYtZTlmNS00NGZlLTkyMzYtODY2MjRkMzQyMTY1IiwibmFtZSI6ImFkbWluIiwiZ2VuZGVyIjp0cnVlLCJlbWFpbCI6IjM3ODMzODYyN0BxcS5jb20ifSwiaWF0IjoxNDk5NTY0ODI1LCJleHAiOjE0OTk2NTEyMjV9.Qbjyopm3g0a5JGYfa7bzmFeUydydJk5C2tqbuIXKlqA","id":"b6fabe46-e9f5-44fe-9236-86624d342165","createdAt":1499418880181,"updatedAt":1499564825686,"version":2}}
*************** response log end ***************

[2017-07-09 09:47:05.851] [INFO] resLogger - 
*************** response log start ***************
request method: GET
request originalUrl:  /api/user/eyJhbGciOiJIUzI1NiIsInR5cCI6IkpXVCJ9.eyJkYXRhIjp7ImlkIjoiYjZmYWJlNDYtZTlmNS00NGZlLTkyMzYtODY2MjRkMzQyMTY1IiwibmFtZSI6ImFkbWluIiwiZ2VuZGVyIjp0cnVlLCJlbWFpbCI6IjM3ODMzODYyN0BxcS5jb20ifSwiaWF0IjoxNDk5NTY0ODI1LCJleHAiOjE0OTk2NTEyMjV9.Qbjyopm3g0a5JGYfa7bzmFeUydydJk5C2tqbuIXKlqA
request client ip:  ::ffff:127.0.0.1
request query:  {}
response time: 45
response status: 200
response body: 
{"status":0,"data":{"name":"admin","email":"378338627@qq.com","password":"$2a$10$FNCDVOCK4wLk1hIJqHTWlu5N1.frRtUYAt.V/RLZorxWuTWTea/3W","gender":true,"token":"eyJhbGciOiJIUzI1NiIsInR5cCI6IkpXVCJ9.eyJkYXRhIjp7ImlkIjoiYjZmYWJlNDYtZTlmNS00NGZlLTkyMzYtODY2MjRkMzQyMTY1IiwibmFtZSI6ImFkbWluIiwiZ2VuZGVyIjp0cnVlLCJlbWFpbCI6IjM3ODMzODYyN0BxcS5jb20ifSwiaWF0IjoxNDk5NTY0ODI1LCJleHAiOjE0OTk2NTEyMjV9.Qbjyopm3g0a5JGYfa7bzmFeUydydJk5C2tqbuIXKlqA","id":"b6fabe46-e9f5-44fe-9236-86624d342165","createdAt":1499418880181,"updatedAt":1499418880181,"version":0}}
*************** response log end ***************

[2017-07-09 09:47:39.027] [INFO] resLogger - 
*************** response log start ***************
request method: GET
request originalUrl:  /api/user/eyJhbGciOiJIUzI1NiIsInR5cCI6IkpXVCJ9.eyJkYXRhIjp7ImlkIjoiYjZmYWJlNDYtZTlmNS00NGZlLTkyMzYtODY2MjRkMzQyMTY1IiwibmFtZSI6ImFkbWluIiwiZ2VuZGVyIjp0cnVlLCJlbWFpbCI6IjM3ODMzODYyN0BxcS5jb20ifSwiaWF0IjoxNDk5NTY0ODI1LCJleHAiOjE0OTk2NTEyMjV9.Qbjyopm3g0a5JGYfa7bzmFeUydydJk5C2tqbuIXKlqA
request client ip:  ::ffff:127.0.0.1
request query:  {}
response time: 45
response status: 200
response body: 
{"name":"jwtError","status":10003,"message":"身份验证错误"}
*************** response log end ***************

[2017-07-09 09:47:46.264] [INFO] resLogger - 
*************** response log start ***************
request method: OPTIONS
request originalUrl:  /api/user/login
request client ip:  ::ffff:127.0.0.1
request body: 
{}
response time: 3
response status: 204
response body: 
undefined
*************** response log end ***************

[2017-07-09 09:47:46.773] [INFO] resLogger - 
*************** response log start ***************
request method: POST
request originalUrl:  /api/user/login
request client ip:  ::ffff:127.0.0.1
request body: 
{"username":"admin","password":"admin"}
response time: 481
response status: 200
response body: 
{"status":0,"data":{"name":"admin","email":"378338627@qq.com","password":"$2a$10$FNCDVOCK4wLk1hIJqHTWlu5N1.frRtUYAt.V/RLZorxWuTWTea/3W","gender":true,"token":"eyJhbGciOiJIUzI1NiIsInR5cCI6IkpXVCJ9.eyJkYXRhIjp7ImlkIjoiYjZmYWJlNDYtZTlmNS00NGZlLTkyMzYtODY2MjRkMzQyMTY1IiwibmFtZSI6ImFkbWluIiwiZ2VuZGVyIjp0cnVlLCJlbWFpbCI6IjM3ODMzODYyN0BxcS5jb20ifSwiaWF0IjoxNDk5NTY0ODY2LCJleHAiOjE0OTk2NTEyNjZ9.RhR-SHIMFAlsCzZoQMLGPx_m8LLexu8KpUpGKLDaFMM","id":"b6fabe46-e9f5-44fe-9236-86624d342165","createdAt":1499418880181,"updatedAt":1499564866626,"version":2}}
*************** response log end ***************

[2017-07-09 09:47:46.804] [INFO] resLogger - 
*************** response log start ***************
request method: GET
request originalUrl:  /api/user/eyJhbGciOiJIUzI1NiIsInR5cCI6IkpXVCJ9.eyJkYXRhIjp7ImlkIjoiYjZmYWJlNDYtZTlmNS00NGZlLTkyMzYtODY2MjRkMzQyMTY1IiwibmFtZSI6ImFkbWluIiwiZ2VuZGVyIjp0cnVlLCJlbWFpbCI6IjM3ODMzODYyN0BxcS5jb20ifSwiaWF0IjoxNDk5NTY0ODY2LCJleHAiOjE0OTk2NTEyNjZ9.RhR-SHIMFAlsCzZoQMLGPx_m8LLexu8KpUpGKLDaFMM
request client ip:  ::ffff:127.0.0.1
request query:  {}
response time: 11
response status: 200
response body: 
{"name":"jwtError","status":10003,"message":"身份验证错误"}
*************** response log end ***************

[2017-07-09 09:48:22.991] [INFO] resLogger - 
*************** response log start ***************
request method: OPTIONS
request originalUrl:  /api/user/login
request client ip:  ::ffff:127.0.0.1
request body: 
{}
response time: 15
response status: 204
response body: 
undefined
*************** response log end ***************

[2017-07-09 09:48:23.573] [INFO] resLogger - 
*************** response log start ***************
request method: POST
request originalUrl:  /api/user/login
request client ip:  ::ffff:127.0.0.1
request body: 
{"username":"admin","password":"admin"}
response time: 529
response status: 200
response body: 
{"status":0,"data":{"name":"admin","email":"378338627@qq.com","password":"$2a$10$FNCDVOCK4wLk1hIJqHTWlu5N1.frRtUYAt.V/RLZorxWuTWTea/3W","gender":true,"token":"eyJhbGciOiJIUzI1NiIsInR5cCI6IkpXVCJ9.eyJkYXRhIjp7ImlkIjoiYjZmYWJlNDYtZTlmNS00NGZlLTkyMzYtODY2MjRkMzQyMTY1IiwibmFtZSI6ImFkbWluIiwiZ2VuZGVyIjp0cnVlLCJlbWFpbCI6IjM3ODMzODYyN0BxcS5jb20ifSwiaWF0IjoxNDk5NTY0OTAzLCJleHAiOjE0OTk2NTEzMDN9.BJahR-iO21qQwJYGmB8PdSKW480eBVw_erKbvF_k1JI","id":"b6fabe46-e9f5-44fe-9236-86624d342165","createdAt":1499418880181,"updatedAt":1499564903455,"version":2}}
*************** response log end ***************

[2017-07-09 09:48:23.675] [INFO] resLogger - 
*************** response log start ***************
request method: GET
request originalUrl:  /api/user/eyJhbGciOiJIUzI1NiIsInR5cCI6IkpXVCJ9.eyJkYXRhIjp7ImlkIjoiYjZmYWJlNDYtZTlmNS00NGZlLTkyMzYtODY2MjRkMzQyMTY1IiwibmFtZSI6ImFkbWluIiwiZ2VuZGVyIjp0cnVlLCJlbWFpbCI6IjM3ODMzODYyN0BxcS5jb20ifSwiaWF0IjoxNDk5NTY0OTAzLCJleHAiOjE0OTk2NTEzMDN9.BJahR-iO21qQwJYGmB8PdSKW480eBVw_erKbvF_k1JI
request client ip:  ::ffff:127.0.0.1
request query:  {}
response time: 14
response status: 200
response body: 
{"name":"jwtError","status":10003,"message":"身份验证错误"}
*************** response log end ***************

[2017-07-09 09:50:22.517] [INFO] resLogger - 
*************** response log start ***************
request method: OPTIONS
request originalUrl:  /api/user/login
request client ip:  ::ffff:127.0.0.1
request body: 
{}
response time: 7
response status: 204
response body: 
undefined
*************** response log end ***************

[2017-07-09 09:50:23.055] [INFO] resLogger - 
*************** response log start ***************
request method: POST
request originalUrl:  /api/user/login
request client ip:  ::ffff:127.0.0.1
request body: 
{"username":"admin","password":"admin"}
response time: 498
response status: 200
response body: 
{"status":0,"data":{"name":"admin","email":"378338627@qq.com","password":"$2a$10$FNCDVOCK4wLk1hIJqHTWlu5N1.frRtUYAt.V/RLZorxWuTWTea/3W","gender":true,"token":"eyJhbGciOiJIUzI1NiIsInR5cCI6IkpXVCJ9.eyJkYXRhIjp7ImlkIjoiYjZmYWJlNDYtZTlmNS00NGZlLTkyMzYtODY2MjRkMzQyMTY1IiwibmFtZSI6ImFkbWluIiwiZ2VuZGVyIjp0cnVlLCJlbWFpbCI6IjM3ODMzODYyN0BxcS5jb20ifSwiaWF0IjoxNDk5NTY1MDIyLCJleHAiOjE0OTk2NTE0MjJ9.oHhUuwjUXxUC0x5uedP_62FGBmVIK8L8FSfS3cu64gg","id":"b6fabe46-e9f5-44fe-9236-86624d342165","createdAt":1499418880181,"updatedAt":1499565022956,"version":2}}
*************** response log end ***************

[2017-07-09 09:50:23.114] [INFO] resLogger - 
*************** response log start ***************
request method: GET
request originalUrl:  /api/user/eyJhbGciOiJIUzI1NiIsInR5cCI6IkpXVCJ9.eyJkYXRhIjp7ImlkIjoiYjZmYWJlNDYtZTlmNS00NGZlLTkyMzYtODY2MjRkMzQyMTY1IiwibmFtZSI6ImFkbWluIiwiZ2VuZGVyIjp0cnVlLCJlbWFpbCI6IjM3ODMzODYyN0BxcS5jb20ifSwiaWF0IjoxNDk5NTY1MDIyLCJleHAiOjE0OTk2NTE0MjJ9.oHhUuwjUXxUC0x5uedP_62FGBmVIK8L8FSfS3cu64gg
request client ip:  ::ffff:127.0.0.1
request query:  {}
response time: 15
response status: 200
response body: 
{"name":"jwtError","status":10003,"message":"身份验证错误"}
*************** response log end ***************

[2017-07-09 09:51:33.487] [INFO] resLogger - 
*************** response log start ***************
request method: OPTIONS
request originalUrl:  /api/user/login
request client ip:  ::ffff:127.0.0.1
request body: 
{}
response time: 3
response status: 204
response body: 
undefined
*************** response log end ***************

[2017-07-09 09:51:33.785] [INFO] resLogger - 
*************** response log start ***************
request method: POST
request originalUrl:  /api/user/login
request client ip:  ::ffff:127.0.0.1
request body: 
{"username":"admin","password":"admin"}
response time: 288
response status: 200
response body: 
{"status":0,"data":{"name":"admin","email":"378338627@qq.com","password":"$2a$10$FNCDVOCK4wLk1hIJqHTWlu5N1.frRtUYAt.V/RLZorxWuTWTea/3W","gender":true,"token":"eyJhbGciOiJIUzI1NiIsInR5cCI6IkpXVCJ9.eyJkYXRhIjp7ImlkIjoiYjZmYWJlNDYtZTlmNS00NGZlLTkyMzYtODY2MjRkMzQyMTY1IiwibmFtZSI6ImFkbWluIiwiZ2VuZGVyIjp0cnVlLCJlbWFpbCI6IjM3ODMzODYyN0BxcS5jb20ifSwiaWF0IjoxNDk5NTY1MDkzLCJleHAiOjE0OTk2NTE0OTN9.fb0ISBXBfp-KFP0TqmydmMC1WDiHZRFH0zRIZLrCalk","id":"b6fabe46-e9f5-44fe-9236-86624d342165","createdAt":1499418880181,"updatedAt":1499565093713,"version":2}}
*************** response log end ***************

[2017-07-09 09:51:54.252] [INFO] resLogger - 
*************** response log start ***************
request method: GET
request originalUrl:  /api/user/eyJhbGciOiJIUzI1NiIsInR5cCI6IkpXVCJ9.eyJkYXRhIjp7ImlkIjoiYjZmYWJlNDYtZTlmNS00NGZlLTkyMzYtODY2MjRkMzQyMTY1IiwibmFtZSI6ImFkbWluIiwiZ2VuZGVyIjp0cnVlLCJlbWFpbCI6IjM3ODMzODYyN0BxcS5jb20ifSwiaWF0IjoxNDk5NTY1MDkzLCJleHAiOjE0OTk2NTE0OTN9.fb0ISBXBfp-KFP0TqmydmMC1WDiHZRFH0zRIZLrCalk
request client ip:  ::ffff:127.0.0.1
request query:  {}
response time: 9
response status: 200
response body: 
{"name":"jwtError","status":10003,"message":"身份验证错误"}
*************** response log end ***************

[2017-07-09 09:54:20.135] [INFO] resLogger - 
*************** response log start ***************
request method: OPTIONS
request originalUrl:  /api/user/login
request client ip:  ::ffff:127.0.0.1
request body: 
{}
response time: 3
response status: 204
response body: 
undefined
*************** response log end ***************

[2017-07-09 09:54:20.399] [INFO] resLogger - 
*************** response log start ***************
request method: POST
request originalUrl:  /api/user/login
request client ip:  ::ffff:127.0.0.1
request body: 
{"username":"admin","password":"admin"}
response time: 258
response status: 200
response body: 
{"status":0,"data":{"name":"admin","email":"378338627@qq.com","password":"$2a$10$FNCDVOCK4wLk1hIJqHTWlu5N1.frRtUYAt.V/RLZorxWuTWTea/3W","gender":true,"token":"eyJhbGciOiJIUzI1NiIsInR5cCI6IkpXVCJ9.eyJkYXRhIjp7ImlkIjoiYjZmYWJlNDYtZTlmNS00NGZlLTkyMzYtODY2MjRkMzQyMTY1IiwibmFtZSI6ImFkbWluIiwiZ2VuZGVyIjp0cnVlLCJlbWFpbCI6IjM3ODMzODYyN0BxcS5jb20ifSwiaWF0IjoxNDk5NTY1MjYwLCJleHAiOjE0OTk2NTE2NjB9.PLuzxsLjL6elX9kWhwxGK2rWjvxF8BgRlJIfFUMEr7M","id":"b6fabe46-e9f5-44fe-9236-86624d342165","createdAt":1499418880181,"updatedAt":1499565260328,"version":2}}
*************** response log end ***************

[2017-07-09 09:54:23.655] [INFO] resLogger - 
*************** response log start ***************
request method: GET
request originalUrl:  /api/user/?token=eyJhbGciOiJIUzI1NiIsInR5cCI6IkpXVCJ9.eyJkYXRhIjp7ImlkIjoiYjZmYWJlNDYtZTlmNS00NGZlLTkyMzYtODY2MjRkMzQyMTY1IiwibmFtZSI6ImFkbWluIiwiZ2VuZGVyIjp0cnVlLCJlbWFpbCI6IjM3ODMzODYyN0BxcS5jb20ifSwiaWF0IjoxNDk5NTY1MjYwLCJleHAiOjE0OTk2NTE2NjB9.PLuzxsLjL6elX9kWhwxGK2rWjvxF8BgRlJIfFUMEr7M
request client ip:  ::ffff:127.0.0.1
request query:  {"token":"eyJhbGciOiJIUzI1NiIsInR5cCI6IkpXVCJ9.eyJkYXRhIjp7ImlkIjoiYjZmYWJlNDYtZTlmNS00NGZlLTkyMzYtODY2MjRkMzQyMTY1IiwibmFtZSI6ImFkbWluIiwiZ2VuZGVyIjp0cnVlLCJlbWFpbCI6IjM3ODMzODYyN0BxcS5jb20ifSwiaWF0IjoxNDk5NTY1MjYwLCJleHAiOjE0OTk2NTE2NjB9.PLuzxsLjL6elX9kWhwxGK2rWjvxF8BgRlJIfFUMEr7M"}
response time: 8
response status: 404
response body: 
undefined
*************** response log end ***************

[2017-07-09 09:55:03.955] [INFO] resLogger - 
*************** response log start ***************
request method: OPTIONS
request originalUrl:  /api/user/login
request client ip:  ::ffff:127.0.0.1
request body: 
{}
response time: 2
response status: 204
response body: 
undefined
*************** response log end ***************

[2017-07-09 09:55:04.225] [INFO] resLogger - 
*************** response log start ***************
request method: POST
request originalUrl:  /api/user/login
request client ip:  ::ffff:127.0.0.1
request body: 
{"username":"admin","password":"admin"}
response time: 260
response status: 200
response body: 
{"status":0,"data":{"name":"admin","email":"378338627@qq.com","password":"$2a$10$FNCDVOCK4wLk1hIJqHTWlu5N1.frRtUYAt.V/RLZorxWuTWTea/3W","gender":true,"token":"eyJhbGciOiJIUzI1NiIsInR5cCI6IkpXVCJ9.eyJkYXRhIjp7ImlkIjoiYjZmYWJlNDYtZTlmNS00NGZlLTkyMzYtODY2MjRkMzQyMTY1IiwibmFtZSI6ImFkbWluIiwiZ2VuZGVyIjp0cnVlLCJlbWFpbCI6IjM3ODMzODYyN0BxcS5jb20ifSwiaWF0IjoxNDk5NTY1MzA0LCJleHAiOjE0OTk2NTE3MDR9.7nUW2uncLXAo19tqCCLUx6eeLQRuGhrzY-Q_IM-bvzc","id":"b6fabe46-e9f5-44fe-9236-86624d342165","createdAt":1499418880181,"updatedAt":1499565304153,"version":2}}
*************** response log end ***************

[2017-07-09 09:55:10.521] [INFO] resLogger - 
*************** response log start ***************
request method: GET
request originalUrl:  /api/user/?token=eyJhbGciOiJIUzI1NiIsInR5cCI6IkpXVCJ9.eyJkYXRhIjp7ImlkIjoiYjZmYWJlNDYtZTlmNS00NGZlLTkyMzYtODY2MjRkMzQyMTY1IiwibmFtZSI6ImFkbWluIiwiZ2VuZGVyIjp0cnVlLCJlbWFpbCI6IjM3ODMzODYyN0BxcS5jb20ifSwiaWF0IjoxNDk5NTY1MzA0LCJleHAiOjE0OTk2NTE3MDR9.7nUW2uncLXAo19tqCCLUx6eeLQRuGhrzY-Q_IM-bvzc
request client ip:  ::ffff:127.0.0.1
request query:  {"token":"eyJhbGciOiJIUzI1NiIsInR5cCI6IkpXVCJ9.eyJkYXRhIjp7ImlkIjoiYjZmYWJlNDYtZTlmNS00NGZlLTkyMzYtODY2MjRkMzQyMTY1IiwibmFtZSI6ImFkbWluIiwiZ2VuZGVyIjp0cnVlLCJlbWFpbCI6IjM3ODMzODYyN0BxcS5jb20ifSwiaWF0IjoxNDk5NTY1MzA0LCJleHAiOjE0OTk2NTE3MDR9.7nUW2uncLXAo19tqCCLUx6eeLQRuGhrzY-Q_IM-bvzc"}
response time: 2
response status: 404
response body: 
undefined
*************** response log end ***************

[2017-07-09 09:55:31.428] [INFO] resLogger - 
*************** response log start ***************
request method: OPTIONS
request originalUrl:  /api/user/login
request client ip:  ::ffff:127.0.0.1
request body: 
{}
response time: 7
response status: 204
response body: 
undefined
*************** response log end ***************

[2017-07-09 09:55:31.678] [INFO] resLogger - 
*************** response log start ***************
request method: POST
request originalUrl:  /api/user/login
request client ip:  ::ffff:127.0.0.1
request body: 
{"username":"admin","password":"admin"}
response time: 247
response status: 200
response body: 
{"status":0,"data":{"name":"admin","email":"378338627@qq.com","password":"$2a$10$FNCDVOCK4wLk1hIJqHTWlu5N1.frRtUYAt.V/RLZorxWuTWTea/3W","gender":true,"token":"eyJhbGciOiJIUzI1NiIsInR5cCI6IkpXVCJ9.eyJkYXRhIjp7ImlkIjoiYjZmYWJlNDYtZTlmNS00NGZlLTkyMzYtODY2MjRkMzQyMTY1IiwibmFtZSI6ImFkbWluIiwiZ2VuZGVyIjp0cnVlLCJlbWFpbCI6IjM3ODMzODYyN0BxcS5jb20ifSwiaWF0IjoxNDk5NTY1MzMxLCJleHAiOjE0OTk2NTE3MzF9.cGBLZTulNP-EY9tJb-LlrxoOt3ZHGYyB5qPPiM_kH4w","id":"b6fabe46-e9f5-44fe-9236-86624d342165","createdAt":1499418880181,"updatedAt":1499565331603,"version":2}}
*************** response log end ***************

[2017-07-09 09:56:17.632] [INFO] resLogger - 
*************** response log start ***************
request method: GET
request originalUrl:  /api/user/?token=eyJhbGciOiJIUzI1NiIsInR5cCI6IkpXVCJ9.eyJkYXRhIjp7ImlkIjoiYjZmYWJlNDYtZTlmNS00NGZlLTkyMzYtODY2MjRkMzQyMTY1IiwibmFtZSI6ImFkbWluIiwiZ2VuZGVyIjp0cnVlLCJlbWFpbCI6IjM3ODMzODYyN0BxcS5jb20ifSwiaWF0IjoxNDk5NTY1MzMxLCJleHAiOjE0OTk2NTE3MzF9.cGBLZTulNP-EY9tJb-LlrxoOt3ZHGYyB5qPPiM_kH4w
request client ip:  ::ffff:127.0.0.1
request query:  {"token":"eyJhbGciOiJIUzI1NiIsInR5cCI6IkpXVCJ9.eyJkYXRhIjp7ImlkIjoiYjZmYWJlNDYtZTlmNS00NGZlLTkyMzYtODY2MjRkMzQyMTY1IiwibmFtZSI6ImFkbWluIiwiZ2VuZGVyIjp0cnVlLCJlbWFpbCI6IjM3ODMzODYyN0BxcS5jb20ifSwiaWF0IjoxNDk5NTY1MzMxLCJleHAiOjE0OTk2NTE3MzF9.cGBLZTulNP-EY9tJb-LlrxoOt3ZHGYyB5qPPiM_kH4w"}
response time: 3
response status: 404
response body: 
undefined
*************** response log end ***************

[2017-07-09 09:56:23.402] [INFO] resLogger - 
*************** response log start ***************
request method: OPTIONS
request originalUrl:  /api/user/login
request client ip:  ::ffff:127.0.0.1
request body: 
{}
response time: 1
response status: 204
response body: 
undefined
*************** response log end ***************

[2017-07-09 09:56:23.657] [INFO] resLogger - 
*************** response log start ***************
request method: POST
request originalUrl:  /api/user/login
request client ip:  ::ffff:127.0.0.1
request body: 
{"username":"admin","password":"admin"}
response time: 240
response status: 200
response body: 
{"status":0,"data":{"name":"admin","email":"378338627@qq.com","password":"$2a$10$FNCDVOCK4wLk1hIJqHTWlu5N1.frRtUYAt.V/RLZorxWuTWTea/3W","gender":true,"token":"eyJhbGciOiJIUzI1NiIsInR5cCI6IkpXVCJ9.eyJkYXRhIjp7ImlkIjoiYjZmYWJlNDYtZTlmNS00NGZlLTkyMzYtODY2MjRkMzQyMTY1IiwibmFtZSI6ImFkbWluIiwiZ2VuZGVyIjp0cnVlLCJlbWFpbCI6IjM3ODMzODYyN0BxcS5jb20ifSwiaWF0IjoxNDk5NTY1MzgzLCJleHAiOjE0OTk2NTE3ODN9.QHm-yYifARlKFRzLR0fEoXrUQwwC-lfSt4Rl8JCGQjA","id":"b6fabe46-e9f5-44fe-9236-86624d342165","createdAt":1499418880181,"updatedAt":1499565383587,"version":2}}
*************** response log end ***************

[2017-07-09 09:56:23.728] [INFO] resLogger - 
*************** response log start ***************
request method: GET
request originalUrl:  /api/user/?token=eyJhbGciOiJIUzI1NiIsInR5cCI6IkpXVCJ9.eyJkYXRhIjp7ImlkIjoiYjZmYWJlNDYtZTlmNS00NGZlLTkyMzYtODY2MjRkMzQyMTY1IiwibmFtZSI6ImFkbWluIiwiZ2VuZGVyIjp0cnVlLCJlbWFpbCI6IjM3ODMzODYyN0BxcS5jb20ifSwiaWF0IjoxNDk5NTY1MzgzLCJleHAiOjE0OTk2NTE3ODN9.QHm-yYifARlKFRzLR0fEoXrUQwwC-lfSt4Rl8JCGQjA
request client ip:  ::ffff:127.0.0.1
request query:  {"token":"eyJhbGciOiJIUzI1NiIsInR5cCI6IkpXVCJ9.eyJkYXRhIjp7ImlkIjoiYjZmYWJlNDYtZTlmNS00NGZlLTkyMzYtODY2MjRkMzQyMTY1IiwibmFtZSI6ImFkbWluIiwiZ2VuZGVyIjp0cnVlLCJlbWFpbCI6IjM3ODMzODYyN0BxcS5jb20ifSwiaWF0IjoxNDk5NTY1MzgzLCJleHAiOjE0OTk2NTE3ODN9.QHm-yYifARlKFRzLR0fEoXrUQwwC-lfSt4Rl8JCGQjA"}
response time: 8
response status: 404
response body: 
undefined
*************** response log end ***************

[2017-07-09 09:56:31.324] [INFO] resLogger - 
*************** response log start ***************
request method: GET
request originalUrl:  /api/user/?token=eyJhbGciOiJIUzI1NiIsInR5cCI6IkpXVCJ9.eyJkYXRhIjp7ImlkIjoiYjZmYWJlNDYtZTlmNS00NGZlLTkyMzYtODY2MjRkMzQyMTY1IiwibmFtZSI6ImFkbWluIiwiZ2VuZGVyIjp0cnVlLCJlbWFpbCI6IjM3ODMzODYyN0BxcS5jb20ifSwiaWF0IjoxNDk5NTY1MzgzLCJleHAiOjE0OTk2NTE3ODN9.QHm-yYifARlKFRzLR0fEoXrUQwwC-lfSt4Rl8JCGQjA
request client ip:  ::ffff:127.0.0.1
request query:  {"token":"eyJhbGciOiJIUzI1NiIsInR5cCI6IkpXVCJ9.eyJkYXRhIjp7ImlkIjoiYjZmYWJlNDYtZTlmNS00NGZlLTkyMzYtODY2MjRkMzQyMTY1IiwibmFtZSI6ImFkbWluIiwiZ2VuZGVyIjp0cnVlLCJlbWFpbCI6IjM3ODMzODYyN0BxcS5jb20ifSwiaWF0IjoxNDk5NTY1MzgzLCJleHAiOjE0OTk2NTE3ODN9.QHm-yYifARlKFRzLR0fEoXrUQwwC-lfSt4Rl8JCGQjA"}
response time: 5
response status: 404
response body: 
undefined
*************** response log end ***************

[2017-07-09 09:56:31.353] [INFO] resLogger - 
*************** response log start ***************
request method: GET
request originalUrl:  /favicon.ico
request client ip:  ::ffff:127.0.0.1
request query:  {}
response time: 2
response status: 200
response body: 
{"name":"jwtError","status":10003,"message":"身份验证错误"}
*************** response log end ***************

[2017-07-09 09:56:46.677] [INFO] resLogger - 
*************** response log start ***************
request method: GET
request originalUrl:  /api/user/?token=eyJhbGciOiJIUzI1NiIsInR5cCI6IkpXVCJ9.eyJkYXRhIjp7ImlkIjoiYjZmYWJlNDYtZTlmNS00NGZlLTkyMzYtODY2MjRkMzQyMTY1IiwibmFtZSI6ImFkbWluIiwiZ2VuZGVyIjp0cnVlLCJlbWFpbCI6IjM3ODMzODYyN0BxcS5jb20ifSwiaWF0IjoxNDk5NTY1MzgzLCJleHAiOjE0OTk2NTE3ODN9.QHm-yYifARlKFRzLR0fEoXrUQwwC-lfSt4Rl8JCGQjA
request client ip:  ::ffff:127.0.0.1
request query:  {"token":"eyJhbGciOiJIUzI1NiIsInR5cCI6IkpXVCJ9.eyJkYXRhIjp7ImlkIjoiYjZmYWJlNDYtZTlmNS00NGZlLTkyMzYtODY2MjRkMzQyMTY1IiwibmFtZSI6ImFkbWluIiwiZ2VuZGVyIjp0cnVlLCJlbWFpbCI6IjM3ODMzODYyN0BxcS5jb20ifSwiaWF0IjoxNDk5NTY1MzgzLCJleHAiOjE0OTk2NTE3ODN9.QHm-yYifARlKFRzLR0fEoXrUQwwC-lfSt4Rl8JCGQjA"}
response time: 5
response status: 404
response body: 
undefined
*************** response log end ***************

[2017-07-09 09:56:46.706] [INFO] resLogger - 
*************** response log start ***************
request method: GET
request originalUrl:  /favicon.ico
request client ip:  ::ffff:127.0.0.1
request query:  {}
response time: 11
response status: 200
response body: 
{"name":"jwtError","status":10003,"message":"身份验证错误"}
*************** response log end ***************

[2017-07-09 09:57:23.169] [INFO] resLogger - 
*************** response log start ***************
request method: GET
request originalUrl:  /api/user/?token=eyJhbGciOiJIUzI1NiIsInR5cCI6IkpXVCJ9.eyJkYXRhIjp7ImlkIjoiYjZmYWJlNDYtZTlmNS00NGZlLTkyMzYtODY2MjRkMzQyMTY1IiwibmFtZSI6ImFkbWluIiwiZ2VuZGVyIjp0cnVlLCJlbWFpbCI6IjM3ODMzODYyN0BxcS5jb20ifSwiaWF0IjoxNDk5NTY1MzgzLCJleHAiOjE0OTk2NTE3ODN9.QHm-yYifARlKFRzLR0fEoXrUQwwC-lfSt4Rl8JCGQjA
request client ip:  ::ffff:127.0.0.1
request query:  {"token":"eyJhbGciOiJIUzI1NiIsInR5cCI6IkpXVCJ9.eyJkYXRhIjp7ImlkIjoiYjZmYWJlNDYtZTlmNS00NGZlLTkyMzYtODY2MjRkMzQyMTY1IiwibmFtZSI6ImFkbWluIiwiZ2VuZGVyIjp0cnVlLCJlbWFpbCI6IjM3ODMzODYyN0BxcS5jb20ifSwiaWF0IjoxNDk5NTY1MzgzLCJleHAiOjE0OTk2NTE3ODN9.QHm-yYifARlKFRzLR0fEoXrUQwwC-lfSt4Rl8JCGQjA"}
response time: 27
response status: 200
response body: 
{"status":500}
*************** response log end ***************

[2017-07-09 09:57:23.210] [INFO] resLogger - 
*************** response log start ***************
request method: GET
request originalUrl:  /favicon.ico
request client ip:  ::ffff:127.0.0.1
request query:  {}
response time: 15
response status: 200
response body: 
{"status":500}
*************** response log end ***************

