[2017-08-23 10:11:48.560] [INFO] resLogger - 
*************** response log start ***************
request method: GET
request originalUrl:  /api/workers/list?token=eyJhbGciOiJIUzI1NiIsInR5cCI6IkpXVCJ9.eyJkYXRhIjp7ImlkIjoiOTg4NDhiOGEtYzI0OC00NGFlLTg3NTktMjEyYmJiNThmOTI1IiwibmFtZSI6ImFkbWluIiwiZ2VuZGVyIjp0cnVlLCJlbWFpbCI6IjM3ODMzODYyN0BxcS5jb20ifSwiaWF0IjoxNTAzMzY0NTM4LCJleHAiOjE1MDM0NTA5Mzh9.wmbR3HH3yQxY78g8oOiafTUp26RRarOfoPMyh0dDW6s
request client ip:  ::ffff:127.0.0.1
request query:  {"token":"eyJhbGciOiJIUzI1NiIsInR5cCI6IkpXVCJ9.eyJkYXRhIjp7ImlkIjoiOTg4NDhiOGEtYzI0OC00NGFlLTg3NTktMjEyYmJiNThmOTI1IiwibmFtZSI6ImFkbWluIiwiZ2VuZGVyIjp0cnVlLCJlbWFpbCI6IjM3ODMzODYyN0BxcS5jb20ifSwiaWF0IjoxNTAzMzY0NTM4LCJleHAiOjE1MDM0NTA5Mzh9.wmbR3HH3yQxY78g8oOiafTUp26RRarOfoPMyh0dDW6s"}
response time: 13
response status: 200
response body: 
{"name":"jwtError","status":10003,"message":"身份验证错误！"}
*************** response log end ***************

[2017-08-23 10:11:48.630] [INFO] resLogger - 
*************** response log start ***************
request method: GET
request originalUrl:  /favicon.ico
request client ip:  ::ffff:127.0.0.1
request query:  {}
response time: 9
response status: 200
response body: 
{"name":"jwtError","status":10003,"message":"身份验证错误！"}
*************** response log end ***************

[2017-08-23 10:12:46.655] [INFO] resLogger - 
*************** response log start ***************
request method: GET
request originalUrl:  /api/user/?token=eyJhbGciOiJIUzI1NiIsInR5cCI6IkpXVCJ9.eyJkYXRhIjp7ImlkIjoiNmE3OWM2ZjktYjdmNC00NjQyLThiNjAtNzEzZTJhZGU3NzA5IiwibmFtZSI6ImFkbWluIiwiZ2VuZGVyIjpmYWxzZSwiZW1haWwiOiIzNzgzMzg2MjdAcXEuY29tIn0sImlhdCI6MTUwMzQ1MTY2NywiZXhwIjoxNTAzNTM4MDY3fQ.su461Y8Qf4upLgVZQPcFwxCziWrcYXBBJgZlnvDIidk
request client ip:  ::ffff:127.0.0.1
request query:  {"token":"eyJhbGciOiJIUzI1NiIsInR5cCI6IkpXVCJ9.eyJkYXRhIjp7ImlkIjoiNmE3OWM2ZjktYjdmNC00NjQyLThiNjAtNzEzZTJhZGU3NzA5IiwibmFtZSI6ImFkbWluIiwiZ2VuZGVyIjpmYWxzZSwiZW1haWwiOiIzNzgzMzg2MjdAcXEuY29tIn0sImlhdCI6MTUwMzQ1MTY2NywiZXhwIjoxNTAzNTM4MDY3fQ.su461Y8Qf4upLgVZQPcFwxCziWrcYXBBJgZlnvDIidk"}
response time: 130
response status: 200
response body: 
{"status":0,"data":{"name":"admin","email":"378338627@qq.com","phone":"15822927208","password":"$2a$10$6wY3bY0s1a0R2ekYeEjTtOoQeib8FvlYBhyZIx7Cvr/pBORTCPtnq","gender":false,"token":"eyJhbGciOiJIUzI1NiIsInR5cCI6IkpXVCJ9.eyJkYXRhIjp7ImlkIjoiNmE3OWM2ZjktYjdmNC00NjQyLThiNjAtNzEzZTJhZGU3NzA5IiwibmFtZSI6ImFkbWluIiwiZ2VuZGVyIjpmYWxzZSwiZW1haWwiOiIzNzgzMzg2MjdAcXEuY29tIn0sImlhdCI6MTUwMzQ1MTY2NywiZXhwIjoxNTAzNTM4MDY3fQ.su461Y8Qf4upLgVZQPcFwxCziWrcYXBBJgZlnvDIidk","canLogin":true,"status":1,"id":"6a79c6f9-b7f4-4642-8b60-713e2ade7709","createdAt":1503451569541,"updatedAt":1503451667770,"version":5}}
*************** response log end ***************

[2017-08-23 10:12:46.832] [INFO] resLogger - 
*************** response log start ***************
request method: GET
request originalUrl:  /api/workers/list?token=eyJhbGciOiJIUzI1NiIsInR5cCI6IkpXVCJ9.eyJkYXRhIjp7ImlkIjoiNmE3OWM2ZjktYjdmNC00NjQyLThiNjAtNzEzZTJhZGU3NzA5IiwibmFtZSI6ImFkbWluIiwiZ2VuZGVyIjpmYWxzZSwiZW1haWwiOiIzNzgzMzg2MjdAcXEuY29tIn0sImlhdCI6MTUwMzQ1MTY2NywiZXhwIjoxNTAzNTM4MDY3fQ.su461Y8Qf4upLgVZQPcFwxCziWrcYXBBJgZlnvDIidk
request client ip:  ::ffff:127.0.0.1
request query:  {"token":"eyJhbGciOiJIUzI1NiIsInR5cCI6IkpXVCJ9.eyJkYXRhIjp7ImlkIjoiNmE3OWM2ZjktYjdmNC00NjQyLThiNjAtNzEzZTJhZGU3NzA5IiwibmFtZSI6ImFkbWluIiwiZ2VuZGVyIjpmYWxzZSwiZW1haWwiOiIzNzgzMzg2MjdAcXEuY29tIn0sImlhdCI6MTUwMzQ1MTY2NywiZXhwIjoxNTAzNTM4MDY3fQ.su461Y8Qf4upLgVZQPcFwxCziWrcYXBBJgZlnvDIidk"}
response time: 25
response status: 200
response body: 
{"status":0,"data":[{"id":"6a79c6f9-b7f4-4642-8b60-713e2ade7709","name":"admin","userId":null},{"id":"f98f8908-1bc6-4080-acc8-84fabe9e87a2","name":"liumeng","userId":null},{"id":"06d97663-9d73-4995-ba38-b5c4627483cb","name":"zhanghe","userId":null}]}
*************** response log end ***************

[2017-08-23 10:13:59.908] [INFO] resLogger - 
*************** response log start ***************
request method: GET
request originalUrl:  /api/user/?token=eyJhbGciOiJIUzI1NiIsInR5cCI6IkpXVCJ9.eyJkYXRhIjp7ImlkIjoiNmE3OWM2ZjktYjdmNC00NjQyLThiNjAtNzEzZTJhZGU3NzA5IiwibmFtZSI6ImFkbWluIiwiZ2VuZGVyIjpmYWxzZSwiZW1haWwiOiIzNzgzMzg2MjdAcXEuY29tIn0sImlhdCI6MTUwMzQ1MTY2NywiZXhwIjoxNTAzNTM4MDY3fQ.su461Y8Qf4upLgVZQPcFwxCziWrcYXBBJgZlnvDIidk
request client ip:  ::ffff:127.0.0.1
request query:  {"token":"eyJhbGciOiJIUzI1NiIsInR5cCI6IkpXVCJ9.eyJkYXRhIjp7ImlkIjoiNmE3OWM2ZjktYjdmNC00NjQyLThiNjAtNzEzZTJhZGU3NzA5IiwibmFtZSI6ImFkbWluIiwiZ2VuZGVyIjpmYWxzZSwiZW1haWwiOiIzNzgzMzg2MjdAcXEuY29tIn0sImlhdCI6MTUwMzQ1MTY2NywiZXhwIjoxNTAzNTM4MDY3fQ.su461Y8Qf4upLgVZQPcFwxCziWrcYXBBJgZlnvDIidk"}
response time: 88
response status: 200
response body: 
{"status":0,"data":{"name":"admin","email":"378338627@qq.com","phone":"15822927208","password":"$2a$10$6wY3bY0s1a0R2ekYeEjTtOoQeib8FvlYBhyZIx7Cvr/pBORTCPtnq","gender":false,"token":"eyJhbGciOiJIUzI1NiIsInR5cCI6IkpXVCJ9.eyJkYXRhIjp7ImlkIjoiNmE3OWM2ZjktYjdmNC00NjQyLThiNjAtNzEzZTJhZGU3NzA5IiwibmFtZSI6ImFkbWluIiwiZ2VuZGVyIjpmYWxzZSwiZW1haWwiOiIzNzgzMzg2MjdAcXEuY29tIn0sImlhdCI6MTUwMzQ1MTY2NywiZXhwIjoxNTAzNTM4MDY3fQ.su461Y8Qf4upLgVZQPcFwxCziWrcYXBBJgZlnvDIidk","canLogin":true,"status":1,"id":"6a79c6f9-b7f4-4642-8b60-713e2ade7709","createdAt":1503451569541,"updatedAt":1503451667770,"version":5}}
*************** response log end ***************

[2017-08-23 10:14:00.322] [INFO] resLogger - 
*************** response log start ***************
request method: GET
request originalUrl:  /api/workers/list?token=eyJhbGciOiJIUzI1NiIsInR5cCI6IkpXVCJ9.eyJkYXRhIjp7ImlkIjoiNmE3OWM2ZjktYjdmNC00NjQyLThiNjAtNzEzZTJhZGU3NzA5IiwibmFtZSI6ImFkbWluIiwiZ2VuZGVyIjpmYWxzZSwiZW1haWwiOiIzNzgzMzg2MjdAcXEuY29tIn0sImlhdCI6MTUwMzQ1MTY2NywiZXhwIjoxNTAzNTM4MDY3fQ.su461Y8Qf4upLgVZQPcFwxCziWrcYXBBJgZlnvDIidk
request client ip:  ::ffff:127.0.0.1
request query:  {"token":"eyJhbGciOiJIUzI1NiIsInR5cCI6IkpXVCJ9.eyJkYXRhIjp7ImlkIjoiNmE3OWM2ZjktYjdmNC00NjQyLThiNjAtNzEzZTJhZGU3NzA5IiwibmFtZSI6ImFkbWluIiwiZ2VuZGVyIjpmYWxzZSwiZW1haWwiOiIzNzgzMzg2MjdAcXEuY29tIn0sImlhdCI6MTUwMzQ1MTY2NywiZXhwIjoxNTAzNTM4MDY3fQ.su461Y8Qf4upLgVZQPcFwxCziWrcYXBBJgZlnvDIidk"}
response time: 32
response status: 200
response body: 
{"status":0,"data":[{"id":"6a79c6f9-b7f4-4642-8b60-713e2ade7709","name":"admin","userId":null},{"id":"f98f8908-1bc6-4080-acc8-84fabe9e87a2","name":"liumeng","userId":null},{"id":"06d97663-9d73-4995-ba38-b5c4627483cb","name":"zhanghe","userId":null}]}
*************** response log end ***************

[2017-08-23 10:14:33.019] [INFO] resLogger - 
*************** response log start ***************
request method: GET
request originalUrl:  /api/user/?token=eyJhbGciOiJIUzI1NiIsInR5cCI6IkpXVCJ9.eyJkYXRhIjp7ImlkIjoiNmE3OWM2ZjktYjdmNC00NjQyLThiNjAtNzEzZTJhZGU3NzA5IiwibmFtZSI6ImFkbWluIiwiZ2VuZGVyIjpmYWxzZSwiZW1haWwiOiIzNzgzMzg2MjdAcXEuY29tIn0sImlhdCI6MTUwMzQ1MTY2NywiZXhwIjoxNTAzNTM4MDY3fQ.su461Y8Qf4upLgVZQPcFwxCziWrcYXBBJgZlnvDIidk
request client ip:  ::ffff:127.0.0.1
request query:  {"token":"eyJhbGciOiJIUzI1NiIsInR5cCI6IkpXVCJ9.eyJkYXRhIjp7ImlkIjoiNmE3OWM2ZjktYjdmNC00NjQyLThiNjAtNzEzZTJhZGU3NzA5IiwibmFtZSI6ImFkbWluIiwiZ2VuZGVyIjpmYWxzZSwiZW1haWwiOiIzNzgzMzg2MjdAcXEuY29tIn0sImlhdCI6MTUwMzQ1MTY2NywiZXhwIjoxNTAzNTM4MDY3fQ.su461Y8Qf4upLgVZQPcFwxCziWrcYXBBJgZlnvDIidk"}
response time: 84
response status: 200
response body: 
{"status":0,"data":{"name":"admin","email":"378338627@qq.com","phone":"15822927208","password":"$2a$10$6wY3bY0s1a0R2ekYeEjTtOoQeib8FvlYBhyZIx7Cvr/pBORTCPtnq","gender":false,"token":"eyJhbGciOiJIUzI1NiIsInR5cCI6IkpXVCJ9.eyJkYXRhIjp7ImlkIjoiNmE3OWM2ZjktYjdmNC00NjQyLThiNjAtNzEzZTJhZGU3NzA5IiwibmFtZSI6ImFkbWluIiwiZ2VuZGVyIjpmYWxzZSwiZW1haWwiOiIzNzgzMzg2MjdAcXEuY29tIn0sImlhdCI6MTUwMzQ1MTY2NywiZXhwIjoxNTAzNTM4MDY3fQ.su461Y8Qf4upLgVZQPcFwxCziWrcYXBBJgZlnvDIidk","canLogin":true,"status":1,"id":"6a79c6f9-b7f4-4642-8b60-713e2ade7709","createdAt":1503451569541,"updatedAt":1503451667770,"version":5}}
*************** response log end ***************

[2017-08-23 10:14:33.127] [INFO] resLogger - 
*************** response log start ***************
request method: GET
request originalUrl:  /api/workers/list?token=eyJhbGciOiJIUzI1NiIsInR5cCI6IkpXVCJ9.eyJkYXRhIjp7ImlkIjoiNmE3OWM2ZjktYjdmNC00NjQyLThiNjAtNzEzZTJhZGU3NzA5IiwibmFtZSI6ImFkbWluIiwiZ2VuZGVyIjpmYWxzZSwiZW1haWwiOiIzNzgzMzg2MjdAcXEuY29tIn0sImlhdCI6MTUwMzQ1MTY2NywiZXhwIjoxNTAzNTM4MDY3fQ.su461Y8Qf4upLgVZQPcFwxCziWrcYXBBJgZlnvDIidk
request client ip:  ::ffff:127.0.0.1
request query:  {"token":"eyJhbGciOiJIUzI1NiIsInR5cCI6IkpXVCJ9.eyJkYXRhIjp7ImlkIjoiNmE3OWM2ZjktYjdmNC00NjQyLThiNjAtNzEzZTJhZGU3NzA5IiwibmFtZSI6ImFkbWluIiwiZ2VuZGVyIjpmYWxzZSwiZW1haWwiOiIzNzgzMzg2MjdAcXEuY29tIn0sImlhdCI6MTUwMzQ1MTY2NywiZXhwIjoxNTAzNTM4MDY3fQ.su461Y8Qf4upLgVZQPcFwxCziWrcYXBBJgZlnvDIidk"}
response time: 27
response status: 200
response body: 
{"status":0,"data":[{"id":"6a79c6f9-b7f4-4642-8b60-713e2ade7709","name":"admin","userId":null},{"id":"f98f8908-1bc6-4080-acc8-84fabe9e87a2","name":"liumeng","userId":null},{"id":"06d97663-9d73-4995-ba38-b5c4627483cb","name":"zhanghe","userId":null}]}
*************** response log end ***************

[2017-08-23 10:15:23.613] [INFO] resLogger - 
*************** response log start ***************
request method: GET
request originalUrl:  /api/user/?token=eyJhbGciOiJIUzI1NiIsInR5cCI6IkpXVCJ9.eyJkYXRhIjp7ImlkIjoiNmE3OWM2ZjktYjdmNC00NjQyLThiNjAtNzEzZTJhZGU3NzA5IiwibmFtZSI6ImFkbWluIiwiZ2VuZGVyIjpmYWxzZSwiZW1haWwiOiIzNzgzMzg2MjdAcXEuY29tIn0sImlhdCI6MTUwMzQ1MTY2NywiZXhwIjoxNTAzNTM4MDY3fQ.su461Y8Qf4upLgVZQPcFwxCziWrcYXBBJgZlnvDIidk
request client ip:  ::ffff:127.0.0.1
request query:  {"token":"eyJhbGciOiJIUzI1NiIsInR5cCI6IkpXVCJ9.eyJkYXRhIjp7ImlkIjoiNmE3OWM2ZjktYjdmNC00NjQyLThiNjAtNzEzZTJhZGU3NzA5IiwibmFtZSI6ImFkbWluIiwiZ2VuZGVyIjpmYWxzZSwiZW1haWwiOiIzNzgzMzg2MjdAcXEuY29tIn0sImlhdCI6MTUwMzQ1MTY2NywiZXhwIjoxNTAzNTM4MDY3fQ.su461Y8Qf4upLgVZQPcFwxCziWrcYXBBJgZlnvDIidk"}
response time: 80
response status: 200
response body: 
{"status":0,"data":{"name":"admin","email":"378338627@qq.com","phone":"15822927208","password":"$2a$10$6wY3bY0s1a0R2ekYeEjTtOoQeib8FvlYBhyZIx7Cvr/pBORTCPtnq","gender":false,"token":"eyJhbGciOiJIUzI1NiIsInR5cCI6IkpXVCJ9.eyJkYXRhIjp7ImlkIjoiNmE3OWM2ZjktYjdmNC00NjQyLThiNjAtNzEzZTJhZGU3NzA5IiwibmFtZSI6ImFkbWluIiwiZ2VuZGVyIjpmYWxzZSwiZW1haWwiOiIzNzgzMzg2MjdAcXEuY29tIn0sImlhdCI6MTUwMzQ1MTY2NywiZXhwIjoxNTAzNTM4MDY3fQ.su461Y8Qf4upLgVZQPcFwxCziWrcYXBBJgZlnvDIidk","canLogin":true,"status":1,"id":"6a79c6f9-b7f4-4642-8b60-713e2ade7709","createdAt":1503451569541,"updatedAt":1503451667770,"version":5}}
*************** response log end ***************

[2017-08-23 10:15:23.857] [INFO] resLogger - 
*************** response log start ***************
request method: GET
request originalUrl:  /api/workers/list?token=eyJhbGciOiJIUzI1NiIsInR5cCI6IkpXVCJ9.eyJkYXRhIjp7ImlkIjoiNmE3OWM2ZjktYjdmNC00NjQyLThiNjAtNzEzZTJhZGU3NzA5IiwibmFtZSI6ImFkbWluIiwiZ2VuZGVyIjpmYWxzZSwiZW1haWwiOiIzNzgzMzg2MjdAcXEuY29tIn0sImlhdCI6MTUwMzQ1MTY2NywiZXhwIjoxNTAzNTM4MDY3fQ.su461Y8Qf4upLgVZQPcFwxCziWrcYXBBJgZlnvDIidk
request client ip:  ::ffff:127.0.0.1
request query:  {"token":"eyJhbGciOiJIUzI1NiIsInR5cCI6IkpXVCJ9.eyJkYXRhIjp7ImlkIjoiNmE3OWM2ZjktYjdmNC00NjQyLThiNjAtNzEzZTJhZGU3NzA5IiwibmFtZSI6ImFkbWluIiwiZ2VuZGVyIjpmYWxzZSwiZW1haWwiOiIzNzgzMzg2MjdAcXEuY29tIn0sImlhdCI6MTUwMzQ1MTY2NywiZXhwIjoxNTAzNTM4MDY3fQ.su461Y8Qf4upLgVZQPcFwxCziWrcYXBBJgZlnvDIidk"}
response time: 30
response status: 200
response body: 
{"status":0,"data":[{"id":"6a79c6f9-b7f4-4642-8b60-713e2ade7709","name":"admin","userId":null},{"id":"f98f8908-1bc6-4080-acc8-84fabe9e87a2","name":"liumeng","userId":null},{"id":"06d97663-9d73-4995-ba38-b5c4627483cb","name":"zhanghe","userId":null}]}
*************** response log end ***************

[2017-08-23 10:26:44.445] [INFO] resLogger - 
*************** response log start ***************
request method: GET
request originalUrl:  /api/user/?token=eyJhbGciOiJIUzI1NiIsInR5cCI6IkpXVCJ9.eyJkYXRhIjp7ImlkIjoiNmE3OWM2ZjktYjdmNC00NjQyLThiNjAtNzEzZTJhZGU3NzA5IiwibmFtZSI6ImFkbWluIiwiZ2VuZGVyIjpmYWxzZSwiZW1haWwiOiIzNzgzMzg2MjdAcXEuY29tIn0sImlhdCI6MTUwMzQ1MTY2NywiZXhwIjoxNTAzNTM4MDY3fQ.su461Y8Qf4upLgVZQPcFwxCziWrcYXBBJgZlnvDIidk
request client ip:  ::ffff:127.0.0.1
request query:  {"token":"eyJhbGciOiJIUzI1NiIsInR5cCI6IkpXVCJ9.eyJkYXRhIjp7ImlkIjoiNmE3OWM2ZjktYjdmNC00NjQyLThiNjAtNzEzZTJhZGU3NzA5IiwibmFtZSI6ImFkbWluIiwiZ2VuZGVyIjpmYWxzZSwiZW1haWwiOiIzNzgzMzg2MjdAcXEuY29tIn0sImlhdCI6MTUwMzQ1MTY2NywiZXhwIjoxNTAzNTM4MDY3fQ.su461Y8Qf4upLgVZQPcFwxCziWrcYXBBJgZlnvDIidk"}
response time: 140
response status: 200
response body: 
{"status":0,"data":{"name":"admin","email":"378338627@qq.com","phone":"15822927208","password":"$2a$10$6wY3bY0s1a0R2ekYeEjTtOoQeib8FvlYBhyZIx7Cvr/pBORTCPtnq","gender":false,"token":"eyJhbGciOiJIUzI1NiIsInR5cCI6IkpXVCJ9.eyJkYXRhIjp7ImlkIjoiNmE3OWM2ZjktYjdmNC00NjQyLThiNjAtNzEzZTJhZGU3NzA5IiwibmFtZSI6ImFkbWluIiwiZ2VuZGVyIjpmYWxzZSwiZW1haWwiOiIzNzgzMzg2MjdAcXEuY29tIn0sImlhdCI6MTUwMzQ1MTY2NywiZXhwIjoxNTAzNTM4MDY3fQ.su461Y8Qf4upLgVZQPcFwxCziWrcYXBBJgZlnvDIidk","canLogin":true,"status":1,"id":"6a79c6f9-b7f4-4642-8b60-713e2ade7709","createdAt":1503451569541,"updatedAt":1503451667770,"version":5}}
*************** response log end ***************

[2017-08-23 10:26:44.598] [INFO] resLogger - 
*************** response log start ***************
request method: GET
request originalUrl:  /api/workers/list?token=eyJhbGciOiJIUzI1NiIsInR5cCI6IkpXVCJ9.eyJkYXRhIjp7ImlkIjoiNmE3OWM2ZjktYjdmNC00NjQyLThiNjAtNzEzZTJhZGU3NzA5IiwibmFtZSI6ImFkbWluIiwiZ2VuZGVyIjpmYWxzZSwiZW1haWwiOiIzNzgzMzg2MjdAcXEuY29tIn0sImlhdCI6MTUwMzQ1MTY2NywiZXhwIjoxNTAzNTM4MDY3fQ.su461Y8Qf4upLgVZQPcFwxCziWrcYXBBJgZlnvDIidk
request client ip:  ::ffff:127.0.0.1
request query:  {"token":"eyJhbGciOiJIUzI1NiIsInR5cCI6IkpXVCJ9.eyJkYXRhIjp7ImlkIjoiNmE3OWM2ZjktYjdmNC00NjQyLThiNjAtNzEzZTJhZGU3NzA5IiwibmFtZSI6ImFkbWluIiwiZ2VuZGVyIjpmYWxzZSwiZW1haWwiOiIzNzgzMzg2MjdAcXEuY29tIn0sImlhdCI6MTUwMzQ1MTY2NywiZXhwIjoxNTAzNTM4MDY3fQ.su461Y8Qf4upLgVZQPcFwxCziWrcYXBBJgZlnvDIidk"}
response time: 41
response status: 200
response body: 
{"status":0,"data":[{"id":"6a79c6f9-b7f4-4642-8b60-713e2ade7709","name":"admin","userId":null},{"id":"f98f8908-1bc6-4080-acc8-84fabe9e87a2","name":"liumeng","userId":null},{"id":"06d97663-9d73-4995-ba38-b5c4627483cb","name":"zhanghe","userId":null}]}
*************** response log end ***************

[2017-08-23 10:27:22.415] [INFO] resLogger - 
*************** response log start ***************
request method: GET
request originalUrl:  /api/user/?token=eyJhbGciOiJIUzI1NiIsInR5cCI6IkpXVCJ9.eyJkYXRhIjp7ImlkIjoiNmE3OWM2ZjktYjdmNC00NjQyLThiNjAtNzEzZTJhZGU3NzA5IiwibmFtZSI6ImFkbWluIiwiZ2VuZGVyIjpmYWxzZSwiZW1haWwiOiIzNzgzMzg2MjdAcXEuY29tIn0sImlhdCI6MTUwMzQ1MTY2NywiZXhwIjoxNTAzNTM4MDY3fQ.su461Y8Qf4upLgVZQPcFwxCziWrcYXBBJgZlnvDIidk
request client ip:  ::ffff:127.0.0.1
request query:  {"token":"eyJhbGciOiJIUzI1NiIsInR5cCI6IkpXVCJ9.eyJkYXRhIjp7ImlkIjoiNmE3OWM2ZjktYjdmNC00NjQyLThiNjAtNzEzZTJhZGU3NzA5IiwibmFtZSI6ImFkbWluIiwiZ2VuZGVyIjpmYWxzZSwiZW1haWwiOiIzNzgzMzg2MjdAcXEuY29tIn0sImlhdCI6MTUwMzQ1MTY2NywiZXhwIjoxNTAzNTM4MDY3fQ.su461Y8Qf4upLgVZQPcFwxCziWrcYXBBJgZlnvDIidk"}
response time: 114
response status: 200
response body: 
{"status":0,"data":{"name":"admin","email":"378338627@qq.com","phone":"15822927208","password":"$2a$10$6wY3bY0s1a0R2ekYeEjTtOoQeib8FvlYBhyZIx7Cvr/pBORTCPtnq","gender":false,"token":"eyJhbGciOiJIUzI1NiIsInR5cCI6IkpXVCJ9.eyJkYXRhIjp7ImlkIjoiNmE3OWM2ZjktYjdmNC00NjQyLThiNjAtNzEzZTJhZGU3NzA5IiwibmFtZSI6ImFkbWluIiwiZ2VuZGVyIjpmYWxzZSwiZW1haWwiOiIzNzgzMzg2MjdAcXEuY29tIn0sImlhdCI6MTUwMzQ1MTY2NywiZXhwIjoxNTAzNTM4MDY3fQ.su461Y8Qf4upLgVZQPcFwxCziWrcYXBBJgZlnvDIidk","canLogin":true,"status":1,"id":"6a79c6f9-b7f4-4642-8b60-713e2ade7709","createdAt":1503451569541,"updatedAt":1503451667770,"version":5}}
*************** response log end ***************

[2017-08-23 10:27:22.532] [INFO] resLogger - 
*************** response log start ***************
request method: GET
request originalUrl:  /api/workers/list?token=eyJhbGciOiJIUzI1NiIsInR5cCI6IkpXVCJ9.eyJkYXRhIjp7ImlkIjoiNmE3OWM2ZjktYjdmNC00NjQyLThiNjAtNzEzZTJhZGU3NzA5IiwibmFtZSI6ImFkbWluIiwiZ2VuZGVyIjpmYWxzZSwiZW1haWwiOiIzNzgzMzg2MjdAcXEuY29tIn0sImlhdCI6MTUwMzQ1MTY2NywiZXhwIjoxNTAzNTM4MDY3fQ.su461Y8Qf4upLgVZQPcFwxCziWrcYXBBJgZlnvDIidk
request client ip:  ::ffff:127.0.0.1
request query:  {"token":"eyJhbGciOiJIUzI1NiIsInR5cCI6IkpXVCJ9.eyJkYXRhIjp7ImlkIjoiNmE3OWM2ZjktYjdmNC00NjQyLThiNjAtNzEzZTJhZGU3NzA5IiwibmFtZSI6ImFkbWluIiwiZ2VuZGVyIjpmYWxzZSwiZW1haWwiOiIzNzgzMzg2MjdAcXEuY29tIn0sImlhdCI6MTUwMzQ1MTY2NywiZXhwIjoxNTAzNTM4MDY3fQ.su461Y8Qf4upLgVZQPcFwxCziWrcYXBBJgZlnvDIidk"}
response time: 28
response status: 200
response body: 
{"status":0,"data":[{"id":"6a79c6f9-b7f4-4642-8b60-713e2ade7709","name":"admin","userId":null},{"id":"f98f8908-1bc6-4080-acc8-84fabe9e87a2","name":"liumeng","userId":null},{"id":"06d97663-9d73-4995-ba38-b5c4627483cb","name":"zhanghe","userId":null}]}
*************** response log end ***************

[2017-08-23 10:44:43.985] [INFO] resLogger - 
*************** response log start ***************
request method: GET
request originalUrl:  /api/user/?token=eyJhbGciOiJIUzI1NiIsInR5cCI6IkpXVCJ9.eyJkYXRhIjp7ImlkIjoiNmE3OWM2ZjktYjdmNC00NjQyLThiNjAtNzEzZTJhZGU3NzA5IiwibmFtZSI6ImFkbWluIiwiZ2VuZGVyIjpmYWxzZSwiZW1haWwiOiIzNzgzMzg2MjdAcXEuY29tIn0sImlhdCI6MTUwMzQ1MTY2NywiZXhwIjoxNTAzNTM4MDY3fQ.su461Y8Qf4upLgVZQPcFwxCziWrcYXBBJgZlnvDIidk
request client ip:  ::ffff:127.0.0.1
request query:  {"token":"eyJhbGciOiJIUzI1NiIsInR5cCI6IkpXVCJ9.eyJkYXRhIjp7ImlkIjoiNmE3OWM2ZjktYjdmNC00NjQyLThiNjAtNzEzZTJhZGU3NzA5IiwibmFtZSI6ImFkbWluIiwiZ2VuZGVyIjpmYWxzZSwiZW1haWwiOiIzNzgzMzg2MjdAcXEuY29tIn0sImlhdCI6MTUwMzQ1MTY2NywiZXhwIjoxNTAzNTM4MDY3fQ.su461Y8Qf4upLgVZQPcFwxCziWrcYXBBJgZlnvDIidk"}
response time: 632
response status: 200
response body: 
{"status":0,"data":{"name":"admin","email":"378338627@qq.com","phone":"15822927208","password":"$2a$10$6wY3bY0s1a0R2ekYeEjTtOoQeib8FvlYBhyZIx7Cvr/pBORTCPtnq","gender":false,"token":"eyJhbGciOiJIUzI1NiIsInR5cCI6IkpXVCJ9.eyJkYXRhIjp7ImlkIjoiNmE3OWM2ZjktYjdmNC00NjQyLThiNjAtNzEzZTJhZGU3NzA5IiwibmFtZSI6ImFkbWluIiwiZ2VuZGVyIjpmYWxzZSwiZW1haWwiOiIzNzgzMzg2MjdAcXEuY29tIn0sImlhdCI6MTUwMzQ1MTY2NywiZXhwIjoxNTAzNTM4MDY3fQ.su461Y8Qf4upLgVZQPcFwxCziWrcYXBBJgZlnvDIidk","canLogin":true,"status":1,"id":"6a79c6f9-b7f4-4642-8b60-713e2ade7709","createdAt":1503451569541,"updatedAt":1503451667770,"version":5}}
*************** response log end ***************

[2017-08-23 10:44:44.150] [INFO] resLogger - 
*************** response log start ***************
request method: GET
request originalUrl:  /api/workers/list?token=eyJhbGciOiJIUzI1NiIsInR5cCI6IkpXVCJ9.eyJkYXRhIjp7ImlkIjoiNmE3OWM2ZjktYjdmNC00NjQyLThiNjAtNzEzZTJhZGU3NzA5IiwibmFtZSI6ImFkbWluIiwiZ2VuZGVyIjpmYWxzZSwiZW1haWwiOiIzNzgzMzg2MjdAcXEuY29tIn0sImlhdCI6MTUwMzQ1MTY2NywiZXhwIjoxNTAzNTM4MDY3fQ.su461Y8Qf4upLgVZQPcFwxCziWrcYXBBJgZlnvDIidk
request client ip:  ::ffff:127.0.0.1
request query:  {"token":"eyJhbGciOiJIUzI1NiIsInR5cCI6IkpXVCJ9.eyJkYXRhIjp7ImlkIjoiNmE3OWM2ZjktYjdmNC00NjQyLThiNjAtNzEzZTJhZGU3NzA5IiwibmFtZSI6ImFkbWluIiwiZ2VuZGVyIjpmYWxzZSwiZW1haWwiOiIzNzgzMzg2MjdAcXEuY29tIn0sImlhdCI6MTUwMzQ1MTY2NywiZXhwIjoxNTAzNTM4MDY3fQ.su461Y8Qf4upLgVZQPcFwxCziWrcYXBBJgZlnvDIidk"}
response time: 36
response status: 200
response body: 
{"status":0,"data":[{"id":"6a79c6f9-b7f4-4642-8b60-713e2ade7709","name":"admin","userId":null},{"id":"f98f8908-1bc6-4080-acc8-84fabe9e87a2","name":"liumeng","userId":null},{"id":"06d97663-9d73-4995-ba38-b5c4627483cb","name":"zhanghe","userId":null}]}
*************** response log end ***************

[2017-08-23 10:44:51.214] [INFO] resLogger - 
*************** response log start ***************
request method: OPTIONS
request originalUrl:  /api/workers/add?token=eyJhbGciOiJIUzI1NiIsInR5cCI6IkpXVCJ9.eyJkYXRhIjp7ImlkIjoiNmE3OWM2ZjktYjdmNC00NjQyLThiNjAtNzEzZTJhZGU3NzA5IiwibmFtZSI6ImFkbWluIiwiZ2VuZGVyIjpmYWxzZSwiZW1haWwiOiIzNzgzMzg2MjdAcXEuY29tIn0sImlhdCI6MTUwMzQ1MTY2NywiZXhwIjoxNTAzNTM4MDY3fQ.su461Y8Qf4upLgVZQPcFwxCziWrcYXBBJgZlnvDIidk
request client ip:  ::ffff:127.0.0.1
request body: 
{}
response time: 6
response status: 204
response body: 
undefined
*************** response log end ***************

[2017-08-23 10:44:51.263] [INFO] resLogger - 
*************** response log start ***************
request method: POST
request originalUrl:  /api/workers/add?token=eyJhbGciOiJIUzI1NiIsInR5cCI6IkpXVCJ9.eyJkYXRhIjp7ImlkIjoiNmE3OWM2ZjktYjdmNC00NjQyLThiNjAtNzEzZTJhZGU3NzA5IiwibmFtZSI6ImFkbWluIiwiZ2VuZGVyIjpmYWxzZSwiZW1haWwiOiIzNzgzMzg2MjdAcXEuY29tIn0sImlhdCI6MTUwMzQ1MTY2NywiZXhwIjoxNTAzNTM4MDY3fQ.su461Y8Qf4upLgVZQPcFwxCziWrcYXBBJgZlnvDIidk
request client ip:  ::ffff:127.0.0.1
request body: 
{"userId":"6a79c6f9-b7f4-4642-8b60-713e2ade7709"}
response time: 6
response status: 404
response body: 
undefined
*************** response log end ***************

[2017-08-23 10:49:07.627] [INFO] resLogger - 
*************** response log start ***************
request method: GET
request originalUrl:  /api/workers/delete/6a79c6f9-b7f4-4642-8b60-713e2ade7709?token=eyJhbGciOiJIUzI1NiIsInR5cCI6IkpXVCJ9.eyJkYXRhIjp7ImlkIjoiNmE3OWM2ZjktYjdmNC00NjQyLThiNjAtNzEzZTJhZGU3NzA5IiwibmFtZSI6ImFkbWluIiwiZ2VuZGVyIjpmYWxzZSwiZW1haWwiOiIzNzgzMzg2MjdAcXEuY29tIn0sImlhdCI6MTUwMzQ1MTY2NywiZXhwIjoxNTAzNTM4MDY3fQ.su461Y8Qf4upLgVZQPcFwxCziWrcYXBBJgZlnvDIidk
request client ip:  ::ffff:127.0.0.1
request query:  {"token":"eyJhbGciOiJIUzI1NiIsInR5cCI6IkpXVCJ9.eyJkYXRhIjp7ImlkIjoiNmE3OWM2ZjktYjdmNC00NjQyLThiNjAtNzEzZTJhZGU3NzA5IiwibmFtZSI6ImFkbWluIiwiZ2VuZGVyIjpmYWxzZSwiZW1haWwiOiIzNzgzMzg2MjdAcXEuY29tIn0sImlhdCI6MTUwMzQ1MTY2NywiZXhwIjoxNTAzNTM4MDY3fQ.su461Y8Qf4upLgVZQPcFwxCziWrcYXBBJgZlnvDIidk"}
response time: 282
response status: 200
response body: 
{"name":"workerNotExist","status":94001,"message":"该条工程师信息不存在！"}
*************** response log end ***************

[2017-08-23 10:49:10.411] [INFO] resLogger - 
*************** response log start ***************
request method: OPTIONS
request originalUrl:  /api/workers/add?token=eyJhbGciOiJIUzI1NiIsInR5cCI6IkpXVCJ9.eyJkYXRhIjp7ImlkIjoiNmE3OWM2ZjktYjdmNC00NjQyLThiNjAtNzEzZTJhZGU3NzA5IiwibmFtZSI6ImFkbWluIiwiZ2VuZGVyIjpmYWxzZSwiZW1haWwiOiIzNzgzMzg2MjdAcXEuY29tIn0sImlhdCI6MTUwMzQ1MTY2NywiZXhwIjoxNTAzNTM4MDY3fQ.su461Y8Qf4upLgVZQPcFwxCziWrcYXBBJgZlnvDIidk
request client ip:  ::ffff:127.0.0.1
request body: 
{}
response time: 2
response status: 204
response body: 
undefined
*************** response log end ***************

[2017-08-23 10:49:10.434] [INFO] resLogger - 
*************** response log start ***************
request method: POST
request originalUrl:  /api/workers/add?token=eyJhbGciOiJIUzI1NiIsInR5cCI6IkpXVCJ9.eyJkYXRhIjp7ImlkIjoiNmE3OWM2ZjktYjdmNC00NjQyLThiNjAtNzEzZTJhZGU3NzA5IiwibmFtZSI6ImFkbWluIiwiZ2VuZGVyIjpmYWxzZSwiZW1haWwiOiIzNzgzMzg2MjdAcXEuY29tIn0sImlhdCI6MTUwMzQ1MTY2NywiZXhwIjoxNTAzNTM4MDY3fQ.su461Y8Qf4upLgVZQPcFwxCziWrcYXBBJgZlnvDIidk
request client ip:  ::ffff:127.0.0.1
request body: 
{"userId":"6a79c6f9-b7f4-4642-8b60-713e2ade7709"}
response time: 2
response status: 404
response body: 
undefined
*************** response log end ***************

[2017-08-23 10:49:35.278] [INFO] resLogger - 
*************** response log start ***************
request method: GET
request originalUrl:  /api/workers/delete/6a79c6f9-b7f4-4642-8b60-713e2ade7709?token=eyJhbGciOiJIUzI1NiIsInR5cCI6IkpXVCJ9.eyJkYXRhIjp7ImlkIjoiNmE3OWM2ZjktYjdmNC00NjQyLThiNjAtNzEzZTJhZGU3NzA5IiwibmFtZSI6ImFkbWluIiwiZ2VuZGVyIjpmYWxzZSwiZW1haWwiOiIzNzgzMzg2MjdAcXEuY29tIn0sImlhdCI6MTUwMzQ1MTY2NywiZXhwIjoxNTAzNTM4MDY3fQ.su461Y8Qf4upLgVZQPcFwxCziWrcYXBBJgZlnvDIidk
request client ip:  ::ffff:127.0.0.1
request query:  {"token":"eyJhbGciOiJIUzI1NiIsInR5cCI6IkpXVCJ9.eyJkYXRhIjp7ImlkIjoiNmE3OWM2ZjktYjdmNC00NjQyLThiNjAtNzEzZTJhZGU3NzA5IiwibmFtZSI6ImFkbWluIiwiZ2VuZGVyIjpmYWxzZSwiZW1haWwiOiIzNzgzMzg2MjdAcXEuY29tIn0sImlhdCI6MTUwMzQ1MTY2NywiZXhwIjoxNTAzNTM4MDY3fQ.su461Y8Qf4upLgVZQPcFwxCziWrcYXBBJgZlnvDIidk"}
response time: 237
response status: 200
response body: 
{"name":"workerNotExist","status":94001,"message":"该条工程师信息不存在！"}
*************** response log end ***************

[2017-08-23 10:49:36.487] [INFO] resLogger - 
*************** response log start ***************
request method: OPTIONS
request originalUrl:  /api/workers/add?token=eyJhbGciOiJIUzI1NiIsInR5cCI6IkpXVCJ9.eyJkYXRhIjp7ImlkIjoiNmE3OWM2ZjktYjdmNC00NjQyLThiNjAtNzEzZTJhZGU3NzA5IiwibmFtZSI6ImFkbWluIiwiZ2VuZGVyIjpmYWxzZSwiZW1haWwiOiIzNzgzMzg2MjdAcXEuY29tIn0sImlhdCI6MTUwMzQ1MTY2NywiZXhwIjoxNTAzNTM4MDY3fQ.su461Y8Qf4upLgVZQPcFwxCziWrcYXBBJgZlnvDIidk
request client ip:  ::ffff:127.0.0.1
request body: 
{}
response time: 2
response status: 204
response body: 
undefined
*************** response log end ***************

[2017-08-23 10:49:36.576] [INFO] resLogger - 
*************** response log start ***************
request method: POST
request originalUrl:  /api/workers/add?token=eyJhbGciOiJIUzI1NiIsInR5cCI6IkpXVCJ9.eyJkYXRhIjp7ImlkIjoiNmE3OWM2ZjktYjdmNC00NjQyLThiNjAtNzEzZTJhZGU3NzA5IiwibmFtZSI6ImFkbWluIiwiZ2VuZGVyIjpmYWxzZSwiZW1haWwiOiIzNzgzMzg2MjdAcXEuY29tIn0sImlhdCI6MTUwMzQ1MTY2NywiZXhwIjoxNTAzNTM4MDY3fQ.su461Y8Qf4upLgVZQPcFwxCziWrcYXBBJgZlnvDIidk
request client ip:  ::ffff:127.0.0.1
request body: 
{"userId":"6a79c6f9-b7f4-4642-8b60-713e2ade7709"}
response time: 69
response status: 200
response body: 
{"status":500}
*************** response log end ***************

[2017-08-23 10:50:03.687] [INFO] resLogger - 
*************** response log start ***************
request method: GET
request originalUrl:  /api/workers/delete/6a79c6f9-b7f4-4642-8b60-713e2ade7709?token=eyJhbGciOiJIUzI1NiIsInR5cCI6IkpXVCJ9.eyJkYXRhIjp7ImlkIjoiNmE3OWM2ZjktYjdmNC00NjQyLThiNjAtNzEzZTJhZGU3NzA5IiwibmFtZSI6ImFkbWluIiwiZ2VuZGVyIjpmYWxzZSwiZW1haWwiOiIzNzgzMzg2MjdAcXEuY29tIn0sImlhdCI6MTUwMzQ1MTY2NywiZXhwIjoxNTAzNTM4MDY3fQ.su461Y8Qf4upLgVZQPcFwxCziWrcYXBBJgZlnvDIidk
request client ip:  ::ffff:127.0.0.1
request query:  {"token":"eyJhbGciOiJIUzI1NiIsInR5cCI6IkpXVCJ9.eyJkYXRhIjp7ImlkIjoiNmE3OWM2ZjktYjdmNC00NjQyLThiNjAtNzEzZTJhZGU3NzA5IiwibmFtZSI6ImFkbWluIiwiZ2VuZGVyIjpmYWxzZSwiZW1haWwiOiIzNzgzMzg2MjdAcXEuY29tIn0sImlhdCI6MTUwMzQ1MTY2NywiZXhwIjoxNTAzNTM4MDY3fQ.su461Y8Qf4upLgVZQPcFwxCziWrcYXBBJgZlnvDIidk"}
response time: 252
response status: 200
response body: 
{"name":"workerNotExist","status":94001,"message":"该条工程师信息不存在！"}
*************** response log end ***************

[2017-08-23 10:50:04.691] [INFO] resLogger - 
*************** response log start ***************
request method: OPTIONS
request originalUrl:  /api/workers/add?token=eyJhbGciOiJIUzI1NiIsInR5cCI6IkpXVCJ9.eyJkYXRhIjp7ImlkIjoiNmE3OWM2ZjktYjdmNC00NjQyLThiNjAtNzEzZTJhZGU3NzA5IiwibmFtZSI6ImFkbWluIiwiZ2VuZGVyIjpmYWxzZSwiZW1haWwiOiIzNzgzMzg2MjdAcXEuY29tIn0sImlhdCI6MTUwMzQ1MTY2NywiZXhwIjoxNTAzNTM4MDY3fQ.su461Y8Qf4upLgVZQPcFwxCziWrcYXBBJgZlnvDIidk
request client ip:  ::ffff:127.0.0.1
request body: 
{}
response time: 5
response status: 204
response body: 
undefined
*************** response log end ***************

[2017-08-23 10:50:04.785] [INFO] resLogger - 
*************** response log start ***************
request method: POST
request originalUrl:  /api/workers/add?token=eyJhbGciOiJIUzI1NiIsInR5cCI6IkpXVCJ9.eyJkYXRhIjp7ImlkIjoiNmE3OWM2ZjktYjdmNC00NjQyLThiNjAtNzEzZTJhZGU3NzA5IiwibmFtZSI6ImFkbWluIiwiZ2VuZGVyIjpmYWxzZSwiZW1haWwiOiIzNzgzMzg2MjdAcXEuY29tIn0sImlhdCI6MTUwMzQ1MTY2NywiZXhwIjoxNTAzNTM4MDY3fQ.su461Y8Qf4upLgVZQPcFwxCziWrcYXBBJgZlnvDIidk
request client ip:  ::ffff:127.0.0.1
request body: 
{"userId":"6a79c6f9-b7f4-4642-8b60-713e2ade7709"}
response time: 71
response status: 200
response body: 
{"name":"SequelizeValidationError","message":"notNull Violation: userId cannot be null","errors":[{"message":"userId cannot be null","type":"notNull Violation","path":"userId","value":null}],"status":500}
*************** response log end ***************

[2017-08-23 10:50:35.758] [INFO] resLogger - 
*************** response log start ***************
request method: GET
request originalUrl:  /api/workers/delete/6a79c6f9-b7f4-4642-8b60-713e2ade7709?token=eyJhbGciOiJIUzI1NiIsInR5cCI6IkpXVCJ9.eyJkYXRhIjp7ImlkIjoiNmE3OWM2ZjktYjdmNC00NjQyLThiNjAtNzEzZTJhZGU3NzA5IiwibmFtZSI6ImFkbWluIiwiZ2VuZGVyIjpmYWxzZSwiZW1haWwiOiIzNzgzMzg2MjdAcXEuY29tIn0sImlhdCI6MTUwMzQ1MTY2NywiZXhwIjoxNTAzNTM4MDY3fQ.su461Y8Qf4upLgVZQPcFwxCziWrcYXBBJgZlnvDIidk
request client ip:  ::ffff:127.0.0.1
request query:  {"token":"eyJhbGciOiJIUzI1NiIsInR5cCI6IkpXVCJ9.eyJkYXRhIjp7ImlkIjoiNmE3OWM2ZjktYjdmNC00NjQyLThiNjAtNzEzZTJhZGU3NzA5IiwibmFtZSI6ImFkbWluIiwiZ2VuZGVyIjpmYWxzZSwiZW1haWwiOiIzNzgzMzg2MjdAcXEuY29tIn0sImlhdCI6MTUwMzQ1MTY2NywiZXhwIjoxNTAzNTM4MDY3fQ.su461Y8Qf4upLgVZQPcFwxCziWrcYXBBJgZlnvDIidk"}
response time: 249
response status: 200
response body: 
{"name":"workerNotExist","status":94001,"message":"该条工程师信息不存在！"}
*************** response log end ***************

[2017-08-23 10:50:36.616] [INFO] resLogger - 
*************** response log start ***************
request method: OPTIONS
request originalUrl:  /api/workers/add?token=eyJhbGciOiJIUzI1NiIsInR5cCI6IkpXVCJ9.eyJkYXRhIjp7ImlkIjoiNmE3OWM2ZjktYjdmNC00NjQyLThiNjAtNzEzZTJhZGU3NzA5IiwibmFtZSI6ImFkbWluIiwiZ2VuZGVyIjpmYWxzZSwiZW1haWwiOiIzNzgzMzg2MjdAcXEuY29tIn0sImlhdCI6MTUwMzQ1MTY2NywiZXhwIjoxNTAzNTM4MDY3fQ.su461Y8Qf4upLgVZQPcFwxCziWrcYXBBJgZlnvDIidk
request client ip:  ::ffff:127.0.0.1
request body: 
{}
response time: 1
response status: 204
response body: 
undefined
*************** response log end ***************

[2017-08-23 10:50:36.695] [INFO] resLogger - 
*************** response log start ***************
request method: POST
request originalUrl:  /api/workers/add?token=eyJhbGciOiJIUzI1NiIsInR5cCI6IkpXVCJ9.eyJkYXRhIjp7ImlkIjoiNmE3OWM2ZjktYjdmNC00NjQyLThiNjAtNzEzZTJhZGU3NzA5IiwibmFtZSI6ImFkbWluIiwiZ2VuZGVyIjpmYWxzZSwiZW1haWwiOiIzNzgzMzg2MjdAcXEuY29tIn0sImlhdCI6MTUwMzQ1MTY2NywiZXhwIjoxNTAzNTM4MDY3fQ.su461Y8Qf4upLgVZQPcFwxCziWrcYXBBJgZlnvDIidk
request client ip:  ::ffff:127.0.0.1
request body: 
{"userId":"6a79c6f9-b7f4-4642-8b60-713e2ade7709"}
response time: 59
response status: 200
response body: 
{"name":"SequelizeValidationError","message":"notNull Violation: userId cannot be null","errors":[{"message":"userId cannot be null","type":"notNull Violation","path":"userId","value":null}],"status":500}
*************** response log end ***************

[2017-08-23 10:51:00.498] [INFO] resLogger - 
*************** response log start ***************
request method: GET
request originalUrl:  /api/workers/delete/6a79c6f9-b7f4-4642-8b60-713e2ade7709?token=eyJhbGciOiJIUzI1NiIsInR5cCI6IkpXVCJ9.eyJkYXRhIjp7ImlkIjoiNmE3OWM2ZjktYjdmNC00NjQyLThiNjAtNzEzZTJhZGU3NzA5IiwibmFtZSI6ImFkbWluIiwiZ2VuZGVyIjpmYWxzZSwiZW1haWwiOiIzNzgzMzg2MjdAcXEuY29tIn0sImlhdCI6MTUwMzQ1MTY2NywiZXhwIjoxNTAzNTM4MDY3fQ.su461Y8Qf4upLgVZQPcFwxCziWrcYXBBJgZlnvDIidk
request client ip:  ::ffff:127.0.0.1
request query:  {"token":"eyJhbGciOiJIUzI1NiIsInR5cCI6IkpXVCJ9.eyJkYXRhIjp7ImlkIjoiNmE3OWM2ZjktYjdmNC00NjQyLThiNjAtNzEzZTJhZGU3NzA5IiwibmFtZSI6ImFkbWluIiwiZ2VuZGVyIjpmYWxzZSwiZW1haWwiOiIzNzgzMzg2MjdAcXEuY29tIn0sImlhdCI6MTUwMzQ1MTY2NywiZXhwIjoxNTAzNTM4MDY3fQ.su461Y8Qf4upLgVZQPcFwxCziWrcYXBBJgZlnvDIidk"}
response time: 255
response status: 200
response body: 
{"name":"workerNotExist","status":94001,"message":"该条工程师信息不存在！"}
*************** response log end ***************

[2017-08-23 10:51:01.570] [INFO] resLogger - 
*************** response log start ***************
request method: OPTIONS
request originalUrl:  /api/workers/add?token=eyJhbGciOiJIUzI1NiIsInR5cCI6IkpXVCJ9.eyJkYXRhIjp7ImlkIjoiNmE3OWM2ZjktYjdmNC00NjQyLThiNjAtNzEzZTJhZGU3NzA5IiwibmFtZSI6ImFkbWluIiwiZ2VuZGVyIjpmYWxzZSwiZW1haWwiOiIzNzgzMzg2MjdAcXEuY29tIn0sImlhdCI6MTUwMzQ1MTY2NywiZXhwIjoxNTAzNTM4MDY3fQ.su461Y8Qf4upLgVZQPcFwxCziWrcYXBBJgZlnvDIidk
request client ip:  ::ffff:127.0.0.1
request body: 
{}
response time: 5
response status: 204
response body: 
undefined
*************** response log end ***************

[2017-08-23 10:51:01.741] [INFO] resLogger - 
*************** response log start ***************
request method: POST
request originalUrl:  /api/workers/add?token=eyJhbGciOiJIUzI1NiIsInR5cCI6IkpXVCJ9.eyJkYXRhIjp7ImlkIjoiNmE3OWM2ZjktYjdmNC00NjQyLThiNjAtNzEzZTJhZGU3NzA5IiwibmFtZSI6ImFkbWluIiwiZ2VuZGVyIjpmYWxzZSwiZW1haWwiOiIzNzgzMzg2MjdAcXEuY29tIn0sImlhdCI6MTUwMzQ1MTY2NywiZXhwIjoxNTAzNTM4MDY3fQ.su461Y8Qf4upLgVZQPcFwxCziWrcYXBBJgZlnvDIidk
request client ip:  ::ffff:127.0.0.1
request body: 
{"userId":"6a79c6f9-b7f4-4642-8b60-713e2ade7709"}
response time: 149
response status: 200
response body: 
{"status":0,"data":{"id":"90d2b81f-2b40-4063-9d56-297c8de5767b","userId":"6a79c6f9-b7f4-4642-8b60-713e2ade7709","createdAt":1503456661647,"updatedAt":1503456661647,"version":0},"message":"新增成功！"}
*************** response log end ***************

[2017-08-23 10:51:10.960] [INFO] resLogger - 
*************** response log start ***************
request method: GET
request originalUrl:  /api/user/?token=eyJhbGciOiJIUzI1NiIsInR5cCI6IkpXVCJ9.eyJkYXRhIjp7ImlkIjoiNmE3OWM2ZjktYjdmNC00NjQyLThiNjAtNzEzZTJhZGU3NzA5IiwibmFtZSI6ImFkbWluIiwiZ2VuZGVyIjpmYWxzZSwiZW1haWwiOiIzNzgzMzg2MjdAcXEuY29tIn0sImlhdCI6MTUwMzQ1MTY2NywiZXhwIjoxNTAzNTM4MDY3fQ.su461Y8Qf4upLgVZQPcFwxCziWrcYXBBJgZlnvDIidk
request client ip:  ::ffff:127.0.0.1
request query:  {"token":"eyJhbGciOiJIUzI1NiIsInR5cCI6IkpXVCJ9.eyJkYXRhIjp7ImlkIjoiNmE3OWM2ZjktYjdmNC00NjQyLThiNjAtNzEzZTJhZGU3NzA5IiwibmFtZSI6ImFkbWluIiwiZ2VuZGVyIjpmYWxzZSwiZW1haWwiOiIzNzgzMzg2MjdAcXEuY29tIn0sImlhdCI6MTUwMzQ1MTY2NywiZXhwIjoxNTAzNTM4MDY3fQ.su461Y8Qf4upLgVZQPcFwxCziWrcYXBBJgZlnvDIidk"}
response time: 136
response status: 200
response body: 
{"status":0,"data":{"name":"admin","email":"378338627@qq.com","phone":"15822927208","password":"$2a$10$6wY3bY0s1a0R2ekYeEjTtOoQeib8FvlYBhyZIx7Cvr/pBORTCPtnq","gender":false,"token":"eyJhbGciOiJIUzI1NiIsInR5cCI6IkpXVCJ9.eyJkYXRhIjp7ImlkIjoiNmE3OWM2ZjktYjdmNC00NjQyLThiNjAtNzEzZTJhZGU3NzA5IiwibmFtZSI6ImFkbWluIiwiZ2VuZGVyIjpmYWxzZSwiZW1haWwiOiIzNzgzMzg2MjdAcXEuY29tIn0sImlhdCI6MTUwMzQ1MTY2NywiZXhwIjoxNTAzNTM4MDY3fQ.su461Y8Qf4upLgVZQPcFwxCziWrcYXBBJgZlnvDIidk","canLogin":true,"status":1,"id":"6a79c6f9-b7f4-4642-8b60-713e2ade7709","createdAt":1503451569541,"updatedAt":1503451667770,"version":5}}
*************** response log end ***************

[2017-08-23 10:51:11.248] [INFO] resLogger - 
*************** response log start ***************
request method: GET
request originalUrl:  /api/workers/list?token=eyJhbGciOiJIUzI1NiIsInR5cCI6IkpXVCJ9.eyJkYXRhIjp7ImlkIjoiNmE3OWM2ZjktYjdmNC00NjQyLThiNjAtNzEzZTJhZGU3NzA5IiwibmFtZSI6ImFkbWluIiwiZ2VuZGVyIjpmYWxzZSwiZW1haWwiOiIzNzgzMzg2MjdAcXEuY29tIn0sImlhdCI6MTUwMzQ1MTY2NywiZXhwIjoxNTAzNTM4MDY3fQ.su461Y8Qf4upLgVZQPcFwxCziWrcYXBBJgZlnvDIidk
request client ip:  ::ffff:127.0.0.1
request query:  {"token":"eyJhbGciOiJIUzI1NiIsInR5cCI6IkpXVCJ9.eyJkYXRhIjp7ImlkIjoiNmE3OWM2ZjktYjdmNC00NjQyLThiNjAtNzEzZTJhZGU3NzA5IiwibmFtZSI6ImFkbWluIiwiZ2VuZGVyIjpmYWxzZSwiZW1haWwiOiIzNzgzMzg2MjdAcXEuY29tIn0sImlhdCI6MTUwMzQ1MTY2NywiZXhwIjoxNTAzNTM4MDY3fQ.su461Y8Qf4upLgVZQPcFwxCziWrcYXBBJgZlnvDIidk"}
response time: 34
response status: 200
response body: 
{"status":0,"data":[{"id":"6a79c6f9-b7f4-4642-8b60-713e2ade7709","name":"admin","userId":"6a79c6f9-b7f4-4642-8b60-713e2ade7709"},{"id":"f98f8908-1bc6-4080-acc8-84fabe9e87a2","name":"liumeng","userId":null},{"id":"06d97663-9d73-4995-ba38-b5c4627483cb","name":"zhanghe","userId":null}]}
*************** response log end ***************

[2017-08-23 10:51:28.943] [INFO] resLogger - 
*************** response log start ***************
request method: OPTIONS
request originalUrl:  /api/workers/add?token=eyJhbGciOiJIUzI1NiIsInR5cCI6IkpXVCJ9.eyJkYXRhIjp7ImlkIjoiNmE3OWM2ZjktYjdmNC00NjQyLThiNjAtNzEzZTJhZGU3NzA5IiwibmFtZSI6ImFkbWluIiwiZ2VuZGVyIjpmYWxzZSwiZW1haWwiOiIzNzgzMzg2MjdAcXEuY29tIn0sImlhdCI6MTUwMzQ1MTY2NywiZXhwIjoxNTAzNTM4MDY3fQ.su461Y8Qf4upLgVZQPcFwxCziWrcYXBBJgZlnvDIidk
request client ip:  ::ffff:127.0.0.1
request body: 
{}
response time: 4
response status: 204
response body: 
undefined
*************** response log end ***************

[2017-08-23 10:51:29.192] [INFO] resLogger - 
*************** response log start ***************
request method: POST
request originalUrl:  /api/workers/add?token=eyJhbGciOiJIUzI1NiIsInR5cCI6IkpXVCJ9.eyJkYXRhIjp7ImlkIjoiNmE3OWM2ZjktYjdmNC00NjQyLThiNjAtNzEzZTJhZGU3NzA5IiwibmFtZSI6ImFkbWluIiwiZ2VuZGVyIjpmYWxzZSwiZW1haWwiOiIzNzgzMzg2MjdAcXEuY29tIn0sImlhdCI6MTUwMzQ1MTY2NywiZXhwIjoxNTAzNTM4MDY3fQ.su461Y8Qf4upLgVZQPcFwxCziWrcYXBBJgZlnvDIidk
request client ip:  ::ffff:127.0.0.1
request body: 
{"userId":"f98f8908-1bc6-4080-acc8-84fabe9e87a2"}
response time: 237
response status: 200
response body: 
{"status":0,"data":{"id":"50ce5177-be6a-4c2a-b408-a47f26955e83","userId":"f98f8908-1bc6-4080-acc8-84fabe9e87a2","createdAt":1503456689048,"updatedAt":1503456689048,"version":0},"message":"新增成功！"}
*************** response log end ***************

[2017-08-23 10:51:30.959] [INFO] resLogger - 
*************** response log start ***************
request method: POST
request originalUrl:  /api/workers/add?token=eyJhbGciOiJIUzI1NiIsInR5cCI6IkpXVCJ9.eyJkYXRhIjp7ImlkIjoiNmE3OWM2ZjktYjdmNC00NjQyLThiNjAtNzEzZTJhZGU3NzA5IiwibmFtZSI6ImFkbWluIiwiZ2VuZGVyIjpmYWxzZSwiZW1haWwiOiIzNzgzMzg2MjdAcXEuY29tIn0sImlhdCI6MTUwMzQ1MTY2NywiZXhwIjoxNTAzNTM4MDY3fQ.su461Y8Qf4upLgVZQPcFwxCziWrcYXBBJgZlnvDIidk
request client ip:  ::ffff:127.0.0.1
request body: 
{"userId":"06d97663-9d73-4995-ba38-b5c4627483cb"}
response time: 335
response status: 200
response body: 
{"status":0,"data":{"id":"c8ee9919-eb81-4da2-a071-e4d6121944d7","userId":"06d97663-9d73-4995-ba38-b5c4627483cb","createdAt":1503456690747,"updatedAt":1503456690747,"version":0},"message":"新增成功！"}
*************** response log end ***************

[2017-08-23 10:51:38.991] [INFO] resLogger - 
*************** response log start ***************
request method: GET
request originalUrl:  /api/user/?token=eyJhbGciOiJIUzI1NiIsInR5cCI6IkpXVCJ9.eyJkYXRhIjp7ImlkIjoiNmE3OWM2ZjktYjdmNC00NjQyLThiNjAtNzEzZTJhZGU3NzA5IiwibmFtZSI6ImFkbWluIiwiZ2VuZGVyIjpmYWxzZSwiZW1haWwiOiIzNzgzMzg2MjdAcXEuY29tIn0sImlhdCI6MTUwMzQ1MTY2NywiZXhwIjoxNTAzNTM4MDY3fQ.su461Y8Qf4upLgVZQPcFwxCziWrcYXBBJgZlnvDIidk
request client ip:  ::ffff:127.0.0.1
request query:  {"token":"eyJhbGciOiJIUzI1NiIsInR5cCI6IkpXVCJ9.eyJkYXRhIjp7ImlkIjoiNmE3OWM2ZjktYjdmNC00NjQyLThiNjAtNzEzZTJhZGU3NzA5IiwibmFtZSI6ImFkbWluIiwiZ2VuZGVyIjpmYWxzZSwiZW1haWwiOiIzNzgzMzg2MjdAcXEuY29tIn0sImlhdCI6MTUwMzQ1MTY2NywiZXhwIjoxNTAzNTM4MDY3fQ.su461Y8Qf4upLgVZQPcFwxCziWrcYXBBJgZlnvDIidk"}
response time: 124
response status: 200
response body: 
{"status":0,"data":{"name":"admin","email":"378338627@qq.com","phone":"15822927208","password":"$2a$10$6wY3bY0s1a0R2ekYeEjTtOoQeib8FvlYBhyZIx7Cvr/pBORTCPtnq","gender":false,"token":"eyJhbGciOiJIUzI1NiIsInR5cCI6IkpXVCJ9.eyJkYXRhIjp7ImlkIjoiNmE3OWM2ZjktYjdmNC00NjQyLThiNjAtNzEzZTJhZGU3NzA5IiwibmFtZSI6ImFkbWluIiwiZ2VuZGVyIjpmYWxzZSwiZW1haWwiOiIzNzgzMzg2MjdAcXEuY29tIn0sImlhdCI6MTUwMzQ1MTY2NywiZXhwIjoxNTAzNTM4MDY3fQ.su461Y8Qf4upLgVZQPcFwxCziWrcYXBBJgZlnvDIidk","canLogin":true,"status":1,"id":"6a79c6f9-b7f4-4642-8b60-713e2ade7709","createdAt":1503451569541,"updatedAt":1503451667770,"version":5}}
*************** response log end ***************

[2017-08-23 10:51:39.137] [INFO] resLogger - 
*************** response log start ***************
request method: GET
request originalUrl:  /api/workers/list?token=eyJhbGciOiJIUzI1NiIsInR5cCI6IkpXVCJ9.eyJkYXRhIjp7ImlkIjoiNmE3OWM2ZjktYjdmNC00NjQyLThiNjAtNzEzZTJhZGU3NzA5IiwibmFtZSI6ImFkbWluIiwiZ2VuZGVyIjpmYWxzZSwiZW1haWwiOiIzNzgzMzg2MjdAcXEuY29tIn0sImlhdCI6MTUwMzQ1MTY2NywiZXhwIjoxNTAzNTM4MDY3fQ.su461Y8Qf4upLgVZQPcFwxCziWrcYXBBJgZlnvDIidk
request client ip:  ::ffff:127.0.0.1
request query:  {"token":"eyJhbGciOiJIUzI1NiIsInR5cCI6IkpXVCJ9.eyJkYXRhIjp7ImlkIjoiNmE3OWM2ZjktYjdmNC00NjQyLThiNjAtNzEzZTJhZGU3NzA5IiwibmFtZSI6ImFkbWluIiwiZ2VuZGVyIjpmYWxzZSwiZW1haWwiOiIzNzgzMzg2MjdAcXEuY29tIn0sImlhdCI6MTUwMzQ1MTY2NywiZXhwIjoxNTAzNTM4MDY3fQ.su461Y8Qf4upLgVZQPcFwxCziWrcYXBBJgZlnvDIidk"}
response time: 33
response status: 200
response body: 
{"status":0,"data":[{"id":"f98f8908-1bc6-4080-acc8-84fabe9e87a2","name":"liumeng","userId":"f98f8908-1bc6-4080-acc8-84fabe9e87a2"},{"id":"6a79c6f9-b7f4-4642-8b60-713e2ade7709","name":"admin","userId":"6a79c6f9-b7f4-4642-8b60-713e2ade7709"},{"id":"06d97663-9d73-4995-ba38-b5c4627483cb","name":"zhanghe","userId":"06d97663-9d73-4995-ba38-b5c4627483cb"}]}
*************** response log end ***************

[2017-08-23 10:53:28.703] [INFO] resLogger - 
*************** response log start ***************
request method: GET
request originalUrl:  /api/workers/delete/6a79c6f9-b7f4-4642-8b60-713e2ade7709?token=eyJhbGciOiJIUzI1NiIsInR5cCI6IkpXVCJ9.eyJkYXRhIjp7ImlkIjoiNmE3OWM2ZjktYjdmNC00NjQyLThiNjAtNzEzZTJhZGU3NzA5IiwibmFtZSI6ImFkbWluIiwiZ2VuZGVyIjpmYWxzZSwiZW1haWwiOiIzNzgzMzg2MjdAcXEuY29tIn0sImlhdCI6MTUwMzQ1MTY2NywiZXhwIjoxNTAzNTM4MDY3fQ.su461Y8Qf4upLgVZQPcFwxCziWrcYXBBJgZlnvDIidk
request client ip:  ::ffff:127.0.0.1
request query:  {"token":"eyJhbGciOiJIUzI1NiIsInR5cCI6IkpXVCJ9.eyJkYXRhIjp7ImlkIjoiNmE3OWM2ZjktYjdmNC00NjQyLThiNjAtNzEzZTJhZGU3NzA5IiwibmFtZSI6ImFkbWluIiwiZ2VuZGVyIjpmYWxzZSwiZW1haWwiOiIzNzgzMzg2MjdAcXEuY29tIn0sImlhdCI6MTUwMzQ1MTY2NywiZXhwIjoxNTAzNTM4MDY3fQ.su461Y8Qf4upLgVZQPcFwxCziWrcYXBBJgZlnvDIidk"}
response time: 137
response status: 200
response body: 
{"status":500}
*************** response log end ***************

[2017-08-23 10:55:49.387] [INFO] resLogger - 
*************** response log start ***************
request method: OPTIONS
request originalUrl:  /api/workers/add?token=eyJhbGciOiJIUzI1NiIsInR5cCI6IkpXVCJ9.eyJkYXRhIjp7ImlkIjoiNmE3OWM2ZjktYjdmNC00NjQyLThiNjAtNzEzZTJhZGU3NzA5IiwibmFtZSI6ImFkbWluIiwiZ2VuZGVyIjpmYWxzZSwiZW1haWwiOiIzNzgzMzg2MjdAcXEuY29tIn0sImlhdCI6MTUwMzQ1MTY2NywiZXhwIjoxNTAzNTM4MDY3fQ.su461Y8Qf4upLgVZQPcFwxCziWrcYXBBJgZlnvDIidk
request client ip:  ::ffff:127.0.0.1
request body: 
{}
response time: 7
response status: 204
response body: 
undefined
*************** response log end ***************

[2017-08-23 10:55:49.672] [INFO] resLogger - 
*************** response log start ***************
request method: POST
request originalUrl:  /api/workers/add?token=eyJhbGciOiJIUzI1NiIsInR5cCI6IkpXVCJ9.eyJkYXRhIjp7ImlkIjoiNmE3OWM2ZjktYjdmNC00NjQyLThiNjAtNzEzZTJhZGU3NzA5IiwibmFtZSI6ImFkbWluIiwiZ2VuZGVyIjpmYWxzZSwiZW1haWwiOiIzNzgzMzg2MjdAcXEuY29tIn0sImlhdCI6MTUwMzQ1MTY2NywiZXhwIjoxNTAzNTM4MDY3fQ.su461Y8Qf4upLgVZQPcFwxCziWrcYXBBJgZlnvDIidk
request client ip:  ::ffff:127.0.0.1
request body: 
{"userId":"6a79c6f9-b7f4-4642-8b60-713e2ade7709"}
response time: 248
response status: 200
response body: 
{"name":"workerExist","status":94002,"message":"工程师信息已存在！"}
*************** response log end ***************

[2017-08-23 10:55:56.677] [INFO] resLogger - 
*************** response log start ***************
request method: GET
request originalUrl:  /api/workers/delete/6a79c6f9-b7f4-4642-8b60-713e2ade7709?token=eyJhbGciOiJIUzI1NiIsInR5cCI6IkpXVCJ9.eyJkYXRhIjp7ImlkIjoiNmE3OWM2ZjktYjdmNC00NjQyLThiNjAtNzEzZTJhZGU3NzA5IiwibmFtZSI6ImFkbWluIiwiZ2VuZGVyIjpmYWxzZSwiZW1haWwiOiIzNzgzMzg2MjdAcXEuY29tIn0sImlhdCI6MTUwMzQ1MTY2NywiZXhwIjoxNTAzNTM4MDY3fQ.su461Y8Qf4upLgVZQPcFwxCziWrcYXBBJgZlnvDIidk
request client ip:  ::ffff:127.0.0.1
request query:  {"token":"eyJhbGciOiJIUzI1NiIsInR5cCI6IkpXVCJ9.eyJkYXRhIjp7ImlkIjoiNmE3OWM2ZjktYjdmNC00NjQyLThiNjAtNzEzZTJhZGU3NzA5IiwibmFtZSI6ImFkbWluIiwiZ2VuZGVyIjpmYWxzZSwiZW1haWwiOiIzNzgzMzg2MjdAcXEuY29tIn0sImlhdCI6MTUwMzQ1MTY2NywiZXhwIjoxNTAzNTM4MDY3fQ.su461Y8Qf4upLgVZQPcFwxCziWrcYXBBJgZlnvDIidk"}
response time: 181
response status: 200
response body: 
{"status":0,"data":{"userId":"6a79c6f9-b7f4-4642-8b60-713e2ade7709","id":"90d2b81f-2b40-4063-9d56-297c8de5767b","createdAt":1503456661647,"updatedAt":1503456661647,"version":0},"message":"删除成功！"}
*************** response log end ***************

[2017-08-23 10:56:03.603] [INFO] resLogger - 
*************** response log start ***************
request method: OPTIONS
request originalUrl:  /api/workers/add?token=eyJhbGciOiJIUzI1NiIsInR5cCI6IkpXVCJ9.eyJkYXRhIjp7ImlkIjoiNmE3OWM2ZjktYjdmNC00NjQyLThiNjAtNzEzZTJhZGU3NzA5IiwibmFtZSI6ImFkbWluIiwiZ2VuZGVyIjpmYWxzZSwiZW1haWwiOiIzNzgzMzg2MjdAcXEuY29tIn0sImlhdCI6MTUwMzQ1MTY2NywiZXhwIjoxNTAzNTM4MDY3fQ.su461Y8Qf4upLgVZQPcFwxCziWrcYXBBJgZlnvDIidk
request client ip:  ::ffff:127.0.0.1
request body: 
{}
response time: 4
response status: 204
response body: 
undefined
*************** response log end ***************

[2017-08-23 10:56:03.773] [INFO] resLogger - 
*************** response log start ***************
request method: POST
request originalUrl:  /api/workers/add?token=eyJhbGciOiJIUzI1NiIsInR5cCI6IkpXVCJ9.eyJkYXRhIjp7ImlkIjoiNmE3OWM2ZjktYjdmNC00NjQyLThiNjAtNzEzZTJhZGU3NzA5IiwibmFtZSI6ImFkbWluIiwiZ2VuZGVyIjpmYWxzZSwiZW1haWwiOiIzNzgzMzg2MjdAcXEuY29tIn0sImlhdCI6MTUwMzQ1MTY2NywiZXhwIjoxNTAzNTM4MDY3fQ.su461Y8Qf4upLgVZQPcFwxCziWrcYXBBJgZlnvDIidk
request client ip:  ::ffff:127.0.0.1
request body: 
{"userId":"6a79c6f9-b7f4-4642-8b60-713e2ade7709"}
response time: 165
response status: 200
response body: 
{"status":0,"data":{"id":"b8ab7dbe-eae6-451a-ba06-9bb57635e7e6","userId":"6a79c6f9-b7f4-4642-8b60-713e2ade7709","createdAt":1503456963659,"updatedAt":1503456963659,"version":0},"message":"新增成功！"}
*************** response log end ***************

[2017-08-23 10:56:06.893] [INFO] resLogger - 
*************** response log start ***************
request method: GET
request originalUrl:  /api/workers/delete/6a79c6f9-b7f4-4642-8b60-713e2ade7709?token=eyJhbGciOiJIUzI1NiIsInR5cCI6IkpXVCJ9.eyJkYXRhIjp7ImlkIjoiNmE3OWM2ZjktYjdmNC00NjQyLThiNjAtNzEzZTJhZGU3NzA5IiwibmFtZSI6ImFkbWluIiwiZ2VuZGVyIjpmYWxzZSwiZW1haWwiOiIzNzgzMzg2MjdAcXEuY29tIn0sImlhdCI6MTUwMzQ1MTY2NywiZXhwIjoxNTAzNTM4MDY3fQ.su461Y8Qf4upLgVZQPcFwxCziWrcYXBBJgZlnvDIidk
request client ip:  ::ffff:127.0.0.1
request query:  {"token":"eyJhbGciOiJIUzI1NiIsInR5cCI6IkpXVCJ9.eyJkYXRhIjp7ImlkIjoiNmE3OWM2ZjktYjdmNC00NjQyLThiNjAtNzEzZTJhZGU3NzA5IiwibmFtZSI6ImFkbWluIiwiZ2VuZGVyIjpmYWxzZSwiZW1haWwiOiIzNzgzMzg2MjdAcXEuY29tIn0sImlhdCI6MTUwMzQ1MTY2NywiZXhwIjoxNTAzNTM4MDY3fQ.su461Y8Qf4upLgVZQPcFwxCziWrcYXBBJgZlnvDIidk"}
response time: 102
response status: 200
response body: 
{"status":0,"data":{"userId":"6a79c6f9-b7f4-4642-8b60-713e2ade7709","id":"b8ab7dbe-eae6-451a-ba06-9bb57635e7e6","createdAt":1503456963659,"updatedAt":1503456963659,"version":0},"message":"删除成功！"}
*************** response log end ***************

[2017-08-23 10:56:18.213] [INFO] resLogger - 
*************** response log start ***************
request method: GET
request originalUrl:  /api/user/?token=eyJhbGciOiJIUzI1NiIsInR5cCI6IkpXVCJ9.eyJkYXRhIjp7ImlkIjoiNmE3OWM2ZjktYjdmNC00NjQyLThiNjAtNzEzZTJhZGU3NzA5IiwibmFtZSI6ImFkbWluIiwiZ2VuZGVyIjpmYWxzZSwiZW1haWwiOiIzNzgzMzg2MjdAcXEuY29tIn0sImlhdCI6MTUwMzQ1MTY2NywiZXhwIjoxNTAzNTM4MDY3fQ.su461Y8Qf4upLgVZQPcFwxCziWrcYXBBJgZlnvDIidk
request client ip:  ::ffff:127.0.0.1
request query:  {"token":"eyJhbGciOiJIUzI1NiIsInR5cCI6IkpXVCJ9.eyJkYXRhIjp7ImlkIjoiNmE3OWM2ZjktYjdmNC00NjQyLThiNjAtNzEzZTJhZGU3NzA5IiwibmFtZSI6ImFkbWluIiwiZ2VuZGVyIjpmYWxzZSwiZW1haWwiOiIzNzgzMzg2MjdAcXEuY29tIn0sImlhdCI6MTUwMzQ1MTY2NywiZXhwIjoxNTAzNTM4MDY3fQ.su461Y8Qf4upLgVZQPcFwxCziWrcYXBBJgZlnvDIidk"}
response time: 138
response status: 200
response body: 
{"status":0,"data":{"name":"admin","email":"378338627@qq.com","phone":"15822927208","password":"$2a$10$6wY3bY0s1a0R2ekYeEjTtOoQeib8FvlYBhyZIx7Cvr/pBORTCPtnq","gender":false,"token":"eyJhbGciOiJIUzI1NiIsInR5cCI6IkpXVCJ9.eyJkYXRhIjp7ImlkIjoiNmE3OWM2ZjktYjdmNC00NjQyLThiNjAtNzEzZTJhZGU3NzA5IiwibmFtZSI6ImFkbWluIiwiZ2VuZGVyIjpmYWxzZSwiZW1haWwiOiIzNzgzMzg2MjdAcXEuY29tIn0sImlhdCI6MTUwMzQ1MTY2NywiZXhwIjoxNTAzNTM4MDY3fQ.su461Y8Qf4upLgVZQPcFwxCziWrcYXBBJgZlnvDIidk","canLogin":true,"status":1,"id":"6a79c6f9-b7f4-4642-8b60-713e2ade7709","createdAt":1503451569541,"updatedAt":1503451667770,"version":5}}
*************** response log end ***************

[2017-08-23 10:56:18.378] [INFO] resLogger - 
*************** response log start ***************
request method: GET
request originalUrl:  /api/workers/list?token=eyJhbGciOiJIUzI1NiIsInR5cCI6IkpXVCJ9.eyJkYXRhIjp7ImlkIjoiNmE3OWM2ZjktYjdmNC00NjQyLThiNjAtNzEzZTJhZGU3NzA5IiwibmFtZSI6ImFkbWluIiwiZ2VuZGVyIjpmYWxzZSwiZW1haWwiOiIzNzgzMzg2MjdAcXEuY29tIn0sImlhdCI6MTUwMzQ1MTY2NywiZXhwIjoxNTAzNTM4MDY3fQ.su461Y8Qf4upLgVZQPcFwxCziWrcYXBBJgZlnvDIidk
request client ip:  ::ffff:127.0.0.1
request query:  {"token":"eyJhbGciOiJIUzI1NiIsInR5cCI6IkpXVCJ9.eyJkYXRhIjp7ImlkIjoiNmE3OWM2ZjktYjdmNC00NjQyLThiNjAtNzEzZTJhZGU3NzA5IiwibmFtZSI6ImFkbWluIiwiZ2VuZGVyIjpmYWxzZSwiZW1haWwiOiIzNzgzMzg2MjdAcXEuY29tIn0sImlhdCI6MTUwMzQ1MTY2NywiZXhwIjoxNTAzNTM4MDY3fQ.su461Y8Qf4upLgVZQPcFwxCziWrcYXBBJgZlnvDIidk"}
response time: 33
response status: 200
response body: 
{"status":0,"data":[{"id":"f98f8908-1bc6-4080-acc8-84fabe9e87a2","name":"liumeng","userId":"f98f8908-1bc6-4080-acc8-84fabe9e87a2"},{"id":"06d97663-9d73-4995-ba38-b5c4627483cb","name":"zhanghe","userId":"06d97663-9d73-4995-ba38-b5c4627483cb"},{"id":"6a79c6f9-b7f4-4642-8b60-713e2ade7709","name":"admin","userId":null}]}
*************** response log end ***************

[2017-08-23 10:56:27.340] [INFO] resLogger - 
*************** response log start ***************
request method: OPTIONS
request originalUrl:  /api/workers/add?token=eyJhbGciOiJIUzI1NiIsInR5cCI6IkpXVCJ9.eyJkYXRhIjp7ImlkIjoiNmE3OWM2ZjktYjdmNC00NjQyLThiNjAtNzEzZTJhZGU3NzA5IiwibmFtZSI6ImFkbWluIiwiZ2VuZGVyIjpmYWxzZSwiZW1haWwiOiIzNzgzMzg2MjdAcXEuY29tIn0sImlhdCI6MTUwMzQ1MTY2NywiZXhwIjoxNTAzNTM4MDY3fQ.su461Y8Qf4upLgVZQPcFwxCziWrcYXBBJgZlnvDIidk
request client ip:  ::ffff:127.0.0.1
request body: 
{}
response time: 3
response status: 204
response body: 
undefined
*************** response log end ***************

[2017-08-23 10:56:27.583] [INFO] resLogger - 
*************** response log start ***************
request method: POST
request originalUrl:  /api/workers/add?token=eyJhbGciOiJIUzI1NiIsInR5cCI6IkpXVCJ9.eyJkYXRhIjp7ImlkIjoiNmE3OWM2ZjktYjdmNC00NjQyLThiNjAtNzEzZTJhZGU3NzA5IiwibmFtZSI6ImFkbWluIiwiZ2VuZGVyIjpmYWxzZSwiZW1haWwiOiIzNzgzMzg2MjdAcXEuY29tIn0sImlhdCI6MTUwMzQ1MTY2NywiZXhwIjoxNTAzNTM4MDY3fQ.su461Y8Qf4upLgVZQPcFwxCziWrcYXBBJgZlnvDIidk
request client ip:  ::ffff:127.0.0.1
request body: 
{"userId":"6a79c6f9-b7f4-4642-8b60-713e2ade7709"}
response time: 231
response status: 200
response body: 
{"status":0,"data":{"id":"3e3eb15c-d27b-4aa2-8ccb-73ba8ec15b2d","userId":"6a79c6f9-b7f4-4642-8b60-713e2ade7709","createdAt":1503456987457,"updatedAt":1503456987457,"version":0},"message":"新增成功！"}
*************** response log end ***************

[2017-08-23 10:56:28.982] [INFO] resLogger - 
*************** response log start ***************
request method: GET
request originalUrl:  /api/workers/delete/06d97663-9d73-4995-ba38-b5c4627483cb?token=eyJhbGciOiJIUzI1NiIsInR5cCI6IkpXVCJ9.eyJkYXRhIjp7ImlkIjoiNmE3OWM2ZjktYjdmNC00NjQyLThiNjAtNzEzZTJhZGU3NzA5IiwibmFtZSI6ImFkbWluIiwiZ2VuZGVyIjpmYWxzZSwiZW1haWwiOiIzNzgzMzg2MjdAcXEuY29tIn0sImlhdCI6MTUwMzQ1MTY2NywiZXhwIjoxNTAzNTM4MDY3fQ.su461Y8Qf4upLgVZQPcFwxCziWrcYXBBJgZlnvDIidk
request client ip:  ::ffff:127.0.0.1
request query:  {"token":"eyJhbGciOiJIUzI1NiIsInR5cCI6IkpXVCJ9.eyJkYXRhIjp7ImlkIjoiNmE3OWM2ZjktYjdmNC00NjQyLThiNjAtNzEzZTJhZGU3NzA5IiwibmFtZSI6ImFkbWluIiwiZ2VuZGVyIjpmYWxzZSwiZW1haWwiOiIzNzgzMzg2MjdAcXEuY29tIn0sImlhdCI6MTUwMzQ1MTY2NywiZXhwIjoxNTAzNTM4MDY3fQ.su461Y8Qf4upLgVZQPcFwxCziWrcYXBBJgZlnvDIidk"}
response time: 335
response status: 200
response body: 
{"status":0,"data":{"userId":"06d97663-9d73-4995-ba38-b5c4627483cb","id":"c8ee9919-eb81-4da2-a071-e4d6121944d7","createdAt":1503456690747,"updatedAt":1503456690747,"version":0},"message":"删除成功！"}
*************** response log end ***************

[2017-08-23 10:56:35.093] [INFO] resLogger - 
*************** response log start ***************
request method: GET
request originalUrl:  /api/user/?token=eyJhbGciOiJIUzI1NiIsInR5cCI6IkpXVCJ9.eyJkYXRhIjp7ImlkIjoiNmE3OWM2ZjktYjdmNC00NjQyLThiNjAtNzEzZTJhZGU3NzA5IiwibmFtZSI6ImFkbWluIiwiZ2VuZGVyIjpmYWxzZSwiZW1haWwiOiIzNzgzMzg2MjdAcXEuY29tIn0sImlhdCI6MTUwMzQ1MTY2NywiZXhwIjoxNTAzNTM4MDY3fQ.su461Y8Qf4upLgVZQPcFwxCziWrcYXBBJgZlnvDIidk
request client ip:  ::ffff:127.0.0.1
request query:  {"token":"eyJhbGciOiJIUzI1NiIsInR5cCI6IkpXVCJ9.eyJkYXRhIjp7ImlkIjoiNmE3OWM2ZjktYjdmNC00NjQyLThiNjAtNzEzZTJhZGU3NzA5IiwibmFtZSI6ImFkbWluIiwiZ2VuZGVyIjpmYWxzZSwiZW1haWwiOiIzNzgzMzg2MjdAcXEuY29tIn0sImlhdCI6MTUwMzQ1MTY2NywiZXhwIjoxNTAzNTM4MDY3fQ.su461Y8Qf4upLgVZQPcFwxCziWrcYXBBJgZlnvDIidk"}
response time: 107
response status: 200
response body: 
{"status":0,"data":{"name":"admin","email":"378338627@qq.com","phone":"15822927208","password":"$2a$10$6wY3bY0s1a0R2ekYeEjTtOoQeib8FvlYBhyZIx7Cvr/pBORTCPtnq","gender":false,"token":"eyJhbGciOiJIUzI1NiIsInR5cCI6IkpXVCJ9.eyJkYXRhIjp7ImlkIjoiNmE3OWM2ZjktYjdmNC00NjQyLThiNjAtNzEzZTJhZGU3NzA5IiwibmFtZSI6ImFkbWluIiwiZ2VuZGVyIjpmYWxzZSwiZW1haWwiOiIzNzgzMzg2MjdAcXEuY29tIn0sImlhdCI6MTUwMzQ1MTY2NywiZXhwIjoxNTAzNTM4MDY3fQ.su461Y8Qf4upLgVZQPcFwxCziWrcYXBBJgZlnvDIidk","canLogin":true,"status":1,"id":"6a79c6f9-b7f4-4642-8b60-713e2ade7709","createdAt":1503451569541,"updatedAt":1503451667770,"version":5}}
*************** response log end ***************

[2017-08-23 10:56:35.258] [INFO] resLogger - 
*************** response log start ***************
request method: GET
request originalUrl:  /api/workers/list?token=eyJhbGciOiJIUzI1NiIsInR5cCI6IkpXVCJ9.eyJkYXRhIjp7ImlkIjoiNmE3OWM2ZjktYjdmNC00NjQyLThiNjAtNzEzZTJhZGU3NzA5IiwibmFtZSI6ImFkbWluIiwiZ2VuZGVyIjpmYWxzZSwiZW1haWwiOiIzNzgzMzg2MjdAcXEuY29tIn0sImlhdCI6MTUwMzQ1MTY2NywiZXhwIjoxNTAzNTM4MDY3fQ.su461Y8Qf4upLgVZQPcFwxCziWrcYXBBJgZlnvDIidk
request client ip:  ::ffff:127.0.0.1
request query:  {"token":"eyJhbGciOiJIUzI1NiIsInR5cCI6IkpXVCJ9.eyJkYXRhIjp7ImlkIjoiNmE3OWM2ZjktYjdmNC00NjQyLThiNjAtNzEzZTJhZGU3NzA5IiwibmFtZSI6ImFkbWluIiwiZ2VuZGVyIjpmYWxzZSwiZW1haWwiOiIzNzgzMzg2MjdAcXEuY29tIn0sImlhdCI6MTUwMzQ1MTY2NywiZXhwIjoxNTAzNTM4MDY3fQ.su461Y8Qf4upLgVZQPcFwxCziWrcYXBBJgZlnvDIidk"}
response time: 27
response status: 200
response body: 
{"status":0,"data":[{"id":"6a79c6f9-b7f4-4642-8b60-713e2ade7709","name":"admin","userId":"6a79c6f9-b7f4-4642-8b60-713e2ade7709"},{"id":"f98f8908-1bc6-4080-acc8-84fabe9e87a2","name":"liumeng","userId":"f98f8908-1bc6-4080-acc8-84fabe9e87a2"},{"id":"06d97663-9d73-4995-ba38-b5c4627483cb","name":"zhanghe","userId":null}]}
*************** response log end ***************

[2017-08-23 10:57:31.048] [INFO] resLogger - 
*************** response log start ***************
request method: GET
request originalUrl:  /api/user/?token=eyJhbGciOiJIUzI1NiIsInR5cCI6IkpXVCJ9.eyJkYXRhIjp7ImlkIjoiNmE3OWM2ZjktYjdmNC00NjQyLThiNjAtNzEzZTJhZGU3NzA5IiwibmFtZSI6ImFkbWluIiwiZ2VuZGVyIjpmYWxzZSwiZW1haWwiOiIzNzgzMzg2MjdAcXEuY29tIn0sImlhdCI6MTUwMzQ1MTY2NywiZXhwIjoxNTAzNTM4MDY3fQ.su461Y8Qf4upLgVZQPcFwxCziWrcYXBBJgZlnvDIidk
request client ip:  ::ffff:127.0.0.1
request query:  {"token":"eyJhbGciOiJIUzI1NiIsInR5cCI6IkpXVCJ9.eyJkYXRhIjp7ImlkIjoiNmE3OWM2ZjktYjdmNC00NjQyLThiNjAtNzEzZTJhZGU3NzA5IiwibmFtZSI6ImFkbWluIiwiZ2VuZGVyIjpmYWxzZSwiZW1haWwiOiIzNzgzMzg2MjdAcXEuY29tIn0sImlhdCI6MTUwMzQ1MTY2NywiZXhwIjoxNTAzNTM4MDY3fQ.su461Y8Qf4upLgVZQPcFwxCziWrcYXBBJgZlnvDIidk"}
response time: 479
response status: 200
response body: 
{"status":0,"data":{"name":"admin","email":"378338627@qq.com","phone":"15822927208","password":"$2a$10$6wY3bY0s1a0R2ekYeEjTtOoQeib8FvlYBhyZIx7Cvr/pBORTCPtnq","gender":false,"token":"eyJhbGciOiJIUzI1NiIsInR5cCI6IkpXVCJ9.eyJkYXRhIjp7ImlkIjoiNmE3OWM2ZjktYjdmNC00NjQyLThiNjAtNzEzZTJhZGU3NzA5IiwibmFtZSI6ImFkbWluIiwiZ2VuZGVyIjpmYWxzZSwiZW1haWwiOiIzNzgzMzg2MjdAcXEuY29tIn0sImlhdCI6MTUwMzQ1MTY2NywiZXhwIjoxNTAzNTM4MDY3fQ.su461Y8Qf4upLgVZQPcFwxCziWrcYXBBJgZlnvDIidk","canLogin":true,"status":1,"id":"6a79c6f9-b7f4-4642-8b60-713e2ade7709","createdAt":1503451569541,"updatedAt":1503451667770,"version":5}}
*************** response log end ***************

[2017-08-23 10:57:31.157] [INFO] resLogger - 
*************** response log start ***************
request method: GET
request originalUrl:  /api/workers/list?token=eyJhbGciOiJIUzI1NiIsInR5cCI6IkpXVCJ9.eyJkYXRhIjp7ImlkIjoiNmE3OWM2ZjktYjdmNC00NjQyLThiNjAtNzEzZTJhZGU3NzA5IiwibmFtZSI6ImFkbWluIiwiZ2VuZGVyIjpmYWxzZSwiZW1haWwiOiIzNzgzMzg2MjdAcXEuY29tIn0sImlhdCI6MTUwMzQ1MTY2NywiZXhwIjoxNTAzNTM4MDY3fQ.su461Y8Qf4upLgVZQPcFwxCziWrcYXBBJgZlnvDIidk
request client ip:  ::ffff:127.0.0.1
request query:  {"token":"eyJhbGciOiJIUzI1NiIsInR5cCI6IkpXVCJ9.eyJkYXRhIjp7ImlkIjoiNmE3OWM2ZjktYjdmNC00NjQyLThiNjAtNzEzZTJhZGU3NzA5IiwibmFtZSI6ImFkbWluIiwiZ2VuZGVyIjpmYWxzZSwiZW1haWwiOiIzNzgzMzg2MjdAcXEuY29tIn0sImlhdCI6MTUwMzQ1MTY2NywiZXhwIjoxNTAzNTM4MDY3fQ.su461Y8Qf4upLgVZQPcFwxCziWrcYXBBJgZlnvDIidk"}
response time: 24
response status: 200
response body: 
{"status":0,"data":[{"id":"06d97663-9d73-4995-ba38-b5c4627483cb","name":"zhanghe","userId":null},{"id":"6a79c6f9-b7f4-4642-8b60-713e2ade7709","name":"admin","userId":"6a79c6f9-b7f4-4642-8b60-713e2ade7709"},{"id":"f98f8908-1bc6-4080-acc8-84fabe9e87a2","name":"liumeng","userId":"f98f8908-1bc6-4080-acc8-84fabe9e87a2"}]}
*************** response log end ***************

[2017-08-23 10:57:38.994] [INFO] resLogger - 
*************** response log start ***************
request method: GET
request originalUrl:  /api/workers/delete/6a79c6f9-b7f4-4642-8b60-713e2ade7709?token=eyJhbGciOiJIUzI1NiIsInR5cCI6IkpXVCJ9.eyJkYXRhIjp7ImlkIjoiNmE3OWM2ZjktYjdmNC00NjQyLThiNjAtNzEzZTJhZGU3NzA5IiwibmFtZSI6ImFkbWluIiwiZ2VuZGVyIjpmYWxzZSwiZW1haWwiOiIzNzgzMzg2MjdAcXEuY29tIn0sImlhdCI6MTUwMzQ1MTY2NywiZXhwIjoxNTAzNTM4MDY3fQ.su461Y8Qf4upLgVZQPcFwxCziWrcYXBBJgZlnvDIidk
request client ip:  ::ffff:127.0.0.1
request query:  {"token":"eyJhbGciOiJIUzI1NiIsInR5cCI6IkpXVCJ9.eyJkYXRhIjp7ImlkIjoiNmE3OWM2ZjktYjdmNC00NjQyLThiNjAtNzEzZTJhZGU3NzA5IiwibmFtZSI6ImFkbWluIiwiZ2VuZGVyIjpmYWxzZSwiZW1haWwiOiIzNzgzMzg2MjdAcXEuY29tIn0sImlhdCI6MTUwMzQ1MTY2NywiZXhwIjoxNTAzNTM4MDY3fQ.su461Y8Qf4upLgVZQPcFwxCziWrcYXBBJgZlnvDIidk"}
response time: 121
response status: 200
response body: 
{"status":0,"data":{"userId":"6a79c6f9-b7f4-4642-8b60-713e2ade7709","id":"3e3eb15c-d27b-4aa2-8ccb-73ba8ec15b2d","createdAt":1503456987457,"updatedAt":1503456987457,"version":0},"message":"删除成功！"}
*************** response log end ***************

[2017-08-23 10:57:45.726] [INFO] resLogger - 
*************** response log start ***************
request method: GET
request originalUrl:  /api/user/?token=eyJhbGciOiJIUzI1NiIsInR5cCI6IkpXVCJ9.eyJkYXRhIjp7ImlkIjoiNmE3OWM2ZjktYjdmNC00NjQyLThiNjAtNzEzZTJhZGU3NzA5IiwibmFtZSI6ImFkbWluIiwiZ2VuZGVyIjpmYWxzZSwiZW1haWwiOiIzNzgzMzg2MjdAcXEuY29tIn0sImlhdCI6MTUwMzQ1MTY2NywiZXhwIjoxNTAzNTM4MDY3fQ.su461Y8Qf4upLgVZQPcFwxCziWrcYXBBJgZlnvDIidk
request client ip:  ::ffff:127.0.0.1
request query:  {"token":"eyJhbGciOiJIUzI1NiIsInR5cCI6IkpXVCJ9.eyJkYXRhIjp7ImlkIjoiNmE3OWM2ZjktYjdmNC00NjQyLThiNjAtNzEzZTJhZGU3NzA5IiwibmFtZSI6ImFkbWluIiwiZ2VuZGVyIjpmYWxzZSwiZW1haWwiOiIzNzgzMzg2MjdAcXEuY29tIn0sImlhdCI6MTUwMzQ1MTY2NywiZXhwIjoxNTAzNTM4MDY3fQ.su461Y8Qf4upLgVZQPcFwxCziWrcYXBBJgZlnvDIidk"}
response time: 198
response status: 200
response body: 
{"status":0,"data":{"name":"admin","email":"378338627@qq.com","phone":"15822927208","password":"$2a$10$6wY3bY0s1a0R2ekYeEjTtOoQeib8FvlYBhyZIx7Cvr/pBORTCPtnq","gender":false,"token":"eyJhbGciOiJIUzI1NiIsInR5cCI6IkpXVCJ9.eyJkYXRhIjp7ImlkIjoiNmE3OWM2ZjktYjdmNC00NjQyLThiNjAtNzEzZTJhZGU3NzA5IiwibmFtZSI6ImFkbWluIiwiZ2VuZGVyIjpmYWxzZSwiZW1haWwiOiIzNzgzMzg2MjdAcXEuY29tIn0sImlhdCI6MTUwMzQ1MTY2NywiZXhwIjoxNTAzNTM4MDY3fQ.su461Y8Qf4upLgVZQPcFwxCziWrcYXBBJgZlnvDIidk","canLogin":true,"status":1,"id":"6a79c6f9-b7f4-4642-8b60-713e2ade7709","createdAt":1503451569541,"updatedAt":1503451667770,"version":5}}
*************** response log end ***************

[2017-08-23 10:57:45.890] [INFO] resLogger - 
*************** response log start ***************
request method: GET
request originalUrl:  /api/workers/list?token=eyJhbGciOiJIUzI1NiIsInR5cCI6IkpXVCJ9.eyJkYXRhIjp7ImlkIjoiNmE3OWM2ZjktYjdmNC00NjQyLThiNjAtNzEzZTJhZGU3NzA5IiwibmFtZSI6ImFkbWluIiwiZ2VuZGVyIjpmYWxzZSwiZW1haWwiOiIzNzgzMzg2MjdAcXEuY29tIn0sImlhdCI6MTUwMzQ1MTY2NywiZXhwIjoxNTAzNTM4MDY3fQ.su461Y8Qf4upLgVZQPcFwxCziWrcYXBBJgZlnvDIidk
request client ip:  ::ffff:127.0.0.1
request query:  {"token":"eyJhbGciOiJIUzI1NiIsInR5cCI6IkpXVCJ9.eyJkYXRhIjp7ImlkIjoiNmE3OWM2ZjktYjdmNC00NjQyLThiNjAtNzEzZTJhZGU3NzA5IiwibmFtZSI6ImFkbWluIiwiZ2VuZGVyIjpmYWxzZSwiZW1haWwiOiIzNzgzMzg2MjdAcXEuY29tIn0sImlhdCI6MTUwMzQ1MTY2NywiZXhwIjoxNTAzNTM4MDY3fQ.su461Y8Qf4upLgVZQPcFwxCziWrcYXBBJgZlnvDIidk"}
response time: 29
response status: 200
response body: 
{"status":0,"data":[{"id":"06d97663-9d73-4995-ba38-b5c4627483cb","name":"zhanghe","userId":null},{"id":"6a79c6f9-b7f4-4642-8b60-713e2ade7709","name":"admin","userId":null},{"id":"f98f8908-1bc6-4080-acc8-84fabe9e87a2","name":"liumeng","userId":"f98f8908-1bc6-4080-acc8-84fabe9e87a2"}]}
*************** response log end ***************

[2017-08-23 10:58:23.464] [INFO] resLogger - 
*************** response log start ***************
request method: GET
request originalUrl:  /api/user/?token=eyJhbGciOiJIUzI1NiIsInR5cCI6IkpXVCJ9.eyJkYXRhIjp7ImlkIjoiNmE3OWM2ZjktYjdmNC00NjQyLThiNjAtNzEzZTJhZGU3NzA5IiwibmFtZSI6ImFkbWluIiwiZ2VuZGVyIjpmYWxzZSwiZW1haWwiOiIzNzgzMzg2MjdAcXEuY29tIn0sImlhdCI6MTUwMzQ1MTY2NywiZXhwIjoxNTAzNTM4MDY3fQ.su461Y8Qf4upLgVZQPcFwxCziWrcYXBBJgZlnvDIidk
request client ip:  ::ffff:127.0.0.1
request query:  {"token":"eyJhbGciOiJIUzI1NiIsInR5cCI6IkpXVCJ9.eyJkYXRhIjp7ImlkIjoiNmE3OWM2ZjktYjdmNC00NjQyLThiNjAtNzEzZTJhZGU3NzA5IiwibmFtZSI6ImFkbWluIiwiZ2VuZGVyIjpmYWxzZSwiZW1haWwiOiIzNzgzMzg2MjdAcXEuY29tIn0sImlhdCI6MTUwMzQ1MTY2NywiZXhwIjoxNTAzNTM4MDY3fQ.su461Y8Qf4upLgVZQPcFwxCziWrcYXBBJgZlnvDIidk"}
response time: 394
response status: 200
response body: 
{"status":0,"data":{"name":"admin","email":"378338627@qq.com","phone":"15822927208","password":"$2a$10$6wY3bY0s1a0R2ekYeEjTtOoQeib8FvlYBhyZIx7Cvr/pBORTCPtnq","gender":false,"token":"eyJhbGciOiJIUzI1NiIsInR5cCI6IkpXVCJ9.eyJkYXRhIjp7ImlkIjoiNmE3OWM2ZjktYjdmNC00NjQyLThiNjAtNzEzZTJhZGU3NzA5IiwibmFtZSI6ImFkbWluIiwiZ2VuZGVyIjpmYWxzZSwiZW1haWwiOiIzNzgzMzg2MjdAcXEuY29tIn0sImlhdCI6MTUwMzQ1MTY2NywiZXhwIjoxNTAzNTM4MDY3fQ.su461Y8Qf4upLgVZQPcFwxCziWrcYXBBJgZlnvDIidk","canLogin":true,"status":1,"id":"6a79c6f9-b7f4-4642-8b60-713e2ade7709","createdAt":1503451569541,"updatedAt":1503451667770,"version":5}}
*************** response log end ***************

[2017-08-23 10:58:23.626] [INFO] resLogger - 
*************** response log start ***************
request method: GET
request originalUrl:  /api/workers/list?token=eyJhbGciOiJIUzI1NiIsInR5cCI6IkpXVCJ9.eyJkYXRhIjp7ImlkIjoiNmE3OWM2ZjktYjdmNC00NjQyLThiNjAtNzEzZTJhZGU3NzA5IiwibmFtZSI6ImFkbWluIiwiZ2VuZGVyIjpmYWxzZSwiZW1haWwiOiIzNzgzMzg2MjdAcXEuY29tIn0sImlhdCI6MTUwMzQ1MTY2NywiZXhwIjoxNTAzNTM4MDY3fQ.su461Y8Qf4upLgVZQPcFwxCziWrcYXBBJgZlnvDIidk
request client ip:  ::ffff:127.0.0.1
request query:  {"token":"eyJhbGciOiJIUzI1NiIsInR5cCI6IkpXVCJ9.eyJkYXRhIjp7ImlkIjoiNmE3OWM2ZjktYjdmNC00NjQyLThiNjAtNzEzZTJhZGU3NzA5IiwibmFtZSI6ImFkbWluIiwiZ2VuZGVyIjpmYWxzZSwiZW1haWwiOiIzNzgzMzg2MjdAcXEuY29tIn0sImlhdCI6MTUwMzQ1MTY2NywiZXhwIjoxNTAzNTM4MDY3fQ.su461Y8Qf4upLgVZQPcFwxCziWrcYXBBJgZlnvDIidk"}
response time: 33
response status: 200
response body: 
{"status":0,"data":[{"id":"6a79c6f9-b7f4-4642-8b60-713e2ade7709","name":"admin","userId":null},{"id":"f98f8908-1bc6-4080-acc8-84fabe9e87a2","name":"liumeng","userId":"f98f8908-1bc6-4080-acc8-84fabe9e87a2"},{"id":"06d97663-9d73-4995-ba38-b5c4627483cb","name":"zhanghe","userId":null}]}
*************** response log end ***************

