[2018-09-01 18:00:30.844] [INFO] resLogger - 
*************** response log start ***************
request method: OPTIONS
request originalUrl:  /api/user/?device=webapp
request client ip:  ::ffff:192.168.50.183
request body: 
{}
response time: 0
response status: 204
response body: 
undefined
*************** response log end ***************

[2018-09-01 18:00:30.905] [INFO] resLogger - 
*************** response log start ***************
request method: GET
request originalUrl:  /api/user/?device=webapp
request client ip:  ::ffff:192.168.50.183
request query:  {"device":"webapp"}
response time: 27
response status: 200
response body: 
{"status":0,"data":{"name":"朱亚亮","email":"378338627@qq.com","phone":"15822927208","password":"$2a$10$tkDWWL9Mkz9AUFRa.zS/suzNbr.PYt8dYnZloNBj4mkVHyh/kIvM6","gender":true,"token":"eyJhbGciOiJIUzI1NiIsInR5cCI6IkpXVCJ9.eyJkYXRhIjp7ImlkIjoiZTA5NmE0NTQtNDQyNi00MDBmLTkyYWQtOTcyNjc0NDIzNmMwIiwibmFtZSI6IuacseS6muS6riJ9LCJpYXQiOjE1MzQ3Mjg3OTMsImV4cCI6MTUzNTMzMzU5M30.V_ZsSkWo8XGceP7_pwgRHVF49SE4FXbwECqWqx2ifGQ","canLogin":true,"status":1,"roleId":"aa7eeae7-8d60-40fb-95ad-e55495ffd845","avatar":null,"avatarUseImg":null,"webapptoken":"eyJhbGciOiJIUzI1NiIsInR5cCI6IkpXVCJ9.eyJkYXRhIjp7ImlkIjoiZTA5NmE0NTQtNDQyNi00MDBmLTkyYWQtOTcyNjc0NDIzNmMwIiwibmFtZSI6IuacseS6muS6riJ9LCJpYXQiOjE1MzU2MzM4NzksImV4cCI6MTUzNjIzODY3OX0.LLlwWMFTXHZV9-BYB3s7dXc2zZhV4LS9-hDxys5iPps","id":"e096a454-4426-400f-92ad-9726744236c0","createdAt":1515633151464,"updatedAt":1535633879538,"version":115,"role":{"name":"运维工程师","remark":"工程师权限","status":1,"id":"aa7eeae7-8d60-40fb-95ad-e55495ffd845","createdAt":1519805013032,"updatedAt":1519805013032,"version":0,"auths":[{"authId":"dc9a592e-9c34-4489-afb0-39cd85e20e99","roleId":"aa7eeae7-8d60-40fb-95ad-e55495ffd845","id":"4d486b15-c5b2-4746-a923-eaabf2fbdcc5","createdAt":1519805023370,"updatedAt":1519805023370,"version":0,"opInFunc":{"funcId":"690c0f1e-2658-4aa9-ac18-8a02269c9a65","opId":"01004a4c-ff7f-40d4-a8d5-2465513b680f","id":"dc9a592e-9c34-4489-afb0-39cd85e20e99","createdAt":1519805023210,"updatedAt":1519805023210,"version":0,"function":{"name":"工单","code":"op","class":1,"belong":"982e14ea-8b1c-439e-b78d-204579d676a3","status":1,"id":"690c0f1e-2658-4aa9-ac18-8a02269c9a65","createdAt":1519805019330,"updatedAt":1519805019330,"version":0},"operate":{"name":"查看","code":"list","status":1,"id":"01004a4c-ff7f-40d4-a8d5-2465513b680f","createdAt":1519805019892,"updatedAt":1519805019892,"version":0}}},{"authId":"c8df6836-1090-4192-b151-90c99b5000e3","roleId":"aa7eeae7-8d60-40fb-95ad-e55495ffd845","id":"fe6733df-54ff-42af-8ab9-52f53c1cdfd1","createdAt":1535045428963,"updatedAt":1535045428963,"version":0,"opInFunc":{"funcId":"04b65016-92c4-49b7-ac55-b5fc554dcb8b","opId":"01004a4c-ff7f-40d4-a8d5-2465513b680f","id":"c8df6836-1090-4192-b151-90c99b5000e3","createdAt":1520414952000,"updatedAt":1520414952000,"version":0,"function":{"name":"客户需求","code":"order","class":1,"belong":"982e14ea-8b1c-439e-b78d-204579d676a3","status":1,"id":"04b65016-92c4-49b7-ac55-b5fc554dcb8b","createdAt":1519805019405,"updatedAt":1519805019405,"version":0},"operate":{"name":"查看","code":"list","status":1,"id":"01004a4c-ff7f-40d4-a8d5-2465513b680f","createdAt":1519805019892,"updatedAt":1519805019892,"version":0}}},{"authId":"e046316c-aee3-4b70-a10c-837d7f585ebb","roleId":"aa7eeae7-8d60-40fb-95ad-e55495ffd845","id":"46ef320a-b9f2-45a9-a8ea-0321630ee9b0","createdAt":1519805023957,"updatedAt":1519805023957,"version":0,"opInFunc":{"funcId":"690c0f1e-2658-4aa9-ac18-8a02269c9a65","opId":"199f1992-3403-477b-9133-3a5e9d60a1ea","id":"e046316c-aee3-4b70-a10c-837d7f585ebb","createdAt":1519805023823,"updatedAt":1519805023823,"version":0,"function":{"name":"工单","code":"op","class":1,"belong":"982e14ea-8b1c-439e-b78d-204579d676a3","status":1,"id":"690c0f1e-2658-4aa9-ac18-8a02269c9a65","createdAt":1519805019330,"updatedAt":1519805019330,"version":0},"operate":{"name":"删除","code":"delete","status":1,"id":"199f1992-3403-477b-9133-3a5e9d60a1ea","createdAt":1519805020201,"updatedAt":1519805020201,"version":0}}},{"authId":"b126c090-d5ed-44d2-a4d5-277ab925d85f","roleId":"aa7eeae7-8d60-40fb-95ad-e55495ffd845","id":"83e655d2-16e8-4705-ade2-e13a7fcda3f5","createdAt":1535045429826,"updatedAt":1535045429826,"version":0,"opInFunc":{"funcId":"04b65016-92c4-49b7-ac55-b5fc554dcb8b","opId":"199f1992-3403-477b-9133-3a5e9d60a1ea","id":"b126c090-d5ed-44d2-a4d5-277ab925d85f","createdAt":1520415110253,"updatedAt":1520415110253,"version":0,"function":{"name":"客户需求","code":"order","class":1,"belong":"982e14ea-8b1c-439e-b78d-204579d676a3","status":1,"id":"04b65016-92c4-49b7-ac55-b5fc554dcb8b","createdAt":1519805019405,"updatedAt":1519805019405,"version":0},"operate":{"name":"删除","code":"delete","status":1,"id":"199f1992-3403-477b-9133-3a5e9d60a1ea","createdAt":1519805020201,"updatedAt":1519805020201,"version":0}}},{"authId":"91182abd-fc23-48a6-a1fb-949b9754f75c","roleId":"aa7eeae7-8d60-40fb-95ad-e55495ffd845","id":"38cba3a2-3296-4a77-b720-b03d9fe31dac","createdAt":1535045428471,"updatedAt":1535045428471,"version":0,"opInFunc":{"funcId":"04b65016-92c4-49b7-ac55-b5fc554dcb8b","opId":"40fbca21-c365-4c59-9429-b4be9deb49ac","id":"91182abd-fc23-48a6-a1fb-949b9754f75c","createdAt":1520415112473,"updatedAt":1520415112473,"version":0,"function":{"name":"客户需求","code":"order","class":1,"belong":"982e14ea-8b1c-439e-b78d-204579d676a3","status":1,"id":"04b65016-92c4-49b7-ac55-b5fc554dcb8b","createdAt":1519805019405,"updatedAt":1519805019405,"version":0},"operate":{"name":"新增","code":"add","status":1,"id":"40fbca21-c365-4c59-9429-b4be9deb49ac","createdAt":1519805019952,"updatedAt":1519805019952,"version":0}}},{"authId":"5050a962-d253-435b-98cc-605ea2a8b53f","roleId":"aa7eeae7-8d60-40fb-95ad-e55495ffd845","id":"af2bb8ba-b0f3-48a1-8532-7f55935962af","createdAt":1520564947522,"updatedAt":1520564947522,"version":0,"opInFunc":{"funcId":"690c0f1e-2658-4aa9-ac18-8a02269c9a65","opId":"40fbca21-c365-4c59-9429-b4be9deb49ac","id":"5050a962-d253-435b-98cc-605ea2a8b53f","createdAt":1519805023434,"updatedAt":1519805023434,"version":0,"function":{"name":"工单","code":"op","class":1,"belong":"982e14ea-8b1c-439e-b78d-204579d676a3","status":1,"id":"690c0f1e-2658-4aa9-ac18-8a02269c9a65","createdAt":1519805019330,"updatedAt":1519805019330,"version":0},"operate":{"name":"新增","code":"add","status":1,"id":"40fbca21-c365-4c59-9429-b4be9deb49ac","createdAt":1519805019952,"updatedAt":1519805019952,"version":0}}},{"authId":"72b4a751-6a67-484c-a128-15a5f01cefd2","roleId":"aa7eeae7-8d60-40fb-95ad-e55495ffd845","id":"5f9fd460-3a31-42fc-91ae-a76cb89a20cc","createdAt":1535045431121,"updatedAt":1535045431121,"version":0,"opInFunc":{"funcId":"04b65016-92c4-49b7-ac55-b5fc554dcb8b","opId":"502f9b24-e07b-4c24-bf44-922854bd28a3","id":"72b4a751-6a67-484c-a128-15a5f01cefd2","createdAt":1520415116060,"updatedAt":1520415116060,"version":0,"function":{"name":"客户需求","code":"order","class":1,"belong":"982e14ea-8b1c-439e-b78d-204579d676a3","status":1,"id":"04b65016-92c4-49b7-ac55-b5fc554dcb8b","createdAt":1519805019405,"updatedAt":1519805019405,"version":0},"operate":{"name":"编辑","code":"edit","status":1,"id":"502f9b24-e07b-4c24-bf44-922854bd28a3","createdAt":1519805020055,"updatedAt":1519805020055,"version":0}}},{"authId":"b681f20e-f565-4863-b150-99f9977a1ae9","roleId":"aa7eeae7-8d60-40fb-95ad-e55495ffd845","id":"fb9aa28a-a003-4b41-b90e-3268fcb5562a","createdAt":1519805023759,"updatedAt":1519805023759,"version":0,"opInFunc":{"funcId":"690c0f1e-2658-4aa9-ac18-8a02269c9a65","opId":"502f9b24-e07b-4c24-bf44-922854bd28a3","id":"b681f20e-f565-4863-b150-99f9977a1ae9","createdAt":1519805023625,"updatedAt":1519805023625,"version":0,"function":{"name":"工单","code":"op","class":1,"belong":"982e14ea-8b1c-439e-b78d-204579d676a3","status":1,"id":"690c0f1e-2658-4aa9-ac18-8a02269c9a65","createdAt":1519805019330,"updatedAt":1519805019330,"version":0},"operate":{"name":"编辑","code":"edit","status":1,"id":"502f9b24-e07b-4c24-bf44-922854bd28a3","createdAt":1519805020055,"updatedAt":1519805020055,"version":0}}},{"authId":"0a960f76-baa1-434c-85c3-2a18b228694c","roleId":"aa7eeae7-8d60-40fb-95ad-e55495ffd845","id":"82bc9d14-65b5-4d24-9558-c3c622784e72","createdAt":1535045427115,"updatedAt":1535045427115,"version":0,"opInFunc":{"funcId":"04b65016-92c4-49b7-ac55-b5fc554dcb8b","opId":"83bbdb02-998b-47ba-83e3-281c3c6fb9a9","id":"0a960f76-baa1-434c-85c3-2a18b228694c","createdAt":1520415116889,"updatedAt":1520415116889,"version":0,"function":{"name":"客户需求","code":"order","class":1,"belong":"982e14ea-8b1c-439e-b78d-204579d676a3","status":1,"id":"04b65016-92c4-49b7-ac55-b5fc554dcb8b","createdAt":1519805019405,"updatedAt":1519805019405,"version":0},"operate":{"name":"菜单可见","code":"menu","status":1,"id":"83bbdb02-998b-47ba-83e3-281c3c6fb9a9","createdAt":1519805019821,"updatedAt":1519805019821,"version":0}}},{"authId":"67d58590-c1d2-4f27-800a-6bfe488ff9f4","roleId":"aa7eeae7-8d60-40fb-95ad-e55495ffd845","id":"8b18a2f4-3742-40dc-b89e-9361a21e6b85","createdAt":1519805023139,"updatedAt":1519805023139,"version":0,"opInFunc":{"funcId":"690c0f1e-2658-4aa9-ac18-8a02269c9a65","opId":"83bbdb02-998b-47ba-83e3-281c3c6fb9a9","id":"67d58590-c1d2-4f27-800a-6bfe488ff9f4","createdAt":1519805023002,"updatedAt":1519805023002,"version":0,"function":{"name":"工单","code":"op","class":1,"belong":"982e14ea-8b1c-439e-b78d-204579d676a3","status":1,"id":"690c0f1e-2658-4aa9-ac18-8a02269c9a65","createdAt":1519805019330,"updatedAt":1519805019330,"version":0},"operate":{"name":"菜单可见","code":"menu","status":1,"id":"83bbdb02-998b-47ba-83e3-281c3c6fb9a9","createdAt":1519805019821,"updatedAt":1519805019821,"version":0}}},{"authId":"fb4e96bd-9818-4d8a-957c-accfd1270092","roleId":"aa7eeae7-8d60-40fb-95ad-e55495ffd845","id":"bbb7e2c8-f386-4454-a64d-9721a0d7fb8f","createdAt":1519805610757,"updatedAt":1519805610757,"version":0,"opInFunc":{"funcId":"982e14ea-8b1c-439e-b78d-204579d676a3","opId":"83bbdb02-998b-47ba-83e3-281c3c6fb9a9","id":"fb4e96bd-9818-4d8a-957c-accfd1270092","createdAt":1519805022865,"updatedAt":1519805022865,"version":0,"function":{"name":"工作管理","code":"operations","class":0,"belong":null,"status":1,"id":"982e14ea-8b1c-439e-b78d-204579d676a3","createdAt":1519805019261,"updatedAt":1519805019261,"version":0},"operate":{"name":"菜单可见","code":"menu","status":1,"id":"83bbdb02-998b-47ba-83e3-281c3c6fb9a9","createdAt":1519805019821,"updatedAt":1519805019821,"version":0}}}]}}}
*************** response log end ***************

[2018-09-01 18:00:30.928] [INFO] resLogger - 
*************** response log start ***************
request method: GET
request originalUrl:  /api/user/?device=webapp
request client ip:  ::ffff:192.168.50.183
request query:  {"device":"webapp"}
response time: 15
response status: 200
response body: 
{"status":0,"data":{"name":"朱亚亮","email":"378338627@qq.com","phone":"15822927208","password":"$2a$10$tkDWWL9Mkz9AUFRa.zS/suzNbr.PYt8dYnZloNBj4mkVHyh/kIvM6","gender":true,"token":"eyJhbGciOiJIUzI1NiIsInR5cCI6IkpXVCJ9.eyJkYXRhIjp7ImlkIjoiZTA5NmE0NTQtNDQyNi00MDBmLTkyYWQtOTcyNjc0NDIzNmMwIiwibmFtZSI6IuacseS6muS6riJ9LCJpYXQiOjE1MzQ3Mjg3OTMsImV4cCI6MTUzNTMzMzU5M30.V_ZsSkWo8XGceP7_pwgRHVF49SE4FXbwECqWqx2ifGQ","canLogin":true,"status":1,"roleId":"aa7eeae7-8d60-40fb-95ad-e55495ffd845","avatar":null,"avatarUseImg":null,"webapptoken":"eyJhbGciOiJIUzI1NiIsInR5cCI6IkpXVCJ9.eyJkYXRhIjp7ImlkIjoiZTA5NmE0NTQtNDQyNi00MDBmLTkyYWQtOTcyNjc0NDIzNmMwIiwibmFtZSI6IuacseS6muS6riJ9LCJpYXQiOjE1MzU2MzM4NzksImV4cCI6MTUzNjIzODY3OX0.LLlwWMFTXHZV9-BYB3s7dXc2zZhV4LS9-hDxys5iPps","id":"e096a454-4426-400f-92ad-9726744236c0","createdAt":1515633151464,"updatedAt":1535633879538,"version":115,"role":{"name":"运维工程师","remark":"工程师权限","status":1,"id":"aa7eeae7-8d60-40fb-95ad-e55495ffd845","createdAt":1519805013032,"updatedAt":1519805013032,"version":0,"auths":[{"authId":"dc9a592e-9c34-4489-afb0-39cd85e20e99","roleId":"aa7eeae7-8d60-40fb-95ad-e55495ffd845","id":"4d486b15-c5b2-4746-a923-eaabf2fbdcc5","createdAt":1519805023370,"updatedAt":1519805023370,"version":0,"opInFunc":{"funcId":"690c0f1e-2658-4aa9-ac18-8a02269c9a65","opId":"01004a4c-ff7f-40d4-a8d5-2465513b680f","id":"dc9a592e-9c34-4489-afb0-39cd85e20e99","createdAt":1519805023210,"updatedAt":1519805023210,"version":0,"function":{"name":"工单","code":"op","class":1,"belong":"982e14ea-8b1c-439e-b78d-204579d676a3","status":1,"id":"690c0f1e-2658-4aa9-ac18-8a02269c9a65","createdAt":1519805019330,"updatedAt":1519805019330,"version":0},"operate":{"name":"查看","code":"list","status":1,"id":"01004a4c-ff7f-40d4-a8d5-2465513b680f","createdAt":1519805019892,"updatedAt":1519805019892,"version":0}}},{"authId":"c8df6836-1090-4192-b151-90c99b5000e3","roleId":"aa7eeae7-8d60-40fb-95ad-e55495ffd845","id":"fe6733df-54ff-42af-8ab9-52f53c1cdfd1","createdAt":1535045428963,"updatedAt":1535045428963,"version":0,"opInFunc":{"funcId":"04b65016-92c4-49b7-ac55-b5fc554dcb8b","opId":"01004a4c-ff7f-40d4-a8d5-2465513b680f","id":"c8df6836-1090-4192-b151-90c99b5000e3","createdAt":1520414952000,"updatedAt":1520414952000,"version":0,"function":{"name":"客户需求","code":"order","class":1,"belong":"982e14ea-8b1c-439e-b78d-204579d676a3","status":1,"id":"04b65016-92c4-49b7-ac55-b5fc554dcb8b","createdAt":1519805019405,"updatedAt":1519805019405,"version":0},"operate":{"name":"查看","code":"list","status":1,"id":"01004a4c-ff7f-40d4-a8d5-2465513b680f","createdAt":1519805019892,"updatedAt":1519805019892,"version":0}}},{"authId":"e046316c-aee3-4b70-a10c-837d7f585ebb","roleId":"aa7eeae7-8d60-40fb-95ad-e55495ffd845","id":"46ef320a-b9f2-45a9-a8ea-0321630ee9b0","createdAt":1519805023957,"updatedAt":1519805023957,"version":0,"opInFunc":{"funcId":"690c0f1e-2658-4aa9-ac18-8a02269c9a65","opId":"199f1992-3403-477b-9133-3a5e9d60a1ea","id":"e046316c-aee3-4b70-a10c-837d7f585ebb","createdAt":1519805023823,"updatedAt":1519805023823,"version":0,"function":{"name":"工单","code":"op","class":1,"belong":"982e14ea-8b1c-439e-b78d-204579d676a3","status":1,"id":"690c0f1e-2658-4aa9-ac18-8a02269c9a65","createdAt":1519805019330,"updatedAt":1519805019330,"version":0},"operate":{"name":"删除","code":"delete","status":1,"id":"199f1992-3403-477b-9133-3a5e9d60a1ea","createdAt":1519805020201,"updatedAt":1519805020201,"version":0}}},{"authId":"b126c090-d5ed-44d2-a4d5-277ab925d85f","roleId":"aa7eeae7-8d60-40fb-95ad-e55495ffd845","id":"83e655d2-16e8-4705-ade2-e13a7fcda3f5","createdAt":1535045429826,"updatedAt":1535045429826,"version":0,"opInFunc":{"funcId":"04b65016-92c4-49b7-ac55-b5fc554dcb8b","opId":"199f1992-3403-477b-9133-3a5e9d60a1ea","id":"b126c090-d5ed-44d2-a4d5-277ab925d85f","createdAt":1520415110253,"updatedAt":1520415110253,"version":0,"function":{"name":"客户需求","code":"order","class":1,"belong":"982e14ea-8b1c-439e-b78d-204579d676a3","status":1,"id":"04b65016-92c4-49b7-ac55-b5fc554dcb8b","createdAt":1519805019405,"updatedAt":1519805019405,"version":0},"operate":{"name":"删除","code":"delete","status":1,"id":"199f1992-3403-477b-9133-3a5e9d60a1ea","createdAt":1519805020201,"updatedAt":1519805020201,"version":0}}},{"authId":"91182abd-fc23-48a6-a1fb-949b9754f75c","roleId":"aa7eeae7-8d60-40fb-95ad-e55495ffd845","id":"38cba3a2-3296-4a77-b720-b03d9fe31dac","createdAt":1535045428471,"updatedAt":1535045428471,"version":0,"opInFunc":{"funcId":"04b65016-92c4-49b7-ac55-b5fc554dcb8b","opId":"40fbca21-c365-4c59-9429-b4be9deb49ac","id":"91182abd-fc23-48a6-a1fb-949b9754f75c","createdAt":1520415112473,"updatedAt":1520415112473,"version":0,"function":{"name":"客户需求","code":"order","class":1,"belong":"982e14ea-8b1c-439e-b78d-204579d676a3","status":1,"id":"04b65016-92c4-49b7-ac55-b5fc554dcb8b","createdAt":1519805019405,"updatedAt":1519805019405,"version":0},"operate":{"name":"新增","code":"add","status":1,"id":"40fbca21-c365-4c59-9429-b4be9deb49ac","createdAt":1519805019952,"updatedAt":1519805019952,"version":0}}},{"authId":"5050a962-d253-435b-98cc-605ea2a8b53f","roleId":"aa7eeae7-8d60-40fb-95ad-e55495ffd845","id":"af2bb8ba-b0f3-48a1-8532-7f55935962af","createdAt":1520564947522,"updatedAt":1520564947522,"version":0,"opInFunc":{"funcId":"690c0f1e-2658-4aa9-ac18-8a02269c9a65","opId":"40fbca21-c365-4c59-9429-b4be9deb49ac","id":"5050a962-d253-435b-98cc-605ea2a8b53f","createdAt":1519805023434,"updatedAt":1519805023434,"version":0,"function":{"name":"工单","code":"op","class":1,"belong":"982e14ea-8b1c-439e-b78d-204579d676a3","status":1,"id":"690c0f1e-2658-4aa9-ac18-8a02269c9a65","createdAt":1519805019330,"updatedAt":1519805019330,"version":0},"operate":{"name":"新增","code":"add","status":1,"id":"40fbca21-c365-4c59-9429-b4be9deb49ac","createdAt":1519805019952,"updatedAt":1519805019952,"version":0}}},{"authId":"72b4a751-6a67-484c-a128-15a5f01cefd2","roleId":"aa7eeae7-8d60-40fb-95ad-e55495ffd845","id":"5f9fd460-3a31-42fc-91ae-a76cb89a20cc","createdAt":1535045431121,"updatedAt":1535045431121,"version":0,"opInFunc":{"funcId":"04b65016-92c4-49b7-ac55-b5fc554dcb8b","opId":"502f9b24-e07b-4c24-bf44-922854bd28a3","id":"72b4a751-6a67-484c-a128-15a5f01cefd2","createdAt":1520415116060,"updatedAt":1520415116060,"version":0,"function":{"name":"客户需求","code":"order","class":1,"belong":"982e14ea-8b1c-439e-b78d-204579d676a3","status":1,"id":"04b65016-92c4-49b7-ac55-b5fc554dcb8b","createdAt":1519805019405,"updatedAt":1519805019405,"version":0},"operate":{"name":"编辑","code":"edit","status":1,"id":"502f9b24-e07b-4c24-bf44-922854bd28a3","createdAt":1519805020055,"updatedAt":1519805020055,"version":0}}},{"authId":"b681f20e-f565-4863-b150-99f9977a1ae9","roleId":"aa7eeae7-8d60-40fb-95ad-e55495ffd845","id":"fb9aa28a-a003-4b41-b90e-3268fcb5562a","createdAt":1519805023759,"updatedAt":1519805023759,"version":0,"opInFunc":{"funcId":"690c0f1e-2658-4aa9-ac18-8a02269c9a65","opId":"502f9b24-e07b-4c24-bf44-922854bd28a3","id":"b681f20e-f565-4863-b150-99f9977a1ae9","createdAt":1519805023625,"updatedAt":1519805023625,"version":0,"function":{"name":"工单","code":"op","class":1,"belong":"982e14ea-8b1c-439e-b78d-204579d676a3","status":1,"id":"690c0f1e-2658-4aa9-ac18-8a02269c9a65","createdAt":1519805019330,"updatedAt":1519805019330,"version":0},"operate":{"name":"编辑","code":"edit","status":1,"id":"502f9b24-e07b-4c24-bf44-922854bd28a3","createdAt":1519805020055,"updatedAt":1519805020055,"version":0}}},{"authId":"0a960f76-baa1-434c-85c3-2a18b228694c","roleId":"aa7eeae7-8d60-40fb-95ad-e55495ffd845","id":"82bc9d14-65b5-4d24-9558-c3c622784e72","createdAt":1535045427115,"updatedAt":1535045427115,"version":0,"opInFunc":{"funcId":"04b65016-92c4-49b7-ac55-b5fc554dcb8b","opId":"83bbdb02-998b-47ba-83e3-281c3c6fb9a9","id":"0a960f76-baa1-434c-85c3-2a18b228694c","createdAt":1520415116889,"updatedAt":1520415116889,"version":0,"function":{"name":"客户需求","code":"order","class":1,"belong":"982e14ea-8b1c-439e-b78d-204579d676a3","status":1,"id":"04b65016-92c4-49b7-ac55-b5fc554dcb8b","createdAt":1519805019405,"updatedAt":1519805019405,"version":0},"operate":{"name":"菜单可见","code":"menu","status":1,"id":"83bbdb02-998b-47ba-83e3-281c3c6fb9a9","createdAt":1519805019821,"updatedAt":1519805019821,"version":0}}},{"authId":"67d58590-c1d2-4f27-800a-6bfe488ff9f4","roleId":"aa7eeae7-8d60-40fb-95ad-e55495ffd845","id":"8b18a2f4-3742-40dc-b89e-9361a21e6b85","createdAt":1519805023139,"updatedAt":1519805023139,"version":0,"opInFunc":{"funcId":"690c0f1e-2658-4aa9-ac18-8a02269c9a65","opId":"83bbdb02-998b-47ba-83e3-281c3c6fb9a9","id":"67d58590-c1d2-4f27-800a-6bfe488ff9f4","createdAt":1519805023002,"updatedAt":1519805023002,"version":0,"function":{"name":"工单","code":"op","class":1,"belong":"982e14ea-8b1c-439e-b78d-204579d676a3","status":1,"id":"690c0f1e-2658-4aa9-ac18-8a02269c9a65","createdAt":1519805019330,"updatedAt":1519805019330,"version":0},"operate":{"name":"菜单可见","code":"menu","status":1,"id":"83bbdb02-998b-47ba-83e3-281c3c6fb9a9","createdAt":1519805019821,"updatedAt":1519805019821,"version":0}}},{"authId":"fb4e96bd-9818-4d8a-957c-accfd1270092","roleId":"aa7eeae7-8d60-40fb-95ad-e55495ffd845","id":"bbb7e2c8-f386-4454-a64d-9721a0d7fb8f","createdAt":1519805610757,"updatedAt":1519805610757,"version":0,"opInFunc":{"funcId":"982e14ea-8b1c-439e-b78d-204579d676a3","opId":"83bbdb02-998b-47ba-83e3-281c3c6fb9a9","id":"fb4e96bd-9818-4d8a-957c-accfd1270092","createdAt":1519805022865,"updatedAt":1519805022865,"version":0,"function":{"name":"工作管理","code":"operations","class":0,"belong":null,"status":1,"id":"982e14ea-8b1c-439e-b78d-204579d676a3","createdAt":1519805019261,"updatedAt":1519805019261,"version":0},"operate":{"name":"菜单可见","code":"menu","status":1,"id":"83bbdb02-998b-47ba-83e3-281c3c6fb9a9","createdAt":1519805019821,"updatedAt":1519805019821,"version":0}}}]}}}
*************** response log end ***************

[2018-09-01 18:00:30.940] [INFO] resLogger - 
*************** response log start ***************
request method: OPTIONS
request originalUrl:  /api/operation/workerOpCount?userid=e096a454-4426-400f-92ad-9726744236c0
request client ip:  ::ffff:192.168.50.183
request body: 
{}
response time: 1
response status: 204
response body: 
undefined
*************** response log end ***************

[2018-09-01 18:00:30.942] [INFO] resLogger - 
*************** response log start ***************
request method: OPTIONS
request originalUrl:  /api/operation/workerOpStamp?userid=e096a454-4426-400f-92ad-9726744236c0
request client ip:  ::ffff:192.168.50.183
request body: 
{}
response time: 0
response status: 204
response body: 
undefined
*************** response log end ***************

[2018-09-01 18:00:30.985] [INFO] resLogger - 
*************** response log start ***************
request method: GET
request originalUrl:  /api/operation/workerOpStamp?userid=e096a454-4426-400f-92ad-9726744236c0
request client ip:  ::ffff:192.168.50.183
request query:  {"userid":"e096a454-4426-400f-92ad-9726744236c0"}
response time: 7
response status: 200
response body: 
{"status":0,"data":null}
*************** response log end ***************

[2018-09-01 18:00:30.996] [INFO] resLogger - 
*************** response log start ***************
request method: GET
request originalUrl:  /api/operation/workerOpCount?userid=e096a454-4426-400f-92ad-9726744236c0
request client ip:  ::ffff:192.168.50.183
request query:  {"userid":"e096a454-4426-400f-92ad-9726744236c0"}
response time: 25
response status: 200
response body: 
{"status":0,"data":0}
*************** response log end ***************

