[2018-04-27 11:15:41.594] [INFO] resLogger - 
*************** response log start ***************
request method: POST
request originalUrl:  /api/user/uploadAvatar?token=eyJhbGciOiJIUzI1NiIsInR5cCI6IkpXVCJ9.eyJkYXRhIjp7ImlkIjoiMDU3MjBlNmUtZWJlMy00MDM2LWI1NzUtZmYxZmEwYzZjYjM4IiwibmFtZSI6ImFkbWluIiwiZ2VuZGVyIjp0cnVlLCJlbWFpbCI6IjM3ODMzODYyN0BxcS5jb20ifSwiaWF0IjoxNTI0NzEzMjI3LCJleHAiOjE1MjQ3OTk2Mjd9.YGWqMmhnAmKf5rIg2vcwcllwI7pWCse8aq4vqs8UiB0
request client ip:  ::ffff:127.0.0.1
request body: 
{"fields":{},"files":{"files":{"size":17336,"path":"C:\\Users\\liumeng\\AppData\\Local\\Temp\\upload_d5c9e9f3b25e8ea2ec9415fc645f3838","name":"big-brand-20e87fa0118f006e9c626a2f27ff063e3104f233b2ada34f9033fa1bc68b8b54.png","type":"image/png","mtime":"2018-04-27T03:15:41.529Z"}}}
response time: 61
response status: 200
response body: 
{"status":500}
*************** response log end ***************

[2018-04-27 11:16:21.665] [INFO] resLogger - 
*************** response log start ***************
request method: POST
request originalUrl:  /api/user/uploadAvatar?token=eyJhbGciOiJIUzI1NiIsInR5cCI6IkpXVCJ9.eyJkYXRhIjp7ImlkIjoiMDU3MjBlNmUtZWJlMy00MDM2LWI1NzUtZmYxZmEwYzZjYjM4IiwibmFtZSI6ImFkbWluIiwiZ2VuZGVyIjp0cnVlLCJlbWFpbCI6IjM3ODMzODYyN0BxcS5jb20ifSwiaWF0IjoxNTI0NzEzMjI3LCJleHAiOjE1MjQ3OTk2Mjd9.YGWqMmhnAmKf5rIg2vcwcllwI7pWCse8aq4vqs8UiB0
request client ip:  ::ffff:127.0.0.1
request body: 
{"fields":{},"files":{"files":{"size":17336,"path":"C:\\Users\\liumeng\\AppData\\Local\\Temp\\upload_fae38b55ca68988a41bed8b2975c2b3c","name":"big-brand-20e87fa0118f006e9c626a2f27ff063e3104f233b2ada34f9033fa1bc68b8b54.png","type":"image/png","mtime":"2018-04-27T03:16:21.617Z"}}}
response time: 44
response status: 200
response body: 
{"errno":-4058,"code":"ENOENT","syscall":"mkdir","path":"F:\\koa2\\koa2-demo-v1.1\\koa2-demo\\pulbic\\uploads\\20180427","status":500}
*************** response log end ***************

[2018-04-27 11:17:25.625] [INFO] resLogger - 
*************** response log start ***************
request method: POST
request originalUrl:  /api/user/uploadAvatar?token=eyJhbGciOiJIUzI1NiIsInR5cCI6IkpXVCJ9.eyJkYXRhIjp7ImlkIjoiMDU3MjBlNmUtZWJlMy00MDM2LWI1NzUtZmYxZmEwYzZjYjM4IiwibmFtZSI6ImFkbWluIiwiZ2VuZGVyIjp0cnVlLCJlbWFpbCI6IjM3ODMzODYyN0BxcS5jb20ifSwiaWF0IjoxNTI0NzEzMjI3LCJleHAiOjE1MjQ3OTk2Mjd9.YGWqMmhnAmKf5rIg2vcwcllwI7pWCse8aq4vqs8UiB0
request client ip:  ::ffff:127.0.0.1
request body: 
{"fields":{},"files":{"files":{"size":17336,"path":"C:\\Users\\liumeng\\AppData\\Local\\Temp\\upload_c2ddbf3fcdb3ce48c0578316aea47b7e","name":"big-brand-20e87fa0118f006e9c626a2f27ff063e3104f233b2ada34f9033fa1bc68b8b54.png","type":"image/png","mtime":"2018-04-27T03:17:25.533Z"}}}
response time: 85
response status: 200
response body: 
{"errno":-4058,"code":"ENOENT","syscall":"mkdir","path":"F:\\koa2\\koa2-demo-v1.1\\koa2-demo\\pulbic\\uploads\\20180427","status":500}
*************** response log end ***************

[2018-04-27 11:18:18.947] [INFO] resLogger - 
*************** response log start ***************
request method: POST
request originalUrl:  /api/user/uploadAvatar?token=eyJhbGciOiJIUzI1NiIsInR5cCI6IkpXVCJ9.eyJkYXRhIjp7ImlkIjoiMDU3MjBlNmUtZWJlMy00MDM2LWI1NzUtZmYxZmEwYzZjYjM4IiwibmFtZSI6ImFkbWluIiwiZ2VuZGVyIjp0cnVlLCJlbWFpbCI6IjM3ODMzODYyN0BxcS5jb20ifSwiaWF0IjoxNTI0NzEzMjI3LCJleHAiOjE1MjQ3OTk2Mjd9.YGWqMmhnAmKf5rIg2vcwcllwI7pWCse8aq4vqs8UiB0
request client ip:  ::ffff:127.0.0.1
request body: 
{"fields":{},"files":{"files":{"size":17336,"path":"C:\\Users\\liumeng\\AppData\\Local\\Temp\\upload_1d3b42f2cab71ef204ed7e561db8e491","name":"big-brand-20e87fa0118f006e9c626a2f27ff063e3104f233b2ada34f9033fa1bc68b8b54.png","type":"image/png","mtime":"2018-04-27T03:18:18.891Z"}}}
response time: 52
response status: 200
response body: 
{"errno":-4058,"code":"ENOENT","syscall":"mkdir","path":"F:\\koa2\\koa2-demo-v1.1\\koa2-demo\\pulbic\\uploads\\20180427","status":500}
*************** response log end ***************

[2018-04-27 11:19:10.672] [INFO] resLogger - 
*************** response log start ***************
request method: POST
request originalUrl:  /api/user/uploadAvatar?token=eyJhbGciOiJIUzI1NiIsInR5cCI6IkpXVCJ9.eyJkYXRhIjp7ImlkIjoiMDU3MjBlNmUtZWJlMy00MDM2LWI1NzUtZmYxZmEwYzZjYjM4IiwibmFtZSI6ImFkbWluIiwiZ2VuZGVyIjp0cnVlLCJlbWFpbCI6IjM3ODMzODYyN0BxcS5jb20ifSwiaWF0IjoxNTI0NzEzMjI3LCJleHAiOjE1MjQ3OTk2Mjd9.YGWqMmhnAmKf5rIg2vcwcllwI7pWCse8aq4vqs8UiB0
request client ip:  ::ffff:127.0.0.1
request body: 
{"fields":{},"files":{"files":{"size":17336,"path":"C:\\Users\\liumeng\\AppData\\Local\\Temp\\upload_1113ea6eb601d20224fc1a1c8e510fef","name":"big-brand-20e87fa0118f006e9c626a2f27ff063e3104f233b2ada34f9033fa1bc68b8b54.png","type":"image/png","mtime":"2018-04-27T03:19:10.664Z"}}}
response time: 7
response status: 200
response body: 
{"errno":-4058,"code":"ENOENT","syscall":"mkdir","path":"F:\\koa2\\koa2-demo-v1.1\\koa2-demo\\pulbic\\uploads\\20180427","status":500}
*************** response log end ***************

[2018-04-27 11:22:15.771] [INFO] resLogger - 
*************** response log start ***************
request method: POST
request originalUrl:  /api/user/uploadAvatar?token=eyJhbGciOiJIUzI1NiIsInR5cCI6IkpXVCJ9.eyJkYXRhIjp7ImlkIjoiMDU3MjBlNmUtZWJlMy00MDM2LWI1NzUtZmYxZmEwYzZjYjM4IiwibmFtZSI6ImFkbWluIiwiZ2VuZGVyIjp0cnVlLCJlbWFpbCI6IjM3ODMzODYyN0BxcS5jb20ifSwiaWF0IjoxNTI0NzEzMjI3LCJleHAiOjE1MjQ3OTk2Mjd9.YGWqMmhnAmKf5rIg2vcwcllwI7pWCse8aq4vqs8UiB0
request client ip:  ::ffff:127.0.0.1
request body: 
{"fields":{},"files":{"files":{"size":17336,"path":"C:\\Users\\liumeng\\AppData\\Local\\Temp\\upload_abcd4d6627304e9e92711e296fb27534","name":"big-brand-20e87fa0118f006e9c626a2f27ff063e3104f233b2ada34f9033fa1bc68b8b54.png","type":"image/png","mtime":"2018-04-27T03:22:15.687Z"}}}
response time: 80
response status: 200
response body: 
{"errno":-4058,"code":"ENOENT","syscall":"mkdir","path":"F:\\koa2\\koa2-demo-v1.1\\koa2-demo\\pulbic\\uploads\\20180427","status":500}
*************** response log end ***************

[2018-04-27 11:23:41.959] [INFO] resLogger - 
*************** response log start ***************
request method: POST
request originalUrl:  /api/user/uploadAvatar?token=eyJhbGciOiJIUzI1NiIsInR5cCI6IkpXVCJ9.eyJkYXRhIjp7ImlkIjoiMDU3MjBlNmUtZWJlMy00MDM2LWI1NzUtZmYxZmEwYzZjYjM4IiwibmFtZSI6ImFkbWluIiwiZ2VuZGVyIjp0cnVlLCJlbWFpbCI6IjM3ODMzODYyN0BxcS5jb20ifSwiaWF0IjoxNTI0NzEzMjI3LCJleHAiOjE1MjQ3OTk2Mjd9.YGWqMmhnAmKf5rIg2vcwcllwI7pWCse8aq4vqs8UiB0
request client ip:  ::ffff:127.0.0.1
request body: 
{"fields":{},"files":{"files":{"size":17336,"path":"C:\\Users\\liumeng\\AppData\\Local\\Temp\\upload_ec42da35b2760f3f698f86520828b3dc","name":"big-brand-20e87fa0118f006e9c626a2f27ff063e3104f233b2ada34f9033fa1bc68b8b54.png","type":"image/png","mtime":"2018-04-27T03:23:41.869Z"}}}
response time: 86
response status: 200
response body: 
{"errno":-4058,"code":"ENOENT","syscall":"mkdir","path":"F:\\pulbic\\uploads\\20180427","status":500}
*************** response log end ***************

