[2017-10-23 16:35:53.267] [INFO] resLogger - 
*************** response log start ***************
request method: GET
request originalUrl:  /api/user/?token=eyJhbGciOiJIUzI1NiIsInR5cCI6IkpXVCJ9.eyJkYXRhIjp7ImlkIjoiMWFkODM2OTAtOGMxMC00MzM3LTk2MjktNWNmMmI4YTJhZjgwIiwibmFtZSI6ImFkbWluIiwiZ2VuZGVyIjp0cnVlLCJlbWFpbCI6IjM3ODMzODYyN0BxcS5jb20ifSwiaWF0IjoxNTA4NzQ1MDI3LCJleHAiOjE1MDg4MzE0Mjd9.QydUfKslAT1j7tVpb-QpktUul0xIFO-V9cbTC_u25QE
request client ip:  ::ffff:127.0.0.1
request query:  {"token":"eyJhbGciOiJIUzI1NiIsInR5cCI6IkpXVCJ9.eyJkYXRhIjp7ImlkIjoiMWFkODM2OTAtOGMxMC00MzM3LTk2MjktNWNmMmI4YTJhZjgwIiwibmFtZSI6ImFkbWluIiwiZ2VuZGVyIjp0cnVlLCJlbWFpbCI6IjM3ODMzODYyN0BxcS5jb20ifSwiaWF0IjoxNTA4NzQ1MDI3LCJleHAiOjE1MDg4MzE0Mjd9.QydUfKslAT1j7tVpb-QpktUul0xIFO-V9cbTC_u25QE"}
response time: 338
response status: 200
response body: 
{"status":0,"data":{"name":"admin","email":"378338627@qq.com","phone":"15822927208","password":"$2a$10$FTTsr0P8vHgxEtFTs7FTHuLS9EEEL34CkH.wE8UDet0MdQ7Hs4l5e","gender":true,"token":"eyJhbGciOiJIUzI1NiIsInR5cCI6IkpXVCJ9.eyJkYXRhIjp7ImlkIjoiMWFkODM2OTAtOGMxMC00MzM3LTk2MjktNWNmMmI4YTJhZjgwIiwibmFtZSI6ImFkbWluIiwiZ2VuZGVyIjp0cnVlLCJlbWFpbCI6IjM3ODMzODYyN0BxcS5jb20ifSwiaWF0IjoxNTA4NzQ1MDI3LCJleHAiOjE1MDg4MzE0Mjd9.QydUfKslAT1j7tVpb-QpktUul0xIFO-V9cbTC_u25QE","canLogin":true,"status":1,"id":"1ad83690-8c10-4337-9629-5cf2b8a2af80","createdAt":1508374808809,"updatedAt":1508745027645,"version":28}}
*************** response log end ***************

[2017-10-23 16:35:53.645] [INFO] resLogger - 
*************** response log start ***************
request method: GET
request originalUrl:  /api/business/getequip/get?token=eyJhbGciOiJIUzI1NiIsInR5cCI6IkpXVCJ9.eyJkYXRhIjp7ImlkIjoiMWFkODM2OTAtOGMxMC00MzM3LTk2MjktNWNmMmI4YTJhZjgwIiwibmFtZSI6ImFkbWluIiwiZ2VuZGVyIjp0cnVlLCJlbWFpbCI6IjM3ODMzODYyN0BxcS5jb20ifSwiaWF0IjoxNTA4NzQ1MDI3LCJleHAiOjE1MDg4MzE0Mjd9.QydUfKslAT1j7tVpb-QpktUul0xIFO-V9cbTC_u25QE
request client ip:  ::ffff:127.0.0.1
request query:  {"token":"eyJhbGciOiJIUzI1NiIsInR5cCI6IkpXVCJ9.eyJkYXRhIjp7ImlkIjoiMWFkODM2OTAtOGMxMC00MzM3LTk2MjktNWNmMmI4YTJhZjgwIiwibmFtZSI6ImFkbWluIiwiZ2VuZGVyIjp0cnVlLCJlbWFpbCI6IjM3ODMzODYyN0BxcS5jb20ifSwiaWF0IjoxNTA4NzQ1MDI3LCJleHAiOjE1MDg4MzE0Mjd9.QydUfKslAT1j7tVpb-QpktUul0xIFO-V9cbTC_u25QE"}
response time: 229
response status: 200
response body: 
{"status":0,"data":[{"equipment":"IP地址"},{"equipment":"WORD"},{"equipment":"打印机"},{"equipment":"浏览器"},{"equipment":"电脑"},{"equipment":"电话"},{"equipment":"笔记本电脑"}]}
*************** response log end ***************

[2017-10-23 16:35:53.882] [INFO] resLogger - 
*************** response log start ***************
request method: GET
request originalUrl:  /api/equipOp/list?token=eyJhbGciOiJIUzI1NiIsInR5cCI6IkpXVCJ9.eyJkYXRhIjp7ImlkIjoiMWFkODM2OTAtOGMxMC00MzM3LTk2MjktNWNmMmI4YTJhZjgwIiwibmFtZSI6ImFkbWluIiwiZ2VuZGVyIjp0cnVlLCJlbWFpbCI6IjM3ODMzODYyN0BxcS5jb20ifSwiaWF0IjoxNTA4NzQ1MDI3LCJleHAiOjE1MDg4MzE0Mjd9.QydUfKslAT1j7tVpb-QpktUul0xIFO-V9cbTC_u25QE
request client ip:  ::ffff:127.0.0.1
request query:  {"token":"eyJhbGciOiJIUzI1NiIsInR5cCI6IkpXVCJ9.eyJkYXRhIjp7ImlkIjoiMWFkODM2OTAtOGMxMC00MzM3LTk2MjktNWNmMmI4YTJhZjgwIiwibmFtZSI6ImFkbWluIiwiZ2VuZGVyIjp0cnVlLCJlbWFpbCI6IjM3ODMzODYyN0BxcS5jb20ifSwiaWF0IjoxNTA4NzQ1MDI3LCJleHAiOjE1MDg4MzE0Mjd9.QydUfKslAT1j7tVpb-QpktUul0xIFO-V9cbTC_u25QE"}
response time: 389
response status: 200
response body: 
{"status":0,"data":[{"name":"设置","code":"SET","id":"773e6497-d957-4e19-81aa-c3d9080e6a75","createdAt":1508374812506,"updatedAt":1508374812506,"version":0},{"name":"冲突","code":"CT","id":"914383ca-bf41-4737-a984-9fde261288dd","createdAt":1508374812420,"updatedAt":1508374812420,"version":0},{"name":"无法开机","code":"NOTSTART","id":"c8473915-9681-4811-88cd-6b20157778e0","createdAt":1508374812341,"updatedAt":1508374812341,"version":0},{"name":"卸载","code":"UNINSTALL","id":"8a6772ed-fd61-4fca-9b8f-67d0bdf01e56","createdAt":1508374812273,"updatedAt":1508374812273,"version":0},{"name":"故障","code":"FIX","id":"dc16e5f0-e43b-4365-9ea0-474c51427aa8","createdAt":1508374812205,"updatedAt":1508374812205,"version":0},{"name":"安装","code":"SETUP","id":"7a08394e-be63-47bd-a171-901da0ee2590","createdAt":1508374812088,"updatedAt":1508374812088,"version":0}]}
*************** response log end ***************

[2017-10-23 16:35:53.904] [INFO] resLogger - 
*************** response log start ***************
request method: GET
request originalUrl:  /api/equipType/list?token=eyJhbGciOiJIUzI1NiIsInR5cCI6IkpXVCJ9.eyJkYXRhIjp7ImlkIjoiMWFkODM2OTAtOGMxMC00MzM3LTk2MjktNWNmMmI4YTJhZjgwIiwibmFtZSI6ImFkbWluIiwiZ2VuZGVyIjp0cnVlLCJlbWFpbCI6IjM3ODMzODYyN0BxcS5jb20ifSwiaWF0IjoxNTA4NzQ1MDI3LCJleHAiOjE1MDg4MzE0Mjd9.QydUfKslAT1j7tVpb-QpktUul0xIFO-V9cbTC_u25QE
request client ip:  ::ffff:127.0.0.1
request query:  {"token":"eyJhbGciOiJIUzI1NiIsInR5cCI6IkpXVCJ9.eyJkYXRhIjp7ImlkIjoiMWFkODM2OTAtOGMxMC00MzM3LTk2MjktNWNmMmI4YTJhZjgwIiwibmFtZSI6ImFkbWluIiwiZ2VuZGVyIjp0cnVlLCJlbWFpbCI6IjM3ODMzODYyN0BxcS5jb20ifSwiaWF0IjoxNTA4NzQ1MDI3LCJleHAiOjE1MDg4MzE0Mjd9.QydUfKslAT1j7tVpb-QpktUul0xIFO-V9cbTC_u25QE"}
response time: 430
response status: 200
response body: 
{"status":0,"data":[{"name":"网络","code":"NETWORK","id":"a417b140-4b72-4a11-9b99-5cc42bf1a772","createdAt":1508374812008,"updatedAt":1508374812008,"version":0},{"name":"软件","code":"SOFTWARE","id":"be61829f-8bd4-4ed0-9a3b-381c9d057f34","createdAt":1508374811934,"updatedAt":1508374811934,"version":0},{"name":"硬件","code":"HARDWARE","id":"74a560e8-ae5f-4bdf-bbc4-e40b762d12c1","createdAt":1508374811810,"updatedAt":1508374811810,"version":0}]}
*************** response log end ***************

[2017-10-23 16:35:54.051] [INFO] resLogger - 
*************** response log start ***************
request method: GET
request originalUrl:  /api/business/list/page/1?token=eyJhbGciOiJIUzI1NiIsInR5cCI6IkpXVCJ9.eyJkYXRhIjp7ImlkIjoiMWFkODM2OTAtOGMxMC00MzM3LTk2MjktNWNmMmI4YTJhZjgwIiwibmFtZSI6ImFkbWluIiwiZ2VuZGVyIjp0cnVlLCJlbWFpbCI6IjM3ODMzODYyN0BxcS5jb20ifSwiaWF0IjoxNTA4NzQ1MDI3LCJleHAiOjE1MDg4MzE0Mjd9.QydUfKslAT1j7tVpb-QpktUul0xIFO-V9cbTC_u25QE
request client ip:  ::ffff:127.0.0.1
request query:  {"token":"eyJhbGciOiJIUzI1NiIsInR5cCI6IkpXVCJ9.eyJkYXRhIjp7ImlkIjoiMWFkODM2OTAtOGMxMC00MzM3LTk2MjktNWNmMmI4YTJhZjgwIiwibmFtZSI6ImFkbWluIiwiZ2VuZGVyIjp0cnVlLCJlbWFpbCI6IjM3ODMzODYyN0BxcS5jb20ifSwiaWF0IjoxNTA4NzQ1MDI3LCJleHAiOjE1MDg4MzE0Mjd9.QydUfKslAT1j7tVpb-QpktUul0xIFO-V9cbTC_u25QE"}
response time: 401
response status: 200
response body: 
{"status":0,"data":[{"type":"HARDWARE","equipment":"笔记本电脑","operation":"FIX","weight":5,"remark":"","status":1,"id":"8abe825a-6967-473d-9510-6f0425cbc4ef","createdAt":1508374813791,"updatedAt":1508374813791,"version":0,"equipType":{"name":"硬件","code":"HARDWARE","id":"74a560e8-ae5f-4bdf-bbc4-e40b762d12c1","createdAt":1508374811810,"updatedAt":1508374811810,"version":0},"equipOp":{"name":"故障","code":"FIX","id":"dc16e5f0-e43b-4365-9ea0-474c51427aa8","createdAt":1508374812205,"updatedAt":1508374812205,"version":0}},{"type":"HARDWARE","equipment":"笔记本电脑","operation":"SETUP","weight":5,"remark":"","status":1,"id":"cd1a4c3a-43e0-4711-9fdd-ccf3968995aa","createdAt":1508374813680,"updatedAt":1508374813680,"version":0,"equipType":{"name":"硬件","code":"HARDWARE","id":"74a560e8-ae5f-4bdf-bbc4-e40b762d12c1","createdAt":1508374811810,"updatedAt":1508374811810,"version":0},"equipOp":{"name":"安装","code":"SETUP","id":"7a08394e-be63-47bd-a171-901da0ee2590","createdAt":1508374812088,"updatedAt":1508374812088,"version":0}},{"type":"HARDWARE","equipment":"笔记本电脑","operation":"NOTSTART","weight":5,"remark":"","status":1,"id":"7e40bcfa-53d2-488d-8b96-6c18f2814c44","createdAt":1508374813612,"updatedAt":1508374813612,"version":0,"equipType":{"name":"硬件","code":"HARDWARE","id":"74a560e8-ae5f-4bdf-bbc4-e40b762d12c1","createdAt":1508374811810,"updatedAt":1508374811810,"version":0},"equipOp":{"name":"无法开机","code":"NOTSTART","id":"c8473915-9681-4811-88cd-6b20157778e0","createdAt":1508374812341,"updatedAt":1508374812341,"version":0}},{"type":"HARDWARE","equipment":"电脑","operation":"SETUP","weight":5,"remark":"","status":1,"id":"f09bab9b-4664-4c71-9970-e3bc6a3681ed","createdAt":1508374813544,"updatedAt":1508374813544,"version":0,"equipType":{"name":"硬件","code":"HARDWARE","id":"74a560e8-ae5f-4bdf-bbc4-e40b762d12c1","createdAt":1508374811810,"updatedAt":1508374811810,"version":0},"equipOp":{"name":"安装","code":"SETUP","id":"7a08394e-be63-47bd-a171-901da0ee2590","createdAt":1508374812088,"updatedAt":1508374812088,"version":0}},{"type":"HARDWARE","equipment":"电脑","operation":"NOTSTART","weight":5,"remark":"","status":1,"id":"58c8e459-5109-4fa1-ae5d-82bfc87f9a6c","createdAt":1508374813460,"updatedAt":1508374813460,"version":0,"equipType":{"name":"硬件","code":"HARDWARE","id":"74a560e8-ae5f-4bdf-bbc4-e40b762d12c1","createdAt":1508374811810,"updatedAt":1508374811810,"version":0},"equipOp":{"name":"无法开机","code":"NOTSTART","id":"c8473915-9681-4811-88cd-6b20157778e0","createdAt":1508374812341,"updatedAt":1508374812341,"version":0}},{"type":"SOFTWARE","equipment":"WORD","operation":"FIX","weight":5,"remark":"","status":1,"id":"3df66888-78f6-45e7-872d-72a8144b8914","createdAt":1508374813390,"updatedAt":1508374813390,"version":0,"equipType":{"name":"软件","code":"SOFTWARE","id":"be61829f-8bd4-4ed0-9a3b-381c9d057f34","createdAt":1508374811934,"updatedAt":1508374811934,"version":0},"equipOp":{"name":"故障","code":"FIX","id":"dc16e5f0-e43b-4365-9ea0-474c51427aa8","createdAt":1508374812205,"updatedAt":1508374812205,"version":0}},{"type":"SOFTWARE","equipment":"WORD","operation":"SETUP","weight":5,"remark":"","status":1,"id":"e29498d8-cb85-4226-b96d-8e510313a7a1","createdAt":1508374813314,"updatedAt":1508374813314,"version":0,"equipType":{"name":"软件","code":"SOFTWARE","id":"be61829f-8bd4-4ed0-9a3b-381c9d057f34","createdAt":1508374811934,"updatedAt":1508374811934,"version":0},"equipOp":{"name":"安装","code":"SETUP","id":"7a08394e-be63-47bd-a171-901da0ee2590","createdAt":1508374812088,"updatedAt":1508374812088,"version":0}},{"type":"NETWORK","equipment":"IP地址","operation":"SET","weight":5,"remark":"","status":1,"id":"50e30a3a-934a-4e94-bf9d-03797fdf3130","createdAt":1508374813229,"updatedAt":1508374813229,"version":0,"equipType":{"name":"网络","code":"NETWORK","id":"a417b140-4b72-4a11-9b99-5cc42bf1a772","createdAt":1508374812008,"updatedAt":1508374812008,"version":0},"equipOp":{"name":"设置","code":"SET","id":"773e6497-d957-4e19-81aa-c3d9080e6a75","createdAt":1508374812506,"updatedAt":1508374812506,"version":0}},{"type":"NETWORK","equipment":"IP地址","operation":"CT","weight":5,"remark":"","status":1,"id":"149b1875-e7d6-4814-a64e-14e2faa96e1f","createdAt":1508374813141,"updatedAt":1508374813141,"version":0,"equipType":{"name":"网络","code":"NETWORK","id":"a417b140-4b72-4a11-9b99-5cc42bf1a772","createdAt":1508374812008,"updatedAt":1508374812008,"version":0},"equipOp":{"name":"冲突","code":"CT","id":"914383ca-bf41-4737-a984-9fde261288dd","createdAt":1508374812420,"updatedAt":1508374812420,"version":0}},{"type":"SOFTWARE","equipment":"浏览器","operation":"FIX","weight":5,"remark":"","status":1,"id":"bc87556d-588c-422e-8344-6b03272c51d7","createdAt":1508374813038,"updatedAt":1508374813038,"version":0,"equipType":{"name":"软件","code":"SOFTWARE","id":"be61829f-8bd4-4ed0-9a3b-381c9d057f34","createdAt":1508374811934,"updatedAt":1508374811934,"version":0},"equipOp":{"name":"故障","code":"FIX","id":"dc16e5f0-e43b-4365-9ea0-474c51427aa8","createdAt":1508374812205,"updatedAt":1508374812205,"version":0}}],"total":15}
*************** response log end ***************

[2017-10-23 16:36:04.024] [INFO] resLogger - 
*************** response log start ***************
request method: GET
request originalUrl:  /api/user/?token=undefined
request client ip:  ::ffff:127.0.0.1
request query:  {"token":"undefined"}
response time: 8
response status: 200
response body: 
{"name":"jwtError","status":10003,"message":"身份验证错误！"}
*************** response log end ***************

[2017-10-23 16:36:04.063] [INFO] resLogger - 
*************** response log start ***************
request method: GET
request originalUrl:  /api/order/list/page/1?token=undefined
request client ip:  ::ffff:127.0.0.1
request query:  {"token":"undefined"}
response time: 5
response status: 200
response body: 
{"name":"jwtError","status":10003,"message":"身份验证错误！"}
*************** response log end ***************

[2017-10-23 16:36:33.513] [INFO] resLogger - 
*************** response log start ***************
request method: OPTIONS
request originalUrl:  /api/user/login
request client ip:  ::ffff:127.0.0.1
request body: 
{}
response time: 2
response status: 204
response body: 
undefined
*************** response log end ***************

[2017-10-23 16:36:33.872] [INFO] resLogger - 
*************** response log start ***************
request method: POST
request originalUrl:  /api/user/login
request client ip:  ::ffff:127.0.0.1
request body: 
{"username":"admin","password":"admin"}
response time: 352
response status: 200
response body: 
{"status":0,"data":{"name":"admin","email":"378338627@qq.com","phone":"15822927208","password":"$2a$10$FTTsr0P8vHgxEtFTs7FTHuLS9EEEL34CkH.wE8UDet0MdQ7Hs4l5e","gender":true,"token":"eyJhbGciOiJIUzI1NiIsInR5cCI6IkpXVCJ9.eyJkYXRhIjp7ImlkIjoiMWFkODM2OTAtOGMxMC00MzM3LTk2MjktNWNmMmI4YTJhZjgwIiwibmFtZSI6ImFkbWluIiwiZ2VuZGVyIjp0cnVlLCJlbWFpbCI6IjM3ODMzODYyN0BxcS5jb20ifSwiaWF0IjoxNTA4NzQ3NzkzLCJleHAiOjE1MDg4MzQxOTN9.6_BU0VYI7TtpQYewrQiAM1cSQOQqqRwJvpbjEKzlCWg","canLogin":true,"status":1,"id":"1ad83690-8c10-4337-9629-5cf2b8a2af80","createdAt":1508374808809,"updatedAt":1508747793773,"version":29},"message":"登录成功！"}
*************** response log end ***************

[2017-10-23 16:36:36.107] [INFO] resLogger - 
*************** response log start ***************
request method: GET
request originalUrl:  /api/user/?token=eyJhbGciOiJIUzI1NiIsInR5cCI6IkpXVCJ9.eyJkYXRhIjp7ImlkIjoiMWFkODM2OTAtOGMxMC00MzM3LTk2MjktNWNmMmI4YTJhZjgwIiwibmFtZSI6ImFkbWluIiwiZ2VuZGVyIjp0cnVlLCJlbWFpbCI6IjM3ODMzODYyN0BxcS5jb20ifSwiaWF0IjoxNTA4NzQ3NzkzLCJleHAiOjE1MDg4MzQxOTN9.6_BU0VYI7TtpQYewrQiAM1cSQOQqqRwJvpbjEKzlCWg
request client ip:  ::ffff:127.0.0.1
request query:  {"token":"eyJhbGciOiJIUzI1NiIsInR5cCI6IkpXVCJ9.eyJkYXRhIjp7ImlkIjoiMWFkODM2OTAtOGMxMC00MzM3LTk2MjktNWNmMmI4YTJhZjgwIiwibmFtZSI6ImFkbWluIiwiZ2VuZGVyIjp0cnVlLCJlbWFpbCI6IjM3ODMzODYyN0BxcS5jb20ifSwiaWF0IjoxNTA4NzQ3NzkzLCJleHAiOjE1MDg4MzQxOTN9.6_BU0VYI7TtpQYewrQiAM1cSQOQqqRwJvpbjEKzlCWg"}
response time: 148
response status: 200
response body: 
{"status":0,"data":{"name":"admin","email":"378338627@qq.com","phone":"15822927208","password":"$2a$10$FTTsr0P8vHgxEtFTs7FTHuLS9EEEL34CkH.wE8UDet0MdQ7Hs4l5e","gender":true,"token":"eyJhbGciOiJIUzI1NiIsInR5cCI6IkpXVCJ9.eyJkYXRhIjp7ImlkIjoiMWFkODM2OTAtOGMxMC00MzM3LTk2MjktNWNmMmI4YTJhZjgwIiwibmFtZSI6ImFkbWluIiwiZ2VuZGVyIjp0cnVlLCJlbWFpbCI6IjM3ODMzODYyN0BxcS5jb20ifSwiaWF0IjoxNTA4NzQ3NzkzLCJleHAiOjE1MDg4MzQxOTN9.6_BU0VYI7TtpQYewrQiAM1cSQOQqqRwJvpbjEKzlCWg","canLogin":true,"status":1,"id":"1ad83690-8c10-4337-9629-5cf2b8a2af80","createdAt":1508374808809,"updatedAt":1508747793773,"version":29}}
*************** response log end ***************

[2017-10-23 16:36:38.961] [INFO] resLogger - 
*************** response log start ***************
request method: GET
request originalUrl:  /api/user/?token=eyJhbGciOiJIUzI1NiIsInR5cCI6IkpXVCJ9.eyJkYXRhIjp7ImlkIjoiMWFkODM2OTAtOGMxMC00MzM3LTk2MjktNWNmMmI4YTJhZjgwIiwibmFtZSI6ImFkbWluIiwiZ2VuZGVyIjp0cnVlLCJlbWFpbCI6IjM3ODMzODYyN0BxcS5jb20ifSwiaWF0IjoxNTA4NzQ3NzkzLCJleHAiOjE1MDg4MzQxOTN9.6_BU0VYI7TtpQYewrQiAM1cSQOQqqRwJvpbjEKzlCWg
request client ip:  ::ffff:127.0.0.1
request query:  {"token":"eyJhbGciOiJIUzI1NiIsInR5cCI6IkpXVCJ9.eyJkYXRhIjp7ImlkIjoiMWFkODM2OTAtOGMxMC00MzM3LTk2MjktNWNmMmI4YTJhZjgwIiwibmFtZSI6ImFkbWluIiwiZ2VuZGVyIjp0cnVlLCJlbWFpbCI6IjM3ODMzODYyN0BxcS5jb20ifSwiaWF0IjoxNTA4NzQ3NzkzLCJleHAiOjE1MDg4MzQxOTN9.6_BU0VYI7TtpQYewrQiAM1cSQOQqqRwJvpbjEKzlCWg"}
response time: 66
response status: 200
response body: 
{"status":0,"data":{"name":"admin","email":"378338627@qq.com","phone":"15822927208","password":"$2a$10$FTTsr0P8vHgxEtFTs7FTHuLS9EEEL34CkH.wE8UDet0MdQ7Hs4l5e","gender":true,"token":"eyJhbGciOiJIUzI1NiIsInR5cCI6IkpXVCJ9.eyJkYXRhIjp7ImlkIjoiMWFkODM2OTAtOGMxMC00MzM3LTk2MjktNWNmMmI4YTJhZjgwIiwibmFtZSI6ImFkbWluIiwiZ2VuZGVyIjp0cnVlLCJlbWFpbCI6IjM3ODMzODYyN0BxcS5jb20ifSwiaWF0IjoxNTA4NzQ3NzkzLCJleHAiOjE1MDg4MzQxOTN9.6_BU0VYI7TtpQYewrQiAM1cSQOQqqRwJvpbjEKzlCWg","canLogin":true,"status":1,"id":"1ad83690-8c10-4337-9629-5cf2b8a2af80","createdAt":1508374808809,"updatedAt":1508747793773,"version":29}}
*************** response log end ***************

[2017-10-23 16:36:40.811] [INFO] resLogger - 
*************** response log start ***************
request method: GET
request originalUrl:  /api/user/?token=eyJhbGciOiJIUzI1NiIsInR5cCI6IkpXVCJ9.eyJkYXRhIjp7ImlkIjoiMWFkODM2OTAtOGMxMC00MzM3LTk2MjktNWNmMmI4YTJhZjgwIiwibmFtZSI6ImFkbWluIiwiZ2VuZGVyIjp0cnVlLCJlbWFpbCI6IjM3ODMzODYyN0BxcS5jb20ifSwiaWF0IjoxNTA4NzQ3NzkzLCJleHAiOjE1MDg4MzQxOTN9.6_BU0VYI7TtpQYewrQiAM1cSQOQqqRwJvpbjEKzlCWg
request client ip:  ::ffff:127.0.0.1
request query:  {"token":"eyJhbGciOiJIUzI1NiIsInR5cCI6IkpXVCJ9.eyJkYXRhIjp7ImlkIjoiMWFkODM2OTAtOGMxMC00MzM3LTk2MjktNWNmMmI4YTJhZjgwIiwibmFtZSI6ImFkbWluIiwiZ2VuZGVyIjp0cnVlLCJlbWFpbCI6IjM3ODMzODYyN0BxcS5jb20ifSwiaWF0IjoxNTA4NzQ3NzkzLCJleHAiOjE1MDg4MzQxOTN9.6_BU0VYI7TtpQYewrQiAM1cSQOQqqRwJvpbjEKzlCWg"}
response time: 70
response status: 200
response body: 
{"status":0,"data":{"name":"admin","email":"378338627@qq.com","phone":"15822927208","password":"$2a$10$FTTsr0P8vHgxEtFTs7FTHuLS9EEEL34CkH.wE8UDet0MdQ7Hs4l5e","gender":true,"token":"eyJhbGciOiJIUzI1NiIsInR5cCI6IkpXVCJ9.eyJkYXRhIjp7ImlkIjoiMWFkODM2OTAtOGMxMC00MzM3LTk2MjktNWNmMmI4YTJhZjgwIiwibmFtZSI6ImFkbWluIiwiZ2VuZGVyIjp0cnVlLCJlbWFpbCI6IjM3ODMzODYyN0BxcS5jb20ifSwiaWF0IjoxNTA4NzQ3NzkzLCJleHAiOjE1MDg4MzQxOTN9.6_BU0VYI7TtpQYewrQiAM1cSQOQqqRwJvpbjEKzlCWg","canLogin":true,"status":1,"id":"1ad83690-8c10-4337-9629-5cf2b8a2af80","createdAt":1508374808809,"updatedAt":1508747793773,"version":29}}
*************** response log end ***************

[2017-10-23 16:36:40.920] [INFO] resLogger - 
*************** response log start ***************
request method: GET
request originalUrl:  /api/business/getequip/get?token=eyJhbGciOiJIUzI1NiIsInR5cCI6IkpXVCJ9.eyJkYXRhIjp7ImlkIjoiMWFkODM2OTAtOGMxMC00MzM3LTk2MjktNWNmMmI4YTJhZjgwIiwibmFtZSI6ImFkbWluIiwiZ2VuZGVyIjp0cnVlLCJlbWFpbCI6IjM3ODMzODYyN0BxcS5jb20ifSwiaWF0IjoxNTA4NzQ3NzkzLCJleHAiOjE1MDg4MzQxOTN9.6_BU0VYI7TtpQYewrQiAM1cSQOQqqRwJvpbjEKzlCWg
request client ip:  ::ffff:127.0.0.1
request query:  {"token":"eyJhbGciOiJIUzI1NiIsInR5cCI6IkpXVCJ9.eyJkYXRhIjp7ImlkIjoiMWFkODM2OTAtOGMxMC00MzM3LTk2MjktNWNmMmI4YTJhZjgwIiwibmFtZSI6ImFkbWluIiwiZ2VuZGVyIjp0cnVlLCJlbWFpbCI6IjM3ODMzODYyN0BxcS5jb20ifSwiaWF0IjoxNTA4NzQ3NzkzLCJleHAiOjE1MDg4MzQxOTN9.6_BU0VYI7TtpQYewrQiAM1cSQOQqqRwJvpbjEKzlCWg"}
response time: 77
response status: 200
response body: 
{"status":0,"data":[{"equipment":"IP地址"},{"equipment":"WORD"},{"equipment":"打印机"},{"equipment":"浏览器"},{"equipment":"电脑"},{"equipment":"电话"},{"equipment":"笔记本电脑"}]}
*************** response log end ***************

[2017-10-23 16:36:41.321] [INFO] resLogger - 
*************** response log start ***************
request method: GET
request originalUrl:  /api/equipType/list?token=eyJhbGciOiJIUzI1NiIsInR5cCI6IkpXVCJ9.eyJkYXRhIjp7ImlkIjoiMWFkODM2OTAtOGMxMC00MzM3LTk2MjktNWNmMmI4YTJhZjgwIiwibmFtZSI6ImFkbWluIiwiZ2VuZGVyIjp0cnVlLCJlbWFpbCI6IjM3ODMzODYyN0BxcS5jb20ifSwiaWF0IjoxNTA4NzQ3NzkzLCJleHAiOjE1MDg4MzQxOTN9.6_BU0VYI7TtpQYewrQiAM1cSQOQqqRwJvpbjEKzlCWg
request client ip:  ::ffff:127.0.0.1
request query:  {"token":"eyJhbGciOiJIUzI1NiIsInR5cCI6IkpXVCJ9.eyJkYXRhIjp7ImlkIjoiMWFkODM2OTAtOGMxMC00MzM3LTk2MjktNWNmMmI4YTJhZjgwIiwibmFtZSI6ImFkbWluIiwiZ2VuZGVyIjp0cnVlLCJlbWFpbCI6IjM3ODMzODYyN0BxcS5jb20ifSwiaWF0IjoxNTA4NzQ3NzkzLCJleHAiOjE1MDg4MzQxOTN9.6_BU0VYI7TtpQYewrQiAM1cSQOQqqRwJvpbjEKzlCWg"}
response time: 399
response status: 200
response body: 
{"status":0,"data":[{"name":"网络","code":"NETWORK","id":"a417b140-4b72-4a11-9b99-5cc42bf1a772","createdAt":1508374812008,"updatedAt":1508374812008,"version":0},{"name":"软件","code":"SOFTWARE","id":"be61829f-8bd4-4ed0-9a3b-381c9d057f34","createdAt":1508374811934,"updatedAt":1508374811934,"version":0},{"name":"硬件","code":"HARDWARE","id":"74a560e8-ae5f-4bdf-bbc4-e40b762d12c1","createdAt":1508374811810,"updatedAt":1508374811810,"version":0}]}
*************** response log end ***************

[2017-10-23 16:36:41.361] [INFO] resLogger - 
*************** response log start ***************
request method: GET
request originalUrl:  /api/equipOp/list?token=eyJhbGciOiJIUzI1NiIsInR5cCI6IkpXVCJ9.eyJkYXRhIjp7ImlkIjoiMWFkODM2OTAtOGMxMC00MzM3LTk2MjktNWNmMmI4YTJhZjgwIiwibmFtZSI6ImFkbWluIiwiZ2VuZGVyIjp0cnVlLCJlbWFpbCI6IjM3ODMzODYyN0BxcS5jb20ifSwiaWF0IjoxNTA4NzQ3NzkzLCJleHAiOjE1MDg4MzQxOTN9.6_BU0VYI7TtpQYewrQiAM1cSQOQqqRwJvpbjEKzlCWg
request client ip:  ::ffff:127.0.0.1
request query:  {"token":"eyJhbGciOiJIUzI1NiIsInR5cCI6IkpXVCJ9.eyJkYXRhIjp7ImlkIjoiMWFkODM2OTAtOGMxMC00MzM3LTk2MjktNWNmMmI4YTJhZjgwIiwibmFtZSI6ImFkbWluIiwiZ2VuZGVyIjp0cnVlLCJlbWFpbCI6IjM3ODMzODYyN0BxcS5jb20ifSwiaWF0IjoxNTA4NzQ3NzkzLCJleHAiOjE1MDg4MzQxOTN9.6_BU0VYI7TtpQYewrQiAM1cSQOQqqRwJvpbjEKzlCWg"}
response time: 388
response status: 200
response body: 
{"status":0,"data":[{"name":"设置","code":"SET","id":"773e6497-d957-4e19-81aa-c3d9080e6a75","createdAt":1508374812506,"updatedAt":1508374812506,"version":0},{"name":"冲突","code":"CT","id":"914383ca-bf41-4737-a984-9fde261288dd","createdAt":1508374812420,"updatedAt":1508374812420,"version":0},{"name":"无法开机","code":"NOTSTART","id":"c8473915-9681-4811-88cd-6b20157778e0","createdAt":1508374812341,"updatedAt":1508374812341,"version":0},{"name":"卸载","code":"UNINSTALL","id":"8a6772ed-fd61-4fca-9b8f-67d0bdf01e56","createdAt":1508374812273,"updatedAt":1508374812273,"version":0},{"name":"故障","code":"FIX","id":"dc16e5f0-e43b-4365-9ea0-474c51427aa8","createdAt":1508374812205,"updatedAt":1508374812205,"version":0},{"name":"安装","code":"SETUP","id":"7a08394e-be63-47bd-a171-901da0ee2590","createdAt":1508374812088,"updatedAt":1508374812088,"version":0}]}
*************** response log end ***************

[2017-10-23 16:36:41.418] [INFO] resLogger - 
*************** response log start ***************
request method: GET
request originalUrl:  /api/business/list/page/1?token=eyJhbGciOiJIUzI1NiIsInR5cCI6IkpXVCJ9.eyJkYXRhIjp7ImlkIjoiMWFkODM2OTAtOGMxMC00MzM3LTk2MjktNWNmMmI4YTJhZjgwIiwibmFtZSI6ImFkbWluIiwiZ2VuZGVyIjp0cnVlLCJlbWFpbCI6IjM3ODMzODYyN0BxcS5jb20ifSwiaWF0IjoxNTA4NzQ3NzkzLCJleHAiOjE1MDg4MzQxOTN9.6_BU0VYI7TtpQYewrQiAM1cSQOQqqRwJvpbjEKzlCWg
request client ip:  ::ffff:127.0.0.1
request query:  {"token":"eyJhbGciOiJIUzI1NiIsInR5cCI6IkpXVCJ9.eyJkYXRhIjp7ImlkIjoiMWFkODM2OTAtOGMxMC00MzM3LTk2MjktNWNmMmI4YTJhZjgwIiwibmFtZSI6ImFkbWluIiwiZ2VuZGVyIjp0cnVlLCJlbWFpbCI6IjM3ODMzODYyN0BxcS5jb20ifSwiaWF0IjoxNTA4NzQ3NzkzLCJleHAiOjE1MDg4MzQxOTN9.6_BU0VYI7TtpQYewrQiAM1cSQOQqqRwJvpbjEKzlCWg"}
response time: 427
response status: 200
response body: 
{"status":0,"data":[{"type":"HARDWARE","equipment":"笔记本电脑","operation":"FIX","weight":5,"remark":"","status":1,"id":"8abe825a-6967-473d-9510-6f0425cbc4ef","createdAt":1508374813791,"updatedAt":1508374813791,"version":0,"equipType":{"name":"硬件","code":"HARDWARE","id":"74a560e8-ae5f-4bdf-bbc4-e40b762d12c1","createdAt":1508374811810,"updatedAt":1508374811810,"version":0},"equipOp":{"name":"故障","code":"FIX","id":"dc16e5f0-e43b-4365-9ea0-474c51427aa8","createdAt":1508374812205,"updatedAt":1508374812205,"version":0}},{"type":"HARDWARE","equipment":"笔记本电脑","operation":"SETUP","weight":5,"remark":"","status":1,"id":"cd1a4c3a-43e0-4711-9fdd-ccf3968995aa","createdAt":1508374813680,"updatedAt":1508374813680,"version":0,"equipType":{"name":"硬件","code":"HARDWARE","id":"74a560e8-ae5f-4bdf-bbc4-e40b762d12c1","createdAt":1508374811810,"updatedAt":1508374811810,"version":0},"equipOp":{"name":"安装","code":"SETUP","id":"7a08394e-be63-47bd-a171-901da0ee2590","createdAt":1508374812088,"updatedAt":1508374812088,"version":0}},{"type":"HARDWARE","equipment":"笔记本电脑","operation":"NOTSTART","weight":5,"remark":"","status":1,"id":"7e40bcfa-53d2-488d-8b96-6c18f2814c44","createdAt":1508374813612,"updatedAt":1508374813612,"version":0,"equipType":{"name":"硬件","code":"HARDWARE","id":"74a560e8-ae5f-4bdf-bbc4-e40b762d12c1","createdAt":1508374811810,"updatedAt":1508374811810,"version":0},"equipOp":{"name":"无法开机","code":"NOTSTART","id":"c8473915-9681-4811-88cd-6b20157778e0","createdAt":1508374812341,"updatedAt":1508374812341,"version":0}},{"type":"HARDWARE","equipment":"电脑","operation":"SETUP","weight":5,"remark":"","status":1,"id":"f09bab9b-4664-4c71-9970-e3bc6a3681ed","createdAt":1508374813544,"updatedAt":1508374813544,"version":0,"equipType":{"name":"硬件","code":"HARDWARE","id":"74a560e8-ae5f-4bdf-bbc4-e40b762d12c1","createdAt":1508374811810,"updatedAt":1508374811810,"version":0},"equipOp":{"name":"安装","code":"SETUP","id":"7a08394e-be63-47bd-a171-901da0ee2590","createdAt":1508374812088,"updatedAt":1508374812088,"version":0}},{"type":"HARDWARE","equipment":"电脑","operation":"NOTSTART","weight":5,"remark":"","status":1,"id":"58c8e459-5109-4fa1-ae5d-82bfc87f9a6c","createdAt":1508374813460,"updatedAt":1508374813460,"version":0,"equipType":{"name":"硬件","code":"HARDWARE","id":"74a560e8-ae5f-4bdf-bbc4-e40b762d12c1","createdAt":1508374811810,"updatedAt":1508374811810,"version":0},"equipOp":{"name":"无法开机","code":"NOTSTART","id":"c8473915-9681-4811-88cd-6b20157778e0","createdAt":1508374812341,"updatedAt":1508374812341,"version":0}},{"type":"SOFTWARE","equipment":"WORD","operation":"FIX","weight":5,"remark":"","status":1,"id":"3df66888-78f6-45e7-872d-72a8144b8914","createdAt":1508374813390,"updatedAt":1508374813390,"version":0,"equipType":{"name":"软件","code":"SOFTWARE","id":"be61829f-8bd4-4ed0-9a3b-381c9d057f34","createdAt":1508374811934,"updatedAt":1508374811934,"version":0},"equipOp":{"name":"故障","code":"FIX","id":"dc16e5f0-e43b-4365-9ea0-474c51427aa8","createdAt":1508374812205,"updatedAt":1508374812205,"version":0}},{"type":"SOFTWARE","equipment":"WORD","operation":"SETUP","weight":5,"remark":"","status":1,"id":"e29498d8-cb85-4226-b96d-8e510313a7a1","createdAt":1508374813314,"updatedAt":1508374813314,"version":0,"equipType":{"name":"软件","code":"SOFTWARE","id":"be61829f-8bd4-4ed0-9a3b-381c9d057f34","createdAt":1508374811934,"updatedAt":1508374811934,"version":0},"equipOp":{"name":"安装","code":"SETUP","id":"7a08394e-be63-47bd-a171-901da0ee2590","createdAt":1508374812088,"updatedAt":1508374812088,"version":0}},{"type":"NETWORK","equipment":"IP地址","operation":"SET","weight":5,"remark":"","status":1,"id":"50e30a3a-934a-4e94-bf9d-03797fdf3130","createdAt":1508374813229,"updatedAt":1508374813229,"version":0,"equipType":{"name":"网络","code":"NETWORK","id":"a417b140-4b72-4a11-9b99-5cc42bf1a772","createdAt":1508374812008,"updatedAt":1508374812008,"version":0},"equipOp":{"name":"设置","code":"SET","id":"773e6497-d957-4e19-81aa-c3d9080e6a75","createdAt":1508374812506,"updatedAt":1508374812506,"version":0}},{"type":"NETWORK","equipment":"IP地址","operation":"CT","weight":5,"remark":"","status":1,"id":"149b1875-e7d6-4814-a64e-14e2faa96e1f","createdAt":1508374813141,"updatedAt":1508374813141,"version":0,"equipType":{"name":"网络","code":"NETWORK","id":"a417b140-4b72-4a11-9b99-5cc42bf1a772","createdAt":1508374812008,"updatedAt":1508374812008,"version":0},"equipOp":{"name":"冲突","code":"CT","id":"914383ca-bf41-4737-a984-9fde261288dd","createdAt":1508374812420,"updatedAt":1508374812420,"version":0}},{"type":"SOFTWARE","equipment":"浏览器","operation":"FIX","weight":5,"remark":"","status":1,"id":"bc87556d-588c-422e-8344-6b03272c51d7","createdAt":1508374813038,"updatedAt":1508374813038,"version":0,"equipType":{"name":"软件","code":"SOFTWARE","id":"be61829f-8bd4-4ed0-9a3b-381c9d057f34","createdAt":1508374811934,"updatedAt":1508374811934,"version":0},"equipOp":{"name":"故障","code":"FIX","id":"dc16e5f0-e43b-4365-9ea0-474c51427aa8","createdAt":1508374812205,"updatedAt":1508374812205,"version":0}}],"total":15}
*************** response log end ***************

[2017-10-23 16:36:48.974] [INFO] resLogger - 
*************** response log start ***************
request method: GET
request originalUrl:  /api/user/?token=undefined
request client ip:  ::ffff:127.0.0.1
request query:  {"token":"undefined"}
response time: 8
response status: 200
response body: 
{"name":"jwtError","status":10003,"message":"身份验证错误！"}
*************** response log end ***************

[2017-10-23 16:36:49.029] [INFO] resLogger - 
*************** response log start ***************
request method: GET
request originalUrl:  /api/order/list/page/1?token=undefined
request client ip:  ::ffff:127.0.0.1
request query:  {"token":"undefined"}
response time: 6
response status: 200
response body: 
{"name":"jwtError","status":10003,"message":"身份验证错误！"}
*************** response log end ***************

[2017-10-23 16:46:16.703] [INFO] resLogger - 
*************** response log start ***************
request method: OPTIONS
request originalUrl:  /api/user/login
request client ip:  ::ffff:127.0.0.1
request body: 
{}
response time: 2
response status: 204
response body: 
undefined
*************** response log end ***************

[2017-10-23 16:46:17.055] [INFO] resLogger - 
*************** response log start ***************
request method: POST
request originalUrl:  /api/user/login
request client ip:  ::ffff:127.0.0.1
request body: 
{"username":"admin","password":"admin"}
response time: 346
response status: 200
response body: 
{"status":0,"data":{"name":"admin","email":"378338627@qq.com","phone":"15822927208","password":"$2a$10$FTTsr0P8vHgxEtFTs7FTHuLS9EEEL34CkH.wE8UDet0MdQ7Hs4l5e","gender":true,"token":"eyJhbGciOiJIUzI1NiIsInR5cCI6IkpXVCJ9.eyJkYXRhIjp7ImlkIjoiMWFkODM2OTAtOGMxMC00MzM3LTk2MjktNWNmMmI4YTJhZjgwIiwibmFtZSI6ImFkbWluIiwiZ2VuZGVyIjp0cnVlLCJlbWFpbCI6IjM3ODMzODYyN0BxcS5jb20ifSwiaWF0IjoxNTA4NzQ4Mzc2LCJleHAiOjE1MDg4MzQ3NzZ9.yogI-k6xQ4wyByyKEh1e9Z7G7YjugvQs1EmcnqdtDE4","canLogin":true,"status":1,"id":"1ad83690-8c10-4337-9629-5cf2b8a2af80","createdAt":1508374808809,"updatedAt":1508748376873,"version":30},"message":"登录成功！"}
*************** response log end ***************

[2017-10-23 16:46:19.201] [INFO] resLogger - 
*************** response log start ***************
request method: GET
request originalUrl:  /api/user/?token=eyJhbGciOiJIUzI1NiIsInR5cCI6IkpXVCJ9.eyJkYXRhIjp7ImlkIjoiMWFkODM2OTAtOGMxMC00MzM3LTk2MjktNWNmMmI4YTJhZjgwIiwibmFtZSI6ImFkbWluIiwiZ2VuZGVyIjp0cnVlLCJlbWFpbCI6IjM3ODMzODYyN0BxcS5jb20ifSwiaWF0IjoxNTA4NzQ4Mzc2LCJleHAiOjE1MDg4MzQ3NzZ9.yogI-k6xQ4wyByyKEh1e9Z7G7YjugvQs1EmcnqdtDE4
request client ip:  ::ffff:127.0.0.1
request query:  {"token":"eyJhbGciOiJIUzI1NiIsInR5cCI6IkpXVCJ9.eyJkYXRhIjp7ImlkIjoiMWFkODM2OTAtOGMxMC00MzM3LTk2MjktNWNmMmI4YTJhZjgwIiwibmFtZSI6ImFkbWluIiwiZ2VuZGVyIjp0cnVlLCJlbWFpbCI6IjM3ODMzODYyN0BxcS5jb20ifSwiaWF0IjoxNTA4NzQ4Mzc2LCJleHAiOjE1MDg4MzQ3NzZ9.yogI-k6xQ4wyByyKEh1e9Z7G7YjugvQs1EmcnqdtDE4"}
response time: 72
response status: 200
response body: 
{"status":0,"data":{"name":"admin","email":"378338627@qq.com","phone":"15822927208","password":"$2a$10$FTTsr0P8vHgxEtFTs7FTHuLS9EEEL34CkH.wE8UDet0MdQ7Hs4l5e","gender":true,"token":"eyJhbGciOiJIUzI1NiIsInR5cCI6IkpXVCJ9.eyJkYXRhIjp7ImlkIjoiMWFkODM2OTAtOGMxMC00MzM3LTk2MjktNWNmMmI4YTJhZjgwIiwibmFtZSI6ImFkbWluIiwiZ2VuZGVyIjp0cnVlLCJlbWFpbCI6IjM3ODMzODYyN0BxcS5jb20ifSwiaWF0IjoxNTA4NzQ4Mzc2LCJleHAiOjE1MDg4MzQ3NzZ9.yogI-k6xQ4wyByyKEh1e9Z7G7YjugvQs1EmcnqdtDE4","canLogin":true,"status":1,"id":"1ad83690-8c10-4337-9629-5cf2b8a2af80","createdAt":1508374808809,"updatedAt":1508748376873,"version":30}}
*************** response log end ***************

[2017-10-23 16:46:33.528] [INFO] resLogger - 
*************** response log start ***************
request method: GET
request originalUrl:  /api/user/?token=eyJhbGciOiJIUzI1NiIsInR5cCI6IkpXVCJ9.eyJkYXRhIjp7ImlkIjoiMWFkODM2OTAtOGMxMC00MzM3LTk2MjktNWNmMmI4YTJhZjgwIiwibmFtZSI6ImFkbWluIiwiZ2VuZGVyIjp0cnVlLCJlbWFpbCI6IjM3ODMzODYyN0BxcS5jb20ifSwiaWF0IjoxNTA4NzQ4Mzc2LCJleHAiOjE1MDg4MzQ3NzZ9.yogI-k6xQ4wyByyKEh1e9Z7G7YjugvQs1EmcnqdtDE4
request client ip:  ::ffff:127.0.0.1
request query:  {"token":"eyJhbGciOiJIUzI1NiIsInR5cCI6IkpXVCJ9.eyJkYXRhIjp7ImlkIjoiMWFkODM2OTAtOGMxMC00MzM3LTk2MjktNWNmMmI4YTJhZjgwIiwibmFtZSI6ImFkbWluIiwiZ2VuZGVyIjp0cnVlLCJlbWFpbCI6IjM3ODMzODYyN0BxcS5jb20ifSwiaWF0IjoxNTA4NzQ4Mzc2LCJleHAiOjE1MDg4MzQ3NzZ9.yogI-k6xQ4wyByyKEh1e9Z7G7YjugvQs1EmcnqdtDE4"}
response time: 66
response status: 200
response body: 
{"status":0,"data":{"name":"admin","email":"378338627@qq.com","phone":"15822927208","password":"$2a$10$FTTsr0P8vHgxEtFTs7FTHuLS9EEEL34CkH.wE8UDet0MdQ7Hs4l5e","gender":true,"token":"eyJhbGciOiJIUzI1NiIsInR5cCI6IkpXVCJ9.eyJkYXRhIjp7ImlkIjoiMWFkODM2OTAtOGMxMC00MzM3LTk2MjktNWNmMmI4YTJhZjgwIiwibmFtZSI6ImFkbWluIiwiZ2VuZGVyIjp0cnVlLCJlbWFpbCI6IjM3ODMzODYyN0BxcS5jb20ifSwiaWF0IjoxNTA4NzQ4Mzc2LCJleHAiOjE1MDg4MzQ3NzZ9.yogI-k6xQ4wyByyKEh1e9Z7G7YjugvQs1EmcnqdtDE4","canLogin":true,"status":1,"id":"1ad83690-8c10-4337-9629-5cf2b8a2af80","createdAt":1508374808809,"updatedAt":1508748376873,"version":30}}
*************** response log end ***************

[2017-10-23 16:46:35.588] [INFO] resLogger - 
*************** response log start ***************
request method: GET
request originalUrl:  /api/user/?token=eyJhbGciOiJIUzI1NiIsInR5cCI6IkpXVCJ9.eyJkYXRhIjp7ImlkIjoiMWFkODM2OTAtOGMxMC00MzM3LTk2MjktNWNmMmI4YTJhZjgwIiwibmFtZSI6ImFkbWluIiwiZ2VuZGVyIjp0cnVlLCJlbWFpbCI6IjM3ODMzODYyN0BxcS5jb20ifSwiaWF0IjoxNTA4NzQ4Mzc2LCJleHAiOjE1MDg4MzQ3NzZ9.yogI-k6xQ4wyByyKEh1e9Z7G7YjugvQs1EmcnqdtDE4
request client ip:  ::ffff:127.0.0.1
request query:  {"token":"eyJhbGciOiJIUzI1NiIsInR5cCI6IkpXVCJ9.eyJkYXRhIjp7ImlkIjoiMWFkODM2OTAtOGMxMC00MzM3LTk2MjktNWNmMmI4YTJhZjgwIiwibmFtZSI6ImFkbWluIiwiZ2VuZGVyIjp0cnVlLCJlbWFpbCI6IjM3ODMzODYyN0BxcS5jb20ifSwiaWF0IjoxNTA4NzQ4Mzc2LCJleHAiOjE1MDg4MzQ3NzZ9.yogI-k6xQ4wyByyKEh1e9Z7G7YjugvQs1EmcnqdtDE4"}
response time: 63
response status: 200
response body: 
{"status":0,"data":{"name":"admin","email":"378338627@qq.com","phone":"15822927208","password":"$2a$10$FTTsr0P8vHgxEtFTs7FTHuLS9EEEL34CkH.wE8UDet0MdQ7Hs4l5e","gender":true,"token":"eyJhbGciOiJIUzI1NiIsInR5cCI6IkpXVCJ9.eyJkYXRhIjp7ImlkIjoiMWFkODM2OTAtOGMxMC00MzM3LTk2MjktNWNmMmI4YTJhZjgwIiwibmFtZSI6ImFkbWluIiwiZ2VuZGVyIjp0cnVlLCJlbWFpbCI6IjM3ODMzODYyN0BxcS5jb20ifSwiaWF0IjoxNTA4NzQ4Mzc2LCJleHAiOjE1MDg4MzQ3NzZ9.yogI-k6xQ4wyByyKEh1e9Z7G7YjugvQs1EmcnqdtDE4","canLogin":true,"status":1,"id":"1ad83690-8c10-4337-9629-5cf2b8a2af80","createdAt":1508374808809,"updatedAt":1508748376873,"version":30}}
*************** response log end ***************

[2017-10-23 16:46:35.797] [INFO] resLogger - 
*************** response log start ***************
request method: GET
request originalUrl:  /api/business/getequip/get?token=eyJhbGciOiJIUzI1NiIsInR5cCI6IkpXVCJ9.eyJkYXRhIjp7ImlkIjoiMWFkODM2OTAtOGMxMC00MzM3LTk2MjktNWNmMmI4YTJhZjgwIiwibmFtZSI6ImFkbWluIiwiZ2VuZGVyIjp0cnVlLCJlbWFpbCI6IjM3ODMzODYyN0BxcS5jb20ifSwiaWF0IjoxNTA4NzQ4Mzc2LCJleHAiOjE1MDg4MzQ3NzZ9.yogI-k6xQ4wyByyKEh1e9Z7G7YjugvQs1EmcnqdtDE4
request client ip:  ::ffff:127.0.0.1
request query:  {"token":"eyJhbGciOiJIUzI1NiIsInR5cCI6IkpXVCJ9.eyJkYXRhIjp7ImlkIjoiMWFkODM2OTAtOGMxMC00MzM3LTk2MjktNWNmMmI4YTJhZjgwIiwibmFtZSI6ImFkbWluIiwiZ2VuZGVyIjp0cnVlLCJlbWFpbCI6IjM3ODMzODYyN0BxcS5jb20ifSwiaWF0IjoxNTA4NzQ4Mzc2LCJleHAiOjE1MDg4MzQ3NzZ9.yogI-k6xQ4wyByyKEh1e9Z7G7YjugvQs1EmcnqdtDE4"}
response time: 185
response status: 200
response body: 
{"status":0,"data":[{"equipment":"IP地址"},{"equipment":"WORD"},{"equipment":"打印机"},{"equipment":"浏览器"},{"equipment":"电脑"},{"equipment":"电话"},{"equipment":"笔记本电脑"}]}
*************** response log end ***************

[2017-10-23 16:46:36.129] [INFO] resLogger - 
*************** response log start ***************
request method: GET
request originalUrl:  /api/equipType/list?token=eyJhbGciOiJIUzI1NiIsInR5cCI6IkpXVCJ9.eyJkYXRhIjp7ImlkIjoiMWFkODM2OTAtOGMxMC00MzM3LTk2MjktNWNmMmI4YTJhZjgwIiwibmFtZSI6ImFkbWluIiwiZ2VuZGVyIjp0cnVlLCJlbWFpbCI6IjM3ODMzODYyN0BxcS5jb20ifSwiaWF0IjoxNTA4NzQ4Mzc2LCJleHAiOjE1MDg4MzQ3NzZ9.yogI-k6xQ4wyByyKEh1e9Z7G7YjugvQs1EmcnqdtDE4
request client ip:  ::ffff:127.0.0.1
request query:  {"token":"eyJhbGciOiJIUzI1NiIsInR5cCI6IkpXVCJ9.eyJkYXRhIjp7ImlkIjoiMWFkODM2OTAtOGMxMC00MzM3LTk2MjktNWNmMmI4YTJhZjgwIiwibmFtZSI6ImFkbWluIiwiZ2VuZGVyIjp0cnVlLCJlbWFpbCI6IjM3ODMzODYyN0BxcS5jb20ifSwiaWF0IjoxNTA4NzQ4Mzc2LCJleHAiOjE1MDg4MzQ3NzZ9.yogI-k6xQ4wyByyKEh1e9Z7G7YjugvQs1EmcnqdtDE4"}
response time: 326
response status: 200
response body: 
{"status":0,"data":[{"name":"网络","code":"NETWORK","id":"a417b140-4b72-4a11-9b99-5cc42bf1a772","createdAt":1508374812008,"updatedAt":1508374812008,"version":0},{"name":"软件","code":"SOFTWARE","id":"be61829f-8bd4-4ed0-9a3b-381c9d057f34","createdAt":1508374811934,"updatedAt":1508374811934,"version":0},{"name":"硬件","code":"HARDWARE","id":"74a560e8-ae5f-4bdf-bbc4-e40b762d12c1","createdAt":1508374811810,"updatedAt":1508374811810,"version":0}]}
*************** response log end ***************

[2017-10-23 16:46:36.168] [INFO] resLogger - 
*************** response log start ***************
request method: GET
request originalUrl:  /api/equipOp/list?token=eyJhbGciOiJIUzI1NiIsInR5cCI6IkpXVCJ9.eyJkYXRhIjp7ImlkIjoiMWFkODM2OTAtOGMxMC00MzM3LTk2MjktNWNmMmI4YTJhZjgwIiwibmFtZSI6ImFkbWluIiwiZ2VuZGVyIjp0cnVlLCJlbWFpbCI6IjM3ODMzODYyN0BxcS5jb20ifSwiaWF0IjoxNTA4NzQ4Mzc2LCJleHAiOjE1MDg4MzQ3NzZ9.yogI-k6xQ4wyByyKEh1e9Z7G7YjugvQs1EmcnqdtDE4
request client ip:  ::ffff:127.0.0.1
request query:  {"token":"eyJhbGciOiJIUzI1NiIsInR5cCI6IkpXVCJ9.eyJkYXRhIjp7ImlkIjoiMWFkODM2OTAtOGMxMC00MzM3LTk2MjktNWNmMmI4YTJhZjgwIiwibmFtZSI6ImFkbWluIiwiZ2VuZGVyIjp0cnVlLCJlbWFpbCI6IjM3ODMzODYyN0BxcS5jb20ifSwiaWF0IjoxNTA4NzQ4Mzc2LCJleHAiOjE1MDg4MzQ3NzZ9.yogI-k6xQ4wyByyKEh1e9Z7G7YjugvQs1EmcnqdtDE4"}
response time: 351
response status: 200
response body: 
{"status":0,"data":[{"name":"设置","code":"SET","id":"773e6497-d957-4e19-81aa-c3d9080e6a75","createdAt":1508374812506,"updatedAt":1508374812506,"version":0},{"name":"冲突","code":"CT","id":"914383ca-bf41-4737-a984-9fde261288dd","createdAt":1508374812420,"updatedAt":1508374812420,"version":0},{"name":"无法开机","code":"NOTSTART","id":"c8473915-9681-4811-88cd-6b20157778e0","createdAt":1508374812341,"updatedAt":1508374812341,"version":0},{"name":"卸载","code":"UNINSTALL","id":"8a6772ed-fd61-4fca-9b8f-67d0bdf01e56","createdAt":1508374812273,"updatedAt":1508374812273,"version":0},{"name":"故障","code":"FIX","id":"dc16e5f0-e43b-4365-9ea0-474c51427aa8","createdAt":1508374812205,"updatedAt":1508374812205,"version":0},{"name":"安装","code":"SETUP","id":"7a08394e-be63-47bd-a171-901da0ee2590","createdAt":1508374812088,"updatedAt":1508374812088,"version":0}]}
*************** response log end ***************

[2017-10-23 16:46:36.245] [INFO] resLogger - 
*************** response log start ***************
request method: GET
request originalUrl:  /api/business/list/page/1?token=eyJhbGciOiJIUzI1NiIsInR5cCI6IkpXVCJ9.eyJkYXRhIjp7ImlkIjoiMWFkODM2OTAtOGMxMC00MzM3LTk2MjktNWNmMmI4YTJhZjgwIiwibmFtZSI6ImFkbWluIiwiZ2VuZGVyIjp0cnVlLCJlbWFpbCI6IjM3ODMzODYyN0BxcS5jb20ifSwiaWF0IjoxNTA4NzQ4Mzc2LCJleHAiOjE1MDg4MzQ3NzZ9.yogI-k6xQ4wyByyKEh1e9Z7G7YjugvQs1EmcnqdtDE4
request client ip:  ::ffff:127.0.0.1
request query:  {"token":"eyJhbGciOiJIUzI1NiIsInR5cCI6IkpXVCJ9.eyJkYXRhIjp7ImlkIjoiMWFkODM2OTAtOGMxMC00MzM3LTk2MjktNWNmMmI4YTJhZjgwIiwibmFtZSI6ImFkbWluIiwiZ2VuZGVyIjp0cnVlLCJlbWFpbCI6IjM3ODMzODYyN0BxcS5jb20ifSwiaWF0IjoxNTA4NzQ4Mzc2LCJleHAiOjE1MDg4MzQ3NzZ9.yogI-k6xQ4wyByyKEh1e9Z7G7YjugvQs1EmcnqdtDE4"}
response time: 414
response status: 200
response body: 
{"status":0,"data":[{"type":"HARDWARE","equipment":"笔记本电脑","operation":"FIX","weight":5,"remark":"","status":1,"id":"8abe825a-6967-473d-9510-6f0425cbc4ef","createdAt":1508374813791,"updatedAt":1508374813791,"version":0,"equipType":{"name":"硬件","code":"HARDWARE","id":"74a560e8-ae5f-4bdf-bbc4-e40b762d12c1","createdAt":1508374811810,"updatedAt":1508374811810,"version":0},"equipOp":{"name":"故障","code":"FIX","id":"dc16e5f0-e43b-4365-9ea0-474c51427aa8","createdAt":1508374812205,"updatedAt":1508374812205,"version":0}},{"type":"HARDWARE","equipment":"笔记本电脑","operation":"SETUP","weight":5,"remark":"","status":1,"id":"cd1a4c3a-43e0-4711-9fdd-ccf3968995aa","createdAt":1508374813680,"updatedAt":1508374813680,"version":0,"equipType":{"name":"硬件","code":"HARDWARE","id":"74a560e8-ae5f-4bdf-bbc4-e40b762d12c1","createdAt":1508374811810,"updatedAt":1508374811810,"version":0},"equipOp":{"name":"安装","code":"SETUP","id":"7a08394e-be63-47bd-a171-901da0ee2590","createdAt":1508374812088,"updatedAt":1508374812088,"version":0}},{"type":"HARDWARE","equipment":"笔记本电脑","operation":"NOTSTART","weight":5,"remark":"","status":1,"id":"7e40bcfa-53d2-488d-8b96-6c18f2814c44","createdAt":1508374813612,"updatedAt":1508374813612,"version":0,"equipType":{"name":"硬件","code":"HARDWARE","id":"74a560e8-ae5f-4bdf-bbc4-e40b762d12c1","createdAt":1508374811810,"updatedAt":1508374811810,"version":0},"equipOp":{"name":"无法开机","code":"NOTSTART","id":"c8473915-9681-4811-88cd-6b20157778e0","createdAt":1508374812341,"updatedAt":1508374812341,"version":0}},{"type":"HARDWARE","equipment":"电脑","operation":"SETUP","weight":5,"remark":"","status":1,"id":"f09bab9b-4664-4c71-9970-e3bc6a3681ed","createdAt":1508374813544,"updatedAt":1508374813544,"version":0,"equipType":{"name":"硬件","code":"HARDWARE","id":"74a560e8-ae5f-4bdf-bbc4-e40b762d12c1","createdAt":1508374811810,"updatedAt":1508374811810,"version":0},"equipOp":{"name":"安装","code":"SETUP","id":"7a08394e-be63-47bd-a171-901da0ee2590","createdAt":1508374812088,"updatedAt":1508374812088,"version":0}},{"type":"HARDWARE","equipment":"电脑","operation":"NOTSTART","weight":5,"remark":"","status":1,"id":"58c8e459-5109-4fa1-ae5d-82bfc87f9a6c","createdAt":1508374813460,"updatedAt":1508374813460,"version":0,"equipType":{"name":"硬件","code":"HARDWARE","id":"74a560e8-ae5f-4bdf-bbc4-e40b762d12c1","createdAt":1508374811810,"updatedAt":1508374811810,"version":0},"equipOp":{"name":"无法开机","code":"NOTSTART","id":"c8473915-9681-4811-88cd-6b20157778e0","createdAt":1508374812341,"updatedAt":1508374812341,"version":0}},{"type":"SOFTWARE","equipment":"WORD","operation":"FIX","weight":5,"remark":"","status":1,"id":"3df66888-78f6-45e7-872d-72a8144b8914","createdAt":1508374813390,"updatedAt":1508374813390,"version":0,"equipType":{"name":"软件","code":"SOFTWARE","id":"be61829f-8bd4-4ed0-9a3b-381c9d057f34","createdAt":1508374811934,"updatedAt":1508374811934,"version":0},"equipOp":{"name":"故障","code":"FIX","id":"dc16e5f0-e43b-4365-9ea0-474c51427aa8","createdAt":1508374812205,"updatedAt":1508374812205,"version":0}},{"type":"SOFTWARE","equipment":"WORD","operation":"SETUP","weight":5,"remark":"","status":1,"id":"e29498d8-cb85-4226-b96d-8e510313a7a1","createdAt":1508374813314,"updatedAt":1508374813314,"version":0,"equipType":{"name":"软件","code":"SOFTWARE","id":"be61829f-8bd4-4ed0-9a3b-381c9d057f34","createdAt":1508374811934,"updatedAt":1508374811934,"version":0},"equipOp":{"name":"安装","code":"SETUP","id":"7a08394e-be63-47bd-a171-901da0ee2590","createdAt":1508374812088,"updatedAt":1508374812088,"version":0}},{"type":"NETWORK","equipment":"IP地址","operation":"SET","weight":5,"remark":"","status":1,"id":"50e30a3a-934a-4e94-bf9d-03797fdf3130","createdAt":1508374813229,"updatedAt":1508374813229,"version":0,"equipType":{"name":"网络","code":"NETWORK","id":"a417b140-4b72-4a11-9b99-5cc42bf1a772","createdAt":1508374812008,"updatedAt":1508374812008,"version":0},"equipOp":{"name":"设置","code":"SET","id":"773e6497-d957-4e19-81aa-c3d9080e6a75","createdAt":1508374812506,"updatedAt":1508374812506,"version":0}},{"type":"NETWORK","equipment":"IP地址","operation":"CT","weight":5,"remark":"","status":1,"id":"149b1875-e7d6-4814-a64e-14e2faa96e1f","createdAt":1508374813141,"updatedAt":1508374813141,"version":0,"equipType":{"name":"网络","code":"NETWORK","id":"a417b140-4b72-4a11-9b99-5cc42bf1a772","createdAt":1508374812008,"updatedAt":1508374812008,"version":0},"equipOp":{"name":"冲突","code":"CT","id":"914383ca-bf41-4737-a984-9fde261288dd","createdAt":1508374812420,"updatedAt":1508374812420,"version":0}},{"type":"SOFTWARE","equipment":"浏览器","operation":"FIX","weight":5,"remark":"","status":1,"id":"bc87556d-588c-422e-8344-6b03272c51d7","createdAt":1508374813038,"updatedAt":1508374813038,"version":0,"equipType":{"name":"软件","code":"SOFTWARE","id":"be61829f-8bd4-4ed0-9a3b-381c9d057f34","createdAt":1508374811934,"updatedAt":1508374811934,"version":0},"equipOp":{"name":"故障","code":"FIX","id":"dc16e5f0-e43b-4365-9ea0-474c51427aa8","createdAt":1508374812205,"updatedAt":1508374812205,"version":0}}],"total":15}
*************** response log end ***************

[2017-10-23 16:46:43.900] [INFO] resLogger - 
*************** response log start ***************
request method: GET
request originalUrl:  /api/user/?token=undefined
request client ip:  ::ffff:127.0.0.1
request query:  {"token":"undefined"}
response time: 6
response status: 200
response body: 
{"name":"jwtError","status":10003,"message":"身份验证错误！"}
*************** response log end ***************

[2017-10-23 16:46:43.943] [INFO] resLogger - 
*************** response log start ***************
request method: GET
request originalUrl:  /api/order/list/page/1?token=undefined
request client ip:  ::ffff:127.0.0.1
request query:  {"token":"undefined"}
response time: 6
response status: 200
response body: 
{"name":"jwtError","status":10003,"message":"身份验证错误！"}
*************** response log end ***************

[2017-10-23 16:47:31.316] [INFO] resLogger - 
*************** response log start ***************
request method: OPTIONS
request originalUrl:  /api/user/login
request client ip:  ::ffff:127.0.0.1
request body: 
{}
response time: 1
response status: 204
response body: 
undefined
*************** response log end ***************

[2017-10-23 16:47:31.671] [INFO] resLogger - 
*************** response log start ***************
request method: POST
request originalUrl:  /api/user/login
request client ip:  ::ffff:127.0.0.1
request body: 
{"username":"admin","password":"admin"}
response time: 345
response status: 200
response body: 
{"status":0,"data":{"name":"admin","email":"378338627@qq.com","phone":"15822927208","password":"$2a$10$FTTsr0P8vHgxEtFTs7FTHuLS9EEEL34CkH.wE8UDet0MdQ7Hs4l5e","gender":true,"token":"eyJhbGciOiJIUzI1NiIsInR5cCI6IkpXVCJ9.eyJkYXRhIjp7ImlkIjoiMWFkODM2OTAtOGMxMC00MzM3LTk2MjktNWNmMmI4YTJhZjgwIiwibmFtZSI6ImFkbWluIiwiZ2VuZGVyIjp0cnVlLCJlbWFpbCI6IjM3ODMzODYyN0BxcS5jb20ifSwiaWF0IjoxNTA4NzQ4NDUxLCJleHAiOjE1MDg4MzQ4NTF9.eOira49ow7kebuosiKf3S6OtBFS8o_FiSPuuKqm62Yw","canLogin":true,"status":1,"id":"1ad83690-8c10-4337-9629-5cf2b8a2af80","createdAt":1508374808809,"updatedAt":1508748451558,"version":31},"message":"登录成功！"}
*************** response log end ***************

[2017-10-23 16:47:33.877] [INFO] resLogger - 
*************** response log start ***************
request method: GET
request originalUrl:  /api/user/?token=eyJhbGciOiJIUzI1NiIsInR5cCI6IkpXVCJ9.eyJkYXRhIjp7ImlkIjoiMWFkODM2OTAtOGMxMC00MzM3LTk2MjktNWNmMmI4YTJhZjgwIiwibmFtZSI6ImFkbWluIiwiZ2VuZGVyIjp0cnVlLCJlbWFpbCI6IjM3ODMzODYyN0BxcS5jb20ifSwiaWF0IjoxNTA4NzQ4NDUxLCJleHAiOjE1MDg4MzQ4NTF9.eOira49ow7kebuosiKf3S6OtBFS8o_FiSPuuKqm62Yw
request client ip:  ::ffff:127.0.0.1
request query:  {"token":"eyJhbGciOiJIUzI1NiIsInR5cCI6IkpXVCJ9.eyJkYXRhIjp7ImlkIjoiMWFkODM2OTAtOGMxMC00MzM3LTk2MjktNWNmMmI4YTJhZjgwIiwibmFtZSI6ImFkbWluIiwiZ2VuZGVyIjp0cnVlLCJlbWFpbCI6IjM3ODMzODYyN0BxcS5jb20ifSwiaWF0IjoxNTA4NzQ4NDUxLCJleHAiOjE1MDg4MzQ4NTF9.eOira49ow7kebuosiKf3S6OtBFS8o_FiSPuuKqm62Yw"}
response time: 94
response status: 200
response body: 
{"status":0,"data":{"name":"admin","email":"378338627@qq.com","phone":"15822927208","password":"$2a$10$FTTsr0P8vHgxEtFTs7FTHuLS9EEEL34CkH.wE8UDet0MdQ7Hs4l5e","gender":true,"token":"eyJhbGciOiJIUzI1NiIsInR5cCI6IkpXVCJ9.eyJkYXRhIjp7ImlkIjoiMWFkODM2OTAtOGMxMC00MzM3LTk2MjktNWNmMmI4YTJhZjgwIiwibmFtZSI6ImFkbWluIiwiZ2VuZGVyIjp0cnVlLCJlbWFpbCI6IjM3ODMzODYyN0BxcS5jb20ifSwiaWF0IjoxNTA4NzQ4NDUxLCJleHAiOjE1MDg4MzQ4NTF9.eOira49ow7kebuosiKf3S6OtBFS8o_FiSPuuKqm62Yw","canLogin":true,"status":1,"id":"1ad83690-8c10-4337-9629-5cf2b8a2af80","createdAt":1508374808809,"updatedAt":1508748451558,"version":31}}
*************** response log end ***************

[2017-10-23 16:47:36.386] [INFO] resLogger - 
*************** response log start ***************
request method: GET
request originalUrl:  /api/user/?token=eyJhbGciOiJIUzI1NiIsInR5cCI6IkpXVCJ9.eyJkYXRhIjp7ImlkIjoiMWFkODM2OTAtOGMxMC00MzM3LTk2MjktNWNmMmI4YTJhZjgwIiwibmFtZSI6ImFkbWluIiwiZ2VuZGVyIjp0cnVlLCJlbWFpbCI6IjM3ODMzODYyN0BxcS5jb20ifSwiaWF0IjoxNTA4NzQ4NDUxLCJleHAiOjE1MDg4MzQ4NTF9.eOira49ow7kebuosiKf3S6OtBFS8o_FiSPuuKqm62Yw
request client ip:  ::ffff:127.0.0.1
request query:  {"token":"eyJhbGciOiJIUzI1NiIsInR5cCI6IkpXVCJ9.eyJkYXRhIjp7ImlkIjoiMWFkODM2OTAtOGMxMC00MzM3LTk2MjktNWNmMmI4YTJhZjgwIiwibmFtZSI6ImFkbWluIiwiZ2VuZGVyIjp0cnVlLCJlbWFpbCI6IjM3ODMzODYyN0BxcS5jb20ifSwiaWF0IjoxNTA4NzQ4NDUxLCJleHAiOjE1MDg4MzQ4NTF9.eOira49ow7kebuosiKf3S6OtBFS8o_FiSPuuKqm62Yw"}
response time: 45
response status: 200
response body: 
{"status":0,"data":{"name":"admin","email":"378338627@qq.com","phone":"15822927208","password":"$2a$10$FTTsr0P8vHgxEtFTs7FTHuLS9EEEL34CkH.wE8UDet0MdQ7Hs4l5e","gender":true,"token":"eyJhbGciOiJIUzI1NiIsInR5cCI6IkpXVCJ9.eyJkYXRhIjp7ImlkIjoiMWFkODM2OTAtOGMxMC00MzM3LTk2MjktNWNmMmI4YTJhZjgwIiwibmFtZSI6ImFkbWluIiwiZ2VuZGVyIjp0cnVlLCJlbWFpbCI6IjM3ODMzODYyN0BxcS5jb20ifSwiaWF0IjoxNTA4NzQ4NDUxLCJleHAiOjE1MDg4MzQ4NTF9.eOira49ow7kebuosiKf3S6OtBFS8o_FiSPuuKqm62Yw","canLogin":true,"status":1,"id":"1ad83690-8c10-4337-9629-5cf2b8a2af80","createdAt":1508374808809,"updatedAt":1508748451558,"version":31}}
*************** response log end ***************

[2017-10-23 16:47:38.389] [INFO] resLogger - 
*************** response log start ***************
request method: GET
request originalUrl:  /api/user/?token=eyJhbGciOiJIUzI1NiIsInR5cCI6IkpXVCJ9.eyJkYXRhIjp7ImlkIjoiMWFkODM2OTAtOGMxMC00MzM3LTk2MjktNWNmMmI4YTJhZjgwIiwibmFtZSI6ImFkbWluIiwiZ2VuZGVyIjp0cnVlLCJlbWFpbCI6IjM3ODMzODYyN0BxcS5jb20ifSwiaWF0IjoxNTA4NzQ4NDUxLCJleHAiOjE1MDg4MzQ4NTF9.eOira49ow7kebuosiKf3S6OtBFS8o_FiSPuuKqm62Yw
request client ip:  ::ffff:127.0.0.1
request query:  {"token":"eyJhbGciOiJIUzI1NiIsInR5cCI6IkpXVCJ9.eyJkYXRhIjp7ImlkIjoiMWFkODM2OTAtOGMxMC00MzM3LTk2MjktNWNmMmI4YTJhZjgwIiwibmFtZSI6ImFkbWluIiwiZ2VuZGVyIjp0cnVlLCJlbWFpbCI6IjM3ODMzODYyN0BxcS5jb20ifSwiaWF0IjoxNTA4NzQ4NDUxLCJleHAiOjE1MDg4MzQ4NTF9.eOira49ow7kebuosiKf3S6OtBFS8o_FiSPuuKqm62Yw"}
response time: 58
response status: 200
response body: 
{"status":0,"data":{"name":"admin","email":"378338627@qq.com","phone":"15822927208","password":"$2a$10$FTTsr0P8vHgxEtFTs7FTHuLS9EEEL34CkH.wE8UDet0MdQ7Hs4l5e","gender":true,"token":"eyJhbGciOiJIUzI1NiIsInR5cCI6IkpXVCJ9.eyJkYXRhIjp7ImlkIjoiMWFkODM2OTAtOGMxMC00MzM3LTk2MjktNWNmMmI4YTJhZjgwIiwibmFtZSI6ImFkbWluIiwiZ2VuZGVyIjp0cnVlLCJlbWFpbCI6IjM3ODMzODYyN0BxcS5jb20ifSwiaWF0IjoxNTA4NzQ4NDUxLCJleHAiOjE1MDg4MzQ4NTF9.eOira49ow7kebuosiKf3S6OtBFS8o_FiSPuuKqm62Yw","canLogin":true,"status":1,"id":"1ad83690-8c10-4337-9629-5cf2b8a2af80","createdAt":1508374808809,"updatedAt":1508748451558,"version":31}}
*************** response log end ***************

[2017-10-23 16:47:38.740] [INFO] resLogger - 
*************** response log start ***************
request method: GET
request originalUrl:  /api/business/getequip/get?token=eyJhbGciOiJIUzI1NiIsInR5cCI6IkpXVCJ9.eyJkYXRhIjp7ImlkIjoiMWFkODM2OTAtOGMxMC00MzM3LTk2MjktNWNmMmI4YTJhZjgwIiwibmFtZSI6ImFkbWluIiwiZ2VuZGVyIjp0cnVlLCJlbWFpbCI6IjM3ODMzODYyN0BxcS5jb20ifSwiaWF0IjoxNTA4NzQ4NDUxLCJleHAiOjE1MDg4MzQ4NTF9.eOira49ow7kebuosiKf3S6OtBFS8o_FiSPuuKqm62Yw
request client ip:  ::ffff:127.0.0.1
request query:  {"token":"eyJhbGciOiJIUzI1NiIsInR5cCI6IkpXVCJ9.eyJkYXRhIjp7ImlkIjoiMWFkODM2OTAtOGMxMC00MzM3LTk2MjktNWNmMmI4YTJhZjgwIiwibmFtZSI6ImFkbWluIiwiZ2VuZGVyIjp0cnVlLCJlbWFpbCI6IjM3ODMzODYyN0BxcS5jb20ifSwiaWF0IjoxNTA4NzQ4NDUxLCJleHAiOjE1MDg4MzQ4NTF9.eOira49ow7kebuosiKf3S6OtBFS8o_FiSPuuKqm62Yw"}
response time: 308
response status: 200
response body: 
{"status":0,"data":[{"equipment":"IP地址"},{"equipment":"WORD"},{"equipment":"打印机"},{"equipment":"浏览器"},{"equipment":"电脑"},{"equipment":"电话"},{"equipment":"笔记本电脑"}]}
*************** response log end ***************

[2017-10-23 16:47:38.813] [INFO] resLogger - 
*************** response log start ***************
request method: GET
request originalUrl:  /api/equipType/list?token=eyJhbGciOiJIUzI1NiIsInR5cCI6IkpXVCJ9.eyJkYXRhIjp7ImlkIjoiMWFkODM2OTAtOGMxMC00MzM3LTk2MjktNWNmMmI4YTJhZjgwIiwibmFtZSI6ImFkbWluIiwiZ2VuZGVyIjp0cnVlLCJlbWFpbCI6IjM3ODMzODYyN0BxcS5jb20ifSwiaWF0IjoxNTA4NzQ4NDUxLCJleHAiOjE1MDg4MzQ4NTF9.eOira49ow7kebuosiKf3S6OtBFS8o_FiSPuuKqm62Yw
request client ip:  ::ffff:127.0.0.1
request query:  {"token":"eyJhbGciOiJIUzI1NiIsInR5cCI6IkpXVCJ9.eyJkYXRhIjp7ImlkIjoiMWFkODM2OTAtOGMxMC00MzM3LTk2MjktNWNmMmI4YTJhZjgwIiwibmFtZSI6ImFkbWluIiwiZ2VuZGVyIjp0cnVlLCJlbWFpbCI6IjM3ODMzODYyN0BxcS5jb20ifSwiaWF0IjoxNTA4NzQ4NDUxLCJleHAiOjE1MDg4MzQ4NTF9.eOira49ow7kebuosiKf3S6OtBFS8o_FiSPuuKqm62Yw"}
response time: 367
response status: 200
response body: 
{"status":0,"data":[{"name":"网络","code":"NETWORK","id":"a417b140-4b72-4a11-9b99-5cc42bf1a772","createdAt":1508374812008,"updatedAt":1508374812008,"version":0},{"name":"软件","code":"SOFTWARE","id":"be61829f-8bd4-4ed0-9a3b-381c9d057f34","createdAt":1508374811934,"updatedAt":1508374811934,"version":0},{"name":"硬件","code":"HARDWARE","id":"74a560e8-ae5f-4bdf-bbc4-e40b762d12c1","createdAt":1508374811810,"updatedAt":1508374811810,"version":0}]}
*************** response log end ***************

[2017-10-23 16:47:38.831] [INFO] resLogger - 
*************** response log start ***************
request method: GET
request originalUrl:  /api/equipOp/list?token=eyJhbGciOiJIUzI1NiIsInR5cCI6IkpXVCJ9.eyJkYXRhIjp7ImlkIjoiMWFkODM2OTAtOGMxMC00MzM3LTk2MjktNWNmMmI4YTJhZjgwIiwibmFtZSI6ImFkbWluIiwiZ2VuZGVyIjp0cnVlLCJlbWFpbCI6IjM3ODMzODYyN0BxcS5jb20ifSwiaWF0IjoxNTA4NzQ4NDUxLCJleHAiOjE1MDg4MzQ4NTF9.eOira49ow7kebuosiKf3S6OtBFS8o_FiSPuuKqm62Yw
request client ip:  ::ffff:127.0.0.1
request query:  {"token":"eyJhbGciOiJIUzI1NiIsInR5cCI6IkpXVCJ9.eyJkYXRhIjp7ImlkIjoiMWFkODM2OTAtOGMxMC00MzM3LTk2MjktNWNmMmI4YTJhZjgwIiwibmFtZSI6ImFkbWluIiwiZ2VuZGVyIjp0cnVlLCJlbWFpbCI6IjM3ODMzODYyN0BxcS5jb20ifSwiaWF0IjoxNTA4NzQ4NDUxLCJleHAiOjE1MDg4MzQ4NTF9.eOira49ow7kebuosiKf3S6OtBFS8o_FiSPuuKqm62Yw"}
response time: 376
response status: 200
response body: 
{"status":0,"data":[{"name":"设置","code":"SET","id":"773e6497-d957-4e19-81aa-c3d9080e6a75","createdAt":1508374812506,"updatedAt":1508374812506,"version":0},{"name":"冲突","code":"CT","id":"914383ca-bf41-4737-a984-9fde261288dd","createdAt":1508374812420,"updatedAt":1508374812420,"version":0},{"name":"无法开机","code":"NOTSTART","id":"c8473915-9681-4811-88cd-6b20157778e0","createdAt":1508374812341,"updatedAt":1508374812341,"version":0},{"name":"卸载","code":"UNINSTALL","id":"8a6772ed-fd61-4fca-9b8f-67d0bdf01e56","createdAt":1508374812273,"updatedAt":1508374812273,"version":0},{"name":"故障","code":"FIX","id":"dc16e5f0-e43b-4365-9ea0-474c51427aa8","createdAt":1508374812205,"updatedAt":1508374812205,"version":0},{"name":"安装","code":"SETUP","id":"7a08394e-be63-47bd-a171-901da0ee2590","createdAt":1508374812088,"updatedAt":1508374812088,"version":0}]}
*************** response log end ***************

[2017-10-23 16:47:38.933] [INFO] resLogger - 
*************** response log start ***************
request method: GET
request originalUrl:  /api/business/list/page/1?token=eyJhbGciOiJIUzI1NiIsInR5cCI6IkpXVCJ9.eyJkYXRhIjp7ImlkIjoiMWFkODM2OTAtOGMxMC00MzM3LTk2MjktNWNmMmI4YTJhZjgwIiwibmFtZSI6ImFkbWluIiwiZ2VuZGVyIjp0cnVlLCJlbWFpbCI6IjM3ODMzODYyN0BxcS5jb20ifSwiaWF0IjoxNTA4NzQ4NDUxLCJleHAiOjE1MDg4MzQ4NTF9.eOira49ow7kebuosiKf3S6OtBFS8o_FiSPuuKqm62Yw
request client ip:  ::ffff:127.0.0.1
request query:  {"token":"eyJhbGciOiJIUzI1NiIsInR5cCI6IkpXVCJ9.eyJkYXRhIjp7ImlkIjoiMWFkODM2OTAtOGMxMC00MzM3LTk2MjktNWNmMmI4YTJhZjgwIiwibmFtZSI6ImFkbWluIiwiZ2VuZGVyIjp0cnVlLCJlbWFpbCI6IjM3ODMzODYyN0BxcS5jb20ifSwiaWF0IjoxNTA4NzQ4NDUxLCJleHAiOjE1MDg4MzQ4NTF9.eOira49ow7kebuosiKf3S6OtBFS8o_FiSPuuKqm62Yw"}
response time: 285
response status: 200
response body: 
{"status":0,"data":[{"type":"HARDWARE","equipment":"笔记本电脑","operation":"FIX","weight":5,"remark":"","status":1,"id":"8abe825a-6967-473d-9510-6f0425cbc4ef","createdAt":1508374813791,"updatedAt":1508374813791,"version":0,"equipType":{"name":"硬件","code":"HARDWARE","id":"74a560e8-ae5f-4bdf-bbc4-e40b762d12c1","createdAt":1508374811810,"updatedAt":1508374811810,"version":0},"equipOp":{"name":"故障","code":"FIX","id":"dc16e5f0-e43b-4365-9ea0-474c51427aa8","createdAt":1508374812205,"updatedAt":1508374812205,"version":0}},{"type":"HARDWARE","equipment":"笔记本电脑","operation":"SETUP","weight":5,"remark":"","status":1,"id":"cd1a4c3a-43e0-4711-9fdd-ccf3968995aa","createdAt":1508374813680,"updatedAt":1508374813680,"version":0,"equipType":{"name":"硬件","code":"HARDWARE","id":"74a560e8-ae5f-4bdf-bbc4-e40b762d12c1","createdAt":1508374811810,"updatedAt":1508374811810,"version":0},"equipOp":{"name":"安装","code":"SETUP","id":"7a08394e-be63-47bd-a171-901da0ee2590","createdAt":1508374812088,"updatedAt":1508374812088,"version":0}},{"type":"HARDWARE","equipment":"笔记本电脑","operation":"NOTSTART","weight":5,"remark":"","status":1,"id":"7e40bcfa-53d2-488d-8b96-6c18f2814c44","createdAt":1508374813612,"updatedAt":1508374813612,"version":0,"equipType":{"name":"硬件","code":"HARDWARE","id":"74a560e8-ae5f-4bdf-bbc4-e40b762d12c1","createdAt":1508374811810,"updatedAt":1508374811810,"version":0},"equipOp":{"name":"无法开机","code":"NOTSTART","id":"c8473915-9681-4811-88cd-6b20157778e0","createdAt":1508374812341,"updatedAt":1508374812341,"version":0}},{"type":"HARDWARE","equipment":"电脑","operation":"SETUP","weight":5,"remark":"","status":1,"id":"f09bab9b-4664-4c71-9970-e3bc6a3681ed","createdAt":1508374813544,"updatedAt":1508374813544,"version":0,"equipType":{"name":"硬件","code":"HARDWARE","id":"74a560e8-ae5f-4bdf-bbc4-e40b762d12c1","createdAt":1508374811810,"updatedAt":1508374811810,"version":0},"equipOp":{"name":"安装","code":"SETUP","id":"7a08394e-be63-47bd-a171-901da0ee2590","createdAt":1508374812088,"updatedAt":1508374812088,"version":0}},{"type":"HARDWARE","equipment":"电脑","operation":"NOTSTART","weight":5,"remark":"","status":1,"id":"58c8e459-5109-4fa1-ae5d-82bfc87f9a6c","createdAt":1508374813460,"updatedAt":1508374813460,"version":0,"equipType":{"name":"硬件","code":"HARDWARE","id":"74a560e8-ae5f-4bdf-bbc4-e40b762d12c1","createdAt":1508374811810,"updatedAt":1508374811810,"version":0},"equipOp":{"name":"无法开机","code":"NOTSTART","id":"c8473915-9681-4811-88cd-6b20157778e0","createdAt":1508374812341,"updatedAt":1508374812341,"version":0}},{"type":"SOFTWARE","equipment":"WORD","operation":"FIX","weight":5,"remark":"","status":1,"id":"3df66888-78f6-45e7-872d-72a8144b8914","createdAt":1508374813390,"updatedAt":1508374813390,"version":0,"equipType":{"name":"软件","code":"SOFTWARE","id":"be61829f-8bd4-4ed0-9a3b-381c9d057f34","createdAt":1508374811934,"updatedAt":1508374811934,"version":0},"equipOp":{"name":"故障","code":"FIX","id":"dc16e5f0-e43b-4365-9ea0-474c51427aa8","createdAt":1508374812205,"updatedAt":1508374812205,"version":0}},{"type":"SOFTWARE","equipment":"WORD","operation":"SETUP","weight":5,"remark":"","status":1,"id":"e29498d8-cb85-4226-b96d-8e510313a7a1","createdAt":1508374813314,"updatedAt":1508374813314,"version":0,"equipType":{"name":"软件","code":"SOFTWARE","id":"be61829f-8bd4-4ed0-9a3b-381c9d057f34","createdAt":1508374811934,"updatedAt":1508374811934,"version":0},"equipOp":{"name":"安装","code":"SETUP","id":"7a08394e-be63-47bd-a171-901da0ee2590","createdAt":1508374812088,"updatedAt":1508374812088,"version":0}},{"type":"NETWORK","equipment":"IP地址","operation":"SET","weight":5,"remark":"","status":1,"id":"50e30a3a-934a-4e94-bf9d-03797fdf3130","createdAt":1508374813229,"updatedAt":1508374813229,"version":0,"equipType":{"name":"网络","code":"NETWORK","id":"a417b140-4b72-4a11-9b99-5cc42bf1a772","createdAt":1508374812008,"updatedAt":1508374812008,"version":0},"equipOp":{"name":"设置","code":"SET","id":"773e6497-d957-4e19-81aa-c3d9080e6a75","createdAt":1508374812506,"updatedAt":1508374812506,"version":0}},{"type":"NETWORK","equipment":"IP地址","operation":"CT","weight":5,"remark":"","status":1,"id":"149b1875-e7d6-4814-a64e-14e2faa96e1f","createdAt":1508374813141,"updatedAt":1508374813141,"version":0,"equipType":{"name":"网络","code":"NETWORK","id":"a417b140-4b72-4a11-9b99-5cc42bf1a772","createdAt":1508374812008,"updatedAt":1508374812008,"version":0},"equipOp":{"name":"冲突","code":"CT","id":"914383ca-bf41-4737-a984-9fde261288dd","createdAt":1508374812420,"updatedAt":1508374812420,"version":0}},{"type":"SOFTWARE","equipment":"浏览器","operation":"FIX","weight":5,"remark":"","status":1,"id":"bc87556d-588c-422e-8344-6b03272c51d7","createdAt":1508374813038,"updatedAt":1508374813038,"version":0,"equipType":{"name":"软件","code":"SOFTWARE","id":"be61829f-8bd4-4ed0-9a3b-381c9d057f34","createdAt":1508374811934,"updatedAt":1508374811934,"version":0},"equipOp":{"name":"故障","code":"FIX","id":"dc16e5f0-e43b-4365-9ea0-474c51427aa8","createdAt":1508374812205,"updatedAt":1508374812205,"version":0}}],"total":15}
*************** response log end ***************

[2017-10-23 16:47:45.877] [INFO] resLogger - 
*************** response log start ***************
request method: GET
request originalUrl:  /api/user/?token=undefined
request client ip:  ::ffff:127.0.0.1
request query:  {"token":"undefined"}
response time: 7
response status: 200
response body: 
{"name":"jwtError","status":10003,"message":"身份验证错误！"}
*************** response log end ***************

[2017-10-23 16:47:45.925] [INFO] resLogger - 
*************** response log start ***************
request method: GET
request originalUrl:  /api/order/list/page/1?token=undefined
request client ip:  ::ffff:127.0.0.1
request query:  {"token":"undefined"}
response time: 6
response status: 200
response body: 
{"name":"jwtError","status":10003,"message":"身份验证错误！"}
*************** response log end ***************

[2017-10-23 16:58:09.509] [INFO] resLogger - 
*************** response log start ***************
request method: OPTIONS
request originalUrl:  /api/user/login
request client ip:  ::ffff:127.0.0.1
request body: 
{}
response time: 2
response status: 204
response body: 
undefined
*************** response log end ***************

[2017-10-23 16:58:09.810] [INFO] resLogger - 
*************** response log start ***************
request method: POST
request originalUrl:  /api/user/login
request client ip:  ::ffff:127.0.0.1
request body: 
{"username":"admin","password":"admin"}
response time: 295
response status: 200
response body: 
{"status":0,"data":{"name":"admin","email":"378338627@qq.com","phone":"15822927208","password":"$2a$10$FTTsr0P8vHgxEtFTs7FTHuLS9EEEL34CkH.wE8UDet0MdQ7Hs4l5e","gender":true,"token":"eyJhbGciOiJIUzI1NiIsInR5cCI6IkpXVCJ9.eyJkYXRhIjp7ImlkIjoiMWFkODM2OTAtOGMxMC00MzM3LTk2MjktNWNmMmI4YTJhZjgwIiwibmFtZSI6ImFkbWluIiwiZ2VuZGVyIjp0cnVlLCJlbWFpbCI6IjM3ODMzODYyN0BxcS5jb20ifSwiaWF0IjoxNTA4NzQ5MDg5LCJleHAiOjE1MDg4MzU0ODl9.YtuRaVmNxcw9P3uNJ-ruKR3GYnnVzdkudh5aFKiUyAk","canLogin":true,"status":1,"id":"1ad83690-8c10-4337-9629-5cf2b8a2af80","createdAt":1508374808809,"updatedAt":1508749089730,"version":32},"message":"登录成功！"}
*************** response log end ***************

[2017-10-23 16:58:11.973] [INFO] resLogger - 
*************** response log start ***************
request method: GET
request originalUrl:  /api/user/?token=eyJhbGciOiJIUzI1NiIsInR5cCI6IkpXVCJ9.eyJkYXRhIjp7ImlkIjoiMWFkODM2OTAtOGMxMC00MzM3LTk2MjktNWNmMmI4YTJhZjgwIiwibmFtZSI6ImFkbWluIiwiZ2VuZGVyIjp0cnVlLCJlbWFpbCI6IjM3ODMzODYyN0BxcS5jb20ifSwiaWF0IjoxNTA4NzQ5MDg5LCJleHAiOjE1MDg4MzU0ODl9.YtuRaVmNxcw9P3uNJ-ruKR3GYnnVzdkudh5aFKiUyAk
request client ip:  ::ffff:127.0.0.1
request query:  {"token":"eyJhbGciOiJIUzI1NiIsInR5cCI6IkpXVCJ9.eyJkYXRhIjp7ImlkIjoiMWFkODM2OTAtOGMxMC00MzM3LTk2MjktNWNmMmI4YTJhZjgwIiwibmFtZSI6ImFkbWluIiwiZ2VuZGVyIjp0cnVlLCJlbWFpbCI6IjM3ODMzODYyN0BxcS5jb20ifSwiaWF0IjoxNTA4NzQ5MDg5LCJleHAiOjE1MDg4MzU0ODl9.YtuRaVmNxcw9P3uNJ-ruKR3GYnnVzdkudh5aFKiUyAk"}
response time: 75
response status: 200
response body: 
{"status":0,"data":{"name":"admin","email":"378338627@qq.com","phone":"15822927208","password":"$2a$10$FTTsr0P8vHgxEtFTs7FTHuLS9EEEL34CkH.wE8UDet0MdQ7Hs4l5e","gender":true,"token":"eyJhbGciOiJIUzI1NiIsInR5cCI6IkpXVCJ9.eyJkYXRhIjp7ImlkIjoiMWFkODM2OTAtOGMxMC00MzM3LTk2MjktNWNmMmI4YTJhZjgwIiwibmFtZSI6ImFkbWluIiwiZ2VuZGVyIjp0cnVlLCJlbWFpbCI6IjM3ODMzODYyN0BxcS5jb20ifSwiaWF0IjoxNTA4NzQ5MDg5LCJleHAiOjE1MDg4MzU0ODl9.YtuRaVmNxcw9P3uNJ-ruKR3GYnnVzdkudh5aFKiUyAk","canLogin":true,"status":1,"id":"1ad83690-8c10-4337-9629-5cf2b8a2af80","createdAt":1508374808809,"updatedAt":1508749089730,"version":32}}
*************** response log end ***************

[2017-10-23 16:58:14.642] [INFO] resLogger - 
*************** response log start ***************
request method: GET
request originalUrl:  /api/user/?token=eyJhbGciOiJIUzI1NiIsInR5cCI6IkpXVCJ9.eyJkYXRhIjp7ImlkIjoiMWFkODM2OTAtOGMxMC00MzM3LTk2MjktNWNmMmI4YTJhZjgwIiwibmFtZSI6ImFkbWluIiwiZ2VuZGVyIjp0cnVlLCJlbWFpbCI6IjM3ODMzODYyN0BxcS5jb20ifSwiaWF0IjoxNTA4NzQ5MDg5LCJleHAiOjE1MDg4MzU0ODl9.YtuRaVmNxcw9P3uNJ-ruKR3GYnnVzdkudh5aFKiUyAk
request client ip:  ::ffff:127.0.0.1
request query:  {"token":"eyJhbGciOiJIUzI1NiIsInR5cCI6IkpXVCJ9.eyJkYXRhIjp7ImlkIjoiMWFkODM2OTAtOGMxMC00MzM3LTk2MjktNWNmMmI4YTJhZjgwIiwibmFtZSI6ImFkbWluIiwiZ2VuZGVyIjp0cnVlLCJlbWFpbCI6IjM3ODMzODYyN0BxcS5jb20ifSwiaWF0IjoxNTA4NzQ5MDg5LCJleHAiOjE1MDg4MzU0ODl9.YtuRaVmNxcw9P3uNJ-ruKR3GYnnVzdkudh5aFKiUyAk"}
response time: 45
response status: 200
response body: 
{"status":0,"data":{"name":"admin","email":"378338627@qq.com","phone":"15822927208","password":"$2a$10$FTTsr0P8vHgxEtFTs7FTHuLS9EEEL34CkH.wE8UDet0MdQ7Hs4l5e","gender":true,"token":"eyJhbGciOiJIUzI1NiIsInR5cCI6IkpXVCJ9.eyJkYXRhIjp7ImlkIjoiMWFkODM2OTAtOGMxMC00MzM3LTk2MjktNWNmMmI4YTJhZjgwIiwibmFtZSI6ImFkbWluIiwiZ2VuZGVyIjp0cnVlLCJlbWFpbCI6IjM3ODMzODYyN0BxcS5jb20ifSwiaWF0IjoxNTA4NzQ5MDg5LCJleHAiOjE1MDg4MzU0ODl9.YtuRaVmNxcw9P3uNJ-ruKR3GYnnVzdkudh5aFKiUyAk","canLogin":true,"status":1,"id":"1ad83690-8c10-4337-9629-5cf2b8a2af80","createdAt":1508374808809,"updatedAt":1508749089730,"version":32}}
*************** response log end ***************

[2017-10-23 16:58:16.696] [INFO] resLogger - 
*************** response log start ***************
request method: GET
request originalUrl:  /api/user/?token=eyJhbGciOiJIUzI1NiIsInR5cCI6IkpXVCJ9.eyJkYXRhIjp7ImlkIjoiMWFkODM2OTAtOGMxMC00MzM3LTk2MjktNWNmMmI4YTJhZjgwIiwibmFtZSI6ImFkbWluIiwiZ2VuZGVyIjp0cnVlLCJlbWFpbCI6IjM3ODMzODYyN0BxcS5jb20ifSwiaWF0IjoxNTA4NzQ5MDg5LCJleHAiOjE1MDg4MzU0ODl9.YtuRaVmNxcw9P3uNJ-ruKR3GYnnVzdkudh5aFKiUyAk
request client ip:  ::ffff:127.0.0.1
request query:  {"token":"eyJhbGciOiJIUzI1NiIsInR5cCI6IkpXVCJ9.eyJkYXRhIjp7ImlkIjoiMWFkODM2OTAtOGMxMC00MzM3LTk2MjktNWNmMmI4YTJhZjgwIiwibmFtZSI6ImFkbWluIiwiZ2VuZGVyIjp0cnVlLCJlbWFpbCI6IjM3ODMzODYyN0BxcS5jb20ifSwiaWF0IjoxNTA4NzQ5MDg5LCJleHAiOjE1MDg4MzU0ODl9.YtuRaVmNxcw9P3uNJ-ruKR3GYnnVzdkudh5aFKiUyAk"}
response time: 68
response status: 200
response body: 
{"status":0,"data":{"name":"admin","email":"378338627@qq.com","phone":"15822927208","password":"$2a$10$FTTsr0P8vHgxEtFTs7FTHuLS9EEEL34CkH.wE8UDet0MdQ7Hs4l5e","gender":true,"token":"eyJhbGciOiJIUzI1NiIsInR5cCI6IkpXVCJ9.eyJkYXRhIjp7ImlkIjoiMWFkODM2OTAtOGMxMC00MzM3LTk2MjktNWNmMmI4YTJhZjgwIiwibmFtZSI6ImFkbWluIiwiZ2VuZGVyIjp0cnVlLCJlbWFpbCI6IjM3ODMzODYyN0BxcS5jb20ifSwiaWF0IjoxNTA4NzQ5MDg5LCJleHAiOjE1MDg4MzU0ODl9.YtuRaVmNxcw9P3uNJ-ruKR3GYnnVzdkudh5aFKiUyAk","canLogin":true,"status":1,"id":"1ad83690-8c10-4337-9629-5cf2b8a2af80","createdAt":1508374808809,"updatedAt":1508749089730,"version":32}}
*************** response log end ***************

[2017-10-23 16:58:16.797] [INFO] resLogger - 
*************** response log start ***************
request method: GET
request originalUrl:  /api/business/getequip/get?token=eyJhbGciOiJIUzI1NiIsInR5cCI6IkpXVCJ9.eyJkYXRhIjp7ImlkIjoiMWFkODM2OTAtOGMxMC00MzM3LTk2MjktNWNmMmI4YTJhZjgwIiwibmFtZSI6ImFkbWluIiwiZ2VuZGVyIjp0cnVlLCJlbWFpbCI6IjM3ODMzODYyN0BxcS5jb20ifSwiaWF0IjoxNTA4NzQ5MDg5LCJleHAiOjE1MDg4MzU0ODl9.YtuRaVmNxcw9P3uNJ-ruKR3GYnnVzdkudh5aFKiUyAk
request client ip:  ::ffff:127.0.0.1
request query:  {"token":"eyJhbGciOiJIUzI1NiIsInR5cCI6IkpXVCJ9.eyJkYXRhIjp7ImlkIjoiMWFkODM2OTAtOGMxMC00MzM3LTk2MjktNWNmMmI4YTJhZjgwIiwibmFtZSI6ImFkbWluIiwiZ2VuZGVyIjp0cnVlLCJlbWFpbCI6IjM3ODMzODYyN0BxcS5jb20ifSwiaWF0IjoxNTA4NzQ5MDg5LCJleHAiOjE1MDg4MzU0ODl9.YtuRaVmNxcw9P3uNJ-ruKR3GYnnVzdkudh5aFKiUyAk"}
response time: 76
response status: 200
response body: 
{"status":0,"data":[{"equipment":"IP地址"},{"equipment":"WORD"},{"equipment":"打印机"},{"equipment":"浏览器"},{"equipment":"电脑"},{"equipment":"电话"},{"equipment":"笔记本电脑"}]}
*************** response log end ***************

[2017-10-23 16:58:16.960] [INFO] resLogger - 
*************** response log start ***************
request method: GET
request originalUrl:  /api/equipType/list?token=eyJhbGciOiJIUzI1NiIsInR5cCI6IkpXVCJ9.eyJkYXRhIjp7ImlkIjoiMWFkODM2OTAtOGMxMC00MzM3LTk2MjktNWNmMmI4YTJhZjgwIiwibmFtZSI6ImFkbWluIiwiZ2VuZGVyIjp0cnVlLCJlbWFpbCI6IjM3ODMzODYyN0BxcS5jb20ifSwiaWF0IjoxNTA4NzQ5MDg5LCJleHAiOjE1MDg4MzU0ODl9.YtuRaVmNxcw9P3uNJ-ruKR3GYnnVzdkudh5aFKiUyAk
request client ip:  ::ffff:127.0.0.1
request query:  {"token":"eyJhbGciOiJIUzI1NiIsInR5cCI6IkpXVCJ9.eyJkYXRhIjp7ImlkIjoiMWFkODM2OTAtOGMxMC00MzM3LTk2MjktNWNmMmI4YTJhZjgwIiwibmFtZSI6ImFkbWluIiwiZ2VuZGVyIjp0cnVlLCJlbWFpbCI6IjM3ODMzODYyN0BxcS5jb20ifSwiaWF0IjoxNTA4NzQ5MDg5LCJleHAiOjE1MDg4MzU0ODl9.YtuRaVmNxcw9P3uNJ-ruKR3GYnnVzdkudh5aFKiUyAk"}
response time: 161
response status: 200
response body: 
{"status":0,"data":[{"name":"网络","code":"NETWORK","id":"a417b140-4b72-4a11-9b99-5cc42bf1a772","createdAt":1508374812008,"updatedAt":1508374812008,"version":0},{"name":"软件","code":"SOFTWARE","id":"be61829f-8bd4-4ed0-9a3b-381c9d057f34","createdAt":1508374811934,"updatedAt":1508374811934,"version":0},{"name":"硬件","code":"HARDWARE","id":"74a560e8-ae5f-4bdf-bbc4-e40b762d12c1","createdAt":1508374811810,"updatedAt":1508374811810,"version":0}]}
*************** response log end ***************

[2017-10-23 16:58:17.067] [INFO] resLogger - 
*************** response log start ***************
request method: GET
request originalUrl:  /api/equipOp/list?token=eyJhbGciOiJIUzI1NiIsInR5cCI6IkpXVCJ9.eyJkYXRhIjp7ImlkIjoiMWFkODM2OTAtOGMxMC00MzM3LTk2MjktNWNmMmI4YTJhZjgwIiwibmFtZSI6ImFkbWluIiwiZ2VuZGVyIjp0cnVlLCJlbWFpbCI6IjM3ODMzODYyN0BxcS5jb20ifSwiaWF0IjoxNTA4NzQ5MDg5LCJleHAiOjE1MDg4MzU0ODl9.YtuRaVmNxcw9P3uNJ-ruKR3GYnnVzdkudh5aFKiUyAk
request client ip:  ::ffff:127.0.0.1
request query:  {"token":"eyJhbGciOiJIUzI1NiIsInR5cCI6IkpXVCJ9.eyJkYXRhIjp7ImlkIjoiMWFkODM2OTAtOGMxMC00MzM3LTk2MjktNWNmMmI4YTJhZjgwIiwibmFtZSI6ImFkbWluIiwiZ2VuZGVyIjp0cnVlLCJlbWFpbCI6IjM3ODMzODYyN0BxcS5jb20ifSwiaWF0IjoxNTA4NzQ5MDg5LCJleHAiOjE1MDg4MzU0ODl9.YtuRaVmNxcw9P3uNJ-ruKR3GYnnVzdkudh5aFKiUyAk"}
response time: 224
response status: 200
response body: 
{"status":0,"data":[{"name":"设置","code":"SET","id":"773e6497-d957-4e19-81aa-c3d9080e6a75","createdAt":1508374812506,"updatedAt":1508374812506,"version":0},{"name":"冲突","code":"CT","id":"914383ca-bf41-4737-a984-9fde261288dd","createdAt":1508374812420,"updatedAt":1508374812420,"version":0},{"name":"无法开机","code":"NOTSTART","id":"c8473915-9681-4811-88cd-6b20157778e0","createdAt":1508374812341,"updatedAt":1508374812341,"version":0},{"name":"卸载","code":"UNINSTALL","id":"8a6772ed-fd61-4fca-9b8f-67d0bdf01e56","createdAt":1508374812273,"updatedAt":1508374812273,"version":0},{"name":"故障","code":"FIX","id":"dc16e5f0-e43b-4365-9ea0-474c51427aa8","createdAt":1508374812205,"updatedAt":1508374812205,"version":0},{"name":"安装","code":"SETUP","id":"7a08394e-be63-47bd-a171-901da0ee2590","createdAt":1508374812088,"updatedAt":1508374812088,"version":0}]}
*************** response log end ***************

[2017-10-23 16:58:17.104] [INFO] resLogger - 
*************** response log start ***************
request method: GET
request originalUrl:  /api/business/list/page/1?token=eyJhbGciOiJIUzI1NiIsInR5cCI6IkpXVCJ9.eyJkYXRhIjp7ImlkIjoiMWFkODM2OTAtOGMxMC00MzM3LTk2MjktNWNmMmI4YTJhZjgwIiwibmFtZSI6ImFkbWluIiwiZ2VuZGVyIjp0cnVlLCJlbWFpbCI6IjM3ODMzODYyN0BxcS5jb20ifSwiaWF0IjoxNTA4NzQ5MDg5LCJleHAiOjE1MDg4MzU0ODl9.YtuRaVmNxcw9P3uNJ-ruKR3GYnnVzdkudh5aFKiUyAk
request client ip:  ::ffff:127.0.0.1
request query:  {"token":"eyJhbGciOiJIUzI1NiIsInR5cCI6IkpXVCJ9.eyJkYXRhIjp7ImlkIjoiMWFkODM2OTAtOGMxMC00MzM3LTk2MjktNWNmMmI4YTJhZjgwIiwibmFtZSI6ImFkbWluIiwiZ2VuZGVyIjp0cnVlLCJlbWFpbCI6IjM3ODMzODYyN0BxcS5jb20ifSwiaWF0IjoxNTA4NzQ5MDg5LCJleHAiOjE1MDg4MzU0ODl9.YtuRaVmNxcw9P3uNJ-ruKR3GYnnVzdkudh5aFKiUyAk"}
response time: 243
response status: 200
response body: 
{"status":0,"data":[{"type":"HARDWARE","equipment":"笔记本电脑","operation":"FIX","weight":5,"remark":"","status":1,"id":"8abe825a-6967-473d-9510-6f0425cbc4ef","createdAt":1508374813791,"updatedAt":1508374813791,"version":0,"equipType":{"name":"硬件","code":"HARDWARE","id":"74a560e8-ae5f-4bdf-bbc4-e40b762d12c1","createdAt":1508374811810,"updatedAt":1508374811810,"version":0},"equipOp":{"name":"故障","code":"FIX","id":"dc16e5f0-e43b-4365-9ea0-474c51427aa8","createdAt":1508374812205,"updatedAt":1508374812205,"version":0}},{"type":"HARDWARE","equipment":"笔记本电脑","operation":"SETUP","weight":5,"remark":"","status":1,"id":"cd1a4c3a-43e0-4711-9fdd-ccf3968995aa","createdAt":1508374813680,"updatedAt":1508374813680,"version":0,"equipType":{"name":"硬件","code":"HARDWARE","id":"74a560e8-ae5f-4bdf-bbc4-e40b762d12c1","createdAt":1508374811810,"updatedAt":1508374811810,"version":0},"equipOp":{"name":"安装","code":"SETUP","id":"7a08394e-be63-47bd-a171-901da0ee2590","createdAt":1508374812088,"updatedAt":1508374812088,"version":0}},{"type":"HARDWARE","equipment":"笔记本电脑","operation":"NOTSTART","weight":5,"remark":"","status":1,"id":"7e40bcfa-53d2-488d-8b96-6c18f2814c44","createdAt":1508374813612,"updatedAt":1508374813612,"version":0,"equipType":{"name":"硬件","code":"HARDWARE","id":"74a560e8-ae5f-4bdf-bbc4-e40b762d12c1","createdAt":1508374811810,"updatedAt":1508374811810,"version":0},"equipOp":{"name":"无法开机","code":"NOTSTART","id":"c8473915-9681-4811-88cd-6b20157778e0","createdAt":1508374812341,"updatedAt":1508374812341,"version":0}},{"type":"HARDWARE","equipment":"电脑","operation":"SETUP","weight":5,"remark":"","status":1,"id":"f09bab9b-4664-4c71-9970-e3bc6a3681ed","createdAt":1508374813544,"updatedAt":1508374813544,"version":0,"equipType":{"name":"硬件","code":"HARDWARE","id":"74a560e8-ae5f-4bdf-bbc4-e40b762d12c1","createdAt":1508374811810,"updatedAt":1508374811810,"version":0},"equipOp":{"name":"安装","code":"SETUP","id":"7a08394e-be63-47bd-a171-901da0ee2590","createdAt":1508374812088,"updatedAt":1508374812088,"version":0}},{"type":"HARDWARE","equipment":"电脑","operation":"NOTSTART","weight":5,"remark":"","status":1,"id":"58c8e459-5109-4fa1-ae5d-82bfc87f9a6c","createdAt":1508374813460,"updatedAt":1508374813460,"version":0,"equipType":{"name":"硬件","code":"HARDWARE","id":"74a560e8-ae5f-4bdf-bbc4-e40b762d12c1","createdAt":1508374811810,"updatedAt":1508374811810,"version":0},"equipOp":{"name":"无法开机","code":"NOTSTART","id":"c8473915-9681-4811-88cd-6b20157778e0","createdAt":1508374812341,"updatedAt":1508374812341,"version":0}},{"type":"SOFTWARE","equipment":"WORD","operation":"FIX","weight":5,"remark":"","status":1,"id":"3df66888-78f6-45e7-872d-72a8144b8914","createdAt":1508374813390,"updatedAt":1508374813390,"version":0,"equipType":{"name":"软件","code":"SOFTWARE","id":"be61829f-8bd4-4ed0-9a3b-381c9d057f34","createdAt":1508374811934,"updatedAt":1508374811934,"version":0},"equipOp":{"name":"故障","code":"FIX","id":"dc16e5f0-e43b-4365-9ea0-474c51427aa8","createdAt":1508374812205,"updatedAt":1508374812205,"version":0}},{"type":"SOFTWARE","equipment":"WORD","operation":"SETUP","weight":5,"remark":"","status":1,"id":"e29498d8-cb85-4226-b96d-8e510313a7a1","createdAt":1508374813314,"updatedAt":1508374813314,"version":0,"equipType":{"name":"软件","code":"SOFTWARE","id":"be61829f-8bd4-4ed0-9a3b-381c9d057f34","createdAt":1508374811934,"updatedAt":1508374811934,"version":0},"equipOp":{"name":"安装","code":"SETUP","id":"7a08394e-be63-47bd-a171-901da0ee2590","createdAt":1508374812088,"updatedAt":1508374812088,"version":0}},{"type":"NETWORK","equipment":"IP地址","operation":"SET","weight":5,"remark":"","status":1,"id":"50e30a3a-934a-4e94-bf9d-03797fdf3130","createdAt":1508374813229,"updatedAt":1508374813229,"version":0,"equipType":{"name":"网络","code":"NETWORK","id":"a417b140-4b72-4a11-9b99-5cc42bf1a772","createdAt":1508374812008,"updatedAt":1508374812008,"version":0},"equipOp":{"name":"设置","code":"SET","id":"773e6497-d957-4e19-81aa-c3d9080e6a75","createdAt":1508374812506,"updatedAt":1508374812506,"version":0}},{"type":"NETWORK","equipment":"IP地址","operation":"CT","weight":5,"remark":"","status":1,"id":"149b1875-e7d6-4814-a64e-14e2faa96e1f","createdAt":1508374813141,"updatedAt":1508374813141,"version":0,"equipType":{"name":"网络","code":"NETWORK","id":"a417b140-4b72-4a11-9b99-5cc42bf1a772","createdAt":1508374812008,"updatedAt":1508374812008,"version":0},"equipOp":{"name":"冲突","code":"CT","id":"914383ca-bf41-4737-a984-9fde261288dd","createdAt":1508374812420,"updatedAt":1508374812420,"version":0}},{"type":"SOFTWARE","equipment":"浏览器","operation":"FIX","weight":5,"remark":"","status":1,"id":"bc87556d-588c-422e-8344-6b03272c51d7","createdAt":1508374813038,"updatedAt":1508374813038,"version":0,"equipType":{"name":"软件","code":"SOFTWARE","id":"be61829f-8bd4-4ed0-9a3b-381c9d057f34","createdAt":1508374811934,"updatedAt":1508374811934,"version":0},"equipOp":{"name":"故障","code":"FIX","id":"dc16e5f0-e43b-4365-9ea0-474c51427aa8","createdAt":1508374812205,"updatedAt":1508374812205,"version":0}}],"total":15}
*************** response log end ***************

[2017-10-23 16:58:25.759] [INFO] resLogger - 
*************** response log start ***************
request method: GET
request originalUrl:  /api/user/?token=undefined
request client ip:  ::ffff:127.0.0.1
request query:  {"token":"undefined"}
response time: 10
response status: 200
response body: 
{"name":"jwtError","status":10003,"message":"身份验证错误！"}
*************** response log end ***************

