[2018-01-25 10:20:39.648] [INFO] resLogger - 
*************** response log start ***************
request method: GET
request originalUrl:  /api/user/?token=eyJhbGciOiJIUzI1NiIsInR5cCI6IkpXVCJ9.eyJkYXRhIjp7ImlkIjoiMDU3MjBlNmUtZWJlMy00MDM2LWI1NzUtZmYxZmEwYzZjYjM4IiwibmFtZSI6ImFkbWluIiwiZ2VuZGVyIjp0cnVlLCJlbWFpbCI6IjM3ODMzODYyN0BxcS5jb20ifSwiaWF0IjoxNTE2Njc0MzYzLCJleHAiOjE1MTY3NjA3NjN9.EL7Gm-COQI-q0UEDLM2MXFbqkSLISY3GvQQaOEWQF3M
request client ip:  ::ffff:127.0.0.1
request query:  {"token":"eyJhbGciOiJIUzI1NiIsInR5cCI6IkpXVCJ9.eyJkYXRhIjp7ImlkIjoiMDU3MjBlNmUtZWJlMy00MDM2LWI1NzUtZmYxZmEwYzZjYjM4IiwibmFtZSI6ImFkbWluIiwiZ2VuZGVyIjp0cnVlLCJlbWFpbCI6IjM3ODMzODYyN0BxcS5jb20ifSwiaWF0IjoxNTE2Njc0MzYzLCJleHAiOjE1MTY3NjA3NjN9.EL7Gm-COQI-q0UEDLM2MXFbqkSLISY3GvQQaOEWQF3M"}
response time: 69
response status: 200
response body: 
{"name":"jwtError","status":10003,"message":"身份验证错误！"}
*************** response log end ***************

[2018-01-25 10:32:31.326] [INFO] resLogger - 
*************** response log start ***************
request method: OPTIONS
request originalUrl:  /api/user/login
request client ip:  ::ffff:127.0.0.1
request body: 
{}
response time: 2
response status: 204
response body: 
undefined
*************** response log end ***************

[2018-01-25 10:32:33.346] [INFO] resLogger - 
*************** response log start ***************
request method: POST
request originalUrl:  /api/user/login
request client ip:  ::ffff:127.0.0.1
request body: 
{"username":"admin","password":"admin"}
response time: 1622
response status: 200
response body: 
{"status":0,"data":{"name":"admin","email":"378338627@qq.com","phone":"15822927208","password":"$2a$10$VyablxSj3RZzn1GUovVQ8OEwoecfFVxOaujG.ZkQfMEJSfktDgAVS","gender":true,"token":"eyJhbGciOiJIUzI1NiIsInR5cCI6IkpXVCJ9.eyJkYXRhIjp7ImlkIjoiNmQxZTEwMDAtZTdkYy00OTMwLWEwZTEtYzhhZTY4MDk2ODk0IiwibmFtZSI6ImFkbWluIiwiZ2VuZGVyIjp0cnVlLCJlbWFpbCI6IjM3ODMzODYyN0BxcS5jb20ifSwiaWF0IjoxNTE2ODQ3NTUyLCJleHAiOjE1MTY5MzM5NTJ9.BUG8yJbWo9xUwgjL4d8IuenEMmLU1_lz5DPTr5DyDdY","canLogin":true,"status":1,"id":"6d1e1000-e7dc-4930-a0e1-c8ae68096894","createdAt":1515545366160,"updatedAt":1516847552842,"version":2},"message":"登录成功！"}
*************** response log end ***************

[2018-01-25 10:32:35.415] [INFO] resLogger - 
*************** response log start ***************
request method: GET
request originalUrl:  /api/user/?token=eyJhbGciOiJIUzI1NiIsInR5cCI6IkpXVCJ9.eyJkYXRhIjp7ImlkIjoiNmQxZTEwMDAtZTdkYy00OTMwLWEwZTEtYzhhZTY4MDk2ODk0IiwibmFtZSI6ImFkbWluIiwiZ2VuZGVyIjp0cnVlLCJlbWFpbCI6IjM3ODMzODYyN0BxcS5jb20ifSwiaWF0IjoxNTE2ODQ3NTUyLCJleHAiOjE1MTY5MzM5NTJ9.BUG8yJbWo9xUwgjL4d8IuenEMmLU1_lz5DPTr5DyDdY
request client ip:  ::ffff:127.0.0.1
request query:  {"token":"eyJhbGciOiJIUzI1NiIsInR5cCI6IkpXVCJ9.eyJkYXRhIjp7ImlkIjoiNmQxZTEwMDAtZTdkYy00OTMwLWEwZTEtYzhhZTY4MDk2ODk0IiwibmFtZSI6ImFkbWluIiwiZ2VuZGVyIjp0cnVlLCJlbWFpbCI6IjM3ODMzODYyN0BxcS5jb20ifSwiaWF0IjoxNTE2ODQ3NTUyLCJleHAiOjE1MTY5MzM5NTJ9.BUG8yJbWo9xUwgjL4d8IuenEMmLU1_lz5DPTr5DyDdY"}
response time: 44
response status: 200
response body: 
{"status":0,"data":{"name":"admin","email":"378338627@qq.com","phone":"15822927208","password":"$2a$10$VyablxSj3RZzn1GUovVQ8OEwoecfFVxOaujG.ZkQfMEJSfktDgAVS","gender":true,"token":"eyJhbGciOiJIUzI1NiIsInR5cCI6IkpXVCJ9.eyJkYXRhIjp7ImlkIjoiNmQxZTEwMDAtZTdkYy00OTMwLWEwZTEtYzhhZTY4MDk2ODk0IiwibmFtZSI6ImFkbWluIiwiZ2VuZGVyIjp0cnVlLCJlbWFpbCI6IjM3ODMzODYyN0BxcS5jb20ifSwiaWF0IjoxNTE2ODQ3NTUyLCJleHAiOjE1MTY5MzM5NTJ9.BUG8yJbWo9xUwgjL4d8IuenEMmLU1_lz5DPTr5DyDdY","canLogin":true,"status":1,"id":"6d1e1000-e7dc-4930-a0e1-c8ae68096894","createdAt":1515545366160,"updatedAt":1516847552842,"version":2}}
*************** response log end ***************

[2018-01-25 10:32:36.870] [INFO] resLogger - 
*************** response log start ***************
request method: GET
request originalUrl:  /api/operation/list/time/1516847555476?token=eyJhbGciOiJIUzI1NiIsInR5cCI6IkpXVCJ9.eyJkYXRhIjp7ImlkIjoiNmQxZTEwMDAtZTdkYy00OTMwLWEwZTEtYzhhZTY4MDk2ODk0IiwibmFtZSI6ImFkbWluIiwiZ2VuZGVyIjp0cnVlLCJlbWFpbCI6IjM3ODMzODYyN0BxcS5jb20ifSwiaWF0IjoxNTE2ODQ3NTUyLCJleHAiOjE1MTY5MzM5NTJ9.BUG8yJbWo9xUwgjL4d8IuenEMmLU1_lz5DPTr5DyDdY
request client ip:  ::ffff:127.0.0.1
request query:  {"token":"eyJhbGciOiJIUzI1NiIsInR5cCI6IkpXVCJ9.eyJkYXRhIjp7ImlkIjoiNmQxZTEwMDAtZTdkYy00OTMwLWEwZTEtYzhhZTY4MDk2ODk0IiwibmFtZSI6ImFkbWluIiwiZ2VuZGVyIjp0cnVlLCJlbWFpbCI6IjM3ODMzODYyN0BxcS5jb20ifSwiaWF0IjoxNTE2ODQ3NTUyLCJleHAiOjE1MTY5MzM5NTJ9.BUG8yJbWo9xUwgjL4d8IuenEMmLU1_lz5DPTr5DyDdY"}
response time: 1351
response status: 200
response body: 
{"status":0,"data":[]}
*************** response log end ***************

[2018-01-25 10:32:36.875] [INFO] resLogger - 
*************** response log start ***************
request method: GET
request originalUrl:  /api/operation/list_month_worker_time/time/1516847555485?token=eyJhbGciOiJIUzI1NiIsInR5cCI6IkpXVCJ9.eyJkYXRhIjp7ImlkIjoiNmQxZTEwMDAtZTdkYy00OTMwLWEwZTEtYzhhZTY4MDk2ODk0IiwibmFtZSI6ImFkbWluIiwiZ2VuZGVyIjp0cnVlLCJlbWFpbCI6IjM3ODMzODYyN0BxcS5jb20ifSwiaWF0IjoxNTE2ODQ3NTUyLCJleHAiOjE1MTY5MzM5NTJ9.BUG8yJbWo9xUwgjL4d8IuenEMmLU1_lz5DPTr5DyDdY
request client ip:  ::ffff:127.0.0.1
request query:  {"token":"eyJhbGciOiJIUzI1NiIsInR5cCI6IkpXVCJ9.eyJkYXRhIjp7ImlkIjoiNmQxZTEwMDAtZTdkYy00OTMwLWEwZTEtYzhhZTY4MDk2ODk0IiwibmFtZSI6ImFkbWluIiwiZ2VuZGVyIjp0cnVlLCJlbWFpbCI6IjM3ODMzODYyN0BxcS5jb20ifSwiaWF0IjoxNTE2ODQ3NTUyLCJleHAiOjE1MTY5MzM5NTJ9.BUG8yJbWo9xUwgjL4d8IuenEMmLU1_lz5DPTr5DyDdY"}
response time: 898
response status: 200
response body: 
{"status":0,"data":[{"user":"张赫","count":9623000},{"user":"朱亚亮","count":5400000}]}
*************** response log end ***************

[2018-01-25 10:32:36.989] [INFO] resLogger - 
*************** response log start ***************
request method: GET
request originalUrl:  /api/operation/list_week/time/1516847555483?token=eyJhbGciOiJIUzI1NiIsInR5cCI6IkpXVCJ9.eyJkYXRhIjp7ImlkIjoiNmQxZTEwMDAtZTdkYy00OTMwLWEwZTEtYzhhZTY4MDk2ODk0IiwibmFtZSI6ImFkbWluIiwiZ2VuZGVyIjp0cnVlLCJlbWFpbCI6IjM3ODMzODYyN0BxcS5jb20ifSwiaWF0IjoxNTE2ODQ3NTUyLCJleHAiOjE1MTY5MzM5NTJ9.BUG8yJbWo9xUwgjL4d8IuenEMmLU1_lz5DPTr5DyDdY
request client ip:  ::ffff:127.0.0.1
request query:  {"token":"eyJhbGciOiJIUzI1NiIsInR5cCI6IkpXVCJ9.eyJkYXRhIjp7ImlkIjoiNmQxZTEwMDAtZTdkYy00OTMwLWEwZTEtYzhhZTY4MDk2ODk0IiwibmFtZSI6ImFkbWluIiwiZ2VuZGVyIjp0cnVlLCJlbWFpbCI6IjM3ODMzODYyN0BxcS5jb20ifSwiaWF0IjoxNTE2ODQ3NTUyLCJleHAiOjE1MTY5MzM5NTJ9.BUG8yJbWo9xUwgjL4d8IuenEMmLU1_lz5DPTr5DyDdY"}
response time: 1081
response status: 200
response body: 
{"status":0,"data":[{"days":"20180122","count":0,"weekname":"星期一"},{"days":"20180123","count":0,"weekname":"星期二"},{"days":"20180124","count":0,"weekname":"星期三"},{"days":"20180125","count":0,"weekname":"星期四"},{"days":"20180126","count":0,"weekname":"星期五"},{"days":"20180127","count":0,"weekname":"星期六"},{"days":"20180128","count":0,"weekname":"星期日"}]}
*************** response log end ***************

[2018-01-25 10:32:37.008] [INFO] resLogger - 
*************** response log start ***************
request method: GET
request originalUrl:  /api/operation/list_month_worker/time/1516847555484?token=eyJhbGciOiJIUzI1NiIsInR5cCI6IkpXVCJ9.eyJkYXRhIjp7ImlkIjoiNmQxZTEwMDAtZTdkYy00OTMwLWEwZTEtYzhhZTY4MDk2ODk0IiwibmFtZSI6ImFkbWluIiwiZ2VuZGVyIjp0cnVlLCJlbWFpbCI6IjM3ODMzODYyN0BxcS5jb20ifSwiaWF0IjoxNTE2ODQ3NTUyLCJleHAiOjE1MTY5MzM5NTJ9.BUG8yJbWo9xUwgjL4d8IuenEMmLU1_lz5DPTr5DyDdY
request client ip:  ::ffff:127.0.0.1
request query:  {"token":"eyJhbGciOiJIUzI1NiIsInR5cCI6IkpXVCJ9.eyJkYXRhIjp7ImlkIjoiNmQxZTEwMDAtZTdkYy00OTMwLWEwZTEtYzhhZTY4MDk2ODk0IiwibmFtZSI6ImFkbWluIiwiZ2VuZGVyIjp0cnVlLCJlbWFpbCI6IjM3ODMzODYyN0BxcS5jb20ifSwiaWF0IjoxNTE2ODQ3NTUyLCJleHAiOjE1MTY5MzM5NTJ9.BUG8yJbWo9xUwgjL4d8IuenEMmLU1_lz5DPTr5DyDdY"}
response time: 1071
response status: 200
response body: 
{"status":0,"data":[{"user":"张赫","count":2}]}
*************** response log end ***************

[2018-01-25 10:32:37.047] [INFO] resLogger - 
*************** response log start ***************
request method: GET
request originalUrl:  /api/action/list/time/1516847555481?token=eyJhbGciOiJIUzI1NiIsInR5cCI6IkpXVCJ9.eyJkYXRhIjp7ImlkIjoiNmQxZTEwMDAtZTdkYy00OTMwLWEwZTEtYzhhZTY4MDk2ODk0IiwibmFtZSI6ImFkbWluIiwiZ2VuZGVyIjp0cnVlLCJlbWFpbCI6IjM3ODMzODYyN0BxcS5jb20ifSwiaWF0IjoxNTE2ODQ3NTUyLCJleHAiOjE1MTY5MzM5NTJ9.BUG8yJbWo9xUwgjL4d8IuenEMmLU1_lz5DPTr5DyDdY
request client ip:  ::ffff:127.0.0.1
request query:  {"token":"eyJhbGciOiJIUzI1NiIsInR5cCI6IkpXVCJ9.eyJkYXRhIjp7ImlkIjoiNmQxZTEwMDAtZTdkYy00OTMwLWEwZTEtYzhhZTY4MDk2ODk0IiwibmFtZSI6ImFkbWluIiwiZ2VuZGVyIjp0cnVlLCJlbWFpbCI6IjM3ODMzODYyN0BxcS5jb20ifSwiaWF0IjoxNTE2ODQ3NTUyLCJleHAiOjE1MTY5MzM5NTJ9.BUG8yJbWo9xUwgjL4d8IuenEMmLU1_lz5DPTr5DyDdY"}
response time: 1179
response status: 200
response body: 
{"status":0,"data":[]}
*************** response log end ***************

[2018-01-25 10:32:42.248] [INFO] resLogger - 
*************** response log start ***************
request method: GET
request originalUrl:  /api/operation/list_month/time/1516847562185?token=eyJhbGciOiJIUzI1NiIsInR5cCI6IkpXVCJ9.eyJkYXRhIjp7ImlkIjoiNmQxZTEwMDAtZTdkYy00OTMwLWEwZTEtYzhhZTY4MDk2ODk0IiwibmFtZSI6ImFkbWluIiwiZ2VuZGVyIjp0cnVlLCJlbWFpbCI6IjM3ODMzODYyN0BxcS5jb20ifSwiaWF0IjoxNTE2ODQ3NTUyLCJleHAiOjE1MTY5MzM5NTJ9.BUG8yJbWo9xUwgjL4d8IuenEMmLU1_lz5DPTr5DyDdY
request client ip:  ::ffff:127.0.0.1
request query:  {"token":"eyJhbGciOiJIUzI1NiIsInR5cCI6IkpXVCJ9.eyJkYXRhIjp7ImlkIjoiNmQxZTEwMDAtZTdkYy00OTMwLWEwZTEtYzhhZTY4MDk2ODk0IiwibmFtZSI6ImFkbWluIiwiZ2VuZGVyIjp0cnVlLCJlbWFpbCI6IjM3ODMzODYyN0BxcS5jb20ifSwiaWF0IjoxNTE2ODQ3NTUyLCJleHAiOjE1MTY5MzM5NTJ9.BUG8yJbWo9xUwgjL4d8IuenEMmLU1_lz5DPTr5DyDdY"}
response time: 47
response status: 200
response body: 
{"status":0,"data":[{"days":"20180101","count":0,"monthname":"1号"},{"days":"20180102","count":0,"monthname":"2号"},{"days":"20180103","count":0,"monthname":"3号"},{"days":"20180104","count":0,"monthname":"4号"},{"days":"20180105","count":0,"monthname":"5号"},{"days":"20180106","count":0,"monthname":"6号"},{"days":"20180107","count":0,"monthname":"7号"},{"days":"20180108","count":0,"monthname":"8号"},{"days":"20180109","count":1,"monthname":"9号"},{"days":"20180110","count":0,"monthname":"10号"},{"days":"20180111","count":0,"monthname":"11号"},{"days":"20180112","count":0,"monthname":"12号"},{"days":"20180113","count":0,"monthname":"13号"},{"days":"20180114","count":0,"monthname":"14号"},{"days":"20180115","count":0,"monthname":"15号"},{"days":"20180116","count":0,"monthname":"16号"},{"days":"20180117","count":0,"monthname":"17号"},{"days":"20180118","count":0,"monthname":"18号"},{"days":"20180119","count":0,"monthname":"19号"},{"days":"20180120","count":0,"monthname":"20号"},{"days":"20180121","count":0,"monthname":"21号"},{"days":"20180122","count":0,"monthname":"22号"},{"days":"20180123","count":0,"monthname":"23号"},{"days":"20180124","count":0,"monthname":"24号"},{"days":"20180125","count":0,"monthname":"25号"}]}
*************** response log end ***************

[2018-01-25 10:32:46.417] [INFO] resLogger - 
*************** response log start ***************
request method: GET
request originalUrl:  /api/operation/list_week/time/1516847566353?token=eyJhbGciOiJIUzI1NiIsInR5cCI6IkpXVCJ9.eyJkYXRhIjp7ImlkIjoiNmQxZTEwMDAtZTdkYy00OTMwLWEwZTEtYzhhZTY4MDk2ODk0IiwibmFtZSI6ImFkbWluIiwiZ2VuZGVyIjp0cnVlLCJlbWFpbCI6IjM3ODMzODYyN0BxcS5jb20ifSwiaWF0IjoxNTE2ODQ3NTUyLCJleHAiOjE1MTY5MzM5NTJ9.BUG8yJbWo9xUwgjL4d8IuenEMmLU1_lz5DPTr5DyDdY
request client ip:  ::ffff:127.0.0.1
request query:  {"token":"eyJhbGciOiJIUzI1NiIsInR5cCI6IkpXVCJ9.eyJkYXRhIjp7ImlkIjoiNmQxZTEwMDAtZTdkYy00OTMwLWEwZTEtYzhhZTY4MDk2ODk0IiwibmFtZSI6ImFkbWluIiwiZ2VuZGVyIjp0cnVlLCJlbWFpbCI6IjM3ODMzODYyN0BxcS5jb20ifSwiaWF0IjoxNTE2ODQ3NTUyLCJleHAiOjE1MTY5MzM5NTJ9.BUG8yJbWo9xUwgjL4d8IuenEMmLU1_lz5DPTr5DyDdY"}
response time: 59
response status: 200
response body: 
{"status":0,"data":[{"days":"20180122","count":0,"weekname":"星期一"},{"days":"20180123","count":0,"weekname":"星期二"},{"days":"20180124","count":0,"weekname":"星期三"},{"days":"20180125","count":0,"weekname":"星期四"},{"days":"20180126","count":0,"weekname":"星期五"},{"days":"20180127","count":0,"weekname":"星期六"},{"days":"20180128","count":0,"weekname":"星期日"}]}
*************** response log end ***************

