[2017-08-27 23:03:49.120] [INFO] resLogger - 
*************** response log start ***************
request method: GET
request originalUrl:  /api/user/?token=eyJhbGciOiJIUzI1NiIsInR5cCI6IkpXVCJ9.eyJkYXRhIjp7ImlkIjoiZDBkNzE0NDctZjc2Zi00NDZmLTg2N2MtMDg3NTAwMTlhMDE2IiwibmFtZSI6ImFkbWluIiwiZ2VuZGVyIjp0cnVlLCJlbWFpbCI6IjM3ODMzODYyN0BxcS5jb20ifSwiaWF0IjoxNTAzODQwMjk2LCJleHAiOjE1MDM5MjY2OTZ9.nONZOMWXimWGyiqa5gcTOTyD0RoLtPGQ3uEsKyK-m8M
request client ip:  ::ffff:127.0.0.1
request query:  {"token":"eyJhbGciOiJIUzI1NiIsInR5cCI6IkpXVCJ9.eyJkYXRhIjp7ImlkIjoiZDBkNzE0NDctZjc2Zi00NDZmLTg2N2MtMDg3NTAwMTlhMDE2IiwibmFtZSI6ImFkbWluIiwiZ2VuZGVyIjp0cnVlLCJlbWFpbCI6IjM3ODMzODYyN0BxcS5jb20ifSwiaWF0IjoxNTAzODQwMjk2LCJleHAiOjE1MDM5MjY2OTZ9.nONZOMWXimWGyiqa5gcTOTyD0RoLtPGQ3uEsKyK-m8M"}
response time: 165
response status: 200
response body: 
{"status":0,"data":{"name":"admin","email":"378338627@qq.com","phone":"15822927208","password":"$2a$10$gC8KbRA6pMCVvD2irCuZb.dsh57qd88OwLfukMSQEnDY0Set3L81i","gender":true,"token":"eyJhbGciOiJIUzI1NiIsInR5cCI6IkpXVCJ9.eyJkYXRhIjp7ImlkIjoiZDBkNzE0NDctZjc2Zi00NDZmLTg2N2MtMDg3NTAwMTlhMDE2IiwibmFtZSI6ImFkbWluIiwiZ2VuZGVyIjp0cnVlLCJlbWFpbCI6IjM3ODMzODYyN0BxcS5jb20ifSwiaWF0IjoxNTAzODQwMjk2LCJleHAiOjE1MDM5MjY2OTZ9.nONZOMWXimWGyiqa5gcTOTyD0RoLtPGQ3uEsKyK-m8M","canLogin":true,"status":1,"id":"d0d71447-f76f-446f-867c-08750019a016","createdAt":1503625702903,"updatedAt":1503840296309,"version":2}}
*************** response log end ***************

[2017-08-27 23:04:17.797] [INFO] resLogger - 
*************** response log start ***************
request method: GET
request originalUrl:  /api/user/?token=eyJhbGciOiJIUzI1NiIsInR5cCI6IkpXVCJ9.eyJkYXRhIjp7ImlkIjoiZDBkNzE0NDctZjc2Zi00NDZmLTg2N2MtMDg3NTAwMTlhMDE2IiwibmFtZSI6ImFkbWluIiwiZ2VuZGVyIjp0cnVlLCJlbWFpbCI6IjM3ODMzODYyN0BxcS5jb20ifSwiaWF0IjoxNTAzODQwMjk2LCJleHAiOjE1MDM5MjY2OTZ9.nONZOMWXimWGyiqa5gcTOTyD0RoLtPGQ3uEsKyK-m8M
request client ip:  ::ffff:127.0.0.1
request query:  {"token":"eyJhbGciOiJIUzI1NiIsInR5cCI6IkpXVCJ9.eyJkYXRhIjp7ImlkIjoiZDBkNzE0NDctZjc2Zi00NDZmLTg2N2MtMDg3NTAwMTlhMDE2IiwibmFtZSI6ImFkbWluIiwiZ2VuZGVyIjp0cnVlLCJlbWFpbCI6IjM3ODMzODYyN0BxcS5jb20ifSwiaWF0IjoxNTAzODQwMjk2LCJleHAiOjE1MDM5MjY2OTZ9.nONZOMWXimWGyiqa5gcTOTyD0RoLtPGQ3uEsKyK-m8M"}
response time: 103
response status: 200
response body: 
{"status":0,"data":{"name":"admin","email":"378338627@qq.com","phone":"15822927208","password":"$2a$10$gC8KbRA6pMCVvD2irCuZb.dsh57qd88OwLfukMSQEnDY0Set3L81i","gender":true,"token":"eyJhbGciOiJIUzI1NiIsInR5cCI6IkpXVCJ9.eyJkYXRhIjp7ImlkIjoiZDBkNzE0NDctZjc2Zi00NDZmLTg2N2MtMDg3NTAwMTlhMDE2IiwibmFtZSI6ImFkbWluIiwiZ2VuZGVyIjp0cnVlLCJlbWFpbCI6IjM3ODMzODYyN0BxcS5jb20ifSwiaWF0IjoxNTAzODQwMjk2LCJleHAiOjE1MDM5MjY2OTZ9.nONZOMWXimWGyiqa5gcTOTyD0RoLtPGQ3uEsKyK-m8M","canLogin":true,"status":1,"id":"d0d71447-f76f-446f-867c-08750019a016","createdAt":1503625702903,"updatedAt":1503840296309,"version":2}}
*************** response log end ***************

[2017-08-27 23:05:09.839] [INFO] resLogger - 
*************** response log start ***************
request method: GET
request originalUrl:  /api/user/?token=eyJhbGciOiJIUzI1NiIsInR5cCI6IkpXVCJ9.eyJkYXRhIjp7ImlkIjoiZDBkNzE0NDctZjc2Zi00NDZmLTg2N2MtMDg3NTAwMTlhMDE2IiwibmFtZSI6ImFkbWluIiwiZ2VuZGVyIjp0cnVlLCJlbWFpbCI6IjM3ODMzODYyN0BxcS5jb20ifSwiaWF0IjoxNTAzODQwMjk2LCJleHAiOjE1MDM5MjY2OTZ9.nONZOMWXimWGyiqa5gcTOTyD0RoLtPGQ3uEsKyK-m8M
request client ip:  ::ffff:127.0.0.1
request query:  {"token":"eyJhbGciOiJIUzI1NiIsInR5cCI6IkpXVCJ9.eyJkYXRhIjp7ImlkIjoiZDBkNzE0NDctZjc2Zi00NDZmLTg2N2MtMDg3NTAwMTlhMDE2IiwibmFtZSI6ImFkbWluIiwiZ2VuZGVyIjp0cnVlLCJlbWFpbCI6IjM3ODMzODYyN0BxcS5jb20ifSwiaWF0IjoxNTAzODQwMjk2LCJleHAiOjE1MDM5MjY2OTZ9.nONZOMWXimWGyiqa5gcTOTyD0RoLtPGQ3uEsKyK-m8M"}
response time: 108
response status: 200
response body: 
{"status":0,"data":{"name":"admin","email":"378338627@qq.com","phone":"15822927208","password":"$2a$10$gC8KbRA6pMCVvD2irCuZb.dsh57qd88OwLfukMSQEnDY0Set3L81i","gender":true,"token":"eyJhbGciOiJIUzI1NiIsInR5cCI6IkpXVCJ9.eyJkYXRhIjp7ImlkIjoiZDBkNzE0NDctZjc2Zi00NDZmLTg2N2MtMDg3NTAwMTlhMDE2IiwibmFtZSI6ImFkbWluIiwiZ2VuZGVyIjp0cnVlLCJlbWFpbCI6IjM3ODMzODYyN0BxcS5jb20ifSwiaWF0IjoxNTAzODQwMjk2LCJleHAiOjE1MDM5MjY2OTZ9.nONZOMWXimWGyiqa5gcTOTyD0RoLtPGQ3uEsKyK-m8M","canLogin":true,"status":1,"id":"d0d71447-f76f-446f-867c-08750019a016","createdAt":1503625702903,"updatedAt":1503840296309,"version":2}}
*************** response log end ***************

[2017-08-27 23:05:38.004] [INFO] resLogger - 
*************** response log start ***************
request method: GET
request originalUrl:  /api/user/?token=eyJhbGciOiJIUzI1NiIsInR5cCI6IkpXVCJ9.eyJkYXRhIjp7ImlkIjoiZDBkNzE0NDctZjc2Zi00NDZmLTg2N2MtMDg3NTAwMTlhMDE2IiwibmFtZSI6ImFkbWluIiwiZ2VuZGVyIjp0cnVlLCJlbWFpbCI6IjM3ODMzODYyN0BxcS5jb20ifSwiaWF0IjoxNTAzODQwMjk2LCJleHAiOjE1MDM5MjY2OTZ9.nONZOMWXimWGyiqa5gcTOTyD0RoLtPGQ3uEsKyK-m8M
request client ip:  ::ffff:127.0.0.1
request query:  {"token":"eyJhbGciOiJIUzI1NiIsInR5cCI6IkpXVCJ9.eyJkYXRhIjp7ImlkIjoiZDBkNzE0NDctZjc2Zi00NDZmLTg2N2MtMDg3NTAwMTlhMDE2IiwibmFtZSI6ImFkbWluIiwiZ2VuZGVyIjp0cnVlLCJlbWFpbCI6IjM3ODMzODYyN0BxcS5jb20ifSwiaWF0IjoxNTAzODQwMjk2LCJleHAiOjE1MDM5MjY2OTZ9.nONZOMWXimWGyiqa5gcTOTyD0RoLtPGQ3uEsKyK-m8M"}
response time: 128
response status: 200
response body: 
{"status":0,"data":{"name":"admin","email":"378338627@qq.com","phone":"15822927208","password":"$2a$10$gC8KbRA6pMCVvD2irCuZb.dsh57qd88OwLfukMSQEnDY0Set3L81i","gender":true,"token":"eyJhbGciOiJIUzI1NiIsInR5cCI6IkpXVCJ9.eyJkYXRhIjp7ImlkIjoiZDBkNzE0NDctZjc2Zi00NDZmLTg2N2MtMDg3NTAwMTlhMDE2IiwibmFtZSI6ImFkbWluIiwiZ2VuZGVyIjp0cnVlLCJlbWFpbCI6IjM3ODMzODYyN0BxcS5jb20ifSwiaWF0IjoxNTAzODQwMjk2LCJleHAiOjE1MDM5MjY2OTZ9.nONZOMWXimWGyiqa5gcTOTyD0RoLtPGQ3uEsKyK-m8M","canLogin":true,"status":1,"id":"d0d71447-f76f-446f-867c-08750019a016","createdAt":1503625702903,"updatedAt":1503840296309,"version":2}}
*************** response log end ***************

[2017-08-27 23:06:20.795] [INFO] resLogger - 
*************** response log start ***************
request method: GET
request originalUrl:  /api/user/?token=eyJhbGciOiJIUzI1NiIsInR5cCI6IkpXVCJ9.eyJkYXRhIjp7ImlkIjoiZDBkNzE0NDctZjc2Zi00NDZmLTg2N2MtMDg3NTAwMTlhMDE2IiwibmFtZSI6ImFkbWluIiwiZ2VuZGVyIjp0cnVlLCJlbWFpbCI6IjM3ODMzODYyN0BxcS5jb20ifSwiaWF0IjoxNTAzODQwMjk2LCJleHAiOjE1MDM5MjY2OTZ9.nONZOMWXimWGyiqa5gcTOTyD0RoLtPGQ3uEsKyK-m8M
request client ip:  ::ffff:127.0.0.1
request query:  {"token":"eyJhbGciOiJIUzI1NiIsInR5cCI6IkpXVCJ9.eyJkYXRhIjp7ImlkIjoiZDBkNzE0NDctZjc2Zi00NDZmLTg2N2MtMDg3NTAwMTlhMDE2IiwibmFtZSI6ImFkbWluIiwiZ2VuZGVyIjp0cnVlLCJlbWFpbCI6IjM3ODMzODYyN0BxcS5jb20ifSwiaWF0IjoxNTAzODQwMjk2LCJleHAiOjE1MDM5MjY2OTZ9.nONZOMWXimWGyiqa5gcTOTyD0RoLtPGQ3uEsKyK-m8M"}
response time: 117
response status: 200
response body: 
{"status":0,"data":{"name":"admin","email":"378338627@qq.com","phone":"15822927208","password":"$2a$10$gC8KbRA6pMCVvD2irCuZb.dsh57qd88OwLfukMSQEnDY0Set3L81i","gender":true,"token":"eyJhbGciOiJIUzI1NiIsInR5cCI6IkpXVCJ9.eyJkYXRhIjp7ImlkIjoiZDBkNzE0NDctZjc2Zi00NDZmLTg2N2MtMDg3NTAwMTlhMDE2IiwibmFtZSI6ImFkbWluIiwiZ2VuZGVyIjp0cnVlLCJlbWFpbCI6IjM3ODMzODYyN0BxcS5jb20ifSwiaWF0IjoxNTAzODQwMjk2LCJleHAiOjE1MDM5MjY2OTZ9.nONZOMWXimWGyiqa5gcTOTyD0RoLtPGQ3uEsKyK-m8M","canLogin":true,"status":1,"id":"d0d71447-f76f-446f-867c-08750019a016","createdAt":1503625702903,"updatedAt":1503840296309,"version":2}}
*************** response log end ***************

[2017-08-27 23:06:52.747] [INFO] resLogger - 
*************** response log start ***************
request method: GET
request originalUrl:  /api/user/?token=eyJhbGciOiJIUzI1NiIsInR5cCI6IkpXVCJ9.eyJkYXRhIjp7ImlkIjoiZDBkNzE0NDctZjc2Zi00NDZmLTg2N2MtMDg3NTAwMTlhMDE2IiwibmFtZSI6ImFkbWluIiwiZ2VuZGVyIjp0cnVlLCJlbWFpbCI6IjM3ODMzODYyN0BxcS5jb20ifSwiaWF0IjoxNTAzODQwMjk2LCJleHAiOjE1MDM5MjY2OTZ9.nONZOMWXimWGyiqa5gcTOTyD0RoLtPGQ3uEsKyK-m8M
request client ip:  ::ffff:127.0.0.1
request query:  {"token":"eyJhbGciOiJIUzI1NiIsInR5cCI6IkpXVCJ9.eyJkYXRhIjp7ImlkIjoiZDBkNzE0NDctZjc2Zi00NDZmLTg2N2MtMDg3NTAwMTlhMDE2IiwibmFtZSI6ImFkbWluIiwiZ2VuZGVyIjp0cnVlLCJlbWFpbCI6IjM3ODMzODYyN0BxcS5jb20ifSwiaWF0IjoxNTAzODQwMjk2LCJleHAiOjE1MDM5MjY2OTZ9.nONZOMWXimWGyiqa5gcTOTyD0RoLtPGQ3uEsKyK-m8M"}
response time: 123
response status: 200
response body: 
{"status":0,"data":{"name":"admin","email":"378338627@qq.com","phone":"15822927208","password":"$2a$10$gC8KbRA6pMCVvD2irCuZb.dsh57qd88OwLfukMSQEnDY0Set3L81i","gender":true,"token":"eyJhbGciOiJIUzI1NiIsInR5cCI6IkpXVCJ9.eyJkYXRhIjp7ImlkIjoiZDBkNzE0NDctZjc2Zi00NDZmLTg2N2MtMDg3NTAwMTlhMDE2IiwibmFtZSI6ImFkbWluIiwiZ2VuZGVyIjp0cnVlLCJlbWFpbCI6IjM3ODMzODYyN0BxcS5jb20ifSwiaWF0IjoxNTAzODQwMjk2LCJleHAiOjE1MDM5MjY2OTZ9.nONZOMWXimWGyiqa5gcTOTyD0RoLtPGQ3uEsKyK-m8M","canLogin":true,"status":1,"id":"d0d71447-f76f-446f-867c-08750019a016","createdAt":1503625702903,"updatedAt":1503840296309,"version":2}}
*************** response log end ***************

[2017-08-27 23:07:16.949] [INFO] resLogger - 
*************** response log start ***************
request method: GET
request originalUrl:  /api/user/?token=eyJhbGciOiJIUzI1NiIsInR5cCI6IkpXVCJ9.eyJkYXRhIjp7ImlkIjoiZDBkNzE0NDctZjc2Zi00NDZmLTg2N2MtMDg3NTAwMTlhMDE2IiwibmFtZSI6ImFkbWluIiwiZ2VuZGVyIjp0cnVlLCJlbWFpbCI6IjM3ODMzODYyN0BxcS5jb20ifSwiaWF0IjoxNTAzODQwMjk2LCJleHAiOjE1MDM5MjY2OTZ9.nONZOMWXimWGyiqa5gcTOTyD0RoLtPGQ3uEsKyK-m8M
request client ip:  ::ffff:127.0.0.1
request query:  {"token":"eyJhbGciOiJIUzI1NiIsInR5cCI6IkpXVCJ9.eyJkYXRhIjp7ImlkIjoiZDBkNzE0NDctZjc2Zi00NDZmLTg2N2MtMDg3NTAwMTlhMDE2IiwibmFtZSI6ImFkbWluIiwiZ2VuZGVyIjp0cnVlLCJlbWFpbCI6IjM3ODMzODYyN0BxcS5jb20ifSwiaWF0IjoxNTAzODQwMjk2LCJleHAiOjE1MDM5MjY2OTZ9.nONZOMWXimWGyiqa5gcTOTyD0RoLtPGQ3uEsKyK-m8M"}
response time: 96
response status: 200
response body: 
{"status":0,"data":{"name":"admin","email":"378338627@qq.com","phone":"15822927208","password":"$2a$10$gC8KbRA6pMCVvD2irCuZb.dsh57qd88OwLfukMSQEnDY0Set3L81i","gender":true,"token":"eyJhbGciOiJIUzI1NiIsInR5cCI6IkpXVCJ9.eyJkYXRhIjp7ImlkIjoiZDBkNzE0NDctZjc2Zi00NDZmLTg2N2MtMDg3NTAwMTlhMDE2IiwibmFtZSI6ImFkbWluIiwiZ2VuZGVyIjp0cnVlLCJlbWFpbCI6IjM3ODMzODYyN0BxcS5jb20ifSwiaWF0IjoxNTAzODQwMjk2LCJleHAiOjE1MDM5MjY2OTZ9.nONZOMWXimWGyiqa5gcTOTyD0RoLtPGQ3uEsKyK-m8M","canLogin":true,"status":1,"id":"d0d71447-f76f-446f-867c-08750019a016","createdAt":1503625702903,"updatedAt":1503840296309,"version":2}}
*************** response log end ***************

[2017-08-27 23:07:34.948] [INFO] resLogger - 
*************** response log start ***************
request method: GET
request originalUrl:  /api/user/?token=eyJhbGciOiJIUzI1NiIsInR5cCI6IkpXVCJ9.eyJkYXRhIjp7ImlkIjoiZDBkNzE0NDctZjc2Zi00NDZmLTg2N2MtMDg3NTAwMTlhMDE2IiwibmFtZSI6ImFkbWluIiwiZ2VuZGVyIjp0cnVlLCJlbWFpbCI6IjM3ODMzODYyN0BxcS5jb20ifSwiaWF0IjoxNTAzODQwMjk2LCJleHAiOjE1MDM5MjY2OTZ9.nONZOMWXimWGyiqa5gcTOTyD0RoLtPGQ3uEsKyK-m8M
request client ip:  ::ffff:127.0.0.1
request query:  {"token":"eyJhbGciOiJIUzI1NiIsInR5cCI6IkpXVCJ9.eyJkYXRhIjp7ImlkIjoiZDBkNzE0NDctZjc2Zi00NDZmLTg2N2MtMDg3NTAwMTlhMDE2IiwibmFtZSI6ImFkbWluIiwiZ2VuZGVyIjp0cnVlLCJlbWFpbCI6IjM3ODMzODYyN0BxcS5jb20ifSwiaWF0IjoxNTAzODQwMjk2LCJleHAiOjE1MDM5MjY2OTZ9.nONZOMWXimWGyiqa5gcTOTyD0RoLtPGQ3uEsKyK-m8M"}
response time: 107
response status: 200
response body: 
{"status":0,"data":{"name":"admin","email":"378338627@qq.com","phone":"15822927208","password":"$2a$10$gC8KbRA6pMCVvD2irCuZb.dsh57qd88OwLfukMSQEnDY0Set3L81i","gender":true,"token":"eyJhbGciOiJIUzI1NiIsInR5cCI6IkpXVCJ9.eyJkYXRhIjp7ImlkIjoiZDBkNzE0NDctZjc2Zi00NDZmLTg2N2MtMDg3NTAwMTlhMDE2IiwibmFtZSI6ImFkbWluIiwiZ2VuZGVyIjp0cnVlLCJlbWFpbCI6IjM3ODMzODYyN0BxcS5jb20ifSwiaWF0IjoxNTAzODQwMjk2LCJleHAiOjE1MDM5MjY2OTZ9.nONZOMWXimWGyiqa5gcTOTyD0RoLtPGQ3uEsKyK-m8M","canLogin":true,"status":1,"id":"d0d71447-f76f-446f-867c-08750019a016","createdAt":1503625702903,"updatedAt":1503840296309,"version":2}}
*************** response log end ***************

[2017-08-27 23:07:59.521] [INFO] resLogger - 
*************** response log start ***************
request method: GET
request originalUrl:  /api/user/?token=eyJhbGciOiJIUzI1NiIsInR5cCI6IkpXVCJ9.eyJkYXRhIjp7ImlkIjoiZDBkNzE0NDctZjc2Zi00NDZmLTg2N2MtMDg3NTAwMTlhMDE2IiwibmFtZSI6ImFkbWluIiwiZ2VuZGVyIjp0cnVlLCJlbWFpbCI6IjM3ODMzODYyN0BxcS5jb20ifSwiaWF0IjoxNTAzODQwMjk2LCJleHAiOjE1MDM5MjY2OTZ9.nONZOMWXimWGyiqa5gcTOTyD0RoLtPGQ3uEsKyK-m8M
request client ip:  ::ffff:127.0.0.1
request query:  {"token":"eyJhbGciOiJIUzI1NiIsInR5cCI6IkpXVCJ9.eyJkYXRhIjp7ImlkIjoiZDBkNzE0NDctZjc2Zi00NDZmLTg2N2MtMDg3NTAwMTlhMDE2IiwibmFtZSI6ImFkbWluIiwiZ2VuZGVyIjp0cnVlLCJlbWFpbCI6IjM3ODMzODYyN0BxcS5jb20ifSwiaWF0IjoxNTAzODQwMjk2LCJleHAiOjE1MDM5MjY2OTZ9.nONZOMWXimWGyiqa5gcTOTyD0RoLtPGQ3uEsKyK-m8M"}
response time: 165
response status: 200
response body: 
{"status":0,"data":{"name":"admin","email":"378338627@qq.com","phone":"15822927208","password":"$2a$10$gC8KbRA6pMCVvD2irCuZb.dsh57qd88OwLfukMSQEnDY0Set3L81i","gender":true,"token":"eyJhbGciOiJIUzI1NiIsInR5cCI6IkpXVCJ9.eyJkYXRhIjp7ImlkIjoiZDBkNzE0NDctZjc2Zi00NDZmLTg2N2MtMDg3NTAwMTlhMDE2IiwibmFtZSI6ImFkbWluIiwiZ2VuZGVyIjp0cnVlLCJlbWFpbCI6IjM3ODMzODYyN0BxcS5jb20ifSwiaWF0IjoxNTAzODQwMjk2LCJleHAiOjE1MDM5MjY2OTZ9.nONZOMWXimWGyiqa5gcTOTyD0RoLtPGQ3uEsKyK-m8M","canLogin":true,"status":1,"id":"d0d71447-f76f-446f-867c-08750019a016","createdAt":1503625702903,"updatedAt":1503840296309,"version":2}}
*************** response log end ***************

[2017-08-27 23:08:11.647] [INFO] resLogger - 
*************** response log start ***************
request method: GET
request originalUrl:  /api/user/?token=eyJhbGciOiJIUzI1NiIsInR5cCI6IkpXVCJ9.eyJkYXRhIjp7ImlkIjoiZDBkNzE0NDctZjc2Zi00NDZmLTg2N2MtMDg3NTAwMTlhMDE2IiwibmFtZSI6ImFkbWluIiwiZ2VuZGVyIjp0cnVlLCJlbWFpbCI6IjM3ODMzODYyN0BxcS5jb20ifSwiaWF0IjoxNTAzODQwMjk2LCJleHAiOjE1MDM5MjY2OTZ9.nONZOMWXimWGyiqa5gcTOTyD0RoLtPGQ3uEsKyK-m8M
request client ip:  ::ffff:127.0.0.1
request query:  {"token":"eyJhbGciOiJIUzI1NiIsInR5cCI6IkpXVCJ9.eyJkYXRhIjp7ImlkIjoiZDBkNzE0NDctZjc2Zi00NDZmLTg2N2MtMDg3NTAwMTlhMDE2IiwibmFtZSI6ImFkbWluIiwiZ2VuZGVyIjp0cnVlLCJlbWFpbCI6IjM3ODMzODYyN0BxcS5jb20ifSwiaWF0IjoxNTAzODQwMjk2LCJleHAiOjE1MDM5MjY2OTZ9.nONZOMWXimWGyiqa5gcTOTyD0RoLtPGQ3uEsKyK-m8M"}
response time: 108
response status: 200
response body: 
{"status":0,"data":{"name":"admin","email":"378338627@qq.com","phone":"15822927208","password":"$2a$10$gC8KbRA6pMCVvD2irCuZb.dsh57qd88OwLfukMSQEnDY0Set3L81i","gender":true,"token":"eyJhbGciOiJIUzI1NiIsInR5cCI6IkpXVCJ9.eyJkYXRhIjp7ImlkIjoiZDBkNzE0NDctZjc2Zi00NDZmLTg2N2MtMDg3NTAwMTlhMDE2IiwibmFtZSI6ImFkbWluIiwiZ2VuZGVyIjp0cnVlLCJlbWFpbCI6IjM3ODMzODYyN0BxcS5jb20ifSwiaWF0IjoxNTAzODQwMjk2LCJleHAiOjE1MDM5MjY2OTZ9.nONZOMWXimWGyiqa5gcTOTyD0RoLtPGQ3uEsKyK-m8M","canLogin":true,"status":1,"id":"d0d71447-f76f-446f-867c-08750019a016","createdAt":1503625702903,"updatedAt":1503840296309,"version":2}}
*************** response log end ***************

[2017-08-27 23:08:23.949] [INFO] resLogger - 
*************** response log start ***************
request method: GET
request originalUrl:  /api/user/?token=eyJhbGciOiJIUzI1NiIsInR5cCI6IkpXVCJ9.eyJkYXRhIjp7ImlkIjoiZDBkNzE0NDctZjc2Zi00NDZmLTg2N2MtMDg3NTAwMTlhMDE2IiwibmFtZSI6ImFkbWluIiwiZ2VuZGVyIjp0cnVlLCJlbWFpbCI6IjM3ODMzODYyN0BxcS5jb20ifSwiaWF0IjoxNTAzODQwMjk2LCJleHAiOjE1MDM5MjY2OTZ9.nONZOMWXimWGyiqa5gcTOTyD0RoLtPGQ3uEsKyK-m8M
request client ip:  ::ffff:127.0.0.1
request query:  {"token":"eyJhbGciOiJIUzI1NiIsInR5cCI6IkpXVCJ9.eyJkYXRhIjp7ImlkIjoiZDBkNzE0NDctZjc2Zi00NDZmLTg2N2MtMDg3NTAwMTlhMDE2IiwibmFtZSI6ImFkbWluIiwiZ2VuZGVyIjp0cnVlLCJlbWFpbCI6IjM3ODMzODYyN0BxcS5jb20ifSwiaWF0IjoxNTAzODQwMjk2LCJleHAiOjE1MDM5MjY2OTZ9.nONZOMWXimWGyiqa5gcTOTyD0RoLtPGQ3uEsKyK-m8M"}
response time: 156
response status: 200
response body: 
{"status":0,"data":{"name":"admin","email":"378338627@qq.com","phone":"15822927208","password":"$2a$10$gC8KbRA6pMCVvD2irCuZb.dsh57qd88OwLfukMSQEnDY0Set3L81i","gender":true,"token":"eyJhbGciOiJIUzI1NiIsInR5cCI6IkpXVCJ9.eyJkYXRhIjp7ImlkIjoiZDBkNzE0NDctZjc2Zi00NDZmLTg2N2MtMDg3NTAwMTlhMDE2IiwibmFtZSI6ImFkbWluIiwiZ2VuZGVyIjp0cnVlLCJlbWFpbCI6IjM3ODMzODYyN0BxcS5jb20ifSwiaWF0IjoxNTAzODQwMjk2LCJleHAiOjE1MDM5MjY2OTZ9.nONZOMWXimWGyiqa5gcTOTyD0RoLtPGQ3uEsKyK-m8M","canLogin":true,"status":1,"id":"d0d71447-f76f-446f-867c-08750019a016","createdAt":1503625702903,"updatedAt":1503840296309,"version":2}}
*************** response log end ***************

[2017-08-27 23:09:04.661] [INFO] resLogger - 
*************** response log start ***************
request method: GET
request originalUrl:  /api/user/?token=eyJhbGciOiJIUzI1NiIsInR5cCI6IkpXVCJ9.eyJkYXRhIjp7ImlkIjoiZDBkNzE0NDctZjc2Zi00NDZmLTg2N2MtMDg3NTAwMTlhMDE2IiwibmFtZSI6ImFkbWluIiwiZ2VuZGVyIjp0cnVlLCJlbWFpbCI6IjM3ODMzODYyN0BxcS5jb20ifSwiaWF0IjoxNTAzODQwMjk2LCJleHAiOjE1MDM5MjY2OTZ9.nONZOMWXimWGyiqa5gcTOTyD0RoLtPGQ3uEsKyK-m8M
request client ip:  ::ffff:127.0.0.1
request query:  {"token":"eyJhbGciOiJIUzI1NiIsInR5cCI6IkpXVCJ9.eyJkYXRhIjp7ImlkIjoiZDBkNzE0NDctZjc2Zi00NDZmLTg2N2MtMDg3NTAwMTlhMDE2IiwibmFtZSI6ImFkbWluIiwiZ2VuZGVyIjp0cnVlLCJlbWFpbCI6IjM3ODMzODYyN0BxcS5jb20ifSwiaWF0IjoxNTAzODQwMjk2LCJleHAiOjE1MDM5MjY2OTZ9.nONZOMWXimWGyiqa5gcTOTyD0RoLtPGQ3uEsKyK-m8M"}
response time: 203
response status: 200
response body: 
{"status":0,"data":{"name":"admin","email":"378338627@qq.com","phone":"15822927208","password":"$2a$10$gC8KbRA6pMCVvD2irCuZb.dsh57qd88OwLfukMSQEnDY0Set3L81i","gender":true,"token":"eyJhbGciOiJIUzI1NiIsInR5cCI6IkpXVCJ9.eyJkYXRhIjp7ImlkIjoiZDBkNzE0NDctZjc2Zi00NDZmLTg2N2MtMDg3NTAwMTlhMDE2IiwibmFtZSI6ImFkbWluIiwiZ2VuZGVyIjp0cnVlLCJlbWFpbCI6IjM3ODMzODYyN0BxcS5jb20ifSwiaWF0IjoxNTAzODQwMjk2LCJleHAiOjE1MDM5MjY2OTZ9.nONZOMWXimWGyiqa5gcTOTyD0RoLtPGQ3uEsKyK-m8M","canLogin":true,"status":1,"id":"d0d71447-f76f-446f-867c-08750019a016","createdAt":1503625702903,"updatedAt":1503840296309,"version":2}}
*************** response log end ***************

[2017-08-27 23:09:19.143] [INFO] resLogger - 
*************** response log start ***************
request method: GET
request originalUrl:  /api/user/?token=eyJhbGciOiJIUzI1NiIsInR5cCI6IkpXVCJ9.eyJkYXRhIjp7ImlkIjoiZDBkNzE0NDctZjc2Zi00NDZmLTg2N2MtMDg3NTAwMTlhMDE2IiwibmFtZSI6ImFkbWluIiwiZ2VuZGVyIjp0cnVlLCJlbWFpbCI6IjM3ODMzODYyN0BxcS5jb20ifSwiaWF0IjoxNTAzODQwMjk2LCJleHAiOjE1MDM5MjY2OTZ9.nONZOMWXimWGyiqa5gcTOTyD0RoLtPGQ3uEsKyK-m8M
request client ip:  ::ffff:127.0.0.1
request query:  {"token":"eyJhbGciOiJIUzI1NiIsInR5cCI6IkpXVCJ9.eyJkYXRhIjp7ImlkIjoiZDBkNzE0NDctZjc2Zi00NDZmLTg2N2MtMDg3NTAwMTlhMDE2IiwibmFtZSI6ImFkbWluIiwiZ2VuZGVyIjp0cnVlLCJlbWFpbCI6IjM3ODMzODYyN0BxcS5jb20ifSwiaWF0IjoxNTAzODQwMjk2LCJleHAiOjE1MDM5MjY2OTZ9.nONZOMWXimWGyiqa5gcTOTyD0RoLtPGQ3uEsKyK-m8M"}
response time: 152
response status: 200
response body: 
{"status":0,"data":{"name":"admin","email":"378338627@qq.com","phone":"15822927208","password":"$2a$10$gC8KbRA6pMCVvD2irCuZb.dsh57qd88OwLfukMSQEnDY0Set3L81i","gender":true,"token":"eyJhbGciOiJIUzI1NiIsInR5cCI6IkpXVCJ9.eyJkYXRhIjp7ImlkIjoiZDBkNzE0NDctZjc2Zi00NDZmLTg2N2MtMDg3NTAwMTlhMDE2IiwibmFtZSI6ImFkbWluIiwiZ2VuZGVyIjp0cnVlLCJlbWFpbCI6IjM3ODMzODYyN0BxcS5jb20ifSwiaWF0IjoxNTAzODQwMjk2LCJleHAiOjE1MDM5MjY2OTZ9.nONZOMWXimWGyiqa5gcTOTyD0RoLtPGQ3uEsKyK-m8M","canLogin":true,"status":1,"id":"d0d71447-f76f-446f-867c-08750019a016","createdAt":1503625702903,"updatedAt":1503840296309,"version":2}}
*************** response log end ***************

[2017-08-27 23:09:37.764] [INFO] resLogger - 
*************** response log start ***************
request method: GET
request originalUrl:  /api/user/?token=eyJhbGciOiJIUzI1NiIsInR5cCI6IkpXVCJ9.eyJkYXRhIjp7ImlkIjoiZDBkNzE0NDctZjc2Zi00NDZmLTg2N2MtMDg3NTAwMTlhMDE2IiwibmFtZSI6ImFkbWluIiwiZ2VuZGVyIjp0cnVlLCJlbWFpbCI6IjM3ODMzODYyN0BxcS5jb20ifSwiaWF0IjoxNTAzODQwMjk2LCJleHAiOjE1MDM5MjY2OTZ9.nONZOMWXimWGyiqa5gcTOTyD0RoLtPGQ3uEsKyK-m8M
request client ip:  ::ffff:127.0.0.1
request query:  {"token":"eyJhbGciOiJIUzI1NiIsInR5cCI6IkpXVCJ9.eyJkYXRhIjp7ImlkIjoiZDBkNzE0NDctZjc2Zi00NDZmLTg2N2MtMDg3NTAwMTlhMDE2IiwibmFtZSI6ImFkbWluIiwiZ2VuZGVyIjp0cnVlLCJlbWFpbCI6IjM3ODMzODYyN0BxcS5jb20ifSwiaWF0IjoxNTAzODQwMjk2LCJleHAiOjE1MDM5MjY2OTZ9.nONZOMWXimWGyiqa5gcTOTyD0RoLtPGQ3uEsKyK-m8M"}
response time: 190
response status: 200
response body: 
{"status":0,"data":{"name":"admin","email":"378338627@qq.com","phone":"15822927208","password":"$2a$10$gC8KbRA6pMCVvD2irCuZb.dsh57qd88OwLfukMSQEnDY0Set3L81i","gender":true,"token":"eyJhbGciOiJIUzI1NiIsInR5cCI6IkpXVCJ9.eyJkYXRhIjp7ImlkIjoiZDBkNzE0NDctZjc2Zi00NDZmLTg2N2MtMDg3NTAwMTlhMDE2IiwibmFtZSI6ImFkbWluIiwiZ2VuZGVyIjp0cnVlLCJlbWFpbCI6IjM3ODMzODYyN0BxcS5jb20ifSwiaWF0IjoxNTAzODQwMjk2LCJleHAiOjE1MDM5MjY2OTZ9.nONZOMWXimWGyiqa5gcTOTyD0RoLtPGQ3uEsKyK-m8M","canLogin":true,"status":1,"id":"d0d71447-f76f-446f-867c-08750019a016","createdAt":1503625702903,"updatedAt":1503840296309,"version":2}}
*************** response log end ***************

[2017-08-27 23:19:15.096] [INFO] resLogger - 
*************** response log start ***************
request method: GET
request originalUrl:  /api/user/?token=eyJhbGciOiJIUzI1NiIsInR5cCI6IkpXVCJ9.eyJkYXRhIjp7ImlkIjoiZDBkNzE0NDctZjc2Zi00NDZmLTg2N2MtMDg3NTAwMTlhMDE2IiwibmFtZSI6ImFkbWluIiwiZ2VuZGVyIjp0cnVlLCJlbWFpbCI6IjM3ODMzODYyN0BxcS5jb20ifSwiaWF0IjoxNTAzODQwMjk2LCJleHAiOjE1MDM5MjY2OTZ9.nONZOMWXimWGyiqa5gcTOTyD0RoLtPGQ3uEsKyK-m8M
request client ip:  ::ffff:127.0.0.1
request query:  {"token":"eyJhbGciOiJIUzI1NiIsInR5cCI6IkpXVCJ9.eyJkYXRhIjp7ImlkIjoiZDBkNzE0NDctZjc2Zi00NDZmLTg2N2MtMDg3NTAwMTlhMDE2IiwibmFtZSI6ImFkbWluIiwiZ2VuZGVyIjp0cnVlLCJlbWFpbCI6IjM3ODMzODYyN0BxcS5jb20ifSwiaWF0IjoxNTAzODQwMjk2LCJleHAiOjE1MDM5MjY2OTZ9.nONZOMWXimWGyiqa5gcTOTyD0RoLtPGQ3uEsKyK-m8M"}
response time: 184
response status: 200
response body: 
{"status":0,"data":{"name":"admin","email":"378338627@qq.com","phone":"15822927208","password":"$2a$10$gC8KbRA6pMCVvD2irCuZb.dsh57qd88OwLfukMSQEnDY0Set3L81i","gender":true,"token":"eyJhbGciOiJIUzI1NiIsInR5cCI6IkpXVCJ9.eyJkYXRhIjp7ImlkIjoiZDBkNzE0NDctZjc2Zi00NDZmLTg2N2MtMDg3NTAwMTlhMDE2IiwibmFtZSI6ImFkbWluIiwiZ2VuZGVyIjp0cnVlLCJlbWFpbCI6IjM3ODMzODYyN0BxcS5jb20ifSwiaWF0IjoxNTAzODQwMjk2LCJleHAiOjE1MDM5MjY2OTZ9.nONZOMWXimWGyiqa5gcTOTyD0RoLtPGQ3uEsKyK-m8M","canLogin":true,"status":1,"id":"d0d71447-f76f-446f-867c-08750019a016","createdAt":1503625702903,"updatedAt":1503840296309,"version":2}}
*************** response log end ***************

[2017-08-27 23:20:00.337] [INFO] resLogger - 
*************** response log start ***************
request method: GET
request originalUrl:  /api/user/?token=eyJhbGciOiJIUzI1NiIsInR5cCI6IkpXVCJ9.eyJkYXRhIjp7ImlkIjoiZDBkNzE0NDctZjc2Zi00NDZmLTg2N2MtMDg3NTAwMTlhMDE2IiwibmFtZSI6ImFkbWluIiwiZ2VuZGVyIjp0cnVlLCJlbWFpbCI6IjM3ODMzODYyN0BxcS5jb20ifSwiaWF0IjoxNTAzODQwMjk2LCJleHAiOjE1MDM5MjY2OTZ9.nONZOMWXimWGyiqa5gcTOTyD0RoLtPGQ3uEsKyK-m8M
request client ip:  ::ffff:127.0.0.1
request query:  {"token":"eyJhbGciOiJIUzI1NiIsInR5cCI6IkpXVCJ9.eyJkYXRhIjp7ImlkIjoiZDBkNzE0NDctZjc2Zi00NDZmLTg2N2MtMDg3NTAwMTlhMDE2IiwibmFtZSI6ImFkbWluIiwiZ2VuZGVyIjp0cnVlLCJlbWFpbCI6IjM3ODMzODYyN0BxcS5jb20ifSwiaWF0IjoxNTAzODQwMjk2LCJleHAiOjE1MDM5MjY2OTZ9.nONZOMWXimWGyiqa5gcTOTyD0RoLtPGQ3uEsKyK-m8M"}
response time: 147
response status: 200
response body: 
{"status":0,"data":{"name":"admin","email":"378338627@qq.com","phone":"15822927208","password":"$2a$10$gC8KbRA6pMCVvD2irCuZb.dsh57qd88OwLfukMSQEnDY0Set3L81i","gender":true,"token":"eyJhbGciOiJIUzI1NiIsInR5cCI6IkpXVCJ9.eyJkYXRhIjp7ImlkIjoiZDBkNzE0NDctZjc2Zi00NDZmLTg2N2MtMDg3NTAwMTlhMDE2IiwibmFtZSI6ImFkbWluIiwiZ2VuZGVyIjp0cnVlLCJlbWFpbCI6IjM3ODMzODYyN0BxcS5jb20ifSwiaWF0IjoxNTAzODQwMjk2LCJleHAiOjE1MDM5MjY2OTZ9.nONZOMWXimWGyiqa5gcTOTyD0RoLtPGQ3uEsKyK-m8M","canLogin":true,"status":1,"id":"d0d71447-f76f-446f-867c-08750019a016","createdAt":1503625702903,"updatedAt":1503840296309,"version":2}}
*************** response log end ***************

[2017-08-27 23:20:37.337] [INFO] resLogger - 
*************** response log start ***************
request method: GET
request originalUrl:  /api/user/?token=eyJhbGciOiJIUzI1NiIsInR5cCI6IkpXVCJ9.eyJkYXRhIjp7ImlkIjoiZDBkNzE0NDctZjc2Zi00NDZmLTg2N2MtMDg3NTAwMTlhMDE2IiwibmFtZSI6ImFkbWluIiwiZ2VuZGVyIjp0cnVlLCJlbWFpbCI6IjM3ODMzODYyN0BxcS5jb20ifSwiaWF0IjoxNTAzODQwMjk2LCJleHAiOjE1MDM5MjY2OTZ9.nONZOMWXimWGyiqa5gcTOTyD0RoLtPGQ3uEsKyK-m8M
request client ip:  ::ffff:127.0.0.1
request query:  {"token":"eyJhbGciOiJIUzI1NiIsInR5cCI6IkpXVCJ9.eyJkYXRhIjp7ImlkIjoiZDBkNzE0NDctZjc2Zi00NDZmLTg2N2MtMDg3NTAwMTlhMDE2IiwibmFtZSI6ImFkbWluIiwiZ2VuZGVyIjp0cnVlLCJlbWFpbCI6IjM3ODMzODYyN0BxcS5jb20ifSwiaWF0IjoxNTAzODQwMjk2LCJleHAiOjE1MDM5MjY2OTZ9.nONZOMWXimWGyiqa5gcTOTyD0RoLtPGQ3uEsKyK-m8M"}
response time: 72
response status: 200
response body: 
{"status":0,"data":{"name":"admin","email":"378338627@qq.com","phone":"15822927208","password":"$2a$10$gC8KbRA6pMCVvD2irCuZb.dsh57qd88OwLfukMSQEnDY0Set3L81i","gender":true,"token":"eyJhbGciOiJIUzI1NiIsInR5cCI6IkpXVCJ9.eyJkYXRhIjp7ImlkIjoiZDBkNzE0NDctZjc2Zi00NDZmLTg2N2MtMDg3NTAwMTlhMDE2IiwibmFtZSI6ImFkbWluIiwiZ2VuZGVyIjp0cnVlLCJlbWFpbCI6IjM3ODMzODYyN0BxcS5jb20ifSwiaWF0IjoxNTAzODQwMjk2LCJleHAiOjE1MDM5MjY2OTZ9.nONZOMWXimWGyiqa5gcTOTyD0RoLtPGQ3uEsKyK-m8M","canLogin":true,"status":1,"id":"d0d71447-f76f-446f-867c-08750019a016","createdAt":1503625702903,"updatedAt":1503840296309,"version":2}}
*************** response log end ***************

[2017-08-27 23:21:45.544] [INFO] resLogger - 
*************** response log start ***************
request method: GET
request originalUrl:  /api/user/?token=eyJhbGciOiJIUzI1NiIsInR5cCI6IkpXVCJ9.eyJkYXRhIjp7ImlkIjoiZDBkNzE0NDctZjc2Zi00NDZmLTg2N2MtMDg3NTAwMTlhMDE2IiwibmFtZSI6ImFkbWluIiwiZ2VuZGVyIjp0cnVlLCJlbWFpbCI6IjM3ODMzODYyN0BxcS5jb20ifSwiaWF0IjoxNTAzODQwMjk2LCJleHAiOjE1MDM5MjY2OTZ9.nONZOMWXimWGyiqa5gcTOTyD0RoLtPGQ3uEsKyK-m8M
request client ip:  ::ffff:127.0.0.1
request query:  {"token":"eyJhbGciOiJIUzI1NiIsInR5cCI6IkpXVCJ9.eyJkYXRhIjp7ImlkIjoiZDBkNzE0NDctZjc2Zi00NDZmLTg2N2MtMDg3NTAwMTlhMDE2IiwibmFtZSI6ImFkbWluIiwiZ2VuZGVyIjp0cnVlLCJlbWFpbCI6IjM3ODMzODYyN0BxcS5jb20ifSwiaWF0IjoxNTAzODQwMjk2LCJleHAiOjE1MDM5MjY2OTZ9.nONZOMWXimWGyiqa5gcTOTyD0RoLtPGQ3uEsKyK-m8M"}
response time: 116
response status: 200
response body: 
{"status":0,"data":{"name":"admin","email":"378338627@qq.com","phone":"15822927208","password":"$2a$10$gC8KbRA6pMCVvD2irCuZb.dsh57qd88OwLfukMSQEnDY0Set3L81i","gender":true,"token":"eyJhbGciOiJIUzI1NiIsInR5cCI6IkpXVCJ9.eyJkYXRhIjp7ImlkIjoiZDBkNzE0NDctZjc2Zi00NDZmLTg2N2MtMDg3NTAwMTlhMDE2IiwibmFtZSI6ImFkbWluIiwiZ2VuZGVyIjp0cnVlLCJlbWFpbCI6IjM3ODMzODYyN0BxcS5jb20ifSwiaWF0IjoxNTAzODQwMjk2LCJleHAiOjE1MDM5MjY2OTZ9.nONZOMWXimWGyiqa5gcTOTyD0RoLtPGQ3uEsKyK-m8M","canLogin":true,"status":1,"id":"d0d71447-f76f-446f-867c-08750019a016","createdAt":1503625702903,"updatedAt":1503840296309,"version":2}}
*************** response log end ***************

[2017-08-27 23:22:26.777] [INFO] resLogger - 
*************** response log start ***************
request method: GET
request originalUrl:  /api/user/?token=eyJhbGciOiJIUzI1NiIsInR5cCI6IkpXVCJ9.eyJkYXRhIjp7ImlkIjoiZDBkNzE0NDctZjc2Zi00NDZmLTg2N2MtMDg3NTAwMTlhMDE2IiwibmFtZSI6ImFkbWluIiwiZ2VuZGVyIjp0cnVlLCJlbWFpbCI6IjM3ODMzODYyN0BxcS5jb20ifSwiaWF0IjoxNTAzODQwMjk2LCJleHAiOjE1MDM5MjY2OTZ9.nONZOMWXimWGyiqa5gcTOTyD0RoLtPGQ3uEsKyK-m8M
request client ip:  ::ffff:127.0.0.1
request query:  {"token":"eyJhbGciOiJIUzI1NiIsInR5cCI6IkpXVCJ9.eyJkYXRhIjp7ImlkIjoiZDBkNzE0NDctZjc2Zi00NDZmLTg2N2MtMDg3NTAwMTlhMDE2IiwibmFtZSI6ImFkbWluIiwiZ2VuZGVyIjp0cnVlLCJlbWFpbCI6IjM3ODMzODYyN0BxcS5jb20ifSwiaWF0IjoxNTAzODQwMjk2LCJleHAiOjE1MDM5MjY2OTZ9.nONZOMWXimWGyiqa5gcTOTyD0RoLtPGQ3uEsKyK-m8M"}
response time: 138
response status: 200
response body: 
{"status":0,"data":{"name":"admin","email":"378338627@qq.com","phone":"15822927208","password":"$2a$10$gC8KbRA6pMCVvD2irCuZb.dsh57qd88OwLfukMSQEnDY0Set3L81i","gender":true,"token":"eyJhbGciOiJIUzI1NiIsInR5cCI6IkpXVCJ9.eyJkYXRhIjp7ImlkIjoiZDBkNzE0NDctZjc2Zi00NDZmLTg2N2MtMDg3NTAwMTlhMDE2IiwibmFtZSI6ImFkbWluIiwiZ2VuZGVyIjp0cnVlLCJlbWFpbCI6IjM3ODMzODYyN0BxcS5jb20ifSwiaWF0IjoxNTAzODQwMjk2LCJleHAiOjE1MDM5MjY2OTZ9.nONZOMWXimWGyiqa5gcTOTyD0RoLtPGQ3uEsKyK-m8M","canLogin":true,"status":1,"id":"d0d71447-f76f-446f-867c-08750019a016","createdAt":1503625702903,"updatedAt":1503840296309,"version":2}}
*************** response log end ***************

