[2017-10-13 11:00:58.397] [INFO] resLogger - 
*************** response log start ***************
request method: GET
request originalUrl:  /api/user/?token=eyJhbGciOiJIUzI1NiIsInR5cCI6IkpXVCJ9.eyJkYXRhIjp7ImlkIjoiNDAxM2U5NDItY2FhNC00YTRmLWE0MzktOTc4YjIwYmQ2ZTc3IiwibmFtZSI6ImFkbWluIiwiZ2VuZGVyIjp0cnVlLCJlbWFpbCI6IjM3ODMzODYyN0BxcS5jb20ifSwiaWF0IjoxNTA3NzkzMDY5LCJleHAiOjE1MDc4Nzk0Njl9.7DR36ptpXMF0lJJyslEV-COQi7tv4rjMPDwgBvuXUVQ
request client ip:  ::ffff:127.0.0.1
request query:  {"token":"eyJhbGciOiJIUzI1NiIsInR5cCI6IkpXVCJ9.eyJkYXRhIjp7ImlkIjoiNDAxM2U5NDItY2FhNC00YTRmLWE0MzktOTc4YjIwYmQ2ZTc3IiwibmFtZSI6ImFkbWluIiwiZ2VuZGVyIjp0cnVlLCJlbWFpbCI6IjM3ODMzODYyN0BxcS5jb20ifSwiaWF0IjoxNTA3NzkzMDY5LCJleHAiOjE1MDc4Nzk0Njl9.7DR36ptpXMF0lJJyslEV-COQi7tv4rjMPDwgBvuXUVQ"}
response time: 80
response status: 200
response body: 
{"status":0,"data":{"name":"admin","email":"378338627@qq.com","phone":"15822927208","password":"$2a$10$od4sFeTxceyXrdqtDGOfqutTyt1BBlopmNYa6FnDZx981q8ES.Iii","gender":true,"token":"eyJhbGciOiJIUzI1NiIsInR5cCI6IkpXVCJ9.eyJkYXRhIjp7ImlkIjoiNDAxM2U5NDItY2FhNC00YTRmLWE0MzktOTc4YjIwYmQ2ZTc3IiwibmFtZSI6ImFkbWluIiwiZ2VuZGVyIjp0cnVlLCJlbWFpbCI6IjM3ODMzODYyN0BxcS5jb20ifSwiaWF0IjoxNTA3NzkzMDY5LCJleHAiOjE1MDc4Nzk0Njl9.7DR36ptpXMF0lJJyslEV-COQi7tv4rjMPDwgBvuXUVQ","canLogin":true,"status":1,"id":"4013e942-caa4-4a4f-a439-978b20bd6e77","createdAt":1507517600161,"updatedAt":1507793069941,"version":2}}
*************** response log end ***************

[2017-10-13 11:00:58.622] [INFO] resLogger - 
*************** response log start ***************
request method: GET
request originalUrl:  /api/groups/list?token=eyJhbGciOiJIUzI1NiIsInR5cCI6IkpXVCJ9.eyJkYXRhIjp7ImlkIjoiNDAxM2U5NDItY2FhNC00YTRmLWE0MzktOTc4YjIwYmQ2ZTc3IiwibmFtZSI6ImFkbWluIiwiZ2VuZGVyIjp0cnVlLCJlbWFpbCI6IjM3ODMzODYyN0BxcS5jb20ifSwiaWF0IjoxNTA3NzkzMDY5LCJleHAiOjE1MDc4Nzk0Njl9.7DR36ptpXMF0lJJyslEV-COQi7tv4rjMPDwgBvuXUVQ
request client ip:  ::ffff:127.0.0.1
request query:  {"token":"eyJhbGciOiJIUzI1NiIsInR5cCI6IkpXVCJ9.eyJkYXRhIjp7ImlkIjoiNDAxM2U5NDItY2FhNC00YTRmLWE0MzktOTc4YjIwYmQ2ZTc3IiwibmFtZSI6ImFkbWluIiwiZ2VuZGVyIjp0cnVlLCJlbWFpbCI6IjM3ODMzODYyN0BxcS5jb20ifSwiaWF0IjoxNTA3NzkzMDY5LCJleHAiOjE1MDc4Nzk0Njl9.7DR36ptpXMF0lJJyslEV-COQi7tv4rjMPDwgBvuXUVQ"}
response time: 97
response status: 200
response body: 
{"status":0,"data":[{"name":"控股","description":"group2","status":1,"id":"438bf931-ad64-41cc-ac56-aea1d48f5e79","createdAt":1507517600358,"updatedAt":1507517600358,"version":0},{"name":"管委会","description":"group1","status":1,"id":"ddda55ea-2654-46a2-a4d2-ea1ca08b1e6a","createdAt":1507517600162,"updatedAt":1507517600162,"version":0}],"total":2}
*************** response log end ***************

[2017-10-13 11:00:58.638] [INFO] resLogger - 
*************** response log start ***************
request method: GET
request originalUrl:  /api/order/getorderno/get/2017/10/13?token=eyJhbGciOiJIUzI1NiIsInR5cCI6IkpXVCJ9.eyJkYXRhIjp7ImlkIjoiNDAxM2U5NDItY2FhNC00YTRmLWE0MzktOTc4YjIwYmQ2ZTc3IiwibmFtZSI6ImFkbWluIiwiZ2VuZGVyIjp0cnVlLCJlbWFpbCI6IjM3ODMzODYyN0BxcS5jb20ifSwiaWF0IjoxNTA3NzkzMDY5LCJleHAiOjE1MDc4Nzk0Njl9.7DR36ptpXMF0lJJyslEV-COQi7tv4rjMPDwgBvuXUVQ
request client ip:  ::ffff:127.0.0.1
request query:  {"token":"eyJhbGciOiJIUzI1NiIsInR5cCI6IkpXVCJ9.eyJkYXRhIjp7ImlkIjoiNDAxM2U5NDItY2FhNC00YTRmLWE0MzktOTc4YjIwYmQ2ZTc3IiwibmFtZSI6ImFkbWluIiwiZ2VuZGVyIjp0cnVlLCJlbWFpbCI6IjM3ODMzODYyN0BxcS5jb20ifSwiaWF0IjoxNTA3NzkzMDY5LCJleHAiOjE1MDc4Nzk0Njl9.7DR36ptpXMF0lJJyslEV-COQi7tv4rjMPDwgBvuXUVQ"}
response time: 58
response status: 200
response body: 
{"status":0,"data":"20171013000"}
*************** response log end ***************

[2017-10-13 11:00:58.686] [INFO] resLogger - 
*************** response log start ***************
request method: GET
request originalUrl:  /api/groups/list?token=eyJhbGciOiJIUzI1NiIsInR5cCI6IkpXVCJ9.eyJkYXRhIjp7ImlkIjoiNDAxM2U5NDItY2FhNC00YTRmLWE0MzktOTc4YjIwYmQ2ZTc3IiwibmFtZSI6ImFkbWluIiwiZ2VuZGVyIjp0cnVlLCJlbWFpbCI6IjM3ODMzODYyN0BxcS5jb20ifSwiaWF0IjoxNTA3NzkzMDY5LCJleHAiOjE1MDc4Nzk0Njl9.7DR36ptpXMF0lJJyslEV-COQi7tv4rjMPDwgBvuXUVQ
request client ip:  ::ffff:127.0.0.1
request query:  {"token":"eyJhbGciOiJIUzI1NiIsInR5cCI6IkpXVCJ9.eyJkYXRhIjp7ImlkIjoiNDAxM2U5NDItY2FhNC00YTRmLWE0MzktOTc4YjIwYmQ2ZTc3IiwibmFtZSI6ImFkbWluIiwiZ2VuZGVyIjp0cnVlLCJlbWFpbCI6IjM3ODMzODYyN0BxcS5jb20ifSwiaWF0IjoxNTA3NzkzMDY5LCJleHAiOjE1MDc4Nzk0Njl9.7DR36ptpXMF0lJJyslEV-COQi7tv4rjMPDwgBvuXUVQ"}
response time: 46
response status: 200
response body: 
{"status":0,"data":[{"name":"控股","description":"group2","status":1,"id":"438bf931-ad64-41cc-ac56-aea1d48f5e79","createdAt":1507517600358,"updatedAt":1507517600358,"version":0},{"name":"管委会","description":"group1","status":1,"id":"ddda55ea-2654-46a2-a4d2-ea1ca08b1e6a","createdAt":1507517600162,"updatedAt":1507517600162,"version":0}],"total":2}
*************** response log end ***************

[2017-10-13 11:00:58.765] [INFO] resLogger - 
*************** response log start ***************
request method: GET
request originalUrl:  /api/corporations/list?token=eyJhbGciOiJIUzI1NiIsInR5cCI6IkpXVCJ9.eyJkYXRhIjp7ImlkIjoiNDAxM2U5NDItY2FhNC00YTRmLWE0MzktOTc4YjIwYmQ2ZTc3IiwibmFtZSI6ImFkbWluIiwiZ2VuZGVyIjp0cnVlLCJlbWFpbCI6IjM3ODMzODYyN0BxcS5jb20ifSwiaWF0IjoxNTA3NzkzMDY5LCJleHAiOjE1MDc4Nzk0Njl9.7DR36ptpXMF0lJJyslEV-COQi7tv4rjMPDwgBvuXUVQ&group=438bf931-ad64-41cc-ac56-aea1d48f5e79
request client ip:  ::ffff:127.0.0.1
request query:  {"token":"eyJhbGciOiJIUzI1NiIsInR5cCI6IkpXVCJ9.eyJkYXRhIjp7ImlkIjoiNDAxM2U5NDItY2FhNC00YTRmLWE0MzktOTc4YjIwYmQ2ZTc3IiwibmFtZSI6ImFkbWluIiwiZ2VuZGVyIjp0cnVlLCJlbWFpbCI6IjM3ODMzODYyN0BxcS5jb20ifSwiaWF0IjoxNTA3NzkzMDY5LCJleHAiOjE1MDc4Nzk0Njl9.7DR36ptpXMF0lJJyslEV-COQi7tv4rjMPDwgBvuXUVQ","group":"438bf931-ad64-41cc-ac56-aea1d48f5e79"}
response time: 57
response status: 200
response body: 
{"status":0,"data":[{"name":"控股公司","description":"控股公司","status":1,"groupId":"438bf931-ad64-41cc-ac56-aea1d48f5e79","id":"6deaa164-6881-4dfc-8f17-b73b1f99f133","createdAt":1507517602024,"updatedAt":1507517602024,"version":0,"group":{"name":"控股","description":"group2","status":1,"id":"438bf931-ad64-41cc-ac56-aea1d48f5e79","createdAt":1507517600358,"updatedAt":1507517600358,"version":0}}],"total":1}
*************** response log end ***************

[2017-10-13 11:00:58.840] [INFO] resLogger - 
*************** response log start ***************
request method: GET
request originalUrl:  /api/corporations/list?token=eyJhbGciOiJIUzI1NiIsInR5cCI6IkpXVCJ9.eyJkYXRhIjp7ImlkIjoiNDAxM2U5NDItY2FhNC00YTRmLWE0MzktOTc4YjIwYmQ2ZTc3IiwibmFtZSI6ImFkbWluIiwiZ2VuZGVyIjp0cnVlLCJlbWFpbCI6IjM3ODMzODYyN0BxcS5jb20ifSwiaWF0IjoxNTA3NzkzMDY5LCJleHAiOjE1MDc4Nzk0Njl9.7DR36ptpXMF0lJJyslEV-COQi7tv4rjMPDwgBvuXUVQ&group=438bf931-ad64-41cc-ac56-aea1d48f5e79
request client ip:  ::ffff:127.0.0.1
request query:  {"token":"eyJhbGciOiJIUzI1NiIsInR5cCI6IkpXVCJ9.eyJkYXRhIjp7ImlkIjoiNDAxM2U5NDItY2FhNC00YTRmLWE0MzktOTc4YjIwYmQ2ZTc3IiwibmFtZSI6ImFkbWluIiwiZ2VuZGVyIjp0cnVlLCJlbWFpbCI6IjM3ODMzODYyN0BxcS5jb20ifSwiaWF0IjoxNTA3NzkzMDY5LCJleHAiOjE1MDc4Nzk0Njl9.7DR36ptpXMF0lJJyslEV-COQi7tv4rjMPDwgBvuXUVQ","group":"438bf931-ad64-41cc-ac56-aea1d48f5e79"}
response time: 72
response status: 200
response body: 
{"status":0,"data":[{"name":"控股公司","description":"控股公司","status":1,"groupId":"438bf931-ad64-41cc-ac56-aea1d48f5e79","id":"6deaa164-6881-4dfc-8f17-b73b1f99f133","createdAt":1507517602024,"updatedAt":1507517602024,"version":0,"group":{"name":"控股","description":"group2","status":1,"id":"438bf931-ad64-41cc-ac56-aea1d48f5e79","createdAt":1507517600358,"updatedAt":1507517600358,"version":0}}],"total":1}
*************** response log end ***************

[2017-10-13 11:00:58.852] [INFO] resLogger - 
*************** response log start ***************
request method: GET
request originalUrl:  /api/corpBuildings/list/6deaa164-6881-4dfc-8f17-b73b1f99f133?token=eyJhbGciOiJIUzI1NiIsInR5cCI6IkpXVCJ9.eyJkYXRhIjp7ImlkIjoiNDAxM2U5NDItY2FhNC00YTRmLWE0MzktOTc4YjIwYmQ2ZTc3IiwibmFtZSI6ImFkbWluIiwiZ2VuZGVyIjp0cnVlLCJlbWFpbCI6IjM3ODMzODYyN0BxcS5jb20ifSwiaWF0IjoxNTA3NzkzMDY5LCJleHAiOjE1MDc4Nzk0Njl9.7DR36ptpXMF0lJJyslEV-COQi7tv4rjMPDwgBvuXUVQ
request client ip:  ::ffff:127.0.0.1
request query:  {"token":"eyJhbGciOiJIUzI1NiIsInR5cCI6IkpXVCJ9.eyJkYXRhIjp7ImlkIjoiNDAxM2U5NDItY2FhNC00YTRmLWE0MzktOTc4YjIwYmQ2ZTc3IiwibmFtZSI6ImFkbWluIiwiZ2VuZGVyIjp0cnVlLCJlbWFpbCI6IjM3ODMzODYyN0BxcS5jb20ifSwiaWF0IjoxNTA3NzkzMDY5LCJleHAiOjE1MDc4Nzk0Njl9.7DR36ptpXMF0lJJyslEV-COQi7tv4rjMPDwgBvuXUVQ"}
response time: 45
response status: 200
response body: 
{"status":0,"data":[{"corporationId":"6deaa164-6881-4dfc-8f17-b73b1f99f133","buildingId":"b7090d21-4f8f-44ff-849c-11ec1c1598eb","floor":7,"position":"A","status":1,"id":"72340177-c0b8-4cf6-8cb6-16abb0968cb2","createdAt":1507517602206,"updatedAt":1507517602206,"version":0,"building":{"name":"商务大厦南楼","address":"南","minfloor":1,"maxfloor":15,"status":1,"id":"b7090d21-4f8f-44ff-849c-11ec1c1598eb","createdAt":1507517600474,"updatedAt":1507517600474,"version":0}},{"corporationId":"6deaa164-6881-4dfc-8f17-b73b1f99f133","buildingId":"b7090d21-4f8f-44ff-849c-11ec1c1598eb","floor":6,"position":"A","status":1,"id":"349cef3e-e8a4-49ba-824c-e254196f7024","createdAt":1507517602113,"updatedAt":1507517602113,"version":0,"building":{"name":"商务大厦南楼","address":"南","minfloor":1,"maxfloor":15,"status":1,"id":"b7090d21-4f8f-44ff-849c-11ec1c1598eb","createdAt":1507517600474,"updatedAt":1507517600474,"version":0}}],"total":0}
*************** response log end ***************

[2017-10-13 11:00:58.890] [INFO] resLogger - 
*************** response log start ***************
request method: GET
request originalUrl:  /api/corpBuildings/list/6deaa164-6881-4dfc-8f17-b73b1f99f133?token=eyJhbGciOiJIUzI1NiIsInR5cCI6IkpXVCJ9.eyJkYXRhIjp7ImlkIjoiNDAxM2U5NDItY2FhNC00YTRmLWE0MzktOTc4YjIwYmQ2ZTc3IiwibmFtZSI6ImFkbWluIiwiZ2VuZGVyIjp0cnVlLCJlbWFpbCI6IjM3ODMzODYyN0BxcS5jb20ifSwiaWF0IjoxNTA3NzkzMDY5LCJleHAiOjE1MDc4Nzk0Njl9.7DR36ptpXMF0lJJyslEV-COQi7tv4rjMPDwgBvuXUVQ
request client ip:  ::ffff:127.0.0.1
request query:  {"token":"eyJhbGciOiJIUzI1NiIsInR5cCI6IkpXVCJ9.eyJkYXRhIjp7ImlkIjoiNDAxM2U5NDItY2FhNC00YTRmLWE0MzktOTc4YjIwYmQ2ZTc3IiwibmFtZSI6ImFkbWluIiwiZ2VuZGVyIjp0cnVlLCJlbWFpbCI6IjM3ODMzODYyN0BxcS5jb20ifSwiaWF0IjoxNTA3NzkzMDY5LCJleHAiOjE1MDc4Nzk0Njl9.7DR36ptpXMF0lJJyslEV-COQi7tv4rjMPDwgBvuXUVQ"}
response time: 35
response status: 200
response body: 
{"status":0,"data":[{"corporationId":"6deaa164-6881-4dfc-8f17-b73b1f99f133","buildingId":"b7090d21-4f8f-44ff-849c-11ec1c1598eb","floor":7,"position":"A","status":1,"id":"72340177-c0b8-4cf6-8cb6-16abb0968cb2","createdAt":1507517602206,"updatedAt":1507517602206,"version":0,"building":{"name":"商务大厦南楼","address":"南","minfloor":1,"maxfloor":15,"status":1,"id":"b7090d21-4f8f-44ff-849c-11ec1c1598eb","createdAt":1507517600474,"updatedAt":1507517600474,"version":0}},{"corporationId":"6deaa164-6881-4dfc-8f17-b73b1f99f133","buildingId":"b7090d21-4f8f-44ff-849c-11ec1c1598eb","floor":6,"position":"A","status":1,"id":"349cef3e-e8a4-49ba-824c-e254196f7024","createdAt":1507517602113,"updatedAt":1507517602113,"version":0,"building":{"name":"商务大厦南楼","address":"南","minfloor":1,"maxfloor":15,"status":1,"id":"b7090d21-4f8f-44ff-849c-11ec1c1598eb","createdAt":1507517600474,"updatedAt":1507517600474,"version":0}}],"total":0}
*************** response log end ***************

[2017-10-13 11:02:10.751] [INFO] resLogger - 
*************** response log start ***************
request method: GET
request originalUrl:  /api/user/?token=eyJhbGciOiJIUzI1NiIsInR5cCI6IkpXVCJ9.eyJkYXRhIjp7ImlkIjoiNDAxM2U5NDItY2FhNC00YTRmLWE0MzktOTc4YjIwYmQ2ZTc3IiwibmFtZSI6ImFkbWluIiwiZ2VuZGVyIjp0cnVlLCJlbWFpbCI6IjM3ODMzODYyN0BxcS5jb20ifSwiaWF0IjoxNTA3NzkzMDY5LCJleHAiOjE1MDc4Nzk0Njl9.7DR36ptpXMF0lJJyslEV-COQi7tv4rjMPDwgBvuXUVQ
request client ip:  ::ffff:127.0.0.1
request query:  {"token":"eyJhbGciOiJIUzI1NiIsInR5cCI6IkpXVCJ9.eyJkYXRhIjp7ImlkIjoiNDAxM2U5NDItY2FhNC00YTRmLWE0MzktOTc4YjIwYmQ2ZTc3IiwibmFtZSI6ImFkbWluIiwiZ2VuZGVyIjp0cnVlLCJlbWFpbCI6IjM3ODMzODYyN0BxcS5jb20ifSwiaWF0IjoxNTA3NzkzMDY5LCJleHAiOjE1MDc4Nzk0Njl9.7DR36ptpXMF0lJJyslEV-COQi7tv4rjMPDwgBvuXUVQ"}
response time: 58
response status: 200
response body: 
{"status":0,"data":{"name":"admin","email":"378338627@qq.com","phone":"15822927208","password":"$2a$10$od4sFeTxceyXrdqtDGOfqutTyt1BBlopmNYa6FnDZx981q8ES.Iii","gender":true,"token":"eyJhbGciOiJIUzI1NiIsInR5cCI6IkpXVCJ9.eyJkYXRhIjp7ImlkIjoiNDAxM2U5NDItY2FhNC00YTRmLWE0MzktOTc4YjIwYmQ2ZTc3IiwibmFtZSI6ImFkbWluIiwiZ2VuZGVyIjp0cnVlLCJlbWFpbCI6IjM3ODMzODYyN0BxcS5jb20ifSwiaWF0IjoxNTA3NzkzMDY5LCJleHAiOjE1MDc4Nzk0Njl9.7DR36ptpXMF0lJJyslEV-COQi7tv4rjMPDwgBvuXUVQ","canLogin":true,"status":1,"id":"4013e942-caa4-4a4f-a439-978b20bd6e77","createdAt":1507517600161,"updatedAt":1507793069941,"version":2}}
*************** response log end ***************

[2017-10-13 11:02:11.011] [INFO] resLogger - 
*************** response log start ***************
request method: GET
request originalUrl:  /api/groups/list?token=eyJhbGciOiJIUzI1NiIsInR5cCI6IkpXVCJ9.eyJkYXRhIjp7ImlkIjoiNDAxM2U5NDItY2FhNC00YTRmLWE0MzktOTc4YjIwYmQ2ZTc3IiwibmFtZSI6ImFkbWluIiwiZ2VuZGVyIjp0cnVlLCJlbWFpbCI6IjM3ODMzODYyN0BxcS5jb20ifSwiaWF0IjoxNTA3NzkzMDY5LCJleHAiOjE1MDc4Nzk0Njl9.7DR36ptpXMF0lJJyslEV-COQi7tv4rjMPDwgBvuXUVQ
request client ip:  ::ffff:127.0.0.1
request query:  {"token":"eyJhbGciOiJIUzI1NiIsInR5cCI6IkpXVCJ9.eyJkYXRhIjp7ImlkIjoiNDAxM2U5NDItY2FhNC00YTRmLWE0MzktOTc4YjIwYmQ2ZTc3IiwibmFtZSI6ImFkbWluIiwiZ2VuZGVyIjp0cnVlLCJlbWFpbCI6IjM3ODMzODYyN0BxcS5jb20ifSwiaWF0IjoxNTA3NzkzMDY5LCJleHAiOjE1MDc4Nzk0Njl9.7DR36ptpXMF0lJJyslEV-COQi7tv4rjMPDwgBvuXUVQ"}
response time: 142
response status: 200
response body: 
{"status":0,"data":[{"name":"控股","description":"group2","status":1,"id":"438bf931-ad64-41cc-ac56-aea1d48f5e79","createdAt":1507517600358,"updatedAt":1507517600358,"version":0},{"name":"管委会","description":"group1","status":1,"id":"ddda55ea-2654-46a2-a4d2-ea1ca08b1e6a","createdAt":1507517600162,"updatedAt":1507517600162,"version":0}],"total":2}
*************** response log end ***************

[2017-10-13 11:02:11.019] [INFO] resLogger - 
*************** response log start ***************
request method: GET
request originalUrl:  /api/order/getorderno/get/2017/10/13?token=eyJhbGciOiJIUzI1NiIsInR5cCI6IkpXVCJ9.eyJkYXRhIjp7ImlkIjoiNDAxM2U5NDItY2FhNC00YTRmLWE0MzktOTc4YjIwYmQ2ZTc3IiwibmFtZSI6ImFkbWluIiwiZ2VuZGVyIjp0cnVlLCJlbWFpbCI6IjM3ODMzODYyN0BxcS5jb20ifSwiaWF0IjoxNTA3NzkzMDY5LCJleHAiOjE1MDc4Nzk0Njl9.7DR36ptpXMF0lJJyslEV-COQi7tv4rjMPDwgBvuXUVQ
request client ip:  ::ffff:127.0.0.1
request query:  {"token":"eyJhbGciOiJIUzI1NiIsInR5cCI6IkpXVCJ9.eyJkYXRhIjp7ImlkIjoiNDAxM2U5NDItY2FhNC00YTRmLWE0MzktOTc4YjIwYmQ2ZTc3IiwibmFtZSI6ImFkbWluIiwiZ2VuZGVyIjp0cnVlLCJlbWFpbCI6IjM3ODMzODYyN0BxcS5jb20ifSwiaWF0IjoxNTA3NzkzMDY5LCJleHAiOjE1MDc4Nzk0Njl9.7DR36ptpXMF0lJJyslEV-COQi7tv4rjMPDwgBvuXUVQ"}
response time: 69
response status: 200
response body: 
{"status":0,"data":"20171013000"}
*************** response log end ***************

[2017-10-13 11:02:11.075] [INFO] resLogger - 
*************** response log start ***************
request method: GET
request originalUrl:  /api/groups/list?token=eyJhbGciOiJIUzI1NiIsInR5cCI6IkpXVCJ9.eyJkYXRhIjp7ImlkIjoiNDAxM2U5NDItY2FhNC00YTRmLWE0MzktOTc4YjIwYmQ2ZTc3IiwibmFtZSI6ImFkbWluIiwiZ2VuZGVyIjp0cnVlLCJlbWFpbCI6IjM3ODMzODYyN0BxcS5jb20ifSwiaWF0IjoxNTA3NzkzMDY5LCJleHAiOjE1MDc4Nzk0Njl9.7DR36ptpXMF0lJJyslEV-COQi7tv4rjMPDwgBvuXUVQ
request client ip:  ::ffff:127.0.0.1
request query:  {"token":"eyJhbGciOiJIUzI1NiIsInR5cCI6IkpXVCJ9.eyJkYXRhIjp7ImlkIjoiNDAxM2U5NDItY2FhNC00YTRmLWE0MzktOTc4YjIwYmQ2ZTc3IiwibmFtZSI6ImFkbWluIiwiZ2VuZGVyIjp0cnVlLCJlbWFpbCI6IjM3ODMzODYyN0BxcS5jb20ifSwiaWF0IjoxNTA3NzkzMDY5LCJleHAiOjE1MDc4Nzk0Njl9.7DR36ptpXMF0lJJyslEV-COQi7tv4rjMPDwgBvuXUVQ"}
response time: 53
response status: 200
response body: 
{"status":0,"data":[{"name":"控股","description":"group2","status":1,"id":"438bf931-ad64-41cc-ac56-aea1d48f5e79","createdAt":1507517600358,"updatedAt":1507517600358,"version":0},{"name":"管委会","description":"group1","status":1,"id":"ddda55ea-2654-46a2-a4d2-ea1ca08b1e6a","createdAt":1507517600162,"updatedAt":1507517600162,"version":0}],"total":2}
*************** response log end ***************

[2017-10-13 11:02:11.139] [INFO] resLogger - 
*************** response log start ***************
request method: GET
request originalUrl:  /api/corporations/list?token=eyJhbGciOiJIUzI1NiIsInR5cCI6IkpXVCJ9.eyJkYXRhIjp7ImlkIjoiNDAxM2U5NDItY2FhNC00YTRmLWE0MzktOTc4YjIwYmQ2ZTc3IiwibmFtZSI6ImFkbWluIiwiZ2VuZGVyIjp0cnVlLCJlbWFpbCI6IjM3ODMzODYyN0BxcS5jb20ifSwiaWF0IjoxNTA3NzkzMDY5LCJleHAiOjE1MDc4Nzk0Njl9.7DR36ptpXMF0lJJyslEV-COQi7tv4rjMPDwgBvuXUVQ&group=438bf931-ad64-41cc-ac56-aea1d48f5e79
request client ip:  ::ffff:127.0.0.1
request query:  {"token":"eyJhbGciOiJIUzI1NiIsInR5cCI6IkpXVCJ9.eyJkYXRhIjp7ImlkIjoiNDAxM2U5NDItY2FhNC00YTRmLWE0MzktOTc4YjIwYmQ2ZTc3IiwibmFtZSI6ImFkbWluIiwiZ2VuZGVyIjp0cnVlLCJlbWFpbCI6IjM3ODMzODYyN0BxcS5jb20ifSwiaWF0IjoxNTA3NzkzMDY5LCJleHAiOjE1MDc4Nzk0Njl9.7DR36ptpXMF0lJJyslEV-COQi7tv4rjMPDwgBvuXUVQ","group":"438bf931-ad64-41cc-ac56-aea1d48f5e79"}
response time: 64
response status: 200
response body: 
{"status":0,"data":[{"name":"控股公司","description":"控股公司","status":1,"groupId":"438bf931-ad64-41cc-ac56-aea1d48f5e79","id":"6deaa164-6881-4dfc-8f17-b73b1f99f133","createdAt":1507517602024,"updatedAt":1507517602024,"version":0,"group":{"name":"控股","description":"group2","status":1,"id":"438bf931-ad64-41cc-ac56-aea1d48f5e79","createdAt":1507517600358,"updatedAt":1507517600358,"version":0}}],"total":1}
*************** response log end ***************

[2017-10-13 11:02:11.231] [INFO] resLogger - 
*************** response log start ***************
request method: GET
request originalUrl:  /api/corporations/list?token=eyJhbGciOiJIUzI1NiIsInR5cCI6IkpXVCJ9.eyJkYXRhIjp7ImlkIjoiNDAxM2U5NDItY2FhNC00YTRmLWE0MzktOTc4YjIwYmQ2ZTc3IiwibmFtZSI6ImFkbWluIiwiZ2VuZGVyIjp0cnVlLCJlbWFpbCI6IjM3ODMzODYyN0BxcS5jb20ifSwiaWF0IjoxNTA3NzkzMDY5LCJleHAiOjE1MDc4Nzk0Njl9.7DR36ptpXMF0lJJyslEV-COQi7tv4rjMPDwgBvuXUVQ&group=438bf931-ad64-41cc-ac56-aea1d48f5e79
request client ip:  ::ffff:127.0.0.1
request query:  {"token":"eyJhbGciOiJIUzI1NiIsInR5cCI6IkpXVCJ9.eyJkYXRhIjp7ImlkIjoiNDAxM2U5NDItY2FhNC00YTRmLWE0MzktOTc4YjIwYmQ2ZTc3IiwibmFtZSI6ImFkbWluIiwiZ2VuZGVyIjp0cnVlLCJlbWFpbCI6IjM3ODMzODYyN0BxcS5jb20ifSwiaWF0IjoxNTA3NzkzMDY5LCJleHAiOjE1MDc4Nzk0Njl9.7DR36ptpXMF0lJJyslEV-COQi7tv4rjMPDwgBvuXUVQ","group":"438bf931-ad64-41cc-ac56-aea1d48f5e79"}
response time: 90
response status: 200
response body: 
{"status":0,"data":[{"name":"控股公司","description":"控股公司","status":1,"groupId":"438bf931-ad64-41cc-ac56-aea1d48f5e79","id":"6deaa164-6881-4dfc-8f17-b73b1f99f133","createdAt":1507517602024,"updatedAt":1507517602024,"version":0,"group":{"name":"控股","description":"group2","status":1,"id":"438bf931-ad64-41cc-ac56-aea1d48f5e79","createdAt":1507517600358,"updatedAt":1507517600358,"version":0}}],"total":1}
*************** response log end ***************

[2017-10-13 11:02:11.248] [INFO] resLogger - 
*************** response log start ***************
request method: GET
request originalUrl:  /api/corpBuildings/list/6deaa164-6881-4dfc-8f17-b73b1f99f133?token=eyJhbGciOiJIUzI1NiIsInR5cCI6IkpXVCJ9.eyJkYXRhIjp7ImlkIjoiNDAxM2U5NDItY2FhNC00YTRmLWE0MzktOTc4YjIwYmQ2ZTc3IiwibmFtZSI6ImFkbWluIiwiZ2VuZGVyIjp0cnVlLCJlbWFpbCI6IjM3ODMzODYyN0BxcS5jb20ifSwiaWF0IjoxNTA3NzkzMDY5LCJleHAiOjE1MDc4Nzk0Njl9.7DR36ptpXMF0lJJyslEV-COQi7tv4rjMPDwgBvuXUVQ
request client ip:  ::ffff:127.0.0.1
request query:  {"token":"eyJhbGciOiJIUzI1NiIsInR5cCI6IkpXVCJ9.eyJkYXRhIjp7ImlkIjoiNDAxM2U5NDItY2FhNC00YTRmLWE0MzktOTc4YjIwYmQ2ZTc3IiwibmFtZSI6ImFkbWluIiwiZ2VuZGVyIjp0cnVlLCJlbWFpbCI6IjM3ODMzODYyN0BxcS5jb20ifSwiaWF0IjoxNTA3NzkzMDY5LCJleHAiOjE1MDc4Nzk0Njl9.7DR36ptpXMF0lJJyslEV-COQi7tv4rjMPDwgBvuXUVQ"}
response time: 51
response status: 200
response body: 
{"status":0,"data":[{"corporationId":"6deaa164-6881-4dfc-8f17-b73b1f99f133","buildingId":"b7090d21-4f8f-44ff-849c-11ec1c1598eb","floor":7,"position":"A","status":1,"id":"72340177-c0b8-4cf6-8cb6-16abb0968cb2","createdAt":1507517602206,"updatedAt":1507517602206,"version":0,"building":{"name":"商务大厦南楼","address":"南","minfloor":1,"maxfloor":15,"status":1,"id":"b7090d21-4f8f-44ff-849c-11ec1c1598eb","createdAt":1507517600474,"updatedAt":1507517600474,"version":0}},{"corporationId":"6deaa164-6881-4dfc-8f17-b73b1f99f133","buildingId":"b7090d21-4f8f-44ff-849c-11ec1c1598eb","floor":6,"position":"A","status":1,"id":"349cef3e-e8a4-49ba-824c-e254196f7024","createdAt":1507517602113,"updatedAt":1507517602113,"version":0,"building":{"name":"商务大厦南楼","address":"南","minfloor":1,"maxfloor":15,"status":1,"id":"b7090d21-4f8f-44ff-849c-11ec1c1598eb","createdAt":1507517600474,"updatedAt":1507517600474,"version":0}}],"total":0}
*************** response log end ***************

[2017-10-13 11:02:11.283] [INFO] resLogger - 
*************** response log start ***************
request method: GET
request originalUrl:  /api/corpBuildings/list/6deaa164-6881-4dfc-8f17-b73b1f99f133?token=eyJhbGciOiJIUzI1NiIsInR5cCI6IkpXVCJ9.eyJkYXRhIjp7ImlkIjoiNDAxM2U5NDItY2FhNC00YTRmLWE0MzktOTc4YjIwYmQ2ZTc3IiwibmFtZSI6ImFkbWluIiwiZ2VuZGVyIjp0cnVlLCJlbWFpbCI6IjM3ODMzODYyN0BxcS5jb20ifSwiaWF0IjoxNTA3NzkzMDY5LCJleHAiOjE1MDc4Nzk0Njl9.7DR36ptpXMF0lJJyslEV-COQi7tv4rjMPDwgBvuXUVQ
request client ip:  ::ffff:127.0.0.1
request query:  {"token":"eyJhbGciOiJIUzI1NiIsInR5cCI6IkpXVCJ9.eyJkYXRhIjp7ImlkIjoiNDAxM2U5NDItY2FhNC00YTRmLWE0MzktOTc4YjIwYmQ2ZTc3IiwibmFtZSI6ImFkbWluIiwiZ2VuZGVyIjp0cnVlLCJlbWFpbCI6IjM3ODMzODYyN0BxcS5jb20ifSwiaWF0IjoxNTA3NzkzMDY5LCJleHAiOjE1MDc4Nzk0Njl9.7DR36ptpXMF0lJJyslEV-COQi7tv4rjMPDwgBvuXUVQ"}
response time: 33
response status: 200
response body: 
{"status":0,"data":[{"corporationId":"6deaa164-6881-4dfc-8f17-b73b1f99f133","buildingId":"b7090d21-4f8f-44ff-849c-11ec1c1598eb","floor":7,"position":"A","status":1,"id":"72340177-c0b8-4cf6-8cb6-16abb0968cb2","createdAt":1507517602206,"updatedAt":1507517602206,"version":0,"building":{"name":"商务大厦南楼","address":"南","minfloor":1,"maxfloor":15,"status":1,"id":"b7090d21-4f8f-44ff-849c-11ec1c1598eb","createdAt":1507517600474,"updatedAt":1507517600474,"version":0}},{"corporationId":"6deaa164-6881-4dfc-8f17-b73b1f99f133","buildingId":"b7090d21-4f8f-44ff-849c-11ec1c1598eb","floor":6,"position":"A","status":1,"id":"349cef3e-e8a4-49ba-824c-e254196f7024","createdAt":1507517602113,"updatedAt":1507517602113,"version":0,"building":{"name":"商务大厦南楼","address":"南","minfloor":1,"maxfloor":15,"status":1,"id":"b7090d21-4f8f-44ff-849c-11ec1c1598eb","createdAt":1507517600474,"updatedAt":1507517600474,"version":0}}],"total":0}
*************** response log end ***************

[2017-10-13 11:02:33.653] [INFO] resLogger - 
*************** response log start ***************
request method: GET
request originalUrl:  /api/user/?token=eyJhbGciOiJIUzI1NiIsInR5cCI6IkpXVCJ9.eyJkYXRhIjp7ImlkIjoiNDAxM2U5NDItY2FhNC00YTRmLWE0MzktOTc4YjIwYmQ2ZTc3IiwibmFtZSI6ImFkbWluIiwiZ2VuZGVyIjp0cnVlLCJlbWFpbCI6IjM3ODMzODYyN0BxcS5jb20ifSwiaWF0IjoxNTA3NzkzMDY5LCJleHAiOjE1MDc4Nzk0Njl9.7DR36ptpXMF0lJJyslEV-COQi7tv4rjMPDwgBvuXUVQ
request client ip:  ::ffff:127.0.0.1
request query:  {"token":"eyJhbGciOiJIUzI1NiIsInR5cCI6IkpXVCJ9.eyJkYXRhIjp7ImlkIjoiNDAxM2U5NDItY2FhNC00YTRmLWE0MzktOTc4YjIwYmQ2ZTc3IiwibmFtZSI6ImFkbWluIiwiZ2VuZGVyIjp0cnVlLCJlbWFpbCI6IjM3ODMzODYyN0BxcS5jb20ifSwiaWF0IjoxNTA3NzkzMDY5LCJleHAiOjE1MDc4Nzk0Njl9.7DR36ptpXMF0lJJyslEV-COQi7tv4rjMPDwgBvuXUVQ"}
response time: 49
response status: 200
response body: 
{"status":0,"data":{"name":"admin","email":"378338627@qq.com","phone":"15822927208","password":"$2a$10$od4sFeTxceyXrdqtDGOfqutTyt1BBlopmNYa6FnDZx981q8ES.Iii","gender":true,"token":"eyJhbGciOiJIUzI1NiIsInR5cCI6IkpXVCJ9.eyJkYXRhIjp7ImlkIjoiNDAxM2U5NDItY2FhNC00YTRmLWE0MzktOTc4YjIwYmQ2ZTc3IiwibmFtZSI6ImFkbWluIiwiZ2VuZGVyIjp0cnVlLCJlbWFpbCI6IjM3ODMzODYyN0BxcS5jb20ifSwiaWF0IjoxNTA3NzkzMDY5LCJleHAiOjE1MDc4Nzk0Njl9.7DR36ptpXMF0lJJyslEV-COQi7tv4rjMPDwgBvuXUVQ","canLogin":true,"status":1,"id":"4013e942-caa4-4a4f-a439-978b20bd6e77","createdAt":1507517600161,"updatedAt":1507793069941,"version":2}}
*************** response log end ***************

[2017-10-13 11:02:33.900] [INFO] resLogger - 
*************** response log start ***************
request method: GET
request originalUrl:  /api/groups/list?token=eyJhbGciOiJIUzI1NiIsInR5cCI6IkpXVCJ9.eyJkYXRhIjp7ImlkIjoiNDAxM2U5NDItY2FhNC00YTRmLWE0MzktOTc4YjIwYmQ2ZTc3IiwibmFtZSI6ImFkbWluIiwiZ2VuZGVyIjp0cnVlLCJlbWFpbCI6IjM3ODMzODYyN0BxcS5jb20ifSwiaWF0IjoxNTA3NzkzMDY5LCJleHAiOjE1MDc4Nzk0Njl9.7DR36ptpXMF0lJJyslEV-COQi7tv4rjMPDwgBvuXUVQ
request client ip:  ::ffff:127.0.0.1
request query:  {"token":"eyJhbGciOiJIUzI1NiIsInR5cCI6IkpXVCJ9.eyJkYXRhIjp7ImlkIjoiNDAxM2U5NDItY2FhNC00YTRmLWE0MzktOTc4YjIwYmQ2ZTc3IiwibmFtZSI6ImFkbWluIiwiZ2VuZGVyIjp0cnVlLCJlbWFpbCI6IjM3ODMzODYyN0BxcS5jb20ifSwiaWF0IjoxNTA3NzkzMDY5LCJleHAiOjE1MDc4Nzk0Njl9.7DR36ptpXMF0lJJyslEV-COQi7tv4rjMPDwgBvuXUVQ"}
response time: 143
response status: 200
response body: 
{"status":0,"data":[{"name":"控股","description":"group2","status":1,"id":"438bf931-ad64-41cc-ac56-aea1d48f5e79","createdAt":1507517600358,"updatedAt":1507517600358,"version":0},{"name":"管委会","description":"group1","status":1,"id":"ddda55ea-2654-46a2-a4d2-ea1ca08b1e6a","createdAt":1507517600162,"updatedAt":1507517600162,"version":0}],"total":2}
*************** response log end ***************

[2017-10-13 11:02:33.909] [INFO] resLogger - 
*************** response log start ***************
request method: GET
request originalUrl:  /api/order/getorderno/get/2017/10/13?token=eyJhbGciOiJIUzI1NiIsInR5cCI6IkpXVCJ9.eyJkYXRhIjp7ImlkIjoiNDAxM2U5NDItY2FhNC00YTRmLWE0MzktOTc4YjIwYmQ2ZTc3IiwibmFtZSI6ImFkbWluIiwiZ2VuZGVyIjp0cnVlLCJlbWFpbCI6IjM3ODMzODYyN0BxcS5jb20ifSwiaWF0IjoxNTA3NzkzMDY5LCJleHAiOjE1MDc4Nzk0Njl9.7DR36ptpXMF0lJJyslEV-COQi7tv4rjMPDwgBvuXUVQ
request client ip:  ::ffff:127.0.0.1
request query:  {"token":"eyJhbGciOiJIUzI1NiIsInR5cCI6IkpXVCJ9.eyJkYXRhIjp7ImlkIjoiNDAxM2U5NDItY2FhNC00YTRmLWE0MzktOTc4YjIwYmQ2ZTc3IiwibmFtZSI6ImFkbWluIiwiZ2VuZGVyIjp0cnVlLCJlbWFpbCI6IjM3ODMzODYyN0BxcS5jb20ifSwiaWF0IjoxNTA3NzkzMDY5LCJleHAiOjE1MDc4Nzk0Njl9.7DR36ptpXMF0lJJyslEV-COQi7tv4rjMPDwgBvuXUVQ"}
response time: 118
response status: 200
response body: 
{"status":0,"data":"20171013000"}
*************** response log end ***************

[2017-10-13 11:02:33.975] [INFO] resLogger - 
*************** response log start ***************
request method: GET
request originalUrl:  /api/groups/list?token=eyJhbGciOiJIUzI1NiIsInR5cCI6IkpXVCJ9.eyJkYXRhIjp7ImlkIjoiNDAxM2U5NDItY2FhNC00YTRmLWE0MzktOTc4YjIwYmQ2ZTc3IiwibmFtZSI6ImFkbWluIiwiZ2VuZGVyIjp0cnVlLCJlbWFpbCI6IjM3ODMzODYyN0BxcS5jb20ifSwiaWF0IjoxNTA3NzkzMDY5LCJleHAiOjE1MDc4Nzk0Njl9.7DR36ptpXMF0lJJyslEV-COQi7tv4rjMPDwgBvuXUVQ
request client ip:  ::ffff:127.0.0.1
request query:  {"token":"eyJhbGciOiJIUzI1NiIsInR5cCI6IkpXVCJ9.eyJkYXRhIjp7ImlkIjoiNDAxM2U5NDItY2FhNC00YTRmLWE0MzktOTc4YjIwYmQ2ZTc3IiwibmFtZSI6ImFkbWluIiwiZ2VuZGVyIjp0cnVlLCJlbWFpbCI6IjM3ODMzODYyN0BxcS5jb20ifSwiaWF0IjoxNTA3NzkzMDY5LCJleHAiOjE1MDc4Nzk0Njl9.7DR36ptpXMF0lJJyslEV-COQi7tv4rjMPDwgBvuXUVQ"}
response time: 63
response status: 200
response body: 
{"status":0,"data":[{"name":"控股","description":"group2","status":1,"id":"438bf931-ad64-41cc-ac56-aea1d48f5e79","createdAt":1507517600358,"updatedAt":1507517600358,"version":0},{"name":"管委会","description":"group1","status":1,"id":"ddda55ea-2654-46a2-a4d2-ea1ca08b1e6a","createdAt":1507517600162,"updatedAt":1507517600162,"version":0}],"total":2}
*************** response log end ***************

[2017-10-13 11:02:34.008] [INFO] resLogger - 
*************** response log start ***************
request method: GET
request originalUrl:  /api/corporations/list?token=eyJhbGciOiJIUzI1NiIsInR5cCI6IkpXVCJ9.eyJkYXRhIjp7ImlkIjoiNDAxM2U5NDItY2FhNC00YTRmLWE0MzktOTc4YjIwYmQ2ZTc3IiwibmFtZSI6ImFkbWluIiwiZ2VuZGVyIjp0cnVlLCJlbWFpbCI6IjM3ODMzODYyN0BxcS5jb20ifSwiaWF0IjoxNTA3NzkzMDY5LCJleHAiOjE1MDc4Nzk0Njl9.7DR36ptpXMF0lJJyslEV-COQi7tv4rjMPDwgBvuXUVQ&group=438bf931-ad64-41cc-ac56-aea1d48f5e79
request client ip:  ::ffff:127.0.0.1
request query:  {"token":"eyJhbGciOiJIUzI1NiIsInR5cCI6IkpXVCJ9.eyJkYXRhIjp7ImlkIjoiNDAxM2U5NDItY2FhNC00YTRmLWE0MzktOTc4YjIwYmQ2ZTc3IiwibmFtZSI6ImFkbWluIiwiZ2VuZGVyIjp0cnVlLCJlbWFpbCI6IjM3ODMzODYyN0BxcS5jb20ifSwiaWF0IjoxNTA3NzkzMDY5LCJleHAiOjE1MDc4Nzk0Njl9.7DR36ptpXMF0lJJyslEV-COQi7tv4rjMPDwgBvuXUVQ","group":"438bf931-ad64-41cc-ac56-aea1d48f5e79"}
response time: 56
response status: 200
response body: 
{"status":0,"data":[{"name":"控股公司","description":"控股公司","status":1,"groupId":"438bf931-ad64-41cc-ac56-aea1d48f5e79","id":"6deaa164-6881-4dfc-8f17-b73b1f99f133","createdAt":1507517602024,"updatedAt":1507517602024,"version":0,"group":{"name":"控股","description":"group2","status":1,"id":"438bf931-ad64-41cc-ac56-aea1d48f5e79","createdAt":1507517600358,"updatedAt":1507517600358,"version":0}}],"total":1}
*************** response log end ***************

[2017-10-13 11:02:34.101] [INFO] resLogger - 
*************** response log start ***************
request method: GET
request originalUrl:  /api/corporations/list?token=eyJhbGciOiJIUzI1NiIsInR5cCI6IkpXVCJ9.eyJkYXRhIjp7ImlkIjoiNDAxM2U5NDItY2FhNC00YTRmLWE0MzktOTc4YjIwYmQ2ZTc3IiwibmFtZSI6ImFkbWluIiwiZ2VuZGVyIjp0cnVlLCJlbWFpbCI6IjM3ODMzODYyN0BxcS5jb20ifSwiaWF0IjoxNTA3NzkzMDY5LCJleHAiOjE1MDc4Nzk0Njl9.7DR36ptpXMF0lJJyslEV-COQi7tv4rjMPDwgBvuXUVQ&group=438bf931-ad64-41cc-ac56-aea1d48f5e79
request client ip:  ::ffff:127.0.0.1
request query:  {"token":"eyJhbGciOiJIUzI1NiIsInR5cCI6IkpXVCJ9.eyJkYXRhIjp7ImlkIjoiNDAxM2U5NDItY2FhNC00YTRmLWE0MzktOTc4YjIwYmQ2ZTc3IiwibmFtZSI6ImFkbWluIiwiZ2VuZGVyIjp0cnVlLCJlbWFpbCI6IjM3ODMzODYyN0BxcS5jb20ifSwiaWF0IjoxNTA3NzkzMDY5LCJleHAiOjE1MDc4Nzk0Njl9.7DR36ptpXMF0lJJyslEV-COQi7tv4rjMPDwgBvuXUVQ","group":"438bf931-ad64-41cc-ac56-aea1d48f5e79"}
response time: 90
response status: 200
response body: 
{"status":0,"data":[{"name":"控股公司","description":"控股公司","status":1,"groupId":"438bf931-ad64-41cc-ac56-aea1d48f5e79","id":"6deaa164-6881-4dfc-8f17-b73b1f99f133","createdAt":1507517602024,"updatedAt":1507517602024,"version":0,"group":{"name":"控股","description":"group2","status":1,"id":"438bf931-ad64-41cc-ac56-aea1d48f5e79","createdAt":1507517600358,"updatedAt":1507517600358,"version":0}}],"total":1}
*************** response log end ***************

[2017-10-13 11:02:34.119] [INFO] resLogger - 
*************** response log start ***************
request method: GET
request originalUrl:  /api/corpBuildings/list/6deaa164-6881-4dfc-8f17-b73b1f99f133?token=eyJhbGciOiJIUzI1NiIsInR5cCI6IkpXVCJ9.eyJkYXRhIjp7ImlkIjoiNDAxM2U5NDItY2FhNC00YTRmLWE0MzktOTc4YjIwYmQ2ZTc3IiwibmFtZSI6ImFkbWluIiwiZ2VuZGVyIjp0cnVlLCJlbWFpbCI6IjM3ODMzODYyN0BxcS5jb20ifSwiaWF0IjoxNTA3NzkzMDY5LCJleHAiOjE1MDc4Nzk0Njl9.7DR36ptpXMF0lJJyslEV-COQi7tv4rjMPDwgBvuXUVQ
request client ip:  ::ffff:127.0.0.1
request query:  {"token":"eyJhbGciOiJIUzI1NiIsInR5cCI6IkpXVCJ9.eyJkYXRhIjp7ImlkIjoiNDAxM2U5NDItY2FhNC00YTRmLWE0MzktOTc4YjIwYmQ2ZTc3IiwibmFtZSI6ImFkbWluIiwiZ2VuZGVyIjp0cnVlLCJlbWFpbCI6IjM3ODMzODYyN0BxcS5jb20ifSwiaWF0IjoxNTA3NzkzMDY5LCJleHAiOjE1MDc4Nzk0Njl9.7DR36ptpXMF0lJJyslEV-COQi7tv4rjMPDwgBvuXUVQ"}
response time: 48
response status: 200
response body: 
{"status":0,"data":[{"corporationId":"6deaa164-6881-4dfc-8f17-b73b1f99f133","buildingId":"b7090d21-4f8f-44ff-849c-11ec1c1598eb","floor":7,"position":"A","status":1,"id":"72340177-c0b8-4cf6-8cb6-16abb0968cb2","createdAt":1507517602206,"updatedAt":1507517602206,"version":0,"building":{"name":"商务大厦南楼","address":"南","minfloor":1,"maxfloor":15,"status":1,"id":"b7090d21-4f8f-44ff-849c-11ec1c1598eb","createdAt":1507517600474,"updatedAt":1507517600474,"version":0}},{"corporationId":"6deaa164-6881-4dfc-8f17-b73b1f99f133","buildingId":"b7090d21-4f8f-44ff-849c-11ec1c1598eb","floor":6,"position":"A","status":1,"id":"349cef3e-e8a4-49ba-824c-e254196f7024","createdAt":1507517602113,"updatedAt":1507517602113,"version":0,"building":{"name":"商务大厦南楼","address":"南","minfloor":1,"maxfloor":15,"status":1,"id":"b7090d21-4f8f-44ff-849c-11ec1c1598eb","createdAt":1507517600474,"updatedAt":1507517600474,"version":0}}],"total":0}
*************** response log end ***************

[2017-10-13 11:02:34.158] [INFO] resLogger - 
*************** response log start ***************
request method: GET
request originalUrl:  /api/corpBuildings/list/6deaa164-6881-4dfc-8f17-b73b1f99f133?token=eyJhbGciOiJIUzI1NiIsInR5cCI6IkpXVCJ9.eyJkYXRhIjp7ImlkIjoiNDAxM2U5NDItY2FhNC00YTRmLWE0MzktOTc4YjIwYmQ2ZTc3IiwibmFtZSI6ImFkbWluIiwiZ2VuZGVyIjp0cnVlLCJlbWFpbCI6IjM3ODMzODYyN0BxcS5jb20ifSwiaWF0IjoxNTA3NzkzMDY5LCJleHAiOjE1MDc4Nzk0Njl9.7DR36ptpXMF0lJJyslEV-COQi7tv4rjMPDwgBvuXUVQ
request client ip:  ::ffff:127.0.0.1
request query:  {"token":"eyJhbGciOiJIUzI1NiIsInR5cCI6IkpXVCJ9.eyJkYXRhIjp7ImlkIjoiNDAxM2U5NDItY2FhNC00YTRmLWE0MzktOTc4YjIwYmQ2ZTc3IiwibmFtZSI6ImFkbWluIiwiZ2VuZGVyIjp0cnVlLCJlbWFpbCI6IjM3ODMzODYyN0BxcS5jb20ifSwiaWF0IjoxNTA3NzkzMDY5LCJleHAiOjE1MDc4Nzk0Njl9.7DR36ptpXMF0lJJyslEV-COQi7tv4rjMPDwgBvuXUVQ"}
response time: 35
response status: 200
response body: 
{"status":0,"data":[{"corporationId":"6deaa164-6881-4dfc-8f17-b73b1f99f133","buildingId":"b7090d21-4f8f-44ff-849c-11ec1c1598eb","floor":7,"position":"A","status":1,"id":"72340177-c0b8-4cf6-8cb6-16abb0968cb2","createdAt":1507517602206,"updatedAt":1507517602206,"version":0,"building":{"name":"商务大厦南楼","address":"南","minfloor":1,"maxfloor":15,"status":1,"id":"b7090d21-4f8f-44ff-849c-11ec1c1598eb","createdAt":1507517600474,"updatedAt":1507517600474,"version":0}},{"corporationId":"6deaa164-6881-4dfc-8f17-b73b1f99f133","buildingId":"b7090d21-4f8f-44ff-849c-11ec1c1598eb","floor":6,"position":"A","status":1,"id":"349cef3e-e8a4-49ba-824c-e254196f7024","createdAt":1507517602113,"updatedAt":1507517602113,"version":0,"building":{"name":"商务大厦南楼","address":"南","minfloor":1,"maxfloor":15,"status":1,"id":"b7090d21-4f8f-44ff-849c-11ec1c1598eb","createdAt":1507517600474,"updatedAt":1507517600474,"version":0}}],"total":0}
*************** response log end ***************

[2017-10-13 11:03:12.189] [INFO] resLogger - 
*************** response log start ***************
request method: GET
request originalUrl:  /api/user/?token=eyJhbGciOiJIUzI1NiIsInR5cCI6IkpXVCJ9.eyJkYXRhIjp7ImlkIjoiNDAxM2U5NDItY2FhNC00YTRmLWE0MzktOTc4YjIwYmQ2ZTc3IiwibmFtZSI6ImFkbWluIiwiZ2VuZGVyIjp0cnVlLCJlbWFpbCI6IjM3ODMzODYyN0BxcS5jb20ifSwiaWF0IjoxNTA3NzkzMDY5LCJleHAiOjE1MDc4Nzk0Njl9.7DR36ptpXMF0lJJyslEV-COQi7tv4rjMPDwgBvuXUVQ
request client ip:  ::ffff:127.0.0.1
request query:  {"token":"eyJhbGciOiJIUzI1NiIsInR5cCI6IkpXVCJ9.eyJkYXRhIjp7ImlkIjoiNDAxM2U5NDItY2FhNC00YTRmLWE0MzktOTc4YjIwYmQ2ZTc3IiwibmFtZSI6ImFkbWluIiwiZ2VuZGVyIjp0cnVlLCJlbWFpbCI6IjM3ODMzODYyN0BxcS5jb20ifSwiaWF0IjoxNTA3NzkzMDY5LCJleHAiOjE1MDc4Nzk0Njl9.7DR36ptpXMF0lJJyslEV-COQi7tv4rjMPDwgBvuXUVQ"}
response time: 58
response status: 200
response body: 
{"status":0,"data":{"name":"admin","email":"378338627@qq.com","phone":"15822927208","password":"$2a$10$od4sFeTxceyXrdqtDGOfqutTyt1BBlopmNYa6FnDZx981q8ES.Iii","gender":true,"token":"eyJhbGciOiJIUzI1NiIsInR5cCI6IkpXVCJ9.eyJkYXRhIjp7ImlkIjoiNDAxM2U5NDItY2FhNC00YTRmLWE0MzktOTc4YjIwYmQ2ZTc3IiwibmFtZSI6ImFkbWluIiwiZ2VuZGVyIjp0cnVlLCJlbWFpbCI6IjM3ODMzODYyN0BxcS5jb20ifSwiaWF0IjoxNTA3NzkzMDY5LCJleHAiOjE1MDc4Nzk0Njl9.7DR36ptpXMF0lJJyslEV-COQi7tv4rjMPDwgBvuXUVQ","canLogin":true,"status":1,"id":"4013e942-caa4-4a4f-a439-978b20bd6e77","createdAt":1507517600161,"updatedAt":1507793069941,"version":2}}
*************** response log end ***************

[2017-10-13 11:03:12.403] [INFO] resLogger - 
*************** response log start ***************
request method: GET
request originalUrl:  /api/groups/list?token=eyJhbGciOiJIUzI1NiIsInR5cCI6IkpXVCJ9.eyJkYXRhIjp7ImlkIjoiNDAxM2U5NDItY2FhNC00YTRmLWE0MzktOTc4YjIwYmQ2ZTc3IiwibmFtZSI6ImFkbWluIiwiZ2VuZGVyIjp0cnVlLCJlbWFpbCI6IjM3ODMzODYyN0BxcS5jb20ifSwiaWF0IjoxNTA3NzkzMDY5LCJleHAiOjE1MDc4Nzk0Njl9.7DR36ptpXMF0lJJyslEV-COQi7tv4rjMPDwgBvuXUVQ
request client ip:  ::ffff:127.0.0.1
request query:  {"token":"eyJhbGciOiJIUzI1NiIsInR5cCI6IkpXVCJ9.eyJkYXRhIjp7ImlkIjoiNDAxM2U5NDItY2FhNC00YTRmLWE0MzktOTc4YjIwYmQ2ZTc3IiwibmFtZSI6ImFkbWluIiwiZ2VuZGVyIjp0cnVlLCJlbWFpbCI6IjM3ODMzODYyN0BxcS5jb20ifSwiaWF0IjoxNTA3NzkzMDY5LCJleHAiOjE1MDc4Nzk0Njl9.7DR36ptpXMF0lJJyslEV-COQi7tv4rjMPDwgBvuXUVQ"}
response time: 95
response status: 200
response body: 
{"status":0,"data":[{"name":"控股","description":"group2","status":1,"id":"438bf931-ad64-41cc-ac56-aea1d48f5e79","createdAt":1507517600358,"updatedAt":1507517600358,"version":0},{"name":"管委会","description":"group1","status":1,"id":"ddda55ea-2654-46a2-a4d2-ea1ca08b1e6a","createdAt":1507517600162,"updatedAt":1507517600162,"version":0}],"total":2}
*************** response log end ***************

[2017-10-13 11:03:12.411] [INFO] resLogger - 
*************** response log start ***************
request method: GET
request originalUrl:  /api/order/getorderno/get/2017/10/13?token=eyJhbGciOiJIUzI1NiIsInR5cCI6IkpXVCJ9.eyJkYXRhIjp7ImlkIjoiNDAxM2U5NDItY2FhNC00YTRmLWE0MzktOTc4YjIwYmQ2ZTc3IiwibmFtZSI6ImFkbWluIiwiZ2VuZGVyIjp0cnVlLCJlbWFpbCI6IjM3ODMzODYyN0BxcS5jb20ifSwiaWF0IjoxNTA3NzkzMDY5LCJleHAiOjE1MDc4Nzk0Njl9.7DR36ptpXMF0lJJyslEV-COQi7tv4rjMPDwgBvuXUVQ
request client ip:  ::ffff:127.0.0.1
request query:  {"token":"eyJhbGciOiJIUzI1NiIsInR5cCI6IkpXVCJ9.eyJkYXRhIjp7ImlkIjoiNDAxM2U5NDItY2FhNC00YTRmLWE0MzktOTc4YjIwYmQ2ZTc3IiwibmFtZSI6ImFkbWluIiwiZ2VuZGVyIjp0cnVlLCJlbWFpbCI6IjM3ODMzODYyN0BxcS5jb20ifSwiaWF0IjoxNTA3NzkzMDY5LCJleHAiOjE1MDc4Nzk0Njl9.7DR36ptpXMF0lJJyslEV-COQi7tv4rjMPDwgBvuXUVQ"}
response time: 48
response status: 200
response body: 
{"status":0,"data":"20171013000"}
*************** response log end ***************

[2017-10-13 11:03:12.458] [INFO] resLogger - 
*************** response log start ***************
request method: GET
request originalUrl:  /api/groups/list?token=eyJhbGciOiJIUzI1NiIsInR5cCI6IkpXVCJ9.eyJkYXRhIjp7ImlkIjoiNDAxM2U5NDItY2FhNC00YTRmLWE0MzktOTc4YjIwYmQ2ZTc3IiwibmFtZSI6ImFkbWluIiwiZ2VuZGVyIjp0cnVlLCJlbWFpbCI6IjM3ODMzODYyN0BxcS5jb20ifSwiaWF0IjoxNTA3NzkzMDY5LCJleHAiOjE1MDc4Nzk0Njl9.7DR36ptpXMF0lJJyslEV-COQi7tv4rjMPDwgBvuXUVQ
request client ip:  ::ffff:127.0.0.1
request query:  {"token":"eyJhbGciOiJIUzI1NiIsInR5cCI6IkpXVCJ9.eyJkYXRhIjp7ImlkIjoiNDAxM2U5NDItY2FhNC00YTRmLWE0MzktOTc4YjIwYmQ2ZTc3IiwibmFtZSI6ImFkbWluIiwiZ2VuZGVyIjp0cnVlLCJlbWFpbCI6IjM3ODMzODYyN0BxcS5jb20ifSwiaWF0IjoxNTA3NzkzMDY5LCJleHAiOjE1MDc4Nzk0Njl9.7DR36ptpXMF0lJJyslEV-COQi7tv4rjMPDwgBvuXUVQ"}
response time: 45
response status: 200
response body: 
{"status":0,"data":[{"name":"控股","description":"group2","status":1,"id":"438bf931-ad64-41cc-ac56-aea1d48f5e79","createdAt":1507517600358,"updatedAt":1507517600358,"version":0},{"name":"管委会","description":"group1","status":1,"id":"ddda55ea-2654-46a2-a4d2-ea1ca08b1e6a","createdAt":1507517600162,"updatedAt":1507517600162,"version":0}],"total":2}
*************** response log end ***************

[2017-10-13 11:03:12.528] [INFO] resLogger - 
*************** response log start ***************
request method: GET
request originalUrl:  /api/corporations/list?token=eyJhbGciOiJIUzI1NiIsInR5cCI6IkpXVCJ9.eyJkYXRhIjp7ImlkIjoiNDAxM2U5NDItY2FhNC00YTRmLWE0MzktOTc4YjIwYmQ2ZTc3IiwibmFtZSI6ImFkbWluIiwiZ2VuZGVyIjp0cnVlLCJlbWFpbCI6IjM3ODMzODYyN0BxcS5jb20ifSwiaWF0IjoxNTA3NzkzMDY5LCJleHAiOjE1MDc4Nzk0Njl9.7DR36ptpXMF0lJJyslEV-COQi7tv4rjMPDwgBvuXUVQ&group=438bf931-ad64-41cc-ac56-aea1d48f5e79
request client ip:  ::ffff:127.0.0.1
request query:  {"token":"eyJhbGciOiJIUzI1NiIsInR5cCI6IkpXVCJ9.eyJkYXRhIjp7ImlkIjoiNDAxM2U5NDItY2FhNC00YTRmLWE0MzktOTc4YjIwYmQ2ZTc3IiwibmFtZSI6ImFkbWluIiwiZ2VuZGVyIjp0cnVlLCJlbWFpbCI6IjM3ODMzODYyN0BxcS5jb20ifSwiaWF0IjoxNTA3NzkzMDY5LCJleHAiOjE1MDc4Nzk0Njl9.7DR36ptpXMF0lJJyslEV-COQi7tv4rjMPDwgBvuXUVQ","group":"438bf931-ad64-41cc-ac56-aea1d48f5e79"}
response time: 51
response status: 200
response body: 
{"status":0,"data":[{"name":"控股公司","description":"控股公司","status":1,"groupId":"438bf931-ad64-41cc-ac56-aea1d48f5e79","id":"6deaa164-6881-4dfc-8f17-b73b1f99f133","createdAt":1507517602024,"updatedAt":1507517602024,"version":0,"group":{"name":"控股","description":"group2","status":1,"id":"438bf931-ad64-41cc-ac56-aea1d48f5e79","createdAt":1507517600358,"updatedAt":1507517600358,"version":0}}],"total":1}
*************** response log end ***************

[2017-10-13 11:03:12.623] [INFO] resLogger - 
*************** response log start ***************
request method: GET
request originalUrl:  /api/corporations/list?token=eyJhbGciOiJIUzI1NiIsInR5cCI6IkpXVCJ9.eyJkYXRhIjp7ImlkIjoiNDAxM2U5NDItY2FhNC00YTRmLWE0MzktOTc4YjIwYmQ2ZTc3IiwibmFtZSI6ImFkbWluIiwiZ2VuZGVyIjp0cnVlLCJlbWFpbCI6IjM3ODMzODYyN0BxcS5jb20ifSwiaWF0IjoxNTA3NzkzMDY5LCJleHAiOjE1MDc4Nzk0Njl9.7DR36ptpXMF0lJJyslEV-COQi7tv4rjMPDwgBvuXUVQ&group=438bf931-ad64-41cc-ac56-aea1d48f5e79
request client ip:  ::ffff:127.0.0.1
request query:  {"token":"eyJhbGciOiJIUzI1NiIsInR5cCI6IkpXVCJ9.eyJkYXRhIjp7ImlkIjoiNDAxM2U5NDItY2FhNC00YTRmLWE0MzktOTc4YjIwYmQ2ZTc3IiwibmFtZSI6ImFkbWluIiwiZ2VuZGVyIjp0cnVlLCJlbWFpbCI6IjM3ODMzODYyN0BxcS5jb20ifSwiaWF0IjoxNTA3NzkzMDY5LCJleHAiOjE1MDc4Nzk0Njl9.7DR36ptpXMF0lJJyslEV-COQi7tv4rjMPDwgBvuXUVQ","group":"438bf931-ad64-41cc-ac56-aea1d48f5e79"}
response time: 92
response status: 200
response body: 
{"status":0,"data":[{"name":"控股公司","description":"控股公司","status":1,"groupId":"438bf931-ad64-41cc-ac56-aea1d48f5e79","id":"6deaa164-6881-4dfc-8f17-b73b1f99f133","createdAt":1507517602024,"updatedAt":1507517602024,"version":0,"group":{"name":"控股","description":"group2","status":1,"id":"438bf931-ad64-41cc-ac56-aea1d48f5e79","createdAt":1507517600358,"updatedAt":1507517600358,"version":0}}],"total":1}
*************** response log end ***************

[2017-10-13 11:03:12.635] [INFO] resLogger - 
*************** response log start ***************
request method: GET
request originalUrl:  /api/corpBuildings/list/6deaa164-6881-4dfc-8f17-b73b1f99f133?token=eyJhbGciOiJIUzI1NiIsInR5cCI6IkpXVCJ9.eyJkYXRhIjp7ImlkIjoiNDAxM2U5NDItY2FhNC00YTRmLWE0MzktOTc4YjIwYmQ2ZTc3IiwibmFtZSI6ImFkbWluIiwiZ2VuZGVyIjp0cnVlLCJlbWFpbCI6IjM3ODMzODYyN0BxcS5jb20ifSwiaWF0IjoxNTA3NzkzMDY5LCJleHAiOjE1MDc4Nzk0Njl9.7DR36ptpXMF0lJJyslEV-COQi7tv4rjMPDwgBvuXUVQ
request client ip:  ::ffff:127.0.0.1
request query:  {"token":"eyJhbGciOiJIUzI1NiIsInR5cCI6IkpXVCJ9.eyJkYXRhIjp7ImlkIjoiNDAxM2U5NDItY2FhNC00YTRmLWE0MzktOTc4YjIwYmQ2ZTc3IiwibmFtZSI6ImFkbWluIiwiZ2VuZGVyIjp0cnVlLCJlbWFpbCI6IjM3ODMzODYyN0BxcS5jb20ifSwiaWF0IjoxNTA3NzkzMDY5LCJleHAiOjE1MDc4Nzk0Njl9.7DR36ptpXMF0lJJyslEV-COQi7tv4rjMPDwgBvuXUVQ"}
response time: 53
response status: 200
response body: 
{"status":0,"data":[{"corporationId":"6deaa164-6881-4dfc-8f17-b73b1f99f133","buildingId":"b7090d21-4f8f-44ff-849c-11ec1c1598eb","floor":7,"position":"A","status":1,"id":"72340177-c0b8-4cf6-8cb6-16abb0968cb2","createdAt":1507517602206,"updatedAt":1507517602206,"version":0,"building":{"name":"商务大厦南楼","address":"南","minfloor":1,"maxfloor":15,"status":1,"id":"b7090d21-4f8f-44ff-849c-11ec1c1598eb","createdAt":1507517600474,"updatedAt":1507517600474,"version":0}},{"corporationId":"6deaa164-6881-4dfc-8f17-b73b1f99f133","buildingId":"b7090d21-4f8f-44ff-849c-11ec1c1598eb","floor":6,"position":"A","status":1,"id":"349cef3e-e8a4-49ba-824c-e254196f7024","createdAt":1507517602113,"updatedAt":1507517602113,"version":0,"building":{"name":"商务大厦南楼","address":"南","minfloor":1,"maxfloor":15,"status":1,"id":"b7090d21-4f8f-44ff-849c-11ec1c1598eb","createdAt":1507517600474,"updatedAt":1507517600474,"version":0}}],"total":0}
*************** response log end ***************

[2017-10-13 11:03:12.669] [INFO] resLogger - 
*************** response log start ***************
request method: GET
request originalUrl:  /api/corpBuildings/list/6deaa164-6881-4dfc-8f17-b73b1f99f133?token=eyJhbGciOiJIUzI1NiIsInR5cCI6IkpXVCJ9.eyJkYXRhIjp7ImlkIjoiNDAxM2U5NDItY2FhNC00YTRmLWE0MzktOTc4YjIwYmQ2ZTc3IiwibmFtZSI6ImFkbWluIiwiZ2VuZGVyIjp0cnVlLCJlbWFpbCI6IjM3ODMzODYyN0BxcS5jb20ifSwiaWF0IjoxNTA3NzkzMDY5LCJleHAiOjE1MDc4Nzk0Njl9.7DR36ptpXMF0lJJyslEV-COQi7tv4rjMPDwgBvuXUVQ
request client ip:  ::ffff:127.0.0.1
request query:  {"token":"eyJhbGciOiJIUzI1NiIsInR5cCI6IkpXVCJ9.eyJkYXRhIjp7ImlkIjoiNDAxM2U5NDItY2FhNC00YTRmLWE0MzktOTc4YjIwYmQ2ZTc3IiwibmFtZSI6ImFkbWluIiwiZ2VuZGVyIjp0cnVlLCJlbWFpbCI6IjM3ODMzODYyN0BxcS5jb20ifSwiaWF0IjoxNTA3NzkzMDY5LCJleHAiOjE1MDc4Nzk0Njl9.7DR36ptpXMF0lJJyslEV-COQi7tv4rjMPDwgBvuXUVQ"}
response time: 32
response status: 200
response body: 
{"status":0,"data":[{"corporationId":"6deaa164-6881-4dfc-8f17-b73b1f99f133","buildingId":"b7090d21-4f8f-44ff-849c-11ec1c1598eb","floor":7,"position":"A","status":1,"id":"72340177-c0b8-4cf6-8cb6-16abb0968cb2","createdAt":1507517602206,"updatedAt":1507517602206,"version":0,"building":{"name":"商务大厦南楼","address":"南","minfloor":1,"maxfloor":15,"status":1,"id":"b7090d21-4f8f-44ff-849c-11ec1c1598eb","createdAt":1507517600474,"updatedAt":1507517600474,"version":0}},{"corporationId":"6deaa164-6881-4dfc-8f17-b73b1f99f133","buildingId":"b7090d21-4f8f-44ff-849c-11ec1c1598eb","floor":6,"position":"A","status":1,"id":"349cef3e-e8a4-49ba-824c-e254196f7024","createdAt":1507517602113,"updatedAt":1507517602113,"version":0,"building":{"name":"商务大厦南楼","address":"南","minfloor":1,"maxfloor":15,"status":1,"id":"b7090d21-4f8f-44ff-849c-11ec1c1598eb","createdAt":1507517600474,"updatedAt":1507517600474,"version":0}}],"total":0}
*************** response log end ***************

[2017-10-13 11:09:01.928] [INFO] resLogger - 
*************** response log start ***************
request method: GET
request originalUrl:  /api/user/?token=eyJhbGciOiJIUzI1NiIsInR5cCI6IkpXVCJ9.eyJkYXRhIjp7ImlkIjoiNDAxM2U5NDItY2FhNC00YTRmLWE0MzktOTc4YjIwYmQ2ZTc3IiwibmFtZSI6ImFkbWluIiwiZ2VuZGVyIjp0cnVlLCJlbWFpbCI6IjM3ODMzODYyN0BxcS5jb20ifSwiaWF0IjoxNTA3NzkzMDY5LCJleHAiOjE1MDc4Nzk0Njl9.7DR36ptpXMF0lJJyslEV-COQi7tv4rjMPDwgBvuXUVQ
request client ip:  ::ffff:127.0.0.1
request query:  {"token":"eyJhbGciOiJIUzI1NiIsInR5cCI6IkpXVCJ9.eyJkYXRhIjp7ImlkIjoiNDAxM2U5NDItY2FhNC00YTRmLWE0MzktOTc4YjIwYmQ2ZTc3IiwibmFtZSI6ImFkbWluIiwiZ2VuZGVyIjp0cnVlLCJlbWFpbCI6IjM3ODMzODYyN0BxcS5jb20ifSwiaWF0IjoxNTA3NzkzMDY5LCJleHAiOjE1MDc4Nzk0Njl9.7DR36ptpXMF0lJJyslEV-COQi7tv4rjMPDwgBvuXUVQ"}
response time: 88
response status: 200
response body: 
{"status":0,"data":{"name":"admin","email":"378338627@qq.com","phone":"15822927208","password":"$2a$10$od4sFeTxceyXrdqtDGOfqutTyt1BBlopmNYa6FnDZx981q8ES.Iii","gender":true,"token":"eyJhbGciOiJIUzI1NiIsInR5cCI6IkpXVCJ9.eyJkYXRhIjp7ImlkIjoiNDAxM2U5NDItY2FhNC00YTRmLWE0MzktOTc4YjIwYmQ2ZTc3IiwibmFtZSI6ImFkbWluIiwiZ2VuZGVyIjp0cnVlLCJlbWFpbCI6IjM3ODMzODYyN0BxcS5jb20ifSwiaWF0IjoxNTA3NzkzMDY5LCJleHAiOjE1MDc4Nzk0Njl9.7DR36ptpXMF0lJJyslEV-COQi7tv4rjMPDwgBvuXUVQ","canLogin":true,"status":1,"id":"4013e942-caa4-4a4f-a439-978b20bd6e77","createdAt":1507517600161,"updatedAt":1507793069941,"version":2}}
*************** response log end ***************

[2017-10-13 11:09:02.150] [INFO] resLogger - 
*************** response log start ***************
request method: GET
request originalUrl:  /api/groups/list?token=eyJhbGciOiJIUzI1NiIsInR5cCI6IkpXVCJ9.eyJkYXRhIjp7ImlkIjoiNDAxM2U5NDItY2FhNC00YTRmLWE0MzktOTc4YjIwYmQ2ZTc3IiwibmFtZSI6ImFkbWluIiwiZ2VuZGVyIjp0cnVlLCJlbWFpbCI6IjM3ODMzODYyN0BxcS5jb20ifSwiaWF0IjoxNTA3NzkzMDY5LCJleHAiOjE1MDc4Nzk0Njl9.7DR36ptpXMF0lJJyslEV-COQi7tv4rjMPDwgBvuXUVQ
request client ip:  ::ffff:127.0.0.1
request query:  {"token":"eyJhbGciOiJIUzI1NiIsInR5cCI6IkpXVCJ9.eyJkYXRhIjp7ImlkIjoiNDAxM2U5NDItY2FhNC00YTRmLWE0MzktOTc4YjIwYmQ2ZTc3IiwibmFtZSI6ImFkbWluIiwiZ2VuZGVyIjp0cnVlLCJlbWFpbCI6IjM3ODMzODYyN0BxcS5jb20ifSwiaWF0IjoxNTA3NzkzMDY5LCJleHAiOjE1MDc4Nzk0Njl9.7DR36ptpXMF0lJJyslEV-COQi7tv4rjMPDwgBvuXUVQ"}
response time: 97
response status: 200
response body: 
{"status":0,"data":[{"name":"控股","description":"group2","status":1,"id":"438bf931-ad64-41cc-ac56-aea1d48f5e79","createdAt":1507517600358,"updatedAt":1507517600358,"version":0},{"name":"管委会","description":"group1","status":1,"id":"ddda55ea-2654-46a2-a4d2-ea1ca08b1e6a","createdAt":1507517600162,"updatedAt":1507517600162,"version":0}],"total":2}
*************** response log end ***************

[2017-10-13 11:09:02.158] [INFO] resLogger - 
*************** response log start ***************
request method: GET
request originalUrl:  /api/order/getorderno/get/2017/10/13?token=eyJhbGciOiJIUzI1NiIsInR5cCI6IkpXVCJ9.eyJkYXRhIjp7ImlkIjoiNDAxM2U5NDItY2FhNC00YTRmLWE0MzktOTc4YjIwYmQ2ZTc3IiwibmFtZSI6ImFkbWluIiwiZ2VuZGVyIjp0cnVlLCJlbWFpbCI6IjM3ODMzODYyN0BxcS5jb20ifSwiaWF0IjoxNTA3NzkzMDY5LCJleHAiOjE1MDc4Nzk0Njl9.7DR36ptpXMF0lJJyslEV-COQi7tv4rjMPDwgBvuXUVQ
request client ip:  ::ffff:127.0.0.1
request query:  {"token":"eyJhbGciOiJIUzI1NiIsInR5cCI6IkpXVCJ9.eyJkYXRhIjp7ImlkIjoiNDAxM2U5NDItY2FhNC00YTRmLWE0MzktOTc4YjIwYmQ2ZTc3IiwibmFtZSI6ImFkbWluIiwiZ2VuZGVyIjp0cnVlLCJlbWFpbCI6IjM3ODMzODYyN0BxcS5jb20ifSwiaWF0IjoxNTA3NzkzMDY5LCJleHAiOjE1MDc4Nzk0Njl9.7DR36ptpXMF0lJJyslEV-COQi7tv4rjMPDwgBvuXUVQ"}
response time: 46
response status: 200
response body: 
{"status":0,"data":"20171013000"}
*************** response log end ***************

[2017-10-13 11:09:02.231] [INFO] resLogger - 
*************** response log start ***************
request method: GET
request originalUrl:  /api/groups/list?token=eyJhbGciOiJIUzI1NiIsInR5cCI6IkpXVCJ9.eyJkYXRhIjp7ImlkIjoiNDAxM2U5NDItY2FhNC00YTRmLWE0MzktOTc4YjIwYmQ2ZTc3IiwibmFtZSI6ImFkbWluIiwiZ2VuZGVyIjp0cnVlLCJlbWFpbCI6IjM3ODMzODYyN0BxcS5jb20ifSwiaWF0IjoxNTA3NzkzMDY5LCJleHAiOjE1MDc4Nzk0Njl9.7DR36ptpXMF0lJJyslEV-COQi7tv4rjMPDwgBvuXUVQ
request client ip:  ::ffff:127.0.0.1
request query:  {"token":"eyJhbGciOiJIUzI1NiIsInR5cCI6IkpXVCJ9.eyJkYXRhIjp7ImlkIjoiNDAxM2U5NDItY2FhNC00YTRmLWE0MzktOTc4YjIwYmQ2ZTc3IiwibmFtZSI6ImFkbWluIiwiZ2VuZGVyIjp0cnVlLCJlbWFpbCI6IjM3ODMzODYyN0BxcS5jb20ifSwiaWF0IjoxNTA3NzkzMDY5LCJleHAiOjE1MDc4Nzk0Njl9.7DR36ptpXMF0lJJyslEV-COQi7tv4rjMPDwgBvuXUVQ"}
response time: 72
response status: 200
response body: 
{"status":0,"data":[{"name":"控股","description":"group2","status":1,"id":"438bf931-ad64-41cc-ac56-aea1d48f5e79","createdAt":1507517600358,"updatedAt":1507517600358,"version":0},{"name":"管委会","description":"group1","status":1,"id":"ddda55ea-2654-46a2-a4d2-ea1ca08b1e6a","createdAt":1507517600162,"updatedAt":1507517600162,"version":0}],"total":2}
*************** response log end ***************

[2017-10-13 11:09:02.372] [INFO] resLogger - 
*************** response log start ***************
request method: GET
request originalUrl:  /api/corporations/list?token=eyJhbGciOiJIUzI1NiIsInR5cCI6IkpXVCJ9.eyJkYXRhIjp7ImlkIjoiNDAxM2U5NDItY2FhNC00YTRmLWE0MzktOTc4YjIwYmQ2ZTc3IiwibmFtZSI6ImFkbWluIiwiZ2VuZGVyIjp0cnVlLCJlbWFpbCI6IjM3ODMzODYyN0BxcS5jb20ifSwiaWF0IjoxNTA3NzkzMDY5LCJleHAiOjE1MDc4Nzk0Njl9.7DR36ptpXMF0lJJyslEV-COQi7tv4rjMPDwgBvuXUVQ&group=438bf931-ad64-41cc-ac56-aea1d48f5e79
request client ip:  ::ffff:127.0.0.1
request query:  {"token":"eyJhbGciOiJIUzI1NiIsInR5cCI6IkpXVCJ9.eyJkYXRhIjp7ImlkIjoiNDAxM2U5NDItY2FhNC00YTRmLWE0MzktOTc4YjIwYmQ2ZTc3IiwibmFtZSI6ImFkbWluIiwiZ2VuZGVyIjp0cnVlLCJlbWFpbCI6IjM3ODMzODYyN0BxcS5jb20ifSwiaWF0IjoxNTA3NzkzMDY5LCJleHAiOjE1MDc4Nzk0Njl9.7DR36ptpXMF0lJJyslEV-COQi7tv4rjMPDwgBvuXUVQ","group":"438bf931-ad64-41cc-ac56-aea1d48f5e79"}
response time: 92
response status: 200
response body: 
{"status":0,"data":[{"name":"控股公司","description":"控股公司","status":1,"groupId":"438bf931-ad64-41cc-ac56-aea1d48f5e79","id":"6deaa164-6881-4dfc-8f17-b73b1f99f133","createdAt":1507517602024,"updatedAt":1507517602024,"version":0,"group":{"name":"控股","description":"group2","status":1,"id":"438bf931-ad64-41cc-ac56-aea1d48f5e79","createdAt":1507517600358,"updatedAt":1507517600358,"version":0}}],"total":1}
*************** response log end ***************

[2017-10-13 11:09:02.546] [INFO] resLogger - 
*************** response log start ***************
request method: GET
request originalUrl:  /api/corporations/list?token=eyJhbGciOiJIUzI1NiIsInR5cCI6IkpXVCJ9.eyJkYXRhIjp7ImlkIjoiNDAxM2U5NDItY2FhNC00YTRmLWE0MzktOTc4YjIwYmQ2ZTc3IiwibmFtZSI6ImFkbWluIiwiZ2VuZGVyIjp0cnVlLCJlbWFpbCI6IjM3ODMzODYyN0BxcS5jb20ifSwiaWF0IjoxNTA3NzkzMDY5LCJleHAiOjE1MDc4Nzk0Njl9.7DR36ptpXMF0lJJyslEV-COQi7tv4rjMPDwgBvuXUVQ&group=438bf931-ad64-41cc-ac56-aea1d48f5e79
request client ip:  ::ffff:127.0.0.1
request query:  {"token":"eyJhbGciOiJIUzI1NiIsInR5cCI6IkpXVCJ9.eyJkYXRhIjp7ImlkIjoiNDAxM2U5NDItY2FhNC00YTRmLWE0MzktOTc4YjIwYmQ2ZTc3IiwibmFtZSI6ImFkbWluIiwiZ2VuZGVyIjp0cnVlLCJlbWFpbCI6IjM3ODMzODYyN0BxcS5jb20ifSwiaWF0IjoxNTA3NzkzMDY5LCJleHAiOjE1MDc4Nzk0Njl9.7DR36ptpXMF0lJJyslEV-COQi7tv4rjMPDwgBvuXUVQ","group":"438bf931-ad64-41cc-ac56-aea1d48f5e79"}
response time: 160
response status: 200
response body: 
{"status":0,"data":[{"name":"控股公司","description":"控股公司","status":1,"groupId":"438bf931-ad64-41cc-ac56-aea1d48f5e79","id":"6deaa164-6881-4dfc-8f17-b73b1f99f133","createdAt":1507517602024,"updatedAt":1507517602024,"version":0,"group":{"name":"控股","description":"group2","status":1,"id":"438bf931-ad64-41cc-ac56-aea1d48f5e79","createdAt":1507517600358,"updatedAt":1507517600358,"version":0}}],"total":1}
*************** response log end ***************

[2017-10-13 11:09:02.563] [INFO] resLogger - 
*************** response log start ***************
request method: GET
request originalUrl:  /api/corpBuildings/list/6deaa164-6881-4dfc-8f17-b73b1f99f133?token=eyJhbGciOiJIUzI1NiIsInR5cCI6IkpXVCJ9.eyJkYXRhIjp7ImlkIjoiNDAxM2U5NDItY2FhNC00YTRmLWE0MzktOTc4YjIwYmQ2ZTc3IiwibmFtZSI6ImFkbWluIiwiZ2VuZGVyIjp0cnVlLCJlbWFpbCI6IjM3ODMzODYyN0BxcS5jb20ifSwiaWF0IjoxNTA3NzkzMDY5LCJleHAiOjE1MDc4Nzk0Njl9.7DR36ptpXMF0lJJyslEV-COQi7tv4rjMPDwgBvuXUVQ
request client ip:  ::ffff:127.0.0.1
request query:  {"token":"eyJhbGciOiJIUzI1NiIsInR5cCI6IkpXVCJ9.eyJkYXRhIjp7ImlkIjoiNDAxM2U5NDItY2FhNC00YTRmLWE0MzktOTc4YjIwYmQ2ZTc3IiwibmFtZSI6ImFkbWluIiwiZ2VuZGVyIjp0cnVlLCJlbWFpbCI6IjM3ODMzODYyN0BxcS5jb20ifSwiaWF0IjoxNTA3NzkzMDY5LCJleHAiOjE1MDc4Nzk0Njl9.7DR36ptpXMF0lJJyslEV-COQi7tv4rjMPDwgBvuXUVQ"}
response time: 103
response status: 200
response body: 
{"status":0,"data":[{"corporationId":"6deaa164-6881-4dfc-8f17-b73b1f99f133","buildingId":"b7090d21-4f8f-44ff-849c-11ec1c1598eb","floor":7,"position":"A","status":1,"id":"72340177-c0b8-4cf6-8cb6-16abb0968cb2","createdAt":1507517602206,"updatedAt":1507517602206,"version":0,"building":{"name":"商务大厦南楼","address":"南","minfloor":1,"maxfloor":15,"status":1,"id":"b7090d21-4f8f-44ff-849c-11ec1c1598eb","createdAt":1507517600474,"updatedAt":1507517600474,"version":0}},{"corporationId":"6deaa164-6881-4dfc-8f17-b73b1f99f133","buildingId":"b7090d21-4f8f-44ff-849c-11ec1c1598eb","floor":6,"position":"A","status":1,"id":"349cef3e-e8a4-49ba-824c-e254196f7024","createdAt":1507517602113,"updatedAt":1507517602113,"version":0,"building":{"name":"商务大厦南楼","address":"南","minfloor":1,"maxfloor":15,"status":1,"id":"b7090d21-4f8f-44ff-849c-11ec1c1598eb","createdAt":1507517600474,"updatedAt":1507517600474,"version":0}}],"total":0}
*************** response log end ***************

[2017-10-13 11:09:02.613] [INFO] resLogger - 
*************** response log start ***************
request method: GET
request originalUrl:  /api/corpBuildings/list/6deaa164-6881-4dfc-8f17-b73b1f99f133?token=eyJhbGciOiJIUzI1NiIsInR5cCI6IkpXVCJ9.eyJkYXRhIjp7ImlkIjoiNDAxM2U5NDItY2FhNC00YTRmLWE0MzktOTc4YjIwYmQ2ZTc3IiwibmFtZSI6ImFkbWluIiwiZ2VuZGVyIjp0cnVlLCJlbWFpbCI6IjM3ODMzODYyN0BxcS5jb20ifSwiaWF0IjoxNTA3NzkzMDY5LCJleHAiOjE1MDc4Nzk0Njl9.7DR36ptpXMF0lJJyslEV-COQi7tv4rjMPDwgBvuXUVQ
request client ip:  ::ffff:127.0.0.1
request query:  {"token":"eyJhbGciOiJIUzI1NiIsInR5cCI6IkpXVCJ9.eyJkYXRhIjp7ImlkIjoiNDAxM2U5NDItY2FhNC00YTRmLWE0MzktOTc4YjIwYmQ2ZTc3IiwibmFtZSI6ImFkbWluIiwiZ2VuZGVyIjp0cnVlLCJlbWFpbCI6IjM3ODMzODYyN0BxcS5jb20ifSwiaWF0IjoxNTA3NzkzMDY5LCJleHAiOjE1MDc4Nzk0Njl9.7DR36ptpXMF0lJJyslEV-COQi7tv4rjMPDwgBvuXUVQ"}
response time: 47
response status: 200
response body: 
{"status":0,"data":[{"corporationId":"6deaa164-6881-4dfc-8f17-b73b1f99f133","buildingId":"b7090d21-4f8f-44ff-849c-11ec1c1598eb","floor":7,"position":"A","status":1,"id":"72340177-c0b8-4cf6-8cb6-16abb0968cb2","createdAt":1507517602206,"updatedAt":1507517602206,"version":0,"building":{"name":"商务大厦南楼","address":"南","minfloor":1,"maxfloor":15,"status":1,"id":"b7090d21-4f8f-44ff-849c-11ec1c1598eb","createdAt":1507517600474,"updatedAt":1507517600474,"version":0}},{"corporationId":"6deaa164-6881-4dfc-8f17-b73b1f99f133","buildingId":"b7090d21-4f8f-44ff-849c-11ec1c1598eb","floor":6,"position":"A","status":1,"id":"349cef3e-e8a4-49ba-824c-e254196f7024","createdAt":1507517602113,"updatedAt":1507517602113,"version":0,"building":{"name":"商务大厦南楼","address":"南","minfloor":1,"maxfloor":15,"status":1,"id":"b7090d21-4f8f-44ff-849c-11ec1c1598eb","createdAt":1507517600474,"updatedAt":1507517600474,"version":0}}],"total":0}
*************** response log end ***************

[2017-10-13 11:14:59.139] [INFO] resLogger - 
*************** response log start ***************
request method: GET
request originalUrl:  /api/user/?token=eyJhbGciOiJIUzI1NiIsInR5cCI6IkpXVCJ9.eyJkYXRhIjp7ImlkIjoiNDAxM2U5NDItY2FhNC00YTRmLWE0MzktOTc4YjIwYmQ2ZTc3IiwibmFtZSI6ImFkbWluIiwiZ2VuZGVyIjp0cnVlLCJlbWFpbCI6IjM3ODMzODYyN0BxcS5jb20ifSwiaWF0IjoxNTA3NzkzMDY5LCJleHAiOjE1MDc4Nzk0Njl9.7DR36ptpXMF0lJJyslEV-COQi7tv4rjMPDwgBvuXUVQ
request client ip:  ::ffff:127.0.0.1
request query:  {"token":"eyJhbGciOiJIUzI1NiIsInR5cCI6IkpXVCJ9.eyJkYXRhIjp7ImlkIjoiNDAxM2U5NDItY2FhNC00YTRmLWE0MzktOTc4YjIwYmQ2ZTc3IiwibmFtZSI6ImFkbWluIiwiZ2VuZGVyIjp0cnVlLCJlbWFpbCI6IjM3ODMzODYyN0BxcS5jb20ifSwiaWF0IjoxNTA3NzkzMDY5LCJleHAiOjE1MDc4Nzk0Njl9.7DR36ptpXMF0lJJyslEV-COQi7tv4rjMPDwgBvuXUVQ"}
response time: 95
response status: 200
response body: 
{"status":0,"data":{"name":"admin","email":"378338627@qq.com","phone":"15822927208","password":"$2a$10$od4sFeTxceyXrdqtDGOfqutTyt1BBlopmNYa6FnDZx981q8ES.Iii","gender":true,"token":"eyJhbGciOiJIUzI1NiIsInR5cCI6IkpXVCJ9.eyJkYXRhIjp7ImlkIjoiNDAxM2U5NDItY2FhNC00YTRmLWE0MzktOTc4YjIwYmQ2ZTc3IiwibmFtZSI6ImFkbWluIiwiZ2VuZGVyIjp0cnVlLCJlbWFpbCI6IjM3ODMzODYyN0BxcS5jb20ifSwiaWF0IjoxNTA3NzkzMDY5LCJleHAiOjE1MDc4Nzk0Njl9.7DR36ptpXMF0lJJyslEV-COQi7tv4rjMPDwgBvuXUVQ","canLogin":true,"status":1,"id":"4013e942-caa4-4a4f-a439-978b20bd6e77","createdAt":1507517600161,"updatedAt":1507793069941,"version":2}}
*************** response log end ***************

[2017-10-13 11:14:59.405] [INFO] resLogger - 
*************** response log start ***************
request method: GET
request originalUrl:  /api/order/getorderno/get/2017/10/13?token=eyJhbGciOiJIUzI1NiIsInR5cCI6IkpXVCJ9.eyJkYXRhIjp7ImlkIjoiNDAxM2U5NDItY2FhNC00YTRmLWE0MzktOTc4YjIwYmQ2ZTc3IiwibmFtZSI6ImFkbWluIiwiZ2VuZGVyIjp0cnVlLCJlbWFpbCI6IjM3ODMzODYyN0BxcS5jb20ifSwiaWF0IjoxNTA3NzkzMDY5LCJleHAiOjE1MDc4Nzk0Njl9.7DR36ptpXMF0lJJyslEV-COQi7tv4rjMPDwgBvuXUVQ
request client ip:  ::ffff:127.0.0.1
request query:  {"token":"eyJhbGciOiJIUzI1NiIsInR5cCI6IkpXVCJ9.eyJkYXRhIjp7ImlkIjoiNDAxM2U5NDItY2FhNC00YTRmLWE0MzktOTc4YjIwYmQ2ZTc3IiwibmFtZSI6ImFkbWluIiwiZ2VuZGVyIjp0cnVlLCJlbWFpbCI6IjM3ODMzODYyN0BxcS5jb20ifSwiaWF0IjoxNTA3NzkzMDY5LCJleHAiOjE1MDc4Nzk0Njl9.7DR36ptpXMF0lJJyslEV-COQi7tv4rjMPDwgBvuXUVQ"}
response time: 84
response status: 200
response body: 
{"status":0,"data":"20171013000"}
*************** response log end ***************

[2017-10-13 11:14:59.418] [INFO] resLogger - 
*************** response log start ***************
request method: GET
request originalUrl:  /api/groups/list?token=eyJhbGciOiJIUzI1NiIsInR5cCI6IkpXVCJ9.eyJkYXRhIjp7ImlkIjoiNDAxM2U5NDItY2FhNC00YTRmLWE0MzktOTc4YjIwYmQ2ZTc3IiwibmFtZSI6ImFkbWluIiwiZ2VuZGVyIjp0cnVlLCJlbWFpbCI6IjM3ODMzODYyN0BxcS5jb20ifSwiaWF0IjoxNTA3NzkzMDY5LCJleHAiOjE1MDc4Nzk0Njl9.7DR36ptpXMF0lJJyslEV-COQi7tv4rjMPDwgBvuXUVQ
request client ip:  ::ffff:127.0.0.1
request query:  {"token":"eyJhbGciOiJIUzI1NiIsInR5cCI6IkpXVCJ9.eyJkYXRhIjp7ImlkIjoiNDAxM2U5NDItY2FhNC00YTRmLWE0MzktOTc4YjIwYmQ2ZTc3IiwibmFtZSI6ImFkbWluIiwiZ2VuZGVyIjp0cnVlLCJlbWFpbCI6IjM3ODMzODYyN0BxcS5jb20ifSwiaWF0IjoxNTA3NzkzMDY5LCJleHAiOjE1MDc4Nzk0Njl9.7DR36ptpXMF0lJJyslEV-COQi7tv4rjMPDwgBvuXUVQ"}
response time: 127
response status: 200
response body: 
{"status":0,"data":[{"name":"控股","description":"group2","status":1,"id":"438bf931-ad64-41cc-ac56-aea1d48f5e79","createdAt":1507517600358,"updatedAt":1507517600358,"version":0},{"name":"管委会","description":"group1","status":1,"id":"ddda55ea-2654-46a2-a4d2-ea1ca08b1e6a","createdAt":1507517600162,"updatedAt":1507517600162,"version":0}],"total":2}
*************** response log end ***************

[2017-10-13 11:14:59.470] [INFO] resLogger - 
*************** response log start ***************
request method: GET
request originalUrl:  /api/groups/list?token=eyJhbGciOiJIUzI1NiIsInR5cCI6IkpXVCJ9.eyJkYXRhIjp7ImlkIjoiNDAxM2U5NDItY2FhNC00YTRmLWE0MzktOTc4YjIwYmQ2ZTc3IiwibmFtZSI6ImFkbWluIiwiZ2VuZGVyIjp0cnVlLCJlbWFpbCI6IjM3ODMzODYyN0BxcS5jb20ifSwiaWF0IjoxNTA3NzkzMDY5LCJleHAiOjE1MDc4Nzk0Njl9.7DR36ptpXMF0lJJyslEV-COQi7tv4rjMPDwgBvuXUVQ
request client ip:  ::ffff:127.0.0.1
request query:  {"token":"eyJhbGciOiJIUzI1NiIsInR5cCI6IkpXVCJ9.eyJkYXRhIjp7ImlkIjoiNDAxM2U5NDItY2FhNC00YTRmLWE0MzktOTc4YjIwYmQ2ZTc3IiwibmFtZSI6ImFkbWluIiwiZ2VuZGVyIjp0cnVlLCJlbWFpbCI6IjM3ODMzODYyN0BxcS5jb20ifSwiaWF0IjoxNTA3NzkzMDY5LCJleHAiOjE1MDc4Nzk0Njl9.7DR36ptpXMF0lJJyslEV-COQi7tv4rjMPDwgBvuXUVQ"}
response time: 48
response status: 200
response body: 
{"status":0,"data":[{"name":"控股","description":"group2","status":1,"id":"438bf931-ad64-41cc-ac56-aea1d48f5e79","createdAt":1507517600358,"updatedAt":1507517600358,"version":0},{"name":"管委会","description":"group1","status":1,"id":"ddda55ea-2654-46a2-a4d2-ea1ca08b1e6a","createdAt":1507517600162,"updatedAt":1507517600162,"version":0}],"total":2}
*************** response log end ***************

[2017-10-13 11:14:59.525] [INFO] resLogger - 
*************** response log start ***************
request method: GET
request originalUrl:  /api/corporations/list?token=eyJhbGciOiJIUzI1NiIsInR5cCI6IkpXVCJ9.eyJkYXRhIjp7ImlkIjoiNDAxM2U5NDItY2FhNC00YTRmLWE0MzktOTc4YjIwYmQ2ZTc3IiwibmFtZSI6ImFkbWluIiwiZ2VuZGVyIjp0cnVlLCJlbWFpbCI6IjM3ODMzODYyN0BxcS5jb20ifSwiaWF0IjoxNTA3NzkzMDY5LCJleHAiOjE1MDc4Nzk0Njl9.7DR36ptpXMF0lJJyslEV-COQi7tv4rjMPDwgBvuXUVQ&group=438bf931-ad64-41cc-ac56-aea1d48f5e79
request client ip:  ::ffff:127.0.0.1
request query:  {"token":"eyJhbGciOiJIUzI1NiIsInR5cCI6IkpXVCJ9.eyJkYXRhIjp7ImlkIjoiNDAxM2U5NDItY2FhNC00YTRmLWE0MzktOTc4YjIwYmQ2ZTc3IiwibmFtZSI6ImFkbWluIiwiZ2VuZGVyIjp0cnVlLCJlbWFpbCI6IjM3ODMzODYyN0BxcS5jb20ifSwiaWF0IjoxNTA3NzkzMDY5LCJleHAiOjE1MDc4Nzk0Njl9.7DR36ptpXMF0lJJyslEV-COQi7tv4rjMPDwgBvuXUVQ","group":"438bf931-ad64-41cc-ac56-aea1d48f5e79"}
response time: 49
response status: 200
response body: 
{"status":0,"data":[{"name":"控股公司","description":"控股公司","status":1,"groupId":"438bf931-ad64-41cc-ac56-aea1d48f5e79","id":"6deaa164-6881-4dfc-8f17-b73b1f99f133","createdAt":1507517602024,"updatedAt":1507517602024,"version":0,"group":{"name":"控股","description":"group2","status":1,"id":"438bf931-ad64-41cc-ac56-aea1d48f5e79","createdAt":1507517600358,"updatedAt":1507517600358,"version":0}}],"total":1}
*************** response log end ***************

[2017-10-13 11:14:59.627] [INFO] resLogger - 
*************** response log start ***************
request method: GET
request originalUrl:  /api/corporations/list?token=eyJhbGciOiJIUzI1NiIsInR5cCI6IkpXVCJ9.eyJkYXRhIjp7ImlkIjoiNDAxM2U5NDItY2FhNC00YTRmLWE0MzktOTc4YjIwYmQ2ZTc3IiwibmFtZSI6ImFkbWluIiwiZ2VuZGVyIjp0cnVlLCJlbWFpbCI6IjM3ODMzODYyN0BxcS5jb20ifSwiaWF0IjoxNTA3NzkzMDY5LCJleHAiOjE1MDc4Nzk0Njl9.7DR36ptpXMF0lJJyslEV-COQi7tv4rjMPDwgBvuXUVQ&group=438bf931-ad64-41cc-ac56-aea1d48f5e79
request client ip:  ::ffff:127.0.0.1
request query:  {"token":"eyJhbGciOiJIUzI1NiIsInR5cCI6IkpXVCJ9.eyJkYXRhIjp7ImlkIjoiNDAxM2U5NDItY2FhNC00YTRmLWE0MzktOTc4YjIwYmQ2ZTc3IiwibmFtZSI6ImFkbWluIiwiZ2VuZGVyIjp0cnVlLCJlbWFpbCI6IjM3ODMzODYyN0BxcS5jb20ifSwiaWF0IjoxNTA3NzkzMDY5LCJleHAiOjE1MDc4Nzk0Njl9.7DR36ptpXMF0lJJyslEV-COQi7tv4rjMPDwgBvuXUVQ","group":"438bf931-ad64-41cc-ac56-aea1d48f5e79"}
response time: 99
response status: 200
response body: 
{"status":0,"data":[{"name":"控股公司","description":"控股公司","status":1,"groupId":"438bf931-ad64-41cc-ac56-aea1d48f5e79","id":"6deaa164-6881-4dfc-8f17-b73b1f99f133","createdAt":1507517602024,"updatedAt":1507517602024,"version":0,"group":{"name":"控股","description":"group2","status":1,"id":"438bf931-ad64-41cc-ac56-aea1d48f5e79","createdAt":1507517600358,"updatedAt":1507517600358,"version":0}}],"total":1}
*************** response log end ***************

[2017-10-13 11:14:59.646] [INFO] resLogger - 
*************** response log start ***************
request method: GET
request originalUrl:  /api/corpBuildings/list/6deaa164-6881-4dfc-8f17-b73b1f99f133?token=eyJhbGciOiJIUzI1NiIsInR5cCI6IkpXVCJ9.eyJkYXRhIjp7ImlkIjoiNDAxM2U5NDItY2FhNC00YTRmLWE0MzktOTc4YjIwYmQ2ZTc3IiwibmFtZSI6ImFkbWluIiwiZ2VuZGVyIjp0cnVlLCJlbWFpbCI6IjM3ODMzODYyN0BxcS5jb20ifSwiaWF0IjoxNTA3NzkzMDY5LCJleHAiOjE1MDc4Nzk0Njl9.7DR36ptpXMF0lJJyslEV-COQi7tv4rjMPDwgBvuXUVQ
request client ip:  ::ffff:127.0.0.1
request query:  {"token":"eyJhbGciOiJIUzI1NiIsInR5cCI6IkpXVCJ9.eyJkYXRhIjp7ImlkIjoiNDAxM2U5NDItY2FhNC00YTRmLWE0MzktOTc4YjIwYmQ2ZTc3IiwibmFtZSI6ImFkbWluIiwiZ2VuZGVyIjp0cnVlLCJlbWFpbCI6IjM3ODMzODYyN0BxcS5jb20ifSwiaWF0IjoxNTA3NzkzMDY5LCJleHAiOjE1MDc4Nzk0Njl9.7DR36ptpXMF0lJJyslEV-COQi7tv4rjMPDwgBvuXUVQ"}
response time: 61
response status: 200
response body: 
{"status":0,"data":[{"corporationId":"6deaa164-6881-4dfc-8f17-b73b1f99f133","buildingId":"b7090d21-4f8f-44ff-849c-11ec1c1598eb","floor":7,"position":"A","status":1,"id":"72340177-c0b8-4cf6-8cb6-16abb0968cb2","createdAt":1507517602206,"updatedAt":1507517602206,"version":0,"building":{"name":"商务大厦南楼","address":"南","minfloor":1,"maxfloor":15,"status":1,"id":"b7090d21-4f8f-44ff-849c-11ec1c1598eb","createdAt":1507517600474,"updatedAt":1507517600474,"version":0}},{"corporationId":"6deaa164-6881-4dfc-8f17-b73b1f99f133","buildingId":"b7090d21-4f8f-44ff-849c-11ec1c1598eb","floor":6,"position":"A","status":1,"id":"349cef3e-e8a4-49ba-824c-e254196f7024","createdAt":1507517602113,"updatedAt":1507517602113,"version":0,"building":{"name":"商务大厦南楼","address":"南","minfloor":1,"maxfloor":15,"status":1,"id":"b7090d21-4f8f-44ff-849c-11ec1c1598eb","createdAt":1507517600474,"updatedAt":1507517600474,"version":0}}],"total":0}
*************** response log end ***************

[2017-10-13 11:14:59.690] [INFO] resLogger - 
*************** response log start ***************
request method: GET
request originalUrl:  /api/corpBuildings/list/6deaa164-6881-4dfc-8f17-b73b1f99f133?token=eyJhbGciOiJIUzI1NiIsInR5cCI6IkpXVCJ9.eyJkYXRhIjp7ImlkIjoiNDAxM2U5NDItY2FhNC00YTRmLWE0MzktOTc4YjIwYmQ2ZTc3IiwibmFtZSI6ImFkbWluIiwiZ2VuZGVyIjp0cnVlLCJlbWFpbCI6IjM3ODMzODYyN0BxcS5jb20ifSwiaWF0IjoxNTA3NzkzMDY5LCJleHAiOjE1MDc4Nzk0Njl9.7DR36ptpXMF0lJJyslEV-COQi7tv4rjMPDwgBvuXUVQ
request client ip:  ::ffff:127.0.0.1
request query:  {"token":"eyJhbGciOiJIUzI1NiIsInR5cCI6IkpXVCJ9.eyJkYXRhIjp7ImlkIjoiNDAxM2U5NDItY2FhNC00YTRmLWE0MzktOTc4YjIwYmQ2ZTc3IiwibmFtZSI6ImFkbWluIiwiZ2VuZGVyIjp0cnVlLCJlbWFpbCI6IjM3ODMzODYyN0BxcS5jb20ifSwiaWF0IjoxNTA3NzkzMDY5LCJleHAiOjE1MDc4Nzk0Njl9.7DR36ptpXMF0lJJyslEV-COQi7tv4rjMPDwgBvuXUVQ"}
response time: 41
response status: 200
response body: 
{"status":0,"data":[{"corporationId":"6deaa164-6881-4dfc-8f17-b73b1f99f133","buildingId":"b7090d21-4f8f-44ff-849c-11ec1c1598eb","floor":7,"position":"A","status":1,"id":"72340177-c0b8-4cf6-8cb6-16abb0968cb2","createdAt":1507517602206,"updatedAt":1507517602206,"version":0,"building":{"name":"商务大厦南楼","address":"南","minfloor":1,"maxfloor":15,"status":1,"id":"b7090d21-4f8f-44ff-849c-11ec1c1598eb","createdAt":1507517600474,"updatedAt":1507517600474,"version":0}},{"corporationId":"6deaa164-6881-4dfc-8f17-b73b1f99f133","buildingId":"b7090d21-4f8f-44ff-849c-11ec1c1598eb","floor":6,"position":"A","status":1,"id":"349cef3e-e8a4-49ba-824c-e254196f7024","createdAt":1507517602113,"updatedAt":1507517602113,"version":0,"building":{"name":"商务大厦南楼","address":"南","minfloor":1,"maxfloor":15,"status":1,"id":"b7090d21-4f8f-44ff-849c-11ec1c1598eb","createdAt":1507517600474,"updatedAt":1507517600474,"version":0}}],"total":0}
*************** response log end ***************

