[2017-09-28 10:02:34.806] [INFO] resLogger - 
*************** response log start ***************
request method: GET
request originalUrl:  /api/business/list/page/2?token=eyJhbGciOiJIUzI1NiIsInR5cCI6IkpXVCJ9.eyJkYXRhIjp7ImlkIjoiYmNmOWNiM2UtMzA3Ny00NTMwLWE0NjAtNzM5ZmJhNjMzNTVkIiwibmFtZSI6ImFkbWluIiwiZ2VuZGVyIjp0cnVlLCJlbWFpbCI6IjM3ODMzODYyN0BxcS5jb20ifSwiaWF0IjoxNTA2NTYzMDc4LCJleHAiOjE1MDY2NDk0Nzh9.5ZbYSCt_pn0kIxFfCzZqosO7rBJxh3spx9wqo3dtIIw
request client ip:  ::ffff:127.0.0.1
request query:  {"token":"eyJhbGciOiJIUzI1NiIsInR5cCI6IkpXVCJ9.eyJkYXRhIjp7ImlkIjoiYmNmOWNiM2UtMzA3Ny00NTMwLWE0NjAtNzM5ZmJhNjMzNTVkIiwibmFtZSI6ImFkbWluIiwiZ2VuZGVyIjp0cnVlLCJlbWFpbCI6IjM3ODMzODYyN0BxcS5jb20ifSwiaWF0IjoxNTA2NTYzMDc4LCJleHAiOjE1MDY2NDk0Nzh9.5ZbYSCt_pn0kIxFfCzZqosO7rBJxh3spx9wqo3dtIIw"}
response time: 244
response status: 200
response body: 
{"status":0,"data":[{"type":"SOFTWARE","equipment":"浏览器","operation":"SETUP","weight":5,"remark":"","status":1,"id":"f736f1bb-6472-4f4b-bfd9-1de7495c9c96","createdAt":1506562927067,"updatedAt":1506562927067,"version":0,"equiptypesname":"软件","equipopsname":"安装"},{"type":"HARDWARE","equipment":"打印机","operation":"FIX","weight":5,"remark":"","status":1,"id":"0a884b4d-2dbc-4c0e-8c87-86c3dd6d150a","createdAt":1506562926963,"updatedAt":1506562926963,"version":0,"equiptypesname":"硬件","equipopsname":"故障"},{"type":"HARDWARE","equipment":"打印机","operation":"SETUP","weight":5,"remark":"","status":1,"id":"eda153e9-5d53-488d-91c4-81231bc9558f","createdAt":1506562926790,"updatedAt":1506562926790,"version":0,"equiptypesname":"硬件","equipopsname":"安装"},{"type":"HARDWARE","equipment":"电话","operation":"FIX","weight":5,"remark":"","status":1,"id":"b5659d66-8f70-4735-818f-bce77ec1492d","createdAt":1506562926704,"updatedAt":1506562926704,"version":0,"equiptypesname":"硬件","equipopsname":"故障"},{"type":"HARDWARE","equipment":"电话","operation":"SETUP","weight":5,"remark":"","status":1,"id":"87148cee-180d-4931-ab16-12bdda7e64e7","createdAt":1506562926627,"updatedAt":1506562926627,"version":0,"equiptypesname":"硬件","equipopsname":"安装"}],"total":15}
*************** response log end ***************

[2017-09-28 10:02:34.841] [INFO] resLogger - 
*************** response log start ***************
request method: GET
request originalUrl:  /favicon.ico
request client ip:  ::ffff:127.0.0.1
request query:  {}
response time: 11
response status: 200
response body: 
{"name":"jwtError","status":10003,"message":"身份验证错误！"}
*************** response log end ***************

[2017-09-28 10:02:46.648] [INFO] resLogger - 
*************** response log start ***************
request method: GET
request originalUrl:  /api/business/list/page/1?token=eyJhbGciOiJIUzI1NiIsInR5cCI6IkpXVCJ9.eyJkYXRhIjp7ImlkIjoiYmNmOWNiM2UtMzA3Ny00NTMwLWE0NjAtNzM5ZmJhNjMzNTVkIiwibmFtZSI6ImFkbWluIiwiZ2VuZGVyIjp0cnVlLCJlbWFpbCI6IjM3ODMzODYyN0BxcS5jb20ifSwiaWF0IjoxNTA2NTYzMDc4LCJleHAiOjE1MDY2NDk0Nzh9.5ZbYSCt_pn0kIxFfCzZqosO7rBJxh3spx9wqo3dtIIw
request client ip:  ::ffff:127.0.0.1
request query:  {"token":"eyJhbGciOiJIUzI1NiIsInR5cCI6IkpXVCJ9.eyJkYXRhIjp7ImlkIjoiYmNmOWNiM2UtMzA3Ny00NTMwLWE0NjAtNzM5ZmJhNjMzNTVkIiwibmFtZSI6ImFkbWluIiwiZ2VuZGVyIjp0cnVlLCJlbWFpbCI6IjM3ODMzODYyN0BxcS5jb20ifSwiaWF0IjoxNTA2NTYzMDc4LCJleHAiOjE1MDY2NDk0Nzh9.5ZbYSCt_pn0kIxFfCzZqosO7rBJxh3spx9wqo3dtIIw"}
response time: 67
response status: 200
response body: 
{"status":0,"data":[{"type":"HARDWARE","equipment":"笔记本电脑","operation":"FIX","weight":5,"remark":"","status":1,"id":"e4f92859-ceaa-414b-9b93-718a2b559165","createdAt":1506562928036,"updatedAt":1506562928036,"version":0,"equiptypesname":"硬件","equipopsname":"故障"},{"type":"HARDWARE","equipment":"笔记本电脑","operation":"SETUP","weight":5,"remark":"","status":1,"id":"89e2f8ed-8ca9-4815-8ba2-676252ef8b17","createdAt":1506562927935,"updatedAt":1506562927935,"version":0,"equiptypesname":"硬件","equipopsname":"安装"},{"type":"HARDWARE","equipment":"笔记本电脑","operation":"NOTSTART","weight":5,"remark":"","status":1,"id":"49fdea0a-ee99-43b0-9b5d-54f22620c5cc","createdAt":1506562927829,"updatedAt":1506562927829,"version":0,"equiptypesname":"硬件","equipopsname":"无法开机"},{"type":"HARDWARE","equipment":"电脑","operation":"SETUP","weight":5,"remark":"","status":1,"id":"9da1c073-513a-484a-99ff-7148109af71b","createdAt":1506562927757,"updatedAt":1506562927757,"version":0,"equiptypesname":"硬件","equipopsname":"安装"},{"type":"HARDWARE","equipment":"电脑","operation":"NOTSTART","weight":5,"remark":"","status":1,"id":"3486ae8c-66a3-455b-b839-e31639e58bad","createdAt":1506562927653,"updatedAt":1506562927653,"version":0,"equiptypesname":"硬件","equipopsname":"无法开机"},{"type":"SOFTWARE","equipment":"WORD","operation":"FIX","weight":5,"remark":"","status":1,"id":"969e8f2d-ad12-4e71-b843-bdc1b0e6db82","createdAt":1506562927568,"updatedAt":1506562927568,"version":0,"equiptypesname":"软件","equipopsname":"故障"},{"type":"SOFTWARE","equipment":"WORD","operation":"SETUP","weight":5,"remark":"","status":1,"id":"12786792-342c-4547-b0a4-b2d3b49809ee","createdAt":1506562927481,"updatedAt":1506562927481,"version":0,"equiptypesname":"软件","equipopsname":"安装"},{"type":"NETWORK","equipment":"IP地址","operation":"SET","weight":5,"remark":"","status":1,"id":"895ace0f-2b25-4e69-b9f0-1bb766c585e8","createdAt":1506562927334,"updatedAt":1506562927334,"version":0,"equiptypesname":"网络","equipopsname":"设置"},{"type":"NETWORK","equipment":"IP地址","operation":"CT","weight":5,"remark":"","status":1,"id":"89423cbc-26bf-4121-b752-54180b1d4a8a","createdAt":1506562927240,"updatedAt":1506562927240,"version":0,"equiptypesname":"网络","equipopsname":"冲突"},{"type":"SOFTWARE","equipment":"浏览器","operation":"FIX","weight":5,"remark":"","status":1,"id":"8ebc4c5c-b061-4b96-88e7-c7765a940177","createdAt":1506562927150,"updatedAt":1506562927150,"version":0,"equiptypesname":"软件","equipopsname":"故障"}],"total":15}
*************** response log end ***************

[2017-09-28 10:02:46.682] [INFO] resLogger - 
*************** response log start ***************
request method: GET
request originalUrl:  /favicon.ico
request client ip:  ::ffff:127.0.0.1
request query:  {}
response time: 8
response status: 200
response body: 
{"name":"jwtError","status":10003,"message":"身份验证错误！"}
*************** response log end ***************

[2017-09-28 10:02:52.047] [INFO] resLogger - 
*************** response log start ***************
request method: GET
request originalUrl:  /api/business/list/page/2?token=eyJhbGciOiJIUzI1NiIsInR5cCI6IkpXVCJ9.eyJkYXRhIjp7ImlkIjoiYmNmOWNiM2UtMzA3Ny00NTMwLWE0NjAtNzM5ZmJhNjMzNTVkIiwibmFtZSI6ImFkbWluIiwiZ2VuZGVyIjp0cnVlLCJlbWFpbCI6IjM3ODMzODYyN0BxcS5jb20ifSwiaWF0IjoxNTA2NTYzMDc4LCJleHAiOjE1MDY2NDk0Nzh9.5ZbYSCt_pn0kIxFfCzZqosO7rBJxh3spx9wqo3dtIIw
request client ip:  ::ffff:127.0.0.1
request query:  {"token":"eyJhbGciOiJIUzI1NiIsInR5cCI6IkpXVCJ9.eyJkYXRhIjp7ImlkIjoiYmNmOWNiM2UtMzA3Ny00NTMwLWE0NjAtNzM5ZmJhNjMzNTVkIiwibmFtZSI6ImFkbWluIiwiZ2VuZGVyIjp0cnVlLCJlbWFpbCI6IjM3ODMzODYyN0BxcS5jb20ifSwiaWF0IjoxNTA2NTYzMDc4LCJleHAiOjE1MDY2NDk0Nzh9.5ZbYSCt_pn0kIxFfCzZqosO7rBJxh3spx9wqo3dtIIw"}
response time: 84
response status: 200
response body: 
{"status":0,"data":[{"type":"SOFTWARE","equipment":"浏览器","operation":"SETUP","weight":5,"remark":"","status":1,"id":"f736f1bb-6472-4f4b-bfd9-1de7495c9c96","createdAt":1506562927067,"updatedAt":1506562927067,"version":0,"equiptypesname":"软件","equipopsname":"安装"},{"type":"HARDWARE","equipment":"打印机","operation":"FIX","weight":5,"remark":"","status":1,"id":"0a884b4d-2dbc-4c0e-8c87-86c3dd6d150a","createdAt":1506562926963,"updatedAt":1506562926963,"version":0,"equiptypesname":"硬件","equipopsname":"故障"},{"type":"HARDWARE","equipment":"打印机","operation":"SETUP","weight":5,"remark":"","status":1,"id":"eda153e9-5d53-488d-91c4-81231bc9558f","createdAt":1506562926790,"updatedAt":1506562926790,"version":0,"equiptypesname":"硬件","equipopsname":"安装"},{"type":"HARDWARE","equipment":"电话","operation":"FIX","weight":5,"remark":"","status":1,"id":"b5659d66-8f70-4735-818f-bce77ec1492d","createdAt":1506562926704,"updatedAt":1506562926704,"version":0,"equiptypesname":"硬件","equipopsname":"故障"},{"type":"HARDWARE","equipment":"电话","operation":"SETUP","weight":5,"remark":"","status":1,"id":"87148cee-180d-4931-ab16-12bdda7e64e7","createdAt":1506562926627,"updatedAt":1506562926627,"version":0,"equiptypesname":"硬件","equipopsname":"安装"}],"total":15}
*************** response log end ***************

[2017-09-28 10:02:54.400] [INFO] resLogger - 
*************** response log start ***************
request method: GET
request originalUrl:  /api/business/list/page/1?token=eyJhbGciOiJIUzI1NiIsInR5cCI6IkpXVCJ9.eyJkYXRhIjp7ImlkIjoiYmNmOWNiM2UtMzA3Ny00NTMwLWE0NjAtNzM5ZmJhNjMzNTVkIiwibmFtZSI6ImFkbWluIiwiZ2VuZGVyIjp0cnVlLCJlbWFpbCI6IjM3ODMzODYyN0BxcS5jb20ifSwiaWF0IjoxNTA2NTYzMDc4LCJleHAiOjE1MDY2NDk0Nzh9.5ZbYSCt_pn0kIxFfCzZqosO7rBJxh3spx9wqo3dtIIw
request client ip:  ::ffff:127.0.0.1
request query:  {"token":"eyJhbGciOiJIUzI1NiIsInR5cCI6IkpXVCJ9.eyJkYXRhIjp7ImlkIjoiYmNmOWNiM2UtMzA3Ny00NTMwLWE0NjAtNzM5ZmJhNjMzNTVkIiwibmFtZSI6ImFkbWluIiwiZ2VuZGVyIjp0cnVlLCJlbWFpbCI6IjM3ODMzODYyN0BxcS5jb20ifSwiaWF0IjoxNTA2NTYzMDc4LCJleHAiOjE1MDY2NDk0Nzh9.5ZbYSCt_pn0kIxFfCzZqosO7rBJxh3spx9wqo3dtIIw"}
response time: 71
response status: 200
response body: 
{"status":0,"data":[{"type":"HARDWARE","equipment":"笔记本电脑","operation":"FIX","weight":5,"remark":"","status":1,"id":"e4f92859-ceaa-414b-9b93-718a2b559165","createdAt":1506562928036,"updatedAt":1506562928036,"version":0,"equiptypesname":"硬件","equipopsname":"故障"},{"type":"HARDWARE","equipment":"笔记本电脑","operation":"SETUP","weight":5,"remark":"","status":1,"id":"89e2f8ed-8ca9-4815-8ba2-676252ef8b17","createdAt":1506562927935,"updatedAt":1506562927935,"version":0,"equiptypesname":"硬件","equipopsname":"安装"},{"type":"HARDWARE","equipment":"笔记本电脑","operation":"NOTSTART","weight":5,"remark":"","status":1,"id":"49fdea0a-ee99-43b0-9b5d-54f22620c5cc","createdAt":1506562927829,"updatedAt":1506562927829,"version":0,"equiptypesname":"硬件","equipopsname":"无法开机"},{"type":"HARDWARE","equipment":"电脑","operation":"SETUP","weight":5,"remark":"","status":1,"id":"9da1c073-513a-484a-99ff-7148109af71b","createdAt":1506562927757,"updatedAt":1506562927757,"version":0,"equiptypesname":"硬件","equipopsname":"安装"},{"type":"HARDWARE","equipment":"电脑","operation":"NOTSTART","weight":5,"remark":"","status":1,"id":"3486ae8c-66a3-455b-b839-e31639e58bad","createdAt":1506562927653,"updatedAt":1506562927653,"version":0,"equiptypesname":"硬件","equipopsname":"无法开机"},{"type":"SOFTWARE","equipment":"WORD","operation":"FIX","weight":5,"remark":"","status":1,"id":"969e8f2d-ad12-4e71-b843-bdc1b0e6db82","createdAt":1506562927568,"updatedAt":1506562927568,"version":0,"equiptypesname":"软件","equipopsname":"故障"},{"type":"SOFTWARE","equipment":"WORD","operation":"SETUP","weight":5,"remark":"","status":1,"id":"12786792-342c-4547-b0a4-b2d3b49809ee","createdAt":1506562927481,"updatedAt":1506562927481,"version":0,"equiptypesname":"软件","equipopsname":"安装"},{"type":"NETWORK","equipment":"IP地址","operation":"SET","weight":5,"remark":"","status":1,"id":"895ace0f-2b25-4e69-b9f0-1bb766c585e8","createdAt":1506562927334,"updatedAt":1506562927334,"version":0,"equiptypesname":"网络","equipopsname":"设置"},{"type":"NETWORK","equipment":"IP地址","operation":"CT","weight":5,"remark":"","status":1,"id":"89423cbc-26bf-4121-b752-54180b1d4a8a","createdAt":1506562927240,"updatedAt":1506562927240,"version":0,"equiptypesname":"网络","equipopsname":"冲突"},{"type":"SOFTWARE","equipment":"浏览器","operation":"FIX","weight":5,"remark":"","status":1,"id":"8ebc4c5c-b061-4b96-88e7-c7765a940177","createdAt":1506562927150,"updatedAt":1506562927150,"version":0,"equiptypesname":"软件","equipopsname":"故障"}],"total":15}
*************** response log end ***************

[2017-09-28 10:02:56.976] [INFO] resLogger - 
*************** response log start ***************
request method: GET
request originalUrl:  /api/business/list/page/2?token=eyJhbGciOiJIUzI1NiIsInR5cCI6IkpXVCJ9.eyJkYXRhIjp7ImlkIjoiYmNmOWNiM2UtMzA3Ny00NTMwLWE0NjAtNzM5ZmJhNjMzNTVkIiwibmFtZSI6ImFkbWluIiwiZ2VuZGVyIjp0cnVlLCJlbWFpbCI6IjM3ODMzODYyN0BxcS5jb20ifSwiaWF0IjoxNTA2NTYzMDc4LCJleHAiOjE1MDY2NDk0Nzh9.5ZbYSCt_pn0kIxFfCzZqosO7rBJxh3spx9wqo3dtIIw
request client ip:  ::ffff:127.0.0.1
request query:  {"token":"eyJhbGciOiJIUzI1NiIsInR5cCI6IkpXVCJ9.eyJkYXRhIjp7ImlkIjoiYmNmOWNiM2UtMzA3Ny00NTMwLWE0NjAtNzM5ZmJhNjMzNTVkIiwibmFtZSI6ImFkbWluIiwiZ2VuZGVyIjp0cnVlLCJlbWFpbCI6IjM3ODMzODYyN0BxcS5jb20ifSwiaWF0IjoxNTA2NTYzMDc4LCJleHAiOjE1MDY2NDk0Nzh9.5ZbYSCt_pn0kIxFfCzZqosO7rBJxh3spx9wqo3dtIIw"}
response time: 109
response status: 200
response body: 
{"status":0,"data":[{"type":"SOFTWARE","equipment":"浏览器","operation":"SETUP","weight":5,"remark":"","status":1,"id":"f736f1bb-6472-4f4b-bfd9-1de7495c9c96","createdAt":1506562927067,"updatedAt":1506562927067,"version":0,"equiptypesname":"软件","equipopsname":"安装"},{"type":"HARDWARE","equipment":"打印机","operation":"FIX","weight":5,"remark":"","status":1,"id":"0a884b4d-2dbc-4c0e-8c87-86c3dd6d150a","createdAt":1506562926963,"updatedAt":1506562926963,"version":0,"equiptypesname":"硬件","equipopsname":"故障"},{"type":"HARDWARE","equipment":"打印机","operation":"SETUP","weight":5,"remark":"","status":1,"id":"eda153e9-5d53-488d-91c4-81231bc9558f","createdAt":1506562926790,"updatedAt":1506562926790,"version":0,"equiptypesname":"硬件","equipopsname":"安装"},{"type":"HARDWARE","equipment":"电话","operation":"FIX","weight":5,"remark":"","status":1,"id":"b5659d66-8f70-4735-818f-bce77ec1492d","createdAt":1506562926704,"updatedAt":1506562926704,"version":0,"equiptypesname":"硬件","equipopsname":"故障"},{"type":"HARDWARE","equipment":"电话","operation":"SETUP","weight":5,"remark":"","status":1,"id":"87148cee-180d-4931-ab16-12bdda7e64e7","createdAt":1506562926627,"updatedAt":1506562926627,"version":0,"equiptypesname":"硬件","equipopsname":"安装"}],"total":15}
*************** response log end ***************

[2017-09-28 10:02:58.023] [INFO] resLogger - 
*************** response log start ***************
request method: GET
request originalUrl:  /api/business/list/page/1?token=eyJhbGciOiJIUzI1NiIsInR5cCI6IkpXVCJ9.eyJkYXRhIjp7ImlkIjoiYmNmOWNiM2UtMzA3Ny00NTMwLWE0NjAtNzM5ZmJhNjMzNTVkIiwibmFtZSI6ImFkbWluIiwiZ2VuZGVyIjp0cnVlLCJlbWFpbCI6IjM3ODMzODYyN0BxcS5jb20ifSwiaWF0IjoxNTA2NTYzMDc4LCJleHAiOjE1MDY2NDk0Nzh9.5ZbYSCt_pn0kIxFfCzZqosO7rBJxh3spx9wqo3dtIIw
request client ip:  ::ffff:127.0.0.1
request query:  {"token":"eyJhbGciOiJIUzI1NiIsInR5cCI6IkpXVCJ9.eyJkYXRhIjp7ImlkIjoiYmNmOWNiM2UtMzA3Ny00NTMwLWE0NjAtNzM5ZmJhNjMzNTVkIiwibmFtZSI6ImFkbWluIiwiZ2VuZGVyIjp0cnVlLCJlbWFpbCI6IjM3ODMzODYyN0BxcS5jb20ifSwiaWF0IjoxNTA2NTYzMDc4LCJleHAiOjE1MDY2NDk0Nzh9.5ZbYSCt_pn0kIxFfCzZqosO7rBJxh3spx9wqo3dtIIw"}
response time: 58
response status: 200
response body: 
{"status":0,"data":[{"type":"HARDWARE","equipment":"笔记本电脑","operation":"FIX","weight":5,"remark":"","status":1,"id":"e4f92859-ceaa-414b-9b93-718a2b559165","createdAt":1506562928036,"updatedAt":1506562928036,"version":0,"equiptypesname":"硬件","equipopsname":"故障"},{"type":"HARDWARE","equipment":"笔记本电脑","operation":"SETUP","weight":5,"remark":"","status":1,"id":"89e2f8ed-8ca9-4815-8ba2-676252ef8b17","createdAt":1506562927935,"updatedAt":1506562927935,"version":0,"equiptypesname":"硬件","equipopsname":"安装"},{"type":"HARDWARE","equipment":"笔记本电脑","operation":"NOTSTART","weight":5,"remark":"","status":1,"id":"49fdea0a-ee99-43b0-9b5d-54f22620c5cc","createdAt":1506562927829,"updatedAt":1506562927829,"version":0,"equiptypesname":"硬件","equipopsname":"无法开机"},{"type":"HARDWARE","equipment":"电脑","operation":"SETUP","weight":5,"remark":"","status":1,"id":"9da1c073-513a-484a-99ff-7148109af71b","createdAt":1506562927757,"updatedAt":1506562927757,"version":0,"equiptypesname":"硬件","equipopsname":"安装"},{"type":"HARDWARE","equipment":"电脑","operation":"NOTSTART","weight":5,"remark":"","status":1,"id":"3486ae8c-66a3-455b-b839-e31639e58bad","createdAt":1506562927653,"updatedAt":1506562927653,"version":0,"equiptypesname":"硬件","equipopsname":"无法开机"},{"type":"SOFTWARE","equipment":"WORD","operation":"FIX","weight":5,"remark":"","status":1,"id":"969e8f2d-ad12-4e71-b843-bdc1b0e6db82","createdAt":1506562927568,"updatedAt":1506562927568,"version":0,"equiptypesname":"软件","equipopsname":"故障"},{"type":"SOFTWARE","equipment":"WORD","operation":"SETUP","weight":5,"remark":"","status":1,"id":"12786792-342c-4547-b0a4-b2d3b49809ee","createdAt":1506562927481,"updatedAt":1506562927481,"version":0,"equiptypesname":"软件","equipopsname":"安装"},{"type":"NETWORK","equipment":"IP地址","operation":"SET","weight":5,"remark":"","status":1,"id":"895ace0f-2b25-4e69-b9f0-1bb766c585e8","createdAt":1506562927334,"updatedAt":1506562927334,"version":0,"equiptypesname":"网络","equipopsname":"设置"},{"type":"NETWORK","equipment":"IP地址","operation":"CT","weight":5,"remark":"","status":1,"id":"89423cbc-26bf-4121-b752-54180b1d4a8a","createdAt":1506562927240,"updatedAt":1506562927240,"version":0,"equiptypesname":"网络","equipopsname":"冲突"},{"type":"SOFTWARE","equipment":"浏览器","operation":"FIX","weight":5,"remark":"","status":1,"id":"8ebc4c5c-b061-4b96-88e7-c7765a940177","createdAt":1506562927150,"updatedAt":1506562927150,"version":0,"equiptypesname":"软件","equipopsname":"故障"}],"total":15}
*************** response log end ***************

[2017-09-28 10:02:59.756] [INFO] resLogger - 
*************** response log start ***************
request method: GET
request originalUrl:  /api/business/list/page/2?token=eyJhbGciOiJIUzI1NiIsInR5cCI6IkpXVCJ9.eyJkYXRhIjp7ImlkIjoiYmNmOWNiM2UtMzA3Ny00NTMwLWE0NjAtNzM5ZmJhNjMzNTVkIiwibmFtZSI6ImFkbWluIiwiZ2VuZGVyIjp0cnVlLCJlbWFpbCI6IjM3ODMzODYyN0BxcS5jb20ifSwiaWF0IjoxNTA2NTYzMDc4LCJleHAiOjE1MDY2NDk0Nzh9.5ZbYSCt_pn0kIxFfCzZqosO7rBJxh3spx9wqo3dtIIw
request client ip:  ::ffff:127.0.0.1
request query:  {"token":"eyJhbGciOiJIUzI1NiIsInR5cCI6IkpXVCJ9.eyJkYXRhIjp7ImlkIjoiYmNmOWNiM2UtMzA3Ny00NTMwLWE0NjAtNzM5ZmJhNjMzNTVkIiwibmFtZSI6ImFkbWluIiwiZ2VuZGVyIjp0cnVlLCJlbWFpbCI6IjM3ODMzODYyN0BxcS5jb20ifSwiaWF0IjoxNTA2NTYzMDc4LCJleHAiOjE1MDY2NDk0Nzh9.5ZbYSCt_pn0kIxFfCzZqosO7rBJxh3spx9wqo3dtIIw"}
response time: 115
response status: 200
response body: 
{"status":0,"data":[{"type":"SOFTWARE","equipment":"浏览器","operation":"SETUP","weight":5,"remark":"","status":1,"id":"f736f1bb-6472-4f4b-bfd9-1de7495c9c96","createdAt":1506562927067,"updatedAt":1506562927067,"version":0,"equiptypesname":"软件","equipopsname":"安装"},{"type":"HARDWARE","equipment":"打印机","operation":"FIX","weight":5,"remark":"","status":1,"id":"0a884b4d-2dbc-4c0e-8c87-86c3dd6d150a","createdAt":1506562926963,"updatedAt":1506562926963,"version":0,"equiptypesname":"硬件","equipopsname":"故障"},{"type":"HARDWARE","equipment":"打印机","operation":"SETUP","weight":5,"remark":"","status":1,"id":"eda153e9-5d53-488d-91c4-81231bc9558f","createdAt":1506562926790,"updatedAt":1506562926790,"version":0,"equiptypesname":"硬件","equipopsname":"安装"},{"type":"HARDWARE","equipment":"电话","operation":"FIX","weight":5,"remark":"","status":1,"id":"b5659d66-8f70-4735-818f-bce77ec1492d","createdAt":1506562926704,"updatedAt":1506562926704,"version":0,"equiptypesname":"硬件","equipopsname":"故障"},{"type":"HARDWARE","equipment":"电话","operation":"SETUP","weight":5,"remark":"","status":1,"id":"87148cee-180d-4931-ab16-12bdda7e64e7","createdAt":1506562926627,"updatedAt":1506562926627,"version":0,"equiptypesname":"硬件","equipopsname":"安装"}],"total":15}
*************** response log end ***************

[2017-09-28 10:03:00.364] [INFO] resLogger - 
*************** response log start ***************
request method: GET
request originalUrl:  /api/business/list/page/1?token=eyJhbGciOiJIUzI1NiIsInR5cCI6IkpXVCJ9.eyJkYXRhIjp7ImlkIjoiYmNmOWNiM2UtMzA3Ny00NTMwLWE0NjAtNzM5ZmJhNjMzNTVkIiwibmFtZSI6ImFkbWluIiwiZ2VuZGVyIjp0cnVlLCJlbWFpbCI6IjM3ODMzODYyN0BxcS5jb20ifSwiaWF0IjoxNTA2NTYzMDc4LCJleHAiOjE1MDY2NDk0Nzh9.5ZbYSCt_pn0kIxFfCzZqosO7rBJxh3spx9wqo3dtIIw
request client ip:  ::ffff:127.0.0.1
request query:  {"token":"eyJhbGciOiJIUzI1NiIsInR5cCI6IkpXVCJ9.eyJkYXRhIjp7ImlkIjoiYmNmOWNiM2UtMzA3Ny00NTMwLWE0NjAtNzM5ZmJhNjMzNTVkIiwibmFtZSI6ImFkbWluIiwiZ2VuZGVyIjp0cnVlLCJlbWFpbCI6IjM3ODMzODYyN0BxcS5jb20ifSwiaWF0IjoxNTA2NTYzMDc4LCJleHAiOjE1MDY2NDk0Nzh9.5ZbYSCt_pn0kIxFfCzZqosO7rBJxh3spx9wqo3dtIIw"}
response time: 73
response status: 200
response body: 
{"status":0,"data":[{"type":"HARDWARE","equipment":"笔记本电脑","operation":"FIX","weight":5,"remark":"","status":1,"id":"e4f92859-ceaa-414b-9b93-718a2b559165","createdAt":1506562928036,"updatedAt":1506562928036,"version":0,"equiptypesname":"硬件","equipopsname":"故障"},{"type":"HARDWARE","equipment":"笔记本电脑","operation":"SETUP","weight":5,"remark":"","status":1,"id":"89e2f8ed-8ca9-4815-8ba2-676252ef8b17","createdAt":1506562927935,"updatedAt":1506562927935,"version":0,"equiptypesname":"硬件","equipopsname":"安装"},{"type":"HARDWARE","equipment":"笔记本电脑","operation":"NOTSTART","weight":5,"remark":"","status":1,"id":"49fdea0a-ee99-43b0-9b5d-54f22620c5cc","createdAt":1506562927829,"updatedAt":1506562927829,"version":0,"equiptypesname":"硬件","equipopsname":"无法开机"},{"type":"HARDWARE","equipment":"电脑","operation":"SETUP","weight":5,"remark":"","status":1,"id":"9da1c073-513a-484a-99ff-7148109af71b","createdAt":1506562927757,"updatedAt":1506562927757,"version":0,"equiptypesname":"硬件","equipopsname":"安装"},{"type":"HARDWARE","equipment":"电脑","operation":"NOTSTART","weight":5,"remark":"","status":1,"id":"3486ae8c-66a3-455b-b839-e31639e58bad","createdAt":1506562927653,"updatedAt":1506562927653,"version":0,"equiptypesname":"硬件","equipopsname":"无法开机"},{"type":"SOFTWARE","equipment":"WORD","operation":"FIX","weight":5,"remark":"","status":1,"id":"969e8f2d-ad12-4e71-b843-bdc1b0e6db82","createdAt":1506562927568,"updatedAt":1506562927568,"version":0,"equiptypesname":"软件","equipopsname":"故障"},{"type":"SOFTWARE","equipment":"WORD","operation":"SETUP","weight":5,"remark":"","status":1,"id":"12786792-342c-4547-b0a4-b2d3b49809ee","createdAt":1506562927481,"updatedAt":1506562927481,"version":0,"equiptypesname":"软件","equipopsname":"安装"},{"type":"NETWORK","equipment":"IP地址","operation":"SET","weight":5,"remark":"","status":1,"id":"895ace0f-2b25-4e69-b9f0-1bb766c585e8","createdAt":1506562927334,"updatedAt":1506562927334,"version":0,"equiptypesname":"网络","equipopsname":"设置"},{"type":"NETWORK","equipment":"IP地址","operation":"CT","weight":5,"remark":"","status":1,"id":"89423cbc-26bf-4121-b752-54180b1d4a8a","createdAt":1506562927240,"updatedAt":1506562927240,"version":0,"equiptypesname":"网络","equipopsname":"冲突"},{"type":"SOFTWARE","equipment":"浏览器","operation":"FIX","weight":5,"remark":"","status":1,"id":"8ebc4c5c-b061-4b96-88e7-c7765a940177","createdAt":1506562927150,"updatedAt":1506562927150,"version":0,"equiptypesname":"软件","equipopsname":"故障"}],"total":15}
*************** response log end ***************

[2017-09-28 10:03:20.542] [INFO] resLogger - 
*************** response log start ***************
request method: GET
request originalUrl:  /api/user/?token=eyJhbGciOiJIUzI1NiIsInR5cCI6IkpXVCJ9.eyJkYXRhIjp7ImlkIjoiYmNmOWNiM2UtMzA3Ny00NTMwLWE0NjAtNzM5ZmJhNjMzNTVkIiwibmFtZSI6ImFkbWluIiwiZ2VuZGVyIjp0cnVlLCJlbWFpbCI6IjM3ODMzODYyN0BxcS5jb20ifSwiaWF0IjoxNTA2NTYzMDc4LCJleHAiOjE1MDY2NDk0Nzh9.5ZbYSCt_pn0kIxFfCzZqosO7rBJxh3spx9wqo3dtIIw
request client ip:  ::ffff:127.0.0.1
request query:  {"token":"eyJhbGciOiJIUzI1NiIsInR5cCI6IkpXVCJ9.eyJkYXRhIjp7ImlkIjoiYmNmOWNiM2UtMzA3Ny00NTMwLWE0NjAtNzM5ZmJhNjMzNTVkIiwibmFtZSI6ImFkbWluIiwiZ2VuZGVyIjp0cnVlLCJlbWFpbCI6IjM3ODMzODYyN0BxcS5jb20ifSwiaWF0IjoxNTA2NTYzMDc4LCJleHAiOjE1MDY2NDk0Nzh9.5ZbYSCt_pn0kIxFfCzZqosO7rBJxh3spx9wqo3dtIIw"}
response time: 238
response status: 200
response body: 
{"status":0,"data":{"name":"admin","email":"378338627@qq.com","phone":"15822927208","password":"$2a$10$DmXdmuphScv/midqF68OwOnGBWU3tFleESeBVFe/EO6yV/2ac55XW","gender":true,"token":"eyJhbGciOiJIUzI1NiIsInR5cCI6IkpXVCJ9.eyJkYXRhIjp7ImlkIjoiYmNmOWNiM2UtMzA3Ny00NTMwLWE0NjAtNzM5ZmJhNjMzNTVkIiwibmFtZSI6ImFkbWluIiwiZ2VuZGVyIjp0cnVlLCJlbWFpbCI6IjM3ODMzODYyN0BxcS5jb20ifSwiaWF0IjoxNTA2NTYzMDc4LCJleHAiOjE1MDY2NDk0Nzh9.5ZbYSCt_pn0kIxFfCzZqosO7rBJxh3spx9wqo3dtIIw","canLogin":true,"status":1,"id":"bcf9cb3e-3077-4530-a460-739fba63355d","createdAt":1506562921553,"updatedAt":1506563079022,"version":1}}
*************** response log end ***************

[2017-09-28 10:03:20.576] [INFO] resLogger - 
*************** response log start ***************
request method: GET
request originalUrl:  /api/order/list/page/1?token=eyJhbGciOiJIUzI1NiIsInR5cCI6IkpXVCJ9.eyJkYXRhIjp7ImlkIjoiYmNmOWNiM2UtMzA3Ny00NTMwLWE0NjAtNzM5ZmJhNjMzNTVkIiwibmFtZSI6ImFkbWluIiwiZ2VuZGVyIjp0cnVlLCJlbWFpbCI6IjM3ODMzODYyN0BxcS5jb20ifSwiaWF0IjoxNTA2NTYzMDc4LCJleHAiOjE1MDY2NDk0Nzh9.5ZbYSCt_pn0kIxFfCzZqosO7rBJxh3spx9wqo3dtIIw
request client ip:  ::ffff:127.0.0.1
request query:  {"token":"eyJhbGciOiJIUzI1NiIsInR5cCI6IkpXVCJ9.eyJkYXRhIjp7ImlkIjoiYmNmOWNiM2UtMzA3Ny00NTMwLWE0NjAtNzM5ZmJhNjMzNTVkIiwibmFtZSI6ImFkbWluIiwiZ2VuZGVyIjp0cnVlLCJlbWFpbCI6IjM3ODMzODYyN0BxcS5jb20ifSwiaWF0IjoxNTA2NTYzMDc4LCJleHAiOjE1MDY2NDk0Nzh9.5ZbYSCt_pn0kIxFfCzZqosO7rBJxh3spx9wqo3dtIIw"}
response time: 137
response status: 200
response body: 
{"status":0,"data":[],"total":0}
*************** response log end ***************

[2017-09-28 10:03:27.758] [INFO] resLogger - 
*************** response log start ***************
request method: GET
request originalUrl:  /api/user/?token=eyJhbGciOiJIUzI1NiIsInR5cCI6IkpXVCJ9.eyJkYXRhIjp7ImlkIjoiYmNmOWNiM2UtMzA3Ny00NTMwLWE0NjAtNzM5ZmJhNjMzNTVkIiwibmFtZSI6ImFkbWluIiwiZ2VuZGVyIjp0cnVlLCJlbWFpbCI6IjM3ODMzODYyN0BxcS5jb20ifSwiaWF0IjoxNTA2NTYzMDc4LCJleHAiOjE1MDY2NDk0Nzh9.5ZbYSCt_pn0kIxFfCzZqosO7rBJxh3spx9wqo3dtIIw
request client ip:  ::ffff:127.0.0.1
request query:  {"token":"eyJhbGciOiJIUzI1NiIsInR5cCI6IkpXVCJ9.eyJkYXRhIjp7ImlkIjoiYmNmOWNiM2UtMzA3Ny00NTMwLWE0NjAtNzM5ZmJhNjMzNTVkIiwibmFtZSI6ImFkbWluIiwiZ2VuZGVyIjp0cnVlLCJlbWFpbCI6IjM3ODMzODYyN0BxcS5jb20ifSwiaWF0IjoxNTA2NTYzMDc4LCJleHAiOjE1MDY2NDk0Nzh9.5ZbYSCt_pn0kIxFfCzZqosO7rBJxh3spx9wqo3dtIIw"}
response time: 122
response status: 200
response body: 
{"status":0,"data":{"name":"admin","email":"378338627@qq.com","phone":"15822927208","password":"$2a$10$DmXdmuphScv/midqF68OwOnGBWU3tFleESeBVFe/EO6yV/2ac55XW","gender":true,"token":"eyJhbGciOiJIUzI1NiIsInR5cCI6IkpXVCJ9.eyJkYXRhIjp7ImlkIjoiYmNmOWNiM2UtMzA3Ny00NTMwLWE0NjAtNzM5ZmJhNjMzNTVkIiwibmFtZSI6ImFkbWluIiwiZ2VuZGVyIjp0cnVlLCJlbWFpbCI6IjM3ODMzODYyN0BxcS5jb20ifSwiaWF0IjoxNTA2NTYzMDc4LCJleHAiOjE1MDY2NDk0Nzh9.5ZbYSCt_pn0kIxFfCzZqosO7rBJxh3spx9wqo3dtIIw","canLogin":true,"status":1,"id":"bcf9cb3e-3077-4530-a460-739fba63355d","createdAt":1506562921553,"updatedAt":1506563079022,"version":1}}
*************** response log end ***************

[2017-09-28 10:03:28.004] [INFO] resLogger - 
*************** response log start ***************
request method: GET
request originalUrl:  /api/order/list/page/1?token=eyJhbGciOiJIUzI1NiIsInR5cCI6IkpXVCJ9.eyJkYXRhIjp7ImlkIjoiYmNmOWNiM2UtMzA3Ny00NTMwLWE0NjAtNzM5ZmJhNjMzNTVkIiwibmFtZSI6ImFkbWluIiwiZ2VuZGVyIjp0cnVlLCJlbWFpbCI6IjM3ODMzODYyN0BxcS5jb20ifSwiaWF0IjoxNTA2NTYzMDc4LCJleHAiOjE1MDY2NDk0Nzh9.5ZbYSCt_pn0kIxFfCzZqosO7rBJxh3spx9wqo3dtIIw
request client ip:  ::ffff:127.0.0.1
request query:  {"token":"eyJhbGciOiJIUzI1NiIsInR5cCI6IkpXVCJ9.eyJkYXRhIjp7ImlkIjoiYmNmOWNiM2UtMzA3Ny00NTMwLWE0NjAtNzM5ZmJhNjMzNTVkIiwibmFtZSI6ImFkbWluIiwiZ2VuZGVyIjp0cnVlLCJlbWFpbCI6IjM3ODMzODYyN0BxcS5jb20ifSwiaWF0IjoxNTA2NTYzMDc4LCJleHAiOjE1MDY2NDk0Nzh9.5ZbYSCt_pn0kIxFfCzZqosO7rBJxh3spx9wqo3dtIIw"}
response time: 63
response status: 200
response body: 
{"status":0,"data":[],"total":0}
*************** response log end ***************

[2017-09-28 10:04:05.846] [INFO] resLogger - 
*************** response log start ***************
request method: GET
request originalUrl:  /api/order/getorderno/get/2017/9/28?token=eyJhbGciOiJIUzI1NiIsInR5cCI6IkpXVCJ9.eyJkYXRhIjp7ImlkIjoiYmNmOWNiM2UtMzA3Ny00NTMwLWE0NjAtNzM5ZmJhNjMzNTVkIiwibmFtZSI6ImFkbWluIiwiZ2VuZGVyIjp0cnVlLCJlbWFpbCI6IjM3ODMzODYyN0BxcS5jb20ifSwiaWF0IjoxNTA2NTYzMDc4LCJleHAiOjE1MDY2NDk0Nzh9.5ZbYSCt_pn0kIxFfCzZqosO7rBJxh3spx9wqo3dtIIw
request client ip:  ::ffff:127.0.0.1
request query:  {"token":"eyJhbGciOiJIUzI1NiIsInR5cCI6IkpXVCJ9.eyJkYXRhIjp7ImlkIjoiYmNmOWNiM2UtMzA3Ny00NTMwLWE0NjAtNzM5ZmJhNjMzNTVkIiwibmFtZSI6ImFkbWluIiwiZ2VuZGVyIjp0cnVlLCJlbWFpbCI6IjM3ODMzODYyN0BxcS5jb20ifSwiaWF0IjoxNTA2NTYzMDc4LCJleHAiOjE1MDY2NDk0Nzh9.5ZbYSCt_pn0kIxFfCzZqosO7rBJxh3spx9wqo3dtIIw"}
response time: 345
response status: 200
response body: 
{"status":0,"data":"20170928000"}
*************** response log end ***************

[2017-09-28 10:04:05.908] [INFO] resLogger - 
*************** response log start ***************
request method: GET
request originalUrl:  /api/equipType/list?token=eyJhbGciOiJIUzI1NiIsInR5cCI6IkpXVCJ9.eyJkYXRhIjp7ImlkIjoiYmNmOWNiM2UtMzA3Ny00NTMwLWE0NjAtNzM5ZmJhNjMzNTVkIiwibmFtZSI6ImFkbWluIiwiZ2VuZGVyIjp0cnVlLCJlbWFpbCI6IjM3ODMzODYyN0BxcS5jb20ifSwiaWF0IjoxNTA2NTYzMDc4LCJleHAiOjE1MDY2NDk0Nzh9.5ZbYSCt_pn0kIxFfCzZqosO7rBJxh3spx9wqo3dtIIw
request client ip:  ::ffff:127.0.0.1
request query:  {"token":"eyJhbGciOiJIUzI1NiIsInR5cCI6IkpXVCJ9.eyJkYXRhIjp7ImlkIjoiYmNmOWNiM2UtMzA3Ny00NTMwLWE0NjAtNzM5ZmJhNjMzNTVkIiwibmFtZSI6ImFkbWluIiwiZ2VuZGVyIjp0cnVlLCJlbWFpbCI6IjM3ODMzODYyN0BxcS5jb20ifSwiaWF0IjoxNTA2NTYzMDc4LCJleHAiOjE1MDY2NDk0Nzh9.5ZbYSCt_pn0kIxFfCzZqosO7rBJxh3spx9wqo3dtIIw"}
response time: 315
response status: 200
response body: 
{"status":0,"data":[{"name":"网络","code":"NETWORK","id":"c26c473e-fae7-43bf-ac57-0cb2b8dac88d","createdAt":1506562925917,"updatedAt":1506562925917,"version":0},{"name":"软件","code":"SOFTWARE","id":"6b5ffe4b-9477-41c1-8c08-f8d295f3634c","createdAt":1506562925806,"updatedAt":1506562925806,"version":0},{"name":"硬件","code":"HARDWARE","id":"5e55e5e2-b0e8-4863-8cde-22e5687348d2","createdAt":1506562925666,"updatedAt":1506562925666,"version":0}]}
*************** response log end ***************

[2017-09-28 10:04:05.949] [INFO] resLogger - 
*************** response log start ***************
request method: GET
request originalUrl:  /api/groups/list?token=eyJhbGciOiJIUzI1NiIsInR5cCI6IkpXVCJ9.eyJkYXRhIjp7ImlkIjoiYmNmOWNiM2UtMzA3Ny00NTMwLWE0NjAtNzM5ZmJhNjMzNTVkIiwibmFtZSI6ImFkbWluIiwiZ2VuZGVyIjp0cnVlLCJlbWFpbCI6IjM3ODMzODYyN0BxcS5jb20ifSwiaWF0IjoxNTA2NTYzMDc4LCJleHAiOjE1MDY2NDk0Nzh9.5ZbYSCt_pn0kIxFfCzZqosO7rBJxh3spx9wqo3dtIIw
request client ip:  ::ffff:127.0.0.1
request query:  {"token":"eyJhbGciOiJIUzI1NiIsInR5cCI6IkpXVCJ9.eyJkYXRhIjp7ImlkIjoiYmNmOWNiM2UtMzA3Ny00NTMwLWE0NjAtNzM5ZmJhNjMzNTVkIiwibmFtZSI6ImFkbWluIiwiZ2VuZGVyIjp0cnVlLCJlbWFpbCI6IjM3ODMzODYyN0BxcS5jb20ifSwiaWF0IjoxNTA2NTYzMDc4LCJleHAiOjE1MDY2NDk0Nzh9.5ZbYSCt_pn0kIxFfCzZqosO7rBJxh3spx9wqo3dtIIw"}
response time: 492
response status: 200
response body: 
{"status":0,"data":[{"name":"控股","description":"group2","status":1,"id":"f453e51e-683a-4b73-93d0-8a85073750d6","createdAt":1506562921834,"updatedAt":1506562921834,"version":0},{"name":"管委会","description":"group1","status":1,"id":"c9191464-e5c9-43e0-96f1-aedd6309ddd5","createdAt":1506562921554,"updatedAt":1506562921554,"version":0}],"total":2}
*************** response log end ***************

[2017-09-28 10:04:05.992] [INFO] resLogger - 
*************** response log start ***************
request method: GET
request originalUrl:  /api/business/list?token=eyJhbGciOiJIUzI1NiIsInR5cCI6IkpXVCJ9.eyJkYXRhIjp7ImlkIjoiYmNmOWNiM2UtMzA3Ny00NTMwLWE0NjAtNzM5ZmJhNjMzNTVkIiwibmFtZSI6ImFkbWluIiwiZ2VuZGVyIjp0cnVlLCJlbWFpbCI6IjM3ODMzODYyN0BxcS5jb20ifSwiaWF0IjoxNTA2NTYzMDc4LCJleHAiOjE1MDY2NDk0Nzh9.5ZbYSCt_pn0kIxFfCzZqosO7rBJxh3spx9wqo3dtIIw
request client ip:  ::ffff:127.0.0.1
request query:  {"token":"eyJhbGciOiJIUzI1NiIsInR5cCI6IkpXVCJ9.eyJkYXRhIjp7ImlkIjoiYmNmOWNiM2UtMzA3Ny00NTMwLWE0NjAtNzM5ZmJhNjMzNTVkIiwibmFtZSI6ImFkbWluIiwiZ2VuZGVyIjp0cnVlLCJlbWFpbCI6IjM3ODMzODYyN0BxcS5jb20ifSwiaWF0IjoxNTA2NTYzMDc4LCJleHAiOjE1MDY2NDk0Nzh9.5ZbYSCt_pn0kIxFfCzZqosO7rBJxh3spx9wqo3dtIIw"}
response time: 380
response status: 200
response body: 
{"status":0,"data":[{"type":"HARDWARE","equipment":"笔记本电脑","operation":"FIX","weight":5,"remark":"","status":1,"id":"e4f92859-ceaa-414b-9b93-718a2b559165","createdAt":1506562928036,"updatedAt":1506562928036,"version":0,"equiptypesname":"硬件","equipopsname":"故障"},{"type":"HARDWARE","equipment":"笔记本电脑","operation":"SETUP","weight":5,"remark":"","status":1,"id":"89e2f8ed-8ca9-4815-8ba2-676252ef8b17","createdAt":1506562927935,"updatedAt":1506562927935,"version":0,"equiptypesname":"硬件","equipopsname":"安装"},{"type":"HARDWARE","equipment":"笔记本电脑","operation":"NOTSTART","weight":5,"remark":"","status":1,"id":"49fdea0a-ee99-43b0-9b5d-54f22620c5cc","createdAt":1506562927829,"updatedAt":1506562927829,"version":0,"equiptypesname":"硬件","equipopsname":"无法开机"},{"type":"HARDWARE","equipment":"电脑","operation":"SETUP","weight":5,"remark":"","status":1,"id":"9da1c073-513a-484a-99ff-7148109af71b","createdAt":1506562927757,"updatedAt":1506562927757,"version":0,"equiptypesname":"硬件","equipopsname":"安装"},{"type":"HARDWARE","equipment":"电脑","operation":"NOTSTART","weight":5,"remark":"","status":1,"id":"3486ae8c-66a3-455b-b839-e31639e58bad","createdAt":1506562927653,"updatedAt":1506562927653,"version":0,"equiptypesname":"硬件","equipopsname":"无法开机"},{"type":"SOFTWARE","equipment":"WORD","operation":"FIX","weight":5,"remark":"","status":1,"id":"969e8f2d-ad12-4e71-b843-bdc1b0e6db82","createdAt":1506562927568,"updatedAt":1506562927568,"version":0,"equiptypesname":"软件","equipopsname":"故障"},{"type":"SOFTWARE","equipment":"WORD","operation":"SETUP","weight":5,"remark":"","status":1,"id":"12786792-342c-4547-b0a4-b2d3b49809ee","createdAt":1506562927481,"updatedAt":1506562927481,"version":0,"equiptypesname":"软件","equipopsname":"安装"},{"type":"NETWORK","equipment":"IP地址","operation":"SET","weight":5,"remark":"","status":1,"id":"895ace0f-2b25-4e69-b9f0-1bb766c585e8","createdAt":1506562927334,"updatedAt":1506562927334,"version":0,"equiptypesname":"网络","equipopsname":"设置"},{"type":"NETWORK","equipment":"IP地址","operation":"CT","weight":5,"remark":"","status":1,"id":"89423cbc-26bf-4121-b752-54180b1d4a8a","createdAt":1506562927240,"updatedAt":1506562927240,"version":0,"equiptypesname":"网络","equipopsname":"冲突"},{"type":"SOFTWARE","equipment":"浏览器","operation":"FIX","weight":5,"remark":"","status":1,"id":"8ebc4c5c-b061-4b96-88e7-c7765a940177","createdAt":1506562927150,"updatedAt":1506562927150,"version":0,"equiptypesname":"软件","equipopsname":"故障"},{"type":"SOFTWARE","equipment":"浏览器","operation":"SETUP","weight":5,"remark":"","status":1,"id":"f736f1bb-6472-4f4b-bfd9-1de7495c9c96","createdAt":1506562927067,"updatedAt":1506562927067,"version":0,"equiptypesname":"软件","equipopsname":"安装"},{"type":"HARDWARE","equipment":"打印机","operation":"FIX","weight":5,"remark":"","status":1,"id":"0a884b4d-2dbc-4c0e-8c87-86c3dd6d150a","createdAt":1506562926963,"updatedAt":1506562926963,"version":0,"equiptypesname":"硬件","equipopsname":"故障"},{"type":"HARDWARE","equipment":"打印机","operation":"SETUP","weight":5,"remark":"","status":1,"id":"eda153e9-5d53-488d-91c4-81231bc9558f","createdAt":1506562926790,"updatedAt":1506562926790,"version":0,"equiptypesname":"硬件","equipopsname":"安装"},{"type":"HARDWARE","equipment":"电话","operation":"FIX","weight":5,"remark":"","status":1,"id":"b5659d66-8f70-4735-818f-bce77ec1492d","createdAt":1506562926704,"updatedAt":1506562926704,"version":0,"equiptypesname":"硬件","equipopsname":"故障"},{"type":"HARDWARE","equipment":"电话","operation":"SETUP","weight":5,"remark":"","status":1,"id":"87148cee-180d-4931-ab16-12bdda7e64e7","createdAt":1506562926627,"updatedAt":1506562926627,"version":0,"equiptypesname":"硬件","equipopsname":"安装"}],"total":15}
*************** response log end ***************

[2017-09-28 10:04:06.127] [INFO] resLogger - 
*************** response log start ***************
request method: GET
request originalUrl:  /api/business/getequip/get/NETWORK?token=eyJhbGciOiJIUzI1NiIsInR5cCI6IkpXVCJ9.eyJkYXRhIjp7ImlkIjoiYmNmOWNiM2UtMzA3Ny00NTMwLWE0NjAtNzM5ZmJhNjMzNTVkIiwibmFtZSI6ImFkbWluIiwiZ2VuZGVyIjp0cnVlLCJlbWFpbCI6IjM3ODMzODYyN0BxcS5jb20ifSwiaWF0IjoxNTA2NTYzMDc4LCJleHAiOjE1MDY2NDk0Nzh9.5ZbYSCt_pn0kIxFfCzZqosO7rBJxh3spx9wqo3dtIIw
request client ip:  ::ffff:127.0.0.1
request query:  {"token":"eyJhbGciOiJIUzI1NiIsInR5cCI6IkpXVCJ9.eyJkYXRhIjp7ImlkIjoiYmNmOWNiM2UtMzA3Ny00NTMwLWE0NjAtNzM5ZmJhNjMzNTVkIiwibmFtZSI6ImFkbWluIiwiZ2VuZGVyIjp0cnVlLCJlbWFpbCI6IjM3ODMzODYyN0BxcS5jb20ifSwiaWF0IjoxNTA2NTYzMDc4LCJleHAiOjE1MDY2NDk0Nzh9.5ZbYSCt_pn0kIxFfCzZqosO7rBJxh3spx9wqo3dtIIw"}
response time: 118
response status: 200
response body: 
{"status":0,"data":[{"equipment":"IP地址"}]}
*************** response log end ***************

[2017-09-28 10:04:06.212] [INFO] resLogger - 
*************** response log start ***************
request method: GET
request originalUrl:  /api/groups/list?token=eyJhbGciOiJIUzI1NiIsInR5cCI6IkpXVCJ9.eyJkYXRhIjp7ImlkIjoiYmNmOWNiM2UtMzA3Ny00NTMwLWE0NjAtNzM5ZmJhNjMzNTVkIiwibmFtZSI6ImFkbWluIiwiZ2VuZGVyIjp0cnVlLCJlbWFpbCI6IjM3ODMzODYyN0BxcS5jb20ifSwiaWF0IjoxNTA2NTYzMDc4LCJleHAiOjE1MDY2NDk0Nzh9.5ZbYSCt_pn0kIxFfCzZqosO7rBJxh3spx9wqo3dtIIw
request client ip:  ::ffff:127.0.0.1
request query:  {"token":"eyJhbGciOiJIUzI1NiIsInR5cCI6IkpXVCJ9.eyJkYXRhIjp7ImlkIjoiYmNmOWNiM2UtMzA3Ny00NTMwLWE0NjAtNzM5ZmJhNjMzNTVkIiwibmFtZSI6ImFkbWluIiwiZ2VuZGVyIjp0cnVlLCJlbWFpbCI6IjM3ODMzODYyN0BxcS5jb20ifSwiaWF0IjoxNTA2NTYzMDc4LCJleHAiOjE1MDY2NDk0Nzh9.5ZbYSCt_pn0kIxFfCzZqosO7rBJxh3spx9wqo3dtIIw"}
response time: 190
response status: 200
response body: 
{"status":0,"data":[{"name":"控股","description":"group2","status":1,"id":"f453e51e-683a-4b73-93d0-8a85073750d6","createdAt":1506562921834,"updatedAt":1506562921834,"version":0},{"name":"管委会","description":"group1","status":1,"id":"c9191464-e5c9-43e0-96f1-aedd6309ddd5","createdAt":1506562921554,"updatedAt":1506562921554,"version":0}],"total":2}
*************** response log end ***************

[2017-09-28 10:04:06.328] [INFO] resLogger - 
*************** response log start ***************
request method: GET
request originalUrl:  /api/corporations/list?token=eyJhbGciOiJIUzI1NiIsInR5cCI6IkpXVCJ9.eyJkYXRhIjp7ImlkIjoiYmNmOWNiM2UtMzA3Ny00NTMwLWE0NjAtNzM5ZmJhNjMzNTVkIiwibmFtZSI6ImFkbWluIiwiZ2VuZGVyIjp0cnVlLCJlbWFpbCI6IjM3ODMzODYyN0BxcS5jb20ifSwiaWF0IjoxNTA2NTYzMDc4LCJleHAiOjE1MDY2NDk0Nzh9.5ZbYSCt_pn0kIxFfCzZqosO7rBJxh3spx9wqo3dtIIw&group=f453e51e-683a-4b73-93d0-8a85073750d6
request client ip:  ::ffff:127.0.0.1
request query:  {"token":"eyJhbGciOiJIUzI1NiIsInR5cCI6IkpXVCJ9.eyJkYXRhIjp7ImlkIjoiYmNmOWNiM2UtMzA3Ny00NTMwLWE0NjAtNzM5ZmJhNjMzNTVkIiwibmFtZSI6ImFkbWluIiwiZ2VuZGVyIjp0cnVlLCJlbWFpbCI6IjM3ODMzODYyN0BxcS5jb20ifSwiaWF0IjoxNTA2NTYzMDc4LCJleHAiOjE1MDY2NDk0Nzh9.5ZbYSCt_pn0kIxFfCzZqosO7rBJxh3spx9wqo3dtIIw","group":"f453e51e-683a-4b73-93d0-8a85073750d6"}
response time: 201
response status: 200
response body: 
{"status":0,"data":[{"name":"控股公司","description":"控股公司","status":1,"groupId":"f453e51e-683a-4b73-93d0-8a85073750d6","id":"8669754f-50f4-493d-a39e-8e330ae14de3","createdAt":1506562923980,"updatedAt":1506562923980,"version":0,"group":{"name":"控股","description":"group2","status":1,"id":"f453e51e-683a-4b73-93d0-8a85073750d6","createdAt":1506562921834,"updatedAt":1506562921834,"version":0}}],"total":1}
*************** response log end ***************

[2017-09-28 10:04:06.442] [INFO] resLogger - 
*************** response log start ***************
request method: GET
request originalUrl:  /api/business/list?token=eyJhbGciOiJIUzI1NiIsInR5cCI6IkpXVCJ9.eyJkYXRhIjp7ImlkIjoiYmNmOWNiM2UtMzA3Ny00NTMwLWE0NjAtNzM5ZmJhNjMzNTVkIiwibmFtZSI6ImFkbWluIiwiZ2VuZGVyIjp0cnVlLCJlbWFpbCI6IjM3ODMzODYyN0BxcS5jb20ifSwiaWF0IjoxNTA2NTYzMDc4LCJleHAiOjE1MDY2NDk0Nzh9.5ZbYSCt_pn0kIxFfCzZqosO7rBJxh3spx9wqo3dtIIw&type=NETWORK&equipment=IP%E5%9C%B0%E5%9D%80
request client ip:  ::ffff:127.0.0.1
request query:  {"token":"eyJhbGciOiJIUzI1NiIsInR5cCI6IkpXVCJ9.eyJkYXRhIjp7ImlkIjoiYmNmOWNiM2UtMzA3Ny00NTMwLWE0NjAtNzM5ZmJhNjMzNTVkIiwibmFtZSI6ImFkbWluIiwiZ2VuZGVyIjp0cnVlLCJlbWFpbCI6IjM3ODMzODYyN0BxcS5jb20ifSwiaWF0IjoxNTA2NTYzMDc4LCJleHAiOjE1MDY2NDk0Nzh9.5ZbYSCt_pn0kIxFfCzZqosO7rBJxh3spx9wqo3dtIIw","type":"NETWORK","equipment":"IP地址"}
response time: 167
response status: 200
response body: 
{"status":0,"data":[{"type":"NETWORK","equipment":"IP地址","operation":"SET","weight":5,"remark":"","status":1,"id":"895ace0f-2b25-4e69-b9f0-1bb766c585e8","createdAt":1506562927334,"updatedAt":1506562927334,"version":0,"equiptypesname":"网络","equipopsname":"设置"},{"type":"NETWORK","equipment":"IP地址","operation":"CT","weight":5,"remark":"","status":1,"id":"89423cbc-26bf-4121-b752-54180b1d4a8a","createdAt":1506562927240,"updatedAt":1506562927240,"version":0,"equiptypesname":"网络","equipopsname":"冲突"}],"total":2}
*************** response log end ***************

[2017-09-28 10:04:06.605] [INFO] resLogger - 
*************** response log start ***************
request method: GET
request originalUrl:  /api/corpBuildings/list/8669754f-50f4-493d-a39e-8e330ae14de3?token=eyJhbGciOiJIUzI1NiIsInR5cCI6IkpXVCJ9.eyJkYXRhIjp7ImlkIjoiYmNmOWNiM2UtMzA3Ny00NTMwLWE0NjAtNzM5ZmJhNjMzNTVkIiwibmFtZSI6ImFkbWluIiwiZ2VuZGVyIjp0cnVlLCJlbWFpbCI6IjM3ODMzODYyN0BxcS5jb20ifSwiaWF0IjoxNTA2NTYzMDc4LCJleHAiOjE1MDY2NDk0Nzh9.5ZbYSCt_pn0kIxFfCzZqosO7rBJxh3spx9wqo3dtIIw
request client ip:  ::ffff:127.0.0.1
request query:  {"token":"eyJhbGciOiJIUzI1NiIsInR5cCI6IkpXVCJ9.eyJkYXRhIjp7ImlkIjoiYmNmOWNiM2UtMzA3Ny00NTMwLWE0NjAtNzM5ZmJhNjMzNTVkIiwibmFtZSI6ImFkbWluIiwiZ2VuZGVyIjp0cnVlLCJlbWFpbCI6IjM3ODMzODYyN0BxcS5jb20ifSwiaWF0IjoxNTA2NTYzMDc4LCJleHAiOjE1MDY2NDk0Nzh9.5ZbYSCt_pn0kIxFfCzZqosO7rBJxh3spx9wqo3dtIIw"}
response time: 157
response status: 200
response body: 
{"status":0,"data":[{"corporationId":"8669754f-50f4-493d-a39e-8e330ae14de3","buildingId":"8bfaca4e-05b2-433c-9b8f-9e005c495c7a","floor":7,"position":"A","status":1,"id":"e4e9fae9-1ac5-49d7-bdba-76aba48b8e60","createdAt":1506562924326,"updatedAt":1506562924326,"version":0,"building":{"name":"商务大厦南楼","address":"南","minfloor":1,"maxfloor":15,"status":1,"id":"8bfaca4e-05b2-433c-9b8f-9e005c495c7a","createdAt":1506562922020,"updatedAt":1506562922020,"version":0}},{"corporationId":"8669754f-50f4-493d-a39e-8e330ae14de3","buildingId":"8bfaca4e-05b2-433c-9b8f-9e005c495c7a","floor":6,"position":"A","status":1,"id":"1e4e8345-ac69-4664-a3fa-07bb3bd29432","createdAt":1506562924087,"updatedAt":1506562924087,"version":0,"building":{"name":"商务大厦南楼","address":"南","minfloor":1,"maxfloor":15,"status":1,"id":"8bfaca4e-05b2-433c-9b8f-9e005c495c7a","createdAt":1506562922020,"updatedAt":1506562922020,"version":0}}],"total":0}
*************** response log end ***************

[2017-09-28 10:04:06.641] [INFO] resLogger - 
*************** response log start ***************
request method: GET
request originalUrl:  /api/corporations/list?token=eyJhbGciOiJIUzI1NiIsInR5cCI6IkpXVCJ9.eyJkYXRhIjp7ImlkIjoiYmNmOWNiM2UtMzA3Ny00NTMwLWE0NjAtNzM5ZmJhNjMzNTVkIiwibmFtZSI6ImFkbWluIiwiZ2VuZGVyIjp0cnVlLCJlbWFpbCI6IjM3ODMzODYyN0BxcS5jb20ifSwiaWF0IjoxNTA2NTYzMDc4LCJleHAiOjE1MDY2NDk0Nzh9.5ZbYSCt_pn0kIxFfCzZqosO7rBJxh3spx9wqo3dtIIw&group=f453e51e-683a-4b73-93d0-8a85073750d6
request client ip:  ::ffff:127.0.0.1
request query:  {"token":"eyJhbGciOiJIUzI1NiIsInR5cCI6IkpXVCJ9.eyJkYXRhIjp7ImlkIjoiYmNmOWNiM2UtMzA3Ny00NTMwLWE0NjAtNzM5ZmJhNjMzNTVkIiwibmFtZSI6ImFkbWluIiwiZ2VuZGVyIjp0cnVlLCJlbWFpbCI6IjM3ODMzODYyN0BxcS5jb20ifSwiaWF0IjoxNTA2NTYzMDc4LCJleHAiOjE1MDY2NDk0Nzh9.5ZbYSCt_pn0kIxFfCzZqosO7rBJxh3spx9wqo3dtIIw","group":"f453e51e-683a-4b73-93d0-8a85073750d6"}
response time: 251
response status: 200
response body: 
{"status":0,"data":[{"name":"控股公司","description":"控股公司","status":1,"groupId":"f453e51e-683a-4b73-93d0-8a85073750d6","id":"8669754f-50f4-493d-a39e-8e330ae14de3","createdAt":1506562923980,"updatedAt":1506562923980,"version":0,"group":{"name":"控股","description":"group2","status":1,"id":"f453e51e-683a-4b73-93d0-8a85073750d6","createdAt":1506562921834,"updatedAt":1506562921834,"version":0}}],"total":1}
*************** response log end ***************

[2017-09-28 10:04:06.748] [INFO] resLogger - 
*************** response log start ***************
request method: GET
request originalUrl:  /api/corpBuildings/list/8669754f-50f4-493d-a39e-8e330ae14de3?token=eyJhbGciOiJIUzI1NiIsInR5cCI6IkpXVCJ9.eyJkYXRhIjp7ImlkIjoiYmNmOWNiM2UtMzA3Ny00NTMwLWE0NjAtNzM5ZmJhNjMzNTVkIiwibmFtZSI6ImFkbWluIiwiZ2VuZGVyIjp0cnVlLCJlbWFpbCI6IjM3ODMzODYyN0BxcS5jb20ifSwiaWF0IjoxNTA2NTYzMDc4LCJleHAiOjE1MDY2NDk0Nzh9.5ZbYSCt_pn0kIxFfCzZqosO7rBJxh3spx9wqo3dtIIw
request client ip:  ::ffff:127.0.0.1
request query:  {"token":"eyJhbGciOiJIUzI1NiIsInR5cCI6IkpXVCJ9.eyJkYXRhIjp7ImlkIjoiYmNmOWNiM2UtMzA3Ny00NTMwLWE0NjAtNzM5ZmJhNjMzNTVkIiwibmFtZSI6ImFkbWluIiwiZ2VuZGVyIjp0cnVlLCJlbWFpbCI6IjM3ODMzODYyN0BxcS5jb20ifSwiaWF0IjoxNTA2NTYzMDc4LCJleHAiOjE1MDY2NDk0Nzh9.5ZbYSCt_pn0kIxFfCzZqosO7rBJxh3spx9wqo3dtIIw"}
response time: 85
response status: 200
response body: 
{"status":0,"data":[{"corporationId":"8669754f-50f4-493d-a39e-8e330ae14de3","buildingId":"8bfaca4e-05b2-433c-9b8f-9e005c495c7a","floor":7,"position":"A","status":1,"id":"e4e9fae9-1ac5-49d7-bdba-76aba48b8e60","createdAt":1506562924326,"updatedAt":1506562924326,"version":0,"building":{"name":"商务大厦南楼","address":"南","minfloor":1,"maxfloor":15,"status":1,"id":"8bfaca4e-05b2-433c-9b8f-9e005c495c7a","createdAt":1506562922020,"updatedAt":1506562922020,"version":0}},{"corporationId":"8669754f-50f4-493d-a39e-8e330ae14de3","buildingId":"8bfaca4e-05b2-433c-9b8f-9e005c495c7a","floor":6,"position":"A","status":1,"id":"1e4e8345-ac69-4664-a3fa-07bb3bd29432","createdAt":1506562924087,"updatedAt":1506562924087,"version":0,"building":{"name":"商务大厦南楼","address":"南","minfloor":1,"maxfloor":15,"status":1,"id":"8bfaca4e-05b2-433c-9b8f-9e005c495c7a","createdAt":1506562922020,"updatedAt":1506562922020,"version":0}}],"total":0}
*************** response log end ***************

[2017-09-28 10:04:17.425] [INFO] resLogger - 
*************** response log start ***************
request method: GET
request originalUrl:  /api/business/getequip/get/SOFTWARE?token=eyJhbGciOiJIUzI1NiIsInR5cCI6IkpXVCJ9.eyJkYXRhIjp7ImlkIjoiYmNmOWNiM2UtMzA3Ny00NTMwLWE0NjAtNzM5ZmJhNjMzNTVkIiwibmFtZSI6ImFkbWluIiwiZ2VuZGVyIjp0cnVlLCJlbWFpbCI6IjM3ODMzODYyN0BxcS5jb20ifSwiaWF0IjoxNTA2NTYzMDc4LCJleHAiOjE1MDY2NDk0Nzh9.5ZbYSCt_pn0kIxFfCzZqosO7rBJxh3spx9wqo3dtIIw
request client ip:  ::ffff:127.0.0.1
request query:  {"token":"eyJhbGciOiJIUzI1NiIsInR5cCI6IkpXVCJ9.eyJkYXRhIjp7ImlkIjoiYmNmOWNiM2UtMzA3Ny00NTMwLWE0NjAtNzM5ZmJhNjMzNTVkIiwibmFtZSI6ImFkbWluIiwiZ2VuZGVyIjp0cnVlLCJlbWFpbCI6IjM3ODMzODYyN0BxcS5jb20ifSwiaWF0IjoxNTA2NTYzMDc4LCJleHAiOjE1MDY2NDk0Nzh9.5ZbYSCt_pn0kIxFfCzZqosO7rBJxh3spx9wqo3dtIIw"}
response time: 98
response status: 200
response body: 
{"status":0,"data":[{"equipment":"WORD"},{"equipment":"浏览器"}]}
*************** response log end ***************

[2017-09-28 10:04:17.525] [INFO] resLogger - 
*************** response log start ***************
request method: GET
request originalUrl:  /api/business/list?token=eyJhbGciOiJIUzI1NiIsInR5cCI6IkpXVCJ9.eyJkYXRhIjp7ImlkIjoiYmNmOWNiM2UtMzA3Ny00NTMwLWE0NjAtNzM5ZmJhNjMzNTVkIiwibmFtZSI6ImFkbWluIiwiZ2VuZGVyIjp0cnVlLCJlbWFpbCI6IjM3ODMzODYyN0BxcS5jb20ifSwiaWF0IjoxNTA2NTYzMDc4LCJleHAiOjE1MDY2NDk0Nzh9.5ZbYSCt_pn0kIxFfCzZqosO7rBJxh3spx9wqo3dtIIw&type=SOFTWARE&equipment=WORD
request client ip:  ::ffff:127.0.0.1
request query:  {"token":"eyJhbGciOiJIUzI1NiIsInR5cCI6IkpXVCJ9.eyJkYXRhIjp7ImlkIjoiYmNmOWNiM2UtMzA3Ny00NTMwLWE0NjAtNzM5ZmJhNjMzNTVkIiwibmFtZSI6ImFkbWluIiwiZ2VuZGVyIjp0cnVlLCJlbWFpbCI6IjM3ODMzODYyN0BxcS5jb20ifSwiaWF0IjoxNTA2NTYzMDc4LCJleHAiOjE1MDY2NDk0Nzh9.5ZbYSCt_pn0kIxFfCzZqosO7rBJxh3spx9wqo3dtIIw","type":"SOFTWARE","equipment":"WORD"}
response time: 78
response status: 200
response body: 
{"status":0,"data":[{"type":"SOFTWARE","equipment":"WORD","operation":"FIX","weight":5,"remark":"","status":1,"id":"969e8f2d-ad12-4e71-b843-bdc1b0e6db82","createdAt":1506562927568,"updatedAt":1506562927568,"version":0,"equiptypesname":"软件","equipopsname":"故障"},{"type":"SOFTWARE","equipment":"WORD","operation":"SETUP","weight":5,"remark":"","status":1,"id":"12786792-342c-4547-b0a4-b2d3b49809ee","createdAt":1506562927481,"updatedAt":1506562927481,"version":0,"equiptypesname":"软件","equipopsname":"安装"}],"total":2}
*************** response log end ***************

[2017-09-28 10:04:19.782] [INFO] resLogger - 
*************** response log start ***************
request method: GET
request originalUrl:  /api/business/getequip/get/HARDWARE?token=eyJhbGciOiJIUzI1NiIsInR5cCI6IkpXVCJ9.eyJkYXRhIjp7ImlkIjoiYmNmOWNiM2UtMzA3Ny00NTMwLWE0NjAtNzM5ZmJhNjMzNTVkIiwibmFtZSI6ImFkbWluIiwiZ2VuZGVyIjp0cnVlLCJlbWFpbCI6IjM3ODMzODYyN0BxcS5jb20ifSwiaWF0IjoxNTA2NTYzMDc4LCJleHAiOjE1MDY2NDk0Nzh9.5ZbYSCt_pn0kIxFfCzZqosO7rBJxh3spx9wqo3dtIIw
request client ip:  ::ffff:127.0.0.1
request query:  {"token":"eyJhbGciOiJIUzI1NiIsInR5cCI6IkpXVCJ9.eyJkYXRhIjp7ImlkIjoiYmNmOWNiM2UtMzA3Ny00NTMwLWE0NjAtNzM5ZmJhNjMzNTVkIiwibmFtZSI6ImFkbWluIiwiZ2VuZGVyIjp0cnVlLCJlbWFpbCI6IjM3ODMzODYyN0BxcS5jb20ifSwiaWF0IjoxNTA2NTYzMDc4LCJleHAiOjE1MDY2NDk0Nzh9.5ZbYSCt_pn0kIxFfCzZqosO7rBJxh3spx9wqo3dtIIw"}
response time: 73
response status: 200
response body: 
{"status":0,"data":[{"equipment":"打印机"},{"equipment":"电脑"},{"equipment":"电话"},{"equipment":"笔记本电脑"}]}
*************** response log end ***************

[2017-09-28 10:04:19.866] [INFO] resLogger - 
*************** response log start ***************
request method: GET
request originalUrl:  /api/business/list?token=eyJhbGciOiJIUzI1NiIsInR5cCI6IkpXVCJ9.eyJkYXRhIjp7ImlkIjoiYmNmOWNiM2UtMzA3Ny00NTMwLWE0NjAtNzM5ZmJhNjMzNTVkIiwibmFtZSI6ImFkbWluIiwiZ2VuZGVyIjp0cnVlLCJlbWFpbCI6IjM3ODMzODYyN0BxcS5jb20ifSwiaWF0IjoxNTA2NTYzMDc4LCJleHAiOjE1MDY2NDk0Nzh9.5ZbYSCt_pn0kIxFfCzZqosO7rBJxh3spx9wqo3dtIIw&type=HARDWARE&equipment=%E6%89%93%E5%8D%B0%E6%9C%BA
request client ip:  ::ffff:127.0.0.1
request query:  {"token":"eyJhbGciOiJIUzI1NiIsInR5cCI6IkpXVCJ9.eyJkYXRhIjp7ImlkIjoiYmNmOWNiM2UtMzA3Ny00NTMwLWE0NjAtNzM5ZmJhNjMzNTVkIiwibmFtZSI6ImFkbWluIiwiZ2VuZGVyIjp0cnVlLCJlbWFpbCI6IjM3ODMzODYyN0BxcS5jb20ifSwiaWF0IjoxNTA2NTYzMDc4LCJleHAiOjE1MDY2NDk0Nzh9.5ZbYSCt_pn0kIxFfCzZqosO7rBJxh3spx9wqo3dtIIw","type":"HARDWARE","equipment":"打印机"}
response time: 55
response status: 200
response body: 
{"status":0,"data":[{"type":"HARDWARE","equipment":"打印机","operation":"FIX","weight":5,"remark":"","status":1,"id":"0a884b4d-2dbc-4c0e-8c87-86c3dd6d150a","createdAt":1506562926963,"updatedAt":1506562926963,"version":0,"equiptypesname":"硬件","equipopsname":"故障"},{"type":"HARDWARE","equipment":"打印机","operation":"SETUP","weight":5,"remark":"","status":1,"id":"eda153e9-5d53-488d-91c4-81231bc9558f","createdAt":1506562926790,"updatedAt":1506562926790,"version":0,"equiptypesname":"硬件","equipopsname":"安装"}],"total":2}
*************** response log end ***************

[2017-09-28 10:04:35.342] [INFO] resLogger - 
*************** response log start ***************
request method: GET
request originalUrl:  /api/business/getequip/get/NETWORK?token=eyJhbGciOiJIUzI1NiIsInR5cCI6IkpXVCJ9.eyJkYXRhIjp7ImlkIjoiYmNmOWNiM2UtMzA3Ny00NTMwLWE0NjAtNzM5ZmJhNjMzNTVkIiwibmFtZSI6ImFkbWluIiwiZ2VuZGVyIjp0cnVlLCJlbWFpbCI6IjM3ODMzODYyN0BxcS5jb20ifSwiaWF0IjoxNTA2NTYzMDc4LCJleHAiOjE1MDY2NDk0Nzh9.5ZbYSCt_pn0kIxFfCzZqosO7rBJxh3spx9wqo3dtIIw
request client ip:  ::ffff:127.0.0.1
request query:  {"token":"eyJhbGciOiJIUzI1NiIsInR5cCI6IkpXVCJ9.eyJkYXRhIjp7ImlkIjoiYmNmOWNiM2UtMzA3Ny00NTMwLWE0NjAtNzM5ZmJhNjMzNTVkIiwibmFtZSI6ImFkbWluIiwiZ2VuZGVyIjp0cnVlLCJlbWFpbCI6IjM3ODMzODYyN0BxcS5jb20ifSwiaWF0IjoxNTA2NTYzMDc4LCJleHAiOjE1MDY2NDk0Nzh9.5ZbYSCt_pn0kIxFfCzZqosO7rBJxh3spx9wqo3dtIIw"}
response time: 69
response status: 200
response body: 
{"status":0,"data":[{"equipment":"IP地址"}]}
*************** response log end ***************

[2017-09-28 10:04:35.406] [INFO] resLogger - 
*************** response log start ***************
request method: GET
request originalUrl:  /api/business/list?token=eyJhbGciOiJIUzI1NiIsInR5cCI6IkpXVCJ9.eyJkYXRhIjp7ImlkIjoiYmNmOWNiM2UtMzA3Ny00NTMwLWE0NjAtNzM5ZmJhNjMzNTVkIiwibmFtZSI6ImFkbWluIiwiZ2VuZGVyIjp0cnVlLCJlbWFpbCI6IjM3ODMzODYyN0BxcS5jb20ifSwiaWF0IjoxNTA2NTYzMDc4LCJleHAiOjE1MDY2NDk0Nzh9.5ZbYSCt_pn0kIxFfCzZqosO7rBJxh3spx9wqo3dtIIw&type=NETWORK&equipment=IP%E5%9C%B0%E5%9D%80
request client ip:  ::ffff:127.0.0.1
request query:  {"token":"eyJhbGciOiJIUzI1NiIsInR5cCI6IkpXVCJ9.eyJkYXRhIjp7ImlkIjoiYmNmOWNiM2UtMzA3Ny00NTMwLWE0NjAtNzM5ZmJhNjMzNTVkIiwibmFtZSI6ImFkbWluIiwiZ2VuZGVyIjp0cnVlLCJlbWFpbCI6IjM3ODMzODYyN0BxcS5jb20ifSwiaWF0IjoxNTA2NTYzMDc4LCJleHAiOjE1MDY2NDk0Nzh9.5ZbYSCt_pn0kIxFfCzZqosO7rBJxh3spx9wqo3dtIIw","type":"NETWORK","equipment":"IP地址"}
response time: 48
response status: 200
response body: 
{"status":0,"data":[{"type":"NETWORK","equipment":"IP地址","operation":"SET","weight":5,"remark":"","status":1,"id":"895ace0f-2b25-4e69-b9f0-1bb766c585e8","createdAt":1506562927334,"updatedAt":1506562927334,"version":0,"equiptypesname":"网络","equipopsname":"设置"},{"type":"NETWORK","equipment":"IP地址","operation":"CT","weight":5,"remark":"","status":1,"id":"89423cbc-26bf-4121-b752-54180b1d4a8a","createdAt":1506562927240,"updatedAt":1506562927240,"version":0,"equiptypesname":"网络","equipopsname":"冲突"}],"total":2}
*************** response log end ***************

[2017-09-28 10:04:38.558] [INFO] resLogger - 
*************** response log start ***************
request method: GET
request originalUrl:  /api/business/getequip/get/SOFTWARE?token=eyJhbGciOiJIUzI1NiIsInR5cCI6IkpXVCJ9.eyJkYXRhIjp7ImlkIjoiYmNmOWNiM2UtMzA3Ny00NTMwLWE0NjAtNzM5ZmJhNjMzNTVkIiwibmFtZSI6ImFkbWluIiwiZ2VuZGVyIjp0cnVlLCJlbWFpbCI6IjM3ODMzODYyN0BxcS5jb20ifSwiaWF0IjoxNTA2NTYzMDc4LCJleHAiOjE1MDY2NDk0Nzh9.5ZbYSCt_pn0kIxFfCzZqosO7rBJxh3spx9wqo3dtIIw
request client ip:  ::ffff:127.0.0.1
request query:  {"token":"eyJhbGciOiJIUzI1NiIsInR5cCI6IkpXVCJ9.eyJkYXRhIjp7ImlkIjoiYmNmOWNiM2UtMzA3Ny00NTMwLWE0NjAtNzM5ZmJhNjMzNTVkIiwibmFtZSI6ImFkbWluIiwiZ2VuZGVyIjp0cnVlLCJlbWFpbCI6IjM3ODMzODYyN0BxcS5jb20ifSwiaWF0IjoxNTA2NTYzMDc4LCJleHAiOjE1MDY2NDk0Nzh9.5ZbYSCt_pn0kIxFfCzZqosO7rBJxh3spx9wqo3dtIIw"}
response time: 66
response status: 200
response body: 
{"status":0,"data":[{"equipment":"WORD"},{"equipment":"浏览器"}]}
*************** response log end ***************

[2017-09-28 10:04:38.639] [INFO] resLogger - 
*************** response log start ***************
request method: GET
request originalUrl:  /api/business/list?token=eyJhbGciOiJIUzI1NiIsInR5cCI6IkpXVCJ9.eyJkYXRhIjp7ImlkIjoiYmNmOWNiM2UtMzA3Ny00NTMwLWE0NjAtNzM5ZmJhNjMzNTVkIiwibmFtZSI6ImFkbWluIiwiZ2VuZGVyIjp0cnVlLCJlbWFpbCI6IjM3ODMzODYyN0BxcS5jb20ifSwiaWF0IjoxNTA2NTYzMDc4LCJleHAiOjE1MDY2NDk0Nzh9.5ZbYSCt_pn0kIxFfCzZqosO7rBJxh3spx9wqo3dtIIw&type=SOFTWARE&equipment=WORD
request client ip:  ::ffff:127.0.0.1
request query:  {"token":"eyJhbGciOiJIUzI1NiIsInR5cCI6IkpXVCJ9.eyJkYXRhIjp7ImlkIjoiYmNmOWNiM2UtMzA3Ny00NTMwLWE0NjAtNzM5ZmJhNjMzNTVkIiwibmFtZSI6ImFkbWluIiwiZ2VuZGVyIjp0cnVlLCJlbWFpbCI6IjM3ODMzODYyN0BxcS5jb20ifSwiaWF0IjoxNTA2NTYzMDc4LCJleHAiOjE1MDY2NDk0Nzh9.5ZbYSCt_pn0kIxFfCzZqosO7rBJxh3spx9wqo3dtIIw","type":"SOFTWARE","equipment":"WORD"}
response time: 65
response status: 200
response body: 
{"status":0,"data":[{"type":"SOFTWARE","equipment":"WORD","operation":"FIX","weight":5,"remark":"","status":1,"id":"969e8f2d-ad12-4e71-b843-bdc1b0e6db82","createdAt":1506562927568,"updatedAt":1506562927568,"version":0,"equiptypesname":"软件","equipopsname":"故障"},{"type":"SOFTWARE","equipment":"WORD","operation":"SETUP","weight":5,"remark":"","status":1,"id":"12786792-342c-4547-b0a4-b2d3b49809ee","createdAt":1506562927481,"updatedAt":1506562927481,"version":0,"equiptypesname":"软件","equipopsname":"安装"}],"total":2}
*************** response log end ***************

[2017-09-28 10:05:51.829] [INFO] resLogger - 
*************** response log start ***************
request method: GET
request originalUrl:  /api/user/?token=eyJhbGciOiJIUzI1NiIsInR5cCI6IkpXVCJ9.eyJkYXRhIjp7ImlkIjoiYmNmOWNiM2UtMzA3Ny00NTMwLWE0NjAtNzM5ZmJhNjMzNTVkIiwibmFtZSI6ImFkbWluIiwiZ2VuZGVyIjp0cnVlLCJlbWFpbCI6IjM3ODMzODYyN0BxcS5jb20ifSwiaWF0IjoxNTA2NTYzMDc4LCJleHAiOjE1MDY2NDk0Nzh9.5ZbYSCt_pn0kIxFfCzZqosO7rBJxh3spx9wqo3dtIIw
request client ip:  ::ffff:127.0.0.1
request query:  {"token":"eyJhbGciOiJIUzI1NiIsInR5cCI6IkpXVCJ9.eyJkYXRhIjp7ImlkIjoiYmNmOWNiM2UtMzA3Ny00NTMwLWE0NjAtNzM5ZmJhNjMzNTVkIiwibmFtZSI6ImFkbWluIiwiZ2VuZGVyIjp0cnVlLCJlbWFpbCI6IjM3ODMzODYyN0BxcS5jb20ifSwiaWF0IjoxNTA2NTYzMDc4LCJleHAiOjE1MDY2NDk0Nzh9.5ZbYSCt_pn0kIxFfCzZqosO7rBJxh3spx9wqo3dtIIw"}
response time: 105
response status: 200
response body: 
{"status":0,"data":{"name":"admin","email":"378338627@qq.com","phone":"15822927208","password":"$2a$10$DmXdmuphScv/midqF68OwOnGBWU3tFleESeBVFe/EO6yV/2ac55XW","gender":true,"token":"eyJhbGciOiJIUzI1NiIsInR5cCI6IkpXVCJ9.eyJkYXRhIjp7ImlkIjoiYmNmOWNiM2UtMzA3Ny00NTMwLWE0NjAtNzM5ZmJhNjMzNTVkIiwibmFtZSI6ImFkbWluIiwiZ2VuZGVyIjp0cnVlLCJlbWFpbCI6IjM3ODMzODYyN0BxcS5jb20ifSwiaWF0IjoxNTA2NTYzMDc4LCJleHAiOjE1MDY2NDk0Nzh9.5ZbYSCt_pn0kIxFfCzZqosO7rBJxh3spx9wqo3dtIIw","canLogin":true,"status":1,"id":"bcf9cb3e-3077-4530-a460-739fba63355d","createdAt":1506562921553,"updatedAt":1506563079022,"version":1}}
*************** response log end ***************

[2017-09-28 10:05:52.527] [INFO] resLogger - 
*************** response log start ***************
request method: GET
request originalUrl:  /api/groups/list?token=eyJhbGciOiJIUzI1NiIsInR5cCI6IkpXVCJ9.eyJkYXRhIjp7ImlkIjoiYmNmOWNiM2UtMzA3Ny00NTMwLWE0NjAtNzM5ZmJhNjMzNTVkIiwibmFtZSI6ImFkbWluIiwiZ2VuZGVyIjp0cnVlLCJlbWFpbCI6IjM3ODMzODYyN0BxcS5jb20ifSwiaWF0IjoxNTA2NTYzMDc4LCJleHAiOjE1MDY2NDk0Nzh9.5ZbYSCt_pn0kIxFfCzZqosO7rBJxh3spx9wqo3dtIIw
request client ip:  ::ffff:127.0.0.1
request query:  {"token":"eyJhbGciOiJIUzI1NiIsInR5cCI6IkpXVCJ9.eyJkYXRhIjp7ImlkIjoiYmNmOWNiM2UtMzA3Ny00NTMwLWE0NjAtNzM5ZmJhNjMzNTVkIiwibmFtZSI6ImFkbWluIiwiZ2VuZGVyIjp0cnVlLCJlbWFpbCI6IjM3ODMzODYyN0BxcS5jb20ifSwiaWF0IjoxNTA2NTYzMDc4LCJleHAiOjE1MDY2NDk0Nzh9.5ZbYSCt_pn0kIxFfCzZqosO7rBJxh3spx9wqo3dtIIw"}
response time: 453
response status: 200
response body: 
{"status":0,"data":[{"name":"控股","description":"group2","status":1,"id":"f453e51e-683a-4b73-93d0-8a85073750d6","createdAt":1506562921834,"updatedAt":1506562921834,"version":0},{"name":"管委会","description":"group1","status":1,"id":"c9191464-e5c9-43e0-96f1-aedd6309ddd5","createdAt":1506562921554,"updatedAt":1506562921554,"version":0}],"total":2}
*************** response log end ***************

[2017-09-28 10:05:52.695] [INFO] resLogger - 
*************** response log start ***************
request method: GET
request originalUrl:  /api/order/getorderno/get/2017/9/28?token=eyJhbGciOiJIUzI1NiIsInR5cCI6IkpXVCJ9.eyJkYXRhIjp7ImlkIjoiYmNmOWNiM2UtMzA3Ny00NTMwLWE0NjAtNzM5ZmJhNjMzNTVkIiwibmFtZSI6ImFkbWluIiwiZ2VuZGVyIjp0cnVlLCJlbWFpbCI6IjM3ODMzODYyN0BxcS5jb20ifSwiaWF0IjoxNTA2NTYzMDc4LCJleHAiOjE1MDY2NDk0Nzh9.5ZbYSCt_pn0kIxFfCzZqosO7rBJxh3spx9wqo3dtIIw
request client ip:  ::ffff:127.0.0.1
request query:  {"token":"eyJhbGciOiJIUzI1NiIsInR5cCI6IkpXVCJ9.eyJkYXRhIjp7ImlkIjoiYmNmOWNiM2UtMzA3Ny00NTMwLWE0NjAtNzM5ZmJhNjMzNTVkIiwibmFtZSI6ImFkbWluIiwiZ2VuZGVyIjp0cnVlLCJlbWFpbCI6IjM3ODMzODYyN0BxcS5jb20ifSwiaWF0IjoxNTA2NTYzMDc4LCJleHAiOjE1MDY2NDk0Nzh9.5ZbYSCt_pn0kIxFfCzZqosO7rBJxh3spx9wqo3dtIIw"}
response time: 379
response status: 200
response body: 
{"status":0,"data":"20170928000"}
*************** response log end ***************

[2017-09-28 10:05:52.735] [INFO] resLogger - 
*************** response log start ***************
request method: GET
request originalUrl:  /api/equipType/list?token=eyJhbGciOiJIUzI1NiIsInR5cCI6IkpXVCJ9.eyJkYXRhIjp7ImlkIjoiYmNmOWNiM2UtMzA3Ny00NTMwLWE0NjAtNzM5ZmJhNjMzNTVkIiwibmFtZSI6ImFkbWluIiwiZ2VuZGVyIjp0cnVlLCJlbWFpbCI6IjM3ODMzODYyN0BxcS5jb20ifSwiaWF0IjoxNTA2NTYzMDc4LCJleHAiOjE1MDY2NDk0Nzh9.5ZbYSCt_pn0kIxFfCzZqosO7rBJxh3spx9wqo3dtIIw
request client ip:  ::ffff:127.0.0.1
request query:  {"token":"eyJhbGciOiJIUzI1NiIsInR5cCI6IkpXVCJ9.eyJkYXRhIjp7ImlkIjoiYmNmOWNiM2UtMzA3Ny00NTMwLWE0NjAtNzM5ZmJhNjMzNTVkIiwibmFtZSI6ImFkbWluIiwiZ2VuZGVyIjp0cnVlLCJlbWFpbCI6IjM3ODMzODYyN0BxcS5jb20ifSwiaWF0IjoxNTA2NTYzMDc4LCJleHAiOjE1MDY2NDk0Nzh9.5ZbYSCt_pn0kIxFfCzZqosO7rBJxh3spx9wqo3dtIIw"}
response time: 392
response status: 200
response body: 
{"status":0,"data":[{"name":"网络","code":"NETWORK","id":"c26c473e-fae7-43bf-ac57-0cb2b8dac88d","createdAt":1506562925917,"updatedAt":1506562925917,"version":0},{"name":"软件","code":"SOFTWARE","id":"6b5ffe4b-9477-41c1-8c08-f8d295f3634c","createdAt":1506562925806,"updatedAt":1506562925806,"version":0},{"name":"硬件","code":"HARDWARE","id":"5e55e5e2-b0e8-4863-8cde-22e5687348d2","createdAt":1506562925666,"updatedAt":1506562925666,"version":0}]}
*************** response log end ***************

[2017-09-28 10:05:52.789] [INFO] resLogger - 
*************** response log start ***************
request method: GET
request originalUrl:  /api/business/list?token=eyJhbGciOiJIUzI1NiIsInR5cCI6IkpXVCJ9.eyJkYXRhIjp7ImlkIjoiYmNmOWNiM2UtMzA3Ny00NTMwLWE0NjAtNzM5ZmJhNjMzNTVkIiwibmFtZSI6ImFkbWluIiwiZ2VuZGVyIjp0cnVlLCJlbWFpbCI6IjM3ODMzODYyN0BxcS5jb20ifSwiaWF0IjoxNTA2NTYzMDc4LCJleHAiOjE1MDY2NDk0Nzh9.5ZbYSCt_pn0kIxFfCzZqosO7rBJxh3spx9wqo3dtIIw
request client ip:  ::ffff:127.0.0.1
request query:  {"token":"eyJhbGciOiJIUzI1NiIsInR5cCI6IkpXVCJ9.eyJkYXRhIjp7ImlkIjoiYmNmOWNiM2UtMzA3Ny00NTMwLWE0NjAtNzM5ZmJhNjMzNTVkIiwibmFtZSI6ImFkbWluIiwiZ2VuZGVyIjp0cnVlLCJlbWFpbCI6IjM3ODMzODYyN0BxcS5jb20ifSwiaWF0IjoxNTA2NTYzMDc4LCJleHAiOjE1MDY2NDk0Nzh9.5ZbYSCt_pn0kIxFfCzZqosO7rBJxh3spx9wqo3dtIIw"}
response time: 428
response status: 200
response body: 
{"status":0,"data":[{"type":"HARDWARE","equipment":"笔记本电脑","operation":"FIX","weight":5,"remark":"","status":1,"id":"e4f92859-ceaa-414b-9b93-718a2b559165","createdAt":1506562928036,"updatedAt":1506562928036,"version":0,"equiptypesname":"硬件","equipopsname":"故障"},{"type":"HARDWARE","equipment":"笔记本电脑","operation":"SETUP","weight":5,"remark":"","status":1,"id":"89e2f8ed-8ca9-4815-8ba2-676252ef8b17","createdAt":1506562927935,"updatedAt":1506562927935,"version":0,"equiptypesname":"硬件","equipopsname":"安装"},{"type":"HARDWARE","equipment":"笔记本电脑","operation":"NOTSTART","weight":5,"remark":"","status":1,"id":"49fdea0a-ee99-43b0-9b5d-54f22620c5cc","createdAt":1506562927829,"updatedAt":1506562927829,"version":0,"equiptypesname":"硬件","equipopsname":"无法开机"},{"type":"HARDWARE","equipment":"电脑","operation":"SETUP","weight":5,"remark":"","status":1,"id":"9da1c073-513a-484a-99ff-7148109af71b","createdAt":1506562927757,"updatedAt":1506562927757,"version":0,"equiptypesname":"硬件","equipopsname":"安装"},{"type":"HARDWARE","equipment":"电脑","operation":"NOTSTART","weight":5,"remark":"","status":1,"id":"3486ae8c-66a3-455b-b839-e31639e58bad","createdAt":1506562927653,"updatedAt":1506562927653,"version":0,"equiptypesname":"硬件","equipopsname":"无法开机"},{"type":"SOFTWARE","equipment":"WORD","operation":"FIX","weight":5,"remark":"","status":1,"id":"969e8f2d-ad12-4e71-b843-bdc1b0e6db82","createdAt":1506562927568,"updatedAt":1506562927568,"version":0,"equiptypesname":"软件","equipopsname":"故障"},{"type":"SOFTWARE","equipment":"WORD","operation":"SETUP","weight":5,"remark":"","status":1,"id":"12786792-342c-4547-b0a4-b2d3b49809ee","createdAt":1506562927481,"updatedAt":1506562927481,"version":0,"equiptypesname":"软件","equipopsname":"安装"},{"type":"NETWORK","equipment":"IP地址","operation":"SET","weight":5,"remark":"","status":1,"id":"895ace0f-2b25-4e69-b9f0-1bb766c585e8","createdAt":1506562927334,"updatedAt":1506562927334,"version":0,"equiptypesname":"网络","equipopsname":"设置"},{"type":"NETWORK","equipment":"IP地址","operation":"CT","weight":5,"remark":"","status":1,"id":"89423cbc-26bf-4121-b752-54180b1d4a8a","createdAt":1506562927240,"updatedAt":1506562927240,"version":0,"equiptypesname":"网络","equipopsname":"冲突"},{"type":"SOFTWARE","equipment":"浏览器","operation":"FIX","weight":5,"remark":"","status":1,"id":"8ebc4c5c-b061-4b96-88e7-c7765a940177","createdAt":1506562927150,"updatedAt":1506562927150,"version":0,"equiptypesname":"软件","equipopsname":"故障"},{"type":"SOFTWARE","equipment":"浏览器","operation":"SETUP","weight":5,"remark":"","status":1,"id":"f736f1bb-6472-4f4b-bfd9-1de7495c9c96","createdAt":1506562927067,"updatedAt":1506562927067,"version":0,"equiptypesname":"软件","equipopsname":"安装"},{"type":"HARDWARE","equipment":"打印机","operation":"FIX","weight":5,"remark":"","status":1,"id":"0a884b4d-2dbc-4c0e-8c87-86c3dd6d150a","createdAt":1506562926963,"updatedAt":1506562926963,"version":0,"equiptypesname":"硬件","equipopsname":"故障"},{"type":"HARDWARE","equipment":"打印机","operation":"SETUP","weight":5,"remark":"","status":1,"id":"eda153e9-5d53-488d-91c4-81231bc9558f","createdAt":1506562926790,"updatedAt":1506562926790,"version":0,"equiptypesname":"硬件","equipopsname":"安装"},{"type":"HARDWARE","equipment":"电话","operation":"FIX","weight":5,"remark":"","status":1,"id":"b5659d66-8f70-4735-818f-bce77ec1492d","createdAt":1506562926704,"updatedAt":1506562926704,"version":0,"equiptypesname":"硬件","equipopsname":"故障"},{"type":"HARDWARE","equipment":"电话","operation":"SETUP","weight":5,"remark":"","status":1,"id":"87148cee-180d-4931-ab16-12bdda7e64e7","createdAt":1506562926627,"updatedAt":1506562926627,"version":0,"equiptypesname":"硬件","equipopsname":"安装"}],"total":15}
*************** response log end ***************

[2017-09-28 10:05:52.923] [INFO] resLogger - 
*************** response log start ***************
request method: GET
request originalUrl:  /api/groups/list?token=eyJhbGciOiJIUzI1NiIsInR5cCI6IkpXVCJ9.eyJkYXRhIjp7ImlkIjoiYmNmOWNiM2UtMzA3Ny00NTMwLWE0NjAtNzM5ZmJhNjMzNTVkIiwibmFtZSI6ImFkbWluIiwiZ2VuZGVyIjp0cnVlLCJlbWFpbCI6IjM3ODMzODYyN0BxcS5jb20ifSwiaWF0IjoxNTA2NTYzMDc4LCJleHAiOjE1MDY2NDk0Nzh9.5ZbYSCt_pn0kIxFfCzZqosO7rBJxh3spx9wqo3dtIIw
request client ip:  ::ffff:127.0.0.1
request query:  {"token":"eyJhbGciOiJIUzI1NiIsInR5cCI6IkpXVCJ9.eyJkYXRhIjp7ImlkIjoiYmNmOWNiM2UtMzA3Ny00NTMwLWE0NjAtNzM5ZmJhNjMzNTVkIiwibmFtZSI6ImFkbWluIiwiZ2VuZGVyIjp0cnVlLCJlbWFpbCI6IjM3ODMzODYyN0BxcS5jb20ifSwiaWF0IjoxNTA2NTYzMDc4LCJleHAiOjE1MDY2NDk0Nzh9.5ZbYSCt_pn0kIxFfCzZqosO7rBJxh3spx9wqo3dtIIw"}
response time: 316
response status: 200
response body: 
{"status":0,"data":[{"name":"控股","description":"group2","status":1,"id":"f453e51e-683a-4b73-93d0-8a85073750d6","createdAt":1506562921834,"updatedAt":1506562921834,"version":0},{"name":"管委会","description":"group1","status":1,"id":"c9191464-e5c9-43e0-96f1-aedd6309ddd5","createdAt":1506562921554,"updatedAt":1506562921554,"version":0}],"total":2}
*************** response log end ***************

[2017-09-28 10:05:53.079] [INFO] resLogger - 
*************** response log start ***************
request method: GET
request originalUrl:  /api/corporations/list?token=eyJhbGciOiJIUzI1NiIsInR5cCI6IkpXVCJ9.eyJkYXRhIjp7ImlkIjoiYmNmOWNiM2UtMzA3Ny00NTMwLWE0NjAtNzM5ZmJhNjMzNTVkIiwibmFtZSI6ImFkbWluIiwiZ2VuZGVyIjp0cnVlLCJlbWFpbCI6IjM3ODMzODYyN0BxcS5jb20ifSwiaWF0IjoxNTA2NTYzMDc4LCJleHAiOjE1MDY2NDk0Nzh9.5ZbYSCt_pn0kIxFfCzZqosO7rBJxh3spx9wqo3dtIIw&group=f453e51e-683a-4b73-93d0-8a85073750d6
request client ip:  ::ffff:127.0.0.1
request query:  {"token":"eyJhbGciOiJIUzI1NiIsInR5cCI6IkpXVCJ9.eyJkYXRhIjp7ImlkIjoiYmNmOWNiM2UtMzA3Ny00NTMwLWE0NjAtNzM5ZmJhNjMzNTVkIiwibmFtZSI6ImFkbWluIiwiZ2VuZGVyIjp0cnVlLCJlbWFpbCI6IjM3ODMzODYyN0BxcS5jb20ifSwiaWF0IjoxNTA2NTYzMDc4LCJleHAiOjE1MDY2NDk0Nzh9.5ZbYSCt_pn0kIxFfCzZqosO7rBJxh3spx9wqo3dtIIw","group":"f453e51e-683a-4b73-93d0-8a85073750d6"}
response time: 288
response status: 200
response body: 
{"status":0,"data":[{"name":"控股公司","description":"控股公司","status":1,"groupId":"f453e51e-683a-4b73-93d0-8a85073750d6","id":"8669754f-50f4-493d-a39e-8e330ae14de3","createdAt":1506562923980,"updatedAt":1506562923980,"version":0,"group":{"name":"控股","description":"group2","status":1,"id":"f453e51e-683a-4b73-93d0-8a85073750d6","createdAt":1506562921834,"updatedAt":1506562921834,"version":0}}],"total":1}
*************** response log end ***************

[2017-09-28 10:05:53.130] [INFO] resLogger - 
*************** response log start ***************
request method: GET
request originalUrl:  /api/business/getequip/get/NETWORK?token=eyJhbGciOiJIUzI1NiIsInR5cCI6IkpXVCJ9.eyJkYXRhIjp7ImlkIjoiYmNmOWNiM2UtMzA3Ny00NTMwLWE0NjAtNzM5ZmJhNjMzNTVkIiwibmFtZSI6ImFkbWluIiwiZ2VuZGVyIjp0cnVlLCJlbWFpbCI6IjM3ODMzODYyN0BxcS5jb20ifSwiaWF0IjoxNTA2NTYzMDc4LCJleHAiOjE1MDY2NDk0Nzh9.5ZbYSCt_pn0kIxFfCzZqosO7rBJxh3spx9wqo3dtIIw
request client ip:  ::ffff:127.0.0.1
request query:  {"token":"eyJhbGciOiJIUzI1NiIsInR5cCI6IkpXVCJ9.eyJkYXRhIjp7ImlkIjoiYmNmOWNiM2UtMzA3Ny00NTMwLWE0NjAtNzM5ZmJhNjMzNTVkIiwibmFtZSI6ImFkbWluIiwiZ2VuZGVyIjp0cnVlLCJlbWFpbCI6IjM3ODMzODYyN0BxcS5jb20ifSwiaWF0IjoxNTA2NTYzMDc4LCJleHAiOjE1MDY2NDk0Nzh9.5ZbYSCt_pn0kIxFfCzZqosO7rBJxh3spx9wqo3dtIIw"}
response time: 125
response status: 200
response body: 
{"status":0,"data":[{"equipment":"IP地址"}]}
*************** response log end ***************

[2017-09-28 10:05:53.314] [INFO] resLogger - 
*************** response log start ***************
request method: GET
request originalUrl:  /api/corpBuildings/list/8669754f-50f4-493d-a39e-8e330ae14de3?token=eyJhbGciOiJIUzI1NiIsInR5cCI6IkpXVCJ9.eyJkYXRhIjp7ImlkIjoiYmNmOWNiM2UtMzA3Ny00NTMwLWE0NjAtNzM5ZmJhNjMzNTVkIiwibmFtZSI6ImFkbWluIiwiZ2VuZGVyIjp0cnVlLCJlbWFpbCI6IjM3ODMzODYyN0BxcS5jb20ifSwiaWF0IjoxNTA2NTYzMDc4LCJleHAiOjE1MDY2NDk0Nzh9.5ZbYSCt_pn0kIxFfCzZqosO7rBJxh3spx9wqo3dtIIw
request client ip:  ::ffff:127.0.0.1
request query:  {"token":"eyJhbGciOiJIUzI1NiIsInR5cCI6IkpXVCJ9.eyJkYXRhIjp7ImlkIjoiYmNmOWNiM2UtMzA3Ny00NTMwLWE0NjAtNzM5ZmJhNjMzNTVkIiwibmFtZSI6ImFkbWluIiwiZ2VuZGVyIjp0cnVlLCJlbWFpbCI6IjM3ODMzODYyN0BxcS5jb20ifSwiaWF0IjoxNTA2NTYzMDc4LCJleHAiOjE1MDY2NDk0Nzh9.5ZbYSCt_pn0kIxFfCzZqosO7rBJxh3spx9wqo3dtIIw"}
response time: 103
response status: 200
response body: 
{"status":0,"data":[{"corporationId":"8669754f-50f4-493d-a39e-8e330ae14de3","buildingId":"8bfaca4e-05b2-433c-9b8f-9e005c495c7a","floor":7,"position":"A","status":1,"id":"e4e9fae9-1ac5-49d7-bdba-76aba48b8e60","createdAt":1506562924326,"updatedAt":1506562924326,"version":0,"building":{"name":"商务大厦南楼","address":"南","minfloor":1,"maxfloor":15,"status":1,"id":"8bfaca4e-05b2-433c-9b8f-9e005c495c7a","createdAt":1506562922020,"updatedAt":1506562922020,"version":0}},{"corporationId":"8669754f-50f4-493d-a39e-8e330ae14de3","buildingId":"8bfaca4e-05b2-433c-9b8f-9e005c495c7a","floor":6,"position":"A","status":1,"id":"1e4e8345-ac69-4664-a3fa-07bb3bd29432","createdAt":1506562924087,"updatedAt":1506562924087,"version":0,"building":{"name":"商务大厦南楼","address":"南","minfloor":1,"maxfloor":15,"status":1,"id":"8bfaca4e-05b2-433c-9b8f-9e005c495c7a","createdAt":1506562922020,"updatedAt":1506562922020,"version":0}}],"total":0}
*************** response log end ***************

[2017-09-28 10:05:53.388] [INFO] resLogger - 
*************** response log start ***************
request method: GET
request originalUrl:  /api/corporations/list?token=eyJhbGciOiJIUzI1NiIsInR5cCI6IkpXVCJ9.eyJkYXRhIjp7ImlkIjoiYmNmOWNiM2UtMzA3Ny00NTMwLWE0NjAtNzM5ZmJhNjMzNTVkIiwibmFtZSI6ImFkbWluIiwiZ2VuZGVyIjp0cnVlLCJlbWFpbCI6IjM3ODMzODYyN0BxcS5jb20ifSwiaWF0IjoxNTA2NTYzMDc4LCJleHAiOjE1MDY2NDk0Nzh9.5ZbYSCt_pn0kIxFfCzZqosO7rBJxh3spx9wqo3dtIIw&group=f453e51e-683a-4b73-93d0-8a85073750d6
request client ip:  ::ffff:127.0.0.1
request query:  {"token":"eyJhbGciOiJIUzI1NiIsInR5cCI6IkpXVCJ9.eyJkYXRhIjp7ImlkIjoiYmNmOWNiM2UtMzA3Ny00NTMwLWE0NjAtNzM5ZmJhNjMzNTVkIiwibmFtZSI6ImFkbWluIiwiZ2VuZGVyIjp0cnVlLCJlbWFpbCI6IjM3ODMzODYyN0BxcS5jb20ifSwiaWF0IjoxNTA2NTYzMDc4LCJleHAiOjE1MDY2NDk0Nzh9.5ZbYSCt_pn0kIxFfCzZqosO7rBJxh3spx9wqo3dtIIw","group":"f453e51e-683a-4b73-93d0-8a85073750d6"}
response time: 248
response status: 200
response body: 
{"status":0,"data":[{"name":"控股公司","description":"控股公司","status":1,"groupId":"f453e51e-683a-4b73-93d0-8a85073750d6","id":"8669754f-50f4-493d-a39e-8e330ae14de3","createdAt":1506562923980,"updatedAt":1506562923980,"version":0,"group":{"name":"控股","description":"group2","status":1,"id":"f453e51e-683a-4b73-93d0-8a85073750d6","createdAt":1506562921834,"updatedAt":1506562921834,"version":0}}],"total":1}
*************** response log end ***************

[2017-09-28 10:05:53.464] [INFO] resLogger - 
*************** response log start ***************
request method: GET
request originalUrl:  /api/business/list?token=eyJhbGciOiJIUzI1NiIsInR5cCI6IkpXVCJ9.eyJkYXRhIjp7ImlkIjoiYmNmOWNiM2UtMzA3Ny00NTMwLWE0NjAtNzM5ZmJhNjMzNTVkIiwibmFtZSI6ImFkbWluIiwiZ2VuZGVyIjp0cnVlLCJlbWFpbCI6IjM3ODMzODYyN0BxcS5jb20ifSwiaWF0IjoxNTA2NTYzMDc4LCJleHAiOjE1MDY2NDk0Nzh9.5ZbYSCt_pn0kIxFfCzZqosO7rBJxh3spx9wqo3dtIIw&type=NETWORK&equipment=IP%E5%9C%B0%E5%9D%80
request client ip:  ::ffff:127.0.0.1
request query:  {"token":"eyJhbGciOiJIUzI1NiIsInR5cCI6IkpXVCJ9.eyJkYXRhIjp7ImlkIjoiYmNmOWNiM2UtMzA3Ny00NTMwLWE0NjAtNzM5ZmJhNjMzNTVkIiwibmFtZSI6ImFkbWluIiwiZ2VuZGVyIjp0cnVlLCJlbWFpbCI6IjM3ODMzODYyN0BxcS5jb20ifSwiaWF0IjoxNTA2NTYzMDc4LCJleHAiOjE1MDY2NDk0Nzh9.5ZbYSCt_pn0kIxFfCzZqosO7rBJxh3spx9wqo3dtIIw","type":"NETWORK","equipment":"IP地址"}
response time: 150
response status: 200
response body: 
{"status":0,"data":[{"type":"NETWORK","equipment":"IP地址","operation":"SET","weight":5,"remark":"","status":1,"id":"895ace0f-2b25-4e69-b9f0-1bb766c585e8","createdAt":1506562927334,"updatedAt":1506562927334,"version":0,"equiptypesname":"网络","equipopsname":"设置"},{"type":"NETWORK","equipment":"IP地址","operation":"CT","weight":5,"remark":"","status":1,"id":"89423cbc-26bf-4121-b752-54180b1d4a8a","createdAt":1506562927240,"updatedAt":1506562927240,"version":0,"equiptypesname":"网络","equipopsname":"冲突"}],"total":2}
*************** response log end ***************

[2017-09-28 10:05:53.592] [INFO] resLogger - 
*************** response log start ***************
request method: GET
request originalUrl:  /api/corpBuildings/list/8669754f-50f4-493d-a39e-8e330ae14de3?token=eyJhbGciOiJIUzI1NiIsInR5cCI6IkpXVCJ9.eyJkYXRhIjp7ImlkIjoiYmNmOWNiM2UtMzA3Ny00NTMwLWE0NjAtNzM5ZmJhNjMzNTVkIiwibmFtZSI6ImFkbWluIiwiZ2VuZGVyIjp0cnVlLCJlbWFpbCI6IjM3ODMzODYyN0BxcS5jb20ifSwiaWF0IjoxNTA2NTYzMDc4LCJleHAiOjE1MDY2NDk0Nzh9.5ZbYSCt_pn0kIxFfCzZqosO7rBJxh3spx9wqo3dtIIw
request client ip:  ::ffff:127.0.0.1
request query:  {"token":"eyJhbGciOiJIUzI1NiIsInR5cCI6IkpXVCJ9.eyJkYXRhIjp7ImlkIjoiYmNmOWNiM2UtMzA3Ny00NTMwLWE0NjAtNzM5ZmJhNjMzNTVkIiwibmFtZSI6ImFkbWluIiwiZ2VuZGVyIjp0cnVlLCJlbWFpbCI6IjM3ODMzODYyN0BxcS5jb20ifSwiaWF0IjoxNTA2NTYzMDc4LCJleHAiOjE1MDY2NDk0Nzh9.5ZbYSCt_pn0kIxFfCzZqosO7rBJxh3spx9wqo3dtIIw"}
response time: 126
response status: 200
response body: 
{"status":0,"data":[{"corporationId":"8669754f-50f4-493d-a39e-8e330ae14de3","buildingId":"8bfaca4e-05b2-433c-9b8f-9e005c495c7a","floor":7,"position":"A","status":1,"id":"e4e9fae9-1ac5-49d7-bdba-76aba48b8e60","createdAt":1506562924326,"updatedAt":1506562924326,"version":0,"building":{"name":"商务大厦南楼","address":"南","minfloor":1,"maxfloor":15,"status":1,"id":"8bfaca4e-05b2-433c-9b8f-9e005c495c7a","createdAt":1506562922020,"updatedAt":1506562922020,"version":0}},{"corporationId":"8669754f-50f4-493d-a39e-8e330ae14de3","buildingId":"8bfaca4e-05b2-433c-9b8f-9e005c495c7a","floor":6,"position":"A","status":1,"id":"1e4e8345-ac69-4664-a3fa-07bb3bd29432","createdAt":1506562924087,"updatedAt":1506562924087,"version":0,"building":{"name":"商务大厦南楼","address":"南","minfloor":1,"maxfloor":15,"status":1,"id":"8bfaca4e-05b2-433c-9b8f-9e005c495c7a","createdAt":1506562922020,"updatedAt":1506562922020,"version":0}}],"total":0}
*************** response log end ***************

[2017-09-28 10:05:58.411] [INFO] resLogger - 
*************** response log start ***************
request method: GET
request originalUrl:  /api/business/getequip/get/SOFTWARE?token=eyJhbGciOiJIUzI1NiIsInR5cCI6IkpXVCJ9.eyJkYXRhIjp7ImlkIjoiYmNmOWNiM2UtMzA3Ny00NTMwLWE0NjAtNzM5ZmJhNjMzNTVkIiwibmFtZSI6ImFkbWluIiwiZ2VuZGVyIjp0cnVlLCJlbWFpbCI6IjM3ODMzODYyN0BxcS5jb20ifSwiaWF0IjoxNTA2NTYzMDc4LCJleHAiOjE1MDY2NDk0Nzh9.5ZbYSCt_pn0kIxFfCzZqosO7rBJxh3spx9wqo3dtIIw
request client ip:  ::ffff:127.0.0.1
request query:  {"token":"eyJhbGciOiJIUzI1NiIsInR5cCI6IkpXVCJ9.eyJkYXRhIjp7ImlkIjoiYmNmOWNiM2UtMzA3Ny00NTMwLWE0NjAtNzM5ZmJhNjMzNTVkIiwibmFtZSI6ImFkbWluIiwiZ2VuZGVyIjp0cnVlLCJlbWFpbCI6IjM3ODMzODYyN0BxcS5jb20ifSwiaWF0IjoxNTA2NTYzMDc4LCJleHAiOjE1MDY2NDk0Nzh9.5ZbYSCt_pn0kIxFfCzZqosO7rBJxh3spx9wqo3dtIIw"}
response time: 95
response status: 200
response body: 
{"status":0,"data":[{"equipment":"WORD"},{"equipment":"浏览器"}]}
*************** response log end ***************

[2017-09-28 10:05:58.499] [INFO] resLogger - 
*************** response log start ***************
request method: GET
request originalUrl:  /api/business/list?token=eyJhbGciOiJIUzI1NiIsInR5cCI6IkpXVCJ9.eyJkYXRhIjp7ImlkIjoiYmNmOWNiM2UtMzA3Ny00NTMwLWE0NjAtNzM5ZmJhNjMzNTVkIiwibmFtZSI6ImFkbWluIiwiZ2VuZGVyIjp0cnVlLCJlbWFpbCI6IjM3ODMzODYyN0BxcS5jb20ifSwiaWF0IjoxNTA2NTYzMDc4LCJleHAiOjE1MDY2NDk0Nzh9.5ZbYSCt_pn0kIxFfCzZqosO7rBJxh3spx9wqo3dtIIw&type=SOFTWARE&equipment=WORD
request client ip:  ::ffff:127.0.0.1
request query:  {"token":"eyJhbGciOiJIUzI1NiIsInR5cCI6IkpXVCJ9.eyJkYXRhIjp7ImlkIjoiYmNmOWNiM2UtMzA3Ny00NTMwLWE0NjAtNzM5ZmJhNjMzNTVkIiwibmFtZSI6ImFkbWluIiwiZ2VuZGVyIjp0cnVlLCJlbWFpbCI6IjM3ODMzODYyN0BxcS5jb20ifSwiaWF0IjoxNTA2NTYzMDc4LCJleHAiOjE1MDY2NDk0Nzh9.5ZbYSCt_pn0kIxFfCzZqosO7rBJxh3spx9wqo3dtIIw","type":"SOFTWARE","equipment":"WORD"}
response time: 71
response status: 200
response body: 
{"status":0,"data":[{"type":"SOFTWARE","equipment":"WORD","operation":"FIX","weight":5,"remark":"","status":1,"id":"969e8f2d-ad12-4e71-b843-bdc1b0e6db82","createdAt":1506562927568,"updatedAt":1506562927568,"version":0,"equiptypesname":"软件","equipopsname":"故障"},{"type":"SOFTWARE","equipment":"WORD","operation":"SETUP","weight":5,"remark":"","status":1,"id":"12786792-342c-4547-b0a4-b2d3b49809ee","createdAt":1506562927481,"updatedAt":1506562927481,"version":0,"equiptypesname":"软件","equipopsname":"安装"}],"total":2}
*************** response log end ***************

[2017-09-28 10:06:19.714] [INFO] resLogger - 
*************** response log start ***************
request method: GET
request originalUrl:  /api/business/getequip/get/NETWORK?token=eyJhbGciOiJIUzI1NiIsInR5cCI6IkpXVCJ9.eyJkYXRhIjp7ImlkIjoiYmNmOWNiM2UtMzA3Ny00NTMwLWE0NjAtNzM5ZmJhNjMzNTVkIiwibmFtZSI6ImFkbWluIiwiZ2VuZGVyIjp0cnVlLCJlbWFpbCI6IjM3ODMzODYyN0BxcS5jb20ifSwiaWF0IjoxNTA2NTYzMDc4LCJleHAiOjE1MDY2NDk0Nzh9.5ZbYSCt_pn0kIxFfCzZqosO7rBJxh3spx9wqo3dtIIw
request client ip:  ::ffff:127.0.0.1
request query:  {"token":"eyJhbGciOiJIUzI1NiIsInR5cCI6IkpXVCJ9.eyJkYXRhIjp7ImlkIjoiYmNmOWNiM2UtMzA3Ny00NTMwLWE0NjAtNzM5ZmJhNjMzNTVkIiwibmFtZSI6ImFkbWluIiwiZ2VuZGVyIjp0cnVlLCJlbWFpbCI6IjM3ODMzODYyN0BxcS5jb20ifSwiaWF0IjoxNTA2NTYzMDc4LCJleHAiOjE1MDY2NDk0Nzh9.5ZbYSCt_pn0kIxFfCzZqosO7rBJxh3spx9wqo3dtIIw"}
response time: 84
response status: 200
response body: 
{"status":0,"data":[{"equipment":"IP地址"}]}
*************** response log end ***************

[2017-09-28 10:06:19.810] [INFO] resLogger - 
*************** response log start ***************
request method: GET
request originalUrl:  /api/business/list?token=eyJhbGciOiJIUzI1NiIsInR5cCI6IkpXVCJ9.eyJkYXRhIjp7ImlkIjoiYmNmOWNiM2UtMzA3Ny00NTMwLWE0NjAtNzM5ZmJhNjMzNTVkIiwibmFtZSI6ImFkbWluIiwiZ2VuZGVyIjp0cnVlLCJlbWFpbCI6IjM3ODMzODYyN0BxcS5jb20ifSwiaWF0IjoxNTA2NTYzMDc4LCJleHAiOjE1MDY2NDk0Nzh9.5ZbYSCt_pn0kIxFfCzZqosO7rBJxh3spx9wqo3dtIIw&type=NETWORK&equipment=IP%E5%9C%B0%E5%9D%80
request client ip:  ::ffff:127.0.0.1
request query:  {"token":"eyJhbGciOiJIUzI1NiIsInR5cCI6IkpXVCJ9.eyJkYXRhIjp7ImlkIjoiYmNmOWNiM2UtMzA3Ny00NTMwLWE0NjAtNzM5ZmJhNjMzNTVkIiwibmFtZSI6ImFkbWluIiwiZ2VuZGVyIjp0cnVlLCJlbWFpbCI6IjM3ODMzODYyN0BxcS5jb20ifSwiaWF0IjoxNTA2NTYzMDc4LCJleHAiOjE1MDY2NDk0Nzh9.5ZbYSCt_pn0kIxFfCzZqosO7rBJxh3spx9wqo3dtIIw","type":"NETWORK","equipment":"IP地址"}
response time: 73
response status: 200
response body: 
{"status":0,"data":[{"type":"NETWORK","equipment":"IP地址","operation":"SET","weight":5,"remark":"","status":1,"id":"895ace0f-2b25-4e69-b9f0-1bb766c585e8","createdAt":1506562927334,"updatedAt":1506562927334,"version":0,"equiptypesname":"网络","equipopsname":"设置"},{"type":"NETWORK","equipment":"IP地址","operation":"CT","weight":5,"remark":"","status":1,"id":"89423cbc-26bf-4121-b752-54180b1d4a8a","createdAt":1506562927240,"updatedAt":1506562927240,"version":0,"equiptypesname":"网络","equipopsname":"冲突"}],"total":2}
*************** response log end ***************

[2017-09-28 10:08:55.920] [INFO] resLogger - 
*************** response log start ***************
request method: GET
request originalUrl:  /
request client ip:  ::ffff:127.0.0.1
request query:  {}
response time: 7
response status: 200
response body: 
{"name":"jwtError","status":10003,"message":"身份验证错误！"}
*************** response log end ***************

