[2017-07-10 22:36:18.557] [INFO] resLogger - 
*************** response log start ***************
request method: GET
request originalUrl:  /api/user/?token=eyJhbGciOiJIUzI1NiIsInR5cCI6IkpXVCJ9.eyJkYXRhIjp7ImlkIjoiMzgxMWU2MGQtZTE3Yy00MzM4LWFkMmEtM2NiNGM2MmQ1YWNjIiwibmFtZSI6ImFkbWluIiwiZ2VuZGVyIjp0cnVlLCJlbWFpbCI6IjM3ODMzODYyN0BxcS5jb20ifSwiaWF0IjoxNDk5NjgwNjg3LCJleHAiOjE0OTk3NjcwODd9.IBGhjR7tqAcS-NmQ49XDgJUmCnrYVOb6aeJsttMQ2ng
request client ip:  ::ffff:127.0.0.1
request query:  {"token":"eyJhbGciOiJIUzI1NiIsInR5cCI6IkpXVCJ9.eyJkYXRhIjp7ImlkIjoiMzgxMWU2MGQtZTE3Yy00MzM4LWFkMmEtM2NiNGM2MmQ1YWNjIiwibmFtZSI6ImFkbWluIiwiZ2VuZGVyIjp0cnVlLCJlbWFpbCI6IjM3ODMzODYyN0BxcS5jb20ifSwiaWF0IjoxNDk5NjgwNjg3LCJleHAiOjE0OTk3NjcwODd9.IBGhjR7tqAcS-NmQ49XDgJUmCnrYVOb6aeJsttMQ2ng"}
response time: 35
response status: 200
response body: 
{"status":0,"data":{"name":"admin","email":"378338627@qq.com","password":"$2a$10$moWC2/Mq0393lxvn7hOyP.2Ul.AOiLBbMwA7.DiVAKZIpkb4abEme","gender":true,"token":"eyJhbGciOiJIUzI1NiIsInR5cCI6IkpXVCJ9.eyJkYXRhIjp7ImlkIjoiMzgxMWU2MGQtZTE3Yy00MzM4LWFkMmEtM2NiNGM2MmQ1YWNjIiwibmFtZSI6ImFkbWluIiwiZ2VuZGVyIjp0cnVlLCJlbWFpbCI6IjM3ODMzODYyN0BxcS5jb20ifSwiaWF0IjoxNDk5NjgwNjg3LCJleHAiOjE0OTk3NjcwODd9.IBGhjR7tqAcS-NmQ49XDgJUmCnrYVOb6aeJsttMQ2ng","id":"3811e60d-e17c-4338-ad2a-3cb4c62d5acc","createdAt":1499441172615,"updatedAt":1499441172615,"version":0}}
*************** response log end ***************

[2017-07-10 22:40:49.552] [INFO] resLogger - 
*************** response log start ***************
request method: GET
request originalUrl:  /api/user/?token=eyJhbGciOiJIUzI1NiIsInR5cCI6IkpXVCJ9.eyJkYXRhIjp7ImlkIjoiMzgxMWU2MGQtZTE3Yy00MzM4LWFkMmEtM2NiNGM2MmQ1YWNjIiwibmFtZSI6ImFkbWluIiwiZ2VuZGVyIjp0cnVlLCJlbWFpbCI6IjM3ODMzODYyN0BxcS5jb20ifSwiaWF0IjoxNDk5NjgwNjg3LCJleHAiOjE0OTk3NjcwODd9.IBGhjR7tqAcS-NmQ49XDgJUmCnrYVOb6aeJsttMQ2ng
request client ip:  ::ffff:127.0.0.1
request query:  {"token":"eyJhbGciOiJIUzI1NiIsInR5cCI6IkpXVCJ9.eyJkYXRhIjp7ImlkIjoiMzgxMWU2MGQtZTE3Yy00MzM4LWFkMmEtM2NiNGM2MmQ1YWNjIiwibmFtZSI6ImFkbWluIiwiZ2VuZGVyIjp0cnVlLCJlbWFpbCI6IjM3ODMzODYyN0BxcS5jb20ifSwiaWF0IjoxNDk5NjgwNjg3LCJleHAiOjE0OTk3NjcwODd9.IBGhjR7tqAcS-NmQ49XDgJUmCnrYVOb6aeJsttMQ2ng"}
response time: 18
response status: 200
response body: 
{"status":0,"data":{"name":"admin","email":"378338627@qq.com","password":"$2a$10$moWC2/Mq0393lxvn7hOyP.2Ul.AOiLBbMwA7.DiVAKZIpkb4abEme","gender":true,"token":"eyJhbGciOiJIUzI1NiIsInR5cCI6IkpXVCJ9.eyJkYXRhIjp7ImlkIjoiMzgxMWU2MGQtZTE3Yy00MzM4LWFkMmEtM2NiNGM2MmQ1YWNjIiwibmFtZSI6ImFkbWluIiwiZ2VuZGVyIjp0cnVlLCJlbWFpbCI6IjM3ODMzODYyN0BxcS5jb20ifSwiaWF0IjoxNDk5NjgwNjg3LCJleHAiOjE0OTk3NjcwODd9.IBGhjR7tqAcS-NmQ49XDgJUmCnrYVOb6aeJsttMQ2ng","id":"3811e60d-e17c-4338-ad2a-3cb4c62d5acc","createdAt":1499441172615,"updatedAt":1499441172615,"version":0}}
*************** response log end ***************

[2017-07-10 22:41:25.594] [INFO] resLogger - 
*************** response log start ***************
request method: GET
request originalUrl:  /api/user/?token=eyJhbGciOiJIUzI1NiIsInR5cCI6IkpXVCJ9.eyJkYXRhIjp7ImlkIjoiMzgxMWU2MGQtZTE3Yy00MzM4LWFkMmEtM2NiNGM2MmQ1YWNjIiwibmFtZSI6ImFkbWluIiwiZ2VuZGVyIjp0cnVlLCJlbWFpbCI6IjM3ODMzODYyN0BxcS5jb20ifSwiaWF0IjoxNDk5NjgwNjg3LCJleHAiOjE0OTk3NjcwODd9.IBGhjR7tqAcS-NmQ49XDgJUmCnrYVOb6aeJsttMQ2ng
request client ip:  ::ffff:127.0.0.1
request query:  {"token":"eyJhbGciOiJIUzI1NiIsInR5cCI6IkpXVCJ9.eyJkYXRhIjp7ImlkIjoiMzgxMWU2MGQtZTE3Yy00MzM4LWFkMmEtM2NiNGM2MmQ1YWNjIiwibmFtZSI6ImFkbWluIiwiZ2VuZGVyIjp0cnVlLCJlbWFpbCI6IjM3ODMzODYyN0BxcS5jb20ifSwiaWF0IjoxNDk5NjgwNjg3LCJleHAiOjE0OTk3NjcwODd9.IBGhjR7tqAcS-NmQ49XDgJUmCnrYVOb6aeJsttMQ2ng"}
response time: 17
response status: 200
response body: 
{"status":0,"data":{"name":"admin","email":"378338627@qq.com","password":"$2a$10$moWC2/Mq0393lxvn7hOyP.2Ul.AOiLBbMwA7.DiVAKZIpkb4abEme","gender":true,"token":"eyJhbGciOiJIUzI1NiIsInR5cCI6IkpXVCJ9.eyJkYXRhIjp7ImlkIjoiMzgxMWU2MGQtZTE3Yy00MzM4LWFkMmEtM2NiNGM2MmQ1YWNjIiwibmFtZSI6ImFkbWluIiwiZ2VuZGVyIjp0cnVlLCJlbWFpbCI6IjM3ODMzODYyN0BxcS5jb20ifSwiaWF0IjoxNDk5NjgwNjg3LCJleHAiOjE0OTk3NjcwODd9.IBGhjR7tqAcS-NmQ49XDgJUmCnrYVOb6aeJsttMQ2ng","id":"3811e60d-e17c-4338-ad2a-3cb4c62d5acc","createdAt":1499441172615,"updatedAt":1499441172615,"version":0}}
*************** response log end ***************

[2017-07-10 22:41:38.393] [INFO] resLogger - 
*************** response log start ***************
request method: GET
request originalUrl:  /api/user/?token=eyJhbGciOiJIUzI1NiIsInR5cCI6IkpXVCJ9.eyJkYXRhIjp7ImlkIjoiMzgxMWU2MGQtZTE3Yy00MzM4LWFkMmEtM2NiNGM2MmQ1YWNjIiwibmFtZSI6ImFkbWluIiwiZ2VuZGVyIjp0cnVlLCJlbWFpbCI6IjM3ODMzODYyN0BxcS5jb20ifSwiaWF0IjoxNDk5NjgwNjg3LCJleHAiOjE0OTk3NjcwODd9.IBGhjR7tqAcS-NmQ49XDgJUmCnrYVOb6aeJsttMQ2ng
request client ip:  ::ffff:127.0.0.1
request query:  {"token":"eyJhbGciOiJIUzI1NiIsInR5cCI6IkpXVCJ9.eyJkYXRhIjp7ImlkIjoiMzgxMWU2MGQtZTE3Yy00MzM4LWFkMmEtM2NiNGM2MmQ1YWNjIiwibmFtZSI6ImFkbWluIiwiZ2VuZGVyIjp0cnVlLCJlbWFpbCI6IjM3ODMzODYyN0BxcS5jb20ifSwiaWF0IjoxNDk5NjgwNjg3LCJleHAiOjE0OTk3NjcwODd9.IBGhjR7tqAcS-NmQ49XDgJUmCnrYVOb6aeJsttMQ2ng"}
response time: 14
response status: 200
response body: 
{"status":0,"data":{"name":"admin","email":"378338627@qq.com","password":"$2a$10$moWC2/Mq0393lxvn7hOyP.2Ul.AOiLBbMwA7.DiVAKZIpkb4abEme","gender":true,"token":"eyJhbGciOiJIUzI1NiIsInR5cCI6IkpXVCJ9.eyJkYXRhIjp7ImlkIjoiMzgxMWU2MGQtZTE3Yy00MzM4LWFkMmEtM2NiNGM2MmQ1YWNjIiwibmFtZSI6ImFkbWluIiwiZ2VuZGVyIjp0cnVlLCJlbWFpbCI6IjM3ODMzODYyN0BxcS5jb20ifSwiaWF0IjoxNDk5NjgwNjg3LCJleHAiOjE0OTk3NjcwODd9.IBGhjR7tqAcS-NmQ49XDgJUmCnrYVOb6aeJsttMQ2ng","id":"3811e60d-e17c-4338-ad2a-3cb4c62d5acc","createdAt":1499441172615,"updatedAt":1499441172615,"version":0}}
*************** response log end ***************

[2017-07-10 22:41:53.172] [INFO] resLogger - 
*************** response log start ***************
request method: GET
request originalUrl:  /api/user/?token=eyJhbGciOiJIUzI1NiIsInR5cCI6IkpXVCJ9.eyJkYXRhIjp7ImlkIjoiMzgxMWU2MGQtZTE3Yy00MzM4LWFkMmEtM2NiNGM2MmQ1YWNjIiwibmFtZSI6ImFkbWluIiwiZ2VuZGVyIjp0cnVlLCJlbWFpbCI6IjM3ODMzODYyN0BxcS5jb20ifSwiaWF0IjoxNDk5NjgwNjg3LCJleHAiOjE0OTk3NjcwODd9.IBGhjR7tqAcS-NmQ49XDgJUmCnrYVOb6aeJsttMQ2ng
request client ip:  ::ffff:127.0.0.1
request query:  {"token":"eyJhbGciOiJIUzI1NiIsInR5cCI6IkpXVCJ9.eyJkYXRhIjp7ImlkIjoiMzgxMWU2MGQtZTE3Yy00MzM4LWFkMmEtM2NiNGM2MmQ1YWNjIiwibmFtZSI6ImFkbWluIiwiZ2VuZGVyIjp0cnVlLCJlbWFpbCI6IjM3ODMzODYyN0BxcS5jb20ifSwiaWF0IjoxNDk5NjgwNjg3LCJleHAiOjE0OTk3NjcwODd9.IBGhjR7tqAcS-NmQ49XDgJUmCnrYVOb6aeJsttMQ2ng"}
response time: 7
response status: 200
response body: 
{"status":0,"data":{"name":"admin","email":"378338627@qq.com","password":"$2a$10$moWC2/Mq0393lxvn7hOyP.2Ul.AOiLBbMwA7.DiVAKZIpkb4abEme","gender":true,"token":"eyJhbGciOiJIUzI1NiIsInR5cCI6IkpXVCJ9.eyJkYXRhIjp7ImlkIjoiMzgxMWU2MGQtZTE3Yy00MzM4LWFkMmEtM2NiNGM2MmQ1YWNjIiwibmFtZSI6ImFkbWluIiwiZ2VuZGVyIjp0cnVlLCJlbWFpbCI6IjM3ODMzODYyN0BxcS5jb20ifSwiaWF0IjoxNDk5NjgwNjg3LCJleHAiOjE0OTk3NjcwODd9.IBGhjR7tqAcS-NmQ49XDgJUmCnrYVOb6aeJsttMQ2ng","id":"3811e60d-e17c-4338-ad2a-3cb4c62d5acc","createdAt":1499441172615,"updatedAt":1499441172615,"version":0}}
*************** response log end ***************

[2017-07-10 22:42:10.584] [INFO] resLogger - 
*************** response log start ***************
request method: GET
request originalUrl:  /api/user/?token=eyJhbGciOiJIUzI1NiIsInR5cCI6IkpXVCJ9.eyJkYXRhIjp7ImlkIjoiMzgxMWU2MGQtZTE3Yy00MzM4LWFkMmEtM2NiNGM2MmQ1YWNjIiwibmFtZSI6ImFkbWluIiwiZ2VuZGVyIjp0cnVlLCJlbWFpbCI6IjM3ODMzODYyN0BxcS5jb20ifSwiaWF0IjoxNDk5NjgwNjg3LCJleHAiOjE0OTk3NjcwODd9.IBGhjR7tqAcS-NmQ49XDgJUmCnrYVOb6aeJsttMQ2ng
request client ip:  ::ffff:127.0.0.1
request query:  {"token":"eyJhbGciOiJIUzI1NiIsInR5cCI6IkpXVCJ9.eyJkYXRhIjp7ImlkIjoiMzgxMWU2MGQtZTE3Yy00MzM4LWFkMmEtM2NiNGM2MmQ1YWNjIiwibmFtZSI6ImFkbWluIiwiZ2VuZGVyIjp0cnVlLCJlbWFpbCI6IjM3ODMzODYyN0BxcS5jb20ifSwiaWF0IjoxNDk5NjgwNjg3LCJleHAiOjE0OTk3NjcwODd9.IBGhjR7tqAcS-NmQ49XDgJUmCnrYVOb6aeJsttMQ2ng"}
response time: 12
response status: 200
response body: 
{"status":0,"data":{"name":"admin","email":"378338627@qq.com","password":"$2a$10$moWC2/Mq0393lxvn7hOyP.2Ul.AOiLBbMwA7.DiVAKZIpkb4abEme","gender":true,"token":"eyJhbGciOiJIUzI1NiIsInR5cCI6IkpXVCJ9.eyJkYXRhIjp7ImlkIjoiMzgxMWU2MGQtZTE3Yy00MzM4LWFkMmEtM2NiNGM2MmQ1YWNjIiwibmFtZSI6ImFkbWluIiwiZ2VuZGVyIjp0cnVlLCJlbWFpbCI6IjM3ODMzODYyN0BxcS5jb20ifSwiaWF0IjoxNDk5NjgwNjg3LCJleHAiOjE0OTk3NjcwODd9.IBGhjR7tqAcS-NmQ49XDgJUmCnrYVOb6aeJsttMQ2ng","id":"3811e60d-e17c-4338-ad2a-3cb4c62d5acc","createdAt":1499441172615,"updatedAt":1499441172615,"version":0}}
*************** response log end ***************

[2017-07-10 22:42:10.660] [INFO] resLogger - 
*************** response log start ***************
request method: GET
request originalUrl:  /api/buildings/list?token=eyJhbGciOiJIUzI1NiIsInR5cCI6IkpXVCJ9.eyJkYXRhIjp7ImlkIjoiMzgxMWU2MGQtZTE3Yy00MzM4LWFkMmEtM2NiNGM2MmQ1YWNjIiwibmFtZSI6ImFkbWluIiwiZ2VuZGVyIjp0cnVlLCJlbWFpbCI6IjM3ODMzODYyN0BxcS5jb20ifSwiaWF0IjoxNDk5NjgwNjg3LCJleHAiOjE0OTk3NjcwODd9.IBGhjR7tqAcS-NmQ49XDgJUmCnrYVOb6aeJsttMQ2ng
request client ip:  ::ffff:127.0.0.1
request query:  {"token":"eyJhbGciOiJIUzI1NiIsInR5cCI6IkpXVCJ9.eyJkYXRhIjp7ImlkIjoiMzgxMWU2MGQtZTE3Yy00MzM4LWFkMmEtM2NiNGM2MmQ1YWNjIiwibmFtZSI6ImFkbWluIiwiZ2VuZGVyIjp0cnVlLCJlbWFpbCI6IjM3ODMzODYyN0BxcS5jb20ifSwiaWF0IjoxNDk5NjgwNjg3LCJleHAiOjE0OTk3NjcwODd9.IBGhjR7tqAcS-NmQ49XDgJUmCnrYVOb6aeJsttMQ2ng"}
response time: 16
response status: 200
response body: 
{"status":0,"data":[]}
*************** response log end ***************

[2017-07-10 22:46:51.099] [INFO] resLogger - 
*************** response log start ***************
request method: GET
request originalUrl:  /api/user/?token=eyJhbGciOiJIUzI1NiIsInR5cCI6IkpXVCJ9.eyJkYXRhIjp7ImlkIjoiMzgxMWU2MGQtZTE3Yy00MzM4LWFkMmEtM2NiNGM2MmQ1YWNjIiwibmFtZSI6ImFkbWluIiwiZ2VuZGVyIjp0cnVlLCJlbWFpbCI6IjM3ODMzODYyN0BxcS5jb20ifSwiaWF0IjoxNDk5NjgwNjg3LCJleHAiOjE0OTk3NjcwODd9.IBGhjR7tqAcS-NmQ49XDgJUmCnrYVOb6aeJsttMQ2ng
request client ip:  ::ffff:127.0.0.1
request query:  {"token":"eyJhbGciOiJIUzI1NiIsInR5cCI6IkpXVCJ9.eyJkYXRhIjp7ImlkIjoiMzgxMWU2MGQtZTE3Yy00MzM4LWFkMmEtM2NiNGM2MmQ1YWNjIiwibmFtZSI6ImFkbWluIiwiZ2VuZGVyIjp0cnVlLCJlbWFpbCI6IjM3ODMzODYyN0BxcS5jb20ifSwiaWF0IjoxNDk5NjgwNjg3LCJleHAiOjE0OTk3NjcwODd9.IBGhjR7tqAcS-NmQ49XDgJUmCnrYVOb6aeJsttMQ2ng"}
response time: 11
response status: 200
response body: 
{"status":0,"data":{"name":"admin","email":"378338627@qq.com","password":"$2a$10$moWC2/Mq0393lxvn7hOyP.2Ul.AOiLBbMwA7.DiVAKZIpkb4abEme","gender":true,"token":"eyJhbGciOiJIUzI1NiIsInR5cCI6IkpXVCJ9.eyJkYXRhIjp7ImlkIjoiMzgxMWU2MGQtZTE3Yy00MzM4LWFkMmEtM2NiNGM2MmQ1YWNjIiwibmFtZSI6ImFkbWluIiwiZ2VuZGVyIjp0cnVlLCJlbWFpbCI6IjM3ODMzODYyN0BxcS5jb20ifSwiaWF0IjoxNDk5NjgwNjg3LCJleHAiOjE0OTk3NjcwODd9.IBGhjR7tqAcS-NmQ49XDgJUmCnrYVOb6aeJsttMQ2ng","id":"3811e60d-e17c-4338-ad2a-3cb4c62d5acc","createdAt":1499441172615,"updatedAt":1499441172615,"version":0}}
*************** response log end ***************

[2017-07-10 22:46:51.137] [INFO] resLogger - 
*************** response log start ***************
request method: GET
request originalUrl:  /api/buildings/list?token=eyJhbGciOiJIUzI1NiIsInR5cCI6IkpXVCJ9.eyJkYXRhIjp7ImlkIjoiMzgxMWU2MGQtZTE3Yy00MzM4LWFkMmEtM2NiNGM2MmQ1YWNjIiwibmFtZSI6ImFkbWluIiwiZ2VuZGVyIjp0cnVlLCJlbWFpbCI6IjM3ODMzODYyN0BxcS5jb20ifSwiaWF0IjoxNDk5NjgwNjg3LCJleHAiOjE0OTk3NjcwODd9.IBGhjR7tqAcS-NmQ49XDgJUmCnrYVOb6aeJsttMQ2ng
request client ip:  ::ffff:127.0.0.1
request query:  {"token":"eyJhbGciOiJIUzI1NiIsInR5cCI6IkpXVCJ9.eyJkYXRhIjp7ImlkIjoiMzgxMWU2MGQtZTE3Yy00MzM4LWFkMmEtM2NiNGM2MmQ1YWNjIiwibmFtZSI6ImFkbWluIiwiZ2VuZGVyIjp0cnVlLCJlbWFpbCI6IjM3ODMzODYyN0BxcS5jb20ifSwiaWF0IjoxNDk5NjgwNjg3LCJleHAiOjE0OTk3NjcwODd9.IBGhjR7tqAcS-NmQ49XDgJUmCnrYVOb6aeJsttMQ2ng"}
response time: 6
response status: 200
response body: 
{"status":0,"data":[]}
*************** response log end ***************

[2017-07-10 22:47:13.317] [INFO] resLogger - 
*************** response log start ***************
request method: GET
request originalUrl:  /api/user/?token=eyJhbGciOiJIUzI1NiIsInR5cCI6IkpXVCJ9.eyJkYXRhIjp7ImlkIjoiMzgxMWU2MGQtZTE3Yy00MzM4LWFkMmEtM2NiNGM2MmQ1YWNjIiwibmFtZSI6ImFkbWluIiwiZ2VuZGVyIjp0cnVlLCJlbWFpbCI6IjM3ODMzODYyN0BxcS5jb20ifSwiaWF0IjoxNDk5NjgwNjg3LCJleHAiOjE0OTk3NjcwODd9.IBGhjR7tqAcS-NmQ49XDgJUmCnrYVOb6aeJsttMQ2ng
request client ip:  ::ffff:127.0.0.1
request query:  {"token":"eyJhbGciOiJIUzI1NiIsInR5cCI6IkpXVCJ9.eyJkYXRhIjp7ImlkIjoiMzgxMWU2MGQtZTE3Yy00MzM4LWFkMmEtM2NiNGM2MmQ1YWNjIiwibmFtZSI6ImFkbWluIiwiZ2VuZGVyIjp0cnVlLCJlbWFpbCI6IjM3ODMzODYyN0BxcS5jb20ifSwiaWF0IjoxNDk5NjgwNjg3LCJleHAiOjE0OTk3NjcwODd9.IBGhjR7tqAcS-NmQ49XDgJUmCnrYVOb6aeJsttMQ2ng"}
response time: 16
response status: 200
response body: 
{"status":0,"data":{"name":"admin","email":"378338627@qq.com","password":"$2a$10$moWC2/Mq0393lxvn7hOyP.2Ul.AOiLBbMwA7.DiVAKZIpkb4abEme","gender":true,"token":"eyJhbGciOiJIUzI1NiIsInR5cCI6IkpXVCJ9.eyJkYXRhIjp7ImlkIjoiMzgxMWU2MGQtZTE3Yy00MzM4LWFkMmEtM2NiNGM2MmQ1YWNjIiwibmFtZSI6ImFkbWluIiwiZ2VuZGVyIjp0cnVlLCJlbWFpbCI6IjM3ODMzODYyN0BxcS5jb20ifSwiaWF0IjoxNDk5NjgwNjg3LCJleHAiOjE0OTk3NjcwODd9.IBGhjR7tqAcS-NmQ49XDgJUmCnrYVOb6aeJsttMQ2ng","id":"3811e60d-e17c-4338-ad2a-3cb4c62d5acc","createdAt":1499441172615,"updatedAt":1499441172615,"version":0}}
*************** response log end ***************

[2017-07-10 22:47:13.322] [INFO] resLogger - 
*************** response log start ***************
request method: GET
request originalUrl:  /api/buildings/list?token=eyJhbGciOiJIUzI1NiIsInR5cCI6IkpXVCJ9.eyJkYXRhIjp7ImlkIjoiMzgxMWU2MGQtZTE3Yy00MzM4LWFkMmEtM2NiNGM2MmQ1YWNjIiwibmFtZSI6ImFkbWluIiwiZ2VuZGVyIjp0cnVlLCJlbWFpbCI6IjM3ODMzODYyN0BxcS5jb20ifSwiaWF0IjoxNDk5NjgwNjg3LCJleHAiOjE0OTk3NjcwODd9.IBGhjR7tqAcS-NmQ49XDgJUmCnrYVOb6aeJsttMQ2ng
request client ip:  ::ffff:127.0.0.1
request query:  {"token":"eyJhbGciOiJIUzI1NiIsInR5cCI6IkpXVCJ9.eyJkYXRhIjp7ImlkIjoiMzgxMWU2MGQtZTE3Yy00MzM4LWFkMmEtM2NiNGM2MmQ1YWNjIiwibmFtZSI6ImFkbWluIiwiZ2VuZGVyIjp0cnVlLCJlbWFpbCI6IjM3ODMzODYyN0BxcS5jb20ifSwiaWF0IjoxNDk5NjgwNjg3LCJleHAiOjE0OTk3NjcwODd9.IBGhjR7tqAcS-NmQ49XDgJUmCnrYVOb6aeJsttMQ2ng"}
response time: 15
response status: 200
response body: 
{"status":0,"data":[]}
*************** response log end ***************

