[2018-07-30 20:19:04.154] [INFO] resLogger - 
*************** response log start ***************
request method: OPTIONS
request originalUrl:  /api/sign/clientSign
request client ip:  ::ffff:192.168.50.183
request body: 
{}
response time: 2
response status: 204
response body: 
undefined
*************** response log end ***************

[2018-07-30 20:19:04.167] [INFO] resLogger - 
*************** response log start ***************
request method: OPTIONS
request originalUrl:  /api/operation/no_list
request client ip:  ::ffff:192.168.50.183
request body: 
{}
response time: 1
response status: 204
response body: 
undefined
*************** response log end ***************

[2018-07-30 20:19:04.193] [INFO] resLogger - 
*************** response log start ***************
request method: POST
request originalUrl:  /api/sign/clientSign
request client ip:  ::ffff:192.168.50.183
request body: 
{"signid":"210a360d-a145-4cc3-802b-0242acf38bcc"}
response time: 16
response status: 200
response body: 
{"status":0,"data":{"signId":"210a360d-a145-4cc3-802b-0242acf38bcc","start":1532948143445,"status":2,"clientSeconds":3000,"id":"5cd51559-9076-49f5-b5fc-c6f59ee3a3e1","createdAt":1532948132865,"updatedAt":1532948354512,"version":3}}
*************** response log end ***************

[2018-07-30 20:19:04.206] [INFO] resLogger - 
*************** response log start ***************
request method: POST
request originalUrl:  /api/operation/no_list
request client ip:  ::ffff:192.168.50.183
request body: 
{"ids":["0215a687-588a-49b7-833d-6d1eb7ea35a9","6db15db7-08fc-4838-b346-269debc00209",""]}
response time: 5
response status: 200
response body: 
{"status":0,"data":[{"id":"0215a687-588a-49b7-833d-6d1eb7ea35a9","no":"20180730001"},{"id":"6db15db7-08fc-4838-b346-269debc00209","no":"20180730000"}]}
*************** response log end ***************

