[2018-03-05 08:28:07.379] [INFO] resLogger - 
*************** response log start ***************
request method: GET
request originalUrl:  /api/user/?token=eyJhbGciOiJIUzI1NiIsInR5cCI6IkpXVCJ9.eyJkYXRhIjp7ImlkIjoiNGNkMmQxOTYtMDlhOS00YWFiLWFmMDQtMWY2OWJjY2YzNjAzIiwibmFtZSI6ImFkbWluIiwiZ2VuZGVyIjp0cnVlLCJlbWFpbCI6IjM3ODMzODYyN0BxcS5jb20ifSwiaWF0IjoxNTE5OTQ4NTYwLCJleHAiOjE1MjAwMzQ5NjB9.PEMot-d4fxGDtPWVOsxZr7wSxYssDPii5hJ2AFgdQ6U
request client ip:  ::ffff:127.0.0.1
request query:  {"token":"eyJhbGciOiJIUzI1NiIsInR5cCI6IkpXVCJ9.eyJkYXRhIjp7ImlkIjoiNGNkMmQxOTYtMDlhOS00YWFiLWFmMDQtMWY2OWJjY2YzNjAzIiwibmFtZSI6ImFkbWluIiwiZ2VuZGVyIjp0cnVlLCJlbWFpbCI6IjM3ODMzODYyN0BxcS5jb20ifSwiaWF0IjoxNTE5OTQ4NTYwLCJleHAiOjE1MjAwMzQ5NjB9.PEMot-d4fxGDtPWVOsxZr7wSxYssDPii5hJ2AFgdQ6U"}
response time: 529
response status: 200
response body: 
{"name":"jwtError","status":10003,"message":"身份验证错误！"}
*************** response log end ***************

[2018-03-05 08:29:10.220] [INFO] resLogger - 
*************** response log start ***************
request method: OPTIONS
request originalUrl:  /api/user/login
request client ip:  ::ffff:127.0.0.1
request body: 
{}
response time: 1
response status: 204
response body: 
undefined
*************** response log end ***************

[2018-03-05 08:29:15.879] [INFO] resLogger - 
*************** response log start ***************
request method: POST
request originalUrl:  /api/user/login
request client ip:  ::ffff:127.0.0.1
request body: 
{"username":"admin","password":"admin"}
response time: 5113
response status: 200
response body: 
{"status":0,"data":{"name":"admin","email":"378338627@qq.com","phone":"15822927208","password":"$2a$10$KQbo6NtrOmBJzXpAlXwvjOTBo/z2jFWZBsZaWsM21lKcIL8kn6nSK","gender":true,"token":"eyJhbGciOiJIUzI1NiIsInR5cCI6IkpXVCJ9.eyJkYXRhIjp7ImlkIjoiNGNkMmQxOTYtMDlhOS00YWFiLWFmMDQtMWY2OWJjY2YzNjAzIiwibmFtZSI6ImFkbWluIiwiZ2VuZGVyIjp0cnVlLCJlbWFpbCI6IjM3ODMzODYyN0BxcS5jb20ifSwiaWF0IjoxNTIwMjA5NzU1LCJleHAiOjE1MjAyOTYxNTV9.MZvU_djdhpWE-fhbwHNtRWDjiidilLBkUujZwLf_quk","canLogin":true,"status":1,"roleId":"440fba89-762d-4584-8bdc-26e2e7b5e71e","id":"4cd2d196-09a9-4aab-af04-1f69bccf3603","createdAt":1519805013384,"updatedAt":1520209755524,"version":3},"message":"登录成功！"}
*************** response log end ***************

[2018-03-05 08:29:19.373] [INFO] resLogger - 
*************** response log start ***************
request method: GET
request originalUrl:  /api/user/?token=eyJhbGciOiJIUzI1NiIsInR5cCI6IkpXVCJ9.eyJkYXRhIjp7ImlkIjoiNGNkMmQxOTYtMDlhOS00YWFiLWFmMDQtMWY2OWJjY2YzNjAzIiwibmFtZSI6ImFkbWluIiwiZ2VuZGVyIjp0cnVlLCJlbWFpbCI6IjM3ODMzODYyN0BxcS5jb20ifSwiaWF0IjoxNTIwMjA5NzU1LCJleHAiOjE1MjAyOTYxNTV9.MZvU_djdhpWE-fhbwHNtRWDjiidilLBkUujZwLf_quk
request client ip:  ::ffff:127.0.0.1
request query:  {"token":"eyJhbGciOiJIUzI1NiIsInR5cCI6IkpXVCJ9.eyJkYXRhIjp7ImlkIjoiNGNkMmQxOTYtMDlhOS00YWFiLWFmMDQtMWY2OWJjY2YzNjAzIiwibmFtZSI6ImFkbWluIiwiZ2VuZGVyIjp0cnVlLCJlbWFpbCI6IjM3ODMzODYyN0BxcS5jb20ifSwiaWF0IjoxNTIwMjA5NzU1LCJleHAiOjE1MjAyOTYxNTV9.MZvU_djdhpWE-fhbwHNtRWDjiidilLBkUujZwLf_quk"}
response time: 732
response status: 200
response body: 
{"status":0,"data":{"name":"admin","email":"378338627@qq.com","phone":"15822927208","password":"$2a$10$KQbo6NtrOmBJzXpAlXwvjOTBo/z2jFWZBsZaWsM21lKcIL8kn6nSK","gender":true,"token":"eyJhbGciOiJIUzI1NiIsInR5cCI6IkpXVCJ9.eyJkYXRhIjp7ImlkIjoiNGNkMmQxOTYtMDlhOS00YWFiLWFmMDQtMWY2OWJjY2YzNjAzIiwibmFtZSI6ImFkbWluIiwiZ2VuZGVyIjp0cnVlLCJlbWFpbCI6IjM3ODMzODYyN0BxcS5jb20ifSwiaWF0IjoxNTIwMjA5NzU1LCJleHAiOjE1MjAyOTYxNTV9.MZvU_djdhpWE-fhbwHNtRWDjiidilLBkUujZwLf_quk","canLogin":true,"status":1,"roleId":"440fba89-762d-4584-8bdc-26e2e7b5e71e","id":"4cd2d196-09a9-4aab-af04-1f69bccf3603","createdAt":1519805013384,"updatedAt":1520209755524,"version":3,"role":{"name":"系统管理员","remark":"最高权限","status":1,"id":"440fba89-762d-4584-8bdc-26e2e7b5e71e","createdAt":1519805012955,"updatedAt":1519805012955,"version":0}}}
*************** response log end ***************

[2018-03-05 08:29:20.011] [INFO] resLogger - 
*************** response log start ***************
request method: GET
request originalUrl:  /api/operation/list/time/1520209759807?token=eyJhbGciOiJIUzI1NiIsInR5cCI6IkpXVCJ9.eyJkYXRhIjp7ImlkIjoiNGNkMmQxOTYtMDlhOS00YWFiLWFmMDQtMWY2OWJjY2YzNjAzIiwibmFtZSI6ImFkbWluIiwiZ2VuZGVyIjp0cnVlLCJlbWFpbCI6IjM3ODMzODYyN0BxcS5jb20ifSwiaWF0IjoxNTIwMjA5NzU1LCJleHAiOjE1MjAyOTYxNTV9.MZvU_djdhpWE-fhbwHNtRWDjiidilLBkUujZwLf_quk
request client ip:  ::ffff:127.0.0.1
request query:  {"token":"eyJhbGciOiJIUzI1NiIsInR5cCI6IkpXVCJ9.eyJkYXRhIjp7ImlkIjoiNGNkMmQxOTYtMDlhOS00YWFiLWFmMDQtMWY2OWJjY2YzNjAzIiwibmFtZSI6ImFkbWluIiwiZ2VuZGVyIjp0cnVlLCJlbWFpbCI6IjM3ODMzODYyN0BxcS5jb20ifSwiaWF0IjoxNTIwMjA5NzU1LCJleHAiOjE1MjAyOTYxNTV9.MZvU_djdhpWE-fhbwHNtRWDjiidilLBkUujZwLf_quk"}
response time: 142
response status: 200
response body: 
{"status":0,"data":[]}
*************** response log end ***************

[2018-03-05 08:29:20.458] [INFO] resLogger - 
*************** response log start ***************
request method: GET
request originalUrl:  /api/operation/list_week/time/1520209759812?token=eyJhbGciOiJIUzI1NiIsInR5cCI6IkpXVCJ9.eyJkYXRhIjp7ImlkIjoiNGNkMmQxOTYtMDlhOS00YWFiLWFmMDQtMWY2OWJjY2YzNjAzIiwibmFtZSI6ImFkbWluIiwiZ2VuZGVyIjp0cnVlLCJlbWFpbCI6IjM3ODMzODYyN0BxcS5jb20ifSwiaWF0IjoxNTIwMjA5NzU1LCJleHAiOjE1MjAyOTYxNTV9.MZvU_djdhpWE-fhbwHNtRWDjiidilLBkUujZwLf_quk
request client ip:  ::ffff:127.0.0.1
request query:  {"token":"eyJhbGciOiJIUzI1NiIsInR5cCI6IkpXVCJ9.eyJkYXRhIjp7ImlkIjoiNGNkMmQxOTYtMDlhOS00YWFiLWFmMDQtMWY2OWJjY2YzNjAzIiwibmFtZSI6ImFkbWluIiwiZ2VuZGVyIjp0cnVlLCJlbWFpbCI6IjM3ODMzODYyN0BxcS5jb20ifSwiaWF0IjoxNTIwMjA5NzU1LCJleHAiOjE1MjAyOTYxNTV9.MZvU_djdhpWE-fhbwHNtRWDjiidilLBkUujZwLf_quk"}
response time: 269
response status: 200
response body: 
{"status":0,"data":[{"days":"20180305","count":0,"weekname":"星期一"},{"days":"20180306","count":0,"weekname":"星期二"},{"days":"20180307","count":0,"weekname":"星期三"},{"days":"20180308","count":0,"weekname":"星期四"},{"days":"20180309","count":0,"weekname":"星期五"},{"days":"20180310","count":0,"weekname":"星期六"},{"days":"20180311","count":0,"weekname":"星期日"}]}
*************** response log end ***************

[2018-03-05 08:29:20.478] [INFO] resLogger - 
*************** response log start ***************
request method: GET
request originalUrl:  /api/operation/list_month_worker_time/time/1520209759816?token=eyJhbGciOiJIUzI1NiIsInR5cCI6IkpXVCJ9.eyJkYXRhIjp7ImlkIjoiNGNkMmQxOTYtMDlhOS00YWFiLWFmMDQtMWY2OWJjY2YzNjAzIiwibmFtZSI6ImFkbWluIiwiZ2VuZGVyIjp0cnVlLCJlbWFpbCI6IjM3ODMzODYyN0BxcS5jb20ifSwiaWF0IjoxNTIwMjA5NzU1LCJleHAiOjE1MjAyOTYxNTV9.MZvU_djdhpWE-fhbwHNtRWDjiidilLBkUujZwLf_quk
request client ip:  ::ffff:127.0.0.1
request query:  {"token":"eyJhbGciOiJIUzI1NiIsInR5cCI6IkpXVCJ9.eyJkYXRhIjp7ImlkIjoiNGNkMmQxOTYtMDlhOS00YWFiLWFmMDQtMWY2OWJjY2YzNjAzIiwibmFtZSI6ImFkbWluIiwiZ2VuZGVyIjp0cnVlLCJlbWFpbCI6IjM3ODMzODYyN0BxcS5jb20ifSwiaWF0IjoxNTIwMjA5NzU1LCJleHAiOjE1MjAyOTYxNTV9.MZvU_djdhpWE-fhbwHNtRWDjiidilLBkUujZwLf_quk"}
response time: 235
response status: 200
response body: 
{"status":0,"data":[]}
*************** response log end ***************

[2018-03-05 08:29:20.585] [INFO] resLogger - 
*************** response log start ***************
request method: GET
request originalUrl:  /api/action/list/time/1520209759809?token=eyJhbGciOiJIUzI1NiIsInR5cCI6IkpXVCJ9.eyJkYXRhIjp7ImlkIjoiNGNkMmQxOTYtMDlhOS00YWFiLWFmMDQtMWY2OWJjY2YzNjAzIiwibmFtZSI6ImFkbWluIiwiZ2VuZGVyIjp0cnVlLCJlbWFpbCI6IjM3ODMzODYyN0BxcS5jb20ifSwiaWF0IjoxNTIwMjA5NzU1LCJleHAiOjE1MjAyOTYxNTV9.MZvU_djdhpWE-fhbwHNtRWDjiidilLBkUujZwLf_quk
request client ip:  ::ffff:127.0.0.1
request query:  {"token":"eyJhbGciOiJIUzI1NiIsInR5cCI6IkpXVCJ9.eyJkYXRhIjp7ImlkIjoiNGNkMmQxOTYtMDlhOS00YWFiLWFmMDQtMWY2OWJjY2YzNjAzIiwibmFtZSI6ImFkbWluIiwiZ2VuZGVyIjp0cnVlLCJlbWFpbCI6IjM3ODMzODYyN0BxcS5jb20ifSwiaWF0IjoxNTIwMjA5NzU1LCJleHAiOjE1MjAyOTYxNTV9.MZvU_djdhpWE-fhbwHNtRWDjiidilLBkUujZwLf_quk"}
response time: 567
response status: 200
response body: 
{"status":0,"data":[]}
*************** response log end ***************

[2018-03-05 08:29:20.649] [INFO] resLogger - 
*************** response log start ***************
request method: GET
request originalUrl:  /api/operation/list_month_worker/time/1520209759814?token=eyJhbGciOiJIUzI1NiIsInR5cCI6IkpXVCJ9.eyJkYXRhIjp7ImlkIjoiNGNkMmQxOTYtMDlhOS00YWFiLWFmMDQtMWY2OWJjY2YzNjAzIiwibmFtZSI6ImFkbWluIiwiZ2VuZGVyIjp0cnVlLCJlbWFpbCI6IjM3ODMzODYyN0BxcS5jb20ifSwiaWF0IjoxNTIwMjA5NzU1LCJleHAiOjE1MjAyOTYxNTV9.MZvU_djdhpWE-fhbwHNtRWDjiidilLBkUujZwLf_quk
request client ip:  ::ffff:127.0.0.1
request query:  {"token":"eyJhbGciOiJIUzI1NiIsInR5cCI6IkpXVCJ9.eyJkYXRhIjp7ImlkIjoiNGNkMmQxOTYtMDlhOS00YWFiLWFmMDQtMWY2OWJjY2YzNjAzIiwibmFtZSI6ImFkbWluIiwiZ2VuZGVyIjp0cnVlLCJlbWFpbCI6IjM3ODMzODYyN0BxcS5jb20ifSwiaWF0IjoxNTIwMjA5NzU1LCJleHAiOjE1MjAyOTYxNTV9.MZvU_djdhpWE-fhbwHNtRWDjiidilLBkUujZwLf_quk"}
response time: 436
response status: 200
response body: 
{"status":0,"data":[]}
*************** response log end ***************

[2018-03-05 08:29:20.684] [INFO] resLogger - 
*************** response log start ***************
request method: GET
request originalUrl:  /api/operation/list_month_corporation_count/time/1520209759819?token=eyJhbGciOiJIUzI1NiIsInR5cCI6IkpXVCJ9.eyJkYXRhIjp7ImlkIjoiNGNkMmQxOTYtMDlhOS00YWFiLWFmMDQtMWY2OWJjY2YzNjAzIiwibmFtZSI6ImFkbWluIiwiZ2VuZGVyIjp0cnVlLCJlbWFpbCI6IjM3ODMzODYyN0BxcS5jb20ifSwiaWF0IjoxNTIwMjA5NzU1LCJleHAiOjE1MjAyOTYxNTV9.MZvU_djdhpWE-fhbwHNtRWDjiidilLBkUujZwLf_quk
request client ip:  ::ffff:127.0.0.1
request query:  {"token":"eyJhbGciOiJIUzI1NiIsInR5cCI6IkpXVCJ9.eyJkYXRhIjp7ImlkIjoiNGNkMmQxOTYtMDlhOS00YWFiLWFmMDQtMWY2OWJjY2YzNjAzIiwibmFtZSI6ImFkbWluIiwiZ2VuZGVyIjp0cnVlLCJlbWFpbCI6IjM3ODMzODYyN0BxcS5jb20ifSwiaWF0IjoxNTIwMjA5NzU1LCJleHAiOjE1MjAyOTYxNTV9.MZvU_djdhpWE-fhbwHNtRWDjiidilLBkUujZwLf_quk"}
response time: 429
response status: 200
response body: 
{"status":0,"data":[]}
*************** response log end ***************

