[2017-07-14 08:57:20.154] [INFO] resLogger - 
*************** response log start ***************
request method: GET
request originalUrl:  /api/user/?token=eyJhbGciOiJIUzI1NiIsInR5cCI6IkpXVCJ9.eyJkYXRhIjp7ImlkIjoiYTg2MTUyMDMtYjQyZi00OGMxLTk3YzQtYzc3OTNkZWY2NGIxIiwibmFtZSI6ImFkbWluIiwiZ2VuZGVyIjp0cnVlLCJlbWFpbCI6IjM3ODMzODYyN0BxcS5jb20ifSwiaWF0IjoxNDk5OTM1NjQ0LCJleHAiOjE1MDAwMjIwNDR9.q4BWdaq5_ui7n9ME5f7LdURtj6jgJ9x3ey3EV7zRYr4
request client ip:  ::ffff:127.0.0.1
request query:  {"token":"eyJhbGciOiJIUzI1NiIsInR5cCI6IkpXVCJ9.eyJkYXRhIjp7ImlkIjoiYTg2MTUyMDMtYjQyZi00OGMxLTk3YzQtYzc3OTNkZWY2NGIxIiwibmFtZSI6ImFkbWluIiwiZ2VuZGVyIjp0cnVlLCJlbWFpbCI6IjM3ODMzODYyN0BxcS5jb20ifSwiaWF0IjoxNDk5OTM1NjQ0LCJleHAiOjE1MDAwMjIwNDR9.q4BWdaq5_ui7n9ME5f7LdURtj6jgJ9x3ey3EV7zRYr4"}
response time: 1314
response status: 200
response body: 
{"status":0,"data":{"name":"admin","email":"378338627@qq.com","password":"$2a$10$xmgJzl6FH05MXqtHAwT8ieXHc.8A.B.PBX.cv16LPt.5q9w08CrhK","gender":true,"token":"eyJhbGciOiJIUzI1NiIsInR5cCI6IkpXVCJ9.eyJkYXRhIjp7ImlkIjoiYTg2MTUyMDMtYjQyZi00OGMxLTk3YzQtYzc3OTNkZWY2NGIxIiwibmFtZSI6ImFkbWluIiwiZ2VuZGVyIjp0cnVlLCJlbWFpbCI6IjM3ODMzODYyN0BxcS5jb20ifSwiaWF0IjoxNDk5OTM1NjQ0LCJleHAiOjE1MDAwMjIwNDR9.q4BWdaq5_ui7n9ME5f7LdURtj6jgJ9x3ey3EV7zRYr4","id":"a8615203-b42f-48c1-97c4-c7793def64b1","createdAt":1499934432149,"updatedAt":1499934432149,"version":0}}
*************** response log end ***************

[2017-07-14 08:57:23.148] [INFO] resLogger - 
*************** response log start ***************
request method: GET
request originalUrl:  /api/user/?token=eyJhbGciOiJIUzI1NiIsInR5cCI6IkpXVCJ9.eyJkYXRhIjp7ImlkIjoiYTg2MTUyMDMtYjQyZi00OGMxLTk3YzQtYzc3OTNkZWY2NGIxIiwibmFtZSI6ImFkbWluIiwiZ2VuZGVyIjp0cnVlLCJlbWFpbCI6IjM3ODMzODYyN0BxcS5jb20ifSwiaWF0IjoxNDk5OTM1NjQ0LCJleHAiOjE1MDAwMjIwNDR9.q4BWdaq5_ui7n9ME5f7LdURtj6jgJ9x3ey3EV7zRYr4
request client ip:  ::ffff:127.0.0.1
request query:  {"token":"eyJhbGciOiJIUzI1NiIsInR5cCI6IkpXVCJ9.eyJkYXRhIjp7ImlkIjoiYTg2MTUyMDMtYjQyZi00OGMxLTk3YzQtYzc3OTNkZWY2NGIxIiwibmFtZSI6ImFkbWluIiwiZ2VuZGVyIjp0cnVlLCJlbWFpbCI6IjM3ODMzODYyN0BxcS5jb20ifSwiaWF0IjoxNDk5OTM1NjQ0LCJleHAiOjE1MDAwMjIwNDR9.q4BWdaq5_ui7n9ME5f7LdURtj6jgJ9x3ey3EV7zRYr4"}
response time: 41
response status: 200
response body: 
{"status":0,"data":{"name":"admin","email":"378338627@qq.com","password":"$2a$10$xmgJzl6FH05MXqtHAwT8ieXHc.8A.B.PBX.cv16LPt.5q9w08CrhK","gender":true,"token":"eyJhbGciOiJIUzI1NiIsInR5cCI6IkpXVCJ9.eyJkYXRhIjp7ImlkIjoiYTg2MTUyMDMtYjQyZi00OGMxLTk3YzQtYzc3OTNkZWY2NGIxIiwibmFtZSI6ImFkbWluIiwiZ2VuZGVyIjp0cnVlLCJlbWFpbCI6IjM3ODMzODYyN0BxcS5jb20ifSwiaWF0IjoxNDk5OTM1NjQ0LCJleHAiOjE1MDAwMjIwNDR9.q4BWdaq5_ui7n9ME5f7LdURtj6jgJ9x3ey3EV7zRYr4","id":"a8615203-b42f-48c1-97c4-c7793def64b1","createdAt":1499934432149,"updatedAt":1499934432149,"version":0}}
*************** response log end ***************

[2017-07-14 08:57:24.035] [INFO] resLogger - 
*************** response log start ***************
request method: GET
request originalUrl:  /api/user/?token=eyJhbGciOiJIUzI1NiIsInR5cCI6IkpXVCJ9.eyJkYXRhIjp7ImlkIjoiYTg2MTUyMDMtYjQyZi00OGMxLTk3YzQtYzc3OTNkZWY2NGIxIiwibmFtZSI6ImFkbWluIiwiZ2VuZGVyIjp0cnVlLCJlbWFpbCI6IjM3ODMzODYyN0BxcS5jb20ifSwiaWF0IjoxNDk5OTM1NjQ0LCJleHAiOjE1MDAwMjIwNDR9.q4BWdaq5_ui7n9ME5f7LdURtj6jgJ9x3ey3EV7zRYr4
request client ip:  ::ffff:127.0.0.1
request query:  {"token":"eyJhbGciOiJIUzI1NiIsInR5cCI6IkpXVCJ9.eyJkYXRhIjp7ImlkIjoiYTg2MTUyMDMtYjQyZi00OGMxLTk3YzQtYzc3OTNkZWY2NGIxIiwibmFtZSI6ImFkbWluIiwiZ2VuZGVyIjp0cnVlLCJlbWFpbCI6IjM3ODMzODYyN0BxcS5jb20ifSwiaWF0IjoxNDk5OTM1NjQ0LCJleHAiOjE1MDAwMjIwNDR9.q4BWdaq5_ui7n9ME5f7LdURtj6jgJ9x3ey3EV7zRYr4"}
response time: 61
response status: 200
response body: 
{"status":0,"data":{"name":"admin","email":"378338627@qq.com","password":"$2a$10$xmgJzl6FH05MXqtHAwT8ieXHc.8A.B.PBX.cv16LPt.5q9w08CrhK","gender":true,"token":"eyJhbGciOiJIUzI1NiIsInR5cCI6IkpXVCJ9.eyJkYXRhIjp7ImlkIjoiYTg2MTUyMDMtYjQyZi00OGMxLTk3YzQtYzc3OTNkZWY2NGIxIiwibmFtZSI6ImFkbWluIiwiZ2VuZGVyIjp0cnVlLCJlbWFpbCI6IjM3ODMzODYyN0BxcS5jb20ifSwiaWF0IjoxNDk5OTM1NjQ0LCJleHAiOjE1MDAwMjIwNDR9.q4BWdaq5_ui7n9ME5f7LdURtj6jgJ9x3ey3EV7zRYr4","id":"a8615203-b42f-48c1-97c4-c7793def64b1","createdAt":1499934432149,"updatedAt":1499934432149,"version":0}}
*************** response log end ***************

[2017-07-14 08:57:24.108] [INFO] resLogger - 
*************** response log start ***************
request method: GET
request originalUrl:  /api/buildings/list?token=eyJhbGciOiJIUzI1NiIsInR5cCI6IkpXVCJ9.eyJkYXRhIjp7ImlkIjoiYTg2MTUyMDMtYjQyZi00OGMxLTk3YzQtYzc3OTNkZWY2NGIxIiwibmFtZSI6ImFkbWluIiwiZ2VuZGVyIjp0cnVlLCJlbWFpbCI6IjM3ODMzODYyN0BxcS5jb20ifSwiaWF0IjoxNDk5OTM1NjQ0LCJleHAiOjE1MDAwMjIwNDR9.q4BWdaq5_ui7n9ME5f7LdURtj6jgJ9x3ey3EV7zRYr4
request client ip:  ::ffff:127.0.0.1
request query:  {"token":"eyJhbGciOiJIUzI1NiIsInR5cCI6IkpXVCJ9.eyJkYXRhIjp7ImlkIjoiYTg2MTUyMDMtYjQyZi00OGMxLTk3YzQtYzc3OTNkZWY2NGIxIiwibmFtZSI6ImFkbWluIiwiZ2VuZGVyIjp0cnVlLCJlbWFpbCI6IjM3ODMzODYyN0BxcS5jb20ifSwiaWF0IjoxNDk5OTM1NjQ0LCJleHAiOjE1MDAwMjIwNDR9.q4BWdaq5_ui7n9ME5f7LdURtj6jgJ9x3ey3EV7zRYr4"}
response time: 68
response status: 200
response body: 
{"status":0,"data":[{"name":"3","address":"3","minfloor":1,"maxfloor":3,"status":1,"id":"964327a7-daab-4202-82bc-5f2861841332","createdAt":1499935652954,"updatedAt":1499935652954,"version":0},{"name":"2","address":"2","minfloor":2,"maxfloor":4,"status":1,"id":"74e0e1d1-fd03-4105-a7a1-56167ed64283","createdAt":1499935257098,"updatedAt":1499935257098,"version":0},{"name":"1","address":"1","minfloor":1,"maxfloor":1,"status":1,"id":"8b7ae305-e24e-4b1f-8cec-758f2e745f9e","createdAt":1499934526071,"updatedAt":1499934526071,"version":0}]}
*************** response log end ***************

[2017-07-14 08:58:44.914] [INFO] resLogger - 
*************** response log start ***************
request method: GET
request originalUrl:  /api/buildings/list?token=eyJhbGciOiJIUzI1NiIsInR5cCI6IkpXVCJ9.eyJkYXRhIjp7ImlkIjoiYTg2MTUyMDMtYjQyZi00OGMxLTk3YzQtYzc3OTNkZWY2NGIxIiwibmFtZSI6ImFkbWluIiwiZ2VuZGVyIjp0cnVlLCJlbWFpbCI6IjM3ODMzODYyN0BxcS5jb20ifSwiaWF0IjoxNDk5OTM1NjQ0LCJleHAiOjE1MDAwMjIwNDR9.q4BWdaq5_ui7n9ME5f7LdURtj6jgJ9x3ey3EV7zRYr4
request client ip:  ::ffff:127.0.0.1
request query:  {"token":"eyJhbGciOiJIUzI1NiIsInR5cCI6IkpXVCJ9.eyJkYXRhIjp7ImlkIjoiYTg2MTUyMDMtYjQyZi00OGMxLTk3YzQtYzc3OTNkZWY2NGIxIiwibmFtZSI6ImFkbWluIiwiZ2VuZGVyIjp0cnVlLCJlbWFpbCI6IjM3ODMzODYyN0BxcS5jb20ifSwiaWF0IjoxNDk5OTM1NjQ0LCJleHAiOjE1MDAwMjIwNDR9.q4BWdaq5_ui7n9ME5f7LdURtj6jgJ9x3ey3EV7zRYr4"}
response time: 367
response status: 200
response body: 
{"name":"SequelizeDatabaseError","message":"ER_BAD_FIELD_ERROR: Unknown column 'buildings.updateAt' in 'order clause'","parent":{"code":"ER_BAD_FIELD_ERROR","errno":1054,"sqlState":"42S22","index":0,"sql":"SELECT `name`, `address`, `minfloor`, `maxfloor`, `status`, `id`, `createdAt`, `updatedAt`, `version` FROM `buildings` AS `buildings` WHERE `buildings`.`status` = 1 ORDER BY `buildings`.`updateAt` DESC;"},"original":{"code":"ER_BAD_FIELD_ERROR","errno":1054,"sqlState":"42S22","index":0,"sql":"SELECT `name`, `address`, `minfloor`, `maxfloor`, `status`, `id`, `createdAt`, `updatedAt`, `version` FROM `buildings` AS `buildings` WHERE `buildings`.`status` = 1 ORDER BY `buildings`.`updateAt` DESC;"},"sql":"SELECT `name`, `address`, `minfloor`, `maxfloor`, `status`, `id`, `createdAt`, `updatedAt`, `version` FROM `buildings` AS `buildings` WHERE `buildings`.`status` = 1 ORDER BY `buildings`.`updateAt` DESC;","status":500}
*************** response log end ***************

