[2017-06-19 09:00:37.353] [INFO] resLogger - 
*************** response log start ***************
request method: GET
request originalUrl:  /favicon.ico
request client ip:  ::ffff:127.0.0.1
request query:  {}
response time: 5
response status: 302
response body: 
"Redirecting to <a href=\"/admin\">/admin</a>."
*************** response log end ***************

[2017-06-19 09:00:37.967] [INFO] resLogger - 
*************** response log start ***************
request method: GET
request originalUrl:  /admin
request client ip:  ::ffff:127.0.0.1
request query:  {}
response time: 610
response status: 200
response body: 
"<!DOCTYPE html><html><head><title>登录</title><meta charset=\"utf-8\"><meta http-equiv=\"X-UA-Compatible\" content=\"IE=edge\"><meta name=\"viewport\" content=\"width=device-width, initial-scale=1.0, maximum-scale=1.0, user-scalable=0\"><link rel=\"stylesheet\" href=\"/xenon/assets/css/fonts/linecons/css/linecons.css\"><link rel=\"stylesheet\" href=\"/xenon/assets/css/fonts/fontawesome/css/font-awesome.min.css\"><link rel=\"stylesheet\" href=\"/xenon/assets/css/bootstrap.css\"><link rel=\"stylesheet\" href=\"/xenon/assets/css/xenon-core.css\"><link rel=\"stylesheet\" href=\"/xenon/assets/css/xenon-forms.css\"><link rel=\"stylesheet\" href=\"/xenon/assets/css/xenon-components.css\"><link rel=\"stylesheet\" href=\"/xenon/assets/css/xenon-skins.css\"><link rel=\"stylesheet\" href=\"/xenon/assets/css/custom.css\"><script src=\"/xenon/assets/js/jquery-1.11.1.min.js\"></script><!-- if lt IE 9script(src=\"https://oss.maxcdn.com/html5shiv/3.7.2/html5shiv.min.js\")\nscript(src=\"https://oss.maxcdn.com/respond/1.4.2/respond.min.js\")\n--></head><body class=\"page-body login-page\"><div class=\"login-container\"><div class=\"row\"><div class=\"col-sm-6\"><script>jQuery(document).ready(function ($) {\n    // Reveal Login form\n    setTimeout(function () {\n        $(\".fade-in-effect\").addClass('in');\n    }, 1);\n\n\n    // Validation and Ajax action\n    $(\"form#login\").validate({\n        rules: {\n            username: {\n                required: true\n            },\n\n            password: {\n                required: true\n            }\n        },\n\n        messages: {\n            username: {\n                required: '请输入用户名'\n            },\n\n            password: {\n                required: '请输入密码'\n            }\n        },\n\n        // Form Processing via AJAX\n        submitHandler: function (form) {\n            show_loading_bar(70); // Fill progress bar to 70% (just a given value)\n\n            var opts = {\n                \"closeButton\": true,\n                \"debug\": false,\n                \"positionClass\": \"toast-top-full-width\",\n                \"onclick\": null,\n                \"showDuration\": \"300\",\n                \"hideDuration\": \"1000\",\n                \"timeOut\": \"5000\",\n                \"extendedTimeOut\": \"1000\",\n                \"showEasing\": \"swing\",\n                \"hideEasing\": \"linear\",\n                \"showMethod\": \"fadeIn\",\n                \"hideMethod\": \"fadeOut\"\n            };\n            //alert(123);\n            form.submit();\n        }\n    });\n\n    // Set Form focus\n    $(\"form#login .form-group:has(.form-control):first .form-control\").focus();\n});</script><div class=\"errors-container\"></div><form method=\"post\" role=\"form\" id=\"login\" action=\"/admin/login\" class=\"login-form fade-in-effect\"><div class=\"login-header\"><!--a.logo(href=\"dashboard-1.html\")\n    img(src=\"../xenon/assets/images/logo-white-bg@2x.png\",alt=\"\",width=\"80\")\n    span\n        | 登录--><p>亲爱的用户，请登录进入管理员界面</p></div><div class=\"form-group\"><label for=\"username\" class=\"control-label\">用户名</label><input id=\"username\" type=\"text\" name=\"username\" autocomplete=\"off\" class=\"form-control input-dark\"></div><div class=\"form-group\"><label for=\"password\" class=\"control-label\">密码</label><input id=\"password\" type=\"password\" name=\"password\" autocomplete=\"off\" class=\"form-control input-dark\"></div><div class=\"form-group\"><button type=\"submit\" class=\"btn btn-dark btn-block text-left\"><i class=\"fa-lock\"></i>点击登录</button></div><div class=\"login-footer\"><a href=\"#\">忘记密码？</a></div></form></div></div></div><script src=\"/xenon/assets/js/bootstrap.min.js\"></script><script src=\"/xenon/assets/js/TweenMax.min.js\"></script><script src=\"/xenon/assets/js/resizeable.js\"></script><script src=\"/xenon/assets/js/joinable.js\"></script><script src=\"/xenon/assets/js/xenon-api.js\"></script><script src=\"/xenon/assets/js/xenon-toggles.js\"></script><script src=\"/xenon/assets/js/jquery-validate/jquery.validate.min.js\"></script><script src=\"/xenon/assets/js/toastr/toastr.min.js\"></script><script src=\"/xenon/assets/js/xenon-custom.js\"></script></body></html>"
*************** response log end ***************

[2017-06-19 09:01:43.798] [INFO] resLogger - 
*************** response log start ***************
request method: GET
request originalUrl:  /api/user/login/liumeng/123456
request client ip:  ::ffff:127.0.0.1
request query:  {}
response time: 259
response status: 404
response body: 
undefined
*************** response log end ***************

[2017-06-19 09:01:43.824] [INFO] resLogger - 
*************** response log start ***************
request method: GET
request originalUrl:  /favicon.ico
request client ip:  ::ffff:127.0.0.1
request query:  {}
response time: 6
response status: 302
response body: 
"Redirecting to <a href=\"/admin\">/admin</a>."
*************** response log end ***************

[2017-06-19 09:01:44.367] [INFO] resLogger - 
*************** response log start ***************
request method: GET
request originalUrl:  /admin
request client ip:  ::ffff:127.0.0.1
request query:  {}
response time: 538
response status: 200
response body: 
"<!DOCTYPE html><html><head><title>登录</title><meta charset=\"utf-8\"><meta http-equiv=\"X-UA-Compatible\" content=\"IE=edge\"><meta name=\"viewport\" content=\"width=device-width, initial-scale=1.0, maximum-scale=1.0, user-scalable=0\"><link rel=\"stylesheet\" href=\"/xenon/assets/css/fonts/linecons/css/linecons.css\"><link rel=\"stylesheet\" href=\"/xenon/assets/css/fonts/fontawesome/css/font-awesome.min.css\"><link rel=\"stylesheet\" href=\"/xenon/assets/css/bootstrap.css\"><link rel=\"stylesheet\" href=\"/xenon/assets/css/xenon-core.css\"><link rel=\"stylesheet\" href=\"/xenon/assets/css/xenon-forms.css\"><link rel=\"stylesheet\" href=\"/xenon/assets/css/xenon-components.css\"><link rel=\"stylesheet\" href=\"/xenon/assets/css/xenon-skins.css\"><link rel=\"stylesheet\" href=\"/xenon/assets/css/custom.css\"><script src=\"/xenon/assets/js/jquery-1.11.1.min.js\"></script><!-- if lt IE 9script(src=\"https://oss.maxcdn.com/html5shiv/3.7.2/html5shiv.min.js\")\nscript(src=\"https://oss.maxcdn.com/respond/1.4.2/respond.min.js\")\n--></head><body class=\"page-body login-page\"><div class=\"login-container\"><div class=\"row\"><div class=\"col-sm-6\"><script>jQuery(document).ready(function ($) {\n    // Reveal Login form\n    setTimeout(function () {\n        $(\".fade-in-effect\").addClass('in');\n    }, 1);\n\n\n    // Validation and Ajax action\n    $(\"form#login\").validate({\n        rules: {\n            username: {\n                required: true\n            },\n\n            password: {\n                required: true\n            }\n        },\n\n        messages: {\n            username: {\n                required: '请输入用户名'\n            },\n\n            password: {\n                required: '请输入密码'\n            }\n        },\n\n        // Form Processing via AJAX\n        submitHandler: function (form) {\n            show_loading_bar(70); // Fill progress bar to 70% (just a given value)\n\n            var opts = {\n                \"closeButton\": true,\n                \"debug\": false,\n                \"positionClass\": \"toast-top-full-width\",\n                \"onclick\": null,\n                \"showDuration\": \"300\",\n                \"hideDuration\": \"1000\",\n                \"timeOut\": \"5000\",\n                \"extendedTimeOut\": \"1000\",\n                \"showEasing\": \"swing\",\n                \"hideEasing\": \"linear\",\n                \"showMethod\": \"fadeIn\",\n                \"hideMethod\": \"fadeOut\"\n            };\n            //alert(123);\n            form.submit();\n        }\n    });\n\n    // Set Form focus\n    $(\"form#login .form-group:has(.form-control):first .form-control\").focus();\n});</script><div class=\"errors-container\"></div><form method=\"post\" role=\"form\" id=\"login\" action=\"/admin/login\" class=\"login-form fade-in-effect\"><div class=\"login-header\"><!--a.logo(href=\"dashboard-1.html\")\n    img(src=\"../xenon/assets/images/logo-white-bg@2x.png\",alt=\"\",width=\"80\")\n    span\n        | 登录--><p>亲爱的用户，请登录进入管理员界面</p></div><div class=\"form-group\"><label for=\"username\" class=\"control-label\">用户名</label><input id=\"username\" type=\"text\" name=\"username\" autocomplete=\"off\" class=\"form-control input-dark\"></div><div class=\"form-group\"><label for=\"password\" class=\"control-label\">密码</label><input id=\"password\" type=\"password\" name=\"password\" autocomplete=\"off\" class=\"form-control input-dark\"></div><div class=\"form-group\"><button type=\"submit\" class=\"btn btn-dark btn-block text-left\"><i class=\"fa-lock\"></i>点击登录</button></div><div class=\"login-footer\"><a href=\"#\">忘记密码？</a></div></form></div></div></div><script src=\"/xenon/assets/js/bootstrap.min.js\"></script><script src=\"/xenon/assets/js/TweenMax.min.js\"></script><script src=\"/xenon/assets/js/resizeable.js\"></script><script src=\"/xenon/assets/js/joinable.js\"></script><script src=\"/xenon/assets/js/xenon-api.js\"></script><script src=\"/xenon/assets/js/xenon-toggles.js\"></script><script src=\"/xenon/assets/js/jquery-validate/jquery.validate.min.js\"></script><script src=\"/xenon/assets/js/toastr/toastr.min.js\"></script><script src=\"/xenon/assets/js/xenon-custom.js\"></script></body></html>"
*************** response log end ***************

[2017-06-19 09:07:07.029] [INFO] resLogger - 
*************** response log start ***************
request method: GET
request originalUrl:  /api/user/login/admin/123456
request client ip:  ::1
request query:  {}
response time: 106
response status: 404
response body: 
undefined
*************** response log end ***************

[2017-06-19 09:07:07.068] [INFO] resLogger - 
*************** response log start ***************
request method: GET
request originalUrl:  /favicon.ico
request client ip:  ::1
request query:  {}
response time: 2
response status: 302
response body: 
"Redirecting to <a href=\"/admin\">/admin</a>."
*************** response log end ***************

[2017-06-19 09:07:07.317] [INFO] resLogger - 
*************** response log start ***************
request method: GET
request originalUrl:  /admin
request client ip:  ::1
request query:  {}
response time: 243
response status: 200
response body: 
"<!DOCTYPE html><html><head><title>登录</title><meta charset=\"utf-8\"><meta http-equiv=\"X-UA-Compatible\" content=\"IE=edge\"><meta name=\"viewport\" content=\"width=device-width, initial-scale=1.0, maximum-scale=1.0, user-scalable=0\"><link rel=\"stylesheet\" href=\"/xenon/assets/css/fonts/linecons/css/linecons.css\"><link rel=\"stylesheet\" href=\"/xenon/assets/css/fonts/fontawesome/css/font-awesome.min.css\"><link rel=\"stylesheet\" href=\"/xenon/assets/css/bootstrap.css\"><link rel=\"stylesheet\" href=\"/xenon/assets/css/xenon-core.css\"><link rel=\"stylesheet\" href=\"/xenon/assets/css/xenon-forms.css\"><link rel=\"stylesheet\" href=\"/xenon/assets/css/xenon-components.css\"><link rel=\"stylesheet\" href=\"/xenon/assets/css/xenon-skins.css\"><link rel=\"stylesheet\" href=\"/xenon/assets/css/custom.css\"><script src=\"/xenon/assets/js/jquery-1.11.1.min.js\"></script><!-- if lt IE 9script(src=\"https://oss.maxcdn.com/html5shiv/3.7.2/html5shiv.min.js\")\nscript(src=\"https://oss.maxcdn.com/respond/1.4.2/respond.min.js\")\n--></head><body class=\"page-body login-page\"><div class=\"login-container\"><div class=\"row\"><div class=\"col-sm-6\"><script>jQuery(document).ready(function ($) {\n    // Reveal Login form\n    setTimeout(function () {\n        $(\".fade-in-effect\").addClass('in');\n    }, 1);\n\n\n    // Validation and Ajax action\n    $(\"form#login\").validate({\n        rules: {\n            username: {\n                required: true\n            },\n\n            password: {\n                required: true\n            }\n        },\n\n        messages: {\n            username: {\n                required: '请输入用户名'\n            },\n\n            password: {\n                required: '请输入密码'\n            }\n        },\n\n        // Form Processing via AJAX\n        submitHandler: function (form) {\n            show_loading_bar(70); // Fill progress bar to 70% (just a given value)\n\n            var opts = {\n                \"closeButton\": true,\n                \"debug\": false,\n                \"positionClass\": \"toast-top-full-width\",\n                \"onclick\": null,\n                \"showDuration\": \"300\",\n                \"hideDuration\": \"1000\",\n                \"timeOut\": \"5000\",\n                \"extendedTimeOut\": \"1000\",\n                \"showEasing\": \"swing\",\n                \"hideEasing\": \"linear\",\n                \"showMethod\": \"fadeIn\",\n                \"hideMethod\": \"fadeOut\"\n            };\n            //alert(123);\n            form.submit();\n        }\n    });\n\n    // Set Form focus\n    $(\"form#login .form-group:has(.form-control):first .form-control\").focus();\n});</script><div class=\"errors-container\"></div><form method=\"post\" role=\"form\" id=\"login\" action=\"/admin/login\" class=\"login-form fade-in-effect\"><div class=\"login-header\"><!--a.logo(href=\"dashboard-1.html\")\n    img(src=\"../xenon/assets/images/logo-white-bg@2x.png\",alt=\"\",width=\"80\")\n    span\n        | 登录--><p>亲爱的用户，请登录进入管理员界面</p></div><div class=\"form-group\"><label for=\"username\" class=\"control-label\">用户名</label><input id=\"username\" type=\"text\" name=\"username\" autocomplete=\"off\" class=\"form-control input-dark\"></div><div class=\"form-group\"><label for=\"password\" class=\"control-label\">密码</label><input id=\"password\" type=\"password\" name=\"password\" autocomplete=\"off\" class=\"form-control input-dark\"></div><div class=\"form-group\"><button type=\"submit\" class=\"btn btn-dark btn-block text-left\"><i class=\"fa-lock\"></i>点击登录</button></div><div class=\"login-footer\"><a href=\"#\">忘记密码？</a></div></form></div></div></div><script src=\"/xenon/assets/js/bootstrap.min.js\"></script><script src=\"/xenon/assets/js/TweenMax.min.js\"></script><script src=\"/xenon/assets/js/resizeable.js\"></script><script src=\"/xenon/assets/js/joinable.js\"></script><script src=\"/xenon/assets/js/xenon-api.js\"></script><script src=\"/xenon/assets/js/xenon-toggles.js\"></script><script src=\"/xenon/assets/js/jquery-validate/jquery.validate.min.js\"></script><script src=\"/xenon/assets/js/toastr/toastr.min.js\"></script><script src=\"/xenon/assets/js/xenon-custom.js\"></script></body></html>"
*************** response log end ***************

[2017-06-19 09:08:46.529] [INFO] resLogger - 
*************** response log start ***************
request method: GET
request originalUrl:  /api/user/login/admin/123456
request client ip:  ::ffff:127.0.0.1
request query:  {}
response time: 272
response status: 200
response body: 
{"user":[{"name":"admin","email":"378338627@qq.com","password":"$2a$10$jnu/B5jnR7rCR8v0zz3jguZR.iRESu6GAzjRwbcewXnPyIXjsEnLu","gender":true,"id":"b509c512-add4-47d9-a0f0-cc62c297a22b","createdAt":1496901604074,"updatedAt":1496901604074,"version":0}]}
*************** response log end ***************

[2017-06-19 09:08:46.568] [INFO] resLogger - 
*************** response log start ***************
request method: GET
request originalUrl:  /favicon.ico
request client ip:  ::ffff:127.0.0.1
request query:  {}
response time: 7
response status: 302
response body: 
"Redirecting to <a href=\"/admin\">/admin</a>."
*************** response log end ***************

[2017-06-19 09:08:47.161] [INFO] resLogger - 
*************** response log start ***************
request method: GET
request originalUrl:  /admin
request client ip:  ::ffff:127.0.0.1
request query:  {}
response time: 586
response status: 200
response body: 
"<!DOCTYPE html><html><head><title>登录</title><meta charset=\"utf-8\"><meta http-equiv=\"X-UA-Compatible\" content=\"IE=edge\"><meta name=\"viewport\" content=\"width=device-width, initial-scale=1.0, maximum-scale=1.0, user-scalable=0\"><link rel=\"stylesheet\" href=\"/xenon/assets/css/fonts/linecons/css/linecons.css\"><link rel=\"stylesheet\" href=\"/xenon/assets/css/fonts/fontawesome/css/font-awesome.min.css\"><link rel=\"stylesheet\" href=\"/xenon/assets/css/bootstrap.css\"><link rel=\"stylesheet\" href=\"/xenon/assets/css/xenon-core.css\"><link rel=\"stylesheet\" href=\"/xenon/assets/css/xenon-forms.css\"><link rel=\"stylesheet\" href=\"/xenon/assets/css/xenon-components.css\"><link rel=\"stylesheet\" href=\"/xenon/assets/css/xenon-skins.css\"><link rel=\"stylesheet\" href=\"/xenon/assets/css/custom.css\"><script src=\"/xenon/assets/js/jquery-1.11.1.min.js\"></script><!-- if lt IE 9script(src=\"https://oss.maxcdn.com/html5shiv/3.7.2/html5shiv.min.js\")\nscript(src=\"https://oss.maxcdn.com/respond/1.4.2/respond.min.js\")\n--></head><body class=\"page-body login-page\"><div class=\"login-container\"><div class=\"row\"><div class=\"col-sm-6\"><script>jQuery(document).ready(function ($) {\n    // Reveal Login form\n    setTimeout(function () {\n        $(\".fade-in-effect\").addClass('in');\n    }, 1);\n\n\n    // Validation and Ajax action\n    $(\"form#login\").validate({\n        rules: {\n            username: {\n                required: true\n            },\n\n            password: {\n                required: true\n            }\n        },\n\n        messages: {\n            username: {\n                required: '请输入用户名'\n            },\n\n            password: {\n                required: '请输入密码'\n            }\n        },\n\n        // Form Processing via AJAX\n        submitHandler: function (form) {\n            show_loading_bar(70); // Fill progress bar to 70% (just a given value)\n\n            var opts = {\n                \"closeButton\": true,\n                \"debug\": false,\n                \"positionClass\": \"toast-top-full-width\",\n                \"onclick\": null,\n                \"showDuration\": \"300\",\n                \"hideDuration\": \"1000\",\n                \"timeOut\": \"5000\",\n                \"extendedTimeOut\": \"1000\",\n                \"showEasing\": \"swing\",\n                \"hideEasing\": \"linear\",\n                \"showMethod\": \"fadeIn\",\n                \"hideMethod\": \"fadeOut\"\n            };\n            //alert(123);\n            form.submit();\n        }\n    });\n\n    // Set Form focus\n    $(\"form#login .form-group:has(.form-control):first .form-control\").focus();\n});</script><div class=\"errors-container\"></div><form method=\"post\" role=\"form\" id=\"login\" action=\"/admin/login\" class=\"login-form fade-in-effect\"><div class=\"login-header\"><!--a.logo(href=\"dashboard-1.html\")\n    img(src=\"../xenon/assets/images/logo-white-bg@2x.png\",alt=\"\",width=\"80\")\n    span\n        | 登录--><p>亲爱的用户，请登录进入管理员界面</p></div><div class=\"form-group\"><label for=\"username\" class=\"control-label\">用户名</label><input id=\"username\" type=\"text\" name=\"username\" autocomplete=\"off\" class=\"form-control input-dark\"></div><div class=\"form-group\"><label for=\"password\" class=\"control-label\">密码</label><input id=\"password\" type=\"password\" name=\"password\" autocomplete=\"off\" class=\"form-control input-dark\"></div><div class=\"form-group\"><button type=\"submit\" class=\"btn btn-dark btn-block text-left\"><i class=\"fa-lock\"></i>点击登录</button></div><div class=\"login-footer\"><a href=\"#\">忘记密码？</a></div></form></div></div></div><script src=\"/xenon/assets/js/bootstrap.min.js\"></script><script src=\"/xenon/assets/js/TweenMax.min.js\"></script><script src=\"/xenon/assets/js/resizeable.js\"></script><script src=\"/xenon/assets/js/joinable.js\"></script><script src=\"/xenon/assets/js/xenon-api.js\"></script><script src=\"/xenon/assets/js/xenon-toggles.js\"></script><script src=\"/xenon/assets/js/jquery-validate/jquery.validate.min.js\"></script><script src=\"/xenon/assets/js/toastr/toastr.min.js\"></script><script src=\"/xenon/assets/js/xenon-custom.js\"></script></body></html>"
*************** response log end ***************

[2017-06-19 09:30:56.949] [INFO] resLogger - 
*************** response log start ***************
request method: GET
request originalUrl:  /api/user/login/admin/123456
request client ip:  ::ffff:127.0.0.1
request query:  {}
response time: 288
response status: 200
response body: 
{"code":0,"message":"success","data":{"user":[{"name":"admin","email":"378338627@qq.com","password":"$2a$10$jnu/B5jnR7rCR8v0zz3jguZR.iRESu6GAzjRwbcewXnPyIXjsEnLu","gender":true,"id":"b509c512-add4-47d9-a0f0-cc62c297a22b","createdAt":1496901604074,"updatedAt":1496901604074,"version":0}]}}
*************** response log end ***************

[2017-06-19 09:30:56.976] [INFO] resLogger - 
*************** response log start ***************
request method: GET
request originalUrl:  /favicon.ico
request client ip:  ::ffff:127.0.0.1
request query:  {}
response time: 4
response status: 302
response body: 
"Redirecting to <a href=\"/admin\">/admin</a>."
*************** response log end ***************

[2017-06-19 09:30:57.524] [INFO] resLogger - 
*************** response log start ***************
request method: GET
request originalUrl:  /admin
request client ip:  ::ffff:127.0.0.1
request query:  {}
response time: 544
response status: 200
response body: 
"<!DOCTYPE html><html><head><title>登录</title><meta charset=\"utf-8\"><meta http-equiv=\"X-UA-Compatible\" content=\"IE=edge\"><meta name=\"viewport\" content=\"width=device-width, initial-scale=1.0, maximum-scale=1.0, user-scalable=0\"><link rel=\"stylesheet\" href=\"/xenon/assets/css/fonts/linecons/css/linecons.css\"><link rel=\"stylesheet\" href=\"/xenon/assets/css/fonts/fontawesome/css/font-awesome.min.css\"><link rel=\"stylesheet\" href=\"/xenon/assets/css/bootstrap.css\"><link rel=\"stylesheet\" href=\"/xenon/assets/css/xenon-core.css\"><link rel=\"stylesheet\" href=\"/xenon/assets/css/xenon-forms.css\"><link rel=\"stylesheet\" href=\"/xenon/assets/css/xenon-components.css\"><link rel=\"stylesheet\" href=\"/xenon/assets/css/xenon-skins.css\"><link rel=\"stylesheet\" href=\"/xenon/assets/css/custom.css\"><script src=\"/xenon/assets/js/jquery-1.11.1.min.js\"></script><!-- if lt IE 9script(src=\"https://oss.maxcdn.com/html5shiv/3.7.2/html5shiv.min.js\")\nscript(src=\"https://oss.maxcdn.com/respond/1.4.2/respond.min.js\")\n--></head><body class=\"page-body login-page\"><div class=\"login-container\"><div class=\"row\"><div class=\"col-sm-6\"><script>jQuery(document).ready(function ($) {\n    // Reveal Login form\n    setTimeout(function () {\n        $(\".fade-in-effect\").addClass('in');\n    }, 1);\n\n\n    // Validation and Ajax action\n    $(\"form#login\").validate({\n        rules: {\n            username: {\n                required: true\n            },\n\n            password: {\n                required: true\n            }\n        },\n\n        messages: {\n            username: {\n                required: '请输入用户名'\n            },\n\n            password: {\n                required: '请输入密码'\n            }\n        },\n\n        // Form Processing via AJAX\n        submitHandler: function (form) {\n            show_loading_bar(70); // Fill progress bar to 70% (just a given value)\n\n            var opts = {\n                \"closeButton\": true,\n                \"debug\": false,\n                \"positionClass\": \"toast-top-full-width\",\n                \"onclick\": null,\n                \"showDuration\": \"300\",\n                \"hideDuration\": \"1000\",\n                \"timeOut\": \"5000\",\n                \"extendedTimeOut\": \"1000\",\n                \"showEasing\": \"swing\",\n                \"hideEasing\": \"linear\",\n                \"showMethod\": \"fadeIn\",\n                \"hideMethod\": \"fadeOut\"\n            };\n            //alert(123);\n            form.submit();\n        }\n    });\n\n    // Set Form focus\n    $(\"form#login .form-group:has(.form-control):first .form-control\").focus();\n});</script><div class=\"errors-container\"></div><form method=\"post\" role=\"form\" id=\"login\" action=\"/admin/login\" class=\"login-form fade-in-effect\"><div class=\"login-header\"><!--a.logo(href=\"dashboard-1.html\")\n    img(src=\"../xenon/assets/images/logo-white-bg@2x.png\",alt=\"\",width=\"80\")\n    span\n        | 登录--><p>亲爱的用户，请登录进入管理员界面</p></div><div class=\"form-group\"><label for=\"username\" class=\"control-label\">用户名</label><input id=\"username\" type=\"text\" name=\"username\" autocomplete=\"off\" class=\"form-control input-dark\"></div><div class=\"form-group\"><label for=\"password\" class=\"control-label\">密码</label><input id=\"password\" type=\"password\" name=\"password\" autocomplete=\"off\" class=\"form-control input-dark\"></div><div class=\"form-group\"><button type=\"submit\" class=\"btn btn-dark btn-block text-left\"><i class=\"fa-lock\"></i>点击登录</button></div><div class=\"login-footer\"><a href=\"#\">忘记密码？</a></div></form></div></div></div><script src=\"/xenon/assets/js/bootstrap.min.js\"></script><script src=\"/xenon/assets/js/TweenMax.min.js\"></script><script src=\"/xenon/assets/js/resizeable.js\"></script><script src=\"/xenon/assets/js/joinable.js\"></script><script src=\"/xenon/assets/js/xenon-api.js\"></script><script src=\"/xenon/assets/js/xenon-toggles.js\"></script><script src=\"/xenon/assets/js/jquery-validate/jquery.validate.min.js\"></script><script src=\"/xenon/assets/js/toastr/toastr.min.js\"></script><script src=\"/xenon/assets/js/xenon-custom.js\"></script></body></html>"
*************** response log end ***************

[2017-06-19 09:31:19.654] [INFO] resLogger - 
*************** response log start ***************
request method: GET
request originalUrl:  /api/user/login/liumeng/123456
request client ip:  ::ffff:127.0.0.1
request query:  {}
response time: 78
response status: 200
response body: 
{"code":0,"message":"success","data":{"user":[]}}
*************** response log end ***************

[2017-06-19 09:31:19.717] [INFO] resLogger - 
*************** response log start ***************
request method: GET
request originalUrl:  /favicon.ico
request client ip:  ::ffff:127.0.0.1
request query:  {}
response time: 1
response status: 302
response body: 
"Redirecting to <a href=\"/admin\">/admin</a>."
*************** response log end ***************

[2017-06-19 09:31:19.873] [INFO] resLogger - 
*************** response log start ***************
request method: GET
request originalUrl:  /admin
request client ip:  ::ffff:127.0.0.1
request query:  {}
response time: 148
response status: 200
response body: 
"<!DOCTYPE html><html><head><title>登录</title><meta charset=\"utf-8\"><meta http-equiv=\"X-UA-Compatible\" content=\"IE=edge\"><meta name=\"viewport\" content=\"width=device-width, initial-scale=1.0, maximum-scale=1.0, user-scalable=0\"><link rel=\"stylesheet\" href=\"/xenon/assets/css/fonts/linecons/css/linecons.css\"><link rel=\"stylesheet\" href=\"/xenon/assets/css/fonts/fontawesome/css/font-awesome.min.css\"><link rel=\"stylesheet\" href=\"/xenon/assets/css/bootstrap.css\"><link rel=\"stylesheet\" href=\"/xenon/assets/css/xenon-core.css\"><link rel=\"stylesheet\" href=\"/xenon/assets/css/xenon-forms.css\"><link rel=\"stylesheet\" href=\"/xenon/assets/css/xenon-components.css\"><link rel=\"stylesheet\" href=\"/xenon/assets/css/xenon-skins.css\"><link rel=\"stylesheet\" href=\"/xenon/assets/css/custom.css\"><script src=\"/xenon/assets/js/jquery-1.11.1.min.js\"></script><!-- if lt IE 9script(src=\"https://oss.maxcdn.com/html5shiv/3.7.2/html5shiv.min.js\")\nscript(src=\"https://oss.maxcdn.com/respond/1.4.2/respond.min.js\")\n--></head><body class=\"page-body login-page\"><div class=\"login-container\"><div class=\"row\"><div class=\"col-sm-6\"><script>jQuery(document).ready(function ($) {\n    // Reveal Login form\n    setTimeout(function () {\n        $(\".fade-in-effect\").addClass('in');\n    }, 1);\n\n\n    // Validation and Ajax action\n    $(\"form#login\").validate({\n        rules: {\n            username: {\n                required: true\n            },\n\n            password: {\n                required: true\n            }\n        },\n\n        messages: {\n            username: {\n                required: '请输入用户名'\n            },\n\n            password: {\n                required: '请输入密码'\n            }\n        },\n\n        // Form Processing via AJAX\n        submitHandler: function (form) {\n            show_loading_bar(70); // Fill progress bar to 70% (just a given value)\n\n            var opts = {\n                \"closeButton\": true,\n                \"debug\": false,\n                \"positionClass\": \"toast-top-full-width\",\n                \"onclick\": null,\n                \"showDuration\": \"300\",\n                \"hideDuration\": \"1000\",\n                \"timeOut\": \"5000\",\n                \"extendedTimeOut\": \"1000\",\n                \"showEasing\": \"swing\",\n                \"hideEasing\": \"linear\",\n                \"showMethod\": \"fadeIn\",\n                \"hideMethod\": \"fadeOut\"\n            };\n            //alert(123);\n            form.submit();\n        }\n    });\n\n    // Set Form focus\n    $(\"form#login .form-group:has(.form-control):first .form-control\").focus();\n});</script><div class=\"errors-container\"></div><form method=\"post\" role=\"form\" id=\"login\" action=\"/admin/login\" class=\"login-form fade-in-effect\"><div class=\"login-header\"><!--a.logo(href=\"dashboard-1.html\")\n    img(src=\"../xenon/assets/images/logo-white-bg@2x.png\",alt=\"\",width=\"80\")\n    span\n        | 登录--><p>亲爱的用户，请登录进入管理员界面</p></div><div class=\"form-group\"><label for=\"username\" class=\"control-label\">用户名</label><input id=\"username\" type=\"text\" name=\"username\" autocomplete=\"off\" class=\"form-control input-dark\"></div><div class=\"form-group\"><label for=\"password\" class=\"control-label\">密码</label><input id=\"password\" type=\"password\" name=\"password\" autocomplete=\"off\" class=\"form-control input-dark\"></div><div class=\"form-group\"><button type=\"submit\" class=\"btn btn-dark btn-block text-left\"><i class=\"fa-lock\"></i>点击登录</button></div><div class=\"login-footer\"><a href=\"#\">忘记密码？</a></div></form></div></div></div><script src=\"/xenon/assets/js/bootstrap.min.js\"></script><script src=\"/xenon/assets/js/TweenMax.min.js\"></script><script src=\"/xenon/assets/js/resizeable.js\"></script><script src=\"/xenon/assets/js/joinable.js\"></script><script src=\"/xenon/assets/js/xenon-api.js\"></script><script src=\"/xenon/assets/js/xenon-toggles.js\"></script><script src=\"/xenon/assets/js/jquery-validate/jquery.validate.min.js\"></script><script src=\"/xenon/assets/js/toastr/toastr.min.js\"></script><script src=\"/xenon/assets/js/xenon-custom.js\"></script></body></html>"
*************** response log end ***************

[2017-06-19 09:32:35.396] [INFO] resLogger - 
*************** response log start ***************
request method: GET
request originalUrl:  /favicon.ico
request client ip:  ::1
request query:  {}
response time: 10
response status: 302
response body: 
"Redirecting to <a href=\"/admin\">/admin</a>."
*************** response log end ***************

[2017-06-19 09:32:36.006] [INFO] resLogger - 
*************** response log start ***************
request method: GET
request originalUrl:  /admin
request client ip:  ::1
request query:  {}
response time: 603
response status: 200
response body: 
"<!DOCTYPE html><html><head><title>登录</title><meta charset=\"utf-8\"><meta http-equiv=\"X-UA-Compatible\" content=\"IE=edge\"><meta name=\"viewport\" content=\"width=device-width, initial-scale=1.0, maximum-scale=1.0, user-scalable=0\"><link rel=\"stylesheet\" href=\"/xenon/assets/css/fonts/linecons/css/linecons.css\"><link rel=\"stylesheet\" href=\"/xenon/assets/css/fonts/fontawesome/css/font-awesome.min.css\"><link rel=\"stylesheet\" href=\"/xenon/assets/css/bootstrap.css\"><link rel=\"stylesheet\" href=\"/xenon/assets/css/xenon-core.css\"><link rel=\"stylesheet\" href=\"/xenon/assets/css/xenon-forms.css\"><link rel=\"stylesheet\" href=\"/xenon/assets/css/xenon-components.css\"><link rel=\"stylesheet\" href=\"/xenon/assets/css/xenon-skins.css\"><link rel=\"stylesheet\" href=\"/xenon/assets/css/custom.css\"><script src=\"/xenon/assets/js/jquery-1.11.1.min.js\"></script><!-- if lt IE 9script(src=\"https://oss.maxcdn.com/html5shiv/3.7.2/html5shiv.min.js\")\nscript(src=\"https://oss.maxcdn.com/respond/1.4.2/respond.min.js\")\n--></head><body class=\"page-body login-page\"><div class=\"login-container\"><div class=\"row\"><div class=\"col-sm-6\"><script>jQuery(document).ready(function ($) {\n    // Reveal Login form\n    setTimeout(function () {\n        $(\".fade-in-effect\").addClass('in');\n    }, 1);\n\n\n    // Validation and Ajax action\n    $(\"form#login\").validate({\n        rules: {\n            username: {\n                required: true\n            },\n\n            password: {\n                required: true\n            }\n        },\n\n        messages: {\n            username: {\n                required: '请输入用户名'\n            },\n\n            password: {\n                required: '请输入密码'\n            }\n        },\n\n        // Form Processing via AJAX\n        submitHandler: function (form) {\n            show_loading_bar(70); // Fill progress bar to 70% (just a given value)\n\n            var opts = {\n                \"closeButton\": true,\n                \"debug\": false,\n                \"positionClass\": \"toast-top-full-width\",\n                \"onclick\": null,\n                \"showDuration\": \"300\",\n                \"hideDuration\": \"1000\",\n                \"timeOut\": \"5000\",\n                \"extendedTimeOut\": \"1000\",\n                \"showEasing\": \"swing\",\n                \"hideEasing\": \"linear\",\n                \"showMethod\": \"fadeIn\",\n                \"hideMethod\": \"fadeOut\"\n            };\n            //alert(123);\n            form.submit();\n        }\n    });\n\n    // Set Form focus\n    $(\"form#login .form-group:has(.form-control):first .form-control\").focus();\n});</script><div class=\"errors-container\"></div><form method=\"post\" role=\"form\" id=\"login\" action=\"/admin/login\" class=\"login-form fade-in-effect\"><div class=\"login-header\"><!--a.logo(href=\"dashboard-1.html\")\n    img(src=\"../xenon/assets/images/logo-white-bg@2x.png\",alt=\"\",width=\"80\")\n    span\n        | 登录--><p>亲爱的用户，请登录进入管理员界面</p></div><div class=\"form-group\"><label for=\"username\" class=\"control-label\">用户名</label><input id=\"username\" type=\"text\" name=\"username\" autocomplete=\"off\" class=\"form-control input-dark\"></div><div class=\"form-group\"><label for=\"password\" class=\"control-label\">密码</label><input id=\"password\" type=\"password\" name=\"password\" autocomplete=\"off\" class=\"form-control input-dark\"></div><div class=\"form-group\"><button type=\"submit\" class=\"btn btn-dark btn-block text-left\"><i class=\"fa-lock\"></i>点击登录</button></div><div class=\"login-footer\"><a href=\"#\">忘记密码？</a></div></form></div></div></div><script src=\"/xenon/assets/js/bootstrap.min.js\"></script><script src=\"/xenon/assets/js/TweenMax.min.js\"></script><script src=\"/xenon/assets/js/resizeable.js\"></script><script src=\"/xenon/assets/js/joinable.js\"></script><script src=\"/xenon/assets/js/xenon-api.js\"></script><script src=\"/xenon/assets/js/xenon-toggles.js\"></script><script src=\"/xenon/assets/js/jquery-validate/jquery.validate.min.js\"></script><script src=\"/xenon/assets/js/toastr/toastr.min.js\"></script><script src=\"/xenon/assets/js/xenon-custom.js\"></script></body></html>"
*************** response log end ***************

[2017-06-19 09:32:43.337] [INFO] resLogger - 
*************** response log start ***************
request method: GET
request originalUrl:  /favicon.ico
request client ip:  ::1
request query:  {}
response time: 6
response status: 302
response body: 
"Redirecting to <a href=\"/admin\">/admin</a>."
*************** response log end ***************

[2017-06-19 09:32:43.457] [INFO] resLogger - 
*************** response log start ***************
request method: GET
request originalUrl:  /admin
request client ip:  ::1
request query:  {}
response time: 115
response status: 200
response body: 
"<!DOCTYPE html><html><head><title>登录</title><meta charset=\"utf-8\"><meta http-equiv=\"X-UA-Compatible\" content=\"IE=edge\"><meta name=\"viewport\" content=\"width=device-width, initial-scale=1.0, maximum-scale=1.0, user-scalable=0\"><link rel=\"stylesheet\" href=\"/xenon/assets/css/fonts/linecons/css/linecons.css\"><link rel=\"stylesheet\" href=\"/xenon/assets/css/fonts/fontawesome/css/font-awesome.min.css\"><link rel=\"stylesheet\" href=\"/xenon/assets/css/bootstrap.css\"><link rel=\"stylesheet\" href=\"/xenon/assets/css/xenon-core.css\"><link rel=\"stylesheet\" href=\"/xenon/assets/css/xenon-forms.css\"><link rel=\"stylesheet\" href=\"/xenon/assets/css/xenon-components.css\"><link rel=\"stylesheet\" href=\"/xenon/assets/css/xenon-skins.css\"><link rel=\"stylesheet\" href=\"/xenon/assets/css/custom.css\"><script src=\"/xenon/assets/js/jquery-1.11.1.min.js\"></script><!-- if lt IE 9script(src=\"https://oss.maxcdn.com/html5shiv/3.7.2/html5shiv.min.js\")\nscript(src=\"https://oss.maxcdn.com/respond/1.4.2/respond.min.js\")\n--></head><body class=\"page-body login-page\"><div class=\"login-container\"><div class=\"row\"><div class=\"col-sm-6\"><script>jQuery(document).ready(function ($) {\n    // Reveal Login form\n    setTimeout(function () {\n        $(\".fade-in-effect\").addClass('in');\n    }, 1);\n\n\n    // Validation and Ajax action\n    $(\"form#login\").validate({\n        rules: {\n            username: {\n                required: true\n            },\n\n            password: {\n                required: true\n            }\n        },\n\n        messages: {\n            username: {\n                required: '请输入用户名'\n            },\n\n            password: {\n                required: '请输入密码'\n            }\n        },\n\n        // Form Processing via AJAX\n        submitHandler: function (form) {\n            show_loading_bar(70); // Fill progress bar to 70% (just a given value)\n\n            var opts = {\n                \"closeButton\": true,\n                \"debug\": false,\n                \"positionClass\": \"toast-top-full-width\",\n                \"onclick\": null,\n                \"showDuration\": \"300\",\n                \"hideDuration\": \"1000\",\n                \"timeOut\": \"5000\",\n                \"extendedTimeOut\": \"1000\",\n                \"showEasing\": \"swing\",\n                \"hideEasing\": \"linear\",\n                \"showMethod\": \"fadeIn\",\n                \"hideMethod\": \"fadeOut\"\n            };\n            //alert(123);\n            form.submit();\n        }\n    });\n\n    // Set Form focus\n    $(\"form#login .form-group:has(.form-control):first .form-control\").focus();\n});</script><div class=\"errors-container\"></div><form method=\"post\" role=\"form\" id=\"login\" action=\"/admin/login\" class=\"login-form fade-in-effect\"><div class=\"login-header\"><!--a.logo(href=\"dashboard-1.html\")\n    img(src=\"../xenon/assets/images/logo-white-bg@2x.png\",alt=\"\",width=\"80\")\n    span\n        | 登录--><p>亲爱的用户，请登录进入管理员界面</p></div><div class=\"form-group\"><label for=\"username\" class=\"control-label\">用户名</label><input id=\"username\" type=\"text\" name=\"username\" autocomplete=\"off\" class=\"form-control input-dark\"></div><div class=\"form-group\"><label for=\"password\" class=\"control-label\">密码</label><input id=\"password\" type=\"password\" name=\"password\" autocomplete=\"off\" class=\"form-control input-dark\"></div><div class=\"form-group\"><button type=\"submit\" class=\"btn btn-dark btn-block text-left\"><i class=\"fa-lock\"></i>点击登录</button></div><div class=\"login-footer\"><a href=\"#\">忘记密码？</a></div></form></div></div></div><script src=\"/xenon/assets/js/bootstrap.min.js\"></script><script src=\"/xenon/assets/js/TweenMax.min.js\"></script><script src=\"/xenon/assets/js/resizeable.js\"></script><script src=\"/xenon/assets/js/joinable.js\"></script><script src=\"/xenon/assets/js/xenon-api.js\"></script><script src=\"/xenon/assets/js/xenon-toggles.js\"></script><script src=\"/xenon/assets/js/jquery-validate/jquery.validate.min.js\"></script><script src=\"/xenon/assets/js/toastr/toastr.min.js\"></script><script src=\"/xenon/assets/js/xenon-custom.js\"></script></body></html>"
*************** response log end ***************

[2017-06-19 09:33:24.905] [INFO] resLogger - 
*************** response log start ***************
request method: GET
request originalUrl:  /favicon.ico
request client ip:  ::1
request query:  {}
response time: 9
response status: 302
response body: 
"Redirecting to <a href=\"/admin\">/admin</a>."
*************** response log end ***************

[2017-06-19 09:33:25.528] [INFO] resLogger - 
*************** response log start ***************
request method: GET
request originalUrl:  /admin
request client ip:  ::1
request query:  {}
response time: 599
response status: 200
response body: 
"<!DOCTYPE html><html><head><title>登录</title><meta charset=\"utf-8\"><meta http-equiv=\"X-UA-Compatible\" content=\"IE=edge\"><meta name=\"viewport\" content=\"width=device-width, initial-scale=1.0, maximum-scale=1.0, user-scalable=0\"><link rel=\"stylesheet\" href=\"/xenon/assets/css/fonts/linecons/css/linecons.css\"><link rel=\"stylesheet\" href=\"/xenon/assets/css/fonts/fontawesome/css/font-awesome.min.css\"><link rel=\"stylesheet\" href=\"/xenon/assets/css/bootstrap.css\"><link rel=\"stylesheet\" href=\"/xenon/assets/css/xenon-core.css\"><link rel=\"stylesheet\" href=\"/xenon/assets/css/xenon-forms.css\"><link rel=\"stylesheet\" href=\"/xenon/assets/css/xenon-components.css\"><link rel=\"stylesheet\" href=\"/xenon/assets/css/xenon-skins.css\"><link rel=\"stylesheet\" href=\"/xenon/assets/css/custom.css\"><script src=\"/xenon/assets/js/jquery-1.11.1.min.js\"></script><!-- if lt IE 9script(src=\"https://oss.maxcdn.com/html5shiv/3.7.2/html5shiv.min.js\")\nscript(src=\"https://oss.maxcdn.com/respond/1.4.2/respond.min.js\")\n--></head><body class=\"page-body login-page\"><div class=\"login-container\"><div class=\"row\"><div class=\"col-sm-6\"><script>jQuery(document).ready(function ($) {\n    // Reveal Login form\n    setTimeout(function () {\n        $(\".fade-in-effect\").addClass('in');\n    }, 1);\n\n\n    // Validation and Ajax action\n    $(\"form#login\").validate({\n        rules: {\n            username: {\n                required: true\n            },\n\n            password: {\n                required: true\n            }\n        },\n\n        messages: {\n            username: {\n                required: '请输入用户名'\n            },\n\n            password: {\n                required: '请输入密码'\n            }\n        },\n\n        // Form Processing via AJAX\n        submitHandler: function (form) {\n            show_loading_bar(70); // Fill progress bar to 70% (just a given value)\n\n            var opts = {\n                \"closeButton\": true,\n                \"debug\": false,\n                \"positionClass\": \"toast-top-full-width\",\n                \"onclick\": null,\n                \"showDuration\": \"300\",\n                \"hideDuration\": \"1000\",\n                \"timeOut\": \"5000\",\n                \"extendedTimeOut\": \"1000\",\n                \"showEasing\": \"swing\",\n                \"hideEasing\": \"linear\",\n                \"showMethod\": \"fadeIn\",\n                \"hideMethod\": \"fadeOut\"\n            };\n            //alert(123);\n            form.submit();\n        }\n    });\n\n    // Set Form focus\n    $(\"form#login .form-group:has(.form-control):first .form-control\").focus();\n});</script><div class=\"errors-container\"></div><form method=\"post\" role=\"form\" id=\"login\" action=\"/admin/login\" class=\"login-form fade-in-effect\"><div class=\"login-header\"><!--a.logo(href=\"dashboard-1.html\")\n    img(src=\"../xenon/assets/images/logo-white-bg@2x.png\",alt=\"\",width=\"80\")\n    span\n        | 登录--><p>亲爱的用户，请登录进入管理员界面</p></div><div class=\"form-group\"><label for=\"username\" class=\"control-label\">用户名</label><input id=\"username\" type=\"text\" name=\"username\" autocomplete=\"off\" class=\"form-control input-dark\"></div><div class=\"form-group\"><label for=\"password\" class=\"control-label\">密码</label><input id=\"password\" type=\"password\" name=\"password\" autocomplete=\"off\" class=\"form-control input-dark\"></div><div class=\"form-group\"><button type=\"submit\" class=\"btn btn-dark btn-block text-left\"><i class=\"fa-lock\"></i>点击登录</button></div><div class=\"login-footer\"><a href=\"#\">忘记密码？</a></div></form></div></div></div><script src=\"/xenon/assets/js/bootstrap.min.js\"></script><script src=\"/xenon/assets/js/TweenMax.min.js\"></script><script src=\"/xenon/assets/js/resizeable.js\"></script><script src=\"/xenon/assets/js/joinable.js\"></script><script src=\"/xenon/assets/js/xenon-api.js\"></script><script src=\"/xenon/assets/js/xenon-toggles.js\"></script><script src=\"/xenon/assets/js/jquery-validate/jquery.validate.min.js\"></script><script src=\"/xenon/assets/js/toastr/toastr.min.js\"></script><script src=\"/xenon/assets/js/xenon-custom.js\"></script></body></html>"
*************** response log end ***************

[2017-06-19 09:34:42.584] [INFO] resLogger - 
*************** response log start ***************
request method: GET
request originalUrl:  /favicon.ico
request client ip:  ::1
request query:  {}
response time: 7
response status: 302
response body: 
"Redirecting to <a href=\"/admin\">/admin</a>."
*************** response log end ***************

[2017-06-19 09:34:43.159] [INFO] resLogger - 
*************** response log start ***************
request method: GET
request originalUrl:  /admin
request client ip:  ::1
request query:  {}
response time: 570
response status: 200
response body: 
"<!DOCTYPE html><html><head><title>登录</title><meta charset=\"utf-8\"><meta http-equiv=\"X-UA-Compatible\" content=\"IE=edge\"><meta name=\"viewport\" content=\"width=device-width, initial-scale=1.0, maximum-scale=1.0, user-scalable=0\"><link rel=\"stylesheet\" href=\"/xenon/assets/css/fonts/linecons/css/linecons.css\"><link rel=\"stylesheet\" href=\"/xenon/assets/css/fonts/fontawesome/css/font-awesome.min.css\"><link rel=\"stylesheet\" href=\"/xenon/assets/css/bootstrap.css\"><link rel=\"stylesheet\" href=\"/xenon/assets/css/xenon-core.css\"><link rel=\"stylesheet\" href=\"/xenon/assets/css/xenon-forms.css\"><link rel=\"stylesheet\" href=\"/xenon/assets/css/xenon-components.css\"><link rel=\"stylesheet\" href=\"/xenon/assets/css/xenon-skins.css\"><link rel=\"stylesheet\" href=\"/xenon/assets/css/custom.css\"><script src=\"/xenon/assets/js/jquery-1.11.1.min.js\"></script><!-- if lt IE 9script(src=\"https://oss.maxcdn.com/html5shiv/3.7.2/html5shiv.min.js\")\nscript(src=\"https://oss.maxcdn.com/respond/1.4.2/respond.min.js\")\n--></head><body class=\"page-body login-page\"><div class=\"login-container\"><div class=\"row\"><div class=\"col-sm-6\"><script>jQuery(document).ready(function ($) {\n    // Reveal Login form\n    setTimeout(function () {\n        $(\".fade-in-effect\").addClass('in');\n    }, 1);\n\n\n    // Validation and Ajax action\n    $(\"form#login\").validate({\n        rules: {\n            username: {\n                required: true\n            },\n\n            password: {\n                required: true\n            }\n        },\n\n        messages: {\n            username: {\n                required: '请输入用户名'\n            },\n\n            password: {\n                required: '请输入密码'\n            }\n        },\n\n        // Form Processing via AJAX\n        submitHandler: function (form) {\n            show_loading_bar(70); // Fill progress bar to 70% (just a given value)\n\n            var opts = {\n                \"closeButton\": true,\n                \"debug\": false,\n                \"positionClass\": \"toast-top-full-width\",\n                \"onclick\": null,\n                \"showDuration\": \"300\",\n                \"hideDuration\": \"1000\",\n                \"timeOut\": \"5000\",\n                \"extendedTimeOut\": \"1000\",\n                \"showEasing\": \"swing\",\n                \"hideEasing\": \"linear\",\n                \"showMethod\": \"fadeIn\",\n                \"hideMethod\": \"fadeOut\"\n            };\n            //alert(123);\n            form.submit();\n        }\n    });\n\n    // Set Form focus\n    $(\"form#login .form-group:has(.form-control):first .form-control\").focus();\n});</script><div class=\"errors-container\"></div><form method=\"post\" role=\"form\" id=\"login\" action=\"/admin/login\" class=\"login-form fade-in-effect\"><div class=\"login-header\"><!--a.logo(href=\"dashboard-1.html\")\n    img(src=\"../xenon/assets/images/logo-white-bg@2x.png\",alt=\"\",width=\"80\")\n    span\n        | 登录--><p>亲爱的用户，请登录进入管理员界面</p></div><div class=\"form-group\"><label for=\"username\" class=\"control-label\">用户名</label><input id=\"username\" type=\"text\" name=\"username\" autocomplete=\"off\" class=\"form-control input-dark\"></div><div class=\"form-group\"><label for=\"password\" class=\"control-label\">密码</label><input id=\"password\" type=\"password\" name=\"password\" autocomplete=\"off\" class=\"form-control input-dark\"></div><div class=\"form-group\"><button type=\"submit\" class=\"btn btn-dark btn-block text-left\"><i class=\"fa-lock\"></i>点击登录</button></div><div class=\"login-footer\"><a href=\"#\">忘记密码？</a></div></form></div></div></div><script src=\"/xenon/assets/js/bootstrap.min.js\"></script><script src=\"/xenon/assets/js/TweenMax.min.js\"></script><script src=\"/xenon/assets/js/resizeable.js\"></script><script src=\"/xenon/assets/js/joinable.js\"></script><script src=\"/xenon/assets/js/xenon-api.js\"></script><script src=\"/xenon/assets/js/xenon-toggles.js\"></script><script src=\"/xenon/assets/js/jquery-validate/jquery.validate.min.js\"></script><script src=\"/xenon/assets/js/toastr/toastr.min.js\"></script><script src=\"/xenon/assets/js/xenon-custom.js\"></script></body></html>"
*************** response log end ***************

[2017-06-19 09:38:26.101] [INFO] resLogger - 
*************** response log start ***************
request method: GET
request originalUrl:  /favicon.ico
request client ip:  ::1
request query:  {}
response time: 5
response status: 302
response body: 
"Redirecting to <a href=\"/admin\">/admin</a>."
*************** response log end ***************

[2017-06-19 09:38:26.678] [INFO] resLogger - 
*************** response log start ***************
request method: GET
request originalUrl:  /admin
request client ip:  ::1
request query:  {}
response time: 572
response status: 200
response body: 
"<!DOCTYPE html><html><head><title>登录</title><meta charset=\"utf-8\"><meta http-equiv=\"X-UA-Compatible\" content=\"IE=edge\"><meta name=\"viewport\" content=\"width=device-width, initial-scale=1.0, maximum-scale=1.0, user-scalable=0\"><link rel=\"stylesheet\" href=\"/xenon/assets/css/fonts/linecons/css/linecons.css\"><link rel=\"stylesheet\" href=\"/xenon/assets/css/fonts/fontawesome/css/font-awesome.min.css\"><link rel=\"stylesheet\" href=\"/xenon/assets/css/bootstrap.css\"><link rel=\"stylesheet\" href=\"/xenon/assets/css/xenon-core.css\"><link rel=\"stylesheet\" href=\"/xenon/assets/css/xenon-forms.css\"><link rel=\"stylesheet\" href=\"/xenon/assets/css/xenon-components.css\"><link rel=\"stylesheet\" href=\"/xenon/assets/css/xenon-skins.css\"><link rel=\"stylesheet\" href=\"/xenon/assets/css/custom.css\"><script src=\"/xenon/assets/js/jquery-1.11.1.min.js\"></script><!-- if lt IE 9script(src=\"https://oss.maxcdn.com/html5shiv/3.7.2/html5shiv.min.js\")\nscript(src=\"https://oss.maxcdn.com/respond/1.4.2/respond.min.js\")\n--></head><body class=\"page-body login-page\"><div class=\"login-container\"><div class=\"row\"><div class=\"col-sm-6\"><script>jQuery(document).ready(function ($) {\n    // Reveal Login form\n    setTimeout(function () {\n        $(\".fade-in-effect\").addClass('in');\n    }, 1);\n\n\n    // Validation and Ajax action\n    $(\"form#login\").validate({\n        rules: {\n            username: {\n                required: true\n            },\n\n            password: {\n                required: true\n            }\n        },\n\n        messages: {\n            username: {\n                required: '请输入用户名'\n            },\n\n            password: {\n                required: '请输入密码'\n            }\n        },\n\n        // Form Processing via AJAX\n        submitHandler: function (form) {\n            show_loading_bar(70); // Fill progress bar to 70% (just a given value)\n\n            var opts = {\n                \"closeButton\": true,\n                \"debug\": false,\n                \"positionClass\": \"toast-top-full-width\",\n                \"onclick\": null,\n                \"showDuration\": \"300\",\n                \"hideDuration\": \"1000\",\n                \"timeOut\": \"5000\",\n                \"extendedTimeOut\": \"1000\",\n                \"showEasing\": \"swing\",\n                \"hideEasing\": \"linear\",\n                \"showMethod\": \"fadeIn\",\n                \"hideMethod\": \"fadeOut\"\n            };\n            //alert(123);\n            form.submit();\n        }\n    });\n\n    // Set Form focus\n    $(\"form#login .form-group:has(.form-control):first .form-control\").focus();\n});</script><div class=\"errors-container\"></div><form method=\"post\" role=\"form\" id=\"login\" action=\"/admin/login\" class=\"login-form fade-in-effect\"><div class=\"login-header\"><!--a.logo(href=\"dashboard-1.html\")\n    img(src=\"../xenon/assets/images/logo-white-bg@2x.png\",alt=\"\",width=\"80\")\n    span\n        | 登录--><p>亲爱的用户，请登录进入管理员界面</p></div><div class=\"form-group\"><label for=\"username\" class=\"control-label\">用户名</label><input id=\"username\" type=\"text\" name=\"username\" autocomplete=\"off\" class=\"form-control input-dark\"></div><div class=\"form-group\"><label for=\"password\" class=\"control-label\">密码</label><input id=\"password\" type=\"password\" name=\"password\" autocomplete=\"off\" class=\"form-control input-dark\"></div><div class=\"form-group\"><button type=\"submit\" class=\"btn btn-dark btn-block text-left\"><i class=\"fa-lock\"></i>点击登录</button></div><div class=\"login-footer\"><a href=\"#\">忘记密码？</a></div></form></div></div></div><script src=\"/xenon/assets/js/bootstrap.min.js\"></script><script src=\"/xenon/assets/js/TweenMax.min.js\"></script><script src=\"/xenon/assets/js/resizeable.js\"></script><script src=\"/xenon/assets/js/joinable.js\"></script><script src=\"/xenon/assets/js/xenon-api.js\"></script><script src=\"/xenon/assets/js/xenon-toggles.js\"></script><script src=\"/xenon/assets/js/jquery-validate/jquery.validate.min.js\"></script><script src=\"/xenon/assets/js/toastr/toastr.min.js\"></script><script src=\"/xenon/assets/js/xenon-custom.js\"></script></body></html>"
*************** response log end ***************

[2017-06-19 09:40:13.635] [INFO] resLogger - 
*************** response log start ***************
request method: GET
request originalUrl:  /favicon.ico
request client ip:  ::1
request query:  {}
response time: 9
response status: 302
response body: 
"Redirecting to <a href=\"/admin\">/admin</a>."
*************** response log end ***************

[2017-06-19 09:40:14.316] [INFO] resLogger - 
*************** response log start ***************
request method: GET
request originalUrl:  /admin
request client ip:  ::1
request query:  {}
response time: 673
response status: 200
response body: 
"<!DOCTYPE html><html><head><title>登录</title><meta charset=\"utf-8\"><meta http-equiv=\"X-UA-Compatible\" content=\"IE=edge\"><meta name=\"viewport\" content=\"width=device-width, initial-scale=1.0, maximum-scale=1.0, user-scalable=0\"><link rel=\"stylesheet\" href=\"/xenon/assets/css/fonts/linecons/css/linecons.css\"><link rel=\"stylesheet\" href=\"/xenon/assets/css/fonts/fontawesome/css/font-awesome.min.css\"><link rel=\"stylesheet\" href=\"/xenon/assets/css/bootstrap.css\"><link rel=\"stylesheet\" href=\"/xenon/assets/css/xenon-core.css\"><link rel=\"stylesheet\" href=\"/xenon/assets/css/xenon-forms.css\"><link rel=\"stylesheet\" href=\"/xenon/assets/css/xenon-components.css\"><link rel=\"stylesheet\" href=\"/xenon/assets/css/xenon-skins.css\"><link rel=\"stylesheet\" href=\"/xenon/assets/css/custom.css\"><script src=\"/xenon/assets/js/jquery-1.11.1.min.js\"></script><!-- if lt IE 9script(src=\"https://oss.maxcdn.com/html5shiv/3.7.2/html5shiv.min.js\")\nscript(src=\"https://oss.maxcdn.com/respond/1.4.2/respond.min.js\")\n--></head><body class=\"page-body login-page\"><div class=\"login-container\"><div class=\"row\"><div class=\"col-sm-6\"><script>jQuery(document).ready(function ($) {\n    // Reveal Login form\n    setTimeout(function () {\n        $(\".fade-in-effect\").addClass('in');\n    }, 1);\n\n\n    // Validation and Ajax action\n    $(\"form#login\").validate({\n        rules: {\n            username: {\n                required: true\n            },\n\n            password: {\n                required: true\n            }\n        },\n\n        messages: {\n            username: {\n                required: '请输入用户名'\n            },\n\n            password: {\n                required: '请输入密码'\n            }\n        },\n\n        // Form Processing via AJAX\n        submitHandler: function (form) {\n            show_loading_bar(70); // Fill progress bar to 70% (just a given value)\n\n            var opts = {\n                \"closeButton\": true,\n                \"debug\": false,\n                \"positionClass\": \"toast-top-full-width\",\n                \"onclick\": null,\n                \"showDuration\": \"300\",\n                \"hideDuration\": \"1000\",\n                \"timeOut\": \"5000\",\n                \"extendedTimeOut\": \"1000\",\n                \"showEasing\": \"swing\",\n                \"hideEasing\": \"linear\",\n                \"showMethod\": \"fadeIn\",\n                \"hideMethod\": \"fadeOut\"\n            };\n            //alert(123);\n            form.submit();\n        }\n    });\n\n    // Set Form focus\n    $(\"form#login .form-group:has(.form-control):first .form-control\").focus();\n});</script><div class=\"errors-container\"></div><form method=\"post\" role=\"form\" id=\"login\" action=\"/admin/login\" class=\"login-form fade-in-effect\"><div class=\"login-header\"><!--a.logo(href=\"dashboard-1.html\")\n    img(src=\"../xenon/assets/images/logo-white-bg@2x.png\",alt=\"\",width=\"80\")\n    span\n        | 登录--><p>亲爱的用户，请登录进入管理员界面</p></div><div class=\"form-group\"><label for=\"username\" class=\"control-label\">用户名</label><input id=\"username\" type=\"text\" name=\"username\" autocomplete=\"off\" class=\"form-control input-dark\"></div><div class=\"form-group\"><label for=\"password\" class=\"control-label\">密码</label><input id=\"password\" type=\"password\" name=\"password\" autocomplete=\"off\" class=\"form-control input-dark\"></div><div class=\"form-group\"><button type=\"submit\" class=\"btn btn-dark btn-block text-left\"><i class=\"fa-lock\"></i>点击登录</button></div><div class=\"login-footer\"><a href=\"#\">忘记密码？</a></div></form></div></div></div><script src=\"/xenon/assets/js/bootstrap.min.js\"></script><script src=\"/xenon/assets/js/TweenMax.min.js\"></script><script src=\"/xenon/assets/js/resizeable.js\"></script><script src=\"/xenon/assets/js/joinable.js\"></script><script src=\"/xenon/assets/js/xenon-api.js\"></script><script src=\"/xenon/assets/js/xenon-toggles.js\"></script><script src=\"/xenon/assets/js/jquery-validate/jquery.validate.min.js\"></script><script src=\"/xenon/assets/js/toastr/toastr.min.js\"></script><script src=\"/xenon/assets/js/xenon-custom.js\"></script></body></html>"
*************** response log end ***************

[2017-06-19 09:42:57.524] [INFO] resLogger - 
*************** response log start ***************
request method: GET
request originalUrl:  /favicon.ico
request client ip:  ::1
request query:  {}
response time: 1
response status: 302
response body: 
"Redirecting to <a href=\"/admin\">/admin</a>."
*************** response log end ***************

[2017-06-19 09:42:57.647] [INFO] resLogger - 
*************** response log start ***************
request method: GET
request originalUrl:  /admin
request client ip:  ::1
request query:  {}
response time: 115
response status: 200
response body: 
"<!DOCTYPE html><html><head><title>登录</title><meta charset=\"utf-8\"><meta http-equiv=\"X-UA-Compatible\" content=\"IE=edge\"><meta name=\"viewport\" content=\"width=device-width, initial-scale=1.0, maximum-scale=1.0, user-scalable=0\"><link rel=\"stylesheet\" href=\"/xenon/assets/css/fonts/linecons/css/linecons.css\"><link rel=\"stylesheet\" href=\"/xenon/assets/css/fonts/fontawesome/css/font-awesome.min.css\"><link rel=\"stylesheet\" href=\"/xenon/assets/css/bootstrap.css\"><link rel=\"stylesheet\" href=\"/xenon/assets/css/xenon-core.css\"><link rel=\"stylesheet\" href=\"/xenon/assets/css/xenon-forms.css\"><link rel=\"stylesheet\" href=\"/xenon/assets/css/xenon-components.css\"><link rel=\"stylesheet\" href=\"/xenon/assets/css/xenon-skins.css\"><link rel=\"stylesheet\" href=\"/xenon/assets/css/custom.css\"><script src=\"/xenon/assets/js/jquery-1.11.1.min.js\"></script><!-- if lt IE 9script(src=\"https://oss.maxcdn.com/html5shiv/3.7.2/html5shiv.min.js\")\nscript(src=\"https://oss.maxcdn.com/respond/1.4.2/respond.min.js\")\n--></head><body class=\"page-body login-page\"><div class=\"login-container\"><div class=\"row\"><div class=\"col-sm-6\"><script>jQuery(document).ready(function ($) {\n    // Reveal Login form\n    setTimeout(function () {\n        $(\".fade-in-effect\").addClass('in');\n    }, 1);\n\n\n    // Validation and Ajax action\n    $(\"form#login\").validate({\n        rules: {\n            username: {\n                required: true\n            },\n\n            password: {\n                required: true\n            }\n        },\n\n        messages: {\n            username: {\n                required: '请输入用户名'\n            },\n\n            password: {\n                required: '请输入密码'\n            }\n        },\n\n        // Form Processing via AJAX\n        submitHandler: function (form) {\n            show_loading_bar(70); // Fill progress bar to 70% (just a given value)\n\n            var opts = {\n                \"closeButton\": true,\n                \"debug\": false,\n                \"positionClass\": \"toast-top-full-width\",\n                \"onclick\": null,\n                \"showDuration\": \"300\",\n                \"hideDuration\": \"1000\",\n                \"timeOut\": \"5000\",\n                \"extendedTimeOut\": \"1000\",\n                \"showEasing\": \"swing\",\n                \"hideEasing\": \"linear\",\n                \"showMethod\": \"fadeIn\",\n                \"hideMethod\": \"fadeOut\"\n            };\n            //alert(123);\n            form.submit();\n        }\n    });\n\n    // Set Form focus\n    $(\"form#login .form-group:has(.form-control):first .form-control\").focus();\n});</script><div class=\"errors-container\"></div><form method=\"post\" role=\"form\" id=\"login\" action=\"/admin/login\" class=\"login-form fade-in-effect\"><div class=\"login-header\"><!--a.logo(href=\"dashboard-1.html\")\n    img(src=\"../xenon/assets/images/logo-white-bg@2x.png\",alt=\"\",width=\"80\")\n    span\n        | 登录--><p>亲爱的用户，请登录进入管理员界面</p></div><div class=\"form-group\"><label for=\"username\" class=\"control-label\">用户名</label><input id=\"username\" type=\"text\" name=\"username\" autocomplete=\"off\" class=\"form-control input-dark\"></div><div class=\"form-group\"><label for=\"password\" class=\"control-label\">密码</label><input id=\"password\" type=\"password\" name=\"password\" autocomplete=\"off\" class=\"form-control input-dark\"></div><div class=\"form-group\"><button type=\"submit\" class=\"btn btn-dark btn-block text-left\"><i class=\"fa-lock\"></i>点击登录</button></div><div class=\"login-footer\"><a href=\"#\">忘记密码？</a></div></form></div></div></div><script src=\"/xenon/assets/js/bootstrap.min.js\"></script><script src=\"/xenon/assets/js/TweenMax.min.js\"></script><script src=\"/xenon/assets/js/resizeable.js\"></script><script src=\"/xenon/assets/js/joinable.js\"></script><script src=\"/xenon/assets/js/xenon-api.js\"></script><script src=\"/xenon/assets/js/xenon-toggles.js\"></script><script src=\"/xenon/assets/js/jquery-validate/jquery.validate.min.js\"></script><script src=\"/xenon/assets/js/toastr/toastr.min.js\"></script><script src=\"/xenon/assets/js/xenon-custom.js\"></script></body></html>"
*************** response log end ***************

[2017-06-19 09:43:04.478] [INFO] resLogger - 
*************** response log start ***************
request method: GET
request originalUrl:  /favicon.ico
request client ip:  ::1
request query:  {}
response time: 2
response status: 302
response body: 
"Redirecting to <a href=\"/admin\">/admin</a>."
*************** response log end ***************

[2017-06-19 09:43:04.674] [INFO] resLogger - 
*************** response log start ***************
request method: GET
request originalUrl:  /admin
request client ip:  ::1
request query:  {}
response time: 188
response status: 200
response body: 
"<!DOCTYPE html><html><head><title>登录</title><meta charset=\"utf-8\"><meta http-equiv=\"X-UA-Compatible\" content=\"IE=edge\"><meta name=\"viewport\" content=\"width=device-width, initial-scale=1.0, maximum-scale=1.0, user-scalable=0\"><link rel=\"stylesheet\" href=\"/xenon/assets/css/fonts/linecons/css/linecons.css\"><link rel=\"stylesheet\" href=\"/xenon/assets/css/fonts/fontawesome/css/font-awesome.min.css\"><link rel=\"stylesheet\" href=\"/xenon/assets/css/bootstrap.css\"><link rel=\"stylesheet\" href=\"/xenon/assets/css/xenon-core.css\"><link rel=\"stylesheet\" href=\"/xenon/assets/css/xenon-forms.css\"><link rel=\"stylesheet\" href=\"/xenon/assets/css/xenon-components.css\"><link rel=\"stylesheet\" href=\"/xenon/assets/css/xenon-skins.css\"><link rel=\"stylesheet\" href=\"/xenon/assets/css/custom.css\"><script src=\"/xenon/assets/js/jquery-1.11.1.min.js\"></script><!-- if lt IE 9script(src=\"https://oss.maxcdn.com/html5shiv/3.7.2/html5shiv.min.js\")\nscript(src=\"https://oss.maxcdn.com/respond/1.4.2/respond.min.js\")\n--></head><body class=\"page-body login-page\"><div class=\"login-container\"><div class=\"row\"><div class=\"col-sm-6\"><script>jQuery(document).ready(function ($) {\n    // Reveal Login form\n    setTimeout(function () {\n        $(\".fade-in-effect\").addClass('in');\n    }, 1);\n\n\n    // Validation and Ajax action\n    $(\"form#login\").validate({\n        rules: {\n            username: {\n                required: true\n            },\n\n            password: {\n                required: true\n            }\n        },\n\n        messages: {\n            username: {\n                required: '请输入用户名'\n            },\n\n            password: {\n                required: '请输入密码'\n            }\n        },\n\n        // Form Processing via AJAX\n        submitHandler: function (form) {\n            show_loading_bar(70); // Fill progress bar to 70% (just a given value)\n\n            var opts = {\n                \"closeButton\": true,\n                \"debug\": false,\n                \"positionClass\": \"toast-top-full-width\",\n                \"onclick\": null,\n                \"showDuration\": \"300\",\n                \"hideDuration\": \"1000\",\n                \"timeOut\": \"5000\",\n                \"extendedTimeOut\": \"1000\",\n                \"showEasing\": \"swing\",\n                \"hideEasing\": \"linear\",\n                \"showMethod\": \"fadeIn\",\n                \"hideMethod\": \"fadeOut\"\n            };\n            //alert(123);\n            form.submit();\n        }\n    });\n\n    // Set Form focus\n    $(\"form#login .form-group:has(.form-control):first .form-control\").focus();\n});</script><div class=\"errors-container\"></div><form method=\"post\" role=\"form\" id=\"login\" action=\"/admin/login\" class=\"login-form fade-in-effect\"><div class=\"login-header\"><!--a.logo(href=\"dashboard-1.html\")\n    img(src=\"../xenon/assets/images/logo-white-bg@2x.png\",alt=\"\",width=\"80\")\n    span\n        | 登录--><p>亲爱的用户，请登录进入管理员界面</p></div><div class=\"form-group\"><label for=\"username\" class=\"control-label\">用户名</label><input id=\"username\" type=\"text\" name=\"username\" autocomplete=\"off\" class=\"form-control input-dark\"></div><div class=\"form-group\"><label for=\"password\" class=\"control-label\">密码</label><input id=\"password\" type=\"password\" name=\"password\" autocomplete=\"off\" class=\"form-control input-dark\"></div><div class=\"form-group\"><button type=\"submit\" class=\"btn btn-dark btn-block text-left\"><i class=\"fa-lock\"></i>点击登录</button></div><div class=\"login-footer\"><a href=\"#\">忘记密码？</a></div></form></div></div></div><script src=\"/xenon/assets/js/bootstrap.min.js\"></script><script src=\"/xenon/assets/js/TweenMax.min.js\"></script><script src=\"/xenon/assets/js/resizeable.js\"></script><script src=\"/xenon/assets/js/joinable.js\"></script><script src=\"/xenon/assets/js/xenon-api.js\"></script><script src=\"/xenon/assets/js/xenon-toggles.js\"></script><script src=\"/xenon/assets/js/jquery-validate/jquery.validate.min.js\"></script><script src=\"/xenon/assets/js/toastr/toastr.min.js\"></script><script src=\"/xenon/assets/js/xenon-custom.js\"></script></body></html>"
*************** response log end ***************

[2017-06-19 09:43:19.874] [INFO] resLogger - 
*************** response log start ***************
request method: GET
request originalUrl:  /favicon.ico
request client ip:  ::1
request query:  {}
response time: 14
response status: 302
response body: 
"Redirecting to <a href=\"/admin\">/admin</a>."
*************** response log end ***************

[2017-06-19 09:43:20.460] [INFO] resLogger - 
*************** response log start ***************
request method: GET
request originalUrl:  /admin
request client ip:  ::1
request query:  {}
response time: 580
response status: 200
response body: 
"<!DOCTYPE html><html><head><title>登录</title><meta charset=\"utf-8\"><meta http-equiv=\"X-UA-Compatible\" content=\"IE=edge\"><meta name=\"viewport\" content=\"width=device-width, initial-scale=1.0, maximum-scale=1.0, user-scalable=0\"><link rel=\"stylesheet\" href=\"/xenon/assets/css/fonts/linecons/css/linecons.css\"><link rel=\"stylesheet\" href=\"/xenon/assets/css/fonts/fontawesome/css/font-awesome.min.css\"><link rel=\"stylesheet\" href=\"/xenon/assets/css/bootstrap.css\"><link rel=\"stylesheet\" href=\"/xenon/assets/css/xenon-core.css\"><link rel=\"stylesheet\" href=\"/xenon/assets/css/xenon-forms.css\"><link rel=\"stylesheet\" href=\"/xenon/assets/css/xenon-components.css\"><link rel=\"stylesheet\" href=\"/xenon/assets/css/xenon-skins.css\"><link rel=\"stylesheet\" href=\"/xenon/assets/css/custom.css\"><script src=\"/xenon/assets/js/jquery-1.11.1.min.js\"></script><!-- if lt IE 9script(src=\"https://oss.maxcdn.com/html5shiv/3.7.2/html5shiv.min.js\")\nscript(src=\"https://oss.maxcdn.com/respond/1.4.2/respond.min.js\")\n--></head><body class=\"page-body login-page\"><div class=\"login-container\"><div class=\"row\"><div class=\"col-sm-6\"><script>jQuery(document).ready(function ($) {\n    // Reveal Login form\n    setTimeout(function () {\n        $(\".fade-in-effect\").addClass('in');\n    }, 1);\n\n\n    // Validation and Ajax action\n    $(\"form#login\").validate({\n        rules: {\n            username: {\n                required: true\n            },\n\n            password: {\n                required: true\n            }\n        },\n\n        messages: {\n            username: {\n                required: '请输入用户名'\n            },\n\n            password: {\n                required: '请输入密码'\n            }\n        },\n\n        // Form Processing via AJAX\n        submitHandler: function (form) {\n            show_loading_bar(70); // Fill progress bar to 70% (just a given value)\n\n            var opts = {\n                \"closeButton\": true,\n                \"debug\": false,\n                \"positionClass\": \"toast-top-full-width\",\n                \"onclick\": null,\n                \"showDuration\": \"300\",\n                \"hideDuration\": \"1000\",\n                \"timeOut\": \"5000\",\n                \"extendedTimeOut\": \"1000\",\n                \"showEasing\": \"swing\",\n                \"hideEasing\": \"linear\",\n                \"showMethod\": \"fadeIn\",\n                \"hideMethod\": \"fadeOut\"\n            };\n            //alert(123);\n            form.submit();\n        }\n    });\n\n    // Set Form focus\n    $(\"form#login .form-group:has(.form-control):first .form-control\").focus();\n});</script><div class=\"errors-container\"></div><form method=\"post\" role=\"form\" id=\"login\" action=\"/admin/login\" class=\"login-form fade-in-effect\"><div class=\"login-header\"><!--a.logo(href=\"dashboard-1.html\")\n    img(src=\"../xenon/assets/images/logo-white-bg@2x.png\",alt=\"\",width=\"80\")\n    span\n        | 登录--><p>亲爱的用户，请登录进入管理员界面</p></div><div class=\"form-group\"><label for=\"username\" class=\"control-label\">用户名</label><input id=\"username\" type=\"text\" name=\"username\" autocomplete=\"off\" class=\"form-control input-dark\"></div><div class=\"form-group\"><label for=\"password\" class=\"control-label\">密码</label><input id=\"password\" type=\"password\" name=\"password\" autocomplete=\"off\" class=\"form-control input-dark\"></div><div class=\"form-group\"><button type=\"submit\" class=\"btn btn-dark btn-block text-left\"><i class=\"fa-lock\"></i>点击登录</button></div><div class=\"login-footer\"><a href=\"#\">忘记密码？</a></div></form></div></div></div><script src=\"/xenon/assets/js/bootstrap.min.js\"></script><script src=\"/xenon/assets/js/TweenMax.min.js\"></script><script src=\"/xenon/assets/js/resizeable.js\"></script><script src=\"/xenon/assets/js/joinable.js\"></script><script src=\"/xenon/assets/js/xenon-api.js\"></script><script src=\"/xenon/assets/js/xenon-toggles.js\"></script><script src=\"/xenon/assets/js/jquery-validate/jquery.validate.min.js\"></script><script src=\"/xenon/assets/js/toastr/toastr.min.js\"></script><script src=\"/xenon/assets/js/xenon-custom.js\"></script></body></html>"
*************** response log end ***************

[2017-06-19 09:57:49.708] [INFO] resLogger - 
*************** response log start ***************
request method: GET
request originalUrl:  /api/user/login/liumeng/123456
request client ip:  ::1
request query:  {}
response time: 349
response status: 200
response body: 
{"code":0,"message":"success","data":{"error":{"name":"SequelizeDatabaseError","message":"ER_NO_SUCH_TABLE: Table 'lg.users' doesn't exist","parent":{"code":"ER_NO_SUCH_TABLE","errno":1146,"sqlState":"42S02","index":0,"sql":"SELECT `name`, `email`, `password`, `gender`, `id`, `createdAt`, `updatedAt`, `version` FROM `users` AS `users` WHERE `users`.`name` = 'liumeng';"},"original":{"code":"ER_NO_SUCH_TABLE","errno":1146,"sqlState":"42S02","index":0,"sql":"SELECT `name`, `email`, `password`, `gender`, `id`, `createdAt`, `updatedAt`, `version` FROM `users` AS `users` WHERE `users`.`name` = 'liumeng';"},"sql":"SELECT `name`, `email`, `password`, `gender`, `id`, `createdAt`, `updatedAt`, `version` FROM `users` AS `users` WHERE `users`.`name` = 'liumeng';","status":500}}}
*************** response log end ***************

[2017-06-19 09:57:49.745] [INFO] resLogger - 
*************** response log start ***************
request method: GET
request originalUrl:  /favicon.ico
request client ip:  ::1
request query:  {}
response time: 6
response status: 302
response body: 
"Redirecting to <a href=\"/admin\">/admin</a>."
*************** response log end ***************

[2017-06-19 09:57:50.358] [INFO] resLogger - 
*************** response log start ***************
request method: GET
request originalUrl:  /admin
request client ip:  ::1
request query:  {}
response time: 609
response status: 200
response body: 
"<!DOCTYPE html><html><head><title>登录</title><meta charset=\"utf-8\"><meta http-equiv=\"X-UA-Compatible\" content=\"IE=edge\"><meta name=\"viewport\" content=\"width=device-width, initial-scale=1.0, maximum-scale=1.0, user-scalable=0\"><link rel=\"stylesheet\" href=\"/xenon/assets/css/fonts/linecons/css/linecons.css\"><link rel=\"stylesheet\" href=\"/xenon/assets/css/fonts/fontawesome/css/font-awesome.min.css\"><link rel=\"stylesheet\" href=\"/xenon/assets/css/bootstrap.css\"><link rel=\"stylesheet\" href=\"/xenon/assets/css/xenon-core.css\"><link rel=\"stylesheet\" href=\"/xenon/assets/css/xenon-forms.css\"><link rel=\"stylesheet\" href=\"/xenon/assets/css/xenon-components.css\"><link rel=\"stylesheet\" href=\"/xenon/assets/css/xenon-skins.css\"><link rel=\"stylesheet\" href=\"/xenon/assets/css/custom.css\"><script src=\"/xenon/assets/js/jquery-1.11.1.min.js\"></script><!-- if lt IE 9script(src=\"https://oss.maxcdn.com/html5shiv/3.7.2/html5shiv.min.js\")\nscript(src=\"https://oss.maxcdn.com/respond/1.4.2/respond.min.js\")\n--></head><body class=\"page-body login-page\"><div class=\"login-container\"><div class=\"row\"><div class=\"col-sm-6\"><script>jQuery(document).ready(function ($) {\n    // Reveal Login form\n    setTimeout(function () {\n        $(\".fade-in-effect\").addClass('in');\n    }, 1);\n\n\n    // Validation and Ajax action\n    $(\"form#login\").validate({\n        rules: {\n            username: {\n                required: true\n            },\n\n            password: {\n                required: true\n            }\n        },\n\n        messages: {\n            username: {\n                required: '请输入用户名'\n            },\n\n            password: {\n                required: '请输入密码'\n            }\n        },\n\n        // Form Processing via AJAX\n        submitHandler: function (form) {\n            show_loading_bar(70); // Fill progress bar to 70% (just a given value)\n\n            var opts = {\n                \"closeButton\": true,\n                \"debug\": false,\n                \"positionClass\": \"toast-top-full-width\",\n                \"onclick\": null,\n                \"showDuration\": \"300\",\n                \"hideDuration\": \"1000\",\n                \"timeOut\": \"5000\",\n                \"extendedTimeOut\": \"1000\",\n                \"showEasing\": \"swing\",\n                \"hideEasing\": \"linear\",\n                \"showMethod\": \"fadeIn\",\n                \"hideMethod\": \"fadeOut\"\n            };\n            //alert(123);\n            form.submit();\n        }\n    });\n\n    // Set Form focus\n    $(\"form#login .form-group:has(.form-control):first .form-control\").focus();\n});</script><div class=\"errors-container\"></div><form method=\"post\" role=\"form\" id=\"login\" action=\"/admin/login\" class=\"login-form fade-in-effect\"><div class=\"login-header\"><!--a.logo(href=\"dashboard-1.html\")\n    img(src=\"../xenon/assets/images/logo-white-bg@2x.png\",alt=\"\",width=\"80\")\n    span\n        | 登录--><p>亲爱的用户，请登录进入管理员界面</p></div><div class=\"form-group\"><label for=\"username\" class=\"control-label\">用户名</label><input id=\"username\" type=\"text\" name=\"username\" autocomplete=\"off\" class=\"form-control input-dark\"></div><div class=\"form-group\"><label for=\"password\" class=\"control-label\">密码</label><input id=\"password\" type=\"password\" name=\"password\" autocomplete=\"off\" class=\"form-control input-dark\"></div><div class=\"form-group\"><button type=\"submit\" class=\"btn btn-dark btn-block text-left\"><i class=\"fa-lock\"></i>点击登录</button></div><div class=\"login-footer\"><a href=\"#\">忘记密码？</a></div></form></div></div></div><script src=\"/xenon/assets/js/bootstrap.min.js\"></script><script src=\"/xenon/assets/js/TweenMax.min.js\"></script><script src=\"/xenon/assets/js/resizeable.js\"></script><script src=\"/xenon/assets/js/joinable.js\"></script><script src=\"/xenon/assets/js/xenon-api.js\"></script><script src=\"/xenon/assets/js/xenon-toggles.js\"></script><script src=\"/xenon/assets/js/jquery-validate/jquery.validate.min.js\"></script><script src=\"/xenon/assets/js/toastr/toastr.min.js\"></script><script src=\"/xenon/assets/js/xenon-custom.js\"></script></body></html>"
*************** response log end ***************

