[2018-05-04 15:49:57.029] [INFO] resLogger - 
*************** response log start ***************
request method: GET
request originalUrl:  /api/operation/list_month/time/1514736000000?token=eyJhbGciOiJIUzI1NiIsInR5cCI6IkpXVCJ9.eyJkYXRhIjp7ImlkIjoiMDU3MjBlNmUtZWJlMy00MDM2LWI1NzUtZmYxZmEwYzZjYjM4IiwibmFtZSI6ImFkbWluIiwiZ2VuZGVyIjp0cnVlLCJlbWFpbCI6IjM3ODMzODYyN0BxcS5jb20ifSwiaWF0IjoxNTI1NDE2MTQ5LCJleHAiOjE1MjU1MDI1NDl9.tp5hlPfYmTZQgGONDj7Xe2AVRSPLfs5KXOJR0a1BOCQ
request client ip:  ::ffff:127.0.0.1
request query:  {"token":"eyJhbGciOiJIUzI1NiIsInR5cCI6IkpXVCJ9.eyJkYXRhIjp7ImlkIjoiMDU3MjBlNmUtZWJlMy00MDM2LWI1NzUtZmYxZmEwYzZjYjM4IiwibmFtZSI6ImFkbWluIiwiZ2VuZGVyIjp0cnVlLCJlbWFpbCI6IjM3ODMzODYyN0BxcS5jb20ifSwiaWF0IjoxNTI1NDE2MTQ5LCJleHAiOjE1MjU1MDI1NDl9.tp5hlPfYmTZQgGONDj7Xe2AVRSPLfs5KXOJR0a1BOCQ"}
response time: 47
response status: 200
response body: 
{"status":0,"data":[{"days":"20180101","count":0,"monthname":"1号"},{"days":"20180102","count":1,"monthname":"2号"},{"days":"20180103","count":5,"monthname":"3号"},{"days":"20180104","count":3,"monthname":"4号"},{"days":"20180105","count":1,"monthname":"5号"},{"days":"20180106","count":0,"monthname":"6号"},{"days":"20180107","count":0,"monthname":"7号"},{"days":"20180108","count":5,"monthname":"8号"},{"days":"20180109","count":4,"monthname":"9号"},{"days":"20180110","count":5,"monthname":"10号"},{"days":"20180111","count":5,"monthname":"11号"},{"days":"20180112","count":4,"monthname":"12号"},{"days":"20180113","count":0,"monthname":"13号"},{"days":"20180114","count":0,"monthname":"14号"},{"days":"20180115","count":12,"monthname":"15号"},{"days":"20180116","count":5,"monthname":"16号"},{"days":"20180117","count":5,"monthname":"17号"},{"days":"20180118","count":7,"monthname":"18号"},{"days":"20180119","count":6,"monthname":"19号"},{"days":"20180120","count":0,"monthname":"20号"},{"days":"20180121","count":0,"monthname":"21号"},{"days":"20180122","count":2,"monthname":"22号"},{"days":"20180123","count":1,"monthname":"23号"},{"days":"20180124","count":0,"monthname":"24号"},{"days":"20180125","count":2,"monthname":"25号"},{"days":"20180126","count":2,"monthname":"26号"},{"days":"20180127","count":0,"monthname":"27号"},{"days":"20180128","count":0,"monthname":"28号"},{"days":"20180129","count":11,"monthname":"29号"},{"days":"20180130","count":1,"monthname":"30号"},{"days":"20180131","count":2,"monthname":"31号"}]}
*************** response log end ***************

[2018-05-04 15:49:58.372] [INFO] resLogger - 
*************** response log start ***************
request method: GET
request originalUrl:  /api/operation/list_month/time/1517414400000?token=eyJhbGciOiJIUzI1NiIsInR5cCI6IkpXVCJ9.eyJkYXRhIjp7ImlkIjoiMDU3MjBlNmUtZWJlMy00MDM2LWI1NzUtZmYxZmEwYzZjYjM4IiwibmFtZSI6ImFkbWluIiwiZ2VuZGVyIjp0cnVlLCJlbWFpbCI6IjM3ODMzODYyN0BxcS5jb20ifSwiaWF0IjoxNTI1NDE2MTQ5LCJleHAiOjE1MjU1MDI1NDl9.tp5hlPfYmTZQgGONDj7Xe2AVRSPLfs5KXOJR0a1BOCQ
request client ip:  ::ffff:127.0.0.1
request query:  {"token":"eyJhbGciOiJIUzI1NiIsInR5cCI6IkpXVCJ9.eyJkYXRhIjp7ImlkIjoiMDU3MjBlNmUtZWJlMy00MDM2LWI1NzUtZmYxZmEwYzZjYjM4IiwibmFtZSI6ImFkbWluIiwiZ2VuZGVyIjp0cnVlLCJlbWFpbCI6IjM3ODMzODYyN0BxcS5jb20ifSwiaWF0IjoxNTI1NDE2MTQ5LCJleHAiOjE1MjU1MDI1NDl9.tp5hlPfYmTZQgGONDj7Xe2AVRSPLfs5KXOJR0a1BOCQ"}
response time: 21
response status: 200
response body: 
{"status":0,"data":[{"days":"20180201","count":3,"monthname":"1号"},{"days":"20180202","count":8,"monthname":"2号"},{"days":"20180203","count":0,"monthname":"3号"},{"days":"20180204","count":0,"monthname":"4号"},{"days":"20180205","count":6,"monthname":"5号"},{"days":"20180206","count":4,"monthname":"6号"},{"days":"20180207","count":12,"monthname":"7号"},{"days":"20180208","count":7,"monthname":"8号"},{"days":"20180209","count":3,"monthname":"9号"},{"days":"20180210","count":0,"monthname":"10号"},{"days":"20180211","count":7,"monthname":"11号"},{"days":"20180212","count":3,"monthname":"12号"},{"days":"20180213","count":4,"monthname":"13号"},{"days":"20180214","count":0,"monthname":"14号"},{"days":"20180215","count":0,"monthname":"15号"},{"days":"20180216","count":0,"monthname":"16号"},{"days":"20180217","count":0,"monthname":"17号"},{"days":"20180218","count":0,"monthname":"18号"},{"days":"20180219","count":0,"monthname":"19号"},{"days":"20180220","count":0,"monthname":"20号"},{"days":"20180221","count":0,"monthname":"21号"},{"days":"20180222","count":3,"monthname":"22号"},{"days":"20180223","count":1,"monthname":"23号"},{"days":"20180224","count":1,"monthname":"24号"},{"days":"20180225","count":0,"monthname":"25号"},{"days":"20180226","count":1,"monthname":"26号"},{"days":"20180227","count":4,"monthname":"27号"},{"days":"20180228","count":3,"monthname":"28号"}]}
*************** response log end ***************

[2018-05-04 15:49:59.502] [INFO] resLogger - 
*************** response log start ***************
request method: GET
request originalUrl:  /api/operation/list_month/time/1519833600000?token=eyJhbGciOiJIUzI1NiIsInR5cCI6IkpXVCJ9.eyJkYXRhIjp7ImlkIjoiMDU3MjBlNmUtZWJlMy00MDM2LWI1NzUtZmYxZmEwYzZjYjM4IiwibmFtZSI6ImFkbWluIiwiZ2VuZGVyIjp0cnVlLCJlbWFpbCI6IjM3ODMzODYyN0BxcS5jb20ifSwiaWF0IjoxNTI1NDE2MTQ5LCJleHAiOjE1MjU1MDI1NDl9.tp5hlPfYmTZQgGONDj7Xe2AVRSPLfs5KXOJR0a1BOCQ
request client ip:  ::ffff:127.0.0.1
request query:  {"token":"eyJhbGciOiJIUzI1NiIsInR5cCI6IkpXVCJ9.eyJkYXRhIjp7ImlkIjoiMDU3MjBlNmUtZWJlMy00MDM2LWI1NzUtZmYxZmEwYzZjYjM4IiwibmFtZSI6ImFkbWluIiwiZ2VuZGVyIjp0cnVlLCJlbWFpbCI6IjM3ODMzODYyN0BxcS5jb20ifSwiaWF0IjoxNTI1NDE2MTQ5LCJleHAiOjE1MjU1MDI1NDl9.tp5hlPfYmTZQgGONDj7Xe2AVRSPLfs5KXOJR0a1BOCQ"}
response time: 23
response status: 200
response body: 
{"status":0,"data":[{"days":"20180301","count":2,"monthname":"1号"},{"days":"20180302","count":2,"monthname":"2号"},{"days":"20180303","count":0,"monthname":"3号"},{"days":"20180304","count":0,"monthname":"4号"},{"days":"20180305","count":1,"monthname":"5号"},{"days":"20180306","count":13,"monthname":"6号"},{"days":"20180307","count":3,"monthname":"7号"},{"days":"20180308","count":2,"monthname":"8号"},{"days":"20180309","count":4,"monthname":"9号"},{"days":"20180310","count":0,"monthname":"10号"},{"days":"20180311","count":0,"monthname":"11号"},{"days":"20180312","count":3,"monthname":"12号"},{"days":"20180313","count":2,"monthname":"13号"},{"days":"20180314","count":1,"monthname":"14号"},{"days":"20180315","count":24,"monthname":"15号"},{"days":"20180316","count":19,"monthname":"16号"},{"days":"20180317","count":0,"monthname":"17号"},{"days":"20180318","count":0,"monthname":"18号"},{"days":"20180319","count":13,"monthname":"19号"},{"days":"20180320","count":22,"monthname":"20号"},{"days":"20180321","count":15,"monthname":"21号"},{"days":"20180322","count":7,"monthname":"22号"},{"days":"20180323","count":27,"monthname":"23号"},{"days":"20180324","count":0,"monthname":"24号"},{"days":"20180325","count":0,"monthname":"25号"},{"days":"20180326","count":10,"monthname":"26号"},{"days":"20180327","count":16,"monthname":"27号"},{"days":"20180328","count":3,"monthname":"28号"},{"days":"20180329","count":2,"monthname":"29号"},{"days":"20180330","count":4,"monthname":"30号"},{"days":"20180331","count":0,"monthname":"31号"}]}
*************** response log end ***************

[2018-05-04 15:50:00.796] [INFO] resLogger - 
*************** response log start ***************
request method: GET
request originalUrl:  /api/operation/list_month/time/1522512000000?token=eyJhbGciOiJIUzI1NiIsInR5cCI6IkpXVCJ9.eyJkYXRhIjp7ImlkIjoiMDU3MjBlNmUtZWJlMy00MDM2LWI1NzUtZmYxZmEwYzZjYjM4IiwibmFtZSI6ImFkbWluIiwiZ2VuZGVyIjp0cnVlLCJlbWFpbCI6IjM3ODMzODYyN0BxcS5jb20ifSwiaWF0IjoxNTI1NDE2MTQ5LCJleHAiOjE1MjU1MDI1NDl9.tp5hlPfYmTZQgGONDj7Xe2AVRSPLfs5KXOJR0a1BOCQ
request client ip:  ::ffff:127.0.0.1
request query:  {"token":"eyJhbGciOiJIUzI1NiIsInR5cCI6IkpXVCJ9.eyJkYXRhIjp7ImlkIjoiMDU3MjBlNmUtZWJlMy00MDM2LWI1NzUtZmYxZmEwYzZjYjM4IiwibmFtZSI6ImFkbWluIiwiZ2VuZGVyIjp0cnVlLCJlbWFpbCI6IjM3ODMzODYyN0BxcS5jb20ifSwiaWF0IjoxNTI1NDE2MTQ5LCJleHAiOjE1MjU1MDI1NDl9.tp5hlPfYmTZQgGONDj7Xe2AVRSPLfs5KXOJR0a1BOCQ"}
response time: 20
response status: 200
response body: 
{"status":0,"data":[{"days":"20180401","count":0,"monthname":"1号"},{"days":"20180402","count":23,"monthname":"2号"},{"days":"20180403","count":2,"monthname":"3号"},{"days":"20180404","count":7,"monthname":"4号"},{"days":"20180405","count":0,"monthname":"5号"},{"days":"20180406","count":0,"monthname":"6号"},{"days":"20180407","count":0,"monthname":"7号"},{"days":"20180408","count":3,"monthname":"8号"},{"days":"20180409","count":4,"monthname":"9号"},{"days":"20180410","count":4,"monthname":"10号"},{"days":"20180411","count":4,"monthname":"11号"},{"days":"20180412","count":1,"monthname":"12号"},{"days":"20180413","count":4,"monthname":"13号"},{"days":"20180414","count":0,"monthname":"14号"},{"days":"20180415","count":0,"monthname":"15号"},{"days":"20180416","count":16,"monthname":"16号"},{"days":"20180417","count":10,"monthname":"17号"},{"days":"20180418","count":8,"monthname":"18号"},{"days":"20180419","count":4,"monthname":"19号"},{"days":"20180420","count":4,"monthname":"20号"},{"days":"20180421","count":0,"monthname":"21号"},{"days":"20180422","count":0,"monthname":"22号"},{"days":"20180423","count":9,"monthname":"23号"},{"days":"20180424","count":4,"monthname":"24号"},{"days":"20180425","count":2,"monthname":"25号"},{"days":"20180426","count":20,"monthname":"26号"},{"days":"20180427","count":16,"monthname":"27号"},{"days":"20180428","count":11,"monthname":"28号"},{"days":"20180429","count":0,"monthname":"29号"},{"days":"20180430","count":0,"monthname":"30号"}]}
*************** response log end ***************

[2018-05-04 15:50:02.231] [INFO] resLogger - 
*************** response log start ***************
request method: GET
request originalUrl:  /api/operation/list_month/time/1525104000000?token=eyJhbGciOiJIUzI1NiIsInR5cCI6IkpXVCJ9.eyJkYXRhIjp7ImlkIjoiMDU3MjBlNmUtZWJlMy00MDM2LWI1NzUtZmYxZmEwYzZjYjM4IiwibmFtZSI6ImFkbWluIiwiZ2VuZGVyIjp0cnVlLCJlbWFpbCI6IjM3ODMzODYyN0BxcS5jb20ifSwiaWF0IjoxNTI1NDE2MTQ5LCJleHAiOjE1MjU1MDI1NDl9.tp5hlPfYmTZQgGONDj7Xe2AVRSPLfs5KXOJR0a1BOCQ
request client ip:  ::ffff:127.0.0.1
request query:  {"token":"eyJhbGciOiJIUzI1NiIsInR5cCI6IkpXVCJ9.eyJkYXRhIjp7ImlkIjoiMDU3MjBlNmUtZWJlMy00MDM2LWI1NzUtZmYxZmEwYzZjYjM4IiwibmFtZSI6ImFkbWluIiwiZ2VuZGVyIjp0cnVlLCJlbWFpbCI6IjM3ODMzODYyN0BxcS5jb20ifSwiaWF0IjoxNTI1NDE2MTQ5LCJleHAiOjE1MjU1MDI1NDl9.tp5hlPfYmTZQgGONDj7Xe2AVRSPLfs5KXOJR0a1BOCQ"}
response time: 16
response status: 200
response body: 
{"status":0,"data":[{"days":"20180501","count":0,"monthname":"1号"},{"days":"20180502","count":2,"monthname":"2号"},{"days":"20180503","count":6,"monthname":"3号"},{"days":"20180504","count":0,"monthname":"4号"},{"days":"20180505","count":0,"monthname":"5号"},{"days":"20180506","count":0,"monthname":"6号"},{"days":"20180507","count":0,"monthname":"7号"},{"days":"20180508","count":0,"monthname":"8号"},{"days":"20180509","count":0,"monthname":"9号"},{"days":"20180510","count":0,"monthname":"10号"},{"days":"20180511","count":0,"monthname":"11号"},{"days":"20180512","count":0,"monthname":"12号"},{"days":"20180513","count":0,"monthname":"13号"},{"days":"20180514","count":0,"monthname":"14号"},{"days":"20180515","count":0,"monthname":"15号"},{"days":"20180516","count":0,"monthname":"16号"},{"days":"20180517","count":0,"monthname":"17号"},{"days":"20180518","count":0,"monthname":"18号"},{"days":"20180519","count":0,"monthname":"19号"},{"days":"20180520","count":0,"monthname":"20号"},{"days":"20180521","count":0,"monthname":"21号"},{"days":"20180522","count":0,"monthname":"22号"},{"days":"20180523","count":0,"monthname":"23号"},{"days":"20180524","count":0,"monthname":"24号"},{"days":"20180525","count":0,"monthname":"25号"},{"days":"20180526","count":0,"monthname":"26号"},{"days":"20180527","count":0,"monthname":"27号"},{"days":"20180528","count":0,"monthname":"28号"},{"days":"20180529","count":0,"monthname":"29号"},{"days":"20180530","count":0,"monthname":"30号"},{"days":"20180531","count":0,"monthname":"31号"}]}
*************** response log end ***************

