[2017-09-06 09:23:00.144] [INFO] resLogger - 
*************** response log start ***************
request method: GET
request originalUrl:  /api/user/?token=eyJhbGciOiJIUzI1NiIsInR5cCI6IkpXVCJ9.eyJkYXRhIjp7ImlkIjoiNjg5Zjk1YWEtZWM4Ny00MGMzLTk5ZTMtYWJlOWY1NTk5YTQyIiwibmFtZSI6ImFkbWluIiwiZ2VuZGVyIjp0cnVlLCJlbWFpbCI6IjM3ODMzODYyN0BxcS5jb20ifSwiaWF0IjoxNTA0NTc1NTgxLCJleHAiOjE1MDQ2NjE5ODF9.t4AtjXfckTyHJuK0IqVCAp27qJ2qf9QTiJ8loaxmiwY
request client ip:  ::ffff:127.0.0.1
request query:  {"token":"eyJhbGciOiJIUzI1NiIsInR5cCI6IkpXVCJ9.eyJkYXRhIjp7ImlkIjoiNjg5Zjk1YWEtZWM4Ny00MGMzLTk5ZTMtYWJlOWY1NTk5YTQyIiwibmFtZSI6ImFkbWluIiwiZ2VuZGVyIjp0cnVlLCJlbWFpbCI6IjM3ODMzODYyN0BxcS5jb20ifSwiaWF0IjoxNTA0NTc1NTgxLCJleHAiOjE1MDQ2NjE5ODF9.t4AtjXfckTyHJuK0IqVCAp27qJ2qf9QTiJ8loaxmiwY"}
response time: 404
response status: 200
response body: 
{"name":"userNotExist","status":10001,"message":"用户不存在！"}
*************** response log end ***************

[2017-09-06 09:23:04.917] [INFO] resLogger - 
*************** response log start ***************
request method: OPTIONS
request originalUrl:  /api/user/login
request client ip:  ::ffff:127.0.0.1
request body: 
{}
response time: 1
response status: 204
response body: 
undefined
*************** response log end ***************

[2017-09-06 09:23:05.663] [INFO] resLogger - 
*************** response log start ***************
request method: POST
request originalUrl:  /api/user/login
request client ip:  ::ffff:127.0.0.1
request body: 
{"username":"admin","password":"admin"}
response time: 364
response status: 200
response body: 
{"status":0,"data":{"name":"admin","email":"378338627@qq.com","phone":"15822927208","password":"$2a$10$3b8t0tINy91hvA6CG4/3V.uP0Utgu/UUTUy0PhSNFCIIvbTWJLwZe","gender":true,"token":"eyJhbGciOiJIUzI1NiIsInR5cCI6IkpXVCJ9.eyJkYXRhIjp7ImlkIjoiNDQ2NzBmYjYtNmI1Yi00Zjk5LWEyZmQtYWVjMGU3OGUyZjljIiwibmFtZSI6ImFkbWluIiwiZ2VuZGVyIjp0cnVlLCJlbWFpbCI6IjM3ODMzODYyN0BxcS5jb20ifSwiaWF0IjoxNTA0NjYwOTg1LCJleHAiOjE1MDQ3NDczODV9.H1YTPYVia5tiLYPDP5KX6ACvCJR912Q5tiIEjTLWhcw","canLogin":true,"status":1,"id":"44670fb6-6b5b-4f99-a2fd-aec0e78e2f9c","createdAt":1504660901215,"updatedAt":1504660985520,"version":1},"message":"登录成功！"}
*************** response log end ***************

[2017-09-06 09:23:07.788] [INFO] resLogger - 
*************** response log start ***************
request method: GET
request originalUrl:  /api/user/?token=eyJhbGciOiJIUzI1NiIsInR5cCI6IkpXVCJ9.eyJkYXRhIjp7ImlkIjoiNDQ2NzBmYjYtNmI1Yi00Zjk5LWEyZmQtYWVjMGU3OGUyZjljIiwibmFtZSI6ImFkbWluIiwiZ2VuZGVyIjp0cnVlLCJlbWFpbCI6IjM3ODMzODYyN0BxcS5jb20ifSwiaWF0IjoxNTA0NjYwOTg1LCJleHAiOjE1MDQ3NDczODV9.H1YTPYVia5tiLYPDP5KX6ACvCJR912Q5tiIEjTLWhcw
request client ip:  ::ffff:127.0.0.1
request query:  {"token":"eyJhbGciOiJIUzI1NiIsInR5cCI6IkpXVCJ9.eyJkYXRhIjp7ImlkIjoiNDQ2NzBmYjYtNmI1Yi00Zjk5LWEyZmQtYWVjMGU3OGUyZjljIiwibmFtZSI6ImFkbWluIiwiZ2VuZGVyIjp0cnVlLCJlbWFpbCI6IjM3ODMzODYyN0BxcS5jb20ifSwiaWF0IjoxNTA0NjYwOTg1LCJleHAiOjE1MDQ3NDczODV9.H1YTPYVia5tiLYPDP5KX6ACvCJR912Q5tiIEjTLWhcw"}
response time: 62
response status: 200
response body: 
{"status":0,"data":{"name":"admin","email":"378338627@qq.com","phone":"15822927208","password":"$2a$10$3b8t0tINy91hvA6CG4/3V.uP0Utgu/UUTUy0PhSNFCIIvbTWJLwZe","gender":true,"token":"eyJhbGciOiJIUzI1NiIsInR5cCI6IkpXVCJ9.eyJkYXRhIjp7ImlkIjoiNDQ2NzBmYjYtNmI1Yi00Zjk5LWEyZmQtYWVjMGU3OGUyZjljIiwibmFtZSI6ImFkbWluIiwiZ2VuZGVyIjp0cnVlLCJlbWFpbCI6IjM3ODMzODYyN0BxcS5jb20ifSwiaWF0IjoxNTA0NjYwOTg1LCJleHAiOjE1MDQ3NDczODV9.H1YTPYVia5tiLYPDP5KX6ACvCJR912Q5tiIEjTLWhcw","canLogin":true,"status":1,"id":"44670fb6-6b5b-4f99-a2fd-aec0e78e2f9c","createdAt":1504660901215,"updatedAt":1504660985520,"version":1}}
*************** response log end ***************

[2017-09-06 09:23:09.298] [INFO] resLogger - 
*************** response log start ***************
request method: GET
request originalUrl:  /api/user/?token=eyJhbGciOiJIUzI1NiIsInR5cCI6IkpXVCJ9.eyJkYXRhIjp7ImlkIjoiNDQ2NzBmYjYtNmI1Yi00Zjk5LWEyZmQtYWVjMGU3OGUyZjljIiwibmFtZSI6ImFkbWluIiwiZ2VuZGVyIjp0cnVlLCJlbWFpbCI6IjM3ODMzODYyN0BxcS5jb20ifSwiaWF0IjoxNTA0NjYwOTg1LCJleHAiOjE1MDQ3NDczODV9.H1YTPYVia5tiLYPDP5KX6ACvCJR912Q5tiIEjTLWhcw
request client ip:  ::ffff:127.0.0.1
request query:  {"token":"eyJhbGciOiJIUzI1NiIsInR5cCI6IkpXVCJ9.eyJkYXRhIjp7ImlkIjoiNDQ2NzBmYjYtNmI1Yi00Zjk5LWEyZmQtYWVjMGU3OGUyZjljIiwibmFtZSI6ImFkbWluIiwiZ2VuZGVyIjp0cnVlLCJlbWFpbCI6IjM3ODMzODYyN0BxcS5jb20ifSwiaWF0IjoxNTA0NjYwOTg1LCJleHAiOjE1MDQ3NDczODV9.H1YTPYVia5tiLYPDP5KX6ACvCJR912Q5tiIEjTLWhcw"}
response time: 49
response status: 200
response body: 
{"status":0,"data":{"name":"admin","email":"378338627@qq.com","phone":"15822927208","password":"$2a$10$3b8t0tINy91hvA6CG4/3V.uP0Utgu/UUTUy0PhSNFCIIvbTWJLwZe","gender":true,"token":"eyJhbGciOiJIUzI1NiIsInR5cCI6IkpXVCJ9.eyJkYXRhIjp7ImlkIjoiNDQ2NzBmYjYtNmI1Yi00Zjk5LWEyZmQtYWVjMGU3OGUyZjljIiwibmFtZSI6ImFkbWluIiwiZ2VuZGVyIjp0cnVlLCJlbWFpbCI6IjM3ODMzODYyN0BxcS5jb20ifSwiaWF0IjoxNTA0NjYwOTg1LCJleHAiOjE1MDQ3NDczODV9.H1YTPYVia5tiLYPDP5KX6ACvCJR912Q5tiIEjTLWhcw","canLogin":true,"status":1,"id":"44670fb6-6b5b-4f99-a2fd-aec0e78e2f9c","createdAt":1504660901215,"updatedAt":1504660985520,"version":1}}
*************** response log end ***************

[2017-09-06 09:23:10.305] [INFO] resLogger - 
*************** response log start ***************
request method: GET
request originalUrl:  /api/user/?token=eyJhbGciOiJIUzI1NiIsInR5cCI6IkpXVCJ9.eyJkYXRhIjp7ImlkIjoiNDQ2NzBmYjYtNmI1Yi00Zjk5LWEyZmQtYWVjMGU3OGUyZjljIiwibmFtZSI6ImFkbWluIiwiZ2VuZGVyIjp0cnVlLCJlbWFpbCI6IjM3ODMzODYyN0BxcS5jb20ifSwiaWF0IjoxNTA0NjYwOTg1LCJleHAiOjE1MDQ3NDczODV9.H1YTPYVia5tiLYPDP5KX6ACvCJR912Q5tiIEjTLWhcw
request client ip:  ::ffff:127.0.0.1
request query:  {"token":"eyJhbGciOiJIUzI1NiIsInR5cCI6IkpXVCJ9.eyJkYXRhIjp7ImlkIjoiNDQ2NzBmYjYtNmI1Yi00Zjk5LWEyZmQtYWVjMGU3OGUyZjljIiwibmFtZSI6ImFkbWluIiwiZ2VuZGVyIjp0cnVlLCJlbWFpbCI6IjM3ODMzODYyN0BxcS5jb20ifSwiaWF0IjoxNTA0NjYwOTg1LCJleHAiOjE1MDQ3NDczODV9.H1YTPYVia5tiLYPDP5KX6ACvCJR912Q5tiIEjTLWhcw"}
response time: 52
response status: 200
response body: 
{"status":0,"data":{"name":"admin","email":"378338627@qq.com","phone":"15822927208","password":"$2a$10$3b8t0tINy91hvA6CG4/3V.uP0Utgu/UUTUy0PhSNFCIIvbTWJLwZe","gender":true,"token":"eyJhbGciOiJIUzI1NiIsInR5cCI6IkpXVCJ9.eyJkYXRhIjp7ImlkIjoiNDQ2NzBmYjYtNmI1Yi00Zjk5LWEyZmQtYWVjMGU3OGUyZjljIiwibmFtZSI6ImFkbWluIiwiZ2VuZGVyIjp0cnVlLCJlbWFpbCI6IjM3ODMzODYyN0BxcS5jb20ifSwiaWF0IjoxNTA0NjYwOTg1LCJleHAiOjE1MDQ3NDczODV9.H1YTPYVia5tiLYPDP5KX6ACvCJR912Q5tiIEjTLWhcw","canLogin":true,"status":1,"id":"44670fb6-6b5b-4f99-a2fd-aec0e78e2f9c","createdAt":1504660901215,"updatedAt":1504660985520,"version":1}}
*************** response log end ***************

[2017-09-06 09:23:10.454] [INFO] resLogger - 
*************** response log start ***************
request method: GET
request originalUrl:  /api/groups/list/page/1?token=eyJhbGciOiJIUzI1NiIsInR5cCI6IkpXVCJ9.eyJkYXRhIjp7ImlkIjoiNDQ2NzBmYjYtNmI1Yi00Zjk5LWEyZmQtYWVjMGU3OGUyZjljIiwibmFtZSI6ImFkbWluIiwiZ2VuZGVyIjp0cnVlLCJlbWFpbCI6IjM3ODMzODYyN0BxcS5jb20ifSwiaWF0IjoxNTA0NjYwOTg1LCJleHAiOjE1MDQ3NDczODV9.H1YTPYVia5tiLYPDP5KX6ACvCJR912Q5tiIEjTLWhcw
request client ip:  ::ffff:127.0.0.1
request query:  {"token":"eyJhbGciOiJIUzI1NiIsInR5cCI6IkpXVCJ9.eyJkYXRhIjp7ImlkIjoiNDQ2NzBmYjYtNmI1Yi00Zjk5LWEyZmQtYWVjMGU3OGUyZjljIiwibmFtZSI6ImFkbWluIiwiZ2VuZGVyIjp0cnVlLCJlbWFpbCI6IjM3ODMzODYyN0BxcS5jb20ifSwiaWF0IjoxNTA0NjYwOTg1LCJleHAiOjE1MDQ3NDczODV9.H1YTPYVia5tiLYPDP5KX6ACvCJR912Q5tiIEjTLWhcw"}
response time: 145
response status: 200
response body: 
{"status":0,"data":[{"name":"控股公司","description":"group2","status":1,"id":"ce8e5a6f-a47f-40d9-84c6-192d06fa7376","createdAt":1504660901218,"updatedAt":1504660901218,"version":0},{"name":"管委会","description":"group1","status":1,"id":"b5b31181-d6fb-4659-aca9-77033f149df2","createdAt":1504660901217,"updatedAt":1504660901217,"version":0}],"total":2}
*************** response log end ***************

[2017-09-06 09:23:13.322] [INFO] resLogger - 
*************** response log start ***************
request method: GET
request originalUrl:  /api/groups/ce8e5a6f-a47f-40d9-84c6-192d06fa7376?token=eyJhbGciOiJIUzI1NiIsInR5cCI6IkpXVCJ9.eyJkYXRhIjp7ImlkIjoiNDQ2NzBmYjYtNmI1Yi00Zjk5LWEyZmQtYWVjMGU3OGUyZjljIiwibmFtZSI6ImFkbWluIiwiZ2VuZGVyIjp0cnVlLCJlbWFpbCI6IjM3ODMzODYyN0BxcS5jb20ifSwiaWF0IjoxNTA0NjYwOTg1LCJleHAiOjE1MDQ3NDczODV9.H1YTPYVia5tiLYPDP5KX6ACvCJR912Q5tiIEjTLWhcw
request client ip:  ::ffff:127.0.0.1
request query:  {"token":"eyJhbGciOiJIUzI1NiIsInR5cCI6IkpXVCJ9.eyJkYXRhIjp7ImlkIjoiNDQ2NzBmYjYtNmI1Yi00Zjk5LWEyZmQtYWVjMGU3OGUyZjljIiwibmFtZSI6ImFkbWluIiwiZ2VuZGVyIjp0cnVlLCJlbWFpbCI6IjM3ODMzODYyN0BxcS5jb20ifSwiaWF0IjoxNTA0NjYwOTg1LCJleHAiOjE1MDQ3NDczODV9.H1YTPYVia5tiLYPDP5KX6ACvCJR912Q5tiIEjTLWhcw"}
response time: 78
response status: 200
response body: 
{"status":0,"data":{"name":"控股公司","description":"group2","status":1,"id":"ce8e5a6f-a47f-40d9-84c6-192d06fa7376","createdAt":1504660901218,"updatedAt":1504660901218,"version":0}}
*************** response log end ***************

[2017-09-06 09:23:18.014] [INFO] resLogger - 
*************** response log start ***************
request method: GET
request originalUrl:  /api/groups/list/page/1?token=eyJhbGciOiJIUzI1NiIsInR5cCI6IkpXVCJ9.eyJkYXRhIjp7ImlkIjoiNDQ2NzBmYjYtNmI1Yi00Zjk5LWEyZmQtYWVjMGU3OGUyZjljIiwibmFtZSI6ImFkbWluIiwiZ2VuZGVyIjp0cnVlLCJlbWFpbCI6IjM3ODMzODYyN0BxcS5jb20ifSwiaWF0IjoxNTA0NjYwOTg1LCJleHAiOjE1MDQ3NDczODV9.H1YTPYVia5tiLYPDP5KX6ACvCJR912Q5tiIEjTLWhcw
request client ip:  ::ffff:127.0.0.1
request query:  {"token":"eyJhbGciOiJIUzI1NiIsInR5cCI6IkpXVCJ9.eyJkYXRhIjp7ImlkIjoiNDQ2NzBmYjYtNmI1Yi00Zjk5LWEyZmQtYWVjMGU3OGUyZjljIiwibmFtZSI6ImFkbWluIiwiZ2VuZGVyIjp0cnVlLCJlbWFpbCI6IjM3ODMzODYyN0BxcS5jb20ifSwiaWF0IjoxNTA0NjYwOTg1LCJleHAiOjE1MDQ3NDczODV9.H1YTPYVia5tiLYPDP5KX6ACvCJR912Q5tiIEjTLWhcw"}
response time: 129
response status: 200
response body: 
{"status":0,"data":[{"name":"控股公司","description":"group2","status":1,"id":"ce8e5a6f-a47f-40d9-84c6-192d06fa7376","createdAt":1504660901218,"updatedAt":1504660901218,"version":0},{"name":"管委会","description":"group1","status":1,"id":"b5b31181-d6fb-4659-aca9-77033f149df2","createdAt":1504660901217,"updatedAt":1504660901217,"version":0}],"total":2}
*************** response log end ***************

[2017-09-06 09:23:23.923] [INFO] resLogger - 
*************** response log start ***************
request method: GET
request originalUrl:  /api/groups/b5b31181-d6fb-4659-aca9-77033f149df2?token=eyJhbGciOiJIUzI1NiIsInR5cCI6IkpXVCJ9.eyJkYXRhIjp7ImlkIjoiNDQ2NzBmYjYtNmI1Yi00Zjk5LWEyZmQtYWVjMGU3OGUyZjljIiwibmFtZSI6ImFkbWluIiwiZ2VuZGVyIjp0cnVlLCJlbWFpbCI6IjM3ODMzODYyN0BxcS5jb20ifSwiaWF0IjoxNTA0NjYwOTg1LCJleHAiOjE1MDQ3NDczODV9.H1YTPYVia5tiLYPDP5KX6ACvCJR912Q5tiIEjTLWhcw
request client ip:  ::ffff:127.0.0.1
request query:  {"token":"eyJhbGciOiJIUzI1NiIsInR5cCI6IkpXVCJ9.eyJkYXRhIjp7ImlkIjoiNDQ2NzBmYjYtNmI1Yi00Zjk5LWEyZmQtYWVjMGU3OGUyZjljIiwibmFtZSI6ImFkbWluIiwiZ2VuZGVyIjp0cnVlLCJlbWFpbCI6IjM3ODMzODYyN0BxcS5jb20ifSwiaWF0IjoxNTA0NjYwOTg1LCJleHAiOjE1MDQ3NDczODV9.H1YTPYVia5tiLYPDP5KX6ACvCJR912Q5tiIEjTLWhcw"}
response time: 47
response status: 200
response body: 
{"status":0,"data":{"name":"管委会","description":"group1","status":1,"id":"b5b31181-d6fb-4659-aca9-77033f149df2","createdAt":1504660901217,"updatedAt":1504660901217,"version":0}}
*************** response log end ***************

[2017-09-06 09:23:25.945] [INFO] resLogger - 
*************** response log start ***************
request method: GET
request originalUrl:  /api/groups/list/page/1?token=eyJhbGciOiJIUzI1NiIsInR5cCI6IkpXVCJ9.eyJkYXRhIjp7ImlkIjoiNDQ2NzBmYjYtNmI1Yi00Zjk5LWEyZmQtYWVjMGU3OGUyZjljIiwibmFtZSI6ImFkbWluIiwiZ2VuZGVyIjp0cnVlLCJlbWFpbCI6IjM3ODMzODYyN0BxcS5jb20ifSwiaWF0IjoxNTA0NjYwOTg1LCJleHAiOjE1MDQ3NDczODV9.H1YTPYVia5tiLYPDP5KX6ACvCJR912Q5tiIEjTLWhcw
request client ip:  ::ffff:127.0.0.1
request query:  {"token":"eyJhbGciOiJIUzI1NiIsInR5cCI6IkpXVCJ9.eyJkYXRhIjp7ImlkIjoiNDQ2NzBmYjYtNmI1Yi00Zjk5LWEyZmQtYWVjMGU3OGUyZjljIiwibmFtZSI6ImFkbWluIiwiZ2VuZGVyIjp0cnVlLCJlbWFpbCI6IjM3ODMzODYyN0BxcS5jb20ifSwiaWF0IjoxNTA0NjYwOTg1LCJleHAiOjE1MDQ3NDczODV9.H1YTPYVia5tiLYPDP5KX6ACvCJR912Q5tiIEjTLWhcw"}
response time: 111
response status: 200
response body: 
{"status":0,"data":[{"name":"控股公司","description":"group2","status":1,"id":"ce8e5a6f-a47f-40d9-84c6-192d06fa7376","createdAt":1504660901218,"updatedAt":1504660901218,"version":0},{"name":"管委会","description":"group1","status":1,"id":"b5b31181-d6fb-4659-aca9-77033f149df2","createdAt":1504660901217,"updatedAt":1504660901217,"version":0}],"total":2}
*************** response log end ***************

[2017-09-06 09:23:28.509] [INFO] resLogger - 
*************** response log start ***************
request method: GET
request originalUrl:  /api/groups/ce8e5a6f-a47f-40d9-84c6-192d06fa7376?token=eyJhbGciOiJIUzI1NiIsInR5cCI6IkpXVCJ9.eyJkYXRhIjp7ImlkIjoiNDQ2NzBmYjYtNmI1Yi00Zjk5LWEyZmQtYWVjMGU3OGUyZjljIiwibmFtZSI6ImFkbWluIiwiZ2VuZGVyIjp0cnVlLCJlbWFpbCI6IjM3ODMzODYyN0BxcS5jb20ifSwiaWF0IjoxNTA0NjYwOTg1LCJleHAiOjE1MDQ3NDczODV9.H1YTPYVia5tiLYPDP5KX6ACvCJR912Q5tiIEjTLWhcw
request client ip:  ::ffff:127.0.0.1
request query:  {"token":"eyJhbGciOiJIUzI1NiIsInR5cCI6IkpXVCJ9.eyJkYXRhIjp7ImlkIjoiNDQ2NzBmYjYtNmI1Yi00Zjk5LWEyZmQtYWVjMGU3OGUyZjljIiwibmFtZSI6ImFkbWluIiwiZ2VuZGVyIjp0cnVlLCJlbWFpbCI6IjM3ODMzODYyN0BxcS5jb20ifSwiaWF0IjoxNTA0NjYwOTg1LCJleHAiOjE1MDQ3NDczODV9.H1YTPYVia5tiLYPDP5KX6ACvCJR912Q5tiIEjTLWhcw"}
response time: 40
response status: 200
response body: 
{"status":0,"data":{"name":"控股公司","description":"group2","status":1,"id":"ce8e5a6f-a47f-40d9-84c6-192d06fa7376","createdAt":1504660901218,"updatedAt":1504660901218,"version":0}}
*************** response log end ***************

[2017-09-06 09:27:48.622] [INFO] resLogger - 
*************** response log start ***************
request method: GET
request originalUrl:  /api/user/?token=eyJhbGciOiJIUzI1NiIsInR5cCI6IkpXVCJ9.eyJkYXRhIjp7ImlkIjoiNDQ2NzBmYjYtNmI1Yi00Zjk5LWEyZmQtYWVjMGU3OGUyZjljIiwibmFtZSI6ImFkbWluIiwiZ2VuZGVyIjp0cnVlLCJlbWFpbCI6IjM3ODMzODYyN0BxcS5jb20ifSwiaWF0IjoxNTA0NjYwOTg1LCJleHAiOjE1MDQ3NDczODV9.H1YTPYVia5tiLYPDP5KX6ACvCJR912Q5tiIEjTLWhcw
request client ip:  ::ffff:127.0.0.1
request query:  {"token":"eyJhbGciOiJIUzI1NiIsInR5cCI6IkpXVCJ9.eyJkYXRhIjp7ImlkIjoiNDQ2NzBmYjYtNmI1Yi00Zjk5LWEyZmQtYWVjMGU3OGUyZjljIiwibmFtZSI6ImFkbWluIiwiZ2VuZGVyIjp0cnVlLCJlbWFpbCI6IjM3ODMzODYyN0BxcS5jb20ifSwiaWF0IjoxNTA0NjYwOTg1LCJleHAiOjE1MDQ3NDczODV9.H1YTPYVia5tiLYPDP5KX6ACvCJR912Q5tiIEjTLWhcw"}
response time: 198
response status: 200
response body: 
{"status":0,"data":{"name":"admin","email":"378338627@qq.com","phone":"15822927208","password":"$2a$10$3b8t0tINy91hvA6CG4/3V.uP0Utgu/UUTUy0PhSNFCIIvbTWJLwZe","gender":true,"token":"eyJhbGciOiJIUzI1NiIsInR5cCI6IkpXVCJ9.eyJkYXRhIjp7ImlkIjoiNDQ2NzBmYjYtNmI1Yi00Zjk5LWEyZmQtYWVjMGU3OGUyZjljIiwibmFtZSI6ImFkbWluIiwiZ2VuZGVyIjp0cnVlLCJlbWFpbCI6IjM3ODMzODYyN0BxcS5jb20ifSwiaWF0IjoxNTA0NjYwOTg1LCJleHAiOjE1MDQ3NDczODV9.H1YTPYVia5tiLYPDP5KX6ACvCJR912Q5tiIEjTLWhcw","canLogin":true,"status":1,"id":"44670fb6-6b5b-4f99-a2fd-aec0e78e2f9c","createdAt":1504660901215,"updatedAt":1504660985520,"version":1}}
*************** response log end ***************

[2017-09-06 09:27:48.775] [INFO] resLogger - 
*************** response log start ***************
request method: GET
request originalUrl:  /api/groups/ce8e5a6f-a47f-40d9-84c6-192d06fa7376?token=eyJhbGciOiJIUzI1NiIsInR5cCI6IkpXVCJ9.eyJkYXRhIjp7ImlkIjoiNDQ2NzBmYjYtNmI1Yi00Zjk5LWEyZmQtYWVjMGU3OGUyZjljIiwibmFtZSI6ImFkbWluIiwiZ2VuZGVyIjp0cnVlLCJlbWFpbCI6IjM3ODMzODYyN0BxcS5jb20ifSwiaWF0IjoxNTA0NjYwOTg1LCJleHAiOjE1MDQ3NDczODV9.H1YTPYVia5tiLYPDP5KX6ACvCJR912Q5tiIEjTLWhcw
request client ip:  ::ffff:127.0.0.1
request query:  {"token":"eyJhbGciOiJIUzI1NiIsInR5cCI6IkpXVCJ9.eyJkYXRhIjp7ImlkIjoiNDQ2NzBmYjYtNmI1Yi00Zjk5LWEyZmQtYWVjMGU3OGUyZjljIiwibmFtZSI6ImFkbWluIiwiZ2VuZGVyIjp0cnVlLCJlbWFpbCI6IjM3ODMzODYyN0BxcS5jb20ifSwiaWF0IjoxNTA0NjYwOTg1LCJleHAiOjE1MDQ3NDczODV9.H1YTPYVia5tiLYPDP5KX6ACvCJR912Q5tiIEjTLWhcw"}
response time: 65
response status: 200
response body: 
{"status":0,"data":{"name":"控股公司","description":"group2","status":1,"id":"ce8e5a6f-a47f-40d9-84c6-192d06fa7376","createdAt":1504660901218,"updatedAt":1504660901218,"version":0}}
*************** response log end ***************

[2017-09-06 09:28:21.823] [INFO] resLogger - 
*************** response log start ***************
request method: GET
request originalUrl:  /api/user/?token=eyJhbGciOiJIUzI1NiIsInR5cCI6IkpXVCJ9.eyJkYXRhIjp7ImlkIjoiNDQ2NzBmYjYtNmI1Yi00Zjk5LWEyZmQtYWVjMGU3OGUyZjljIiwibmFtZSI6ImFkbWluIiwiZ2VuZGVyIjp0cnVlLCJlbWFpbCI6IjM3ODMzODYyN0BxcS5jb20ifSwiaWF0IjoxNTA0NjYwOTg1LCJleHAiOjE1MDQ3NDczODV9.H1YTPYVia5tiLYPDP5KX6ACvCJR912Q5tiIEjTLWhcw
request client ip:  ::ffff:127.0.0.1
request query:  {"token":"eyJhbGciOiJIUzI1NiIsInR5cCI6IkpXVCJ9.eyJkYXRhIjp7ImlkIjoiNDQ2NzBmYjYtNmI1Yi00Zjk5LWEyZmQtYWVjMGU3OGUyZjljIiwibmFtZSI6ImFkbWluIiwiZ2VuZGVyIjp0cnVlLCJlbWFpbCI6IjM3ODMzODYyN0BxcS5jb20ifSwiaWF0IjoxNTA0NjYwOTg1LCJleHAiOjE1MDQ3NDczODV9.H1YTPYVia5tiLYPDP5KX6ACvCJR912Q5tiIEjTLWhcw"}
response time: 79
response status: 200
response body: 
{"status":0,"data":{"name":"admin","email":"378338627@qq.com","phone":"15822927208","password":"$2a$10$3b8t0tINy91hvA6CG4/3V.uP0Utgu/UUTUy0PhSNFCIIvbTWJLwZe","gender":true,"token":"eyJhbGciOiJIUzI1NiIsInR5cCI6IkpXVCJ9.eyJkYXRhIjp7ImlkIjoiNDQ2NzBmYjYtNmI1Yi00Zjk5LWEyZmQtYWVjMGU3OGUyZjljIiwibmFtZSI6ImFkbWluIiwiZ2VuZGVyIjp0cnVlLCJlbWFpbCI6IjM3ODMzODYyN0BxcS5jb20ifSwiaWF0IjoxNTA0NjYwOTg1LCJleHAiOjE1MDQ3NDczODV9.H1YTPYVia5tiLYPDP5KX6ACvCJR912Q5tiIEjTLWhcw","canLogin":true,"status":1,"id":"44670fb6-6b5b-4f99-a2fd-aec0e78e2f9c","createdAt":1504660901215,"updatedAt":1504660985520,"version":1}}
*************** response log end ***************

[2017-09-06 09:28:22.034] [INFO] resLogger - 
*************** response log start ***************
request method: GET
request originalUrl:  /api/groups/ce8e5a6f-a47f-40d9-84c6-192d06fa7376?token=eyJhbGciOiJIUzI1NiIsInR5cCI6IkpXVCJ9.eyJkYXRhIjp7ImlkIjoiNDQ2NzBmYjYtNmI1Yi00Zjk5LWEyZmQtYWVjMGU3OGUyZjljIiwibmFtZSI6ImFkbWluIiwiZ2VuZGVyIjp0cnVlLCJlbWFpbCI6IjM3ODMzODYyN0BxcS5jb20ifSwiaWF0IjoxNTA0NjYwOTg1LCJleHAiOjE1MDQ3NDczODV9.H1YTPYVia5tiLYPDP5KX6ACvCJR912Q5tiIEjTLWhcw
request client ip:  ::ffff:127.0.0.1
request query:  {"token":"eyJhbGciOiJIUzI1NiIsInR5cCI6IkpXVCJ9.eyJkYXRhIjp7ImlkIjoiNDQ2NzBmYjYtNmI1Yi00Zjk5LWEyZmQtYWVjMGU3OGUyZjljIiwibmFtZSI6ImFkbWluIiwiZ2VuZGVyIjp0cnVlLCJlbWFpbCI6IjM3ODMzODYyN0BxcS5jb20ifSwiaWF0IjoxNTA0NjYwOTg1LCJleHAiOjE1MDQ3NDczODV9.H1YTPYVia5tiLYPDP5KX6ACvCJR912Q5tiIEjTLWhcw"}
response time: 73
response status: 200
response body: 
{"status":0,"data":{"name":"控股公司","description":"group2","status":1,"id":"ce8e5a6f-a47f-40d9-84c6-192d06fa7376","createdAt":1504660901218,"updatedAt":1504660901218,"version":0}}
*************** response log end ***************

[2017-09-06 09:30:35.167] [INFO] resLogger - 
*************** response log start ***************
request method: GET
request originalUrl:  /api/user/?token=eyJhbGciOiJIUzI1NiIsInR5cCI6IkpXVCJ9.eyJkYXRhIjp7ImlkIjoiNDQ2NzBmYjYtNmI1Yi00Zjk5LWEyZmQtYWVjMGU3OGUyZjljIiwibmFtZSI6ImFkbWluIiwiZ2VuZGVyIjp0cnVlLCJlbWFpbCI6IjM3ODMzODYyN0BxcS5jb20ifSwiaWF0IjoxNTA0NjYwOTg1LCJleHAiOjE1MDQ3NDczODV9.H1YTPYVia5tiLYPDP5KX6ACvCJR912Q5tiIEjTLWhcw
request client ip:  ::ffff:127.0.0.1
request query:  {"token":"eyJhbGciOiJIUzI1NiIsInR5cCI6IkpXVCJ9.eyJkYXRhIjp7ImlkIjoiNDQ2NzBmYjYtNmI1Yi00Zjk5LWEyZmQtYWVjMGU3OGUyZjljIiwibmFtZSI6ImFkbWluIiwiZ2VuZGVyIjp0cnVlLCJlbWFpbCI6IjM3ODMzODYyN0BxcS5jb20ifSwiaWF0IjoxNTA0NjYwOTg1LCJleHAiOjE1MDQ3NDczODV9.H1YTPYVia5tiLYPDP5KX6ACvCJR912Q5tiIEjTLWhcw"}
response time: 157
response status: 200
response body: 
{"status":0,"data":{"name":"admin","email":"378338627@qq.com","phone":"15822927208","password":"$2a$10$3b8t0tINy91hvA6CG4/3V.uP0Utgu/UUTUy0PhSNFCIIvbTWJLwZe","gender":true,"token":"eyJhbGciOiJIUzI1NiIsInR5cCI6IkpXVCJ9.eyJkYXRhIjp7ImlkIjoiNDQ2NzBmYjYtNmI1Yi00Zjk5LWEyZmQtYWVjMGU3OGUyZjljIiwibmFtZSI6ImFkbWluIiwiZ2VuZGVyIjp0cnVlLCJlbWFpbCI6IjM3ODMzODYyN0BxcS5jb20ifSwiaWF0IjoxNTA0NjYwOTg1LCJleHAiOjE1MDQ3NDczODV9.H1YTPYVia5tiLYPDP5KX6ACvCJR912Q5tiIEjTLWhcw","canLogin":true,"status":1,"id":"44670fb6-6b5b-4f99-a2fd-aec0e78e2f9c","createdAt":1504660901215,"updatedAt":1504660985520,"version":1}}
*************** response log end ***************

[2017-09-06 09:30:35.633] [INFO] resLogger - 
*************** response log start ***************
request method: GET
request originalUrl:  /api/groups/ce8e5a6f-a47f-40d9-84c6-192d06fa7376?token=eyJhbGciOiJIUzI1NiIsInR5cCI6IkpXVCJ9.eyJkYXRhIjp7ImlkIjoiNDQ2NzBmYjYtNmI1Yi00Zjk5LWEyZmQtYWVjMGU3OGUyZjljIiwibmFtZSI6ImFkbWluIiwiZ2VuZGVyIjp0cnVlLCJlbWFpbCI6IjM3ODMzODYyN0BxcS5jb20ifSwiaWF0IjoxNTA0NjYwOTg1LCJleHAiOjE1MDQ3NDczODV9.H1YTPYVia5tiLYPDP5KX6ACvCJR912Q5tiIEjTLWhcw
request client ip:  ::ffff:127.0.0.1
request query:  {"token":"eyJhbGciOiJIUzI1NiIsInR5cCI6IkpXVCJ9.eyJkYXRhIjp7ImlkIjoiNDQ2NzBmYjYtNmI1Yi00Zjk5LWEyZmQtYWVjMGU3OGUyZjljIiwibmFtZSI6ImFkbWluIiwiZ2VuZGVyIjp0cnVlLCJlbWFpbCI6IjM3ODMzODYyN0BxcS5jb20ifSwiaWF0IjoxNTA0NjYwOTg1LCJleHAiOjE1MDQ3NDczODV9.H1YTPYVia5tiLYPDP5KX6ACvCJR912Q5tiIEjTLWhcw"}
response time: 86
response status: 200
response body: 
{"status":0,"data":{"name":"控股公司","description":"group2","status":1,"id":"ce8e5a6f-a47f-40d9-84c6-192d06fa7376","createdAt":1504660901218,"updatedAt":1504660901218,"version":0}}
*************** response log end ***************

[2017-09-06 09:31:51.401] [INFO] resLogger - 
*************** response log start ***************
request method: GET
request originalUrl:  /api/user/?token=eyJhbGciOiJIUzI1NiIsInR5cCI6IkpXVCJ9.eyJkYXRhIjp7ImlkIjoiNDQ2NzBmYjYtNmI1Yi00Zjk5LWEyZmQtYWVjMGU3OGUyZjljIiwibmFtZSI6ImFkbWluIiwiZ2VuZGVyIjp0cnVlLCJlbWFpbCI6IjM3ODMzODYyN0BxcS5jb20ifSwiaWF0IjoxNTA0NjYwOTg1LCJleHAiOjE1MDQ3NDczODV9.H1YTPYVia5tiLYPDP5KX6ACvCJR912Q5tiIEjTLWhcw
request client ip:  ::ffff:127.0.0.1
request query:  {"token":"eyJhbGciOiJIUzI1NiIsInR5cCI6IkpXVCJ9.eyJkYXRhIjp7ImlkIjoiNDQ2NzBmYjYtNmI1Yi00Zjk5LWEyZmQtYWVjMGU3OGUyZjljIiwibmFtZSI6ImFkbWluIiwiZ2VuZGVyIjp0cnVlLCJlbWFpbCI6IjM3ODMzODYyN0BxcS5jb20ifSwiaWF0IjoxNTA0NjYwOTg1LCJleHAiOjE1MDQ3NDczODV9.H1YTPYVia5tiLYPDP5KX6ACvCJR912Q5tiIEjTLWhcw"}
response time: 101
response status: 200
response body: 
{"status":0,"data":{"name":"admin","email":"378338627@qq.com","phone":"15822927208","password":"$2a$10$3b8t0tINy91hvA6CG4/3V.uP0Utgu/UUTUy0PhSNFCIIvbTWJLwZe","gender":true,"token":"eyJhbGciOiJIUzI1NiIsInR5cCI6IkpXVCJ9.eyJkYXRhIjp7ImlkIjoiNDQ2NzBmYjYtNmI1Yi00Zjk5LWEyZmQtYWVjMGU3OGUyZjljIiwibmFtZSI6ImFkbWluIiwiZ2VuZGVyIjp0cnVlLCJlbWFpbCI6IjM3ODMzODYyN0BxcS5jb20ifSwiaWF0IjoxNTA0NjYwOTg1LCJleHAiOjE1MDQ3NDczODV9.H1YTPYVia5tiLYPDP5KX6ACvCJR912Q5tiIEjTLWhcw","canLogin":true,"status":1,"id":"44670fb6-6b5b-4f99-a2fd-aec0e78e2f9c","createdAt":1504660901215,"updatedAt":1504660985520,"version":1}}
*************** response log end ***************

[2017-09-06 09:31:51.567] [INFO] resLogger - 
*************** response log start ***************
request method: GET
request originalUrl:  /api/groups/ce8e5a6f-a47f-40d9-84c6-192d06fa7376?token=eyJhbGciOiJIUzI1NiIsInR5cCI6IkpXVCJ9.eyJkYXRhIjp7ImlkIjoiNDQ2NzBmYjYtNmI1Yi00Zjk5LWEyZmQtYWVjMGU3OGUyZjljIiwibmFtZSI6ImFkbWluIiwiZ2VuZGVyIjp0cnVlLCJlbWFpbCI6IjM3ODMzODYyN0BxcS5jb20ifSwiaWF0IjoxNTA0NjYwOTg1LCJleHAiOjE1MDQ3NDczODV9.H1YTPYVia5tiLYPDP5KX6ACvCJR912Q5tiIEjTLWhcw
request client ip:  ::ffff:127.0.0.1
request query:  {"token":"eyJhbGciOiJIUzI1NiIsInR5cCI6IkpXVCJ9.eyJkYXRhIjp7ImlkIjoiNDQ2NzBmYjYtNmI1Yi00Zjk5LWEyZmQtYWVjMGU3OGUyZjljIiwibmFtZSI6ImFkbWluIiwiZ2VuZGVyIjp0cnVlLCJlbWFpbCI6IjM3ODMzODYyN0BxcS5jb20ifSwiaWF0IjoxNTA0NjYwOTg1LCJleHAiOjE1MDQ3NDczODV9.H1YTPYVia5tiLYPDP5KX6ACvCJR912Q5tiIEjTLWhcw"}
response time: 66
response status: 200
response body: 
{"status":0,"data":{"name":"控股公司","description":"group2","status":1,"id":"ce8e5a6f-a47f-40d9-84c6-192d06fa7376","createdAt":1504660901218,"updatedAt":1504660901218,"version":0}}
*************** response log end ***************

[2017-09-06 09:32:16.229] [INFO] resLogger - 
*************** response log start ***************
request method: GET
request originalUrl:  /api/user/?token=eyJhbGciOiJIUzI1NiIsInR5cCI6IkpXVCJ9.eyJkYXRhIjp7ImlkIjoiNDQ2NzBmYjYtNmI1Yi00Zjk5LWEyZmQtYWVjMGU3OGUyZjljIiwibmFtZSI6ImFkbWluIiwiZ2VuZGVyIjp0cnVlLCJlbWFpbCI6IjM3ODMzODYyN0BxcS5jb20ifSwiaWF0IjoxNTA0NjYwOTg1LCJleHAiOjE1MDQ3NDczODV9.H1YTPYVia5tiLYPDP5KX6ACvCJR912Q5tiIEjTLWhcw
request client ip:  ::ffff:127.0.0.1
request query:  {"token":"eyJhbGciOiJIUzI1NiIsInR5cCI6IkpXVCJ9.eyJkYXRhIjp7ImlkIjoiNDQ2NzBmYjYtNmI1Yi00Zjk5LWEyZmQtYWVjMGU3OGUyZjljIiwibmFtZSI6ImFkbWluIiwiZ2VuZGVyIjp0cnVlLCJlbWFpbCI6IjM3ODMzODYyN0BxcS5jb20ifSwiaWF0IjoxNTA0NjYwOTg1LCJleHAiOjE1MDQ3NDczODV9.H1YTPYVia5tiLYPDP5KX6ACvCJR912Q5tiIEjTLWhcw"}
response time: 72
response status: 200
response body: 
{"status":0,"data":{"name":"admin","email":"378338627@qq.com","phone":"15822927208","password":"$2a$10$3b8t0tINy91hvA6CG4/3V.uP0Utgu/UUTUy0PhSNFCIIvbTWJLwZe","gender":true,"token":"eyJhbGciOiJIUzI1NiIsInR5cCI6IkpXVCJ9.eyJkYXRhIjp7ImlkIjoiNDQ2NzBmYjYtNmI1Yi00Zjk5LWEyZmQtYWVjMGU3OGUyZjljIiwibmFtZSI6ImFkbWluIiwiZ2VuZGVyIjp0cnVlLCJlbWFpbCI6IjM3ODMzODYyN0BxcS5jb20ifSwiaWF0IjoxNTA0NjYwOTg1LCJleHAiOjE1MDQ3NDczODV9.H1YTPYVia5tiLYPDP5KX6ACvCJR912Q5tiIEjTLWhcw","canLogin":true,"status":1,"id":"44670fb6-6b5b-4f99-a2fd-aec0e78e2f9c","createdAt":1504660901215,"updatedAt":1504660985520,"version":1}}
*************** response log end ***************

[2017-09-06 09:32:16.612] [INFO] resLogger - 
*************** response log start ***************
request method: GET
request originalUrl:  /api/groups/ce8e5a6f-a47f-40d9-84c6-192d06fa7376?token=eyJhbGciOiJIUzI1NiIsInR5cCI6IkpXVCJ9.eyJkYXRhIjp7ImlkIjoiNDQ2NzBmYjYtNmI1Yi00Zjk5LWEyZmQtYWVjMGU3OGUyZjljIiwibmFtZSI6ImFkbWluIiwiZ2VuZGVyIjp0cnVlLCJlbWFpbCI6IjM3ODMzODYyN0BxcS5jb20ifSwiaWF0IjoxNTA0NjYwOTg1LCJleHAiOjE1MDQ3NDczODV9.H1YTPYVia5tiLYPDP5KX6ACvCJR912Q5tiIEjTLWhcw
request client ip:  ::ffff:127.0.0.1
request query:  {"token":"eyJhbGciOiJIUzI1NiIsInR5cCI6IkpXVCJ9.eyJkYXRhIjp7ImlkIjoiNDQ2NzBmYjYtNmI1Yi00Zjk5LWEyZmQtYWVjMGU3OGUyZjljIiwibmFtZSI6ImFkbWluIiwiZ2VuZGVyIjp0cnVlLCJlbWFpbCI6IjM3ODMzODYyN0BxcS5jb20ifSwiaWF0IjoxNTA0NjYwOTg1LCJleHAiOjE1MDQ3NDczODV9.H1YTPYVia5tiLYPDP5KX6ACvCJR912Q5tiIEjTLWhcw"}
response time: 67
response status: 200
response body: 
{"status":0,"data":{"name":"控股公司","description":"group2","status":1,"id":"ce8e5a6f-a47f-40d9-84c6-192d06fa7376","createdAt":1504660901218,"updatedAt":1504660901218,"version":0}}
*************** response log end ***************

[2017-09-06 09:32:37.240] [INFO] resLogger - 
*************** response log start ***************
request method: GET
request originalUrl:  /api/user/?token=eyJhbGciOiJIUzI1NiIsInR5cCI6IkpXVCJ9.eyJkYXRhIjp7ImlkIjoiNDQ2NzBmYjYtNmI1Yi00Zjk5LWEyZmQtYWVjMGU3OGUyZjljIiwibmFtZSI6ImFkbWluIiwiZ2VuZGVyIjp0cnVlLCJlbWFpbCI6IjM3ODMzODYyN0BxcS5jb20ifSwiaWF0IjoxNTA0NjYwOTg1LCJleHAiOjE1MDQ3NDczODV9.H1YTPYVia5tiLYPDP5KX6ACvCJR912Q5tiIEjTLWhcw
request client ip:  ::ffff:127.0.0.1
request query:  {"token":"eyJhbGciOiJIUzI1NiIsInR5cCI6IkpXVCJ9.eyJkYXRhIjp7ImlkIjoiNDQ2NzBmYjYtNmI1Yi00Zjk5LWEyZmQtYWVjMGU3OGUyZjljIiwibmFtZSI6ImFkbWluIiwiZ2VuZGVyIjp0cnVlLCJlbWFpbCI6IjM3ODMzODYyN0BxcS5jb20ifSwiaWF0IjoxNTA0NjYwOTg1LCJleHAiOjE1MDQ3NDczODV9.H1YTPYVia5tiLYPDP5KX6ACvCJR912Q5tiIEjTLWhcw"}
response time: 86
response status: 200
response body: 
{"status":0,"data":{"name":"admin","email":"378338627@qq.com","phone":"15822927208","password":"$2a$10$3b8t0tINy91hvA6CG4/3V.uP0Utgu/UUTUy0PhSNFCIIvbTWJLwZe","gender":true,"token":"eyJhbGciOiJIUzI1NiIsInR5cCI6IkpXVCJ9.eyJkYXRhIjp7ImlkIjoiNDQ2NzBmYjYtNmI1Yi00Zjk5LWEyZmQtYWVjMGU3OGUyZjljIiwibmFtZSI6ImFkbWluIiwiZ2VuZGVyIjp0cnVlLCJlbWFpbCI6IjM3ODMzODYyN0BxcS5jb20ifSwiaWF0IjoxNTA0NjYwOTg1LCJleHAiOjE1MDQ3NDczODV9.H1YTPYVia5tiLYPDP5KX6ACvCJR912Q5tiIEjTLWhcw","canLogin":true,"status":1,"id":"44670fb6-6b5b-4f99-a2fd-aec0e78e2f9c","createdAt":1504660901215,"updatedAt":1504660985520,"version":1}}
*************** response log end ***************

[2017-09-06 09:32:37.425] [INFO] resLogger - 
*************** response log start ***************
request method: GET
request originalUrl:  /api/groups/ce8e5a6f-a47f-40d9-84c6-192d06fa7376?token=eyJhbGciOiJIUzI1NiIsInR5cCI6IkpXVCJ9.eyJkYXRhIjp7ImlkIjoiNDQ2NzBmYjYtNmI1Yi00Zjk5LWEyZmQtYWVjMGU3OGUyZjljIiwibmFtZSI6ImFkbWluIiwiZ2VuZGVyIjp0cnVlLCJlbWFpbCI6IjM3ODMzODYyN0BxcS5jb20ifSwiaWF0IjoxNTA0NjYwOTg1LCJleHAiOjE1MDQ3NDczODV9.H1YTPYVia5tiLYPDP5KX6ACvCJR912Q5tiIEjTLWhcw
request client ip:  ::ffff:127.0.0.1
request query:  {"token":"eyJhbGciOiJIUzI1NiIsInR5cCI6IkpXVCJ9.eyJkYXRhIjp7ImlkIjoiNDQ2NzBmYjYtNmI1Yi00Zjk5LWEyZmQtYWVjMGU3OGUyZjljIiwibmFtZSI6ImFkbWluIiwiZ2VuZGVyIjp0cnVlLCJlbWFpbCI6IjM3ODMzODYyN0BxcS5jb20ifSwiaWF0IjoxNTA0NjYwOTg1LCJleHAiOjE1MDQ3NDczODV9.H1YTPYVia5tiLYPDP5KX6ACvCJR912Q5tiIEjTLWhcw"}
response time: 71
response status: 200
response body: 
{"status":0,"data":{"name":"控股公司","description":"group2","status":1,"id":"ce8e5a6f-a47f-40d9-84c6-192d06fa7376","createdAt":1504660901218,"updatedAt":1504660901218,"version":0}}
*************** response log end ***************

[2017-09-06 09:38:21.014] [INFO] resLogger - 
*************** response log start ***************
request method: GET
request originalUrl:  /api/user/?token=eyJhbGciOiJIUzI1NiIsInR5cCI6IkpXVCJ9.eyJkYXRhIjp7ImlkIjoiNDQ2NzBmYjYtNmI1Yi00Zjk5LWEyZmQtYWVjMGU3OGUyZjljIiwibmFtZSI6ImFkbWluIiwiZ2VuZGVyIjp0cnVlLCJlbWFpbCI6IjM3ODMzODYyN0BxcS5jb20ifSwiaWF0IjoxNTA0NjYwOTg1LCJleHAiOjE1MDQ3NDczODV9.H1YTPYVia5tiLYPDP5KX6ACvCJR912Q5tiIEjTLWhcw
request client ip:  ::ffff:127.0.0.1
request query:  {"token":"eyJhbGciOiJIUzI1NiIsInR5cCI6IkpXVCJ9.eyJkYXRhIjp7ImlkIjoiNDQ2NzBmYjYtNmI1Yi00Zjk5LWEyZmQtYWVjMGU3OGUyZjljIiwibmFtZSI6ImFkbWluIiwiZ2VuZGVyIjp0cnVlLCJlbWFpbCI6IjM3ODMzODYyN0BxcS5jb20ifSwiaWF0IjoxNTA0NjYwOTg1LCJleHAiOjE1MDQ3NDczODV9.H1YTPYVia5tiLYPDP5KX6ACvCJR912Q5tiIEjTLWhcw"}
response time: 61
response status: 200
response body: 
{"status":0,"data":{"name":"admin","email":"378338627@qq.com","phone":"15822927208","password":"$2a$10$3b8t0tINy91hvA6CG4/3V.uP0Utgu/UUTUy0PhSNFCIIvbTWJLwZe","gender":true,"token":"eyJhbGciOiJIUzI1NiIsInR5cCI6IkpXVCJ9.eyJkYXRhIjp7ImlkIjoiNDQ2NzBmYjYtNmI1Yi00Zjk5LWEyZmQtYWVjMGU3OGUyZjljIiwibmFtZSI6ImFkbWluIiwiZ2VuZGVyIjp0cnVlLCJlbWFpbCI6IjM3ODMzODYyN0BxcS5jb20ifSwiaWF0IjoxNTA0NjYwOTg1LCJleHAiOjE1MDQ3NDczODV9.H1YTPYVia5tiLYPDP5KX6ACvCJR912Q5tiIEjTLWhcw","canLogin":true,"status":1,"id":"44670fb6-6b5b-4f99-a2fd-aec0e78e2f9c","createdAt":1504660901215,"updatedAt":1504660985520,"version":1}}
*************** response log end ***************

[2017-09-06 09:38:21.334] [INFO] resLogger - 
*************** response log start ***************
request method: GET
request originalUrl:  /api/groups/ce8e5a6f-a47f-40d9-84c6-192d06fa7376?token=eyJhbGciOiJIUzI1NiIsInR5cCI6IkpXVCJ9.eyJkYXRhIjp7ImlkIjoiNDQ2NzBmYjYtNmI1Yi00Zjk5LWEyZmQtYWVjMGU3OGUyZjljIiwibmFtZSI6ImFkbWluIiwiZ2VuZGVyIjp0cnVlLCJlbWFpbCI6IjM3ODMzODYyN0BxcS5jb20ifSwiaWF0IjoxNTA0NjYwOTg1LCJleHAiOjE1MDQ3NDczODV9.H1YTPYVia5tiLYPDP5KX6ACvCJR912Q5tiIEjTLWhcw
request client ip:  ::ffff:127.0.0.1
request query:  {"token":"eyJhbGciOiJIUzI1NiIsInR5cCI6IkpXVCJ9.eyJkYXRhIjp7ImlkIjoiNDQ2NzBmYjYtNmI1Yi00Zjk5LWEyZmQtYWVjMGU3OGUyZjljIiwibmFtZSI6ImFkbWluIiwiZ2VuZGVyIjp0cnVlLCJlbWFpbCI6IjM3ODMzODYyN0BxcS5jb20ifSwiaWF0IjoxNTA0NjYwOTg1LCJleHAiOjE1MDQ3NDczODV9.H1YTPYVia5tiLYPDP5KX6ACvCJR912Q5tiIEjTLWhcw"}
response time: 60
response status: 200
response body: 
{"status":0,"data":{"name":"控股公司","description":"group2","status":1,"id":"ce8e5a6f-a47f-40d9-84c6-192d06fa7376","createdAt":1504660901218,"updatedAt":1504660901218,"version":0}}
*************** response log end ***************

[2017-09-06 09:41:41.297] [INFO] resLogger - 
*************** response log start ***************
request method: GET
request originalUrl:  /api/user/?token=eyJhbGciOiJIUzI1NiIsInR5cCI6IkpXVCJ9.eyJkYXRhIjp7ImlkIjoiNDQ2NzBmYjYtNmI1Yi00Zjk5LWEyZmQtYWVjMGU3OGUyZjljIiwibmFtZSI6ImFkbWluIiwiZ2VuZGVyIjp0cnVlLCJlbWFpbCI6IjM3ODMzODYyN0BxcS5jb20ifSwiaWF0IjoxNTA0NjYwOTg1LCJleHAiOjE1MDQ3NDczODV9.H1YTPYVia5tiLYPDP5KX6ACvCJR912Q5tiIEjTLWhcw
request client ip:  ::ffff:127.0.0.1
request query:  {"token":"eyJhbGciOiJIUzI1NiIsInR5cCI6IkpXVCJ9.eyJkYXRhIjp7ImlkIjoiNDQ2NzBmYjYtNmI1Yi00Zjk5LWEyZmQtYWVjMGU3OGUyZjljIiwibmFtZSI6ImFkbWluIiwiZ2VuZGVyIjp0cnVlLCJlbWFpbCI6IjM3ODMzODYyN0BxcS5jb20ifSwiaWF0IjoxNTA0NjYwOTg1LCJleHAiOjE1MDQ3NDczODV9.H1YTPYVia5tiLYPDP5KX6ACvCJR912Q5tiIEjTLWhcw"}
response time: 118
response status: 200
response body: 
{"status":0,"data":{"name":"admin","email":"378338627@qq.com","phone":"15822927208","password":"$2a$10$3b8t0tINy91hvA6CG4/3V.uP0Utgu/UUTUy0PhSNFCIIvbTWJLwZe","gender":true,"token":"eyJhbGciOiJIUzI1NiIsInR5cCI6IkpXVCJ9.eyJkYXRhIjp7ImlkIjoiNDQ2NzBmYjYtNmI1Yi00Zjk5LWEyZmQtYWVjMGU3OGUyZjljIiwibmFtZSI6ImFkbWluIiwiZ2VuZGVyIjp0cnVlLCJlbWFpbCI6IjM3ODMzODYyN0BxcS5jb20ifSwiaWF0IjoxNTA0NjYwOTg1LCJleHAiOjE1MDQ3NDczODV9.H1YTPYVia5tiLYPDP5KX6ACvCJR912Q5tiIEjTLWhcw","canLogin":true,"status":1,"id":"44670fb6-6b5b-4f99-a2fd-aec0e78e2f9c","createdAt":1504660901215,"updatedAt":1504660985520,"version":1}}
*************** response log end ***************

[2017-09-06 09:41:41.510] [INFO] resLogger - 
*************** response log start ***************
request method: GET
request originalUrl:  /api/groups/ce8e5a6f-a47f-40d9-84c6-192d06fa7376?token=eyJhbGciOiJIUzI1NiIsInR5cCI6IkpXVCJ9.eyJkYXRhIjp7ImlkIjoiNDQ2NzBmYjYtNmI1Yi00Zjk5LWEyZmQtYWVjMGU3OGUyZjljIiwibmFtZSI6ImFkbWluIiwiZ2VuZGVyIjp0cnVlLCJlbWFpbCI6IjM3ODMzODYyN0BxcS5jb20ifSwiaWF0IjoxNTA0NjYwOTg1LCJleHAiOjE1MDQ3NDczODV9.H1YTPYVia5tiLYPDP5KX6ACvCJR912Q5tiIEjTLWhcw
request client ip:  ::ffff:127.0.0.1
request query:  {"token":"eyJhbGciOiJIUzI1NiIsInR5cCI6IkpXVCJ9.eyJkYXRhIjp7ImlkIjoiNDQ2NzBmYjYtNmI1Yi00Zjk5LWEyZmQtYWVjMGU3OGUyZjljIiwibmFtZSI6ImFkbWluIiwiZ2VuZGVyIjp0cnVlLCJlbWFpbCI6IjM3ODMzODYyN0BxcS5jb20ifSwiaWF0IjoxNTA0NjYwOTg1LCJleHAiOjE1MDQ3NDczODV9.H1YTPYVia5tiLYPDP5KX6ACvCJR912Q5tiIEjTLWhcw"}
response time: 69
response status: 200
response body: 
{"status":0,"data":{"name":"控股公司","description":"group2","status":1,"id":"ce8e5a6f-a47f-40d9-84c6-192d06fa7376","createdAt":1504660901218,"updatedAt":1504660901218,"version":0}}
*************** response log end ***************

[2017-09-06 09:41:50.881] [INFO] resLogger - 
*************** response log start ***************
request method: OPTIONS
request originalUrl:  /api/groups/save?token=eyJhbGciOiJIUzI1NiIsInR5cCI6IkpXVCJ9.eyJkYXRhIjp7ImlkIjoiNDQ2NzBmYjYtNmI1Yi00Zjk5LWEyZmQtYWVjMGU3OGUyZjljIiwibmFtZSI6ImFkbWluIiwiZ2VuZGVyIjp0cnVlLCJlbWFpbCI6IjM3ODMzODYyN0BxcS5jb20ifSwiaWF0IjoxNTA0NjYwOTg1LCJleHAiOjE1MDQ3NDczODV9.H1YTPYVia5tiLYPDP5KX6ACvCJR912Q5tiIEjTLWhcw
request client ip:  ::ffff:127.0.0.1
request body: 
{}
response time: 5
response status: 204
response body: 
undefined
*************** response log end ***************

[2017-09-06 09:41:51.081] [INFO] resLogger - 
*************** response log start ***************
request method: POST
request originalUrl:  /api/groups/save?token=eyJhbGciOiJIUzI1NiIsInR5cCI6IkpXVCJ9.eyJkYXRhIjp7ImlkIjoiNDQ2NzBmYjYtNmI1Yi00Zjk5LWEyZmQtYWVjMGU3OGUyZjljIiwibmFtZSI6ImFkbWluIiwiZ2VuZGVyIjp0cnVlLCJlbWFpbCI6IjM3ODMzODYyN0BxcS5jb20ifSwiaWF0IjoxNTA0NjYwOTg1LCJleHAiOjE1MDQ3NDczODV9.H1YTPYVia5tiLYPDP5KX6ACvCJR912Q5tiIEjTLWhcw
request client ip:  ::ffff:127.0.0.1
request body: 
{"id":"ce8e5a6f-a47f-40d9-84c6-192d06fa7376","name":"控股公司","description":"group2","status":1}
response time: 190
response status: 200
response body: 
{"status":0,"data":{"name":"控股公司","description":"group2","status":1,"id":"ce8e5a6f-a47f-40d9-84c6-192d06fa7376","createdAt":1504660901218,"updatedAt":1504662110963,"version":1},"message":"更新成功！"}
*************** response log end ***************

[2017-09-06 09:41:51.297] [INFO] resLogger - 
*************** response log start ***************
request method: GET
request originalUrl:  /api/groups/list/page/1?token=eyJhbGciOiJIUzI1NiIsInR5cCI6IkpXVCJ9.eyJkYXRhIjp7ImlkIjoiNDQ2NzBmYjYtNmI1Yi00Zjk5LWEyZmQtYWVjMGU3OGUyZjljIiwibmFtZSI6ImFkbWluIiwiZ2VuZGVyIjp0cnVlLCJlbWFpbCI6IjM3ODMzODYyN0BxcS5jb20ifSwiaWF0IjoxNTA0NjYwOTg1LCJleHAiOjE1MDQ3NDczODV9.H1YTPYVia5tiLYPDP5KX6ACvCJR912Q5tiIEjTLWhcw
request client ip:  ::ffff:127.0.0.1
request query:  {"token":"eyJhbGciOiJIUzI1NiIsInR5cCI6IkpXVCJ9.eyJkYXRhIjp7ImlkIjoiNDQ2NzBmYjYtNmI1Yi00Zjk5LWEyZmQtYWVjMGU3OGUyZjljIiwibmFtZSI6ImFkbWluIiwiZ2VuZGVyIjp0cnVlLCJlbWFpbCI6IjM3ODMzODYyN0BxcS5jb20ifSwiaWF0IjoxNTA0NjYwOTg1LCJleHAiOjE1MDQ3NDczODV9.H1YTPYVia5tiLYPDP5KX6ACvCJR912Q5tiIEjTLWhcw"}
response time: 80
response status: 200
response body: 
{"status":0,"data":[{"name":"控股公司","description":"group2","status":1,"id":"ce8e5a6f-a47f-40d9-84c6-192d06fa7376","createdAt":1504660901218,"updatedAt":1504662110963,"version":1},{"name":"管委会","description":"group1","status":1,"id":"b5b31181-d6fb-4659-aca9-77033f149df2","createdAt":1504660901217,"updatedAt":1504660901217,"version":0}],"total":2}
*************** response log end ***************

[2017-09-06 09:41:54.970] [INFO] resLogger - 
*************** response log start ***************
request method: GET
request originalUrl:  /api/groups/ce8e5a6f-a47f-40d9-84c6-192d06fa7376?token=eyJhbGciOiJIUzI1NiIsInR5cCI6IkpXVCJ9.eyJkYXRhIjp7ImlkIjoiNDQ2NzBmYjYtNmI1Yi00Zjk5LWEyZmQtYWVjMGU3OGUyZjljIiwibmFtZSI6ImFkbWluIiwiZ2VuZGVyIjp0cnVlLCJlbWFpbCI6IjM3ODMzODYyN0BxcS5jb20ifSwiaWF0IjoxNTA0NjYwOTg1LCJleHAiOjE1MDQ3NDczODV9.H1YTPYVia5tiLYPDP5KX6ACvCJR912Q5tiIEjTLWhcw
request client ip:  ::ffff:127.0.0.1
request query:  {"token":"eyJhbGciOiJIUzI1NiIsInR5cCI6IkpXVCJ9.eyJkYXRhIjp7ImlkIjoiNDQ2NzBmYjYtNmI1Yi00Zjk5LWEyZmQtYWVjMGU3OGUyZjljIiwibmFtZSI6ImFkbWluIiwiZ2VuZGVyIjp0cnVlLCJlbWFpbCI6IjM3ODMzODYyN0BxcS5jb20ifSwiaWF0IjoxNTA0NjYwOTg1LCJleHAiOjE1MDQ3NDczODV9.H1YTPYVia5tiLYPDP5KX6ACvCJR912Q5tiIEjTLWhcw"}
response time: 60
response status: 200
response body: 
{"status":0,"data":{"name":"控股公司","description":"group2","status":1,"id":"ce8e5a6f-a47f-40d9-84c6-192d06fa7376","createdAt":1504660901218,"updatedAt":1504662110963,"version":1}}
*************** response log end ***************

[2017-09-06 09:42:12.421] [INFO] resLogger - 
*************** response log start ***************
request method: GET
request originalUrl:  /api/user/?token=eyJhbGciOiJIUzI1NiIsInR5cCI6IkpXVCJ9.eyJkYXRhIjp7ImlkIjoiNDQ2NzBmYjYtNmI1Yi00Zjk5LWEyZmQtYWVjMGU3OGUyZjljIiwibmFtZSI6ImFkbWluIiwiZ2VuZGVyIjp0cnVlLCJlbWFpbCI6IjM3ODMzODYyN0BxcS5jb20ifSwiaWF0IjoxNTA0NjYwOTg1LCJleHAiOjE1MDQ3NDczODV9.H1YTPYVia5tiLYPDP5KX6ACvCJR912Q5tiIEjTLWhcw
request client ip:  ::ffff:127.0.0.1
request query:  {"token":"eyJhbGciOiJIUzI1NiIsInR5cCI6IkpXVCJ9.eyJkYXRhIjp7ImlkIjoiNDQ2NzBmYjYtNmI1Yi00Zjk5LWEyZmQtYWVjMGU3OGUyZjljIiwibmFtZSI6ImFkbWluIiwiZ2VuZGVyIjp0cnVlLCJlbWFpbCI6IjM3ODMzODYyN0BxcS5jb20ifSwiaWF0IjoxNTA0NjYwOTg1LCJleHAiOjE1MDQ3NDczODV9.H1YTPYVia5tiLYPDP5KX6ACvCJR912Q5tiIEjTLWhcw"}
response time: 102
response status: 200
response body: 
{"status":0,"data":{"name":"admin","email":"378338627@qq.com","phone":"15822927208","password":"$2a$10$3b8t0tINy91hvA6CG4/3V.uP0Utgu/UUTUy0PhSNFCIIvbTWJLwZe","gender":true,"token":"eyJhbGciOiJIUzI1NiIsInR5cCI6IkpXVCJ9.eyJkYXRhIjp7ImlkIjoiNDQ2NzBmYjYtNmI1Yi00Zjk5LWEyZmQtYWVjMGU3OGUyZjljIiwibmFtZSI6ImFkbWluIiwiZ2VuZGVyIjp0cnVlLCJlbWFpbCI6IjM3ODMzODYyN0BxcS5jb20ifSwiaWF0IjoxNTA0NjYwOTg1LCJleHAiOjE1MDQ3NDczODV9.H1YTPYVia5tiLYPDP5KX6ACvCJR912Q5tiIEjTLWhcw","canLogin":true,"status":1,"id":"44670fb6-6b5b-4f99-a2fd-aec0e78e2f9c","createdAt":1504660901215,"updatedAt":1504660985520,"version":1}}
*************** response log end ***************

[2017-09-06 09:42:12.595] [INFO] resLogger - 
*************** response log start ***************
request method: GET
request originalUrl:  /api/groups/ce8e5a6f-a47f-40d9-84c6-192d06fa7376?token=eyJhbGciOiJIUzI1NiIsInR5cCI6IkpXVCJ9.eyJkYXRhIjp7ImlkIjoiNDQ2NzBmYjYtNmI1Yi00Zjk5LWEyZmQtYWVjMGU3OGUyZjljIiwibmFtZSI6ImFkbWluIiwiZ2VuZGVyIjp0cnVlLCJlbWFpbCI6IjM3ODMzODYyN0BxcS5jb20ifSwiaWF0IjoxNTA0NjYwOTg1LCJleHAiOjE1MDQ3NDczODV9.H1YTPYVia5tiLYPDP5KX6ACvCJR912Q5tiIEjTLWhcw
request client ip:  ::ffff:127.0.0.1
request query:  {"token":"eyJhbGciOiJIUzI1NiIsInR5cCI6IkpXVCJ9.eyJkYXRhIjp7ImlkIjoiNDQ2NzBmYjYtNmI1Yi00Zjk5LWEyZmQtYWVjMGU3OGUyZjljIiwibmFtZSI6ImFkbWluIiwiZ2VuZGVyIjp0cnVlLCJlbWFpbCI6IjM3ODMzODYyN0BxcS5jb20ifSwiaWF0IjoxNTA0NjYwOTg1LCJleHAiOjE1MDQ3NDczODV9.H1YTPYVia5tiLYPDP5KX6ACvCJR912Q5tiIEjTLWhcw"}
response time: 55
response status: 200
response body: 
{"status":0,"data":{"name":"控股公司","description":"group2","status":1,"id":"ce8e5a6f-a47f-40d9-84c6-192d06fa7376","createdAt":1504660901218,"updatedAt":1504662110963,"version":1}}
*************** response log end ***************

[2017-09-06 09:47:30.480] [INFO] resLogger - 
*************** response log start ***************
request method: GET
request originalUrl:  /api/user/?token=eyJhbGciOiJIUzI1NiIsInR5cCI6IkpXVCJ9.eyJkYXRhIjp7ImlkIjoiNDQ2NzBmYjYtNmI1Yi00Zjk5LWEyZmQtYWVjMGU3OGUyZjljIiwibmFtZSI6ImFkbWluIiwiZ2VuZGVyIjp0cnVlLCJlbWFpbCI6IjM3ODMzODYyN0BxcS5jb20ifSwiaWF0IjoxNTA0NjYwOTg1LCJleHAiOjE1MDQ3NDczODV9.H1YTPYVia5tiLYPDP5KX6ACvCJR912Q5tiIEjTLWhcw
request client ip:  ::ffff:127.0.0.1
request query:  {"token":"eyJhbGciOiJIUzI1NiIsInR5cCI6IkpXVCJ9.eyJkYXRhIjp7ImlkIjoiNDQ2NzBmYjYtNmI1Yi00Zjk5LWEyZmQtYWVjMGU3OGUyZjljIiwibmFtZSI6ImFkbWluIiwiZ2VuZGVyIjp0cnVlLCJlbWFpbCI6IjM3ODMzODYyN0BxcS5jb20ifSwiaWF0IjoxNTA0NjYwOTg1LCJleHAiOjE1MDQ3NDczODV9.H1YTPYVia5tiLYPDP5KX6ACvCJR912Q5tiIEjTLWhcw"}
response time: 134
response status: 200
response body: 
{"status":0,"data":{"name":"admin","email":"378338627@qq.com","phone":"15822927208","password":"$2a$10$3b8t0tINy91hvA6CG4/3V.uP0Utgu/UUTUy0PhSNFCIIvbTWJLwZe","gender":true,"token":"eyJhbGciOiJIUzI1NiIsInR5cCI6IkpXVCJ9.eyJkYXRhIjp7ImlkIjoiNDQ2NzBmYjYtNmI1Yi00Zjk5LWEyZmQtYWVjMGU3OGUyZjljIiwibmFtZSI6ImFkbWluIiwiZ2VuZGVyIjp0cnVlLCJlbWFpbCI6IjM3ODMzODYyN0BxcS5jb20ifSwiaWF0IjoxNTA0NjYwOTg1LCJleHAiOjE1MDQ3NDczODV9.H1YTPYVia5tiLYPDP5KX6ACvCJR912Q5tiIEjTLWhcw","canLogin":true,"status":1,"id":"44670fb6-6b5b-4f99-a2fd-aec0e78e2f9c","createdAt":1504660901215,"updatedAt":1504660985520,"version":1}}
*************** response log end ***************

[2017-09-06 09:47:30.656] [INFO] resLogger - 
*************** response log start ***************
request method: GET
request originalUrl:  /api/groups/ce8e5a6f-a47f-40d9-84c6-192d06fa7376?token=eyJhbGciOiJIUzI1NiIsInR5cCI6IkpXVCJ9.eyJkYXRhIjp7ImlkIjoiNDQ2NzBmYjYtNmI1Yi00Zjk5LWEyZmQtYWVjMGU3OGUyZjljIiwibmFtZSI6ImFkbWluIiwiZ2VuZGVyIjp0cnVlLCJlbWFpbCI6IjM3ODMzODYyN0BxcS5jb20ifSwiaWF0IjoxNTA0NjYwOTg1LCJleHAiOjE1MDQ3NDczODV9.H1YTPYVia5tiLYPDP5KX6ACvCJR912Q5tiIEjTLWhcw
request client ip:  ::ffff:127.0.0.1
request query:  {"token":"eyJhbGciOiJIUzI1NiIsInR5cCI6IkpXVCJ9.eyJkYXRhIjp7ImlkIjoiNDQ2NzBmYjYtNmI1Yi00Zjk5LWEyZmQtYWVjMGU3OGUyZjljIiwibmFtZSI6ImFkbWluIiwiZ2VuZGVyIjp0cnVlLCJlbWFpbCI6IjM3ODMzODYyN0BxcS5jb20ifSwiaWF0IjoxNTA0NjYwOTg1LCJleHAiOjE1MDQ3NDczODV9.H1YTPYVia5tiLYPDP5KX6ACvCJR912Q5tiIEjTLWhcw"}
response time: 86
response status: 200
response body: 
{"status":0,"data":{"name":"控股公司","description":"group2","status":1,"id":"ce8e5a6f-a47f-40d9-84c6-192d06fa7376","createdAt":1504660901218,"updatedAt":1504662110963,"version":1}}
*************** response log end ***************

[2017-09-06 09:47:38.440] [INFO] resLogger - 
*************** response log start ***************
request method: GET
request originalUrl:  /api/user/?token=eyJhbGciOiJIUzI1NiIsInR5cCI6IkpXVCJ9.eyJkYXRhIjp7ImlkIjoiNDQ2NzBmYjYtNmI1Yi00Zjk5LWEyZmQtYWVjMGU3OGUyZjljIiwibmFtZSI6ImFkbWluIiwiZ2VuZGVyIjp0cnVlLCJlbWFpbCI6IjM3ODMzODYyN0BxcS5jb20ifSwiaWF0IjoxNTA0NjYwOTg1LCJleHAiOjE1MDQ3NDczODV9.H1YTPYVia5tiLYPDP5KX6ACvCJR912Q5tiIEjTLWhcw
request client ip:  ::ffff:127.0.0.1
request query:  {"token":"eyJhbGciOiJIUzI1NiIsInR5cCI6IkpXVCJ9.eyJkYXRhIjp7ImlkIjoiNDQ2NzBmYjYtNmI1Yi00Zjk5LWEyZmQtYWVjMGU3OGUyZjljIiwibmFtZSI6ImFkbWluIiwiZ2VuZGVyIjp0cnVlLCJlbWFpbCI6IjM3ODMzODYyN0BxcS5jb20ifSwiaWF0IjoxNTA0NjYwOTg1LCJleHAiOjE1MDQ3NDczODV9.H1YTPYVia5tiLYPDP5KX6ACvCJR912Q5tiIEjTLWhcw"}
response time: 57
response status: 200
response body: 
{"status":0,"data":{"name":"admin","email":"378338627@qq.com","phone":"15822927208","password":"$2a$10$3b8t0tINy91hvA6CG4/3V.uP0Utgu/UUTUy0PhSNFCIIvbTWJLwZe","gender":true,"token":"eyJhbGciOiJIUzI1NiIsInR5cCI6IkpXVCJ9.eyJkYXRhIjp7ImlkIjoiNDQ2NzBmYjYtNmI1Yi00Zjk5LWEyZmQtYWVjMGU3OGUyZjljIiwibmFtZSI6ImFkbWluIiwiZ2VuZGVyIjp0cnVlLCJlbWFpbCI6IjM3ODMzODYyN0BxcS5jb20ifSwiaWF0IjoxNTA0NjYwOTg1LCJleHAiOjE1MDQ3NDczODV9.H1YTPYVia5tiLYPDP5KX6ACvCJR912Q5tiIEjTLWhcw","canLogin":true,"status":1,"id":"44670fb6-6b5b-4f99-a2fd-aec0e78e2f9c","createdAt":1504660901215,"updatedAt":1504660985520,"version":1}}
*************** response log end ***************

[2017-09-06 09:47:38.541] [INFO] resLogger - 
*************** response log start ***************
request method: GET
request originalUrl:  /api/groups/list/page/1?token=eyJhbGciOiJIUzI1NiIsInR5cCI6IkpXVCJ9.eyJkYXRhIjp7ImlkIjoiNDQ2NzBmYjYtNmI1Yi00Zjk5LWEyZmQtYWVjMGU3OGUyZjljIiwibmFtZSI6ImFkbWluIiwiZ2VuZGVyIjp0cnVlLCJlbWFpbCI6IjM3ODMzODYyN0BxcS5jb20ifSwiaWF0IjoxNTA0NjYwOTg1LCJleHAiOjE1MDQ3NDczODV9.H1YTPYVia5tiLYPDP5KX6ACvCJR912Q5tiIEjTLWhcw
request client ip:  ::ffff:127.0.0.1
request query:  {"token":"eyJhbGciOiJIUzI1NiIsInR5cCI6IkpXVCJ9.eyJkYXRhIjp7ImlkIjoiNDQ2NzBmYjYtNmI1Yi00Zjk5LWEyZmQtYWVjMGU3OGUyZjljIiwibmFtZSI6ImFkbWluIiwiZ2VuZGVyIjp0cnVlLCJlbWFpbCI6IjM3ODMzODYyN0BxcS5jb20ifSwiaWF0IjoxNTA0NjYwOTg1LCJleHAiOjE1MDQ3NDczODV9.H1YTPYVia5tiLYPDP5KX6ACvCJR912Q5tiIEjTLWhcw"}
response time: 98
response status: 200
response body: 
{"status":0,"data":[{"name":"控股公司","description":"group2","status":1,"id":"ce8e5a6f-a47f-40d9-84c6-192d06fa7376","createdAt":1504660901218,"updatedAt":1504662110963,"version":1},{"name":"管委会","description":"group1","status":1,"id":"b5b31181-d6fb-4659-aca9-77033f149df2","createdAt":1504660901217,"updatedAt":1504660901217,"version":0}],"total":2}
*************** response log end ***************

[2017-09-06 09:47:39.609] [INFO] resLogger - 
*************** response log start ***************
request method: GET
request originalUrl:  /api/groups/ce8e5a6f-a47f-40d9-84c6-192d06fa7376?token=eyJhbGciOiJIUzI1NiIsInR5cCI6IkpXVCJ9.eyJkYXRhIjp7ImlkIjoiNDQ2NzBmYjYtNmI1Yi00Zjk5LWEyZmQtYWVjMGU3OGUyZjljIiwibmFtZSI6ImFkbWluIiwiZ2VuZGVyIjp0cnVlLCJlbWFpbCI6IjM3ODMzODYyN0BxcS5jb20ifSwiaWF0IjoxNTA0NjYwOTg1LCJleHAiOjE1MDQ3NDczODV9.H1YTPYVia5tiLYPDP5KX6ACvCJR912Q5tiIEjTLWhcw
request client ip:  ::ffff:127.0.0.1
request query:  {"token":"eyJhbGciOiJIUzI1NiIsInR5cCI6IkpXVCJ9.eyJkYXRhIjp7ImlkIjoiNDQ2NzBmYjYtNmI1Yi00Zjk5LWEyZmQtYWVjMGU3OGUyZjljIiwibmFtZSI6ImFkbWluIiwiZ2VuZGVyIjp0cnVlLCJlbWFpbCI6IjM3ODMzODYyN0BxcS5jb20ifSwiaWF0IjoxNTA0NjYwOTg1LCJleHAiOjE1MDQ3NDczODV9.H1YTPYVia5tiLYPDP5KX6ACvCJR912Q5tiIEjTLWhcw"}
response time: 44
response status: 200
response body: 
{"status":0,"data":{"name":"控股公司","description":"group2","status":1,"id":"ce8e5a6f-a47f-40d9-84c6-192d06fa7376","createdAt":1504660901218,"updatedAt":1504662110963,"version":1}}
*************** response log end ***************

[2017-09-06 09:49:11.442] [INFO] resLogger - 
*************** response log start ***************
request method: GET
request originalUrl:  /api/user/?token=eyJhbGciOiJIUzI1NiIsInR5cCI6IkpXVCJ9.eyJkYXRhIjp7ImlkIjoiNDQ2NzBmYjYtNmI1Yi00Zjk5LWEyZmQtYWVjMGU3OGUyZjljIiwibmFtZSI6ImFkbWluIiwiZ2VuZGVyIjp0cnVlLCJlbWFpbCI6IjM3ODMzODYyN0BxcS5jb20ifSwiaWF0IjoxNTA0NjYwOTg1LCJleHAiOjE1MDQ3NDczODV9.H1YTPYVia5tiLYPDP5KX6ACvCJR912Q5tiIEjTLWhcw
request client ip:  ::ffff:127.0.0.1
request query:  {"token":"eyJhbGciOiJIUzI1NiIsInR5cCI6IkpXVCJ9.eyJkYXRhIjp7ImlkIjoiNDQ2NzBmYjYtNmI1Yi00Zjk5LWEyZmQtYWVjMGU3OGUyZjljIiwibmFtZSI6ImFkbWluIiwiZ2VuZGVyIjp0cnVlLCJlbWFpbCI6IjM3ODMzODYyN0BxcS5jb20ifSwiaWF0IjoxNTA0NjYwOTg1LCJleHAiOjE1MDQ3NDczODV9.H1YTPYVia5tiLYPDP5KX6ACvCJR912Q5tiIEjTLWhcw"}
response time: 116
response status: 200
response body: 
{"status":0,"data":{"name":"admin","email":"378338627@qq.com","phone":"15822927208","password":"$2a$10$3b8t0tINy91hvA6CG4/3V.uP0Utgu/UUTUy0PhSNFCIIvbTWJLwZe","gender":true,"token":"eyJhbGciOiJIUzI1NiIsInR5cCI6IkpXVCJ9.eyJkYXRhIjp7ImlkIjoiNDQ2NzBmYjYtNmI1Yi00Zjk5LWEyZmQtYWVjMGU3OGUyZjljIiwibmFtZSI6ImFkbWluIiwiZ2VuZGVyIjp0cnVlLCJlbWFpbCI6IjM3ODMzODYyN0BxcS5jb20ifSwiaWF0IjoxNTA0NjYwOTg1LCJleHAiOjE1MDQ3NDczODV9.H1YTPYVia5tiLYPDP5KX6ACvCJR912Q5tiIEjTLWhcw","canLogin":true,"status":1,"id":"44670fb6-6b5b-4f99-a2fd-aec0e78e2f9c","createdAt":1504660901215,"updatedAt":1504660985520,"version":1}}
*************** response log end ***************

[2017-09-06 09:49:11.726] [INFO] resLogger - 
*************** response log start ***************
request method: GET
request originalUrl:  /api/groups/ce8e5a6f-a47f-40d9-84c6-192d06fa7376?token=eyJhbGciOiJIUzI1NiIsInR5cCI6IkpXVCJ9.eyJkYXRhIjp7ImlkIjoiNDQ2NzBmYjYtNmI1Yi00Zjk5LWEyZmQtYWVjMGU3OGUyZjljIiwibmFtZSI6ImFkbWluIiwiZ2VuZGVyIjp0cnVlLCJlbWFpbCI6IjM3ODMzODYyN0BxcS5jb20ifSwiaWF0IjoxNTA0NjYwOTg1LCJleHAiOjE1MDQ3NDczODV9.H1YTPYVia5tiLYPDP5KX6ACvCJR912Q5tiIEjTLWhcw
request client ip:  ::ffff:127.0.0.1
request query:  {"token":"eyJhbGciOiJIUzI1NiIsInR5cCI6IkpXVCJ9.eyJkYXRhIjp7ImlkIjoiNDQ2NzBmYjYtNmI1Yi00Zjk5LWEyZmQtYWVjMGU3OGUyZjljIiwibmFtZSI6ImFkbWluIiwiZ2VuZGVyIjp0cnVlLCJlbWFpbCI6IjM3ODMzODYyN0BxcS5jb20ifSwiaWF0IjoxNTA0NjYwOTg1LCJleHAiOjE1MDQ3NDczODV9.H1YTPYVia5tiLYPDP5KX6ACvCJR912Q5tiIEjTLWhcw"}
response time: 137
response status: 200
response body: 
{"status":0,"data":{"name":"控股公司","description":"group2","status":1,"id":"ce8e5a6f-a47f-40d9-84c6-192d06fa7376","createdAt":1504660901218,"updatedAt":1504662110963,"version":1}}
*************** response log end ***************

[2017-09-06 09:49:30.882] [INFO] resLogger - 
*************** response log start ***************
request method: GET
request originalUrl:  /api/user/?token=eyJhbGciOiJIUzI1NiIsInR5cCI6IkpXVCJ9.eyJkYXRhIjp7ImlkIjoiNDQ2NzBmYjYtNmI1Yi00Zjk5LWEyZmQtYWVjMGU3OGUyZjljIiwibmFtZSI6ImFkbWluIiwiZ2VuZGVyIjp0cnVlLCJlbWFpbCI6IjM3ODMzODYyN0BxcS5jb20ifSwiaWF0IjoxNTA0NjYwOTg1LCJleHAiOjE1MDQ3NDczODV9.H1YTPYVia5tiLYPDP5KX6ACvCJR912Q5tiIEjTLWhcw
request client ip:  ::ffff:127.0.0.1
request query:  {"token":"eyJhbGciOiJIUzI1NiIsInR5cCI6IkpXVCJ9.eyJkYXRhIjp7ImlkIjoiNDQ2NzBmYjYtNmI1Yi00Zjk5LWEyZmQtYWVjMGU3OGUyZjljIiwibmFtZSI6ImFkbWluIiwiZ2VuZGVyIjp0cnVlLCJlbWFpbCI6IjM3ODMzODYyN0BxcS5jb20ifSwiaWF0IjoxNTA0NjYwOTg1LCJleHAiOjE1MDQ3NDczODV9.H1YTPYVia5tiLYPDP5KX6ACvCJR912Q5tiIEjTLWhcw"}
response time: 120
response status: 200
response body: 
{"status":0,"data":{"name":"admin","email":"378338627@qq.com","phone":"15822927208","password":"$2a$10$3b8t0tINy91hvA6CG4/3V.uP0Utgu/UUTUy0PhSNFCIIvbTWJLwZe","gender":true,"token":"eyJhbGciOiJIUzI1NiIsInR5cCI6IkpXVCJ9.eyJkYXRhIjp7ImlkIjoiNDQ2NzBmYjYtNmI1Yi00Zjk5LWEyZmQtYWVjMGU3OGUyZjljIiwibmFtZSI6ImFkbWluIiwiZ2VuZGVyIjp0cnVlLCJlbWFpbCI6IjM3ODMzODYyN0BxcS5jb20ifSwiaWF0IjoxNTA0NjYwOTg1LCJleHAiOjE1MDQ3NDczODV9.H1YTPYVia5tiLYPDP5KX6ACvCJR912Q5tiIEjTLWhcw","canLogin":true,"status":1,"id":"44670fb6-6b5b-4f99-a2fd-aec0e78e2f9c","createdAt":1504660901215,"updatedAt":1504660985520,"version":1}}
*************** response log end ***************

[2017-09-06 09:49:31.046] [INFO] resLogger - 
*************** response log start ***************
request method: GET
request originalUrl:  /api/groups/ce8e5a6f-a47f-40d9-84c6-192d06fa7376?token=eyJhbGciOiJIUzI1NiIsInR5cCI6IkpXVCJ9.eyJkYXRhIjp7ImlkIjoiNDQ2NzBmYjYtNmI1Yi00Zjk5LWEyZmQtYWVjMGU3OGUyZjljIiwibmFtZSI6ImFkbWluIiwiZ2VuZGVyIjp0cnVlLCJlbWFpbCI6IjM3ODMzODYyN0BxcS5jb20ifSwiaWF0IjoxNTA0NjYwOTg1LCJleHAiOjE1MDQ3NDczODV9.H1YTPYVia5tiLYPDP5KX6ACvCJR912Q5tiIEjTLWhcw
request client ip:  ::ffff:127.0.0.1
request query:  {"token":"eyJhbGciOiJIUzI1NiIsInR5cCI6IkpXVCJ9.eyJkYXRhIjp7ImlkIjoiNDQ2NzBmYjYtNmI1Yi00Zjk5LWEyZmQtYWVjMGU3OGUyZjljIiwibmFtZSI6ImFkbWluIiwiZ2VuZGVyIjp0cnVlLCJlbWFpbCI6IjM3ODMzODYyN0BxcS5jb20ifSwiaWF0IjoxNTA0NjYwOTg1LCJleHAiOjE1MDQ3NDczODV9.H1YTPYVia5tiLYPDP5KX6ACvCJR912Q5tiIEjTLWhcw"}
response time: 81
response status: 200
response body: 
{"status":0,"data":{"name":"控股公司","description":"group2","status":1,"id":"ce8e5a6f-a47f-40d9-84c6-192d06fa7376","createdAt":1504660901218,"updatedAt":1504662110963,"version":1}}
*************** response log end ***************

[2017-09-06 09:51:22.508] [INFO] resLogger - 
*************** response log start ***************
request method: GET
request originalUrl:  /api/user/?token=eyJhbGciOiJIUzI1NiIsInR5cCI6IkpXVCJ9.eyJkYXRhIjp7ImlkIjoiNDQ2NzBmYjYtNmI1Yi00Zjk5LWEyZmQtYWVjMGU3OGUyZjljIiwibmFtZSI6ImFkbWluIiwiZ2VuZGVyIjp0cnVlLCJlbWFpbCI6IjM3ODMzODYyN0BxcS5jb20ifSwiaWF0IjoxNTA0NjYwOTg1LCJleHAiOjE1MDQ3NDczODV9.H1YTPYVia5tiLYPDP5KX6ACvCJR912Q5tiIEjTLWhcw
request client ip:  ::ffff:127.0.0.1
request query:  {"token":"eyJhbGciOiJIUzI1NiIsInR5cCI6IkpXVCJ9.eyJkYXRhIjp7ImlkIjoiNDQ2NzBmYjYtNmI1Yi00Zjk5LWEyZmQtYWVjMGU3OGUyZjljIiwibmFtZSI6ImFkbWluIiwiZ2VuZGVyIjp0cnVlLCJlbWFpbCI6IjM3ODMzODYyN0BxcS5jb20ifSwiaWF0IjoxNTA0NjYwOTg1LCJleHAiOjE1MDQ3NDczODV9.H1YTPYVia5tiLYPDP5KX6ACvCJR912Q5tiIEjTLWhcw"}
response time: 105
response status: 200
response body: 
{"status":0,"data":{"name":"admin","email":"378338627@qq.com","phone":"15822927208","password":"$2a$10$3b8t0tINy91hvA6CG4/3V.uP0Utgu/UUTUy0PhSNFCIIvbTWJLwZe","gender":true,"token":"eyJhbGciOiJIUzI1NiIsInR5cCI6IkpXVCJ9.eyJkYXRhIjp7ImlkIjoiNDQ2NzBmYjYtNmI1Yi00Zjk5LWEyZmQtYWVjMGU3OGUyZjljIiwibmFtZSI6ImFkbWluIiwiZ2VuZGVyIjp0cnVlLCJlbWFpbCI6IjM3ODMzODYyN0BxcS5jb20ifSwiaWF0IjoxNTA0NjYwOTg1LCJleHAiOjE1MDQ3NDczODV9.H1YTPYVia5tiLYPDP5KX6ACvCJR912Q5tiIEjTLWhcw","canLogin":true,"status":1,"id":"44670fb6-6b5b-4f99-a2fd-aec0e78e2f9c","createdAt":1504660901215,"updatedAt":1504660985520,"version":1}}
*************** response log end ***************

[2017-09-06 09:51:22.714] [INFO] resLogger - 
*************** response log start ***************
request method: GET
request originalUrl:  /api/groups/ce8e5a6f-a47f-40d9-84c6-192d06fa7376?token=eyJhbGciOiJIUzI1NiIsInR5cCI6IkpXVCJ9.eyJkYXRhIjp7ImlkIjoiNDQ2NzBmYjYtNmI1Yi00Zjk5LWEyZmQtYWVjMGU3OGUyZjljIiwibmFtZSI6ImFkbWluIiwiZ2VuZGVyIjp0cnVlLCJlbWFpbCI6IjM3ODMzODYyN0BxcS5jb20ifSwiaWF0IjoxNTA0NjYwOTg1LCJleHAiOjE1MDQ3NDczODV9.H1YTPYVia5tiLYPDP5KX6ACvCJR912Q5tiIEjTLWhcw
request client ip:  ::ffff:127.0.0.1
request query:  {"token":"eyJhbGciOiJIUzI1NiIsInR5cCI6IkpXVCJ9.eyJkYXRhIjp7ImlkIjoiNDQ2NzBmYjYtNmI1Yi00Zjk5LWEyZmQtYWVjMGU3OGUyZjljIiwibmFtZSI6ImFkbWluIiwiZ2VuZGVyIjp0cnVlLCJlbWFpbCI6IjM3ODMzODYyN0BxcS5jb20ifSwiaWF0IjoxNTA0NjYwOTg1LCJleHAiOjE1MDQ3NDczODV9.H1YTPYVia5tiLYPDP5KX6ACvCJR912Q5tiIEjTLWhcw"}
response time: 68
response status: 200
response body: 
{"status":0,"data":{"name":"控股公司","description":"group2","status":1,"id":"ce8e5a6f-a47f-40d9-84c6-192d06fa7376","createdAt":1504660901218,"updatedAt":1504662110963,"version":1}}
*************** response log end ***************

[2017-09-06 09:52:14.658] [INFO] resLogger - 
*************** response log start ***************
request method: GET
request originalUrl:  /api/user/?token=eyJhbGciOiJIUzI1NiIsInR5cCI6IkpXVCJ9.eyJkYXRhIjp7ImlkIjoiNDQ2NzBmYjYtNmI1Yi00Zjk5LWEyZmQtYWVjMGU3OGUyZjljIiwibmFtZSI6ImFkbWluIiwiZ2VuZGVyIjp0cnVlLCJlbWFpbCI6IjM3ODMzODYyN0BxcS5jb20ifSwiaWF0IjoxNTA0NjYwOTg1LCJleHAiOjE1MDQ3NDczODV9.H1YTPYVia5tiLYPDP5KX6ACvCJR912Q5tiIEjTLWhcw
request client ip:  ::ffff:127.0.0.1
request query:  {"token":"eyJhbGciOiJIUzI1NiIsInR5cCI6IkpXVCJ9.eyJkYXRhIjp7ImlkIjoiNDQ2NzBmYjYtNmI1Yi00Zjk5LWEyZmQtYWVjMGU3OGUyZjljIiwibmFtZSI6ImFkbWluIiwiZ2VuZGVyIjp0cnVlLCJlbWFpbCI6IjM3ODMzODYyN0BxcS5jb20ifSwiaWF0IjoxNTA0NjYwOTg1LCJleHAiOjE1MDQ3NDczODV9.H1YTPYVia5tiLYPDP5KX6ACvCJR912Q5tiIEjTLWhcw"}
response time: 56
response status: 200
response body: 
{"status":0,"data":{"name":"admin","email":"378338627@qq.com","phone":"15822927208","password":"$2a$10$3b8t0tINy91hvA6CG4/3V.uP0Utgu/UUTUy0PhSNFCIIvbTWJLwZe","gender":true,"token":"eyJhbGciOiJIUzI1NiIsInR5cCI6IkpXVCJ9.eyJkYXRhIjp7ImlkIjoiNDQ2NzBmYjYtNmI1Yi00Zjk5LWEyZmQtYWVjMGU3OGUyZjljIiwibmFtZSI6ImFkbWluIiwiZ2VuZGVyIjp0cnVlLCJlbWFpbCI6IjM3ODMzODYyN0BxcS5jb20ifSwiaWF0IjoxNTA0NjYwOTg1LCJleHAiOjE1MDQ3NDczODV9.H1YTPYVia5tiLYPDP5KX6ACvCJR912Q5tiIEjTLWhcw","canLogin":true,"status":1,"id":"44670fb6-6b5b-4f99-a2fd-aec0e78e2f9c","createdAt":1504660901215,"updatedAt":1504660985520,"version":1}}
*************** response log end ***************

[2017-09-06 09:52:15.021] [INFO] resLogger - 
*************** response log start ***************
request method: GET
request originalUrl:  /api/groups/ce8e5a6f-a47f-40d9-84c6-192d06fa7376?token=eyJhbGciOiJIUzI1NiIsInR5cCI6IkpXVCJ9.eyJkYXRhIjp7ImlkIjoiNDQ2NzBmYjYtNmI1Yi00Zjk5LWEyZmQtYWVjMGU3OGUyZjljIiwibmFtZSI6ImFkbWluIiwiZ2VuZGVyIjp0cnVlLCJlbWFpbCI6IjM3ODMzODYyN0BxcS5jb20ifSwiaWF0IjoxNTA0NjYwOTg1LCJleHAiOjE1MDQ3NDczODV9.H1YTPYVia5tiLYPDP5KX6ACvCJR912Q5tiIEjTLWhcw
request client ip:  ::ffff:127.0.0.1
request query:  {"token":"eyJhbGciOiJIUzI1NiIsInR5cCI6IkpXVCJ9.eyJkYXRhIjp7ImlkIjoiNDQ2NzBmYjYtNmI1Yi00Zjk5LWEyZmQtYWVjMGU3OGUyZjljIiwibmFtZSI6ImFkbWluIiwiZ2VuZGVyIjp0cnVlLCJlbWFpbCI6IjM3ODMzODYyN0BxcS5jb20ifSwiaWF0IjoxNTA0NjYwOTg1LCJleHAiOjE1MDQ3NDczODV9.H1YTPYVia5tiLYPDP5KX6ACvCJR912Q5tiIEjTLWhcw"}
response time: 73
response status: 200
response body: 
{"status":0,"data":{"name":"控股公司","description":"group2","status":1,"id":"ce8e5a6f-a47f-40d9-84c6-192d06fa7376","createdAt":1504660901218,"updatedAt":1504662110963,"version":1}}
*************** response log end ***************

[2017-09-06 09:52:33.098] [INFO] resLogger - 
*************** response log start ***************
request method: GET
request originalUrl:  /api/user/?token=eyJhbGciOiJIUzI1NiIsInR5cCI6IkpXVCJ9.eyJkYXRhIjp7ImlkIjoiNDQ2NzBmYjYtNmI1Yi00Zjk5LWEyZmQtYWVjMGU3OGUyZjljIiwibmFtZSI6ImFkbWluIiwiZ2VuZGVyIjp0cnVlLCJlbWFpbCI6IjM3ODMzODYyN0BxcS5jb20ifSwiaWF0IjoxNTA0NjYwOTg1LCJleHAiOjE1MDQ3NDczODV9.H1YTPYVia5tiLYPDP5KX6ACvCJR912Q5tiIEjTLWhcw
request client ip:  ::ffff:127.0.0.1
request query:  {"token":"eyJhbGciOiJIUzI1NiIsInR5cCI6IkpXVCJ9.eyJkYXRhIjp7ImlkIjoiNDQ2NzBmYjYtNmI1Yi00Zjk5LWEyZmQtYWVjMGU3OGUyZjljIiwibmFtZSI6ImFkbWluIiwiZ2VuZGVyIjp0cnVlLCJlbWFpbCI6IjM3ODMzODYyN0BxcS5jb20ifSwiaWF0IjoxNTA0NjYwOTg1LCJleHAiOjE1MDQ3NDczODV9.H1YTPYVia5tiLYPDP5KX6ACvCJR912Q5tiIEjTLWhcw"}
response time: 79
response status: 200
response body: 
{"status":0,"data":{"name":"admin","email":"378338627@qq.com","phone":"15822927208","password":"$2a$10$3b8t0tINy91hvA6CG4/3V.uP0Utgu/UUTUy0PhSNFCIIvbTWJLwZe","gender":true,"token":"eyJhbGciOiJIUzI1NiIsInR5cCI6IkpXVCJ9.eyJkYXRhIjp7ImlkIjoiNDQ2NzBmYjYtNmI1Yi00Zjk5LWEyZmQtYWVjMGU3OGUyZjljIiwibmFtZSI6ImFkbWluIiwiZ2VuZGVyIjp0cnVlLCJlbWFpbCI6IjM3ODMzODYyN0BxcS5jb20ifSwiaWF0IjoxNTA0NjYwOTg1LCJleHAiOjE1MDQ3NDczODV9.H1YTPYVia5tiLYPDP5KX6ACvCJR912Q5tiIEjTLWhcw","canLogin":true,"status":1,"id":"44670fb6-6b5b-4f99-a2fd-aec0e78e2f9c","createdAt":1504660901215,"updatedAt":1504660985520,"version":1}}
*************** response log end ***************

[2017-09-06 09:52:33.450] [INFO] resLogger - 
*************** response log start ***************
request method: GET
request originalUrl:  /api/groups/ce8e5a6f-a47f-40d9-84c6-192d06fa7376?token=eyJhbGciOiJIUzI1NiIsInR5cCI6IkpXVCJ9.eyJkYXRhIjp7ImlkIjoiNDQ2NzBmYjYtNmI1Yi00Zjk5LWEyZmQtYWVjMGU3OGUyZjljIiwibmFtZSI6ImFkbWluIiwiZ2VuZGVyIjp0cnVlLCJlbWFpbCI6IjM3ODMzODYyN0BxcS5jb20ifSwiaWF0IjoxNTA0NjYwOTg1LCJleHAiOjE1MDQ3NDczODV9.H1YTPYVia5tiLYPDP5KX6ACvCJR912Q5tiIEjTLWhcw
request client ip:  ::ffff:127.0.0.1
request query:  {"token":"eyJhbGciOiJIUzI1NiIsInR5cCI6IkpXVCJ9.eyJkYXRhIjp7ImlkIjoiNDQ2NzBmYjYtNmI1Yi00Zjk5LWEyZmQtYWVjMGU3OGUyZjljIiwibmFtZSI6ImFkbWluIiwiZ2VuZGVyIjp0cnVlLCJlbWFpbCI6IjM3ODMzODYyN0BxcS5jb20ifSwiaWF0IjoxNTA0NjYwOTg1LCJleHAiOjE1MDQ3NDczODV9.H1YTPYVia5tiLYPDP5KX6ACvCJR912Q5tiIEjTLWhcw"}
response time: 68
response status: 200
response body: 
{"status":0,"data":{"name":"控股公司","description":"group2","status":1,"id":"ce8e5a6f-a47f-40d9-84c6-192d06fa7376","createdAt":1504660901218,"updatedAt":1504662110963,"version":1}}
*************** response log end ***************

[2017-09-06 09:52:46.456] [INFO] resLogger - 
*************** response log start ***************
request method: GET
request originalUrl:  /api/user/?token=eyJhbGciOiJIUzI1NiIsInR5cCI6IkpXVCJ9.eyJkYXRhIjp7ImlkIjoiNDQ2NzBmYjYtNmI1Yi00Zjk5LWEyZmQtYWVjMGU3OGUyZjljIiwibmFtZSI6ImFkbWluIiwiZ2VuZGVyIjp0cnVlLCJlbWFpbCI6IjM3ODMzODYyN0BxcS5jb20ifSwiaWF0IjoxNTA0NjYwOTg1LCJleHAiOjE1MDQ3NDczODV9.H1YTPYVia5tiLYPDP5KX6ACvCJR912Q5tiIEjTLWhcw
request client ip:  ::ffff:127.0.0.1
request query:  {"token":"eyJhbGciOiJIUzI1NiIsInR5cCI6IkpXVCJ9.eyJkYXRhIjp7ImlkIjoiNDQ2NzBmYjYtNmI1Yi00Zjk5LWEyZmQtYWVjMGU3OGUyZjljIiwibmFtZSI6ImFkbWluIiwiZ2VuZGVyIjp0cnVlLCJlbWFpbCI6IjM3ODMzODYyN0BxcS5jb20ifSwiaWF0IjoxNTA0NjYwOTg1LCJleHAiOjE1MDQ3NDczODV9.H1YTPYVia5tiLYPDP5KX6ACvCJR912Q5tiIEjTLWhcw"}
response time: 109
response status: 200
response body: 
{"status":0,"data":{"name":"admin","email":"378338627@qq.com","phone":"15822927208","password":"$2a$10$3b8t0tINy91hvA6CG4/3V.uP0Utgu/UUTUy0PhSNFCIIvbTWJLwZe","gender":true,"token":"eyJhbGciOiJIUzI1NiIsInR5cCI6IkpXVCJ9.eyJkYXRhIjp7ImlkIjoiNDQ2NzBmYjYtNmI1Yi00Zjk5LWEyZmQtYWVjMGU3OGUyZjljIiwibmFtZSI6ImFkbWluIiwiZ2VuZGVyIjp0cnVlLCJlbWFpbCI6IjM3ODMzODYyN0BxcS5jb20ifSwiaWF0IjoxNTA0NjYwOTg1LCJleHAiOjE1MDQ3NDczODV9.H1YTPYVia5tiLYPDP5KX6ACvCJR912Q5tiIEjTLWhcw","canLogin":true,"status":1,"id":"44670fb6-6b5b-4f99-a2fd-aec0e78e2f9c","createdAt":1504660901215,"updatedAt":1504660985520,"version":1}}
*************** response log end ***************

[2017-09-06 09:52:46.657] [INFO] resLogger - 
*************** response log start ***************
request method: GET
request originalUrl:  /api/groups/ce8e5a6f-a47f-40d9-84c6-192d06fa7376?token=eyJhbGciOiJIUzI1NiIsInR5cCI6IkpXVCJ9.eyJkYXRhIjp7ImlkIjoiNDQ2NzBmYjYtNmI1Yi00Zjk5LWEyZmQtYWVjMGU3OGUyZjljIiwibmFtZSI6ImFkbWluIiwiZ2VuZGVyIjp0cnVlLCJlbWFpbCI6IjM3ODMzODYyN0BxcS5jb20ifSwiaWF0IjoxNTA0NjYwOTg1LCJleHAiOjE1MDQ3NDczODV9.H1YTPYVia5tiLYPDP5KX6ACvCJR912Q5tiIEjTLWhcw
request client ip:  ::ffff:127.0.0.1
request query:  {"token":"eyJhbGciOiJIUzI1NiIsInR5cCI6IkpXVCJ9.eyJkYXRhIjp7ImlkIjoiNDQ2NzBmYjYtNmI1Yi00Zjk5LWEyZmQtYWVjMGU3OGUyZjljIiwibmFtZSI6ImFkbWluIiwiZ2VuZGVyIjp0cnVlLCJlbWFpbCI6IjM3ODMzODYyN0BxcS5jb20ifSwiaWF0IjoxNTA0NjYwOTg1LCJleHAiOjE1MDQ3NDczODV9.H1YTPYVia5tiLYPDP5KX6ACvCJR912Q5tiIEjTLWhcw"}
response time: 60
response status: 200
response body: 
{"status":0,"data":{"name":"控股公司","description":"group2","status":1,"id":"ce8e5a6f-a47f-40d9-84c6-192d06fa7376","createdAt":1504660901218,"updatedAt":1504662110963,"version":1}}
*************** response log end ***************

[2017-09-06 09:53:16.828] [INFO] resLogger - 
*************** response log start ***************
request method: GET
request originalUrl:  /api/user/?token=eyJhbGciOiJIUzI1NiIsInR5cCI6IkpXVCJ9.eyJkYXRhIjp7ImlkIjoiNDQ2NzBmYjYtNmI1Yi00Zjk5LWEyZmQtYWVjMGU3OGUyZjljIiwibmFtZSI6ImFkbWluIiwiZ2VuZGVyIjp0cnVlLCJlbWFpbCI6IjM3ODMzODYyN0BxcS5jb20ifSwiaWF0IjoxNTA0NjYwOTg1LCJleHAiOjE1MDQ3NDczODV9.H1YTPYVia5tiLYPDP5KX6ACvCJR912Q5tiIEjTLWhcw
request client ip:  ::ffff:127.0.0.1
request query:  {"token":"eyJhbGciOiJIUzI1NiIsInR5cCI6IkpXVCJ9.eyJkYXRhIjp7ImlkIjoiNDQ2NzBmYjYtNmI1Yi00Zjk5LWEyZmQtYWVjMGU3OGUyZjljIiwibmFtZSI6ImFkbWluIiwiZ2VuZGVyIjp0cnVlLCJlbWFpbCI6IjM3ODMzODYyN0BxcS5jb20ifSwiaWF0IjoxNTA0NjYwOTg1LCJleHAiOjE1MDQ3NDczODV9.H1YTPYVia5tiLYPDP5KX6ACvCJR912Q5tiIEjTLWhcw"}
response time: 129
response status: 200
response body: 
{"status":0,"data":{"name":"admin","email":"378338627@qq.com","phone":"15822927208","password":"$2a$10$3b8t0tINy91hvA6CG4/3V.uP0Utgu/UUTUy0PhSNFCIIvbTWJLwZe","gender":true,"token":"eyJhbGciOiJIUzI1NiIsInR5cCI6IkpXVCJ9.eyJkYXRhIjp7ImlkIjoiNDQ2NzBmYjYtNmI1Yi00Zjk5LWEyZmQtYWVjMGU3OGUyZjljIiwibmFtZSI6ImFkbWluIiwiZ2VuZGVyIjp0cnVlLCJlbWFpbCI6IjM3ODMzODYyN0BxcS5jb20ifSwiaWF0IjoxNTA0NjYwOTg1LCJleHAiOjE1MDQ3NDczODV9.H1YTPYVia5tiLYPDP5KX6ACvCJR912Q5tiIEjTLWhcw","canLogin":true,"status":1,"id":"44670fb6-6b5b-4f99-a2fd-aec0e78e2f9c","createdAt":1504660901215,"updatedAt":1504660985520,"version":1}}
*************** response log end ***************

[2017-09-06 09:53:17.027] [INFO] resLogger - 
*************** response log start ***************
request method: GET
request originalUrl:  /api/groups/ce8e5a6f-a47f-40d9-84c6-192d06fa7376?token=eyJhbGciOiJIUzI1NiIsInR5cCI6IkpXVCJ9.eyJkYXRhIjp7ImlkIjoiNDQ2NzBmYjYtNmI1Yi00Zjk5LWEyZmQtYWVjMGU3OGUyZjljIiwibmFtZSI6ImFkbWluIiwiZ2VuZGVyIjp0cnVlLCJlbWFpbCI6IjM3ODMzODYyN0BxcS5jb20ifSwiaWF0IjoxNTA0NjYwOTg1LCJleHAiOjE1MDQ3NDczODV9.H1YTPYVia5tiLYPDP5KX6ACvCJR912Q5tiIEjTLWhcw
request client ip:  ::ffff:127.0.0.1
request query:  {"token":"eyJhbGciOiJIUzI1NiIsInR5cCI6IkpXVCJ9.eyJkYXRhIjp7ImlkIjoiNDQ2NzBmYjYtNmI1Yi00Zjk5LWEyZmQtYWVjMGU3OGUyZjljIiwibmFtZSI6ImFkbWluIiwiZ2VuZGVyIjp0cnVlLCJlbWFpbCI6IjM3ODMzODYyN0BxcS5jb20ifSwiaWF0IjoxNTA0NjYwOTg1LCJleHAiOjE1MDQ3NDczODV9.H1YTPYVia5tiLYPDP5KX6ACvCJR912Q5tiIEjTLWhcw"}
response time: 60
response status: 200
response body: 
{"status":0,"data":{"name":"控股公司","description":"group2","status":1,"id":"ce8e5a6f-a47f-40d9-84c6-192d06fa7376","createdAt":1504660901218,"updatedAt":1504662110963,"version":1}}
*************** response log end ***************

[2017-09-06 09:54:28.677] [INFO] resLogger - 
*************** response log start ***************
request method: GET
request originalUrl:  /api/user/?token=eyJhbGciOiJIUzI1NiIsInR5cCI6IkpXVCJ9.eyJkYXRhIjp7ImlkIjoiNDQ2NzBmYjYtNmI1Yi00Zjk5LWEyZmQtYWVjMGU3OGUyZjljIiwibmFtZSI6ImFkbWluIiwiZ2VuZGVyIjp0cnVlLCJlbWFpbCI6IjM3ODMzODYyN0BxcS5jb20ifSwiaWF0IjoxNTA0NjYwOTg1LCJleHAiOjE1MDQ3NDczODV9.H1YTPYVia5tiLYPDP5KX6ACvCJR912Q5tiIEjTLWhcw
request client ip:  ::ffff:127.0.0.1
request query:  {"token":"eyJhbGciOiJIUzI1NiIsInR5cCI6IkpXVCJ9.eyJkYXRhIjp7ImlkIjoiNDQ2NzBmYjYtNmI1Yi00Zjk5LWEyZmQtYWVjMGU3OGUyZjljIiwibmFtZSI6ImFkbWluIiwiZ2VuZGVyIjp0cnVlLCJlbWFpbCI6IjM3ODMzODYyN0BxcS5jb20ifSwiaWF0IjoxNTA0NjYwOTg1LCJleHAiOjE1MDQ3NDczODV9.H1YTPYVia5tiLYPDP5KX6ACvCJR912Q5tiIEjTLWhcw"}
response time: 110
response status: 200
response body: 
{"status":0,"data":{"name":"admin","email":"378338627@qq.com","phone":"15822927208","password":"$2a$10$3b8t0tINy91hvA6CG4/3V.uP0Utgu/UUTUy0PhSNFCIIvbTWJLwZe","gender":true,"token":"eyJhbGciOiJIUzI1NiIsInR5cCI6IkpXVCJ9.eyJkYXRhIjp7ImlkIjoiNDQ2NzBmYjYtNmI1Yi00Zjk5LWEyZmQtYWVjMGU3OGUyZjljIiwibmFtZSI6ImFkbWluIiwiZ2VuZGVyIjp0cnVlLCJlbWFpbCI6IjM3ODMzODYyN0BxcS5jb20ifSwiaWF0IjoxNTA0NjYwOTg1LCJleHAiOjE1MDQ3NDczODV9.H1YTPYVia5tiLYPDP5KX6ACvCJR912Q5tiIEjTLWhcw","canLogin":true,"status":1,"id":"44670fb6-6b5b-4f99-a2fd-aec0e78e2f9c","createdAt":1504660901215,"updatedAt":1504660985520,"version":1}}
*************** response log end ***************

[2017-09-06 09:54:28.871] [INFO] resLogger - 
*************** response log start ***************
request method: GET
request originalUrl:  /api/groups/ce8e5a6f-a47f-40d9-84c6-192d06fa7376?token=eyJhbGciOiJIUzI1NiIsInR5cCI6IkpXVCJ9.eyJkYXRhIjp7ImlkIjoiNDQ2NzBmYjYtNmI1Yi00Zjk5LWEyZmQtYWVjMGU3OGUyZjljIiwibmFtZSI6ImFkbWluIiwiZ2VuZGVyIjp0cnVlLCJlbWFpbCI6IjM3ODMzODYyN0BxcS5jb20ifSwiaWF0IjoxNTA0NjYwOTg1LCJleHAiOjE1MDQ3NDczODV9.H1YTPYVia5tiLYPDP5KX6ACvCJR912Q5tiIEjTLWhcw
request client ip:  ::ffff:127.0.0.1
request query:  {"token":"eyJhbGciOiJIUzI1NiIsInR5cCI6IkpXVCJ9.eyJkYXRhIjp7ImlkIjoiNDQ2NzBmYjYtNmI1Yi00Zjk5LWEyZmQtYWVjMGU3OGUyZjljIiwibmFtZSI6ImFkbWluIiwiZ2VuZGVyIjp0cnVlLCJlbWFpbCI6IjM3ODMzODYyN0BxcS5jb20ifSwiaWF0IjoxNTA0NjYwOTg1LCJleHAiOjE1MDQ3NDczODV9.H1YTPYVia5tiLYPDP5KX6ACvCJR912Q5tiIEjTLWhcw"}
response time: 66
response status: 200
response body: 
{"status":0,"data":{"name":"控股公司","description":"group2","status":1,"id":"ce8e5a6f-a47f-40d9-84c6-192d06fa7376","createdAt":1504660901218,"updatedAt":1504662110963,"version":1}}
*************** response log end ***************

[2017-09-06 09:55:14.457] [INFO] resLogger - 
*************** response log start ***************
request method: GET
request originalUrl:  /api/user/?token=eyJhbGciOiJIUzI1NiIsInR5cCI6IkpXVCJ9.eyJkYXRhIjp7ImlkIjoiNDQ2NzBmYjYtNmI1Yi00Zjk5LWEyZmQtYWVjMGU3OGUyZjljIiwibmFtZSI6ImFkbWluIiwiZ2VuZGVyIjp0cnVlLCJlbWFpbCI6IjM3ODMzODYyN0BxcS5jb20ifSwiaWF0IjoxNTA0NjYwOTg1LCJleHAiOjE1MDQ3NDczODV9.H1YTPYVia5tiLYPDP5KX6ACvCJR912Q5tiIEjTLWhcw
request client ip:  ::ffff:127.0.0.1
request query:  {"token":"eyJhbGciOiJIUzI1NiIsInR5cCI6IkpXVCJ9.eyJkYXRhIjp7ImlkIjoiNDQ2NzBmYjYtNmI1Yi00Zjk5LWEyZmQtYWVjMGU3OGUyZjljIiwibmFtZSI6ImFkbWluIiwiZ2VuZGVyIjp0cnVlLCJlbWFpbCI6IjM3ODMzODYyN0BxcS5jb20ifSwiaWF0IjoxNTA0NjYwOTg1LCJleHAiOjE1MDQ3NDczODV9.H1YTPYVia5tiLYPDP5KX6ACvCJR912Q5tiIEjTLWhcw"}
response time: 53
response status: 200
response body: 
{"status":0,"data":{"name":"admin","email":"378338627@qq.com","phone":"15822927208","password":"$2a$10$3b8t0tINy91hvA6CG4/3V.uP0Utgu/UUTUy0PhSNFCIIvbTWJLwZe","gender":true,"token":"eyJhbGciOiJIUzI1NiIsInR5cCI6IkpXVCJ9.eyJkYXRhIjp7ImlkIjoiNDQ2NzBmYjYtNmI1Yi00Zjk5LWEyZmQtYWVjMGU3OGUyZjljIiwibmFtZSI6ImFkbWluIiwiZ2VuZGVyIjp0cnVlLCJlbWFpbCI6IjM3ODMzODYyN0BxcS5jb20ifSwiaWF0IjoxNTA0NjYwOTg1LCJleHAiOjE1MDQ3NDczODV9.H1YTPYVia5tiLYPDP5KX6ACvCJR912Q5tiIEjTLWhcw","canLogin":true,"status":1,"id":"44670fb6-6b5b-4f99-a2fd-aec0e78e2f9c","createdAt":1504660901215,"updatedAt":1504660985520,"version":1}}
*************** response log end ***************

[2017-09-06 09:55:14.726] [INFO] resLogger - 
*************** response log start ***************
request method: GET
request originalUrl:  /api/groups/ce8e5a6f-a47f-40d9-84c6-192d06fa7376?token=eyJhbGciOiJIUzI1NiIsInR5cCI6IkpXVCJ9.eyJkYXRhIjp7ImlkIjoiNDQ2NzBmYjYtNmI1Yi00Zjk5LWEyZmQtYWVjMGU3OGUyZjljIiwibmFtZSI6ImFkbWluIiwiZ2VuZGVyIjp0cnVlLCJlbWFpbCI6IjM3ODMzODYyN0BxcS5jb20ifSwiaWF0IjoxNTA0NjYwOTg1LCJleHAiOjE1MDQ3NDczODV9.H1YTPYVia5tiLYPDP5KX6ACvCJR912Q5tiIEjTLWhcw
request client ip:  ::ffff:127.0.0.1
request query:  {"token":"eyJhbGciOiJIUzI1NiIsInR5cCI6IkpXVCJ9.eyJkYXRhIjp7ImlkIjoiNDQ2NzBmYjYtNmI1Yi00Zjk5LWEyZmQtYWVjMGU3OGUyZjljIiwibmFtZSI6ImFkbWluIiwiZ2VuZGVyIjp0cnVlLCJlbWFpbCI6IjM3ODMzODYyN0BxcS5jb20ifSwiaWF0IjoxNTA0NjYwOTg1LCJleHAiOjE1MDQ3NDczODV9.H1YTPYVia5tiLYPDP5KX6ACvCJR912Q5tiIEjTLWhcw"}
response time: 67
response status: 200
response body: 
{"status":0,"data":{"name":"控股公司","description":"group2","status":1,"id":"ce8e5a6f-a47f-40d9-84c6-192d06fa7376","createdAt":1504660901218,"updatedAt":1504662110963,"version":1}}
*************** response log end ***************

[2017-09-06 09:56:01.676] [INFO] resLogger - 
*************** response log start ***************
request method: GET
request originalUrl:  /api/user/?token=eyJhbGciOiJIUzI1NiIsInR5cCI6IkpXVCJ9.eyJkYXRhIjp7ImlkIjoiNDQ2NzBmYjYtNmI1Yi00Zjk5LWEyZmQtYWVjMGU3OGUyZjljIiwibmFtZSI6ImFkbWluIiwiZ2VuZGVyIjp0cnVlLCJlbWFpbCI6IjM3ODMzODYyN0BxcS5jb20ifSwiaWF0IjoxNTA0NjYwOTg1LCJleHAiOjE1MDQ3NDczODV9.H1YTPYVia5tiLYPDP5KX6ACvCJR912Q5tiIEjTLWhcw
request client ip:  ::ffff:127.0.0.1
request query:  {"token":"eyJhbGciOiJIUzI1NiIsInR5cCI6IkpXVCJ9.eyJkYXRhIjp7ImlkIjoiNDQ2NzBmYjYtNmI1Yi00Zjk5LWEyZmQtYWVjMGU3OGUyZjljIiwibmFtZSI6ImFkbWluIiwiZ2VuZGVyIjp0cnVlLCJlbWFpbCI6IjM3ODMzODYyN0BxcS5jb20ifSwiaWF0IjoxNTA0NjYwOTg1LCJleHAiOjE1MDQ3NDczODV9.H1YTPYVia5tiLYPDP5KX6ACvCJR912Q5tiIEjTLWhcw"}
response time: 78
response status: 200
response body: 
{"status":0,"data":{"name":"admin","email":"378338627@qq.com","phone":"15822927208","password":"$2a$10$3b8t0tINy91hvA6CG4/3V.uP0Utgu/UUTUy0PhSNFCIIvbTWJLwZe","gender":true,"token":"eyJhbGciOiJIUzI1NiIsInR5cCI6IkpXVCJ9.eyJkYXRhIjp7ImlkIjoiNDQ2NzBmYjYtNmI1Yi00Zjk5LWEyZmQtYWVjMGU3OGUyZjljIiwibmFtZSI6ImFkbWluIiwiZ2VuZGVyIjp0cnVlLCJlbWFpbCI6IjM3ODMzODYyN0BxcS5jb20ifSwiaWF0IjoxNTA0NjYwOTg1LCJleHAiOjE1MDQ3NDczODV9.H1YTPYVia5tiLYPDP5KX6ACvCJR912Q5tiIEjTLWhcw","canLogin":true,"status":1,"id":"44670fb6-6b5b-4f99-a2fd-aec0e78e2f9c","createdAt":1504660901215,"updatedAt":1504660985520,"version":1}}
*************** response log end ***************

[2017-09-06 09:56:01.839] [INFO] resLogger - 
*************** response log start ***************
request method: GET
request originalUrl:  /api/groups/ce8e5a6f-a47f-40d9-84c6-192d06fa7376?token=eyJhbGciOiJIUzI1NiIsInR5cCI6IkpXVCJ9.eyJkYXRhIjp7ImlkIjoiNDQ2NzBmYjYtNmI1Yi00Zjk5LWEyZmQtYWVjMGU3OGUyZjljIiwibmFtZSI6ImFkbWluIiwiZ2VuZGVyIjp0cnVlLCJlbWFpbCI6IjM3ODMzODYyN0BxcS5jb20ifSwiaWF0IjoxNTA0NjYwOTg1LCJleHAiOjE1MDQ3NDczODV9.H1YTPYVia5tiLYPDP5KX6ACvCJR912Q5tiIEjTLWhcw
request client ip:  ::ffff:127.0.0.1
request query:  {"token":"eyJhbGciOiJIUzI1NiIsInR5cCI6IkpXVCJ9.eyJkYXRhIjp7ImlkIjoiNDQ2NzBmYjYtNmI1Yi00Zjk5LWEyZmQtYWVjMGU3OGUyZjljIiwibmFtZSI6ImFkbWluIiwiZ2VuZGVyIjp0cnVlLCJlbWFpbCI6IjM3ODMzODYyN0BxcS5jb20ifSwiaWF0IjoxNTA0NjYwOTg1LCJleHAiOjE1MDQ3NDczODV9.H1YTPYVia5tiLYPDP5KX6ACvCJR912Q5tiIEjTLWhcw"}
response time: 67
response status: 200
response body: 
{"status":0,"data":{"name":"控股公司","description":"group2","status":1,"id":"ce8e5a6f-a47f-40d9-84c6-192d06fa7376","createdAt":1504660901218,"updatedAt":1504662110963,"version":1}}
*************** response log end ***************

[2017-09-06 09:56:24.441] [INFO] resLogger - 
*************** response log start ***************
request method: GET
request originalUrl:  /api/user/?token=eyJhbGciOiJIUzI1NiIsInR5cCI6IkpXVCJ9.eyJkYXRhIjp7ImlkIjoiNDQ2NzBmYjYtNmI1Yi00Zjk5LWEyZmQtYWVjMGU3OGUyZjljIiwibmFtZSI6ImFkbWluIiwiZ2VuZGVyIjp0cnVlLCJlbWFpbCI6IjM3ODMzODYyN0BxcS5jb20ifSwiaWF0IjoxNTA0NjYwOTg1LCJleHAiOjE1MDQ3NDczODV9.H1YTPYVia5tiLYPDP5KX6ACvCJR912Q5tiIEjTLWhcw
request client ip:  ::ffff:127.0.0.1
request query:  {"token":"eyJhbGciOiJIUzI1NiIsInR5cCI6IkpXVCJ9.eyJkYXRhIjp7ImlkIjoiNDQ2NzBmYjYtNmI1Yi00Zjk5LWEyZmQtYWVjMGU3OGUyZjljIiwibmFtZSI6ImFkbWluIiwiZ2VuZGVyIjp0cnVlLCJlbWFpbCI6IjM3ODMzODYyN0BxcS5jb20ifSwiaWF0IjoxNTA0NjYwOTg1LCJleHAiOjE1MDQ3NDczODV9.H1YTPYVia5tiLYPDP5KX6ACvCJR912Q5tiIEjTLWhcw"}
response time: 135
response status: 200
response body: 
{"status":0,"data":{"name":"admin","email":"378338627@qq.com","phone":"15822927208","password":"$2a$10$3b8t0tINy91hvA6CG4/3V.uP0Utgu/UUTUy0PhSNFCIIvbTWJLwZe","gender":true,"token":"eyJhbGciOiJIUzI1NiIsInR5cCI6IkpXVCJ9.eyJkYXRhIjp7ImlkIjoiNDQ2NzBmYjYtNmI1Yi00Zjk5LWEyZmQtYWVjMGU3OGUyZjljIiwibmFtZSI6ImFkbWluIiwiZ2VuZGVyIjp0cnVlLCJlbWFpbCI6IjM3ODMzODYyN0BxcS5jb20ifSwiaWF0IjoxNTA0NjYwOTg1LCJleHAiOjE1MDQ3NDczODV9.H1YTPYVia5tiLYPDP5KX6ACvCJR912Q5tiIEjTLWhcw","canLogin":true,"status":1,"id":"44670fb6-6b5b-4f99-a2fd-aec0e78e2f9c","createdAt":1504660901215,"updatedAt":1504660985520,"version":1}}
*************** response log end ***************

[2017-09-06 09:56:24.844] [INFO] resLogger - 
*************** response log start ***************
request method: GET
request originalUrl:  /api/groups/ce8e5a6f-a47f-40d9-84c6-192d06fa7376?token=eyJhbGciOiJIUzI1NiIsInR5cCI6IkpXVCJ9.eyJkYXRhIjp7ImlkIjoiNDQ2NzBmYjYtNmI1Yi00Zjk5LWEyZmQtYWVjMGU3OGUyZjljIiwibmFtZSI6ImFkbWluIiwiZ2VuZGVyIjp0cnVlLCJlbWFpbCI6IjM3ODMzODYyN0BxcS5jb20ifSwiaWF0IjoxNTA0NjYwOTg1LCJleHAiOjE1MDQ3NDczODV9.H1YTPYVia5tiLYPDP5KX6ACvCJR912Q5tiIEjTLWhcw
request client ip:  ::ffff:127.0.0.1
request query:  {"token":"eyJhbGciOiJIUzI1NiIsInR5cCI6IkpXVCJ9.eyJkYXRhIjp7ImlkIjoiNDQ2NzBmYjYtNmI1Yi00Zjk5LWEyZmQtYWVjMGU3OGUyZjljIiwibmFtZSI6ImFkbWluIiwiZ2VuZGVyIjp0cnVlLCJlbWFpbCI6IjM3ODMzODYyN0BxcS5jb20ifSwiaWF0IjoxNTA0NjYwOTg1LCJleHAiOjE1MDQ3NDczODV9.H1YTPYVia5tiLYPDP5KX6ACvCJR912Q5tiIEjTLWhcw"}
response time: 172
response status: 200
response body: 
{"status":0,"data":{"name":"控股公司","description":"group2","status":1,"id":"ce8e5a6f-a47f-40d9-84c6-192d06fa7376","createdAt":1504660901218,"updatedAt":1504662110963,"version":1}}
*************** response log end ***************

[2017-09-06 09:56:35.719] [INFO] resLogger - 
*************** response log start ***************
request method: GET
request originalUrl:  /api/user/?token=eyJhbGciOiJIUzI1NiIsInR5cCI6IkpXVCJ9.eyJkYXRhIjp7ImlkIjoiNDQ2NzBmYjYtNmI1Yi00Zjk5LWEyZmQtYWVjMGU3OGUyZjljIiwibmFtZSI6ImFkbWluIiwiZ2VuZGVyIjp0cnVlLCJlbWFpbCI6IjM3ODMzODYyN0BxcS5jb20ifSwiaWF0IjoxNTA0NjYwOTg1LCJleHAiOjE1MDQ3NDczODV9.H1YTPYVia5tiLYPDP5KX6ACvCJR912Q5tiIEjTLWhcw
request client ip:  ::ffff:127.0.0.1
request query:  {"token":"eyJhbGciOiJIUzI1NiIsInR5cCI6IkpXVCJ9.eyJkYXRhIjp7ImlkIjoiNDQ2NzBmYjYtNmI1Yi00Zjk5LWEyZmQtYWVjMGU3OGUyZjljIiwibmFtZSI6ImFkbWluIiwiZ2VuZGVyIjp0cnVlLCJlbWFpbCI6IjM3ODMzODYyN0BxcS5jb20ifSwiaWF0IjoxNTA0NjYwOTg1LCJleHAiOjE1MDQ3NDczODV9.H1YTPYVia5tiLYPDP5KX6ACvCJR912Q5tiIEjTLWhcw"}
response time: 75
response status: 200
response body: 
{"status":0,"data":{"name":"admin","email":"378338627@qq.com","phone":"15822927208","password":"$2a$10$3b8t0tINy91hvA6CG4/3V.uP0Utgu/UUTUy0PhSNFCIIvbTWJLwZe","gender":true,"token":"eyJhbGciOiJIUzI1NiIsInR5cCI6IkpXVCJ9.eyJkYXRhIjp7ImlkIjoiNDQ2NzBmYjYtNmI1Yi00Zjk5LWEyZmQtYWVjMGU3OGUyZjljIiwibmFtZSI6ImFkbWluIiwiZ2VuZGVyIjp0cnVlLCJlbWFpbCI6IjM3ODMzODYyN0BxcS5jb20ifSwiaWF0IjoxNTA0NjYwOTg1LCJleHAiOjE1MDQ3NDczODV9.H1YTPYVia5tiLYPDP5KX6ACvCJR912Q5tiIEjTLWhcw","canLogin":true,"status":1,"id":"44670fb6-6b5b-4f99-a2fd-aec0e78e2f9c","createdAt":1504660901215,"updatedAt":1504660985520,"version":1}}
*************** response log end ***************

[2017-09-06 09:56:35.863] [INFO] resLogger - 
*************** response log start ***************
request method: GET
request originalUrl:  /api/groups/ce8e5a6f-a47f-40d9-84c6-192d06fa7376?token=eyJhbGciOiJIUzI1NiIsInR5cCI6IkpXVCJ9.eyJkYXRhIjp7ImlkIjoiNDQ2NzBmYjYtNmI1Yi00Zjk5LWEyZmQtYWVjMGU3OGUyZjljIiwibmFtZSI6ImFkbWluIiwiZ2VuZGVyIjp0cnVlLCJlbWFpbCI6IjM3ODMzODYyN0BxcS5jb20ifSwiaWF0IjoxNTA0NjYwOTg1LCJleHAiOjE1MDQ3NDczODV9.H1YTPYVia5tiLYPDP5KX6ACvCJR912Q5tiIEjTLWhcw
request client ip:  ::ffff:127.0.0.1
request query:  {"token":"eyJhbGciOiJIUzI1NiIsInR5cCI6IkpXVCJ9.eyJkYXRhIjp7ImlkIjoiNDQ2NzBmYjYtNmI1Yi00Zjk5LWEyZmQtYWVjMGU3OGUyZjljIiwibmFtZSI6ImFkbWluIiwiZ2VuZGVyIjp0cnVlLCJlbWFpbCI6IjM3ODMzODYyN0BxcS5jb20ifSwiaWF0IjoxNTA0NjYwOTg1LCJleHAiOjE1MDQ3NDczODV9.H1YTPYVia5tiLYPDP5KX6ACvCJR912Q5tiIEjTLWhcw"}
response time: 54
response status: 200
response body: 
{"status":0,"data":{"name":"控股公司","description":"group2","status":1,"id":"ce8e5a6f-a47f-40d9-84c6-192d06fa7376","createdAt":1504660901218,"updatedAt":1504662110963,"version":1}}
*************** response log end ***************

[2017-09-06 09:58:55.904] [INFO] resLogger - 
*************** response log start ***************
request method: GET
request originalUrl:  /api/user/?token=eyJhbGciOiJIUzI1NiIsInR5cCI6IkpXVCJ9.eyJkYXRhIjp7ImlkIjoiNDQ2NzBmYjYtNmI1Yi00Zjk5LWEyZmQtYWVjMGU3OGUyZjljIiwibmFtZSI6ImFkbWluIiwiZ2VuZGVyIjp0cnVlLCJlbWFpbCI6IjM3ODMzODYyN0BxcS5jb20ifSwiaWF0IjoxNTA0NjYwOTg1LCJleHAiOjE1MDQ3NDczODV9.H1YTPYVia5tiLYPDP5KX6ACvCJR912Q5tiIEjTLWhcw
request client ip:  ::ffff:127.0.0.1
request query:  {"token":"eyJhbGciOiJIUzI1NiIsInR5cCI6IkpXVCJ9.eyJkYXRhIjp7ImlkIjoiNDQ2NzBmYjYtNmI1Yi00Zjk5LWEyZmQtYWVjMGU3OGUyZjljIiwibmFtZSI6ImFkbWluIiwiZ2VuZGVyIjp0cnVlLCJlbWFpbCI6IjM3ODMzODYyN0BxcS5jb20ifSwiaWF0IjoxNTA0NjYwOTg1LCJleHAiOjE1MDQ3NDczODV9.H1YTPYVia5tiLYPDP5KX6ACvCJR912Q5tiIEjTLWhcw"}
response time: 131
response status: 200
response body: 
{"status":0,"data":{"name":"admin","email":"378338627@qq.com","phone":"15822927208","password":"$2a$10$3b8t0tINy91hvA6CG4/3V.uP0Utgu/UUTUy0PhSNFCIIvbTWJLwZe","gender":true,"token":"eyJhbGciOiJIUzI1NiIsInR5cCI6IkpXVCJ9.eyJkYXRhIjp7ImlkIjoiNDQ2NzBmYjYtNmI1Yi00Zjk5LWEyZmQtYWVjMGU3OGUyZjljIiwibmFtZSI6ImFkbWluIiwiZ2VuZGVyIjp0cnVlLCJlbWFpbCI6IjM3ODMzODYyN0BxcS5jb20ifSwiaWF0IjoxNTA0NjYwOTg1LCJleHAiOjE1MDQ3NDczODV9.H1YTPYVia5tiLYPDP5KX6ACvCJR912Q5tiIEjTLWhcw","canLogin":true,"status":1,"id":"44670fb6-6b5b-4f99-a2fd-aec0e78e2f9c","createdAt":1504660901215,"updatedAt":1504660985520,"version":1}}
*************** response log end ***************

[2017-09-06 09:58:56.112] [INFO] resLogger - 
*************** response log start ***************
request method: GET
request originalUrl:  /api/groups/ce8e5a6f-a47f-40d9-84c6-192d06fa7376?token=eyJhbGciOiJIUzI1NiIsInR5cCI6IkpXVCJ9.eyJkYXRhIjp7ImlkIjoiNDQ2NzBmYjYtNmI1Yi00Zjk5LWEyZmQtYWVjMGU3OGUyZjljIiwibmFtZSI6ImFkbWluIiwiZ2VuZGVyIjp0cnVlLCJlbWFpbCI6IjM3ODMzODYyN0BxcS5jb20ifSwiaWF0IjoxNTA0NjYwOTg1LCJleHAiOjE1MDQ3NDczODV9.H1YTPYVia5tiLYPDP5KX6ACvCJR912Q5tiIEjTLWhcw
request client ip:  ::ffff:127.0.0.1
request query:  {"token":"eyJhbGciOiJIUzI1NiIsInR5cCI6IkpXVCJ9.eyJkYXRhIjp7ImlkIjoiNDQ2NzBmYjYtNmI1Yi00Zjk5LWEyZmQtYWVjMGU3OGUyZjljIiwibmFtZSI6ImFkbWluIiwiZ2VuZGVyIjp0cnVlLCJlbWFpbCI6IjM3ODMzODYyN0BxcS5jb20ifSwiaWF0IjoxNTA0NjYwOTg1LCJleHAiOjE1MDQ3NDczODV9.H1YTPYVia5tiLYPDP5KX6ACvCJR912Q5tiIEjTLWhcw"}
response time: 87
response status: 200
response body: 
{"status":0,"data":{"name":"控股公司","description":"group2","status":1,"id":"ce8e5a6f-a47f-40d9-84c6-192d06fa7376","createdAt":1504660901218,"updatedAt":1504662110963,"version":1}}
*************** response log end ***************

