[2017-08-29 16:01:58.182] [INFO] resLogger - 
*************** response log start ***************
request method: GET
request originalUrl:  /api/user/?token=eyJhbGciOiJIUzI1NiIsInR5cCI6IkpXVCJ9.eyJkYXRhIjp7ImlkIjoiZDBkNzE0NDctZjc2Zi00NDZmLTg2N2MtMDg3NTAwMTlhMDE2IiwibmFtZSI6ImFkbWluIiwiZ2VuZGVyIjp0cnVlLCJlbWFpbCI6IjM3ODMzODYyN0BxcS5jb20ifSwiaWF0IjoxNTAzOTY5MDMxLCJleHAiOjE1MDQwNTU0MzF9.DhZZkBQZR7t6D443k2S_JbSYJ18yDyGKOa-cKnrdDh0
request client ip:  ::ffff:127.0.0.1
request query:  {"token":"eyJhbGciOiJIUzI1NiIsInR5cCI6IkpXVCJ9.eyJkYXRhIjp7ImlkIjoiZDBkNzE0NDctZjc2Zi00NDZmLTg2N2MtMDg3NTAwMTlhMDE2IiwibmFtZSI6ImFkbWluIiwiZ2VuZGVyIjp0cnVlLCJlbWFpbCI6IjM3ODMzODYyN0BxcS5jb20ifSwiaWF0IjoxNTAzOTY5MDMxLCJleHAiOjE1MDQwNTU0MzF9.DhZZkBQZR7t6D443k2S_JbSYJ18yDyGKOa-cKnrdDh0"}
response time: 497
response status: 200
response body: 
{"status":0,"data":{"name":"admin","email":"378338627@qq.com","phone":"15822927208","password":"$2a$10$gC8KbRA6pMCVvD2irCuZb.dsh57qd88OwLfukMSQEnDY0Set3L81i","gender":true,"token":"eyJhbGciOiJIUzI1NiIsInR5cCI6IkpXVCJ9.eyJkYXRhIjp7ImlkIjoiZDBkNzE0NDctZjc2Zi00NDZmLTg2N2MtMDg3NTAwMTlhMDE2IiwibmFtZSI6ImFkbWluIiwiZ2VuZGVyIjp0cnVlLCJlbWFpbCI6IjM3ODMzODYyN0BxcS5jb20ifSwiaWF0IjoxNTAzOTY5MDMxLCJleHAiOjE1MDQwNTU0MzF9.DhZZkBQZR7t6D443k2S_JbSYJ18yDyGKOa-cKnrdDh0","canLogin":true,"status":1,"id":"d0d71447-f76f-446f-867c-08750019a016","createdAt":1503625702903,"updatedAt":1503969031574,"version":3}}
*************** response log end ***************

[2017-08-29 16:01:58.472] [INFO] resLogger - 
*************** response log start ***************
request method: GET
request originalUrl:  /api/business/list/page/1?token=eyJhbGciOiJIUzI1NiIsInR5cCI6IkpXVCJ9.eyJkYXRhIjp7ImlkIjoiZDBkNzE0NDctZjc2Zi00NDZmLTg2N2MtMDg3NTAwMTlhMDE2IiwibmFtZSI6ImFkbWluIiwiZ2VuZGVyIjp0cnVlLCJlbWFpbCI6IjM3ODMzODYyN0BxcS5jb20ifSwiaWF0IjoxNTAzOTY5MDMxLCJleHAiOjE1MDQwNTU0MzF9.DhZZkBQZR7t6D443k2S_JbSYJ18yDyGKOa-cKnrdDh0
request client ip:  ::ffff:127.0.0.1
request query:  {"token":"eyJhbGciOiJIUzI1NiIsInR5cCI6IkpXVCJ9.eyJkYXRhIjp7ImlkIjoiZDBkNzE0NDctZjc2Zi00NDZmLTg2N2MtMDg3NTAwMTlhMDE2IiwibmFtZSI6ImFkbWluIiwiZ2VuZGVyIjp0cnVlLCJlbWFpbCI6IjM3ODMzODYyN0BxcS5jb20ifSwiaWF0IjoxNTAzOTY5MDMxLCJleHAiOjE1MDQwNTU0MzF9.DhZZkBQZR7t6D443k2S_JbSYJ18yDyGKOa-cKnrdDh0"}
response time: 152
response status: 200
response body: 
{"status":0,"data":[{"type":"NET","equipment":"专网","operation":"ADVICE","weight":5,"remark":null,"status":1,"id":"45e3bcbc-0e0b-40ed-9f27-dfbefd1070f5","createdAt":1503970400340,"updatedAt":1503970400340,"version":0},{"type":"NET","equipment":"专网","operation":"SUPPORT","weight":5,"remark":null,"status":1,"id":"a454893d-0770-441f-9852-4b60f2549dc8","createdAt":1503970400340,"updatedAt":1503970400340,"version":0},{"type":"NET","equipment":"专网","operation":"FIX","weight":5,"remark":null,"status":1,"id":"d8679464-f56d-419a-b2bc-d7fd4f040122","createdAt":1503970400340,"updatedAt":1503970400340,"version":0},{"type":"NET","equipment":"专网","operation":"DEBUG","weight":5,"remark":null,"status":1,"id":"145a5de2-ccad-4047-a9e5-889df200c6af","createdAt":1503970400339,"updatedAt":1503970400339,"version":0},{"type":"NET","equipment":"专网","operation":"SETUP","weight":5,"remark":null,"status":1,"id":"ed71b9c1-d028-48fc-b3fa-2a784190c9f1","createdAt":1503970400339,"updatedAt":1503970400339,"version":0},{"type":"HARDWARE","equipment":"路由器","operation":"ADVICE","weight":5,"remark":null,"status":1,"id":"46184637-840b-411f-93cf-51d360ff3d99","createdAt":1503970380504,"updatedAt":1503970380504,"version":0},{"type":"HARDWARE","equipment":"路由器","operation":"SUPPORT","weight":5,"remark":null,"status":1,"id":"f2efb954-39ce-4fe8-adaa-3776c5f9eac3","createdAt":1503970380504,"updatedAt":1503970380504,"version":0},{"type":"HARDWARE","equipment":"路由器","operation":"DEBUG","weight":5,"remark":null,"status":1,"id":"3052a519-4f40-41ed-99c7-fbacd32a46ca","createdAt":1503970380503,"updatedAt":1503970380503,"version":0},{"type":"HARDWARE","equipment":"路由器","operation":"FIX","weight":5,"remark":null,"status":1,"id":"8e4e962c-92a9-47bf-9814-dd1503ec2b7c","createdAt":1503970380503,"updatedAt":1503970380503,"version":0},{"type":"HARDWARE","equipment":"路由器","operation":"SETUP","weight":5,"remark":null,"status":1,"id":"698cd2bb-db7a-459d-86df-ed997181a31c","createdAt":1503970380501,"updatedAt":1503970380501,"version":0}],"total":14}
*************** response log end ***************

[2017-08-29 16:01:58.485] [INFO] resLogger - 
*************** response log start ***************
request method: GET
request originalUrl:  /api/business/getequip/get?token=eyJhbGciOiJIUzI1NiIsInR5cCI6IkpXVCJ9.eyJkYXRhIjp7ImlkIjoiZDBkNzE0NDctZjc2Zi00NDZmLTg2N2MtMDg3NTAwMTlhMDE2IiwibmFtZSI6ImFkbWluIiwiZ2VuZGVyIjp0cnVlLCJlbWFpbCI6IjM3ODMzODYyN0BxcS5jb20ifSwiaWF0IjoxNTAzOTY5MDMxLCJleHAiOjE1MDQwNTU0MzF9.DhZZkBQZR7t6D443k2S_JbSYJ18yDyGKOa-cKnrdDh0
request client ip:  ::ffff:127.0.0.1
request query:  {"token":"eyJhbGciOiJIUzI1NiIsInR5cCI6IkpXVCJ9.eyJkYXRhIjp7ImlkIjoiZDBkNzE0NDctZjc2Zi00NDZmLTg2N2MtMDg3NTAwMTlhMDE2IiwibmFtZSI6ImFkbWluIiwiZ2VuZGVyIjp0cnVlLCJlbWFpbCI6IjM3ODMzODYyN0BxcS5jb20ifSwiaWF0IjoxNTAzOTY5MDMxLCJleHAiOjE1MDQwNTU0MzF9.DhZZkBQZR7t6D443k2S_JbSYJ18yDyGKOa-cKnrdDh0"}
response time: 68
response status: 200
response body: 
{"status":0,"data":[{"equipment":"专网"},{"equipment":"电话"},{"equipment":"路由器"}]}
*************** response log end ***************

[2017-08-29 16:02:08.686] [INFO] resLogger - 
*************** response log start ***************
request method: GET
request originalUrl:  /api/user/?token=eyJhbGciOiJIUzI1NiIsInR5cCI6IkpXVCJ9.eyJkYXRhIjp7ImlkIjoiZDBkNzE0NDctZjc2Zi00NDZmLTg2N2MtMDg3NTAwMTlhMDE2IiwibmFtZSI6ImFkbWluIiwiZ2VuZGVyIjp0cnVlLCJlbWFpbCI6IjM3ODMzODYyN0BxcS5jb20ifSwiaWF0IjoxNTAzOTY5MDMxLCJleHAiOjE1MDQwNTU0MzF9.DhZZkBQZR7t6D443k2S_JbSYJ18yDyGKOa-cKnrdDh0
request client ip:  ::ffff:127.0.0.1
request query:  {"token":"eyJhbGciOiJIUzI1NiIsInR5cCI6IkpXVCJ9.eyJkYXRhIjp7ImlkIjoiZDBkNzE0NDctZjc2Zi00NDZmLTg2N2MtMDg3NTAwMTlhMDE2IiwibmFtZSI6ImFkbWluIiwiZ2VuZGVyIjp0cnVlLCJlbWFpbCI6IjM3ODMzODYyN0BxcS5jb20ifSwiaWF0IjoxNTAzOTY5MDMxLCJleHAiOjE1MDQwNTU0MzF9.DhZZkBQZR7t6D443k2S_JbSYJ18yDyGKOa-cKnrdDh0"}
response time: 61
response status: 200
response body: 
{"status":0,"data":{"name":"admin","email":"378338627@qq.com","phone":"15822927208","password":"$2a$10$gC8KbRA6pMCVvD2irCuZb.dsh57qd88OwLfukMSQEnDY0Set3L81i","gender":true,"token":"eyJhbGciOiJIUzI1NiIsInR5cCI6IkpXVCJ9.eyJkYXRhIjp7ImlkIjoiZDBkNzE0NDctZjc2Zi00NDZmLTg2N2MtMDg3NTAwMTlhMDE2IiwibmFtZSI6ImFkbWluIiwiZ2VuZGVyIjp0cnVlLCJlbWFpbCI6IjM3ODMzODYyN0BxcS5jb20ifSwiaWF0IjoxNTAzOTY5MDMxLCJleHAiOjE1MDQwNTU0MzF9.DhZZkBQZR7t6D443k2S_JbSYJ18yDyGKOa-cKnrdDh0","canLogin":true,"status":1,"id":"d0d71447-f76f-446f-867c-08750019a016","createdAt":1503625702903,"updatedAt":1503969031574,"version":3}}
*************** response log end ***************

[2017-08-29 16:02:09.029] [INFO] resLogger - 
*************** response log start ***************
request method: GET
request originalUrl:  /api/business/list/page/1?token=eyJhbGciOiJIUzI1NiIsInR5cCI6IkpXVCJ9.eyJkYXRhIjp7ImlkIjoiZDBkNzE0NDctZjc2Zi00NDZmLTg2N2MtMDg3NTAwMTlhMDE2IiwibmFtZSI6ImFkbWluIiwiZ2VuZGVyIjp0cnVlLCJlbWFpbCI6IjM3ODMzODYyN0BxcS5jb20ifSwiaWF0IjoxNTAzOTY5MDMxLCJleHAiOjE1MDQwNTU0MzF9.DhZZkBQZR7t6D443k2S_JbSYJ18yDyGKOa-cKnrdDh0
request client ip:  ::ffff:127.0.0.1
request query:  {"token":"eyJhbGciOiJIUzI1NiIsInR5cCI6IkpXVCJ9.eyJkYXRhIjp7ImlkIjoiZDBkNzE0NDctZjc2Zi00NDZmLTg2N2MtMDg3NTAwMTlhMDE2IiwibmFtZSI6ImFkbWluIiwiZ2VuZGVyIjp0cnVlLCJlbWFpbCI6IjM3ODMzODYyN0BxcS5jb20ifSwiaWF0IjoxNTAzOTY5MDMxLCJleHAiOjE1MDQwNTU0MzF9.DhZZkBQZR7t6D443k2S_JbSYJ18yDyGKOa-cKnrdDh0"}
response time: 145
response status: 200
response body: 
{"status":0,"data":[{"type":"NET","equipment":"专网","operation":"ADVICE","weight":5,"remark":null,"status":1,"id":"45e3bcbc-0e0b-40ed-9f27-dfbefd1070f5","createdAt":1503970400340,"updatedAt":1503970400340,"version":0},{"type":"NET","equipment":"专网","operation":"SUPPORT","weight":5,"remark":null,"status":1,"id":"a454893d-0770-441f-9852-4b60f2549dc8","createdAt":1503970400340,"updatedAt":1503970400340,"version":0},{"type":"NET","equipment":"专网","operation":"FIX","weight":5,"remark":null,"status":1,"id":"d8679464-f56d-419a-b2bc-d7fd4f040122","createdAt":1503970400340,"updatedAt":1503970400340,"version":0},{"type":"NET","equipment":"专网","operation":"DEBUG","weight":5,"remark":null,"status":1,"id":"145a5de2-ccad-4047-a9e5-889df200c6af","createdAt":1503970400339,"updatedAt":1503970400339,"version":0},{"type":"NET","equipment":"专网","operation":"SETUP","weight":5,"remark":null,"status":1,"id":"ed71b9c1-d028-48fc-b3fa-2a784190c9f1","createdAt":1503970400339,"updatedAt":1503970400339,"version":0},{"type":"HARDWARE","equipment":"路由器","operation":"ADVICE","weight":5,"remark":null,"status":1,"id":"46184637-840b-411f-93cf-51d360ff3d99","createdAt":1503970380504,"updatedAt":1503970380504,"version":0},{"type":"HARDWARE","equipment":"路由器","operation":"SUPPORT","weight":5,"remark":null,"status":1,"id":"f2efb954-39ce-4fe8-adaa-3776c5f9eac3","createdAt":1503970380504,"updatedAt":1503970380504,"version":0},{"type":"HARDWARE","equipment":"路由器","operation":"DEBUG","weight":5,"remark":null,"status":1,"id":"3052a519-4f40-41ed-99c7-fbacd32a46ca","createdAt":1503970380503,"updatedAt":1503970380503,"version":0},{"type":"HARDWARE","equipment":"路由器","operation":"FIX","weight":5,"remark":null,"status":1,"id":"8e4e962c-92a9-47bf-9814-dd1503ec2b7c","createdAt":1503970380503,"updatedAt":1503970380503,"version":0},{"type":"HARDWARE","equipment":"路由器","operation":"SETUP","weight":5,"remark":null,"status":1,"id":"698cd2bb-db7a-459d-86df-ed997181a31c","createdAt":1503970380501,"updatedAt":1503970380501,"version":0}],"total":14}
*************** response log end ***************

[2017-08-29 16:02:09.048] [INFO] resLogger - 
*************** response log start ***************
request method: GET
request originalUrl:  /api/business/getequip/get?token=eyJhbGciOiJIUzI1NiIsInR5cCI6IkpXVCJ9.eyJkYXRhIjp7ImlkIjoiZDBkNzE0NDctZjc2Zi00NDZmLTg2N2MtMDg3NTAwMTlhMDE2IiwibmFtZSI6ImFkbWluIiwiZ2VuZGVyIjp0cnVlLCJlbWFpbCI6IjM3ODMzODYyN0BxcS5jb20ifSwiaWF0IjoxNTAzOTY5MDMxLCJleHAiOjE1MDQwNTU0MzF9.DhZZkBQZR7t6D443k2S_JbSYJ18yDyGKOa-cKnrdDh0
request client ip:  ::ffff:127.0.0.1
request query:  {"token":"eyJhbGciOiJIUzI1NiIsInR5cCI6IkpXVCJ9.eyJkYXRhIjp7ImlkIjoiZDBkNzE0NDctZjc2Zi00NDZmLTg2N2MtMDg3NTAwMTlhMDE2IiwibmFtZSI6ImFkbWluIiwiZ2VuZGVyIjp0cnVlLCJlbWFpbCI6IjM3ODMzODYyN0BxcS5jb20ifSwiaWF0IjoxNTAzOTY5MDMxLCJleHAiOjE1MDQwNTU0MzF9.DhZZkBQZR7t6D443k2S_JbSYJ18yDyGKOa-cKnrdDh0"}
response time: 75
response status: 200
response body: 
{"status":0,"data":[{"equipment":"专网"},{"equipment":"电话"},{"equipment":"路由器"}]}
*************** response log end ***************

[2017-08-29 16:02:49.959] [INFO] resLogger - 
*************** response log start ***************
request method: GET
request originalUrl:  /api/user/?token=eyJhbGciOiJIUzI1NiIsInR5cCI6IkpXVCJ9.eyJkYXRhIjp7ImlkIjoiZDBkNzE0NDctZjc2Zi00NDZmLTg2N2MtMDg3NTAwMTlhMDE2IiwibmFtZSI6ImFkbWluIiwiZ2VuZGVyIjp0cnVlLCJlbWFpbCI6IjM3ODMzODYyN0BxcS5jb20ifSwiaWF0IjoxNTAzOTY5MDMxLCJleHAiOjE1MDQwNTU0MzF9.DhZZkBQZR7t6D443k2S_JbSYJ18yDyGKOa-cKnrdDh0
request client ip:  ::ffff:127.0.0.1
request query:  {"token":"eyJhbGciOiJIUzI1NiIsInR5cCI6IkpXVCJ9.eyJkYXRhIjp7ImlkIjoiZDBkNzE0NDctZjc2Zi00NDZmLTg2N2MtMDg3NTAwMTlhMDE2IiwibmFtZSI6ImFkbWluIiwiZ2VuZGVyIjp0cnVlLCJlbWFpbCI6IjM3ODMzODYyN0BxcS5jb20ifSwiaWF0IjoxNTAzOTY5MDMxLCJleHAiOjE1MDQwNTU0MzF9.DhZZkBQZR7t6D443k2S_JbSYJ18yDyGKOa-cKnrdDh0"}
response time: 77
response status: 200
response body: 
{"status":0,"data":{"name":"admin","email":"378338627@qq.com","phone":"15822927208","password":"$2a$10$gC8KbRA6pMCVvD2irCuZb.dsh57qd88OwLfukMSQEnDY0Set3L81i","gender":true,"token":"eyJhbGciOiJIUzI1NiIsInR5cCI6IkpXVCJ9.eyJkYXRhIjp7ImlkIjoiZDBkNzE0NDctZjc2Zi00NDZmLTg2N2MtMDg3NTAwMTlhMDE2IiwibmFtZSI6ImFkbWluIiwiZ2VuZGVyIjp0cnVlLCJlbWFpbCI6IjM3ODMzODYyN0BxcS5jb20ifSwiaWF0IjoxNTAzOTY5MDMxLCJleHAiOjE1MDQwNTU0MzF9.DhZZkBQZR7t6D443k2S_JbSYJ18yDyGKOa-cKnrdDh0","canLogin":true,"status":1,"id":"d0d71447-f76f-446f-867c-08750019a016","createdAt":1503625702903,"updatedAt":1503969031574,"version":3}}
*************** response log end ***************

[2017-08-29 16:02:50.406] [INFO] resLogger - 
*************** response log start ***************
request method: GET
request originalUrl:  /api/business/getequip/get?token=eyJhbGciOiJIUzI1NiIsInR5cCI6IkpXVCJ9.eyJkYXRhIjp7ImlkIjoiZDBkNzE0NDctZjc2Zi00NDZmLTg2N2MtMDg3NTAwMTlhMDE2IiwibmFtZSI6ImFkbWluIiwiZ2VuZGVyIjp0cnVlLCJlbWFpbCI6IjM3ODMzODYyN0BxcS5jb20ifSwiaWF0IjoxNTAzOTY5MDMxLCJleHAiOjE1MDQwNTU0MzF9.DhZZkBQZR7t6D443k2S_JbSYJ18yDyGKOa-cKnrdDh0
request client ip:  ::ffff:127.0.0.1
request query:  {"token":"eyJhbGciOiJIUzI1NiIsInR5cCI6IkpXVCJ9.eyJkYXRhIjp7ImlkIjoiZDBkNzE0NDctZjc2Zi00NDZmLTg2N2MtMDg3NTAwMTlhMDE2IiwibmFtZSI6ImFkbWluIiwiZ2VuZGVyIjp0cnVlLCJlbWFpbCI6IjM3ODMzODYyN0BxcS5jb20ifSwiaWF0IjoxNTAzOTY5MDMxLCJleHAiOjE1MDQwNTU0MzF9.DhZZkBQZR7t6D443k2S_JbSYJ18yDyGKOa-cKnrdDh0"}
response time: 186
response status: 200
response body: 
{"status":0,"data":[{"equipment":"专网"},{"equipment":"电话"},{"equipment":"路由器"}]}
*************** response log end ***************

[2017-08-29 16:02:50.419] [INFO] resLogger - 
*************** response log start ***************
request method: GET
request originalUrl:  /api/business/list/page/1?token=eyJhbGciOiJIUzI1NiIsInR5cCI6IkpXVCJ9.eyJkYXRhIjp7ImlkIjoiZDBkNzE0NDctZjc2Zi00NDZmLTg2N2MtMDg3NTAwMTlhMDE2IiwibmFtZSI6ImFkbWluIiwiZ2VuZGVyIjp0cnVlLCJlbWFpbCI6IjM3ODMzODYyN0BxcS5jb20ifSwiaWF0IjoxNTAzOTY5MDMxLCJleHAiOjE1MDQwNTU0MzF9.DhZZkBQZR7t6D443k2S_JbSYJ18yDyGKOa-cKnrdDh0
request client ip:  ::ffff:127.0.0.1
request query:  {"token":"eyJhbGciOiJIUzI1NiIsInR5cCI6IkpXVCJ9.eyJkYXRhIjp7ImlkIjoiZDBkNzE0NDctZjc2Zi00NDZmLTg2N2MtMDg3NTAwMTlhMDE2IiwibmFtZSI6ImFkbWluIiwiZ2VuZGVyIjp0cnVlLCJlbWFpbCI6IjM3ODMzODYyN0BxcS5jb20ifSwiaWF0IjoxNTAzOTY5MDMxLCJleHAiOjE1MDQwNTU0MzF9.DhZZkBQZR7t6D443k2S_JbSYJ18yDyGKOa-cKnrdDh0"}
response time: 256
response status: 200
response body: 
{"status":0,"data":[{"type":"NET","equipment":"专网","operation":"ADVICE","weight":5,"remark":null,"status":1,"id":"45e3bcbc-0e0b-40ed-9f27-dfbefd1070f5","createdAt":1503970400340,"updatedAt":1503970400340,"version":0},{"type":"NET","equipment":"专网","operation":"SUPPORT","weight":5,"remark":null,"status":1,"id":"a454893d-0770-441f-9852-4b60f2549dc8","createdAt":1503970400340,"updatedAt":1503970400340,"version":0},{"type":"NET","equipment":"专网","operation":"FIX","weight":5,"remark":null,"status":1,"id":"d8679464-f56d-419a-b2bc-d7fd4f040122","createdAt":1503970400340,"updatedAt":1503970400340,"version":0},{"type":"NET","equipment":"专网","operation":"DEBUG","weight":5,"remark":null,"status":1,"id":"145a5de2-ccad-4047-a9e5-889df200c6af","createdAt":1503970400339,"updatedAt":1503970400339,"version":0},{"type":"NET","equipment":"专网","operation":"SETUP","weight":5,"remark":null,"status":1,"id":"ed71b9c1-d028-48fc-b3fa-2a784190c9f1","createdAt":1503970400339,"updatedAt":1503970400339,"version":0},{"type":"HARDWARE","equipment":"路由器","operation":"ADVICE","weight":5,"remark":null,"status":1,"id":"46184637-840b-411f-93cf-51d360ff3d99","createdAt":1503970380504,"updatedAt":1503970380504,"version":0},{"type":"HARDWARE","equipment":"路由器","operation":"SUPPORT","weight":5,"remark":null,"status":1,"id":"f2efb954-39ce-4fe8-adaa-3776c5f9eac3","createdAt":1503970380504,"updatedAt":1503970380504,"version":0},{"type":"HARDWARE","equipment":"路由器","operation":"DEBUG","weight":5,"remark":null,"status":1,"id":"3052a519-4f40-41ed-99c7-fbacd32a46ca","createdAt":1503970380503,"updatedAt":1503970380503,"version":0},{"type":"HARDWARE","equipment":"路由器","operation":"FIX","weight":5,"remark":null,"status":1,"id":"8e4e962c-92a9-47bf-9814-dd1503ec2b7c","createdAt":1503970380503,"updatedAt":1503970380503,"version":0},{"type":"HARDWARE","equipment":"路由器","operation":"SETUP","weight":5,"remark":null,"status":1,"id":"698cd2bb-db7a-459d-86df-ed997181a31c","createdAt":1503970380501,"updatedAt":1503970380501,"version":0}],"total":14}
*************** response log end ***************

[2017-08-29 16:03:24.608] [INFO] resLogger - 
*************** response log start ***************
request method: GET
request originalUrl:  /api/user/?token=eyJhbGciOiJIUzI1NiIsInR5cCI6IkpXVCJ9.eyJkYXRhIjp7ImlkIjoiZDBkNzE0NDctZjc2Zi00NDZmLTg2N2MtMDg3NTAwMTlhMDE2IiwibmFtZSI6ImFkbWluIiwiZ2VuZGVyIjp0cnVlLCJlbWFpbCI6IjM3ODMzODYyN0BxcS5jb20ifSwiaWF0IjoxNTAzOTY5MDMxLCJleHAiOjE1MDQwNTU0MzF9.DhZZkBQZR7t6D443k2S_JbSYJ18yDyGKOa-cKnrdDh0
request client ip:  ::ffff:127.0.0.1
request query:  {"token":"eyJhbGciOiJIUzI1NiIsInR5cCI6IkpXVCJ9.eyJkYXRhIjp7ImlkIjoiZDBkNzE0NDctZjc2Zi00NDZmLTg2N2MtMDg3NTAwMTlhMDE2IiwibmFtZSI6ImFkbWluIiwiZ2VuZGVyIjp0cnVlLCJlbWFpbCI6IjM3ODMzODYyN0BxcS5jb20ifSwiaWF0IjoxNTAzOTY5MDMxLCJleHAiOjE1MDQwNTU0MzF9.DhZZkBQZR7t6D443k2S_JbSYJ18yDyGKOa-cKnrdDh0"}
response time: 153
response status: 200
response body: 
{"status":0,"data":{"name":"admin","email":"378338627@qq.com","phone":"15822927208","password":"$2a$10$gC8KbRA6pMCVvD2irCuZb.dsh57qd88OwLfukMSQEnDY0Set3L81i","gender":true,"token":"eyJhbGciOiJIUzI1NiIsInR5cCI6IkpXVCJ9.eyJkYXRhIjp7ImlkIjoiZDBkNzE0NDctZjc2Zi00NDZmLTg2N2MtMDg3NTAwMTlhMDE2IiwibmFtZSI6ImFkbWluIiwiZ2VuZGVyIjp0cnVlLCJlbWFpbCI6IjM3ODMzODYyN0BxcS5jb20ifSwiaWF0IjoxNTAzOTY5MDMxLCJleHAiOjE1MDQwNTU0MzF9.DhZZkBQZR7t6D443k2S_JbSYJ18yDyGKOa-cKnrdDh0","canLogin":true,"status":1,"id":"d0d71447-f76f-446f-867c-08750019a016","createdAt":1503625702903,"updatedAt":1503969031574,"version":3}}
*************** response log end ***************

[2017-08-29 16:03:25.122] [INFO] resLogger - 
*************** response log start ***************
request method: GET
request originalUrl:  /api/business/getequip/get?token=eyJhbGciOiJIUzI1NiIsInR5cCI6IkpXVCJ9.eyJkYXRhIjp7ImlkIjoiZDBkNzE0NDctZjc2Zi00NDZmLTg2N2MtMDg3NTAwMTlhMDE2IiwibmFtZSI6ImFkbWluIiwiZ2VuZGVyIjp0cnVlLCJlbWFpbCI6IjM3ODMzODYyN0BxcS5jb20ifSwiaWF0IjoxNTAzOTY5MDMxLCJleHAiOjE1MDQwNTU0MzF9.DhZZkBQZR7t6D443k2S_JbSYJ18yDyGKOa-cKnrdDh0
request client ip:  ::ffff:127.0.0.1
request query:  {"token":"eyJhbGciOiJIUzI1NiIsInR5cCI6IkpXVCJ9.eyJkYXRhIjp7ImlkIjoiZDBkNzE0NDctZjc2Zi00NDZmLTg2N2MtMDg3NTAwMTlhMDE2IiwibmFtZSI6ImFkbWluIiwiZ2VuZGVyIjp0cnVlLCJlbWFpbCI6IjM3ODMzODYyN0BxcS5jb20ifSwiaWF0IjoxNTAzOTY5MDMxLCJleHAiOjE1MDQwNTU0MzF9.DhZZkBQZR7t6D443k2S_JbSYJ18yDyGKOa-cKnrdDh0"}
response time: 282
response status: 200
response body: 
{"status":0,"data":[{"equipment":"专网"},{"equipment":"电话"},{"equipment":"路由器"}]}
*************** response log end ***************

[2017-08-29 16:03:25.146] [INFO] resLogger - 
*************** response log start ***************
request method: GET
request originalUrl:  /api/business/list/page/1?token=eyJhbGciOiJIUzI1NiIsInR5cCI6IkpXVCJ9.eyJkYXRhIjp7ImlkIjoiZDBkNzE0NDctZjc2Zi00NDZmLTg2N2MtMDg3NTAwMTlhMDE2IiwibmFtZSI6ImFkbWluIiwiZ2VuZGVyIjp0cnVlLCJlbWFpbCI6IjM3ODMzODYyN0BxcS5jb20ifSwiaWF0IjoxNTAzOTY5MDMxLCJleHAiOjE1MDQwNTU0MzF9.DhZZkBQZR7t6D443k2S_JbSYJ18yDyGKOa-cKnrdDh0
request client ip:  ::ffff:127.0.0.1
request query:  {"token":"eyJhbGciOiJIUzI1NiIsInR5cCI6IkpXVCJ9.eyJkYXRhIjp7ImlkIjoiZDBkNzE0NDctZjc2Zi00NDZmLTg2N2MtMDg3NTAwMTlhMDE2IiwibmFtZSI6ImFkbWluIiwiZ2VuZGVyIjp0cnVlLCJlbWFpbCI6IjM3ODMzODYyN0BxcS5jb20ifSwiaWF0IjoxNTAzOTY5MDMxLCJleHAiOjE1MDQwNTU0MzF9.DhZZkBQZR7t6D443k2S_JbSYJ18yDyGKOa-cKnrdDh0"}
response time: 363
response status: 200
response body: 
{"status":0,"data":[{"type":"NET","equipment":"专网","operation":"ADVICE","weight":5,"remark":null,"status":1,"id":"45e3bcbc-0e0b-40ed-9f27-dfbefd1070f5","createdAt":1503970400340,"updatedAt":1503970400340,"version":0},{"type":"NET","equipment":"专网","operation":"SUPPORT","weight":5,"remark":null,"status":1,"id":"a454893d-0770-441f-9852-4b60f2549dc8","createdAt":1503970400340,"updatedAt":1503970400340,"version":0},{"type":"NET","equipment":"专网","operation":"FIX","weight":5,"remark":null,"status":1,"id":"d8679464-f56d-419a-b2bc-d7fd4f040122","createdAt":1503970400340,"updatedAt":1503970400340,"version":0},{"type":"NET","equipment":"专网","operation":"DEBUG","weight":5,"remark":null,"status":1,"id":"145a5de2-ccad-4047-a9e5-889df200c6af","createdAt":1503970400339,"updatedAt":1503970400339,"version":0},{"type":"NET","equipment":"专网","operation":"SETUP","weight":5,"remark":null,"status":1,"id":"ed71b9c1-d028-48fc-b3fa-2a784190c9f1","createdAt":1503970400339,"updatedAt":1503970400339,"version":0},{"type":"HARDWARE","equipment":"路由器","operation":"ADVICE","weight":5,"remark":null,"status":1,"id":"46184637-840b-411f-93cf-51d360ff3d99","createdAt":1503970380504,"updatedAt":1503970380504,"version":0},{"type":"HARDWARE","equipment":"路由器","operation":"SUPPORT","weight":5,"remark":null,"status":1,"id":"f2efb954-39ce-4fe8-adaa-3776c5f9eac3","createdAt":1503970380504,"updatedAt":1503970380504,"version":0},{"type":"HARDWARE","equipment":"路由器","operation":"DEBUG","weight":5,"remark":null,"status":1,"id":"3052a519-4f40-41ed-99c7-fbacd32a46ca","createdAt":1503970380503,"updatedAt":1503970380503,"version":0},{"type":"HARDWARE","equipment":"路由器","operation":"FIX","weight":5,"remark":null,"status":1,"id":"8e4e962c-92a9-47bf-9814-dd1503ec2b7c","createdAt":1503970380503,"updatedAt":1503970380503,"version":0},{"type":"HARDWARE","equipment":"路由器","operation":"SETUP","weight":5,"remark":null,"status":1,"id":"698cd2bb-db7a-459d-86df-ed997181a31c","createdAt":1503970380501,"updatedAt":1503970380501,"version":0}],"total":14}
*************** response log end ***************

[2017-08-29 16:03:26.965] [INFO] resLogger - 
*************** response log start ***************
request method: GET
request originalUrl:  /api/business/list/page/2?token=eyJhbGciOiJIUzI1NiIsInR5cCI6IkpXVCJ9.eyJkYXRhIjp7ImlkIjoiZDBkNzE0NDctZjc2Zi00NDZmLTg2N2MtMDg3NTAwMTlhMDE2IiwibmFtZSI6ImFkbWluIiwiZ2VuZGVyIjp0cnVlLCJlbWFpbCI6IjM3ODMzODYyN0BxcS5jb20ifSwiaWF0IjoxNTAzOTY5MDMxLCJleHAiOjE1MDQwNTU0MzF9.DhZZkBQZR7t6D443k2S_JbSYJ18yDyGKOa-cKnrdDh0
request client ip:  ::ffff:127.0.0.1
request query:  {"token":"eyJhbGciOiJIUzI1NiIsInR5cCI6IkpXVCJ9.eyJkYXRhIjp7ImlkIjoiZDBkNzE0NDctZjc2Zi00NDZmLTg2N2MtMDg3NTAwMTlhMDE2IiwibmFtZSI6ImFkbWluIiwiZ2VuZGVyIjp0cnVlLCJlbWFpbCI6IjM3ODMzODYyN0BxcS5jb20ifSwiaWF0IjoxNTAzOTY5MDMxLCJleHAiOjE1MDQwNTU0MzF9.DhZZkBQZR7t6D443k2S_JbSYJ18yDyGKOa-cKnrdDh0"}
response time: 82
response status: 200
response body: 
{"status":0,"data":[{"type":"HARDWARE","equipment":"电话","operation":"ADVICE","weight":3,"remark":"111","status":1,"id":"35f40a28-99ac-4fc9-9fed-6b5bbfc6adc0","createdAt":1503969362236,"updatedAt":1503969362236,"version":0},{"type":"HARDWARE","equipment":"电话","operation":"FIX","weight":10,"remark":"222","status":1,"id":"a003c568-f05f-459f-83c4-6981c57d0de0","createdAt":1503969362236,"updatedAt":1503969362236,"version":0},{"type":"HARDWARE","equipment":"电话","operation":"DEBUG","weight":10,"remark":"333","status":1,"id":"0cae6dca-e278-4473-bb9d-d1b6aaa352a2","createdAt":1503969362235,"updatedAt":1503969362235,"version":0},{"type":"HARDWARE","equipment":"电话","operation":"SETUP","weight":5,"remark":"444","status":1,"id":"c9462835-62cf-444f-8b9c-b211132cb68f","createdAt":1503969362233,"updatedAt":1503969362233,"version":0}],"total":14}
*************** response log end ***************

[2017-08-29 16:03:44.603] [INFO] resLogger - 
*************** response log start ***************
request method: GET
request originalUrl:  /api/business/delete/35f40a28-99ac-4fc9-9fed-6b5bbfc6adc0?token=eyJhbGciOiJIUzI1NiIsInR5cCI6IkpXVCJ9.eyJkYXRhIjp7ImlkIjoiZDBkNzE0NDctZjc2Zi00NDZmLTg2N2MtMDg3NTAwMTlhMDE2IiwibmFtZSI6ImFkbWluIiwiZ2VuZGVyIjp0cnVlLCJlbWFpbCI6IjM3ODMzODYyN0BxcS5jb20ifSwiaWF0IjoxNTAzOTY5MDMxLCJleHAiOjE1MDQwNTU0MzF9.DhZZkBQZR7t6D443k2S_JbSYJ18yDyGKOa-cKnrdDh0
request client ip:  ::ffff:127.0.0.1
request query:  {"token":"eyJhbGciOiJIUzI1NiIsInR5cCI6IkpXVCJ9.eyJkYXRhIjp7ImlkIjoiZDBkNzE0NDctZjc2Zi00NDZmLTg2N2MtMDg3NTAwMTlhMDE2IiwibmFtZSI6ImFkbWluIiwiZ2VuZGVyIjp0cnVlLCJlbWFpbCI6IjM3ODMzODYyN0BxcS5jb20ifSwiaWF0IjoxNTAzOTY5MDMxLCJleHAiOjE1MDQwNTU0MzF9.DhZZkBQZR7t6D443k2S_JbSYJ18yDyGKOa-cKnrdDh0"}
response time: 226
response status: 200
response body: 
{"status":0,"data":{"type":"HARDWARE","equipment":"电话","operation":"ADVICE","weight":3,"remark":"111","status":1,"id":"35f40a28-99ac-4fc9-9fed-6b5bbfc6adc0","createdAt":1503969362236,"updatedAt":1503969362236,"version":0},"message":"删除成功！"}
*************** response log end ***************

[2017-08-29 16:03:44.709] [INFO] resLogger - 
*************** response log start ***************
request method: GET
request originalUrl:  /api/business/list/page/2?token=eyJhbGciOiJIUzI1NiIsInR5cCI6IkpXVCJ9.eyJkYXRhIjp7ImlkIjoiZDBkNzE0NDctZjc2Zi00NDZmLTg2N2MtMDg3NTAwMTlhMDE2IiwibmFtZSI6ImFkbWluIiwiZ2VuZGVyIjp0cnVlLCJlbWFpbCI6IjM3ODMzODYyN0BxcS5jb20ifSwiaWF0IjoxNTAzOTY5MDMxLCJleHAiOjE1MDQwNTU0MzF9.DhZZkBQZR7t6D443k2S_JbSYJ18yDyGKOa-cKnrdDh0
request client ip:  ::ffff:127.0.0.1
request query:  {"token":"eyJhbGciOiJIUzI1NiIsInR5cCI6IkpXVCJ9.eyJkYXRhIjp7ImlkIjoiZDBkNzE0NDctZjc2Zi00NDZmLTg2N2MtMDg3NTAwMTlhMDE2IiwibmFtZSI6ImFkbWluIiwiZ2VuZGVyIjp0cnVlLCJlbWFpbCI6IjM3ODMzODYyN0BxcS5jb20ifSwiaWF0IjoxNTAzOTY5MDMxLCJleHAiOjE1MDQwNTU0MzF9.DhZZkBQZR7t6D443k2S_JbSYJ18yDyGKOa-cKnrdDh0"}
response time: 83
response status: 200
response body: 
{"status":0,"data":[{"type":"HARDWARE","equipment":"电话","operation":"FIX","weight":10,"remark":"222","status":1,"id":"a003c568-f05f-459f-83c4-6981c57d0de0","createdAt":1503969362236,"updatedAt":1503969362236,"version":0},{"type":"HARDWARE","equipment":"电话","operation":"DEBUG","weight":10,"remark":"333","status":1,"id":"0cae6dca-e278-4473-bb9d-d1b6aaa352a2","createdAt":1503969362235,"updatedAt":1503969362235,"version":0},{"type":"HARDWARE","equipment":"电话","operation":"SETUP","weight":5,"remark":"444","status":1,"id":"c9462835-62cf-444f-8b9c-b211132cb68f","createdAt":1503969362233,"updatedAt":1503969362233,"version":0}],"total":13}
*************** response log end ***************

[2017-08-29 16:03:52.027] [INFO] resLogger - 
*************** response log start ***************
request method: GET
request originalUrl:  /api/business/getequip/get/HARDWARE?token=eyJhbGciOiJIUzI1NiIsInR5cCI6IkpXVCJ9.eyJkYXRhIjp7ImlkIjoiZDBkNzE0NDctZjc2Zi00NDZmLTg2N2MtMDg3NTAwMTlhMDE2IiwibmFtZSI6ImFkbWluIiwiZ2VuZGVyIjp0cnVlLCJlbWFpbCI6IjM3ODMzODYyN0BxcS5jb20ifSwiaWF0IjoxNTAzOTY5MDMxLCJleHAiOjE1MDQwNTU0MzF9.DhZZkBQZR7t6D443k2S_JbSYJ18yDyGKOa-cKnrdDh0
request client ip:  ::ffff:127.0.0.1
request query:  {"token":"eyJhbGciOiJIUzI1NiIsInR5cCI6IkpXVCJ9.eyJkYXRhIjp7ImlkIjoiZDBkNzE0NDctZjc2Zi00NDZmLTg2N2MtMDg3NTAwMTlhMDE2IiwibmFtZSI6ImFkbWluIiwiZ2VuZGVyIjp0cnVlLCJlbWFpbCI6IjM3ODMzODYyN0BxcS5jb20ifSwiaWF0IjoxNTAzOTY5MDMxLCJleHAiOjE1MDQwNTU0MzF9.DhZZkBQZR7t6D443k2S_JbSYJ18yDyGKOa-cKnrdDh0"}
response time: 47
response status: 200
response body: 
{"status":0,"data":[{"equipment":"电话"},{"equipment":"路由器"}]}
*************** response log end ***************

[2017-08-29 16:03:52.090] [INFO] resLogger - 
*************** response log start ***************
request method: GET
request originalUrl:  /api/business/list/page/1?token=eyJhbGciOiJIUzI1NiIsInR5cCI6IkpXVCJ9.eyJkYXRhIjp7ImlkIjoiZDBkNzE0NDctZjc2Zi00NDZmLTg2N2MtMDg3NTAwMTlhMDE2IiwibmFtZSI6ImFkbWluIiwiZ2VuZGVyIjp0cnVlLCJlbWFpbCI6IjM3ODMzODYyN0BxcS5jb20ifSwiaWF0IjoxNTAzOTY5MDMxLCJleHAiOjE1MDQwNTU0MzF9.DhZZkBQZR7t6D443k2S_JbSYJ18yDyGKOa-cKnrdDh0&type=HARDWARE
request client ip:  ::ffff:127.0.0.1
request query:  {"token":"eyJhbGciOiJIUzI1NiIsInR5cCI6IkpXVCJ9.eyJkYXRhIjp7ImlkIjoiZDBkNzE0NDctZjc2Zi00NDZmLTg2N2MtMDg3NTAwMTlhMDE2IiwibmFtZSI6ImFkbWluIiwiZ2VuZGVyIjp0cnVlLCJlbWFpbCI6IjM3ODMzODYyN0BxcS5jb20ifSwiaWF0IjoxNTAzOTY5MDMxLCJleHAiOjE1MDQwNTU0MzF9.DhZZkBQZR7t6D443k2S_JbSYJ18yDyGKOa-cKnrdDh0","type":"HARDWARE"}
response time: 62
response status: 200
response body: 
{"status":0,"data":[{"type":"HARDWARE","equipment":"路由器","operation":"ADVICE","weight":5,"remark":null,"status":1,"id":"46184637-840b-411f-93cf-51d360ff3d99","createdAt":1503970380504,"updatedAt":1503970380504,"version":0},{"type":"HARDWARE","equipment":"路由器","operation":"SUPPORT","weight":5,"remark":null,"status":1,"id":"f2efb954-39ce-4fe8-adaa-3776c5f9eac3","createdAt":1503970380504,"updatedAt":1503970380504,"version":0},{"type":"HARDWARE","equipment":"路由器","operation":"DEBUG","weight":5,"remark":null,"status":1,"id":"3052a519-4f40-41ed-99c7-fbacd32a46ca","createdAt":1503970380503,"updatedAt":1503970380503,"version":0},{"type":"HARDWARE","equipment":"路由器","operation":"FIX","weight":5,"remark":null,"status":1,"id":"8e4e962c-92a9-47bf-9814-dd1503ec2b7c","createdAt":1503970380503,"updatedAt":1503970380503,"version":0},{"type":"HARDWARE","equipment":"路由器","operation":"SETUP","weight":5,"remark":null,"status":1,"id":"698cd2bb-db7a-459d-86df-ed997181a31c","createdAt":1503970380501,"updatedAt":1503970380501,"version":0},{"type":"HARDWARE","equipment":"电话","operation":"FIX","weight":10,"remark":"222","status":1,"id":"a003c568-f05f-459f-83c4-6981c57d0de0","createdAt":1503969362236,"updatedAt":1503969362236,"version":0},{"type":"HARDWARE","equipment":"电话","operation":"DEBUG","weight":10,"remark":"333","status":1,"id":"0cae6dca-e278-4473-bb9d-d1b6aaa352a2","createdAt":1503969362235,"updatedAt":1503969362235,"version":0},{"type":"HARDWARE","equipment":"电话","operation":"SETUP","weight":5,"remark":"444","status":1,"id":"c9462835-62cf-444f-8b9c-b211132cb68f","createdAt":1503969362233,"updatedAt":1503969362233,"version":0}],"total":8}
*************** response log end ***************

[2017-08-29 16:55:01.342] [INFO] resLogger - 
*************** response log start ***************
request method: GET
request originalUrl:  /api/business/list/page/1?token=eyJhbGciOiJIUzI1NiIsInR5cCI6IkpXVCJ9.eyJkYXRhIjp7ImlkIjoiZDBkNzE0NDctZjc2Zi00NDZmLTg2N2MtMDg3NTAwMTlhMDE2IiwibmFtZSI6ImFkbWluIiwiZ2VuZGVyIjp0cnVlLCJlbWFpbCI6IjM3ODMzODYyN0BxcS5jb20ifSwiaWF0IjoxNTAzOTY5MDMxLCJleHAiOjE1MDQwNTU0MzF9.DhZZkBQZR7t6D443k2S_JbSYJ18yDyGKOa-cKnrdDh0&type=HARDWARE&equipment=%E7%94%B5%E8%AF%9D
request client ip:  ::ffff:127.0.0.1
request query:  {"token":"eyJhbGciOiJIUzI1NiIsInR5cCI6IkpXVCJ9.eyJkYXRhIjp7ImlkIjoiZDBkNzE0NDctZjc2Zi00NDZmLTg2N2MtMDg3NTAwMTlhMDE2IiwibmFtZSI6ImFkbWluIiwiZ2VuZGVyIjp0cnVlLCJlbWFpbCI6IjM3ODMzODYyN0BxcS5jb20ifSwiaWF0IjoxNTAzOTY5MDMxLCJleHAiOjE1MDQwNTU0MzF9.DhZZkBQZR7t6D443k2S_JbSYJ18yDyGKOa-cKnrdDh0","type":"HARDWARE","equipment":"电话"}
response time: 134
response status: 200
response body: 
{"status":0,"data":[{"type":"HARDWARE","equipment":"电话","operation":"FIX","weight":10,"remark":"222","status":1,"id":"a003c568-f05f-459f-83c4-6981c57d0de0","createdAt":1503969362236,"updatedAt":1503969362236,"version":0},{"type":"HARDWARE","equipment":"电话","operation":"DEBUG","weight":10,"remark":"333","status":1,"id":"0cae6dca-e278-4473-bb9d-d1b6aaa352a2","createdAt":1503969362235,"updatedAt":1503969362235,"version":0},{"type":"HARDWARE","equipment":"电话","operation":"SETUP","weight":5,"remark":"444","status":1,"id":"c9462835-62cf-444f-8b9c-b211132cb68f","createdAt":1503969362233,"updatedAt":1503969362233,"version":0}],"total":3}
*************** response log end ***************

[2017-08-29 16:55:03.730] [INFO] resLogger - 
*************** response log start ***************
request method: GET
request originalUrl:  /api/business/getequip/get?token=eyJhbGciOiJIUzI1NiIsInR5cCI6IkpXVCJ9.eyJkYXRhIjp7ImlkIjoiZDBkNzE0NDctZjc2Zi00NDZmLTg2N2MtMDg3NTAwMTlhMDE2IiwibmFtZSI6ImFkbWluIiwiZ2VuZGVyIjp0cnVlLCJlbWFpbCI6IjM3ODMzODYyN0BxcS5jb20ifSwiaWF0IjoxNTAzOTY5MDMxLCJleHAiOjE1MDQwNTU0MzF9.DhZZkBQZR7t6D443k2S_JbSYJ18yDyGKOa-cKnrdDh0
request client ip:  ::ffff:127.0.0.1
request query:  {"token":"eyJhbGciOiJIUzI1NiIsInR5cCI6IkpXVCJ9.eyJkYXRhIjp7ImlkIjoiZDBkNzE0NDctZjc2Zi00NDZmLTg2N2MtMDg3NTAwMTlhMDE2IiwibmFtZSI6ImFkbWluIiwiZ2VuZGVyIjp0cnVlLCJlbWFpbCI6IjM3ODMzODYyN0BxcS5jb20ifSwiaWF0IjoxNTAzOTY5MDMxLCJleHAiOjE1MDQwNTU0MzF9.DhZZkBQZR7t6D443k2S_JbSYJ18yDyGKOa-cKnrdDh0"}
response time: 47
response status: 200
response body: 
{"status":0,"data":[{"equipment":"专网"},{"equipment":"电话"},{"equipment":"路由器"}]}
*************** response log end ***************

[2017-08-29 16:55:03.790] [INFO] resLogger - 
*************** response log start ***************
request method: GET
request originalUrl:  /api/business/list/page/1?token=eyJhbGciOiJIUzI1NiIsInR5cCI6IkpXVCJ9.eyJkYXRhIjp7ImlkIjoiZDBkNzE0NDctZjc2Zi00NDZmLTg2N2MtMDg3NTAwMTlhMDE2IiwibmFtZSI6ImFkbWluIiwiZ2VuZGVyIjp0cnVlLCJlbWFpbCI6IjM3ODMzODYyN0BxcS5jb20ifSwiaWF0IjoxNTAzOTY5MDMxLCJleHAiOjE1MDQwNTU0MzF9.DhZZkBQZR7t6D443k2S_JbSYJ18yDyGKOa-cKnrdDh0
request client ip:  ::ffff:127.0.0.1
request query:  {"token":"eyJhbGciOiJIUzI1NiIsInR5cCI6IkpXVCJ9.eyJkYXRhIjp7ImlkIjoiZDBkNzE0NDctZjc2Zi00NDZmLTg2N2MtMDg3NTAwMTlhMDE2IiwibmFtZSI6ImFkbWluIiwiZ2VuZGVyIjp0cnVlLCJlbWFpbCI6IjM3ODMzODYyN0BxcS5jb20ifSwiaWF0IjoxNTAzOTY5MDMxLCJleHAiOjE1MDQwNTU0MzF9.DhZZkBQZR7t6D443k2S_JbSYJ18yDyGKOa-cKnrdDh0"}
response time: 59
response status: 200
response body: 
{"status":0,"data":[{"type":"NET","equipment":"专网","operation":"ADVICE","weight":5,"remark":null,"status":1,"id":"45e3bcbc-0e0b-40ed-9f27-dfbefd1070f5","createdAt":1503970400340,"updatedAt":1503970400340,"version":0},{"type":"NET","equipment":"专网","operation":"SUPPORT","weight":5,"remark":null,"status":1,"id":"a454893d-0770-441f-9852-4b60f2549dc8","createdAt":1503970400340,"updatedAt":1503970400340,"version":0},{"type":"NET","equipment":"专网","operation":"FIX","weight":5,"remark":null,"status":1,"id":"d8679464-f56d-419a-b2bc-d7fd4f040122","createdAt":1503970400340,"updatedAt":1503970400340,"version":0},{"type":"NET","equipment":"专网","operation":"DEBUG","weight":5,"remark":null,"status":1,"id":"145a5de2-ccad-4047-a9e5-889df200c6af","createdAt":1503970400339,"updatedAt":1503970400339,"version":0},{"type":"NET","equipment":"专网","operation":"SETUP","weight":5,"remark":null,"status":1,"id":"ed71b9c1-d028-48fc-b3fa-2a784190c9f1","createdAt":1503970400339,"updatedAt":1503970400339,"version":0},{"type":"HARDWARE","equipment":"路由器","operation":"ADVICE","weight":5,"remark":null,"status":1,"id":"46184637-840b-411f-93cf-51d360ff3d99","createdAt":1503970380504,"updatedAt":1503970380504,"version":0},{"type":"HARDWARE","equipment":"路由器","operation":"SUPPORT","weight":5,"remark":null,"status":1,"id":"f2efb954-39ce-4fe8-adaa-3776c5f9eac3","createdAt":1503970380504,"updatedAt":1503970380504,"version":0},{"type":"HARDWARE","equipment":"路由器","operation":"DEBUG","weight":5,"remark":null,"status":1,"id":"3052a519-4f40-41ed-99c7-fbacd32a46ca","createdAt":1503970380503,"updatedAt":1503970380503,"version":0},{"type":"HARDWARE","equipment":"路由器","operation":"FIX","weight":5,"remark":null,"status":1,"id":"8e4e962c-92a9-47bf-9814-dd1503ec2b7c","createdAt":1503970380503,"updatedAt":1503970380503,"version":0},{"type":"HARDWARE","equipment":"路由器","operation":"SETUP","weight":5,"remark":null,"status":1,"id":"698cd2bb-db7a-459d-86df-ed997181a31c","createdAt":1503970380501,"updatedAt":1503970380501,"version":0}],"total":13}
*************** response log end ***************

