[2017-07-19 09:20:39.521] [INFO] resLogger - 
*************** response log start ***************
request method: GET
request originalUrl:  /api/user/?token=eyJhbGciOiJIUzI1NiIsInR5cCI6IkpXVCJ9.eyJkYXRhIjp7ImlkIjoiYTg2MTUyMDMtYjQyZi00OGMxLTk3YzQtYzc3OTNkZWY2NGIxIiwibmFtZSI6ImFkbWluIiwiZ2VuZGVyIjp0cnVlLCJlbWFpbCI6IjM3ODMzODYyN0BxcS5jb20ifSwiaWF0IjoxNTAwMjg2MTA1LCJleHAiOjE1MDAzNzI1MDV9.cS97GexDtAqr4ridbajHCqQtsnihC7Bch2L01W6xXf8
request client ip:  ::ffff:127.0.0.1
request query:  {"token":"eyJhbGciOiJIUzI1NiIsInR5cCI6IkpXVCJ9.eyJkYXRhIjp7ImlkIjoiYTg2MTUyMDMtYjQyZi00OGMxLTk3YzQtYzc3OTNkZWY2NGIxIiwibmFtZSI6ImFkbWluIiwiZ2VuZGVyIjp0cnVlLCJlbWFpbCI6IjM3ODMzODYyN0BxcS5jb20ifSwiaWF0IjoxNTAwMjg2MTA1LCJleHAiOjE1MDAzNzI1MDV9.cS97GexDtAqr4ridbajHCqQtsnihC7Bch2L01W6xXf8"}
response time: 269
response status: 200
response body: 
{"name":"jwtError","status":10003,"message":"身份验证错误"}
*************** response log end ***************

[2017-07-19 09:20:53.432] [INFO] resLogger - 
*************** response log start ***************
request method: GET
request originalUrl:  /api/user/?token=eyJhbGciOiJIUzI1NiIsInR5cCI6IkpXVCJ9.eyJkYXRhIjp7ImlkIjoiYTg2MTUyMDMtYjQyZi00OGMxLTk3YzQtYzc3OTNkZWY2NGIxIiwibmFtZSI6ImFkbWluIiwiZ2VuZGVyIjp0cnVlLCJlbWFpbCI6IjM3ODMzODYyN0BxcS5jb20ifSwiaWF0IjoxNTAwMjg2MTA1LCJleHAiOjE1MDAzNzI1MDV9.cS97GexDtAqr4ridbajHCqQtsnihC7Bch2L01W6xXf8
request client ip:  ::ffff:127.0.0.1
request query:  {"token":"eyJhbGciOiJIUzI1NiIsInR5cCI6IkpXVCJ9.eyJkYXRhIjp7ImlkIjoiYTg2MTUyMDMtYjQyZi00OGMxLTk3YzQtYzc3OTNkZWY2NGIxIiwibmFtZSI6ImFkbWluIiwiZ2VuZGVyIjp0cnVlLCJlbWFpbCI6IjM3ODMzODYyN0BxcS5jb20ifSwiaWF0IjoxNTAwMjg2MTA1LCJleHAiOjE1MDAzNzI1MDV9.cS97GexDtAqr4ridbajHCqQtsnihC7Bch2L01W6xXf8"}
response time: 21
response status: 200
response body: 
{"name":"jwtError","status":10003,"message":"身份验证错误"}
*************** response log end ***************

[2017-07-19 09:22:38.489] [INFO] resLogger - 
*************** response log start ***************
request method: GET
request originalUrl:  /api/user/?token=eyJhbGciOiJIUzI1NiIsInR5cCI6IkpXVCJ9.eyJkYXRhIjp7ImlkIjoiYTg2MTUyMDMtYjQyZi00OGMxLTk3YzQtYzc3OTNkZWY2NGIxIiwibmFtZSI6ImFkbWluIiwiZ2VuZGVyIjp0cnVlLCJlbWFpbCI6IjM3ODMzODYyN0BxcS5jb20ifSwiaWF0IjoxNTAwMjg2MTA1LCJleHAiOjE1MDAzNzI1MDV9.cS97GexDtAqr4ridbajHCqQtsnihC7Bch2L01W6xXf8
request client ip:  ::ffff:127.0.0.1
request query:  {"token":"eyJhbGciOiJIUzI1NiIsInR5cCI6IkpXVCJ9.eyJkYXRhIjp7ImlkIjoiYTg2MTUyMDMtYjQyZi00OGMxLTk3YzQtYzc3OTNkZWY2NGIxIiwibmFtZSI6ImFkbWluIiwiZ2VuZGVyIjp0cnVlLCJlbWFpbCI6IjM3ODMzODYyN0BxcS5jb20ifSwiaWF0IjoxNTAwMjg2MTA1LCJleHAiOjE1MDAzNzI1MDV9.cS97GexDtAqr4ridbajHCqQtsnihC7Bch2L01W6xXf8"}
response time: 17
response status: 200
response body: 
{"name":"jwtError","status":10003,"message":"身份验证错误"}
*************** response log end ***************

[2017-07-19 09:23:34.435] [INFO] resLogger - 
*************** response log start ***************
request method: GET
request originalUrl:  /api/user/?token=eyJhbGciOiJIUzI1NiIsInR5cCI6IkpXVCJ9.eyJkYXRhIjp7ImlkIjoiYTg2MTUyMDMtYjQyZi00OGMxLTk3YzQtYzc3OTNkZWY2NGIxIiwibmFtZSI6ImFkbWluIiwiZ2VuZGVyIjp0cnVlLCJlbWFpbCI6IjM3ODMzODYyN0BxcS5jb20ifSwiaWF0IjoxNTAwMjg2MTA1LCJleHAiOjE1MDAzNzI1MDV9.cS97GexDtAqr4ridbajHCqQtsnihC7Bch2L01W6xXf8
request client ip:  ::ffff:127.0.0.1
request query:  {"token":"eyJhbGciOiJIUzI1NiIsInR5cCI6IkpXVCJ9.eyJkYXRhIjp7ImlkIjoiYTg2MTUyMDMtYjQyZi00OGMxLTk3YzQtYzc3OTNkZWY2NGIxIiwibmFtZSI6ImFkbWluIiwiZ2VuZGVyIjp0cnVlLCJlbWFpbCI6IjM3ODMzODYyN0BxcS5jb20ifSwiaWF0IjoxNTAwMjg2MTA1LCJleHAiOjE1MDAzNzI1MDV9.cS97GexDtAqr4ridbajHCqQtsnihC7Bch2L01W6xXf8"}
response time: 20
response status: 200
response body: 
{"name":"jwtError","status":10003,"message":"身份验证错误"}
*************** response log end ***************

[2017-07-19 09:25:26.980] [INFO] resLogger - 
*************** response log start ***************
request method: GET
request originalUrl:  /api/user/?token=eyJhbGciOiJIUzI1NiIsInR5cCI6IkpXVCJ9.eyJkYXRhIjp7ImlkIjoiYTg2MTUyMDMtYjQyZi00OGMxLTk3YzQtYzc3OTNkZWY2NGIxIiwibmFtZSI6ImFkbWluIiwiZ2VuZGVyIjp0cnVlLCJlbWFpbCI6IjM3ODMzODYyN0BxcS5jb20ifSwiaWF0IjoxNTAwMjg2MTA1LCJleHAiOjE1MDAzNzI1MDV9.cS97GexDtAqr4ridbajHCqQtsnihC7Bch2L01W6xXf8
request client ip:  ::ffff:127.0.0.1
request query:  {"token":"eyJhbGciOiJIUzI1NiIsInR5cCI6IkpXVCJ9.eyJkYXRhIjp7ImlkIjoiYTg2MTUyMDMtYjQyZi00OGMxLTk3YzQtYzc3OTNkZWY2NGIxIiwibmFtZSI6ImFkbWluIiwiZ2VuZGVyIjp0cnVlLCJlbWFpbCI6IjM3ODMzODYyN0BxcS5jb20ifSwiaWF0IjoxNTAwMjg2MTA1LCJleHAiOjE1MDAzNzI1MDV9.cS97GexDtAqr4ridbajHCqQtsnihC7Bch2L01W6xXf8"}
response time: 26
response status: 200
response body: 
{"name":"jwtError","status":10003,"message":"身份验证错误"}
*************** response log end ***************

[2017-07-19 09:26:07.692] [INFO] resLogger - 
*************** response log start ***************
request method: GET
request originalUrl:  /api/user/?token=eyJhbGciOiJIUzI1NiIsInR5cCI6IkpXVCJ9.eyJkYXRhIjp7ImlkIjoiYTg2MTUyMDMtYjQyZi00OGMxLTk3YzQtYzc3OTNkZWY2NGIxIiwibmFtZSI6ImFkbWluIiwiZ2VuZGVyIjp0cnVlLCJlbWFpbCI6IjM3ODMzODYyN0BxcS5jb20ifSwiaWF0IjoxNTAwMjg2MTA1LCJleHAiOjE1MDAzNzI1MDV9.cS97GexDtAqr4ridbajHCqQtsnihC7Bch2L01W6xXf8
request client ip:  ::ffff:127.0.0.1
request query:  {"token":"eyJhbGciOiJIUzI1NiIsInR5cCI6IkpXVCJ9.eyJkYXRhIjp7ImlkIjoiYTg2MTUyMDMtYjQyZi00OGMxLTk3YzQtYzc3OTNkZWY2NGIxIiwibmFtZSI6ImFkbWluIiwiZ2VuZGVyIjp0cnVlLCJlbWFpbCI6IjM3ODMzODYyN0BxcS5jb20ifSwiaWF0IjoxNTAwMjg2MTA1LCJleHAiOjE1MDAzNzI1MDV9.cS97GexDtAqr4ridbajHCqQtsnihC7Bch2L01W6xXf8"}
response time: 22
response status: 200
response body: 
{"name":"jwtError","status":10003,"message":"身份验证错误"}
*************** response log end ***************

[2017-07-19 09:27:16.010] [INFO] resLogger - 
*************** response log start ***************
request method: GET
request originalUrl:  /api/user/?token=eyJhbGciOiJIUzI1NiIsInR5cCI6IkpXVCJ9.eyJkYXRhIjp7ImlkIjoiYTg2MTUyMDMtYjQyZi00OGMxLTk3YzQtYzc3OTNkZWY2NGIxIiwibmFtZSI6ImFkbWluIiwiZ2VuZGVyIjp0cnVlLCJlbWFpbCI6IjM3ODMzODYyN0BxcS5jb20ifSwiaWF0IjoxNTAwMjg2MTA1LCJleHAiOjE1MDAzNzI1MDV9.cS97GexDtAqr4ridbajHCqQtsnihC7Bch2L01W6xXf8
request client ip:  ::ffff:127.0.0.1
request query:  {"token":"eyJhbGciOiJIUzI1NiIsInR5cCI6IkpXVCJ9.eyJkYXRhIjp7ImlkIjoiYTg2MTUyMDMtYjQyZi00OGMxLTk3YzQtYzc3OTNkZWY2NGIxIiwibmFtZSI6ImFkbWluIiwiZ2VuZGVyIjp0cnVlLCJlbWFpbCI6IjM3ODMzODYyN0BxcS5jb20ifSwiaWF0IjoxNTAwMjg2MTA1LCJleHAiOjE1MDAzNzI1MDV9.cS97GexDtAqr4ridbajHCqQtsnihC7Bch2L01W6xXf8"}
response time: 22
response status: 200
response body: 
{"name":"jwtError","status":10003,"message":"身份验证错误"}
*************** response log end ***************

[2017-07-19 09:28:05.799] [INFO] resLogger - 
*************** response log start ***************
request method: GET
request originalUrl:  /api/user/?token=eyJhbGciOiJIUzI1NiIsInR5cCI6IkpXVCJ9.eyJkYXRhIjp7ImlkIjoiYTg2MTUyMDMtYjQyZi00OGMxLTk3YzQtYzc3OTNkZWY2NGIxIiwibmFtZSI6ImFkbWluIiwiZ2VuZGVyIjp0cnVlLCJlbWFpbCI6IjM3ODMzODYyN0BxcS5jb20ifSwiaWF0IjoxNTAwMjg2MTA1LCJleHAiOjE1MDAzNzI1MDV9.cS97GexDtAqr4ridbajHCqQtsnihC7Bch2L01W6xXf8
request client ip:  ::ffff:127.0.0.1
request query:  {"token":"eyJhbGciOiJIUzI1NiIsInR5cCI6IkpXVCJ9.eyJkYXRhIjp7ImlkIjoiYTg2MTUyMDMtYjQyZi00OGMxLTk3YzQtYzc3OTNkZWY2NGIxIiwibmFtZSI6ImFkbWluIiwiZ2VuZGVyIjp0cnVlLCJlbWFpbCI6IjM3ODMzODYyN0BxcS5jb20ifSwiaWF0IjoxNTAwMjg2MTA1LCJleHAiOjE1MDAzNzI1MDV9.cS97GexDtAqr4ridbajHCqQtsnihC7Bch2L01W6xXf8"}
response time: 26
response status: 200
response body: 
{"name":"jwtError","status":10003,"message":"身份验证错误"}
*************** response log end ***************

[2017-07-19 09:28:13.011] [INFO] resLogger - 
*************** response log start ***************
request method: OPTIONS
request originalUrl:  /api/user/login
request client ip:  ::ffff:127.0.0.1
request body: 
{}
response time: 13
response status: 204
response body: 
undefined
*************** response log end ***************

[2017-07-19 09:28:15.665] [INFO] resLogger - 
*************** response log start ***************
request method: POST
request originalUrl:  /api/user/login
request client ip:  ::ffff:127.0.0.1
request body: 
{"username":"admin","password":"admin"}
response time: 2278
response status: 200
response body: 
{"status":0,"data":{"name":"admin","email":"378338627@qq.com","password":"$2a$10$xmgJzl6FH05MXqtHAwT8ieXHc.8A.B.PBX.cv16LPt.5q9w08CrhK","gender":true,"token":"eyJhbGciOiJIUzI1NiIsInR5cCI6IkpXVCJ9.eyJkYXRhIjp7ImlkIjoiYTg2MTUyMDMtYjQyZi00OGMxLTk3YzQtYzc3OTNkZWY2NGIxIiwibmFtZSI6ImFkbWluIiwiZ2VuZGVyIjp0cnVlLCJlbWFpbCI6IjM3ODMzODYyN0BxcS5jb20ifSwiaWF0IjoxNTAwNDI3Njk0LCJleHAiOjE1MDA1MTQwOTR9.7drTj0mqO_Mt888GAn_Y4UrZ12JS_Xgj6QJsphP2Tvk","id":"a8615203-b42f-48c1-97c4-c7793def64b1","createdAt":1499934432149,"updatedAt":1500427694986,"version":2}}
*************** response log end ***************

[2017-07-19 09:28:15.839] [INFO] resLogger - 
*************** response log start ***************
request method: GET
request originalUrl:  /api/user/?token=eyJhbGciOiJIUzI1NiIsInR5cCI6IkpXVCJ9.eyJkYXRhIjp7ImlkIjoiYTg2MTUyMDMtYjQyZi00OGMxLTk3YzQtYzc3OTNkZWY2NGIxIiwibmFtZSI6ImFkbWluIiwiZ2VuZGVyIjp0cnVlLCJlbWFpbCI6IjM3ODMzODYyN0BxcS5jb20ifSwiaWF0IjoxNTAwNDI3Njk0LCJleHAiOjE1MDA1MTQwOTR9.7drTj0mqO_Mt888GAn_Y4UrZ12JS_Xgj6QJsphP2Tvk
request client ip:  ::ffff:127.0.0.1
request query:  {"token":"eyJhbGciOiJIUzI1NiIsInR5cCI6IkpXVCJ9.eyJkYXRhIjp7ImlkIjoiYTg2MTUyMDMtYjQyZi00OGMxLTk3YzQtYzc3OTNkZWY2NGIxIiwibmFtZSI6ImFkbWluIiwiZ2VuZGVyIjp0cnVlLCJlbWFpbCI6IjM3ODMzODYyN0BxcS5jb20ifSwiaWF0IjoxNTAwNDI3Njk0LCJleHAiOjE1MDA1MTQwOTR9.7drTj0mqO_Mt888GAn_Y4UrZ12JS_Xgj6QJsphP2Tvk"}
response time: 55
response status: 200
response body: 
{"status":0,"data":{"name":"admin","email":"378338627@qq.com","password":"$2a$10$xmgJzl6FH05MXqtHAwT8ieXHc.8A.B.PBX.cv16LPt.5q9w08CrhK","gender":true,"token":"eyJhbGciOiJIUzI1NiIsInR5cCI6IkpXVCJ9.eyJkYXRhIjp7ImlkIjoiYTg2MTUyMDMtYjQyZi00OGMxLTk3YzQtYzc3OTNkZWY2NGIxIiwibmFtZSI6ImFkbWluIiwiZ2VuZGVyIjp0cnVlLCJlbWFpbCI6IjM3ODMzODYyN0BxcS5jb20ifSwiaWF0IjoxNTAwNDI3Njk0LCJleHAiOjE1MDA1MTQwOTR9.7drTj0mqO_Mt888GAn_Y4UrZ12JS_Xgj6QJsphP2Tvk","id":"a8615203-b42f-48c1-97c4-c7793def64b1","createdAt":1499934432149,"updatedAt":1499934432149,"version":0}}
*************** response log end ***************

[2017-07-19 09:28:40.370] [INFO] resLogger - 
*************** response log start ***************
request method: GET
request originalUrl:  /api/user/?token=undefined
request client ip:  ::ffff:127.0.0.1
request query:  {"token":"undefined"}
response time: 33
response status: 200
response body: 
{"name":"jwtError","status":10003,"message":"身份验证错误"}
*************** response log end ***************

[2017-07-19 09:53:03.763] [INFO] resLogger - 
*************** response log start ***************
request method: OPTIONS
request originalUrl:  /api/user/login
request client ip:  ::ffff:127.0.0.1
request body: 
{}
response time: 19
response status: 204
response body: 
undefined
*************** response log end ***************

[2017-07-19 09:53:04.271] [INFO] resLogger - 
*************** response log start ***************
request method: POST
request originalUrl:  /api/user/login
request client ip:  ::ffff:127.0.0.1
request body: 
{"username":"admin","password":"admin"}
response time: 488
response status: 200
response body: 
{"status":0,"data":{"name":"admin","email":"378338627@qq.com","password":"$2a$10$xmgJzl6FH05MXqtHAwT8ieXHc.8A.B.PBX.cv16LPt.5q9w08CrhK","gender":true,"token":"eyJhbGciOiJIUzI1NiIsInR5cCI6IkpXVCJ9.eyJkYXRhIjp7ImlkIjoiYTg2MTUyMDMtYjQyZi00OGMxLTk3YzQtYzc3OTNkZWY2NGIxIiwibmFtZSI6ImFkbWluIiwiZ2VuZGVyIjp0cnVlLCJlbWFpbCI6IjM3ODMzODYyN0BxcS5jb20ifSwiaWF0IjoxNTAwNDI5MTg0LCJleHAiOjE1MDA1MTU1ODR9.0l8NtYQ1zA2a63y2jrlL6Ro78TA1ENYbItHqfXqxX9c","id":"a8615203-b42f-48c1-97c4-c7793def64b1","createdAt":1499934432149,"updatedAt":1500429184132,"version":2}}
*************** response log end ***************

[2017-07-19 09:53:04.478] [INFO] resLogger - 
*************** response log start ***************
request method: GET
request originalUrl:  /api/user/?token=eyJhbGciOiJIUzI1NiIsInR5cCI6IkpXVCJ9.eyJkYXRhIjp7ImlkIjoiYTg2MTUyMDMtYjQyZi00OGMxLTk3YzQtYzc3OTNkZWY2NGIxIiwibmFtZSI6ImFkbWluIiwiZ2VuZGVyIjp0cnVlLCJlbWFpbCI6IjM3ODMzODYyN0BxcS5jb20ifSwiaWF0IjoxNTAwNDI5MTg0LCJleHAiOjE1MDA1MTU1ODR9.0l8NtYQ1zA2a63y2jrlL6Ro78TA1ENYbItHqfXqxX9c
request client ip:  ::ffff:127.0.0.1
request query:  {"token":"eyJhbGciOiJIUzI1NiIsInR5cCI6IkpXVCJ9.eyJkYXRhIjp7ImlkIjoiYTg2MTUyMDMtYjQyZi00OGMxLTk3YzQtYzc3OTNkZWY2NGIxIiwibmFtZSI6ImFkbWluIiwiZ2VuZGVyIjp0cnVlLCJlbWFpbCI6IjM3ODMzODYyN0BxcS5jb20ifSwiaWF0IjoxNTAwNDI5MTg0LCJleHAiOjE1MDA1MTU1ODR9.0l8NtYQ1zA2a63y2jrlL6Ro78TA1ENYbItHqfXqxX9c"}
response time: 57
response status: 200
response body: 
{"status":0,"data":{"name":"admin","email":"378338627@qq.com","password":"$2a$10$xmgJzl6FH05MXqtHAwT8ieXHc.8A.B.PBX.cv16LPt.5q9w08CrhK","gender":true,"token":"eyJhbGciOiJIUzI1NiIsInR5cCI6IkpXVCJ9.eyJkYXRhIjp7ImlkIjoiYTg2MTUyMDMtYjQyZi00OGMxLTk3YzQtYzc3OTNkZWY2NGIxIiwibmFtZSI6ImFkbWluIiwiZ2VuZGVyIjp0cnVlLCJlbWFpbCI6IjM3ODMzODYyN0BxcS5jb20ifSwiaWF0IjoxNTAwNDI5MTg0LCJleHAiOjE1MDA1MTU1ODR9.0l8NtYQ1zA2a63y2jrlL6Ro78TA1ENYbItHqfXqxX9c","id":"a8615203-b42f-48c1-97c4-c7793def64b1","createdAt":1499934432149,"updatedAt":1499934432149,"version":0}}
*************** response log end ***************

[2017-07-19 09:53:07.284] [INFO] resLogger - 
*************** response log start ***************
request method: GET
request originalUrl:  /api/user/?token=eyJhbGciOiJIUzI1NiIsInR5cCI6IkpXVCJ9.eyJkYXRhIjp7ImlkIjoiYTg2MTUyMDMtYjQyZi00OGMxLTk3YzQtYzc3OTNkZWY2NGIxIiwibmFtZSI6ImFkbWluIiwiZ2VuZGVyIjp0cnVlLCJlbWFpbCI6IjM3ODMzODYyN0BxcS5jb20ifSwiaWF0IjoxNTAwNDI5MTg0LCJleHAiOjE1MDA1MTU1ODR9.0l8NtYQ1zA2a63y2jrlL6Ro78TA1ENYbItHqfXqxX9c
request client ip:  ::ffff:127.0.0.1
request query:  {"token":"eyJhbGciOiJIUzI1NiIsInR5cCI6IkpXVCJ9.eyJkYXRhIjp7ImlkIjoiYTg2MTUyMDMtYjQyZi00OGMxLTk3YzQtYzc3OTNkZWY2NGIxIiwibmFtZSI6ImFkbWluIiwiZ2VuZGVyIjp0cnVlLCJlbWFpbCI6IjM3ODMzODYyN0BxcS5jb20ifSwiaWF0IjoxNTAwNDI5MTg0LCJleHAiOjE1MDA1MTU1ODR9.0l8NtYQ1zA2a63y2jrlL6Ro78TA1ENYbItHqfXqxX9c"}
response time: 58
response status: 200
response body: 
{"status":0,"data":{"name":"admin","email":"378338627@qq.com","password":"$2a$10$xmgJzl6FH05MXqtHAwT8ieXHc.8A.B.PBX.cv16LPt.5q9w08CrhK","gender":true,"token":"eyJhbGciOiJIUzI1NiIsInR5cCI6IkpXVCJ9.eyJkYXRhIjp7ImlkIjoiYTg2MTUyMDMtYjQyZi00OGMxLTk3YzQtYzc3OTNkZWY2NGIxIiwibmFtZSI6ImFkbWluIiwiZ2VuZGVyIjp0cnVlLCJlbWFpbCI6IjM3ODMzODYyN0BxcS5jb20ifSwiaWF0IjoxNTAwNDI5MTg0LCJleHAiOjE1MDA1MTU1ODR9.0l8NtYQ1zA2a63y2jrlL6Ro78TA1ENYbItHqfXqxX9c","id":"a8615203-b42f-48c1-97c4-c7793def64b1","createdAt":1499934432149,"updatedAt":1499934432149,"version":0}}
*************** response log end ***************

[2017-07-19 09:53:08.081] [INFO] resLogger - 
*************** response log start ***************
request method: GET
request originalUrl:  /api/user/?token=eyJhbGciOiJIUzI1NiIsInR5cCI6IkpXVCJ9.eyJkYXRhIjp7ImlkIjoiYTg2MTUyMDMtYjQyZi00OGMxLTk3YzQtYzc3OTNkZWY2NGIxIiwibmFtZSI6ImFkbWluIiwiZ2VuZGVyIjp0cnVlLCJlbWFpbCI6IjM3ODMzODYyN0BxcS5jb20ifSwiaWF0IjoxNTAwNDI5MTg0LCJleHAiOjE1MDA1MTU1ODR9.0l8NtYQ1zA2a63y2jrlL6Ro78TA1ENYbItHqfXqxX9c
request client ip:  ::ffff:127.0.0.1
request query:  {"token":"eyJhbGciOiJIUzI1NiIsInR5cCI6IkpXVCJ9.eyJkYXRhIjp7ImlkIjoiYTg2MTUyMDMtYjQyZi00OGMxLTk3YzQtYzc3OTNkZWY2NGIxIiwibmFtZSI6ImFkbWluIiwiZ2VuZGVyIjp0cnVlLCJlbWFpbCI6IjM3ODMzODYyN0BxcS5jb20ifSwiaWF0IjoxNTAwNDI5MTg0LCJleHAiOjE1MDA1MTU1ODR9.0l8NtYQ1zA2a63y2jrlL6Ro78TA1ENYbItHqfXqxX9c"}
response time: 130
response status: 200
response body: 
{"status":0,"data":{"name":"admin","email":"378338627@qq.com","password":"$2a$10$xmgJzl6FH05MXqtHAwT8ieXHc.8A.B.PBX.cv16LPt.5q9w08CrhK","gender":true,"token":"eyJhbGciOiJIUzI1NiIsInR5cCI6IkpXVCJ9.eyJkYXRhIjp7ImlkIjoiYTg2MTUyMDMtYjQyZi00OGMxLTk3YzQtYzc3OTNkZWY2NGIxIiwibmFtZSI6ImFkbWluIiwiZ2VuZGVyIjp0cnVlLCJlbWFpbCI6IjM3ODMzODYyN0BxcS5jb20ifSwiaWF0IjoxNTAwNDI5MTg0LCJleHAiOjE1MDA1MTU1ODR9.0l8NtYQ1zA2a63y2jrlL6Ro78TA1ENYbItHqfXqxX9c","id":"a8615203-b42f-48c1-97c4-c7793def64b1","createdAt":1499934432149,"updatedAt":1499934432149,"version":0}}
*************** response log end ***************

[2017-07-19 09:53:08.289] [INFO] resLogger - 
*************** response log start ***************
request method: GET
request originalUrl:  /api/buildings/list/page/1?token=eyJhbGciOiJIUzI1NiIsInR5cCI6IkpXVCJ9.eyJkYXRhIjp7ImlkIjoiYTg2MTUyMDMtYjQyZi00OGMxLTk3YzQtYzc3OTNkZWY2NGIxIiwibmFtZSI6ImFkbWluIiwiZ2VuZGVyIjp0cnVlLCJlbWFpbCI6IjM3ODMzODYyN0BxcS5jb20ifSwiaWF0IjoxNTAwNDI5MTg0LCJleHAiOjE1MDA1MTU1ODR9.0l8NtYQ1zA2a63y2jrlL6Ro78TA1ENYbItHqfXqxX9c
request client ip:  ::ffff:127.0.0.1
request query:  {"token":"eyJhbGciOiJIUzI1NiIsInR5cCI6IkpXVCJ9.eyJkYXRhIjp7ImlkIjoiYTg2MTUyMDMtYjQyZi00OGMxLTk3YzQtYzc3OTNkZWY2NGIxIiwibmFtZSI6ImFkbWluIiwiZ2VuZGVyIjp0cnVlLCJlbWFpbCI6IjM3ODMzODYyN0BxcS5jb20ifSwiaWF0IjoxNTAwNDI5MTg0LCJleHAiOjE1MDA1MTU1ODR9.0l8NtYQ1zA2a63y2jrlL6Ro78TA1ENYbItHqfXqxX9c"}
response time: 149
response status: 200
response body: 
{"status":0,"data":[{"name":"14","address":"14","minfloor":1,"maxfloor":14,"status":1,"id":"dfa5f5f2-8d50-4d23-9dec-e718bea16a5c","createdAt":1500367561554,"updatedAt":1500367561554,"version":0},{"name":"13","address":"13","minfloor":1,"maxfloor":13,"status":1,"id":"b5ed3c18-af10-4b54-b6b0-91c6cfe6ced1","createdAt":1500286613733,"updatedAt":1500286613733,"version":0},{"name":"11","address":"11","minfloor":11,"maxfloor":11,"status":1,"id":"c4adf53b-6d21-47f6-95bf-0080d742ccba","createdAt":1500200671780,"updatedAt":1500200671780,"version":0},{"name":"10","address":"10","minfloor":10,"maxfloor":10,"status":1,"id":"849b5c4f-747e-470f-a04c-41d5311324a9","createdAt":1500200666110,"updatedAt":1500200666110,"version":0},{"name":"9","address":"9","minfloor":9,"maxfloor":9,"status":1,"id":"7b2a1627-2664-4706-be3d-ef749105b6db","createdAt":1500200657240,"updatedAt":1500200657240,"version":0},{"name":"8","address":"8","minfloor":8,"maxfloor":8,"status":1,"id":"08de1df1-6a03-4f67-8c86-9b641b98cbef","createdAt":1500200652345,"updatedAt":1500200652345,"version":0},{"name":"7","address":"7","minfloor":7,"maxfloor":7,"status":1,"id":"b4636169-c5d1-452e-bf3d-b6b7cccb691c","createdAt":1500200646891,"updatedAt":1500200646891,"version":0},{"name":"6","address":"6","minfloor":6,"maxfloor":6,"status":1,"id":"bcc6bbe8-87a0-4573-b329-9806efe70ae0","createdAt":1500200639691,"updatedAt":1500200639691,"version":0},{"name":"5","address":"5","minfloor":5,"maxfloor":5,"status":1,"id":"014f0122-625a-41a6-aff8-288982b6aa46","createdAt":1500200632990,"updatedAt":1500200632990,"version":0},{"name":"4","address":"4","minfloor":4,"maxfloor":4,"status":1,"id":"5d25aa77-b962-44ef-944a-7f09fef8f889","createdAt":1500200622996,"updatedAt":1500200622996,"version":0}],"total":13}
*************** response log end ***************

[2017-07-19 09:53:23.019] [INFO] resLogger - 
*************** response log start ***************
request method: GET
request originalUrl:  /api/buildings/list/page/2?token=eyJhbGciOiJIUzI1NiIsInR5cCI6IkpXVCJ9.eyJkYXRhIjp7ImlkIjoiYTg2MTUyMDMtYjQyZi00OGMxLTk3YzQtYzc3OTNkZWY2NGIxIiwibmFtZSI6ImFkbWluIiwiZ2VuZGVyIjp0cnVlLCJlbWFpbCI6IjM3ODMzODYyN0BxcS5jb20ifSwiaWF0IjoxNTAwNDI5MTg0LCJleHAiOjE1MDA1MTU1ODR9.0l8NtYQ1zA2a63y2jrlL6Ro78TA1ENYbItHqfXqxX9c
request client ip:  ::ffff:127.0.0.1
request query:  {"token":"eyJhbGciOiJIUzI1NiIsInR5cCI6IkpXVCJ9.eyJkYXRhIjp7ImlkIjoiYTg2MTUyMDMtYjQyZi00OGMxLTk3YzQtYzc3OTNkZWY2NGIxIiwibmFtZSI6ImFkbWluIiwiZ2VuZGVyIjp0cnVlLCJlbWFpbCI6IjM3ODMzODYyN0BxcS5jb20ifSwiaWF0IjoxNTAwNDI5MTg0LCJleHAiOjE1MDA1MTU1ODR9.0l8NtYQ1zA2a63y2jrlL6Ro78TA1ENYbItHqfXqxX9c"}
response time: 91
response status: 200
response body: 
{"status":0,"data":[{"name":"3","address":"3","minfloor":1,"maxfloor":3,"status":1,"id":"964327a7-daab-4202-82bc-5f2861841332","createdAt":1499935652954,"updatedAt":1499935652954,"version":0},{"name":"2","address":"2","minfloor":2,"maxfloor":4,"status":1,"id":"74e0e1d1-fd03-4105-a7a1-56167ed64283","createdAt":1499935257098,"updatedAt":1499935257098,"version":0},{"name":"1","address":"1","minfloor":1,"maxfloor":1,"status":1,"id":"8b7ae305-e24e-4b1f-8cec-758f2e745f9e","createdAt":1499934526071,"updatedAt":1499934526071,"version":0}],"total":13}
*************** response log end ***************

[2017-07-19 09:53:24.520] [INFO] resLogger - 
*************** response log start ***************
request method: GET
request originalUrl:  /api/buildings/list/page/1?token=eyJhbGciOiJIUzI1NiIsInR5cCI6IkpXVCJ9.eyJkYXRhIjp7ImlkIjoiYTg2MTUyMDMtYjQyZi00OGMxLTk3YzQtYzc3OTNkZWY2NGIxIiwibmFtZSI6ImFkbWluIiwiZ2VuZGVyIjp0cnVlLCJlbWFpbCI6IjM3ODMzODYyN0BxcS5jb20ifSwiaWF0IjoxNTAwNDI5MTg0LCJleHAiOjE1MDA1MTU1ODR9.0l8NtYQ1zA2a63y2jrlL6Ro78TA1ENYbItHqfXqxX9c
request client ip:  ::ffff:127.0.0.1
request query:  {"token":"eyJhbGciOiJIUzI1NiIsInR5cCI6IkpXVCJ9.eyJkYXRhIjp7ImlkIjoiYTg2MTUyMDMtYjQyZi00OGMxLTk3YzQtYzc3OTNkZWY2NGIxIiwibmFtZSI6ImFkbWluIiwiZ2VuZGVyIjp0cnVlLCJlbWFpbCI6IjM3ODMzODYyN0BxcS5jb20ifSwiaWF0IjoxNTAwNDI5MTg0LCJleHAiOjE1MDA1MTU1ODR9.0l8NtYQ1zA2a63y2jrlL6Ro78TA1ENYbItHqfXqxX9c"}
response time: 67
response status: 200
response body: 
{"status":0,"data":[{"name":"14","address":"14","minfloor":1,"maxfloor":14,"status":1,"id":"dfa5f5f2-8d50-4d23-9dec-e718bea16a5c","createdAt":1500367561554,"updatedAt":1500367561554,"version":0},{"name":"13","address":"13","minfloor":1,"maxfloor":13,"status":1,"id":"b5ed3c18-af10-4b54-b6b0-91c6cfe6ced1","createdAt":1500286613733,"updatedAt":1500286613733,"version":0},{"name":"11","address":"11","minfloor":11,"maxfloor":11,"status":1,"id":"c4adf53b-6d21-47f6-95bf-0080d742ccba","createdAt":1500200671780,"updatedAt":1500200671780,"version":0},{"name":"10","address":"10","minfloor":10,"maxfloor":10,"status":1,"id":"849b5c4f-747e-470f-a04c-41d5311324a9","createdAt":1500200666110,"updatedAt":1500200666110,"version":0},{"name":"9","address":"9","minfloor":9,"maxfloor":9,"status":1,"id":"7b2a1627-2664-4706-be3d-ef749105b6db","createdAt":1500200657240,"updatedAt":1500200657240,"version":0},{"name":"8","address":"8","minfloor":8,"maxfloor":8,"status":1,"id":"08de1df1-6a03-4f67-8c86-9b641b98cbef","createdAt":1500200652345,"updatedAt":1500200652345,"version":0},{"name":"7","address":"7","minfloor":7,"maxfloor":7,"status":1,"id":"b4636169-c5d1-452e-bf3d-b6b7cccb691c","createdAt":1500200646891,"updatedAt":1500200646891,"version":0},{"name":"6","address":"6","minfloor":6,"maxfloor":6,"status":1,"id":"bcc6bbe8-87a0-4573-b329-9806efe70ae0","createdAt":1500200639691,"updatedAt":1500200639691,"version":0},{"name":"5","address":"5","minfloor":5,"maxfloor":5,"status":1,"id":"014f0122-625a-41a6-aff8-288982b6aa46","createdAt":1500200632990,"updatedAt":1500200632990,"version":0},{"name":"4","address":"4","minfloor":4,"maxfloor":4,"status":1,"id":"5d25aa77-b962-44ef-944a-7f09fef8f889","createdAt":1500200622996,"updatedAt":1500200622996,"version":0}],"total":13}
*************** response log end ***************

[2017-07-19 09:53:26.186] [INFO] resLogger - 
*************** response log start ***************
request method: GET
request originalUrl:  /api/buildings/list/page/2?token=eyJhbGciOiJIUzI1NiIsInR5cCI6IkpXVCJ9.eyJkYXRhIjp7ImlkIjoiYTg2MTUyMDMtYjQyZi00OGMxLTk3YzQtYzc3OTNkZWY2NGIxIiwibmFtZSI6ImFkbWluIiwiZ2VuZGVyIjp0cnVlLCJlbWFpbCI6IjM3ODMzODYyN0BxcS5jb20ifSwiaWF0IjoxNTAwNDI5MTg0LCJleHAiOjE1MDA1MTU1ODR9.0l8NtYQ1zA2a63y2jrlL6Ro78TA1ENYbItHqfXqxX9c
request client ip:  ::ffff:127.0.0.1
request query:  {"token":"eyJhbGciOiJIUzI1NiIsInR5cCI6IkpXVCJ9.eyJkYXRhIjp7ImlkIjoiYTg2MTUyMDMtYjQyZi00OGMxLTk3YzQtYzc3OTNkZWY2NGIxIiwibmFtZSI6ImFkbWluIiwiZ2VuZGVyIjp0cnVlLCJlbWFpbCI6IjM3ODMzODYyN0BxcS5jb20ifSwiaWF0IjoxNTAwNDI5MTg0LCJleHAiOjE1MDA1MTU1ODR9.0l8NtYQ1zA2a63y2jrlL6Ro78TA1ENYbItHqfXqxX9c"}
response time: 54
response status: 200
response body: 
{"status":0,"data":[{"name":"3","address":"3","minfloor":1,"maxfloor":3,"status":1,"id":"964327a7-daab-4202-82bc-5f2861841332","createdAt":1499935652954,"updatedAt":1499935652954,"version":0},{"name":"2","address":"2","minfloor":2,"maxfloor":4,"status":1,"id":"74e0e1d1-fd03-4105-a7a1-56167ed64283","createdAt":1499935257098,"updatedAt":1499935257098,"version":0},{"name":"1","address":"1","minfloor":1,"maxfloor":1,"status":1,"id":"8b7ae305-e24e-4b1f-8cec-758f2e745f9e","createdAt":1499934526071,"updatedAt":1499934526071,"version":0}],"total":13}
*************** response log end ***************

[2017-07-19 09:53:27.410] [INFO] resLogger - 
*************** response log start ***************
request method: GET
request originalUrl:  /api/buildings/list/page/1?token=eyJhbGciOiJIUzI1NiIsInR5cCI6IkpXVCJ9.eyJkYXRhIjp7ImlkIjoiYTg2MTUyMDMtYjQyZi00OGMxLTk3YzQtYzc3OTNkZWY2NGIxIiwibmFtZSI6ImFkbWluIiwiZ2VuZGVyIjp0cnVlLCJlbWFpbCI6IjM3ODMzODYyN0BxcS5jb20ifSwiaWF0IjoxNTAwNDI5MTg0LCJleHAiOjE1MDA1MTU1ODR9.0l8NtYQ1zA2a63y2jrlL6Ro78TA1ENYbItHqfXqxX9c
request client ip:  ::ffff:127.0.0.1
request query:  {"token":"eyJhbGciOiJIUzI1NiIsInR5cCI6IkpXVCJ9.eyJkYXRhIjp7ImlkIjoiYTg2MTUyMDMtYjQyZi00OGMxLTk3YzQtYzc3OTNkZWY2NGIxIiwibmFtZSI6ImFkbWluIiwiZ2VuZGVyIjp0cnVlLCJlbWFpbCI6IjM3ODMzODYyN0BxcS5jb20ifSwiaWF0IjoxNTAwNDI5MTg0LCJleHAiOjE1MDA1MTU1ODR9.0l8NtYQ1zA2a63y2jrlL6Ro78TA1ENYbItHqfXqxX9c"}
response time: 54
response status: 200
response body: 
{"status":0,"data":[{"name":"14","address":"14","minfloor":1,"maxfloor":14,"status":1,"id":"dfa5f5f2-8d50-4d23-9dec-e718bea16a5c","createdAt":1500367561554,"updatedAt":1500367561554,"version":0},{"name":"13","address":"13","minfloor":1,"maxfloor":13,"status":1,"id":"b5ed3c18-af10-4b54-b6b0-91c6cfe6ced1","createdAt":1500286613733,"updatedAt":1500286613733,"version":0},{"name":"11","address":"11","minfloor":11,"maxfloor":11,"status":1,"id":"c4adf53b-6d21-47f6-95bf-0080d742ccba","createdAt":1500200671780,"updatedAt":1500200671780,"version":0},{"name":"10","address":"10","minfloor":10,"maxfloor":10,"status":1,"id":"849b5c4f-747e-470f-a04c-41d5311324a9","createdAt":1500200666110,"updatedAt":1500200666110,"version":0},{"name":"9","address":"9","minfloor":9,"maxfloor":9,"status":1,"id":"7b2a1627-2664-4706-be3d-ef749105b6db","createdAt":1500200657240,"updatedAt":1500200657240,"version":0},{"name":"8","address":"8","minfloor":8,"maxfloor":8,"status":1,"id":"08de1df1-6a03-4f67-8c86-9b641b98cbef","createdAt":1500200652345,"updatedAt":1500200652345,"version":0},{"name":"7","address":"7","minfloor":7,"maxfloor":7,"status":1,"id":"b4636169-c5d1-452e-bf3d-b6b7cccb691c","createdAt":1500200646891,"updatedAt":1500200646891,"version":0},{"name":"6","address":"6","minfloor":6,"maxfloor":6,"status":1,"id":"bcc6bbe8-87a0-4573-b329-9806efe70ae0","createdAt":1500200639691,"updatedAt":1500200639691,"version":0},{"name":"5","address":"5","minfloor":5,"maxfloor":5,"status":1,"id":"014f0122-625a-41a6-aff8-288982b6aa46","createdAt":1500200632990,"updatedAt":1500200632990,"version":0},{"name":"4","address":"4","minfloor":4,"maxfloor":4,"status":1,"id":"5d25aa77-b962-44ef-944a-7f09fef8f889","createdAt":1500200622996,"updatedAt":1500200622996,"version":0}],"total":13}
*************** response log end ***************

[2017-07-19 09:59:31.193] [INFO] resLogger - 
*************** response log start ***************
request method: GET
request originalUrl:  /api/user/?token=eyJhbGciOiJIUzI1NiIsInR5cCI6IkpXVCJ9.eyJkYXRhIjp7ImlkIjoiYTg2MTUyMDMtYjQyZi00OGMxLTk3YzQtYzc3OTNkZWY2NGIxIiwibmFtZSI6ImFkbWluIiwiZ2VuZGVyIjp0cnVlLCJlbWFpbCI6IjM3ODMzODYyN0BxcS5jb20ifSwiaWF0IjoxNTAwNDI5MTg0LCJleHAiOjE1MDA1MTU1ODR9.0l8NtYQ1zA2a63y2jrlL6Ro78TA1ENYbItHqfXqxX9c
request client ip:  ::ffff:127.0.0.1
request query:  {"token":"eyJhbGciOiJIUzI1NiIsInR5cCI6IkpXVCJ9.eyJkYXRhIjp7ImlkIjoiYTg2MTUyMDMtYjQyZi00OGMxLTk3YzQtYzc3OTNkZWY2NGIxIiwibmFtZSI6ImFkbWluIiwiZ2VuZGVyIjp0cnVlLCJlbWFpbCI6IjM3ODMzODYyN0BxcS5jb20ifSwiaWF0IjoxNTAwNDI5MTg0LCJleHAiOjE1MDA1MTU1ODR9.0l8NtYQ1zA2a63y2jrlL6Ro78TA1ENYbItHqfXqxX9c"}
response time: 90
response status: 200
response body: 
{"status":0,"data":{"name":"admin","email":"378338627@qq.com","password":"$2a$10$xmgJzl6FH05MXqtHAwT8ieXHc.8A.B.PBX.cv16LPt.5q9w08CrhK","gender":true,"token":"eyJhbGciOiJIUzI1NiIsInR5cCI6IkpXVCJ9.eyJkYXRhIjp7ImlkIjoiYTg2MTUyMDMtYjQyZi00OGMxLTk3YzQtYzc3OTNkZWY2NGIxIiwibmFtZSI6ImFkbWluIiwiZ2VuZGVyIjp0cnVlLCJlbWFpbCI6IjM3ODMzODYyN0BxcS5jb20ifSwiaWF0IjoxNTAwNDI5MTg0LCJleHAiOjE1MDA1MTU1ODR9.0l8NtYQ1zA2a63y2jrlL6Ro78TA1ENYbItHqfXqxX9c","id":"a8615203-b42f-48c1-97c4-c7793def64b1","createdAt":1499934432149,"updatedAt":1499934432149,"version":0}}
*************** response log end ***************

[2017-07-19 09:59:31.308] [INFO] resLogger - 
*************** response log start ***************
request method: GET
request originalUrl:  /api/buildings/list/pagee/1?token=eyJhbGciOiJIUzI1NiIsInR5cCI6IkpXVCJ9.eyJkYXRhIjp7ImlkIjoiYTg2MTUyMDMtYjQyZi00OGMxLTk3YzQtYzc3OTNkZWY2NGIxIiwibmFtZSI6ImFkbWluIiwiZ2VuZGVyIjp0cnVlLCJlbWFpbCI6IjM3ODMzODYyN0BxcS5jb20ifSwiaWF0IjoxNTAwNDI5MTg0LCJleHAiOjE1MDA1MTU1ODR9.0l8NtYQ1zA2a63y2jrlL6Ro78TA1ENYbItHqfXqxX9c
request client ip:  ::ffff:127.0.0.1
request query:  {"token":"eyJhbGciOiJIUzI1NiIsInR5cCI6IkpXVCJ9.eyJkYXRhIjp7ImlkIjoiYTg2MTUyMDMtYjQyZi00OGMxLTk3YzQtYzc3OTNkZWY2NGIxIiwibmFtZSI6ImFkbWluIiwiZ2VuZGVyIjp0cnVlLCJlbWFpbCI6IjM3ODMzODYyN0BxcS5jb20ifSwiaWF0IjoxNTAwNDI5MTg0LCJleHAiOjE1MDA1MTU1ODR9.0l8NtYQ1zA2a63y2jrlL6Ro78TA1ENYbItHqfXqxX9c"}
response time: 7
response status: 404
response body: 
undefined
*************** response log end ***************

