[2017-08-20 18:02:37.945] [INFO] resLogger - 
*************** response log start ***************
request method: GET
request originalUrl:  /api/user/?token=eyJhbGciOiJIUzI1NiIsInR5cCI6IkpXVCJ9.eyJkYXRhIjp7ImlkIjoiYTJjY2Y5ZTAtMGQ1MC00ZWZmLThiMmUtZTM0OWI2OWJhZWVkIiwibmFtZSI6ImFkbWluIiwiZ2VuZGVyIjp0cnVlLCJlbWFpbCI6IjM3ODMzODYyN0BxcS5jb20ifSwiaWF0IjoxNTAzMjIwMDA3LCJleHAiOjE1MDMzMDY0MDd9.NOUF5Gjx65bXEt3pM5q80tXmKMdeFIPv2lkyyZW9iJs
request client ip:  ::ffff:127.0.0.1
request query:  {"token":"eyJhbGciOiJIUzI1NiIsInR5cCI6IkpXVCJ9.eyJkYXRhIjp7ImlkIjoiYTJjY2Y5ZTAtMGQ1MC00ZWZmLThiMmUtZTM0OWI2OWJhZWVkIiwibmFtZSI6ImFkbWluIiwiZ2VuZGVyIjp0cnVlLCJlbWFpbCI6IjM3ODMzODYyN0BxcS5jb20ifSwiaWF0IjoxNTAzMjIwMDA3LCJleHAiOjE1MDMzMDY0MDd9.NOUF5Gjx65bXEt3pM5q80tXmKMdeFIPv2lkyyZW9iJs"}
response time: 98
response status: 200
response body: 
{"status":0,"data":{"name":"admin","email":"378338627@qq.com","password":"$2a$10$izOxJyRYAgHPqpX/vdTXk.gPRVfZGGfqPMwF.GkHtwz27Iqp4IA.a","gender":true,"token":"eyJhbGciOiJIUzI1NiIsInR5cCI6IkpXVCJ9.eyJkYXRhIjp7ImlkIjoiYTJjY2Y5ZTAtMGQ1MC00ZWZmLThiMmUtZTM0OWI2OWJhZWVkIiwibmFtZSI6ImFkbWluIiwiZ2VuZGVyIjp0cnVlLCJlbWFpbCI6IjM3ODMzODYyN0BxcS5jb20ifSwiaWF0IjoxNTAzMjIwMDA3LCJleHAiOjE1MDMzMDY0MDd9.NOUF5Gjx65bXEt3pM5q80tXmKMdeFIPv2lkyyZW9iJs","canLogin":true,"id":"a2ccf9e0-0d50-4eff-8b2e-e349b69baeed","createdAt":1501751476660,"updatedAt":1503220007481,"version":4}}
*************** response log end ***************

[2017-08-20 18:17:44.575] [INFO] resLogger - 
*************** response log start ***************
request method: GET
request originalUrl:  /api/user/?token=eyJhbGciOiJIUzI1NiIsInR5cCI6IkpXVCJ9.eyJkYXRhIjp7ImlkIjoiYTJjY2Y5ZTAtMGQ1MC00ZWZmLThiMmUtZTM0OWI2OWJhZWVkIiwibmFtZSI6ImFkbWluIiwiZ2VuZGVyIjp0cnVlLCJlbWFpbCI6IjM3ODMzODYyN0BxcS5jb20ifSwiaWF0IjoxNTAzMjIwMDA3LCJleHAiOjE1MDMzMDY0MDd9.NOUF5Gjx65bXEt3pM5q80tXmKMdeFIPv2lkyyZW9iJs
request client ip:  ::ffff:127.0.0.1
request query:  {"token":"eyJhbGciOiJIUzI1NiIsInR5cCI6IkpXVCJ9.eyJkYXRhIjp7ImlkIjoiYTJjY2Y5ZTAtMGQ1MC00ZWZmLThiMmUtZTM0OWI2OWJhZWVkIiwibmFtZSI6ImFkbWluIiwiZ2VuZGVyIjp0cnVlLCJlbWFpbCI6IjM3ODMzODYyN0BxcS5jb20ifSwiaWF0IjoxNTAzMjIwMDA3LCJleHAiOjE1MDMzMDY0MDd9.NOUF5Gjx65bXEt3pM5q80tXmKMdeFIPv2lkyyZW9iJs"}
response time: 78
response status: 200
response body: 
{"status":0,"data":{"name":"admin","email":"378338627@qq.com","password":"$2a$10$izOxJyRYAgHPqpX/vdTXk.gPRVfZGGfqPMwF.GkHtwz27Iqp4IA.a","gender":true,"token":"eyJhbGciOiJIUzI1NiIsInR5cCI6IkpXVCJ9.eyJkYXRhIjp7ImlkIjoiYTJjY2Y5ZTAtMGQ1MC00ZWZmLThiMmUtZTM0OWI2OWJhZWVkIiwibmFtZSI6ImFkbWluIiwiZ2VuZGVyIjp0cnVlLCJlbWFpbCI6IjM3ODMzODYyN0BxcS5jb20ifSwiaWF0IjoxNTAzMjIwMDA3LCJleHAiOjE1MDMzMDY0MDd9.NOUF5Gjx65bXEt3pM5q80tXmKMdeFIPv2lkyyZW9iJs","canLogin":true,"id":"a2ccf9e0-0d50-4eff-8b2e-e349b69baeed","createdAt":1501751476660,"updatedAt":1503220007481,"version":4}}
*************** response log end ***************

[2017-08-20 18:19:03.226] [INFO] resLogger - 
*************** response log start ***************
request method: GET
request originalUrl:  /api/user/?token=eyJhbGciOiJIUzI1NiIsInR5cCI6IkpXVCJ9.eyJkYXRhIjp7ImlkIjoiYTJjY2Y5ZTAtMGQ1MC00ZWZmLThiMmUtZTM0OWI2OWJhZWVkIiwibmFtZSI6ImFkbWluIiwiZ2VuZGVyIjp0cnVlLCJlbWFpbCI6IjM3ODMzODYyN0BxcS5jb20ifSwiaWF0IjoxNTAzMjIwMDA3LCJleHAiOjE1MDMzMDY0MDd9.NOUF5Gjx65bXEt3pM5q80tXmKMdeFIPv2lkyyZW9iJs
request client ip:  ::ffff:127.0.0.1
request query:  {"token":"eyJhbGciOiJIUzI1NiIsInR5cCI6IkpXVCJ9.eyJkYXRhIjp7ImlkIjoiYTJjY2Y5ZTAtMGQ1MC00ZWZmLThiMmUtZTM0OWI2OWJhZWVkIiwibmFtZSI6ImFkbWluIiwiZ2VuZGVyIjp0cnVlLCJlbWFpbCI6IjM3ODMzODYyN0BxcS5jb20ifSwiaWF0IjoxNTAzMjIwMDA3LCJleHAiOjE1MDMzMDY0MDd9.NOUF5Gjx65bXEt3pM5q80tXmKMdeFIPv2lkyyZW9iJs"}
response time: 52
response status: 200
response body: 
{"status":0,"data":{"name":"admin","email":"378338627@qq.com","password":"$2a$10$izOxJyRYAgHPqpX/vdTXk.gPRVfZGGfqPMwF.GkHtwz27Iqp4IA.a","gender":true,"token":"eyJhbGciOiJIUzI1NiIsInR5cCI6IkpXVCJ9.eyJkYXRhIjp7ImlkIjoiYTJjY2Y5ZTAtMGQ1MC00ZWZmLThiMmUtZTM0OWI2OWJhZWVkIiwibmFtZSI6ImFkbWluIiwiZ2VuZGVyIjp0cnVlLCJlbWFpbCI6IjM3ODMzODYyN0BxcS5jb20ifSwiaWF0IjoxNTAzMjIwMDA3LCJleHAiOjE1MDMzMDY0MDd9.NOUF5Gjx65bXEt3pM5q80tXmKMdeFIPv2lkyyZW9iJs","canLogin":true,"id":"a2ccf9e0-0d50-4eff-8b2e-e349b69baeed","createdAt":1501751476660,"updatedAt":1503220007481,"version":4}}
*************** response log end ***************

[2017-08-20 18:24:22.592] [INFO] resLogger - 
*************** response log start ***************
request method: GET
request originalUrl:  /api/user/?token=eyJhbGciOiJIUzI1NiIsInR5cCI6IkpXVCJ9.eyJkYXRhIjp7ImlkIjoiYTJjY2Y5ZTAtMGQ1MC00ZWZmLThiMmUtZTM0OWI2OWJhZWVkIiwibmFtZSI6ImFkbWluIiwiZ2VuZGVyIjp0cnVlLCJlbWFpbCI6IjM3ODMzODYyN0BxcS5jb20ifSwiaWF0IjoxNTAzMjIwMDA3LCJleHAiOjE1MDMzMDY0MDd9.NOUF5Gjx65bXEt3pM5q80tXmKMdeFIPv2lkyyZW9iJs
request client ip:  ::ffff:127.0.0.1
request query:  {"token":"eyJhbGciOiJIUzI1NiIsInR5cCI6IkpXVCJ9.eyJkYXRhIjp7ImlkIjoiYTJjY2Y5ZTAtMGQ1MC00ZWZmLThiMmUtZTM0OWI2OWJhZWVkIiwibmFtZSI6ImFkbWluIiwiZ2VuZGVyIjp0cnVlLCJlbWFpbCI6IjM3ODMzODYyN0BxcS5jb20ifSwiaWF0IjoxNTAzMjIwMDA3LCJleHAiOjE1MDMzMDY0MDd9.NOUF5Gjx65bXEt3pM5q80tXmKMdeFIPv2lkyyZW9iJs"}
response time: 104
response status: 200
response body: 
{"status":0,"data":{"name":"admin","email":"378338627@qq.com","password":"$2a$10$izOxJyRYAgHPqpX/vdTXk.gPRVfZGGfqPMwF.GkHtwz27Iqp4IA.a","gender":true,"token":"eyJhbGciOiJIUzI1NiIsInR5cCI6IkpXVCJ9.eyJkYXRhIjp7ImlkIjoiYTJjY2Y5ZTAtMGQ1MC00ZWZmLThiMmUtZTM0OWI2OWJhZWVkIiwibmFtZSI6ImFkbWluIiwiZ2VuZGVyIjp0cnVlLCJlbWFpbCI6IjM3ODMzODYyN0BxcS5jb20ifSwiaWF0IjoxNTAzMjIwMDA3LCJleHAiOjE1MDMzMDY0MDd9.NOUF5Gjx65bXEt3pM5q80tXmKMdeFIPv2lkyyZW9iJs","canLogin":true,"id":"a2ccf9e0-0d50-4eff-8b2e-e349b69baeed","createdAt":1501751476660,"updatedAt":1503220007481,"version":4}}
*************** response log end ***************

[2017-08-20 18:24:59.199] [INFO] resLogger - 
*************** response log start ***************
request method: GET
request originalUrl:  /api/user/?token=eyJhbGciOiJIUzI1NiIsInR5cCI6IkpXVCJ9.eyJkYXRhIjp7ImlkIjoiYTJjY2Y5ZTAtMGQ1MC00ZWZmLThiMmUtZTM0OWI2OWJhZWVkIiwibmFtZSI6ImFkbWluIiwiZ2VuZGVyIjp0cnVlLCJlbWFpbCI6IjM3ODMzODYyN0BxcS5jb20ifSwiaWF0IjoxNTAzMjIwMDA3LCJleHAiOjE1MDMzMDY0MDd9.NOUF5Gjx65bXEt3pM5q80tXmKMdeFIPv2lkyyZW9iJs
request client ip:  ::ffff:127.0.0.1
request query:  {"token":"eyJhbGciOiJIUzI1NiIsInR5cCI6IkpXVCJ9.eyJkYXRhIjp7ImlkIjoiYTJjY2Y5ZTAtMGQ1MC00ZWZmLThiMmUtZTM0OWI2OWJhZWVkIiwibmFtZSI6ImFkbWluIiwiZ2VuZGVyIjp0cnVlLCJlbWFpbCI6IjM3ODMzODYyN0BxcS5jb20ifSwiaWF0IjoxNTAzMjIwMDA3LCJleHAiOjE1MDMzMDY0MDd9.NOUF5Gjx65bXEt3pM5q80tXmKMdeFIPv2lkyyZW9iJs"}
response time: 190
response status: 200
response body: 
{"status":0,"data":{"name":"admin","email":"378338627@qq.com","password":"$2a$10$izOxJyRYAgHPqpX/vdTXk.gPRVfZGGfqPMwF.GkHtwz27Iqp4IA.a","gender":true,"token":"eyJhbGciOiJIUzI1NiIsInR5cCI6IkpXVCJ9.eyJkYXRhIjp7ImlkIjoiYTJjY2Y5ZTAtMGQ1MC00ZWZmLThiMmUtZTM0OWI2OWJhZWVkIiwibmFtZSI6ImFkbWluIiwiZ2VuZGVyIjp0cnVlLCJlbWFpbCI6IjM3ODMzODYyN0BxcS5jb20ifSwiaWF0IjoxNTAzMjIwMDA3LCJleHAiOjE1MDMzMDY0MDd9.NOUF5Gjx65bXEt3pM5q80tXmKMdeFIPv2lkyyZW9iJs","canLogin":true,"id":"a2ccf9e0-0d50-4eff-8b2e-e349b69baeed","createdAt":1501751476660,"updatedAt":1503220007481,"version":4}}
*************** response log end ***************

[2017-08-20 18:25:30.834] [INFO] resLogger - 
*************** response log start ***************
request method: GET
request originalUrl:  /api/user/?token=eyJhbGciOiJIUzI1NiIsInR5cCI6IkpXVCJ9.eyJkYXRhIjp7ImlkIjoiYTJjY2Y5ZTAtMGQ1MC00ZWZmLThiMmUtZTM0OWI2OWJhZWVkIiwibmFtZSI6ImFkbWluIiwiZ2VuZGVyIjp0cnVlLCJlbWFpbCI6IjM3ODMzODYyN0BxcS5jb20ifSwiaWF0IjoxNTAzMjIwMDA3LCJleHAiOjE1MDMzMDY0MDd9.NOUF5Gjx65bXEt3pM5q80tXmKMdeFIPv2lkyyZW9iJs
request client ip:  ::ffff:127.0.0.1
request query:  {"token":"eyJhbGciOiJIUzI1NiIsInR5cCI6IkpXVCJ9.eyJkYXRhIjp7ImlkIjoiYTJjY2Y5ZTAtMGQ1MC00ZWZmLThiMmUtZTM0OWI2OWJhZWVkIiwibmFtZSI6ImFkbWluIiwiZ2VuZGVyIjp0cnVlLCJlbWFpbCI6IjM3ODMzODYyN0BxcS5jb20ifSwiaWF0IjoxNTAzMjIwMDA3LCJleHAiOjE1MDMzMDY0MDd9.NOUF5Gjx65bXEt3pM5q80tXmKMdeFIPv2lkyyZW9iJs"}
response time: 116
response status: 200
response body: 
{"status":0,"data":{"name":"admin","email":"378338627@qq.com","password":"$2a$10$izOxJyRYAgHPqpX/vdTXk.gPRVfZGGfqPMwF.GkHtwz27Iqp4IA.a","gender":true,"token":"eyJhbGciOiJIUzI1NiIsInR5cCI6IkpXVCJ9.eyJkYXRhIjp7ImlkIjoiYTJjY2Y5ZTAtMGQ1MC00ZWZmLThiMmUtZTM0OWI2OWJhZWVkIiwibmFtZSI6ImFkbWluIiwiZ2VuZGVyIjp0cnVlLCJlbWFpbCI6IjM3ODMzODYyN0BxcS5jb20ifSwiaWF0IjoxNTAzMjIwMDA3LCJleHAiOjE1MDMzMDY0MDd9.NOUF5Gjx65bXEt3pM5q80tXmKMdeFIPv2lkyyZW9iJs","canLogin":true,"id":"a2ccf9e0-0d50-4eff-8b2e-e349b69baeed","createdAt":1501751476660,"updatedAt":1503220007481,"version":4}}
*************** response log end ***************

[2017-08-20 18:50:06.198] [INFO] resLogger - 
*************** response log start ***************
request method: GET
request originalUrl:  /api/user/?token=eyJhbGciOiJIUzI1NiIsInR5cCI6IkpXVCJ9.eyJkYXRhIjp7ImlkIjoiYTJjY2Y5ZTAtMGQ1MC00ZWZmLThiMmUtZTM0OWI2OWJhZWVkIiwibmFtZSI6ImFkbWluIiwiZ2VuZGVyIjp0cnVlLCJlbWFpbCI6IjM3ODMzODYyN0BxcS5jb20ifSwiaWF0IjoxNTAzMjIwMDA3LCJleHAiOjE1MDMzMDY0MDd9.NOUF5Gjx65bXEt3pM5q80tXmKMdeFIPv2lkyyZW9iJs
request client ip:  ::ffff:127.0.0.1
request query:  {"token":"eyJhbGciOiJIUzI1NiIsInR5cCI6IkpXVCJ9.eyJkYXRhIjp7ImlkIjoiYTJjY2Y5ZTAtMGQ1MC00ZWZmLThiMmUtZTM0OWI2OWJhZWVkIiwibmFtZSI6ImFkbWluIiwiZ2VuZGVyIjp0cnVlLCJlbWFpbCI6IjM3ODMzODYyN0BxcS5jb20ifSwiaWF0IjoxNTAzMjIwMDA3LCJleHAiOjE1MDMzMDY0MDd9.NOUF5Gjx65bXEt3pM5q80tXmKMdeFIPv2lkyyZW9iJs"}
response time: 90
response status: 200
response body: 
{"status":0,"data":{"name":"admin","email":"378338627@qq.com","password":"$2a$10$izOxJyRYAgHPqpX/vdTXk.gPRVfZGGfqPMwF.GkHtwz27Iqp4IA.a","gender":true,"token":"eyJhbGciOiJIUzI1NiIsInR5cCI6IkpXVCJ9.eyJkYXRhIjp7ImlkIjoiYTJjY2Y5ZTAtMGQ1MC00ZWZmLThiMmUtZTM0OWI2OWJhZWVkIiwibmFtZSI6ImFkbWluIiwiZ2VuZGVyIjp0cnVlLCJlbWFpbCI6IjM3ODMzODYyN0BxcS5jb20ifSwiaWF0IjoxNTAzMjIwMDA3LCJleHAiOjE1MDMzMDY0MDd9.NOUF5Gjx65bXEt3pM5q80tXmKMdeFIPv2lkyyZW9iJs","canLogin":true,"id":"a2ccf9e0-0d50-4eff-8b2e-e349b69baeed","createdAt":1501751476660,"updatedAt":1503220007481,"version":4}}
*************** response log end ***************

[2017-08-20 18:50:49.832] [INFO] resLogger - 
*************** response log start ***************
request method: GET
request originalUrl:  /api/user/?token=eyJhbGciOiJIUzI1NiIsInR5cCI6IkpXVCJ9.eyJkYXRhIjp7ImlkIjoiYTJjY2Y5ZTAtMGQ1MC00ZWZmLThiMmUtZTM0OWI2OWJhZWVkIiwibmFtZSI6ImFkbWluIiwiZ2VuZGVyIjp0cnVlLCJlbWFpbCI6IjM3ODMzODYyN0BxcS5jb20ifSwiaWF0IjoxNTAzMjIwMDA3LCJleHAiOjE1MDMzMDY0MDd9.NOUF5Gjx65bXEt3pM5q80tXmKMdeFIPv2lkyyZW9iJs
request client ip:  ::ffff:127.0.0.1
request query:  {"token":"eyJhbGciOiJIUzI1NiIsInR5cCI6IkpXVCJ9.eyJkYXRhIjp7ImlkIjoiYTJjY2Y5ZTAtMGQ1MC00ZWZmLThiMmUtZTM0OWI2OWJhZWVkIiwibmFtZSI6ImFkbWluIiwiZ2VuZGVyIjp0cnVlLCJlbWFpbCI6IjM3ODMzODYyN0BxcS5jb20ifSwiaWF0IjoxNTAzMjIwMDA3LCJleHAiOjE1MDMzMDY0MDd9.NOUF5Gjx65bXEt3pM5q80tXmKMdeFIPv2lkyyZW9iJs"}
response time: 80
response status: 200
response body: 
{"status":0,"data":{"name":"admin","email":"378338627@qq.com","password":"$2a$10$izOxJyRYAgHPqpX/vdTXk.gPRVfZGGfqPMwF.GkHtwz27Iqp4IA.a","gender":true,"token":"eyJhbGciOiJIUzI1NiIsInR5cCI6IkpXVCJ9.eyJkYXRhIjp7ImlkIjoiYTJjY2Y5ZTAtMGQ1MC00ZWZmLThiMmUtZTM0OWI2OWJhZWVkIiwibmFtZSI6ImFkbWluIiwiZ2VuZGVyIjp0cnVlLCJlbWFpbCI6IjM3ODMzODYyN0BxcS5jb20ifSwiaWF0IjoxNTAzMjIwMDA3LCJleHAiOjE1MDMzMDY0MDd9.NOUF5Gjx65bXEt3pM5q80tXmKMdeFIPv2lkyyZW9iJs","canLogin":true,"id":"a2ccf9e0-0d50-4eff-8b2e-e349b69baeed","createdAt":1501751476660,"updatedAt":1503220007481,"version":4}}
*************** response log end ***************

[2017-08-20 18:59:41.223] [INFO] resLogger - 
*************** response log start ***************
request method: GET
request originalUrl:  /api/user/?token=eyJhbGciOiJIUzI1NiIsInR5cCI6IkpXVCJ9.eyJkYXRhIjp7ImlkIjoiYTJjY2Y5ZTAtMGQ1MC00ZWZmLThiMmUtZTM0OWI2OWJhZWVkIiwibmFtZSI6ImFkbWluIiwiZ2VuZGVyIjp0cnVlLCJlbWFpbCI6IjM3ODMzODYyN0BxcS5jb20ifSwiaWF0IjoxNTAzMjIwMDA3LCJleHAiOjE1MDMzMDY0MDd9.NOUF5Gjx65bXEt3pM5q80tXmKMdeFIPv2lkyyZW9iJs
request client ip:  ::ffff:127.0.0.1
request query:  {"token":"eyJhbGciOiJIUzI1NiIsInR5cCI6IkpXVCJ9.eyJkYXRhIjp7ImlkIjoiYTJjY2Y5ZTAtMGQ1MC00ZWZmLThiMmUtZTM0OWI2OWJhZWVkIiwibmFtZSI6ImFkbWluIiwiZ2VuZGVyIjp0cnVlLCJlbWFpbCI6IjM3ODMzODYyN0BxcS5jb20ifSwiaWF0IjoxNTAzMjIwMDA3LCJleHAiOjE1MDMzMDY0MDd9.NOUF5Gjx65bXEt3pM5q80tXmKMdeFIPv2lkyyZW9iJs"}
response time: 60
response status: 200
response body: 
{"status":0,"data":{"name":"admin","email":"378338627@qq.com","password":"$2a$10$izOxJyRYAgHPqpX/vdTXk.gPRVfZGGfqPMwF.GkHtwz27Iqp4IA.a","gender":true,"token":"eyJhbGciOiJIUzI1NiIsInR5cCI6IkpXVCJ9.eyJkYXRhIjp7ImlkIjoiYTJjY2Y5ZTAtMGQ1MC00ZWZmLThiMmUtZTM0OWI2OWJhZWVkIiwibmFtZSI6ImFkbWluIiwiZ2VuZGVyIjp0cnVlLCJlbWFpbCI6IjM3ODMzODYyN0BxcS5jb20ifSwiaWF0IjoxNTAzMjIwMDA3LCJleHAiOjE1MDMzMDY0MDd9.NOUF5Gjx65bXEt3pM5q80tXmKMdeFIPv2lkyyZW9iJs","canLogin":true,"id":"a2ccf9e0-0d50-4eff-8b2e-e349b69baeed","createdAt":1501751476660,"updatedAt":1503220007481,"version":4}}
*************** response log end ***************

