[2018-07-04 12:00:57.816] [INFO] resLogger - 
*************** response log start ***************
request method: GET
request originalUrl:  /api/business/getequip/get/NETWORK
request client ip:  ::ffff:127.0.0.1
request query:  {}
response time: 68
response status: 200
response body: 
{"status":0,"data":[{"equipment":"IP地址","name":"IP地址"},{"equipment":"VPN","name":"VPN"},{"equipment":"互联网","name":"互联网"},{"equipment":"内网","name":"内网"},{"equipment":"局域网","name":"局域网"},{"equipment":"有线网络","name":"有线网络"},{"equipment":"网络设备","name":"网络设备"},{"equipment":"视频会议设备","name":"视频会议设备"},{"equipment":"路由器","name":"路由器"}]}
*************** response log end ***************

[2018-07-04 12:00:57.831] [INFO] resLogger - 
*************** response log start ***************
request method: GET
request originalUrl:  /api/equipType/list
request client ip:  ::ffff:127.0.0.1
request query:  {}
response time: 77
response status: 200
response body: 
{"status":0,"data":[{"name":"网络","code":"NETWORK","id":"edad6210-e642-4302-98c1-60251cb85972","createdAt":1515633162976,"updatedAt":1515633162976,"version":0},{"name":"软件","code":"SOFTWARE","id":"273f11bf-51a4-4331-9f71-f209625da820","createdAt":1515633162815,"updatedAt":1515633162815,"version":0},{"name":"硬件","code":"HARDWARE","id":"e6890530-4629-406f-a3fb-d8e2a293320b","createdAt":1515633162627,"updatedAt":1515633162627,"version":0}]}
*************** response log end ***************

[2018-07-04 12:00:57.842] [INFO] resLogger - 
*************** response log start ***************
request method: GET
request originalUrl:  /api/business/list?token=eyJhbGciOiJIUzI1NiIsInR5cCI6IkpXVCJ9.eyJkYXRhIjp7ImlkIjoiMDU3MjBlNmUtZWJlMy00MDM2LWI1NzUtZmYxZmEwYzZjYjM4IiwibmFtZSI6ImFkbWluIiwiZ2VuZGVyIjp0cnVlLCJlbWFpbCI6IjM3ODMzODYyN0BxcS5jb20ifSwiaWF0IjoxNTMwNTg3NTA5LCJleHAiOjE1MzA2NzM5MDl9.wB4CWbzc3NDb2R2Ke1Zkxd4SfG8vwJSlv7u4IEKayJQ&type=NETWORK&equipment=%E4%BA%92%E8%81%94%E7%BD%91
request client ip:  ::ffff:127.0.0.1
request query:  {"token":"eyJhbGciOiJIUzI1NiIsInR5cCI6IkpXVCJ9.eyJkYXRhIjp7ImlkIjoiMDU3MjBlNmUtZWJlMy00MDM2LWI1NzUtZmYxZmEwYzZjYjM4IiwibmFtZSI6ImFkbWluIiwiZ2VuZGVyIjp0cnVlLCJlbWFpbCI6IjM3ODMzODYyN0BxcS5jb20ifSwiaWF0IjoxNTMwNTg3NTA5LCJleHAiOjE1MzA2NzM5MDl9.wB4CWbzc3NDb2R2Ke1Zkxd4SfG8vwJSlv7u4IEKayJQ","type":"NETWORK","equipment":"互联网"}
response time: 65
response status: 200
response body: 
{"status":0,"data":[{"type":"NETWORK","equipment":"互联网","operation":"FIX","isAdvanced":null,"weight":5,"remark":null,"status":1,"sequence":0,"id":"13a77b91-3513-47dd-8e65-23c35b4a4c68","createdAt":1516003009267,"updatedAt":1525739412308,"version":2,"equipType":{"name":"网络","code":"NETWORK","id":"edad6210-e642-4302-98c1-60251cb85972","createdAt":1515633162976,"updatedAt":1515633162976,"version":0},"equipOp":{"name":"故障","code":"FIX","id":"e15ed1f4-3cf7-4dcc-859b-70620a042bf3","createdAt":1515633163280,"updatedAt":1515633163280,"version":0}},{"type":"NETWORK","equipment":"互联网","operation":"CONNECT","isAdvanced":null,"weight":5,"remark":null,"status":1,"sequence":1,"id":"0238f1c8-41a3-46da-84ea-61e406b21d30","createdAt":1516003009266,"updatedAt":1525739412232,"version":9,"equipType":{"name":"网络","code":"NETWORK","id":"edad6210-e642-4302-98c1-60251cb85972","createdAt":1515633162976,"updatedAt":1515633162976,"version":0},"equipOp":{"name":"连接","code":"CONNECT","id":"c7c1a6a9-3b22-4868-87ef-848de64eb1c3","createdAt":1515648604654,"updatedAt":1515648604654,"version":0}},{"type":"NETWORK","equipment":"互联网","operation":"MOVE","isAdvanced":false,"weight":5,"remark":null,"status":1,"sequence":0,"id":"ed91bc66-7179-4059-a270-ee3c49bba21b","createdAt":1518491216522,"updatedAt":1525739412157,"version":1,"equipType":{"name":"网络","code":"NETWORK","id":"edad6210-e642-4302-98c1-60251cb85972","createdAt":1515633162976,"updatedAt":1515633162976,"version":0},"equipOp":{"name":"迁移","code":"MOVE","id":"980eed8d-d949-4ef2-abc4-0b810667abde","createdAt":1517551422542,"updatedAt":1517551422542,"version":0}}],"total":3}
*************** response log end ***************

