[2017-08-25 16:00:51.422] [INFO] resLogger - 
*************** response log start ***************
request method: GET
request originalUrl:  /api/user/?token=eyJhbGciOiJIUzI1NiIsInR5cCI6IkpXVCJ9.eyJkYXRhIjp7ImlkIjoiZDBkNzE0NDctZjc2Zi00NDZmLTg2N2MtMDg3NTAwMTlhMDE2IiwibmFtZSI6ImFkbWluIiwiZ2VuZGVyIjp0cnVlLCJlbWFpbCI6IjM3ODMzODYyN0BxcS5jb20ifSwiaWF0IjoxNTAzNjI2MDI2LCJleHAiOjE1MDM3MTI0MjZ9.z4rqNyXw0eY11XffFUmpszt8qL5E6ZE9ywHj444B3Mg
request client ip:  ::ffff:127.0.0.1
request query:  {"token":"eyJhbGciOiJIUzI1NiIsInR5cCI6IkpXVCJ9.eyJkYXRhIjp7ImlkIjoiZDBkNzE0NDctZjc2Zi00NDZmLTg2N2MtMDg3NTAwMTlhMDE2IiwibmFtZSI6ImFkbWluIiwiZ2VuZGVyIjp0cnVlLCJlbWFpbCI6IjM3ODMzODYyN0BxcS5jb20ifSwiaWF0IjoxNTAzNjI2MDI2LCJleHAiOjE1MDM3MTI0MjZ9.z4rqNyXw0eY11XffFUmpszt8qL5E6ZE9ywHj444B3Mg"}
response time: 58
response status: 200
response body: 
{"status":0,"data":{"name":"admin","email":"378338627@qq.com","phone":"15822927208","password":"$2a$10$gC8KbRA6pMCVvD2irCuZb.dsh57qd88OwLfukMSQEnDY0Set3L81i","gender":true,"token":"eyJhbGciOiJIUzI1NiIsInR5cCI6IkpXVCJ9.eyJkYXRhIjp7ImlkIjoiZDBkNzE0NDctZjc2Zi00NDZmLTg2N2MtMDg3NTAwMTlhMDE2IiwibmFtZSI6ImFkbWluIiwiZ2VuZGVyIjp0cnVlLCJlbWFpbCI6IjM3ODMzODYyN0BxcS5jb20ifSwiaWF0IjoxNTAzNjI2MDI2LCJleHAiOjE1MDM3MTI0MjZ9.z4rqNyXw0eY11XffFUmpszt8qL5E6ZE9ywHj444B3Mg","canLogin":true,"status":1,"id":"d0d71447-f76f-446f-867c-08750019a016","createdAt":1503625702903,"updatedAt":1503626027004,"version":1}}
*************** response log end ***************

[2017-08-25 16:07:44.546] [INFO] resLogger - 
*************** response log start ***************
request method: GET
request originalUrl:  /api/user/?token=eyJhbGciOiJIUzI1NiIsInR5cCI6IkpXVCJ9.eyJkYXRhIjp7ImlkIjoiZDBkNzE0NDctZjc2Zi00NDZmLTg2N2MtMDg3NTAwMTlhMDE2IiwibmFtZSI6ImFkbWluIiwiZ2VuZGVyIjp0cnVlLCJlbWFpbCI6IjM3ODMzODYyN0BxcS5jb20ifSwiaWF0IjoxNTAzNjI2MDI2LCJleHAiOjE1MDM3MTI0MjZ9.z4rqNyXw0eY11XffFUmpszt8qL5E6ZE9ywHj444B3Mg
request client ip:  ::ffff:127.0.0.1
request query:  {"token":"eyJhbGciOiJIUzI1NiIsInR5cCI6IkpXVCJ9.eyJkYXRhIjp7ImlkIjoiZDBkNzE0NDctZjc2Zi00NDZmLTg2N2MtMDg3NTAwMTlhMDE2IiwibmFtZSI6ImFkbWluIiwiZ2VuZGVyIjp0cnVlLCJlbWFpbCI6IjM3ODMzODYyN0BxcS5jb20ifSwiaWF0IjoxNTAzNjI2MDI2LCJleHAiOjE1MDM3MTI0MjZ9.z4rqNyXw0eY11XffFUmpszt8qL5E6ZE9ywHj444B3Mg"}
response time: 98
response status: 200
response body: 
{"status":0,"data":{"name":"admin","email":"378338627@qq.com","phone":"15822927208","password":"$2a$10$gC8KbRA6pMCVvD2irCuZb.dsh57qd88OwLfukMSQEnDY0Set3L81i","gender":true,"token":"eyJhbGciOiJIUzI1NiIsInR5cCI6IkpXVCJ9.eyJkYXRhIjp7ImlkIjoiZDBkNzE0NDctZjc2Zi00NDZmLTg2N2MtMDg3NTAwMTlhMDE2IiwibmFtZSI6ImFkbWluIiwiZ2VuZGVyIjp0cnVlLCJlbWFpbCI6IjM3ODMzODYyN0BxcS5jb20ifSwiaWF0IjoxNTAzNjI2MDI2LCJleHAiOjE1MDM3MTI0MjZ9.z4rqNyXw0eY11XffFUmpszt8qL5E6ZE9ywHj444B3Mg","canLogin":true,"status":1,"id":"d0d71447-f76f-446f-867c-08750019a016","createdAt":1503625702903,"updatedAt":1503626027004,"version":1}}
*************** response log end ***************

[2017-08-25 16:08:54.525] [INFO] resLogger - 
*************** response log start ***************
request method: GET
request originalUrl:  /api/user/?token=eyJhbGciOiJIUzI1NiIsInR5cCI6IkpXVCJ9.eyJkYXRhIjp7ImlkIjoiZDBkNzE0NDctZjc2Zi00NDZmLTg2N2MtMDg3NTAwMTlhMDE2IiwibmFtZSI6ImFkbWluIiwiZ2VuZGVyIjp0cnVlLCJlbWFpbCI6IjM3ODMzODYyN0BxcS5jb20ifSwiaWF0IjoxNTAzNjI2MDI2LCJleHAiOjE1MDM3MTI0MjZ9.z4rqNyXw0eY11XffFUmpszt8qL5E6ZE9ywHj444B3Mg
request client ip:  ::ffff:127.0.0.1
request query:  {"token":"eyJhbGciOiJIUzI1NiIsInR5cCI6IkpXVCJ9.eyJkYXRhIjp7ImlkIjoiZDBkNzE0NDctZjc2Zi00NDZmLTg2N2MtMDg3NTAwMTlhMDE2IiwibmFtZSI6ImFkbWluIiwiZ2VuZGVyIjp0cnVlLCJlbWFpbCI6IjM3ODMzODYyN0BxcS5jb20ifSwiaWF0IjoxNTAzNjI2MDI2LCJleHAiOjE1MDM3MTI0MjZ9.z4rqNyXw0eY11XffFUmpszt8qL5E6ZE9ywHj444B3Mg"}
response time: 71
response status: 200
response body: 
{"status":0,"data":{"name":"admin","email":"378338627@qq.com","phone":"15822927208","password":"$2a$10$gC8KbRA6pMCVvD2irCuZb.dsh57qd88OwLfukMSQEnDY0Set3L81i","gender":true,"token":"eyJhbGciOiJIUzI1NiIsInR5cCI6IkpXVCJ9.eyJkYXRhIjp7ImlkIjoiZDBkNzE0NDctZjc2Zi00NDZmLTg2N2MtMDg3NTAwMTlhMDE2IiwibmFtZSI6ImFkbWluIiwiZ2VuZGVyIjp0cnVlLCJlbWFpbCI6IjM3ODMzODYyN0BxcS5jb20ifSwiaWF0IjoxNTAzNjI2MDI2LCJleHAiOjE1MDM3MTI0MjZ9.z4rqNyXw0eY11XffFUmpszt8qL5E6ZE9ywHj444B3Mg","canLogin":true,"status":1,"id":"d0d71447-f76f-446f-867c-08750019a016","createdAt":1503625702903,"updatedAt":1503626027004,"version":1}}
*************** response log end ***************

[2017-08-25 16:09:20.910] [INFO] resLogger - 
*************** response log start ***************
request method: GET
request originalUrl:  /api/user/?token=eyJhbGciOiJIUzI1NiIsInR5cCI6IkpXVCJ9.eyJkYXRhIjp7ImlkIjoiZDBkNzE0NDctZjc2Zi00NDZmLTg2N2MtMDg3NTAwMTlhMDE2IiwibmFtZSI6ImFkbWluIiwiZ2VuZGVyIjp0cnVlLCJlbWFpbCI6IjM3ODMzODYyN0BxcS5jb20ifSwiaWF0IjoxNTAzNjI2MDI2LCJleHAiOjE1MDM3MTI0MjZ9.z4rqNyXw0eY11XffFUmpszt8qL5E6ZE9ywHj444B3Mg
request client ip:  ::ffff:127.0.0.1
request query:  {"token":"eyJhbGciOiJIUzI1NiIsInR5cCI6IkpXVCJ9.eyJkYXRhIjp7ImlkIjoiZDBkNzE0NDctZjc2Zi00NDZmLTg2N2MtMDg3NTAwMTlhMDE2IiwibmFtZSI6ImFkbWluIiwiZ2VuZGVyIjp0cnVlLCJlbWFpbCI6IjM3ODMzODYyN0BxcS5jb20ifSwiaWF0IjoxNTAzNjI2MDI2LCJleHAiOjE1MDM3MTI0MjZ9.z4rqNyXw0eY11XffFUmpszt8qL5E6ZE9ywHj444B3Mg"}
response time: 91
response status: 200
response body: 
{"status":0,"data":{"name":"admin","email":"378338627@qq.com","phone":"15822927208","password":"$2a$10$gC8KbRA6pMCVvD2irCuZb.dsh57qd88OwLfukMSQEnDY0Set3L81i","gender":true,"token":"eyJhbGciOiJIUzI1NiIsInR5cCI6IkpXVCJ9.eyJkYXRhIjp7ImlkIjoiZDBkNzE0NDctZjc2Zi00NDZmLTg2N2MtMDg3NTAwMTlhMDE2IiwibmFtZSI6ImFkbWluIiwiZ2VuZGVyIjp0cnVlLCJlbWFpbCI6IjM3ODMzODYyN0BxcS5jb20ifSwiaWF0IjoxNTAzNjI2MDI2LCJleHAiOjE1MDM3MTI0MjZ9.z4rqNyXw0eY11XffFUmpszt8qL5E6ZE9ywHj444B3Mg","canLogin":true,"status":1,"id":"d0d71447-f76f-446f-867c-08750019a016","createdAt":1503625702903,"updatedAt":1503626027004,"version":1}}
*************** response log end ***************

[2017-08-25 16:10:25.051] [INFO] resLogger - 
*************** response log start ***************
request method: GET
request originalUrl:  /api/user/?token=eyJhbGciOiJIUzI1NiIsInR5cCI6IkpXVCJ9.eyJkYXRhIjp7ImlkIjoiZDBkNzE0NDctZjc2Zi00NDZmLTg2N2MtMDg3NTAwMTlhMDE2IiwibmFtZSI6ImFkbWluIiwiZ2VuZGVyIjp0cnVlLCJlbWFpbCI6IjM3ODMzODYyN0BxcS5jb20ifSwiaWF0IjoxNTAzNjI2MDI2LCJleHAiOjE1MDM3MTI0MjZ9.z4rqNyXw0eY11XffFUmpszt8qL5E6ZE9ywHj444B3Mg
request client ip:  ::ffff:127.0.0.1
request query:  {"token":"eyJhbGciOiJIUzI1NiIsInR5cCI6IkpXVCJ9.eyJkYXRhIjp7ImlkIjoiZDBkNzE0NDctZjc2Zi00NDZmLTg2N2MtMDg3NTAwMTlhMDE2IiwibmFtZSI6ImFkbWluIiwiZ2VuZGVyIjp0cnVlLCJlbWFpbCI6IjM3ODMzODYyN0BxcS5jb20ifSwiaWF0IjoxNTAzNjI2MDI2LCJleHAiOjE1MDM3MTI0MjZ9.z4rqNyXw0eY11XffFUmpszt8qL5E6ZE9ywHj444B3Mg"}
response time: 108
response status: 200
response body: 
{"status":0,"data":{"name":"admin","email":"378338627@qq.com","phone":"15822927208","password":"$2a$10$gC8KbRA6pMCVvD2irCuZb.dsh57qd88OwLfukMSQEnDY0Set3L81i","gender":true,"token":"eyJhbGciOiJIUzI1NiIsInR5cCI6IkpXVCJ9.eyJkYXRhIjp7ImlkIjoiZDBkNzE0NDctZjc2Zi00NDZmLTg2N2MtMDg3NTAwMTlhMDE2IiwibmFtZSI6ImFkbWluIiwiZ2VuZGVyIjp0cnVlLCJlbWFpbCI6IjM3ODMzODYyN0BxcS5jb20ifSwiaWF0IjoxNTAzNjI2MDI2LCJleHAiOjE1MDM3MTI0MjZ9.z4rqNyXw0eY11XffFUmpszt8qL5E6ZE9ywHj444B3Mg","canLogin":true,"status":1,"id":"d0d71447-f76f-446f-867c-08750019a016","createdAt":1503625702903,"updatedAt":1503626027004,"version":1}}
*************** response log end ***************

[2017-08-25 16:12:21.788] [INFO] resLogger - 
*************** response log start ***************
request method: GET
request originalUrl:  /api/user/?token=eyJhbGciOiJIUzI1NiIsInR5cCI6IkpXVCJ9.eyJkYXRhIjp7ImlkIjoiZDBkNzE0NDctZjc2Zi00NDZmLTg2N2MtMDg3NTAwMTlhMDE2IiwibmFtZSI6ImFkbWluIiwiZ2VuZGVyIjp0cnVlLCJlbWFpbCI6IjM3ODMzODYyN0BxcS5jb20ifSwiaWF0IjoxNTAzNjI2MDI2LCJleHAiOjE1MDM3MTI0MjZ9.z4rqNyXw0eY11XffFUmpszt8qL5E6ZE9ywHj444B3Mg
request client ip:  ::ffff:127.0.0.1
request query:  {"token":"eyJhbGciOiJIUzI1NiIsInR5cCI6IkpXVCJ9.eyJkYXRhIjp7ImlkIjoiZDBkNzE0NDctZjc2Zi00NDZmLTg2N2MtMDg3NTAwMTlhMDE2IiwibmFtZSI6ImFkbWluIiwiZ2VuZGVyIjp0cnVlLCJlbWFpbCI6IjM3ODMzODYyN0BxcS5jb20ifSwiaWF0IjoxNTAzNjI2MDI2LCJleHAiOjE1MDM3MTI0MjZ9.z4rqNyXw0eY11XffFUmpszt8qL5E6ZE9ywHj444B3Mg"}
response time: 51
response status: 200
response body: 
{"status":0,"data":{"name":"admin","email":"378338627@qq.com","phone":"15822927208","password":"$2a$10$gC8KbRA6pMCVvD2irCuZb.dsh57qd88OwLfukMSQEnDY0Set3L81i","gender":true,"token":"eyJhbGciOiJIUzI1NiIsInR5cCI6IkpXVCJ9.eyJkYXRhIjp7ImlkIjoiZDBkNzE0NDctZjc2Zi00NDZmLTg2N2MtMDg3NTAwMTlhMDE2IiwibmFtZSI6ImFkbWluIiwiZ2VuZGVyIjp0cnVlLCJlbWFpbCI6IjM3ODMzODYyN0BxcS5jb20ifSwiaWF0IjoxNTAzNjI2MDI2LCJleHAiOjE1MDM3MTI0MjZ9.z4rqNyXw0eY11XffFUmpszt8qL5E6ZE9ywHj444B3Mg","canLogin":true,"status":1,"id":"d0d71447-f76f-446f-867c-08750019a016","createdAt":1503625702903,"updatedAt":1503626027004,"version":1}}
*************** response log end ***************

[2017-08-25 16:12:38.199] [INFO] resLogger - 
*************** response log start ***************
request method: GET
request originalUrl:  /api/user/?token=eyJhbGciOiJIUzI1NiIsInR5cCI6IkpXVCJ9.eyJkYXRhIjp7ImlkIjoiZDBkNzE0NDctZjc2Zi00NDZmLTg2N2MtMDg3NTAwMTlhMDE2IiwibmFtZSI6ImFkbWluIiwiZ2VuZGVyIjp0cnVlLCJlbWFpbCI6IjM3ODMzODYyN0BxcS5jb20ifSwiaWF0IjoxNTAzNjI2MDI2LCJleHAiOjE1MDM3MTI0MjZ9.z4rqNyXw0eY11XffFUmpszt8qL5E6ZE9ywHj444B3Mg
request client ip:  ::ffff:127.0.0.1
request query:  {"token":"eyJhbGciOiJIUzI1NiIsInR5cCI6IkpXVCJ9.eyJkYXRhIjp7ImlkIjoiZDBkNzE0NDctZjc2Zi00NDZmLTg2N2MtMDg3NTAwMTlhMDE2IiwibmFtZSI6ImFkbWluIiwiZ2VuZGVyIjp0cnVlLCJlbWFpbCI6IjM3ODMzODYyN0BxcS5jb20ifSwiaWF0IjoxNTAzNjI2MDI2LCJleHAiOjE1MDM3MTI0MjZ9.z4rqNyXw0eY11XffFUmpszt8qL5E6ZE9ywHj444B3Mg"}
response time: 61
response status: 200
response body: 
{"status":0,"data":{"name":"admin","email":"378338627@qq.com","phone":"15822927208","password":"$2a$10$gC8KbRA6pMCVvD2irCuZb.dsh57qd88OwLfukMSQEnDY0Set3L81i","gender":true,"token":"eyJhbGciOiJIUzI1NiIsInR5cCI6IkpXVCJ9.eyJkYXRhIjp7ImlkIjoiZDBkNzE0NDctZjc2Zi00NDZmLTg2N2MtMDg3NTAwMTlhMDE2IiwibmFtZSI6ImFkbWluIiwiZ2VuZGVyIjp0cnVlLCJlbWFpbCI6IjM3ODMzODYyN0BxcS5jb20ifSwiaWF0IjoxNTAzNjI2MDI2LCJleHAiOjE1MDM3MTI0MjZ9.z4rqNyXw0eY11XffFUmpszt8qL5E6ZE9ywHj444B3Mg","canLogin":true,"status":1,"id":"d0d71447-f76f-446f-867c-08750019a016","createdAt":1503625702903,"updatedAt":1503626027004,"version":1}}
*************** response log end ***************

[2017-08-25 16:13:43.589] [INFO] resLogger - 
*************** response log start ***************
request method: GET
request originalUrl:  /api/user/?token=eyJhbGciOiJIUzI1NiIsInR5cCI6IkpXVCJ9.eyJkYXRhIjp7ImlkIjoiZDBkNzE0NDctZjc2Zi00NDZmLTg2N2MtMDg3NTAwMTlhMDE2IiwibmFtZSI6ImFkbWluIiwiZ2VuZGVyIjp0cnVlLCJlbWFpbCI6IjM3ODMzODYyN0BxcS5jb20ifSwiaWF0IjoxNTAzNjI2MDI2LCJleHAiOjE1MDM3MTI0MjZ9.z4rqNyXw0eY11XffFUmpszt8qL5E6ZE9ywHj444B3Mg
request client ip:  ::ffff:127.0.0.1
request query:  {"token":"eyJhbGciOiJIUzI1NiIsInR5cCI6IkpXVCJ9.eyJkYXRhIjp7ImlkIjoiZDBkNzE0NDctZjc2Zi00NDZmLTg2N2MtMDg3NTAwMTlhMDE2IiwibmFtZSI6ImFkbWluIiwiZ2VuZGVyIjp0cnVlLCJlbWFpbCI6IjM3ODMzODYyN0BxcS5jb20ifSwiaWF0IjoxNTAzNjI2MDI2LCJleHAiOjE1MDM3MTI0MjZ9.z4rqNyXw0eY11XffFUmpszt8qL5E6ZE9ywHj444B3Mg"}
response time: 87
response status: 200
response body: 
{"status":0,"data":{"name":"admin","email":"378338627@qq.com","phone":"15822927208","password":"$2a$10$gC8KbRA6pMCVvD2irCuZb.dsh57qd88OwLfukMSQEnDY0Set3L81i","gender":true,"token":"eyJhbGciOiJIUzI1NiIsInR5cCI6IkpXVCJ9.eyJkYXRhIjp7ImlkIjoiZDBkNzE0NDctZjc2Zi00NDZmLTg2N2MtMDg3NTAwMTlhMDE2IiwibmFtZSI6ImFkbWluIiwiZ2VuZGVyIjp0cnVlLCJlbWFpbCI6IjM3ODMzODYyN0BxcS5jb20ifSwiaWF0IjoxNTAzNjI2MDI2LCJleHAiOjE1MDM3MTI0MjZ9.z4rqNyXw0eY11XffFUmpszt8qL5E6ZE9ywHj444B3Mg","canLogin":true,"status":1,"id":"d0d71447-f76f-446f-867c-08750019a016","createdAt":1503625702903,"updatedAt":1503626027004,"version":1}}
*************** response log end ***************

[2017-08-25 16:17:13.671] [INFO] resLogger - 
*************** response log start ***************
request method: GET
request originalUrl:  /api/user/?token=eyJhbGciOiJIUzI1NiIsInR5cCI6IkpXVCJ9.eyJkYXRhIjp7ImlkIjoiZDBkNzE0NDctZjc2Zi00NDZmLTg2N2MtMDg3NTAwMTlhMDE2IiwibmFtZSI6ImFkbWluIiwiZ2VuZGVyIjp0cnVlLCJlbWFpbCI6IjM3ODMzODYyN0BxcS5jb20ifSwiaWF0IjoxNTAzNjI2MDI2LCJleHAiOjE1MDM3MTI0MjZ9.z4rqNyXw0eY11XffFUmpszt8qL5E6ZE9ywHj444B3Mg
request client ip:  ::ffff:127.0.0.1
request query:  {"token":"eyJhbGciOiJIUzI1NiIsInR5cCI6IkpXVCJ9.eyJkYXRhIjp7ImlkIjoiZDBkNzE0NDctZjc2Zi00NDZmLTg2N2MtMDg3NTAwMTlhMDE2IiwibmFtZSI6ImFkbWluIiwiZ2VuZGVyIjp0cnVlLCJlbWFpbCI6IjM3ODMzODYyN0BxcS5jb20ifSwiaWF0IjoxNTAzNjI2MDI2LCJleHAiOjE1MDM3MTI0MjZ9.z4rqNyXw0eY11XffFUmpszt8qL5E6ZE9ywHj444B3Mg"}
response time: 138
response status: 200
response body: 
{"status":0,"data":{"name":"admin","email":"378338627@qq.com","phone":"15822927208","password":"$2a$10$gC8KbRA6pMCVvD2irCuZb.dsh57qd88OwLfukMSQEnDY0Set3L81i","gender":true,"token":"eyJhbGciOiJIUzI1NiIsInR5cCI6IkpXVCJ9.eyJkYXRhIjp7ImlkIjoiZDBkNzE0NDctZjc2Zi00NDZmLTg2N2MtMDg3NTAwMTlhMDE2IiwibmFtZSI6ImFkbWluIiwiZ2VuZGVyIjp0cnVlLCJlbWFpbCI6IjM3ODMzODYyN0BxcS5jb20ifSwiaWF0IjoxNTAzNjI2MDI2LCJleHAiOjE1MDM3MTI0MjZ9.z4rqNyXw0eY11XffFUmpszt8qL5E6ZE9ywHj444B3Mg","canLogin":true,"status":1,"id":"d0d71447-f76f-446f-867c-08750019a016","createdAt":1503625702903,"updatedAt":1503626027004,"version":1}}
*************** response log end ***************

[2017-08-25 16:17:31.847] [INFO] resLogger - 
*************** response log start ***************
request method: GET
request originalUrl:  /api/user/?token=eyJhbGciOiJIUzI1NiIsInR5cCI6IkpXVCJ9.eyJkYXRhIjp7ImlkIjoiZDBkNzE0NDctZjc2Zi00NDZmLTg2N2MtMDg3NTAwMTlhMDE2IiwibmFtZSI6ImFkbWluIiwiZ2VuZGVyIjp0cnVlLCJlbWFpbCI6IjM3ODMzODYyN0BxcS5jb20ifSwiaWF0IjoxNTAzNjI2MDI2LCJleHAiOjE1MDM3MTI0MjZ9.z4rqNyXw0eY11XffFUmpszt8qL5E6ZE9ywHj444B3Mg
request client ip:  ::ffff:127.0.0.1
request query:  {"token":"eyJhbGciOiJIUzI1NiIsInR5cCI6IkpXVCJ9.eyJkYXRhIjp7ImlkIjoiZDBkNzE0NDctZjc2Zi00NDZmLTg2N2MtMDg3NTAwMTlhMDE2IiwibmFtZSI6ImFkbWluIiwiZ2VuZGVyIjp0cnVlLCJlbWFpbCI6IjM3ODMzODYyN0BxcS5jb20ifSwiaWF0IjoxNTAzNjI2MDI2LCJleHAiOjE1MDM3MTI0MjZ9.z4rqNyXw0eY11XffFUmpszt8qL5E6ZE9ywHj444B3Mg"}
response time: 112
response status: 200
response body: 
{"status":0,"data":{"name":"admin","email":"378338627@qq.com","phone":"15822927208","password":"$2a$10$gC8KbRA6pMCVvD2irCuZb.dsh57qd88OwLfukMSQEnDY0Set3L81i","gender":true,"token":"eyJhbGciOiJIUzI1NiIsInR5cCI6IkpXVCJ9.eyJkYXRhIjp7ImlkIjoiZDBkNzE0NDctZjc2Zi00NDZmLTg2N2MtMDg3NTAwMTlhMDE2IiwibmFtZSI6ImFkbWluIiwiZ2VuZGVyIjp0cnVlLCJlbWFpbCI6IjM3ODMzODYyN0BxcS5jb20ifSwiaWF0IjoxNTAzNjI2MDI2LCJleHAiOjE1MDM3MTI0MjZ9.z4rqNyXw0eY11XffFUmpszt8qL5E6ZE9ywHj444B3Mg","canLogin":true,"status":1,"id":"d0d71447-f76f-446f-867c-08750019a016","createdAt":1503625702903,"updatedAt":1503626027004,"version":1}}
*************** response log end ***************

[2017-08-25 16:31:50.271] [INFO] resLogger - 
*************** response log start ***************
request method: GET
request originalUrl:  /api/user/?token=eyJhbGciOiJIUzI1NiIsInR5cCI6IkpXVCJ9.eyJkYXRhIjp7ImlkIjoiZDBkNzE0NDctZjc2Zi00NDZmLTg2N2MtMDg3NTAwMTlhMDE2IiwibmFtZSI6ImFkbWluIiwiZ2VuZGVyIjp0cnVlLCJlbWFpbCI6IjM3ODMzODYyN0BxcS5jb20ifSwiaWF0IjoxNTAzNjI2MDI2LCJleHAiOjE1MDM3MTI0MjZ9.z4rqNyXw0eY11XffFUmpszt8qL5E6ZE9ywHj444B3Mg
request client ip:  ::ffff:127.0.0.1
request query:  {"token":"eyJhbGciOiJIUzI1NiIsInR5cCI6IkpXVCJ9.eyJkYXRhIjp7ImlkIjoiZDBkNzE0NDctZjc2Zi00NDZmLTg2N2MtMDg3NTAwMTlhMDE2IiwibmFtZSI6ImFkbWluIiwiZ2VuZGVyIjp0cnVlLCJlbWFpbCI6IjM3ODMzODYyN0BxcS5jb20ifSwiaWF0IjoxNTAzNjI2MDI2LCJleHAiOjE1MDM3MTI0MjZ9.z4rqNyXw0eY11XffFUmpszt8qL5E6ZE9ywHj444B3Mg"}
response time: 201
response status: 200
response body: 
{"status":0,"data":{"name":"admin","email":"378338627@qq.com","phone":"15822927208","password":"$2a$10$gC8KbRA6pMCVvD2irCuZb.dsh57qd88OwLfukMSQEnDY0Set3L81i","gender":true,"token":"eyJhbGciOiJIUzI1NiIsInR5cCI6IkpXVCJ9.eyJkYXRhIjp7ImlkIjoiZDBkNzE0NDctZjc2Zi00NDZmLTg2N2MtMDg3NTAwMTlhMDE2IiwibmFtZSI6ImFkbWluIiwiZ2VuZGVyIjp0cnVlLCJlbWFpbCI6IjM3ODMzODYyN0BxcS5jb20ifSwiaWF0IjoxNTAzNjI2MDI2LCJleHAiOjE1MDM3MTI0MjZ9.z4rqNyXw0eY11XffFUmpszt8qL5E6ZE9ywHj444B3Mg","canLogin":true,"status":1,"id":"d0d71447-f76f-446f-867c-08750019a016","createdAt":1503625702903,"updatedAt":1503626027004,"version":1}}
*************** response log end ***************

[2017-08-25 16:33:07.899] [INFO] resLogger - 
*************** response log start ***************
request method: GET
request originalUrl:  /api/user/?token=eyJhbGciOiJIUzI1NiIsInR5cCI6IkpXVCJ9.eyJkYXRhIjp7ImlkIjoiZDBkNzE0NDctZjc2Zi00NDZmLTg2N2MtMDg3NTAwMTlhMDE2IiwibmFtZSI6ImFkbWluIiwiZ2VuZGVyIjp0cnVlLCJlbWFpbCI6IjM3ODMzODYyN0BxcS5jb20ifSwiaWF0IjoxNTAzNjI2MDI2LCJleHAiOjE1MDM3MTI0MjZ9.z4rqNyXw0eY11XffFUmpszt8qL5E6ZE9ywHj444B3Mg
request client ip:  ::ffff:127.0.0.1
request query:  {"token":"eyJhbGciOiJIUzI1NiIsInR5cCI6IkpXVCJ9.eyJkYXRhIjp7ImlkIjoiZDBkNzE0NDctZjc2Zi00NDZmLTg2N2MtMDg3NTAwMTlhMDE2IiwibmFtZSI6ImFkbWluIiwiZ2VuZGVyIjp0cnVlLCJlbWFpbCI6IjM3ODMzODYyN0BxcS5jb20ifSwiaWF0IjoxNTAzNjI2MDI2LCJleHAiOjE1MDM3MTI0MjZ9.z4rqNyXw0eY11XffFUmpszt8qL5E6ZE9ywHj444B3Mg"}
response time: 63
response status: 200
response body: 
{"status":0,"data":{"name":"admin","email":"378338627@qq.com","phone":"15822927208","password":"$2a$10$gC8KbRA6pMCVvD2irCuZb.dsh57qd88OwLfukMSQEnDY0Set3L81i","gender":true,"token":"eyJhbGciOiJIUzI1NiIsInR5cCI6IkpXVCJ9.eyJkYXRhIjp7ImlkIjoiZDBkNzE0NDctZjc2Zi00NDZmLTg2N2MtMDg3NTAwMTlhMDE2IiwibmFtZSI6ImFkbWluIiwiZ2VuZGVyIjp0cnVlLCJlbWFpbCI6IjM3ODMzODYyN0BxcS5jb20ifSwiaWF0IjoxNTAzNjI2MDI2LCJleHAiOjE1MDM3MTI0MjZ9.z4rqNyXw0eY11XffFUmpszt8qL5E6ZE9ywHj444B3Mg","canLogin":true,"status":1,"id":"d0d71447-f76f-446f-867c-08750019a016","createdAt":1503625702903,"updatedAt":1503626027004,"version":1}}
*************** response log end ***************

[2017-08-25 16:36:42.437] [INFO] resLogger - 
*************** response log start ***************
request method: GET
request originalUrl:  /api/user/?token=eyJhbGciOiJIUzI1NiIsInR5cCI6IkpXVCJ9.eyJkYXRhIjp7ImlkIjoiZDBkNzE0NDctZjc2Zi00NDZmLTg2N2MtMDg3NTAwMTlhMDE2IiwibmFtZSI6ImFkbWluIiwiZ2VuZGVyIjp0cnVlLCJlbWFpbCI6IjM3ODMzODYyN0BxcS5jb20ifSwiaWF0IjoxNTAzNjI2MDI2LCJleHAiOjE1MDM3MTI0MjZ9.z4rqNyXw0eY11XffFUmpszt8qL5E6ZE9ywHj444B3Mg
request client ip:  ::ffff:127.0.0.1
request query:  {"token":"eyJhbGciOiJIUzI1NiIsInR5cCI6IkpXVCJ9.eyJkYXRhIjp7ImlkIjoiZDBkNzE0NDctZjc2Zi00NDZmLTg2N2MtMDg3NTAwMTlhMDE2IiwibmFtZSI6ImFkbWluIiwiZ2VuZGVyIjp0cnVlLCJlbWFpbCI6IjM3ODMzODYyN0BxcS5jb20ifSwiaWF0IjoxNTAzNjI2MDI2LCJleHAiOjE1MDM3MTI0MjZ9.z4rqNyXw0eY11XffFUmpszt8qL5E6ZE9ywHj444B3Mg"}
response time: 61
response status: 200
response body: 
{"status":0,"data":{"name":"admin","email":"378338627@qq.com","phone":"15822927208","password":"$2a$10$gC8KbRA6pMCVvD2irCuZb.dsh57qd88OwLfukMSQEnDY0Set3L81i","gender":true,"token":"eyJhbGciOiJIUzI1NiIsInR5cCI6IkpXVCJ9.eyJkYXRhIjp7ImlkIjoiZDBkNzE0NDctZjc2Zi00NDZmLTg2N2MtMDg3NTAwMTlhMDE2IiwibmFtZSI6ImFkbWluIiwiZ2VuZGVyIjp0cnVlLCJlbWFpbCI6IjM3ODMzODYyN0BxcS5jb20ifSwiaWF0IjoxNTAzNjI2MDI2LCJleHAiOjE1MDM3MTI0MjZ9.z4rqNyXw0eY11XffFUmpszt8qL5E6ZE9ywHj444B3Mg","canLogin":true,"status":1,"id":"d0d71447-f76f-446f-867c-08750019a016","createdAt":1503625702903,"updatedAt":1503626027004,"version":1}}
*************** response log end ***************

[2017-08-25 16:37:06.584] [INFO] resLogger - 
*************** response log start ***************
request method: GET
request originalUrl:  /api/user/?token=eyJhbGciOiJIUzI1NiIsInR5cCI6IkpXVCJ9.eyJkYXRhIjp7ImlkIjoiZDBkNzE0NDctZjc2Zi00NDZmLTg2N2MtMDg3NTAwMTlhMDE2IiwibmFtZSI6ImFkbWluIiwiZ2VuZGVyIjp0cnVlLCJlbWFpbCI6IjM3ODMzODYyN0BxcS5jb20ifSwiaWF0IjoxNTAzNjI2MDI2LCJleHAiOjE1MDM3MTI0MjZ9.z4rqNyXw0eY11XffFUmpszt8qL5E6ZE9ywHj444B3Mg
request client ip:  ::ffff:127.0.0.1
request query:  {"token":"eyJhbGciOiJIUzI1NiIsInR5cCI6IkpXVCJ9.eyJkYXRhIjp7ImlkIjoiZDBkNzE0NDctZjc2Zi00NDZmLTg2N2MtMDg3NTAwMTlhMDE2IiwibmFtZSI6ImFkbWluIiwiZ2VuZGVyIjp0cnVlLCJlbWFpbCI6IjM3ODMzODYyN0BxcS5jb20ifSwiaWF0IjoxNTAzNjI2MDI2LCJleHAiOjE1MDM3MTI0MjZ9.z4rqNyXw0eY11XffFUmpszt8qL5E6ZE9ywHj444B3Mg"}
response time: 85
response status: 200
response body: 
{"status":0,"data":{"name":"admin","email":"378338627@qq.com","phone":"15822927208","password":"$2a$10$gC8KbRA6pMCVvD2irCuZb.dsh57qd88OwLfukMSQEnDY0Set3L81i","gender":true,"token":"eyJhbGciOiJIUzI1NiIsInR5cCI6IkpXVCJ9.eyJkYXRhIjp7ImlkIjoiZDBkNzE0NDctZjc2Zi00NDZmLTg2N2MtMDg3NTAwMTlhMDE2IiwibmFtZSI6ImFkbWluIiwiZ2VuZGVyIjp0cnVlLCJlbWFpbCI6IjM3ODMzODYyN0BxcS5jb20ifSwiaWF0IjoxNTAzNjI2MDI2LCJleHAiOjE1MDM3MTI0MjZ9.z4rqNyXw0eY11XffFUmpszt8qL5E6ZE9ywHj444B3Mg","canLogin":true,"status":1,"id":"d0d71447-f76f-446f-867c-08750019a016","createdAt":1503625702903,"updatedAt":1503626027004,"version":1}}
*************** response log end ***************

[2017-08-25 16:37:45.846] [INFO] resLogger - 
*************** response log start ***************
request method: GET
request originalUrl:  /api/user/?token=eyJhbGciOiJIUzI1NiIsInR5cCI6IkpXVCJ9.eyJkYXRhIjp7ImlkIjoiZDBkNzE0NDctZjc2Zi00NDZmLTg2N2MtMDg3NTAwMTlhMDE2IiwibmFtZSI6ImFkbWluIiwiZ2VuZGVyIjp0cnVlLCJlbWFpbCI6IjM3ODMzODYyN0BxcS5jb20ifSwiaWF0IjoxNTAzNjI2MDI2LCJleHAiOjE1MDM3MTI0MjZ9.z4rqNyXw0eY11XffFUmpszt8qL5E6ZE9ywHj444B3Mg
request client ip:  ::ffff:127.0.0.1
request query:  {"token":"eyJhbGciOiJIUzI1NiIsInR5cCI6IkpXVCJ9.eyJkYXRhIjp7ImlkIjoiZDBkNzE0NDctZjc2Zi00NDZmLTg2N2MtMDg3NTAwMTlhMDE2IiwibmFtZSI6ImFkbWluIiwiZ2VuZGVyIjp0cnVlLCJlbWFpbCI6IjM3ODMzODYyN0BxcS5jb20ifSwiaWF0IjoxNTAzNjI2MDI2LCJleHAiOjE1MDM3MTI0MjZ9.z4rqNyXw0eY11XffFUmpszt8qL5E6ZE9ywHj444B3Mg"}
response time: 83
response status: 200
response body: 
{"status":0,"data":{"name":"admin","email":"378338627@qq.com","phone":"15822927208","password":"$2a$10$gC8KbRA6pMCVvD2irCuZb.dsh57qd88OwLfukMSQEnDY0Set3L81i","gender":true,"token":"eyJhbGciOiJIUzI1NiIsInR5cCI6IkpXVCJ9.eyJkYXRhIjp7ImlkIjoiZDBkNzE0NDctZjc2Zi00NDZmLTg2N2MtMDg3NTAwMTlhMDE2IiwibmFtZSI6ImFkbWluIiwiZ2VuZGVyIjp0cnVlLCJlbWFpbCI6IjM3ODMzODYyN0BxcS5jb20ifSwiaWF0IjoxNTAzNjI2MDI2LCJleHAiOjE1MDM3MTI0MjZ9.z4rqNyXw0eY11XffFUmpszt8qL5E6ZE9ywHj444B3Mg","canLogin":true,"status":1,"id":"d0d71447-f76f-446f-867c-08750019a016","createdAt":1503625702903,"updatedAt":1503626027004,"version":1}}
*************** response log end ***************

[2017-08-25 16:38:12.999] [INFO] resLogger - 
*************** response log start ***************
request method: GET
request originalUrl:  /api/user/?token=eyJhbGciOiJIUzI1NiIsInR5cCI6IkpXVCJ9.eyJkYXRhIjp7ImlkIjoiZDBkNzE0NDctZjc2Zi00NDZmLTg2N2MtMDg3NTAwMTlhMDE2IiwibmFtZSI6ImFkbWluIiwiZ2VuZGVyIjp0cnVlLCJlbWFpbCI6IjM3ODMzODYyN0BxcS5jb20ifSwiaWF0IjoxNTAzNjI2MDI2LCJleHAiOjE1MDM3MTI0MjZ9.z4rqNyXw0eY11XffFUmpszt8qL5E6ZE9ywHj444B3Mg
request client ip:  ::ffff:127.0.0.1
request query:  {"token":"eyJhbGciOiJIUzI1NiIsInR5cCI6IkpXVCJ9.eyJkYXRhIjp7ImlkIjoiZDBkNzE0NDctZjc2Zi00NDZmLTg2N2MtMDg3NTAwMTlhMDE2IiwibmFtZSI6ImFkbWluIiwiZ2VuZGVyIjp0cnVlLCJlbWFpbCI6IjM3ODMzODYyN0BxcS5jb20ifSwiaWF0IjoxNTAzNjI2MDI2LCJleHAiOjE1MDM3MTI0MjZ9.z4rqNyXw0eY11XffFUmpszt8qL5E6ZE9ywHj444B3Mg"}
response time: 88
response status: 200
response body: 
{"status":0,"data":{"name":"admin","email":"378338627@qq.com","phone":"15822927208","password":"$2a$10$gC8KbRA6pMCVvD2irCuZb.dsh57qd88OwLfukMSQEnDY0Set3L81i","gender":true,"token":"eyJhbGciOiJIUzI1NiIsInR5cCI6IkpXVCJ9.eyJkYXRhIjp7ImlkIjoiZDBkNzE0NDctZjc2Zi00NDZmLTg2N2MtMDg3NTAwMTlhMDE2IiwibmFtZSI6ImFkbWluIiwiZ2VuZGVyIjp0cnVlLCJlbWFpbCI6IjM3ODMzODYyN0BxcS5jb20ifSwiaWF0IjoxNTAzNjI2MDI2LCJleHAiOjE1MDM3MTI0MjZ9.z4rqNyXw0eY11XffFUmpszt8qL5E6ZE9ywHj444B3Mg","canLogin":true,"status":1,"id":"d0d71447-f76f-446f-867c-08750019a016","createdAt":1503625702903,"updatedAt":1503626027004,"version":1}}
*************** response log end ***************

[2017-08-25 16:38:28.958] [INFO] resLogger - 
*************** response log start ***************
request method: GET
request originalUrl:  /api/user/?token=eyJhbGciOiJIUzI1NiIsInR5cCI6IkpXVCJ9.eyJkYXRhIjp7ImlkIjoiZDBkNzE0NDctZjc2Zi00NDZmLTg2N2MtMDg3NTAwMTlhMDE2IiwibmFtZSI6ImFkbWluIiwiZ2VuZGVyIjp0cnVlLCJlbWFpbCI6IjM3ODMzODYyN0BxcS5jb20ifSwiaWF0IjoxNTAzNjI2MDI2LCJleHAiOjE1MDM3MTI0MjZ9.z4rqNyXw0eY11XffFUmpszt8qL5E6ZE9ywHj444B3Mg
request client ip:  ::ffff:127.0.0.1
request query:  {"token":"eyJhbGciOiJIUzI1NiIsInR5cCI6IkpXVCJ9.eyJkYXRhIjp7ImlkIjoiZDBkNzE0NDctZjc2Zi00NDZmLTg2N2MtMDg3NTAwMTlhMDE2IiwibmFtZSI6ImFkbWluIiwiZ2VuZGVyIjp0cnVlLCJlbWFpbCI6IjM3ODMzODYyN0BxcS5jb20ifSwiaWF0IjoxNTAzNjI2MDI2LCJleHAiOjE1MDM3MTI0MjZ9.z4rqNyXw0eY11XffFUmpszt8qL5E6ZE9ywHj444B3Mg"}
response time: 70
response status: 200
response body: 
{"status":0,"data":{"name":"admin","email":"378338627@qq.com","phone":"15822927208","password":"$2a$10$gC8KbRA6pMCVvD2irCuZb.dsh57qd88OwLfukMSQEnDY0Set3L81i","gender":true,"token":"eyJhbGciOiJIUzI1NiIsInR5cCI6IkpXVCJ9.eyJkYXRhIjp7ImlkIjoiZDBkNzE0NDctZjc2Zi00NDZmLTg2N2MtMDg3NTAwMTlhMDE2IiwibmFtZSI6ImFkbWluIiwiZ2VuZGVyIjp0cnVlLCJlbWFpbCI6IjM3ODMzODYyN0BxcS5jb20ifSwiaWF0IjoxNTAzNjI2MDI2LCJleHAiOjE1MDM3MTI0MjZ9.z4rqNyXw0eY11XffFUmpszt8qL5E6ZE9ywHj444B3Mg","canLogin":true,"status":1,"id":"d0d71447-f76f-446f-867c-08750019a016","createdAt":1503625702903,"updatedAt":1503626027004,"version":1}}
*************** response log end ***************

[2017-08-25 16:39:30.178] [INFO] resLogger - 
*************** response log start ***************
request method: GET
request originalUrl:  /api/user/?token=eyJhbGciOiJIUzI1NiIsInR5cCI6IkpXVCJ9.eyJkYXRhIjp7ImlkIjoiZDBkNzE0NDctZjc2Zi00NDZmLTg2N2MtMDg3NTAwMTlhMDE2IiwibmFtZSI6ImFkbWluIiwiZ2VuZGVyIjp0cnVlLCJlbWFpbCI6IjM3ODMzODYyN0BxcS5jb20ifSwiaWF0IjoxNTAzNjI2MDI2LCJleHAiOjE1MDM3MTI0MjZ9.z4rqNyXw0eY11XffFUmpszt8qL5E6ZE9ywHj444B3Mg
request client ip:  ::ffff:127.0.0.1
request query:  {"token":"eyJhbGciOiJIUzI1NiIsInR5cCI6IkpXVCJ9.eyJkYXRhIjp7ImlkIjoiZDBkNzE0NDctZjc2Zi00NDZmLTg2N2MtMDg3NTAwMTlhMDE2IiwibmFtZSI6ImFkbWluIiwiZ2VuZGVyIjp0cnVlLCJlbWFpbCI6IjM3ODMzODYyN0BxcS5jb20ifSwiaWF0IjoxNTAzNjI2MDI2LCJleHAiOjE1MDM3MTI0MjZ9.z4rqNyXw0eY11XffFUmpszt8qL5E6ZE9ywHj444B3Mg"}
response time: 80
response status: 200
response body: 
{"status":0,"data":{"name":"admin","email":"378338627@qq.com","phone":"15822927208","password":"$2a$10$gC8KbRA6pMCVvD2irCuZb.dsh57qd88OwLfukMSQEnDY0Set3L81i","gender":true,"token":"eyJhbGciOiJIUzI1NiIsInR5cCI6IkpXVCJ9.eyJkYXRhIjp7ImlkIjoiZDBkNzE0NDctZjc2Zi00NDZmLTg2N2MtMDg3NTAwMTlhMDE2IiwibmFtZSI6ImFkbWluIiwiZ2VuZGVyIjp0cnVlLCJlbWFpbCI6IjM3ODMzODYyN0BxcS5jb20ifSwiaWF0IjoxNTAzNjI2MDI2LCJleHAiOjE1MDM3MTI0MjZ9.z4rqNyXw0eY11XffFUmpszt8qL5E6ZE9ywHj444B3Mg","canLogin":true,"status":1,"id":"d0d71447-f76f-446f-867c-08750019a016","createdAt":1503625702903,"updatedAt":1503626027004,"version":1}}
*************** response log end ***************

[2017-08-25 16:40:17.829] [INFO] resLogger - 
*************** response log start ***************
request method: GET
request originalUrl:  /api/user/?token=eyJhbGciOiJIUzI1NiIsInR5cCI6IkpXVCJ9.eyJkYXRhIjp7ImlkIjoiZDBkNzE0NDctZjc2Zi00NDZmLTg2N2MtMDg3NTAwMTlhMDE2IiwibmFtZSI6ImFkbWluIiwiZ2VuZGVyIjp0cnVlLCJlbWFpbCI6IjM3ODMzODYyN0BxcS5jb20ifSwiaWF0IjoxNTAzNjI2MDI2LCJleHAiOjE1MDM3MTI0MjZ9.z4rqNyXw0eY11XffFUmpszt8qL5E6ZE9ywHj444B3Mg
request client ip:  ::ffff:127.0.0.1
request query:  {"token":"eyJhbGciOiJIUzI1NiIsInR5cCI6IkpXVCJ9.eyJkYXRhIjp7ImlkIjoiZDBkNzE0NDctZjc2Zi00NDZmLTg2N2MtMDg3NTAwMTlhMDE2IiwibmFtZSI6ImFkbWluIiwiZ2VuZGVyIjp0cnVlLCJlbWFpbCI6IjM3ODMzODYyN0BxcS5jb20ifSwiaWF0IjoxNTAzNjI2MDI2LCJleHAiOjE1MDM3MTI0MjZ9.z4rqNyXw0eY11XffFUmpszt8qL5E6ZE9ywHj444B3Mg"}
response time: 71
response status: 200
response body: 
{"status":0,"data":{"name":"admin","email":"378338627@qq.com","phone":"15822927208","password":"$2a$10$gC8KbRA6pMCVvD2irCuZb.dsh57qd88OwLfukMSQEnDY0Set3L81i","gender":true,"token":"eyJhbGciOiJIUzI1NiIsInR5cCI6IkpXVCJ9.eyJkYXRhIjp7ImlkIjoiZDBkNzE0NDctZjc2Zi00NDZmLTg2N2MtMDg3NTAwMTlhMDE2IiwibmFtZSI6ImFkbWluIiwiZ2VuZGVyIjp0cnVlLCJlbWFpbCI6IjM3ODMzODYyN0BxcS5jb20ifSwiaWF0IjoxNTAzNjI2MDI2LCJleHAiOjE1MDM3MTI0MjZ9.z4rqNyXw0eY11XffFUmpszt8qL5E6ZE9ywHj444B3Mg","canLogin":true,"status":1,"id":"d0d71447-f76f-446f-867c-08750019a016","createdAt":1503625702903,"updatedAt":1503626027004,"version":1}}
*************** response log end ***************

[2017-08-25 16:45:10.906] [INFO] resLogger - 
*************** response log start ***************
request method: GET
request originalUrl:  /api/user/?token=eyJhbGciOiJIUzI1NiIsInR5cCI6IkpXVCJ9.eyJkYXRhIjp7ImlkIjoiZDBkNzE0NDctZjc2Zi00NDZmLTg2N2MtMDg3NTAwMTlhMDE2IiwibmFtZSI6ImFkbWluIiwiZ2VuZGVyIjp0cnVlLCJlbWFpbCI6IjM3ODMzODYyN0BxcS5jb20ifSwiaWF0IjoxNTAzNjI2MDI2LCJleHAiOjE1MDM3MTI0MjZ9.z4rqNyXw0eY11XffFUmpszt8qL5E6ZE9ywHj444B3Mg
request client ip:  ::ffff:127.0.0.1
request query:  {"token":"eyJhbGciOiJIUzI1NiIsInR5cCI6IkpXVCJ9.eyJkYXRhIjp7ImlkIjoiZDBkNzE0NDctZjc2Zi00NDZmLTg2N2MtMDg3NTAwMTlhMDE2IiwibmFtZSI6ImFkbWluIiwiZ2VuZGVyIjp0cnVlLCJlbWFpbCI6IjM3ODMzODYyN0BxcS5jb20ifSwiaWF0IjoxNTAzNjI2MDI2LCJleHAiOjE1MDM3MTI0MjZ9.z4rqNyXw0eY11XffFUmpszt8qL5E6ZE9ywHj444B3Mg"}
response time: 55
response status: 200
response body: 
{"status":0,"data":{"name":"admin","email":"378338627@qq.com","phone":"15822927208","password":"$2a$10$gC8KbRA6pMCVvD2irCuZb.dsh57qd88OwLfukMSQEnDY0Set3L81i","gender":true,"token":"eyJhbGciOiJIUzI1NiIsInR5cCI6IkpXVCJ9.eyJkYXRhIjp7ImlkIjoiZDBkNzE0NDctZjc2Zi00NDZmLTg2N2MtMDg3NTAwMTlhMDE2IiwibmFtZSI6ImFkbWluIiwiZ2VuZGVyIjp0cnVlLCJlbWFpbCI6IjM3ODMzODYyN0BxcS5jb20ifSwiaWF0IjoxNTAzNjI2MDI2LCJleHAiOjE1MDM3MTI0MjZ9.z4rqNyXw0eY11XffFUmpszt8qL5E6ZE9ywHj444B3Mg","canLogin":true,"status":1,"id":"d0d71447-f76f-446f-867c-08750019a016","createdAt":1503625702903,"updatedAt":1503626027004,"version":1}}
*************** response log end ***************

[2017-08-25 16:45:45.636] [INFO] resLogger - 
*************** response log start ***************
request method: GET
request originalUrl:  /api/user/?token=eyJhbGciOiJIUzI1NiIsInR5cCI6IkpXVCJ9.eyJkYXRhIjp7ImlkIjoiZDBkNzE0NDctZjc2Zi00NDZmLTg2N2MtMDg3NTAwMTlhMDE2IiwibmFtZSI6ImFkbWluIiwiZ2VuZGVyIjp0cnVlLCJlbWFpbCI6IjM3ODMzODYyN0BxcS5jb20ifSwiaWF0IjoxNTAzNjI2MDI2LCJleHAiOjE1MDM3MTI0MjZ9.z4rqNyXw0eY11XffFUmpszt8qL5E6ZE9ywHj444B3Mg
request client ip:  ::ffff:127.0.0.1
request query:  {"token":"eyJhbGciOiJIUzI1NiIsInR5cCI6IkpXVCJ9.eyJkYXRhIjp7ImlkIjoiZDBkNzE0NDctZjc2Zi00NDZmLTg2N2MtMDg3NTAwMTlhMDE2IiwibmFtZSI6ImFkbWluIiwiZ2VuZGVyIjp0cnVlLCJlbWFpbCI6IjM3ODMzODYyN0BxcS5jb20ifSwiaWF0IjoxNTAzNjI2MDI2LCJleHAiOjE1MDM3MTI0MjZ9.z4rqNyXw0eY11XffFUmpszt8qL5E6ZE9ywHj444B3Mg"}
response time: 56
response status: 200
response body: 
{"status":0,"data":{"name":"admin","email":"378338627@qq.com","phone":"15822927208","password":"$2a$10$gC8KbRA6pMCVvD2irCuZb.dsh57qd88OwLfukMSQEnDY0Set3L81i","gender":true,"token":"eyJhbGciOiJIUzI1NiIsInR5cCI6IkpXVCJ9.eyJkYXRhIjp7ImlkIjoiZDBkNzE0NDctZjc2Zi00NDZmLTg2N2MtMDg3NTAwMTlhMDE2IiwibmFtZSI6ImFkbWluIiwiZ2VuZGVyIjp0cnVlLCJlbWFpbCI6IjM3ODMzODYyN0BxcS5jb20ifSwiaWF0IjoxNTAzNjI2MDI2LCJleHAiOjE1MDM3MTI0MjZ9.z4rqNyXw0eY11XffFUmpszt8qL5E6ZE9ywHj444B3Mg","canLogin":true,"status":1,"id":"d0d71447-f76f-446f-867c-08750019a016","createdAt":1503625702903,"updatedAt":1503626027004,"version":1}}
*************** response log end ***************

[2017-08-25 16:46:13.755] [INFO] resLogger - 
*************** response log start ***************
request method: GET
request originalUrl:  /api/user/?token=eyJhbGciOiJIUzI1NiIsInR5cCI6IkpXVCJ9.eyJkYXRhIjp7ImlkIjoiZDBkNzE0NDctZjc2Zi00NDZmLTg2N2MtMDg3NTAwMTlhMDE2IiwibmFtZSI6ImFkbWluIiwiZ2VuZGVyIjp0cnVlLCJlbWFpbCI6IjM3ODMzODYyN0BxcS5jb20ifSwiaWF0IjoxNTAzNjI2MDI2LCJleHAiOjE1MDM3MTI0MjZ9.z4rqNyXw0eY11XffFUmpszt8qL5E6ZE9ywHj444B3Mg
request client ip:  ::ffff:127.0.0.1
request query:  {"token":"eyJhbGciOiJIUzI1NiIsInR5cCI6IkpXVCJ9.eyJkYXRhIjp7ImlkIjoiZDBkNzE0NDctZjc2Zi00NDZmLTg2N2MtMDg3NTAwMTlhMDE2IiwibmFtZSI6ImFkbWluIiwiZ2VuZGVyIjp0cnVlLCJlbWFpbCI6IjM3ODMzODYyN0BxcS5jb20ifSwiaWF0IjoxNTAzNjI2MDI2LCJleHAiOjE1MDM3MTI0MjZ9.z4rqNyXw0eY11XffFUmpszt8qL5E6ZE9ywHj444B3Mg"}
response time: 47
response status: 200
response body: 
{"status":0,"data":{"name":"admin","email":"378338627@qq.com","phone":"15822927208","password":"$2a$10$gC8KbRA6pMCVvD2irCuZb.dsh57qd88OwLfukMSQEnDY0Set3L81i","gender":true,"token":"eyJhbGciOiJIUzI1NiIsInR5cCI6IkpXVCJ9.eyJkYXRhIjp7ImlkIjoiZDBkNzE0NDctZjc2Zi00NDZmLTg2N2MtMDg3NTAwMTlhMDE2IiwibmFtZSI6ImFkbWluIiwiZ2VuZGVyIjp0cnVlLCJlbWFpbCI6IjM3ODMzODYyN0BxcS5jb20ifSwiaWF0IjoxNTAzNjI2MDI2LCJleHAiOjE1MDM3MTI0MjZ9.z4rqNyXw0eY11XffFUmpszt8qL5E6ZE9ywHj444B3Mg","canLogin":true,"status":1,"id":"d0d71447-f76f-446f-867c-08750019a016","createdAt":1503625702903,"updatedAt":1503626027004,"version":1}}
*************** response log end ***************

[2017-08-25 16:48:23.122] [INFO] resLogger - 
*************** response log start ***************
request method: GET
request originalUrl:  /api/user/?token=eyJhbGciOiJIUzI1NiIsInR5cCI6IkpXVCJ9.eyJkYXRhIjp7ImlkIjoiZDBkNzE0NDctZjc2Zi00NDZmLTg2N2MtMDg3NTAwMTlhMDE2IiwibmFtZSI6ImFkbWluIiwiZ2VuZGVyIjp0cnVlLCJlbWFpbCI6IjM3ODMzODYyN0BxcS5jb20ifSwiaWF0IjoxNTAzNjI2MDI2LCJleHAiOjE1MDM3MTI0MjZ9.z4rqNyXw0eY11XffFUmpszt8qL5E6ZE9ywHj444B3Mg
request client ip:  ::ffff:127.0.0.1
request query:  {"token":"eyJhbGciOiJIUzI1NiIsInR5cCI6IkpXVCJ9.eyJkYXRhIjp7ImlkIjoiZDBkNzE0NDctZjc2Zi00NDZmLTg2N2MtMDg3NTAwMTlhMDE2IiwibmFtZSI6ImFkbWluIiwiZ2VuZGVyIjp0cnVlLCJlbWFpbCI6IjM3ODMzODYyN0BxcS5jb20ifSwiaWF0IjoxNTAzNjI2MDI2LCJleHAiOjE1MDM3MTI0MjZ9.z4rqNyXw0eY11XffFUmpszt8qL5E6ZE9ywHj444B3Mg"}
response time: 68
response status: 200
response body: 
{"status":0,"data":{"name":"admin","email":"378338627@qq.com","phone":"15822927208","password":"$2a$10$gC8KbRA6pMCVvD2irCuZb.dsh57qd88OwLfukMSQEnDY0Set3L81i","gender":true,"token":"eyJhbGciOiJIUzI1NiIsInR5cCI6IkpXVCJ9.eyJkYXRhIjp7ImlkIjoiZDBkNzE0NDctZjc2Zi00NDZmLTg2N2MtMDg3NTAwMTlhMDE2IiwibmFtZSI6ImFkbWluIiwiZ2VuZGVyIjp0cnVlLCJlbWFpbCI6IjM3ODMzODYyN0BxcS5jb20ifSwiaWF0IjoxNTAzNjI2MDI2LCJleHAiOjE1MDM3MTI0MjZ9.z4rqNyXw0eY11XffFUmpszt8qL5E6ZE9ywHj444B3Mg","canLogin":true,"status":1,"id":"d0d71447-f76f-446f-867c-08750019a016","createdAt":1503625702903,"updatedAt":1503626027004,"version":1}}
*************** response log end ***************

[2017-08-25 16:50:07.761] [INFO] resLogger - 
*************** response log start ***************
request method: GET
request originalUrl:  /api/user/?token=eyJhbGciOiJIUzI1NiIsInR5cCI6IkpXVCJ9.eyJkYXRhIjp7ImlkIjoiZDBkNzE0NDctZjc2Zi00NDZmLTg2N2MtMDg3NTAwMTlhMDE2IiwibmFtZSI6ImFkbWluIiwiZ2VuZGVyIjp0cnVlLCJlbWFpbCI6IjM3ODMzODYyN0BxcS5jb20ifSwiaWF0IjoxNTAzNjI2MDI2LCJleHAiOjE1MDM3MTI0MjZ9.z4rqNyXw0eY11XffFUmpszt8qL5E6ZE9ywHj444B3Mg
request client ip:  ::ffff:127.0.0.1
request query:  {"token":"eyJhbGciOiJIUzI1NiIsInR5cCI6IkpXVCJ9.eyJkYXRhIjp7ImlkIjoiZDBkNzE0NDctZjc2Zi00NDZmLTg2N2MtMDg3NTAwMTlhMDE2IiwibmFtZSI6ImFkbWluIiwiZ2VuZGVyIjp0cnVlLCJlbWFpbCI6IjM3ODMzODYyN0BxcS5jb20ifSwiaWF0IjoxNTAzNjI2MDI2LCJleHAiOjE1MDM3MTI0MjZ9.z4rqNyXw0eY11XffFUmpszt8qL5E6ZE9ywHj444B3Mg"}
response time: 50
response status: 200
response body: 
{"status":0,"data":{"name":"admin","email":"378338627@qq.com","phone":"15822927208","password":"$2a$10$gC8KbRA6pMCVvD2irCuZb.dsh57qd88OwLfukMSQEnDY0Set3L81i","gender":true,"token":"eyJhbGciOiJIUzI1NiIsInR5cCI6IkpXVCJ9.eyJkYXRhIjp7ImlkIjoiZDBkNzE0NDctZjc2Zi00NDZmLTg2N2MtMDg3NTAwMTlhMDE2IiwibmFtZSI6ImFkbWluIiwiZ2VuZGVyIjp0cnVlLCJlbWFpbCI6IjM3ODMzODYyN0BxcS5jb20ifSwiaWF0IjoxNTAzNjI2MDI2LCJleHAiOjE1MDM3MTI0MjZ9.z4rqNyXw0eY11XffFUmpszt8qL5E6ZE9ywHj444B3Mg","canLogin":true,"status":1,"id":"d0d71447-f76f-446f-867c-08750019a016","createdAt":1503625702903,"updatedAt":1503626027004,"version":1}}
*************** response log end ***************

[2017-08-25 16:50:32.088] [INFO] resLogger - 
*************** response log start ***************
request method: GET
request originalUrl:  /api/user/?token=eyJhbGciOiJIUzI1NiIsInR5cCI6IkpXVCJ9.eyJkYXRhIjp7ImlkIjoiZDBkNzE0NDctZjc2Zi00NDZmLTg2N2MtMDg3NTAwMTlhMDE2IiwibmFtZSI6ImFkbWluIiwiZ2VuZGVyIjp0cnVlLCJlbWFpbCI6IjM3ODMzODYyN0BxcS5jb20ifSwiaWF0IjoxNTAzNjI2MDI2LCJleHAiOjE1MDM3MTI0MjZ9.z4rqNyXw0eY11XffFUmpszt8qL5E6ZE9ywHj444B3Mg
request client ip:  ::ffff:127.0.0.1
request query:  {"token":"eyJhbGciOiJIUzI1NiIsInR5cCI6IkpXVCJ9.eyJkYXRhIjp7ImlkIjoiZDBkNzE0NDctZjc2Zi00NDZmLTg2N2MtMDg3NTAwMTlhMDE2IiwibmFtZSI6ImFkbWluIiwiZ2VuZGVyIjp0cnVlLCJlbWFpbCI6IjM3ODMzODYyN0BxcS5jb20ifSwiaWF0IjoxNTAzNjI2MDI2LCJleHAiOjE1MDM3MTI0MjZ9.z4rqNyXw0eY11XffFUmpszt8qL5E6ZE9ywHj444B3Mg"}
response time: 53
response status: 200
response body: 
{"status":0,"data":{"name":"admin","email":"378338627@qq.com","phone":"15822927208","password":"$2a$10$gC8KbRA6pMCVvD2irCuZb.dsh57qd88OwLfukMSQEnDY0Set3L81i","gender":true,"token":"eyJhbGciOiJIUzI1NiIsInR5cCI6IkpXVCJ9.eyJkYXRhIjp7ImlkIjoiZDBkNzE0NDctZjc2Zi00NDZmLTg2N2MtMDg3NTAwMTlhMDE2IiwibmFtZSI6ImFkbWluIiwiZ2VuZGVyIjp0cnVlLCJlbWFpbCI6IjM3ODMzODYyN0BxcS5jb20ifSwiaWF0IjoxNTAzNjI2MDI2LCJleHAiOjE1MDM3MTI0MjZ9.z4rqNyXw0eY11XffFUmpszt8qL5E6ZE9ywHj444B3Mg","canLogin":true,"status":1,"id":"d0d71447-f76f-446f-867c-08750019a016","createdAt":1503625702903,"updatedAt":1503626027004,"version":1}}
*************** response log end ***************

[2017-08-25 16:50:47.892] [INFO] resLogger - 
*************** response log start ***************
request method: GET
request originalUrl:  /api/user/?token=eyJhbGciOiJIUzI1NiIsInR5cCI6IkpXVCJ9.eyJkYXRhIjp7ImlkIjoiZDBkNzE0NDctZjc2Zi00NDZmLTg2N2MtMDg3NTAwMTlhMDE2IiwibmFtZSI6ImFkbWluIiwiZ2VuZGVyIjp0cnVlLCJlbWFpbCI6IjM3ODMzODYyN0BxcS5jb20ifSwiaWF0IjoxNTAzNjI2MDI2LCJleHAiOjE1MDM3MTI0MjZ9.z4rqNyXw0eY11XffFUmpszt8qL5E6ZE9ywHj444B3Mg
request client ip:  ::ffff:127.0.0.1
request query:  {"token":"eyJhbGciOiJIUzI1NiIsInR5cCI6IkpXVCJ9.eyJkYXRhIjp7ImlkIjoiZDBkNzE0NDctZjc2Zi00NDZmLTg2N2MtMDg3NTAwMTlhMDE2IiwibmFtZSI6ImFkbWluIiwiZ2VuZGVyIjp0cnVlLCJlbWFpbCI6IjM3ODMzODYyN0BxcS5jb20ifSwiaWF0IjoxNTAzNjI2MDI2LCJleHAiOjE1MDM3MTI0MjZ9.z4rqNyXw0eY11XffFUmpszt8qL5E6ZE9ywHj444B3Mg"}
response time: 50
response status: 200
response body: 
{"status":0,"data":{"name":"admin","email":"378338627@qq.com","phone":"15822927208","password":"$2a$10$gC8KbRA6pMCVvD2irCuZb.dsh57qd88OwLfukMSQEnDY0Set3L81i","gender":true,"token":"eyJhbGciOiJIUzI1NiIsInR5cCI6IkpXVCJ9.eyJkYXRhIjp7ImlkIjoiZDBkNzE0NDctZjc2Zi00NDZmLTg2N2MtMDg3NTAwMTlhMDE2IiwibmFtZSI6ImFkbWluIiwiZ2VuZGVyIjp0cnVlLCJlbWFpbCI6IjM3ODMzODYyN0BxcS5jb20ifSwiaWF0IjoxNTAzNjI2MDI2LCJleHAiOjE1MDM3MTI0MjZ9.z4rqNyXw0eY11XffFUmpszt8qL5E6ZE9ywHj444B3Mg","canLogin":true,"status":1,"id":"d0d71447-f76f-446f-867c-08750019a016","createdAt":1503625702903,"updatedAt":1503626027004,"version":1}}
*************** response log end ***************

[2017-08-25 16:50:59.818] [INFO] resLogger - 
*************** response log start ***************
request method: GET
request originalUrl:  /api/user/?token=eyJhbGciOiJIUzI1NiIsInR5cCI6IkpXVCJ9.eyJkYXRhIjp7ImlkIjoiZDBkNzE0NDctZjc2Zi00NDZmLTg2N2MtMDg3NTAwMTlhMDE2IiwibmFtZSI6ImFkbWluIiwiZ2VuZGVyIjp0cnVlLCJlbWFpbCI6IjM3ODMzODYyN0BxcS5jb20ifSwiaWF0IjoxNTAzNjI2MDI2LCJleHAiOjE1MDM3MTI0MjZ9.z4rqNyXw0eY11XffFUmpszt8qL5E6ZE9ywHj444B3Mg
request client ip:  ::ffff:127.0.0.1
request query:  {"token":"eyJhbGciOiJIUzI1NiIsInR5cCI6IkpXVCJ9.eyJkYXRhIjp7ImlkIjoiZDBkNzE0NDctZjc2Zi00NDZmLTg2N2MtMDg3NTAwMTlhMDE2IiwibmFtZSI6ImFkbWluIiwiZ2VuZGVyIjp0cnVlLCJlbWFpbCI6IjM3ODMzODYyN0BxcS5jb20ifSwiaWF0IjoxNTAzNjI2MDI2LCJleHAiOjE1MDM3MTI0MjZ9.z4rqNyXw0eY11XffFUmpszt8qL5E6ZE9ywHj444B3Mg"}
response time: 58
response status: 200
response body: 
{"status":0,"data":{"name":"admin","email":"378338627@qq.com","phone":"15822927208","password":"$2a$10$gC8KbRA6pMCVvD2irCuZb.dsh57qd88OwLfukMSQEnDY0Set3L81i","gender":true,"token":"eyJhbGciOiJIUzI1NiIsInR5cCI6IkpXVCJ9.eyJkYXRhIjp7ImlkIjoiZDBkNzE0NDctZjc2Zi00NDZmLTg2N2MtMDg3NTAwMTlhMDE2IiwibmFtZSI6ImFkbWluIiwiZ2VuZGVyIjp0cnVlLCJlbWFpbCI6IjM3ODMzODYyN0BxcS5jb20ifSwiaWF0IjoxNTAzNjI2MDI2LCJleHAiOjE1MDM3MTI0MjZ9.z4rqNyXw0eY11XffFUmpszt8qL5E6ZE9ywHj444B3Mg","canLogin":true,"status":1,"id":"d0d71447-f76f-446f-867c-08750019a016","createdAt":1503625702903,"updatedAt":1503626027004,"version":1}}
*************** response log end ***************

[2017-08-25 16:51:14.336] [INFO] resLogger - 
*************** response log start ***************
request method: GET
request originalUrl:  /api/user/?token=eyJhbGciOiJIUzI1NiIsInR5cCI6IkpXVCJ9.eyJkYXRhIjp7ImlkIjoiZDBkNzE0NDctZjc2Zi00NDZmLTg2N2MtMDg3NTAwMTlhMDE2IiwibmFtZSI6ImFkbWluIiwiZ2VuZGVyIjp0cnVlLCJlbWFpbCI6IjM3ODMzODYyN0BxcS5jb20ifSwiaWF0IjoxNTAzNjI2MDI2LCJleHAiOjE1MDM3MTI0MjZ9.z4rqNyXw0eY11XffFUmpszt8qL5E6ZE9ywHj444B3Mg
request client ip:  ::ffff:127.0.0.1
request query:  {"token":"eyJhbGciOiJIUzI1NiIsInR5cCI6IkpXVCJ9.eyJkYXRhIjp7ImlkIjoiZDBkNzE0NDctZjc2Zi00NDZmLTg2N2MtMDg3NTAwMTlhMDE2IiwibmFtZSI6ImFkbWluIiwiZ2VuZGVyIjp0cnVlLCJlbWFpbCI6IjM3ODMzODYyN0BxcS5jb20ifSwiaWF0IjoxNTAzNjI2MDI2LCJleHAiOjE1MDM3MTI0MjZ9.z4rqNyXw0eY11XffFUmpszt8qL5E6ZE9ywHj444B3Mg"}
response time: 134
response status: 200
response body: 
{"status":0,"data":{"name":"admin","email":"378338627@qq.com","phone":"15822927208","password":"$2a$10$gC8KbRA6pMCVvD2irCuZb.dsh57qd88OwLfukMSQEnDY0Set3L81i","gender":true,"token":"eyJhbGciOiJIUzI1NiIsInR5cCI6IkpXVCJ9.eyJkYXRhIjp7ImlkIjoiZDBkNzE0NDctZjc2Zi00NDZmLTg2N2MtMDg3NTAwMTlhMDE2IiwibmFtZSI6ImFkbWluIiwiZ2VuZGVyIjp0cnVlLCJlbWFpbCI6IjM3ODMzODYyN0BxcS5jb20ifSwiaWF0IjoxNTAzNjI2MDI2LCJleHAiOjE1MDM3MTI0MjZ9.z4rqNyXw0eY11XffFUmpszt8qL5E6ZE9ywHj444B3Mg","canLogin":true,"status":1,"id":"d0d71447-f76f-446f-867c-08750019a016","createdAt":1503625702903,"updatedAt":1503626027004,"version":1}}
*************** response log end ***************

[2017-08-25 16:52:22.633] [INFO] resLogger - 
*************** response log start ***************
request method: GET
request originalUrl:  /api/user/?token=eyJhbGciOiJIUzI1NiIsInR5cCI6IkpXVCJ9.eyJkYXRhIjp7ImlkIjoiZDBkNzE0NDctZjc2Zi00NDZmLTg2N2MtMDg3NTAwMTlhMDE2IiwibmFtZSI6ImFkbWluIiwiZ2VuZGVyIjp0cnVlLCJlbWFpbCI6IjM3ODMzODYyN0BxcS5jb20ifSwiaWF0IjoxNTAzNjI2MDI2LCJleHAiOjE1MDM3MTI0MjZ9.z4rqNyXw0eY11XffFUmpszt8qL5E6ZE9ywHj444B3Mg
request client ip:  ::ffff:127.0.0.1
request query:  {"token":"eyJhbGciOiJIUzI1NiIsInR5cCI6IkpXVCJ9.eyJkYXRhIjp7ImlkIjoiZDBkNzE0NDctZjc2Zi00NDZmLTg2N2MtMDg3NTAwMTlhMDE2IiwibmFtZSI6ImFkbWluIiwiZ2VuZGVyIjp0cnVlLCJlbWFpbCI6IjM3ODMzODYyN0BxcS5jb20ifSwiaWF0IjoxNTAzNjI2MDI2LCJleHAiOjE1MDM3MTI0MjZ9.z4rqNyXw0eY11XffFUmpszt8qL5E6ZE9ywHj444B3Mg"}
response time: 189
response status: 200
response body: 
{"status":0,"data":{"name":"admin","email":"378338627@qq.com","phone":"15822927208","password":"$2a$10$gC8KbRA6pMCVvD2irCuZb.dsh57qd88OwLfukMSQEnDY0Set3L81i","gender":true,"token":"eyJhbGciOiJIUzI1NiIsInR5cCI6IkpXVCJ9.eyJkYXRhIjp7ImlkIjoiZDBkNzE0NDctZjc2Zi00NDZmLTg2N2MtMDg3NTAwMTlhMDE2IiwibmFtZSI6ImFkbWluIiwiZ2VuZGVyIjp0cnVlLCJlbWFpbCI6IjM3ODMzODYyN0BxcS5jb20ifSwiaWF0IjoxNTAzNjI2MDI2LCJleHAiOjE1MDM3MTI0MjZ9.z4rqNyXw0eY11XffFUmpszt8qL5E6ZE9ywHj444B3Mg","canLogin":true,"status":1,"id":"d0d71447-f76f-446f-867c-08750019a016","createdAt":1503625702903,"updatedAt":1503626027004,"version":1}}
*************** response log end ***************

[2017-08-25 16:52:26.646] [INFO] resLogger - 
*************** response log start ***************
request method: GET
request originalUrl:  /api/user/?token=eyJhbGciOiJIUzI1NiIsInR5cCI6IkpXVCJ9.eyJkYXRhIjp7ImlkIjoiZDBkNzE0NDctZjc2Zi00NDZmLTg2N2MtMDg3NTAwMTlhMDE2IiwibmFtZSI6ImFkbWluIiwiZ2VuZGVyIjp0cnVlLCJlbWFpbCI6IjM3ODMzODYyN0BxcS5jb20ifSwiaWF0IjoxNTAzNjI2MDI2LCJleHAiOjE1MDM3MTI0MjZ9.z4rqNyXw0eY11XffFUmpszt8qL5E6ZE9ywHj444B3Mg
request client ip:  ::ffff:127.0.0.1
request query:  {"token":"eyJhbGciOiJIUzI1NiIsInR5cCI6IkpXVCJ9.eyJkYXRhIjp7ImlkIjoiZDBkNzE0NDctZjc2Zi00NDZmLTg2N2MtMDg3NTAwMTlhMDE2IiwibmFtZSI6ImFkbWluIiwiZ2VuZGVyIjp0cnVlLCJlbWFpbCI6IjM3ODMzODYyN0BxcS5jb20ifSwiaWF0IjoxNTAzNjI2MDI2LCJleHAiOjE1MDM3MTI0MjZ9.z4rqNyXw0eY11XffFUmpszt8qL5E6ZE9ywHj444B3Mg"}
response time: 181
response status: 200
response body: 
{"status":0,"data":{"name":"admin","email":"378338627@qq.com","phone":"15822927208","password":"$2a$10$gC8KbRA6pMCVvD2irCuZb.dsh57qd88OwLfukMSQEnDY0Set3L81i","gender":true,"token":"eyJhbGciOiJIUzI1NiIsInR5cCI6IkpXVCJ9.eyJkYXRhIjp7ImlkIjoiZDBkNzE0NDctZjc2Zi00NDZmLTg2N2MtMDg3NTAwMTlhMDE2IiwibmFtZSI6ImFkbWluIiwiZ2VuZGVyIjp0cnVlLCJlbWFpbCI6IjM3ODMzODYyN0BxcS5jb20ifSwiaWF0IjoxNTAzNjI2MDI2LCJleHAiOjE1MDM3MTI0MjZ9.z4rqNyXw0eY11XffFUmpszt8qL5E6ZE9ywHj444B3Mg","canLogin":true,"status":1,"id":"d0d71447-f76f-446f-867c-08750019a016","createdAt":1503625702903,"updatedAt":1503626027004,"version":1}}
*************** response log end ***************

