[2017-06-20 17:38:58.990] [INFO] resLogger - 
*************** response log start ***************
request method: OPTIONS
request originalUrl:  /api/user/login
request client ip:  ::ffff:127.0.0.1
request body: 
{}
response time: 441
response status: 200
response body: 
{"success":false,"error":{"status":404,"message":"页面未找到","stack":"url 未定义"}}
*************** response log end ***************

[2017-06-20 17:41:37.545] [INFO] resLogger - 
*************** response log start ***************
request method: OPTIONS
request originalUrl:  /api/user/login
request client ip:  ::ffff:127.0.0.1
request body: 
{}
response time: 2
response status: 200
response body: 
{"success":false,"error":{"status":404,"message":"页面未找到","stack":"url 未定义"}}
*************** response log end ***************

[2017-06-20 17:42:06.721] [INFO] resLogger - 
*************** response log start ***************
request method: GET
request originalUrl:  /api/user/login
request client ip:  ::ffff:127.0.0.1
request query:  {}
response time: 46
response status: 200
response body: 
{"success":false,"error":{"status":404,"message":"页面未找到","stack":"url 未定义"}}
*************** response log end ***************

[2017-06-20 17:42:06.815] [INFO] resLogger - 
*************** response log start ***************
request method: GET
request originalUrl:  /favicon.ico
request client ip:  ::ffff:127.0.0.1
request query:  {}
response time: 1
response status: 200
response body: 
{"success":false,"error":{"status":404,"message":"页面未找到","stack":"url 未定义"}}
*************** response log end ***************

[2017-06-20 17:43:25.821] [INFO] resLogger - 
*************** response log start ***************
request method: GET
request originalUrl:  /api/user/login
request client ip:  ::ffff:127.0.0.1
request query:  {}
response time: 8
response status: 200
response body: 
{"success":false,"error":{"status":404,"message":"页面未找到","stack":"url 未定义"}}
*************** response log end ***************

[2017-06-20 17:43:25.889] [INFO] resLogger - 
*************** response log start ***************
request method: GET
request originalUrl:  /favicon.ico
request client ip:  ::ffff:127.0.0.1
request query:  {}
response time: 9
response status: 200
response body: 
{"success":false,"error":{"status":404,"message":"页面未找到","stack":"url 未定义"}}
*************** response log end ***************

[2017-06-20 17:43:52.523] [INFO] resLogger - 
*************** response log start ***************
request method: GET
request originalUrl:  /api/user/login
request client ip:  ::ffff:127.0.0.1
request query:  {}
response time: 8
response status: 200
response body: 
{"success":false,"error":{"status":404,"message":"页面未找到","stack":"url 未定义"}}
*************** response log end ***************

[2017-06-20 17:43:52.561] [INFO] resLogger - 
*************** response log start ***************
request method: GET
request originalUrl:  /favicon.ico
request client ip:  ::ffff:127.0.0.1
request query:  {}
response time: 10
response status: 200
response body: 
{"success":false,"error":{"status":404,"message":"页面未找到","stack":"url 未定义"}}
*************** response log end ***************

[2017-06-20 17:44:11.887] [INFO] resLogger - 
*************** response log start ***************
request method: GET
request originalUrl:  /api/user/login
request client ip:  ::ffff:127.0.0.1
request query:  {}
response time: 12
response status: 200
response body: 
{"success":false,"error":{"status":404,"message":"页面未找到","stack":"url 未定义"}}
*************** response log end ***************

[2017-06-20 17:44:11.928] [INFO] resLogger - 
*************** response log start ***************
request method: GET
request originalUrl:  /favicon.ico
request client ip:  ::ffff:127.0.0.1
request query:  {}
response time: 3
response status: 200
response body: 
{"success":false,"error":{"status":404,"message":"页面未找到","stack":"url 未定义"}}
*************** response log end ***************

[2017-06-20 17:44:13.166] [INFO] resLogger - 
*************** response log start ***************
request method: GET
request originalUrl:  /api/user/login
request client ip:  ::ffff:127.0.0.1
request query:  {}
response time: 2
response status: 200
response body: 
{"success":false,"error":{"status":404,"message":"页面未找到","stack":"url 未定义"}}
*************** response log end ***************

[2017-06-20 17:44:13.197] [INFO] resLogger - 
*************** response log start ***************
request method: GET
request originalUrl:  /favicon.ico
request client ip:  ::ffff:127.0.0.1
request query:  {}
response time: 2
response status: 200
response body: 
{"success":false,"error":{"status":404,"message":"页面未找到","stack":"url 未定义"}}
*************** response log end ***************

[2017-06-20 17:45:49.073] [INFO] resLogger - 
*************** response log start ***************
request method: GET
request originalUrl:  /api/user/login
request client ip:  ::ffff:127.0.0.1
request query:  {}
response time: 8
response status: 200
response body: 
{"success":false,"error":{"status":404,"message":"页面未找到","stack":"url 未定义"}}
*************** response log end ***************

[2017-06-20 17:45:49.108] [INFO] resLogger - 
*************** response log start ***************
request method: GET
request originalUrl:  /favicon.ico
request client ip:  ::ffff:127.0.0.1
request query:  {}
response time: 4
response status: 200
response body: 
{"success":false,"error":{"status":404,"message":"页面未找到","stack":"url 未定义"}}
*************** response log end ***************

[2017-06-20 17:46:00.383] [INFO] resLogger - 
*************** response log start ***************
request method: OPTIONS
request originalUrl:  /api/user/login
request client ip:  ::ffff:127.0.0.1
request body: 
{}
response time: 8
response status: 200
response body: 
{"success":false,"error":{"status":404,"message":"页面未找到","stack":"url 未定义"}}
*************** response log end ***************

[2017-06-20 17:58:27.417] [INFO] resLogger - 
*************** response log start ***************
request method: GET
request originalUrl:  /
request client ip:  ::1
request query:  {}
response time: 1950
response status: 200
response body: 
"<!DOCTYPE html><html class=\"fullscreen-bg\"><head><title>koa2 title</title><meta charset=\"utf-8\"><meta http-equiv=\"X-UA-Compatible\" content=\"IE=edge,chrome=1\"><meta name=\"viewport\" content=\"width=device-width, initial-scale=1.0, maximum-scale=1.0, user-scalable=0\"><link rel=\"stylesheet\" href=\"assets/vendor/bootstrap/css/bootstrap.min.css\"><link rel=\"stylesheet\" href=\"assets/vendor/font-awesome/css/font-awesome.min.css\"><link rel=\"stylesheet\" href=\"assets/vendor/linearicons/style.css\"><link rel=\"stylesheet\" href=\"assets/css/main.css\"><link rel=\"stylesheet\" href=\"assets/css/demo.css\"><link rel=\"apple-touch-icon\" sizes=\"76x76\" href=\"assets/img/apple-icon.png\"><link rel=\"icon\" type=\"image/png\" sizes=\"96x96\" href=\"assets/img/favicon.png\"></head><body><h1>koa2 title</h1><p>JADE Welcome to koa2 title,liumeng</p></body></html>"
*************** response log end ***************

[2017-06-20 17:59:08.973] [INFO] resLogger - 
*************** response log start ***************
request method: GET
request originalUrl:  /
request client ip:  ::ffff:127.0.0.1
request query:  {}
response time: 113
response status: 200
response body: 
"<!DOCTYPE html><html class=\"fullscreen-bg\"><head><title>koa2 title</title><meta charset=\"utf-8\"><meta http-equiv=\"X-UA-Compatible\" content=\"IE=edge,chrome=1\"><meta name=\"viewport\" content=\"width=device-width, initial-scale=1.0, maximum-scale=1.0, user-scalable=0\"><link rel=\"stylesheet\" href=\"assets/vendor/bootstrap/css/bootstrap.min.css\"><link rel=\"stylesheet\" href=\"assets/vendor/font-awesome/css/font-awesome.min.css\"><link rel=\"stylesheet\" href=\"assets/vendor/linearicons/style.css\"><link rel=\"stylesheet\" href=\"assets/css/main.css\"><link rel=\"stylesheet\" href=\"assets/css/demo.css\"><link rel=\"apple-touch-icon\" sizes=\"76x76\" href=\"assets/img/apple-icon.png\"><link rel=\"icon\" type=\"image/png\" sizes=\"96x96\" href=\"assets/img/favicon.png\"></head><body><h1>koa2 title</h1><p>JADE Welcome to koa2 title,liumeng</p></body></html>"
*************** response log end ***************

