[2017-10-26 08:36:26.166] [INFO] resLogger - 
*************** response log start ***************
request method: GET
request originalUrl:  /api/user/?token=eyJhbGciOiJIUzI1NiIsInR5cCI6IkpXVCJ9.eyJkYXRhIjp7ImlkIjoiMWFkODM2OTAtOGMxMC00MzM3LTk2MjktNWNmMmI4YTJhZjgwIiwibmFtZSI6ImFkbWluIiwiZ2VuZGVyIjp0cnVlLCJlbWFpbCI6IjM3ODMzODYyN0BxcS5jb20ifSwiaWF0IjoxNTA4ODk5NTU1LCJleHAiOjE1MDg5ODU5NTV9.3VOGUZcShDgPq4Mr8clGAD-YUMF1A9VGTw51vOwGhUo
request client ip:  ::ffff:127.0.0.1
request query:  {"token":"eyJhbGciOiJIUzI1NiIsInR5cCI6IkpXVCJ9.eyJkYXRhIjp7ImlkIjoiMWFkODM2OTAtOGMxMC00MzM3LTk2MjktNWNmMmI4YTJhZjgwIiwibmFtZSI6ImFkbWluIiwiZ2VuZGVyIjp0cnVlLCJlbWFpbCI6IjM3ODMzODYyN0BxcS5jb20ifSwiaWF0IjoxNTA4ODk5NTU1LCJleHAiOjE1MDg5ODU5NTV9.3VOGUZcShDgPq4Mr8clGAD-YUMF1A9VGTw51vOwGhUo"}
response time: 469
response status: 200
response body: 
{"status":0,"data":{"name":"admin","email":"378338627@qq.com","phone":"15822927208","password":"$2a$10$FTTsr0P8vHgxEtFTs7FTHuLS9EEEL34CkH.wE8UDet0MdQ7Hs4l5e","gender":true,"token":"eyJhbGciOiJIUzI1NiIsInR5cCI6IkpXVCJ9.eyJkYXRhIjp7ImlkIjoiMWFkODM2OTAtOGMxMC00MzM3LTk2MjktNWNmMmI4YTJhZjgwIiwibmFtZSI6ImFkbWluIiwiZ2VuZGVyIjp0cnVlLCJlbWFpbCI6IjM3ODMzODYyN0BxcS5jb20ifSwiaWF0IjoxNTA4ODk5NTU1LCJleHAiOjE1MDg5ODU5NTV9.3VOGUZcShDgPq4Mr8clGAD-YUMF1A9VGTw51vOwGhUo","canLogin":true,"status":1,"id":"1ad83690-8c10-4337-9629-5cf2b8a2af80","createdAt":1508374808809,"updatedAt":1508899555555,"version":40}}
*************** response log end ***************

[2017-10-26 08:36:26.808] [INFO] resLogger - 
*************** response log start ***************
request method: GET
request originalUrl:  /api/groups/list?token=eyJhbGciOiJIUzI1NiIsInR5cCI6IkpXVCJ9.eyJkYXRhIjp7ImlkIjoiMWFkODM2OTAtOGMxMC00MzM3LTk2MjktNWNmMmI4YTJhZjgwIiwibmFtZSI6ImFkbWluIiwiZ2VuZGVyIjp0cnVlLCJlbWFpbCI6IjM3ODMzODYyN0BxcS5jb20ifSwiaWF0IjoxNTA4ODk5NTU1LCJleHAiOjE1MDg5ODU5NTV9.3VOGUZcShDgPq4Mr8clGAD-YUMF1A9VGTw51vOwGhUo
request client ip:  ::ffff:127.0.0.1
request query:  {"token":"eyJhbGciOiJIUzI1NiIsInR5cCI6IkpXVCJ9.eyJkYXRhIjp7ImlkIjoiMWFkODM2OTAtOGMxMC00MzM3LTk2MjktNWNmMmI4YTJhZjgwIiwibmFtZSI6ImFkbWluIiwiZ2VuZGVyIjp0cnVlLCJlbWFpbCI6IjM3ODMzODYyN0BxcS5jb20ifSwiaWF0IjoxNTA4ODk5NTU1LCJleHAiOjE1MDg5ODU5NTV9.3VOGUZcShDgPq4Mr8clGAD-YUMF1A9VGTw51vOwGhUo"}
response time: 129
response status: 200
response body: 
{"status":0,"data":[{"name":"控股","description":"group2","status":1,"id":"30e0f985-0394-4f0b-ab7f-898724c99eab","createdAt":1508374809103,"updatedAt":1508374809103,"version":0},{"name":"管委会","description":"group1","status":1,"id":"547bc6ee-2f95-4773-9446-07626a73f044","createdAt":1508374808811,"updatedAt":1508374808811,"version":0}],"total":2}
*************** response log end ***************

[2017-10-26 08:36:26.932] [INFO] resLogger - 
*************** response log start ***************
request method: GET
request originalUrl:  /api/order/getorderno/get/2017/10/26?token=eyJhbGciOiJIUzI1NiIsInR5cCI6IkpXVCJ9.eyJkYXRhIjp7ImlkIjoiMWFkODM2OTAtOGMxMC00MzM3LTk2MjktNWNmMmI4YTJhZjgwIiwibmFtZSI6ImFkbWluIiwiZ2VuZGVyIjp0cnVlLCJlbWFpbCI6IjM3ODMzODYyN0BxcS5jb20ifSwiaWF0IjoxNTA4ODk5NTU1LCJleHAiOjE1MDg5ODU5NTV9.3VOGUZcShDgPq4Mr8clGAD-YUMF1A9VGTw51vOwGhUo
request client ip:  ::ffff:127.0.0.1
request query:  {"token":"eyJhbGciOiJIUzI1NiIsInR5cCI6IkpXVCJ9.eyJkYXRhIjp7ImlkIjoiMWFkODM2OTAtOGMxMC00MzM3LTk2MjktNWNmMmI4YTJhZjgwIiwibmFtZSI6ImFkbWluIiwiZ2VuZGVyIjp0cnVlLCJlbWFpbCI6IjM3ODMzODYyN0BxcS5jb20ifSwiaWF0IjoxNTA4ODk5NTU1LCJleHAiOjE1MDg5ODU5NTV9.3VOGUZcShDgPq4Mr8clGAD-YUMF1A9VGTw51vOwGhUo"}
response time: 120
response status: 200
response body: 
{"status":0,"data":"20171026000"}
*************** response log end ***************

[2017-10-26 08:36:27.302] [INFO] resLogger - 
*************** response log start ***************
request method: GET
request originalUrl:  /api/corporations/list?token=eyJhbGciOiJIUzI1NiIsInR5cCI6IkpXVCJ9.eyJkYXRhIjp7ImlkIjoiMWFkODM2OTAtOGMxMC00MzM3LTk2MjktNWNmMmI4YTJhZjgwIiwibmFtZSI6ImFkbWluIiwiZ2VuZGVyIjp0cnVlLCJlbWFpbCI6IjM3ODMzODYyN0BxcS5jb20ifSwiaWF0IjoxNTA4ODk5NTU1LCJleHAiOjE1MDg5ODU5NTV9.3VOGUZcShDgPq4Mr8clGAD-YUMF1A9VGTw51vOwGhUo&group=30e0f985-0394-4f0b-ab7f-898724c99eab
request client ip:  ::ffff:127.0.0.1
request query:  {"token":"eyJhbGciOiJIUzI1NiIsInR5cCI6IkpXVCJ9.eyJkYXRhIjp7ImlkIjoiMWFkODM2OTAtOGMxMC00MzM3LTk2MjktNWNmMmI4YTJhZjgwIiwibmFtZSI6ImFkbWluIiwiZ2VuZGVyIjp0cnVlLCJlbWFpbCI6IjM3ODMzODYyN0BxcS5jb20ifSwiaWF0IjoxNTA4ODk5NTU1LCJleHAiOjE1MDg5ODU5NTV9.3VOGUZcShDgPq4Mr8clGAD-YUMF1A9VGTw51vOwGhUo","group":"30e0f985-0394-4f0b-ab7f-898724c99eab"}
response time: 146
response status: 200
response body: 
{"status":0,"data":[{"name":"控股公司","description":"控股公司","status":1,"groupId":"30e0f985-0394-4f0b-ab7f-898724c99eab","id":"a94ed403-c060-4901-b1f0-4154a1da0221","createdAt":1508374810533,"updatedAt":1508374810533,"version":0,"group":{"name":"控股","description":"group2","status":1,"id":"30e0f985-0394-4f0b-ab7f-898724c99eab","createdAt":1508374809103,"updatedAt":1508374809103,"version":0}}],"total":1}
*************** response log end ***************

[2017-10-26 08:36:27.616] [INFO] resLogger - 
*************** response log start ***************
request method: GET
request originalUrl:  /api/corpBuildings/list/a94ed403-c060-4901-b1f0-4154a1da0221?token=eyJhbGciOiJIUzI1NiIsInR5cCI6IkpXVCJ9.eyJkYXRhIjp7ImlkIjoiMWFkODM2OTAtOGMxMC00MzM3LTk2MjktNWNmMmI4YTJhZjgwIiwibmFtZSI6ImFkbWluIiwiZ2VuZGVyIjp0cnVlLCJlbWFpbCI6IjM3ODMzODYyN0BxcS5jb20ifSwiaWF0IjoxNTA4ODk5NTU1LCJleHAiOjE1MDg5ODU5NTV9.3VOGUZcShDgPq4Mr8clGAD-YUMF1A9VGTw51vOwGhUo
request client ip:  ::ffff:127.0.0.1
request query:  {"token":"eyJhbGciOiJIUzI1NiIsInR5cCI6IkpXVCJ9.eyJkYXRhIjp7ImlkIjoiMWFkODM2OTAtOGMxMC00MzM3LTk2MjktNWNmMmI4YTJhZjgwIiwibmFtZSI6ImFkbWluIiwiZ2VuZGVyIjp0cnVlLCJlbWFpbCI6IjM3ODMzODYyN0BxcS5jb20ifSwiaWF0IjoxNTA4ODk5NTU1LCJleHAiOjE1MDg5ODU5NTV9.3VOGUZcShDgPq4Mr8clGAD-YUMF1A9VGTw51vOwGhUo"}
response time: 157
response status: 200
response body: 
{"status":0,"data":[{"corporationId":"a94ed403-c060-4901-b1f0-4154a1da0221","buildingId":"5cd7c002-0167-45dc-bf1c-b85572fc656b","floor":7,"position":"A","status":1,"id":"ae989611-646e-430e-9cdd-ed1045021e9f","createdAt":1508374810727,"updatedAt":1508374810727,"version":0,"building":{"name":"商务大厦南楼","address":"南","minfloor":1,"maxfloor":15,"status":1,"id":"5cd7c002-0167-45dc-bf1c-b85572fc656b","createdAt":1508374809260,"updatedAt":1508374809260,"version":0}},{"corporationId":"a94ed403-c060-4901-b1f0-4154a1da0221","buildingId":"5cd7c002-0167-45dc-bf1c-b85572fc656b","floor":6,"position":"A","status":1,"id":"f30aef61-15a8-4228-a913-c5dc6d0dd85c","createdAt":1508374810648,"updatedAt":1508374810648,"version":0,"building":{"name":"商务大厦南楼","address":"南","minfloor":1,"maxfloor":15,"status":1,"id":"5cd7c002-0167-45dc-bf1c-b85572fc656b","createdAt":1508374809260,"updatedAt":1508374809260,"version":0}}],"total":0}
*************** response log end ***************

[2017-10-26 08:42:40.035] [INFO] resLogger - 
*************** response log start ***************
request method: GET
request originalUrl:  /api/user/?token=eyJhbGciOiJIUzI1NiIsInR5cCI6IkpXVCJ9.eyJkYXRhIjp7ImlkIjoiMWFkODM2OTAtOGMxMC00MzM3LTk2MjktNWNmMmI4YTJhZjgwIiwibmFtZSI6ImFkbWluIiwiZ2VuZGVyIjp0cnVlLCJlbWFpbCI6IjM3ODMzODYyN0BxcS5jb20ifSwiaWF0IjoxNTA4ODk5NTU1LCJleHAiOjE1MDg5ODU5NTV9.3VOGUZcShDgPq4Mr8clGAD-YUMF1A9VGTw51vOwGhUo
request client ip:  ::ffff:127.0.0.1
request query:  {"token":"eyJhbGciOiJIUzI1NiIsInR5cCI6IkpXVCJ9.eyJkYXRhIjp7ImlkIjoiMWFkODM2OTAtOGMxMC00MzM3LTk2MjktNWNmMmI4YTJhZjgwIiwibmFtZSI6ImFkbWluIiwiZ2VuZGVyIjp0cnVlLCJlbWFpbCI6IjM3ODMzODYyN0BxcS5jb20ifSwiaWF0IjoxNTA4ODk5NTU1LCJleHAiOjE1MDg5ODU5NTV9.3VOGUZcShDgPq4Mr8clGAD-YUMF1A9VGTw51vOwGhUo"}
response time: 148
response status: 200
response body: 
{"status":0,"data":{"name":"admin","email":"378338627@qq.com","phone":"15822927208","password":"$2a$10$FTTsr0P8vHgxEtFTs7FTHuLS9EEEL34CkH.wE8UDet0MdQ7Hs4l5e","gender":true,"token":"eyJhbGciOiJIUzI1NiIsInR5cCI6IkpXVCJ9.eyJkYXRhIjp7ImlkIjoiMWFkODM2OTAtOGMxMC00MzM3LTk2MjktNWNmMmI4YTJhZjgwIiwibmFtZSI6ImFkbWluIiwiZ2VuZGVyIjp0cnVlLCJlbWFpbCI6IjM3ODMzODYyN0BxcS5jb20ifSwiaWF0IjoxNTA4ODk5NTU1LCJleHAiOjE1MDg5ODU5NTV9.3VOGUZcShDgPq4Mr8clGAD-YUMF1A9VGTw51vOwGhUo","canLogin":true,"status":1,"id":"1ad83690-8c10-4337-9629-5cf2b8a2af80","createdAt":1508374808809,"updatedAt":1508899555555,"version":40}}
*************** response log end ***************

[2017-10-26 08:42:41.013] [INFO] resLogger - 
*************** response log start ***************
request method: GET
request originalUrl:  /api/order/getorderno/get/2017/10/26?token=eyJhbGciOiJIUzI1NiIsInR5cCI6IkpXVCJ9.eyJkYXRhIjp7ImlkIjoiMWFkODM2OTAtOGMxMC00MzM3LTk2MjktNWNmMmI4YTJhZjgwIiwibmFtZSI6ImFkbWluIiwiZ2VuZGVyIjp0cnVlLCJlbWFpbCI6IjM3ODMzODYyN0BxcS5jb20ifSwiaWF0IjoxNTA4ODk5NTU1LCJleHAiOjE1MDg5ODU5NTV9.3VOGUZcShDgPq4Mr8clGAD-YUMF1A9VGTw51vOwGhUo
request client ip:  ::ffff:127.0.0.1
request query:  {"token":"eyJhbGciOiJIUzI1NiIsInR5cCI6IkpXVCJ9.eyJkYXRhIjp7ImlkIjoiMWFkODM2OTAtOGMxMC00MzM3LTk2MjktNWNmMmI4YTJhZjgwIiwibmFtZSI6ImFkbWluIiwiZ2VuZGVyIjp0cnVlLCJlbWFpbCI6IjM3ODMzODYyN0BxcS5jb20ifSwiaWF0IjoxNTA4ODk5NTU1LCJleHAiOjE1MDg5ODU5NTV9.3VOGUZcShDgPq4Mr8clGAD-YUMF1A9VGTw51vOwGhUo"}
response time: 130
response status: 200
response body: 
{"status":0,"data":"20171026000"}
*************** response log end ***************

[2017-10-26 08:42:41.026] [INFO] resLogger - 
*************** response log start ***************
request method: GET
request originalUrl:  /api/groups/list?token=eyJhbGciOiJIUzI1NiIsInR5cCI6IkpXVCJ9.eyJkYXRhIjp7ImlkIjoiMWFkODM2OTAtOGMxMC00MzM3LTk2MjktNWNmMmI4YTJhZjgwIiwibmFtZSI6ImFkbWluIiwiZ2VuZGVyIjp0cnVlLCJlbWFpbCI6IjM3ODMzODYyN0BxcS5jb20ifSwiaWF0IjoxNTA4ODk5NTU1LCJleHAiOjE1MDg5ODU5NTV9.3VOGUZcShDgPq4Mr8clGAD-YUMF1A9VGTw51vOwGhUo
request client ip:  ::ffff:127.0.0.1
request query:  {"token":"eyJhbGciOiJIUzI1NiIsInR5cCI6IkpXVCJ9.eyJkYXRhIjp7ImlkIjoiMWFkODM2OTAtOGMxMC00MzM3LTk2MjktNWNmMmI4YTJhZjgwIiwibmFtZSI6ImFkbWluIiwiZ2VuZGVyIjp0cnVlLCJlbWFpbCI6IjM3ODMzODYyN0BxcS5jb20ifSwiaWF0IjoxNTA4ODk5NTU1LCJleHAiOjE1MDg5ODU5NTV9.3VOGUZcShDgPq4Mr8clGAD-YUMF1A9VGTw51vOwGhUo"}
response time: 188
response status: 200
response body: 
{"status":0,"data":[{"name":"控股","description":"group2","status":1,"id":"30e0f985-0394-4f0b-ab7f-898724c99eab","createdAt":1508374809103,"updatedAt":1508374809103,"version":0},{"name":"管委会","description":"group1","status":1,"id":"547bc6ee-2f95-4773-9446-07626a73f044","createdAt":1508374808811,"updatedAt":1508374808811,"version":0}],"total":2}
*************** response log end ***************

[2017-10-26 08:42:41.412] [INFO] resLogger - 
*************** response log start ***************
request method: GET
request originalUrl:  /api/corporations/list?token=eyJhbGciOiJIUzI1NiIsInR5cCI6IkpXVCJ9.eyJkYXRhIjp7ImlkIjoiMWFkODM2OTAtOGMxMC00MzM3LTk2MjktNWNmMmI4YTJhZjgwIiwibmFtZSI6ImFkbWluIiwiZ2VuZGVyIjp0cnVlLCJlbWFpbCI6IjM3ODMzODYyN0BxcS5jb20ifSwiaWF0IjoxNTA4ODk5NTU1LCJleHAiOjE1MDg5ODU5NTV9.3VOGUZcShDgPq4Mr8clGAD-YUMF1A9VGTw51vOwGhUo&group=30e0f985-0394-4f0b-ab7f-898724c99eab
request client ip:  ::ffff:127.0.0.1
request query:  {"token":"eyJhbGciOiJIUzI1NiIsInR5cCI6IkpXVCJ9.eyJkYXRhIjp7ImlkIjoiMWFkODM2OTAtOGMxMC00MzM3LTk2MjktNWNmMmI4YTJhZjgwIiwibmFtZSI6ImFkbWluIiwiZ2VuZGVyIjp0cnVlLCJlbWFpbCI6IjM3ODMzODYyN0BxcS5jb20ifSwiaWF0IjoxNTA4ODk5NTU1LCJleHAiOjE1MDg5ODU5NTV9.3VOGUZcShDgPq4Mr8clGAD-YUMF1A9VGTw51vOwGhUo","group":"30e0f985-0394-4f0b-ab7f-898724c99eab"}
response time: 65
response status: 200
response body: 
{"status":0,"data":[{"name":"控股公司","description":"控股公司","status":1,"groupId":"30e0f985-0394-4f0b-ab7f-898724c99eab","id":"a94ed403-c060-4901-b1f0-4154a1da0221","createdAt":1508374810533,"updatedAt":1508374810533,"version":0,"group":{"name":"控股","description":"group2","status":1,"id":"30e0f985-0394-4f0b-ab7f-898724c99eab","createdAt":1508374809103,"updatedAt":1508374809103,"version":0}}],"total":1}
*************** response log end ***************

[2017-10-26 08:42:41.518] [INFO] resLogger - 
*************** response log start ***************
request method: GET
request originalUrl:  /api/corpBuildings/list/a94ed403-c060-4901-b1f0-4154a1da0221?token=eyJhbGciOiJIUzI1NiIsInR5cCI6IkpXVCJ9.eyJkYXRhIjp7ImlkIjoiMWFkODM2OTAtOGMxMC00MzM3LTk2MjktNWNmMmI4YTJhZjgwIiwibmFtZSI6ImFkbWluIiwiZ2VuZGVyIjp0cnVlLCJlbWFpbCI6IjM3ODMzODYyN0BxcS5jb20ifSwiaWF0IjoxNTA4ODk5NTU1LCJleHAiOjE1MDg5ODU5NTV9.3VOGUZcShDgPq4Mr8clGAD-YUMF1A9VGTw51vOwGhUo
request client ip:  ::ffff:127.0.0.1
request query:  {"token":"eyJhbGciOiJIUzI1NiIsInR5cCI6IkpXVCJ9.eyJkYXRhIjp7ImlkIjoiMWFkODM2OTAtOGMxMC00MzM3LTk2MjktNWNmMmI4YTJhZjgwIiwibmFtZSI6ImFkbWluIiwiZ2VuZGVyIjp0cnVlLCJlbWFpbCI6IjM3ODMzODYyN0BxcS5jb20ifSwiaWF0IjoxNTA4ODk5NTU1LCJleHAiOjE1MDg5ODU5NTV9.3VOGUZcShDgPq4Mr8clGAD-YUMF1A9VGTw51vOwGhUo"}
response time: 76
response status: 200
response body: 
{"status":0,"data":[{"corporationId":"a94ed403-c060-4901-b1f0-4154a1da0221","buildingId":"5cd7c002-0167-45dc-bf1c-b85572fc656b","floor":7,"position":"A","status":1,"id":"ae989611-646e-430e-9cdd-ed1045021e9f","createdAt":1508374810727,"updatedAt":1508374810727,"version":0,"building":{"name":"商务大厦南楼","address":"南","minfloor":1,"maxfloor":15,"status":1,"id":"5cd7c002-0167-45dc-bf1c-b85572fc656b","createdAt":1508374809260,"updatedAt":1508374809260,"version":0}},{"corporationId":"a94ed403-c060-4901-b1f0-4154a1da0221","buildingId":"5cd7c002-0167-45dc-bf1c-b85572fc656b","floor":6,"position":"A","status":1,"id":"f30aef61-15a8-4228-a913-c5dc6d0dd85c","createdAt":1508374810648,"updatedAt":1508374810648,"version":0,"building":{"name":"商务大厦南楼","address":"南","minfloor":1,"maxfloor":15,"status":1,"id":"5cd7c002-0167-45dc-bf1c-b85572fc656b","createdAt":1508374809260,"updatedAt":1508374809260,"version":0}}],"total":0}
*************** response log end ***************

[2017-10-26 08:43:18.977] [INFO] resLogger - 
*************** response log start ***************
request method: GET
request originalUrl:  /api/user/?token=eyJhbGciOiJIUzI1NiIsInR5cCI6IkpXVCJ9.eyJkYXRhIjp7ImlkIjoiMWFkODM2OTAtOGMxMC00MzM3LTk2MjktNWNmMmI4YTJhZjgwIiwibmFtZSI6ImFkbWluIiwiZ2VuZGVyIjp0cnVlLCJlbWFpbCI6IjM3ODMzODYyN0BxcS5jb20ifSwiaWF0IjoxNTA4ODk5NTU1LCJleHAiOjE1MDg5ODU5NTV9.3VOGUZcShDgPq4Mr8clGAD-YUMF1A9VGTw51vOwGhUo
request client ip:  ::ffff:127.0.0.1
request query:  {"token":"eyJhbGciOiJIUzI1NiIsInR5cCI6IkpXVCJ9.eyJkYXRhIjp7ImlkIjoiMWFkODM2OTAtOGMxMC00MzM3LTk2MjktNWNmMmI4YTJhZjgwIiwibmFtZSI6ImFkbWluIiwiZ2VuZGVyIjp0cnVlLCJlbWFpbCI6IjM3ODMzODYyN0BxcS5jb20ifSwiaWF0IjoxNTA4ODk5NTU1LCJleHAiOjE1MDg5ODU5NTV9.3VOGUZcShDgPq4Mr8clGAD-YUMF1A9VGTw51vOwGhUo"}
response time: 111
response status: 200
response body: 
{"status":0,"data":{"name":"admin","email":"378338627@qq.com","phone":"15822927208","password":"$2a$10$FTTsr0P8vHgxEtFTs7FTHuLS9EEEL34CkH.wE8UDet0MdQ7Hs4l5e","gender":true,"token":"eyJhbGciOiJIUzI1NiIsInR5cCI6IkpXVCJ9.eyJkYXRhIjp7ImlkIjoiMWFkODM2OTAtOGMxMC00MzM3LTk2MjktNWNmMmI4YTJhZjgwIiwibmFtZSI6ImFkbWluIiwiZ2VuZGVyIjp0cnVlLCJlbWFpbCI6IjM3ODMzODYyN0BxcS5jb20ifSwiaWF0IjoxNTA4ODk5NTU1LCJleHAiOjE1MDg5ODU5NTV9.3VOGUZcShDgPq4Mr8clGAD-YUMF1A9VGTw51vOwGhUo","canLogin":true,"status":1,"id":"1ad83690-8c10-4337-9629-5cf2b8a2af80","createdAt":1508374808809,"updatedAt":1508899555555,"version":40}}
*************** response log end ***************

[2017-10-26 08:43:19.337] [INFO] resLogger - 
*************** response log start ***************
request method: GET
request originalUrl:  /api/groups/list?token=eyJhbGciOiJIUzI1NiIsInR5cCI6IkpXVCJ9.eyJkYXRhIjp7ImlkIjoiMWFkODM2OTAtOGMxMC00MzM3LTk2MjktNWNmMmI4YTJhZjgwIiwibmFtZSI6ImFkbWluIiwiZ2VuZGVyIjp0cnVlLCJlbWFpbCI6IjM3ODMzODYyN0BxcS5jb20ifSwiaWF0IjoxNTA4ODk5NTU1LCJleHAiOjE1MDg5ODU5NTV9.3VOGUZcShDgPq4Mr8clGAD-YUMF1A9VGTw51vOwGhUo
request client ip:  ::ffff:127.0.0.1
request query:  {"token":"eyJhbGciOiJIUzI1NiIsInR5cCI6IkpXVCJ9.eyJkYXRhIjp7ImlkIjoiMWFkODM2OTAtOGMxMC00MzM3LTk2MjktNWNmMmI4YTJhZjgwIiwibmFtZSI6ImFkbWluIiwiZ2VuZGVyIjp0cnVlLCJlbWFpbCI6IjM3ODMzODYyN0BxcS5jb20ifSwiaWF0IjoxNTA4ODk5NTU1LCJleHAiOjE1MDg5ODU5NTV9.3VOGUZcShDgPq4Mr8clGAD-YUMF1A9VGTw51vOwGhUo"}
response time: 125
response status: 200
response body: 
{"status":0,"data":[{"name":"控股","description":"group2","status":1,"id":"30e0f985-0394-4f0b-ab7f-898724c99eab","createdAt":1508374809103,"updatedAt":1508374809103,"version":0},{"name":"管委会","description":"group1","status":1,"id":"547bc6ee-2f95-4773-9446-07626a73f044","createdAt":1508374808811,"updatedAt":1508374808811,"version":0}],"total":2}
*************** response log end ***************

[2017-10-26 08:43:19.350] [INFO] resLogger - 
*************** response log start ***************
request method: GET
request originalUrl:  /api/order/getorderno/get/2017/10/26?token=eyJhbGciOiJIUzI1NiIsInR5cCI6IkpXVCJ9.eyJkYXRhIjp7ImlkIjoiMWFkODM2OTAtOGMxMC00MzM3LTk2MjktNWNmMmI4YTJhZjgwIiwibmFtZSI6ImFkbWluIiwiZ2VuZGVyIjp0cnVlLCJlbWFpbCI6IjM3ODMzODYyN0BxcS5jb20ifSwiaWF0IjoxNTA4ODk5NTU1LCJleHAiOjE1MDg5ODU5NTV9.3VOGUZcShDgPq4Mr8clGAD-YUMF1A9VGTw51vOwGhUo
request client ip:  ::ffff:127.0.0.1
request query:  {"token":"eyJhbGciOiJIUzI1NiIsInR5cCI6IkpXVCJ9.eyJkYXRhIjp7ImlkIjoiMWFkODM2OTAtOGMxMC00MzM3LTk2MjktNWNmMmI4YTJhZjgwIiwibmFtZSI6ImFkbWluIiwiZ2VuZGVyIjp0cnVlLCJlbWFpbCI6IjM3ODMzODYyN0BxcS5jb20ifSwiaWF0IjoxNTA4ODk5NTU1LCJleHAiOjE1MDg5ODU5NTV9.3VOGUZcShDgPq4Mr8clGAD-YUMF1A9VGTw51vOwGhUo"}
response time: 67
response status: 200
response body: 
{"status":0,"data":"20171026000"}
*************** response log end ***************

[2017-10-26 08:43:19.628] [INFO] resLogger - 
*************** response log start ***************
request method: GET
request originalUrl:  /api/corporations/list?token=eyJhbGciOiJIUzI1NiIsInR5cCI6IkpXVCJ9.eyJkYXRhIjp7ImlkIjoiMWFkODM2OTAtOGMxMC00MzM3LTk2MjktNWNmMmI4YTJhZjgwIiwibmFtZSI6ImFkbWluIiwiZ2VuZGVyIjp0cnVlLCJlbWFpbCI6IjM3ODMzODYyN0BxcS5jb20ifSwiaWF0IjoxNTA4ODk5NTU1LCJleHAiOjE1MDg5ODU5NTV9.3VOGUZcShDgPq4Mr8clGAD-YUMF1A9VGTw51vOwGhUo&group=30e0f985-0394-4f0b-ab7f-898724c99eab
request client ip:  ::ffff:127.0.0.1
request query:  {"token":"eyJhbGciOiJIUzI1NiIsInR5cCI6IkpXVCJ9.eyJkYXRhIjp7ImlkIjoiMWFkODM2OTAtOGMxMC00MzM3LTk2MjktNWNmMmI4YTJhZjgwIiwibmFtZSI6ImFkbWluIiwiZ2VuZGVyIjp0cnVlLCJlbWFpbCI6IjM3ODMzODYyN0BxcS5jb20ifSwiaWF0IjoxNTA4ODk5NTU1LCJleHAiOjE1MDg5ODU5NTV9.3VOGUZcShDgPq4Mr8clGAD-YUMF1A9VGTw51vOwGhUo","group":"30e0f985-0394-4f0b-ab7f-898724c99eab"}
response time: 109
response status: 200
response body: 
{"status":0,"data":[{"name":"控股公司","description":"控股公司","status":1,"groupId":"30e0f985-0394-4f0b-ab7f-898724c99eab","id":"a94ed403-c060-4901-b1f0-4154a1da0221","createdAt":1508374810533,"updatedAt":1508374810533,"version":0,"group":{"name":"控股","description":"group2","status":1,"id":"30e0f985-0394-4f0b-ab7f-898724c99eab","createdAt":1508374809103,"updatedAt":1508374809103,"version":0}}],"total":1}
*************** response log end ***************

[2017-10-26 08:43:19.879] [INFO] resLogger - 
*************** response log start ***************
request method: GET
request originalUrl:  /api/corpBuildings/list/a94ed403-c060-4901-b1f0-4154a1da0221?token=eyJhbGciOiJIUzI1NiIsInR5cCI6IkpXVCJ9.eyJkYXRhIjp7ImlkIjoiMWFkODM2OTAtOGMxMC00MzM3LTk2MjktNWNmMmI4YTJhZjgwIiwibmFtZSI6ImFkbWluIiwiZ2VuZGVyIjp0cnVlLCJlbWFpbCI6IjM3ODMzODYyN0BxcS5jb20ifSwiaWF0IjoxNTA4ODk5NTU1LCJleHAiOjE1MDg5ODU5NTV9.3VOGUZcShDgPq4Mr8clGAD-YUMF1A9VGTw51vOwGhUo
request client ip:  ::ffff:127.0.0.1
request query:  {"token":"eyJhbGciOiJIUzI1NiIsInR5cCI6IkpXVCJ9.eyJkYXRhIjp7ImlkIjoiMWFkODM2OTAtOGMxMC00MzM3LTk2MjktNWNmMmI4YTJhZjgwIiwibmFtZSI6ImFkbWluIiwiZ2VuZGVyIjp0cnVlLCJlbWFpbCI6IjM3ODMzODYyN0BxcS5jb20ifSwiaWF0IjoxNTA4ODk5NTU1LCJleHAiOjE1MDg5ODU5NTV9.3VOGUZcShDgPq4Mr8clGAD-YUMF1A9VGTw51vOwGhUo"}
response time: 113
response status: 200
response body: 
{"status":0,"data":[{"corporationId":"a94ed403-c060-4901-b1f0-4154a1da0221","buildingId":"5cd7c002-0167-45dc-bf1c-b85572fc656b","floor":7,"position":"A","status":1,"id":"ae989611-646e-430e-9cdd-ed1045021e9f","createdAt":1508374810727,"updatedAt":1508374810727,"version":0,"building":{"name":"商务大厦南楼","address":"南","minfloor":1,"maxfloor":15,"status":1,"id":"5cd7c002-0167-45dc-bf1c-b85572fc656b","createdAt":1508374809260,"updatedAt":1508374809260,"version":0}},{"corporationId":"a94ed403-c060-4901-b1f0-4154a1da0221","buildingId":"5cd7c002-0167-45dc-bf1c-b85572fc656b","floor":6,"position":"A","status":1,"id":"f30aef61-15a8-4228-a913-c5dc6d0dd85c","createdAt":1508374810648,"updatedAt":1508374810648,"version":0,"building":{"name":"商务大厦南楼","address":"南","minfloor":1,"maxfloor":15,"status":1,"id":"5cd7c002-0167-45dc-bf1c-b85572fc656b","createdAt":1508374809260,"updatedAt":1508374809260,"version":0}}],"total":0}
*************** response log end ***************

[2017-10-26 08:44:11.953] [INFO] resLogger - 
*************** response log start ***************
request method: GET
request originalUrl:  /api/user/?token=eyJhbGciOiJIUzI1NiIsInR5cCI6IkpXVCJ9.eyJkYXRhIjp7ImlkIjoiMWFkODM2OTAtOGMxMC00MzM3LTk2MjktNWNmMmI4YTJhZjgwIiwibmFtZSI6ImFkbWluIiwiZ2VuZGVyIjp0cnVlLCJlbWFpbCI6IjM3ODMzODYyN0BxcS5jb20ifSwiaWF0IjoxNTA4ODk5NTU1LCJleHAiOjE1MDg5ODU5NTV9.3VOGUZcShDgPq4Mr8clGAD-YUMF1A9VGTw51vOwGhUo
request client ip:  ::ffff:127.0.0.1
request query:  {"token":"eyJhbGciOiJIUzI1NiIsInR5cCI6IkpXVCJ9.eyJkYXRhIjp7ImlkIjoiMWFkODM2OTAtOGMxMC00MzM3LTk2MjktNWNmMmI4YTJhZjgwIiwibmFtZSI6ImFkbWluIiwiZ2VuZGVyIjp0cnVlLCJlbWFpbCI6IjM3ODMzODYyN0BxcS5jb20ifSwiaWF0IjoxNTA4ODk5NTU1LCJleHAiOjE1MDg5ODU5NTV9.3VOGUZcShDgPq4Mr8clGAD-YUMF1A9VGTw51vOwGhUo"}
response time: 88
response status: 200
response body: 
{"status":0,"data":{"name":"admin","email":"378338627@qq.com","phone":"15822927208","password":"$2a$10$FTTsr0P8vHgxEtFTs7FTHuLS9EEEL34CkH.wE8UDet0MdQ7Hs4l5e","gender":true,"token":"eyJhbGciOiJIUzI1NiIsInR5cCI6IkpXVCJ9.eyJkYXRhIjp7ImlkIjoiMWFkODM2OTAtOGMxMC00MzM3LTk2MjktNWNmMmI4YTJhZjgwIiwibmFtZSI6ImFkbWluIiwiZ2VuZGVyIjp0cnVlLCJlbWFpbCI6IjM3ODMzODYyN0BxcS5jb20ifSwiaWF0IjoxNTA4ODk5NTU1LCJleHAiOjE1MDg5ODU5NTV9.3VOGUZcShDgPq4Mr8clGAD-YUMF1A9VGTw51vOwGhUo","canLogin":true,"status":1,"id":"1ad83690-8c10-4337-9629-5cf2b8a2af80","createdAt":1508374808809,"updatedAt":1508899555555,"version":40}}
*************** response log end ***************

[2017-10-26 08:44:12.281] [INFO] resLogger - 
*************** response log start ***************
request method: GET
request originalUrl:  /api/groups/list?token=eyJhbGciOiJIUzI1NiIsInR5cCI6IkpXVCJ9.eyJkYXRhIjp7ImlkIjoiMWFkODM2OTAtOGMxMC00MzM3LTk2MjktNWNmMmI4YTJhZjgwIiwibmFtZSI6ImFkbWluIiwiZ2VuZGVyIjp0cnVlLCJlbWFpbCI6IjM3ODMzODYyN0BxcS5jb20ifSwiaWF0IjoxNTA4ODk5NTU1LCJleHAiOjE1MDg5ODU5NTV9.3VOGUZcShDgPq4Mr8clGAD-YUMF1A9VGTw51vOwGhUo
request client ip:  ::ffff:127.0.0.1
request query:  {"token":"eyJhbGciOiJIUzI1NiIsInR5cCI6IkpXVCJ9.eyJkYXRhIjp7ImlkIjoiMWFkODM2OTAtOGMxMC00MzM3LTk2MjktNWNmMmI4YTJhZjgwIiwibmFtZSI6ImFkbWluIiwiZ2VuZGVyIjp0cnVlLCJlbWFpbCI6IjM3ODMzODYyN0BxcS5jb20ifSwiaWF0IjoxNTA4ODk5NTU1LCJleHAiOjE1MDg5ODU5NTV9.3VOGUZcShDgPq4Mr8clGAD-YUMF1A9VGTw51vOwGhUo"}
response time: 116
response status: 200
response body: 
{"status":0,"data":[{"name":"控股","description":"group2","status":1,"id":"30e0f985-0394-4f0b-ab7f-898724c99eab","createdAt":1508374809103,"updatedAt":1508374809103,"version":0},{"name":"管委会","description":"group1","status":1,"id":"547bc6ee-2f95-4773-9446-07626a73f044","createdAt":1508374808811,"updatedAt":1508374808811,"version":0}],"total":2}
*************** response log end ***************

[2017-10-26 08:44:12.294] [INFO] resLogger - 
*************** response log start ***************
request method: GET
request originalUrl:  /api/order/getorderno/get/2017/10/26?token=eyJhbGciOiJIUzI1NiIsInR5cCI6IkpXVCJ9.eyJkYXRhIjp7ImlkIjoiMWFkODM2OTAtOGMxMC00MzM3LTk2MjktNWNmMmI4YTJhZjgwIiwibmFtZSI6ImFkbWluIiwiZ2VuZGVyIjp0cnVlLCJlbWFpbCI6IjM3ODMzODYyN0BxcS5jb20ifSwiaWF0IjoxNTA4ODk5NTU1LCJleHAiOjE1MDg5ODU5NTV9.3VOGUZcShDgPq4Mr8clGAD-YUMF1A9VGTw51vOwGhUo
request client ip:  ::ffff:127.0.0.1
request query:  {"token":"eyJhbGciOiJIUzI1NiIsInR5cCI6IkpXVCJ9.eyJkYXRhIjp7ImlkIjoiMWFkODM2OTAtOGMxMC00MzM3LTk2MjktNWNmMmI4YTJhZjgwIiwibmFtZSI6ImFkbWluIiwiZ2VuZGVyIjp0cnVlLCJlbWFpbCI6IjM3ODMzODYyN0BxcS5jb20ifSwiaWF0IjoxNTA4ODk5NTU1LCJleHAiOjE1MDg5ODU5NTV9.3VOGUZcShDgPq4Mr8clGAD-YUMF1A9VGTw51vOwGhUo"}
response time: 61
response status: 200
response body: 
{"status":0,"data":"20171026000"}
*************** response log end ***************

[2017-10-26 08:44:12.765] [INFO] resLogger - 
*************** response log start ***************
request method: GET
request originalUrl:  /api/corporations/list?token=eyJhbGciOiJIUzI1NiIsInR5cCI6IkpXVCJ9.eyJkYXRhIjp7ImlkIjoiMWFkODM2OTAtOGMxMC00MzM3LTk2MjktNWNmMmI4YTJhZjgwIiwibmFtZSI6ImFkbWluIiwiZ2VuZGVyIjp0cnVlLCJlbWFpbCI6IjM3ODMzODYyN0BxcS5jb20ifSwiaWF0IjoxNTA4ODk5NTU1LCJleHAiOjE1MDg5ODU5NTV9.3VOGUZcShDgPq4Mr8clGAD-YUMF1A9VGTw51vOwGhUo&group=30e0f985-0394-4f0b-ab7f-898724c99eab
request client ip:  ::ffff:127.0.0.1
request query:  {"token":"eyJhbGciOiJIUzI1NiIsInR5cCI6IkpXVCJ9.eyJkYXRhIjp7ImlkIjoiMWFkODM2OTAtOGMxMC00MzM3LTk2MjktNWNmMmI4YTJhZjgwIiwibmFtZSI6ImFkbWluIiwiZ2VuZGVyIjp0cnVlLCJlbWFpbCI6IjM3ODMzODYyN0BxcS5jb20ifSwiaWF0IjoxNTA4ODk5NTU1LCJleHAiOjE1MDg5ODU5NTV9.3VOGUZcShDgPq4Mr8clGAD-YUMF1A9VGTw51vOwGhUo","group":"30e0f985-0394-4f0b-ab7f-898724c99eab"}
response time: 207
response status: 200
response body: 
{"status":0,"data":[{"name":"控股公司","description":"控股公司","status":1,"groupId":"30e0f985-0394-4f0b-ab7f-898724c99eab","id":"a94ed403-c060-4901-b1f0-4154a1da0221","createdAt":1508374810533,"updatedAt":1508374810533,"version":0,"group":{"name":"控股","description":"group2","status":1,"id":"30e0f985-0394-4f0b-ab7f-898724c99eab","createdAt":1508374809103,"updatedAt":1508374809103,"version":0}}],"total":1}
*************** response log end ***************

[2017-10-26 08:44:12.943] [INFO] resLogger - 
*************** response log start ***************
request method: GET
request originalUrl:  /api/corpBuildings/list/a94ed403-c060-4901-b1f0-4154a1da0221?token=eyJhbGciOiJIUzI1NiIsInR5cCI6IkpXVCJ9.eyJkYXRhIjp7ImlkIjoiMWFkODM2OTAtOGMxMC00MzM3LTk2MjktNWNmMmI4YTJhZjgwIiwibmFtZSI6ImFkbWluIiwiZ2VuZGVyIjp0cnVlLCJlbWFpbCI6IjM3ODMzODYyN0BxcS5jb20ifSwiaWF0IjoxNTA4ODk5NTU1LCJleHAiOjE1MDg5ODU5NTV9.3VOGUZcShDgPq4Mr8clGAD-YUMF1A9VGTw51vOwGhUo
request client ip:  ::ffff:127.0.0.1
request query:  {"token":"eyJhbGciOiJIUzI1NiIsInR5cCI6IkpXVCJ9.eyJkYXRhIjp7ImlkIjoiMWFkODM2OTAtOGMxMC00MzM3LTk2MjktNWNmMmI4YTJhZjgwIiwibmFtZSI6ImFkbWluIiwiZ2VuZGVyIjp0cnVlLCJlbWFpbCI6IjM3ODMzODYyN0BxcS5jb20ifSwiaWF0IjoxNTA4ODk5NTU1LCJleHAiOjE1MDg5ODU5NTV9.3VOGUZcShDgPq4Mr8clGAD-YUMF1A9VGTw51vOwGhUo"}
response time: 70
response status: 200
response body: 
{"status":0,"data":[{"corporationId":"a94ed403-c060-4901-b1f0-4154a1da0221","buildingId":"5cd7c002-0167-45dc-bf1c-b85572fc656b","floor":7,"position":"A","status":1,"id":"ae989611-646e-430e-9cdd-ed1045021e9f","createdAt":1508374810727,"updatedAt":1508374810727,"version":0,"building":{"name":"商务大厦南楼","address":"南","minfloor":1,"maxfloor":15,"status":1,"id":"5cd7c002-0167-45dc-bf1c-b85572fc656b","createdAt":1508374809260,"updatedAt":1508374809260,"version":0}},{"corporationId":"a94ed403-c060-4901-b1f0-4154a1da0221","buildingId":"5cd7c002-0167-45dc-bf1c-b85572fc656b","floor":6,"position":"A","status":1,"id":"f30aef61-15a8-4228-a913-c5dc6d0dd85c","createdAt":1508374810648,"updatedAt":1508374810648,"version":0,"building":{"name":"商务大厦南楼","address":"南","minfloor":1,"maxfloor":15,"status":1,"id":"5cd7c002-0167-45dc-bf1c-b85572fc656b","createdAt":1508374809260,"updatedAt":1508374809260,"version":0}}],"total":0}
*************** response log end ***************

[2017-10-26 08:45:07.499] [INFO] resLogger - 
*************** response log start ***************
request method: GET
request originalUrl:  /api/user/?token=eyJhbGciOiJIUzI1NiIsInR5cCI6IkpXVCJ9.eyJkYXRhIjp7ImlkIjoiMWFkODM2OTAtOGMxMC00MzM3LTk2MjktNWNmMmI4YTJhZjgwIiwibmFtZSI6ImFkbWluIiwiZ2VuZGVyIjp0cnVlLCJlbWFpbCI6IjM3ODMzODYyN0BxcS5jb20ifSwiaWF0IjoxNTA4ODk5NTU1LCJleHAiOjE1MDg5ODU5NTV9.3VOGUZcShDgPq4Mr8clGAD-YUMF1A9VGTw51vOwGhUo
request client ip:  ::ffff:127.0.0.1
request query:  {"token":"eyJhbGciOiJIUzI1NiIsInR5cCI6IkpXVCJ9.eyJkYXRhIjp7ImlkIjoiMWFkODM2OTAtOGMxMC00MzM3LTk2MjktNWNmMmI4YTJhZjgwIiwibmFtZSI6ImFkbWluIiwiZ2VuZGVyIjp0cnVlLCJlbWFpbCI6IjM3ODMzODYyN0BxcS5jb20ifSwiaWF0IjoxNTA4ODk5NTU1LCJleHAiOjE1MDg5ODU5NTV9.3VOGUZcShDgPq4Mr8clGAD-YUMF1A9VGTw51vOwGhUo"}
response time: 59
response status: 200
response body: 
{"status":0,"data":{"name":"admin","email":"378338627@qq.com","phone":"15822927208","password":"$2a$10$FTTsr0P8vHgxEtFTs7FTHuLS9EEEL34CkH.wE8UDet0MdQ7Hs4l5e","gender":true,"token":"eyJhbGciOiJIUzI1NiIsInR5cCI6IkpXVCJ9.eyJkYXRhIjp7ImlkIjoiMWFkODM2OTAtOGMxMC00MzM3LTk2MjktNWNmMmI4YTJhZjgwIiwibmFtZSI6ImFkbWluIiwiZ2VuZGVyIjp0cnVlLCJlbWFpbCI6IjM3ODMzODYyN0BxcS5jb20ifSwiaWF0IjoxNTA4ODk5NTU1LCJleHAiOjE1MDg5ODU5NTV9.3VOGUZcShDgPq4Mr8clGAD-YUMF1A9VGTw51vOwGhUo","canLogin":true,"status":1,"id":"1ad83690-8c10-4337-9629-5cf2b8a2af80","createdAt":1508374808809,"updatedAt":1508899555555,"version":40}}
*************** response log end ***************

[2017-10-26 08:45:07.877] [INFO] resLogger - 
*************** response log start ***************
request method: GET
request originalUrl:  /api/groups/list?token=eyJhbGciOiJIUzI1NiIsInR5cCI6IkpXVCJ9.eyJkYXRhIjp7ImlkIjoiMWFkODM2OTAtOGMxMC00MzM3LTk2MjktNWNmMmI4YTJhZjgwIiwibmFtZSI6ImFkbWluIiwiZ2VuZGVyIjp0cnVlLCJlbWFpbCI6IjM3ODMzODYyN0BxcS5jb20ifSwiaWF0IjoxNTA4ODk5NTU1LCJleHAiOjE1MDg5ODU5NTV9.3VOGUZcShDgPq4Mr8clGAD-YUMF1A9VGTw51vOwGhUo
request client ip:  ::ffff:127.0.0.1
request query:  {"token":"eyJhbGciOiJIUzI1NiIsInR5cCI6IkpXVCJ9.eyJkYXRhIjp7ImlkIjoiMWFkODM2OTAtOGMxMC00MzM3LTk2MjktNWNmMmI4YTJhZjgwIiwibmFtZSI6ImFkbWluIiwiZ2VuZGVyIjp0cnVlLCJlbWFpbCI6IjM3ODMzODYyN0BxcS5jb20ifSwiaWF0IjoxNTA4ODk5NTU1LCJleHAiOjE1MDg5ODU5NTV9.3VOGUZcShDgPq4Mr8clGAD-YUMF1A9VGTw51vOwGhUo"}
response time: 103
response status: 200
response body: 
{"status":0,"data":[{"name":"控股","description":"group2","status":1,"id":"30e0f985-0394-4f0b-ab7f-898724c99eab","createdAt":1508374809103,"updatedAt":1508374809103,"version":0},{"name":"管委会","description":"group1","status":1,"id":"547bc6ee-2f95-4773-9446-07626a73f044","createdAt":1508374808811,"updatedAt":1508374808811,"version":0}],"total":2}
*************** response log end ***************

[2017-10-26 08:45:07.943] [INFO] resLogger - 
*************** response log start ***************
request method: GET
request originalUrl:  /api/order/getorderno/get/2017/10/26?token=eyJhbGciOiJIUzI1NiIsInR5cCI6IkpXVCJ9.eyJkYXRhIjp7ImlkIjoiMWFkODM2OTAtOGMxMC00MzM3LTk2MjktNWNmMmI4YTJhZjgwIiwibmFtZSI6ImFkbWluIiwiZ2VuZGVyIjp0cnVlLCJlbWFpbCI6IjM3ODMzODYyN0BxcS5jb20ifSwiaWF0IjoxNTA4ODk5NTU1LCJleHAiOjE1MDg5ODU5NTV9.3VOGUZcShDgPq4Mr8clGAD-YUMF1A9VGTw51vOwGhUo
request client ip:  ::ffff:127.0.0.1
request query:  {"token":"eyJhbGciOiJIUzI1NiIsInR5cCI6IkpXVCJ9.eyJkYXRhIjp7ImlkIjoiMWFkODM2OTAtOGMxMC00MzM3LTk2MjktNWNmMmI4YTJhZjgwIiwibmFtZSI6ImFkbWluIiwiZ2VuZGVyIjp0cnVlLCJlbWFpbCI6IjM3ODMzODYyN0BxcS5jb20ifSwiaWF0IjoxNTA4ODk5NTU1LCJleHAiOjE1MDg5ODU5NTV9.3VOGUZcShDgPq4Mr8clGAD-YUMF1A9VGTw51vOwGhUo"}
response time: 65
response status: 200
response body: 
{"status":0,"data":"20171026000"}
*************** response log end ***************

[2017-10-26 08:45:08.439] [INFO] resLogger - 
*************** response log start ***************
request method: GET
request originalUrl:  /api/corporations/list?token=eyJhbGciOiJIUzI1NiIsInR5cCI6IkpXVCJ9.eyJkYXRhIjp7ImlkIjoiMWFkODM2OTAtOGMxMC00MzM3LTk2MjktNWNmMmI4YTJhZjgwIiwibmFtZSI6ImFkbWluIiwiZ2VuZGVyIjp0cnVlLCJlbWFpbCI6IjM3ODMzODYyN0BxcS5jb20ifSwiaWF0IjoxNTA4ODk5NTU1LCJleHAiOjE1MDg5ODU5NTV9.3VOGUZcShDgPq4Mr8clGAD-YUMF1A9VGTw51vOwGhUo&group=30e0f985-0394-4f0b-ab7f-898724c99eab
request client ip:  ::ffff:127.0.0.1
request query:  {"token":"eyJhbGciOiJIUzI1NiIsInR5cCI6IkpXVCJ9.eyJkYXRhIjp7ImlkIjoiMWFkODM2OTAtOGMxMC00MzM3LTk2MjktNWNmMmI4YTJhZjgwIiwibmFtZSI6ImFkbWluIiwiZ2VuZGVyIjp0cnVlLCJlbWFpbCI6IjM3ODMzODYyN0BxcS5jb20ifSwiaWF0IjoxNTA4ODk5NTU1LCJleHAiOjE1MDg5ODU5NTV9.3VOGUZcShDgPq4Mr8clGAD-YUMF1A9VGTw51vOwGhUo","group":"30e0f985-0394-4f0b-ab7f-898724c99eab"}
response time: 143
response status: 200
response body: 
{"status":0,"data":[{"name":"控股公司","description":"控股公司","status":1,"groupId":"30e0f985-0394-4f0b-ab7f-898724c99eab","id":"a94ed403-c060-4901-b1f0-4154a1da0221","createdAt":1508374810533,"updatedAt":1508374810533,"version":0,"group":{"name":"控股","description":"group2","status":1,"id":"30e0f985-0394-4f0b-ab7f-898724c99eab","createdAt":1508374809103,"updatedAt":1508374809103,"version":0}}],"total":1}
*************** response log end ***************

[2017-10-26 08:45:08.521] [INFO] resLogger - 
*************** response log start ***************
request method: GET
request originalUrl:  /api/corpBuildings/list/a94ed403-c060-4901-b1f0-4154a1da0221?token=eyJhbGciOiJIUzI1NiIsInR5cCI6IkpXVCJ9.eyJkYXRhIjp7ImlkIjoiMWFkODM2OTAtOGMxMC00MzM3LTk2MjktNWNmMmI4YTJhZjgwIiwibmFtZSI6ImFkbWluIiwiZ2VuZGVyIjp0cnVlLCJlbWFpbCI6IjM3ODMzODYyN0BxcS5jb20ifSwiaWF0IjoxNTA4ODk5NTU1LCJleHAiOjE1MDg5ODU5NTV9.3VOGUZcShDgPq4Mr8clGAD-YUMF1A9VGTw51vOwGhUo
request client ip:  ::ffff:127.0.0.1
request query:  {"token":"eyJhbGciOiJIUzI1NiIsInR5cCI6IkpXVCJ9.eyJkYXRhIjp7ImlkIjoiMWFkODM2OTAtOGMxMC00MzM3LTk2MjktNWNmMmI4YTJhZjgwIiwibmFtZSI6ImFkbWluIiwiZ2VuZGVyIjp0cnVlLCJlbWFpbCI6IjM3ODMzODYyN0BxcS5jb20ifSwiaWF0IjoxNTA4ODk5NTU1LCJleHAiOjE1MDg5ODU5NTV9.3VOGUZcShDgPq4Mr8clGAD-YUMF1A9VGTw51vOwGhUo"}
response time: 58
response status: 200
response body: 
{"status":0,"data":[{"corporationId":"a94ed403-c060-4901-b1f0-4154a1da0221","buildingId":"5cd7c002-0167-45dc-bf1c-b85572fc656b","floor":7,"position":"A","status":1,"id":"ae989611-646e-430e-9cdd-ed1045021e9f","createdAt":1508374810727,"updatedAt":1508374810727,"version":0,"building":{"name":"商务大厦南楼","address":"南","minfloor":1,"maxfloor":15,"status":1,"id":"5cd7c002-0167-45dc-bf1c-b85572fc656b","createdAt":1508374809260,"updatedAt":1508374809260,"version":0}},{"corporationId":"a94ed403-c060-4901-b1f0-4154a1da0221","buildingId":"5cd7c002-0167-45dc-bf1c-b85572fc656b","floor":6,"position":"A","status":1,"id":"f30aef61-15a8-4228-a913-c5dc6d0dd85c","createdAt":1508374810648,"updatedAt":1508374810648,"version":0,"building":{"name":"商务大厦南楼","address":"南","minfloor":1,"maxfloor":15,"status":1,"id":"5cd7c002-0167-45dc-bf1c-b85572fc656b","createdAt":1508374809260,"updatedAt":1508374809260,"version":0}}],"total":0}
*************** response log end ***************

[2017-10-26 08:53:17.015] [INFO] resLogger - 
*************** response log start ***************
request method: GET
request originalUrl:  /api/user/?token=eyJhbGciOiJIUzI1NiIsInR5cCI6IkpXVCJ9.eyJkYXRhIjp7ImlkIjoiMWFkODM2OTAtOGMxMC00MzM3LTk2MjktNWNmMmI4YTJhZjgwIiwibmFtZSI6ImFkbWluIiwiZ2VuZGVyIjp0cnVlLCJlbWFpbCI6IjM3ODMzODYyN0BxcS5jb20ifSwiaWF0IjoxNTA4ODk5NTU1LCJleHAiOjE1MDg5ODU5NTV9.3VOGUZcShDgPq4Mr8clGAD-YUMF1A9VGTw51vOwGhUo
request client ip:  ::ffff:127.0.0.1
request query:  {"token":"eyJhbGciOiJIUzI1NiIsInR5cCI6IkpXVCJ9.eyJkYXRhIjp7ImlkIjoiMWFkODM2OTAtOGMxMC00MzM3LTk2MjktNWNmMmI4YTJhZjgwIiwibmFtZSI6ImFkbWluIiwiZ2VuZGVyIjp0cnVlLCJlbWFpbCI6IjM3ODMzODYyN0BxcS5jb20ifSwiaWF0IjoxNTA4ODk5NTU1LCJleHAiOjE1MDg5ODU5NTV9.3VOGUZcShDgPq4Mr8clGAD-YUMF1A9VGTw51vOwGhUo"}
response time: 117
response status: 200
response body: 
{"status":0,"data":{"name":"admin","email":"378338627@qq.com","phone":"15822927208","password":"$2a$10$FTTsr0P8vHgxEtFTs7FTHuLS9EEEL34CkH.wE8UDet0MdQ7Hs4l5e","gender":true,"token":"eyJhbGciOiJIUzI1NiIsInR5cCI6IkpXVCJ9.eyJkYXRhIjp7ImlkIjoiMWFkODM2OTAtOGMxMC00MzM3LTk2MjktNWNmMmI4YTJhZjgwIiwibmFtZSI6ImFkbWluIiwiZ2VuZGVyIjp0cnVlLCJlbWFpbCI6IjM3ODMzODYyN0BxcS5jb20ifSwiaWF0IjoxNTA4ODk5NTU1LCJleHAiOjE1MDg5ODU5NTV9.3VOGUZcShDgPq4Mr8clGAD-YUMF1A9VGTw51vOwGhUo","canLogin":true,"status":1,"id":"1ad83690-8c10-4337-9629-5cf2b8a2af80","createdAt":1508374808809,"updatedAt":1508899555555,"version":40}}
*************** response log end ***************

[2017-10-26 08:53:17.403] [INFO] resLogger - 
*************** response log start ***************
request method: GET
request originalUrl:  /api/groups/list?token=eyJhbGciOiJIUzI1NiIsInR5cCI6IkpXVCJ9.eyJkYXRhIjp7ImlkIjoiMWFkODM2OTAtOGMxMC00MzM3LTk2MjktNWNmMmI4YTJhZjgwIiwibmFtZSI6ImFkbWluIiwiZ2VuZGVyIjp0cnVlLCJlbWFpbCI6IjM3ODMzODYyN0BxcS5jb20ifSwiaWF0IjoxNTA4ODk5NTU1LCJleHAiOjE1MDg5ODU5NTV9.3VOGUZcShDgPq4Mr8clGAD-YUMF1A9VGTw51vOwGhUo
request client ip:  ::ffff:127.0.0.1
request query:  {"token":"eyJhbGciOiJIUzI1NiIsInR5cCI6IkpXVCJ9.eyJkYXRhIjp7ImlkIjoiMWFkODM2OTAtOGMxMC00MzM3LTk2MjktNWNmMmI4YTJhZjgwIiwibmFtZSI6ImFkbWluIiwiZ2VuZGVyIjp0cnVlLCJlbWFpbCI6IjM3ODMzODYyN0BxcS5jb20ifSwiaWF0IjoxNTA4ODk5NTU1LCJleHAiOjE1MDg5ODU5NTV9.3VOGUZcShDgPq4Mr8clGAD-YUMF1A9VGTw51vOwGhUo"}
response time: 106
response status: 200
response body: 
{"status":0,"data":[{"name":"控股","description":"group2","status":1,"id":"30e0f985-0394-4f0b-ab7f-898724c99eab","createdAt":1508374809103,"updatedAt":1508374809103,"version":0},{"name":"管委会","description":"group1","status":1,"id":"547bc6ee-2f95-4773-9446-07626a73f044","createdAt":1508374808811,"updatedAt":1508374808811,"version":0}],"total":2}
*************** response log end ***************

[2017-10-26 08:53:17.460] [INFO] resLogger - 
*************** response log start ***************
request method: GET
request originalUrl:  /api/order/getorderno/get/2017/10/26?token=eyJhbGciOiJIUzI1NiIsInR5cCI6IkpXVCJ9.eyJkYXRhIjp7ImlkIjoiMWFkODM2OTAtOGMxMC00MzM3LTk2MjktNWNmMmI4YTJhZjgwIiwibmFtZSI6ImFkbWluIiwiZ2VuZGVyIjp0cnVlLCJlbWFpbCI6IjM3ODMzODYyN0BxcS5jb20ifSwiaWF0IjoxNTA4ODk5NTU1LCJleHAiOjE1MDg5ODU5NTV9.3VOGUZcShDgPq4Mr8clGAD-YUMF1A9VGTw51vOwGhUo
request client ip:  ::ffff:127.0.0.1
request query:  {"token":"eyJhbGciOiJIUzI1NiIsInR5cCI6IkpXVCJ9.eyJkYXRhIjp7ImlkIjoiMWFkODM2OTAtOGMxMC00MzM3LTk2MjktNWNmMmI4YTJhZjgwIiwibmFtZSI6ImFkbWluIiwiZ2VuZGVyIjp0cnVlLCJlbWFpbCI6IjM3ODMzODYyN0BxcS5jb20ifSwiaWF0IjoxNTA4ODk5NTU1LCJleHAiOjE1MDg5ODU5NTV9.3VOGUZcShDgPq4Mr8clGAD-YUMF1A9VGTw51vOwGhUo"}
response time: 56
response status: 200
response body: 
{"status":0,"data":"20171026000"}
*************** response log end ***************

[2017-10-26 08:53:17.673] [INFO] resLogger - 
*************** response log start ***************
request method: GET
request originalUrl:  /api/corporations/list?token=eyJhbGciOiJIUzI1NiIsInR5cCI6IkpXVCJ9.eyJkYXRhIjp7ImlkIjoiMWFkODM2OTAtOGMxMC00MzM3LTk2MjktNWNmMmI4YTJhZjgwIiwibmFtZSI6ImFkbWluIiwiZ2VuZGVyIjp0cnVlLCJlbWFpbCI6IjM3ODMzODYyN0BxcS5jb20ifSwiaWF0IjoxNTA4ODk5NTU1LCJleHAiOjE1MDg5ODU5NTV9.3VOGUZcShDgPq4Mr8clGAD-YUMF1A9VGTw51vOwGhUo&group=30e0f985-0394-4f0b-ab7f-898724c99eab
request client ip:  ::ffff:127.0.0.1
request query:  {"token":"eyJhbGciOiJIUzI1NiIsInR5cCI6IkpXVCJ9.eyJkYXRhIjp7ImlkIjoiMWFkODM2OTAtOGMxMC00MzM3LTk2MjktNWNmMmI4YTJhZjgwIiwibmFtZSI6ImFkbWluIiwiZ2VuZGVyIjp0cnVlLCJlbWFpbCI6IjM3ODMzODYyN0BxcS5jb20ifSwiaWF0IjoxNTA4ODk5NTU1LCJleHAiOjE1MDg5ODU5NTV9.3VOGUZcShDgPq4Mr8clGAD-YUMF1A9VGTw51vOwGhUo","group":"30e0f985-0394-4f0b-ab7f-898724c99eab"}
response time: 61
response status: 200
response body: 
{"status":0,"data":[{"name":"控股公司","description":"控股公司","status":1,"groupId":"30e0f985-0394-4f0b-ab7f-898724c99eab","id":"a94ed403-c060-4901-b1f0-4154a1da0221","createdAt":1508374810533,"updatedAt":1508374810533,"version":0,"group":{"name":"控股","description":"group2","status":1,"id":"30e0f985-0394-4f0b-ab7f-898724c99eab","createdAt":1508374809103,"updatedAt":1508374809103,"version":0}}],"total":1}
*************** response log end ***************

[2017-10-26 08:53:17.727] [INFO] resLogger - 
*************** response log start ***************
request method: GET
request originalUrl:  /api/corpBuildings/list/a94ed403-c060-4901-b1f0-4154a1da0221?token=eyJhbGciOiJIUzI1NiIsInR5cCI6IkpXVCJ9.eyJkYXRhIjp7ImlkIjoiMWFkODM2OTAtOGMxMC00MzM3LTk2MjktNWNmMmI4YTJhZjgwIiwibmFtZSI6ImFkbWluIiwiZ2VuZGVyIjp0cnVlLCJlbWFpbCI6IjM3ODMzODYyN0BxcS5jb20ifSwiaWF0IjoxNTA4ODk5NTU1LCJleHAiOjE1MDg5ODU5NTV9.3VOGUZcShDgPq4Mr8clGAD-YUMF1A9VGTw51vOwGhUo
request client ip:  ::ffff:127.0.0.1
request query:  {"token":"eyJhbGciOiJIUzI1NiIsInR5cCI6IkpXVCJ9.eyJkYXRhIjp7ImlkIjoiMWFkODM2OTAtOGMxMC00MzM3LTk2MjktNWNmMmI4YTJhZjgwIiwibmFtZSI6ImFkbWluIiwiZ2VuZGVyIjp0cnVlLCJlbWFpbCI6IjM3ODMzODYyN0BxcS5jb20ifSwiaWF0IjoxNTA4ODk5NTU1LCJleHAiOjE1MDg5ODU5NTV9.3VOGUZcShDgPq4Mr8clGAD-YUMF1A9VGTw51vOwGhUo"}
response time: 39
response status: 200
response body: 
{"status":0,"data":[{"corporationId":"a94ed403-c060-4901-b1f0-4154a1da0221","buildingId":"5cd7c002-0167-45dc-bf1c-b85572fc656b","floor":7,"position":"A","status":1,"id":"ae989611-646e-430e-9cdd-ed1045021e9f","createdAt":1508374810727,"updatedAt":1508374810727,"version":0,"building":{"name":"商务大厦南楼","address":"南","minfloor":1,"maxfloor":15,"status":1,"id":"5cd7c002-0167-45dc-bf1c-b85572fc656b","createdAt":1508374809260,"updatedAt":1508374809260,"version":0}},{"corporationId":"a94ed403-c060-4901-b1f0-4154a1da0221","buildingId":"5cd7c002-0167-45dc-bf1c-b85572fc656b","floor":6,"position":"A","status":1,"id":"f30aef61-15a8-4228-a913-c5dc6d0dd85c","createdAt":1508374810648,"updatedAt":1508374810648,"version":0,"building":{"name":"商务大厦南楼","address":"南","minfloor":1,"maxfloor":15,"status":1,"id":"5cd7c002-0167-45dc-bf1c-b85572fc656b","createdAt":1508374809260,"updatedAt":1508374809260,"version":0}}],"total":0}
*************** response log end ***************

[2017-10-26 08:54:54.471] [INFO] resLogger - 
*************** response log start ***************
request method: GET
request originalUrl:  /api/user/?token=eyJhbGciOiJIUzI1NiIsInR5cCI6IkpXVCJ9.eyJkYXRhIjp7ImlkIjoiMWFkODM2OTAtOGMxMC00MzM3LTk2MjktNWNmMmI4YTJhZjgwIiwibmFtZSI6ImFkbWluIiwiZ2VuZGVyIjp0cnVlLCJlbWFpbCI6IjM3ODMzODYyN0BxcS5jb20ifSwiaWF0IjoxNTA4ODk5NTU1LCJleHAiOjE1MDg5ODU5NTV9.3VOGUZcShDgPq4Mr8clGAD-YUMF1A9VGTw51vOwGhUo
request client ip:  ::ffff:127.0.0.1
request query:  {"token":"eyJhbGciOiJIUzI1NiIsInR5cCI6IkpXVCJ9.eyJkYXRhIjp7ImlkIjoiMWFkODM2OTAtOGMxMC00MzM3LTk2MjktNWNmMmI4YTJhZjgwIiwibmFtZSI6ImFkbWluIiwiZ2VuZGVyIjp0cnVlLCJlbWFpbCI6IjM3ODMzODYyN0BxcS5jb20ifSwiaWF0IjoxNTA4ODk5NTU1LCJleHAiOjE1MDg5ODU5NTV9.3VOGUZcShDgPq4Mr8clGAD-YUMF1A9VGTw51vOwGhUo"}
response time: 94
response status: 200
response body: 
{"status":0,"data":{"name":"admin","email":"378338627@qq.com","phone":"15822927208","password":"$2a$10$FTTsr0P8vHgxEtFTs7FTHuLS9EEEL34CkH.wE8UDet0MdQ7Hs4l5e","gender":true,"token":"eyJhbGciOiJIUzI1NiIsInR5cCI6IkpXVCJ9.eyJkYXRhIjp7ImlkIjoiMWFkODM2OTAtOGMxMC00MzM3LTk2MjktNWNmMmI4YTJhZjgwIiwibmFtZSI6ImFkbWluIiwiZ2VuZGVyIjp0cnVlLCJlbWFpbCI6IjM3ODMzODYyN0BxcS5jb20ifSwiaWF0IjoxNTA4ODk5NTU1LCJleHAiOjE1MDg5ODU5NTV9.3VOGUZcShDgPq4Mr8clGAD-YUMF1A9VGTw51vOwGhUo","canLogin":true,"status":1,"id":"1ad83690-8c10-4337-9629-5cf2b8a2af80","createdAt":1508374808809,"updatedAt":1508899555555,"version":40}}
*************** response log end ***************

[2017-10-26 08:54:55.731] [INFO] resLogger - 
*************** response log start ***************
request method: GET
request originalUrl:  /api/groups/list?token=eyJhbGciOiJIUzI1NiIsInR5cCI6IkpXVCJ9.eyJkYXRhIjp7ImlkIjoiMWFkODM2OTAtOGMxMC00MzM3LTk2MjktNWNmMmI4YTJhZjgwIiwibmFtZSI6ImFkbWluIiwiZ2VuZGVyIjp0cnVlLCJlbWFpbCI6IjM3ODMzODYyN0BxcS5jb20ifSwiaWF0IjoxNTA4ODk5NTU1LCJleHAiOjE1MDg5ODU5NTV9.3VOGUZcShDgPq4Mr8clGAD-YUMF1A9VGTw51vOwGhUo
request client ip:  ::ffff:127.0.0.1
request query:  {"token":"eyJhbGciOiJIUzI1NiIsInR5cCI6IkpXVCJ9.eyJkYXRhIjp7ImlkIjoiMWFkODM2OTAtOGMxMC00MzM3LTk2MjktNWNmMmI4YTJhZjgwIiwibmFtZSI6ImFkbWluIiwiZ2VuZGVyIjp0cnVlLCJlbWFpbCI6IjM3ODMzODYyN0BxcS5jb20ifSwiaWF0IjoxNTA4ODk5NTU1LCJleHAiOjE1MDg5ODU5NTV9.3VOGUZcShDgPq4Mr8clGAD-YUMF1A9VGTw51vOwGhUo"}
response time: 322
response status: 200
response body: 
{"status":0,"data":[{"name":"控股","description":"group2","status":1,"id":"30e0f985-0394-4f0b-ab7f-898724c99eab","createdAt":1508374809103,"updatedAt":1508374809103,"version":0},{"name":"管委会","description":"group1","status":1,"id":"547bc6ee-2f95-4773-9446-07626a73f044","createdAt":1508374808811,"updatedAt":1508374808811,"version":0}],"total":2}
*************** response log end ***************

[2017-10-26 08:54:55.743] [INFO] resLogger - 
*************** response log start ***************
request method: GET
request originalUrl:  /api/order/getorderno/get/2017/10/26?token=eyJhbGciOiJIUzI1NiIsInR5cCI6IkpXVCJ9.eyJkYXRhIjp7ImlkIjoiMWFkODM2OTAtOGMxMC00MzM3LTk2MjktNWNmMmI4YTJhZjgwIiwibmFtZSI6ImFkbWluIiwiZ2VuZGVyIjp0cnVlLCJlbWFpbCI6IjM3ODMzODYyN0BxcS5jb20ifSwiaWF0IjoxNTA4ODk5NTU1LCJleHAiOjE1MDg5ODU5NTV9.3VOGUZcShDgPq4Mr8clGAD-YUMF1A9VGTw51vOwGhUo
request client ip:  ::ffff:127.0.0.1
request query:  {"token":"eyJhbGciOiJIUzI1NiIsInR5cCI6IkpXVCJ9.eyJkYXRhIjp7ImlkIjoiMWFkODM2OTAtOGMxMC00MzM3LTk2MjktNWNmMmI4YTJhZjgwIiwibmFtZSI6ImFkbWluIiwiZ2VuZGVyIjp0cnVlLCJlbWFpbCI6IjM3ODMzODYyN0BxcS5jb20ifSwiaWF0IjoxNTA4ODk5NTU1LCJleHAiOjE1MDg5ODU5NTV9.3VOGUZcShDgPq4Mr8clGAD-YUMF1A9VGTw51vOwGhUo"}
response time: 76
response status: 200
response body: 
{"status":0,"data":"20171026000"}
*************** response log end ***************

[2017-10-26 08:54:56.165] [INFO] resLogger - 
*************** response log start ***************
request method: GET
request originalUrl:  /api/corporations/list?token=eyJhbGciOiJIUzI1NiIsInR5cCI6IkpXVCJ9.eyJkYXRhIjp7ImlkIjoiMWFkODM2OTAtOGMxMC00MzM3LTk2MjktNWNmMmI4YTJhZjgwIiwibmFtZSI6ImFkbWluIiwiZ2VuZGVyIjp0cnVlLCJlbWFpbCI6IjM3ODMzODYyN0BxcS5jb20ifSwiaWF0IjoxNTA4ODk5NTU1LCJleHAiOjE1MDg5ODU5NTV9.3VOGUZcShDgPq4Mr8clGAD-YUMF1A9VGTw51vOwGhUo&group=30e0f985-0394-4f0b-ab7f-898724c99eab
request client ip:  ::ffff:127.0.0.1
request query:  {"token":"eyJhbGciOiJIUzI1NiIsInR5cCI6IkpXVCJ9.eyJkYXRhIjp7ImlkIjoiMWFkODM2OTAtOGMxMC00MzM3LTk2MjktNWNmMmI4YTJhZjgwIiwibmFtZSI6ImFkbWluIiwiZ2VuZGVyIjp0cnVlLCJlbWFpbCI6IjM3ODMzODYyN0BxcS5jb20ifSwiaWF0IjoxNTA4ODk5NTU1LCJleHAiOjE1MDg5ODU5NTV9.3VOGUZcShDgPq4Mr8clGAD-YUMF1A9VGTw51vOwGhUo","group":"30e0f985-0394-4f0b-ab7f-898724c99eab"}
response time: 93
response status: 200
response body: 
{"status":0,"data":[{"name":"控股公司","description":"控股公司","status":1,"groupId":"30e0f985-0394-4f0b-ab7f-898724c99eab","id":"a94ed403-c060-4901-b1f0-4154a1da0221","createdAt":1508374810533,"updatedAt":1508374810533,"version":0,"group":{"name":"控股","description":"group2","status":1,"id":"30e0f985-0394-4f0b-ab7f-898724c99eab","createdAt":1508374809103,"updatedAt":1508374809103,"version":0}}],"total":1}
*************** response log end ***************

[2017-10-26 08:54:56.242] [INFO] resLogger - 
*************** response log start ***************
request method: GET
request originalUrl:  /api/corpBuildings/list/a94ed403-c060-4901-b1f0-4154a1da0221?token=eyJhbGciOiJIUzI1NiIsInR5cCI6IkpXVCJ9.eyJkYXRhIjp7ImlkIjoiMWFkODM2OTAtOGMxMC00MzM3LTk2MjktNWNmMmI4YTJhZjgwIiwibmFtZSI6ImFkbWluIiwiZ2VuZGVyIjp0cnVlLCJlbWFpbCI6IjM3ODMzODYyN0BxcS5jb20ifSwiaWF0IjoxNTA4ODk5NTU1LCJleHAiOjE1MDg5ODU5NTV9.3VOGUZcShDgPq4Mr8clGAD-YUMF1A9VGTw51vOwGhUo
request client ip:  ::ffff:127.0.0.1
request query:  {"token":"eyJhbGciOiJIUzI1NiIsInR5cCI6IkpXVCJ9.eyJkYXRhIjp7ImlkIjoiMWFkODM2OTAtOGMxMC00MzM3LTk2MjktNWNmMmI4YTJhZjgwIiwibmFtZSI6ImFkbWluIiwiZ2VuZGVyIjp0cnVlLCJlbWFpbCI6IjM3ODMzODYyN0BxcS5jb20ifSwiaWF0IjoxNTA4ODk5NTU1LCJleHAiOjE1MDg5ODU5NTV9.3VOGUZcShDgPq4Mr8clGAD-YUMF1A9VGTw51vOwGhUo"}
response time: 52
response status: 200
response body: 
{"status":0,"data":[{"corporationId":"a94ed403-c060-4901-b1f0-4154a1da0221","buildingId":"5cd7c002-0167-45dc-bf1c-b85572fc656b","floor":7,"position":"A","status":1,"id":"ae989611-646e-430e-9cdd-ed1045021e9f","createdAt":1508374810727,"updatedAt":1508374810727,"version":0,"building":{"name":"商务大厦南楼","address":"南","minfloor":1,"maxfloor":15,"status":1,"id":"5cd7c002-0167-45dc-bf1c-b85572fc656b","createdAt":1508374809260,"updatedAt":1508374809260,"version":0}},{"corporationId":"a94ed403-c060-4901-b1f0-4154a1da0221","buildingId":"5cd7c002-0167-45dc-bf1c-b85572fc656b","floor":6,"position":"A","status":1,"id":"f30aef61-15a8-4228-a913-c5dc6d0dd85c","createdAt":1508374810648,"updatedAt":1508374810648,"version":0,"building":{"name":"商务大厦南楼","address":"南","minfloor":1,"maxfloor":15,"status":1,"id":"5cd7c002-0167-45dc-bf1c-b85572fc656b","createdAt":1508374809260,"updatedAt":1508374809260,"version":0}}],"total":0}
*************** response log end ***************

[2017-10-26 08:55:12.130] [INFO] resLogger - 
*************** response log start ***************
request method: GET
request originalUrl:  /api/user/?token=eyJhbGciOiJIUzI1NiIsInR5cCI6IkpXVCJ9.eyJkYXRhIjp7ImlkIjoiMWFkODM2OTAtOGMxMC00MzM3LTk2MjktNWNmMmI4YTJhZjgwIiwibmFtZSI6ImFkbWluIiwiZ2VuZGVyIjp0cnVlLCJlbWFpbCI6IjM3ODMzODYyN0BxcS5jb20ifSwiaWF0IjoxNTA4ODk5NTU1LCJleHAiOjE1MDg5ODU5NTV9.3VOGUZcShDgPq4Mr8clGAD-YUMF1A9VGTw51vOwGhUo
request client ip:  ::ffff:127.0.0.1
request query:  {"token":"eyJhbGciOiJIUzI1NiIsInR5cCI6IkpXVCJ9.eyJkYXRhIjp7ImlkIjoiMWFkODM2OTAtOGMxMC00MzM3LTk2MjktNWNmMmI4YTJhZjgwIiwibmFtZSI6ImFkbWluIiwiZ2VuZGVyIjp0cnVlLCJlbWFpbCI6IjM3ODMzODYyN0BxcS5jb20ifSwiaWF0IjoxNTA4ODk5NTU1LCJleHAiOjE1MDg5ODU5NTV9.3VOGUZcShDgPq4Mr8clGAD-YUMF1A9VGTw51vOwGhUo"}
response time: 53
response status: 200
response body: 
{"status":0,"data":{"name":"admin","email":"378338627@qq.com","phone":"15822927208","password":"$2a$10$FTTsr0P8vHgxEtFTs7FTHuLS9EEEL34CkH.wE8UDet0MdQ7Hs4l5e","gender":true,"token":"eyJhbGciOiJIUzI1NiIsInR5cCI6IkpXVCJ9.eyJkYXRhIjp7ImlkIjoiMWFkODM2OTAtOGMxMC00MzM3LTk2MjktNWNmMmI4YTJhZjgwIiwibmFtZSI6ImFkbWluIiwiZ2VuZGVyIjp0cnVlLCJlbWFpbCI6IjM3ODMzODYyN0BxcS5jb20ifSwiaWF0IjoxNTA4ODk5NTU1LCJleHAiOjE1MDg5ODU5NTV9.3VOGUZcShDgPq4Mr8clGAD-YUMF1A9VGTw51vOwGhUo","canLogin":true,"status":1,"id":"1ad83690-8c10-4337-9629-5cf2b8a2af80","createdAt":1508374808809,"updatedAt":1508899555555,"version":40}}
*************** response log end ***************

[2017-10-26 08:55:12.563] [INFO] resLogger - 
*************** response log start ***************
request method: GET
request originalUrl:  /api/groups/list?token=eyJhbGciOiJIUzI1NiIsInR5cCI6IkpXVCJ9.eyJkYXRhIjp7ImlkIjoiMWFkODM2OTAtOGMxMC00MzM3LTk2MjktNWNmMmI4YTJhZjgwIiwibmFtZSI6ImFkbWluIiwiZ2VuZGVyIjp0cnVlLCJlbWFpbCI6IjM3ODMzODYyN0BxcS5jb20ifSwiaWF0IjoxNTA4ODk5NTU1LCJleHAiOjE1MDg5ODU5NTV9.3VOGUZcShDgPq4Mr8clGAD-YUMF1A9VGTw51vOwGhUo
request client ip:  ::ffff:127.0.0.1
request query:  {"token":"eyJhbGciOiJIUzI1NiIsInR5cCI6IkpXVCJ9.eyJkYXRhIjp7ImlkIjoiMWFkODM2OTAtOGMxMC00MzM3LTk2MjktNWNmMmI4YTJhZjgwIiwibmFtZSI6ImFkbWluIiwiZ2VuZGVyIjp0cnVlLCJlbWFpbCI6IjM3ODMzODYyN0BxcS5jb20ifSwiaWF0IjoxNTA4ODk5NTU1LCJleHAiOjE1MDg5ODU5NTV9.3VOGUZcShDgPq4Mr8clGAD-YUMF1A9VGTw51vOwGhUo"}
response time: 142
response status: 200
response body: 
{"status":0,"data":[{"name":"控股","description":"group2","status":1,"id":"30e0f985-0394-4f0b-ab7f-898724c99eab","createdAt":1508374809103,"updatedAt":1508374809103,"version":0},{"name":"管委会","description":"group1","status":1,"id":"547bc6ee-2f95-4773-9446-07626a73f044","createdAt":1508374808811,"updatedAt":1508374808811,"version":0}],"total":2}
*************** response log end ***************

[2017-10-26 08:55:12.580] [INFO] resLogger - 
*************** response log start ***************
request method: GET
request originalUrl:  /api/order/getorderno/get/2017/10/26?token=eyJhbGciOiJIUzI1NiIsInR5cCI6IkpXVCJ9.eyJkYXRhIjp7ImlkIjoiMWFkODM2OTAtOGMxMC00MzM3LTk2MjktNWNmMmI4YTJhZjgwIiwibmFtZSI6ImFkbWluIiwiZ2VuZGVyIjp0cnVlLCJlbWFpbCI6IjM3ODMzODYyN0BxcS5jb20ifSwiaWF0IjoxNTA4ODk5NTU1LCJleHAiOjE1MDg5ODU5NTV9.3VOGUZcShDgPq4Mr8clGAD-YUMF1A9VGTw51vOwGhUo
request client ip:  ::ffff:127.0.0.1
request query:  {"token":"eyJhbGciOiJIUzI1NiIsInR5cCI6IkpXVCJ9.eyJkYXRhIjp7ImlkIjoiMWFkODM2OTAtOGMxMC00MzM3LTk2MjktNWNmMmI4YTJhZjgwIiwibmFtZSI6ImFkbWluIiwiZ2VuZGVyIjp0cnVlLCJlbWFpbCI6IjM3ODMzODYyN0BxcS5jb20ifSwiaWF0IjoxNTA4ODk5NTU1LCJleHAiOjE1MDg5ODU5NTV9.3VOGUZcShDgPq4Mr8clGAD-YUMF1A9VGTw51vOwGhUo"}
response time: 80
response status: 200
response body: 
{"status":0,"data":"20171026000"}
*************** response log end ***************

[2017-10-26 08:55:12.754] [INFO] resLogger - 
*************** response log start ***************
request method: GET
request originalUrl:  /api/corporations/list?token=eyJhbGciOiJIUzI1NiIsInR5cCI6IkpXVCJ9.eyJkYXRhIjp7ImlkIjoiMWFkODM2OTAtOGMxMC00MzM3LTk2MjktNWNmMmI4YTJhZjgwIiwibmFtZSI6ImFkbWluIiwiZ2VuZGVyIjp0cnVlLCJlbWFpbCI6IjM3ODMzODYyN0BxcS5jb20ifSwiaWF0IjoxNTA4ODk5NTU1LCJleHAiOjE1MDg5ODU5NTV9.3VOGUZcShDgPq4Mr8clGAD-YUMF1A9VGTw51vOwGhUo&group=30e0f985-0394-4f0b-ab7f-898724c99eab
request client ip:  ::ffff:127.0.0.1
request query:  {"token":"eyJhbGciOiJIUzI1NiIsInR5cCI6IkpXVCJ9.eyJkYXRhIjp7ImlkIjoiMWFkODM2OTAtOGMxMC00MzM3LTk2MjktNWNmMmI4YTJhZjgwIiwibmFtZSI6ImFkbWluIiwiZ2VuZGVyIjp0cnVlLCJlbWFpbCI6IjM3ODMzODYyN0BxcS5jb20ifSwiaWF0IjoxNTA4ODk5NTU1LCJleHAiOjE1MDg5ODU5NTV9.3VOGUZcShDgPq4Mr8clGAD-YUMF1A9VGTw51vOwGhUo","group":"30e0f985-0394-4f0b-ab7f-898724c99eab"}
response time: 75
response status: 200
response body: 
{"status":0,"data":[{"name":"控股公司","description":"控股公司","status":1,"groupId":"30e0f985-0394-4f0b-ab7f-898724c99eab","id":"a94ed403-c060-4901-b1f0-4154a1da0221","createdAt":1508374810533,"updatedAt":1508374810533,"version":0,"group":{"name":"控股","description":"group2","status":1,"id":"30e0f985-0394-4f0b-ab7f-898724c99eab","createdAt":1508374809103,"updatedAt":1508374809103,"version":0}}],"total":1}
*************** response log end ***************

[2017-10-26 08:55:12.804] [INFO] resLogger - 
*************** response log start ***************
request method: GET
request originalUrl:  /api/corpBuildings/list/a94ed403-c060-4901-b1f0-4154a1da0221?token=eyJhbGciOiJIUzI1NiIsInR5cCI6IkpXVCJ9.eyJkYXRhIjp7ImlkIjoiMWFkODM2OTAtOGMxMC00MzM3LTk2MjktNWNmMmI4YTJhZjgwIiwibmFtZSI6ImFkbWluIiwiZ2VuZGVyIjp0cnVlLCJlbWFpbCI6IjM3ODMzODYyN0BxcS5jb20ifSwiaWF0IjoxNTA4ODk5NTU1LCJleHAiOjE1MDg5ODU5NTV9.3VOGUZcShDgPq4Mr8clGAD-YUMF1A9VGTw51vOwGhUo
request client ip:  ::ffff:127.0.0.1
request query:  {"token":"eyJhbGciOiJIUzI1NiIsInR5cCI6IkpXVCJ9.eyJkYXRhIjp7ImlkIjoiMWFkODM2OTAtOGMxMC00MzM3LTk2MjktNWNmMmI4YTJhZjgwIiwibmFtZSI6ImFkbWluIiwiZ2VuZGVyIjp0cnVlLCJlbWFpbCI6IjM3ODMzODYyN0BxcS5jb20ifSwiaWF0IjoxNTA4ODk5NTU1LCJleHAiOjE1MDg5ODU5NTV9.3VOGUZcShDgPq4Mr8clGAD-YUMF1A9VGTw51vOwGhUo"}
response time: 35
response status: 200
response body: 
{"status":0,"data":[{"corporationId":"a94ed403-c060-4901-b1f0-4154a1da0221","buildingId":"5cd7c002-0167-45dc-bf1c-b85572fc656b","floor":7,"position":"A","status":1,"id":"ae989611-646e-430e-9cdd-ed1045021e9f","createdAt":1508374810727,"updatedAt":1508374810727,"version":0,"building":{"name":"商务大厦南楼","address":"南","minfloor":1,"maxfloor":15,"status":1,"id":"5cd7c002-0167-45dc-bf1c-b85572fc656b","createdAt":1508374809260,"updatedAt":1508374809260,"version":0}},{"corporationId":"a94ed403-c060-4901-b1f0-4154a1da0221","buildingId":"5cd7c002-0167-45dc-bf1c-b85572fc656b","floor":6,"position":"A","status":1,"id":"f30aef61-15a8-4228-a913-c5dc6d0dd85c","createdAt":1508374810648,"updatedAt":1508374810648,"version":0,"building":{"name":"商务大厦南楼","address":"南","minfloor":1,"maxfloor":15,"status":1,"id":"5cd7c002-0167-45dc-bf1c-b85572fc656b","createdAt":1508374809260,"updatedAt":1508374809260,"version":0}}],"total":0}
*************** response log end ***************

[2017-10-26 08:57:20.388] [INFO] resLogger - 
*************** response log start ***************
request method: GET
request originalUrl:  /api/user/?token=eyJhbGciOiJIUzI1NiIsInR5cCI6IkpXVCJ9.eyJkYXRhIjp7ImlkIjoiMWFkODM2OTAtOGMxMC00MzM3LTk2MjktNWNmMmI4YTJhZjgwIiwibmFtZSI6ImFkbWluIiwiZ2VuZGVyIjp0cnVlLCJlbWFpbCI6IjM3ODMzODYyN0BxcS5jb20ifSwiaWF0IjoxNTA4ODk5NTU1LCJleHAiOjE1MDg5ODU5NTV9.3VOGUZcShDgPq4Mr8clGAD-YUMF1A9VGTw51vOwGhUo
request client ip:  ::ffff:127.0.0.1
request query:  {"token":"eyJhbGciOiJIUzI1NiIsInR5cCI6IkpXVCJ9.eyJkYXRhIjp7ImlkIjoiMWFkODM2OTAtOGMxMC00MzM3LTk2MjktNWNmMmI4YTJhZjgwIiwibmFtZSI6ImFkbWluIiwiZ2VuZGVyIjp0cnVlLCJlbWFpbCI6IjM3ODMzODYyN0BxcS5jb20ifSwiaWF0IjoxNTA4ODk5NTU1LCJleHAiOjE1MDg5ODU5NTV9.3VOGUZcShDgPq4Mr8clGAD-YUMF1A9VGTw51vOwGhUo"}
response time: 107
response status: 200
response body: 
{"status":0,"data":{"name":"admin","email":"378338627@qq.com","phone":"15822927208","password":"$2a$10$FTTsr0P8vHgxEtFTs7FTHuLS9EEEL34CkH.wE8UDet0MdQ7Hs4l5e","gender":true,"token":"eyJhbGciOiJIUzI1NiIsInR5cCI6IkpXVCJ9.eyJkYXRhIjp7ImlkIjoiMWFkODM2OTAtOGMxMC00MzM3LTk2MjktNWNmMmI4YTJhZjgwIiwibmFtZSI6ImFkbWluIiwiZ2VuZGVyIjp0cnVlLCJlbWFpbCI6IjM3ODMzODYyN0BxcS5jb20ifSwiaWF0IjoxNTA4ODk5NTU1LCJleHAiOjE1MDg5ODU5NTV9.3VOGUZcShDgPq4Mr8clGAD-YUMF1A9VGTw51vOwGhUo","canLogin":true,"status":1,"id":"1ad83690-8c10-4337-9629-5cf2b8a2af80","createdAt":1508374808809,"updatedAt":1508899555555,"version":40}}
*************** response log end ***************

[2017-10-26 08:57:20.664] [INFO] resLogger - 
*************** response log start ***************
request method: GET
request originalUrl:  /api/groups/list?token=eyJhbGciOiJIUzI1NiIsInR5cCI6IkpXVCJ9.eyJkYXRhIjp7ImlkIjoiMWFkODM2OTAtOGMxMC00MzM3LTk2MjktNWNmMmI4YTJhZjgwIiwibmFtZSI6ImFkbWluIiwiZ2VuZGVyIjp0cnVlLCJlbWFpbCI6IjM3ODMzODYyN0BxcS5jb20ifSwiaWF0IjoxNTA4ODk5NTU1LCJleHAiOjE1MDg5ODU5NTV9.3VOGUZcShDgPq4Mr8clGAD-YUMF1A9VGTw51vOwGhUo
request client ip:  ::ffff:127.0.0.1
request query:  {"token":"eyJhbGciOiJIUzI1NiIsInR5cCI6IkpXVCJ9.eyJkYXRhIjp7ImlkIjoiMWFkODM2OTAtOGMxMC00MzM3LTk2MjktNWNmMmI4YTJhZjgwIiwibmFtZSI6ImFkbWluIiwiZ2VuZGVyIjp0cnVlLCJlbWFpbCI6IjM3ODMzODYyN0BxcS5jb20ifSwiaWF0IjoxNTA4ODk5NTU1LCJleHAiOjE1MDg5ODU5NTV9.3VOGUZcShDgPq4Mr8clGAD-YUMF1A9VGTw51vOwGhUo"}
response time: 90
response status: 200
response body: 
{"status":0,"data":[{"name":"控股","description":"group2","status":1,"id":"30e0f985-0394-4f0b-ab7f-898724c99eab","createdAt":1508374809103,"updatedAt":1508374809103,"version":0},{"name":"管委会","description":"group1","status":1,"id":"547bc6ee-2f95-4773-9446-07626a73f044","createdAt":1508374808811,"updatedAt":1508374808811,"version":0}],"total":2}
*************** response log end ***************

[2017-10-26 08:57:20.722] [INFO] resLogger - 
*************** response log start ***************
request method: GET
request originalUrl:  /api/order/getorderno/get/2017/10/26?token=eyJhbGciOiJIUzI1NiIsInR5cCI6IkpXVCJ9.eyJkYXRhIjp7ImlkIjoiMWFkODM2OTAtOGMxMC00MzM3LTk2MjktNWNmMmI4YTJhZjgwIiwibmFtZSI6ImFkbWluIiwiZ2VuZGVyIjp0cnVlLCJlbWFpbCI6IjM3ODMzODYyN0BxcS5jb20ifSwiaWF0IjoxNTA4ODk5NTU1LCJleHAiOjE1MDg5ODU5NTV9.3VOGUZcShDgPq4Mr8clGAD-YUMF1A9VGTw51vOwGhUo
request client ip:  ::ffff:127.0.0.1
request query:  {"token":"eyJhbGciOiJIUzI1NiIsInR5cCI6IkpXVCJ9.eyJkYXRhIjp7ImlkIjoiMWFkODM2OTAtOGMxMC00MzM3LTk2MjktNWNmMmI4YTJhZjgwIiwibmFtZSI6ImFkbWluIiwiZ2VuZGVyIjp0cnVlLCJlbWFpbCI6IjM3ODMzODYyN0BxcS5jb20ifSwiaWF0IjoxNTA4ODk5NTU1LCJleHAiOjE1MDg5ODU5NTV9.3VOGUZcShDgPq4Mr8clGAD-YUMF1A9VGTw51vOwGhUo"}
response time: 57
response status: 200
response body: 
{"status":0,"data":"20171026000"}
*************** response log end ***************

[2017-10-26 08:57:20.984] [INFO] resLogger - 
*************** response log start ***************
request method: GET
request originalUrl:  /api/corporations/list?token=eyJhbGciOiJIUzI1NiIsInR5cCI6IkpXVCJ9.eyJkYXRhIjp7ImlkIjoiMWFkODM2OTAtOGMxMC00MzM3LTk2MjktNWNmMmI4YTJhZjgwIiwibmFtZSI6ImFkbWluIiwiZ2VuZGVyIjp0cnVlLCJlbWFpbCI6IjM3ODMzODYyN0BxcS5jb20ifSwiaWF0IjoxNTA4ODk5NTU1LCJleHAiOjE1MDg5ODU5NTV9.3VOGUZcShDgPq4Mr8clGAD-YUMF1A9VGTw51vOwGhUo&group=30e0f985-0394-4f0b-ab7f-898724c99eab
request client ip:  ::ffff:127.0.0.1
request query:  {"token":"eyJhbGciOiJIUzI1NiIsInR5cCI6IkpXVCJ9.eyJkYXRhIjp7ImlkIjoiMWFkODM2OTAtOGMxMC00MzM3LTk2MjktNWNmMmI4YTJhZjgwIiwibmFtZSI6ImFkbWluIiwiZ2VuZGVyIjp0cnVlLCJlbWFpbCI6IjM3ODMzODYyN0BxcS5jb20ifSwiaWF0IjoxNTA4ODk5NTU1LCJleHAiOjE1MDg5ODU5NTV9.3VOGUZcShDgPq4Mr8clGAD-YUMF1A9VGTw51vOwGhUo","group":"30e0f985-0394-4f0b-ab7f-898724c99eab"}
response time: 76
response status: 200
response body: 
{"status":0,"data":[{"name":"控股公司","description":"控股公司","status":1,"groupId":"30e0f985-0394-4f0b-ab7f-898724c99eab","id":"a94ed403-c060-4901-b1f0-4154a1da0221","createdAt":1508374810533,"updatedAt":1508374810533,"version":0,"group":{"name":"控股","description":"group2","status":1,"id":"30e0f985-0394-4f0b-ab7f-898724c99eab","createdAt":1508374809103,"updatedAt":1508374809103,"version":0}}],"total":1}
*************** response log end ***************

[2017-10-26 08:57:21.058] [INFO] resLogger - 
*************** response log start ***************
request method: GET
request originalUrl:  /api/corpBuildings/list/a94ed403-c060-4901-b1f0-4154a1da0221?token=eyJhbGciOiJIUzI1NiIsInR5cCI6IkpXVCJ9.eyJkYXRhIjp7ImlkIjoiMWFkODM2OTAtOGMxMC00MzM3LTk2MjktNWNmMmI4YTJhZjgwIiwibmFtZSI6ImFkbWluIiwiZ2VuZGVyIjp0cnVlLCJlbWFpbCI6IjM3ODMzODYyN0BxcS5jb20ifSwiaWF0IjoxNTA4ODk5NTU1LCJleHAiOjE1MDg5ODU5NTV9.3VOGUZcShDgPq4Mr8clGAD-YUMF1A9VGTw51vOwGhUo
request client ip:  ::ffff:127.0.0.1
request query:  {"token":"eyJhbGciOiJIUzI1NiIsInR5cCI6IkpXVCJ9.eyJkYXRhIjp7ImlkIjoiMWFkODM2OTAtOGMxMC00MzM3LTk2MjktNWNmMmI4YTJhZjgwIiwibmFtZSI6ImFkbWluIiwiZ2VuZGVyIjp0cnVlLCJlbWFpbCI6IjM3ODMzODYyN0BxcS5jb20ifSwiaWF0IjoxNTA4ODk5NTU1LCJleHAiOjE1MDg5ODU5NTV9.3VOGUZcShDgPq4Mr8clGAD-YUMF1A9VGTw51vOwGhUo"}
response time: 51
response status: 200
response body: 
{"status":0,"data":[{"corporationId":"a94ed403-c060-4901-b1f0-4154a1da0221","buildingId":"5cd7c002-0167-45dc-bf1c-b85572fc656b","floor":7,"position":"A","status":1,"id":"ae989611-646e-430e-9cdd-ed1045021e9f","createdAt":1508374810727,"updatedAt":1508374810727,"version":0,"building":{"name":"商务大厦南楼","address":"南","minfloor":1,"maxfloor":15,"status":1,"id":"5cd7c002-0167-45dc-bf1c-b85572fc656b","createdAt":1508374809260,"updatedAt":1508374809260,"version":0}},{"corporationId":"a94ed403-c060-4901-b1f0-4154a1da0221","buildingId":"5cd7c002-0167-45dc-bf1c-b85572fc656b","floor":6,"position":"A","status":1,"id":"f30aef61-15a8-4228-a913-c5dc6d0dd85c","createdAt":1508374810648,"updatedAt":1508374810648,"version":0,"building":{"name":"商务大厦南楼","address":"南","minfloor":1,"maxfloor":15,"status":1,"id":"5cd7c002-0167-45dc-bf1c-b85572fc656b","createdAt":1508374809260,"updatedAt":1508374809260,"version":0}}],"total":0}
*************** response log end ***************

[2017-10-26 08:58:22.903] [INFO] resLogger - 
*************** response log start ***************
request method: GET
request originalUrl:  /api/user/?token=eyJhbGciOiJIUzI1NiIsInR5cCI6IkpXVCJ9.eyJkYXRhIjp7ImlkIjoiMWFkODM2OTAtOGMxMC00MzM3LTk2MjktNWNmMmI4YTJhZjgwIiwibmFtZSI6ImFkbWluIiwiZ2VuZGVyIjp0cnVlLCJlbWFpbCI6IjM3ODMzODYyN0BxcS5jb20ifSwiaWF0IjoxNTA4ODk5NTU1LCJleHAiOjE1MDg5ODU5NTV9.3VOGUZcShDgPq4Mr8clGAD-YUMF1A9VGTw51vOwGhUo
request client ip:  ::ffff:127.0.0.1
request query:  {"token":"eyJhbGciOiJIUzI1NiIsInR5cCI6IkpXVCJ9.eyJkYXRhIjp7ImlkIjoiMWFkODM2OTAtOGMxMC00MzM3LTk2MjktNWNmMmI4YTJhZjgwIiwibmFtZSI6ImFkbWluIiwiZ2VuZGVyIjp0cnVlLCJlbWFpbCI6IjM3ODMzODYyN0BxcS5jb20ifSwiaWF0IjoxNTA4ODk5NTU1LCJleHAiOjE1MDg5ODU5NTV9.3VOGUZcShDgPq4Mr8clGAD-YUMF1A9VGTw51vOwGhUo"}
response time: 93
response status: 200
response body: 
{"status":0,"data":{"name":"admin","email":"378338627@qq.com","phone":"15822927208","password":"$2a$10$FTTsr0P8vHgxEtFTs7FTHuLS9EEEL34CkH.wE8UDet0MdQ7Hs4l5e","gender":true,"token":"eyJhbGciOiJIUzI1NiIsInR5cCI6IkpXVCJ9.eyJkYXRhIjp7ImlkIjoiMWFkODM2OTAtOGMxMC00MzM3LTk2MjktNWNmMmI4YTJhZjgwIiwibmFtZSI6ImFkbWluIiwiZ2VuZGVyIjp0cnVlLCJlbWFpbCI6IjM3ODMzODYyN0BxcS5jb20ifSwiaWF0IjoxNTA4ODk5NTU1LCJleHAiOjE1MDg5ODU5NTV9.3VOGUZcShDgPq4Mr8clGAD-YUMF1A9VGTw51vOwGhUo","canLogin":true,"status":1,"id":"1ad83690-8c10-4337-9629-5cf2b8a2af80","createdAt":1508374808809,"updatedAt":1508899555555,"version":40}}
*************** response log end ***************

[2017-10-26 08:58:24.031] [INFO] resLogger - 
*************** response log start ***************
request method: GET
request originalUrl:  /api/groups/list?token=eyJhbGciOiJIUzI1NiIsInR5cCI6IkpXVCJ9.eyJkYXRhIjp7ImlkIjoiMWFkODM2OTAtOGMxMC00MzM3LTk2MjktNWNmMmI4YTJhZjgwIiwibmFtZSI6ImFkbWluIiwiZ2VuZGVyIjp0cnVlLCJlbWFpbCI6IjM3ODMzODYyN0BxcS5jb20ifSwiaWF0IjoxNTA4ODk5NTU1LCJleHAiOjE1MDg5ODU5NTV9.3VOGUZcShDgPq4Mr8clGAD-YUMF1A9VGTw51vOwGhUo
request client ip:  ::ffff:127.0.0.1
request query:  {"token":"eyJhbGciOiJIUzI1NiIsInR5cCI6IkpXVCJ9.eyJkYXRhIjp7ImlkIjoiMWFkODM2OTAtOGMxMC00MzM3LTk2MjktNWNmMmI4YTJhZjgwIiwibmFtZSI6ImFkbWluIiwiZ2VuZGVyIjp0cnVlLCJlbWFpbCI6IjM3ODMzODYyN0BxcS5jb20ifSwiaWF0IjoxNTA4ODk5NTU1LCJleHAiOjE1MDg5ODU5NTV9.3VOGUZcShDgPq4Mr8clGAD-YUMF1A9VGTw51vOwGhUo"}
response time: 126
response status: 200
response body: 
{"status":0,"data":[{"name":"控股","description":"group2","status":1,"id":"30e0f985-0394-4f0b-ab7f-898724c99eab","createdAt":1508374809103,"updatedAt":1508374809103,"version":0},{"name":"管委会","description":"group1","status":1,"id":"547bc6ee-2f95-4773-9446-07626a73f044","createdAt":1508374808811,"updatedAt":1508374808811,"version":0}],"total":2}
*************** response log end ***************

[2017-10-26 08:58:24.167] [INFO] resLogger - 
*************** response log start ***************
request method: GET
request originalUrl:  /api/order/getorderno/get/2017/10/26?token=eyJhbGciOiJIUzI1NiIsInR5cCI6IkpXVCJ9.eyJkYXRhIjp7ImlkIjoiMWFkODM2OTAtOGMxMC00MzM3LTk2MjktNWNmMmI4YTJhZjgwIiwibmFtZSI6ImFkbWluIiwiZ2VuZGVyIjp0cnVlLCJlbWFpbCI6IjM3ODMzODYyN0BxcS5jb20ifSwiaWF0IjoxNTA4ODk5NTU1LCJleHAiOjE1MDg5ODU5NTV9.3VOGUZcShDgPq4Mr8clGAD-YUMF1A9VGTw51vOwGhUo
request client ip:  ::ffff:127.0.0.1
request query:  {"token":"eyJhbGciOiJIUzI1NiIsInR5cCI6IkpXVCJ9.eyJkYXRhIjp7ImlkIjoiMWFkODM2OTAtOGMxMC00MzM3LTk2MjktNWNmMmI4YTJhZjgwIiwibmFtZSI6ImFkbWluIiwiZ2VuZGVyIjp0cnVlLCJlbWFpbCI6IjM3ODMzODYyN0BxcS5jb20ifSwiaWF0IjoxNTA4ODk5NTU1LCJleHAiOjE1MDg5ODU5NTV9.3VOGUZcShDgPq4Mr8clGAD-YUMF1A9VGTw51vOwGhUo"}
response time: 57
response status: 200
response body: 
{"status":0,"data":"20171026000"}
*************** response log end ***************

[2017-10-26 08:58:24.894] [INFO] resLogger - 
*************** response log start ***************
request method: GET
request originalUrl:  /api/corporations/list?token=eyJhbGciOiJIUzI1NiIsInR5cCI6IkpXVCJ9.eyJkYXRhIjp7ImlkIjoiMWFkODM2OTAtOGMxMC00MzM3LTk2MjktNWNmMmI4YTJhZjgwIiwibmFtZSI6ImFkbWluIiwiZ2VuZGVyIjp0cnVlLCJlbWFpbCI6IjM3ODMzODYyN0BxcS5jb20ifSwiaWF0IjoxNTA4ODk5NTU1LCJleHAiOjE1MDg5ODU5NTV9.3VOGUZcShDgPq4Mr8clGAD-YUMF1A9VGTw51vOwGhUo&group=30e0f985-0394-4f0b-ab7f-898724c99eab
request client ip:  ::ffff:127.0.0.1
request query:  {"token":"eyJhbGciOiJIUzI1NiIsInR5cCI6IkpXVCJ9.eyJkYXRhIjp7ImlkIjoiMWFkODM2OTAtOGMxMC00MzM3LTk2MjktNWNmMmI4YTJhZjgwIiwibmFtZSI6ImFkbWluIiwiZ2VuZGVyIjp0cnVlLCJlbWFpbCI6IjM3ODMzODYyN0BxcS5jb20ifSwiaWF0IjoxNTA4ODk5NTU1LCJleHAiOjE1MDg5ODU5NTV9.3VOGUZcShDgPq4Mr8clGAD-YUMF1A9VGTw51vOwGhUo","group":"30e0f985-0394-4f0b-ab7f-898724c99eab"}
response time: 113
response status: 200
response body: 
{"status":0,"data":[{"name":"控股公司","description":"控股公司","status":1,"groupId":"30e0f985-0394-4f0b-ab7f-898724c99eab","id":"a94ed403-c060-4901-b1f0-4154a1da0221","createdAt":1508374810533,"updatedAt":1508374810533,"version":0,"group":{"name":"控股","description":"group2","status":1,"id":"30e0f985-0394-4f0b-ab7f-898724c99eab","createdAt":1508374809103,"updatedAt":1508374809103,"version":0}}],"total":1}
*************** response log end ***************

[2017-10-26 08:58:25.146] [INFO] resLogger - 
*************** response log start ***************
request method: GET
request originalUrl:  /api/corpBuildings/list/a94ed403-c060-4901-b1f0-4154a1da0221?token=eyJhbGciOiJIUzI1NiIsInR5cCI6IkpXVCJ9.eyJkYXRhIjp7ImlkIjoiMWFkODM2OTAtOGMxMC00MzM3LTk2MjktNWNmMmI4YTJhZjgwIiwibmFtZSI6ImFkbWluIiwiZ2VuZGVyIjp0cnVlLCJlbWFpbCI6IjM3ODMzODYyN0BxcS5jb20ifSwiaWF0IjoxNTA4ODk5NTU1LCJleHAiOjE1MDg5ODU5NTV9.3VOGUZcShDgPq4Mr8clGAD-YUMF1A9VGTw51vOwGhUo
request client ip:  ::ffff:127.0.0.1
request query:  {"token":"eyJhbGciOiJIUzI1NiIsInR5cCI6IkpXVCJ9.eyJkYXRhIjp7ImlkIjoiMWFkODM2OTAtOGMxMC00MzM3LTk2MjktNWNmMmI4YTJhZjgwIiwibmFtZSI6ImFkbWluIiwiZ2VuZGVyIjp0cnVlLCJlbWFpbCI6IjM3ODMzODYyN0BxcS5jb20ifSwiaWF0IjoxNTA4ODk5NTU1LCJleHAiOjE1MDg5ODU5NTV9.3VOGUZcShDgPq4Mr8clGAD-YUMF1A9VGTw51vOwGhUo"}
response time: 103
response status: 200
response body: 
{"status":0,"data":[{"corporationId":"a94ed403-c060-4901-b1f0-4154a1da0221","buildingId":"5cd7c002-0167-45dc-bf1c-b85572fc656b","floor":7,"position":"A","status":1,"id":"ae989611-646e-430e-9cdd-ed1045021e9f","createdAt":1508374810727,"updatedAt":1508374810727,"version":0,"building":{"name":"商务大厦南楼","address":"南","minfloor":1,"maxfloor":15,"status":1,"id":"5cd7c002-0167-45dc-bf1c-b85572fc656b","createdAt":1508374809260,"updatedAt":1508374809260,"version":0}},{"corporationId":"a94ed403-c060-4901-b1f0-4154a1da0221","buildingId":"5cd7c002-0167-45dc-bf1c-b85572fc656b","floor":6,"position":"A","status":1,"id":"f30aef61-15a8-4228-a913-c5dc6d0dd85c","createdAt":1508374810648,"updatedAt":1508374810648,"version":0,"building":{"name":"商务大厦南楼","address":"南","minfloor":1,"maxfloor":15,"status":1,"id":"5cd7c002-0167-45dc-bf1c-b85572fc656b","createdAt":1508374809260,"updatedAt":1508374809260,"version":0}}],"total":0}
*************** response log end ***************

[2017-10-26 08:58:47.663] [INFO] resLogger - 
*************** response log start ***************
request method: GET
request originalUrl:  /api/user/?token=eyJhbGciOiJIUzI1NiIsInR5cCI6IkpXVCJ9.eyJkYXRhIjp7ImlkIjoiMWFkODM2OTAtOGMxMC00MzM3LTk2MjktNWNmMmI4YTJhZjgwIiwibmFtZSI6ImFkbWluIiwiZ2VuZGVyIjp0cnVlLCJlbWFpbCI6IjM3ODMzODYyN0BxcS5jb20ifSwiaWF0IjoxNTA4ODk5NTU1LCJleHAiOjE1MDg5ODU5NTV9.3VOGUZcShDgPq4Mr8clGAD-YUMF1A9VGTw51vOwGhUo
request client ip:  ::ffff:127.0.0.1
request query:  {"token":"eyJhbGciOiJIUzI1NiIsInR5cCI6IkpXVCJ9.eyJkYXRhIjp7ImlkIjoiMWFkODM2OTAtOGMxMC00MzM3LTk2MjktNWNmMmI4YTJhZjgwIiwibmFtZSI6ImFkbWluIiwiZ2VuZGVyIjp0cnVlLCJlbWFpbCI6IjM3ODMzODYyN0BxcS5jb20ifSwiaWF0IjoxNTA4ODk5NTU1LCJleHAiOjE1MDg5ODU5NTV9.3VOGUZcShDgPq4Mr8clGAD-YUMF1A9VGTw51vOwGhUo"}
response time: 122
response status: 200
response body: 
{"status":0,"data":{"name":"admin","email":"378338627@qq.com","phone":"15822927208","password":"$2a$10$FTTsr0P8vHgxEtFTs7FTHuLS9EEEL34CkH.wE8UDet0MdQ7Hs4l5e","gender":true,"token":"eyJhbGciOiJIUzI1NiIsInR5cCI6IkpXVCJ9.eyJkYXRhIjp7ImlkIjoiMWFkODM2OTAtOGMxMC00MzM3LTk2MjktNWNmMmI4YTJhZjgwIiwibmFtZSI6ImFkbWluIiwiZ2VuZGVyIjp0cnVlLCJlbWFpbCI6IjM3ODMzODYyN0BxcS5jb20ifSwiaWF0IjoxNTA4ODk5NTU1LCJleHAiOjE1MDg5ODU5NTV9.3VOGUZcShDgPq4Mr8clGAD-YUMF1A9VGTw51vOwGhUo","canLogin":true,"status":1,"id":"1ad83690-8c10-4337-9629-5cf2b8a2af80","createdAt":1508374808809,"updatedAt":1508899555555,"version":40}}
*************** response log end ***************

[2017-10-26 08:58:48.180] [INFO] resLogger - 
*************** response log start ***************
request method: GET
request originalUrl:  /api/groups/list?token=eyJhbGciOiJIUzI1NiIsInR5cCI6IkpXVCJ9.eyJkYXRhIjp7ImlkIjoiMWFkODM2OTAtOGMxMC00MzM3LTk2MjktNWNmMmI4YTJhZjgwIiwibmFtZSI6ImFkbWluIiwiZ2VuZGVyIjp0cnVlLCJlbWFpbCI6IjM3ODMzODYyN0BxcS5jb20ifSwiaWF0IjoxNTA4ODk5NTU1LCJleHAiOjE1MDg5ODU5NTV9.3VOGUZcShDgPq4Mr8clGAD-YUMF1A9VGTw51vOwGhUo
request client ip:  ::ffff:127.0.0.1
request query:  {"token":"eyJhbGciOiJIUzI1NiIsInR5cCI6IkpXVCJ9.eyJkYXRhIjp7ImlkIjoiMWFkODM2OTAtOGMxMC00MzM3LTk2MjktNWNmMmI4YTJhZjgwIiwibmFtZSI6ImFkbWluIiwiZ2VuZGVyIjp0cnVlLCJlbWFpbCI6IjM3ODMzODYyN0BxcS5jb20ifSwiaWF0IjoxNTA4ODk5NTU1LCJleHAiOjE1MDg5ODU5NTV9.3VOGUZcShDgPq4Mr8clGAD-YUMF1A9VGTw51vOwGhUo"}
response time: 189
response status: 200
response body: 
{"status":0,"data":[{"name":"控股","description":"group2","status":1,"id":"30e0f985-0394-4f0b-ab7f-898724c99eab","createdAt":1508374809103,"updatedAt":1508374809103,"version":0},{"name":"管委会","description":"group1","status":1,"id":"547bc6ee-2f95-4773-9446-07626a73f044","createdAt":1508374808811,"updatedAt":1508374808811,"version":0}],"total":2}
*************** response log end ***************

[2017-10-26 08:58:48.190] [INFO] resLogger - 
*************** response log start ***************
request method: GET
request originalUrl:  /api/order/getorderno/get/2017/10/26?token=eyJhbGciOiJIUzI1NiIsInR5cCI6IkpXVCJ9.eyJkYXRhIjp7ImlkIjoiMWFkODM2OTAtOGMxMC00MzM3LTk2MjktNWNmMmI4YTJhZjgwIiwibmFtZSI6ImFkbWluIiwiZ2VuZGVyIjp0cnVlLCJlbWFpbCI6IjM3ODMzODYyN0BxcS5jb20ifSwiaWF0IjoxNTA4ODk5NTU1LCJleHAiOjE1MDg5ODU5NTV9.3VOGUZcShDgPq4Mr8clGAD-YUMF1A9VGTw51vOwGhUo
request client ip:  ::ffff:127.0.0.1
request query:  {"token":"eyJhbGciOiJIUzI1NiIsInR5cCI6IkpXVCJ9.eyJkYXRhIjp7ImlkIjoiMWFkODM2OTAtOGMxMC00MzM3LTk2MjktNWNmMmI4YTJhZjgwIiwibmFtZSI6ImFkbWluIiwiZ2VuZGVyIjp0cnVlLCJlbWFpbCI6IjM3ODMzODYyN0BxcS5jb20ifSwiaWF0IjoxNTA4ODk5NTU1LCJleHAiOjE1MDg5ODU5NTV9.3VOGUZcShDgPq4Mr8clGAD-YUMF1A9VGTw51vOwGhUo"}
response time: 83
response status: 200
response body: 
{"status":0,"data":"20171026000"}
*************** response log end ***************

[2017-10-26 08:58:48.448] [INFO] resLogger - 
*************** response log start ***************
request method: GET
request originalUrl:  /api/corporations/list?token=eyJhbGciOiJIUzI1NiIsInR5cCI6IkpXVCJ9.eyJkYXRhIjp7ImlkIjoiMWFkODM2OTAtOGMxMC00MzM3LTk2MjktNWNmMmI4YTJhZjgwIiwibmFtZSI6ImFkbWluIiwiZ2VuZGVyIjp0cnVlLCJlbWFpbCI6IjM3ODMzODYyN0BxcS5jb20ifSwiaWF0IjoxNTA4ODk5NTU1LCJleHAiOjE1MDg5ODU5NTV9.3VOGUZcShDgPq4Mr8clGAD-YUMF1A9VGTw51vOwGhUo&group=30e0f985-0394-4f0b-ab7f-898724c99eab
request client ip:  ::ffff:127.0.0.1
request query:  {"token":"eyJhbGciOiJIUzI1NiIsInR5cCI6IkpXVCJ9.eyJkYXRhIjp7ImlkIjoiMWFkODM2OTAtOGMxMC00MzM3LTk2MjktNWNmMmI4YTJhZjgwIiwibmFtZSI6ImFkbWluIiwiZ2VuZGVyIjp0cnVlLCJlbWFpbCI6IjM3ODMzODYyN0BxcS5jb20ifSwiaWF0IjoxNTA4ODk5NTU1LCJleHAiOjE1MDg5ODU5NTV9.3VOGUZcShDgPq4Mr8clGAD-YUMF1A9VGTw51vOwGhUo","group":"30e0f985-0394-4f0b-ab7f-898724c99eab"}
response time: 109
response status: 200
response body: 
{"status":0,"data":[{"name":"控股公司","description":"控股公司","status":1,"groupId":"30e0f985-0394-4f0b-ab7f-898724c99eab","id":"a94ed403-c060-4901-b1f0-4154a1da0221","createdAt":1508374810533,"updatedAt":1508374810533,"version":0,"group":{"name":"控股","description":"group2","status":1,"id":"30e0f985-0394-4f0b-ab7f-898724c99eab","createdAt":1508374809103,"updatedAt":1508374809103,"version":0}}],"total":1}
*************** response log end ***************

[2017-10-26 08:58:48.532] [INFO] resLogger - 
*************** response log start ***************
request method: GET
request originalUrl:  /api/corpBuildings/list/a94ed403-c060-4901-b1f0-4154a1da0221?token=eyJhbGciOiJIUzI1NiIsInR5cCI6IkpXVCJ9.eyJkYXRhIjp7ImlkIjoiMWFkODM2OTAtOGMxMC00MzM3LTk2MjktNWNmMmI4YTJhZjgwIiwibmFtZSI6ImFkbWluIiwiZ2VuZGVyIjp0cnVlLCJlbWFpbCI6IjM3ODMzODYyN0BxcS5jb20ifSwiaWF0IjoxNTA4ODk5NTU1LCJleHAiOjE1MDg5ODU5NTV9.3VOGUZcShDgPq4Mr8clGAD-YUMF1A9VGTw51vOwGhUo
request client ip:  ::ffff:127.0.0.1
request query:  {"token":"eyJhbGciOiJIUzI1NiIsInR5cCI6IkpXVCJ9.eyJkYXRhIjp7ImlkIjoiMWFkODM2OTAtOGMxMC00MzM3LTk2MjktNWNmMmI4YTJhZjgwIiwibmFtZSI6ImFkbWluIiwiZ2VuZGVyIjp0cnVlLCJlbWFpbCI6IjM3ODMzODYyN0BxcS5jb20ifSwiaWF0IjoxNTA4ODk5NTU1LCJleHAiOjE1MDg5ODU5NTV9.3VOGUZcShDgPq4Mr8clGAD-YUMF1A9VGTw51vOwGhUo"}
response time: 49
response status: 200
response body: 
{"status":0,"data":[{"corporationId":"a94ed403-c060-4901-b1f0-4154a1da0221","buildingId":"5cd7c002-0167-45dc-bf1c-b85572fc656b","floor":7,"position":"A","status":1,"id":"ae989611-646e-430e-9cdd-ed1045021e9f","createdAt":1508374810727,"updatedAt":1508374810727,"version":0,"building":{"name":"商务大厦南楼","address":"南","minfloor":1,"maxfloor":15,"status":1,"id":"5cd7c002-0167-45dc-bf1c-b85572fc656b","createdAt":1508374809260,"updatedAt":1508374809260,"version":0}},{"corporationId":"a94ed403-c060-4901-b1f0-4154a1da0221","buildingId":"5cd7c002-0167-45dc-bf1c-b85572fc656b","floor":6,"position":"A","status":1,"id":"f30aef61-15a8-4228-a913-c5dc6d0dd85c","createdAt":1508374810648,"updatedAt":1508374810648,"version":0,"building":{"name":"商务大厦南楼","address":"南","minfloor":1,"maxfloor":15,"status":1,"id":"5cd7c002-0167-45dc-bf1c-b85572fc656b","createdAt":1508374809260,"updatedAt":1508374809260,"version":0}}],"total":0}
*************** response log end ***************

