[2017-06-29 15:26:49.149] [INFO] resLogger - 
*************** response log start ***************
request method: GET
request originalUrl:  /api/user/?token=undefined
request client ip:  ::1
request query:  {"token":"undefined"}
response time: 7
response status: 200
response body: 
{"name":"jwtError","status":10003,"message":"身份验证错误"}
*************** response log end ***************

[2017-06-29 15:26:49.391] [INFO] resLogger - 
*************** response log start ***************
request method: GET
request originalUrl:  /favicon.ico
request client ip:  ::1
request query:  {}
response time: 2
response status: 200
response body: 
{"status":404,"message":"页面未找到","stack":"url 未定义","name":"page not found"}
*************** response log end ***************

[2017-06-29 15:30:37.632] [INFO] resLogger - 
*************** response log start ***************
request method: GET
request originalUrl:  /api/user/?token=undefined
request client ip:  ::ffff:127.0.0.1
request query:  {"token":"undefined"}
response time: 18
response status: 200
response body: 
{"name":"jwtError","status":10003,"message":"身份验证错误"}
*************** response log end ***************

[2017-06-29 15:30:37.718] [INFO] resLogger - 
*************** response log start ***************
request method: GET
request originalUrl:  /favicon.ico
request client ip:  ::ffff:127.0.0.1
request query:  {}
response time: 17
response status: 200
response body: 
{"status":404,"message":"页面未找到","stack":"url 未定义","name":"page not found"}
*************** response log end ***************

[2017-06-29 15:35:00.347] [INFO] resLogger - 
*************** response log start ***************
request method: GET
request originalUrl:  /api/user/?token=undefined
request client ip:  ::ffff:127.0.0.1
request query:  {"token":"undefined"}
response time: 16
response status: 200
response body: 
{"name":"jwtError","status":10003,"message":"身份验证错误"}
*************** response log end ***************

[2017-06-29 15:53:21.488] [INFO] resLogger - 
*************** response log start ***************
request method: GET
request originalUrl:  /api/user/?token=undefined
request client ip:  ::ffff:127.0.0.1
request query:  {"token":"undefined"}
response time: 11
response status: 200
response body: 
{"name":"jwtError","status":10003,"message":"身份验证错误"}
*************** response log end ***************

