[2017-05-31 09:02:01.317] [INFO] resLogger - 
*************** response log start ***************
request method: GET
request originalUrl:  /admin
request client ip:  ::1
request query:  {}
response time: 1669
response status: 200
response body: 
"<!DOCTYPE html><html lang=\"en\" class=\"fullscreen-bg\"><head><title>登录</title><meta charset=\"utf-8\"><meta http-equiv=\"X-UA-Compatible\" content=\"IE=edge,chrome=1\"><meta name=\"viewport\" content=\"width=device-width, initial-scale=1.0, maximum-scale=1.0, user-scalable=0\"><link rel=\"stylesheet\" href=\"assets/vendor/bootstrap/css/bootstrap.min.css\"><link rel=\"stylesheet\" href=\"assets/vendor/font-awesome/css/font-awesome.min.css\"><link rel=\"stylesheet\" href=\"assets/vendor/linearicons/style.css\"><link rel=\"stylesheet\" href=\"assets/css/main.css\"><link rel=\"stylesheet\" href=\"assets/css/demo.css\"><link rel=\"apple-touch-icon\" sizes=\"76x76\" href=\"assets/img/apple-icon.png\"><link rel=\"icon\" type=\"image/png\" sizes=\"96x96\" href=\"assets/img/favicon.png\"></head><body><div id=\"wrapper\"><div class=\"vertical-align-wrap\"><div class=\"vertical-align-middle\"><div class=\"auth-box\"><div class=\"left\"><div class=\"content\"><div class=\"header\"><p class=\"lead\">登录账户</p></div><form action=\"/admin/login\" class=\"form-auth-small\"><div class=\"form-group\"><label for=\"signin-email\" sr-only class=\"control-label sr-only\">电子邮箱</label><input id=\"signin-email\" type=\"email\" value=\"samuel.gold@domain.com\" placeholder=\"Email\" class=\"form-control\"></div><div class=\"form-group\"><label for=\"signin-password\" sr-only class=\"control-label sr-only\">密码</label><input id=\"signin-password\" type=\"password\" value=\"thisisthepassword\" placeholder=\"Password\" class=\"form-control form-control\"></div><div class=\"form-group clearfix\"><label class=\"fancy-checkbox element-left\"><input type=\"checkbox\"><span>记住我</span></label></div><button type=\"submit\" class=\"btn btn-primary btn-lg btn-block\">登录</button><div class=\"bottom\"><span class=\"helper-text\"><i class=\"fa fa-lock\"></i><a href=\"#\">忘记密码？</a></span></div></form></div></div><div class=\"right\"><div class=\"overlay\"></div></div><div class=\"clearfix\"></div></div></div></div></div></body></html>"
*************** response log end ***************

[2017-05-31 09:04:21.050] [INFO] resLogger - 
*************** response log start ***************
request method: GET
request originalUrl:  /admin/login?
request client ip:  ::1
request query:  {}
response time: 1
response status: 404
response body: 
undefined
*************** response log end ***************

[2017-05-31 09:04:21.081] [INFO] resLogger - 
*************** response log start ***************
request method: GET
request originalUrl:  /favicon.ico
request client ip:  ::1
request query:  {}
response time: 1
response status: 404
response body: 
undefined
*************** response log end ***************

[2017-05-31 09:05:20.752] [INFO] resLogger - 
*************** response log start ***************
request method: GET
request originalUrl:  /admin
request client ip:  ::1
request query:  {}
response time: 173
response status: 200
response body: 
"<!DOCTYPE html><html lang=\"en\" class=\"fullscreen-bg\"><head><title>登录</title><meta charset=\"utf-8\"><meta http-equiv=\"X-UA-Compatible\" content=\"IE=edge,chrome=1\"><meta name=\"viewport\" content=\"width=device-width, initial-scale=1.0, maximum-scale=1.0, user-scalable=0\"><link rel=\"stylesheet\" href=\"assets/vendor/bootstrap/css/bootstrap.min.css\"><link rel=\"stylesheet\" href=\"assets/vendor/font-awesome/css/font-awesome.min.css\"><link rel=\"stylesheet\" href=\"assets/vendor/linearicons/style.css\"><link rel=\"stylesheet\" href=\"assets/css/main.css\"><link rel=\"stylesheet\" href=\"assets/css/demo.css\"><link rel=\"apple-touch-icon\" sizes=\"76x76\" href=\"assets/img/apple-icon.png\"><link rel=\"icon\" type=\"image/png\" sizes=\"96x96\" href=\"assets/img/favicon.png\"></head><body><div id=\"wrapper\"><div class=\"vertical-align-wrap\"><div class=\"vertical-align-middle\"><div class=\"auth-box\"><div class=\"left\"><div class=\"content\"><div class=\"header\"><p class=\"lead\">登录账户</p></div><form action=\"/admin/login\" method=\"POST\" class=\"form-auth-small\"><div class=\"form-group\"><label for=\"signin-email\" sr-only class=\"control-label sr-only\">电子邮箱</label><input id=\"signin-email\" type=\"email\" value=\"samuel.gold@domain.com\" placeholder=\"Email\" class=\"form-control\"></div><div class=\"form-group\"><label for=\"signin-password\" sr-only class=\"control-label sr-only\">密码</label><input id=\"signin-password\" type=\"password\" value=\"thisisthepassword\" placeholder=\"Password\" class=\"form-control form-control\"></div><div class=\"form-group clearfix\"><label class=\"fancy-checkbox element-left\"><input type=\"checkbox\"><span>记住我</span></label></div><button type=\"submit\" class=\"btn btn-primary btn-lg btn-block\">登录</button><div class=\"bottom\"><span class=\"helper-text\"><i class=\"fa fa-lock\"></i><a href=\"#\">忘记密码？</a></span></div></form></div></div><div class=\"right\"><div class=\"overlay\"></div></div><div class=\"clearfix\"></div></div></div></div></div></body></html>"
*************** response log end ***************

[2017-05-31 09:05:49.484] [INFO] resLogger - 
*************** response log start ***************
request method: GET
request originalUrl:  /admin
request client ip:  ::1
request query:  {}
response time: 156
response status: 200
response body: 
"<!DOCTYPE html><html lang=\"en\" class=\"fullscreen-bg\"><head><title>登录</title><meta charset=\"utf-8\"><meta http-equiv=\"X-UA-Compatible\" content=\"IE=edge,chrome=1\"><meta name=\"viewport\" content=\"width=device-width, initial-scale=1.0, maximum-scale=1.0, user-scalable=0\"><link rel=\"stylesheet\" href=\"assets/vendor/bootstrap/css/bootstrap.min.css\"><link rel=\"stylesheet\" href=\"assets/vendor/font-awesome/css/font-awesome.min.css\"><link rel=\"stylesheet\" href=\"assets/vendor/linearicons/style.css\"><link rel=\"stylesheet\" href=\"assets/css/main.css\"><link rel=\"stylesheet\" href=\"assets/css/demo.css\"><link rel=\"apple-touch-icon\" sizes=\"76x76\" href=\"assets/img/apple-icon.png\"><link rel=\"icon\" type=\"image/png\" sizes=\"96x96\" href=\"assets/img/favicon.png\"></head><body><div id=\"wrapper\"><div class=\"vertical-align-wrap\"><div class=\"vertical-align-middle\"><div class=\"auth-box\"><div class=\"left\"><div class=\"content\"><div class=\"header\"><p class=\"lead\">登录账户</p></div><form action=\"/admin/login\" method=\"POST\" class=\"form-auth-small\"><div class=\"form-group\"><label for=\"signin-email\" sr-only class=\"control-label sr-only\">电子邮箱</label><input id=\"signin-email\" type=\"email\" value=\"samuel.gold@domain.com\" placeholder=\"Email\" class=\"form-control\"></div><div class=\"form-group\"><label for=\"signin-password\" sr-only class=\"control-label sr-only\">密码</label><input id=\"signin-password\" type=\"password\" value=\"thisisthepassword\" placeholder=\"Password\" class=\"form-control form-control\"></div><div class=\"form-group clearfix\"><label class=\"fancy-checkbox element-left\"><input type=\"checkbox\"><span>记住我</span></label></div><button type=\"submit\" class=\"btn btn-primary btn-lg btn-block\">登录</button><div class=\"bottom\"><span class=\"helper-text\"><i class=\"fa fa-lock\"></i><a href=\"#\">忘记密码？</a></span></div></form></div></div><div class=\"right\"><div class=\"overlay\"></div></div><div class=\"clearfix\"></div></div></div></div></div></body></html>"
*************** response log end ***************

[2017-05-31 09:06:56.436] [INFO] resLogger - 
*************** response log start ***************
request method: GET
request originalUrl:  /admin
request client ip:  ::1
request query:  {}
response time: 65
response status: 200
response body: 
"<!DOCTYPE html><html lang=\"en\" class=\"fullscreen-bg\"><head><title>登录</title><meta charset=\"utf-8\"><meta http-equiv=\"X-UA-Compatible\" content=\"IE=edge,chrome=1\"><meta name=\"viewport\" content=\"width=device-width, initial-scale=1.0, maximum-scale=1.0, user-scalable=0\"><link rel=\"stylesheet\" href=\"assets/vendor/bootstrap/css/bootstrap.min.css\"><link rel=\"stylesheet\" href=\"assets/vendor/font-awesome/css/font-awesome.min.css\"><link rel=\"stylesheet\" href=\"assets/vendor/linearicons/style.css\"><link rel=\"stylesheet\" href=\"assets/css/main.css\"><link rel=\"stylesheet\" href=\"assets/css/demo.css\"><link rel=\"apple-touch-icon\" sizes=\"76x76\" href=\"assets/img/apple-icon.png\"><link rel=\"icon\" type=\"image/png\" sizes=\"96x96\" href=\"assets/img/favicon.png\"></head><body><div id=\"wrapper\"><div class=\"vertical-align-wrap\"><div class=\"vertical-align-middle\"><div class=\"auth-box\"><div class=\"left\"><div class=\"content\"><div class=\"header\"><p class=\"lead\">登录账户</p></div><form action=\"/admin/login\" method=\"POST\" class=\"form-auth-small\"><div class=\"form-group\"><label for=\"signin-email\" sr-only class=\"control-label sr-only\">用户名</label><input id=\"signin-email\" type=\"email\" value=\"samuel.gold@domain.com\" placeholder=\"用户名\" name=\"username\" class=\"form-control\"></div><div class=\"form-group\"><label for=\"signin-password\" sr-only class=\"control-label sr-only\">密码</label><input id=\"signin-password\" type=\"password\" value=\"thisisthepassword\" placeholder=\"Password\" name=\"password\" class=\"form-control form-control\"></div><div class=\"form-group clearfix\"><label class=\"fancy-checkbox element-left\"><input type=\"checkbox\"><span>记住我</span></label></div><button type=\"submit\" class=\"btn btn-primary btn-lg btn-block\">登录</button><div class=\"bottom\"><span class=\"helper-text\"><i class=\"fa fa-lock\"></i><a href=\"#\">忘记密码？</a></span></div></form></div></div><div class=\"right\"><div class=\"overlay\"></div></div><div class=\"clearfix\"></div></div></div></div></div></body></html>"
*************** response log end ***************

[2017-05-31 09:09:01.440] [INFO] resLogger - 
*************** response log start ***************
request method: GET
request originalUrl:  /admin
request client ip:  ::ffff:127.0.0.1
request query:  {}
response time: 518
response status: 200
response body: 
"<!DOCTYPE html><html lang=\"en\" class=\"fullscreen-bg\"><head><title>登录</title><meta charset=\"utf-8\"><meta http-equiv=\"X-UA-Compatible\" content=\"IE=edge,chrome=1\"><meta name=\"viewport\" content=\"width=device-width, initial-scale=1.0, maximum-scale=1.0, user-scalable=0\"><link rel=\"stylesheet\" href=\"assets/vendor/bootstrap/css/bootstrap.min.css\"><link rel=\"stylesheet\" href=\"assets/vendor/font-awesome/css/font-awesome.min.css\"><link rel=\"stylesheet\" href=\"assets/vendor/linearicons/style.css\"><link rel=\"stylesheet\" href=\"assets/css/main.css\"><link rel=\"stylesheet\" href=\"assets/css/demo.css\"><link rel=\"apple-touch-icon\" sizes=\"76x76\" href=\"assets/img/apple-icon.png\"><link rel=\"icon\" type=\"image/png\" sizes=\"96x96\" href=\"assets/img/favicon.png\"></head><body><div id=\"wrapper\"><div class=\"vertical-align-wrap\"><div class=\"vertical-align-middle\"><div class=\"auth-box\"><div class=\"left\"><div class=\"content\"><div class=\"header\"><p class=\"lead\">登录账户</p></div><form action=\"/admin/login\" method=\"POST\" class=\"form-auth-small\"><div class=\"form-group\"><label for=\"signin-email\" sr-only class=\"control-label sr-only\">用户名</label><input id=\"signin-email\" type=\"email\" value=\"samuel.gold@domain.com\" placeholder=\"用户名\" name=\"username\" class=\"form-control\"></div><div class=\"form-group\"><label for=\"signin-password\" sr-only class=\"control-label sr-only\">密码</label><input id=\"signin-password\" type=\"password\" value=\"thisisthepassword\" placeholder=\"Password\" name=\"password\" class=\"form-control form-control\"></div><div class=\"form-group clearfix\"><label class=\"fancy-checkbox element-left\"><input type=\"checkbox\"><span>记住我</span></label></div><button type=\"submit\" class=\"btn btn-primary btn-lg btn-block\">登录</button><div class=\"bottom\"><span class=\"helper-text\"><i class=\"fa fa-lock\"></i><a href=\"#\">忘记密码？</a></span></div></form></div></div><div class=\"right\"><div class=\"overlay\"></div></div><div class=\"clearfix\"></div></div></div></div></div></body></html>"
*************** response log end ***************

[2017-05-31 09:10:54.771] [INFO] resLogger - 
*************** response log start ***************
request method: GET
request originalUrl:  /admin
request client ip:  ::ffff:127.0.0.1
request query:  {}
response time: 558
response status: 200
response body: 
"<!DOCTYPE html><html lang=\"en\" class=\"fullscreen-bg\"><head><title>登录</title><meta charset=\"utf-8\"><meta http-equiv=\"X-UA-Compatible\" content=\"IE=edge,chrome=1\"><meta name=\"viewport\" content=\"width=device-width, initial-scale=1.0, maximum-scale=1.0, user-scalable=0\"><link rel=\"stylesheet\" href=\"assets/vendor/bootstrap/css/bootstrap.min.css\"><link rel=\"stylesheet\" href=\"assets/vendor/font-awesome/css/font-awesome.min.css\"><link rel=\"stylesheet\" href=\"assets/vendor/linearicons/style.css\"><link rel=\"stylesheet\" href=\"assets/css/main.css\"><link rel=\"stylesheet\" href=\"assets/css/demo.css\"><link rel=\"apple-touch-icon\" sizes=\"76x76\" href=\"assets/img/apple-icon.png\"><link rel=\"icon\" type=\"image/png\" sizes=\"96x96\" href=\"assets/img/favicon.png\"></head><body><div id=\"wrapper\"><div class=\"vertical-align-wrap\"><div class=\"vertical-align-middle\"><div class=\"auth-box\"><div class=\"left\"><div class=\"content\"><div class=\"header\"><p class=\"lead\">登录账户</p></div><form action=\"/admin/login\" method=\"POST\" class=\"form-auth-small\"><div class=\"form-group\"><label for=\"signin-email\" sr-only class=\"control-label sr-only\">用户名</label><input id=\"signin-email\" type=\"email\" value=\"samuel.gold@domain.com\" placeholder=\"用户名\" name=\"username\" class=\"form-control\"></div><div class=\"form-group\"><label for=\"signin-password\" sr-only class=\"control-label sr-only\">密码</label><input id=\"signin-password\" type=\"password\" value=\"thisisthepassword\" placeholder=\"Password\" name=\"password\" class=\"form-control form-control\"></div><div class=\"form-group clearfix\"><label class=\"fancy-checkbox element-left\"><input type=\"checkbox\"><span>记住我</span></label></div><button type=\"submit\" class=\"btn btn-primary btn-lg btn-block\">登录</button><div class=\"bottom\"><span class=\"helper-text\"><i class=\"fa fa-lock\"></i><a href=\"#\">忘记密码？</a></span></div></form></div></div><div class=\"right\"><div class=\"overlay\"></div></div><div class=\"clearfix\"></div></div></div></div></div></body></html>"
*************** response log end ***************

[2017-05-31 09:21:13.140] [INFO] resLogger - 
*************** response log start ***************
request method: GET
request originalUrl:  /admin
request client ip:  ::1
request query:  {}
response time: 538
response status: 200
response body: 
"<!DOCTYPE html><html lang=\"en\" class=\"fullscreen-bg\"><head><title>登录</title><meta charset=\"utf-8\"><meta http-equiv=\"X-UA-Compatible\" content=\"IE=edge,chrome=1\"><meta name=\"viewport\" content=\"width=device-width, initial-scale=1.0, maximum-scale=1.0, user-scalable=0\"><link rel=\"stylesheet\" href=\"assets/vendor/bootstrap/css/bootstrap.min.css\"><link rel=\"stylesheet\" href=\"assets/vendor/font-awesome/css/font-awesome.min.css\"><link rel=\"stylesheet\" href=\"assets/vendor/linearicons/style.css\"><link rel=\"stylesheet\" href=\"assets/css/main.css\"><link rel=\"stylesheet\" href=\"assets/css/demo.css\"><link rel=\"apple-touch-icon\" sizes=\"76x76\" href=\"assets/img/apple-icon.png\"><link rel=\"icon\" type=\"image/png\" sizes=\"96x96\" href=\"assets/img/favicon.png\"></head><body><div id=\"wrapper\"><div class=\"vertical-align-wrap\"><div class=\"vertical-align-middle\"><div class=\"auth-box\"><div class=\"left\"><div class=\"content\"><div class=\"header\"><p class=\"lead\">登录账户</p></div><form action=\"/admin/login\" method=\"POST\" class=\"form-auth-small\"><div class=\"form-group\"><label for=\"signin-email\" sr-only class=\"control-label sr-only\">用户名</label><input id=\"signin-email\" type=\"email\" value=\"samuel.gold@domain.com\" placeholder=\"用户名\" name=\"username\" class=\"form-control\"></div><div class=\"form-group\"><label for=\"signin-password\" sr-only class=\"control-label sr-only\">密码</label><input id=\"signin-password\" type=\"password\" value=\"thisisthepassword\" placeholder=\"Password\" name=\"password\" class=\"form-control form-control\"></div><div class=\"form-group clearfix\"><label class=\"fancy-checkbox element-left\"><input type=\"checkbox\"><span>记住我</span></label></div><button type=\"submit\" class=\"btn btn-primary btn-lg btn-block\">登录</button><div class=\"bottom\"><span class=\"helper-text\"><i class=\"fa fa-lock\"></i><a href=\"#\">忘记密码？</a></span></div></form></div></div><div class=\"right\"><div class=\"overlay\"></div></div><div class=\"clearfix\"></div></div></div></div></div></body></html>"
*************** response log end ***************

[2017-05-31 09:22:50.793] [INFO] resLogger - 
*************** response log start ***************
request method: GET
request originalUrl:  /admin
request client ip:  ::1
request query:  {}
response time: 540
response status: 200
response body: 
"<!DOCTYPE html><html lang=\"en\" class=\"fullscreen-bg\"><head><title>登录</title><meta charset=\"utf-8\"><meta http-equiv=\"X-UA-Compatible\" content=\"IE=edge,chrome=1\"><meta name=\"viewport\" content=\"width=device-width, initial-scale=1.0, maximum-scale=1.0, user-scalable=0\"><link rel=\"stylesheet\" href=\"assets/vendor/bootstrap/css/bootstrap.min.css\"><link rel=\"stylesheet\" href=\"assets/vendor/font-awesome/css/font-awesome.min.css\"><link rel=\"stylesheet\" href=\"assets/vendor/linearicons/style.css\"><link rel=\"stylesheet\" href=\"assets/css/main.css\"><link rel=\"stylesheet\" href=\"assets/css/demo.css\"><link rel=\"apple-touch-icon\" sizes=\"76x76\" href=\"assets/img/apple-icon.png\"><link rel=\"icon\" type=\"image/png\" sizes=\"96x96\" href=\"assets/img/favicon.png\"></head><body><div id=\"wrapper\"><div class=\"vertical-align-wrap\"><div class=\"vertical-align-middle\"><div class=\"auth-box\"><div class=\"left\"><div class=\"content\"><div class=\"header\"><p class=\"lead\">登录账户</p></div><form action=\"/admin/login\" method=\"POST\" class=\"form-auth-small\"><div class=\"form-group\"><label for=\"signin-email\" sr-only class=\"control-label sr-only\">用户名</label><input id=\"signin-email\" type=\"email\" value=\"samuel.gold@domain.com\" placeholder=\"用户名\" name=\"username\" class=\"form-control\"></div><div class=\"form-group\"><label for=\"signin-password\" sr-only class=\"control-label sr-only\">密码</label><input id=\"signin-password\" type=\"password\" value=\"thisisthepassword\" placeholder=\"Password\" name=\"password\" class=\"form-control form-control\"></div><div class=\"form-group clearfix\"><label class=\"fancy-checkbox element-left\"><input type=\"checkbox\"><span>记住我</span></label></div><button type=\"submit\" class=\"btn btn-primary btn-lg btn-block\">登录</button><div class=\"bottom\"><span class=\"helper-text\"><i class=\"fa fa-lock\"></i><a href=\"#\">忘记密码？</a></span></div></form></div></div><div class=\"right\"><div class=\"overlay\"></div></div><div class=\"clearfix\"></div></div></div></div></div></body></html>"
*************** response log end ***************

[2017-05-31 09:23:22.468] [INFO] resLogger - 
*************** response log start ***************
request method: GET
request originalUrl:  /admin
request client ip:  ::1
request query:  {}
response time: 561
response status: 200
response body: 
"<!DOCTYPE html><html lang=\"en\" class=\"fullscreen-bg\"><head><title>登录</title><meta charset=\"utf-8\"><meta http-equiv=\"X-UA-Compatible\" content=\"IE=edge,chrome=1\"><meta name=\"viewport\" content=\"width=device-width, initial-scale=1.0, maximum-scale=1.0, user-scalable=0\"><link rel=\"stylesheet\" href=\"assets/vendor/bootstrap/css/bootstrap.min.css\"><link rel=\"stylesheet\" href=\"assets/vendor/font-awesome/css/font-awesome.min.css\"><link rel=\"stylesheet\" href=\"assets/vendor/linearicons/style.css\"><link rel=\"stylesheet\" href=\"assets/css/main.css\"><link rel=\"stylesheet\" href=\"assets/css/demo.css\"><link rel=\"apple-touch-icon\" sizes=\"76x76\" href=\"assets/img/apple-icon.png\"><link rel=\"icon\" type=\"image/png\" sizes=\"96x96\" href=\"assets/img/favicon.png\"></head><body><div id=\"wrapper\"><div class=\"vertical-align-wrap\"><div class=\"vertical-align-middle\"><div class=\"auth-box\"><div class=\"left\"><div class=\"content\"><div class=\"header\"><p class=\"lead\">登录账户</p></div><form action=\"/admin/login\" method=\"POST\" class=\"form-auth-small\"><div class=\"form-group\"><label for=\"signin-email\" sr-only class=\"control-label sr-only\">用户名</label><input id=\"signin-email\" type=\"email\" value=\"samuel.gold@domain.com\" placeholder=\"用户名\" name=\"username\" class=\"form-control\"></div><div class=\"form-group\"><label for=\"signin-password\" sr-only class=\"control-label sr-only\">密码</label><input id=\"signin-password\" type=\"password\" value=\"thisisthepassword\" placeholder=\"Password\" name=\"password\" class=\"form-control form-control\"></div><div class=\"form-group clearfix\"><label class=\"fancy-checkbox element-left\"><input type=\"checkbox\"><span>记住我</span></label></div><button type=\"submit\" class=\"btn btn-primary btn-lg btn-block\">登录</button><div class=\"bottom\"><span class=\"helper-text\"><i class=\"fa fa-lock\"></i><a href=\"#\">忘记密码？</a></span></div></form></div></div><div class=\"right\"><div class=\"overlay\"></div></div><div class=\"clearfix\"></div></div></div></div></div></body></html>"
*************** response log end ***************

[2017-05-31 09:26:44.926] [INFO] resLogger - 
*************** response log start ***************
request method: GET
request originalUrl:  /admin
request client ip:  ::1
request query:  {}
response time: 507
response status: 200
response body: 
"<!DOCTYPE html><html lang=\"en\" class=\"fullscreen-bg\"><head><title>登录</title><meta charset=\"utf-8\"><meta http-equiv=\"X-UA-Compatible\" content=\"IE=edge,chrome=1\"><meta name=\"viewport\" content=\"width=device-width, initial-scale=1.0, maximum-scale=1.0, user-scalable=0\"><link rel=\"stylesheet\" href=\"assets/vendor/bootstrap/css/bootstrap.min.css\"><link rel=\"stylesheet\" href=\"assets/vendor/font-awesome/css/font-awesome.min.css\"><link rel=\"stylesheet\" href=\"assets/vendor/linearicons/style.css\"><link rel=\"stylesheet\" href=\"assets/css/main.css\"><link rel=\"stylesheet\" href=\"assets/css/demo.css\"><link rel=\"apple-touch-icon\" sizes=\"76x76\" href=\"assets/img/apple-icon.png\"><link rel=\"icon\" type=\"image/png\" sizes=\"96x96\" href=\"assets/img/favicon.png\"></head><body><div id=\"wrapper\"><div class=\"vertical-align-wrap\"><div class=\"vertical-align-middle\"><div class=\"auth-box\"><div class=\"left\"><div class=\"content\"><div class=\"header\"><p class=\"lead\">登录账户</p></div><form action=\"/admin/login\" method=\"POST\" class=\"form-auth-small\"><div class=\"form-group\"><label for=\"signin-email\" sr-only class=\"control-label sr-only\">用户名</label><input id=\"signin-email\" type=\"email\" value=\"samuel.gold@domain.com\" placeholder=\"用户名\" name=\"username\" class=\"form-control\"></div><div class=\"form-group\"><label for=\"signin-password\" sr-only class=\"control-label sr-only\">密码</label><input id=\"signin-password\" type=\"password\" value=\"thisisthepassword\" placeholder=\"Password\" name=\"password\" class=\"form-control form-control\"></div><div class=\"form-group clearfix\"><label class=\"fancy-checkbox element-left\"><input type=\"checkbox\"><span>记住我</span></label></div><button type=\"submit\" class=\"btn btn-primary btn-lg btn-block\">登录</button><div class=\"bottom\"><span class=\"helper-text\"><i class=\"fa fa-lock\"></i><a href=\"#\">忘记密码？</a></span></div></form></div></div><div class=\"right\"><div class=\"overlay\"></div></div><div class=\"clearfix\"></div></div></div></div></div></body></html>"
*************** response log end ***************

[2017-05-31 09:27:03.083] [INFO] resLogger - 
*************** response log start ***************
request method: GET
request originalUrl:  /admin
request client ip:  ::1
request query:  {}
response time: 159
response status: 200
response body: 
"<!DOCTYPE html><html lang=\"en\" class=\"fullscreen-bg\"><head><title>登录</title><meta charset=\"utf-8\"><meta http-equiv=\"X-UA-Compatible\" content=\"IE=edge,chrome=1\"><meta name=\"viewport\" content=\"width=device-width, initial-scale=1.0, maximum-scale=1.0, user-scalable=0\"><link rel=\"stylesheet\" href=\"assets/vendor/bootstrap/css/bootstrap.min.css\"><link rel=\"stylesheet\" href=\"assets/vendor/font-awesome/css/font-awesome.min.css\"><link rel=\"stylesheet\" href=\"assets/vendor/linearicons/style.css\"><link rel=\"stylesheet\" href=\"assets/css/main.css\"><link rel=\"stylesheet\" href=\"assets/css/demo.css\"><link rel=\"apple-touch-icon\" sizes=\"76x76\" href=\"assets/img/apple-icon.png\"><link rel=\"icon\" type=\"image/png\" sizes=\"96x96\" href=\"assets/img/favicon.png\"></head><body><div id=\"wrapper\"><div class=\"vertical-align-wrap\"><div class=\"vertical-align-middle\"><div class=\"auth-box\"><div class=\"left\"><div class=\"content\"><div class=\"header\"><p class=\"lead\">登录账户</p></div><form action=\"/admin/login\" method=\"POST\" class=\"form-auth-small\"><div class=\"form-group\"><label for=\"signin-email\" sr-only class=\"control-label sr-only\">用户名</label><input id=\"signin-email\" type=\"email\" value=\"samuel.gold@domain.com\" placeholder=\"用户名\" name=\"username\" class=\"form-control\"></div><div class=\"form-group\"><label for=\"signin-password\" sr-only class=\"control-label sr-only\">密码</label><input id=\"signin-password\" type=\"password\" value=\"thisisthepassword\" placeholder=\"Password\" name=\"password\" class=\"form-control form-control\"></div><div class=\"form-group clearfix\"><label class=\"fancy-checkbox element-left\"><input type=\"checkbox\"><span>记住我</span></label></div><button type=\"submit\" class=\"btn btn-primary btn-lg btn-block\">登录</button><div class=\"bottom\"><span class=\"helper-text\"><i class=\"fa fa-lock\"></i><a href=\"#\">忘记密码？</a></span></div></form></div></div><div class=\"right\"><div class=\"overlay\"></div></div><div class=\"clearfix\"></div></div></div></div></div></body></html>"
*************** response log end ***************

[2017-05-31 09:36:29.338] [INFO] resLogger - 
*************** response log start ***************
request method: GET
request originalUrl:  /admin
request client ip:  ::1
request query:  {}
response time: 594
response status: 200
response body: 
"<!DOCTYPE html><html lang=\"zh\" class=\"fullscreen-bg\"><head><title>登录</title><meta charset=\"utf-8\"><meta http-equiv=\"X-UA-Compatible\" content=\"IE=edge,chrome=1\"><meta name=\"viewport\" content=\"width=device-width, initial-scale=1.0, maximum-scale=1.0, user-scalable=0\"><link rel=\"stylesheet\" href=\"assets/vendor/bootstrap/css/bootstrap.min.css\"><link rel=\"stylesheet\" href=\"assets/vendor/font-awesome/css/font-awesome.min.css\"><link rel=\"stylesheet\" href=\"assets/vendor/linearicons/style.css\"><link rel=\"stylesheet\" href=\"assets/css/main.css\"><link rel=\"stylesheet\" href=\"assets/css/demo.css\"><link rel=\"apple-touch-icon\" sizes=\"76x76\" href=\"assets/img/apple-icon.png\"><link rel=\"icon\" type=\"image/png\" sizes=\"96x96\" href=\"assets/img/favicon.png\"></head><body><div id=\"wrapper\"><div class=\"vertical-align-wrap\"><div class=\"vertical-align-middle\"><div class=\"auth-box\"><div class=\"left\"><div class=\"content\"><div class=\"header\"><p class=\"lead\">登录账户</p></div><form action=\"/admin/login\" method=\"POST\" class=\"form-auth-small\"><div class=\"form-group\"><label for=\"signin-email\" sr-only class=\"control-label sr-only\">用户名</label><input id=\"signin-email\" type=\"email\" value=\"samuel.gold@domain.com\" placeholder=\"用户名\" name=\"username\" class=\"form-control\"></div><div class=\"form-group\"><label for=\"signin-password\" sr-only class=\"control-label sr-only\">密码</label><input id=\"signin-password\" type=\"password\" value=\"thisisthepassword\" placeholder=\"Password\" name=\"password\" class=\"form-control form-control\"></div><div class=\"form-group clearfix\"><label class=\"fancy-checkbox element-left\"><input type=\"checkbox\"><span>记住我</span></label></div><button type=\"submit\" class=\"btn btn-primary btn-lg btn-block\">登录</button><div class=\"bottom\"><span class=\"helper-text\"><i class=\"fa fa-lock\"></i><a href=\"#\">忘记密码？</a></span></div></form></div></div><div class=\"right\"><div class=\"overlay\"></div></div><div class=\"clearfix\"></div></div></div></div></div></body></html>"
*************** response log end ***************

