[2017-10-30 12:01:02.444] [INFO] resLogger - 
*************** response log start ***************
request method: GET
request originalUrl:  /api/user/?token=eyJhbGciOiJIUzI1NiIsInR5cCI6IkpXVCJ9.eyJkYXRhIjp7ImlkIjoiMWFkODM2OTAtOGMxMC00MzM3LTk2MjktNWNmMmI4YTJhZjgwIiwibmFtZSI6ImFkbWluIiwiZ2VuZGVyIjp0cnVlLCJlbWFpbCI6IjM3ODMzODYyN0BxcS5jb20ifSwiaWF0IjoxNTA5MzIzNDI0LCJleHAiOjE1MDk0MDk4MjR9.0snz0OoMte-nTQHE4kbizqr2mWML75GGVgPTcasbyx8
request client ip:  ::ffff:127.0.0.1
request query:  {"token":"eyJhbGciOiJIUzI1NiIsInR5cCI6IkpXVCJ9.eyJkYXRhIjp7ImlkIjoiMWFkODM2OTAtOGMxMC00MzM3LTk2MjktNWNmMmI4YTJhZjgwIiwibmFtZSI6ImFkbWluIiwiZ2VuZGVyIjp0cnVlLCJlbWFpbCI6IjM3ODMzODYyN0BxcS5jb20ifSwiaWF0IjoxNTA5MzIzNDI0LCJleHAiOjE1MDk0MDk4MjR9.0snz0OoMte-nTQHE4kbizqr2mWML75GGVgPTcasbyx8"}
response time: 123
response status: 200
response body: 
{"status":0,"data":{"name":"admin","email":"378338627@qq.com","phone":"15822927208","password":"$2a$10$FTTsr0P8vHgxEtFTs7FTHuLS9EEEL34CkH.wE8UDet0MdQ7Hs4l5e","gender":true,"token":"eyJhbGciOiJIUzI1NiIsInR5cCI6IkpXVCJ9.eyJkYXRhIjp7ImlkIjoiMWFkODM2OTAtOGMxMC00MzM3LTk2MjktNWNmMmI4YTJhZjgwIiwibmFtZSI6ImFkbWluIiwiZ2VuZGVyIjp0cnVlLCJlbWFpbCI6IjM3ODMzODYyN0BxcS5jb20ifSwiaWF0IjoxNTA5MzIzNDI0LCJleHAiOjE1MDk0MDk4MjR9.0snz0OoMte-nTQHE4kbizqr2mWML75GGVgPTcasbyx8","canLogin":true,"status":1,"id":"1ad83690-8c10-4337-9629-5cf2b8a2af80","createdAt":1508374808809,"updatedAt":1509323424899,"version":43}}
*************** response log end ***************

[2017-10-30 12:15:07.338] [INFO] resLogger - 
*************** response log start ***************
request method: GET
request originalUrl:  /
request client ip:  ::ffff:127.0.0.1
request query:  {}
response time: 11
response status: 200
response body: 
{"name":"jwtError","status":10003,"message":"身份验证错误！"}
*************** response log end ***************

[2017-10-30 12:58:51.818] [INFO] resLogger - 
*************** response log start ***************
request method: GET
request originalUrl:  /api/user/?token=eyJhbGciOiJIUzI1NiIsInR5cCI6IkpXVCJ9.eyJkYXRhIjp7ImlkIjoiMWFkODM2OTAtOGMxMC00MzM3LTk2MjktNWNmMmI4YTJhZjgwIiwibmFtZSI6ImFkbWluIiwiZ2VuZGVyIjp0cnVlLCJlbWFpbCI6IjM3ODMzODYyN0BxcS5jb20ifSwiaWF0IjoxNTA5MzIzNDI0LCJleHAiOjE1MDk0MDk4MjR9.0snz0OoMte-nTQHE4kbizqr2mWML75GGVgPTcasbyx8
request client ip:  ::ffff:127.0.0.1
request query:  {"token":"eyJhbGciOiJIUzI1NiIsInR5cCI6IkpXVCJ9.eyJkYXRhIjp7ImlkIjoiMWFkODM2OTAtOGMxMC00MzM3LTk2MjktNWNmMmI4YTJhZjgwIiwibmFtZSI6ImFkbWluIiwiZ2VuZGVyIjp0cnVlLCJlbWFpbCI6IjM3ODMzODYyN0BxcS5jb20ifSwiaWF0IjoxNTA5MzIzNDI0LCJleHAiOjE1MDk0MDk4MjR9.0snz0OoMte-nTQHE4kbizqr2mWML75GGVgPTcasbyx8"}
response time: 182
response status: 200
response body: 
{"status":0,"data":{"name":"admin","email":"378338627@qq.com","phone":"15822927208","password":"$2a$10$FTTsr0P8vHgxEtFTs7FTHuLS9EEEL34CkH.wE8UDet0MdQ7Hs4l5e","gender":true,"token":"eyJhbGciOiJIUzI1NiIsInR5cCI6IkpXVCJ9.eyJkYXRhIjp7ImlkIjoiMWFkODM2OTAtOGMxMC00MzM3LTk2MjktNWNmMmI4YTJhZjgwIiwibmFtZSI6ImFkbWluIiwiZ2VuZGVyIjp0cnVlLCJlbWFpbCI6IjM3ODMzODYyN0BxcS5jb20ifSwiaWF0IjoxNTA5MzIzNDI0LCJleHAiOjE1MDk0MDk4MjR9.0snz0OoMte-nTQHE4kbizqr2mWML75GGVgPTcasbyx8","canLogin":true,"status":1,"id":"1ad83690-8c10-4337-9629-5cf2b8a2af80","createdAt":1508374808809,"updatedAt":1509323424899,"version":43}}
*************** response log end ***************

[2017-10-30 12:59:09.580] [INFO] resLogger - 
*************** response log start ***************
request method: GET
request originalUrl:  /api/user/?token=eyJhbGciOiJIUzI1NiIsInR5cCI6IkpXVCJ9.eyJkYXRhIjp7ImlkIjoiMWFkODM2OTAtOGMxMC00MzM3LTk2MjktNWNmMmI4YTJhZjgwIiwibmFtZSI6ImFkbWluIiwiZ2VuZGVyIjp0cnVlLCJlbWFpbCI6IjM3ODMzODYyN0BxcS5jb20ifSwiaWF0IjoxNTA5MzIzNDI0LCJleHAiOjE1MDk0MDk4MjR9.0snz0OoMte-nTQHE4kbizqr2mWML75GGVgPTcasbyx8
request client ip:  ::ffff:127.0.0.1
request query:  {"token":"eyJhbGciOiJIUzI1NiIsInR5cCI6IkpXVCJ9.eyJkYXRhIjp7ImlkIjoiMWFkODM2OTAtOGMxMC00MzM3LTk2MjktNWNmMmI4YTJhZjgwIiwibmFtZSI6ImFkbWluIiwiZ2VuZGVyIjp0cnVlLCJlbWFpbCI6IjM3ODMzODYyN0BxcS5jb20ifSwiaWF0IjoxNTA5MzIzNDI0LCJleHAiOjE1MDk0MDk4MjR9.0snz0OoMte-nTQHE4kbizqr2mWML75GGVgPTcasbyx8"}
response time: 161
response status: 200
response body: 
{"status":0,"data":{"name":"admin","email":"378338627@qq.com","phone":"15822927208","password":"$2a$10$FTTsr0P8vHgxEtFTs7FTHuLS9EEEL34CkH.wE8UDet0MdQ7Hs4l5e","gender":true,"token":"eyJhbGciOiJIUzI1NiIsInR5cCI6IkpXVCJ9.eyJkYXRhIjp7ImlkIjoiMWFkODM2OTAtOGMxMC00MzM3LTk2MjktNWNmMmI4YTJhZjgwIiwibmFtZSI6ImFkbWluIiwiZ2VuZGVyIjp0cnVlLCJlbWFpbCI6IjM3ODMzODYyN0BxcS5jb20ifSwiaWF0IjoxNTA5MzIzNDI0LCJleHAiOjE1MDk0MDk4MjR9.0snz0OoMte-nTQHE4kbizqr2mWML75GGVgPTcasbyx8","canLogin":true,"status":1,"id":"1ad83690-8c10-4337-9629-5cf2b8a2af80","createdAt":1508374808809,"updatedAt":1509323424899,"version":43}}
*************** response log end ***************

[2017-10-30 12:59:09.869] [INFO] resLogger - 
*************** response log start ***************
request method: GET
request originalUrl:  /api/order/getorderno/get/2017/10/30?token=eyJhbGciOiJIUzI1NiIsInR5cCI6IkpXVCJ9.eyJkYXRhIjp7ImlkIjoiMWFkODM2OTAtOGMxMC00MzM3LTk2MjktNWNmMmI4YTJhZjgwIiwibmFtZSI6ImFkbWluIiwiZ2VuZGVyIjp0cnVlLCJlbWFpbCI6IjM3ODMzODYyN0BxcS5jb20ifSwiaWF0IjoxNTA5MzIzNDI0LCJleHAiOjE1MDk0MDk4MjR9.0snz0OoMte-nTQHE4kbizqr2mWML75GGVgPTcasbyx8
request client ip:  ::ffff:127.0.0.1
request query:  {"token":"eyJhbGciOiJIUzI1NiIsInR5cCI6IkpXVCJ9.eyJkYXRhIjp7ImlkIjoiMWFkODM2OTAtOGMxMC00MzM3LTk2MjktNWNmMmI4YTJhZjgwIiwibmFtZSI6ImFkbWluIiwiZ2VuZGVyIjp0cnVlLCJlbWFpbCI6IjM3ODMzODYyN0BxcS5jb20ifSwiaWF0IjoxNTA5MzIzNDI0LCJleHAiOjE1MDk0MDk4MjR9.0snz0OoMte-nTQHE4kbizqr2mWML75GGVgPTcasbyx8"}
response time: 65
response status: 200
response body: 
{"status":0,"data":"20171030000"}
*************** response log end ***************

[2017-10-30 12:59:10.047] [INFO] resLogger - 
*************** response log start ***************
request method: GET
request originalUrl:  /api/groups/list?token=eyJhbGciOiJIUzI1NiIsInR5cCI6IkpXVCJ9.eyJkYXRhIjp7ImlkIjoiMWFkODM2OTAtOGMxMC00MzM3LTk2MjktNWNmMmI4YTJhZjgwIiwibmFtZSI6ImFkbWluIiwiZ2VuZGVyIjp0cnVlLCJlbWFpbCI6IjM3ODMzODYyN0BxcS5jb20ifSwiaWF0IjoxNTA5MzIzNDI0LCJleHAiOjE1MDk0MDk4MjR9.0snz0OoMte-nTQHE4kbizqr2mWML75GGVgPTcasbyx8
request client ip:  ::ffff:127.0.0.1
request query:  {"token":"eyJhbGciOiJIUzI1NiIsInR5cCI6IkpXVCJ9.eyJkYXRhIjp7ImlkIjoiMWFkODM2OTAtOGMxMC00MzM3LTk2MjktNWNmMmI4YTJhZjgwIiwibmFtZSI6ImFkbWluIiwiZ2VuZGVyIjp0cnVlLCJlbWFpbCI6IjM3ODMzODYyN0BxcS5jb20ifSwiaWF0IjoxNTA5MzIzNDI0LCJleHAiOjE1MDk0MDk4MjR9.0snz0OoMte-nTQHE4kbizqr2mWML75GGVgPTcasbyx8"}
response time: 177
response status: 200
response body: 
{"status":0,"data":[{"name":"控股","description":"group2","status":1,"id":"30e0f985-0394-4f0b-ab7f-898724c99eab","createdAt":1508374809103,"updatedAt":1508374809103,"version":0},{"name":"管委会","description":"group1","status":1,"id":"547bc6ee-2f95-4773-9446-07626a73f044","createdAt":1508374808811,"updatedAt":1508374808811,"version":0}],"total":2}
*************** response log end ***************

[2017-10-30 12:59:10.443] [INFO] resLogger - 
*************** response log start ***************
request method: GET
request originalUrl:  /api/corporations/list?token=eyJhbGciOiJIUzI1NiIsInR5cCI6IkpXVCJ9.eyJkYXRhIjp7ImlkIjoiMWFkODM2OTAtOGMxMC00MzM3LTk2MjktNWNmMmI4YTJhZjgwIiwibmFtZSI6ImFkbWluIiwiZ2VuZGVyIjp0cnVlLCJlbWFpbCI6IjM3ODMzODYyN0BxcS5jb20ifSwiaWF0IjoxNTA5MzIzNDI0LCJleHAiOjE1MDk0MDk4MjR9.0snz0OoMte-nTQHE4kbizqr2mWML75GGVgPTcasbyx8&group=30e0f985-0394-4f0b-ab7f-898724c99eab
request client ip:  ::ffff:127.0.0.1
request query:  {"token":"eyJhbGciOiJIUzI1NiIsInR5cCI6IkpXVCJ9.eyJkYXRhIjp7ImlkIjoiMWFkODM2OTAtOGMxMC00MzM3LTk2MjktNWNmMmI4YTJhZjgwIiwibmFtZSI6ImFkbWluIiwiZ2VuZGVyIjp0cnVlLCJlbWFpbCI6IjM3ODMzODYyN0BxcS5jb20ifSwiaWF0IjoxNTA5MzIzNDI0LCJleHAiOjE1MDk0MDk4MjR9.0snz0OoMte-nTQHE4kbizqr2mWML75GGVgPTcasbyx8","group":"30e0f985-0394-4f0b-ab7f-898724c99eab"}
response time: 134
response status: 200
response body: 
{"status":0,"data":[{"name":"控股公司","description":"控股公司","status":1,"groupId":"30e0f985-0394-4f0b-ab7f-898724c99eab","id":"a94ed403-c060-4901-b1f0-4154a1da0221","createdAt":1508374810533,"updatedAt":1508374810533,"version":0,"group":{"name":"控股","description":"group2","status":1,"id":"30e0f985-0394-4f0b-ab7f-898724c99eab","createdAt":1508374809103,"updatedAt":1508374809103,"version":0}}],"total":1}
*************** response log end ***************

[2017-10-30 12:59:10.593] [INFO] resLogger - 
*************** response log start ***************
request method: GET
request originalUrl:  /api/corpBuildings/list/a94ed403-c060-4901-b1f0-4154a1da0221?token=eyJhbGciOiJIUzI1NiIsInR5cCI6IkpXVCJ9.eyJkYXRhIjp7ImlkIjoiMWFkODM2OTAtOGMxMC00MzM3LTk2MjktNWNmMmI4YTJhZjgwIiwibmFtZSI6ImFkbWluIiwiZ2VuZGVyIjp0cnVlLCJlbWFpbCI6IjM3ODMzODYyN0BxcS5jb20ifSwiaWF0IjoxNTA5MzIzNDI0LCJleHAiOjE1MDk0MDk4MjR9.0snz0OoMte-nTQHE4kbizqr2mWML75GGVgPTcasbyx8
request client ip:  ::ffff:127.0.0.1
request query:  {"token":"eyJhbGciOiJIUzI1NiIsInR5cCI6IkpXVCJ9.eyJkYXRhIjp7ImlkIjoiMWFkODM2OTAtOGMxMC00MzM3LTk2MjktNWNmMmI4YTJhZjgwIiwibmFtZSI6ImFkbWluIiwiZ2VuZGVyIjp0cnVlLCJlbWFpbCI6IjM3ODMzODYyN0BxcS5jb20ifSwiaWF0IjoxNTA5MzIzNDI0LCJleHAiOjE1MDk0MDk4MjR9.0snz0OoMte-nTQHE4kbizqr2mWML75GGVgPTcasbyx8"}
response time: 57
response status: 200
response body: 
{"status":0,"data":[{"corporationId":"a94ed403-c060-4901-b1f0-4154a1da0221","buildingId":"5cd7c002-0167-45dc-bf1c-b85572fc656b","floor":7,"position":"A","status":1,"id":"ae989611-646e-430e-9cdd-ed1045021e9f","createdAt":1508374810727,"updatedAt":1508374810727,"version":0,"building":{"name":"商务大厦南楼","address":"南","minfloor":1,"maxfloor":15,"status":1,"id":"5cd7c002-0167-45dc-bf1c-b85572fc656b","createdAt":1508374809260,"updatedAt":1508374809260,"version":0}},{"corporationId":"a94ed403-c060-4901-b1f0-4154a1da0221","buildingId":"5cd7c002-0167-45dc-bf1c-b85572fc656b","floor":6,"position":"A","status":1,"id":"f30aef61-15a8-4228-a913-c5dc6d0dd85c","createdAt":1508374810648,"updatedAt":1508374810648,"version":0,"building":{"name":"商务大厦南楼","address":"南","minfloor":1,"maxfloor":15,"status":1,"id":"5cd7c002-0167-45dc-bf1c-b85572fc656b","createdAt":1508374809260,"updatedAt":1508374809260,"version":0}}],"total":0}
*************** response log end ***************

