[2017-07-10 16:03:03.331] [INFO] resLogger - 
*************** response log start ***************
request method: GET
request originalUrl:  /api/user/?token=eyJhbGciOiJIUzI1NiIsInR5cCI6IkpXVCJ9.eyJkYXRhIjp7ImlkIjoiYjZmYWJlNDYtZTlmNS00NGZlLTkyMzYtODY2MjRkMzQyMTY1IiwibmFtZSI6ImFkbWluIiwiZ2VuZGVyIjp0cnVlLCJlbWFpbCI6IjM3ODMzODYyN0BxcS5jb20ifSwiaWF0IjoxNDk5NjY2Mjk2LCJleHAiOjE0OTk3NTI2OTZ9.lSs2T5RPYThfqXqsp5oyHpBPj81E8kzn8HY_mte3QyI
request client ip:  ::ffff:127.0.0.1
request query:  {"token":"eyJhbGciOiJIUzI1NiIsInR5cCI6IkpXVCJ9.eyJkYXRhIjp7ImlkIjoiYjZmYWJlNDYtZTlmNS00NGZlLTkyMzYtODY2MjRkMzQyMTY1IiwibmFtZSI6ImFkbWluIiwiZ2VuZGVyIjp0cnVlLCJlbWFpbCI6IjM3ODMzODYyN0BxcS5jb20ifSwiaWF0IjoxNDk5NjY2Mjk2LCJleHAiOjE0OTk3NTI2OTZ9.lSs2T5RPYThfqXqsp5oyHpBPj81E8kzn8HY_mte3QyI"}
response time: 100
response status: 200
response body: 
{"status":0,"data":{"name":"admin","email":"378338627@qq.com","password":"$2a$10$FNCDVOCK4wLk1hIJqHTWlu5N1.frRtUYAt.V/RLZorxWuTWTea/3W","gender":true,"token":"eyJhbGciOiJIUzI1NiIsInR5cCI6IkpXVCJ9.eyJkYXRhIjp7ImlkIjoiYjZmYWJlNDYtZTlmNS00NGZlLTkyMzYtODY2MjRkMzQyMTY1IiwibmFtZSI6ImFkbWluIiwiZ2VuZGVyIjp0cnVlLCJlbWFpbCI6IjM3ODMzODYyN0BxcS5jb20ifSwiaWF0IjoxNDk5NjY2Mjk2LCJleHAiOjE0OTk3NTI2OTZ9.lSs2T5RPYThfqXqsp5oyHpBPj81E8kzn8HY_mte3QyI","id":"b6fabe46-e9f5-44fe-9236-86624d342165","createdAt":1499418880181,"updatedAt":1499418880181,"version":0}}
*************** response log end ***************

[2017-07-10 16:03:03.994] [INFO] resLogger - 
*************** response log start ***************
request method: GET
request originalUrl:  /api/user/?token=eyJhbGciOiJIUzI1NiIsInR5cCI6IkpXVCJ9.eyJkYXRhIjp7ImlkIjoiYjZmYWJlNDYtZTlmNS00NGZlLTkyMzYtODY2MjRkMzQyMTY1IiwibmFtZSI6ImFkbWluIiwiZ2VuZGVyIjp0cnVlLCJlbWFpbCI6IjM3ODMzODYyN0BxcS5jb20ifSwiaWF0IjoxNDk5NjY2Mjk2LCJleHAiOjE0OTk3NTI2OTZ9.lSs2T5RPYThfqXqsp5oyHpBPj81E8kzn8HY_mte3QyI
request client ip:  ::ffff:127.0.0.1
request query:  {"token":"eyJhbGciOiJIUzI1NiIsInR5cCI6IkpXVCJ9.eyJkYXRhIjp7ImlkIjoiYjZmYWJlNDYtZTlmNS00NGZlLTkyMzYtODY2MjRkMzQyMTY1IiwibmFtZSI6ImFkbWluIiwiZ2VuZGVyIjp0cnVlLCJlbWFpbCI6IjM3ODMzODYyN0BxcS5jb20ifSwiaWF0IjoxNDk5NjY2Mjk2LCJleHAiOjE0OTk3NTI2OTZ9.lSs2T5RPYThfqXqsp5oyHpBPj81E8kzn8HY_mte3QyI"}
response time: 52
response status: 200
response body: 
{"status":0,"data":{"name":"admin","email":"378338627@qq.com","password":"$2a$10$FNCDVOCK4wLk1hIJqHTWlu5N1.frRtUYAt.V/RLZorxWuTWTea/3W","gender":true,"token":"eyJhbGciOiJIUzI1NiIsInR5cCI6IkpXVCJ9.eyJkYXRhIjp7ImlkIjoiYjZmYWJlNDYtZTlmNS00NGZlLTkyMzYtODY2MjRkMzQyMTY1IiwibmFtZSI6ImFkbWluIiwiZ2VuZGVyIjp0cnVlLCJlbWFpbCI6IjM3ODMzODYyN0BxcS5jb20ifSwiaWF0IjoxNDk5NjY2Mjk2LCJleHAiOjE0OTk3NTI2OTZ9.lSs2T5RPYThfqXqsp5oyHpBPj81E8kzn8HY_mte3QyI","id":"b6fabe46-e9f5-44fe-9236-86624d342165","createdAt":1499418880181,"updatedAt":1499418880181,"version":0}}
*************** response log end ***************

[2017-07-10 16:03:04.823] [INFO] resLogger - 
*************** response log start ***************
request method: GET
request originalUrl:  /api/user/?token=eyJhbGciOiJIUzI1NiIsInR5cCI6IkpXVCJ9.eyJkYXRhIjp7ImlkIjoiYjZmYWJlNDYtZTlmNS00NGZlLTkyMzYtODY2MjRkMzQyMTY1IiwibmFtZSI6ImFkbWluIiwiZ2VuZGVyIjp0cnVlLCJlbWFpbCI6IjM3ODMzODYyN0BxcS5jb20ifSwiaWF0IjoxNDk5NjY2Mjk2LCJleHAiOjE0OTk3NTI2OTZ9.lSs2T5RPYThfqXqsp5oyHpBPj81E8kzn8HY_mte3QyI
request client ip:  ::ffff:127.0.0.1
request query:  {"token":"eyJhbGciOiJIUzI1NiIsInR5cCI6IkpXVCJ9.eyJkYXRhIjp7ImlkIjoiYjZmYWJlNDYtZTlmNS00NGZlLTkyMzYtODY2MjRkMzQyMTY1IiwibmFtZSI6ImFkbWluIiwiZ2VuZGVyIjp0cnVlLCJlbWFpbCI6IjM3ODMzODYyN0BxcS5jb20ifSwiaWF0IjoxNDk5NjY2Mjk2LCJleHAiOjE0OTk3NTI2OTZ9.lSs2T5RPYThfqXqsp5oyHpBPj81E8kzn8HY_mte3QyI"}
response time: 58
response status: 200
response body: 
{"status":0,"data":{"name":"admin","email":"378338627@qq.com","password":"$2a$10$FNCDVOCK4wLk1hIJqHTWlu5N1.frRtUYAt.V/RLZorxWuTWTea/3W","gender":true,"token":"eyJhbGciOiJIUzI1NiIsInR5cCI6IkpXVCJ9.eyJkYXRhIjp7ImlkIjoiYjZmYWJlNDYtZTlmNS00NGZlLTkyMzYtODY2MjRkMzQyMTY1IiwibmFtZSI6ImFkbWluIiwiZ2VuZGVyIjp0cnVlLCJlbWFpbCI6IjM3ODMzODYyN0BxcS5jb20ifSwiaWF0IjoxNDk5NjY2Mjk2LCJleHAiOjE0OTk3NTI2OTZ9.lSs2T5RPYThfqXqsp5oyHpBPj81E8kzn8HY_mte3QyI","id":"b6fabe46-e9f5-44fe-9236-86624d342165","createdAt":1499418880181,"updatedAt":1499418880181,"version":0}}
*************** response log end ***************

[2017-07-10 16:27:16.263] [INFO] resLogger - 
*************** response log start ***************
request method: GET
request originalUrl:  /api/user/?token=eyJhbGciOiJIUzI1NiIsInR5cCI6IkpXVCJ9.eyJkYXRhIjp7ImlkIjoiYjZmYWJlNDYtZTlmNS00NGZlLTkyMzYtODY2MjRkMzQyMTY1IiwibmFtZSI6ImFkbWluIiwiZ2VuZGVyIjp0cnVlLCJlbWFpbCI6IjM3ODMzODYyN0BxcS5jb20ifSwiaWF0IjoxNDk5NjY2Mjk2LCJleHAiOjE0OTk3NTI2OTZ9.lSs2T5RPYThfqXqsp5oyHpBPj81E8kzn8HY_mte3QyI
request client ip:  ::ffff:127.0.0.1
request query:  {"token":"eyJhbGciOiJIUzI1NiIsInR5cCI6IkpXVCJ9.eyJkYXRhIjp7ImlkIjoiYjZmYWJlNDYtZTlmNS00NGZlLTkyMzYtODY2MjRkMzQyMTY1IiwibmFtZSI6ImFkbWluIiwiZ2VuZGVyIjp0cnVlLCJlbWFpbCI6IjM3ODMzODYyN0BxcS5jb20ifSwiaWF0IjoxNDk5NjY2Mjk2LCJleHAiOjE0OTk3NTI2OTZ9.lSs2T5RPYThfqXqsp5oyHpBPj81E8kzn8HY_mte3QyI"}
response time: 105
response status: 200
response body: 
{"status":0,"data":{"name":"admin","email":"378338627@qq.com","password":"$2a$10$FNCDVOCK4wLk1hIJqHTWlu5N1.frRtUYAt.V/RLZorxWuTWTea/3W","gender":true,"token":"eyJhbGciOiJIUzI1NiIsInR5cCI6IkpXVCJ9.eyJkYXRhIjp7ImlkIjoiYjZmYWJlNDYtZTlmNS00NGZlLTkyMzYtODY2MjRkMzQyMTY1IiwibmFtZSI6ImFkbWluIiwiZ2VuZGVyIjp0cnVlLCJlbWFpbCI6IjM3ODMzODYyN0BxcS5jb20ifSwiaWF0IjoxNDk5NjY2Mjk2LCJleHAiOjE0OTk3NTI2OTZ9.lSs2T5RPYThfqXqsp5oyHpBPj81E8kzn8HY_mte3QyI","id":"b6fabe46-e9f5-44fe-9236-86624d342165","createdAt":1499418880181,"updatedAt":1499418880181,"version":0}}
*************** response log end ***************

[2017-07-10 16:27:29.710] [INFO] resLogger - 
*************** response log start ***************
request method: GET
request originalUrl:  /api/user/?token=eyJhbGciOiJIUzI1NiIsInR5cCI6IkpXVCJ9.eyJkYXRhIjp7ImlkIjoiYjZmYWJlNDYtZTlmNS00NGZlLTkyMzYtODY2MjRkMzQyMTY1IiwibmFtZSI6ImFkbWluIiwiZ2VuZGVyIjp0cnVlLCJlbWFpbCI6IjM3ODMzODYyN0BxcS5jb20ifSwiaWF0IjoxNDk5NjY2Mjk2LCJleHAiOjE0OTk3NTI2OTZ9.lSs2T5RPYThfqXqsp5oyHpBPj81E8kzn8HY_mte3QyI
request client ip:  ::ffff:127.0.0.1
request query:  {"token":"eyJhbGciOiJIUzI1NiIsInR5cCI6IkpXVCJ9.eyJkYXRhIjp7ImlkIjoiYjZmYWJlNDYtZTlmNS00NGZlLTkyMzYtODY2MjRkMzQyMTY1IiwibmFtZSI6ImFkbWluIiwiZ2VuZGVyIjp0cnVlLCJlbWFpbCI6IjM3ODMzODYyN0BxcS5jb20ifSwiaWF0IjoxNDk5NjY2Mjk2LCJleHAiOjE0OTk3NTI2OTZ9.lSs2T5RPYThfqXqsp5oyHpBPj81E8kzn8HY_mte3QyI"}
response time: 107
response status: 200
response body: 
{"status":0,"data":{"name":"admin","email":"378338627@qq.com","password":"$2a$10$FNCDVOCK4wLk1hIJqHTWlu5N1.frRtUYAt.V/RLZorxWuTWTea/3W","gender":true,"token":"eyJhbGciOiJIUzI1NiIsInR5cCI6IkpXVCJ9.eyJkYXRhIjp7ImlkIjoiYjZmYWJlNDYtZTlmNS00NGZlLTkyMzYtODY2MjRkMzQyMTY1IiwibmFtZSI6ImFkbWluIiwiZ2VuZGVyIjp0cnVlLCJlbWFpbCI6IjM3ODMzODYyN0BxcS5jb20ifSwiaWF0IjoxNDk5NjY2Mjk2LCJleHAiOjE0OTk3NTI2OTZ9.lSs2T5RPYThfqXqsp5oyHpBPj81E8kzn8HY_mte3QyI","id":"b6fabe46-e9f5-44fe-9236-86624d342165","createdAt":1499418880181,"updatedAt":1499418880181,"version":0}}
*************** response log end ***************

[2017-07-10 16:38:02.270] [INFO] resLogger - 
*************** response log start ***************
request method: GET
request originalUrl:  /api/user/?token=eyJhbGciOiJIUzI1NiIsInR5cCI6IkpXVCJ9.eyJkYXRhIjp7ImlkIjoiYjZmYWJlNDYtZTlmNS00NGZlLTkyMzYtODY2MjRkMzQyMTY1IiwibmFtZSI6ImFkbWluIiwiZ2VuZGVyIjp0cnVlLCJlbWFpbCI6IjM3ODMzODYyN0BxcS5jb20ifSwiaWF0IjoxNDk5NjY2Mjk2LCJleHAiOjE0OTk3NTI2OTZ9.lSs2T5RPYThfqXqsp5oyHpBPj81E8kzn8HY_mte3QyI
request client ip:  ::ffff:127.0.0.1
request query:  {"token":"eyJhbGciOiJIUzI1NiIsInR5cCI6IkpXVCJ9.eyJkYXRhIjp7ImlkIjoiYjZmYWJlNDYtZTlmNS00NGZlLTkyMzYtODY2MjRkMzQyMTY1IiwibmFtZSI6ImFkbWluIiwiZ2VuZGVyIjp0cnVlLCJlbWFpbCI6IjM3ODMzODYyN0BxcS5jb20ifSwiaWF0IjoxNDk5NjY2Mjk2LCJleHAiOjE0OTk3NTI2OTZ9.lSs2T5RPYThfqXqsp5oyHpBPj81E8kzn8HY_mte3QyI"}
response time: 1376
response status: 200
response body: 
{"status":0,"data":{"name":"admin","email":"378338627@qq.com","password":"$2a$10$FNCDVOCK4wLk1hIJqHTWlu5N1.frRtUYAt.V/RLZorxWuTWTea/3W","gender":true,"token":"eyJhbGciOiJIUzI1NiIsInR5cCI6IkpXVCJ9.eyJkYXRhIjp7ImlkIjoiYjZmYWJlNDYtZTlmNS00NGZlLTkyMzYtODY2MjRkMzQyMTY1IiwibmFtZSI6ImFkbWluIiwiZ2VuZGVyIjp0cnVlLCJlbWFpbCI6IjM3ODMzODYyN0BxcS5jb20ifSwiaWF0IjoxNDk5NjY2Mjk2LCJleHAiOjE0OTk3NTI2OTZ9.lSs2T5RPYThfqXqsp5oyHpBPj81E8kzn8HY_mte3QyI","id":"b6fabe46-e9f5-44fe-9236-86624d342165","createdAt":1499418880181,"updatedAt":1499418880181,"version":0}}
*************** response log end ***************

