[2018-07-05 14:32:26.512] [INFO] resLogger - 
*************** response log start ***************
request method: OPTIONS
request originalUrl:  /api/user/login
request client ip:  ::ffff:127.0.0.1
request body: 
{}
response time: 2
response status: 204
response body: 
undefined
*************** response log end ***************

[2018-07-05 14:32:27.199] [INFO] resLogger - 
*************** response log start ***************
request method: POST
request originalUrl:  /api/user/login
request client ip:  ::ffff:127.0.0.1
request body: 
{"name":"","password":"123456","username":"朱亚亮"}
response time: 679
response status: 200
response body: 
{"status":0,"data":{"name":"朱亚亮","email":"378338627@qq.com","phone":"15822927208","password":"$2a$10$tkDWWL9Mkz9AUFRa.zS/suzNbr.PYt8dYnZloNBj4mkVHyh/kIvM6","gender":true,"token":"eyJhbGciOiJIUzI1NiIsInR5cCI6IkpXVCJ9.eyJkYXRhIjp7ImlkIjoiZTA5NmE0NTQtNDQyNi00MDBmLTkyYWQtOTcyNjc0NDIzNmMwIiwibmFtZSI6IuacseS6muS6riIsImdlbmRlciI6dHJ1ZSwiZW1haWwiOiIzNzgzMzg2MjdAcXEuY29tIn0sImlhdCI6MTUzMDc3MjM0NiwiZXhwIjoxNTMwODU4NzQ2fQ.RwpIFB5z81W5nuhX8b_C5YA04GsJgGeGXlx45wEINlc","canLogin":true,"status":1,"roleId":"aa7eeae7-8d60-40fb-95ad-e55495ffd845","avatar":null,"avatarUseImg":null,"id":"e096a454-4426-400f-92ad-9726744236c0","createdAt":1515633151464,"updatedAt":1530772346804,"version":47},"message":"登录成功！"}
*************** response log end ***************

[2018-07-05 14:32:27.236] [INFO] resLogger - 
*************** response log start ***************
request method: OPTIONS
request originalUrl:  /api/user/
request client ip:  ::ffff:127.0.0.1
request body: 
{}
response time: 1
response status: 204
response body: 
undefined
*************** response log end ***************

[2018-07-05 14:32:27.299] [INFO] resLogger - 
*************** response log start ***************
request method: GET
request originalUrl:  /api/user/
request client ip:  ::ffff:127.0.0.1
request query:  {}
response time: 7
response status: 200
response body: 
{"name":"jwtError","status":10003,"message":"身份验证错误！"}
*************** response log end ***************

[2018-07-05 14:32:31.650] [INFO] resLogger - 
*************** response log start ***************
request method: OPTIONS
request originalUrl:  /api/user/login
request client ip:  ::ffff:127.0.0.1
request body: 
{}
response time: 1
response status: 204
response body: 
undefined
*************** response log end ***************

[2018-07-05 14:32:31.790] [INFO] resLogger - 
*************** response log start ***************
request method: POST
request originalUrl:  /api/user/login
request client ip:  ::ffff:127.0.0.1
request body: 
{"name":"","password":"123456","username":"朱亚亮"}
response time: 132
response status: 200
response body: 
{"status":0,"data":{"name":"朱亚亮","email":"378338627@qq.com","phone":"15822927208","password":"$2a$10$tkDWWL9Mkz9AUFRa.zS/suzNbr.PYt8dYnZloNBj4mkVHyh/kIvM6","gender":true,"token":"eyJhbGciOiJIUzI1NiIsInR5cCI6IkpXVCJ9.eyJkYXRhIjp7ImlkIjoiZTA5NmE0NTQtNDQyNi00MDBmLTkyYWQtOTcyNjc0NDIzNmMwIiwibmFtZSI6IuacseS6muS6riIsImdlbmRlciI6dHJ1ZSwiZW1haWwiOiIzNzgzMzg2MjdAcXEuY29tIn0sImlhdCI6MTUzMDc3MjM1MSwiZXhwIjoxNTMwODU4NzUxfQ.EFaRSyyRKU1kUtwn-_5XRQhBZsFa5dgQHGqcQ6qofoc","canLogin":true,"status":1,"roleId":"aa7eeae7-8d60-40fb-95ad-e55495ffd845","avatar":null,"avatarUseImg":null,"id":"e096a454-4426-400f-92ad-9726744236c0","createdAt":1515633151464,"updatedAt":1530772351744,"version":48},"message":"登录成功！"}
*************** response log end ***************

[2018-07-05 14:32:31.830] [INFO] resLogger - 
*************** response log start ***************
request method: GET
request originalUrl:  /api/user/
request client ip:  ::ffff:127.0.0.1
request query:  {}
response time: 3
response status: 200
response body: 
{"name":"jwtError","status":10003,"message":"身份验证错误！"}
*************** response log end ***************

[2018-07-05 14:32:36.725] [INFO] resLogger - 
*************** response log start ***************
request method: POST
request originalUrl:  /api/user/login
request client ip:  ::ffff:127.0.0.1
request body: 
{"name":"","password":"123456","username":"朱亚亮"}
response time: 135
response status: 200
response body: 
{"status":0,"data":{"name":"朱亚亮","email":"378338627@qq.com","phone":"15822927208","password":"$2a$10$tkDWWL9Mkz9AUFRa.zS/suzNbr.PYt8dYnZloNBj4mkVHyh/kIvM6","gender":true,"token":"eyJhbGciOiJIUzI1NiIsInR5cCI6IkpXVCJ9.eyJkYXRhIjp7ImlkIjoiZTA5NmE0NTQtNDQyNi00MDBmLTkyYWQtOTcyNjc0NDIzNmMwIiwibmFtZSI6IuacseS6muS6riIsImdlbmRlciI6dHJ1ZSwiZW1haWwiOiIzNzgzMzg2MjdAcXEuY29tIn0sImlhdCI6MTUzMDc3MjM1NiwiZXhwIjoxNTMwODU4NzU2fQ.VNM_Mne_thA2xDtJORFyL8USwZ3-jSZkiAY30Vn--d8","canLogin":true,"status":1,"roleId":"aa7eeae7-8d60-40fb-95ad-e55495ffd845","avatar":null,"avatarUseImg":null,"id":"e096a454-4426-400f-92ad-9726744236c0","createdAt":1515633151464,"updatedAt":1530772356683,"version":49},"message":"登录成功！"}
*************** response log end ***************

[2018-07-05 14:32:36.742] [INFO] resLogger - 
*************** response log start ***************
request method: OPTIONS
request originalUrl:  /api/user/
request client ip:  ::ffff:127.0.0.1
request body: 
{}
response time: 1
response status: 204
response body: 
undefined
*************** response log end ***************

[2018-07-05 14:32:36.764] [INFO] resLogger - 
*************** response log start ***************
request method: GET
request originalUrl:  /api/user/
request client ip:  ::ffff:127.0.0.1
request query:  {}
response time: 2
response status: 200
response body: 
{"name":"jwtError","status":10003,"message":"身份验证错误！"}
*************** response log end ***************

[2018-07-05 14:32:51.380] [INFO] resLogger - 
*************** response log start ***************
request method: OPTIONS
request originalUrl:  /api/user/login
request client ip:  ::ffff:127.0.0.1
request body: 
{}
response time: 5
response status: 204
response body: 
undefined
*************** response log end ***************

[2018-07-05 14:32:51.549] [INFO] resLogger - 
*************** response log start ***************
request method: POST
request originalUrl:  /api/user/login
request client ip:  ::ffff:127.0.0.1
request body: 
{"name":"","password":"123456","username":"朱亚亮"}
response time: 164
response status: 200
response body: 
{"status":0,"data":{"name":"朱亚亮","email":"378338627@qq.com","phone":"15822927208","password":"$2a$10$tkDWWL9Mkz9AUFRa.zS/suzNbr.PYt8dYnZloNBj4mkVHyh/kIvM6","gender":true,"token":"eyJhbGciOiJIUzI1NiIsInR5cCI6IkpXVCJ9.eyJkYXRhIjp7ImlkIjoiZTA5NmE0NTQtNDQyNi00MDBmLTkyYWQtOTcyNjc0NDIzNmMwIiwibmFtZSI6IuacseS6muS6riIsImdlbmRlciI6dHJ1ZSwiZW1haWwiOiIzNzgzMzg2MjdAcXEuY29tIn0sImlhdCI6MTUzMDc3MjM3MSwiZXhwIjoxNTMwODU4NzcxfQ.HpAzOmMtV1jVUKmbasuQTS-ONsKRFXOQU_V2b2_j2VY","canLogin":true,"status":1,"roleId":"aa7eeae7-8d60-40fb-95ad-e55495ffd845","avatar":null,"avatarUseImg":null,"id":"e096a454-4426-400f-92ad-9726744236c0","createdAt":1515633151464,"updatedAt":1530772371486,"version":50},"message":"登录成功！"}
*************** response log end ***************

[2018-07-05 14:32:51.573] [INFO] resLogger - 
*************** response log start ***************
request method: OPTIONS
request originalUrl:  /api/user/
request client ip:  ::ffff:127.0.0.1
request body: 
{}
response time: 0
response status: 204
response body: 
undefined
*************** response log end ***************

[2018-07-05 14:32:51.593] [INFO] resLogger - 
*************** response log start ***************
request method: GET
request originalUrl:  /api/user/
request client ip:  ::ffff:127.0.0.1
request query:  {}
response time: 3
response status: 200
response body: 
{"name":"jwtError","status":10003,"message":"身份验证错误！"}
*************** response log end ***************

[2018-07-05 14:48:38.363] [INFO] resLogger - 
*************** response log start ***************
request method: OPTIONS
request originalUrl:  /api/user/login
request client ip:  ::ffff:127.0.0.1
request body: 
{}
response time: 30
response status: 204
response body: 
undefined
*************** response log end ***************

[2018-07-05 14:48:38.558] [INFO] resLogger - 
*************** response log start ***************
request method: POST
request originalUrl:  /api/user/login
request client ip:  ::ffff:127.0.0.1
request body: 
{"name":"","password":"123456","username":"朱亚亮"}
response time: 189
response status: 200
response body: 
{"status":0,"data":{"name":"朱亚亮","email":"378338627@qq.com","phone":"15822927208","password":"$2a$10$tkDWWL9Mkz9AUFRa.zS/suzNbr.PYt8dYnZloNBj4mkVHyh/kIvM6","gender":true,"token":"eyJhbGciOiJIUzI1NiIsInR5cCI6IkpXVCJ9.eyJkYXRhIjp7ImlkIjoiZTA5NmE0NTQtNDQyNi00MDBmLTkyYWQtOTcyNjc0NDIzNmMwIiwibmFtZSI6IuacseS6muS6riIsImdlbmRlciI6dHJ1ZSwiZW1haWwiOiIzNzgzMzg2MjdAcXEuY29tIn0sImlhdCI6MTUzMDc3MzMxOCwiZXhwIjoxNTMwODU5NzE4fQ.gs8ZG70N9syyeS55DY3YnveV6Q4Jt51gNIqiCjqY7aE","canLogin":true,"status":1,"roleId":"aa7eeae7-8d60-40fb-95ad-e55495ffd845","avatar":null,"avatarUseImg":null,"id":"e096a454-4426-400f-92ad-9726744236c0","createdAt":1515633151464,"updatedAt":1530773318490,"version":51},"message":"登录成功！"}
*************** response log end ***************

[2018-07-05 14:48:38.586] [INFO] resLogger - 
*************** response log start ***************
request method: OPTIONS
request originalUrl:  /api/user/
request client ip:  ::ffff:127.0.0.1
request body: 
{}
response time: 1
response status: 204
response body: 
undefined
*************** response log end ***************

[2018-07-05 14:48:38.698] [INFO] resLogger - 
*************** response log start ***************
request method: GET
request originalUrl:  /api/user/
request client ip:  ::ffff:127.0.0.1
request query:  {}
response time: 9
response status: 200
response body: 
{"name":"jwtError","status":10003,"message":"身份验证错误！"}
*************** response log end ***************

[2018-07-05 14:50:02.961] [INFO] resLogger - 
*************** response log start ***************
request method: OPTIONS
request originalUrl:  /api/user/
request client ip:  ::ffff:127.0.0.1
request body: 
{}
response time: 0
response status: 204
response body: 
undefined
*************** response log end ***************

[2018-07-05 14:50:03.788] [INFO] resLogger - 
*************** response log start ***************
request method: GET
request originalUrl:  /api/user/
request client ip:  ::ffff:127.0.0.1
request query:  {}
response time: 695
response status: 200
response body: 
{"status":0,"data":{"name":"朱亚亮","email":"378338627@qq.com","phone":"15822927208","password":"$2a$10$tkDWWL9Mkz9AUFRa.zS/suzNbr.PYt8dYnZloNBj4mkVHyh/kIvM6","gender":true,"token":"eyJhbGciOiJIUzI1NiIsInR5cCI6IkpXVCJ9.eyJkYXRhIjp7ImlkIjoiZTA5NmE0NTQtNDQyNi00MDBmLTkyYWQtOTcyNjc0NDIzNmMwIiwibmFtZSI6IuacseS6muS6riIsImdlbmRlciI6dHJ1ZSwiZW1haWwiOiIzNzgzMzg2MjdAcXEuY29tIn0sImlhdCI6MTUzMDc3MzMxOCwiZXhwIjoxNTMwODU5NzE4fQ.gs8ZG70N9syyeS55DY3YnveV6Q4Jt51gNIqiCjqY7aE","canLogin":true,"status":1,"roleId":"aa7eeae7-8d60-40fb-95ad-e55495ffd845","avatar":null,"avatarUseImg":null,"id":"e096a454-4426-400f-92ad-9726744236c0","createdAt":1515633151464,"updatedAt":1530773318490,"version":51,"role":{"name":"运维工程师","remark":"工程师权限","status":1,"id":"aa7eeae7-8d60-40fb-95ad-e55495ffd845","createdAt":1519805013032,"updatedAt":1519805013032,"version":0,"auths":[{"authId":"dc9a592e-9c34-4489-afb0-39cd85e20e99","roleId":"aa7eeae7-8d60-40fb-95ad-e55495ffd845","id":"4d486b15-c5b2-4746-a923-eaabf2fbdcc5","createdAt":1519805023370,"updatedAt":1519805023370,"version":0,"opInFunc":{"funcId":"690c0f1e-2658-4aa9-ac18-8a02269c9a65","opId":"01004a4c-ff7f-40d4-a8d5-2465513b680f","id":"dc9a592e-9c34-4489-afb0-39cd85e20e99","createdAt":1519805023210,"updatedAt":1519805023210,"version":0,"function":{"name":"工单","code":"op","class":1,"belong":"982e14ea-8b1c-439e-b78d-204579d676a3","status":1,"id":"690c0f1e-2658-4aa9-ac18-8a02269c9a65","createdAt":1519805019330,"updatedAt":1519805019330,"version":0},"operate":{"name":"查看","code":"list","status":1,"id":"01004a4c-ff7f-40d4-a8d5-2465513b680f","createdAt":1519805019892,"updatedAt":1519805019892,"version":0}}},{"authId":"e046316c-aee3-4b70-a10c-837d7f585ebb","roleId":"aa7eeae7-8d60-40fb-95ad-e55495ffd845","id":"46ef320a-b9f2-45a9-a8ea-0321630ee9b0","createdAt":1519805023957,"updatedAt":1519805023957,"version":0,"opInFunc":{"funcId":"690c0f1e-2658-4aa9-ac18-8a02269c9a65","opId":"199f1992-3403-477b-9133-3a5e9d60a1ea","id":"e046316c-aee3-4b70-a10c-837d7f585ebb","createdAt":1519805023823,"updatedAt":1519805023823,"version":0,"function":{"name":"工单","code":"op","class":1,"belong":"982e14ea-8b1c-439e-b78d-204579d676a3","status":1,"id":"690c0f1e-2658-4aa9-ac18-8a02269c9a65","createdAt":1519805019330,"updatedAt":1519805019330,"version":0},"operate":{"name":"删除","code":"delete","status":1,"id":"199f1992-3403-477b-9133-3a5e9d60a1ea","createdAt":1519805020201,"updatedAt":1519805020201,"version":0}}},{"authId":"5050a962-d253-435b-98cc-605ea2a8b53f","roleId":"aa7eeae7-8d60-40fb-95ad-e55495ffd845","id":"af2bb8ba-b0f3-48a1-8532-7f55935962af","createdAt":1520564947522,"updatedAt":1520564947522,"version":0,"opInFunc":{"funcId":"690c0f1e-2658-4aa9-ac18-8a02269c9a65","opId":"40fbca21-c365-4c59-9429-b4be9deb49ac","id":"5050a962-d253-435b-98cc-605ea2a8b53f","createdAt":1519805023434,"updatedAt":1519805023434,"version":0,"function":{"name":"工单","code":"op","class":1,"belong":"982e14ea-8b1c-439e-b78d-204579d676a3","status":1,"id":"690c0f1e-2658-4aa9-ac18-8a02269c9a65","createdAt":1519805019330,"updatedAt":1519805019330,"version":0},"operate":{"name":"新增","code":"add","status":1,"id":"40fbca21-c365-4c59-9429-b4be9deb49ac","createdAt":1519805019952,"updatedAt":1519805019952,"version":0}}},{"authId":"b681f20e-f565-4863-b150-99f9977a1ae9","roleId":"aa7eeae7-8d60-40fb-95ad-e55495ffd845","id":"fb9aa28a-a003-4b41-b90e-3268fcb5562a","createdAt":1519805023759,"updatedAt":1519805023759,"version":0,"opInFunc":{"funcId":"690c0f1e-2658-4aa9-ac18-8a02269c9a65","opId":"502f9b24-e07b-4c24-bf44-922854bd28a3","id":"b681f20e-f565-4863-b150-99f9977a1ae9","createdAt":1519805023625,"updatedAt":1519805023625,"version":0,"function":{"name":"工单","code":"op","class":1,"belong":"982e14ea-8b1c-439e-b78d-204579d676a3","status":1,"id":"690c0f1e-2658-4aa9-ac18-8a02269c9a65","createdAt":1519805019330,"updatedAt":1519805019330,"version":0},"operate":{"name":"编辑","code":"edit","status":1,"id":"502f9b24-e07b-4c24-bf44-922854bd28a3","createdAt":1519805020055,"updatedAt":1519805020055,"version":0}}},{"authId":"67d58590-c1d2-4f27-800a-6bfe488ff9f4","roleId":"aa7eeae7-8d60-40fb-95ad-e55495ffd845","id":"8b18a2f4-3742-40dc-b89e-9361a21e6b85","createdAt":1519805023139,"updatedAt":1519805023139,"version":0,"opInFunc":{"funcId":"690c0f1e-2658-4aa9-ac18-8a02269c9a65","opId":"83bbdb02-998b-47ba-83e3-281c3c6fb9a9","id":"67d58590-c1d2-4f27-800a-6bfe488ff9f4","createdAt":1519805023002,"updatedAt":1519805023002,"version":0,"function":{"name":"工单","code":"op","class":1,"belong":"982e14ea-8b1c-439e-b78d-204579d676a3","status":1,"id":"690c0f1e-2658-4aa9-ac18-8a02269c9a65","createdAt":1519805019330,"updatedAt":1519805019330,"version":0},"operate":{"name":"菜单可见","code":"menu","status":1,"id":"83bbdb02-998b-47ba-83e3-281c3c6fb9a9","createdAt":1519805019821,"updatedAt":1519805019821,"version":0}}},{"authId":"fb4e96bd-9818-4d8a-957c-accfd1270092","roleId":"aa7eeae7-8d60-40fb-95ad-e55495ffd845","id":"bbb7e2c8-f386-4454-a64d-9721a0d7fb8f","createdAt":1519805610757,"updatedAt":1519805610757,"version":0,"opInFunc":{"funcId":"982e14ea-8b1c-439e-b78d-204579d676a3","opId":"83bbdb02-998b-47ba-83e3-281c3c6fb9a9","id":"fb4e96bd-9818-4d8a-957c-accfd1270092","createdAt":1519805022865,"updatedAt":1519805022865,"version":0,"function":{"name":"工作管理","code":"operations","class":0,"belong":null,"status":1,"id":"982e14ea-8b1c-439e-b78d-204579d676a3","createdAt":1519805019261,"updatedAt":1519805019261,"version":0},"operate":{"name":"菜单可见","code":"menu","status":1,"id":"83bbdb02-998b-47ba-83e3-281c3c6fb9a9","createdAt":1519805019821,"updatedAt":1519805019821,"version":0}}}]}}}
*************** response log end ***************

[2018-07-05 14:54:27.791] [INFO] resLogger - 
*************** response log start ***************
request method: OPTIONS
request originalUrl:  /api/user/login
request client ip:  ::ffff:127.0.0.1
request body: 
{}
response time: 4
response status: 204
response body: 
undefined
*************** response log end ***************

[2018-07-05 14:54:28.933] [INFO] resLogger - 
*************** response log start ***************
request method: POST
request originalUrl:  /api/user/login
request client ip:  ::ffff:127.0.0.1
request body: 
{"name":"","password":"123456","username":"朱亚亮"}
response time: 985
response status: 200
response body: 
{"status":0,"data":{"name":"朱亚亮","email":"378338627@qq.com","phone":"15822927208","password":"$2a$10$tkDWWL9Mkz9AUFRa.zS/suzNbr.PYt8dYnZloNBj4mkVHyh/kIvM6","gender":true,"token":"eyJhbGciOiJIUzI1NiIsInR5cCI6IkpXVCJ9.eyJkYXRhIjp7ImlkIjoiZTA5NmE0NTQtNDQyNi00MDBmLTkyYWQtOTcyNjc0NDIzNmMwIiwibmFtZSI6IuacseS6muS6riIsImdlbmRlciI6dHJ1ZSwiZW1haWwiOiIzNzgzMzg2MjdAcXEuY29tIn0sImlhdCI6MTUzMDc3MzY2OCwiZXhwIjoxNTMwODYwMDY4fQ.BzGiVx7g53h0aJVeQbHOHt-62CZvy5xE5rX169uoIis","canLogin":true,"status":1,"roleId":"aa7eeae7-8d60-40fb-95ad-e55495ffd845","avatar":null,"avatarUseImg":null,"id":"e096a454-4426-400f-92ad-9726744236c0","createdAt":1515633151464,"updatedAt":1530773668840,"version":52},"message":"登录成功！"}
*************** response log end ***************

[2018-07-05 14:54:28.978] [INFO] resLogger - 
*************** response log start ***************
request method: OPTIONS
request originalUrl:  /api/user/
request client ip:  ::ffff:127.0.0.1
request body: 
{}
response time: 1
response status: 204
response body: 
undefined
*************** response log end ***************

[2018-07-05 14:54:29.193] [INFO] resLogger - 
*************** response log start ***************
request method: GET
request originalUrl:  /api/user/
request client ip:  ::ffff:127.0.0.1
request query:  {}
response time: 66
response status: 200
response body: 
{"name":"userNotExist","status":10001,"message":"用户不存在！"}
*************** response log end ***************

[2018-07-05 14:56:32.626] [INFO] resLogger - 
*************** response log start ***************
request method: OPTIONS
request originalUrl:  /api/user/login
request client ip:  ::ffff:127.0.0.1
request body: 
{}
response time: 3
response status: 204
response body: 
undefined
*************** response log end ***************

[2018-07-05 14:56:32.967] [INFO] resLogger - 
*************** response log start ***************
request method: POST
request originalUrl:  /api/user/login
request client ip:  ::ffff:127.0.0.1
request body: 
{"name":"","password":"123456","username":"朱亚亮"}
response time: 305
response status: 200
response body: 
{"status":0,"data":{"name":"朱亚亮","email":"378338627@qq.com","phone":"15822927208","password":"$2a$10$tkDWWL9Mkz9AUFRa.zS/suzNbr.PYt8dYnZloNBj4mkVHyh/kIvM6","gender":true,"token":"eyJhbGciOiJIUzI1NiIsInR5cCI6IkpXVCJ9.eyJkYXRhIjp7ImlkIjoiZTA5NmE0NTQtNDQyNi00MDBmLTkyYWQtOTcyNjc0NDIzNmMwIiwibmFtZSI6IuacseS6muS6riIsImdlbmRlciI6dHJ1ZSwiZW1haWwiOiIzNzgzMzg2MjdAcXEuY29tIn0sImlhdCI6MTUzMDc3Mzc5MiwiZXhwIjoxNTMwODYwMTkyfQ.bVHtl4PHTePLGDV54q1sjiIVFisFrIKYSmF4CwT2hag","canLogin":true,"status":1,"roleId":"aa7eeae7-8d60-40fb-95ad-e55495ffd845","avatar":null,"avatarUseImg":null,"id":"e096a454-4426-400f-92ad-9726744236c0","createdAt":1515633151464,"updatedAt":1530773792891,"version":53},"message":"登录成功！"}
*************** response log end ***************

[2018-07-05 14:56:32.986] [INFO] resLogger - 
*************** response log start ***************
request method: OPTIONS
request originalUrl:  /api/user/
request client ip:  ::ffff:127.0.0.1
request body: 
{}
response time: 0
response status: 204
response body: 
undefined
*************** response log end ***************

[2018-07-05 14:56:33.074] [INFO] resLogger - 
*************** response log start ***************
request method: GET
request originalUrl:  /api/user/
request client ip:  ::ffff:127.0.0.1
request query:  {}
response time: 70
response status: 200
response body: 
{"name":"userNotExist","status":10001,"message":"用户不存在！"}
*************** response log end ***************

[2018-07-05 14:57:10.898] [INFO] resLogger - 
*************** response log start ***************
request method: OPTIONS
request originalUrl:  /api/user/login
request client ip:  ::ffff:127.0.0.1
request body: 
{}
response time: 18
response status: 204
response body: 
undefined
*************** response log end ***************

[2018-07-05 14:57:11.257] [INFO] resLogger - 
*************** response log start ***************
request method: POST
request originalUrl:  /api/user/login
request client ip:  ::ffff:127.0.0.1
request body: 
{"name":"","password":"123456","username":"朱亚亮"}
response time: 327
response status: 200
response body: 
{"status":0,"data":{"name":"朱亚亮","email":"378338627@qq.com","phone":"15822927208","password":"$2a$10$tkDWWL9Mkz9AUFRa.zS/suzNbr.PYt8dYnZloNBj4mkVHyh/kIvM6","gender":true,"token":"eyJhbGciOiJIUzI1NiIsInR5cCI6IkpXVCJ9.eyJkYXRhIjp7ImlkIjoiZTA5NmE0NTQtNDQyNi00MDBmLTkyYWQtOTcyNjc0NDIzNmMwIiwibmFtZSI6IuacseS6muS6riIsImdlbmRlciI6dHJ1ZSwiZW1haWwiOiIzNzgzMzg2MjdAcXEuY29tIn0sImlhdCI6MTUzMDc3MzgzMSwiZXhwIjoxNTMwODYwMjMxfQ.51MTIjPOSSvufrKL2UAbRq_WImeZDiIurVmC54yhS4M","canLogin":true,"status":1,"roleId":"aa7eeae7-8d60-40fb-95ad-e55495ffd845","avatar":null,"avatarUseImg":null,"id":"e096a454-4426-400f-92ad-9726744236c0","createdAt":1515633151464,"updatedAt":1530773831171,"version":54},"message":"登录成功！"}
*************** response log end ***************

[2018-07-05 14:57:11.280] [INFO] resLogger - 
*************** response log start ***************
request method: OPTIONS
request originalUrl:  /api/user/
request client ip:  ::ffff:127.0.0.1
request body: 
{}
response time: 1
response status: 204
response body: 
undefined
*************** response log end ***************

[2018-07-05 14:57:11.364] [INFO] resLogger - 
*************** response log start ***************
request method: GET
request originalUrl:  /api/user/
request client ip:  ::ffff:127.0.0.1
request query:  {}
response time: 66
response status: 200
response body: 
{"name":"userNotExist","status":10001,"message":"用户不存在！"}
*************** response log end ***************

