[2017-09-20 08:57:23.608] [INFO] resLogger - 
*************** response log start ***************
request method: GET
request originalUrl:  /api/user/?token=eyJhbGciOiJIUzI1NiIsInR5cCI6IkpXVCJ9.eyJkYXRhIjp7ImlkIjoiYjAxZjA2NTgtOGQ1Ni00ZjkxLWIwZmUtNmE3YThhOWUzOWUwIiwibmFtZSI6ImFkbWluIiwiZ2VuZGVyIjp0cnVlLCJlbWFpbCI6IjM3ODMzODYyN0BxcS5jb20ifSwiaWF0IjoxNTA1Nzg1NTYxLCJleHAiOjE1MDU4NzE5NjF9.Unc8MrH8yf7A3ONeaLcjXKVgUTlqmYE7ddcEXP7yhW0
request client ip:  ::ffff:127.0.0.1
request query:  {"token":"eyJhbGciOiJIUzI1NiIsInR5cCI6IkpXVCJ9.eyJkYXRhIjp7ImlkIjoiYjAxZjA2NTgtOGQ1Ni00ZjkxLWIwZmUtNmE3YThhOWUzOWUwIiwibmFtZSI6ImFkbWluIiwiZ2VuZGVyIjp0cnVlLCJlbWFpbCI6IjM3ODMzODYyN0BxcS5jb20ifSwiaWF0IjoxNTA1Nzg1NTYxLCJleHAiOjE1MDU4NzE5NjF9.Unc8MrH8yf7A3ONeaLcjXKVgUTlqmYE7ddcEXP7yhW0"}
response time: 147
response status: 200
response body: 
{"status":0,"data":{"name":"admin","email":"378338627@qq.com","phone":"15822927208","password":"$2a$10$Funs5j34qBz5uZiVfrHNcu1vMnzZmYj8sxzYXeTCikOx0Fus2/n.O","gender":true,"token":"eyJhbGciOiJIUzI1NiIsInR5cCI6IkpXVCJ9.eyJkYXRhIjp7ImlkIjoiYjAxZjA2NTgtOGQ1Ni00ZjkxLWIwZmUtNmE3YThhOWUzOWUwIiwibmFtZSI6ImFkbWluIiwiZ2VuZGVyIjp0cnVlLCJlbWFpbCI6IjM3ODMzODYyN0BxcS5jb20ifSwiaWF0IjoxNTA1Nzg1NTYxLCJleHAiOjE1MDU4NzE5NjF9.Unc8MrH8yf7A3ONeaLcjXKVgUTlqmYE7ddcEXP7yhW0","canLogin":true,"status":1,"id":"b01f0658-8d56-4f91-b0fe-6a7a8a9e39e0","createdAt":1505557906169,"updatedAt":1505785562218,"version":3}}
*************** response log end ***************

[2017-09-20 08:57:23.833] [INFO] resLogger - 
*************** response log start ***************
request method: GET
request originalUrl:  /api/groups/list?token=eyJhbGciOiJIUzI1NiIsInR5cCI6IkpXVCJ9.eyJkYXRhIjp7ImlkIjoiYjAxZjA2NTgtOGQ1Ni00ZjkxLWIwZmUtNmE3YThhOWUzOWUwIiwibmFtZSI6ImFkbWluIiwiZ2VuZGVyIjp0cnVlLCJlbWFpbCI6IjM3ODMzODYyN0BxcS5jb20ifSwiaWF0IjoxNTA1Nzg1NTYxLCJleHAiOjE1MDU4NzE5NjF9.Unc8MrH8yf7A3ONeaLcjXKVgUTlqmYE7ddcEXP7yhW0
request client ip:  ::ffff:127.0.0.1
request query:  {"token":"eyJhbGciOiJIUzI1NiIsInR5cCI6IkpXVCJ9.eyJkYXRhIjp7ImlkIjoiYjAxZjA2NTgtOGQ1Ni00ZjkxLWIwZmUtNmE3YThhOWUzOWUwIiwibmFtZSI6ImFkbWluIiwiZ2VuZGVyIjp0cnVlLCJlbWFpbCI6IjM3ODMzODYyN0BxcS5jb20ifSwiaWF0IjoxNTA1Nzg1NTYxLCJleHAiOjE1MDU4NzE5NjF9.Unc8MrH8yf7A3ONeaLcjXKVgUTlqmYE7ddcEXP7yhW0"}
response time: 83
response status: 200
response body: 
{"status":0,"data":[{"name":"控股","description":"group2","status":1,"id":"99965a5c-db95-4f47-8108-66a676fabb6c","createdAt":1505557906360,"updatedAt":1505557906360,"version":0},{"name":"管委会","description":"group1","status":1,"id":"f0603fa0-ac6f-4422-b5ee-c7ecaabfafb8","createdAt":1505557906171,"updatedAt":1505557906171,"version":0}],"total":2}
*************** response log end ***************

[2017-09-20 08:58:42.197] [INFO] resLogger - 
*************** response log start ***************
request method: GET
request originalUrl:  /api/user/?token=eyJhbGciOiJIUzI1NiIsInR5cCI6IkpXVCJ9.eyJkYXRhIjp7ImlkIjoiYjAxZjA2NTgtOGQ1Ni00ZjkxLWIwZmUtNmE3YThhOWUzOWUwIiwibmFtZSI6ImFkbWluIiwiZ2VuZGVyIjp0cnVlLCJlbWFpbCI6IjM3ODMzODYyN0BxcS5jb20ifSwiaWF0IjoxNTA1Nzg1NTYxLCJleHAiOjE1MDU4NzE5NjF9.Unc8MrH8yf7A3ONeaLcjXKVgUTlqmYE7ddcEXP7yhW0
request client ip:  ::ffff:127.0.0.1
request query:  {"token":"eyJhbGciOiJIUzI1NiIsInR5cCI6IkpXVCJ9.eyJkYXRhIjp7ImlkIjoiYjAxZjA2NTgtOGQ1Ni00ZjkxLWIwZmUtNmE3YThhOWUzOWUwIiwibmFtZSI6ImFkbWluIiwiZ2VuZGVyIjp0cnVlLCJlbWFpbCI6IjM3ODMzODYyN0BxcS5jb20ifSwiaWF0IjoxNTA1Nzg1NTYxLCJleHAiOjE1MDU4NzE5NjF9.Unc8MrH8yf7A3ONeaLcjXKVgUTlqmYE7ddcEXP7yhW0"}
response time: 295
response status: 200
response body: 
{"status":0,"data":{"name":"admin","email":"378338627@qq.com","phone":"15822927208","password":"$2a$10$Funs5j34qBz5uZiVfrHNcu1vMnzZmYj8sxzYXeTCikOx0Fus2/n.O","gender":true,"token":"eyJhbGciOiJIUzI1NiIsInR5cCI6IkpXVCJ9.eyJkYXRhIjp7ImlkIjoiYjAxZjA2NTgtOGQ1Ni00ZjkxLWIwZmUtNmE3YThhOWUzOWUwIiwibmFtZSI6ImFkbWluIiwiZ2VuZGVyIjp0cnVlLCJlbWFpbCI6IjM3ODMzODYyN0BxcS5jb20ifSwiaWF0IjoxNTA1Nzg1NTYxLCJleHAiOjE1MDU4NzE5NjF9.Unc8MrH8yf7A3ONeaLcjXKVgUTlqmYE7ddcEXP7yhW0","canLogin":true,"status":1,"id":"b01f0658-8d56-4f91-b0fe-6a7a8a9e39e0","createdAt":1505557906169,"updatedAt":1505785562218,"version":3}}
*************** response log end ***************

[2017-09-20 08:58:42.645] [INFO] resLogger - 
*************** response log start ***************
request method: GET
request originalUrl:  /api/groups/list?token=eyJhbGciOiJIUzI1NiIsInR5cCI6IkpXVCJ9.eyJkYXRhIjp7ImlkIjoiYjAxZjA2NTgtOGQ1Ni00ZjkxLWIwZmUtNmE3YThhOWUzOWUwIiwibmFtZSI6ImFkbWluIiwiZ2VuZGVyIjp0cnVlLCJlbWFpbCI6IjM3ODMzODYyN0BxcS5jb20ifSwiaWF0IjoxNTA1Nzg1NTYxLCJleHAiOjE1MDU4NzE5NjF9.Unc8MrH8yf7A3ONeaLcjXKVgUTlqmYE7ddcEXP7yhW0
request client ip:  ::ffff:127.0.0.1
request query:  {"token":"eyJhbGciOiJIUzI1NiIsInR5cCI6IkpXVCJ9.eyJkYXRhIjp7ImlkIjoiYjAxZjA2NTgtOGQ1Ni00ZjkxLWIwZmUtNmE3YThhOWUzOWUwIiwibmFtZSI6ImFkbWluIiwiZ2VuZGVyIjp0cnVlLCJlbWFpbCI6IjM3ODMzODYyN0BxcS5jb20ifSwiaWF0IjoxNTA1Nzg1NTYxLCJleHAiOjE1MDU4NzE5NjF9.Unc8MrH8yf7A3ONeaLcjXKVgUTlqmYE7ddcEXP7yhW0"}
response time: 283
response status: 200
response body: 
{"status":0,"data":[{"name":"控股","description":"group2","status":1,"id":"99965a5c-db95-4f47-8108-66a676fabb6c","createdAt":1505557906360,"updatedAt":1505557906360,"version":0},{"name":"管委会","description":"group1","status":1,"id":"f0603fa0-ac6f-4422-b5ee-c7ecaabfafb8","createdAt":1505557906171,"updatedAt":1505557906171,"version":0}],"total":2}
*************** response log end ***************

[2017-09-20 08:59:59.006] [INFO] resLogger - 
*************** response log start ***************
request method: GET
request originalUrl:  /api/user/?token=eyJhbGciOiJIUzI1NiIsInR5cCI6IkpXVCJ9.eyJkYXRhIjp7ImlkIjoiYjAxZjA2NTgtOGQ1Ni00ZjkxLWIwZmUtNmE3YThhOWUzOWUwIiwibmFtZSI6ImFkbWluIiwiZ2VuZGVyIjp0cnVlLCJlbWFpbCI6IjM3ODMzODYyN0BxcS5jb20ifSwiaWF0IjoxNTA1Nzg1NTYxLCJleHAiOjE1MDU4NzE5NjF9.Unc8MrH8yf7A3ONeaLcjXKVgUTlqmYE7ddcEXP7yhW0
request client ip:  ::ffff:127.0.0.1
request query:  {"token":"eyJhbGciOiJIUzI1NiIsInR5cCI6IkpXVCJ9.eyJkYXRhIjp7ImlkIjoiYjAxZjA2NTgtOGQ1Ni00ZjkxLWIwZmUtNmE3YThhOWUzOWUwIiwibmFtZSI6ImFkbWluIiwiZ2VuZGVyIjp0cnVlLCJlbWFpbCI6IjM3ODMzODYyN0BxcS5jb20ifSwiaWF0IjoxNTA1Nzg1NTYxLCJleHAiOjE1MDU4NzE5NjF9.Unc8MrH8yf7A3ONeaLcjXKVgUTlqmYE7ddcEXP7yhW0"}
response time: 163
response status: 200
response body: 
{"status":0,"data":{"name":"admin","email":"378338627@qq.com","phone":"15822927208","password":"$2a$10$Funs5j34qBz5uZiVfrHNcu1vMnzZmYj8sxzYXeTCikOx0Fus2/n.O","gender":true,"token":"eyJhbGciOiJIUzI1NiIsInR5cCI6IkpXVCJ9.eyJkYXRhIjp7ImlkIjoiYjAxZjA2NTgtOGQ1Ni00ZjkxLWIwZmUtNmE3YThhOWUzOWUwIiwibmFtZSI6ImFkbWluIiwiZ2VuZGVyIjp0cnVlLCJlbWFpbCI6IjM3ODMzODYyN0BxcS5jb20ifSwiaWF0IjoxNTA1Nzg1NTYxLCJleHAiOjE1MDU4NzE5NjF9.Unc8MrH8yf7A3ONeaLcjXKVgUTlqmYE7ddcEXP7yhW0","canLogin":true,"status":1,"id":"b01f0658-8d56-4f91-b0fe-6a7a8a9e39e0","createdAt":1505557906169,"updatedAt":1505785562218,"version":3}}
*************** response log end ***************

[2017-09-20 08:59:59.241] [INFO] resLogger - 
*************** response log start ***************
request method: GET
request originalUrl:  /api/groups/list?token=eyJhbGciOiJIUzI1NiIsInR5cCI6IkpXVCJ9.eyJkYXRhIjp7ImlkIjoiYjAxZjA2NTgtOGQ1Ni00ZjkxLWIwZmUtNmE3YThhOWUzOWUwIiwibmFtZSI6ImFkbWluIiwiZ2VuZGVyIjp0cnVlLCJlbWFpbCI6IjM3ODMzODYyN0BxcS5jb20ifSwiaWF0IjoxNTA1Nzg1NTYxLCJleHAiOjE1MDU4NzE5NjF9.Unc8MrH8yf7A3ONeaLcjXKVgUTlqmYE7ddcEXP7yhW0
request client ip:  ::ffff:127.0.0.1
request query:  {"token":"eyJhbGciOiJIUzI1NiIsInR5cCI6IkpXVCJ9.eyJkYXRhIjp7ImlkIjoiYjAxZjA2NTgtOGQ1Ni00ZjkxLWIwZmUtNmE3YThhOWUzOWUwIiwibmFtZSI6ImFkbWluIiwiZ2VuZGVyIjp0cnVlLCJlbWFpbCI6IjM3ODMzODYyN0BxcS5jb20ifSwiaWF0IjoxNTA1Nzg1NTYxLCJleHAiOjE1MDU4NzE5NjF9.Unc8MrH8yf7A3ONeaLcjXKVgUTlqmYE7ddcEXP7yhW0"}
response time: 90
response status: 200
response body: 
{"status":0,"data":[{"name":"控股","description":"group2","status":1,"id":"99965a5c-db95-4f47-8108-66a676fabb6c","createdAt":1505557906360,"updatedAt":1505557906360,"version":0},{"name":"管委会","description":"group1","status":1,"id":"f0603fa0-ac6f-4422-b5ee-c7ecaabfafb8","createdAt":1505557906171,"updatedAt":1505557906171,"version":0}],"total":2}
*************** response log end ***************

