[2018-02-11 08:40:35.435] [INFO] resLogger - 
*************** response log start ***************
request method: GET
request originalUrl:  /api/user/?token=eyJhbGciOiJIUzI1NiIsInR5cCI6IkpXVCJ9.eyJkYXRhIjp7ImlkIjoiMDU3MjBlNmUtZWJlMy00MDM2LWI1NzUtZmYxZmEwYzZjYjM4IiwibmFtZSI6ImFkbWluIiwiZ2VuZGVyIjp0cnVlLCJlbWFpbCI6IjM3ODMzODYyN0BxcS5jb20ifSwiaWF0IjoxNTE4MTU2MTYzLCJleHAiOjE1MTgyNDI1NjN9.VC4fBC9IytDeDw-laQyHCe4BpviJiBwbS1lJx7foFeU
request client ip:  ::ffff:127.0.0.1
request query:  {"token":"eyJhbGciOiJIUzI1NiIsInR5cCI6IkpXVCJ9.eyJkYXRhIjp7ImlkIjoiMDU3MjBlNmUtZWJlMy00MDM2LWI1NzUtZmYxZmEwYzZjYjM4IiwibmFtZSI6ImFkbWluIiwiZ2VuZGVyIjp0cnVlLCJlbWFpbCI6IjM3ODMzODYyN0BxcS5jb20ifSwiaWF0IjoxNTE4MTU2MTYzLCJleHAiOjE1MTgyNDI1NjN9.VC4fBC9IytDeDw-laQyHCe4BpviJiBwbS1lJx7foFeU"}
response time: 775
response status: 200
response body: 
{"name":"jwtError","status":10003,"message":"身份验证错误！"}
*************** response log end ***************

[2018-02-11 08:50:15.508] [INFO] resLogger - 
*************** response log start ***************
request method: OPTIONS
request originalUrl:  /api/user/login
request client ip:  ::ffff:127.0.0.1
request body: 
{}
response time: 7
response status: 204
response body: 
undefined
*************** response log end ***************

[2018-02-11 08:50:20.247] [INFO] resLogger - 
*************** response log start ***************
request method: POST
request originalUrl:  /api/user/login
request client ip:  ::ffff:127.0.0.1
request body: 
{"username":"admin","password":"admin"}
response time: 4004
response status: 200
response body: 
{"status":0,"data":{"name":"admin","email":"378338627@qq.com","phone":"15822927208","password":"$2a$10$Vys3m61bScIz71uYIU1a.uqxmk6zgy024YWoVn7seVxcprpyE9BVu","gender":true,"token":"eyJhbGciOiJIUzI1NiIsInR5cCI6IkpXVCJ9.eyJkYXRhIjp7ImlkIjoiZjMwMzI3YzItNjhlZS00YzU0LWE3N2QtYjYxZDA5NWNmM2IyIiwibmFtZSI6ImFkbWluIiwiZ2VuZGVyIjp0cnVlLCJlbWFpbCI6IjM3ODMzODYyN0BxcS5jb20ifSwiaWF0IjoxNTE4MzEwMjE5LCJleHAiOjE1MTgzOTY2MTl9.FG0Dxu_7RYk8j8FP8j7mFFOtO38cKu00IuRZzIvjoAc","canLogin":true,"status":1,"roleId":"ba4ff4db-e560-41d5-879a-3087e47f21c5","id":"f30327c2-68ee-4c54-a77d-b61d095cf3b2","createdAt":1517213067013,"updatedAt":1518310219675,"version":9},"message":"登录成功！"}
*************** response log end ***************

[2018-02-11 08:50:23.317] [INFO] resLogger - 
*************** response log start ***************
request method: GET
request originalUrl:  /api/user/?token=eyJhbGciOiJIUzI1NiIsInR5cCI6IkpXVCJ9.eyJkYXRhIjp7ImlkIjoiZjMwMzI3YzItNjhlZS00YzU0LWE3N2QtYjYxZDA5NWNmM2IyIiwibmFtZSI6ImFkbWluIiwiZ2VuZGVyIjp0cnVlLCJlbWFpbCI6IjM3ODMzODYyN0BxcS5jb20ifSwiaWF0IjoxNTE4MzEwMjE5LCJleHAiOjE1MTgzOTY2MTl9.FG0Dxu_7RYk8j8FP8j7mFFOtO38cKu00IuRZzIvjoAc
request client ip:  ::ffff:127.0.0.1
request query:  {"token":"eyJhbGciOiJIUzI1NiIsInR5cCI6IkpXVCJ9.eyJkYXRhIjp7ImlkIjoiZjMwMzI3YzItNjhlZS00YzU0LWE3N2QtYjYxZDA5NWNmM2IyIiwibmFtZSI6ImFkbWluIiwiZ2VuZGVyIjp0cnVlLCJlbWFpbCI6IjM3ODMzODYyN0BxcS5jb20ifSwiaWF0IjoxNTE4MzEwMjE5LCJleHAiOjE1MTgzOTY2MTl9.FG0Dxu_7RYk8j8FP8j7mFFOtO38cKu00IuRZzIvjoAc"}
response time: 39
response status: 200
response body: 
{"status":0,"data":{"name":"admin","email":"378338627@qq.com","phone":"15822927208","password":"$2a$10$Vys3m61bScIz71uYIU1a.uqxmk6zgy024YWoVn7seVxcprpyE9BVu","gender":true,"token":"eyJhbGciOiJIUzI1NiIsInR5cCI6IkpXVCJ9.eyJkYXRhIjp7ImlkIjoiZjMwMzI3YzItNjhlZS00YzU0LWE3N2QtYjYxZDA5NWNmM2IyIiwibmFtZSI6ImFkbWluIiwiZ2VuZGVyIjp0cnVlLCJlbWFpbCI6IjM3ODMzODYyN0BxcS5jb20ifSwiaWF0IjoxNTE4MzEwMjE5LCJleHAiOjE1MTgzOTY2MTl9.FG0Dxu_7RYk8j8FP8j7mFFOtO38cKu00IuRZzIvjoAc","canLogin":true,"status":1,"roleId":"ba4ff4db-e560-41d5-879a-3087e47f21c5","id":"f30327c2-68ee-4c54-a77d-b61d095cf3b2","createdAt":1517213067013,"updatedAt":1518310219675,"version":9}}
*************** response log end ***************

[2018-02-11 08:50:26.380] [INFO] resLogger - 
*************** response log start ***************
request method: GET
request originalUrl:  /api/operation/list_week/time/1518310223789?token=eyJhbGciOiJIUzI1NiIsInR5cCI6IkpXVCJ9.eyJkYXRhIjp7ImlkIjoiZjMwMzI3YzItNjhlZS00YzU0LWE3N2QtYjYxZDA5NWNmM2IyIiwibmFtZSI6ImFkbWluIiwiZ2VuZGVyIjp0cnVlLCJlbWFpbCI6IjM3ODMzODYyN0BxcS5jb20ifSwiaWF0IjoxNTE4MzEwMjE5LCJleHAiOjE1MTgzOTY2MTl9.FG0Dxu_7RYk8j8FP8j7mFFOtO38cKu00IuRZzIvjoAc
request client ip:  ::ffff:127.0.0.1
request query:  {"token":"eyJhbGciOiJIUzI1NiIsInR5cCI6IkpXVCJ9.eyJkYXRhIjp7ImlkIjoiZjMwMzI3YzItNjhlZS00YzU0LWE3N2QtYjYxZDA5NWNmM2IyIiwibmFtZSI6ImFkbWluIiwiZ2VuZGVyIjp0cnVlLCJlbWFpbCI6IjM3ODMzODYyN0BxcS5jb20ifSwiaWF0IjoxNTE4MzEwMjE5LCJleHAiOjE1MTgzOTY2MTl9.FG0Dxu_7RYk8j8FP8j7mFFOtO38cKu00IuRZzIvjoAc"}
response time: 2408
response status: 200
response body: 
{"status":0,"data":[{"days":"20180212","count":0,"weekname":"星期一"},{"days":"20180213","count":0,"weekname":"星期二"},{"days":"20180214","count":0,"weekname":"星期三"},{"days":"20180215","count":0,"weekname":"星期四"},{"days":"20180216","count":0,"weekname":"星期五"},{"days":"20180217","count":0,"weekname":"星期六"},{"days":"20180218","count":0,"weekname":"星期日"}]}
*************** response log end ***************

[2018-02-11 08:50:26.592] [INFO] resLogger - 
*************** response log start ***************
request method: GET
request originalUrl:  /api/operation/list_month_worker_time/time/1518310223796?token=eyJhbGciOiJIUzI1NiIsInR5cCI6IkpXVCJ9.eyJkYXRhIjp7ImlkIjoiZjMwMzI3YzItNjhlZS00YzU0LWE3N2QtYjYxZDA5NWNmM2IyIiwibmFtZSI6ImFkbWluIiwiZ2VuZGVyIjp0cnVlLCJlbWFpbCI6IjM3ODMzODYyN0BxcS5jb20ifSwiaWF0IjoxNTE4MzEwMjE5LCJleHAiOjE1MTgzOTY2MTl9.FG0Dxu_7RYk8j8FP8j7mFFOtO38cKu00IuRZzIvjoAc
request client ip:  ::ffff:127.0.0.1
request query:  {"token":"eyJhbGciOiJIUzI1NiIsInR5cCI6IkpXVCJ9.eyJkYXRhIjp7ImlkIjoiZjMwMzI3YzItNjhlZS00YzU0LWE3N2QtYjYxZDA5NWNmM2IyIiwibmFtZSI6ImFkbWluIiwiZ2VuZGVyIjp0cnVlLCJlbWFpbCI6IjM3ODMzODYyN0BxcS5jb20ifSwiaWF0IjoxNTE4MzEwMjE5LCJleHAiOjE1MTgzOTY2MTl9.FG0Dxu_7RYk8j8FP8j7mFFOtO38cKu00IuRZzIvjoAc"}
response time: 2475
response status: 200
response body: 
{"status":0,"data":[]}
*************** response log end ***************

[2018-02-11 08:50:26.696] [INFO] resLogger - 
*************** response log start ***************
request method: GET
request originalUrl:  /api/action/list/time/1518310223787?token=eyJhbGciOiJIUzI1NiIsInR5cCI6IkpXVCJ9.eyJkYXRhIjp7ImlkIjoiZjMwMzI3YzItNjhlZS00YzU0LWE3N2QtYjYxZDA5NWNmM2IyIiwibmFtZSI6ImFkbWluIiwiZ2VuZGVyIjp0cnVlLCJlbWFpbCI6IjM3ODMzODYyN0BxcS5jb20ifSwiaWF0IjoxNTE4MzEwMjE5LCJleHAiOjE1MTgzOTY2MTl9.FG0Dxu_7RYk8j8FP8j7mFFOtO38cKu00IuRZzIvjoAc
request client ip:  ::ffff:127.0.0.1
request query:  {"token":"eyJhbGciOiJIUzI1NiIsInR5cCI6IkpXVCJ9.eyJkYXRhIjp7ImlkIjoiZjMwMzI3YzItNjhlZS00YzU0LWE3N2QtYjYxZDA5NWNmM2IyIiwibmFtZSI6ImFkbWluIiwiZ2VuZGVyIjp0cnVlLCJlbWFpbCI6IjM3ODMzODYyN0BxcS5jb20ifSwiaWF0IjoxNTE4MzEwMjE5LCJleHAiOjE1MTgzOTY2MTl9.FG0Dxu_7RYk8j8FP8j7mFFOtO38cKu00IuRZzIvjoAc"}
response time: 2776
response status: 200
response body: 
{"status":0,"data":[]}
*************** response log end ***************

[2018-02-11 08:50:26.996] [INFO] resLogger - 
*************** response log start ***************
request method: GET
request originalUrl:  /api/operation/list_month_corporation_count/time/1518310223798?token=eyJhbGciOiJIUzI1NiIsInR5cCI6IkpXVCJ9.eyJkYXRhIjp7ImlkIjoiZjMwMzI3YzItNjhlZS00YzU0LWE3N2QtYjYxZDA5NWNmM2IyIiwibmFtZSI6ImFkbWluIiwiZ2VuZGVyIjp0cnVlLCJlbWFpbCI6IjM3ODMzODYyN0BxcS5jb20ifSwiaWF0IjoxNTE4MzEwMjE5LCJleHAiOjE1MTgzOTY2MTl9.FG0Dxu_7RYk8j8FP8j7mFFOtO38cKu00IuRZzIvjoAc
request client ip:  ::ffff:127.0.0.1
request query:  {"token":"eyJhbGciOiJIUzI1NiIsInR5cCI6IkpXVCJ9.eyJkYXRhIjp7ImlkIjoiZjMwMzI3YzItNjhlZS00YzU0LWE3N2QtYjYxZDA5NWNmM2IyIiwibmFtZSI6ImFkbWluIiwiZ2VuZGVyIjp0cnVlLCJlbWFpbCI6IjM3ODMzODYyN0BxcS5jb20ifSwiaWF0IjoxNTE4MzEwMjE5LCJleHAiOjE1MTgzOTY2MTl9.FG0Dxu_7RYk8j8FP8j7mFFOtO38cKu00IuRZzIvjoAc"}
response time: 2870
response status: 200
response body: 
{"status":0,"data":[]}
*************** response log end ***************

[2018-02-11 08:50:27.083] [INFO] resLogger - 
*************** response log start ***************
request method: GET
request originalUrl:  /api/operation/list_month_worker/time/1518310223793?token=eyJhbGciOiJIUzI1NiIsInR5cCI6IkpXVCJ9.eyJkYXRhIjp7ImlkIjoiZjMwMzI3YzItNjhlZS00YzU0LWE3N2QtYjYxZDA5NWNmM2IyIiwibmFtZSI6ImFkbWluIiwiZ2VuZGVyIjp0cnVlLCJlbWFpbCI6IjM3ODMzODYyN0BxcS5jb20ifSwiaWF0IjoxNTE4MzEwMjE5LCJleHAiOjE1MTgzOTY2MTl9.FG0Dxu_7RYk8j8FP8j7mFFOtO38cKu00IuRZzIvjoAc
request client ip:  ::ffff:127.0.0.1
request query:  {"token":"eyJhbGciOiJIUzI1NiIsInR5cCI6IkpXVCJ9.eyJkYXRhIjp7ImlkIjoiZjMwMzI3YzItNjhlZS00YzU0LWE3N2QtYjYxZDA5NWNmM2IyIiwibmFtZSI6ImFkbWluIiwiZ2VuZGVyIjp0cnVlLCJlbWFpbCI6IjM3ODMzODYyN0BxcS5jb20ifSwiaWF0IjoxNTE4MzEwMjE5LCJleHAiOjE1MTgzOTY2MTl9.FG0Dxu_7RYk8j8FP8j7mFFOtO38cKu00IuRZzIvjoAc"}
response time: 2983
response status: 200
response body: 
{"status":0,"data":[]}
*************** response log end ***************

[2018-02-11 08:50:27.907] [INFO] resLogger - 
*************** response log start ***************
request method: GET
request originalUrl:  /api/operation/list/time/1518310223780?token=eyJhbGciOiJIUzI1NiIsInR5cCI6IkpXVCJ9.eyJkYXRhIjp7ImlkIjoiZjMwMzI3YzItNjhlZS00YzU0LWE3N2QtYjYxZDA5NWNmM2IyIiwibmFtZSI6ImFkbWluIiwiZ2VuZGVyIjp0cnVlLCJlbWFpbCI6IjM3ODMzODYyN0BxcS5jb20ifSwiaWF0IjoxNTE4MzEwMjE5LCJleHAiOjE1MTgzOTY2MTl9.FG0Dxu_7RYk8j8FP8j7mFFOtO38cKu00IuRZzIvjoAc
request client ip:  ::ffff:127.0.0.1
request query:  {"token":"eyJhbGciOiJIUzI1NiIsInR5cCI6IkpXVCJ9.eyJkYXRhIjp7ImlkIjoiZjMwMzI3YzItNjhlZS00YzU0LWE3N2QtYjYxZDA5NWNmM2IyIiwibmFtZSI6ImFkbWluIiwiZ2VuZGVyIjp0cnVlLCJlbWFpbCI6IjM3ODMzODYyN0BxcS5jb20ifSwiaWF0IjoxNTE4MzEwMjE5LCJleHAiOjE1MTgzOTY2MTl9.FG0Dxu_7RYk8j8FP8j7mFFOtO38cKu00IuRZzIvjoAc"}
response time: 4117
response status: 200
response body: 
{"status":0,"data":[]}
*************** response log end ***************

[2018-02-11 08:58:11.912] [INFO] resLogger - 
*************** response log start ***************
request method: GET
request originalUrl:  /api/order/list/page/1/time/1518310690000?token=eyJhbGciOiJIUzI1NiIsInR5cCI6IkpXVCJ9.eyJkYXRhIjp7ImlkIjoiZjMwMzI3YzItNjhlZS00YzU0LWE3N2QtYjYxZDA5NWNmM2IyIiwibmFtZSI6ImFkbWluIiwiZ2VuZGVyIjp0cnVlLCJlbWFpbCI6IjM3ODMzODYyN0BxcS5jb20ifSwiaWF0IjoxNTE4MzEwMjE5LCJleHAiOjE1MTgzOTY2MTl9.FG0Dxu_7RYk8j8FP8j7mFFOtO38cKu00IuRZzIvjoAc
request client ip:  ::ffff:127.0.0.1
request query:  {"token":"eyJhbGciOiJIUzI1NiIsInR5cCI6IkpXVCJ9.eyJkYXRhIjp7ImlkIjoiZjMwMzI3YzItNjhlZS00YzU0LWE3N2QtYjYxZDA5NWNmM2IyIiwibmFtZSI6ImFkbWluIiwiZ2VuZGVyIjp0cnVlLCJlbWFpbCI6IjM3ODMzODYyN0BxcS5jb20ifSwiaWF0IjoxNTE4MzEwMjE5LCJleHAiOjE1MTgzOTY2MTl9.FG0Dxu_7RYk8j8FP8j7mFFOtO38cKu00IuRZzIvjoAc"}
response time: 870
response status: 200
response body: 
{"status":0,"data":[],"total":0}
*************** response log end ***************

[2018-02-11 08:58:13.249] [INFO] resLogger - 
*************** response log start ***************
request method: GET
request originalUrl:  /api/groups/list?token=eyJhbGciOiJIUzI1NiIsInR5cCI6IkpXVCJ9.eyJkYXRhIjp7ImlkIjoiZjMwMzI3YzItNjhlZS00YzU0LWE3N2QtYjYxZDA5NWNmM2IyIiwibmFtZSI6ImFkbWluIiwiZ2VuZGVyIjp0cnVlLCJlbWFpbCI6IjM3ODMzODYyN0BxcS5jb20ifSwiaWF0IjoxNTE4MzEwMjE5LCJleHAiOjE1MTgzOTY2MTl9.FG0Dxu_7RYk8j8FP8j7mFFOtO38cKu00IuRZzIvjoAc
request client ip:  ::ffff:127.0.0.1
request query:  {"token":"eyJhbGciOiJIUzI1NiIsInR5cCI6IkpXVCJ9.eyJkYXRhIjp7ImlkIjoiZjMwMzI3YzItNjhlZS00YzU0LWE3N2QtYjYxZDA5NWNmM2IyIiwibmFtZSI6ImFkbWluIiwiZ2VuZGVyIjp0cnVlLCJlbWFpbCI6IjM3ODMzODYyN0BxcS5jb20ifSwiaWF0IjoxNTE4MzEwMjE5LCJleHAiOjE1MTgzOTY2MTl9.FG0Dxu_7RYk8j8FP8j7mFFOtO38cKu00IuRZzIvjoAc"}
response time: 125
response status: 200
response body: 
{"status":0,"data":[{"name":"临港清华附属小学","description":"临港清华附属小学","status":1,"id":"76a550ce-0788-4e2f-b3b8-875f9a62692c","createdAt":1515737019104,"updatedAt":1515737019104,"version":0},{"name":"控股","description":"group2","status":1,"id":"f0c37d6d-c922-4617-befd-aa51ad85d7c5","createdAt":1515633152227,"updatedAt":1515633152227,"version":0},{"name":"管委会","description":"group1","status":1,"id":"52505514-1b27-449f-b575-55b32fd1280f","createdAt":1515633151465,"updatedAt":1515633151465,"version":0}],"total":3}
*************** response log end ***************

[2018-02-11 08:58:13.300] [INFO] resLogger - 
*************** response log start ***************
request method: GET
request originalUrl:  /api/workers/list?token=eyJhbGciOiJIUzI1NiIsInR5cCI6IkpXVCJ9.eyJkYXRhIjp7ImlkIjoiZjMwMzI3YzItNjhlZS00YzU0LWE3N2QtYjYxZDA5NWNmM2IyIiwibmFtZSI6ImFkbWluIiwiZ2VuZGVyIjp0cnVlLCJlbWFpbCI6IjM3ODMzODYyN0BxcS5jb20ifSwiaWF0IjoxNTE4MzEwMjE5LCJleHAiOjE1MTgzOTY2MTl9.FG0Dxu_7RYk8j8FP8j7mFFOtO38cKu00IuRZzIvjoAc
request client ip:  ::ffff:127.0.0.1
request query:  {"token":"eyJhbGciOiJIUzI1NiIsInR5cCI6IkpXVCJ9.eyJkYXRhIjp7ImlkIjoiZjMwMzI3YzItNjhlZS00YzU0LWE3N2QtYjYxZDA5NWNmM2IyIiwibmFtZSI6ImFkbWluIiwiZ2VuZGVyIjp0cnVlLCJlbWFpbCI6IjM3ODMzODYyN0BxcS5jb20ifSwiaWF0IjoxNTE4MzEwMjE5LCJleHAiOjE1MTgzOTY2MTl9.FG0Dxu_7RYk8j8FP8j7mFFOtO38cKu00IuRZzIvjoAc"}
response time: 159
response status: 200
response body: 
{"status":0,"data":[{"name":"admin","email":"378338627@qq.com","phone":"15822927208","password":"$2a$10$ZCz8FbSB13tB2jbZIaI13.kaTOEp236iyvOOtqgZf.m.RSqqgjheq","gender":true,"token":"eyJhbGciOiJIUzI1NiIsInR5cCI6IkpXVCJ9.eyJkYXRhIjp7ImlkIjoiMDU3MjBlNmUtZWJlMy00MDM2LWI1NzUtZmYxZmEwYzZjYjM4IiwibmFtZSI6ImFkbWluIiwiZ2VuZGVyIjp0cnVlLCJlbWFpbCI6IjM3ODMzODYyN0BxcS5jb20ifSwiaWF0IjoxNTE4MTU2MTYzLCJleHAiOjE1MTgyNDI1NjN9.VC4fBC9IytDeDw-laQyHCe4BpviJiBwbS1lJx7foFeU","canLogin":true,"status":1,"roleId":null,"id":"05720e6e-ebe3-4036-b575-ff1fa0c6cb38","createdAt":1515633151463,"updatedAt":1518156163285,"version":25,"worker":null},{"name":"张赫","email":"378338627@qq.com","phone":"15822927208","password":"$2a$10$JUhMlqmi1flOuZRNBWq8j.o1y9YUDnWElK8XNEMAgkk/WAw66oVUu","gender":true,"token":null,"canLogin":true,"status":1,"roleId":null,"id":"ddb9b8c8-e9ba-48ac-af2e-bce4d534e4fb","createdAt":1515633151464,"updatedAt":1515633151464,"version":0,"worker":{"userId":"ddb9b8c8-e9ba-48ac-af2e-bce4d534e4fb","id":"535b3f1a-80dc-482e-a72b-8f3be9964a72","createdAt":1515633503273,"updatedAt":1515633503273,"version":0}},{"name":"朱亚亮","email":"378338627@qq.com","phone":"15822927208","password":"$2a$10$tkDWWL9Mkz9AUFRa.zS/suzNbr.PYt8dYnZloNBj4mkVHyh/kIvM6","gender":true,"token":null,"canLogin":true,"status":1,"roleId":null,"id":"e096a454-4426-400f-92ad-9726744236c0","createdAt":1515633151464,"updatedAt":1515633151464,"version":0,"worker":{"userId":"e096a454-4426-400f-92ad-9726744236c0","id":"6ea27226-cb26-459c-a96c-bf5f6c821747","createdAt":1515633504348,"updatedAt":1515633504348,"version":0}}]}
*************** response log end ***************

[2018-02-11 08:58:13.322] [INFO] resLogger - 
*************** response log start ***************
request method: GET
request originalUrl:  /api/corporations/list?token=eyJhbGciOiJIUzI1NiIsInR5cCI6IkpXVCJ9.eyJkYXRhIjp7ImlkIjoiZjMwMzI3YzItNjhlZS00YzU0LWE3N2QtYjYxZDA5NWNmM2IyIiwibmFtZSI6ImFkbWluIiwiZ2VuZGVyIjp0cnVlLCJlbWFpbCI6IjM3ODMzODYyN0BxcS5jb20ifSwiaWF0IjoxNTE4MzEwMjE5LCJleHAiOjE1MTgzOTY2MTl9.FG0Dxu_7RYk8j8FP8j7mFFOtO38cKu00IuRZzIvjoAc&group=76a550ce-0788-4e2f-b3b8-875f9a62692c
request client ip:  ::ffff:127.0.0.1
request query:  {"token":"eyJhbGciOiJIUzI1NiIsInR5cCI6IkpXVCJ9.eyJkYXRhIjp7ImlkIjoiZjMwMzI3YzItNjhlZS00YzU0LWE3N2QtYjYxZDA5NWNmM2IyIiwibmFtZSI6ImFkbWluIiwiZ2VuZGVyIjp0cnVlLCJlbWFpbCI6IjM3ODMzODYyN0BxcS5jb20ifSwiaWF0IjoxNTE4MzEwMjE5LCJleHAiOjE1MTgzOTY2MTl9.FG0Dxu_7RYk8j8FP8j7mFFOtO38cKu00IuRZzIvjoAc","group":"76a550ce-0788-4e2f-b3b8-875f9a62692c"}
response time: 56
response status: 200
response body: 
{"status":0,"data":[{"name":"临港清华附属小学","description":"临港清华附属小学","status":1,"groupId":"76a550ce-0788-4e2f-b3b8-875f9a62692c","id":"fd548fc1-6739-4ac2-b175-03d6e2706e24","createdAt":1515737229646,"updatedAt":1515737229646,"version":0,"group":{"name":"临港清华附属小学","description":"临港清华附属小学","status":1,"id":"76a550ce-0788-4e2f-b3b8-875f9a62692c","createdAt":1515737019104,"updatedAt":1515737019104,"version":0}}],"total":1}
*************** response log end ***************

[2018-02-11 08:58:13.405] [INFO] resLogger - 
*************** response log start ***************
request method: GET
request originalUrl:  /api/corpBuildings/list/fd548fc1-6739-4ac2-b175-03d6e2706e24?token=eyJhbGciOiJIUzI1NiIsInR5cCI6IkpXVCJ9.eyJkYXRhIjp7ImlkIjoiZjMwMzI3YzItNjhlZS00YzU0LWE3N2QtYjYxZDA5NWNmM2IyIiwibmFtZSI6ImFkbWluIiwiZ2VuZGVyIjp0cnVlLCJlbWFpbCI6IjM3ODMzODYyN0BxcS5jb20ifSwiaWF0IjoxNTE4MzEwMjE5LCJleHAiOjE1MTgzOTY2MTl9.FG0Dxu_7RYk8j8FP8j7mFFOtO38cKu00IuRZzIvjoAc
request client ip:  ::ffff:127.0.0.1
request query:  {"token":"eyJhbGciOiJIUzI1NiIsInR5cCI6IkpXVCJ9.eyJkYXRhIjp7ImlkIjoiZjMwMzI3YzItNjhlZS00YzU0LWE3N2QtYjYxZDA5NWNmM2IyIiwibmFtZSI6ImFkbWluIiwiZ2VuZGVyIjp0cnVlLCJlbWFpbCI6IjM3ODMzODYyN0BxcS5jb20ifSwiaWF0IjoxNTE4MzEwMjE5LCJleHAiOjE1MTgzOTY2MTl9.FG0Dxu_7RYk8j8FP8j7mFFOtO38cKu00IuRZzIvjoAc"}
response time: 64
response status: 200
response body: 
{"status":0,"data":[{"corporationId":"fd548fc1-6739-4ac2-b175-03d6e2706e24","buildingId":"d2d39430-ea05-4833-ae5d-4cc2c25afe62","floor":0,"position":"A","status":1,"id":"c3f56777-d692-4749-bc97-9b5b51df390b","createdAt":1515737354592,"updatedAt":1515737354592,"version":0,"building":{"name":"临港清华附属小学","address":"临港清华附属小学","minfloor":1,"maxfloor":1,"status":1,"id":"d2d39430-ea05-4833-ae5d-4cc2c25afe62","createdAt":1515737342290,"updatedAt":1515737342290,"version":0}}],"total":0}
*************** response log end ***************

[2018-02-11 08:58:54.765] [INFO] resLogger - 
*************** response log start ***************
request method: GET
request originalUrl:  /api/corporations/list?token=eyJhbGciOiJIUzI1NiIsInR5cCI6IkpXVCJ9.eyJkYXRhIjp7ImlkIjoiZjMwMzI3YzItNjhlZS00YzU0LWE3N2QtYjYxZDA5NWNmM2IyIiwibmFtZSI6ImFkbWluIiwiZ2VuZGVyIjp0cnVlLCJlbWFpbCI6IjM3ODMzODYyN0BxcS5jb20ifSwiaWF0IjoxNTE4MzEwMjE5LCJleHAiOjE1MTgzOTY2MTl9.FG0Dxu_7RYk8j8FP8j7mFFOtO38cKu00IuRZzIvjoAc&group=f0c37d6d-c922-4617-befd-aa51ad85d7c5
request client ip:  ::ffff:127.0.0.1
request query:  {"token":"eyJhbGciOiJIUzI1NiIsInR5cCI6IkpXVCJ9.eyJkYXRhIjp7ImlkIjoiZjMwMzI3YzItNjhlZS00YzU0LWE3N2QtYjYxZDA5NWNmM2IyIiwibmFtZSI6ImFkbWluIiwiZ2VuZGVyIjp0cnVlLCJlbWFpbCI6IjM3ODMzODYyN0BxcS5jb20ifSwiaWF0IjoxNTE4MzEwMjE5LCJleHAiOjE1MTgzOTY2MTl9.FG0Dxu_7RYk8j8FP8j7mFFOtO38cKu00IuRZzIvjoAc","group":"f0c37d6d-c922-4617-befd-aa51ad85d7c5"}
response time: 157
response status: 200
response body: 
{"status":0,"data":[{"name":"园区运营公司","description":"园区运营公司","status":1,"groupId":"f0c37d6d-c922-4617-befd-aa51ad85d7c5","id":"1c52efa6-abbe-4114-95a6-c1125d762446","createdAt":1515981270653,"updatedAt":1515981270653,"version":0,"group":{"name":"控股","description":"group2","status":1,"id":"f0c37d6d-c922-4617-befd-aa51ad85d7c5","createdAt":1515633152227,"updatedAt":1515633152227,"version":0}},{"name":"港务公司","description":"港务公司","status":1,"groupId":"f0c37d6d-c922-4617-befd-aa51ad85d7c5","id":"268041ad-f79c-4c6a-858d-091c3a77ac59","createdAt":1516670996611,"updatedAt":1516670996611,"version":0,"group":{"name":"控股","description":"group2","status":1,"id":"f0c37d6d-c922-4617-befd-aa51ad85d7c5","createdAt":1515633152227,"updatedAt":1515633152227,"version":0}},{"name":"信息公司","description":"信息公司","status":1,"groupId":"f0c37d6d-c922-4617-befd-aa51ad85d7c5","id":"38c3e49a-0e5d-4390-9f14-e9cae95f365f","createdAt":1516671101244,"updatedAt":1516671101244,"version":0,"group":{"name":"控股","description":"group2","status":1,"id":"f0c37d6d-c922-4617-befd-aa51ad85d7c5","createdAt":1515633152227,"updatedAt":1515633152227,"version":0}},{"name":"公共事业公司","description":"公共事业公司","status":1,"groupId":"f0c37d6d-c922-4617-befd-aa51ad85d7c5","id":"4599eaf8-68f6-4fd5-bf10-1d152e2b28fe","createdAt":1515633158411,"updatedAt":1515633158411,"version":0,"group":{"name":"控股","description":"group2","status":1,"id":"f0c37d6d-c922-4617-befd-aa51ad85d7c5","createdAt":1515633152227,"updatedAt":1515633152227,"version":0}},{"name":"置地公司","description":"置地公司","status":1,"groupId":"f0c37d6d-c922-4617-befd-aa51ad85d7c5","id":"4b2362eb-a9fd-414c-8c31-ad335e81105b","createdAt":1516670902936,"updatedAt":1516670902936,"version":0,"group":{"name":"控股","description":"group2","status":1,"id":"f0c37d6d-c922-4617-befd-aa51ad85d7c5","createdAt":1515633152227,"updatedAt":1515633152227,"version":0}},{"name":"融资租赁公司","description":"融资租赁公司","status":1,"groupId":"f0c37d6d-c922-4617-befd-aa51ad85d7c5","id":"4f3b67d7-40f2-4377-86ba-e9775e728f64","createdAt":1515633158201,"updatedAt":1515633158201,"version":0,"group":{"name":"控股","description":"group2","status":1,"id":"f0c37d6d-c922-4617-befd-aa51ad85d7c5","createdAt":1515633152227,"updatedAt":1515633152227,"version":0}},{"name":"建设公司","description":"建设公司","status":1,"groupId":"f0c37d6d-c922-4617-befd-aa51ad85d7c5","id":"53fa2bd9-bc42-4582-a5c3-38f8d8dad229","createdAt":1515633158488,"updatedAt":1515633158488,"version":0,"group":{"name":"控股","description":"group2","status":1,"id":"f0c37d6d-c922-4617-befd-aa51ad85d7c5","createdAt":1515633152227,"updatedAt":1515633152227,"version":0}},{"name":"投资公司","description":"投资公司","status":1,"groupId":"f0c37d6d-c922-4617-befd-aa51ad85d7c5","id":"73a751ce-1f60-42ce-a5ee-501712eef1f4","createdAt":1515633160114,"updatedAt":1515633160114,"version":0,"group":{"name":"控股","description":"group2","status":1,"id":"f0c37d6d-c922-4617-befd-aa51ad85d7c5","createdAt":1515633152227,"updatedAt":1515633152227,"version":0}},{"name":"粮交所","description":"粮交所","status":1,"groupId":"f0c37d6d-c922-4617-befd-aa51ad85d7c5","id":"76e565af-f8c3-4798-bee7-3342bd079231","createdAt":1516671019340,"updatedAt":1516671019340,"version":0,"group":{"name":"控股","description":"group2","status":1,"id":"f0c37d6d-c922-4617-befd-aa51ad85d7c5","createdAt":1515633152227,"updatedAt":1515633152227,"version":0}},{"name":"高新公司","description":"高新","status":1,"groupId":"f0c37d6d-c922-4617-befd-aa51ad85d7c5","id":"89cce940-1268-4690-abe4-3b3b14fb0cde","createdAt":1516607211910,"updatedAt":1516607211910,"version":0,"group":{"name":"控股","description":"group2","status":1,"id":"f0c37d6d-c922-4617-befd-aa51ad85d7c5","createdAt":1515633152227,"updatedAt":1515633152227,"version":0}},{"name":"信息管线公司","description":"信息管线公司","status":1,"groupId":"f0c37d6d-c922-4617-befd-aa51ad85d7c5","id":"9d70667b-13e9-46c7-b552-86050bef037a","createdAt":1517793948897,"updatedAt":1517793948897,"version":0,"group":{"name":"控股","description":"group2","status":1,"id":"f0c37d6d-c922-4617-befd-aa51ad85d7c5","createdAt":1515633152227,"updatedAt":1515633152227,"version":0}},{"name":"城市资源公司","description":"城市资源","status":1,"groupId":"f0c37d6d-c922-4617-befd-aa51ad85d7c5","id":"9eaf4c3b-0a1d-488a-a575-cf7772c21135","createdAt":1516671126558,"updatedAt":1516671126558,"version":0,"group":{"name":"控股","description":"group2","status":1,"id":"f0c37d6d-c922-4617-befd-aa51ad85d7c5","createdAt":1515633152227,"updatedAt":1515633152227,"version":0}},{"name":"园林公司","description":"园林公司","status":1,"groupId":"f0c37d6d-c922-4617-befd-aa51ad85d7c5","id":"d016201e-2c29-4d9f-8caa-4da5a7b279e9","createdAt":1515648909620,"updatedAt":1515648909620,"version":0,"group":{"name":"控股","description":"group2","status":1,"id":"f0c37d6d-c922-4617-befd-aa51ad85d7c5","createdAt":1515633152227,"updatedAt":1515633152227,"version":0}},{"name":"物流商贸公司","description":"物流商贸","status":1,"groupId":"f0c37d6d-c922-4617-befd-aa51ad85d7c5","id":"d988a340-24ec-4f49-ba6a-98514328a07a","createdAt":1517196815376,"updatedAt":1517196815376,"version":0,"group":{"name":"控股","description":"group2","status":1,"id":"f0c37d6d-c922-4617-befd-aa51ad85d7c5","createdAt":1515633152227,"updatedAt":1515633152227,"version":0}},{"name":"基金公司","description":"基金公司","status":1,"groupId":"f0c37d6d-c922-4617-befd-aa51ad85d7c5","id":"f0fd30bb-479c-44db-8413-ab39b32da748","createdAt":1515650970327,"updatedAt":1515650970327,"version":0,"group":{"name":"控股","description":"group2","status":1,"id":"f0c37d6d-c922-4617-befd-aa51ad85d7c5","createdAt":1515633152227,"updatedAt":1515633152227,"version":0}},{"name":"铁路公司","description":"铁路公司","status":1,"groupId":"f0c37d6d-c922-4617-befd-aa51ad85d7c5","id":"f15181ba-7881-4536-9902-f0588e0c1e17","createdAt":1516670976469,"updatedAt":1516670976469,"version":0,"group":{"name":"控股","description":"group2","status":1,"id":"f0c37d6d-c922-4617-befd-aa51ad85d7c5","createdAt":1515633152227,"updatedAt":1515633152227,"version":0}},{"name":"控股公司","description":"控股公司","status":1,"groupId":"f0c37d6d-c922-4617-befd-aa51ad85d7c5","id":"fbbf7c59-f08c-445b-a4f0-e2fa977117e8","createdAt":1515633158111,"updatedAt":1515633158111,"version":0,"group":{"name":"控股","description":"group2","status":1,"id":"f0c37d6d-c922-4617-befd-aa51ad85d7c5","createdAt":1515633152227,"updatedAt":1515633152227,"version":0}}],"total":17}
*************** response log end ***************

[2018-02-11 08:58:54.868] [INFO] resLogger - 
*************** response log start ***************
request method: GET
request originalUrl:  /api/corpBuildings/list/1c52efa6-abbe-4114-95a6-c1125d762446?token=eyJhbGciOiJIUzI1NiIsInR5cCI6IkpXVCJ9.eyJkYXRhIjp7ImlkIjoiZjMwMzI3YzItNjhlZS00YzU0LWE3N2QtYjYxZDA5NWNmM2IyIiwibmFtZSI6ImFkbWluIiwiZ2VuZGVyIjp0cnVlLCJlbWFpbCI6IjM3ODMzODYyN0BxcS5jb20ifSwiaWF0IjoxNTE4MzEwMjE5LCJleHAiOjE1MTgzOTY2MTl9.FG0Dxu_7RYk8j8FP8j7mFFOtO38cKu00IuRZzIvjoAc
request client ip:  ::ffff:127.0.0.1
request query:  {"token":"eyJhbGciOiJIUzI1NiIsInR5cCI6IkpXVCJ9.eyJkYXRhIjp7ImlkIjoiZjMwMzI3YzItNjhlZS00YzU0LWE3N2QtYjYxZDA5NWNmM2IyIiwibmFtZSI6ImFkbWluIiwiZ2VuZGVyIjp0cnVlLCJlbWFpbCI6IjM3ODMzODYyN0BxcS5jb20ifSwiaWF0IjoxNTE4MzEwMjE5LCJleHAiOjE1MTgzOTY2MTl9.FG0Dxu_7RYk8j8FP8j7mFFOtO38cKu00IuRZzIvjoAc"}
response time: 66
response status: 200
response body: 
{"status":0,"data":[{"corporationId":"1c52efa6-abbe-4114-95a6-c1125d762446","buildingId":"6a9bcf38-e15c-4669-8dbd-bd48bfad4623","floor":7,"position":"E","status":1,"id":"fe13b8fe-1a49-46e6-a441-5332a5797f12","createdAt":1515981574625,"updatedAt":1515981574625,"version":0,"building":{"name":"商务大厦北楼","address":"北","minfloor":1,"maxfloor":15,"status":1,"id":"6a9bcf38-e15c-4669-8dbd-bd48bfad4623","createdAt":1515633153519,"updatedAt":1515633153519,"version":0}}],"total":0}
*************** response log end ***************

[2018-02-11 08:58:56.831] [INFO] resLogger - 
*************** response log start ***************
request method: GET
request originalUrl:  /api/corpBuildings/list/53fa2bd9-bc42-4582-a5c3-38f8d8dad229?token=eyJhbGciOiJIUzI1NiIsInR5cCI6IkpXVCJ9.eyJkYXRhIjp7ImlkIjoiZjMwMzI3YzItNjhlZS00YzU0LWE3N2QtYjYxZDA5NWNmM2IyIiwibmFtZSI6ImFkbWluIiwiZ2VuZGVyIjp0cnVlLCJlbWFpbCI6IjM3ODMzODYyN0BxcS5jb20ifSwiaWF0IjoxNTE4MzEwMjE5LCJleHAiOjE1MTgzOTY2MTl9.FG0Dxu_7RYk8j8FP8j7mFFOtO38cKu00IuRZzIvjoAc
request client ip:  ::ffff:127.0.0.1
request query:  {"token":"eyJhbGciOiJIUzI1NiIsInR5cCI6IkpXVCJ9.eyJkYXRhIjp7ImlkIjoiZjMwMzI3YzItNjhlZS00YzU0LWE3N2QtYjYxZDA5NWNmM2IyIiwibmFtZSI6ImFkbWluIiwiZ2VuZGVyIjp0cnVlLCJlbWFpbCI6IjM3ODMzODYyN0BxcS5jb20ifSwiaWF0IjoxNTE4MzEwMjE5LCJleHAiOjE1MTgzOTY2MTl9.FG0Dxu_7RYk8j8FP8j7mFFOtO38cKu00IuRZzIvjoAc"}
response time: 31
response status: 200
response body: 
{"status":0,"data":[{"corporationId":"53fa2bd9-bc42-4582-a5c3-38f8d8dad229","buildingId":"6a9bcf38-e15c-4669-8dbd-bd48bfad4623","floor":9,"position":"A","status":1,"id":"6640be72-8a23-402d-b8bd-032a9628e3f3","createdAt":1515633161243,"updatedAt":1515633161243,"version":0,"building":{"name":"商务大厦北楼","address":"北","minfloor":1,"maxfloor":15,"status":1,"id":"6a9bcf38-e15c-4669-8dbd-bd48bfad4623","createdAt":1515633153519,"updatedAt":1515633153519,"version":0}},{"corporationId":"53fa2bd9-bc42-4582-a5c3-38f8d8dad229","buildingId":"6a9bcf38-e15c-4669-8dbd-bd48bfad4623","floor":8,"position":"E","status":1,"id":"bc0c656f-06a4-49b5-bdff-c043202c340a","createdAt":1515633161113,"updatedAt":1515633161113,"version":0,"building":{"name":"商务大厦北楼","address":"北","minfloor":1,"maxfloor":15,"status":1,"id":"6a9bcf38-e15c-4669-8dbd-bd48bfad4623","createdAt":1515633153519,"updatedAt":1515633153519,"version":0}}],"total":0}
*************** response log end ***************

[2018-02-11 08:58:59.871] [INFO] resLogger - 
*************** response log start ***************
request method: GET
request originalUrl:  /api/equipType/list?token=eyJhbGciOiJIUzI1NiIsInR5cCI6IkpXVCJ9.eyJkYXRhIjp7ImlkIjoiZjMwMzI3YzItNjhlZS00YzU0LWE3N2QtYjYxZDA5NWNmM2IyIiwibmFtZSI6ImFkbWluIiwiZ2VuZGVyIjp0cnVlLCJlbWFpbCI6IjM3ODMzODYyN0BxcS5jb20ifSwiaWF0IjoxNTE4MzEwMjE5LCJleHAiOjE1MTgzOTY2MTl9.FG0Dxu_7RYk8j8FP8j7mFFOtO38cKu00IuRZzIvjoAc
request client ip:  ::ffff:127.0.0.1
request query:  {"token":"eyJhbGciOiJIUzI1NiIsInR5cCI6IkpXVCJ9.eyJkYXRhIjp7ImlkIjoiZjMwMzI3YzItNjhlZS00YzU0LWE3N2QtYjYxZDA5NWNmM2IyIiwibmFtZSI6ImFkbWluIiwiZ2VuZGVyIjp0cnVlLCJlbWFpbCI6IjM3ODMzODYyN0BxcS5jb20ifSwiaWF0IjoxNTE4MzEwMjE5LCJleHAiOjE1MTgzOTY2MTl9.FG0Dxu_7RYk8j8FP8j7mFFOtO38cKu00IuRZzIvjoAc"}
response time: 15
response status: 200
response body: 
{"status":0,"data":[{"name":"网络","code":"NETWORK","id":"edad6210-e642-4302-98c1-60251cb85972","createdAt":1515633162976,"updatedAt":1515633162976,"version":0},{"name":"软件","code":"SOFTWARE","id":"273f11bf-51a4-4331-9f71-f209625da820","createdAt":1515633162815,"updatedAt":1515633162815,"version":0},{"name":"硬件","code":"HARDWARE","id":"e6890530-4629-406f-a3fb-d8e2a293320b","createdAt":1515633162627,"updatedAt":1515633162627,"version":0}]}
*************** response log end ***************

[2018-02-11 08:59:00.003] [INFO] resLogger - 
*************** response log start ***************
request method: GET
request originalUrl:  /api/business/getequip/get/NETWORK?token=eyJhbGciOiJIUzI1NiIsInR5cCI6IkpXVCJ9.eyJkYXRhIjp7ImlkIjoiZjMwMzI3YzItNjhlZS00YzU0LWE3N2QtYjYxZDA5NWNmM2IyIiwibmFtZSI6ImFkbWluIiwiZ2VuZGVyIjp0cnVlLCJlbWFpbCI6IjM3ODMzODYyN0BxcS5jb20ifSwiaWF0IjoxNTE4MzEwMjE5LCJleHAiOjE1MTgzOTY2MTl9.FG0Dxu_7RYk8j8FP8j7mFFOtO38cKu00IuRZzIvjoAc
request client ip:  ::ffff:127.0.0.1
request query:  {"token":"eyJhbGciOiJIUzI1NiIsInR5cCI6IkpXVCJ9.eyJkYXRhIjp7ImlkIjoiZjMwMzI3YzItNjhlZS00YzU0LWE3N2QtYjYxZDA5NWNmM2IyIiwibmFtZSI6ImFkbWluIiwiZ2VuZGVyIjp0cnVlLCJlbWFpbCI6IjM3ODMzODYyN0BxcS5jb20ifSwiaWF0IjoxNTE4MzEwMjE5LCJleHAiOjE1MTgzOTY2MTl9.FG0Dxu_7RYk8j8FP8j7mFFOtO38cKu00IuRZzIvjoAc"}
response time: 73
response status: 200
response body: 
{"status":0,"data":[{"equipment":"IP地址","name":"IP地址"},{"equipment":"VPN","name":"VPN"},{"equipment":"互联网","name":"互联网"},{"equipment":"内网","name":"内网"},{"equipment":"视频会议设备","name":"视频会议设备"}]}
*************** response log end ***************

[2018-02-11 08:59:00.213] [INFO] resLogger - 
*************** response log start ***************
request method: GET
request originalUrl:  /api/business/list?token=eyJhbGciOiJIUzI1NiIsInR5cCI6IkpXVCJ9.eyJkYXRhIjp7ImlkIjoiZjMwMzI3YzItNjhlZS00YzU0LWE3N2QtYjYxZDA5NWNmM2IyIiwibmFtZSI6ImFkbWluIiwiZ2VuZGVyIjp0cnVlLCJlbWFpbCI6IjM3ODMzODYyN0BxcS5jb20ifSwiaWF0IjoxNTE4MzEwMjE5LCJleHAiOjE1MTgzOTY2MTl9.FG0Dxu_7RYk8j8FP8j7mFFOtO38cKu00IuRZzIvjoAc&type=NETWORK&equipment=IP%E5%9C%B0%E5%9D%80
request client ip:  ::ffff:127.0.0.1
request query:  {"token":"eyJhbGciOiJIUzI1NiIsInR5cCI6IkpXVCJ9.eyJkYXRhIjp7ImlkIjoiZjMwMzI3YzItNjhlZS00YzU0LWE3N2QtYjYxZDA5NWNmM2IyIiwibmFtZSI6ImFkbWluIiwiZ2VuZGVyIjp0cnVlLCJlbWFpbCI6IjM3ODMzODYyN0BxcS5jb20ifSwiaWF0IjoxNTE4MzEwMjE5LCJleHAiOjE1MTgzOTY2MTl9.FG0Dxu_7RYk8j8FP8j7mFFOtO38cKu00IuRZzIvjoAc","type":"NETWORK","equipment":"IP地址"}
response time: 192
response status: 200
response body: 
{"status":0,"data":[{"type":"NETWORK","equipment":"IP地址","operation":"SET","isAdvanced":null,"weight":5,"remark":"","status":1,"id":"b21cfd95-a732-41d6-b70a-63e0dd931439","createdAt":1515633165117,"updatedAt":1515633165117,"version":0,"equipType":{"name":"网络","code":"NETWORK","id":"edad6210-e642-4302-98c1-60251cb85972","createdAt":1515633162976,"updatedAt":1515633162976,"version":0},"equipOp":{"name":"设置","code":"SET","id":"19c397a6-794f-4b2d-9f67-64f8da63c2ac","createdAt":1515633164022,"updatedAt":1515633164022,"version":0}},{"type":"NETWORK","equipment":"IP地址","operation":"CT","isAdvanced":null,"weight":5,"remark":"","status":1,"id":"136d7e3a-3196-417f-a583-8f1b229fa16d","createdAt":1515633164897,"updatedAt":1515633164897,"version":0,"equipType":{"name":"网络","code":"NETWORK","id":"edad6210-e642-4302-98c1-60251cb85972","createdAt":1515633162976,"updatedAt":1515633162976,"version":0},"equipOp":{"name":"冲突","code":"CT","id":"638b91b7-6496-44be-b482-30d2f77ddd88","createdAt":1515633163872,"updatedAt":1515633163872,"version":0}}],"total":2}
*************** response log end ***************

[2018-02-11 08:59:02.028] [INFO] resLogger - 
*************** response log start ***************
request method: GET
request originalUrl:  /api/business/getequip/get/SOFTWARE?token=eyJhbGciOiJIUzI1NiIsInR5cCI6IkpXVCJ9.eyJkYXRhIjp7ImlkIjoiZjMwMzI3YzItNjhlZS00YzU0LWE3N2QtYjYxZDA5NWNmM2IyIiwibmFtZSI6ImFkbWluIiwiZ2VuZGVyIjp0cnVlLCJlbWFpbCI6IjM3ODMzODYyN0BxcS5jb20ifSwiaWF0IjoxNTE4MzEwMjE5LCJleHAiOjE1MTgzOTY2MTl9.FG0Dxu_7RYk8j8FP8j7mFFOtO38cKu00IuRZzIvjoAc
request client ip:  ::ffff:127.0.0.1
request query:  {"token":"eyJhbGciOiJIUzI1NiIsInR5cCI6IkpXVCJ9.eyJkYXRhIjp7ImlkIjoiZjMwMzI3YzItNjhlZS00YzU0LWE3N2QtYjYxZDA5NWNmM2IyIiwibmFtZSI6ImFkbWluIiwiZ2VuZGVyIjp0cnVlLCJlbWFpbCI6IjM3ODMzODYyN0BxcS5jb20ifSwiaWF0IjoxNTE4MzEwMjE5LCJleHAiOjE1MTgzOTY2MTl9.FG0Dxu_7RYk8j8FP8j7mFFOtO38cKu00IuRZzIvjoAc"}
response time: 81
response status: 200
response body: 
{"status":0,"data":[{"equipment":"OA","name":"OA"},{"equipment":"WORD","name":"WORD"},{"equipment":"云桌面","name":"云桌面"},{"equipment":"办公软件","name":"办公软件"},{"equipment":"垃圾软件","name":"垃圾软件"},{"equipment":"操作系统","name":"操作系统"},{"equipment":"浏览器","name":"浏览器"}]}
*************** response log end ***************

[2018-02-11 08:59:02.132] [INFO] resLogger - 
*************** response log start ***************
request method: GET
request originalUrl:  /api/business/list?token=eyJhbGciOiJIUzI1NiIsInR5cCI6IkpXVCJ9.eyJkYXRhIjp7ImlkIjoiZjMwMzI3YzItNjhlZS00YzU0LWE3N2QtYjYxZDA5NWNmM2IyIiwibmFtZSI6ImFkbWluIiwiZ2VuZGVyIjp0cnVlLCJlbWFpbCI6IjM3ODMzODYyN0BxcS5jb20ifSwiaWF0IjoxNTE4MzEwMjE5LCJleHAiOjE1MTgzOTY2MTl9.FG0Dxu_7RYk8j8FP8j7mFFOtO38cKu00IuRZzIvjoAc&type=SOFTWARE&equipment=OA
request client ip:  ::ffff:127.0.0.1
request query:  {"token":"eyJhbGciOiJIUzI1NiIsInR5cCI6IkpXVCJ9.eyJkYXRhIjp7ImlkIjoiZjMwMzI3YzItNjhlZS00YzU0LWE3N2QtYjYxZDA5NWNmM2IyIiwibmFtZSI6ImFkbWluIiwiZ2VuZGVyIjp0cnVlLCJlbWFpbCI6IjM3ODMzODYyN0BxcS5jb20ifSwiaWF0IjoxNTE4MzEwMjE5LCJleHAiOjE1MTgzOTY2MTl9.FG0Dxu_7RYk8j8FP8j7mFFOtO38cKu00IuRZzIvjoAc","type":"SOFTWARE","equipment":"OA"}
response time: 85
response status: 200
response body: 
{"status":0,"data":[{"type":"SOFTWARE","equipment":"OA","operation":"FIX","isAdvanced":false,"weight":5,"remark":null,"status":1,"id":"8c62bbd2-bfe1-4d5e-8c79-49faea2a330c","createdAt":1517884297500,"updatedAt":1518053788325,"version":1,"equipType":{"name":"软件","code":"SOFTWARE","id":"273f11bf-51a4-4331-9f71-f209625da820","createdAt":1515633162815,"updatedAt":1515633162815,"version":0},"equipOp":{"name":"故障","code":"FIX","id":"e15ed1f4-3cf7-4dcc-859b-70620a042bf3","createdAt":1515633163280,"updatedAt":1515633163280,"version":0}},{"type":"SOFTWARE","equipment":"OA","operation":"CONNECT","isAdvanced":false,"weight":5,"remark":null,"status":1,"id":"385c3300-522f-4bbf-a22d-d028b2c93811","createdAt":1518053787924,"updatedAt":1518053787924,"version":0,"equipType":{"name":"软件","code":"SOFTWARE","id":"273f11bf-51a4-4331-9f71-f209625da820","createdAt":1515633162815,"updatedAt":1515633162815,"version":0},"equipOp":{"name":"连接","code":"CONNECT","id":"c7c1a6a9-3b22-4868-87ef-848de64eb1c3","createdAt":1515648604654,"updatedAt":1515648604654,"version":0}}],"total":2}
*************** response log end ***************

[2018-02-11 08:59:04.422] [INFO] resLogger - 
*************** response log start ***************
request method: GET
request originalUrl:  /api/business/list?token=eyJhbGciOiJIUzI1NiIsInR5cCI6IkpXVCJ9.eyJkYXRhIjp7ImlkIjoiZjMwMzI3YzItNjhlZS00YzU0LWE3N2QtYjYxZDA5NWNmM2IyIiwibmFtZSI6ImFkbWluIiwiZ2VuZGVyIjp0cnVlLCJlbWFpbCI6IjM3ODMzODYyN0BxcS5jb20ifSwiaWF0IjoxNTE4MzEwMjE5LCJleHAiOjE1MTgzOTY2MTl9.FG0Dxu_7RYk8j8FP8j7mFFOtO38cKu00IuRZzIvjoAc&type=SOFTWARE&equipment=%E6%93%8D%E4%BD%9C%E7%B3%BB%E7%BB%9F
request client ip:  ::ffff:127.0.0.1
request query:  {"token":"eyJhbGciOiJIUzI1NiIsInR5cCI6IkpXVCJ9.eyJkYXRhIjp7ImlkIjoiZjMwMzI3YzItNjhlZS00YzU0LWE3N2QtYjYxZDA5NWNmM2IyIiwibmFtZSI6ImFkbWluIiwiZ2VuZGVyIjp0cnVlLCJlbWFpbCI6IjM3ODMzODYyN0BxcS5jb20ifSwiaWF0IjoxNTE4MzEwMjE5LCJleHAiOjE1MTgzOTY2MTl9.FG0Dxu_7RYk8j8FP8j7mFFOtO38cKu00IuRZzIvjoAc","type":"SOFTWARE","equipment":"操作系统"}
response time: 82
response status: 200
response body: 
{"status":0,"data":[{"type":"SOFTWARE","equipment":"操作系统","operation":"SLOW","isAdvanced":null,"weight":5,"remark":null,"status":1,"id":"35c07de7-9fb3-41e7-917f-906ecf235394","createdAt":1516692118715,"updatedAt":1516692118715,"version":0,"equipType":{"name":"软件","code":"SOFTWARE","id":"273f11bf-51a4-4331-9f71-f209625da820","createdAt":1515633162815,"updatedAt":1515633162815,"version":0},"equipOp":{"name":"运行缓慢","code":"SLOW","id":"8fbb8521-0e41-4dff-a83d-262cc6a4d24c","createdAt":1516691950313,"updatedAt":1516691950313,"version":0}},{"type":"SOFTWARE","equipment":"操作系统","operation":"SETUP","isAdvanced":null,"weight":5,"remark":null,"status":1,"id":"04037cc5-71fe-484a-ac05-d7bcc4d5e6b9","createdAt":1516081250259,"updatedAt":1516081250259,"version":0,"equipType":{"name":"软件","code":"SOFTWARE","id":"273f11bf-51a4-4331-9f71-f209625da820","createdAt":1515633162815,"updatedAt":1515633162815,"version":0},"equipOp":{"name":"安装","code":"SETUP","id":"a1827017-987a-4fea-89c4-5742c40cbc3e","createdAt":1515633163145,"updatedAt":1515633163145,"version":0}},{"type":"SOFTWARE","equipment":"操作系统","operation":"ACTIVE","isAdvanced":null,"weight":5,"remark":null,"status":1,"id":"a3e57503-5aa6-49a4-9570-feba4817ae7d","createdAt":1516081250259,"updatedAt":1516081250259,"version":0,"equipType":{"name":"软件","code":"SOFTWARE","id":"273f11bf-51a4-4331-9f71-f209625da820","createdAt":1515633162815,"updatedAt":1515633162815,"version":0},"equipOp":{"name":"激活","code":"ACTIVE","id":"800f272a-51cd-4285-a0d5-5c3d75b3aab9","createdAt":1516081243234,"updatedAt":1516081243234,"version":0}},{"type":"SOFTWARE","equipment":"操作系统","operation":"FIX","isAdvanced":null,"weight":5,"remark":null,"status":1,"id":"d797b95c-81f3-42b9-8bfb-1f5bfcb9eed9","createdAt":1516081250259,"updatedAt":1516081250259,"version":0,"equipType":{"name":"软件","code":"SOFTWARE","id":"273f11bf-51a4-4331-9f71-f209625da820","createdAt":1515633162815,"updatedAt":1515633162815,"version":0},"equipOp":{"name":"故障","code":"FIX","id":"e15ed1f4-3cf7-4dcc-859b-70620a042bf3","createdAt":1515633163280,"updatedAt":1515633163280,"version":0}}],"total":4}
*************** response log end ***************

[2018-02-11 08:59:08.283] [INFO] resLogger - 
*************** response log start ***************
request method: GET
request originalUrl:  /api/equipType/list?token=eyJhbGciOiJIUzI1NiIsInR5cCI6IkpXVCJ9.eyJkYXRhIjp7ImlkIjoiZjMwMzI3YzItNjhlZS00YzU0LWE3N2QtYjYxZDA5NWNmM2IyIiwibmFtZSI6ImFkbWluIiwiZ2VuZGVyIjp0cnVlLCJlbWFpbCI6IjM3ODMzODYyN0BxcS5jb20ifSwiaWF0IjoxNTE4MzEwMjE5LCJleHAiOjE1MTgzOTY2MTl9.FG0Dxu_7RYk8j8FP8j7mFFOtO38cKu00IuRZzIvjoAc
request client ip:  ::ffff:127.0.0.1
request query:  {"token":"eyJhbGciOiJIUzI1NiIsInR5cCI6IkpXVCJ9.eyJkYXRhIjp7ImlkIjoiZjMwMzI3YzItNjhlZS00YzU0LWE3N2QtYjYxZDA5NWNmM2IyIiwibmFtZSI6ImFkbWluIiwiZ2VuZGVyIjp0cnVlLCJlbWFpbCI6IjM3ODMzODYyN0BxcS5jb20ifSwiaWF0IjoxNTE4MzEwMjE5LCJleHAiOjE1MTgzOTY2MTl9.FG0Dxu_7RYk8j8FP8j7mFFOtO38cKu00IuRZzIvjoAc"}
response time: 23
response status: 200
response body: 
{"status":0,"data":[{"name":"网络","code":"NETWORK","id":"edad6210-e642-4302-98c1-60251cb85972","createdAt":1515633162976,"updatedAt":1515633162976,"version":0},{"name":"软件","code":"SOFTWARE","id":"273f11bf-51a4-4331-9f71-f209625da820","createdAt":1515633162815,"updatedAt":1515633162815,"version":0},{"name":"硬件","code":"HARDWARE","id":"e6890530-4629-406f-a3fb-d8e2a293320b","createdAt":1515633162627,"updatedAt":1515633162627,"version":0}]}
*************** response log end ***************

[2018-02-11 08:59:08.359] [INFO] resLogger - 
*************** response log start ***************
request method: GET
request originalUrl:  /api/business/getequip/get/NETWORK?token=eyJhbGciOiJIUzI1NiIsInR5cCI6IkpXVCJ9.eyJkYXRhIjp7ImlkIjoiZjMwMzI3YzItNjhlZS00YzU0LWE3N2QtYjYxZDA5NWNmM2IyIiwibmFtZSI6ImFkbWluIiwiZ2VuZGVyIjp0cnVlLCJlbWFpbCI6IjM3ODMzODYyN0BxcS5jb20ifSwiaWF0IjoxNTE4MzEwMjE5LCJleHAiOjE1MTgzOTY2MTl9.FG0Dxu_7RYk8j8FP8j7mFFOtO38cKu00IuRZzIvjoAc
request client ip:  ::ffff:127.0.0.1
request query:  {"token":"eyJhbGciOiJIUzI1NiIsInR5cCI6IkpXVCJ9.eyJkYXRhIjp7ImlkIjoiZjMwMzI3YzItNjhlZS00YzU0LWE3N2QtYjYxZDA5NWNmM2IyIiwibmFtZSI6ImFkbWluIiwiZ2VuZGVyIjp0cnVlLCJlbWFpbCI6IjM3ODMzODYyN0BxcS5jb20ifSwiaWF0IjoxNTE4MzEwMjE5LCJleHAiOjE1MTgzOTY2MTl9.FG0Dxu_7RYk8j8FP8j7mFFOtO38cKu00IuRZzIvjoAc"}
response time: 23
response status: 200
response body: 
{"status":0,"data":[{"equipment":"IP地址","name":"IP地址"},{"equipment":"VPN","name":"VPN"},{"equipment":"互联网","name":"互联网"},{"equipment":"内网","name":"内网"},{"equipment":"视频会议设备","name":"视频会议设备"}]}
*************** response log end ***************

[2018-02-11 08:59:08.439] [INFO] resLogger - 
*************** response log start ***************
request method: GET
request originalUrl:  /api/business/list?token=eyJhbGciOiJIUzI1NiIsInR5cCI6IkpXVCJ9.eyJkYXRhIjp7ImlkIjoiZjMwMzI3YzItNjhlZS00YzU0LWE3N2QtYjYxZDA5NWNmM2IyIiwibmFtZSI6ImFkbWluIiwiZ2VuZGVyIjp0cnVlLCJlbWFpbCI6IjM3ODMzODYyN0BxcS5jb20ifSwiaWF0IjoxNTE4MzEwMjE5LCJleHAiOjE1MTgzOTY2MTl9.FG0Dxu_7RYk8j8FP8j7mFFOtO38cKu00IuRZzIvjoAc&type=NETWORK&equipment=IP%E5%9C%B0%E5%9D%80
request client ip:  ::ffff:127.0.0.1
request query:  {"token":"eyJhbGciOiJIUzI1NiIsInR5cCI6IkpXVCJ9.eyJkYXRhIjp7ImlkIjoiZjMwMzI3YzItNjhlZS00YzU0LWE3N2QtYjYxZDA5NWNmM2IyIiwibmFtZSI6ImFkbWluIiwiZ2VuZGVyIjp0cnVlLCJlbWFpbCI6IjM3ODMzODYyN0BxcS5jb20ifSwiaWF0IjoxNTE4MzEwMjE5LCJleHAiOjE1MTgzOTY2MTl9.FG0Dxu_7RYk8j8FP8j7mFFOtO38cKu00IuRZzIvjoAc","type":"NETWORK","equipment":"IP地址"}
response time: 55
response status: 200
response body: 
{"status":0,"data":[{"type":"NETWORK","equipment":"IP地址","operation":"SET","isAdvanced":null,"weight":5,"remark":"","status":1,"id":"b21cfd95-a732-41d6-b70a-63e0dd931439","createdAt":1515633165117,"updatedAt":1515633165117,"version":0,"equipType":{"name":"网络","code":"NETWORK","id":"edad6210-e642-4302-98c1-60251cb85972","createdAt":1515633162976,"updatedAt":1515633162976,"version":0},"equipOp":{"name":"设置","code":"SET","id":"19c397a6-794f-4b2d-9f67-64f8da63c2ac","createdAt":1515633164022,"updatedAt":1515633164022,"version":0}},{"type":"NETWORK","equipment":"IP地址","operation":"CT","isAdvanced":null,"weight":5,"remark":"","status":1,"id":"136d7e3a-3196-417f-a583-8f1b229fa16d","createdAt":1515633164897,"updatedAt":1515633164897,"version":0,"equipType":{"name":"网络","code":"NETWORK","id":"edad6210-e642-4302-98c1-60251cb85972","createdAt":1515633162976,"updatedAt":1515633162976,"version":0},"equipOp":{"name":"冲突","code":"CT","id":"638b91b7-6496-44be-b482-30d2f77ddd88","createdAt":1515633163872,"updatedAt":1515633163872,"version":0}}],"total":2}
*************** response log end ***************

[2018-02-11 08:59:10.354] [INFO] resLogger - 
*************** response log start ***************
request method: GET
request originalUrl:  /api/business/getequip/get/SOFTWARE?token=eyJhbGciOiJIUzI1NiIsInR5cCI6IkpXVCJ9.eyJkYXRhIjp7ImlkIjoiZjMwMzI3YzItNjhlZS00YzU0LWE3N2QtYjYxZDA5NWNmM2IyIiwibmFtZSI6ImFkbWluIiwiZ2VuZGVyIjp0cnVlLCJlbWFpbCI6IjM3ODMzODYyN0BxcS5jb20ifSwiaWF0IjoxNTE4MzEwMjE5LCJleHAiOjE1MTgzOTY2MTl9.FG0Dxu_7RYk8j8FP8j7mFFOtO38cKu00IuRZzIvjoAc
request client ip:  ::ffff:127.0.0.1
request query:  {"token":"eyJhbGciOiJIUzI1NiIsInR5cCI6IkpXVCJ9.eyJkYXRhIjp7ImlkIjoiZjMwMzI3YzItNjhlZS00YzU0LWE3N2QtYjYxZDA5NWNmM2IyIiwibmFtZSI6ImFkbWluIiwiZ2VuZGVyIjp0cnVlLCJlbWFpbCI6IjM3ODMzODYyN0BxcS5jb20ifSwiaWF0IjoxNTE4MzEwMjE5LCJleHAiOjE1MTgzOTY2MTl9.FG0Dxu_7RYk8j8FP8j7mFFOtO38cKu00IuRZzIvjoAc"}
response time: 14
response status: 200
response body: 
{"status":0,"data":[{"equipment":"OA","name":"OA"},{"equipment":"WORD","name":"WORD"},{"equipment":"云桌面","name":"云桌面"},{"equipment":"办公软件","name":"办公软件"},{"equipment":"垃圾软件","name":"垃圾软件"},{"equipment":"操作系统","name":"操作系统"},{"equipment":"浏览器","name":"浏览器"}]}
*************** response log end ***************

[2018-02-11 08:59:10.396] [INFO] resLogger - 
*************** response log start ***************
request method: GET
request originalUrl:  /api/business/list?token=eyJhbGciOiJIUzI1NiIsInR5cCI6IkpXVCJ9.eyJkYXRhIjp7ImlkIjoiZjMwMzI3YzItNjhlZS00YzU0LWE3N2QtYjYxZDA5NWNmM2IyIiwibmFtZSI6ImFkbWluIiwiZ2VuZGVyIjp0cnVlLCJlbWFpbCI6IjM3ODMzODYyN0BxcS5jb20ifSwiaWF0IjoxNTE4MzEwMjE5LCJleHAiOjE1MTgzOTY2MTl9.FG0Dxu_7RYk8j8FP8j7mFFOtO38cKu00IuRZzIvjoAc&type=SOFTWARE&equipment=OA
request client ip:  ::ffff:127.0.0.1
request query:  {"token":"eyJhbGciOiJIUzI1NiIsInR5cCI6IkpXVCJ9.eyJkYXRhIjp7ImlkIjoiZjMwMzI3YzItNjhlZS00YzU0LWE3N2QtYjYxZDA5NWNmM2IyIiwibmFtZSI6ImFkbWluIiwiZ2VuZGVyIjp0cnVlLCJlbWFpbCI6IjM3ODMzODYyN0BxcS5jb20ifSwiaWF0IjoxNTE4MzEwMjE5LCJleHAiOjE1MTgzOTY2MTl9.FG0Dxu_7RYk8j8FP8j7mFFOtO38cKu00IuRZzIvjoAc","type":"SOFTWARE","equipment":"OA"}
response time: 33
response status: 200
response body: 
{"status":0,"data":[{"type":"SOFTWARE","equipment":"OA","operation":"FIX","isAdvanced":false,"weight":5,"remark":null,"status":1,"id":"8c62bbd2-bfe1-4d5e-8c79-49faea2a330c","createdAt":1517884297500,"updatedAt":1518053788325,"version":1,"equipType":{"name":"软件","code":"SOFTWARE","id":"273f11bf-51a4-4331-9f71-f209625da820","createdAt":1515633162815,"updatedAt":1515633162815,"version":0},"equipOp":{"name":"故障","code":"FIX","id":"e15ed1f4-3cf7-4dcc-859b-70620a042bf3","createdAt":1515633163280,"updatedAt":1515633163280,"version":0}},{"type":"SOFTWARE","equipment":"OA","operation":"CONNECT","isAdvanced":false,"weight":5,"remark":null,"status":1,"id":"385c3300-522f-4bbf-a22d-d028b2c93811","createdAt":1518053787924,"updatedAt":1518053787924,"version":0,"equipType":{"name":"软件","code":"SOFTWARE","id":"273f11bf-51a4-4331-9f71-f209625da820","createdAt":1515633162815,"updatedAt":1515633162815,"version":0},"equipOp":{"name":"连接","code":"CONNECT","id":"c7c1a6a9-3b22-4868-87ef-848de64eb1c3","createdAt":1515648604654,"updatedAt":1515648604654,"version":0}}],"total":2}
*************** response log end ***************

[2018-02-11 08:59:14.030] [INFO] resLogger - 
*************** response log start ***************
request method: GET
request originalUrl:  /api/business/list?token=eyJhbGciOiJIUzI1NiIsInR5cCI6IkpXVCJ9.eyJkYXRhIjp7ImlkIjoiZjMwMzI3YzItNjhlZS00YzU0LWE3N2QtYjYxZDA5NWNmM2IyIiwibmFtZSI6ImFkbWluIiwiZ2VuZGVyIjp0cnVlLCJlbWFpbCI6IjM3ODMzODYyN0BxcS5jb20ifSwiaWF0IjoxNTE4MzEwMjE5LCJleHAiOjE1MTgzOTY2MTl9.FG0Dxu_7RYk8j8FP8j7mFFOtO38cKu00IuRZzIvjoAc&type=SOFTWARE&equipment=%E5%8A%9E%E5%85%AC%E8%BD%AF%E4%BB%B6
request client ip:  ::ffff:127.0.0.1
request query:  {"token":"eyJhbGciOiJIUzI1NiIsInR5cCI6IkpXVCJ9.eyJkYXRhIjp7ImlkIjoiZjMwMzI3YzItNjhlZS00YzU0LWE3N2QtYjYxZDA5NWNmM2IyIiwibmFtZSI6ImFkbWluIiwiZ2VuZGVyIjp0cnVlLCJlbWFpbCI6IjM3ODMzODYyN0BxcS5jb20ifSwiaWF0IjoxNTE4MzEwMjE5LCJleHAiOjE1MTgzOTY2MTl9.FG0Dxu_7RYk8j8FP8j7mFFOtO38cKu00IuRZzIvjoAc","type":"SOFTWARE","equipment":"办公软件"}
response time: 49
response status: 200
response body: 
{"status":0,"data":[{"type":"SOFTWARE","equipment":"办公软件","operation":"FIX","isAdvanced":null,"weight":5,"remark":null,"status":1,"id":"4afd4f30-de4d-402e-bd25-38e29710d36e","createdAt":1516002982382,"updatedAt":1516002982382,"version":0,"equipType":{"name":"软件","code":"SOFTWARE","id":"273f11bf-51a4-4331-9f71-f209625da820","createdAt":1515633162815,"updatedAt":1515633162815,"version":0},"equipOp":{"name":"故障","code":"FIX","id":"e15ed1f4-3cf7-4dcc-859b-70620a042bf3","createdAt":1515633163280,"updatedAt":1515633163280,"version":0}},{"type":"SOFTWARE","equipment":"办公软件","operation":"UNINSTALL","isAdvanced":null,"weight":5,"remark":null,"status":1,"id":"7e670e20-b995-4f89-b00b-f70404d475bd","createdAt":1516002982382,"updatedAt":1516002982382,"version":0,"equipType":{"name":"软件","code":"SOFTWARE","id":"273f11bf-51a4-4331-9f71-f209625da820","createdAt":1515633162815,"updatedAt":1515633162815,"version":0},"equipOp":{"name":"卸载","code":"UNINSTALL","id":"81fb3d7f-d666-4563-9153-70df9c0afd64","createdAt":1515633163563,"updatedAt":1515633163563,"version":0}},{"type":"SOFTWARE","equipment":"办公软件","operation":"SETUP","isAdvanced":null,"weight":5,"remark":null,"status":1,"id":"ecfa895f-c9fe-4ec2-9839-b4f3b85cdf9e","createdAt":1516002982382,"updatedAt":1516002982382,"version":0,"equipType":{"name":"软件","code":"SOFTWARE","id":"273f11bf-51a4-4331-9f71-f209625da820","createdAt":1515633162815,"updatedAt":1515633162815,"version":0},"equipOp":{"name":"安装","code":"SETUP","id":"a1827017-987a-4fea-89c4-5742c40cbc3e","createdAt":1515633163145,"updatedAt":1515633163145,"version":0}},{"type":"SOFTWARE","equipment":"办公软件","operation":"UPDATE","isAdvanced":null,"weight":5,"remark":null,"status":1,"id":"5dfd8917-ca6b-4808-b9a2-89f16f929e63","createdAt":1516002982381,"updatedAt":1516002982381,"version":0,"equipType":{"name":"软件","code":"SOFTWARE","id":"273f11bf-51a4-4331-9f71-f209625da820","createdAt":1515633162815,"updatedAt":1515633162815,"version":0},"equipOp":{"name":"升级","code":"UPDATE","id":"60783907-7f0a-42fb-96f9-97f69e070ee7","createdAt":1515654082563,"updatedAt":1515654082563,"version":0}}],"total":4}
*************** response log end ***************

[2018-02-11 08:59:45.570] [INFO] resLogger - 
*************** response log start ***************
request method: OPTIONS
request originalUrl:  /api/order/saveOrder?token=eyJhbGciOiJIUzI1NiIsInR5cCI6IkpXVCJ9.eyJkYXRhIjp7ImlkIjoiZjMwMzI3YzItNjhlZS00YzU0LWE3N2QtYjYxZDA5NWNmM2IyIiwibmFtZSI6ImFkbWluIiwiZ2VuZGVyIjp0cnVlLCJlbWFpbCI6IjM3ODMzODYyN0BxcS5jb20ifSwiaWF0IjoxNTE4MzEwMjE5LCJleHAiOjE1MTgzOTY2MTl9.FG0Dxu_7RYk8j8FP8j7mFFOtO38cKu00IuRZzIvjoAc
request client ip:  ::ffff:127.0.0.1
request body: 
{}
response time: 4
response status: 204
response body: 
undefined
*************** response log end ***************

[2018-02-11 08:59:46.430] [INFO] resLogger - 
*************** response log start ***************
request method: POST
request originalUrl:  /api/order/saveOrder?token=eyJhbGciOiJIUzI1NiIsInR5cCI6IkpXVCJ9.eyJkYXRhIjp7ImlkIjoiZjMwMzI3YzItNjhlZS00YzU0LWE3N2QtYjYxZDA5NWNmM2IyIiwibmFtZSI6ImFkbWluIiwiZ2VuZGVyIjp0cnVlLCJlbWFpbCI6IjM3ODMzODYyN0BxcS5jb20ifSwiaWF0IjoxNTE4MzEwMjE5LCJleHAiOjE1MTgzOTY2MTl9.FG0Dxu_7RYk8j8FP8j7mFFOtO38cKu00IuRZzIvjoAc
request client ip:  ::ffff:127.0.0.1
request body: 
{"id":null,"no":null,"custom_name":"建设 丹","custom_phone":"15822927208","incoming_date":"Sun Feb 11 2018","incoming_date_timestamp":1518309613000,"hour":null,"minute":null,"second":null,"custom_position":{"id":"6640be72-8a23-402d-b8bd-032a9628e3f3","corporationId":"53fa2bd9-bc42-4582-a5c3-38f8d8dad229","building":{"name":"商务大厦北楼","address":"北","minfloor":1,"maxfloor":15,"status":1,"id":"6a9bcf38-e15c-4669-8dbd-bd48bfad4623","createdAt":1515633153519,"updatedAt":1515633153519,"version":0},"floor":9,"position":"全部","status":1,"union":"商务大厦北楼9层全部"},"business_description":null,"remark":null,"group":"f0c37d6d-c922-4617-befd-aa51ad85d7c5","corporation":{"id":"53fa2bd9-bc42-4582-a5c3-38f8d8dad229","name":"建设公司","description":"建设公司","group":{"name":"控股","description":"group2","status":1,"id":"f0c37d6d-c922-4617-befd-aa51ad85d7c5","createdAt":1515633152227,"updatedAt":1515633152227,"version":0},"status":1},"needs":"[{\"type\":{\"id\":\"273f11bf-51a4-4331-9f71-f209625da820\",\"name\":\"软件\",\"code\":\"SOFTWARE\"},\"equipment\":{\"name\":\"操作系统\",\"value\":\"操作系统\"},\"op\":{\"id\":\"a3e57503-5aa6-49a4-9570-feba4817ae7d\",\"name\":\"激活\",\"code\":\"ACTIVE\"},\"no\":1},{\"type\":{\"id\":\"273f11bf-51a4-4331-9f71-f209625da820\",\"name\":\"软件\",\"code\":\"SOFTWARE\"},\"equipment\":{\"name\":\"办公软件\",\"value\":\"办公软件\"},\"op\":{\"id\":\"ecfa895f-c9fe-4ec2-9839-b4f3b85cdf9e\",\"name\":\"安装\",\"code\":\"SETUP\"},\"no\":1}]","workerOrders":[{"id":"","no":"","custom_name":"建设 丹","custom_phone":"15822927208","incoming_date_timestamp":1518309613000,"incoming_date":"2018-02-11T00:59:13.000Z","incoming_date_time":{"hour":8,"minute":40,"second":13},"custom_position":{"id":"6640be72-8a23-402d-b8bd-032a9628e3f3","corporationId":"53fa2bd9-bc42-4582-a5c3-38f8d8dad229","building":{"name":"商务大厦北楼","address":"北","minfloor":1,"maxfloor":15,"status":1,"id":"6a9bcf38-e15c-4669-8dbd-bd48bfad4623","createdAt":1515633153519,"updatedAt":1515633153519,"version":0},"floor":9,"position":"全部","status":1,"union":"商务大厦北楼9层全部"},"corporation":{"id":"53fa2bd9-bc42-4582-a5c3-38f8d8dad229","name":"建设公司","description":"建设公司","group":{"name":"控股","description":"group2","status":1,"id":"f0c37d6d-c922-4617-befd-aa51ad85d7c5","createdAt":1515633152227,"updatedAt":1515633152227,"version":0},"status":1},"important":false,"arrive_date_timestamp":1518309613000,"arrive_date":"2018-02-11T00:59:13.000Z","arrive_date_time":{"hour":8,"minute":40,"second":13},"finish_date_timestamp":1518309913000,"finish_date":"2018-02-11T00:59:13.000Z","finish_date_time":{"hour":8,"minute":45,"second":13},"worker":"ddb9b8c8-e9ba-48ac-af2e-bce4d534e4fb","type":{"id":"273f11bf-51a4-4331-9f71-f209625da820","name":"软件","code":"SOFTWARE"},"equipment":{"name":"操作系统","value":"操作系统"},"op":{"id":"a3e57503-5aa6-49a4-9570-feba4817ae7d","name":"激活","code":"ACTIVE"},"checked":true,"showArriveDate":true,"showFinishDate":true,"showWorker":true,"remark":"","call_date_timestamp":1518309613000,"call_date":"2018-02-11T00:59:13.000Z","call_date_time":{"hour":8,"minute":40,"second":13},"order":null,"businessContent":null,"isCompleteOperation":true},{"id":"","no":"","custom_name":"建设 丹","custom_phone":"15822927208","incoming_date_timestamp":1518309613000,"incoming_date":"2018-02-11T00:59:13.000Z","incoming_date_time":{"hour":8,"minute":40,"second":13},"custom_position":{"id":"6640be72-8a23-402d-b8bd-032a9628e3f3","corporationId":"53fa2bd9-bc42-4582-a5c3-38f8d8dad229","building":{"name":"商务大厦北楼","address":"北","minfloor":1,"maxfloor":15,"status":1,"id":"6a9bcf38-e15c-4669-8dbd-bd48bfad4623","createdAt":1515633153519,"updatedAt":1515633153519,"version":0},"floor":9,"position":"全部","status":1,"union":"商务大厦北楼9层全部"},"corporation":{"id":"53fa2bd9-bc42-4582-a5c3-38f8d8dad229","name":"建设公司","description":"建设公司","group":{"name":"控股","description":"group2","status":1,"id":"f0c37d6d-c922-4617-befd-aa51ad85d7c5","createdAt":1515633152227,"updatedAt":1515633152227,"version":0},"status":1},"important":false,"arrive_date_timestamp":1518309913000,"arrive_date":"2018-02-11T00:59:13.000Z","arrive_date_time":{"hour":8,"minute":45,"second":13},"finish_date_timestamp":1518310753000,"finish_date":"2018-02-11T00:59:13.000Z","finish_date_time":{"hour":8,"minute":59,"second":13},"worker":"ddb9b8c8-e9ba-48ac-af2e-bce4d534e4fb","type":{"id":"273f11bf-51a4-4331-9f71-f209625da820","name":"软件","code":"SOFTWARE"},"equipment":{"name":"办公软件","value":"办公软件"},"op":{"id":"ecfa895f-c9fe-4ec2-9839-b4f3b85cdf9e","name":"安装","code":"SETUP"},"checked":true,"showArriveDate":true,"showFinishDate":true,"showWorker":true,"remark":"","call_date_timestamp":1518309613000,"call_date":"2018-02-11T00:59:13.000Z","call_date_time":{"hour":8,"minute":40,"second":13},"order":null,"businessContent":null,"isCompleteOperation":true}]}
response time: 783
response status: 200
response body: 
{"status":0,"message":"新增成功！"}
*************** response log end ***************

[2018-02-11 08:59:46.572] [INFO] resLogger - 
*************** response log start ***************
request method: GET
request originalUrl:  /api/order/list/page/1/time/1518278400000?token=eyJhbGciOiJIUzI1NiIsInR5cCI6IkpXVCJ9.eyJkYXRhIjp7ImlkIjoiZjMwMzI3YzItNjhlZS00YzU0LWE3N2QtYjYxZDA5NWNmM2IyIiwibmFtZSI6ImFkbWluIiwiZ2VuZGVyIjp0cnVlLCJlbWFpbCI6IjM3ODMzODYyN0BxcS5jb20ifSwiaWF0IjoxNTE4MzEwMjE5LCJleHAiOjE1MTgzOTY2MTl9.FG0Dxu_7RYk8j8FP8j7mFFOtO38cKu00IuRZzIvjoAc
request client ip:  ::ffff:127.0.0.1
request query:  {"token":"eyJhbGciOiJIUzI1NiIsInR5cCI6IkpXVCJ9.eyJkYXRhIjp7ImlkIjoiZjMwMzI3YzItNjhlZS00YzU0LWE3N2QtYjYxZDA5NWNmM2IyIiwibmFtZSI6ImFkbWluIiwiZ2VuZGVyIjp0cnVlLCJlbWFpbCI6IjM3ODMzODYyN0BxcS5jb20ifSwiaWF0IjoxNTE4MzEwMjE5LCJleHAiOjE1MTgzOTY2MTl9.FG0Dxu_7RYk8j8FP8j7mFFOtO38cKu00IuRZzIvjoAc"}
response time: 58
response status: 200
response body: 
{"status":0,"data":[{"no":"20180211000","custom_name":"建设 丹","custom_phone":"15822927208","incoming_time":1518309613000,"custom_corporation":"53fa2bd9-bc42-4582-a5c3-38f8d8dad229","custom_position":"6640be72-8a23-402d-b8bd-032a9628e3f3","remark":null,"status":1,"needs":"[{\"type\":{\"id\":\"273f11bf-51a4-4331-9f71-f209625da820\",\"name\":\"软件\",\"code\":\"SOFTWARE\"},\"equipment\":{\"name\":\"操作系统\",\"value\":\"操作系统\"},\"op\":{\"id\":\"a3e57503-5aa6-49a4-9570-feba4817ae7d\",\"name\":\"激活\",\"code\":\"ACTIVE\"},\"no\":1},{\"type\":{\"id\":\"273f11bf-51a4-4331-9f71-f209625da820\",\"name\":\"软件\",\"code\":\"SOFTWARE\"},\"equipment\":{\"name\":\"办公软件\",\"value\":\"办公软件\"},\"op\":{\"id\":\"ecfa895f-c9fe-4ec2-9839-b4f3b85cdf9e\",\"name\":\"安装\",\"code\":\"SETUP\"},\"no\":1}]","id":"fb7613ae-deb6-46d3-82ef-ecdf31f0c583","createdAt":1518310785954,"updatedAt":1518310785954,"version":0,"corporation":{"name":"建设公司","description":"建设公司","status":1,"groupId":"f0c37d6d-c922-4617-befd-aa51ad85d7c5","id":"53fa2bd9-bc42-4582-a5c3-38f8d8dad229","createdAt":1515633158488,"updatedAt":1515633158488,"version":0},"corpBuilding":{"corporationId":"53fa2bd9-bc42-4582-a5c3-38f8d8dad229","buildingId":"6a9bcf38-e15c-4669-8dbd-bd48bfad4623","floor":9,"position":"A","status":1,"id":"6640be72-8a23-402d-b8bd-032a9628e3f3","createdAt":1515633161243,"updatedAt":1515633161243,"version":0,"building":{"name":"商务大厦北楼","address":"北","minfloor":1,"maxfloor":15,"status":1,"id":"6a9bcf38-e15c-4669-8dbd-bd48bfad4623","createdAt":1515633153519,"updatedAt":1515633153519,"version":0}}}],"total":1}
*************** response log end ***************

[2018-02-11 08:59:48.443] [INFO] resLogger - 
*************** response log start ***************
request method: GET
request originalUrl:  /api/corporations/list?token=eyJhbGciOiJIUzI1NiIsInR5cCI6IkpXVCJ9.eyJkYXRhIjp7ImlkIjoiZjMwMzI3YzItNjhlZS00YzU0LWE3N2QtYjYxZDA5NWNmM2IyIiwibmFtZSI6ImFkbWluIiwiZ2VuZGVyIjp0cnVlLCJlbWFpbCI6IjM3ODMzODYyN0BxcS5jb20ifSwiaWF0IjoxNTE4MzEwMjE5LCJleHAiOjE1MTgzOTY2MTl9.FG0Dxu_7RYk8j8FP8j7mFFOtO38cKu00IuRZzIvjoAc
request client ip:  ::ffff:127.0.0.1
request query:  {"token":"eyJhbGciOiJIUzI1NiIsInR5cCI6IkpXVCJ9.eyJkYXRhIjp7ImlkIjoiZjMwMzI3YzItNjhlZS00YzU0LWE3N2QtYjYxZDA5NWNmM2IyIiwibmFtZSI6ImFkbWluIiwiZ2VuZGVyIjp0cnVlLCJlbWFpbCI6IjM3ODMzODYyN0BxcS5jb20ifSwiaWF0IjoxNTE4MzEwMjE5LCJleHAiOjE1MTgzOTY2MTl9.FG0Dxu_7RYk8j8FP8j7mFFOtO38cKu00IuRZzIvjoAc"}
response time: 149
response status: 200
response body: 
{"status":0,"data":[{"name":"置地公司","description":"置地公司","status":1,"groupId":"f0c37d6d-c922-4617-befd-aa51ad85d7c5","id":"4b2362eb-a9fd-414c-8c31-ad335e81105b","createdAt":1516670902936,"updatedAt":1516670902936,"version":0,"group":{"name":"控股","description":"group2","status":1,"id":"f0c37d6d-c922-4617-befd-aa51ad85d7c5","createdAt":1515633152227,"updatedAt":1515633152227,"version":0}},{"name":"信息管线公司","description":"信息管线公司","status":1,"groupId":"f0c37d6d-c922-4617-befd-aa51ad85d7c5","id":"9d70667b-13e9-46c7-b552-86050bef037a","createdAt":1517793948897,"updatedAt":1517793948897,"version":0,"group":{"name":"控股","description":"group2","status":1,"id":"f0c37d6d-c922-4617-befd-aa51ad85d7c5","createdAt":1515633152227,"updatedAt":1515633152227,"version":0}},{"name":"控股公司","description":"控股公司","status":1,"groupId":"f0c37d6d-c922-4617-befd-aa51ad85d7c5","id":"fbbf7c59-f08c-445b-a4f0-e2fa977117e8","createdAt":1515633158111,"updatedAt":1515633158111,"version":0,"group":{"name":"控股","description":"group2","status":1,"id":"f0c37d6d-c922-4617-befd-aa51ad85d7c5","createdAt":1515633152227,"updatedAt":1515633152227,"version":0}},{"name":"公共事业公司","description":"公共事业公司","status":1,"groupId":"f0c37d6d-c922-4617-befd-aa51ad85d7c5","id":"4599eaf8-68f6-4fd5-bf10-1d152e2b28fe","createdAt":1515633158411,"updatedAt":1515633158411,"version":0,"group":{"name":"控股","description":"group2","status":1,"id":"f0c37d6d-c922-4617-befd-aa51ad85d7c5","createdAt":1515633152227,"updatedAt":1515633152227,"version":0}},{"name":"高新公司","description":"高新","status":1,"groupId":"f0c37d6d-c922-4617-befd-aa51ad85d7c5","id":"89cce940-1268-4690-abe4-3b3b14fb0cde","createdAt":1516607211910,"updatedAt":1516607211910,"version":0,"group":{"name":"控股","description":"group2","status":1,"id":"f0c37d6d-c922-4617-befd-aa51ad85d7c5","createdAt":1515633152227,"updatedAt":1515633152227,"version":0}},{"name":"铁路公司","description":"铁路公司","status":1,"groupId":"f0c37d6d-c922-4617-befd-aa51ad85d7c5","id":"f15181ba-7881-4536-9902-f0588e0c1e17","createdAt":1516670976469,"updatedAt":1516670976469,"version":0,"group":{"name":"控股","description":"group2","status":1,"id":"f0c37d6d-c922-4617-befd-aa51ad85d7c5","createdAt":1515633152227,"updatedAt":1515633152227,"version":0}},{"name":"信息公司","description":"信息公司","status":1,"groupId":"f0c37d6d-c922-4617-befd-aa51ad85d7c5","id":"38c3e49a-0e5d-4390-9f14-e9cae95f365f","createdAt":1516671101244,"updatedAt":1516671101244,"version":0,"group":{"name":"控股","description":"group2","status":1,"id":"f0c37d6d-c922-4617-befd-aa51ad85d7c5","createdAt":1515633152227,"updatedAt":1515633152227,"version":0}},{"name":"粮交所","description":"粮交所","status":1,"groupId":"f0c37d6d-c922-4617-befd-aa51ad85d7c5","id":"76e565af-f8c3-4798-bee7-3342bd079231","createdAt":1516671019340,"updatedAt":1516671019340,"version":0,"group":{"name":"控股","description":"group2","status":1,"id":"f0c37d6d-c922-4617-befd-aa51ad85d7c5","createdAt":1515633152227,"updatedAt":1515633152227,"version":0}},{"name":"基金公司","description":"基金公司","status":1,"groupId":"f0c37d6d-c922-4617-befd-aa51ad85d7c5","id":"f0fd30bb-479c-44db-8413-ab39b32da748","createdAt":1515650970327,"updatedAt":1515650970327,"version":0,"group":{"name":"控股","description":"group2","status":1,"id":"f0c37d6d-c922-4617-befd-aa51ad85d7c5","createdAt":1515633152227,"updatedAt":1515633152227,"version":0}},{"name":"港务公司","description":"港务公司","status":1,"groupId":"f0c37d6d-c922-4617-befd-aa51ad85d7c5","id":"268041ad-f79c-4c6a-858d-091c3a77ac59","createdAt":1516670996611,"updatedAt":1516670996611,"version":0,"group":{"name":"控股","description":"group2","status":1,"id":"f0c37d6d-c922-4617-befd-aa51ad85d7c5","createdAt":1515633152227,"updatedAt":1515633152227,"version":0}},{"name":"投资公司","description":"投资公司","status":1,"groupId":"f0c37d6d-c922-4617-befd-aa51ad85d7c5","id":"73a751ce-1f60-42ce-a5ee-501712eef1f4","createdAt":1515633160114,"updatedAt":1515633160114,"version":0,"group":{"name":"控股","description":"group2","status":1,"id":"f0c37d6d-c922-4617-befd-aa51ad85d7c5","createdAt":1515633152227,"updatedAt":1515633152227,"version":0}},{"name":"物流商贸公司","description":"物流商贸","status":1,"groupId":"f0c37d6d-c922-4617-befd-aa51ad85d7c5","id":"d988a340-24ec-4f49-ba6a-98514328a07a","createdAt":1517196815376,"updatedAt":1517196815376,"version":0,"group":{"name":"控股","description":"group2","status":1,"id":"f0c37d6d-c922-4617-befd-aa51ad85d7c5","createdAt":1515633152227,"updatedAt":1515633152227,"version":0}},{"name":"园区运营公司","description":"园区运营公司","status":1,"groupId":"f0c37d6d-c922-4617-befd-aa51ad85d7c5","id":"1c52efa6-abbe-4114-95a6-c1125d762446","createdAt":1515981270653,"updatedAt":1515981270653,"version":0,"group":{"name":"控股","description":"group2","status":1,"id":"f0c37d6d-c922-4617-befd-aa51ad85d7c5","createdAt":1515633152227,"updatedAt":1515633152227,"version":0}},{"name":"建设公司","description":"建设公司","status":1,"groupId":"f0c37d6d-c922-4617-befd-aa51ad85d7c5","id":"53fa2bd9-bc42-4582-a5c3-38f8d8dad229","createdAt":1515633158488,"updatedAt":1515633158488,"version":0,"group":{"name":"控股","description":"group2","status":1,"id":"f0c37d6d-c922-4617-befd-aa51ad85d7c5","createdAt":1515633152227,"updatedAt":1515633152227,"version":0}},{"name":"园林公司","description":"园林公司","status":1,"groupId":"f0c37d6d-c922-4617-befd-aa51ad85d7c5","id":"d016201e-2c29-4d9f-8caa-4da5a7b279e9","createdAt":1515648909620,"updatedAt":1515648909620,"version":0,"group":{"name":"控股","description":"group2","status":1,"id":"f0c37d6d-c922-4617-befd-aa51ad85d7c5","createdAt":1515633152227,"updatedAt":1515633152227,"version":0}},{"name":"融资租赁公司","description":"融资租赁公司","status":1,"groupId":"f0c37d6d-c922-4617-befd-aa51ad85d7c5","id":"4f3b67d7-40f2-4377-86ba-e9775e728f64","createdAt":1515633158201,"updatedAt":1515633158201,"version":0,"group":{"name":"控股","description":"group2","status":1,"id":"f0c37d6d-c922-4617-befd-aa51ad85d7c5","createdAt":1515633152227,"updatedAt":1515633152227,"version":0}},{"name":"城市资源公司","description":"城市资源","status":1,"groupId":"f0c37d6d-c922-4617-befd-aa51ad85d7c5","id":"9eaf4c3b-0a1d-488a-a575-cf7772c21135","createdAt":1516671126558,"updatedAt":1516671126558,"version":0,"group":{"name":"控股","description":"group2","status":1,"id":"f0c37d6d-c922-4617-befd-aa51ad85d7c5","createdAt":1515633152227,"updatedAt":1515633152227,"version":0}},{"name":"临港清华附属小学","description":"临港清华附属小学","status":1,"groupId":"76a550ce-0788-4e2f-b3b8-875f9a62692c","id":"fd548fc1-6739-4ac2-b175-03d6e2706e24","createdAt":1515737229646,"updatedAt":1515737229646,"version":0,"group":{"name":"临港清华附属小学","description":"临港清华附属小学","status":1,"id":"76a550ce-0788-4e2f-b3b8-875f9a62692c","createdAt":1515737019104,"updatedAt":1515737019104,"version":0}},{"name":"财政局","description":"财政局","status":1,"groupId":"52505514-1b27-449f-b575-55b32fd1280f","id":"1e42679d-d2ec-4ff7-af89-850ac8cce48b","createdAt":1515633161332,"updatedAt":1515633161332,"version":0,"group":{"name":"管委会","description":"group1","status":1,"id":"52505514-1b27-449f-b575-55b32fd1280f","createdAt":1515633151465,"updatedAt":1515633151465,"version":0}},{"name":"投促局","description":"投促局","status":1,"groupId":"52505514-1b27-449f-b575-55b32fd1280f","id":"ad4b715b-623d-47ac-806a-f63704a137d2","createdAt":1515633154638,"updatedAt":1515633154638,"version":0,"group":{"name":"管委会","description":"group1","status":1,"id":"52505514-1b27-449f-b575-55b32fd1280f","createdAt":1515633151465,"updatedAt":1515633151465,"version":0}},{"name":"审批服务大厅","description":"审批中心","status":1,"groupId":"52505514-1b27-449f-b575-55b32fd1280f","id":"1056620c-bbcb-49ed-bc65-e4602abec7b1","createdAt":1515633154455,"updatedAt":1515633154455,"version":0,"group":{"name":"管委会","description":"group1","status":1,"id":"52505514-1b27-449f-b575-55b32fd1280f","createdAt":1515633151465,"updatedAt":1515633151465,"version":0}},{"name":"经发局","description":"经发局","status":1,"groupId":"52505514-1b27-449f-b575-55b32fd1280f","id":"856ca73f-b096-4ea4-95f5-19f4de4bf538","createdAt":1515633161787,"updatedAt":1515633161787,"version":0,"group":{"name":"管委会","description":"group1","status":1,"id":"52505514-1b27-449f-b575-55b32fd1280f","createdAt":1515633151465,"updatedAt":1515633151465,"version":0}},{"name":"安环局","description":"安环局","status":1,"groupId":"52505514-1b27-449f-b575-55b32fd1280f","id":"6e7566eb-3803-4316-9159-3e0ac2197b8f","createdAt":1515633156715,"updatedAt":1515633156715,"version":0,"group":{"name":"管委会","description":"group1","status":1,"id":"52505514-1b27-449f-b575-55b32fd1280f","createdAt":1515633151465,"updatedAt":1515633151465,"version":0}},{"name":"社发局","description":"社发局","status":1,"groupId":"52505514-1b27-449f-b575-55b32fd1280f","id":"6c3b68d0-9fa0-429c-a841-f886d295a120","createdAt":1515633162174,"updatedAt":1515633162174,"version":0,"group":{"name":"管委会","description":"group1","status":1,"id":"52505514-1b27-449f-b575-55b32fd1280f","createdAt":1515633151465,"updatedAt":1515633151465,"version":0}},{"name":"人社局","description":"人社局","status":1,"groupId":"52505514-1b27-449f-b575-55b32fd1280f","id":"3edd5598-c59e-4de4-8e7c-880c1ff1d747","createdAt":1515633161957,"updatedAt":1515633161957,"version":0,"group":{"name":"管委会","description":"group1","status":1,"id":"52505514-1b27-449f-b575-55b32fd1280f","createdAt":1515633151465,"updatedAt":1515633151465,"version":0}},{"name":"建规局","description":"建规局","status":1,"groupId":"52505514-1b27-449f-b575-55b32fd1280f","id":"2e677c67-c950-4a90-ac50-daaf8d2e6600","createdAt":1515633156390,"updatedAt":1515633156390,"version":0,"group":{"name":"管委会","description":"group1","status":1,"id":"52505514-1b27-449f-b575-55b32fd1280f","createdAt":1515633151465,"updatedAt":1515633151465,"version":0}},{"name":"管委会办公室","description":"管委会办公室","status":1,"groupId":"52505514-1b27-449f-b575-55b32fd1280f","id":"aeca46cc-207a-4228-9978-cc8c0900fd37","createdAt":1515633162317,"updatedAt":1515633162317,"version":0,"group":{"name":"管委会","description":"group1","status":1,"id":"52505514-1b27-449f-b575-55b32fd1280f","createdAt":1515633151465,"updatedAt":1515633151465,"version":0}}],"total":27}
*************** response log end ***************

[2018-02-11 08:59:48.527] [INFO] resLogger - 
*************** response log start ***************
request method: GET
request originalUrl:  /api/operation/list/page/1/time/1518310788000/corp/0/no/0?token=eyJhbGciOiJIUzI1NiIsInR5cCI6IkpXVCJ9.eyJkYXRhIjp7ImlkIjoiZjMwMzI3YzItNjhlZS00YzU0LWE3N2QtYjYxZDA5NWNmM2IyIiwibmFtZSI6ImFkbWluIiwiZ2VuZGVyIjp0cnVlLCJlbWFpbCI6IjM3ODMzODYyN0BxcS5jb20ifSwiaWF0IjoxNTE4MzEwMjE5LCJleHAiOjE1MTgzOTY2MTl9.FG0Dxu_7RYk8j8FP8j7mFFOtO38cKu00IuRZzIvjoAc
request client ip:  ::ffff:127.0.0.1
request query:  {"token":"eyJhbGciOiJIUzI1NiIsInR5cCI6IkpXVCJ9.eyJkYXRhIjp7ImlkIjoiZjMwMzI3YzItNjhlZS00YzU0LWE3N2QtYjYxZDA5NWNmM2IyIiwibmFtZSI6ImFkbWluIiwiZ2VuZGVyIjp0cnVlLCJlbWFpbCI6IjM3ODMzODYyN0BxcS5jb20ifSwiaWF0IjoxNTE4MzEwMjE5LCJleHAiOjE1MTgzOTY2MTl9.FG0Dxu_7RYk8j8FP8j7mFFOtO38cKu00IuRZzIvjoAc"}
response time: 225
response status: 200
response body: 
{"status":0,"data":[{"orderId":"fb7613ae-deb6-46d3-82ef-ecdf31f0c583","important":false,"op":"a3e57503-5aa6-49a4-9570-feba4817ae7d","no":"20180211000","create_time":1518309613000,"remark":"","status":1,"id":"905d1e9d-1a37-4006-84ae-3d8b16f8d180","createdAt":1518310786086,"updatedAt":1518310786086,"version":0,"order":{"no":"20180211000","custom_name":"建设 丹","custom_phone":"15822927208","incoming_time":1518309613000,"custom_corporation":"53fa2bd9-bc42-4582-a5c3-38f8d8dad229","custom_position":"6640be72-8a23-402d-b8bd-032a9628e3f3","remark":null,"status":1,"needs":"[{\"type\":{\"id\":\"273f11bf-51a4-4331-9f71-f209625da820\",\"name\":\"软件\",\"code\":\"SOFTWARE\"},\"equipment\":{\"name\":\"操作系统\",\"value\":\"操作系统\"},\"op\":{\"id\":\"a3e57503-5aa6-49a4-9570-feba4817ae7d\",\"name\":\"激活\",\"code\":\"ACTIVE\"},\"no\":1},{\"type\":{\"id\":\"273f11bf-51a4-4331-9f71-f209625da820\",\"name\":\"软件\",\"code\":\"SOFTWARE\"},\"equipment\":{\"name\":\"办公软件\",\"value\":\"办公软件\"},\"op\":{\"id\":\"ecfa895f-c9fe-4ec2-9839-b4f3b85cdf9e\",\"name\":\"安装\",\"code\":\"SETUP\"},\"no\":1}]","id":"fb7613ae-deb6-46d3-82ef-ecdf31f0c583","createdAt":1518310785954,"updatedAt":1518310785954,"version":0,"corporation":{"name":"建设公司","description":"建设公司","status":1,"groupId":"f0c37d6d-c922-4617-befd-aa51ad85d7c5","id":"53fa2bd9-bc42-4582-a5c3-38f8d8dad229","createdAt":1515633158488,"updatedAt":1515633158488,"version":0},"corpBuilding":{"corporationId":"53fa2bd9-bc42-4582-a5c3-38f8d8dad229","buildingId":"6a9bcf38-e15c-4669-8dbd-bd48bfad4623","floor":9,"position":"A","status":1,"id":"6640be72-8a23-402d-b8bd-032a9628e3f3","createdAt":1515633161243,"updatedAt":1515633161243,"version":0,"building":{"name":"商务大厦北楼","address":"北","minfloor":1,"maxfloor":15,"status":1,"id":"6a9bcf38-e15c-4669-8dbd-bd48bfad4623","createdAt":1515633153519,"updatedAt":1515633153519,"version":0}}},"businessContent":{"type":"SOFTWARE","equipment":"操作系统","operation":"ACTIVE","isAdvanced":null,"weight":5,"remark":null,"status":1,"id":"a3e57503-5aa6-49a4-9570-feba4817ae7d","createdAt":1516081250259,"updatedAt":1516081250259,"version":0},"actions":[{"operationId":"905d1e9d-1a37-4006-84ae-3d8b16f8d180","call_time":1518309613000,"start_time":1518309613000,"end_time":1518309913000,"worker":"ddb9b8c8-e9ba-48ac-af2e-bce4d534e4fb","operationStart":null,"operationComplete":1,"status":1,"id":"79e2a7c6-355d-4eb8-9137-70e3f7f0a5ef","createdAt":1518310786331,"updatedAt":1518310786331,"version":0,"user":{"name":"张赫","email":"378338627@qq.com","phone":"15822927208","password":"$2a$10$JUhMlqmi1flOuZRNBWq8j.o1y9YUDnWElK8XNEMAgkk/WAw66oVUu","gender":true,"token":null,"canLogin":true,"status":1,"roleId":null,"id":"ddb9b8c8-e9ba-48ac-af2e-bce4d534e4fb","createdAt":1515633151464,"updatedAt":1515633151464,"version":0}}]},{"orderId":"fb7613ae-deb6-46d3-82ef-ecdf31f0c583","important":false,"op":"ecfa895f-c9fe-4ec2-9839-b4f3b85cdf9e","no":"20180211001","create_time":1518309613000,"remark":"","status":1,"id":"0a64eae9-f062-4358-bdfb-4ce167e12ca2","createdAt":1518310786343,"updatedAt":1518310786343,"version":0,"order":{"no":"20180211000","custom_name":"建设 丹","custom_phone":"15822927208","incoming_time":1518309613000,"custom_corporation":"53fa2bd9-bc42-4582-a5c3-38f8d8dad229","custom_position":"6640be72-8a23-402d-b8bd-032a9628e3f3","remark":null,"status":1,"needs":"[{\"type\":{\"id\":\"273f11bf-51a4-4331-9f71-f209625da820\",\"name\":\"软件\",\"code\":\"SOFTWARE\"},\"equipment\":{\"name\":\"操作系统\",\"value\":\"操作系统\"},\"op\":{\"id\":\"a3e57503-5aa6-49a4-9570-feba4817ae7d\",\"name\":\"激活\",\"code\":\"ACTIVE\"},\"no\":1},{\"type\":{\"id\":\"273f11bf-51a4-4331-9f71-f209625da820\",\"name\":\"软件\",\"code\":\"SOFTWARE\"},\"equipment\":{\"name\":\"办公软件\",\"value\":\"办公软件\"},\"op\":{\"id\":\"ecfa895f-c9fe-4ec2-9839-b4f3b85cdf9e\",\"name\":\"安装\",\"code\":\"SETUP\"},\"no\":1}]","id":"fb7613ae-deb6-46d3-82ef-ecdf31f0c583","createdAt":1518310785954,"updatedAt":1518310785954,"version":0,"corporation":{"name":"建设公司","description":"建设公司","status":1,"groupId":"f0c37d6d-c922-4617-befd-aa51ad85d7c5","id":"53fa2bd9-bc42-4582-a5c3-38f8d8dad229","createdAt":1515633158488,"updatedAt":1515633158488,"version":0},"corpBuilding":{"corporationId":"53fa2bd9-bc42-4582-a5c3-38f8d8dad229","buildingId":"6a9bcf38-e15c-4669-8dbd-bd48bfad4623","floor":9,"position":"A","status":1,"id":"6640be72-8a23-402d-b8bd-032a9628e3f3","createdAt":1515633161243,"updatedAt":1515633161243,"version":0,"building":{"name":"商务大厦北楼","address":"北","minfloor":1,"maxfloor":15,"status":1,"id":"6a9bcf38-e15c-4669-8dbd-bd48bfad4623","createdAt":1515633153519,"updatedAt":1515633153519,"version":0}}},"businessContent":{"type":"SOFTWARE","equipment":"办公软件","operation":"SETUP","isAdvanced":null,"weight":5,"remark":null,"status":1,"id":"ecfa895f-c9fe-4ec2-9839-b4f3b85cdf9e","createdAt":1516002982382,"updatedAt":1516002982382,"version":0},"actions":[{"operationId":"0a64eae9-f062-4358-bdfb-4ce167e12ca2","call_time":1518309613000,"start_time":1518309913000,"end_time":1518310753000,"worker":"ddb9b8c8-e9ba-48ac-af2e-bce4d534e4fb","operationStart":null,"operationComplete":1,"status":1,"id":"bf2c389a-f9b0-49ee-bdd1-9a05d8cbee4b","createdAt":1518310786386,"updatedAt":1518310786386,"version":0,"user":{"name":"张赫","email":"378338627@qq.com","phone":"15822927208","password":"$2a$10$JUhMlqmi1flOuZRNBWq8j.o1y9YUDnWElK8XNEMAgkk/WAw66oVUu","gender":true,"token":null,"canLogin":true,"status":1,"roleId":null,"id":"ddb9b8c8-e9ba-48ac-af2e-bce4d534e4fb","createdAt":1515633151464,"updatedAt":1515633151464,"version":0}}]}],"total":2}
*************** response log end ***************

[2018-02-11 08:59:50.472] [INFO] resLogger - 
*************** response log start ***************
request method: GET
request originalUrl:  /api/operation/list/time/1518310790255?token=eyJhbGciOiJIUzI1NiIsInR5cCI6IkpXVCJ9.eyJkYXRhIjp7ImlkIjoiZjMwMzI3YzItNjhlZS00YzU0LWE3N2QtYjYxZDA5NWNmM2IyIiwibmFtZSI6ImFkbWluIiwiZ2VuZGVyIjp0cnVlLCJlbWFpbCI6IjM3ODMzODYyN0BxcS5jb20ifSwiaWF0IjoxNTE4MzEwMjE5LCJleHAiOjE1MTgzOTY2MTl9.FG0Dxu_7RYk8j8FP8j7mFFOtO38cKu00IuRZzIvjoAc
request client ip:  ::ffff:127.0.0.1
request query:  {"token":"eyJhbGciOiJIUzI1NiIsInR5cCI6IkpXVCJ9.eyJkYXRhIjp7ImlkIjoiZjMwMzI3YzItNjhlZS00YzU0LWE3N2QtYjYxZDA5NWNmM2IyIiwibmFtZSI6ImFkbWluIiwiZ2VuZGVyIjp0cnVlLCJlbWFpbCI6IjM3ODMzODYyN0BxcS5jb20ifSwiaWF0IjoxNTE4MzEwMjE5LCJleHAiOjE1MTgzOTY2MTl9.FG0Dxu_7RYk8j8FP8j7mFFOtO38cKu00IuRZzIvjoAc"}
response time: 213
response status: 200
response body: 
{"status":0,"data":[{"orderId":"fb7613ae-deb6-46d3-82ef-ecdf31f0c583","important":false,"op":"a3e57503-5aa6-49a4-9570-feba4817ae7d","no":"20180211000","create_time":1518309613000,"remark":"","status":1,"id":"905d1e9d-1a37-4006-84ae-3d8b16f8d180","createdAt":1518310786086,"updatedAt":1518310786086,"version":0,"order":{"no":"20180211000","custom_name":"建设 丹","custom_phone":"15822927208","incoming_time":1518309613000,"custom_corporation":"53fa2bd9-bc42-4582-a5c3-38f8d8dad229","custom_position":"6640be72-8a23-402d-b8bd-032a9628e3f3","remark":null,"status":1,"needs":"[{\"type\":{\"id\":\"273f11bf-51a4-4331-9f71-f209625da820\",\"name\":\"软件\",\"code\":\"SOFTWARE\"},\"equipment\":{\"name\":\"操作系统\",\"value\":\"操作系统\"},\"op\":{\"id\":\"a3e57503-5aa6-49a4-9570-feba4817ae7d\",\"name\":\"激活\",\"code\":\"ACTIVE\"},\"no\":1},{\"type\":{\"id\":\"273f11bf-51a4-4331-9f71-f209625da820\",\"name\":\"软件\",\"code\":\"SOFTWARE\"},\"equipment\":{\"name\":\"办公软件\",\"value\":\"办公软件\"},\"op\":{\"id\":\"ecfa895f-c9fe-4ec2-9839-b4f3b85cdf9e\",\"name\":\"安装\",\"code\":\"SETUP\"},\"no\":1}]","id":"fb7613ae-deb6-46d3-82ef-ecdf31f0c583","createdAt":1518310785954,"updatedAt":1518310785954,"version":0,"corporation":{"name":"建设公司","description":"建设公司","status":1,"groupId":"f0c37d6d-c922-4617-befd-aa51ad85d7c5","id":"53fa2bd9-bc42-4582-a5c3-38f8d8dad229","createdAt":1515633158488,"updatedAt":1515633158488,"version":0},"corpBuilding":{"corporationId":"53fa2bd9-bc42-4582-a5c3-38f8d8dad229","buildingId":"6a9bcf38-e15c-4669-8dbd-bd48bfad4623","floor":9,"position":"A","status":1,"id":"6640be72-8a23-402d-b8bd-032a9628e3f3","createdAt":1515633161243,"updatedAt":1515633161243,"version":0,"building":{"name":"商务大厦北楼","address":"北","minfloor":1,"maxfloor":15,"status":1,"id":"6a9bcf38-e15c-4669-8dbd-bd48bfad4623","createdAt":1515633153519,"updatedAt":1515633153519,"version":0}}},"businessContent":{"type":"SOFTWARE","equipment":"操作系统","operation":"ACTIVE","isAdvanced":null,"weight":5,"remark":null,"status":1,"id":"a3e57503-5aa6-49a4-9570-feba4817ae7d","createdAt":1516081250259,"updatedAt":1516081250259,"version":0},"actions":[{"operationId":"905d1e9d-1a37-4006-84ae-3d8b16f8d180","call_time":1518309613000,"start_time":1518309613000,"end_time":1518309913000,"worker":"ddb9b8c8-e9ba-48ac-af2e-bce4d534e4fb","operationStart":null,"operationComplete":1,"status":1,"id":"79e2a7c6-355d-4eb8-9137-70e3f7f0a5ef","createdAt":1518310786331,"updatedAt":1518310786331,"version":0,"user":{"name":"张赫","email":"378338627@qq.com","phone":"15822927208","password":"$2a$10$JUhMlqmi1flOuZRNBWq8j.o1y9YUDnWElK8XNEMAgkk/WAw66oVUu","gender":true,"token":null,"canLogin":true,"status":1,"roleId":null,"id":"ddb9b8c8-e9ba-48ac-af2e-bce4d534e4fb","createdAt":1515633151464,"updatedAt":1515633151464,"version":0}}]},{"orderId":"fb7613ae-deb6-46d3-82ef-ecdf31f0c583","important":false,"op":"ecfa895f-c9fe-4ec2-9839-b4f3b85cdf9e","no":"20180211001","create_time":1518309613000,"remark":"","status":1,"id":"0a64eae9-f062-4358-bdfb-4ce167e12ca2","createdAt":1518310786343,"updatedAt":1518310786343,"version":0,"order":{"no":"20180211000","custom_name":"建设 丹","custom_phone":"15822927208","incoming_time":1518309613000,"custom_corporation":"53fa2bd9-bc42-4582-a5c3-38f8d8dad229","custom_position":"6640be72-8a23-402d-b8bd-032a9628e3f3","remark":null,"status":1,"needs":"[{\"type\":{\"id\":\"273f11bf-51a4-4331-9f71-f209625da820\",\"name\":\"软件\",\"code\":\"SOFTWARE\"},\"equipment\":{\"name\":\"操作系统\",\"value\":\"操作系统\"},\"op\":{\"id\":\"a3e57503-5aa6-49a4-9570-feba4817ae7d\",\"name\":\"激活\",\"code\":\"ACTIVE\"},\"no\":1},{\"type\":{\"id\":\"273f11bf-51a4-4331-9f71-f209625da820\",\"name\":\"软件\",\"code\":\"SOFTWARE\"},\"equipment\":{\"name\":\"办公软件\",\"value\":\"办公软件\"},\"op\":{\"id\":\"ecfa895f-c9fe-4ec2-9839-b4f3b85cdf9e\",\"name\":\"安装\",\"code\":\"SETUP\"},\"no\":1}]","id":"fb7613ae-deb6-46d3-82ef-ecdf31f0c583","createdAt":1518310785954,"updatedAt":1518310785954,"version":0,"corporation":{"name":"建设公司","description":"建设公司","status":1,"groupId":"f0c37d6d-c922-4617-befd-aa51ad85d7c5","id":"53fa2bd9-bc42-4582-a5c3-38f8d8dad229","createdAt":1515633158488,"updatedAt":1515633158488,"version":0},"corpBuilding":{"corporationId":"53fa2bd9-bc42-4582-a5c3-38f8d8dad229","buildingId":"6a9bcf38-e15c-4669-8dbd-bd48bfad4623","floor":9,"position":"A","status":1,"id":"6640be72-8a23-402d-b8bd-032a9628e3f3","createdAt":1515633161243,"updatedAt":1515633161243,"version":0,"building":{"name":"商务大厦北楼","address":"北","minfloor":1,"maxfloor":15,"status":1,"id":"6a9bcf38-e15c-4669-8dbd-bd48bfad4623","createdAt":1515633153519,"updatedAt":1515633153519,"version":0}}},"businessContent":{"type":"SOFTWARE","equipment":"办公软件","operation":"SETUP","isAdvanced":null,"weight":5,"remark":null,"status":1,"id":"ecfa895f-c9fe-4ec2-9839-b4f3b85cdf9e","createdAt":1516002982382,"updatedAt":1516002982382,"version":0},"actions":[{"operationId":"0a64eae9-f062-4358-bdfb-4ce167e12ca2","call_time":1518309613000,"start_time":1518309913000,"end_time":1518310753000,"worker":"ddb9b8c8-e9ba-48ac-af2e-bce4d534e4fb","operationStart":null,"operationComplete":1,"status":1,"id":"bf2c389a-f9b0-49ee-bdd1-9a05d8cbee4b","createdAt":1518310786386,"updatedAt":1518310786386,"version":0,"user":{"name":"张赫","email":"378338627@qq.com","phone":"15822927208","password":"$2a$10$JUhMlqmi1flOuZRNBWq8j.o1y9YUDnWElK8XNEMAgkk/WAw66oVUu","gender":true,"token":null,"canLogin":true,"status":1,"roleId":null,"id":"ddb9b8c8-e9ba-48ac-af2e-bce4d534e4fb","createdAt":1515633151464,"updatedAt":1515633151464,"version":0}}]}]}
*************** response log end ***************

[2018-02-11 08:59:50.482] [INFO] resLogger - 
*************** response log start ***************
request method: GET
request originalUrl:  /api/operation/list_week/time/1518310790258?token=eyJhbGciOiJIUzI1NiIsInR5cCI6IkpXVCJ9.eyJkYXRhIjp7ImlkIjoiZjMwMzI3YzItNjhlZS00YzU0LWE3N2QtYjYxZDA5NWNmM2IyIiwibmFtZSI6ImFkbWluIiwiZ2VuZGVyIjp0cnVlLCJlbWFpbCI6IjM3ODMzODYyN0BxcS5jb20ifSwiaWF0IjoxNTE4MzEwMjE5LCJleHAiOjE1MTgzOTY2MTl9.FG0Dxu_7RYk8j8FP8j7mFFOtO38cKu00IuRZzIvjoAc
request client ip:  ::ffff:127.0.0.1
request query:  {"token":"eyJhbGciOiJIUzI1NiIsInR5cCI6IkpXVCJ9.eyJkYXRhIjp7ImlkIjoiZjMwMzI3YzItNjhlZS00YzU0LWE3N2QtYjYxZDA5NWNmM2IyIiwibmFtZSI6ImFkbWluIiwiZ2VuZGVyIjp0cnVlLCJlbWFpbCI6IjM3ODMzODYyN0BxcS5jb20ifSwiaWF0IjoxNTE4MzEwMjE5LCJleHAiOjE1MTgzOTY2MTl9.FG0Dxu_7RYk8j8FP8j7mFFOtO38cKu00IuRZzIvjoAc"}
response time: 170
response status: 200
response body: 
{"status":0,"data":[{"days":"20180212","count":0,"weekname":"星期一"},{"days":"20180213","count":0,"weekname":"星期二"},{"days":"20180214","count":0,"weekname":"星期三"},{"days":"20180215","count":0,"weekname":"星期四"},{"days":"20180216","count":0,"weekname":"星期五"},{"days":"20180217","count":0,"weekname":"星期六"},{"days":"20180218","count":0,"weekname":"星期日"}]}
*************** response log end ***************

[2018-02-11 08:59:50.514] [INFO] resLogger - 
*************** response log start ***************
request method: GET
request originalUrl:  /api/action/list/time/1518310790256?token=eyJhbGciOiJIUzI1NiIsInR5cCI6IkpXVCJ9.eyJkYXRhIjp7ImlkIjoiZjMwMzI3YzItNjhlZS00YzU0LWE3N2QtYjYxZDA5NWNmM2IyIiwibmFtZSI6ImFkbWluIiwiZ2VuZGVyIjp0cnVlLCJlbWFpbCI6IjM3ODMzODYyN0BxcS5jb20ifSwiaWF0IjoxNTE4MzEwMjE5LCJleHAiOjE1MTgzOTY2MTl9.FG0Dxu_7RYk8j8FP8j7mFFOtO38cKu00IuRZzIvjoAc
request client ip:  ::ffff:127.0.0.1
request query:  {"token":"eyJhbGciOiJIUzI1NiIsInR5cCI6IkpXVCJ9.eyJkYXRhIjp7ImlkIjoiZjMwMzI3YzItNjhlZS00YzU0LWE3N2QtYjYxZDA5NWNmM2IyIiwibmFtZSI6ImFkbWluIiwiZ2VuZGVyIjp0cnVlLCJlbWFpbCI6IjM3ODMzODYyN0BxcS5jb20ifSwiaWF0IjoxNTE4MzEwMjE5LCJleHAiOjE1MTgzOTY2MTl9.FG0Dxu_7RYk8j8FP8j7mFFOtO38cKu00IuRZzIvjoAc"}
response time: 214
response status: 200
response body: 
{"status":0,"data":[{"operationId":"905d1e9d-1a37-4006-84ae-3d8b16f8d180","call_time":1518309613000,"start_time":1518309613000,"end_time":1518309913000,"worker":"ddb9b8c8-e9ba-48ac-af2e-bce4d534e4fb","operationStart":null,"operationComplete":1,"status":1,"id":"79e2a7c6-355d-4eb8-9137-70e3f7f0a5ef","createdAt":1518310786331,"updatedAt":1518310786331,"version":0,"operation":{"orderId":"fb7613ae-deb6-46d3-82ef-ecdf31f0c583","important":false,"op":"a3e57503-5aa6-49a4-9570-feba4817ae7d","no":"20180211000","create_time":1518309613000,"remark":"","status":1,"id":"905d1e9d-1a37-4006-84ae-3d8b16f8d180","createdAt":1518310786086,"updatedAt":1518310786086,"version":0,"order":{"no":"20180211000","custom_name":"建设 丹","custom_phone":"15822927208","incoming_time":1518309613000,"custom_corporation":"53fa2bd9-bc42-4582-a5c3-38f8d8dad229","custom_position":"6640be72-8a23-402d-b8bd-032a9628e3f3","remark":null,"status":1,"needs":"[{\"type\":{\"id\":\"273f11bf-51a4-4331-9f71-f209625da820\",\"name\":\"软件\",\"code\":\"SOFTWARE\"},\"equipment\":{\"name\":\"操作系统\",\"value\":\"操作系统\"},\"op\":{\"id\":\"a3e57503-5aa6-49a4-9570-feba4817ae7d\",\"name\":\"激活\",\"code\":\"ACTIVE\"},\"no\":1},{\"type\":{\"id\":\"273f11bf-51a4-4331-9f71-f209625da820\",\"name\":\"软件\",\"code\":\"SOFTWARE\"},\"equipment\":{\"name\":\"办公软件\",\"value\":\"办公软件\"},\"op\":{\"id\":\"ecfa895f-c9fe-4ec2-9839-b4f3b85cdf9e\",\"name\":\"安装\",\"code\":\"SETUP\"},\"no\":1}]","id":"fb7613ae-deb6-46d3-82ef-ecdf31f0c583","createdAt":1518310785954,"updatedAt":1518310785954,"version":0,"corporation":{"name":"建设公司","description":"建设公司","status":1,"groupId":"f0c37d6d-c922-4617-befd-aa51ad85d7c5","id":"53fa2bd9-bc42-4582-a5c3-38f8d8dad229","createdAt":1515633158488,"updatedAt":1515633158488,"version":0}},"businessContent":{"type":"SOFTWARE","equipment":"操作系统","operation":"ACTIVE","isAdvanced":null,"weight":5,"remark":null,"status":1,"id":"a3e57503-5aa6-49a4-9570-feba4817ae7d","createdAt":1516081250259,"updatedAt":1516081250259,"version":0,"equipOp":{"name":"激活","code":"ACTIVE","id":"800f272a-51cd-4285-a0d5-5c3d75b3aab9","createdAt":1516081243234,"updatedAt":1516081243234,"version":0}}},"user":{"name":"张赫","email":"378338627@qq.com","phone":"15822927208","password":"$2a$10$JUhMlqmi1flOuZRNBWq8j.o1y9YUDnWElK8XNEMAgkk/WAw66oVUu","gender":true,"token":null,"canLogin":true,"status":1,"roleId":null,"id":"ddb9b8c8-e9ba-48ac-af2e-bce4d534e4fb","createdAt":1515633151464,"updatedAt":1515633151464,"version":0}},{"operationId":"0a64eae9-f062-4358-bdfb-4ce167e12ca2","call_time":1518309613000,"start_time":1518309913000,"end_time":1518310753000,"worker":"ddb9b8c8-e9ba-48ac-af2e-bce4d534e4fb","operationStart":null,"operationComplete":1,"status":1,"id":"bf2c389a-f9b0-49ee-bdd1-9a05d8cbee4b","createdAt":1518310786386,"updatedAt":1518310786386,"version":0,"operation":{"orderId":"fb7613ae-deb6-46d3-82ef-ecdf31f0c583","important":false,"op":"ecfa895f-c9fe-4ec2-9839-b4f3b85cdf9e","no":"20180211001","create_time":1518309613000,"remark":"","status":1,"id":"0a64eae9-f062-4358-bdfb-4ce167e12ca2","createdAt":1518310786343,"updatedAt":1518310786343,"version":0,"order":{"no":"20180211000","custom_name":"建设 丹","custom_phone":"15822927208","incoming_time":1518309613000,"custom_corporation":"53fa2bd9-bc42-4582-a5c3-38f8d8dad229","custom_position":"6640be72-8a23-402d-b8bd-032a9628e3f3","remark":null,"status":1,"needs":"[{\"type\":{\"id\":\"273f11bf-51a4-4331-9f71-f209625da820\",\"name\":\"软件\",\"code\":\"SOFTWARE\"},\"equipment\":{\"name\":\"操作系统\",\"value\":\"操作系统\"},\"op\":{\"id\":\"a3e57503-5aa6-49a4-9570-feba4817ae7d\",\"name\":\"激活\",\"code\":\"ACTIVE\"},\"no\":1},{\"type\":{\"id\":\"273f11bf-51a4-4331-9f71-f209625da820\",\"name\":\"软件\",\"code\":\"SOFTWARE\"},\"equipment\":{\"name\":\"办公软件\",\"value\":\"办公软件\"},\"op\":{\"id\":\"ecfa895f-c9fe-4ec2-9839-b4f3b85cdf9e\",\"name\":\"安装\",\"code\":\"SETUP\"},\"no\":1}]","id":"fb7613ae-deb6-46d3-82ef-ecdf31f0c583","createdAt":1518310785954,"updatedAt":1518310785954,"version":0,"corporation":{"name":"建设公司","description":"建设公司","status":1,"groupId":"f0c37d6d-c922-4617-befd-aa51ad85d7c5","id":"53fa2bd9-bc42-4582-a5c3-38f8d8dad229","createdAt":1515633158488,"updatedAt":1515633158488,"version":0}},"businessContent":{"type":"SOFTWARE","equipment":"办公软件","operation":"SETUP","isAdvanced":null,"weight":5,"remark":null,"status":1,"id":"ecfa895f-c9fe-4ec2-9839-b4f3b85cdf9e","createdAt":1516002982382,"updatedAt":1516002982382,"version":0,"equipOp":{"name":"安装","code":"SETUP","id":"a1827017-987a-4fea-89c4-5742c40cbc3e","createdAt":1515633163145,"updatedAt":1515633163145,"version":0}}},"user":{"name":"张赫","email":"378338627@qq.com","phone":"15822927208","password":"$2a$10$JUhMlqmi1flOuZRNBWq8j.o1y9YUDnWElK8XNEMAgkk/WAw66oVUu","gender":true,"token":null,"canLogin":true,"status":1,"roleId":null,"id":"ddb9b8c8-e9ba-48ac-af2e-bce4d534e4fb","createdAt":1515633151464,"updatedAt":1515633151464,"version":0}}]}
*************** response log end ***************

[2018-02-11 08:59:50.572] [INFO] resLogger - 
*************** response log start ***************
request method: GET
request originalUrl:  /api/operation/list_month_worker/time/1518310790261?token=eyJhbGciOiJIUzI1NiIsInR5cCI6IkpXVCJ9.eyJkYXRhIjp7ImlkIjoiZjMwMzI3YzItNjhlZS00YzU0LWE3N2QtYjYxZDA5NWNmM2IyIiwibmFtZSI6ImFkbWluIiwiZ2VuZGVyIjp0cnVlLCJlbWFpbCI6IjM3ODMzODYyN0BxcS5jb20ifSwiaWF0IjoxNTE4MzEwMjE5LCJleHAiOjE1MTgzOTY2MTl9.FG0Dxu_7RYk8j8FP8j7mFFOtO38cKu00IuRZzIvjoAc
request client ip:  ::ffff:127.0.0.1
request query:  {"token":"eyJhbGciOiJIUzI1NiIsInR5cCI6IkpXVCJ9.eyJkYXRhIjp7ImlkIjoiZjMwMzI3YzItNjhlZS00YzU0LWE3N2QtYjYxZDA5NWNmM2IyIiwibmFtZSI6ImFkbWluIiwiZ2VuZGVyIjp0cnVlLCJlbWFpbCI6IjM3ODMzODYyN0BxcS5jb20ifSwiaWF0IjoxNTE4MzEwMjE5LCJleHAiOjE1MTgzOTY2MTl9.FG0Dxu_7RYk8j8FP8j7mFFOtO38cKu00IuRZzIvjoAc"}
response time: 256
response status: 200
response body: 
{"status":0,"data":[{"user":"张赫","count":1},{"user":"张赫","count":1},{"user":"张赫","count":1},{"user":"张赫","count":1},{"user":"张赫","count":1},{"user":"张赫","count":1},{"user":"张赫","count":1},{"user":"张赫","count":1},{"user":"张赫","count":1},{"user":"张赫","count":1},{"user":"张赫","count":1},{"user":"张赫","count":1},{"user":"张赫","count":1},{"user":"张赫","count":1},{"user":"张赫","count":1},{"user":"张赫","count":1},{"user":"张赫","count":1},{"user":"张赫","count":1},{"user":"张赫","count":1},{"user":"张赫","count":1},{"user":"张赫","count":1},{"user":"张赫","count":1},{"user":"张赫","count":1},{"user":"张赫","count":1},{"user":"张赫","count":1},{"user":"张赫","count":1},{"user":"张赫","count":1},{"user":"张赫","count":1},{"user":"张赫","count":1},{"user":"张赫","count":1},{"user":"张赫","count":1},{"user":"张赫","count":1},{"user":"朱亚亮","count":1},{"user":"朱亚亮","count":1},{"user":"朱亚亮","count":1},{"user":"朱亚亮","count":1},{"user":"朱亚亮","count":1},{"user":"朱亚亮","count":1},{"user":"朱亚亮","count":1},{"user":"朱亚亮","count":1},{"user":"朱亚亮","count":1},{"user":"朱亚亮","count":1},{"user":"朱亚亮","count":2},{"user":"朱亚亮","count":1},{"user":"朱亚亮","count":1}]}
*************** response log end ***************

[2018-02-11 08:59:50.578] [INFO] resLogger - 
*************** response log start ***************
request method: GET
request originalUrl:  /api/operation/list_month_worker_time/time/1518310790264?token=eyJhbGciOiJIUzI1NiIsInR5cCI6IkpXVCJ9.eyJkYXRhIjp7ImlkIjoiZjMwMzI3YzItNjhlZS00YzU0LWE3N2QtYjYxZDA5NWNmM2IyIiwibmFtZSI6ImFkbWluIiwiZ2VuZGVyIjp0cnVlLCJlbWFpbCI6IjM3ODMzODYyN0BxcS5jb20ifSwiaWF0IjoxNTE4MzEwMjE5LCJleHAiOjE1MTgzOTY2MTl9.FG0Dxu_7RYk8j8FP8j7mFFOtO38cKu00IuRZzIvjoAc
request client ip:  ::ffff:127.0.0.1
request query:  {"token":"eyJhbGciOiJIUzI1NiIsInR5cCI6IkpXVCJ9.eyJkYXRhIjp7ImlkIjoiZjMwMzI3YzItNjhlZS00YzU0LWE3N2QtYjYxZDA5NWNmM2IyIiwibmFtZSI6ImFkbWluIiwiZ2VuZGVyIjp0cnVlLCJlbWFpbCI6IjM3ODMzODYyN0BxcS5jb20ifSwiaWF0IjoxNTE4MzEwMjE5LCJleHAiOjE1MTgzOTY2MTl9.FG0Dxu_7RYk8j8FP8j7mFFOtO38cKu00IuRZzIvjoAc"}
response time: 226
response status: 200
response body: 
{"status":0,"data":[{"user":"张赫","count":33840000},{"user":"朱亚亮","count":25747000}]}
*************** response log end ***************

[2018-02-11 08:59:50.595] [INFO] resLogger - 
*************** response log start ***************
request method: GET
request originalUrl:  /api/operation/list_month_corporation_count/time/1518310790266?token=eyJhbGciOiJIUzI1NiIsInR5cCI6IkpXVCJ9.eyJkYXRhIjp7ImlkIjoiZjMwMzI3YzItNjhlZS00YzU0LWE3N2QtYjYxZDA5NWNmM2IyIiwibmFtZSI6ImFkbWluIiwiZ2VuZGVyIjp0cnVlLCJlbWFpbCI6IjM3ODMzODYyN0BxcS5jb20ifSwiaWF0IjoxNTE4MzEwMjE5LCJleHAiOjE1MTgzOTY2MTl9.FG0Dxu_7RYk8j8FP8j7mFFOtO38cKu00IuRZzIvjoAc
request client ip:  ::ffff:127.0.0.1
request query:  {"token":"eyJhbGciOiJIUzI1NiIsInR5cCI6IkpXVCJ9.eyJkYXRhIjp7ImlkIjoiZjMwMzI3YzItNjhlZS00YzU0LWE3N2QtYjYxZDA5NWNmM2IyIiwibmFtZSI6ImFkbWluIiwiZ2VuZGVyIjp0cnVlLCJlbWFpbCI6IjM3ODMzODYyN0BxcS5jb20ifSwiaWF0IjoxNTE4MzEwMjE5LCJleHAiOjE1MTgzOTY2MTl9.FG0Dxu_7RYk8j8FP8j7mFFOtO38cKu00IuRZzIvjoAc"}
response time: 236
response status: 200
response body: 
{"status":0,"data":[{"name":"信息管线公司","count":9},{"name":"公共事业公司","count":5},{"name":"园区运营公司","count":1},{"name":"园林公司","count":2},{"name":"基金公司","count":6},{"name":"建设公司","count":11},{"name":"投资公司","count":1},{"name":"控股公司","count":3},{"name":"港务公司","count":1},{"name":"粮交所","count":1},{"name":"置地公司","count":2},{"name":"融资租赁公司","count":2},{"name":"铁路公司","count":1}]}
*************** response log end ***************

[2018-02-11 08:59:54.498] [INFO] resLogger - 
*************** response log start ***************
request method: GET
request originalUrl:  /api/operation/list_month/time/1517414400000?token=eyJhbGciOiJIUzI1NiIsInR5cCI6IkpXVCJ9.eyJkYXRhIjp7ImlkIjoiZjMwMzI3YzItNjhlZS00YzU0LWE3N2QtYjYxZDA5NWNmM2IyIiwibmFtZSI6ImFkbWluIiwiZ2VuZGVyIjp0cnVlLCJlbWFpbCI6IjM3ODMzODYyN0BxcS5jb20ifSwiaWF0IjoxNTE4MzEwMjE5LCJleHAiOjE1MTgzOTY2MTl9.FG0Dxu_7RYk8j8FP8j7mFFOtO38cKu00IuRZzIvjoAc
request client ip:  ::ffff:127.0.0.1
request query:  {"token":"eyJhbGciOiJIUzI1NiIsInR5cCI6IkpXVCJ9.eyJkYXRhIjp7ImlkIjoiZjMwMzI3YzItNjhlZS00YzU0LWE3N2QtYjYxZDA5NWNmM2IyIiwibmFtZSI6ImFkbWluIiwiZ2VuZGVyIjp0cnVlLCJlbWFpbCI6IjM3ODMzODYyN0BxcS5jb20ifSwiaWF0IjoxNTE4MzEwMjE5LCJleHAiOjE1MTgzOTY2MTl9.FG0Dxu_7RYk8j8FP8j7mFFOtO38cKu00IuRZzIvjoAc"}
response time: 23
response status: 200
response body: 
{"status":0,"data":[{"days":"20180201","count":3,"monthname":"1号"},{"days":"20180202","count":8,"monthname":"2号"},{"days":"20180203","count":0,"monthname":"3号"},{"days":"20180204","count":0,"monthname":"4号"},{"days":"20180205","count":6,"monthname":"5号"},{"days":"20180206","count":4,"monthname":"6号"},{"days":"20180207","count":12,"monthname":"7号"},{"days":"20180208","count":7,"monthname":"8号"},{"days":"20180209","count":3,"monthname":"9号"},{"days":"20180210","count":0,"monthname":"10号"},{"days":"20180211","count":2,"monthname":"11号"},{"days":"20180212","count":0,"monthname":"12号"},{"days":"20180213","count":0,"monthname":"13号"},{"days":"20180214","count":0,"monthname":"14号"},{"days":"20180215","count":0,"monthname":"15号"},{"days":"20180216","count":0,"monthname":"16号"},{"days":"20180217","count":0,"monthname":"17号"},{"days":"20180218","count":0,"monthname":"18号"},{"days":"20180219","count":0,"monthname":"19号"},{"days":"20180220","count":0,"monthname":"20号"},{"days":"20180221","count":0,"monthname":"21号"},{"days":"20180222","count":0,"monthname":"22号"},{"days":"20180223","count":0,"monthname":"23号"},{"days":"20180224","count":0,"monthname":"24号"},{"days":"20180225","count":0,"monthname":"25号"},{"days":"20180226","count":0,"monthname":"26号"},{"days":"20180227","count":0,"monthname":"27号"},{"days":"20180228","count":0,"monthname":"28号"}]}
*************** response log end ***************

[2018-02-11 08:59:55.461] [INFO] resLogger - 
*************** response log start ***************
request method: GET
request originalUrl:  /api/operation/list_week/time/1518310795445?token=eyJhbGciOiJIUzI1NiIsInR5cCI6IkpXVCJ9.eyJkYXRhIjp7ImlkIjoiZjMwMzI3YzItNjhlZS00YzU0LWE3N2QtYjYxZDA5NWNmM2IyIiwibmFtZSI6ImFkbWluIiwiZ2VuZGVyIjp0cnVlLCJlbWFpbCI6IjM3ODMzODYyN0BxcS5jb20ifSwiaWF0IjoxNTE4MzEwMjE5LCJleHAiOjE1MTgzOTY2MTl9.FG0Dxu_7RYk8j8FP8j7mFFOtO38cKu00IuRZzIvjoAc
request client ip:  ::ffff:127.0.0.1
request query:  {"token":"eyJhbGciOiJIUzI1NiIsInR5cCI6IkpXVCJ9.eyJkYXRhIjp7ImlkIjoiZjMwMzI3YzItNjhlZS00YzU0LWE3N2QtYjYxZDA5NWNmM2IyIiwibmFtZSI6ImFkbWluIiwiZ2VuZGVyIjp0cnVlLCJlbWFpbCI6IjM3ODMzODYyN0BxcS5jb20ifSwiaWF0IjoxNTE4MzEwMjE5LCJleHAiOjE1MTgzOTY2MTl9.FG0Dxu_7RYk8j8FP8j7mFFOtO38cKu00IuRZzIvjoAc"}
response time: 11
response status: 200
response body: 
{"status":0,"data":[{"days":"20180212","count":0,"weekname":"星期一"},{"days":"20180213","count":0,"weekname":"星期二"},{"days":"20180214","count":0,"weekname":"星期三"},{"days":"20180215","count":0,"weekname":"星期四"},{"days":"20180216","count":0,"weekname":"星期五"},{"days":"20180217","count":0,"weekname":"星期六"},{"days":"20180218","count":0,"weekname":"星期日"}]}
*************** response log end ***************

