[2017-09-05 12:36:15.250] [INFO] resLogger - 
*************** response log start ***************
request method: GET
request originalUrl:  /api/user/?token=eyJhbGciOiJIUzI1NiIsInR5cCI6IkpXVCJ9.eyJkYXRhIjp7ImlkIjoiNjg5Zjk1YWEtZWM4Ny00MGMzLTk5ZTMtYWJlOWY1NTk5YTQyIiwibmFtZSI6ImFkbWluIiwiZ2VuZGVyIjp0cnVlLCJlbWFpbCI6IjM3ODMzODYyN0BxcS5jb20ifSwiaWF0IjoxNTA0NTc1NTgxLCJleHAiOjE1MDQ2NjE5ODF9.t4AtjXfckTyHJuK0IqVCAp27qJ2qf9QTiJ8loaxmiwY
request client ip:  ::ffff:127.0.0.1
request query:  {"token":"eyJhbGciOiJIUzI1NiIsInR5cCI6IkpXVCJ9.eyJkYXRhIjp7ImlkIjoiNjg5Zjk1YWEtZWM4Ny00MGMzLTk5ZTMtYWJlOWY1NTk5YTQyIiwibmFtZSI6ImFkbWluIiwiZ2VuZGVyIjp0cnVlLCJlbWFpbCI6IjM3ODMzODYyN0BxcS5jb20ifSwiaWF0IjoxNTA0NTc1NTgxLCJleHAiOjE1MDQ2NjE5ODF9.t4AtjXfckTyHJuK0IqVCAp27qJ2qf9QTiJ8loaxmiwY"}
response time: 217
response status: 200
response body: 
{"status":0,"data":{"name":"admin","email":"378338627@qq.com","phone":"15822927208","password":"$2a$10$0NJNQ5et.LjTzzNUvuEheeWl.g1l9aVkmAZaBC1t/HnpGh/7P3sFa","gender":true,"token":"eyJhbGciOiJIUzI1NiIsInR5cCI6IkpXVCJ9.eyJkYXRhIjp7ImlkIjoiNjg5Zjk1YWEtZWM4Ny00MGMzLTk5ZTMtYWJlOWY1NTk5YTQyIiwibmFtZSI6ImFkbWluIiwiZ2VuZGVyIjp0cnVlLCJlbWFpbCI6IjM3ODMzODYyN0BxcS5jb20ifSwiaWF0IjoxNTA0NTc1NTgxLCJleHAiOjE1MDQ2NjE5ODF9.t4AtjXfckTyHJuK0IqVCAp27qJ2qf9QTiJ8loaxmiwY","canLogin":true,"status":1,"id":"689f95aa-ec87-40c3-99e3-abe9f5599a42","createdAt":1504575496174,"updatedAt":1504575582010,"version":1}}
*************** response log end ***************

[2017-09-05 12:36:15.441] [INFO] resLogger - 
*************** response log start ***************
request method: GET
request originalUrl:  /api/order/list/page/1?token=eyJhbGciOiJIUzI1NiIsInR5cCI6IkpXVCJ9.eyJkYXRhIjp7ImlkIjoiNjg5Zjk1YWEtZWM4Ny00MGMzLTk5ZTMtYWJlOWY1NTk5YTQyIiwibmFtZSI6ImFkbWluIiwiZ2VuZGVyIjp0cnVlLCJlbWFpbCI6IjM3ODMzODYyN0BxcS5jb20ifSwiaWF0IjoxNTA0NTc1NTgxLCJleHAiOjE1MDQ2NjE5ODF9.t4AtjXfckTyHJuK0IqVCAp27qJ2qf9QTiJ8loaxmiwY
request client ip:  ::ffff:127.0.0.1
request query:  {"token":"eyJhbGciOiJIUzI1NiIsInR5cCI6IkpXVCJ9.eyJkYXRhIjp7ImlkIjoiNjg5Zjk1YWEtZWM4Ny00MGMzLTk5ZTMtYWJlOWY1NTk5YTQyIiwibmFtZSI6ImFkbWluIiwiZ2VuZGVyIjp0cnVlLCJlbWFpbCI6IjM3ODMzODYyN0BxcS5jb20ifSwiaWF0IjoxNTA0NTc1NTgxLCJleHAiOjE1MDQ2NjE5ODF9.t4AtjXfckTyHJuK0IqVCAp27qJ2qf9QTiJ8loaxmiwY"}
response time: 61
response status: 200
response body: 
{"name":"SequelizeDatabaseError","message":"ER_NONUNIQ_TABLE: Not unique table/alias: 'corpbuildings'","parent":{"code":"ER_NONUNIQ_TABLE","errno":1066,"sqlState":"42000","index":0,"sql":"select orders.id as id,corporations.name as corporationname,corpbuildings.floor as floor,corpbuildings.position as corpostion,buildings.name as buildingname from orders inner join corpbuildings on orders.custom_position=corpbuildings.id,corpbuildings inner join corporations on.corporationId=corporation.id,corpbuildings inner join Buildings on corpbuildings.buildingId=buildings.id where orders.status=1 limit 0,10 order by updatedAt desc;"},"original":{"code":"ER_NONUNIQ_TABLE","errno":1066,"sqlState":"42000","index":0,"sql":"select orders.id as id,corporations.name as corporationname,corpbuildings.floor as floor,corpbuildings.position as corpostion,buildings.name as buildingname from orders inner join corpbuildings on orders.custom_position=corpbuildings.id,corpbuildings inner join corporations on.corporationId=corporation.id,corpbuildings inner join Buildings on corpbuildings.buildingId=buildings.id where orders.status=1 limit 0,10 order by updatedAt desc;"},"sql":"select orders.id as id,corporations.name as corporationname,corpbuildings.floor as floor,corpbuildings.position as corpostion,buildings.name as buildingname from orders inner join corpbuildings on orders.custom_position=corpbuildings.id,corpbuildings inner join corporations on.corporationId=corporation.id,corpbuildings inner join Buildings on corpbuildings.buildingId=buildings.id where orders.status=1 limit 0,10 order by updatedAt desc;","status":500}
*************** response log end ***************

