[2017-07-31 14:54:58.311] [INFO] resLogger - 
*************** response log start ***************
request method: GET
request originalUrl:  /api/user/?token=eyJhbGciOiJIUzI1NiIsInR5cCI6IkpXVCJ9.eyJkYXRhIjp7ImlkIjoiNjc4MTViN2UtYjg0My00NDNlLTgwYTItMjJiY2E0MDViMGJhIiwibmFtZSI6ImFkbWluIiwiZ2VuZGVyIjp0cnVlLCJlbWFpbCI6IjM3ODMzODYyN0BxcS5jb20ifSwiaWF0IjoxNTAxNDYzNjg5LCJleHAiOjE1MDE1NTAwODl9._w47AJNvGyZ54BBkNcDkRh8NNvz88XYVrm6EB3trHtI
request client ip:  ::ffff:127.0.0.1
request query:  {"token":"eyJhbGciOiJIUzI1NiIsInR5cCI6IkpXVCJ9.eyJkYXRhIjp7ImlkIjoiNjc4MTViN2UtYjg0My00NDNlLTgwYTItMjJiY2E0MDViMGJhIiwibmFtZSI6ImFkbWluIiwiZ2VuZGVyIjp0cnVlLCJlbWFpbCI6IjM3ODMzODYyN0BxcS5jb20ifSwiaWF0IjoxNTAxNDYzNjg5LCJleHAiOjE1MDE1NTAwODl9._w47AJNvGyZ54BBkNcDkRh8NNvz88XYVrm6EB3trHtI"}
response time: 186
response status: 200
response body: 
{"status":0,"data":{"name":"admin","email":"378338627@qq.com","password":"$2a$10$DL3Ib.C83nmJj2f85A/oa.2Cnko3lRHFkkg4CuI3YfqwPUsXO9i1G","gender":true,"token":"eyJhbGciOiJIUzI1NiIsInR5cCI6IkpXVCJ9.eyJkYXRhIjp7ImlkIjoiNjc4MTViN2UtYjg0My00NDNlLTgwYTItMjJiY2E0MDViMGJhIiwibmFtZSI6ImFkbWluIiwiZ2VuZGVyIjp0cnVlLCJlbWFpbCI6IjM3ODMzODYyN0BxcS5jb20ifSwiaWF0IjoxNTAxNDYzNjg5LCJleHAiOjE1MDE1NTAwODl9._w47AJNvGyZ54BBkNcDkRh8NNvz88XYVrm6EB3trHtI","id":"67815b7e-b843-443e-80a2-22bca405b0ba","createdAt":1500968905642,"updatedAt":1501463689702,"version":4}}
*************** response log end ***************

[2017-07-31 14:54:58.473] [INFO] resLogger - 
*************** response log start ***************
request method: GET
request originalUrl:  /api/corporations/2a39d8b2-414a-46ca-a06b-d6d73409909c?token=eyJhbGciOiJIUzI1NiIsInR5cCI6IkpXVCJ9.eyJkYXRhIjp7ImlkIjoiNjc4MTViN2UtYjg0My00NDNlLTgwYTItMjJiY2E0MDViMGJhIiwibmFtZSI6ImFkbWluIiwiZ2VuZGVyIjp0cnVlLCJlbWFpbCI6IjM3ODMzODYyN0BxcS5jb20ifSwiaWF0IjoxNTAxNDYzNjg5LCJleHAiOjE1MDE1NTAwODl9._w47AJNvGyZ54BBkNcDkRh8NNvz88XYVrm6EB3trHtI
request client ip:  ::ffff:127.0.0.1
request query:  {"token":"eyJhbGciOiJIUzI1NiIsInR5cCI6IkpXVCJ9.eyJkYXRhIjp7ImlkIjoiNjc4MTViN2UtYjg0My00NDNlLTgwYTItMjJiY2E0MDViMGJhIiwibmFtZSI6ImFkbWluIiwiZ2VuZGVyIjp0cnVlLCJlbWFpbCI6IjM3ODMzODYyN0BxcS5jb20ifSwiaWF0IjoxNTAxNDYzNjg5LCJleHAiOjE1MDE1NTAwODl9._w47AJNvGyZ54BBkNcDkRh8NNvz88XYVrm6EB3trHtI"}
response time: 53
response status: 200
response body: 
{"status":0,"data":{"name":"心梦工作室","description":"梦想开始的地方","status":1,"groupId":"2eae55b0-ee96-49c6-945f-e15de4b4621b","id":"2a39d8b2-414a-46ca-a06b-d6d73409909c","createdAt":1500969169851,"updatedAt":1501211492624,"version":15}}
*************** response log end ***************

[2017-07-31 14:54:58.756] [INFO] resLogger - 
*************** response log start ***************
request method: GET
request originalUrl:  /api/corpBuildings/list/2a39d8b2-414a-46ca-a06b-d6d73409909c?token=eyJhbGciOiJIUzI1NiIsInR5cCI6IkpXVCJ9.eyJkYXRhIjp7ImlkIjoiNjc4MTViN2UtYjg0My00NDNlLTgwYTItMjJiY2E0MDViMGJhIiwibmFtZSI6ImFkbWluIiwiZ2VuZGVyIjp0cnVlLCJlbWFpbCI6IjM3ODMzODYyN0BxcS5jb20ifSwiaWF0IjoxNTAxNDYzNjg5LCJleHAiOjE1MDE1NTAwODl9._w47AJNvGyZ54BBkNcDkRh8NNvz88XYVrm6EB3trHtI
request client ip:  ::ffff:127.0.0.1
request query:  {"token":"eyJhbGciOiJIUzI1NiIsInR5cCI6IkpXVCJ9.eyJkYXRhIjp7ImlkIjoiNjc4MTViN2UtYjg0My00NDNlLTgwYTItMjJiY2E0MDViMGJhIiwibmFtZSI6ImFkbWluIiwiZ2VuZGVyIjp0cnVlLCJlbWFpbCI6IjM3ODMzODYyN0BxcS5jb20ifSwiaWF0IjoxNTAxNDYzNjg5LCJleHAiOjE1MDE1NTAwODl9._w47AJNvGyZ54BBkNcDkRh8NNvz88XYVrm6EB3trHtI"}
response time: 236
response status: 200
response body: 
{"status":0,"data":[{"corporationId":"2a39d8b2-414a-46ca-a06b-d6d73409909c","buildingId":"3c5cb9a3-510b-4c96-8e92-7fa958aa079f","floor":4,"position":"W","status":1,"id":"26ed4212-e676-43ac-9613-12749a9d738b","createdAt":1501471494429,"updatedAt":1501472285023,"version":2,"building":{"name":"4","address":"4","minfloor":1,"maxfloor":40,"status":1,"id":"3c5cb9a3-510b-4c96-8e92-7fa958aa079f","createdAt":1500969030189,"updatedAt":1500969030189,"version":0}}],"total":0}
*************** response log end ***************

[2017-07-31 14:54:58.775] [INFO] resLogger - 
*************** response log start ***************
request method: GET
request originalUrl:  /api/groups/list?token=eyJhbGciOiJIUzI1NiIsInR5cCI6IkpXVCJ9.eyJkYXRhIjp7ImlkIjoiNjc4MTViN2UtYjg0My00NDNlLTgwYTItMjJiY2E0MDViMGJhIiwibmFtZSI6ImFkbWluIiwiZ2VuZGVyIjp0cnVlLCJlbWFpbCI6IjM3ODMzODYyN0BxcS5jb20ifSwiaWF0IjoxNTAxNDYzNjg5LCJleHAiOjE1MDE1NTAwODl9._w47AJNvGyZ54BBkNcDkRh8NNvz88XYVrm6EB3trHtI
request client ip:  ::ffff:127.0.0.1
request query:  {"token":"eyJhbGciOiJIUzI1NiIsInR5cCI6IkpXVCJ9.eyJkYXRhIjp7ImlkIjoiNjc4MTViN2UtYjg0My00NDNlLTgwYTItMjJiY2E0MDViMGJhIiwibmFtZSI6ImFkbWluIiwiZ2VuZGVyIjp0cnVlLCJlbWFpbCI6IjM3ODMzODYyN0BxcS5jb20ifSwiaWF0IjoxNTAxNDYzNjg5LCJleHAiOjE1MDE1NTAwODl9._w47AJNvGyZ54BBkNcDkRh8NNvz88XYVrm6EB3trHtI"}
response time: 299
response status: 200
response body: 
{"status":0,"data":[{"name":"4","description":"4","status":1,"id":"2eae55b0-ee96-49c6-945f-e15de4b4621b","createdAt":1500969145241,"updatedAt":1500969145241,"version":0},{"name":"3","description":"3","status":1,"id":"654a6047-fffb-4f0c-8524-881aec2e82ea","createdAt":1500969072031,"updatedAt":1500969072031,"version":0},{"name":"2","description":"2","status":1,"id":"08e8839e-05d7-495e-8834-2e5f8801f683","createdAt":1500969068139,"updatedAt":1500969068139,"version":0},{"name":"1","description":"1","status":1,"id":"fc5a8ee6-de2b-4498-8461-8b4cf4335729","createdAt":1500969063437,"updatedAt":1500969063437,"version":0}],"total":4}
*************** response log end ***************

[2017-07-31 14:54:58.792] [INFO] resLogger - 
*************** response log start ***************
request method: GET
request originalUrl:  /api/buildings/list?token=eyJhbGciOiJIUzI1NiIsInR5cCI6IkpXVCJ9.eyJkYXRhIjp7ImlkIjoiNjc4MTViN2UtYjg0My00NDNlLTgwYTItMjJiY2E0MDViMGJhIiwibmFtZSI6ImFkbWluIiwiZ2VuZGVyIjp0cnVlLCJlbWFpbCI6IjM3ODMzODYyN0BxcS5jb20ifSwiaWF0IjoxNTAxNDYzNjg5LCJleHAiOjE1MDE1NTAwODl9._w47AJNvGyZ54BBkNcDkRh8NNvz88XYVrm6EB3trHtI
request client ip:  ::ffff:127.0.0.1
request query:  {"token":"eyJhbGciOiJIUzI1NiIsInR5cCI6IkpXVCJ9.eyJkYXRhIjp7ImlkIjoiNjc4MTViN2UtYjg0My00NDNlLTgwYTItMjJiY2E0MDViMGJhIiwibmFtZSI6ImFkbWluIiwiZ2VuZGVyIjp0cnVlLCJlbWFpbCI6IjM3ODMzODYyN0BxcS5jb20ifSwiaWF0IjoxNTAxNDYzNjg5LCJleHAiOjE1MDE1NTAwODl9._w47AJNvGyZ54BBkNcDkRh8NNvz88XYVrm6EB3trHtI"}
response time: 252
response status: 200
response body: 
{"status":0,"data":[{"name":"4","address":"4","minfloor":1,"maxfloor":40,"status":1,"id":"3c5cb9a3-510b-4c96-8e92-7fa958aa079f","createdAt":1500969030189,"updatedAt":1500969030189,"version":0},{"name":"3","address":"3","minfloor":1,"maxfloor":30,"status":1,"id":"f0bc90f9-6079-464b-94fe-fb62faae6140","createdAt":1500969011908,"updatedAt":1500969011908,"version":0},{"name":"2","address":"2","minfloor":1,"maxfloor":20,"status":1,"id":"3b5acf77-5363-4376-a8a8-ef3444248241","createdAt":1500969006483,"updatedAt":1500969006483,"version":0},{"name":"1","address":"1","minfloor":1,"maxfloor":10,"status":1,"id":"d0e0cbf2-c8b2-42f7-958f-53276608dcf4","createdAt":1500968999581,"updatedAt":1500968999581,"version":0}],"total":4}
*************** response log end ***************

[2017-07-31 14:59:36.882] [INFO] resLogger - 
*************** response log start ***************
request method: GET
request originalUrl:  /api/user/?token=eyJhbGciOiJIUzI1NiIsInR5cCI6IkpXVCJ9.eyJkYXRhIjp7ImlkIjoiNjc4MTViN2UtYjg0My00NDNlLTgwYTItMjJiY2E0MDViMGJhIiwibmFtZSI6ImFkbWluIiwiZ2VuZGVyIjp0cnVlLCJlbWFpbCI6IjM3ODMzODYyN0BxcS5jb20ifSwiaWF0IjoxNTAxNDYzNjg5LCJleHAiOjE1MDE1NTAwODl9._w47AJNvGyZ54BBkNcDkRh8NNvz88XYVrm6EB3trHtI
request client ip:  ::ffff:127.0.0.1
request query:  {"token":"eyJhbGciOiJIUzI1NiIsInR5cCI6IkpXVCJ9.eyJkYXRhIjp7ImlkIjoiNjc4MTViN2UtYjg0My00NDNlLTgwYTItMjJiY2E0MDViMGJhIiwibmFtZSI6ImFkbWluIiwiZ2VuZGVyIjp0cnVlLCJlbWFpbCI6IjM3ODMzODYyN0BxcS5jb20ifSwiaWF0IjoxNTAxNDYzNjg5LCJleHAiOjE1MDE1NTAwODl9._w47AJNvGyZ54BBkNcDkRh8NNvz88XYVrm6EB3trHtI"}
response time: 123
response status: 200
response body: 
{"status":0,"data":{"name":"admin","email":"378338627@qq.com","password":"$2a$10$DL3Ib.C83nmJj2f85A/oa.2Cnko3lRHFkkg4CuI3YfqwPUsXO9i1G","gender":true,"token":"eyJhbGciOiJIUzI1NiIsInR5cCI6IkpXVCJ9.eyJkYXRhIjp7ImlkIjoiNjc4MTViN2UtYjg0My00NDNlLTgwYTItMjJiY2E0MDViMGJhIiwibmFtZSI6ImFkbWluIiwiZ2VuZGVyIjp0cnVlLCJlbWFpbCI6IjM3ODMzODYyN0BxcS5jb20ifSwiaWF0IjoxNTAxNDYzNjg5LCJleHAiOjE1MDE1NTAwODl9._w47AJNvGyZ54BBkNcDkRh8NNvz88XYVrm6EB3trHtI","id":"67815b7e-b843-443e-80a2-22bca405b0ba","createdAt":1500968905642,"updatedAt":1501463689702,"version":4}}
*************** response log end ***************

[2017-07-31 14:59:37.118] [INFO] resLogger - 
*************** response log start ***************
request method: GET
request originalUrl:  /api/corporations/2a39d8b2-414a-46ca-a06b-d6d73409909c?token=eyJhbGciOiJIUzI1NiIsInR5cCI6IkpXVCJ9.eyJkYXRhIjp7ImlkIjoiNjc4MTViN2UtYjg0My00NDNlLTgwYTItMjJiY2E0MDViMGJhIiwibmFtZSI6ImFkbWluIiwiZ2VuZGVyIjp0cnVlLCJlbWFpbCI6IjM3ODMzODYyN0BxcS5jb20ifSwiaWF0IjoxNTAxNDYzNjg5LCJleHAiOjE1MDE1NTAwODl9._w47AJNvGyZ54BBkNcDkRh8NNvz88XYVrm6EB3trHtI
request client ip:  ::ffff:127.0.0.1
request query:  {"token":"eyJhbGciOiJIUzI1NiIsInR5cCI6IkpXVCJ9.eyJkYXRhIjp7ImlkIjoiNjc4MTViN2UtYjg0My00NDNlLTgwYTItMjJiY2E0MDViMGJhIiwibmFtZSI6ImFkbWluIiwiZ2VuZGVyIjp0cnVlLCJlbWFpbCI6IjM3ODMzODYyN0BxcS5jb20ifSwiaWF0IjoxNTAxNDYzNjg5LCJleHAiOjE1MDE1NTAwODl9._w47AJNvGyZ54BBkNcDkRh8NNvz88XYVrm6EB3trHtI"}
response time: 80
response status: 200
response body: 
{"status":0,"data":{"name":"心梦工作室","description":"梦想开始的地方","status":1,"groupId":"2eae55b0-ee96-49c6-945f-e15de4b4621b","id":"2a39d8b2-414a-46ca-a06b-d6d73409909c","createdAt":1500969169851,"updatedAt":1501211492624,"version":15}}
*************** response log end ***************

[2017-07-31 14:59:37.343] [INFO] resLogger - 
*************** response log start ***************
request method: GET
request originalUrl:  /api/corpBuildings/list/2a39d8b2-414a-46ca-a06b-d6d73409909c?token=eyJhbGciOiJIUzI1NiIsInR5cCI6IkpXVCJ9.eyJkYXRhIjp7ImlkIjoiNjc4MTViN2UtYjg0My00NDNlLTgwYTItMjJiY2E0MDViMGJhIiwibmFtZSI6ImFkbWluIiwiZ2VuZGVyIjp0cnVlLCJlbWFpbCI6IjM3ODMzODYyN0BxcS5jb20ifSwiaWF0IjoxNTAxNDYzNjg5LCJleHAiOjE1MDE1NTAwODl9._w47AJNvGyZ54BBkNcDkRh8NNvz88XYVrm6EB3trHtI
request client ip:  ::ffff:127.0.0.1
request query:  {"token":"eyJhbGciOiJIUzI1NiIsInR5cCI6IkpXVCJ9.eyJkYXRhIjp7ImlkIjoiNjc4MTViN2UtYjg0My00NDNlLTgwYTItMjJiY2E0MDViMGJhIiwibmFtZSI6ImFkbWluIiwiZ2VuZGVyIjp0cnVlLCJlbWFpbCI6IjM3ODMzODYyN0BxcS5jb20ifSwiaWF0IjoxNTAxNDYzNjg5LCJleHAiOjE1MDE1NTAwODl9._w47AJNvGyZ54BBkNcDkRh8NNvz88XYVrm6EB3trHtI"}
response time: 215
response status: 200
response body: 
{"status":0,"data":[{"corporationId":"2a39d8b2-414a-46ca-a06b-d6d73409909c","buildingId":"3c5cb9a3-510b-4c96-8e92-7fa958aa079f","floor":4,"position":"W","status":1,"id":"26ed4212-e676-43ac-9613-12749a9d738b","createdAt":1501471494429,"updatedAt":1501472285023,"version":2,"building":{"name":"4","address":"4","minfloor":1,"maxfloor":40,"status":1,"id":"3c5cb9a3-510b-4c96-8e92-7fa958aa079f","createdAt":1500969030189,"updatedAt":1500969030189,"version":0}}],"total":0}
*************** response log end ***************

[2017-07-31 14:59:37.393] [INFO] resLogger - 
*************** response log start ***************
request method: GET
request originalUrl:  /api/groups/list?token=eyJhbGciOiJIUzI1NiIsInR5cCI6IkpXVCJ9.eyJkYXRhIjp7ImlkIjoiNjc4MTViN2UtYjg0My00NDNlLTgwYTItMjJiY2E0MDViMGJhIiwibmFtZSI6ImFkbWluIiwiZ2VuZGVyIjp0cnVlLCJlbWFpbCI6IjM3ODMzODYyN0BxcS5jb20ifSwiaWF0IjoxNTAxNDYzNjg5LCJleHAiOjE1MDE1NTAwODl9._w47AJNvGyZ54BBkNcDkRh8NNvz88XYVrm6EB3trHtI
request client ip:  ::ffff:127.0.0.1
request query:  {"token":"eyJhbGciOiJIUzI1NiIsInR5cCI6IkpXVCJ9.eyJkYXRhIjp7ImlkIjoiNjc4MTViN2UtYjg0My00NDNlLTgwYTItMjJiY2E0MDViMGJhIiwibmFtZSI6ImFkbWluIiwiZ2VuZGVyIjp0cnVlLCJlbWFpbCI6IjM3ODMzODYyN0BxcS5jb20ifSwiaWF0IjoxNTAxNDYzNjg5LCJleHAiOjE1MDE1NTAwODl9._w47AJNvGyZ54BBkNcDkRh8NNvz88XYVrm6EB3trHtI"}
response time: 272
response status: 200
response body: 
{"status":0,"data":[{"name":"4","description":"4","status":1,"id":"2eae55b0-ee96-49c6-945f-e15de4b4621b","createdAt":1500969145241,"updatedAt":1500969145241,"version":0},{"name":"3","description":"3","status":1,"id":"654a6047-fffb-4f0c-8524-881aec2e82ea","createdAt":1500969072031,"updatedAt":1500969072031,"version":0},{"name":"2","description":"2","status":1,"id":"08e8839e-05d7-495e-8834-2e5f8801f683","createdAt":1500969068139,"updatedAt":1500969068139,"version":0},{"name":"1","description":"1","status":1,"id":"fc5a8ee6-de2b-4498-8461-8b4cf4335729","createdAt":1500969063437,"updatedAt":1500969063437,"version":0}],"total":4}
*************** response log end ***************

[2017-07-31 14:59:37.415] [INFO] resLogger - 
*************** response log start ***************
request method: GET
request originalUrl:  /api/buildings/list?token=eyJhbGciOiJIUzI1NiIsInR5cCI6IkpXVCJ9.eyJkYXRhIjp7ImlkIjoiNjc4MTViN2UtYjg0My00NDNlLTgwYTItMjJiY2E0MDViMGJhIiwibmFtZSI6ImFkbWluIiwiZ2VuZGVyIjp0cnVlLCJlbWFpbCI6IjM3ODMzODYyN0BxcS5jb20ifSwiaWF0IjoxNTAxNDYzNjg5LCJleHAiOjE1MDE1NTAwODl9._w47AJNvGyZ54BBkNcDkRh8NNvz88XYVrm6EB3trHtI
request client ip:  ::ffff:127.0.0.1
request query:  {"token":"eyJhbGciOiJIUzI1NiIsInR5cCI6IkpXVCJ9.eyJkYXRhIjp7ImlkIjoiNjc4MTViN2UtYjg0My00NDNlLTgwYTItMjJiY2E0MDViMGJhIiwibmFtZSI6ImFkbWluIiwiZ2VuZGVyIjp0cnVlLCJlbWFpbCI6IjM3ODMzODYyN0BxcS5jb20ifSwiaWF0IjoxNTAxNDYzNjg5LCJleHAiOjE1MDE1NTAwODl9._w47AJNvGyZ54BBkNcDkRh8NNvz88XYVrm6EB3trHtI"}
response time: 203
response status: 200
response body: 
{"status":0,"data":[{"name":"4","address":"4","minfloor":1,"maxfloor":40,"status":1,"id":"3c5cb9a3-510b-4c96-8e92-7fa958aa079f","createdAt":1500969030189,"updatedAt":1500969030189,"version":0},{"name":"3","address":"3","minfloor":1,"maxfloor":30,"status":1,"id":"f0bc90f9-6079-464b-94fe-fb62faae6140","createdAt":1500969011908,"updatedAt":1500969011908,"version":0},{"name":"2","address":"2","minfloor":1,"maxfloor":20,"status":1,"id":"3b5acf77-5363-4376-a8a8-ef3444248241","createdAt":1500969006483,"updatedAt":1500969006483,"version":0},{"name":"1","address":"1","minfloor":1,"maxfloor":10,"status":1,"id":"d0e0cbf2-c8b2-42f7-958f-53276608dcf4","createdAt":1500968999581,"updatedAt":1500968999581,"version":0}],"total":4}
*************** response log end ***************

[2017-07-31 14:59:40.131] [INFO] resLogger - 
*************** response log start ***************
request method: GET
request originalUrl:  /api/user/?token=eyJhbGciOiJIUzI1NiIsInR5cCI6IkpXVCJ9.eyJkYXRhIjp7ImlkIjoiNjc4MTViN2UtYjg0My00NDNlLTgwYTItMjJiY2E0MDViMGJhIiwibmFtZSI6ImFkbWluIiwiZ2VuZGVyIjp0cnVlLCJlbWFpbCI6IjM3ODMzODYyN0BxcS5jb20ifSwiaWF0IjoxNTAxNDYzNjg5LCJleHAiOjE1MDE1NTAwODl9._w47AJNvGyZ54BBkNcDkRh8NNvz88XYVrm6EB3trHtI
request client ip:  ::ffff:127.0.0.1
request query:  {"token":"eyJhbGciOiJIUzI1NiIsInR5cCI6IkpXVCJ9.eyJkYXRhIjp7ImlkIjoiNjc4MTViN2UtYjg0My00NDNlLTgwYTItMjJiY2E0MDViMGJhIiwibmFtZSI6ImFkbWluIiwiZ2VuZGVyIjp0cnVlLCJlbWFpbCI6IjM3ODMzODYyN0BxcS5jb20ifSwiaWF0IjoxNTAxNDYzNjg5LCJleHAiOjE1MDE1NTAwODl9._w47AJNvGyZ54BBkNcDkRh8NNvz88XYVrm6EB3trHtI"}
response time: 63
response status: 200
response body: 
{"status":0,"data":{"name":"admin","email":"378338627@qq.com","password":"$2a$10$DL3Ib.C83nmJj2f85A/oa.2Cnko3lRHFkkg4CuI3YfqwPUsXO9i1G","gender":true,"token":"eyJhbGciOiJIUzI1NiIsInR5cCI6IkpXVCJ9.eyJkYXRhIjp7ImlkIjoiNjc4MTViN2UtYjg0My00NDNlLTgwYTItMjJiY2E0MDViMGJhIiwibmFtZSI6ImFkbWluIiwiZ2VuZGVyIjp0cnVlLCJlbWFpbCI6IjM3ODMzODYyN0BxcS5jb20ifSwiaWF0IjoxNTAxNDYzNjg5LCJleHAiOjE1MDE1NTAwODl9._w47AJNvGyZ54BBkNcDkRh8NNvz88XYVrm6EB3trHtI","id":"67815b7e-b843-443e-80a2-22bca405b0ba","createdAt":1500968905642,"updatedAt":1501463689702,"version":4}}
*************** response log end ***************

[2017-07-31 14:59:40.244] [INFO] resLogger - 
*************** response log start ***************
request method: GET
request originalUrl:  /api/groups/list/page/1?token=eyJhbGciOiJIUzI1NiIsInR5cCI6IkpXVCJ9.eyJkYXRhIjp7ImlkIjoiNjc4MTViN2UtYjg0My00NDNlLTgwYTItMjJiY2E0MDViMGJhIiwibmFtZSI6ImFkbWluIiwiZ2VuZGVyIjp0cnVlLCJlbWFpbCI6IjM3ODMzODYyN0BxcS5jb20ifSwiaWF0IjoxNTAxNDYzNjg5LCJleHAiOjE1MDE1NTAwODl9._w47AJNvGyZ54BBkNcDkRh8NNvz88XYVrm6EB3trHtI
request client ip:  ::ffff:127.0.0.1
request query:  {"token":"eyJhbGciOiJIUzI1NiIsInR5cCI6IkpXVCJ9.eyJkYXRhIjp7ImlkIjoiNjc4MTViN2UtYjg0My00NDNlLTgwYTItMjJiY2E0MDViMGJhIiwibmFtZSI6ImFkbWluIiwiZ2VuZGVyIjp0cnVlLCJlbWFpbCI6IjM3ODMzODYyN0BxcS5jb20ifSwiaWF0IjoxNTAxNDYzNjg5LCJleHAiOjE1MDE1NTAwODl9._w47AJNvGyZ54BBkNcDkRh8NNvz88XYVrm6EB3trHtI"}
response time: 78
response status: 200
response body: 
{"status":0,"data":[{"name":"4","description":"4","status":1,"id":"2eae55b0-ee96-49c6-945f-e15de4b4621b","createdAt":1500969145241,"updatedAt":1500969145241,"version":0},{"name":"3","description":"3","status":1,"id":"654a6047-fffb-4f0c-8524-881aec2e82ea","createdAt":1500969072031,"updatedAt":1500969072031,"version":0},{"name":"2","description":"2","status":1,"id":"08e8839e-05d7-495e-8834-2e5f8801f683","createdAt":1500969068139,"updatedAt":1500969068139,"version":0},{"name":"1","description":"1","status":1,"id":"fc5a8ee6-de2b-4498-8461-8b4cf4335729","createdAt":1500969063437,"updatedAt":1500969063437,"version":0}],"total":4}
*************** response log end ***************

[2017-07-31 14:59:41.100] [INFO] resLogger - 
*************** response log start ***************
request method: GET
request originalUrl:  /api/user/?token=eyJhbGciOiJIUzI1NiIsInR5cCI6IkpXVCJ9.eyJkYXRhIjp7ImlkIjoiNjc4MTViN2UtYjg0My00NDNlLTgwYTItMjJiY2E0MDViMGJhIiwibmFtZSI6ImFkbWluIiwiZ2VuZGVyIjp0cnVlLCJlbWFpbCI6IjM3ODMzODYyN0BxcS5jb20ifSwiaWF0IjoxNTAxNDYzNjg5LCJleHAiOjE1MDE1NTAwODl9._w47AJNvGyZ54BBkNcDkRh8NNvz88XYVrm6EB3trHtI
request client ip:  ::ffff:127.0.0.1
request query:  {"token":"eyJhbGciOiJIUzI1NiIsInR5cCI6IkpXVCJ9.eyJkYXRhIjp7ImlkIjoiNjc4MTViN2UtYjg0My00NDNlLTgwYTItMjJiY2E0MDViMGJhIiwibmFtZSI6ImFkbWluIiwiZ2VuZGVyIjp0cnVlLCJlbWFpbCI6IjM3ODMzODYyN0BxcS5jb20ifSwiaWF0IjoxNTAxNDYzNjg5LCJleHAiOjE1MDE1NTAwODl9._w47AJNvGyZ54BBkNcDkRh8NNvz88XYVrm6EB3trHtI"}
response time: 62
response status: 200
response body: 
{"status":0,"data":{"name":"admin","email":"378338627@qq.com","password":"$2a$10$DL3Ib.C83nmJj2f85A/oa.2Cnko3lRHFkkg4CuI3YfqwPUsXO9i1G","gender":true,"token":"eyJhbGciOiJIUzI1NiIsInR5cCI6IkpXVCJ9.eyJkYXRhIjp7ImlkIjoiNjc4MTViN2UtYjg0My00NDNlLTgwYTItMjJiY2E0MDViMGJhIiwibmFtZSI6ImFkbWluIiwiZ2VuZGVyIjp0cnVlLCJlbWFpbCI6IjM3ODMzODYyN0BxcS5jb20ifSwiaWF0IjoxNTAxNDYzNjg5LCJleHAiOjE1MDE1NTAwODl9._w47AJNvGyZ54BBkNcDkRh8NNvz88XYVrm6EB3trHtI","id":"67815b7e-b843-443e-80a2-22bca405b0ba","createdAt":1500968905642,"updatedAt":1501463689702,"version":4}}
*************** response log end ***************

[2017-07-31 14:59:41.251] [INFO] resLogger - 
*************** response log start ***************
request method: GET
request originalUrl:  /api/corporations/list/page/1?token=eyJhbGciOiJIUzI1NiIsInR5cCI6IkpXVCJ9.eyJkYXRhIjp7ImlkIjoiNjc4MTViN2UtYjg0My00NDNlLTgwYTItMjJiY2E0MDViMGJhIiwibmFtZSI6ImFkbWluIiwiZ2VuZGVyIjp0cnVlLCJlbWFpbCI6IjM3ODMzODYyN0BxcS5jb20ifSwiaWF0IjoxNTAxNDYzNjg5LCJleHAiOjE1MDE1NTAwODl9._w47AJNvGyZ54BBkNcDkRh8NNvz88XYVrm6EB3trHtI
request client ip:  ::ffff:127.0.0.1
request query:  {"token":"eyJhbGciOiJIUzI1NiIsInR5cCI6IkpXVCJ9.eyJkYXRhIjp7ImlkIjoiNjc4MTViN2UtYjg0My00NDNlLTgwYTItMjJiY2E0MDViMGJhIiwibmFtZSI6ImFkbWluIiwiZ2VuZGVyIjp0cnVlLCJlbWFpbCI6IjM3ODMzODYyN0BxcS5jb20ifSwiaWF0IjoxNTAxNDYzNjg5LCJleHAiOjE1MDE1NTAwODl9._w47AJNvGyZ54BBkNcDkRh8NNvz88XYVrm6EB3trHtI"}
response time: 95
response status: 200
response body: 
{"status":0,"data":[{"name":"心梦工作室","description":"梦想开始的地方","status":1,"groupId":"2eae55b0-ee96-49c6-945f-e15de4b4621b","id":"2a39d8b2-414a-46ca-a06b-d6d73409909c","createdAt":1500969169851,"updatedAt":1501211492624,"version":15,"group":{"name":"4","description":"4","status":1,"id":"2eae55b0-ee96-49c6-945f-e15de4b4621b","createdAt":1500969145241,"updatedAt":1500969145241,"version":0}}],"total":1}
*************** response log end ***************

