[2018-06-25 11:02:22.535] [INFO] resLogger - 
*************** response log start ***************
request method: OPTIONS
request originalUrl:  /api/user/login
request client ip:  ::ffff:127.0.0.1
request body: 
{}
response time: 2
response status: 204
response body: 
undefined
*************** response log end ***************

[2018-06-25 11:02:22.805] [INFO] resLogger - 
*************** response log start ***************
request method: POST
request originalUrl:  /api/user/login
request client ip:  ::ffff:127.0.0.1
request body: 
{"name":"","password":"123456","username":"朱亚亮"}
response time: 246
response status: 200
response body: 
{"status":0,"data":{"name":"朱亚亮","email":"378338627@qq.com","phone":"15822927208","password":"$2a$10$tkDWWL9Mkz9AUFRa.zS/suzNbr.PYt8dYnZloNBj4mkVHyh/kIvM6","gender":true,"token":"eyJhbGciOiJIUzI1NiIsInR5cCI6IkpXVCJ9.eyJkYXRhIjp7ImlkIjoiZTA5NmE0NTQtNDQyNi00MDBmLTkyYWQtOTcyNjc0NDIzNmMwIiwibmFtZSI6IuacseS6muS6riIsImdlbmRlciI6dHJ1ZSwiZW1haWwiOiIzNzgzMzg2MjdAcXEuY29tIn0sImlhdCI6MTUyOTg5NTc0MiwiZXhwIjoxNTI5OTgyMTQyfQ.nWhuR5Ef_15lXnYF1dR-8xLFyDz6sYAdRZiP1i-9NQY","canLogin":true,"status":1,"roleId":"aa7eeae7-8d60-40fb-95ad-e55495ffd845","avatar":null,"avatarUseImg":null,"id":"e096a454-4426-400f-92ad-9726744236c0","createdAt":1515633151464,"updatedAt":1529895742716,"version":28},"message":"登录成功！"}
*************** response log end ***************

[2018-06-25 11:02:23.892] [INFO] resLogger - 
*************** response log start ***************
request method: GET
request originalUrl:  /api/user/?token=eyJhbGciOiJIUzI1NiIsInR5cCI6IkpXVCJ9.eyJkYXRhIjp7ImlkIjoiZTA5NmE0NTQtNDQyNi00MDBmLTkyYWQtOTcyNjc0NDIzNmMwIiwibmFtZSI6IuacseS6muS6riIsImdlbmRlciI6dHJ1ZSwiZW1haWwiOiIzNzgzMzg2MjdAcXEuY29tIn0sImlhdCI6MTUyOTg5NTc0MiwiZXhwIjoxNTI5OTgyMTQyfQ.nWhuR5Ef_15lXnYF1dR-8xLFyDz6sYAdRZiP1i-9NQY
request client ip:  ::ffff:127.0.0.1
request query:  {"token":"eyJhbGciOiJIUzI1NiIsInR5cCI6IkpXVCJ9.eyJkYXRhIjp7ImlkIjoiZTA5NmE0NTQtNDQyNi00MDBmLTkyYWQtOTcyNjc0NDIzNmMwIiwibmFtZSI6IuacseS6muS6riIsImdlbmRlciI6dHJ1ZSwiZW1haWwiOiIzNzgzMzg2MjdAcXEuY29tIn0sImlhdCI6MTUyOTg5NTc0MiwiZXhwIjoxNTI5OTgyMTQyfQ.nWhuR5Ef_15lXnYF1dR-8xLFyDz6sYAdRZiP1i-9NQY"}
response time: 40
response status: 200
response body: 
{"status":0,"data":{"name":"朱亚亮","email":"378338627@qq.com","phone":"15822927208","password":"$2a$10$tkDWWL9Mkz9AUFRa.zS/suzNbr.PYt8dYnZloNBj4mkVHyh/kIvM6","gender":true,"token":"eyJhbGciOiJIUzI1NiIsInR5cCI6IkpXVCJ9.eyJkYXRhIjp7ImlkIjoiZTA5NmE0NTQtNDQyNi00MDBmLTkyYWQtOTcyNjc0NDIzNmMwIiwibmFtZSI6IuacseS6muS6riIsImdlbmRlciI6dHJ1ZSwiZW1haWwiOiIzNzgzMzg2MjdAcXEuY29tIn0sImlhdCI6MTUyOTg5NTc0MiwiZXhwIjoxNTI5OTgyMTQyfQ.nWhuR5Ef_15lXnYF1dR-8xLFyDz6sYAdRZiP1i-9NQY","canLogin":true,"status":1,"roleId":"aa7eeae7-8d60-40fb-95ad-e55495ffd845","avatar":null,"avatarUseImg":null,"id":"e096a454-4426-400f-92ad-9726744236c0","createdAt":1515633151464,"updatedAt":1529895742716,"version":28,"role":{"name":"运维工程师","remark":"工程师权限","status":1,"id":"aa7eeae7-8d60-40fb-95ad-e55495ffd845","createdAt":1519805013032,"updatedAt":1519805013032,"version":0,"auths":[{"authId":"dc9a592e-9c34-4489-afb0-39cd85e20e99","roleId":"aa7eeae7-8d60-40fb-95ad-e55495ffd845","id":"4d486b15-c5b2-4746-a923-eaabf2fbdcc5","createdAt":1519805023370,"updatedAt":1519805023370,"version":0,"opInFunc":{"funcId":"690c0f1e-2658-4aa9-ac18-8a02269c9a65","opId":"01004a4c-ff7f-40d4-a8d5-2465513b680f","id":"dc9a592e-9c34-4489-afb0-39cd85e20e99","createdAt":1519805023210,"updatedAt":1519805023210,"version":0,"function":{"name":"工单","code":"op","class":1,"belong":"982e14ea-8b1c-439e-b78d-204579d676a3","status":1,"id":"690c0f1e-2658-4aa9-ac18-8a02269c9a65","createdAt":1519805019330,"updatedAt":1519805019330,"version":0},"operate":{"name":"查看","code":"list","status":1,"id":"01004a4c-ff7f-40d4-a8d5-2465513b680f","createdAt":1519805019892,"updatedAt":1519805019892,"version":0}}},{"authId":"e046316c-aee3-4b70-a10c-837d7f585ebb","roleId":"aa7eeae7-8d60-40fb-95ad-e55495ffd845","id":"46ef320a-b9f2-45a9-a8ea-0321630ee9b0","createdAt":1519805023957,"updatedAt":1519805023957,"version":0,"opInFunc":{"funcId":"690c0f1e-2658-4aa9-ac18-8a02269c9a65","opId":"199f1992-3403-477b-9133-3a5e9d60a1ea","id":"e046316c-aee3-4b70-a10c-837d7f585ebb","createdAt":1519805023823,"updatedAt":1519805023823,"version":0,"function":{"name":"工单","code":"op","class":1,"belong":"982e14ea-8b1c-439e-b78d-204579d676a3","status":1,"id":"690c0f1e-2658-4aa9-ac18-8a02269c9a65","createdAt":1519805019330,"updatedAt":1519805019330,"version":0},"operate":{"name":"删除","code":"delete","status":1,"id":"199f1992-3403-477b-9133-3a5e9d60a1ea","createdAt":1519805020201,"updatedAt":1519805020201,"version":0}}},{"authId":"5050a962-d253-435b-98cc-605ea2a8b53f","roleId":"aa7eeae7-8d60-40fb-95ad-e55495ffd845","id":"af2bb8ba-b0f3-48a1-8532-7f55935962af","createdAt":1520564947522,"updatedAt":1520564947522,"version":0,"opInFunc":{"funcId":"690c0f1e-2658-4aa9-ac18-8a02269c9a65","opId":"40fbca21-c365-4c59-9429-b4be9deb49ac","id":"5050a962-d253-435b-98cc-605ea2a8b53f","createdAt":1519805023434,"updatedAt":1519805023434,"version":0,"function":{"name":"工单","code":"op","class":1,"belong":"982e14ea-8b1c-439e-b78d-204579d676a3","status":1,"id":"690c0f1e-2658-4aa9-ac18-8a02269c9a65","createdAt":1519805019330,"updatedAt":1519805019330,"version":0},"operate":{"name":"新增","code":"add","status":1,"id":"40fbca21-c365-4c59-9429-b4be9deb49ac","createdAt":1519805019952,"updatedAt":1519805019952,"version":0}}},{"authId":"b681f20e-f565-4863-b150-99f9977a1ae9","roleId":"aa7eeae7-8d60-40fb-95ad-e55495ffd845","id":"fb9aa28a-a003-4b41-b90e-3268fcb5562a","createdAt":1519805023759,"updatedAt":1519805023759,"version":0,"opInFunc":{"funcId":"690c0f1e-2658-4aa9-ac18-8a02269c9a65","opId":"502f9b24-e07b-4c24-bf44-922854bd28a3","id":"b681f20e-f565-4863-b150-99f9977a1ae9","createdAt":1519805023625,"updatedAt":1519805023625,"version":0,"function":{"name":"工单","code":"op","class":1,"belong":"982e14ea-8b1c-439e-b78d-204579d676a3","status":1,"id":"690c0f1e-2658-4aa9-ac18-8a02269c9a65","createdAt":1519805019330,"updatedAt":1519805019330,"version":0},"operate":{"name":"编辑","code":"edit","status":1,"id":"502f9b24-e07b-4c24-bf44-922854bd28a3","createdAt":1519805020055,"updatedAt":1519805020055,"version":0}}},{"authId":"67d58590-c1d2-4f27-800a-6bfe488ff9f4","roleId":"aa7eeae7-8d60-40fb-95ad-e55495ffd845","id":"8b18a2f4-3742-40dc-b89e-9361a21e6b85","createdAt":1519805023139,"updatedAt":1519805023139,"version":0,"opInFunc":{"funcId":"690c0f1e-2658-4aa9-ac18-8a02269c9a65","opId":"83bbdb02-998b-47ba-83e3-281c3c6fb9a9","id":"67d58590-c1d2-4f27-800a-6bfe488ff9f4","createdAt":1519805023002,"updatedAt":1519805023002,"version":0,"function":{"name":"工单","code":"op","class":1,"belong":"982e14ea-8b1c-439e-b78d-204579d676a3","status":1,"id":"690c0f1e-2658-4aa9-ac18-8a02269c9a65","createdAt":1519805019330,"updatedAt":1519805019330,"version":0},"operate":{"name":"菜单可见","code":"menu","status":1,"id":"83bbdb02-998b-47ba-83e3-281c3c6fb9a9","createdAt":1519805019821,"updatedAt":1519805019821,"version":0}}},{"authId":"fb4e96bd-9818-4d8a-957c-accfd1270092","roleId":"aa7eeae7-8d60-40fb-95ad-e55495ffd845","id":"bbb7e2c8-f386-4454-a64d-9721a0d7fb8f","createdAt":1519805610757,"updatedAt":1519805610757,"version":0,"opInFunc":{"funcId":"982e14ea-8b1c-439e-b78d-204579d676a3","opId":"83bbdb02-998b-47ba-83e3-281c3c6fb9a9","id":"fb4e96bd-9818-4d8a-957c-accfd1270092","createdAt":1519805022865,"updatedAt":1519805022865,"version":0,"function":{"name":"工作管理","code":"operations","class":0,"belong":null,"status":1,"id":"982e14ea-8b1c-439e-b78d-204579d676a3","createdAt":1519805019261,"updatedAt":1519805019261,"version":0},"operate":{"name":"菜单可见","code":"menu","status":1,"id":"83bbdb02-998b-47ba-83e3-281c3c6fb9a9","createdAt":1519805019821,"updatedAt":1519805019821,"version":0}}}]}}}
*************** response log end ***************

[2018-06-25 11:02:24.215] [INFO] resLogger - 
*************** response log start ***************
request method: GET
request originalUrl:  /api/operation/workingOperationList?stamp=1529884800&token=eyJhbGciOiJIUzI1NiIsInR5cCI6IkpXVCJ9.eyJkYXRhIjp7ImlkIjoiZTA5NmE0NTQtNDQyNi00MDBmLTkyYWQtOTcyNjc0NDIzNmMwIiwibmFtZSI6IuacseS6muS6riIsImdlbmRlciI6dHJ1ZSwiZW1haWwiOiIzNzgzMzg2MjdAcXEuY29tIn0sImlhdCI6MTUyOTg5NTc0MiwiZXhwIjoxNTI5OTgyMTQyfQ.nWhuR5Ef_15lXnYF1dR-8xLFyDz6sYAdRZiP1i-9NQY
request client ip:  ::ffff:127.0.0.1
request query:  {"stamp":"1529884800","token":"eyJhbGciOiJIUzI1NiIsInR5cCI6IkpXVCJ9.eyJkYXRhIjp7ImlkIjoiZTA5NmE0NTQtNDQyNi00MDBmLTkyYWQtOTcyNjc0NDIzNmMwIiwibmFtZSI6IuacseS6muS6riIsImdlbmRlciI6dHJ1ZSwiZW1haWwiOiIzNzgzMzg2MjdAcXEuY29tIn0sImlhdCI6MTUyOTg5NTc0MiwiZXhwIjoxNTI5OTgyMTQyfQ.nWhuR5Ef_15lXnYF1dR-8xLFyDz6sYAdRZiP1i-9NQY"}
response time: 67
response status: 200
response body: 
{"status":0,"data":[],"total":0}
*************** response log end ***************

[2018-06-25 11:02:24.241] [INFO] resLogger - 
*************** response log start ***************
request method: GET
request originalUrl:  /api/operation/operationCount?stamp=1529884800&token=eyJhbGciOiJIUzI1NiIsInR5cCI6IkpXVCJ9.eyJkYXRhIjp7ImlkIjoiZTA5NmE0NTQtNDQyNi00MDBmLTkyYWQtOTcyNjc0NDIzNmMwIiwibmFtZSI6IuacseS6muS6riIsImdlbmRlciI6dHJ1ZSwiZW1haWwiOiIzNzgzMzg2MjdAcXEuY29tIn0sImlhdCI6MTUyOTg5NTc0MiwiZXhwIjoxNTI5OTgyMTQyfQ.nWhuR5Ef_15lXnYF1dR-8xLFyDz6sYAdRZiP1i-9NQY
request client ip:  ::ffff:127.0.0.1
request query:  {"stamp":"1529884800","token":"eyJhbGciOiJIUzI1NiIsInR5cCI6IkpXVCJ9.eyJkYXRhIjp7ImlkIjoiZTA5NmE0NTQtNDQyNi00MDBmLTkyYWQtOTcyNjc0NDIzNmMwIiwibmFtZSI6IuacseS6muS6riIsImdlbmRlciI6dHJ1ZSwiZW1haWwiOiIzNzgzMzg2MjdAcXEuY29tIn0sImlhdCI6MTUyOTg5NTc0MiwiZXhwIjoxNTI5OTgyMTQyfQ.nWhuR5Ef_15lXnYF1dR-8xLFyDz6sYAdRZiP1i-9NQY"}
response time: 77
response status: 200
response body: 
{"status":0,"data":{"working":0,"done":0,"all":0}}
*************** response log end ***************

[2018-06-25 11:02:42.541] [INFO] resLogger - 
*************** response log start ***************
request method: GET
request originalUrl:  /api/user/?token=eyJhbGciOiJIUzI1NiIsInR5cCI6IkpXVCJ9.eyJkYXRhIjp7ImlkIjoiZTA5NmE0NTQtNDQyNi00MDBmLTkyYWQtOTcyNjc0NDIzNmMwIiwibmFtZSI6IuacseS6muS6riIsImdlbmRlciI6dHJ1ZSwiZW1haWwiOiIzNzgzMzg2MjdAcXEuY29tIn0sImlhdCI6MTUyOTg5NTc0MiwiZXhwIjoxNTI5OTgyMTQyfQ.nWhuR5Ef_15lXnYF1dR-8xLFyDz6sYAdRZiP1i-9NQY
request client ip:  ::ffff:127.0.0.1
request query:  {"token":"eyJhbGciOiJIUzI1NiIsInR5cCI6IkpXVCJ9.eyJkYXRhIjp7ImlkIjoiZTA5NmE0NTQtNDQyNi00MDBmLTkyYWQtOTcyNjc0NDIzNmMwIiwibmFtZSI6IuacseS6muS6riIsImdlbmRlciI6dHJ1ZSwiZW1haWwiOiIzNzgzMzg2MjdAcXEuY29tIn0sImlhdCI6MTUyOTg5NTc0MiwiZXhwIjoxNTI5OTgyMTQyfQ.nWhuR5Ef_15lXnYF1dR-8xLFyDz6sYAdRZiP1i-9NQY"}
response time: 188
response status: 200
response body: 
{"status":0,"data":{"name":"朱亚亮","email":"378338627@qq.com","phone":"15822927208","password":"$2a$10$tkDWWL9Mkz9AUFRa.zS/suzNbr.PYt8dYnZloNBj4mkVHyh/kIvM6","gender":true,"token":"eyJhbGciOiJIUzI1NiIsInR5cCI6IkpXVCJ9.eyJkYXRhIjp7ImlkIjoiZTA5NmE0NTQtNDQyNi00MDBmLTkyYWQtOTcyNjc0NDIzNmMwIiwibmFtZSI6IuacseS6muS6riIsImdlbmRlciI6dHJ1ZSwiZW1haWwiOiIzNzgzMzg2MjdAcXEuY29tIn0sImlhdCI6MTUyOTg5NTc0MiwiZXhwIjoxNTI5OTgyMTQyfQ.nWhuR5Ef_15lXnYF1dR-8xLFyDz6sYAdRZiP1i-9NQY","canLogin":true,"status":1,"roleId":"aa7eeae7-8d60-40fb-95ad-e55495ffd845","avatar":null,"avatarUseImg":null,"id":"e096a454-4426-400f-92ad-9726744236c0","createdAt":1515633151464,"updatedAt":1529895742716,"version":28,"role":{"name":"运维工程师","remark":"工程师权限","status":1,"id":"aa7eeae7-8d60-40fb-95ad-e55495ffd845","createdAt":1519805013032,"updatedAt":1519805013032,"version":0,"auths":[{"authId":"dc9a592e-9c34-4489-afb0-39cd85e20e99","roleId":"aa7eeae7-8d60-40fb-95ad-e55495ffd845","id":"4d486b15-c5b2-4746-a923-eaabf2fbdcc5","createdAt":1519805023370,"updatedAt":1519805023370,"version":0,"opInFunc":{"funcId":"690c0f1e-2658-4aa9-ac18-8a02269c9a65","opId":"01004a4c-ff7f-40d4-a8d5-2465513b680f","id":"dc9a592e-9c34-4489-afb0-39cd85e20e99","createdAt":1519805023210,"updatedAt":1519805023210,"version":0,"function":{"name":"工单","code":"op","class":1,"belong":"982e14ea-8b1c-439e-b78d-204579d676a3","status":1,"id":"690c0f1e-2658-4aa9-ac18-8a02269c9a65","createdAt":1519805019330,"updatedAt":1519805019330,"version":0},"operate":{"name":"查看","code":"list","status":1,"id":"01004a4c-ff7f-40d4-a8d5-2465513b680f","createdAt":1519805019892,"updatedAt":1519805019892,"version":0}}},{"authId":"e046316c-aee3-4b70-a10c-837d7f585ebb","roleId":"aa7eeae7-8d60-40fb-95ad-e55495ffd845","id":"46ef320a-b9f2-45a9-a8ea-0321630ee9b0","createdAt":1519805023957,"updatedAt":1519805023957,"version":0,"opInFunc":{"funcId":"690c0f1e-2658-4aa9-ac18-8a02269c9a65","opId":"199f1992-3403-477b-9133-3a5e9d60a1ea","id":"e046316c-aee3-4b70-a10c-837d7f585ebb","createdAt":1519805023823,"updatedAt":1519805023823,"version":0,"function":{"name":"工单","code":"op","class":1,"belong":"982e14ea-8b1c-439e-b78d-204579d676a3","status":1,"id":"690c0f1e-2658-4aa9-ac18-8a02269c9a65","createdAt":1519805019330,"updatedAt":1519805019330,"version":0},"operate":{"name":"删除","code":"delete","status":1,"id":"199f1992-3403-477b-9133-3a5e9d60a1ea","createdAt":1519805020201,"updatedAt":1519805020201,"version":0}}},{"authId":"5050a962-d253-435b-98cc-605ea2a8b53f","roleId":"aa7eeae7-8d60-40fb-95ad-e55495ffd845","id":"af2bb8ba-b0f3-48a1-8532-7f55935962af","createdAt":1520564947522,"updatedAt":1520564947522,"version":0,"opInFunc":{"funcId":"690c0f1e-2658-4aa9-ac18-8a02269c9a65","opId":"40fbca21-c365-4c59-9429-b4be9deb49ac","id":"5050a962-d253-435b-98cc-605ea2a8b53f","createdAt":1519805023434,"updatedAt":1519805023434,"version":0,"function":{"name":"工单","code":"op","class":1,"belong":"982e14ea-8b1c-439e-b78d-204579d676a3","status":1,"id":"690c0f1e-2658-4aa9-ac18-8a02269c9a65","createdAt":1519805019330,"updatedAt":1519805019330,"version":0},"operate":{"name":"新增","code":"add","status":1,"id":"40fbca21-c365-4c59-9429-b4be9deb49ac","createdAt":1519805019952,"updatedAt":1519805019952,"version":0}}},{"authId":"b681f20e-f565-4863-b150-99f9977a1ae9","roleId":"aa7eeae7-8d60-40fb-95ad-e55495ffd845","id":"fb9aa28a-a003-4b41-b90e-3268fcb5562a","createdAt":1519805023759,"updatedAt":1519805023759,"version":0,"opInFunc":{"funcId":"690c0f1e-2658-4aa9-ac18-8a02269c9a65","opId":"502f9b24-e07b-4c24-bf44-922854bd28a3","id":"b681f20e-f565-4863-b150-99f9977a1ae9","createdAt":1519805023625,"updatedAt":1519805023625,"version":0,"function":{"name":"工单","code":"op","class":1,"belong":"982e14ea-8b1c-439e-b78d-204579d676a3","status":1,"id":"690c0f1e-2658-4aa9-ac18-8a02269c9a65","createdAt":1519805019330,"updatedAt":1519805019330,"version":0},"operate":{"name":"编辑","code":"edit","status":1,"id":"502f9b24-e07b-4c24-bf44-922854bd28a3","createdAt":1519805020055,"updatedAt":1519805020055,"version":0}}},{"authId":"67d58590-c1d2-4f27-800a-6bfe488ff9f4","roleId":"aa7eeae7-8d60-40fb-95ad-e55495ffd845","id":"8b18a2f4-3742-40dc-b89e-9361a21e6b85","createdAt":1519805023139,"updatedAt":1519805023139,"version":0,"opInFunc":{"funcId":"690c0f1e-2658-4aa9-ac18-8a02269c9a65","opId":"83bbdb02-998b-47ba-83e3-281c3c6fb9a9","id":"67d58590-c1d2-4f27-800a-6bfe488ff9f4","createdAt":1519805023002,"updatedAt":1519805023002,"version":0,"function":{"name":"工单","code":"op","class":1,"belong":"982e14ea-8b1c-439e-b78d-204579d676a3","status":1,"id":"690c0f1e-2658-4aa9-ac18-8a02269c9a65","createdAt":1519805019330,"updatedAt":1519805019330,"version":0},"operate":{"name":"菜单可见","code":"menu","status":1,"id":"83bbdb02-998b-47ba-83e3-281c3c6fb9a9","createdAt":1519805019821,"updatedAt":1519805019821,"version":0}}},{"authId":"fb4e96bd-9818-4d8a-957c-accfd1270092","roleId":"aa7eeae7-8d60-40fb-95ad-e55495ffd845","id":"bbb7e2c8-f386-4454-a64d-9721a0d7fb8f","createdAt":1519805610757,"updatedAt":1519805610757,"version":0,"opInFunc":{"funcId":"982e14ea-8b1c-439e-b78d-204579d676a3","opId":"83bbdb02-998b-47ba-83e3-281c3c6fb9a9","id":"fb4e96bd-9818-4d8a-957c-accfd1270092","createdAt":1519805022865,"updatedAt":1519805022865,"version":0,"function":{"name":"工作管理","code":"operations","class":0,"belong":null,"status":1,"id":"982e14ea-8b1c-439e-b78d-204579d676a3","createdAt":1519805019261,"updatedAt":1519805019261,"version":0},"operate":{"name":"菜单可见","code":"menu","status":1,"id":"83bbdb02-998b-47ba-83e3-281c3c6fb9a9","createdAt":1519805019821,"updatedAt":1519805019821,"version":0}}}]}}}
*************** response log end ***************

[2018-06-25 11:02:42.774] [INFO] resLogger - 
*************** response log start ***************
request method: GET
request originalUrl:  /api/operation/workingOperationList?stamp=1529884800&token=eyJhbGciOiJIUzI1NiIsInR5cCI6IkpXVCJ9.eyJkYXRhIjp7ImlkIjoiZTA5NmE0NTQtNDQyNi00MDBmLTkyYWQtOTcyNjc0NDIzNmMwIiwibmFtZSI6IuacseS6muS6riIsImdlbmRlciI6dHJ1ZSwiZW1haWwiOiIzNzgzMzg2MjdAcXEuY29tIn0sImlhdCI6MTUyOTg5NTc0MiwiZXhwIjoxNTI5OTgyMTQyfQ.nWhuR5Ef_15lXnYF1dR-8xLFyDz6sYAdRZiP1i-9NQY
request client ip:  ::ffff:127.0.0.1
request query:  {"stamp":"1529884800","token":"eyJhbGciOiJIUzI1NiIsInR5cCI6IkpXVCJ9.eyJkYXRhIjp7ImlkIjoiZTA5NmE0NTQtNDQyNi00MDBmLTkyYWQtOTcyNjc0NDIzNmMwIiwibmFtZSI6IuacseS6muS6riIsImdlbmRlciI6dHJ1ZSwiZW1haWwiOiIzNzgzMzg2MjdAcXEuY29tIn0sImlhdCI6MTUyOTg5NTc0MiwiZXhwIjoxNTI5OTgyMTQyfQ.nWhuR5Ef_15lXnYF1dR-8xLFyDz6sYAdRZiP1i-9NQY"}
response time: 109
response status: 200
response body: 
{"status":0,"data":[],"total":0}
*************** response log end ***************

[2018-06-25 11:02:42.785] [INFO] resLogger - 
*************** response log start ***************
request method: GET
request originalUrl:  /api/operation/operationCount?stamp=1529884800&token=eyJhbGciOiJIUzI1NiIsInR5cCI6IkpXVCJ9.eyJkYXRhIjp7ImlkIjoiZTA5NmE0NTQtNDQyNi00MDBmLTkyYWQtOTcyNjc0NDIzNmMwIiwibmFtZSI6IuacseS6muS6riIsImdlbmRlciI6dHJ1ZSwiZW1haWwiOiIzNzgzMzg2MjdAcXEuY29tIn0sImlhdCI6MTUyOTg5NTc0MiwiZXhwIjoxNTI5OTgyMTQyfQ.nWhuR5Ef_15lXnYF1dR-8xLFyDz6sYAdRZiP1i-9NQY
request client ip:  ::ffff:127.0.0.1
request query:  {"stamp":"1529884800","token":"eyJhbGciOiJIUzI1NiIsInR5cCI6IkpXVCJ9.eyJkYXRhIjp7ImlkIjoiZTA5NmE0NTQtNDQyNi00MDBmLTkyYWQtOTcyNjc0NDIzNmMwIiwibmFtZSI6IuacseS6muS6riIsImdlbmRlciI6dHJ1ZSwiZW1haWwiOiIzNzgzMzg2MjdAcXEuY29tIn0sImlhdCI6MTUyOTg5NTc0MiwiZXhwIjoxNTI5OTgyMTQyfQ.nWhuR5Ef_15lXnYF1dR-8xLFyDz6sYAdRZiP1i-9NQY"}
response time: 168
response status: 200
response body: 
{"status":0,"data":{"working":0,"done":0,"all":0}}
*************** response log end ***************

[2018-06-25 11:02:52.520] [INFO] resLogger - 
*************** response log start ***************
request method: OPTIONS
request originalUrl:  /api/user/login
request client ip:  ::ffff:127.0.0.1
request body: 
{}
response time: 3
response status: 204
response body: 
undefined
*************** response log end ***************

[2018-06-25 11:02:52.669] [INFO] resLogger - 
*************** response log start ***************
request method: POST
request originalUrl:  /api/user/login
request client ip:  ::ffff:127.0.0.1
request body: 
{"name":"","password":"123456","username":"朱亚亮"}
response time: 122
response status: 200
response body: 
{"status":0,"data":{"name":"朱亚亮","email":"378338627@qq.com","phone":"15822927208","password":"$2a$10$tkDWWL9Mkz9AUFRa.zS/suzNbr.PYt8dYnZloNBj4mkVHyh/kIvM6","gender":true,"token":"eyJhbGciOiJIUzI1NiIsInR5cCI6IkpXVCJ9.eyJkYXRhIjp7ImlkIjoiZTA5NmE0NTQtNDQyNi00MDBmLTkyYWQtOTcyNjc0NDIzNmMwIiwibmFtZSI6IuacseS6muS6riIsImdlbmRlciI6dHJ1ZSwiZW1haWwiOiIzNzgzMzg2MjdAcXEuY29tIn0sImlhdCI6MTUyOTg5NTc3MiwiZXhwIjoxNTI5OTgyMTcyfQ.BuEAa9JQki9idDCMo6GbPERctavNUk2EVOdVshUi-68","canLogin":true,"status":1,"roleId":"aa7eeae7-8d60-40fb-95ad-e55495ffd845","avatar":null,"avatarUseImg":null,"id":"e096a454-4426-400f-92ad-9726744236c0","createdAt":1515633151464,"updatedAt":1529895772640,"version":29},"message":"登录成功！"}
*************** response log end ***************

[2018-06-25 11:02:53.737] [INFO] resLogger - 
*************** response log start ***************
request method: GET
request originalUrl:  /api/user/?token=eyJhbGciOiJIUzI1NiIsInR5cCI6IkpXVCJ9.eyJkYXRhIjp7ImlkIjoiZTA5NmE0NTQtNDQyNi00MDBmLTkyYWQtOTcyNjc0NDIzNmMwIiwibmFtZSI6IuacseS6muS6riIsImdlbmRlciI6dHJ1ZSwiZW1haWwiOiIzNzgzMzg2MjdAcXEuY29tIn0sImlhdCI6MTUyOTg5NTc3MiwiZXhwIjoxNTI5OTgyMTcyfQ.BuEAa9JQki9idDCMo6GbPERctavNUk2EVOdVshUi-68
request client ip:  ::ffff:127.0.0.1
request query:  {"token":"eyJhbGciOiJIUzI1NiIsInR5cCI6IkpXVCJ9.eyJkYXRhIjp7ImlkIjoiZTA5NmE0NTQtNDQyNi00MDBmLTkyYWQtOTcyNjc0NDIzNmMwIiwibmFtZSI6IuacseS6muS6riIsImdlbmRlciI6dHJ1ZSwiZW1haWwiOiIzNzgzMzg2MjdAcXEuY29tIn0sImlhdCI6MTUyOTg5NTc3MiwiZXhwIjoxNTI5OTgyMTcyfQ.BuEAa9JQki9idDCMo6GbPERctavNUk2EVOdVshUi-68"}
response time: 30
response status: 200
response body: 
{"status":0,"data":{"name":"朱亚亮","email":"378338627@qq.com","phone":"15822927208","password":"$2a$10$tkDWWL9Mkz9AUFRa.zS/suzNbr.PYt8dYnZloNBj4mkVHyh/kIvM6","gender":true,"token":"eyJhbGciOiJIUzI1NiIsInR5cCI6IkpXVCJ9.eyJkYXRhIjp7ImlkIjoiZTA5NmE0NTQtNDQyNi00MDBmLTkyYWQtOTcyNjc0NDIzNmMwIiwibmFtZSI6IuacseS6muS6riIsImdlbmRlciI6dHJ1ZSwiZW1haWwiOiIzNzgzMzg2MjdAcXEuY29tIn0sImlhdCI6MTUyOTg5NTc3MiwiZXhwIjoxNTI5OTgyMTcyfQ.BuEAa9JQki9idDCMo6GbPERctavNUk2EVOdVshUi-68","canLogin":true,"status":1,"roleId":"aa7eeae7-8d60-40fb-95ad-e55495ffd845","avatar":null,"avatarUseImg":null,"id":"e096a454-4426-400f-92ad-9726744236c0","createdAt":1515633151464,"updatedAt":1529895772640,"version":29,"role":{"name":"运维工程师","remark":"工程师权限","status":1,"id":"aa7eeae7-8d60-40fb-95ad-e55495ffd845","createdAt":1519805013032,"updatedAt":1519805013032,"version":0,"auths":[{"authId":"dc9a592e-9c34-4489-afb0-39cd85e20e99","roleId":"aa7eeae7-8d60-40fb-95ad-e55495ffd845","id":"4d486b15-c5b2-4746-a923-eaabf2fbdcc5","createdAt":1519805023370,"updatedAt":1519805023370,"version":0,"opInFunc":{"funcId":"690c0f1e-2658-4aa9-ac18-8a02269c9a65","opId":"01004a4c-ff7f-40d4-a8d5-2465513b680f","id":"dc9a592e-9c34-4489-afb0-39cd85e20e99","createdAt":1519805023210,"updatedAt":1519805023210,"version":0,"function":{"name":"工单","code":"op","class":1,"belong":"982e14ea-8b1c-439e-b78d-204579d676a3","status":1,"id":"690c0f1e-2658-4aa9-ac18-8a02269c9a65","createdAt":1519805019330,"updatedAt":1519805019330,"version":0},"operate":{"name":"查看","code":"list","status":1,"id":"01004a4c-ff7f-40d4-a8d5-2465513b680f","createdAt":1519805019892,"updatedAt":1519805019892,"version":0}}},{"authId":"e046316c-aee3-4b70-a10c-837d7f585ebb","roleId":"aa7eeae7-8d60-40fb-95ad-e55495ffd845","id":"46ef320a-b9f2-45a9-a8ea-0321630ee9b0","createdAt":1519805023957,"updatedAt":1519805023957,"version":0,"opInFunc":{"funcId":"690c0f1e-2658-4aa9-ac18-8a02269c9a65","opId":"199f1992-3403-477b-9133-3a5e9d60a1ea","id":"e046316c-aee3-4b70-a10c-837d7f585ebb","createdAt":1519805023823,"updatedAt":1519805023823,"version":0,"function":{"name":"工单","code":"op","class":1,"belong":"982e14ea-8b1c-439e-b78d-204579d676a3","status":1,"id":"690c0f1e-2658-4aa9-ac18-8a02269c9a65","createdAt":1519805019330,"updatedAt":1519805019330,"version":0},"operate":{"name":"删除","code":"delete","status":1,"id":"199f1992-3403-477b-9133-3a5e9d60a1ea","createdAt":1519805020201,"updatedAt":1519805020201,"version":0}}},{"authId":"5050a962-d253-435b-98cc-605ea2a8b53f","roleId":"aa7eeae7-8d60-40fb-95ad-e55495ffd845","id":"af2bb8ba-b0f3-48a1-8532-7f55935962af","createdAt":1520564947522,"updatedAt":1520564947522,"version":0,"opInFunc":{"funcId":"690c0f1e-2658-4aa9-ac18-8a02269c9a65","opId":"40fbca21-c365-4c59-9429-b4be9deb49ac","id":"5050a962-d253-435b-98cc-605ea2a8b53f","createdAt":1519805023434,"updatedAt":1519805023434,"version":0,"function":{"name":"工单","code":"op","class":1,"belong":"982e14ea-8b1c-439e-b78d-204579d676a3","status":1,"id":"690c0f1e-2658-4aa9-ac18-8a02269c9a65","createdAt":1519805019330,"updatedAt":1519805019330,"version":0},"operate":{"name":"新增","code":"add","status":1,"id":"40fbca21-c365-4c59-9429-b4be9deb49ac","createdAt":1519805019952,"updatedAt":1519805019952,"version":0}}},{"authId":"b681f20e-f565-4863-b150-99f9977a1ae9","roleId":"aa7eeae7-8d60-40fb-95ad-e55495ffd845","id":"fb9aa28a-a003-4b41-b90e-3268fcb5562a","createdAt":1519805023759,"updatedAt":1519805023759,"version":0,"opInFunc":{"funcId":"690c0f1e-2658-4aa9-ac18-8a02269c9a65","opId":"502f9b24-e07b-4c24-bf44-922854bd28a3","id":"b681f20e-f565-4863-b150-99f9977a1ae9","createdAt":1519805023625,"updatedAt":1519805023625,"version":0,"function":{"name":"工单","code":"op","class":1,"belong":"982e14ea-8b1c-439e-b78d-204579d676a3","status":1,"id":"690c0f1e-2658-4aa9-ac18-8a02269c9a65","createdAt":1519805019330,"updatedAt":1519805019330,"version":0},"operate":{"name":"编辑","code":"edit","status":1,"id":"502f9b24-e07b-4c24-bf44-922854bd28a3","createdAt":1519805020055,"updatedAt":1519805020055,"version":0}}},{"authId":"67d58590-c1d2-4f27-800a-6bfe488ff9f4","roleId":"aa7eeae7-8d60-40fb-95ad-e55495ffd845","id":"8b18a2f4-3742-40dc-b89e-9361a21e6b85","createdAt":1519805023139,"updatedAt":1519805023139,"version":0,"opInFunc":{"funcId":"690c0f1e-2658-4aa9-ac18-8a02269c9a65","opId":"83bbdb02-998b-47ba-83e3-281c3c6fb9a9","id":"67d58590-c1d2-4f27-800a-6bfe488ff9f4","createdAt":1519805023002,"updatedAt":1519805023002,"version":0,"function":{"name":"工单","code":"op","class":1,"belong":"982e14ea-8b1c-439e-b78d-204579d676a3","status":1,"id":"690c0f1e-2658-4aa9-ac18-8a02269c9a65","createdAt":1519805019330,"updatedAt":1519805019330,"version":0},"operate":{"name":"菜单可见","code":"menu","status":1,"id":"83bbdb02-998b-47ba-83e3-281c3c6fb9a9","createdAt":1519805019821,"updatedAt":1519805019821,"version":0}}},{"authId":"fb4e96bd-9818-4d8a-957c-accfd1270092","roleId":"aa7eeae7-8d60-40fb-95ad-e55495ffd845","id":"bbb7e2c8-f386-4454-a64d-9721a0d7fb8f","createdAt":1519805610757,"updatedAt":1519805610757,"version":0,"opInFunc":{"funcId":"982e14ea-8b1c-439e-b78d-204579d676a3","opId":"83bbdb02-998b-47ba-83e3-281c3c6fb9a9","id":"fb4e96bd-9818-4d8a-957c-accfd1270092","createdAt":1519805022865,"updatedAt":1519805022865,"version":0,"function":{"name":"工作管理","code":"operations","class":0,"belong":null,"status":1,"id":"982e14ea-8b1c-439e-b78d-204579d676a3","createdAt":1519805019261,"updatedAt":1519805019261,"version":0},"operate":{"name":"菜单可见","code":"menu","status":1,"id":"83bbdb02-998b-47ba-83e3-281c3c6fb9a9","createdAt":1519805019821,"updatedAt":1519805019821,"version":0}}}]}}}
*************** response log end ***************

[2018-06-25 11:02:53.805] [INFO] resLogger - 
*************** response log start ***************
request method: GET
request originalUrl:  /api/operation/operationCount?stamp=1529884800&token=eyJhbGciOiJIUzI1NiIsInR5cCI6IkpXVCJ9.eyJkYXRhIjp7ImlkIjoiZTA5NmE0NTQtNDQyNi00MDBmLTkyYWQtOTcyNjc0NDIzNmMwIiwibmFtZSI6IuacseS6muS6riIsImdlbmRlciI6dHJ1ZSwiZW1haWwiOiIzNzgzMzg2MjdAcXEuY29tIn0sImlhdCI6MTUyOTg5NTc3MiwiZXhwIjoxNTI5OTgyMTcyfQ.BuEAa9JQki9idDCMo6GbPERctavNUk2EVOdVshUi-68
request client ip:  ::ffff:127.0.0.1
request query:  {"stamp":"1529884800","token":"eyJhbGciOiJIUzI1NiIsInR5cCI6IkpXVCJ9.eyJkYXRhIjp7ImlkIjoiZTA5NmE0NTQtNDQyNi00MDBmLTkyYWQtOTcyNjc0NDIzNmMwIiwibmFtZSI6IuacseS6muS6riIsImdlbmRlciI6dHJ1ZSwiZW1haWwiOiIzNzgzMzg2MjdAcXEuY29tIn0sImlhdCI6MTUyOTg5NTc3MiwiZXhwIjoxNTI5OTgyMTcyfQ.BuEAa9JQki9idDCMo6GbPERctavNUk2EVOdVshUi-68"}
response time: 49
response status: 200
response body: 
{"status":0,"data":{"working":0,"done":0,"all":0}}
*************** response log end ***************

[2018-06-25 11:02:53.816] [INFO] resLogger - 
*************** response log start ***************
request method: GET
request originalUrl:  /api/operation/workingOperationList?stamp=1529884800&token=eyJhbGciOiJIUzI1NiIsInR5cCI6IkpXVCJ9.eyJkYXRhIjp7ImlkIjoiZTA5NmE0NTQtNDQyNi00MDBmLTkyYWQtOTcyNjc0NDIzNmMwIiwibmFtZSI6IuacseS6muS6riIsImdlbmRlciI6dHJ1ZSwiZW1haWwiOiIzNzgzMzg2MjdAcXEuY29tIn0sImlhdCI6MTUyOTg5NTc3MiwiZXhwIjoxNTI5OTgyMTcyfQ.BuEAa9JQki9idDCMo6GbPERctavNUk2EVOdVshUi-68
request client ip:  ::ffff:127.0.0.1
request query:  {"stamp":"1529884800","token":"eyJhbGciOiJIUzI1NiIsInR5cCI6IkpXVCJ9.eyJkYXRhIjp7ImlkIjoiZTA5NmE0NTQtNDQyNi00MDBmLTkyYWQtOTcyNjc0NDIzNmMwIiwibmFtZSI6IuacseS6muS6riIsImdlbmRlciI6dHJ1ZSwiZW1haWwiOiIzNzgzMzg2MjdAcXEuY29tIn0sImlhdCI6MTUyOTg5NTc3MiwiZXhwIjoxNTI5OTgyMTcyfQ.BuEAa9JQki9idDCMo6GbPERctavNUk2EVOdVshUi-68"}
response time: 49
response status: 200
response body: 
{"status":0,"data":[],"total":0}
*************** response log end ***************

[2018-06-25 11:15:00.944] [INFO] resLogger - 
*************** response log start ***************
request method: OPTIONS
request originalUrl:  /api/authinrole/check?token=eyJhbGciOiJIUzI1NiIsInR5cCI6IkpXVCJ9.eyJkYXRhIjp7ImlkIjoiMDU3MjBlNmUtZWJlMy00MDM2LWI1NzUtZmYxZmEwYzZjYjM4IiwibmFtZSI6ImFkbWluIiwiZ2VuZGVyIjp0cnVlLCJlbWFpbCI6IjM3ODMzODYyN0BxcS5jb20ifSwiaWF0IjoxNTI5ODk1MjI5LCJleHAiOjE1Mjk5ODE2Mjl9.jj4GIGTixBNNnYRR1mtf8f9mLzOTALqohGCkVLsEwL8
request client ip:  ::ffff:127.0.0.1
request body: 
{}
response time: 3
response status: 204
response body: 
undefined
*************** response log end ***************

[2018-06-25 11:15:01.010] [INFO] resLogger - 
*************** response log start ***************
request method: POST
request originalUrl:  /api/authinrole/check?token=eyJhbGciOiJIUzI1NiIsInR5cCI6IkpXVCJ9.eyJkYXRhIjp7ImlkIjoiMDU3MjBlNmUtZWJlMy00MDM2LWI1NzUtZmYxZmEwYzZjYjM4IiwibmFtZSI6ImFkbWluIiwiZ2VuZGVyIjp0cnVlLCJlbWFpbCI6IjM3ODMzODYyN0BxcS5jb20ifSwiaWF0IjoxNTI5ODk1MjI5LCJleHAiOjE1Mjk5ODE2Mjl9.jj4GIGTixBNNnYRR1mtf8f9mLzOTALqohGCkVLsEwL8
request client ip:  ::ffff:127.0.0.1
request body: 
{"func":"operations","op":"menu"}
response time: 43
response status: 200
response body: 
{"status":0}
*************** response log end ***************

[2018-06-25 11:15:01.706] [INFO] resLogger - 
*************** response log start ***************
request method: POST
request originalUrl:  /api/authinrole/check?token=eyJhbGciOiJIUzI1NiIsInR5cCI6IkpXVCJ9.eyJkYXRhIjp7ImlkIjoiMDU3MjBlNmUtZWJlMy00MDM2LWI1NzUtZmYxZmEwYzZjYjM4IiwibmFtZSI6ImFkbWluIiwiZ2VuZGVyIjp0cnVlLCJlbWFpbCI6IjM3ODMzODYyN0BxcS5jb20ifSwiaWF0IjoxNTI5ODk1MjI5LCJleHAiOjE1Mjk5ODE2Mjl9.jj4GIGTixBNNnYRR1mtf8f9mLzOTALqohGCkVLsEwL8
request client ip:  ::ffff:127.0.0.1
request body: 
{"func":"order","op":"menu"}
response time: 24
response status: 200
response body: 
{"status":0}
*************** response log end ***************

[2018-06-25 11:15:01.765] [INFO] resLogger - 
*************** response log start ***************
request method: POST
request originalUrl:  /api/authinrole/check?token=eyJhbGciOiJIUzI1NiIsInR5cCI6IkpXVCJ9.eyJkYXRhIjp7ImlkIjoiMDU3MjBlNmUtZWJlMy00MDM2LWI1NzUtZmYxZmEwYzZjYjM4IiwibmFtZSI6ImFkbWluIiwiZ2VuZGVyIjp0cnVlLCJlbWFpbCI6IjM3ODMzODYyN0BxcS5jb20ifSwiaWF0IjoxNTI5ODk1MjI5LCJleHAiOjE1Mjk5ODE2Mjl9.jj4GIGTixBNNnYRR1mtf8f9mLzOTALqohGCkVLsEwL8
request client ip:  ::ffff:127.0.0.1
request body: 
{"func":"order","op":"list"}
response time: 40
response status: 200
response body: 
{"status":0}
*************** response log end ***************

[2018-06-25 11:15:02.103] [INFO] resLogger - 
*************** response log start ***************
request method: GET
request originalUrl:  /api/order/list/page/1/time/1529896501000?token=eyJhbGciOiJIUzI1NiIsInR5cCI6IkpXVCJ9.eyJkYXRhIjp7ImlkIjoiMDU3MjBlNmUtZWJlMy00MDM2LWI1NzUtZmYxZmEwYzZjYjM4IiwibmFtZSI6ImFkbWluIiwiZ2VuZGVyIjp0cnVlLCJlbWFpbCI6IjM3ODMzODYyN0BxcS5jb20ifSwiaWF0IjoxNTI5ODk1MjI5LCJleHAiOjE1Mjk5ODE2Mjl9.jj4GIGTixBNNnYRR1mtf8f9mLzOTALqohGCkVLsEwL8
request client ip:  ::ffff:127.0.0.1
request query:  {"token":"eyJhbGciOiJIUzI1NiIsInR5cCI6IkpXVCJ9.eyJkYXRhIjp7ImlkIjoiMDU3MjBlNmUtZWJlMy00MDM2LWI1NzUtZmYxZmEwYzZjYjM4IiwibmFtZSI6ImFkbWluIiwiZ2VuZGVyIjp0cnVlLCJlbWFpbCI6IjM3ODMzODYyN0BxcS5jb20ifSwiaWF0IjoxNTI5ODk1MjI5LCJleHAiOjE1Mjk5ODE2Mjl9.jj4GIGTixBNNnYRR1mtf8f9mLzOTALqohGCkVLsEwL8"}
response time: 61
response status: 200
response body: 
{"status":0,"data":[],"total":0}
*************** response log end ***************

[2018-06-25 11:15:03.399] [INFO] resLogger - 
*************** response log start ***************
request method: POST
request originalUrl:  /api/authinrole/check?token=eyJhbGciOiJIUzI1NiIsInR5cCI6IkpXVCJ9.eyJkYXRhIjp7ImlkIjoiMDU3MjBlNmUtZWJlMy00MDM2LWI1NzUtZmYxZmEwYzZjYjM4IiwibmFtZSI6ImFkbWluIiwiZ2VuZGVyIjp0cnVlLCJlbWFpbCI6IjM3ODMzODYyN0BxcS5jb20ifSwiaWF0IjoxNTI5ODk1MjI5LCJleHAiOjE1Mjk5ODE2Mjl9.jj4GIGTixBNNnYRR1mtf8f9mLzOTALqohGCkVLsEwL8
request client ip:  ::ffff:127.0.0.1
request body: 
{"func":"order","op":"add"}
response time: 22
response status: 200
response body: 
{"status":0}
*************** response log end ***************

[2018-06-25 11:15:03.498] [INFO] resLogger - 
*************** response log start ***************
request method: GET
request originalUrl:  /api/groups/list?token=eyJhbGciOiJIUzI1NiIsInR5cCI6IkpXVCJ9.eyJkYXRhIjp7ImlkIjoiMDU3MjBlNmUtZWJlMy00MDM2LWI1NzUtZmYxZmEwYzZjYjM4IiwibmFtZSI6ImFkbWluIiwiZ2VuZGVyIjp0cnVlLCJlbWFpbCI6IjM3ODMzODYyN0BxcS5jb20ifSwiaWF0IjoxNTI5ODk1MjI5LCJleHAiOjE1Mjk5ODE2Mjl9.jj4GIGTixBNNnYRR1mtf8f9mLzOTALqohGCkVLsEwL8
request client ip:  ::ffff:127.0.0.1
request query:  {"token":"eyJhbGciOiJIUzI1NiIsInR5cCI6IkpXVCJ9.eyJkYXRhIjp7ImlkIjoiMDU3MjBlNmUtZWJlMy00MDM2LWI1NzUtZmYxZmEwYzZjYjM4IiwibmFtZSI6ImFkbWluIiwiZ2VuZGVyIjp0cnVlLCJlbWFpbCI6IjM3ODMzODYyN0BxcS5jb20ifSwiaWF0IjoxNTI5ODk1MjI5LCJleHAiOjE1Mjk5ODE2Mjl9.jj4GIGTixBNNnYRR1mtf8f9mLzOTALqohGCkVLsEwL8"}
response time: 13
response status: 200
response body: 
{"status":0,"data":[{"name":"管委会","description":"group1","status":1,"id":"52505514-1b27-449f-b575-55b32fd1280f","createdAt":1515633151465,"updatedAt":1515633151465,"version":0},{"name":"控股","description":"group2","status":1,"id":"f0c37d6d-c922-4617-befd-aa51ad85d7c5","createdAt":1515633152227,"updatedAt":1515633152227,"version":0},{"name":"临港清华附属小学","description":"临港清华附属小学","status":1,"id":"76a550ce-0788-4e2f-b3b8-875f9a62692c","createdAt":1515737019104,"updatedAt":1515737019104,"version":0},{"name":"宜湾酒店","description":"宜湾酒店","status":1,"id":"384fb1a2-33c9-4577-96f8-02dd6030e93a","createdAt":1528250664116,"updatedAt":1528250664116,"version":0}],"total":4}
*************** response log end ***************

[2018-06-25 11:15:03.586] [INFO] resLogger - 
*************** response log start ***************
request method: GET
request originalUrl:  /api/workers/list?token=eyJhbGciOiJIUzI1NiIsInR5cCI6IkpXVCJ9.eyJkYXRhIjp7ImlkIjoiMDU3MjBlNmUtZWJlMy00MDM2LWI1NzUtZmYxZmEwYzZjYjM4IiwibmFtZSI6ImFkbWluIiwiZ2VuZGVyIjp0cnVlLCJlbWFpbCI6IjM3ODMzODYyN0BxcS5jb20ifSwiaWF0IjoxNTI5ODk1MjI5LCJleHAiOjE1Mjk5ODE2Mjl9.jj4GIGTixBNNnYRR1mtf8f9mLzOTALqohGCkVLsEwL8
request client ip:  ::ffff:127.0.0.1
request query:  {"token":"eyJhbGciOiJIUzI1NiIsInR5cCI6IkpXVCJ9.eyJkYXRhIjp7ImlkIjoiMDU3MjBlNmUtZWJlMy00MDM2LWI1NzUtZmYxZmEwYzZjYjM4IiwibmFtZSI6ImFkbWluIiwiZ2VuZGVyIjp0cnVlLCJlbWFpbCI6IjM3ODMzODYyN0BxcS5jb20ifSwiaWF0IjoxNTI5ODk1MjI5LCJleHAiOjE1Mjk5ODE2Mjl9.jj4GIGTixBNNnYRR1mtf8f9mLzOTALqohGCkVLsEwL8"}
response time: 36
response status: 200
response body: 
{"status":0,"data":[{"name":"admin","email":"378338627@qq.com","phone":"15822927208","password":"$2a$10$ZCz8FbSB13tB2jbZIaI13.kaTOEp236iyvOOtqgZf.m.RSqqgjheq","gender":true,"token":"eyJhbGciOiJIUzI1NiIsInR5cCI6IkpXVCJ9.eyJkYXRhIjp7ImlkIjoiMDU3MjBlNmUtZWJlMy00MDM2LWI1NzUtZmYxZmEwYzZjYjM4IiwibmFtZSI6ImFkbWluIiwiZ2VuZGVyIjp0cnVlLCJlbWFpbCI6IjM3ODMzODYyN0BxcS5jb20ifSwiaWF0IjoxNTI5ODk1MjI5LCJleHAiOjE1Mjk5ODE2Mjl9.jj4GIGTixBNNnYRR1mtf8f9mLzOTALqohGCkVLsEwL8","canLogin":true,"status":1,"roleId":"440fba89-762d-4584-8bdc-26e2e7b5e71e","avatar":"/uploads/avatar/动漫/19.jpg","avatarUseImg":0,"id":"05720e6e-ebe3-4036-b575-ff1fa0c6cb38","createdAt":1515633151463,"updatedAt":1529895229765,"version":167,"worker":{"userId":"05720e6e-ebe3-4036-b575-ff1fa0c6cb38","id":"cbfc2558-dbf1-4dbe-9715-f3c3d498771c","createdAt":1521773688107,"updatedAt":1521773688107,"version":0}},{"name":"张赫","email":"378338627@qq.com","phone":"15822927208","password":"$2a$10$JUhMlqmi1flOuZRNBWq8j.o1y9YUDnWElK8XNEMAgkk/WAw66oVUu","gender":true,"token":null,"canLogin":true,"status":1,"roleId":"aa7eeae7-8d60-40fb-95ad-e55495ffd845","avatar":null,"avatarUseImg":null,"id":"ddb9b8c8-e9ba-48ac-af2e-bce4d534e4fb","createdAt":1515633151464,"updatedAt":1515633151464,"version":0,"worker":{"userId":"ddb9b8c8-e9ba-48ac-af2e-bce4d534e4fb","id":"535b3f1a-80dc-482e-a72b-8f3be9964a72","createdAt":1515633503273,"updatedAt":1515633503273,"version":0}},{"name":"朱亚亮","email":"378338627@qq.com","phone":"15822927208","password":"$2a$10$tkDWWL9Mkz9AUFRa.zS/suzNbr.PYt8dYnZloNBj4mkVHyh/kIvM6","gender":true,"token":"eyJhbGciOiJIUzI1NiIsInR5cCI6IkpXVCJ9.eyJkYXRhIjp7ImlkIjoiZTA5NmE0NTQtNDQyNi00MDBmLTkyYWQtOTcyNjc0NDIzNmMwIiwibmFtZSI6IuacseS6muS6riIsImdlbmRlciI6dHJ1ZSwiZW1haWwiOiIzNzgzMzg2MjdAcXEuY29tIn0sImlhdCI6MTUyOTg5NTc3MiwiZXhwIjoxNTI5OTgyMTcyfQ.BuEAa9JQki9idDCMo6GbPERctavNUk2EVOdVshUi-68","canLogin":true,"status":1,"roleId":"aa7eeae7-8d60-40fb-95ad-e55495ffd845","avatar":null,"avatarUseImg":null,"id":"e096a454-4426-400f-92ad-9726744236c0","createdAt":1515633151464,"updatedAt":1529895772640,"version":29,"worker":{"userId":"e096a454-4426-400f-92ad-9726744236c0","id":"8a3b64a8-aa73-4bee-abcc-c6793b69ce36","createdAt":1520564971177,"updatedAt":1520564971177,"version":0}},{"name":"庞子博","email":null,"phone":null,"password":"$2a$10$tsM9DndCIJaRrRXs67NnpOzFGOBDanLbkAcx3bPomQDjWFolbBbyC","gender":true,"token":null,"canLogin":true,"status":1,"roleId":"aa7eeae7-8d60-40fb-95ad-e55495ffd845","avatar":null,"avatarUseImg":null,"id":"b4fe1ad8-3b6b-4987-81d0-61715078370d","createdAt":1521444713708,"updatedAt":1521444713708,"version":0,"worker":{"userId":"b4fe1ad8-3b6b-4987-81d0-61715078370d","id":"0c46ed02-ecfa-4a98-b55c-0f021e96a5ec","createdAt":1521444719128,"updatedAt":1521444719128,"version":0}},{"name":"柏乾丁","email":null,"phone":null,"password":"$2a$10$X0cBFZcta.17teTTqpILF.7uQFzZxZXj8HBgMlmhJ6c85d8mqGK7W","gender":true,"token":null,"canLogin":true,"status":1,"roleId":"aa7eeae7-8d60-40fb-95ad-e55495ffd845","avatar":null,"avatarUseImg":null,"id":"57006f2f-a8ca-4d39-8297-fdd8fc1695cf","createdAt":1521699299739,"updatedAt":1521699299739,"version":0,"worker":{"userId":"57006f2f-a8ca-4d39-8297-fdd8fc1695cf","id":"8b4a6248-5ced-4f78-86cd-fe70b642d575","createdAt":1521699323338,"updatedAt":1521699323338,"version":0}},{"name":"杨立岩","email":null,"phone":null,"password":"$2a$10$EjvM0RWmN/7pPhDicoRafuMvVsdPw/vYxq23S6Whh19SCa6EcfVNW","gender":true,"token":null,"canLogin":true,"status":1,"roleId":"440fba89-762d-4584-8bdc-26e2e7b5e71e","avatar":null,"avatarUseImg":null,"id":"ceeb029e-3a77-43a7-a408-3bf1be72bac3","createdAt":1522368996583,"updatedAt":1522368996583,"version":0,"worker":{"userId":"ceeb029e-3a77-43a7-a408-3bf1be72bac3","id":"5c0abe2e-095b-4cb9-b1b5-3735068cf372","createdAt":1522369003172,"updatedAt":1522369003172,"version":0}}]}
*************** response log end ***************

[2018-06-25 11:15:03.652] [INFO] resLogger - 
*************** response log start ***************
request method: GET
request originalUrl:  /api/corporations/list?token=eyJhbGciOiJIUzI1NiIsInR5cCI6IkpXVCJ9.eyJkYXRhIjp7ImlkIjoiMDU3MjBlNmUtZWJlMy00MDM2LWI1NzUtZmYxZmEwYzZjYjM4IiwibmFtZSI6ImFkbWluIiwiZ2VuZGVyIjp0cnVlLCJlbWFpbCI6IjM3ODMzODYyN0BxcS5jb20ifSwiaWF0IjoxNTI5ODk1MjI5LCJleHAiOjE1Mjk5ODE2Mjl9.jj4GIGTixBNNnYRR1mtf8f9mLzOTALqohGCkVLsEwL8&group=52505514-1b27-449f-b575-55b32fd1280f
request client ip:  ::ffff:127.0.0.1
request query:  {"token":"eyJhbGciOiJIUzI1NiIsInR5cCI6IkpXVCJ9.eyJkYXRhIjp7ImlkIjoiMDU3MjBlNmUtZWJlMy00MDM2LWI1NzUtZmYxZmEwYzZjYjM4IiwibmFtZSI6ImFkbWluIiwiZ2VuZGVyIjp0cnVlLCJlbWFpbCI6IjM3ODMzODYyN0BxcS5jb20ifSwiaWF0IjoxNTI5ODk1MjI5LCJleHAiOjE1Mjk5ODE2Mjl9.jj4GIGTixBNNnYRR1mtf8f9mLzOTALqohGCkVLsEwL8","group":"52505514-1b27-449f-b575-55b32fd1280f"}
response time: 63
response status: 200
response body: 
{"status":0,"data":[{"name":"审批服务大厅","description":"审批中心","status":1,"groupId":"52505514-1b27-449f-b575-55b32fd1280f","id":"1056620c-bbcb-49ed-bc65-e4602abec7b1","createdAt":1515633154455,"updatedAt":1515633154455,"version":0,"group":{"name":"管委会","description":"group1","status":1,"id":"52505514-1b27-449f-b575-55b32fd1280f","createdAt":1515633151465,"updatedAt":1515633151465,"version":0}},{"name":"投促局","description":"投促局","status":1,"groupId":"52505514-1b27-449f-b575-55b32fd1280f","id":"ad4b715b-623d-47ac-806a-f63704a137d2","createdAt":1515633154638,"updatedAt":1515633154638,"version":0,"group":{"name":"管委会","description":"group1","status":1,"id":"52505514-1b27-449f-b575-55b32fd1280f","createdAt":1515633151465,"updatedAt":1515633151465,"version":0}},{"name":"建规局","description":"建规局","status":1,"groupId":"52505514-1b27-449f-b575-55b32fd1280f","id":"2e677c67-c950-4a90-ac50-daaf8d2e6600","createdAt":1515633156390,"updatedAt":1515633156390,"version":0,"group":{"name":"管委会","description":"group1","status":1,"id":"52505514-1b27-449f-b575-55b32fd1280f","createdAt":1515633151465,"updatedAt":1515633151465,"version":0}},{"name":"安环局","description":"安环局","status":1,"groupId":"52505514-1b27-449f-b575-55b32fd1280f","id":"6e7566eb-3803-4316-9159-3e0ac2197b8f","createdAt":1515633156715,"updatedAt":1515633156715,"version":0,"group":{"name":"管委会","description":"group1","status":1,"id":"52505514-1b27-449f-b575-55b32fd1280f","createdAt":1515633151465,"updatedAt":1515633151465,"version":0}},{"name":"财政局","description":"财政局","status":1,"groupId":"52505514-1b27-449f-b575-55b32fd1280f","id":"1e42679d-d2ec-4ff7-af89-850ac8cce48b","createdAt":1515633161332,"updatedAt":1515633161332,"version":0,"group":{"name":"管委会","description":"group1","status":1,"id":"52505514-1b27-449f-b575-55b32fd1280f","createdAt":1515633151465,"updatedAt":1515633151465,"version":0}},{"name":"经发局","description":"经发局","status":1,"groupId":"52505514-1b27-449f-b575-55b32fd1280f","id":"856ca73f-b096-4ea4-95f5-19f4de4bf538","createdAt":1515633161787,"updatedAt":1515633161787,"version":0,"group":{"name":"管委会","description":"group1","status":1,"id":"52505514-1b27-449f-b575-55b32fd1280f","createdAt":1515633151465,"updatedAt":1515633151465,"version":0}},{"name":"人社局","description":"人社局","status":1,"groupId":"52505514-1b27-449f-b575-55b32fd1280f","id":"3edd5598-c59e-4de4-8e7c-880c1ff1d747","createdAt":1515633161957,"updatedAt":1515633161957,"version":0,"group":{"name":"管委会","description":"group1","status":1,"id":"52505514-1b27-449f-b575-55b32fd1280f","createdAt":1515633151465,"updatedAt":1515633151465,"version":0}},{"name":"社发局","description":"社发局","status":1,"groupId":"52505514-1b27-449f-b575-55b32fd1280f","id":"6c3b68d0-9fa0-429c-a841-f886d295a120","createdAt":1515633162174,"updatedAt":1515633162174,"version":0,"group":{"name":"管委会","description":"group1","status":1,"id":"52505514-1b27-449f-b575-55b32fd1280f","createdAt":1515633151465,"updatedAt":1515633151465,"version":0}},{"name":"管委会办公室","description":"管委会办公室","status":1,"groupId":"52505514-1b27-449f-b575-55b32fd1280f","id":"aeca46cc-207a-4228-9978-cc8c0900fd37","createdAt":1515633162317,"updatedAt":1515633162317,"version":0,"group":{"name":"管委会","description":"group1","status":1,"id":"52505514-1b27-449f-b575-55b32fd1280f","createdAt":1515633151465,"updatedAt":1515633151465,"version":0}}],"total":9}
*************** response log end ***************

[2018-06-25 11:15:03.677] [INFO] resLogger - 
*************** response log start ***************
request method: GET
request originalUrl:  /api/corpBuildings/list/1056620c-bbcb-49ed-bc65-e4602abec7b1?token=eyJhbGciOiJIUzI1NiIsInR5cCI6IkpXVCJ9.eyJkYXRhIjp7ImlkIjoiMDU3MjBlNmUtZWJlMy00MDM2LWI1NzUtZmYxZmEwYzZjYjM4IiwibmFtZSI6ImFkbWluIiwiZ2VuZGVyIjp0cnVlLCJlbWFpbCI6IjM3ODMzODYyN0BxcS5jb20ifSwiaWF0IjoxNTI5ODk1MjI5LCJleHAiOjE1Mjk5ODE2Mjl9.jj4GIGTixBNNnYRR1mtf8f9mLzOTALqohGCkVLsEwL8
request client ip:  ::ffff:127.0.0.1
request query:  {"token":"eyJhbGciOiJIUzI1NiIsInR5cCI6IkpXVCJ9.eyJkYXRhIjp7ImlkIjoiMDU3MjBlNmUtZWJlMy00MDM2LWI1NzUtZmYxZmEwYzZjYjM4IiwibmFtZSI6ImFkbWluIiwiZ2VuZGVyIjp0cnVlLCJlbWFpbCI6IjM3ODMzODYyN0BxcS5jb20ifSwiaWF0IjoxNTI5ODk1MjI5LCJleHAiOjE1Mjk5ODE2Mjl9.jj4GIGTixBNNnYRR1mtf8f9mLzOTALqohGCkVLsEwL8"}
response time: 19
response status: 200
response body: 
{"status":0,"data":[{"corporationId":"1056620c-bbcb-49ed-bc65-e4602abec7b1","buildingId":"6a9bcf38-e15c-4669-8dbd-bd48bfad4623","floor":1,"position":"A","status":1,"id":"0758fdc3-8850-4ed3-88a9-bb61e7b19280","createdAt":1515633154539,"updatedAt":1515633154539,"version":0,"building":{"name":"商务大厦北楼","address":"北","minfloor":1,"maxfloor":15,"status":1,"id":"6a9bcf38-e15c-4669-8dbd-bd48bfad4623","createdAt":1515633153519,"updatedAt":1515633153519,"version":0}}],"total":0}
*************** response log end ***************

[2018-06-25 11:15:09.788] [INFO] resLogger - 
*************** response log start ***************
request method: GET
request originalUrl:  /api/equipType/list?token=eyJhbGciOiJIUzI1NiIsInR5cCI6IkpXVCJ9.eyJkYXRhIjp7ImlkIjoiMDU3MjBlNmUtZWJlMy00MDM2LWI1NzUtZmYxZmEwYzZjYjM4IiwibmFtZSI6ImFkbWluIiwiZ2VuZGVyIjp0cnVlLCJlbWFpbCI6IjM3ODMzODYyN0BxcS5jb20ifSwiaWF0IjoxNTI5ODk1MjI5LCJleHAiOjE1Mjk5ODE2Mjl9.jj4GIGTixBNNnYRR1mtf8f9mLzOTALqohGCkVLsEwL8
request client ip:  ::ffff:127.0.0.1
request query:  {"token":"eyJhbGciOiJIUzI1NiIsInR5cCI6IkpXVCJ9.eyJkYXRhIjp7ImlkIjoiMDU3MjBlNmUtZWJlMy00MDM2LWI1NzUtZmYxZmEwYzZjYjM4IiwibmFtZSI6ImFkbWluIiwiZ2VuZGVyIjp0cnVlLCJlbWFpbCI6IjM3ODMzODYyN0BxcS5jb20ifSwiaWF0IjoxNTI5ODk1MjI5LCJleHAiOjE1Mjk5ODE2Mjl9.jj4GIGTixBNNnYRR1mtf8f9mLzOTALqohGCkVLsEwL8"}
response time: 9
response status: 200
response body: 
{"status":0,"data":[{"name":"网络","code":"NETWORK","id":"edad6210-e642-4302-98c1-60251cb85972","createdAt":1515633162976,"updatedAt":1515633162976,"version":0},{"name":"软件","code":"SOFTWARE","id":"273f11bf-51a4-4331-9f71-f209625da820","createdAt":1515633162815,"updatedAt":1515633162815,"version":0},{"name":"硬件","code":"HARDWARE","id":"e6890530-4629-406f-a3fb-d8e2a293320b","createdAt":1515633162627,"updatedAt":1515633162627,"version":0}]}
*************** response log end ***************

[2018-06-25 11:15:09.876] [INFO] resLogger - 
*************** response log start ***************
request method: GET
request originalUrl:  /api/business/getequip/get/NETWORK?token=eyJhbGciOiJIUzI1NiIsInR5cCI6IkpXVCJ9.eyJkYXRhIjp7ImlkIjoiMDU3MjBlNmUtZWJlMy00MDM2LWI1NzUtZmYxZmEwYzZjYjM4IiwibmFtZSI6ImFkbWluIiwiZ2VuZGVyIjp0cnVlLCJlbWFpbCI6IjM3ODMzODYyN0BxcS5jb20ifSwiaWF0IjoxNTI5ODk1MjI5LCJleHAiOjE1Mjk5ODE2Mjl9.jj4GIGTixBNNnYRR1mtf8f9mLzOTALqohGCkVLsEwL8
request client ip:  ::ffff:127.0.0.1
request query:  {"token":"eyJhbGciOiJIUzI1NiIsInR5cCI6IkpXVCJ9.eyJkYXRhIjp7ImlkIjoiMDU3MjBlNmUtZWJlMy00MDM2LWI1NzUtZmYxZmEwYzZjYjM4IiwibmFtZSI6ImFkbWluIiwiZ2VuZGVyIjp0cnVlLCJlbWFpbCI6IjM3ODMzODYyN0BxcS5jb20ifSwiaWF0IjoxNTI5ODk1MjI5LCJleHAiOjE1Mjk5ODE2Mjl9.jj4GIGTixBNNnYRR1mtf8f9mLzOTALqohGCkVLsEwL8"}
response time: 18
response status: 200
response body: 
{"status":0,"data":[{"equipment":"IP地址","name":"IP地址"},{"equipment":"VPN","name":"VPN"},{"equipment":"互联网","name":"互联网"},{"equipment":"内网","name":"内网"},{"equipment":"局域网","name":"局域网"},{"equipment":"有线网络","name":"有线网络"},{"equipment":"网络设备","name":"网络设备"},{"equipment":"视频会议设备","name":"视频会议设备"},{"equipment":"路由器","name":"路由器"}]}
*************** response log end ***************

[2018-06-25 11:15:09.961] [INFO] resLogger - 
*************** response log start ***************
request method: GET
request originalUrl:  /api/business/list?token=eyJhbGciOiJIUzI1NiIsInR5cCI6IkpXVCJ9.eyJkYXRhIjp7ImlkIjoiMDU3MjBlNmUtZWJlMy00MDM2LWI1NzUtZmYxZmEwYzZjYjM4IiwibmFtZSI6ImFkbWluIiwiZ2VuZGVyIjp0cnVlLCJlbWFpbCI6IjM3ODMzODYyN0BxcS5jb20ifSwiaWF0IjoxNTI5ODk1MjI5LCJleHAiOjE1Mjk5ODE2Mjl9.jj4GIGTixBNNnYRR1mtf8f9mLzOTALqohGCkVLsEwL8&type=NETWORK&equipment=IP%E5%9C%B0%E5%9D%80
request client ip:  ::ffff:127.0.0.1
request query:  {"token":"eyJhbGciOiJIUzI1NiIsInR5cCI6IkpXVCJ9.eyJkYXRhIjp7ImlkIjoiMDU3MjBlNmUtZWJlMy00MDM2LWI1NzUtZmYxZmEwYzZjYjM4IiwibmFtZSI6ImFkbWluIiwiZ2VuZGVyIjp0cnVlLCJlbWFpbCI6IjM3ODMzODYyN0BxcS5jb20ifSwiaWF0IjoxNTI5ODk1MjI5LCJleHAiOjE1Mjk5ODE2Mjl9.jj4GIGTixBNNnYRR1mtf8f9mLzOTALqohGCkVLsEwL8","type":"NETWORK","equipment":"IP地址"}
response time: 68
response status: 200
response body: 
{"status":0,"data":[{"type":"NETWORK","equipment":"IP地址","operation":"CT","isAdvanced":null,"weight":5,"remark":null,"status":1,"sequence":0,"id":"136d7e3a-3196-417f-a583-8f1b229fa16d","createdAt":1515633164897,"updatedAt":1525740348099,"version":1,"equipType":{"name":"网络","code":"NETWORK","id":"edad6210-e642-4302-98c1-60251cb85972","createdAt":1515633162976,"updatedAt":1515633162976,"version":0},"equipOp":{"name":"冲突","code":"CT","id":"638b91b7-6496-44be-b482-30d2f77ddd88","createdAt":1515633163872,"updatedAt":1515633163872,"version":0}},{"type":"NETWORK","equipment":"IP地址","operation":"SET","isAdvanced":null,"weight":5,"remark":null,"status":1,"sequence":1,"id":"b21cfd95-a732-41d6-b70a-63e0dd931439","createdAt":1515633165117,"updatedAt":1525740348021,"version":1,"equipType":{"name":"网络","code":"NETWORK","id":"edad6210-e642-4302-98c1-60251cb85972","createdAt":1515633162976,"updatedAt":1515633162976,"version":0},"equipOp":{"name":"设置","code":"SET","id":"19c397a6-794f-4b2d-9f67-64f8da63c2ac","createdAt":1515633164022,"updatedAt":1515633164022,"version":0}}],"total":2}
*************** response log end ***************

[2018-06-25 11:15:21.717] [INFO] resLogger - 
*************** response log start ***************
request method: OPTIONS
request originalUrl:  /api/order/saveOrder?token=eyJhbGciOiJIUzI1NiIsInR5cCI6IkpXVCJ9.eyJkYXRhIjp7ImlkIjoiMDU3MjBlNmUtZWJlMy00MDM2LWI1NzUtZmYxZmEwYzZjYjM4IiwibmFtZSI6ImFkbWluIiwiZ2VuZGVyIjp0cnVlLCJlbWFpbCI6IjM3ODMzODYyN0BxcS5jb20ifSwiaWF0IjoxNTI5ODk1MjI5LCJleHAiOjE1Mjk5ODE2Mjl9.jj4GIGTixBNNnYRR1mtf8f9mLzOTALqohGCkVLsEwL8
request client ip:  ::ffff:127.0.0.1
request body: 
{}
response time: 4
response status: 204
response body: 
undefined
*************** response log end ***************

[2018-06-25 11:15:22.395] [INFO] resLogger - 
*************** response log start ***************
request method: POST
request originalUrl:  /api/order/saveOrder?token=eyJhbGciOiJIUzI1NiIsInR5cCI6IkpXVCJ9.eyJkYXRhIjp7ImlkIjoiMDU3MjBlNmUtZWJlMy00MDM2LWI1NzUtZmYxZmEwYzZjYjM4IiwibmFtZSI6ImFkbWluIiwiZ2VuZGVyIjp0cnVlLCJlbWFpbCI6IjM3ODMzODYyN0BxcS5jb20ifSwiaWF0IjoxNTI5ODk1MjI5LCJleHAiOjE1Mjk5ODE2Mjl9.jj4GIGTixBNNnYRR1mtf8f9mLzOTALqohGCkVLsEwL8
request client ip:  ::ffff:127.0.0.1
request body: 
{"id":null,"no":null,"custom_name":"test","custom_phone":"test","incoming_date":"Mon Jun 25 2018","incoming_time":1529896503000,"hour":null,"minute":null,"second":null,"custom_position":{"id":"0758fdc3-8850-4ed3-88a9-bb61e7b19280","corporationId":"1056620c-bbcb-49ed-bc65-e4602abec7b1","building":{"name":"商务大厦北楼","address":"北","minfloor":1,"maxfloor":15,"status":1,"id":"6a9bcf38-e15c-4669-8dbd-bd48bfad4623","createdAt":1515633153519,"updatedAt":1515633153519,"version":0},"floor":1,"position":"全部","status":1,"union":"商务大厦北楼1层全部"},"business_description":null,"remark":"test","group":"52505514-1b27-449f-b575-55b32fd1280f","corporation":{"id":"1056620c-bbcb-49ed-bc65-e4602abec7b1","name":"审批服务大厅","description":"审批中心","group":{"name":"管委会","description":"group1","status":1,"id":"52505514-1b27-449f-b575-55b32fd1280f","createdAt":1515633151465,"updatedAt":1515633151465,"version":0},"status":1},"needs":"[{\"type\":{\"id\":\"edad6210-e642-4302-98c1-60251cb85972\",\"name\":\"网络\",\"code\":\"NETWORK\"},\"equipment\":{\"name\":\"IP地址\",\"value\":\"IP地址\"},\"op\":{\"id\":\"136d7e3a-3196-417f-a583-8f1b229fa16d\",\"name\":\"冲突\",\"code\":\"CT\"},\"no\":1}]","workerOrders":[{"id":"","no":"","custom_name":"test","custom_phone":"test","incoming_date_timestamp":1529896503000,"incoming_date":"2018-06-25T03:15:03.000Z","incoming_date_time":{"hour":11,"minute":15,"second":3},"custom_position":{"id":"0758fdc3-8850-4ed3-88a9-bb61e7b19280","corporationId":"1056620c-bbcb-49ed-bc65-e4602abec7b1","building":{"name":"商务大厦北楼","address":"北","minfloor":1,"maxfloor":15,"status":1,"id":"6a9bcf38-e15c-4669-8dbd-bd48bfad4623","createdAt":1515633153519,"updatedAt":1515633153519,"version":0},"floor":1,"position":"全部","status":1,"union":"商务大厦北楼1层全部"},"corporation":{"id":"1056620c-bbcb-49ed-bc65-e4602abec7b1","name":"审批服务大厅","description":"审批中心","group":{"name":"管委会","description":"group1","status":1,"id":"52505514-1b27-449f-b575-55b32fd1280f","createdAt":1515633151465,"updatedAt":1515633151465,"version":0},"status":1},"important":false,"arrive_date_timestamp":1529896503000,"arrive_date":"2018-06-25T03:15:03.000Z","arrive_date_time":{"hour":11,"minute":15,"second":3},"finish_date_timestamp":1529896503000,"finish_date":"2018-06-25T03:15:03.000Z","finish_date_time":{"hour":11,"minute":15,"second":3},"worker":"e096a454-4426-400f-92ad-9726744236c0","type":{"id":"edad6210-e642-4302-98c1-60251cb85972","name":"网络","code":"NETWORK"},"equipment":{"name":"IP地址","value":"IP地址"},"op":{"id":"136d7e3a-3196-417f-a583-8f1b229fa16d","name":"冲突","code":"CT"},"checked":true,"showArriveDate":false,"showFinishDate":false,"showWorker":true,"remark":"","call_date_timestamp":1529896503000,"call_date":"2018-06-25T03:15:03.000Z","call_date_time":{"hour":11,"minute":15,"second":3},"order":null,"businessContent":null,"isCompleteOperation":true}]}
response time: 649
response status: 200
response body: 
{"status":0,"message":"新增成功！"}
*************** response log end ***************

[2018-06-25 11:15:22.440] [INFO] resLogger - 
*************** response log start ***************
request method: OPTIONS
request originalUrl:  /api/authinrole/check?token=eyJhbGciOiJIUzI1NiIsInR5cCI6IkpXVCJ9.eyJkYXRhIjp7ImlkIjoiMDU3MjBlNmUtZWJlMy00MDM2LWI1NzUtZmYxZmEwYzZjYjM4IiwibmFtZSI6ImFkbWluIiwiZ2VuZGVyIjp0cnVlLCJlbWFpbCI6IjM3ODMzODYyN0BxcS5jb20ifSwiaWF0IjoxNTI5ODk1MjI5LCJleHAiOjE1Mjk5ODE2Mjl9.jj4GIGTixBNNnYRR1mtf8f9mLzOTALqohGCkVLsEwL8
request client ip:  ::ffff:127.0.0.1
request body: 
{}
response time: 3
response status: 204
response body: 
undefined
*************** response log end ***************

[2018-06-25 11:15:22.503] [INFO] resLogger - 
*************** response log start ***************
request method: POST
request originalUrl:  /api/authinrole/check?token=eyJhbGciOiJIUzI1NiIsInR5cCI6IkpXVCJ9.eyJkYXRhIjp7ImlkIjoiMDU3MjBlNmUtZWJlMy00MDM2LWI1NzUtZmYxZmEwYzZjYjM4IiwibmFtZSI6ImFkbWluIiwiZ2VuZGVyIjp0cnVlLCJlbWFpbCI6IjM3ODMzODYyN0BxcS5jb20ifSwiaWF0IjoxNTI5ODk1MjI5LCJleHAiOjE1Mjk5ODE2Mjl9.jj4GIGTixBNNnYRR1mtf8f9mLzOTALqohGCkVLsEwL8
request client ip:  ::ffff:127.0.0.1
request body: 
{"func":"order","op":"list"}
response time: 44
response status: 200
response body: 
{"status":0}
*************** response log end ***************

[2018-06-25 11:15:22.577] [INFO] resLogger - 
*************** response log start ***************
request method: GET
request originalUrl:  /api/order/list/page/1/time/1529856000000?token=eyJhbGciOiJIUzI1NiIsInR5cCI6IkpXVCJ9.eyJkYXRhIjp7ImlkIjoiMDU3MjBlNmUtZWJlMy00MDM2LWI1NzUtZmYxZmEwYzZjYjM4IiwibmFtZSI6ImFkbWluIiwiZ2VuZGVyIjp0cnVlLCJlbWFpbCI6IjM3ODMzODYyN0BxcS5jb20ifSwiaWF0IjoxNTI5ODk1MjI5LCJleHAiOjE1Mjk5ODE2Mjl9.jj4GIGTixBNNnYRR1mtf8f9mLzOTALqohGCkVLsEwL8
request client ip:  ::ffff:127.0.0.1
request query:  {"token":"eyJhbGciOiJIUzI1NiIsInR5cCI6IkpXVCJ9.eyJkYXRhIjp7ImlkIjoiMDU3MjBlNmUtZWJlMy00MDM2LWI1NzUtZmYxZmEwYzZjYjM4IiwibmFtZSI6ImFkbWluIiwiZ2VuZGVyIjp0cnVlLCJlbWFpbCI6IjM3ODMzODYyN0BxcS5jb20ifSwiaWF0IjoxNTI5ODk1MjI5LCJleHAiOjE1Mjk5ODE2Mjl9.jj4GIGTixBNNnYRR1mtf8f9mLzOTALqohGCkVLsEwL8"}
response time: 36
response status: 200
response body: 
{"status":0,"data":[{"no":"20180625000","custom_name":"test","custom_phone":"test","incoming_time":1529896503000,"custom_corporation":"1056620c-bbcb-49ed-bc65-e4602abec7b1","custom_position":"0758fdc3-8850-4ed3-88a9-bb61e7b19280","remark":"test","status":1,"needs":"[{\"type\":{\"id\":\"edad6210-e642-4302-98c1-60251cb85972\",\"name\":\"网络\",\"code\":\"NETWORK\"},\"equipment\":{\"name\":\"IP地址\",\"value\":\"IP地址\"},\"op\":{\"id\":\"136d7e3a-3196-417f-a583-8f1b229fa16d\",\"name\":\"冲突\",\"code\":\"CT\"},\"no\":1}]","id":"b084410d-6125-4572-8fc3-6c3599152321","createdAt":1529896521880,"updatedAt":1529896521880,"version":0,"corporation":{"name":"审批服务大厅","description":"审批中心","status":1,"groupId":"52505514-1b27-449f-b575-55b32fd1280f","id":"1056620c-bbcb-49ed-bc65-e4602abec7b1","createdAt":1515633154455,"updatedAt":1515633154455,"version":0},"corpBuilding":{"corporationId":"1056620c-bbcb-49ed-bc65-e4602abec7b1","buildingId":"6a9bcf38-e15c-4669-8dbd-bd48bfad4623","floor":1,"position":"A","status":1,"id":"0758fdc3-8850-4ed3-88a9-bb61e7b19280","createdAt":1515633154539,"updatedAt":1515633154539,"version":0,"building":{"name":"商务大厦北楼","address":"北","minfloor":1,"maxfloor":15,"status":1,"id":"6a9bcf38-e15c-4669-8dbd-bd48bfad4623","createdAt":1515633153519,"updatedAt":1515633153519,"version":0}}}],"total":1}
*************** response log end ***************

[2018-06-25 11:15:26.272] [INFO] resLogger - 
*************** response log start ***************
request method: GET
request originalUrl:  /api/operation/workingOperationList?stamp=1529884800&token=eyJhbGciOiJIUzI1NiIsInR5cCI6IkpXVCJ9.eyJkYXRhIjp7ImlkIjoiZTA5NmE0NTQtNDQyNi00MDBmLTkyYWQtOTcyNjc0NDIzNmMwIiwibmFtZSI6IuacseS6muS6riIsImdlbmRlciI6dHJ1ZSwiZW1haWwiOiIzNzgzMzg2MjdAcXEuY29tIn0sImlhdCI6MTUyOTg5NTc3MiwiZXhwIjoxNTI5OTgyMTcyfQ.BuEAa9JQki9idDCMo6GbPERctavNUk2EVOdVshUi-68
request client ip:  ::ffff:127.0.0.1
request query:  {"stamp":"1529884800","token":"eyJhbGciOiJIUzI1NiIsInR5cCI6IkpXVCJ9.eyJkYXRhIjp7ImlkIjoiZTA5NmE0NTQtNDQyNi00MDBmLTkyYWQtOTcyNjc0NDIzNmMwIiwibmFtZSI6IuacseS6muS6riIsImdlbmRlciI6dHJ1ZSwiZW1haWwiOiIzNzgzMzg2MjdAcXEuY29tIn0sImlhdCI6MTUyOTg5NTc3MiwiZXhwIjoxNTI5OTgyMTcyfQ.BuEAa9JQki9idDCMo6GbPERctavNUk2EVOdVshUi-68"}
response time: 45
response status: 200
response body: 
{"status":0,"data":[{"orderId":"b084410d-6125-4572-8fc3-6c3599152321","important":false,"op":"136d7e3a-3196-417f-a583-8f1b229fa16d","no":"20180625000","create_time":1529896503000,"remark":"","status":1,"id":"1a330bf5-5148-4273-b97b-bee9dc1691b7","createdAt":1529896522032,"updatedAt":1529896522032,"version":0,"actions":[{"operationId":"1a330bf5-5148-4273-b97b-bee9dc1691b7","call_time":1529896503000,"start_time":null,"end_time":null,"worker":"e096a454-4426-400f-92ad-9726744236c0","operationStart":null,"operationComplete":0,"status":1,"id":"2c1e4474-6d66-4676-b627-8c3bb3e6ed18","createdAt":1529896522337,"updatedAt":1529896522337,"version":0,"user":{"name":"朱亚亮","email":"378338627@qq.com","phone":"15822927208","password":"$2a$10$tkDWWL9Mkz9AUFRa.zS/suzNbr.PYt8dYnZloNBj4mkVHyh/kIvM6","gender":true,"token":"eyJhbGciOiJIUzI1NiIsInR5cCI6IkpXVCJ9.eyJkYXRhIjp7ImlkIjoiZTA5NmE0NTQtNDQyNi00MDBmLTkyYWQtOTcyNjc0NDIzNmMwIiwibmFtZSI6IuacseS6muS6riIsImdlbmRlciI6dHJ1ZSwiZW1haWwiOiIzNzgzMzg2MjdAcXEuY29tIn0sImlhdCI6MTUyOTg5NTc3MiwiZXhwIjoxNTI5OTgyMTcyfQ.BuEAa9JQki9idDCMo6GbPERctavNUk2EVOdVshUi-68","canLogin":true,"status":1,"roleId":"aa7eeae7-8d60-40fb-95ad-e55495ffd845","avatar":null,"avatarUseImg":null,"id":"e096a454-4426-400f-92ad-9726744236c0","createdAt":1515633151464,"updatedAt":1529895772640,"version":29}}]}],"total":1}
*************** response log end ***************

[2018-06-25 11:15:36.021] [INFO] resLogger - 
*************** response log start ***************
request method: GET
request originalUrl:  /api/operation/workingOperationList?stamp=1529884800&token=eyJhbGciOiJIUzI1NiIsInR5cCI6IkpXVCJ9.eyJkYXRhIjp7ImlkIjoiZTA5NmE0NTQtNDQyNi00MDBmLTkyYWQtOTcyNjc0NDIzNmMwIiwibmFtZSI6IuacseS6muS6riIsImdlbmRlciI6dHJ1ZSwiZW1haWwiOiIzNzgzMzg2MjdAcXEuY29tIn0sImlhdCI6MTUyOTg5NTc3MiwiZXhwIjoxNTI5OTgyMTcyfQ.BuEAa9JQki9idDCMo6GbPERctavNUk2EVOdVshUi-68
request client ip:  ::ffff:127.0.0.1
request query:  {"stamp":"1529884800","token":"eyJhbGciOiJIUzI1NiIsInR5cCI6IkpXVCJ9.eyJkYXRhIjp7ImlkIjoiZTA5NmE0NTQtNDQyNi00MDBmLTkyYWQtOTcyNjc0NDIzNmMwIiwibmFtZSI6IuacseS6muS6riIsImdlbmRlciI6dHJ1ZSwiZW1haWwiOiIzNzgzMzg2MjdAcXEuY29tIn0sImlhdCI6MTUyOTg5NTc3MiwiZXhwIjoxNTI5OTgyMTcyfQ.BuEAa9JQki9idDCMo6GbPERctavNUk2EVOdVshUi-68"}
response time: 50
response status: 200
response body: 
{"status":0,"data":[{"orderId":"b084410d-6125-4572-8fc3-6c3599152321","important":false,"op":"136d7e3a-3196-417f-a583-8f1b229fa16d","no":"20180625000","create_time":1529896503000,"remark":"","status":1,"id":"1a330bf5-5148-4273-b97b-bee9dc1691b7","createdAt":1529896522032,"updatedAt":1529896522032,"version":0,"actions":[{"operationId":"1a330bf5-5148-4273-b97b-bee9dc1691b7","call_time":1529896503000,"start_time":null,"end_time":null,"worker":"e096a454-4426-400f-92ad-9726744236c0","operationStart":null,"operationComplete":0,"status":1,"id":"2c1e4474-6d66-4676-b627-8c3bb3e6ed18","createdAt":1529896522337,"updatedAt":1529896522337,"version":0,"user":{"name":"朱亚亮","email":"378338627@qq.com","phone":"15822927208","password":"$2a$10$tkDWWL9Mkz9AUFRa.zS/suzNbr.PYt8dYnZloNBj4mkVHyh/kIvM6","gender":true,"token":"eyJhbGciOiJIUzI1NiIsInR5cCI6IkpXVCJ9.eyJkYXRhIjp7ImlkIjoiZTA5NmE0NTQtNDQyNi00MDBmLTkyYWQtOTcyNjc0NDIzNmMwIiwibmFtZSI6IuacseS6muS6riIsImdlbmRlciI6dHJ1ZSwiZW1haWwiOiIzNzgzMzg2MjdAcXEuY29tIn0sImlhdCI6MTUyOTg5NTc3MiwiZXhwIjoxNTI5OTgyMTcyfQ.BuEAa9JQki9idDCMo6GbPERctavNUk2EVOdVshUi-68","canLogin":true,"status":1,"roleId":"aa7eeae7-8d60-40fb-95ad-e55495ffd845","avatar":null,"avatarUseImg":null,"id":"e096a454-4426-400f-92ad-9726744236c0","createdAt":1515633151464,"updatedAt":1529895772640,"version":29}}]}],"total":1}
*************** response log end ***************

[2018-06-25 11:16:04.769] [INFO] resLogger - 
*************** response log start ***************
request method: GET
request originalUrl:  /api/operation/workingOperationList?stamp=1529884800&token=eyJhbGciOiJIUzI1NiIsInR5cCI6IkpXVCJ9.eyJkYXRhIjp7ImlkIjoiZTA5NmE0NTQtNDQyNi00MDBmLTkyYWQtOTcyNjc0NDIzNmMwIiwibmFtZSI6IuacseS6muS6riIsImdlbmRlciI6dHJ1ZSwiZW1haWwiOiIzNzgzMzg2MjdAcXEuY29tIn0sImlhdCI6MTUyOTg5NTc3MiwiZXhwIjoxNTI5OTgyMTcyfQ.BuEAa9JQki9idDCMo6GbPERctavNUk2EVOdVshUi-68
request client ip:  ::ffff:127.0.0.1
request query:  {"stamp":"1529884800","token":"eyJhbGciOiJIUzI1NiIsInR5cCI6IkpXVCJ9.eyJkYXRhIjp7ImlkIjoiZTA5NmE0NTQtNDQyNi00MDBmLTkyYWQtOTcyNjc0NDIzNmMwIiwibmFtZSI6IuacseS6muS6riIsImdlbmRlciI6dHJ1ZSwiZW1haWwiOiIzNzgzMzg2MjdAcXEuY29tIn0sImlhdCI6MTUyOTg5NTc3MiwiZXhwIjoxNTI5OTgyMTcyfQ.BuEAa9JQki9idDCMo6GbPERctavNUk2EVOdVshUi-68"}
response time: 69
response status: 200
response body: 
{"status":0,"data":[{"orderId":"b084410d-6125-4572-8fc3-6c3599152321","important":false,"op":"136d7e3a-3196-417f-a583-8f1b229fa16d","no":"20180625000","create_time":1529896503000,"remark":"","status":1,"id":"1a330bf5-5148-4273-b97b-bee9dc1691b7","createdAt":1529896522032,"updatedAt":1529896522032,"version":0,"actions":[{"operationId":"1a330bf5-5148-4273-b97b-bee9dc1691b7","call_time":1529896503000,"start_time":null,"end_time":null,"worker":"e096a454-4426-400f-92ad-9726744236c0","operationStart":null,"operationComplete":0,"status":1,"id":"2c1e4474-6d66-4676-b627-8c3bb3e6ed18","createdAt":1529896522337,"updatedAt":1529896522337,"version":0,"user":{"name":"朱亚亮","email":"378338627@qq.com","phone":"15822927208","password":"$2a$10$tkDWWL9Mkz9AUFRa.zS/suzNbr.PYt8dYnZloNBj4mkVHyh/kIvM6","gender":true,"token":"eyJhbGciOiJIUzI1NiIsInR5cCI6IkpXVCJ9.eyJkYXRhIjp7ImlkIjoiZTA5NmE0NTQtNDQyNi00MDBmLTkyYWQtOTcyNjc0NDIzNmMwIiwibmFtZSI6IuacseS6muS6riIsImdlbmRlciI6dHJ1ZSwiZW1haWwiOiIzNzgzMzg2MjdAcXEuY29tIn0sImlhdCI6MTUyOTg5NTc3MiwiZXhwIjoxNTI5OTgyMTcyfQ.BuEAa9JQki9idDCMo6GbPERctavNUk2EVOdVshUi-68","canLogin":true,"status":1,"roleId":"aa7eeae7-8d60-40fb-95ad-e55495ffd845","avatar":null,"avatarUseImg":null,"id":"e096a454-4426-400f-92ad-9726744236c0","createdAt":1515633151464,"updatedAt":1529895772640,"version":29}}]}],"total":1}
*************** response log end ***************

