[2017-07-25 10:09:27.225] [INFO] resLogger - 
*************** response log start ***************
request method: GET
request originalUrl:  /
request client ip:  ::ffff:127.0.0.1
request query:  {}
response time: 69
response status: 200
response body: 
{"name":"jwtError","status":10003,"message":"身份验证错误！"}
*************** response log end ***************

[2017-07-25 10:19:37.477] [INFO] resLogger - 
*************** response log start ***************
request method: GET
request originalUrl:  /api/user/?token=eyJhbGciOiJIUzI1NiIsInR5cCI6IkpXVCJ9.eyJkYXRhIjp7ImlkIjoiM2VmODkzYTAtZmJlMy00Njc1LWIzZWQtMTFmMzQ0OWE1NDJhIiwibmFtZSI6ImFkbWluIiwiZ2VuZGVyIjp0cnVlLCJlbWFpbCI6IjM3ODMzODYyN0BxcS5jb20ifSwiaWF0IjoxNTAwODg5NzUwLCJleHAiOjE1MDA5NzYxNTB9.nmYEHF1anQvehBiN7oZcX2sZL7vm2q1bQYRo2daz8UQ
request client ip:  ::ffff:127.0.0.1
request query:  {"token":"eyJhbGciOiJIUzI1NiIsInR5cCI6IkpXVCJ9.eyJkYXRhIjp7ImlkIjoiM2VmODkzYTAtZmJlMy00Njc1LWIzZWQtMTFmMzQ0OWE1NDJhIiwibmFtZSI6ImFkbWluIiwiZ2VuZGVyIjp0cnVlLCJlbWFpbCI6IjM3ODMzODYyN0BxcS5jb20ifSwiaWF0IjoxNTAwODg5NzUwLCJleHAiOjE1MDA5NzYxNTB9.nmYEHF1anQvehBiN7oZcX2sZL7vm2q1bQYRo2daz8UQ"}
response time: 334
response status: 200
response body: 
{"status":0,"data":{"name":"admin","email":"378338627@qq.com","password":"$2a$10$IpzlsTVfA4wPL7yB4r/l9uK1sTZc8iEqtIRCbfgt8VYOhcveb.FbS","gender":true,"token":"eyJhbGciOiJIUzI1NiIsInR5cCI6IkpXVCJ9.eyJkYXRhIjp7ImlkIjoiM2VmODkzYTAtZmJlMy00Njc1LWIzZWQtMTFmMzQ0OWE1NDJhIiwibmFtZSI6ImFkbWluIiwiZ2VuZGVyIjp0cnVlLCJlbWFpbCI6IjM3ODMzODYyN0BxcS5jb20ifSwiaWF0IjoxNTAwODg5NzUwLCJleHAiOjE1MDA5NzYxNTB9.nmYEHF1anQvehBiN7oZcX2sZL7vm2q1bQYRo2daz8UQ","id":"3ef893a0-fbe3-4675-b3ed-11f3449a542a","createdAt":1500889687885,"updatedAt":1500889750205,"version":1}}
*************** response log end ***************

[2017-07-25 10:19:37.633] [INFO] resLogger - 
*************** response log start ***************
request method: GET
request originalUrl:  /api/groups/list?token=eyJhbGciOiJIUzI1NiIsInR5cCI6IkpXVCJ9.eyJkYXRhIjp7ImlkIjoiM2VmODkzYTAtZmJlMy00Njc1LWIzZWQtMTFmMzQ0OWE1NDJhIiwibmFtZSI6ImFkbWluIiwiZ2VuZGVyIjp0cnVlLCJlbWFpbCI6IjM3ODMzODYyN0BxcS5jb20ifSwiaWF0IjoxNTAwODg5NzUwLCJleHAiOjE1MDA5NzYxNTB9.nmYEHF1anQvehBiN7oZcX2sZL7vm2q1bQYRo2daz8UQ
request client ip:  ::ffff:127.0.0.1
request query:  {"token":"eyJhbGciOiJIUzI1NiIsInR5cCI6IkpXVCJ9.eyJkYXRhIjp7ImlkIjoiM2VmODkzYTAtZmJlMy00Njc1LWIzZWQtMTFmMzQ0OWE1NDJhIiwibmFtZSI6ImFkbWluIiwiZ2VuZGVyIjp0cnVlLCJlbWFpbCI6IjM3ODMzODYyN0BxcS5jb20ifSwiaWF0IjoxNTAwODg5NzUwLCJleHAiOjE1MDA5NzYxNTB9.nmYEHF1anQvehBiN7oZcX2sZL7vm2q1bQYRo2daz8UQ"}
response time: 82
response status: 200
response body: 
{"status":0,"data":[{"name":"1","description":"1","status":1,"id":"4f485130-1332-45bd-a4ee-70366e048671","createdAt":1500889758625,"updatedAt":1500889758625,"version":0}],"total":1}
*************** response log end ***************

[2017-07-25 10:20:50.812] [INFO] resLogger - 
*************** response log start ***************
request method: GET
request originalUrl:  /api/user/?token=eyJhbGciOiJIUzI1NiIsInR5cCI6IkpXVCJ9.eyJkYXRhIjp7ImlkIjoiM2VmODkzYTAtZmJlMy00Njc1LWIzZWQtMTFmMzQ0OWE1NDJhIiwibmFtZSI6ImFkbWluIiwiZ2VuZGVyIjp0cnVlLCJlbWFpbCI6IjM3ODMzODYyN0BxcS5jb20ifSwiaWF0IjoxNTAwODg5NzUwLCJleHAiOjE1MDA5NzYxNTB9.nmYEHF1anQvehBiN7oZcX2sZL7vm2q1bQYRo2daz8UQ
request client ip:  ::ffff:127.0.0.1
request query:  {"token":"eyJhbGciOiJIUzI1NiIsInR5cCI6IkpXVCJ9.eyJkYXRhIjp7ImlkIjoiM2VmODkzYTAtZmJlMy00Njc1LWIzZWQtMTFmMzQ0OWE1NDJhIiwibmFtZSI6ImFkbWluIiwiZ2VuZGVyIjp0cnVlLCJlbWFpbCI6IjM3ODMzODYyN0BxcS5jb20ifSwiaWF0IjoxNTAwODg5NzUwLCJleHAiOjE1MDA5NzYxNTB9.nmYEHF1anQvehBiN7oZcX2sZL7vm2q1bQYRo2daz8UQ"}
response time: 145
response status: 200
response body: 
{"status":0,"data":{"name":"admin","email":"378338627@qq.com","password":"$2a$10$IpzlsTVfA4wPL7yB4r/l9uK1sTZc8iEqtIRCbfgt8VYOhcveb.FbS","gender":true,"token":"eyJhbGciOiJIUzI1NiIsInR5cCI6IkpXVCJ9.eyJkYXRhIjp7ImlkIjoiM2VmODkzYTAtZmJlMy00Njc1LWIzZWQtMTFmMzQ0OWE1NDJhIiwibmFtZSI6ImFkbWluIiwiZ2VuZGVyIjp0cnVlLCJlbWFpbCI6IjM3ODMzODYyN0BxcS5jb20ifSwiaWF0IjoxNTAwODg5NzUwLCJleHAiOjE1MDA5NzYxNTB9.nmYEHF1anQvehBiN7oZcX2sZL7vm2q1bQYRo2daz8UQ","id":"3ef893a0-fbe3-4675-b3ed-11f3449a542a","createdAt":1500889687885,"updatedAt":1500889750205,"version":1}}
*************** response log end ***************

[2017-07-25 10:20:51.009] [INFO] resLogger - 
*************** response log start ***************
request method: GET
request originalUrl:  /api/groups/list?token=eyJhbGciOiJIUzI1NiIsInR5cCI6IkpXVCJ9.eyJkYXRhIjp7ImlkIjoiM2VmODkzYTAtZmJlMy00Njc1LWIzZWQtMTFmMzQ0OWE1NDJhIiwibmFtZSI6ImFkbWluIiwiZ2VuZGVyIjp0cnVlLCJlbWFpbCI6IjM3ODMzODYyN0BxcS5jb20ifSwiaWF0IjoxNTAwODg5NzUwLCJleHAiOjE1MDA5NzYxNTB9.nmYEHF1anQvehBiN7oZcX2sZL7vm2q1bQYRo2daz8UQ
request client ip:  ::ffff:127.0.0.1
request query:  {"token":"eyJhbGciOiJIUzI1NiIsInR5cCI6IkpXVCJ9.eyJkYXRhIjp7ImlkIjoiM2VmODkzYTAtZmJlMy00Njc1LWIzZWQtMTFmMzQ0OWE1NDJhIiwibmFtZSI6ImFkbWluIiwiZ2VuZGVyIjp0cnVlLCJlbWFpbCI6IjM3ODMzODYyN0BxcS5jb20ifSwiaWF0IjoxNTAwODg5NzUwLCJleHAiOjE1MDA5NzYxNTB9.nmYEHF1anQvehBiN7oZcX2sZL7vm2q1bQYRo2daz8UQ"}
response time: 94
response status: 200
response body: 
{"status":0,"data":[{"name":"1","description":"1","status":1,"id":"4f485130-1332-45bd-a4ee-70366e048671","createdAt":1500889758625,"updatedAt":1500889758625,"version":0}],"total":1}
*************** response log end ***************

[2017-07-25 10:21:02.495] [INFO] resLogger - 
*************** response log start ***************
request method: GET
request originalUrl:  /api/user/?token=eyJhbGciOiJIUzI1NiIsInR5cCI6IkpXVCJ9.eyJkYXRhIjp7ImlkIjoiM2VmODkzYTAtZmJlMy00Njc1LWIzZWQtMTFmMzQ0OWE1NDJhIiwibmFtZSI6ImFkbWluIiwiZ2VuZGVyIjp0cnVlLCJlbWFpbCI6IjM3ODMzODYyN0BxcS5jb20ifSwiaWF0IjoxNTAwODg5NzUwLCJleHAiOjE1MDA5NzYxNTB9.nmYEHF1anQvehBiN7oZcX2sZL7vm2q1bQYRo2daz8UQ
request client ip:  ::ffff:127.0.0.1
request query:  {"token":"eyJhbGciOiJIUzI1NiIsInR5cCI6IkpXVCJ9.eyJkYXRhIjp7ImlkIjoiM2VmODkzYTAtZmJlMy00Njc1LWIzZWQtMTFmMzQ0OWE1NDJhIiwibmFtZSI6ImFkbWluIiwiZ2VuZGVyIjp0cnVlLCJlbWFpbCI6IjM3ODMzODYyN0BxcS5jb20ifSwiaWF0IjoxNTAwODg5NzUwLCJleHAiOjE1MDA5NzYxNTB9.nmYEHF1anQvehBiN7oZcX2sZL7vm2q1bQYRo2daz8UQ"}
response time: 135
response status: 200
response body: 
{"status":0,"data":{"name":"admin","email":"378338627@qq.com","password":"$2a$10$IpzlsTVfA4wPL7yB4r/l9uK1sTZc8iEqtIRCbfgt8VYOhcveb.FbS","gender":true,"token":"eyJhbGciOiJIUzI1NiIsInR5cCI6IkpXVCJ9.eyJkYXRhIjp7ImlkIjoiM2VmODkzYTAtZmJlMy00Njc1LWIzZWQtMTFmMzQ0OWE1NDJhIiwibmFtZSI6ImFkbWluIiwiZ2VuZGVyIjp0cnVlLCJlbWFpbCI6IjM3ODMzODYyN0BxcS5jb20ifSwiaWF0IjoxNTAwODg5NzUwLCJleHAiOjE1MDA5NzYxNTB9.nmYEHF1anQvehBiN7oZcX2sZL7vm2q1bQYRo2daz8UQ","id":"3ef893a0-fbe3-4675-b3ed-11f3449a542a","createdAt":1500889687885,"updatedAt":1500889750205,"version":1}}
*************** response log end ***************

[2017-07-25 10:21:02.680] [INFO] resLogger - 
*************** response log start ***************
request method: GET
request originalUrl:  /api/groups/list?token=eyJhbGciOiJIUzI1NiIsInR5cCI6IkpXVCJ9.eyJkYXRhIjp7ImlkIjoiM2VmODkzYTAtZmJlMy00Njc1LWIzZWQtMTFmMzQ0OWE1NDJhIiwibmFtZSI6ImFkbWluIiwiZ2VuZGVyIjp0cnVlLCJlbWFpbCI6IjM3ODMzODYyN0BxcS5jb20ifSwiaWF0IjoxNTAwODg5NzUwLCJleHAiOjE1MDA5NzYxNTB9.nmYEHF1anQvehBiN7oZcX2sZL7vm2q1bQYRo2daz8UQ
request client ip:  ::ffff:127.0.0.1
request query:  {"token":"eyJhbGciOiJIUzI1NiIsInR5cCI6IkpXVCJ9.eyJkYXRhIjp7ImlkIjoiM2VmODkzYTAtZmJlMy00Njc1LWIzZWQtMTFmMzQ0OWE1NDJhIiwibmFtZSI6ImFkbWluIiwiZ2VuZGVyIjp0cnVlLCJlbWFpbCI6IjM3ODMzODYyN0BxcS5jb20ifSwiaWF0IjoxNTAwODg5NzUwLCJleHAiOjE1MDA5NzYxNTB9.nmYEHF1anQvehBiN7oZcX2sZL7vm2q1bQYRo2daz8UQ"}
response time: 83
response status: 200
response body: 
{"status":0,"data":[{"name":"1","description":"1","status":1,"id":"4f485130-1332-45bd-a4ee-70366e048671","createdAt":1500889758625,"updatedAt":1500889758625,"version":0}],"total":1}
*************** response log end ***************

[2017-07-25 10:22:10.692] [INFO] resLogger - 
*************** response log start ***************
request method: GET
request originalUrl:  /api/user/?token=eyJhbGciOiJIUzI1NiIsInR5cCI6IkpXVCJ9.eyJkYXRhIjp7ImlkIjoiM2VmODkzYTAtZmJlMy00Njc1LWIzZWQtMTFmMzQ0OWE1NDJhIiwibmFtZSI6ImFkbWluIiwiZ2VuZGVyIjp0cnVlLCJlbWFpbCI6IjM3ODMzODYyN0BxcS5jb20ifSwiaWF0IjoxNTAwODg5NzUwLCJleHAiOjE1MDA5NzYxNTB9.nmYEHF1anQvehBiN7oZcX2sZL7vm2q1bQYRo2daz8UQ
request client ip:  ::ffff:127.0.0.1
request query:  {"token":"eyJhbGciOiJIUzI1NiIsInR5cCI6IkpXVCJ9.eyJkYXRhIjp7ImlkIjoiM2VmODkzYTAtZmJlMy00Njc1LWIzZWQtMTFmMzQ0OWE1NDJhIiwibmFtZSI6ImFkbWluIiwiZ2VuZGVyIjp0cnVlLCJlbWFpbCI6IjM3ODMzODYyN0BxcS5jb20ifSwiaWF0IjoxNTAwODg5NzUwLCJleHAiOjE1MDA5NzYxNTB9.nmYEHF1anQvehBiN7oZcX2sZL7vm2q1bQYRo2daz8UQ"}
response time: 113
response status: 200
response body: 
{"status":0,"data":{"name":"admin","email":"378338627@qq.com","password":"$2a$10$IpzlsTVfA4wPL7yB4r/l9uK1sTZc8iEqtIRCbfgt8VYOhcveb.FbS","gender":true,"token":"eyJhbGciOiJIUzI1NiIsInR5cCI6IkpXVCJ9.eyJkYXRhIjp7ImlkIjoiM2VmODkzYTAtZmJlMy00Njc1LWIzZWQtMTFmMzQ0OWE1NDJhIiwibmFtZSI6ImFkbWluIiwiZ2VuZGVyIjp0cnVlLCJlbWFpbCI6IjM3ODMzODYyN0BxcS5jb20ifSwiaWF0IjoxNTAwODg5NzUwLCJleHAiOjE1MDA5NzYxNTB9.nmYEHF1anQvehBiN7oZcX2sZL7vm2q1bQYRo2daz8UQ","id":"3ef893a0-fbe3-4675-b3ed-11f3449a542a","createdAt":1500889687885,"updatedAt":1500889750205,"version":1}}
*************** response log end ***************

[2017-07-25 10:22:10.829] [INFO] resLogger - 
*************** response log start ***************
request method: GET
request originalUrl:  /api/groups/list?token=eyJhbGciOiJIUzI1NiIsInR5cCI6IkpXVCJ9.eyJkYXRhIjp7ImlkIjoiM2VmODkzYTAtZmJlMy00Njc1LWIzZWQtMTFmMzQ0OWE1NDJhIiwibmFtZSI6ImFkbWluIiwiZ2VuZGVyIjp0cnVlLCJlbWFpbCI6IjM3ODMzODYyN0BxcS5jb20ifSwiaWF0IjoxNTAwODg5NzUwLCJleHAiOjE1MDA5NzYxNTB9.nmYEHF1anQvehBiN7oZcX2sZL7vm2q1bQYRo2daz8UQ
request client ip:  ::ffff:127.0.0.1
request query:  {"token":"eyJhbGciOiJIUzI1NiIsInR5cCI6IkpXVCJ9.eyJkYXRhIjp7ImlkIjoiM2VmODkzYTAtZmJlMy00Njc1LWIzZWQtMTFmMzQ0OWE1NDJhIiwibmFtZSI6ImFkbWluIiwiZ2VuZGVyIjp0cnVlLCJlbWFpbCI6IjM3ODMzODYyN0BxcS5jb20ifSwiaWF0IjoxNTAwODg5NzUwLCJleHAiOjE1MDA5NzYxNTB9.nmYEHF1anQvehBiN7oZcX2sZL7vm2q1bQYRo2daz8UQ"}
response time: 64
response status: 200
response body: 
{"status":0,"data":[{"name":"1","description":"1","status":1,"id":"4f485130-1332-45bd-a4ee-70366e048671","createdAt":1500889758625,"updatedAt":1500889758625,"version":0}],"total":1}
*************** response log end ***************

[2017-07-25 10:32:14.475] [INFO] resLogger - 
*************** response log start ***************
request method: GET
request originalUrl:  /api/user/?token=eyJhbGciOiJIUzI1NiIsInR5cCI6IkpXVCJ9.eyJkYXRhIjp7ImlkIjoiM2VmODkzYTAtZmJlMy00Njc1LWIzZWQtMTFmMzQ0OWE1NDJhIiwibmFtZSI6ImFkbWluIiwiZ2VuZGVyIjp0cnVlLCJlbWFpbCI6IjM3ODMzODYyN0BxcS5jb20ifSwiaWF0IjoxNTAwODg5NzUwLCJleHAiOjE1MDA5NzYxNTB9.nmYEHF1anQvehBiN7oZcX2sZL7vm2q1bQYRo2daz8UQ
request client ip:  ::ffff:127.0.0.1
request query:  {"token":"eyJhbGciOiJIUzI1NiIsInR5cCI6IkpXVCJ9.eyJkYXRhIjp7ImlkIjoiM2VmODkzYTAtZmJlMy00Njc1LWIzZWQtMTFmMzQ0OWE1NDJhIiwibmFtZSI6ImFkbWluIiwiZ2VuZGVyIjp0cnVlLCJlbWFpbCI6IjM3ODMzODYyN0BxcS5jb20ifSwiaWF0IjoxNTAwODg5NzUwLCJleHAiOjE1MDA5NzYxNTB9.nmYEHF1anQvehBiN7oZcX2sZL7vm2q1bQYRo2daz8UQ"}
response time: 118
response status: 200
response body: 
{"status":0,"data":{"name":"admin","email":"378338627@qq.com","password":"$2a$10$IpzlsTVfA4wPL7yB4r/l9uK1sTZc8iEqtIRCbfgt8VYOhcveb.FbS","gender":true,"token":"eyJhbGciOiJIUzI1NiIsInR5cCI6IkpXVCJ9.eyJkYXRhIjp7ImlkIjoiM2VmODkzYTAtZmJlMy00Njc1LWIzZWQtMTFmMzQ0OWE1NDJhIiwibmFtZSI6ImFkbWluIiwiZ2VuZGVyIjp0cnVlLCJlbWFpbCI6IjM3ODMzODYyN0BxcS5jb20ifSwiaWF0IjoxNTAwODg5NzUwLCJleHAiOjE1MDA5NzYxNTB9.nmYEHF1anQvehBiN7oZcX2sZL7vm2q1bQYRo2daz8UQ","id":"3ef893a0-fbe3-4675-b3ed-11f3449a542a","createdAt":1500889687885,"updatedAt":1500889750205,"version":1}}
*************** response log end ***************

[2017-07-25 10:32:14.642] [INFO] resLogger - 
*************** response log start ***************
request method: GET
request originalUrl:  /api/groups/list?token=eyJhbGciOiJIUzI1NiIsInR5cCI6IkpXVCJ9.eyJkYXRhIjp7ImlkIjoiM2VmODkzYTAtZmJlMy00Njc1LWIzZWQtMTFmMzQ0OWE1NDJhIiwibmFtZSI6ImFkbWluIiwiZ2VuZGVyIjp0cnVlLCJlbWFpbCI6IjM3ODMzODYyN0BxcS5jb20ifSwiaWF0IjoxNTAwODg5NzUwLCJleHAiOjE1MDA5NzYxNTB9.nmYEHF1anQvehBiN7oZcX2sZL7vm2q1bQYRo2daz8UQ
request client ip:  ::ffff:127.0.0.1
request query:  {"token":"eyJhbGciOiJIUzI1NiIsInR5cCI6IkpXVCJ9.eyJkYXRhIjp7ImlkIjoiM2VmODkzYTAtZmJlMy00Njc1LWIzZWQtMTFmMzQ0OWE1NDJhIiwibmFtZSI6ImFkbWluIiwiZ2VuZGVyIjp0cnVlLCJlbWFpbCI6IjM3ODMzODYyN0BxcS5jb20ifSwiaWF0IjoxNTAwODg5NzUwLCJleHAiOjE1MDA5NzYxNTB9.nmYEHF1anQvehBiN7oZcX2sZL7vm2q1bQYRo2daz8UQ"}
response time: 90
response status: 200
response body: 
{"status":0,"data":[{"name":"1","description":"1","status":1,"id":"4f485130-1332-45bd-a4ee-70366e048671","createdAt":1500889758625,"updatedAt":1500889758625,"version":0}],"total":1}
*************** response log end ***************

[2017-07-25 10:37:41.609] [INFO] resLogger - 
*************** response log start ***************
request method: GET
request originalUrl:  /api/user/?token=eyJhbGciOiJIUzI1NiIsInR5cCI6IkpXVCJ9.eyJkYXRhIjp7ImlkIjoiM2VmODkzYTAtZmJlMy00Njc1LWIzZWQtMTFmMzQ0OWE1NDJhIiwibmFtZSI6ImFkbWluIiwiZ2VuZGVyIjp0cnVlLCJlbWFpbCI6IjM3ODMzODYyN0BxcS5jb20ifSwiaWF0IjoxNTAwODg5NzUwLCJleHAiOjE1MDA5NzYxNTB9.nmYEHF1anQvehBiN7oZcX2sZL7vm2q1bQYRo2daz8UQ
request client ip:  ::ffff:127.0.0.1
request query:  {"token":"eyJhbGciOiJIUzI1NiIsInR5cCI6IkpXVCJ9.eyJkYXRhIjp7ImlkIjoiM2VmODkzYTAtZmJlMy00Njc1LWIzZWQtMTFmMzQ0OWE1NDJhIiwibmFtZSI6ImFkbWluIiwiZ2VuZGVyIjp0cnVlLCJlbWFpbCI6IjM3ODMzODYyN0BxcS5jb20ifSwiaWF0IjoxNTAwODg5NzUwLCJleHAiOjE1MDA5NzYxNTB9.nmYEHF1anQvehBiN7oZcX2sZL7vm2q1bQYRo2daz8UQ"}
response time: 89
response status: 200
response body: 
{"status":0,"data":{"name":"admin","email":"378338627@qq.com","password":"$2a$10$IpzlsTVfA4wPL7yB4r/l9uK1sTZc8iEqtIRCbfgt8VYOhcveb.FbS","gender":true,"token":"eyJhbGciOiJIUzI1NiIsInR5cCI6IkpXVCJ9.eyJkYXRhIjp7ImlkIjoiM2VmODkzYTAtZmJlMy00Njc1LWIzZWQtMTFmMzQ0OWE1NDJhIiwibmFtZSI6ImFkbWluIiwiZ2VuZGVyIjp0cnVlLCJlbWFpbCI6IjM3ODMzODYyN0BxcS5jb20ifSwiaWF0IjoxNTAwODg5NzUwLCJleHAiOjE1MDA5NzYxNTB9.nmYEHF1anQvehBiN7oZcX2sZL7vm2q1bQYRo2daz8UQ","id":"3ef893a0-fbe3-4675-b3ed-11f3449a542a","createdAt":1500889687885,"updatedAt":1500889750205,"version":1}}
*************** response log end ***************

[2017-07-25 10:37:41.958] [INFO] resLogger - 
*************** response log start ***************
request method: GET
request originalUrl:  /api/groups/list?token=eyJhbGciOiJIUzI1NiIsInR5cCI6IkpXVCJ9.eyJkYXRhIjp7ImlkIjoiM2VmODkzYTAtZmJlMy00Njc1LWIzZWQtMTFmMzQ0OWE1NDJhIiwibmFtZSI6ImFkbWluIiwiZ2VuZGVyIjp0cnVlLCJlbWFpbCI6IjM3ODMzODYyN0BxcS5jb20ifSwiaWF0IjoxNTAwODg5NzUwLCJleHAiOjE1MDA5NzYxNTB9.nmYEHF1anQvehBiN7oZcX2sZL7vm2q1bQYRo2daz8UQ
request client ip:  ::ffff:127.0.0.1
request query:  {"token":"eyJhbGciOiJIUzI1NiIsInR5cCI6IkpXVCJ9.eyJkYXRhIjp7ImlkIjoiM2VmODkzYTAtZmJlMy00Njc1LWIzZWQtMTFmMzQ0OWE1NDJhIiwibmFtZSI6ImFkbWluIiwiZ2VuZGVyIjp0cnVlLCJlbWFpbCI6IjM3ODMzODYyN0BxcS5jb20ifSwiaWF0IjoxNTAwODg5NzUwLCJleHAiOjE1MDA5NzYxNTB9.nmYEHF1anQvehBiN7oZcX2sZL7vm2q1bQYRo2daz8UQ"}
response time: 98
response status: 200
response body: 
{"status":0,"data":[{"name":"1","description":"1","status":1,"id":"4f485130-1332-45bd-a4ee-70366e048671","createdAt":1500889758625,"updatedAt":1500889758625,"version":0}],"total":1}
*************** response log end ***************

[2017-07-25 10:38:54.383] [INFO] resLogger - 
*************** response log start ***************
request method: GET
request originalUrl:  /api/user/?token=eyJhbGciOiJIUzI1NiIsInR5cCI6IkpXVCJ9.eyJkYXRhIjp7ImlkIjoiM2VmODkzYTAtZmJlMy00Njc1LWIzZWQtMTFmMzQ0OWE1NDJhIiwibmFtZSI6ImFkbWluIiwiZ2VuZGVyIjp0cnVlLCJlbWFpbCI6IjM3ODMzODYyN0BxcS5jb20ifSwiaWF0IjoxNTAwODg5NzUwLCJleHAiOjE1MDA5NzYxNTB9.nmYEHF1anQvehBiN7oZcX2sZL7vm2q1bQYRo2daz8UQ
request client ip:  ::ffff:127.0.0.1
request query:  {"token":"eyJhbGciOiJIUzI1NiIsInR5cCI6IkpXVCJ9.eyJkYXRhIjp7ImlkIjoiM2VmODkzYTAtZmJlMy00Njc1LWIzZWQtMTFmMzQ0OWE1NDJhIiwibmFtZSI6ImFkbWluIiwiZ2VuZGVyIjp0cnVlLCJlbWFpbCI6IjM3ODMzODYyN0BxcS5jb20ifSwiaWF0IjoxNTAwODg5NzUwLCJleHAiOjE1MDA5NzYxNTB9.nmYEHF1anQvehBiN7oZcX2sZL7vm2q1bQYRo2daz8UQ"}
response time: 73
response status: 200
response body: 
{"status":0,"data":{"name":"admin","email":"378338627@qq.com","password":"$2a$10$IpzlsTVfA4wPL7yB4r/l9uK1sTZc8iEqtIRCbfgt8VYOhcveb.FbS","gender":true,"token":"eyJhbGciOiJIUzI1NiIsInR5cCI6IkpXVCJ9.eyJkYXRhIjp7ImlkIjoiM2VmODkzYTAtZmJlMy00Njc1LWIzZWQtMTFmMzQ0OWE1NDJhIiwibmFtZSI6ImFkbWluIiwiZ2VuZGVyIjp0cnVlLCJlbWFpbCI6IjM3ODMzODYyN0BxcS5jb20ifSwiaWF0IjoxNTAwODg5NzUwLCJleHAiOjE1MDA5NzYxNTB9.nmYEHF1anQvehBiN7oZcX2sZL7vm2q1bQYRo2daz8UQ","id":"3ef893a0-fbe3-4675-b3ed-11f3449a542a","createdAt":1500889687885,"updatedAt":1500889750205,"version":1}}
*************** response log end ***************

[2017-07-25 10:38:54.608] [INFO] resLogger - 
*************** response log start ***************
request method: GET
request originalUrl:  /api/groups/list?token=eyJhbGciOiJIUzI1NiIsInR5cCI6IkpXVCJ9.eyJkYXRhIjp7ImlkIjoiM2VmODkzYTAtZmJlMy00Njc1LWIzZWQtMTFmMzQ0OWE1NDJhIiwibmFtZSI6ImFkbWluIiwiZ2VuZGVyIjp0cnVlLCJlbWFpbCI6IjM3ODMzODYyN0BxcS5jb20ifSwiaWF0IjoxNTAwODg5NzUwLCJleHAiOjE1MDA5NzYxNTB9.nmYEHF1anQvehBiN7oZcX2sZL7vm2q1bQYRo2daz8UQ
request client ip:  ::ffff:127.0.0.1
request query:  {"token":"eyJhbGciOiJIUzI1NiIsInR5cCI6IkpXVCJ9.eyJkYXRhIjp7ImlkIjoiM2VmODkzYTAtZmJlMy00Njc1LWIzZWQtMTFmMzQ0OWE1NDJhIiwibmFtZSI6ImFkbWluIiwiZ2VuZGVyIjp0cnVlLCJlbWFpbCI6IjM3ODMzODYyN0BxcS5jb20ifSwiaWF0IjoxNTAwODg5NzUwLCJleHAiOjE1MDA5NzYxNTB9.nmYEHF1anQvehBiN7oZcX2sZL7vm2q1bQYRo2daz8UQ"}
response time: 93
response status: 200
response body: 
{"status":0,"data":[{"name":"1","description":"1","status":1,"id":"4f485130-1332-45bd-a4ee-70366e048671","createdAt":1500889758625,"updatedAt":1500889758625,"version":0}],"total":1}
*************** response log end ***************

[2017-07-25 10:44:21.786] [INFO] resLogger - 
*************** response log start ***************
request method: GET
request originalUrl:  /api/user/?token=eyJhbGciOiJIUzI1NiIsInR5cCI6IkpXVCJ9.eyJkYXRhIjp7ImlkIjoiM2VmODkzYTAtZmJlMy00Njc1LWIzZWQtMTFmMzQ0OWE1NDJhIiwibmFtZSI6ImFkbWluIiwiZ2VuZGVyIjp0cnVlLCJlbWFpbCI6IjM3ODMzODYyN0BxcS5jb20ifSwiaWF0IjoxNTAwODg5NzUwLCJleHAiOjE1MDA5NzYxNTB9.nmYEHF1anQvehBiN7oZcX2sZL7vm2q1bQYRo2daz8UQ
request client ip:  ::ffff:127.0.0.1
request query:  {"token":"eyJhbGciOiJIUzI1NiIsInR5cCI6IkpXVCJ9.eyJkYXRhIjp7ImlkIjoiM2VmODkzYTAtZmJlMy00Njc1LWIzZWQtMTFmMzQ0OWE1NDJhIiwibmFtZSI6ImFkbWluIiwiZ2VuZGVyIjp0cnVlLCJlbWFpbCI6IjM3ODMzODYyN0BxcS5jb20ifSwiaWF0IjoxNTAwODg5NzUwLCJleHAiOjE1MDA5NzYxNTB9.nmYEHF1anQvehBiN7oZcX2sZL7vm2q1bQYRo2daz8UQ"}
response time: 68
response status: 200
response body: 
{"status":0,"data":{"name":"admin","email":"378338627@qq.com","password":"$2a$10$IpzlsTVfA4wPL7yB4r/l9uK1sTZc8iEqtIRCbfgt8VYOhcveb.FbS","gender":true,"token":"eyJhbGciOiJIUzI1NiIsInR5cCI6IkpXVCJ9.eyJkYXRhIjp7ImlkIjoiM2VmODkzYTAtZmJlMy00Njc1LWIzZWQtMTFmMzQ0OWE1NDJhIiwibmFtZSI6ImFkbWluIiwiZ2VuZGVyIjp0cnVlLCJlbWFpbCI6IjM3ODMzODYyN0BxcS5jb20ifSwiaWF0IjoxNTAwODg5NzUwLCJleHAiOjE1MDA5NzYxNTB9.nmYEHF1anQvehBiN7oZcX2sZL7vm2q1bQYRo2daz8UQ","id":"3ef893a0-fbe3-4675-b3ed-11f3449a542a","createdAt":1500889687885,"updatedAt":1500889750205,"version":1}}
*************** response log end ***************

[2017-07-25 10:44:22.115] [INFO] resLogger - 
*************** response log start ***************
request method: GET
request originalUrl:  /api/groups/list?token=eyJhbGciOiJIUzI1NiIsInR5cCI6IkpXVCJ9.eyJkYXRhIjp7ImlkIjoiM2VmODkzYTAtZmJlMy00Njc1LWIzZWQtMTFmMzQ0OWE1NDJhIiwibmFtZSI6ImFkbWluIiwiZ2VuZGVyIjp0cnVlLCJlbWFpbCI6IjM3ODMzODYyN0BxcS5jb20ifSwiaWF0IjoxNTAwODg5NzUwLCJleHAiOjE1MDA5NzYxNTB9.nmYEHF1anQvehBiN7oZcX2sZL7vm2q1bQYRo2daz8UQ
request client ip:  ::ffff:127.0.0.1
request query:  {"token":"eyJhbGciOiJIUzI1NiIsInR5cCI6IkpXVCJ9.eyJkYXRhIjp7ImlkIjoiM2VmODkzYTAtZmJlMy00Njc1LWIzZWQtMTFmMzQ0OWE1NDJhIiwibmFtZSI6ImFkbWluIiwiZ2VuZGVyIjp0cnVlLCJlbWFpbCI6IjM3ODMzODYyN0BxcS5jb20ifSwiaWF0IjoxNTAwODg5NzUwLCJleHAiOjE1MDA5NzYxNTB9.nmYEHF1anQvehBiN7oZcX2sZL7vm2q1bQYRo2daz8UQ"}
response time: 95
response status: 200
response body: 
{"status":0,"data":[{"name":"1","description":"1","status":1,"id":"4f485130-1332-45bd-a4ee-70366e048671","createdAt":1500889758625,"updatedAt":1500889758625,"version":0}],"total":1}
*************** response log end ***************

[2017-07-25 10:44:30.167] [INFO] resLogger - 
*************** response log start ***************
request method: GET
request originalUrl:  /api/user/?token=eyJhbGciOiJIUzI1NiIsInR5cCI6IkpXVCJ9.eyJkYXRhIjp7ImlkIjoiM2VmODkzYTAtZmJlMy00Njc1LWIzZWQtMTFmMzQ0OWE1NDJhIiwibmFtZSI6ImFkbWluIiwiZ2VuZGVyIjp0cnVlLCJlbWFpbCI6IjM3ODMzODYyN0BxcS5jb20ifSwiaWF0IjoxNTAwODg5NzUwLCJleHAiOjE1MDA5NzYxNTB9.nmYEHF1anQvehBiN7oZcX2sZL7vm2q1bQYRo2daz8UQ
request client ip:  ::ffff:127.0.0.1
request query:  {"token":"eyJhbGciOiJIUzI1NiIsInR5cCI6IkpXVCJ9.eyJkYXRhIjp7ImlkIjoiM2VmODkzYTAtZmJlMy00Njc1LWIzZWQtMTFmMzQ0OWE1NDJhIiwibmFtZSI6ImFkbWluIiwiZ2VuZGVyIjp0cnVlLCJlbWFpbCI6IjM3ODMzODYyN0BxcS5jb20ifSwiaWF0IjoxNTAwODg5NzUwLCJleHAiOjE1MDA5NzYxNTB9.nmYEHF1anQvehBiN7oZcX2sZL7vm2q1bQYRo2daz8UQ"}
response time: 60
response status: 200
response body: 
{"status":0,"data":{"name":"admin","email":"378338627@qq.com","password":"$2a$10$IpzlsTVfA4wPL7yB4r/l9uK1sTZc8iEqtIRCbfgt8VYOhcveb.FbS","gender":true,"token":"eyJhbGciOiJIUzI1NiIsInR5cCI6IkpXVCJ9.eyJkYXRhIjp7ImlkIjoiM2VmODkzYTAtZmJlMy00Njc1LWIzZWQtMTFmMzQ0OWE1NDJhIiwibmFtZSI6ImFkbWluIiwiZ2VuZGVyIjp0cnVlLCJlbWFpbCI6IjM3ODMzODYyN0BxcS5jb20ifSwiaWF0IjoxNTAwODg5NzUwLCJleHAiOjE1MDA5NzYxNTB9.nmYEHF1anQvehBiN7oZcX2sZL7vm2q1bQYRo2daz8UQ","id":"3ef893a0-fbe3-4675-b3ed-11f3449a542a","createdAt":1500889687885,"updatedAt":1500889750205,"version":1}}
*************** response log end ***************

[2017-07-25 10:44:30.348] [INFO] resLogger - 
*************** response log start ***************
request method: GET
request originalUrl:  /api/groups/list?token=eyJhbGciOiJIUzI1NiIsInR5cCI6IkpXVCJ9.eyJkYXRhIjp7ImlkIjoiM2VmODkzYTAtZmJlMy00Njc1LWIzZWQtMTFmMzQ0OWE1NDJhIiwibmFtZSI6ImFkbWluIiwiZ2VuZGVyIjp0cnVlLCJlbWFpbCI6IjM3ODMzODYyN0BxcS5jb20ifSwiaWF0IjoxNTAwODg5NzUwLCJleHAiOjE1MDA5NzYxNTB9.nmYEHF1anQvehBiN7oZcX2sZL7vm2q1bQYRo2daz8UQ
request client ip:  ::ffff:127.0.0.1
request query:  {"token":"eyJhbGciOiJIUzI1NiIsInR5cCI6IkpXVCJ9.eyJkYXRhIjp7ImlkIjoiM2VmODkzYTAtZmJlMy00Njc1LWIzZWQtMTFmMzQ0OWE1NDJhIiwibmFtZSI6ImFkbWluIiwiZ2VuZGVyIjp0cnVlLCJlbWFpbCI6IjM3ODMzODYyN0BxcS5jb20ifSwiaWF0IjoxNTAwODg5NzUwLCJleHAiOjE1MDA5NzYxNTB9.nmYEHF1anQvehBiN7oZcX2sZL7vm2q1bQYRo2daz8UQ"}
response time: 63
response status: 200
response body: 
{"status":0,"data":[{"name":"1","description":"1","status":1,"id":"4f485130-1332-45bd-a4ee-70366e048671","createdAt":1500889758625,"updatedAt":1500889758625,"version":0}],"total":1}
*************** response log end ***************

[2017-07-25 10:44:54.500] [INFO] resLogger - 
*************** response log start ***************
request method: GET
request originalUrl:  /api/user/?token=eyJhbGciOiJIUzI1NiIsInR5cCI6IkpXVCJ9.eyJkYXRhIjp7ImlkIjoiM2VmODkzYTAtZmJlMy00Njc1LWIzZWQtMTFmMzQ0OWE1NDJhIiwibmFtZSI6ImFkbWluIiwiZ2VuZGVyIjp0cnVlLCJlbWFpbCI6IjM3ODMzODYyN0BxcS5jb20ifSwiaWF0IjoxNTAwODg5NzUwLCJleHAiOjE1MDA5NzYxNTB9.nmYEHF1anQvehBiN7oZcX2sZL7vm2q1bQYRo2daz8UQ
request client ip:  ::ffff:127.0.0.1
request query:  {"token":"eyJhbGciOiJIUzI1NiIsInR5cCI6IkpXVCJ9.eyJkYXRhIjp7ImlkIjoiM2VmODkzYTAtZmJlMy00Njc1LWIzZWQtMTFmMzQ0OWE1NDJhIiwibmFtZSI6ImFkbWluIiwiZ2VuZGVyIjp0cnVlLCJlbWFpbCI6IjM3ODMzODYyN0BxcS5jb20ifSwiaWF0IjoxNTAwODg5NzUwLCJleHAiOjE1MDA5NzYxNTB9.nmYEHF1anQvehBiN7oZcX2sZL7vm2q1bQYRo2daz8UQ"}
response time: 94
response status: 200
response body: 
{"status":0,"data":{"name":"admin","email":"378338627@qq.com","password":"$2a$10$IpzlsTVfA4wPL7yB4r/l9uK1sTZc8iEqtIRCbfgt8VYOhcveb.FbS","gender":true,"token":"eyJhbGciOiJIUzI1NiIsInR5cCI6IkpXVCJ9.eyJkYXRhIjp7ImlkIjoiM2VmODkzYTAtZmJlMy00Njc1LWIzZWQtMTFmMzQ0OWE1NDJhIiwibmFtZSI6ImFkbWluIiwiZ2VuZGVyIjp0cnVlLCJlbWFpbCI6IjM3ODMzODYyN0BxcS5jb20ifSwiaWF0IjoxNTAwODg5NzUwLCJleHAiOjE1MDA5NzYxNTB9.nmYEHF1anQvehBiN7oZcX2sZL7vm2q1bQYRo2daz8UQ","id":"3ef893a0-fbe3-4675-b3ed-11f3449a542a","createdAt":1500889687885,"updatedAt":1500889750205,"version":1}}
*************** response log end ***************

[2017-07-25 10:44:54.736] [INFO] resLogger - 
*************** response log start ***************
request method: GET
request originalUrl:  /api/groups/list?token=eyJhbGciOiJIUzI1NiIsInR5cCI6IkpXVCJ9.eyJkYXRhIjp7ImlkIjoiM2VmODkzYTAtZmJlMy00Njc1LWIzZWQtMTFmMzQ0OWE1NDJhIiwibmFtZSI6ImFkbWluIiwiZ2VuZGVyIjp0cnVlLCJlbWFpbCI6IjM3ODMzODYyN0BxcS5jb20ifSwiaWF0IjoxNTAwODg5NzUwLCJleHAiOjE1MDA5NzYxNTB9.nmYEHF1anQvehBiN7oZcX2sZL7vm2q1bQYRo2daz8UQ
request client ip:  ::ffff:127.0.0.1
request query:  {"token":"eyJhbGciOiJIUzI1NiIsInR5cCI6IkpXVCJ9.eyJkYXRhIjp7ImlkIjoiM2VmODkzYTAtZmJlMy00Njc1LWIzZWQtMTFmMzQ0OWE1NDJhIiwibmFtZSI6ImFkbWluIiwiZ2VuZGVyIjp0cnVlLCJlbWFpbCI6IjM3ODMzODYyN0BxcS5jb20ifSwiaWF0IjoxNTAwODg5NzUwLCJleHAiOjE1MDA5NzYxNTB9.nmYEHF1anQvehBiN7oZcX2sZL7vm2q1bQYRo2daz8UQ"}
response time: 89
response status: 200
response body: 
{"status":0,"data":[{"name":"1","description":"1","status":1,"id":"4f485130-1332-45bd-a4ee-70366e048671","createdAt":1500889758625,"updatedAt":1500889758625,"version":0}],"total":1}
*************** response log end ***************

[2017-07-25 10:45:10.802] [INFO] resLogger - 
*************** response log start ***************
request method: GET
request originalUrl:  /api/user/?token=eyJhbGciOiJIUzI1NiIsInR5cCI6IkpXVCJ9.eyJkYXRhIjp7ImlkIjoiM2VmODkzYTAtZmJlMy00Njc1LWIzZWQtMTFmMzQ0OWE1NDJhIiwibmFtZSI6ImFkbWluIiwiZ2VuZGVyIjp0cnVlLCJlbWFpbCI6IjM3ODMzODYyN0BxcS5jb20ifSwiaWF0IjoxNTAwODg5NzUwLCJleHAiOjE1MDA5NzYxNTB9.nmYEHF1anQvehBiN7oZcX2sZL7vm2q1bQYRo2daz8UQ
request client ip:  ::ffff:127.0.0.1
request query:  {"token":"eyJhbGciOiJIUzI1NiIsInR5cCI6IkpXVCJ9.eyJkYXRhIjp7ImlkIjoiM2VmODkzYTAtZmJlMy00Njc1LWIzZWQtMTFmMzQ0OWE1NDJhIiwibmFtZSI6ImFkbWluIiwiZ2VuZGVyIjp0cnVlLCJlbWFpbCI6IjM3ODMzODYyN0BxcS5jb20ifSwiaWF0IjoxNTAwODg5NzUwLCJleHAiOjE1MDA5NzYxNTB9.nmYEHF1anQvehBiN7oZcX2sZL7vm2q1bQYRo2daz8UQ"}
response time: 82
response status: 200
response body: 
{"status":0,"data":{"name":"admin","email":"378338627@qq.com","password":"$2a$10$IpzlsTVfA4wPL7yB4r/l9uK1sTZc8iEqtIRCbfgt8VYOhcveb.FbS","gender":true,"token":"eyJhbGciOiJIUzI1NiIsInR5cCI6IkpXVCJ9.eyJkYXRhIjp7ImlkIjoiM2VmODkzYTAtZmJlMy00Njc1LWIzZWQtMTFmMzQ0OWE1NDJhIiwibmFtZSI6ImFkbWluIiwiZ2VuZGVyIjp0cnVlLCJlbWFpbCI6IjM3ODMzODYyN0BxcS5jb20ifSwiaWF0IjoxNTAwODg5NzUwLCJleHAiOjE1MDA5NzYxNTB9.nmYEHF1anQvehBiN7oZcX2sZL7vm2q1bQYRo2daz8UQ","id":"3ef893a0-fbe3-4675-b3ed-11f3449a542a","createdAt":1500889687885,"updatedAt":1500889750205,"version":1}}
*************** response log end ***************

[2017-07-25 10:45:11.010] [INFO] resLogger - 
*************** response log start ***************
request method: GET
request originalUrl:  /api/groups/list?token=eyJhbGciOiJIUzI1NiIsInR5cCI6IkpXVCJ9.eyJkYXRhIjp7ImlkIjoiM2VmODkzYTAtZmJlMy00Njc1LWIzZWQtMTFmMzQ0OWE1NDJhIiwibmFtZSI6ImFkbWluIiwiZ2VuZGVyIjp0cnVlLCJlbWFpbCI6IjM3ODMzODYyN0BxcS5jb20ifSwiaWF0IjoxNTAwODg5NzUwLCJleHAiOjE1MDA5NzYxNTB9.nmYEHF1anQvehBiN7oZcX2sZL7vm2q1bQYRo2daz8UQ
request client ip:  ::ffff:127.0.0.1
request query:  {"token":"eyJhbGciOiJIUzI1NiIsInR5cCI6IkpXVCJ9.eyJkYXRhIjp7ImlkIjoiM2VmODkzYTAtZmJlMy00Njc1LWIzZWQtMTFmMzQ0OWE1NDJhIiwibmFtZSI6ImFkbWluIiwiZ2VuZGVyIjp0cnVlLCJlbWFpbCI6IjM3ODMzODYyN0BxcS5jb20ifSwiaWF0IjoxNTAwODg5NzUwLCJleHAiOjE1MDA5NzYxNTB9.nmYEHF1anQvehBiN7oZcX2sZL7vm2q1bQYRo2daz8UQ"}
response time: 94
response status: 200
response body: 
{"status":0,"data":[{"name":"1","description":"1","status":1,"id":"4f485130-1332-45bd-a4ee-70366e048671","createdAt":1500889758625,"updatedAt":1500889758625,"version":0}],"total":1}
*************** response log end ***************

[2017-07-25 10:46:35.988] [INFO] resLogger - 
*************** response log start ***************
request method: GET
request originalUrl:  /api/user/?token=eyJhbGciOiJIUzI1NiIsInR5cCI6IkpXVCJ9.eyJkYXRhIjp7ImlkIjoiM2VmODkzYTAtZmJlMy00Njc1LWIzZWQtMTFmMzQ0OWE1NDJhIiwibmFtZSI6ImFkbWluIiwiZ2VuZGVyIjp0cnVlLCJlbWFpbCI6IjM3ODMzODYyN0BxcS5jb20ifSwiaWF0IjoxNTAwODg5NzUwLCJleHAiOjE1MDA5NzYxNTB9.nmYEHF1anQvehBiN7oZcX2sZL7vm2q1bQYRo2daz8UQ
request client ip:  ::ffff:127.0.0.1
request query:  {"token":"eyJhbGciOiJIUzI1NiIsInR5cCI6IkpXVCJ9.eyJkYXRhIjp7ImlkIjoiM2VmODkzYTAtZmJlMy00Njc1LWIzZWQtMTFmMzQ0OWE1NDJhIiwibmFtZSI6ImFkbWluIiwiZ2VuZGVyIjp0cnVlLCJlbWFpbCI6IjM3ODMzODYyN0BxcS5jb20ifSwiaWF0IjoxNTAwODg5NzUwLCJleHAiOjE1MDA5NzYxNTB9.nmYEHF1anQvehBiN7oZcX2sZL7vm2q1bQYRo2daz8UQ"}
response time: 102
response status: 200
response body: 
{"status":0,"data":{"name":"admin","email":"378338627@qq.com","password":"$2a$10$IpzlsTVfA4wPL7yB4r/l9uK1sTZc8iEqtIRCbfgt8VYOhcveb.FbS","gender":true,"token":"eyJhbGciOiJIUzI1NiIsInR5cCI6IkpXVCJ9.eyJkYXRhIjp7ImlkIjoiM2VmODkzYTAtZmJlMy00Njc1LWIzZWQtMTFmMzQ0OWE1NDJhIiwibmFtZSI6ImFkbWluIiwiZ2VuZGVyIjp0cnVlLCJlbWFpbCI6IjM3ODMzODYyN0BxcS5jb20ifSwiaWF0IjoxNTAwODg5NzUwLCJleHAiOjE1MDA5NzYxNTB9.nmYEHF1anQvehBiN7oZcX2sZL7vm2q1bQYRo2daz8UQ","id":"3ef893a0-fbe3-4675-b3ed-11f3449a542a","createdAt":1500889687885,"updatedAt":1500889750205,"version":1}}
*************** response log end ***************

[2017-07-25 10:46:36.286] [INFO] resLogger - 
*************** response log start ***************
request method: GET
request originalUrl:  /api/groups/list?token=eyJhbGciOiJIUzI1NiIsInR5cCI6IkpXVCJ9.eyJkYXRhIjp7ImlkIjoiM2VmODkzYTAtZmJlMy00Njc1LWIzZWQtMTFmMzQ0OWE1NDJhIiwibmFtZSI6ImFkbWluIiwiZ2VuZGVyIjp0cnVlLCJlbWFpbCI6IjM3ODMzODYyN0BxcS5jb20ifSwiaWF0IjoxNTAwODg5NzUwLCJleHAiOjE1MDA5NzYxNTB9.nmYEHF1anQvehBiN7oZcX2sZL7vm2q1bQYRo2daz8UQ
request client ip:  ::ffff:127.0.0.1
request query:  {"token":"eyJhbGciOiJIUzI1NiIsInR5cCI6IkpXVCJ9.eyJkYXRhIjp7ImlkIjoiM2VmODkzYTAtZmJlMy00Njc1LWIzZWQtMTFmMzQ0OWE1NDJhIiwibmFtZSI6ImFkbWluIiwiZ2VuZGVyIjp0cnVlLCJlbWFpbCI6IjM3ODMzODYyN0BxcS5jb20ifSwiaWF0IjoxNTAwODg5NzUwLCJleHAiOjE1MDA5NzYxNTB9.nmYEHF1anQvehBiN7oZcX2sZL7vm2q1bQYRo2daz8UQ"}
response time: 164
response status: 200
response body: 
{"status":0,"data":[{"name":"1","description":"1","status":1,"id":"4f485130-1332-45bd-a4ee-70366e048671","createdAt":1500889758625,"updatedAt":1500889758625,"version":0}],"total":1}
*************** response log end ***************

[2017-07-25 10:47:38.987] [INFO] resLogger - 
*************** response log start ***************
request method: GET
request originalUrl:  /api/user/?token=eyJhbGciOiJIUzI1NiIsInR5cCI6IkpXVCJ9.eyJkYXRhIjp7ImlkIjoiM2VmODkzYTAtZmJlMy00Njc1LWIzZWQtMTFmMzQ0OWE1NDJhIiwibmFtZSI6ImFkbWluIiwiZ2VuZGVyIjp0cnVlLCJlbWFpbCI6IjM3ODMzODYyN0BxcS5jb20ifSwiaWF0IjoxNTAwODg5NzUwLCJleHAiOjE1MDA5NzYxNTB9.nmYEHF1anQvehBiN7oZcX2sZL7vm2q1bQYRo2daz8UQ
request client ip:  ::ffff:127.0.0.1
request query:  {"token":"eyJhbGciOiJIUzI1NiIsInR5cCI6IkpXVCJ9.eyJkYXRhIjp7ImlkIjoiM2VmODkzYTAtZmJlMy00Njc1LWIzZWQtMTFmMzQ0OWE1NDJhIiwibmFtZSI6ImFkbWluIiwiZ2VuZGVyIjp0cnVlLCJlbWFpbCI6IjM3ODMzODYyN0BxcS5jb20ifSwiaWF0IjoxNTAwODg5NzUwLCJleHAiOjE1MDA5NzYxNTB9.nmYEHF1anQvehBiN7oZcX2sZL7vm2q1bQYRo2daz8UQ"}
response time: 150
response status: 200
response body: 
{"status":0,"data":{"name":"admin","email":"378338627@qq.com","password":"$2a$10$IpzlsTVfA4wPL7yB4r/l9uK1sTZc8iEqtIRCbfgt8VYOhcveb.FbS","gender":true,"token":"eyJhbGciOiJIUzI1NiIsInR5cCI6IkpXVCJ9.eyJkYXRhIjp7ImlkIjoiM2VmODkzYTAtZmJlMy00Njc1LWIzZWQtMTFmMzQ0OWE1NDJhIiwibmFtZSI6ImFkbWluIiwiZ2VuZGVyIjp0cnVlLCJlbWFpbCI6IjM3ODMzODYyN0BxcS5jb20ifSwiaWF0IjoxNTAwODg5NzUwLCJleHAiOjE1MDA5NzYxNTB9.nmYEHF1anQvehBiN7oZcX2sZL7vm2q1bQYRo2daz8UQ","id":"3ef893a0-fbe3-4675-b3ed-11f3449a542a","createdAt":1500889687885,"updatedAt":1500889750205,"version":1}}
*************** response log end ***************

[2017-07-25 10:47:39.230] [INFO] resLogger - 
*************** response log start ***************
request method: GET
request originalUrl:  /api/groups/list?token=eyJhbGciOiJIUzI1NiIsInR5cCI6IkpXVCJ9.eyJkYXRhIjp7ImlkIjoiM2VmODkzYTAtZmJlMy00Njc1LWIzZWQtMTFmMzQ0OWE1NDJhIiwibmFtZSI6ImFkbWluIiwiZ2VuZGVyIjp0cnVlLCJlbWFpbCI6IjM3ODMzODYyN0BxcS5jb20ifSwiaWF0IjoxNTAwODg5NzUwLCJleHAiOjE1MDA5NzYxNTB9.nmYEHF1anQvehBiN7oZcX2sZL7vm2q1bQYRo2daz8UQ
request client ip:  ::ffff:127.0.0.1
request query:  {"token":"eyJhbGciOiJIUzI1NiIsInR5cCI6IkpXVCJ9.eyJkYXRhIjp7ImlkIjoiM2VmODkzYTAtZmJlMy00Njc1LWIzZWQtMTFmMzQ0OWE1NDJhIiwibmFtZSI6ImFkbWluIiwiZ2VuZGVyIjp0cnVlLCJlbWFpbCI6IjM3ODMzODYyN0BxcS5jb20ifSwiaWF0IjoxNTAwODg5NzUwLCJleHAiOjE1MDA5NzYxNTB9.nmYEHF1anQvehBiN7oZcX2sZL7vm2q1bQYRo2daz8UQ"}
response time: 113
response status: 200
response body: 
{"status":0,"data":[{"name":"1","description":"1","status":1,"id":"4f485130-1332-45bd-a4ee-70366e048671","createdAt":1500889758625,"updatedAt":1500889758625,"version":0}],"total":1}
*************** response log end ***************

[2017-07-25 10:47:40.330] [INFO] resLogger - 
*************** response log start ***************
request method: OPTIONS
request originalUrl:  /api/corporations/save?token=eyJhbGciOiJIUzI1NiIsInR5cCI6IkpXVCJ9.eyJkYXRhIjp7ImlkIjoiM2VmODkzYTAtZmJlMy00Njc1LWIzZWQtMTFmMzQ0OWE1NDJhIiwibmFtZSI6ImFkbWluIiwiZ2VuZGVyIjp0cnVlLCJlbWFpbCI6IjM3ODMzODYyN0BxcS5jb20ifSwiaWF0IjoxNTAwODg5NzUwLCJleHAiOjE1MDA5NzYxNTB9.nmYEHF1anQvehBiN7oZcX2sZL7vm2q1bQYRo2daz8UQ
request client ip:  ::ffff:127.0.0.1
request body: 
{}
response time: 4
response status: 204
response body: 
undefined
*************** response log end ***************

[2017-07-25 10:47:40.453] [INFO] resLogger - 
*************** response log start ***************
request method: POST
request originalUrl:  /api/corporations/save?token=eyJhbGciOiJIUzI1NiIsInR5cCI6IkpXVCJ9.eyJkYXRhIjp7ImlkIjoiM2VmODkzYTAtZmJlMy00Njc1LWIzZWQtMTFmMzQ0OWE1NDJhIiwibmFtZSI6ImFkbWluIiwiZ2VuZGVyIjp0cnVlLCJlbWFpbCI6IjM3ODMzODYyN0BxcS5jb20ifSwiaWF0IjoxNTAwODg5NzUwLCJleHAiOjE1MDA5NzYxNTB9.nmYEHF1anQvehBiN7oZcX2sZL7vm2q1bQYRo2daz8UQ
request client ip:  ::ffff:127.0.0.1
request body: 
{"id":"","name":"","description":"","groupId":"4f485130-1332-45bd-a4ee-70366e048671","status":1}
response time: 96
response status: 200
response body: 
{"name":"corporationNotNull","status":92001,"message":"必填的输入值不能为空！"}
*************** response log end ***************

[2017-07-25 10:47:47.535] [INFO] resLogger - 
*************** response log start ***************
request method: OPTIONS
request originalUrl:  /api/corporations/save?token=eyJhbGciOiJIUzI1NiIsInR5cCI6IkpXVCJ9.eyJkYXRhIjp7ImlkIjoiM2VmODkzYTAtZmJlMy00Njc1LWIzZWQtMTFmMzQ0OWE1NDJhIiwibmFtZSI6ImFkbWluIiwiZ2VuZGVyIjp0cnVlLCJlbWFpbCI6IjM3ODMzODYyN0BxcS5jb20ifSwiaWF0IjoxNTAwODg5NzUwLCJleHAiOjE1MDA5NzYxNTB9.nmYEHF1anQvehBiN7oZcX2sZL7vm2q1bQYRo2daz8UQ
request client ip:  ::ffff:127.0.0.1
request body: 
{}
response time: 4
response status: 204
response body: 
undefined
*************** response log end ***************

[2017-07-25 10:47:47.547] [INFO] resLogger - 
*************** response log start ***************
request method: POST
request originalUrl:  /api/corporations/save?token=eyJhbGciOiJIUzI1NiIsInR5cCI6IkpXVCJ9.eyJkYXRhIjp7ImlkIjoiM2VmODkzYTAtZmJlMy00Njc1LWIzZWQtMTFmMzQ0OWE1NDJhIiwibmFtZSI6ImFkbWluIiwiZ2VuZGVyIjp0cnVlLCJlbWFpbCI6IjM3ODMzODYyN0BxcS5jb20ifSwiaWF0IjoxNTAwODg5NzUwLCJleHAiOjE1MDA5NzYxNTB9.nmYEHF1anQvehBiN7oZcX2sZL7vm2q1bQYRo2daz8UQ
request client ip:  ::ffff:127.0.0.1
request body: 
{"id":"","name":"","description":"","groupId":"4f485130-1332-45bd-a4ee-70366e048671","status":1}
response time: 6
response status: 200
response body: 
{"name":"corporationNotNull","status":92001,"message":"必填的输入值不能为空！"}
*************** response log end ***************

[2017-07-25 10:47:55.207] [INFO] resLogger - 
*************** response log start ***************
request method: OPTIONS
request originalUrl:  /api/corporations/save?token=eyJhbGciOiJIUzI1NiIsInR5cCI6IkpXVCJ9.eyJkYXRhIjp7ImlkIjoiM2VmODkzYTAtZmJlMy00Njc1LWIzZWQtMTFmMzQ0OWE1NDJhIiwibmFtZSI6ImFkbWluIiwiZ2VuZGVyIjp0cnVlLCJlbWFpbCI6IjM3ODMzODYyN0BxcS5jb20ifSwiaWF0IjoxNTAwODg5NzUwLCJleHAiOjE1MDA5NzYxNTB9.nmYEHF1anQvehBiN7oZcX2sZL7vm2q1bQYRo2daz8UQ
request client ip:  ::ffff:127.0.0.1
request body: 
{}
response time: 4
response status: 204
response body: 
undefined
*************** response log end ***************

[2017-07-25 10:47:55.213] [INFO] resLogger - 
*************** response log start ***************
request method: POST
request originalUrl:  /api/corporations/save?token=eyJhbGciOiJIUzI1NiIsInR5cCI6IkpXVCJ9.eyJkYXRhIjp7ImlkIjoiM2VmODkzYTAtZmJlMy00Njc1LWIzZWQtMTFmMzQ0OWE1NDJhIiwibmFtZSI6ImFkbWluIiwiZ2VuZGVyIjp0cnVlLCJlbWFpbCI6IjM3ODMzODYyN0BxcS5jb20ifSwiaWF0IjoxNTAwODg5NzUwLCJleHAiOjE1MDA5NzYxNTB9.nmYEHF1anQvehBiN7oZcX2sZL7vm2q1bQYRo2daz8UQ
request client ip:  ::ffff:127.0.0.1
request body: 
{"id":"","name":"","description":"","groupId":"4f485130-1332-45bd-a4ee-70366e048671","status":1}
response time: 1
response status: 200
response body: 
{"name":"corporationNotNull","status":92001,"message":"必填的输入值不能为空！"}
*************** response log end ***************

[2017-07-25 10:48:52.576] [INFO] resLogger - 
*************** response log start ***************
request method: GET
request originalUrl:  /api/user/?token=eyJhbGciOiJIUzI1NiIsInR5cCI6IkpXVCJ9.eyJkYXRhIjp7ImlkIjoiM2VmODkzYTAtZmJlMy00Njc1LWIzZWQtMTFmMzQ0OWE1NDJhIiwibmFtZSI6ImFkbWluIiwiZ2VuZGVyIjp0cnVlLCJlbWFpbCI6IjM3ODMzODYyN0BxcS5jb20ifSwiaWF0IjoxNTAwODg5NzUwLCJleHAiOjE1MDA5NzYxNTB9.nmYEHF1anQvehBiN7oZcX2sZL7vm2q1bQYRo2daz8UQ
request client ip:  ::ffff:127.0.0.1
request query:  {"token":"eyJhbGciOiJIUzI1NiIsInR5cCI6IkpXVCJ9.eyJkYXRhIjp7ImlkIjoiM2VmODkzYTAtZmJlMy00Njc1LWIzZWQtMTFmMzQ0OWE1NDJhIiwibmFtZSI6ImFkbWluIiwiZ2VuZGVyIjp0cnVlLCJlbWFpbCI6IjM3ODMzODYyN0BxcS5jb20ifSwiaWF0IjoxNTAwODg5NzUwLCJleHAiOjE1MDA5NzYxNTB9.nmYEHF1anQvehBiN7oZcX2sZL7vm2q1bQYRo2daz8UQ"}
response time: 116
response status: 200
response body: 
{"status":0,"data":{"name":"admin","email":"378338627@qq.com","password":"$2a$10$IpzlsTVfA4wPL7yB4r/l9uK1sTZc8iEqtIRCbfgt8VYOhcveb.FbS","gender":true,"token":"eyJhbGciOiJIUzI1NiIsInR5cCI6IkpXVCJ9.eyJkYXRhIjp7ImlkIjoiM2VmODkzYTAtZmJlMy00Njc1LWIzZWQtMTFmMzQ0OWE1NDJhIiwibmFtZSI6ImFkbWluIiwiZ2VuZGVyIjp0cnVlLCJlbWFpbCI6IjM3ODMzODYyN0BxcS5jb20ifSwiaWF0IjoxNTAwODg5NzUwLCJleHAiOjE1MDA5NzYxNTB9.nmYEHF1anQvehBiN7oZcX2sZL7vm2q1bQYRo2daz8UQ","id":"3ef893a0-fbe3-4675-b3ed-11f3449a542a","createdAt":1500889687885,"updatedAt":1500889750205,"version":1}}
*************** response log end ***************

[2017-07-25 10:48:52.752] [INFO] resLogger - 
*************** response log start ***************
request method: GET
request originalUrl:  /api/groups/list?token=eyJhbGciOiJIUzI1NiIsInR5cCI6IkpXVCJ9.eyJkYXRhIjp7ImlkIjoiM2VmODkzYTAtZmJlMy00Njc1LWIzZWQtMTFmMzQ0OWE1NDJhIiwibmFtZSI6ImFkbWluIiwiZ2VuZGVyIjp0cnVlLCJlbWFpbCI6IjM3ODMzODYyN0BxcS5jb20ifSwiaWF0IjoxNTAwODg5NzUwLCJleHAiOjE1MDA5NzYxNTB9.nmYEHF1anQvehBiN7oZcX2sZL7vm2q1bQYRo2daz8UQ
request client ip:  ::ffff:127.0.0.1
request query:  {"token":"eyJhbGciOiJIUzI1NiIsInR5cCI6IkpXVCJ9.eyJkYXRhIjp7ImlkIjoiM2VmODkzYTAtZmJlMy00Njc1LWIzZWQtMTFmMzQ0OWE1NDJhIiwibmFtZSI6ImFkbWluIiwiZ2VuZGVyIjp0cnVlLCJlbWFpbCI6IjM3ODMzODYyN0BxcS5jb20ifSwiaWF0IjoxNTAwODg5NzUwLCJleHAiOjE1MDA5NzYxNTB9.nmYEHF1anQvehBiN7oZcX2sZL7vm2q1bQYRo2daz8UQ"}
response time: 75
response status: 200
response body: 
{"status":0,"data":[{"name":"1","description":"1","status":1,"id":"4f485130-1332-45bd-a4ee-70366e048671","createdAt":1500889758625,"updatedAt":1500889758625,"version":0}],"total":1}
*************** response log end ***************

[2017-07-25 10:49:03.900] [INFO] resLogger - 
*************** response log start ***************
request method: GET
request originalUrl:  /api/user/?token=eyJhbGciOiJIUzI1NiIsInR5cCI6IkpXVCJ9.eyJkYXRhIjp7ImlkIjoiM2VmODkzYTAtZmJlMy00Njc1LWIzZWQtMTFmMzQ0OWE1NDJhIiwibmFtZSI6ImFkbWluIiwiZ2VuZGVyIjp0cnVlLCJlbWFpbCI6IjM3ODMzODYyN0BxcS5jb20ifSwiaWF0IjoxNTAwODg5NzUwLCJleHAiOjE1MDA5NzYxNTB9.nmYEHF1anQvehBiN7oZcX2sZL7vm2q1bQYRo2daz8UQ
request client ip:  ::ffff:127.0.0.1
request query:  {"token":"eyJhbGciOiJIUzI1NiIsInR5cCI6IkpXVCJ9.eyJkYXRhIjp7ImlkIjoiM2VmODkzYTAtZmJlMy00Njc1LWIzZWQtMTFmMzQ0OWE1NDJhIiwibmFtZSI6ImFkbWluIiwiZ2VuZGVyIjp0cnVlLCJlbWFpbCI6IjM3ODMzODYyN0BxcS5jb20ifSwiaWF0IjoxNTAwODg5NzUwLCJleHAiOjE1MDA5NzYxNTB9.nmYEHF1anQvehBiN7oZcX2sZL7vm2q1bQYRo2daz8UQ"}
response time: 97
response status: 200
response body: 
{"status":0,"data":{"name":"admin","email":"378338627@qq.com","password":"$2a$10$IpzlsTVfA4wPL7yB4r/l9uK1sTZc8iEqtIRCbfgt8VYOhcveb.FbS","gender":true,"token":"eyJhbGciOiJIUzI1NiIsInR5cCI6IkpXVCJ9.eyJkYXRhIjp7ImlkIjoiM2VmODkzYTAtZmJlMy00Njc1LWIzZWQtMTFmMzQ0OWE1NDJhIiwibmFtZSI6ImFkbWluIiwiZ2VuZGVyIjp0cnVlLCJlbWFpbCI6IjM3ODMzODYyN0BxcS5jb20ifSwiaWF0IjoxNTAwODg5NzUwLCJleHAiOjE1MDA5NzYxNTB9.nmYEHF1anQvehBiN7oZcX2sZL7vm2q1bQYRo2daz8UQ","id":"3ef893a0-fbe3-4675-b3ed-11f3449a542a","createdAt":1500889687885,"updatedAt":1500889750205,"version":1}}
*************** response log end ***************

[2017-07-25 10:49:04.119] [INFO] resLogger - 
*************** response log start ***************
request method: GET
request originalUrl:  /api/groups/list?token=eyJhbGciOiJIUzI1NiIsInR5cCI6IkpXVCJ9.eyJkYXRhIjp7ImlkIjoiM2VmODkzYTAtZmJlMy00Njc1LWIzZWQtMTFmMzQ0OWE1NDJhIiwibmFtZSI6ImFkbWluIiwiZ2VuZGVyIjp0cnVlLCJlbWFpbCI6IjM3ODMzODYyN0BxcS5jb20ifSwiaWF0IjoxNTAwODg5NzUwLCJleHAiOjE1MDA5NzYxNTB9.nmYEHF1anQvehBiN7oZcX2sZL7vm2q1bQYRo2daz8UQ
request client ip:  ::ffff:127.0.0.1
request query:  {"token":"eyJhbGciOiJIUzI1NiIsInR5cCI6IkpXVCJ9.eyJkYXRhIjp7ImlkIjoiM2VmODkzYTAtZmJlMy00Njc1LWIzZWQtMTFmMzQ0OWE1NDJhIiwibmFtZSI6ImFkbWluIiwiZ2VuZGVyIjp0cnVlLCJlbWFpbCI6IjM3ODMzODYyN0BxcS5jb20ifSwiaWF0IjoxNTAwODg5NzUwLCJleHAiOjE1MDA5NzYxNTB9.nmYEHF1anQvehBiN7oZcX2sZL7vm2q1bQYRo2daz8UQ"}
response time: 95
response status: 200
response body: 
{"status":0,"data":[{"name":"1","description":"1","status":1,"id":"4f485130-1332-45bd-a4ee-70366e048671","createdAt":1500889758625,"updatedAt":1500889758625,"version":0}],"total":1}
*************** response log end ***************

[2017-07-25 10:49:07.924] [INFO] resLogger - 
*************** response log start ***************
request method: GET
request originalUrl:  /api/user/?token=eyJhbGciOiJIUzI1NiIsInR5cCI6IkpXVCJ9.eyJkYXRhIjp7ImlkIjoiM2VmODkzYTAtZmJlMy00Njc1LWIzZWQtMTFmMzQ0OWE1NDJhIiwibmFtZSI6ImFkbWluIiwiZ2VuZGVyIjp0cnVlLCJlbWFpbCI6IjM3ODMzODYyN0BxcS5jb20ifSwiaWF0IjoxNTAwODg5NzUwLCJleHAiOjE1MDA5NzYxNTB9.nmYEHF1anQvehBiN7oZcX2sZL7vm2q1bQYRo2daz8UQ
request client ip:  ::ffff:127.0.0.1
request query:  {"token":"eyJhbGciOiJIUzI1NiIsInR5cCI6IkpXVCJ9.eyJkYXRhIjp7ImlkIjoiM2VmODkzYTAtZmJlMy00Njc1LWIzZWQtMTFmMzQ0OWE1NDJhIiwibmFtZSI6ImFkbWluIiwiZ2VuZGVyIjp0cnVlLCJlbWFpbCI6IjM3ODMzODYyN0BxcS5jb20ifSwiaWF0IjoxNTAwODg5NzUwLCJleHAiOjE1MDA5NzYxNTB9.nmYEHF1anQvehBiN7oZcX2sZL7vm2q1bQYRo2daz8UQ"}
response time: 93
response status: 200
response body: 
{"status":0,"data":{"name":"admin","email":"378338627@qq.com","password":"$2a$10$IpzlsTVfA4wPL7yB4r/l9uK1sTZc8iEqtIRCbfgt8VYOhcveb.FbS","gender":true,"token":"eyJhbGciOiJIUzI1NiIsInR5cCI6IkpXVCJ9.eyJkYXRhIjp7ImlkIjoiM2VmODkzYTAtZmJlMy00Njc1LWIzZWQtMTFmMzQ0OWE1NDJhIiwibmFtZSI6ImFkbWluIiwiZ2VuZGVyIjp0cnVlLCJlbWFpbCI6IjM3ODMzODYyN0BxcS5jb20ifSwiaWF0IjoxNTAwODg5NzUwLCJleHAiOjE1MDA5NzYxNTB9.nmYEHF1anQvehBiN7oZcX2sZL7vm2q1bQYRo2daz8UQ","id":"3ef893a0-fbe3-4675-b3ed-11f3449a542a","createdAt":1500889687885,"updatedAt":1500889750205,"version":1}}
*************** response log end ***************

[2017-07-25 10:49:08.226] [INFO] resLogger - 
*************** response log start ***************
request method: GET
request originalUrl:  /api/groups/list?token=eyJhbGciOiJIUzI1NiIsInR5cCI6IkpXVCJ9.eyJkYXRhIjp7ImlkIjoiM2VmODkzYTAtZmJlMy00Njc1LWIzZWQtMTFmMzQ0OWE1NDJhIiwibmFtZSI6ImFkbWluIiwiZ2VuZGVyIjp0cnVlLCJlbWFpbCI6IjM3ODMzODYyN0BxcS5jb20ifSwiaWF0IjoxNTAwODg5NzUwLCJleHAiOjE1MDA5NzYxNTB9.nmYEHF1anQvehBiN7oZcX2sZL7vm2q1bQYRo2daz8UQ
request client ip:  ::ffff:127.0.0.1
request query:  {"token":"eyJhbGciOiJIUzI1NiIsInR5cCI6IkpXVCJ9.eyJkYXRhIjp7ImlkIjoiM2VmODkzYTAtZmJlMy00Njc1LWIzZWQtMTFmMzQ0OWE1NDJhIiwibmFtZSI6ImFkbWluIiwiZ2VuZGVyIjp0cnVlLCJlbWFpbCI6IjM3ODMzODYyN0BxcS5jb20ifSwiaWF0IjoxNTAwODg5NzUwLCJleHAiOjE1MDA5NzYxNTB9.nmYEHF1anQvehBiN7oZcX2sZL7vm2q1bQYRo2daz8UQ"}
response time: 120
response status: 200
response body: 
{"status":0,"data":[{"name":"1","description":"1","status":1,"id":"4f485130-1332-45bd-a4ee-70366e048671","createdAt":1500889758625,"updatedAt":1500889758625,"version":0}],"total":1}
*************** response log end ***************

[2017-07-25 10:49:10.613] [INFO] resLogger - 
*************** response log start ***************
request method: OPTIONS
request originalUrl:  /api/corporations/save?token=eyJhbGciOiJIUzI1NiIsInR5cCI6IkpXVCJ9.eyJkYXRhIjp7ImlkIjoiM2VmODkzYTAtZmJlMy00Njc1LWIzZWQtMTFmMzQ0OWE1NDJhIiwibmFtZSI6ImFkbWluIiwiZ2VuZGVyIjp0cnVlLCJlbWFpbCI6IjM3ODMzODYyN0BxcS5jb20ifSwiaWF0IjoxNTAwODg5NzUwLCJleHAiOjE1MDA5NzYxNTB9.nmYEHF1anQvehBiN7oZcX2sZL7vm2q1bQYRo2daz8UQ
request client ip:  ::ffff:127.0.0.1
request body: 
{}
response time: 5
response status: 204
response body: 
undefined
*************** response log end ***************

[2017-07-25 10:49:10.628] [INFO] resLogger - 
*************** response log start ***************
request method: POST
request originalUrl:  /api/corporations/save?token=eyJhbGciOiJIUzI1NiIsInR5cCI6IkpXVCJ9.eyJkYXRhIjp7ImlkIjoiM2VmODkzYTAtZmJlMy00Njc1LWIzZWQtMTFmMzQ0OWE1NDJhIiwibmFtZSI6ImFkbWluIiwiZ2VuZGVyIjp0cnVlLCJlbWFpbCI6IjM3ODMzODYyN0BxcS5jb20ifSwiaWF0IjoxNTAwODg5NzUwLCJleHAiOjE1MDA5NzYxNTB9.nmYEHF1anQvehBiN7oZcX2sZL7vm2q1bQYRo2daz8UQ
request client ip:  ::ffff:127.0.0.1
request body: 
{"id":"","name":"","description":"","groupId":"4f485130-1332-45bd-a4ee-70366e048671","status":1}
response time: 9
response status: 200
response body: 
{"name":"corporationNotNull","status":92001,"message":"必填的输入值不能为空！"}
*************** response log end ***************

[2017-07-25 10:49:35.417] [INFO] resLogger - 
*************** response log start ***************
request method: OPTIONS
request originalUrl:  /api/corporations/save?token=eyJhbGciOiJIUzI1NiIsInR5cCI6IkpXVCJ9.eyJkYXRhIjp7ImlkIjoiM2VmODkzYTAtZmJlMy00Njc1LWIzZWQtMTFmMzQ0OWE1NDJhIiwibmFtZSI6ImFkbWluIiwiZ2VuZGVyIjp0cnVlLCJlbWFpbCI6IjM3ODMzODYyN0BxcS5jb20ifSwiaWF0IjoxNTAwODg5NzUwLCJleHAiOjE1MDA5NzYxNTB9.nmYEHF1anQvehBiN7oZcX2sZL7vm2q1bQYRo2daz8UQ
request client ip:  ::ffff:127.0.0.1
request body: 
{}
response time: 4
response status: 204
response body: 
undefined
*************** response log end ***************

[2017-07-25 10:49:35.430] [INFO] resLogger - 
*************** response log start ***************
request method: POST
request originalUrl:  /api/corporations/save?token=eyJhbGciOiJIUzI1NiIsInR5cCI6IkpXVCJ9.eyJkYXRhIjp7ImlkIjoiM2VmODkzYTAtZmJlMy00Njc1LWIzZWQtMTFmMzQ0OWE1NDJhIiwibmFtZSI6ImFkbWluIiwiZ2VuZGVyIjp0cnVlLCJlbWFpbCI6IjM3ODMzODYyN0BxcS5jb20ifSwiaWF0IjoxNTAwODg5NzUwLCJleHAiOjE1MDA5NzYxNTB9.nmYEHF1anQvehBiN7oZcX2sZL7vm2q1bQYRo2daz8UQ
request client ip:  ::ffff:127.0.0.1
request body: 
{"id":"","name":"","description":"","groupId":"4f485130-1332-45bd-a4ee-70366e048671","status":1}
response time: 6
response status: 200
response body: 
{"name":"corporationNotNull","status":92001,"message":"必填的输入值不能为空！"}
*************** response log end ***************

