[2017-07-19 14:50:00.235] [INFO] resLogger - 
*************** response log start ***************
request method: GET
request originalUrl:  /api/user/?token=eyJhbGciOiJIUzI1NiIsInR5cCI6IkpXVCJ9.eyJkYXRhIjp7ImlkIjoiYTg2MTUyMDMtYjQyZi00OGMxLTk3YzQtYzc3OTNkZWY2NGIxIiwibmFtZSI6ImFkbWluIiwiZ2VuZGVyIjp0cnVlLCJlbWFpbCI6IjM3ODMzODYyN0BxcS5jb20ifSwiaWF0IjoxNTAwNDI5MTg0LCJleHAiOjE1MDA1MTU1ODR9.0l8NtYQ1zA2a63y2jrlL6Ro78TA1ENYbItHqfXqxX9c
request client ip:  ::ffff:127.0.0.1
request query:  {"token":"eyJhbGciOiJIUzI1NiIsInR5cCI6IkpXVCJ9.eyJkYXRhIjp7ImlkIjoiYTg2MTUyMDMtYjQyZi00OGMxLTk3YzQtYzc3OTNkZWY2NGIxIiwibmFtZSI6ImFkbWluIiwiZ2VuZGVyIjp0cnVlLCJlbWFpbCI6IjM3ODMzODYyN0BxcS5jb20ifSwiaWF0IjoxNTAwNDI5MTg0LCJleHAiOjE1MDA1MTU1ODR9.0l8NtYQ1zA2a63y2jrlL6Ro78TA1ENYbItHqfXqxX9c"}
response time: 427
response status: 200
response body: 
{"status":0,"data":{"name":"admin","email":"378338627@qq.com","password":"$2a$10$xmgJzl6FH05MXqtHAwT8ieXHc.8A.B.PBX.cv16LPt.5q9w08CrhK","gender":true,"token":"eyJhbGciOiJIUzI1NiIsInR5cCI6IkpXVCJ9.eyJkYXRhIjp7ImlkIjoiYTg2MTUyMDMtYjQyZi00OGMxLTk3YzQtYzc3OTNkZWY2NGIxIiwibmFtZSI6ImFkbWluIiwiZ2VuZGVyIjp0cnVlLCJlbWFpbCI6IjM3ODMzODYyN0BxcS5jb20ifSwiaWF0IjoxNTAwNDI5MTg0LCJleHAiOjE1MDA1MTU1ODR9.0l8NtYQ1zA2a63y2jrlL6Ro78TA1ENYbItHqfXqxX9c","id":"a8615203-b42f-48c1-97c4-c7793def64b1","createdAt":1499934432149,"updatedAt":1499934432149,"version":0}}
*************** response log end ***************

[2017-07-19 14:50:00.528] [INFO] resLogger - 
*************** response log start ***************
request method: GET
request originalUrl:  /api/buildings/list/page/1?token=eyJhbGciOiJIUzI1NiIsInR5cCI6IkpXVCJ9.eyJkYXRhIjp7ImlkIjoiYTg2MTUyMDMtYjQyZi00OGMxLTk3YzQtYzc3OTNkZWY2NGIxIiwibmFtZSI6ImFkbWluIiwiZ2VuZGVyIjp0cnVlLCJlbWFpbCI6IjM3ODMzODYyN0BxcS5jb20ifSwiaWF0IjoxNTAwNDI5MTg0LCJleHAiOjE1MDA1MTU1ODR9.0l8NtYQ1zA2a63y2jrlL6Ro78TA1ENYbItHqfXqxX9c
request client ip:  ::ffff:127.0.0.1
request query:  {"token":"eyJhbGciOiJIUzI1NiIsInR5cCI6IkpXVCJ9.eyJkYXRhIjp7ImlkIjoiYTg2MTUyMDMtYjQyZi00OGMxLTk3YzQtYzc3OTNkZWY2NGIxIiwibmFtZSI6ImFkbWluIiwiZ2VuZGVyIjp0cnVlLCJlbWFpbCI6IjM3ODMzODYyN0BxcS5jb20ifSwiaWF0IjoxNTAwNDI5MTg0LCJleHAiOjE1MDA1MTU1ODR9.0l8NtYQ1zA2a63y2jrlL6Ro78TA1ENYbItHqfXqxX9c"}
response time: 103
response status: 200
response body: 
{"status":0,"data":[{"name":"5","address":"5","minfloor":5,"maxfloor":5,"status":1,"id":"014f0122-625a-41a6-aff8-288982b6aa46","createdAt":1500200632990,"updatedAt":1500200632990,"version":0},{"name":"4","address":"4","minfloor":4,"maxfloor":4,"status":1,"id":"5d25aa77-b962-44ef-944a-7f09fef8f889","createdAt":1500200622996,"updatedAt":1500200622996,"version":0},{"name":"3","address":"3","minfloor":1,"maxfloor":3,"status":1,"id":"964327a7-daab-4202-82bc-5f2861841332","createdAt":1499935652954,"updatedAt":1499935652954,"version":0},{"name":"2","address":"2","minfloor":2,"maxfloor":4,"status":1,"id":"74e0e1d1-fd03-4105-a7a1-56167ed64283","createdAt":1499935257098,"updatedAt":1499935257098,"version":0},{"name":"1","address":"1","minfloor":1,"maxfloor":1,"status":1,"id":"8b7ae305-e24e-4b1f-8cec-758f2e745f9e","createdAt":1499934526071,"updatedAt":1499934526071,"version":0}],"total":5}
*************** response log end ***************

[2017-07-19 14:52:08.971] [INFO] resLogger - 
*************** response log start ***************
request method: GET
request originalUrl:  /api/user/?token=eyJhbGciOiJIUzI1NiIsInR5cCI6IkpXVCJ9.eyJkYXRhIjp7ImlkIjoiYTg2MTUyMDMtYjQyZi00OGMxLTk3YzQtYzc3OTNkZWY2NGIxIiwibmFtZSI6ImFkbWluIiwiZ2VuZGVyIjp0cnVlLCJlbWFpbCI6IjM3ODMzODYyN0BxcS5jb20ifSwiaWF0IjoxNTAwNDI5MTg0LCJleHAiOjE1MDA1MTU1ODR9.0l8NtYQ1zA2a63y2jrlL6Ro78TA1ENYbItHqfXqxX9c
request client ip:  ::ffff:127.0.0.1
request query:  {"token":"eyJhbGciOiJIUzI1NiIsInR5cCI6IkpXVCJ9.eyJkYXRhIjp7ImlkIjoiYTg2MTUyMDMtYjQyZi00OGMxLTk3YzQtYzc3OTNkZWY2NGIxIiwibmFtZSI6ImFkbWluIiwiZ2VuZGVyIjp0cnVlLCJlbWFpbCI6IjM3ODMzODYyN0BxcS5jb20ifSwiaWF0IjoxNTAwNDI5MTg0LCJleHAiOjE1MDA1MTU1ODR9.0l8NtYQ1zA2a63y2jrlL6Ro78TA1ENYbItHqfXqxX9c"}
response time: 611
response status: 200
response body: 
{"status":0,"data":{"name":"admin","email":"378338627@qq.com","password":"$2a$10$xmgJzl6FH05MXqtHAwT8ieXHc.8A.B.PBX.cv16LPt.5q9w08CrhK","gender":true,"token":"eyJhbGciOiJIUzI1NiIsInR5cCI6IkpXVCJ9.eyJkYXRhIjp7ImlkIjoiYTg2MTUyMDMtYjQyZi00OGMxLTk3YzQtYzc3OTNkZWY2NGIxIiwibmFtZSI6ImFkbWluIiwiZ2VuZGVyIjp0cnVlLCJlbWFpbCI6IjM3ODMzODYyN0BxcS5jb20ifSwiaWF0IjoxNTAwNDI5MTg0LCJleHAiOjE1MDA1MTU1ODR9.0l8NtYQ1zA2a63y2jrlL6Ro78TA1ENYbItHqfXqxX9c","id":"a8615203-b42f-48c1-97c4-c7793def64b1","createdAt":1499934432149,"updatedAt":1499934432149,"version":0}}
*************** response log end ***************

[2017-07-19 14:52:09.364] [INFO] resLogger - 
*************** response log start ***************
request method: GET
request originalUrl:  /api/buildings/list/page/1?token=eyJhbGciOiJIUzI1NiIsInR5cCI6IkpXVCJ9.eyJkYXRhIjp7ImlkIjoiYTg2MTUyMDMtYjQyZi00OGMxLTk3YzQtYzc3OTNkZWY2NGIxIiwibmFtZSI6ImFkbWluIiwiZ2VuZGVyIjp0cnVlLCJlbWFpbCI6IjM3ODMzODYyN0BxcS5jb20ifSwiaWF0IjoxNTAwNDI5MTg0LCJleHAiOjE1MDA1MTU1ODR9.0l8NtYQ1zA2a63y2jrlL6Ro78TA1ENYbItHqfXqxX9c
request client ip:  ::ffff:127.0.0.1
request query:  {"token":"eyJhbGciOiJIUzI1NiIsInR5cCI6IkpXVCJ9.eyJkYXRhIjp7ImlkIjoiYTg2MTUyMDMtYjQyZi00OGMxLTk3YzQtYzc3OTNkZWY2NGIxIiwibmFtZSI6ImFkbWluIiwiZ2VuZGVyIjp0cnVlLCJlbWFpbCI6IjM3ODMzODYyN0BxcS5jb20ifSwiaWF0IjoxNTAwNDI5MTg0LCJleHAiOjE1MDA1MTU1ODR9.0l8NtYQ1zA2a63y2jrlL6Ro78TA1ENYbItHqfXqxX9c"}
response time: 263
response status: 200
response body: 
{"status":0,"data":[{"name":"5","address":"5","minfloor":5,"maxfloor":5,"status":1,"id":"014f0122-625a-41a6-aff8-288982b6aa46","createdAt":1500200632990,"updatedAt":1500200632990,"version":0},{"name":"4","address":"4","minfloor":4,"maxfloor":4,"status":1,"id":"5d25aa77-b962-44ef-944a-7f09fef8f889","createdAt":1500200622996,"updatedAt":1500200622996,"version":0},{"name":"3","address":"3","minfloor":1,"maxfloor":3,"status":1,"id":"964327a7-daab-4202-82bc-5f2861841332","createdAt":1499935652954,"updatedAt":1499935652954,"version":0},{"name":"2","address":"2","minfloor":2,"maxfloor":4,"status":1,"id":"74e0e1d1-fd03-4105-a7a1-56167ed64283","createdAt":1499935257098,"updatedAt":1499935257098,"version":0},{"name":"1","address":"1","minfloor":1,"maxfloor":1,"status":1,"id":"8b7ae305-e24e-4b1f-8cec-758f2e745f9e","createdAt":1499934526071,"updatedAt":1499934526071,"version":0}],"total":5}
*************** response log end ***************

[2017-07-19 14:52:13.949] [INFO] resLogger - 
*************** response log start ***************
request method: GET
request originalUrl:  /api/buildings/delete/014f0122-625a-41a6-aff8-288982b6aa46?token=eyJhbGciOiJIUzI1NiIsInR5cCI6IkpXVCJ9.eyJkYXRhIjp7ImlkIjoiYTg2MTUyMDMtYjQyZi00OGMxLTk3YzQtYzc3OTNkZWY2NGIxIiwibmFtZSI6ImFkbWluIiwiZ2VuZGVyIjp0cnVlLCJlbWFpbCI6IjM3ODMzODYyN0BxcS5jb20ifSwiaWF0IjoxNTAwNDI5MTg0LCJleHAiOjE1MDA1MTU1ODR9.0l8NtYQ1zA2a63y2jrlL6Ro78TA1ENYbItHqfXqxX9c
request client ip:  ::ffff:127.0.0.1
request query:  {"token":"eyJhbGciOiJIUzI1NiIsInR5cCI6IkpXVCJ9.eyJkYXRhIjp7ImlkIjoiYTg2MTUyMDMtYjQyZi00OGMxLTk3YzQtYzc3OTNkZWY2NGIxIiwibmFtZSI6ImFkbWluIiwiZ2VuZGVyIjp0cnVlLCJlbWFpbCI6IjM3ODMzODYyN0BxcS5jb20ifSwiaWF0IjoxNTAwNDI5MTg0LCJleHAiOjE1MDA1MTU1ODR9.0l8NtYQ1zA2a63y2jrlL6Ro78TA1ENYbItHqfXqxX9c"}
response time: 295
response status: 200
response body: 
{"status":0,"data":{"name":"5","address":"5","minfloor":5,"maxfloor":5,"status":0,"id":"014f0122-625a-41a6-aff8-288982b6aa46","createdAt":1500200632990,"updatedAt":1500447133751,"version":2}}
*************** response log end ***************

[2017-07-19 14:52:14.055] [INFO] resLogger - 
*************** response log start ***************
request method: GET
request originalUrl:  /api/buildings/list?token=eyJhbGciOiJIUzI1NiIsInR5cCI6IkpXVCJ9.eyJkYXRhIjp7ImlkIjoiYTg2MTUyMDMtYjQyZi00OGMxLTk3YzQtYzc3OTNkZWY2NGIxIiwibmFtZSI6ImFkbWluIiwiZ2VuZGVyIjp0cnVlLCJlbWFpbCI6IjM3ODMzODYyN0BxcS5jb20ifSwiaWF0IjoxNTAwNDI5MTg0LCJleHAiOjE1MDA1MTU1ODR9.0l8NtYQ1zA2a63y2jrlL6Ro78TA1ENYbItHqfXqxX9c
request client ip:  ::ffff:127.0.0.1
request query:  {"token":"eyJhbGciOiJIUzI1NiIsInR5cCI6IkpXVCJ9.eyJkYXRhIjp7ImlkIjoiYTg2MTUyMDMtYjQyZi00OGMxLTk3YzQtYzc3OTNkZWY2NGIxIiwibmFtZSI6ImFkbWluIiwiZ2VuZGVyIjp0cnVlLCJlbWFpbCI6IjM3ODMzODYyN0BxcS5jb20ifSwiaWF0IjoxNTAwNDI5MTg0LCJleHAiOjE1MDA1MTU1ODR9.0l8NtYQ1zA2a63y2jrlL6Ro78TA1ENYbItHqfXqxX9c"}
response time: 75
response status: 200
response body: 
{"status":0,"data":[{"name":"4","address":"4","minfloor":4,"maxfloor":4,"status":1,"id":"5d25aa77-b962-44ef-944a-7f09fef8f889","createdAt":1500200622996,"updatedAt":1500200622996,"version":0},{"name":"3","address":"3","minfloor":1,"maxfloor":3,"status":1,"id":"964327a7-daab-4202-82bc-5f2861841332","createdAt":1499935652954,"updatedAt":1499935652954,"version":0},{"name":"2","address":"2","minfloor":2,"maxfloor":4,"status":1,"id":"74e0e1d1-fd03-4105-a7a1-56167ed64283","createdAt":1499935257098,"updatedAt":1499935257098,"version":0},{"name":"1","address":"1","minfloor":1,"maxfloor":1,"status":1,"id":"8b7ae305-e24e-4b1f-8cec-758f2e745f9e","createdAt":1499934526071,"updatedAt":1499934526071,"version":0}],"total":4}
*************** response log end ***************

[2017-07-19 14:52:47.927] [INFO] resLogger - 
*************** response log start ***************
request method: GET
request originalUrl:  /api/user/?token=eyJhbGciOiJIUzI1NiIsInR5cCI6IkpXVCJ9.eyJkYXRhIjp7ImlkIjoiYTg2MTUyMDMtYjQyZi00OGMxLTk3YzQtYzc3OTNkZWY2NGIxIiwibmFtZSI6ImFkbWluIiwiZ2VuZGVyIjp0cnVlLCJlbWFpbCI6IjM3ODMzODYyN0BxcS5jb20ifSwiaWF0IjoxNTAwNDI5MTg0LCJleHAiOjE1MDA1MTU1ODR9.0l8NtYQ1zA2a63y2jrlL6Ro78TA1ENYbItHqfXqxX9c
request client ip:  ::ffff:127.0.0.1
request query:  {"token":"eyJhbGciOiJIUzI1NiIsInR5cCI6IkpXVCJ9.eyJkYXRhIjp7ImlkIjoiYTg2MTUyMDMtYjQyZi00OGMxLTk3YzQtYzc3OTNkZWY2NGIxIiwibmFtZSI6ImFkbWluIiwiZ2VuZGVyIjp0cnVlLCJlbWFpbCI6IjM3ODMzODYyN0BxcS5jb20ifSwiaWF0IjoxNTAwNDI5MTg0LCJleHAiOjE1MDA1MTU1ODR9.0l8NtYQ1zA2a63y2jrlL6Ro78TA1ENYbItHqfXqxX9c"}
response time: 197
response status: 200
response body: 
{"status":0,"data":{"name":"admin","email":"378338627@qq.com","password":"$2a$10$xmgJzl6FH05MXqtHAwT8ieXHc.8A.B.PBX.cv16LPt.5q9w08CrhK","gender":true,"token":"eyJhbGciOiJIUzI1NiIsInR5cCI6IkpXVCJ9.eyJkYXRhIjp7ImlkIjoiYTg2MTUyMDMtYjQyZi00OGMxLTk3YzQtYzc3OTNkZWY2NGIxIiwibmFtZSI6ImFkbWluIiwiZ2VuZGVyIjp0cnVlLCJlbWFpbCI6IjM3ODMzODYyN0BxcS5jb20ifSwiaWF0IjoxNTAwNDI5MTg0LCJleHAiOjE1MDA1MTU1ODR9.0l8NtYQ1zA2a63y2jrlL6Ro78TA1ENYbItHqfXqxX9c","id":"a8615203-b42f-48c1-97c4-c7793def64b1","createdAt":1499934432149,"updatedAt":1499934432149,"version":0}}
*************** response log end ***************

[2017-07-19 14:52:48.194] [INFO] resLogger - 
*************** response log start ***************
request method: GET
request originalUrl:  /api/buildings/list/page/1?token=eyJhbGciOiJIUzI1NiIsInR5cCI6IkpXVCJ9.eyJkYXRhIjp7ImlkIjoiYTg2MTUyMDMtYjQyZi00OGMxLTk3YzQtYzc3OTNkZWY2NGIxIiwibmFtZSI6ImFkbWluIiwiZ2VuZGVyIjp0cnVlLCJlbWFpbCI6IjM3ODMzODYyN0BxcS5jb20ifSwiaWF0IjoxNTAwNDI5MTg0LCJleHAiOjE1MDA1MTU1ODR9.0l8NtYQ1zA2a63y2jrlL6Ro78TA1ENYbItHqfXqxX9c
request client ip:  ::ffff:127.0.0.1
request query:  {"token":"eyJhbGciOiJIUzI1NiIsInR5cCI6IkpXVCJ9.eyJkYXRhIjp7ImlkIjoiYTg2MTUyMDMtYjQyZi00OGMxLTk3YzQtYzc3OTNkZWY2NGIxIiwibmFtZSI6ImFkbWluIiwiZ2VuZGVyIjp0cnVlLCJlbWFpbCI6IjM3ODMzODYyN0BxcS5jb20ifSwiaWF0IjoxNTAwNDI5MTg0LCJleHAiOjE1MDA1MTU1ODR9.0l8NtYQ1zA2a63y2jrlL6Ro78TA1ENYbItHqfXqxX9c"}
response time: 195
response status: 200
response body: 
{"status":0,"data":[{"name":"4","address":"4","minfloor":4,"maxfloor":4,"status":1,"id":"5d25aa77-b962-44ef-944a-7f09fef8f889","createdAt":1500200622996,"updatedAt":1500200622996,"version":0},{"name":"3","address":"3","minfloor":1,"maxfloor":3,"status":1,"id":"964327a7-daab-4202-82bc-5f2861841332","createdAt":1499935652954,"updatedAt":1499935652954,"version":0},{"name":"2","address":"2","minfloor":2,"maxfloor":4,"status":1,"id":"74e0e1d1-fd03-4105-a7a1-56167ed64283","createdAt":1499935257098,"updatedAt":1499935257098,"version":0},{"name":"1","address":"1","minfloor":1,"maxfloor":1,"status":1,"id":"8b7ae305-e24e-4b1f-8cec-758f2e745f9e","createdAt":1499934526071,"updatedAt":1499934526071,"version":0}],"total":4}
*************** response log end ***************

[2017-07-19 14:58:54.040] [INFO] resLogger - 
*************** response log start ***************
request method: GET
request originalUrl:  /api/user/?token=eyJhbGciOiJIUzI1NiIsInR5cCI6IkpXVCJ9.eyJkYXRhIjp7ImlkIjoiYTg2MTUyMDMtYjQyZi00OGMxLTk3YzQtYzc3OTNkZWY2NGIxIiwibmFtZSI6ImFkbWluIiwiZ2VuZGVyIjp0cnVlLCJlbWFpbCI6IjM3ODMzODYyN0BxcS5jb20ifSwiaWF0IjoxNTAwNDI5MTg0LCJleHAiOjE1MDA1MTU1ODR9.0l8NtYQ1zA2a63y2jrlL6Ro78TA1ENYbItHqfXqxX9c
request client ip:  ::ffff:127.0.0.1
request query:  {"token":"eyJhbGciOiJIUzI1NiIsInR5cCI6IkpXVCJ9.eyJkYXRhIjp7ImlkIjoiYTg2MTUyMDMtYjQyZi00OGMxLTk3YzQtYzc3OTNkZWY2NGIxIiwibmFtZSI6ImFkbWluIiwiZ2VuZGVyIjp0cnVlLCJlbWFpbCI6IjM3ODMzODYyN0BxcS5jb20ifSwiaWF0IjoxNTAwNDI5MTg0LCJleHAiOjE1MDA1MTU1ODR9.0l8NtYQ1zA2a63y2jrlL6Ro78TA1ENYbItHqfXqxX9c"}
response time: 247
response status: 200
response body: 
{"status":0,"data":{"name":"admin","email":"378338627@qq.com","password":"$2a$10$xmgJzl6FH05MXqtHAwT8ieXHc.8A.B.PBX.cv16LPt.5q9w08CrhK","gender":true,"token":"eyJhbGciOiJIUzI1NiIsInR5cCI6IkpXVCJ9.eyJkYXRhIjp7ImlkIjoiYTg2MTUyMDMtYjQyZi00OGMxLTk3YzQtYzc3OTNkZWY2NGIxIiwibmFtZSI6ImFkbWluIiwiZ2VuZGVyIjp0cnVlLCJlbWFpbCI6IjM3ODMzODYyN0BxcS5jb20ifSwiaWF0IjoxNTAwNDI5MTg0LCJleHAiOjE1MDA1MTU1ODR9.0l8NtYQ1zA2a63y2jrlL6Ro78TA1ENYbItHqfXqxX9c","id":"a8615203-b42f-48c1-97c4-c7793def64b1","createdAt":1499934432149,"updatedAt":1499934432149,"version":0}}
*************** response log end ***************

[2017-07-19 14:58:54.326] [INFO] resLogger - 
*************** response log start ***************
request method: GET
request originalUrl:  /api/buildings/list/page/1?token=eyJhbGciOiJIUzI1NiIsInR5cCI6IkpXVCJ9.eyJkYXRhIjp7ImlkIjoiYTg2MTUyMDMtYjQyZi00OGMxLTk3YzQtYzc3OTNkZWY2NGIxIiwibmFtZSI6ImFkbWluIiwiZ2VuZGVyIjp0cnVlLCJlbWFpbCI6IjM3ODMzODYyN0BxcS5jb20ifSwiaWF0IjoxNTAwNDI5MTg0LCJleHAiOjE1MDA1MTU1ODR9.0l8NtYQ1zA2a63y2jrlL6Ro78TA1ENYbItHqfXqxX9c
request client ip:  ::ffff:127.0.0.1
request query:  {"token":"eyJhbGciOiJIUzI1NiIsInR5cCI6IkpXVCJ9.eyJkYXRhIjp7ImlkIjoiYTg2MTUyMDMtYjQyZi00OGMxLTk3YzQtYzc3OTNkZWY2NGIxIiwibmFtZSI6ImFkbWluIiwiZ2VuZGVyIjp0cnVlLCJlbWFpbCI6IjM3ODMzODYyN0BxcS5jb20ifSwiaWF0IjoxNTAwNDI5MTg0LCJleHAiOjE1MDA1MTU1ODR9.0l8NtYQ1zA2a63y2jrlL6Ro78TA1ENYbItHqfXqxX9c"}
response time: 145
response status: 200
response body: 
{"status":0,"data":[{"name":"4","address":"4","minfloor":4,"maxfloor":4,"status":1,"id":"5d25aa77-b962-44ef-944a-7f09fef8f889","createdAt":1500200622996,"updatedAt":1500200622996,"version":0},{"name":"3","address":"3","minfloor":1,"maxfloor":3,"status":1,"id":"964327a7-daab-4202-82bc-5f2861841332","createdAt":1499935652954,"updatedAt":1499935652954,"version":0},{"name":"2","address":"2","minfloor":2,"maxfloor":4,"status":1,"id":"74e0e1d1-fd03-4105-a7a1-56167ed64283","createdAt":1499935257098,"updatedAt":1499935257098,"version":0},{"name":"1","address":"1","minfloor":1,"maxfloor":1,"status":1,"id":"8b7ae305-e24e-4b1f-8cec-758f2e745f9e","createdAt":1499934526071,"updatedAt":1499934526071,"version":0}],"total":4}
*************** response log end ***************

