[2017-06-01 15:00:45.215] [INFO] resLogger - 
*************** response log start ***************
request method: GET
request originalUrl:  /assets/vendor/bootstrap/css/bootstrap.min.css.map
request client ip:  ::1
request query:  {}
response time: 3
response status: 404
response body: 
undefined
*************** response log end ***************

[2017-06-01 15:00:46.985] [INFO] resLogger - 
*************** response log start ***************
request method: POST
request originalUrl:  /admin/login
request client ip:  ::1
request body: 
{"username":"liumeng","password":"admin"}
response time: 247
response status: 404
response body: 
undefined
*************** response log end ***************

[2017-06-01 15:03:25.844] [INFO] resLogger - 
*************** response log start ***************
request method: GET
request originalUrl:  /assets/vendor/bootstrap/css/bootstrap.min.css.map
request client ip:  ::1
request query:  {}
response time: 3
response status: 404
response body: 
undefined
*************** response log end ***************

[2017-06-01 15:03:26.784] [INFO] resLogger - 
*************** response log start ***************
request method: GET
request originalUrl:  /admin
request client ip:  ::1
request query:  {}
response time: 578
response status: 200
response body: 
"<!DOCTYPE html><html class=\"fullscreen-bg\"><head><title>登录</title><meta charset=\"utf-8\"><meta http-equiv=\"X-UA-Compatible\" content=\"IE=edge,chrome=1\"><meta name=\"viewport\" content=\"width=device-width, initial-scale=1.0, maximum-scale=1.0, user-scalable=0\"><link rel=\"stylesheet\" href=\"../assets/vendor/bootstrap/css/bootstrap.min.css\"><link rel=\"stylesheet\" href=\"../assets/vendor/font-awesome/css/font-awesome.min.css\"><link rel=\"stylesheet\" href=\"../assets/vendor/linearicons/style.css\"><link rel=\"stylesheet\" href=\"../assets/css/main.css\"><link rel=\"stylesheet\" href=\"../assets/css/demo.css\"><link rel=\"apple-touch-icon\" sizes=\"76x76\" href=\"../assets/img/apple-icon.png\"><link rel=\"icon\" type=\"image/png\" sizes=\"96x96\" href=\"../assets/img/favicon.png\"></head><body><div id=\"wrapper\"><div class=\"vertical-align-wrap\"><div class=\"vertical-align-middle\"><div class=\"auth-box\"><div class=\"left\"><div class=\"content\"><div class=\"header\"><p class=\"lead\">登录账户</p></div><form id=\"signinForm\" action=\"/admin/login\" method=\"POST\" class=\"form-auth-small\"><div class=\"form-group\"><label for=\"username\" sr-only class=\"control-label sr-only\">用户名</label><input id=\"username\" type=\"text\" value=\"\" placeholder=\"用户名\" name=\"username\" class=\"form-control\"></div><div class=\"form-group\"><label for=\"password\" sr-only class=\"control-label sr-only\">密码</label><input id=\"password\" type=\"password\" value=\"\" placeholder=\"密码\" name=\"password\" class=\"form-control form-control\"></div><div class=\"form-group clearfix\"><label class=\"fancy-checkbox element-left\"><input type=\"checkbox\" name=\"rememberme\"><span>记住我</span></label></div><button type=\"submit\" class=\"btn btn-primary btn-lg btn-block\">登录</button><div class=\"bottom\"><span class=\"helper-text\"><i class=\"fa fa-lock\"></i><a href=\"#\">忘记密码？</a></span></div></form></div></div><div class=\"right\"><div class=\"overlay\"></div></div><div class=\"clearfix\"></div></div></div></div></div><script src=\"../assets/vendor/jquery/jquery.min.js\"></script><script src=\"../assets/vendor/bootstrap/js/bootstrap.min.js\"></script><script src=\"../assets/vendor/jquery-slimscroll/jquery.slimscroll.min.js\"></script><script src=\"../assets/scripts/klorofil-common.js\"></script><script src=\"../assets/vendor/jquery-validation-1.16.0/dist/jquery.validate.min.js\"></script></body></html>"
*************** response log end ***************

[2017-06-01 15:03:27.004] [INFO] resLogger - 
*************** response log start ***************
request method: GET
request originalUrl:  /assets/vendor/bootstrap/css/bootstrap.min.css.map
request client ip:  ::1
request query:  {}
response time: 3
response status: 404
response body: 
undefined
*************** response log end ***************

[2017-06-01 15:03:32.779] [INFO] resLogger - 
*************** response log start ***************
request method: POST
request originalUrl:  /admin/login
request client ip:  ::1
request body: 
{"username":"liumeng","password":"123"}
response time: 228
response status: 404
response body: 
undefined
*************** response log end ***************

[2017-06-01 15:16:17.788] [INFO] resLogger - 
*************** response log start ***************
request method: GET
request originalUrl:  /assets/vendor/bootstrap/css/bootstrap.min.css.map
request client ip:  ::1
request query:  {}
response time: 4
response status: 404
response body: 
undefined
*************** response log end ***************

[2017-06-01 15:16:20.506] [INFO] resLogger - 
*************** response log start ***************
request method: POST
request originalUrl:  /admin/login
request client ip:  ::1
request body: 
{"username":"liumeng","password":"123"}
response time: 229
response status: 404
response body: 
undefined
*************** response log end ***************

[2017-06-01 15:17:33.689] [INFO] resLogger - 
*************** response log start ***************
request method: GET
request originalUrl:  /assets/vendor/bootstrap/css/bootstrap.min.css.map
request client ip:  ::1
request query:  {}
response time: 5
response status: 404
response body: 
undefined
*************** response log end ***************

[2017-06-01 15:17:35.171] [INFO] resLogger - 
*************** response log start ***************
request method: GET
request originalUrl:  /admin
request client ip:  ::1
request query:  {}
response time: 573
response status: 200
response body: 
"<!DOCTYPE html><html class=\"fullscreen-bg\"><head><title>登录</title><meta charset=\"utf-8\"><meta http-equiv=\"X-UA-Compatible\" content=\"IE=edge,chrome=1\"><meta name=\"viewport\" content=\"width=device-width, initial-scale=1.0, maximum-scale=1.0, user-scalable=0\"><link rel=\"stylesheet\" href=\"../assets/vendor/bootstrap/css/bootstrap.min.css\"><link rel=\"stylesheet\" href=\"../assets/vendor/font-awesome/css/font-awesome.min.css\"><link rel=\"stylesheet\" href=\"../assets/vendor/linearicons/style.css\"><link rel=\"stylesheet\" href=\"../assets/css/main.css\"><link rel=\"stylesheet\" href=\"../assets/css/demo.css\"><link rel=\"apple-touch-icon\" sizes=\"76x76\" href=\"../assets/img/apple-icon.png\"><link rel=\"icon\" type=\"image/png\" sizes=\"96x96\" href=\"../assets/img/favicon.png\"></head><body><div id=\"wrapper\"><div class=\"vertical-align-wrap\"><div class=\"vertical-align-middle\"><div class=\"auth-box\"><div class=\"left\"><div class=\"content\"><div class=\"header\"><p class=\"lead\">登录账户</p></div><form id=\"signinForm\" action=\"/admin/login\" method=\"POST\" class=\"form-auth-small\"><div class=\"form-group\"><label for=\"username\" sr-only class=\"control-label sr-only\">用户名</label><input id=\"username\" type=\"text\" value=\"\" placeholder=\"用户名\" name=\"username\" class=\"form-control\"></div><div class=\"form-group\"><label for=\"password\" sr-only class=\"control-label sr-only\">密码</label><input id=\"password\" type=\"password\" value=\"\" placeholder=\"密码\" name=\"password\" class=\"form-control form-control\"></div><div class=\"form-group clearfix\"><label class=\"fancy-checkbox element-left\"><input type=\"checkbox\" name=\"rememberme\"><span>记住我</span></label></div><button type=\"submit\" class=\"btn btn-primary btn-lg btn-block\">登录</button><div class=\"bottom\"><span class=\"helper-text\"><i class=\"fa fa-lock\"></i><a href=\"#\">忘记密码？</a></span></div></form></div></div><div class=\"right\"><div class=\"overlay\"></div></div><div class=\"clearfix\"></div></div></div></div></div><script src=\"../assets/vendor/jquery/jquery.min.js\"></script><script src=\"../assets/vendor/bootstrap/js/bootstrap.min.js\"></script><script src=\"../assets/vendor/jquery-slimscroll/jquery.slimscroll.min.js\"></script><script src=\"../assets/scripts/klorofil-common.js\"></script><script src=\"../assets/vendor/jquery-validation-1.16.0/dist/jquery.validate.min.js\"></script></body></html>"
*************** response log end ***************

[2017-06-01 15:17:35.348] [INFO] resLogger - 
*************** response log start ***************
request method: GET
request originalUrl:  /assets/vendor/bootstrap/css/bootstrap.min.css.map
request client ip:  ::1
request query:  {}
response time: 4
response status: 404
response body: 
undefined
*************** response log end ***************

[2017-06-01 15:17:37.484] [INFO] resLogger - 
*************** response log start ***************
request method: POST
request originalUrl:  /admin/login
request client ip:  ::1
request body: 
{"username":"123","password":"123"}
response time: 194
response status: 404
response body: 
undefined
*************** response log end ***************

[2017-06-01 15:19:21.948] [INFO] resLogger - 
*************** response log start ***************
request method: GET
request originalUrl:  /assets/vendor/bootstrap/css/bootstrap.min.css.map
request client ip:  ::ffff:127.0.0.1
request query:  {}
response time: 7
response status: 404
response body: 
undefined
*************** response log end ***************

[2017-06-01 15:19:23.356] [INFO] resLogger - 
*************** response log start ***************
request method: POST
request originalUrl:  /admin/login
request client ip:  ::ffff:127.0.0.1
request body: 
{"username":"123","password":"123"}
response time: 219
response status: 404
response body: 
undefined
*************** response log end ***************

[2017-06-01 15:20:31.417] [INFO] resLogger - 
*************** response log start ***************
request method: GET
request originalUrl:  /assets/vendor/bootstrap/css/bootstrap.min.css.map
request client ip:  ::1
request query:  {}
response time: 1
response status: 404
response body: 
undefined
*************** response log end ***************

[2017-06-01 15:20:31.965] [INFO] resLogger - 
*************** response log start ***************
request method: GET
request originalUrl:  /admin
request client ip:  ::1
request query:  {}
response time: 554
response status: 200
response body: 
"<!DOCTYPE html><html class=\"fullscreen-bg\"><head><title>登录</title><meta charset=\"utf-8\"><meta http-equiv=\"X-UA-Compatible\" content=\"IE=edge,chrome=1\"><meta name=\"viewport\" content=\"width=device-width, initial-scale=1.0, maximum-scale=1.0, user-scalable=0\"><link rel=\"stylesheet\" href=\"../assets/vendor/bootstrap/css/bootstrap.min.css\"><link rel=\"stylesheet\" href=\"../assets/vendor/font-awesome/css/font-awesome.min.css\"><link rel=\"stylesheet\" href=\"../assets/vendor/linearicons/style.css\"><link rel=\"stylesheet\" href=\"../assets/css/main.css\"><link rel=\"stylesheet\" href=\"../assets/css/demo.css\"><link rel=\"apple-touch-icon\" sizes=\"76x76\" href=\"../assets/img/apple-icon.png\"><link rel=\"icon\" type=\"image/png\" sizes=\"96x96\" href=\"../assets/img/favicon.png\"></head><body><div id=\"wrapper\"><div class=\"vertical-align-wrap\"><div class=\"vertical-align-middle\"><div class=\"auth-box\"><div class=\"left\"><div class=\"content\"><div class=\"header\"><p class=\"lead\">登录账户</p></div><form id=\"signinForm\" action=\"/admin/login\" method=\"POST\" class=\"form-auth-small\"><div class=\"form-group\"><label for=\"username\" sr-only class=\"control-label sr-only\">用户名</label><input id=\"username\" type=\"text\" value=\"\" placeholder=\"用户名\" name=\"username\" class=\"form-control\"></div><div class=\"form-group\"><label for=\"password\" sr-only class=\"control-label sr-only\">密码</label><input id=\"password\" type=\"password\" value=\"\" placeholder=\"密码\" name=\"password\" class=\"form-control form-control\"></div><div class=\"form-group clearfix\"><label class=\"fancy-checkbox element-left\"><input type=\"checkbox\" name=\"rememberme\"><span>记住我</span></label></div><button type=\"submit\" class=\"btn btn-primary btn-lg btn-block\">登录</button><div class=\"bottom\"><span class=\"helper-text\"><i class=\"fa fa-lock\"></i><a href=\"#\">忘记密码？</a></span></div></form></div></div><div class=\"right\"><div class=\"overlay\"></div></div><div class=\"clearfix\"></div></div></div></div></div><script src=\"../assets/vendor/jquery/jquery.min.js\"></script><script src=\"../assets/vendor/bootstrap/js/bootstrap.min.js\"></script><script src=\"../assets/vendor/jquery-slimscroll/jquery.slimscroll.min.js\"></script><script src=\"../assets/scripts/klorofil-common.js\"></script><script src=\"../assets/vendor/jquery-validation-1.16.0/dist/jquery.validate.min.js\"></script></body></html>"
*************** response log end ***************

[2017-06-01 15:20:32.158] [INFO] resLogger - 
*************** response log start ***************
request method: GET
request originalUrl:  /assets/vendor/bootstrap/css/bootstrap.min.css.map
request client ip:  ::1
request query:  {}
response time: 2
response status: 404
response body: 
undefined
*************** response log end ***************

[2017-06-01 15:20:47.933] [INFO] resLogger - 
*************** response log start ***************
request method: POST
request originalUrl:  /admin/login
request client ip:  ::1
request body: 
{"username":"123","password":"123"}
response time: 230
response status: 404
response body: 
undefined
*************** response log end ***************

[2017-06-01 15:24:59.629] [INFO] resLogger - 
*************** response log start ***************
request method: GET
request originalUrl:  /assets/vendor/bootstrap/css/bootstrap.min.css.map
request client ip:  ::1
request query:  {}
response time: 9
response status: 404
response body: 
undefined
*************** response log end ***************

[2017-06-01 15:25:35.368] [INFO] resLogger - 
*************** response log start ***************
request method: GET
request originalUrl:  /assets/vendor/bootstrap/css/bootstrap.min.css.map
request client ip:  ::1
request query:  {}
response time: 4
response status: 404
response body: 
undefined
*************** response log end ***************

[2017-06-01 15:26:58.785] [INFO] resLogger - 
*************** response log start ***************
request method: GET
request originalUrl:  /assets/vendor/bootstrap/css/bootstrap.min.css.map
request client ip:  ::1
request query:  {}
response time: 4
response status: 404
response body: 
undefined
*************** response log end ***************

[2017-06-01 15:26:59.891] [INFO] resLogger - 
*************** response log start ***************
request method: GET
request originalUrl:  /admin
request client ip:  ::1
request query:  {}
response time: 582
response status: 200
response body: 
"<!DOCTYPE html><html class=\"fullscreen-bg\"><head><title>登录</title><meta charset=\"utf-8\"><meta http-equiv=\"X-UA-Compatible\" content=\"IE=edge,chrome=1\"><meta name=\"viewport\" content=\"width=device-width, initial-scale=1.0, maximum-scale=1.0, user-scalable=0\"><link rel=\"stylesheet\" href=\"../assets/vendor/bootstrap/css/bootstrap.min.css\"><link rel=\"stylesheet\" href=\"../assets/vendor/font-awesome/css/font-awesome.min.css\"><link rel=\"stylesheet\" href=\"../assets/vendor/linearicons/style.css\"><link rel=\"stylesheet\" href=\"../assets/css/main.css\"><link rel=\"stylesheet\" href=\"../assets/css/demo.css\"><link rel=\"apple-touch-icon\" sizes=\"76x76\" href=\"../assets/img/apple-icon.png\"><link rel=\"icon\" type=\"image/png\" sizes=\"96x96\" href=\"../assets/img/favicon.png\"></head><body><div id=\"wrapper\"><div class=\"vertical-align-wrap\"><div class=\"vertical-align-middle\"><div class=\"auth-box\"><div class=\"left\"><div class=\"content\"><div class=\"header\"><p class=\"lead\">登录账户</p></div><form id=\"signinForm\" action=\"/admin/login\" method=\"POST\" class=\"form-auth-small\"><div class=\"form-group\"><label for=\"username\" sr-only class=\"control-label sr-only\">用户名</label><input id=\"username\" type=\"text\" value=\"\" placeholder=\"用户名\" name=\"username\" class=\"form-control\"></div><div class=\"form-group\"><label for=\"password\" sr-only class=\"control-label sr-only\">密码</label><input id=\"password\" type=\"password\" value=\"\" placeholder=\"密码\" name=\"password\" class=\"form-control form-control\"></div><div class=\"form-group clearfix\"><label class=\"fancy-checkbox element-left\"><input type=\"checkbox\" name=\"rememberme\"><span>记住我</span></label></div><button type=\"submit\" class=\"btn btn-primary btn-lg btn-block\">登录</button><div class=\"bottom\"><span class=\"helper-text\"><i class=\"fa fa-lock\"></i><a href=\"#\">忘记密码？</a></span></div></form></div></div><div class=\"right\"><div class=\"overlay\"></div></div><div class=\"clearfix\"></div></div></div></div></div><script src=\"../assets/vendor/jquery/jquery.min.js\"></script><script src=\"../assets/vendor/bootstrap/js/bootstrap.min.js\"></script><script src=\"../assets/vendor/jquery-slimscroll/jquery.slimscroll.min.js\"></script><script src=\"../assets/scripts/klorofil-common.js\"></script><script src=\"../assets/vendor/jquery-validation-1.16.0/dist/jquery.validate.min.js\"></script></body></html>"
*************** response log end ***************

[2017-06-01 15:27:00.093] [INFO] resLogger - 
*************** response log start ***************
request method: GET
request originalUrl:  /assets/vendor/bootstrap/css/bootstrap.min.css.map
request client ip:  ::1
request query:  {}
response time: 2
response status: 404
response body: 
undefined
*************** response log end ***************

[2017-06-01 15:29:06.960] [INFO] resLogger - 
*************** response log start ***************
request method: GET
request originalUrl:  /assets/vendor/bootstrap/css/bootstrap.min.css.map
request client ip:  ::1
request query:  {}
response time: 5
response status: 404
response body: 
undefined
*************** response log end ***************

[2017-06-01 15:30:03.654] [INFO] resLogger - 
*************** response log start ***************
request method: GET
request originalUrl:  /admin
request client ip:  ::1
request query:  {}
response time: 623
response status: 200
response body: 
"<!DOCTYPE html><html class=\"fullscreen-bg\"><head><title>登录</title><meta charset=\"utf-8\"><meta http-equiv=\"X-UA-Compatible\" content=\"IE=edge,chrome=1\"><meta name=\"viewport\" content=\"width=device-width, initial-scale=1.0, maximum-scale=1.0, user-scalable=0\"><link rel=\"stylesheet\" href=\"../assets/vendor/bootstrap/css/bootstrap.min.css\"><link rel=\"stylesheet\" href=\"../assets/vendor/font-awesome/css/font-awesome.min.css\"><link rel=\"stylesheet\" href=\"../assets/vendor/linearicons/style.css\"><link rel=\"stylesheet\" href=\"../assets/css/main.css\"><link rel=\"stylesheet\" href=\"../assets/css/demo.css\"><link rel=\"apple-touch-icon\" sizes=\"76x76\" href=\"../assets/img/apple-icon.png\"><link rel=\"icon\" type=\"image/png\" sizes=\"96x96\" href=\"../assets/img/favicon.png\"></head><body><div id=\"wrapper\"><div class=\"vertical-align-wrap\"><div class=\"vertical-align-middle\"><div class=\"auth-box\"><div class=\"left\"><div class=\"content\"><div class=\"header\"><p class=\"lead\">登录账户</p></div><form id=\"signinForm\" action=\"/admin/login\" method=\"POST\" class=\"form-auth-small\"><div class=\"form-group\"><label for=\"username\" sr-only class=\"control-label sr-only\">用户名</label><input id=\"username\" type=\"text\" value=\"\" placeholder=\"用户名\" name=\"username\" class=\"form-control\"></div><div class=\"form-group\"><label for=\"password\" sr-only class=\"control-label sr-only\">密码</label><input id=\"password\" type=\"password\" value=\"\" placeholder=\"密码\" name=\"password\" class=\"form-control form-control\"></div><div class=\"form-group clearfix\"><label class=\"fancy-checkbox element-left\"><input type=\"checkbox\" name=\"rememberme\"><span>记住我</span></label></div><button type=\"submit\" class=\"btn btn-primary btn-lg btn-block\">登录</button><div class=\"bottom\"><span class=\"helper-text\"><i class=\"fa fa-lock\"></i><a href=\"#\">忘记密码？</a></span></div></form></div></div><div class=\"right\"><div class=\"overlay\"></div></div><div class=\"clearfix\"></div></div></div></div></div><script src=\"../assets/vendor/jquery/jquery.min.js\"></script><script src=\"../assets/vendor/bootstrap/js/bootstrap.min.js\"></script><script src=\"../assets/vendor/jquery-slimscroll/jquery.slimscroll.min.js\"></script><script src=\"../assets/scripts/klorofil-common.js\"></script><script src=\"../assets/vendor/jquery-validation-1.16.0/dist/jquery.validate.min.js\"></script></body></html>"
*************** response log end ***************

[2017-06-01 15:30:03.889] [INFO] resLogger - 
*************** response log start ***************
request method: GET
request originalUrl:  /assets/vendor/bootstrap/css/bootstrap.min.css.map
request client ip:  ::1
request query:  {}
response time: 2
response status: 404
response body: 
undefined
*************** response log end ***************

[2017-06-01 15:30:53.199] [INFO] resLogger - 
*************** response log start ***************
request method: GET
request originalUrl:  /assets/vendor/bootstrap/css/bootstrap.min.css.map
request client ip:  ::1
request query:  {}
response time: 6
response status: 404
response body: 
undefined
*************** response log end ***************

[2017-06-01 15:30:54.211] [INFO] resLogger - 
*************** response log start ***************
request method: GET
request originalUrl:  /admin
request client ip:  ::1
request query:  {}
response time: 552
response status: 200
response body: 
"<!DOCTYPE html><html class=\"fullscreen-bg\"><head><title>登录</title><meta charset=\"utf-8\"><meta http-equiv=\"X-UA-Compatible\" content=\"IE=edge,chrome=1\"><meta name=\"viewport\" content=\"width=device-width, initial-scale=1.0, maximum-scale=1.0, user-scalable=0\"><link rel=\"stylesheet\" href=\"../assets/vendor/bootstrap/css/bootstrap.min.css\"><link rel=\"stylesheet\" href=\"../assets/vendor/font-awesome/css/font-awesome.min.css\"><link rel=\"stylesheet\" href=\"../assets/vendor/linearicons/style.css\"><link rel=\"stylesheet\" href=\"../assets/css/main.css\"><link rel=\"stylesheet\" href=\"../assets/css/demo.css\"><link rel=\"apple-touch-icon\" sizes=\"76x76\" href=\"../assets/img/apple-icon.png\"><link rel=\"icon\" type=\"image/png\" sizes=\"96x96\" href=\"../assets/img/favicon.png\"></head><body><div id=\"wrapper\"><div class=\"vertical-align-wrap\"><div class=\"vertical-align-middle\"><div class=\"auth-box\"><div class=\"left\"><div class=\"content\"><div class=\"header\"><p class=\"lead\">登录账户</p></div><form id=\"signinForm\" action=\"/admin/login\" method=\"POST\" class=\"form-auth-small\"><div class=\"form-group\"><label for=\"username\" sr-only class=\"control-label sr-only\">用户名</label><input id=\"username\" type=\"text\" value=\"\" placeholder=\"用户名\" name=\"username\" class=\"form-control\"></div><div class=\"form-group\"><label for=\"password\" sr-only class=\"control-label sr-only\">密码</label><input id=\"password\" type=\"password\" value=\"\" placeholder=\"密码\" name=\"password\" class=\"form-control form-control\"></div><div class=\"form-group clearfix\"><label class=\"fancy-checkbox element-left\"><input type=\"checkbox\" name=\"rememberme\"><span>记住我</span></label></div><button type=\"submit\" class=\"btn btn-primary btn-lg btn-block\">登录</button><div class=\"bottom\"><span class=\"helper-text\"><i class=\"fa fa-lock\"></i><a href=\"#\">忘记密码？</a></span></div></form></div></div><div class=\"right\"><div class=\"overlay\"></div></div><div class=\"clearfix\"></div></div></div></div></div><script src=\"../assets/vendor/jquery/jquery.min.js\"></script><script src=\"../assets/vendor/bootstrap/js/bootstrap.min.js\"></script><script src=\"../assets/vendor/jquery-slimscroll/jquery.slimscroll.min.js\"></script><script src=\"../assets/scripts/klorofil-common.js\"></script><script src=\"../assets/vendor/jquery-validation-1.16.0/dist/jquery.validate.min.js\"></script></body></html>"
*************** response log end ***************

[2017-06-01 15:30:54.397] [INFO] resLogger - 
*************** response log start ***************
request method: GET
request originalUrl:  /assets/vendor/bootstrap/css/bootstrap.min.css.map
request client ip:  ::1
request query:  {}
response time: 2
response status: 404
response body: 
undefined
*************** response log end ***************

[2017-06-01 15:31:15.786] [INFO] resLogger - 
*************** response log start ***************
request method: GET
request originalUrl:  /admin
request client ip:  ::1
request query:  {}
response time: 147
response status: 200
response body: 
"<!DOCTYPE html><html class=\"fullscreen-bg\"><head><title>登录</title><meta charset=\"utf-8\"><meta http-equiv=\"X-UA-Compatible\" content=\"IE=edge,chrome=1\"><meta name=\"viewport\" content=\"width=device-width, initial-scale=1.0, maximum-scale=1.0, user-scalable=0\"><link rel=\"stylesheet\" href=\"../assets/vendor/bootstrap/css/bootstrap.min.css\"><link rel=\"stylesheet\" href=\"../assets/vendor/font-awesome/css/font-awesome.min.css\"><link rel=\"stylesheet\" href=\"../assets/vendor/linearicons/style.css\"><link rel=\"stylesheet\" href=\"../assets/css/main.css\"><link rel=\"stylesheet\" href=\"../assets/css/demo.css\"><link rel=\"apple-touch-icon\" sizes=\"76x76\" href=\"../assets/img/apple-icon.png\"><link rel=\"icon\" type=\"image/png\" sizes=\"96x96\" href=\"../assets/img/favicon.png\"></head><body><div id=\"wrapper\"><div class=\"vertical-align-wrap\"><div class=\"vertical-align-middle\"><div class=\"auth-box\"><div class=\"left\"><div class=\"content\"><div class=\"header\"><p class=\"lead\">登录账户</p></div><form id=\"signinForm\" action=\"/admin/login\" method=\"POST\" class=\"form-auth-small\"><div class=\"form-group\"><label for=\"username\" sr-only class=\"control-label sr-only\">用户名</label><input id=\"username\" type=\"text\" value=\"123\" placeholder=\"用户名\" name=\"username\" class=\"form-control\"></div><div class=\"form-group\"><label for=\"password\" sr-only class=\"control-label sr-only\">密码</label><input id=\"password\" type=\"password\" value=\"123\" placeholder=\"密码\" name=\"password\" class=\"form-control form-control\"></div><div class=\"form-group clearfix\"><label class=\"fancy-checkbox element-left\"><input type=\"checkbox\" name=\"rememberme\"><span>记住我</span></label></div><button type=\"submit\" class=\"btn btn-primary btn-lg btn-block\">登录</button><div class=\"bottom\"><span class=\"helper-text\"><i class=\"fa fa-lock\"></i><a href=\"#\">忘记密码？</a></span></div></form></div></div><div class=\"right\"><div class=\"overlay\"></div></div><div class=\"clearfix\"></div></div></div></div></div><script src=\"../assets/vendor/jquery/jquery.min.js\"></script><script src=\"../assets/vendor/bootstrap/js/bootstrap.min.js\"></script><script src=\"../assets/vendor/jquery-slimscroll/jquery.slimscroll.min.js\"></script><script src=\"../assets/scripts/klorofil-common.js\"></script><script src=\"../assets/vendor/jquery-validation-1.16.0/dist/jquery.validate.min.js\"></script></body></html>"
*************** response log end ***************

[2017-06-01 15:31:15.990] [INFO] resLogger - 
*************** response log start ***************
request method: GET
request originalUrl:  /assets/vendor/bootstrap/css/bootstrap.min.css.map
request client ip:  ::1
request query:  {}
response time: 3
response status: 404
response body: 
undefined
*************** response log end ***************

[2017-06-01 15:33:49.727] [INFO] resLogger - 
*************** response log start ***************
request method: GET
request originalUrl:  /admin
request client ip:  ::1
request query:  {}
response time: 546
response status: 200
response body: 
"<!DOCTYPE html><html class=\"fullscreen-bg\"><head><title>登录</title><meta charset=\"utf-8\"><meta http-equiv=\"X-UA-Compatible\" content=\"IE=edge,chrome=1\"><meta name=\"viewport\" content=\"width=device-width, initial-scale=1.0, maximum-scale=1.0, user-scalable=0\"><link rel=\"stylesheet\" href=\"../assets/vendor/bootstrap/css/bootstrap.min.css\"><link rel=\"stylesheet\" href=\"../assets/vendor/font-awesome/css/font-awesome.min.css\"><link rel=\"stylesheet\" href=\"../assets/vendor/linearicons/style.css\"><link rel=\"stylesheet\" href=\"../assets/css/main.css\"><link rel=\"stylesheet\" href=\"../assets/css/demo.css\"><link rel=\"apple-touch-icon\" sizes=\"76x76\" href=\"../assets/img/apple-icon.png\"><link rel=\"icon\" type=\"image/png\" sizes=\"96x96\" href=\"../assets/img/favicon.png\"></head><body><div id=\"wrapper\"><div class=\"vertical-align-wrap\"><div class=\"vertical-align-middle\"><div class=\"auth-box\"><div class=\"left\"><div class=\"content\"><div class=\"header\"><p class=\"lead\">登录账户</p></div><form id=\"signinForm\" action=\"/admin/login\" method=\"POST\" class=\"form-auth-small\"><div class=\"form-group\"><label for=\"username\" sr-only class=\"control-label sr-only\">用户名</label><input id=\"username\" type=\"text\" value=\"123\" placeholder=\"用户名\" name=\"username\" class=\"form-control\"></div><div class=\"form-group\"><label for=\"password\" sr-only class=\"control-label sr-only\">密码</label><input id=\"password\" type=\"password\" value=\"123\" placeholder=\"密码\" name=\"password\" class=\"form-control form-control\"></div><div class=\"form-group clearfix\"><label class=\"fancy-checkbox element-left\"><input type=\"checkbox\" name=\"rememberme\"><span>记住我</span></label></div><button type=\"submit\" class=\"btn btn-primary btn-lg btn-block\">登录</button><div class=\"bottom\"><span class=\"helper-text\"><i class=\"fa fa-lock\"></i><a href=\"#\">忘记密码？</a></span></div></form></div></div><div class=\"right\"><div class=\"overlay\"></div></div><div class=\"clearfix\"></div></div></div></div></div><script src=\"../assets/vendor/jquery/jquery.min.js\"></script><script src=\"../assets/vendor/bootstrap/js/bootstrap.min.js\"></script><script src=\"../assets/vendor/jquery-slimscroll/jquery.slimscroll.min.js\"></script><script src=\"../assets/scripts/klorofil-common.js\"></script><script src=\"../assets/vendor/jquery-validation-1.16.0/dist/jquery.validate.min.js\"></script></body></html>"
*************** response log end ***************

[2017-06-01 15:33:49.934] [INFO] resLogger - 
*************** response log start ***************
request method: GET
request originalUrl:  /assets/vendor/bootstrap/css/bootstrap.min.css.map
request client ip:  ::1
request query:  {}
response time: 4
response status: 404
response body: 
undefined
*************** response log end ***************

[2017-06-01 15:40:38.923] [INFO] resLogger - 
*************** response log start ***************
request method: GET
request originalUrl:  /admin
request client ip:  ::1
request query:  {}
response time: 553
response status: 200
response body: 
"<!DOCTYPE html><html class=\"fullscreen-bg\"><head><title>登录</title><meta charset=\"utf-8\"><meta http-equiv=\"X-UA-Compatible\" content=\"IE=edge,chrome=1\"><meta name=\"viewport\" content=\"width=device-width, initial-scale=1.0, maximum-scale=1.0, user-scalable=0\"><link rel=\"stylesheet\" href=\"../assets/vendor/bootstrap/css/bootstrap.min.css\"><link rel=\"stylesheet\" href=\"../assets/vendor/font-awesome/css/font-awesome.min.css\"><link rel=\"stylesheet\" href=\"../assets/vendor/linearicons/style.css\"><link rel=\"stylesheet\" href=\"../assets/css/main.css\"><link rel=\"stylesheet\" href=\"../assets/css/demo.css\"><link rel=\"apple-touch-icon\" sizes=\"76x76\" href=\"../assets/img/apple-icon.png\"><link rel=\"icon\" type=\"image/png\" sizes=\"96x96\" href=\"../assets/img/favicon.png\"></head><body><div id=\"wrapper\"><div class=\"vertical-align-wrap\"><div class=\"vertical-align-middle\"><div class=\"auth-box\"><div class=\"left\"><div class=\"content\"><div class=\"header\"><p class=\"lead\">登录账户</p></div><form id=\"signinForm\" action=\"/admin/login\" method=\"POST\" class=\"form-auth-small\"><div class=\"form-group\"><label for=\"username\" sr-only class=\"control-label sr-only\">用户名</label><input id=\"username\" type=\"text\" value=\"123\" placeholder=\"用户名\" name=\"username\" class=\"form-control\"></div><div class=\"form-group\"><label for=\"password\" sr-only class=\"control-label sr-only\">密码</label><input id=\"password\" type=\"password\" value=\"123\" placeholder=\"密码\" name=\"password\" class=\"form-control form-control\"></div><div class=\"form-group clearfix\"><label class=\"fancy-checkbox element-left\"><input type=\"checkbox\" name=\"rememberme\"><span>记住我</span></label></div><button type=\"submit\" class=\"btn btn-primary btn-lg btn-block\">登录</button><div class=\"bottom\"><span class=\"helper-text\"><i class=\"fa fa-lock\"></i><a href=\"#\">忘记密码？</a></span></div></form></div></div><div class=\"right\"><div class=\"overlay\"></div></div><div class=\"clearfix\"></div></div></div></div></div><script src=\"../assets/vendor/jquery/jquery.min.js\"></script><script src=\"../assets/vendor/bootstrap/js/bootstrap.min.js\"></script><script src=\"../assets/vendor/jquery-slimscroll/jquery.slimscroll.min.js\"></script><script src=\"../assets/scripts/klorofil-common.js\"></script><script src=\"../assets/vendor/jquery-validation-1.16.0/dist/jquery.validate.min.js\"></script></body></html>"
*************** response log end ***************

[2017-06-01 15:40:39.106] [INFO] resLogger - 
*************** response log start ***************
request method: GET
request originalUrl:  /assets/vendor/bootstrap/css/bootstrap.min.css.map
request client ip:  ::1
request query:  {}
response time: 4
response status: 404
response body: 
undefined
*************** response log end ***************

[2017-06-01 15:40:39.966] [INFO] resLogger - 
*************** response log start ***************
request method: POST
request originalUrl:  /admin/login
request client ip:  ::1
request body: 
{"username":"123","password":"123"}
response time: 293
response status: 204
response body: 
undefined
*************** response log end ***************

[2017-06-01 15:40:51.891] [INFO] resLogger - 
*************** response log start ***************
request method: POST
request originalUrl:  /admin/login
request client ip:  ::1
request body: 
{"username":"123","password":"123"}
response time: 133
response status: 204
response body: 
undefined
*************** response log end ***************

[2017-06-01 15:41:44.528] [INFO] resLogger - 
*************** response log start ***************
request method: POST
request originalUrl:  /admin/login
request client ip:  ::1
request body: 
{"username":"123","password":"123"}
response time: 736
response status: 204
response body: 
undefined
*************** response log end ***************

[2017-06-01 15:42:39.806] [INFO] resLogger - 
*************** response log start ***************
request method: POST
request originalUrl:  /admin/login
request client ip:  ::1
request body: 
{"username":"123","password":"123"}
response time: 290
response status: 404
response body: 
undefined
*************** response log end ***************

[2017-06-01 15:42:54.594] [INFO] resLogger - 
*************** response log start ***************
request method: GET
request originalUrl:  /assets/vendor/bootstrap/css/bootstrap.min.css.map
request client ip:  ::ffff:127.0.0.1
request query:  {}
response time: 2
response status: 404
response body: 
undefined
*************** response log end ***************

[2017-06-01 15:42:55.209] [INFO] resLogger - 
*************** response log start ***************
request method: POST
request originalUrl:  /admin/login
request client ip:  ::ffff:127.0.0.1
request body: 
{"username":"123","password":"123"}
response time: 779
response status: 204
response body: 
undefined
*************** response log end ***************

[2017-06-01 15:44:47.994] [INFO] resLogger - 
*************** response log start ***************
request method: POST
request originalUrl:  /admin/login
request client ip:  ::1
request body: 
{"username":"123","password":"123"}
response time: 757
response status: 204
response body: 
undefined
*************** response log end ***************

[2017-06-01 15:54:57.142] [INFO] resLogger - 
*************** response log start ***************
request method: GET
request originalUrl:  /admin
request client ip:  ::1
request query:  {}
response time: 667
response status: 200
response body: 
"<!DOCTYPE html><html class=\"fullscreen-bg\"><head><title>登录</title><meta charset=\"utf-8\"><meta http-equiv=\"X-UA-Compatible\" content=\"IE=edge,chrome=1\"><meta name=\"viewport\" content=\"width=device-width, initial-scale=1.0, maximum-scale=1.0, user-scalable=0\"><link rel=\"stylesheet\" href=\"../assets/vendor/bootstrap/css/bootstrap.min.css\"><link rel=\"stylesheet\" href=\"../assets/vendor/font-awesome/css/font-awesome.min.css\"><link rel=\"stylesheet\" href=\"../assets/vendor/linearicons/style.css\"><link rel=\"stylesheet\" href=\"../assets/css/main.css\"><link rel=\"stylesheet\" href=\"../assets/css/demo.css\"><link rel=\"apple-touch-icon\" sizes=\"76x76\" href=\"../assets/img/apple-icon.png\"><link rel=\"icon\" type=\"image/png\" sizes=\"96x96\" href=\"../assets/img/favicon.png\"></head><body><div id=\"wrapper\"><div class=\"vertical-align-wrap\"><div class=\"vertical-align-middle\"><div class=\"auth-box\"><div class=\"left\"><div class=\"content\"><div class=\"header\"><p class=\"lead\">登录账户</p></div><form id=\"signinForm\" action=\"/admin/login\" method=\"POST\" class=\"form-auth-small\"><div class=\"form-group\"><label for=\"username\" sr-only class=\"control-label sr-only\">用户名</label><input id=\"username\" type=\"text\" value=\"123\" placeholder=\"用户名\" name=\"username\" class=\"form-control\"></div><div class=\"form-group\"><label for=\"password\" sr-only class=\"control-label sr-only\">密码</label><input id=\"password\" type=\"password\" value=\"123\" placeholder=\"密码\" name=\"password\" class=\"form-control form-control\"></div><div class=\"form-group clearfix\"><label class=\"fancy-checkbox element-left\"><input type=\"checkbox\" name=\"rememberme\"><span>记住我</span></label></div><button type=\"submit\" class=\"btn btn-primary btn-lg btn-block\">登录</button><div class=\"bottom\"><span class=\"helper-text\"><i class=\"fa fa-lock\"></i><a href=\"#\">忘记密码？</a></span></div></form></div></div><div class=\"right\"><div class=\"overlay\"></div></div><div class=\"clearfix\"></div></div></div></div></div><script src=\"../assets/vendor/jquery/jquery.min.js\"></script><script src=\"../assets/vendor/bootstrap/js/bootstrap.min.js\"></script><script src=\"../assets/vendor/jquery-slimscroll/jquery.slimscroll.min.js\"></script><script src=\"../assets/scripts/klorofil-common.js\"></script><script src=\"../assets/vendor/jquery-validation-1.16.0/dist/jquery.validate.min.js\"></script></body></html>"
*************** response log end ***************

[2017-06-01 15:54:57.348] [INFO] resLogger - 
*************** response log start ***************
request method: GET
request originalUrl:  /assets/vendor/bootstrap/css/bootstrap.min.css.map
request client ip:  ::1
request query:  {}
response time: 6
response status: 404
response body: 
undefined
*************** response log end ***************

[2017-06-01 15:55:02.664] [INFO] resLogger - 
*************** response log start ***************
request method: POST
request originalUrl:  /admin/login
request client ip:  ::1
request body: 
{"username":"123","password":"123"}
response time: 314
response status: 200
response body: 
"<!DOCTYPE html><html class=\"fullscreen-bg\"><head><title></title><meta charset=\"utf-8\"><meta http-equiv=\"X-UA-Compatible\" content=\"IE=edge,chrome=1\"><meta name=\"viewport\" content=\"width=device-width, initial-scale=1.0, maximum-scale=1.0, user-scalable=0\"><link rel=\"stylesheet\" href=\"assets/vendor/bootstrap/css/bootstrap.min.css\"><link rel=\"stylesheet\" href=\"assets/vendor/font-awesome/css/font-awesome.min.css\"><link rel=\"stylesheet\" href=\"assets/vendor/linearicons/style.css\"><link rel=\"stylesheet\" href=\"assets/css/main.css\"><link rel=\"stylesheet\" href=\"assets/css/demo.css\"><link rel=\"apple-touch-icon\" sizes=\"76x76\" href=\"assets/img/apple-icon.png\"><link rel=\"icon\" type=\"image/png\" sizes=\"96x96\" href=\"assets/img/favicon.png\"></head><body><h1></h1><h2></h2><pre></pre></body></html>"
*************** response log end ***************

[2017-06-01 15:55:02.681] [INFO] resLogger - 
*************** response log start ***************
request method: GET
request originalUrl:  /admin/assets/vendor/bootstrap/css/bootstrap.min.css
request client ip:  ::1
request query:  {}
response time: 1
response status: 404
response body: 
undefined
*************** response log end ***************

[2017-06-01 15:55:02.686] [INFO] resLogger - 
*************** response log start ***************
request method: GET
request originalUrl:  /admin/assets/vendor/font-awesome/css/font-awesome.min.css
request client ip:  ::1
request query:  {}
response time: 3
response status: 404
response body: 
undefined
*************** response log end ***************

[2017-06-01 15:55:02.690] [INFO] resLogger - 
*************** response log start ***************
request method: GET
request originalUrl:  /admin/assets/vendor/linearicons/style.css
request client ip:  ::1
request query:  {}
response time: 0
response status: 404
response body: 
undefined
*************** response log end ***************

[2017-06-01 15:55:02.692] [INFO] resLogger - 
*************** response log start ***************
request method: GET
request originalUrl:  /admin/assets/css/main.css
request client ip:  ::1
request query:  {}
response time: 1
response status: 404
response body: 
undefined
*************** response log end ***************

[2017-06-01 15:55:02.700] [INFO] resLogger - 
*************** response log start ***************
request method: GET
request originalUrl:  /admin/assets/css/demo.css
request client ip:  ::1
request query:  {}
response time: 5
response status: 404
response body: 
undefined
*************** response log end ***************

[2017-06-01 15:55:56.096] [INFO] resLogger - 
*************** response log start ***************
request method: GET
request originalUrl:  /assets/vendor/bootstrap/css/bootstrap.min.css.map
request client ip:  ::1
request query:  {}
response time: 2
response status: 404
response body: 
undefined
*************** response log end ***************

[2017-06-01 15:55:56.828] [INFO] resLogger - 
*************** response log start ***************
request method: GET
request originalUrl:  /admin
request client ip:  ::1
request query:  {}
response time: 132
response status: 200
response body: 
"<!DOCTYPE html><html class=\"fullscreen-bg\"><head><title>登录</title><meta charset=\"utf-8\"><meta http-equiv=\"X-UA-Compatible\" content=\"IE=edge,chrome=1\"><meta name=\"viewport\" content=\"width=device-width, initial-scale=1.0, maximum-scale=1.0, user-scalable=0\"><link rel=\"stylesheet\" href=\"../assets/vendor/bootstrap/css/bootstrap.min.css\"><link rel=\"stylesheet\" href=\"../assets/vendor/font-awesome/css/font-awesome.min.css\"><link rel=\"stylesheet\" href=\"../assets/vendor/linearicons/style.css\"><link rel=\"stylesheet\" href=\"../assets/css/main.css\"><link rel=\"stylesheet\" href=\"../assets/css/demo.css\"><link rel=\"apple-touch-icon\" sizes=\"76x76\" href=\"../assets/img/apple-icon.png\"><link rel=\"icon\" type=\"image/png\" sizes=\"96x96\" href=\"../assets/img/favicon.png\"></head><body><div id=\"wrapper\"><div class=\"vertical-align-wrap\"><div class=\"vertical-align-middle\"><div class=\"auth-box\"><div class=\"left\"><div class=\"content\"><div class=\"header\"><p class=\"lead\">登录账户</p></div><form id=\"signinForm\" action=\"/admin/login\" method=\"POST\" class=\"form-auth-small\"><div class=\"form-group\"><label for=\"username\" sr-only class=\"control-label sr-only\">用户名</label><input id=\"username\" type=\"text\" value=\"123\" placeholder=\"用户名\" name=\"username\" class=\"form-control\"></div><div class=\"form-group\"><label for=\"password\" sr-only class=\"control-label sr-only\">密码</label><input id=\"password\" type=\"password\" value=\"123\" placeholder=\"密码\" name=\"password\" class=\"form-control form-control\"></div><div class=\"form-group clearfix\"><label class=\"fancy-checkbox element-left\"><input type=\"checkbox\" name=\"rememberme\"><span>记住我</span></label></div><button type=\"submit\" class=\"btn btn-primary btn-lg btn-block\">登录</button><div class=\"bottom\"><span class=\"helper-text\"><i class=\"fa fa-lock\"></i><a href=\"#\">忘记密码？</a></span></div></form></div></div><div class=\"right\"><div class=\"overlay\"></div></div><div class=\"clearfix\"></div></div></div></div></div><script src=\"../assets/vendor/jquery/jquery.min.js\"></script><script src=\"../assets/vendor/bootstrap/js/bootstrap.min.js\"></script><script src=\"../assets/vendor/jquery-slimscroll/jquery.slimscroll.min.js\"></script><script src=\"../assets/scripts/klorofil-common.js\"></script><script src=\"../assets/vendor/jquery-validation-1.16.0/dist/jquery.validate.min.js\"></script></body></html>"
*************** response log end ***************

[2017-06-01 15:55:56.998] [INFO] resLogger - 
*************** response log start ***************
request method: GET
request originalUrl:  /assets/vendor/bootstrap/css/bootstrap.min.css.map
request client ip:  ::1
request query:  {}
response time: 4
response status: 404
response body: 
undefined
*************** response log end ***************

[2017-06-01 15:55:58.073] [INFO] resLogger - 
*************** response log start ***************
request method: POST
request originalUrl:  /admin/login
request client ip:  ::1
request body: 
{"username":"123","password":"123"}
response time: 161
response status: 200
response body: 
"<!DOCTYPE html><html class=\"fullscreen-bg\"><head><title></title><meta charset=\"utf-8\"><meta http-equiv=\"X-UA-Compatible\" content=\"IE=edge,chrome=1\"><meta name=\"viewport\" content=\"width=device-width, initial-scale=1.0, maximum-scale=1.0, user-scalable=0\"><link rel=\"stylesheet\" href=\"assets/vendor/bootstrap/css/bootstrap.min.css\"><link rel=\"stylesheet\" href=\"assets/vendor/font-awesome/css/font-awesome.min.css\"><link rel=\"stylesheet\" href=\"assets/vendor/linearicons/style.css\"><link rel=\"stylesheet\" href=\"assets/css/main.css\"><link rel=\"stylesheet\" href=\"assets/css/demo.css\"><link rel=\"apple-touch-icon\" sizes=\"76x76\" href=\"assets/img/apple-icon.png\"><link rel=\"icon\" type=\"image/png\" sizes=\"96x96\" href=\"assets/img/favicon.png\"></head><body><h1>出错啦</h1></body></html>"
*************** response log end ***************

[2017-06-01 15:55:58.102] [INFO] resLogger - 
*************** response log start ***************
request method: GET
request originalUrl:  /admin/assets/vendor/bootstrap/css/bootstrap.min.css
request client ip:  ::1
request query:  {}
response time: 2
response status: 404
response body: 
undefined
*************** response log end ***************

[2017-06-01 15:55:58.110] [INFO] resLogger - 
*************** response log start ***************
request method: GET
request originalUrl:  /admin/assets/vendor/font-awesome/css/font-awesome.min.css
request client ip:  ::1
request query:  {}
response time: 6
response status: 404
response body: 
undefined
*************** response log end ***************

[2017-06-01 15:55:58.114] [INFO] resLogger - 
*************** response log start ***************
request method: GET
request originalUrl:  /admin/assets/vendor/linearicons/style.css
request client ip:  ::1
request query:  {}
response time: 3
response status: 404
response body: 
undefined
*************** response log end ***************

[2017-06-01 15:55:58.116] [INFO] resLogger - 
*************** response log start ***************
request method: GET
request originalUrl:  /admin/assets/css/main.css
request client ip:  ::1
request query:  {}
response time: 0
response status: 404
response body: 
undefined
*************** response log end ***************

[2017-06-01 15:55:58.118] [INFO] resLogger - 
*************** response log start ***************
request method: GET
request originalUrl:  /admin/assets/css/demo.css
request client ip:  ::1
request query:  {}
response time: 2
response status: 404
response body: 
undefined
*************** response log end ***************

