[2017-08-27 21:24:49.439] [INFO] resLogger - 
*************** response log start ***************
request method: GET
request originalUrl:  /api/user/?token=eyJhbGciOiJIUzI1NiIsInR5cCI6IkpXVCJ9.eyJkYXRhIjp7ImlkIjoiZDBkNzE0NDctZjc2Zi00NDZmLTg2N2MtMDg3NTAwMTlhMDE2IiwibmFtZSI6ImFkbWluIiwiZ2VuZGVyIjp0cnVlLCJlbWFpbCI6IjM3ODMzODYyN0BxcS5jb20ifSwiaWF0IjoxNTAzNjI2MDI2LCJleHAiOjE1MDM3MTI0MjZ9.z4rqNyXw0eY11XffFUmpszt8qL5E6ZE9ywHj444B3Mg
request client ip:  ::ffff:127.0.0.1
request query:  {"token":"eyJhbGciOiJIUzI1NiIsInR5cCI6IkpXVCJ9.eyJkYXRhIjp7ImlkIjoiZDBkNzE0NDctZjc2Zi00NDZmLTg2N2MtMDg3NTAwMTlhMDE2IiwibmFtZSI6ImFkbWluIiwiZ2VuZGVyIjp0cnVlLCJlbWFpbCI6IjM3ODMzODYyN0BxcS5jb20ifSwiaWF0IjoxNTAzNjI2MDI2LCJleHAiOjE1MDM3MTI0MjZ9.z4rqNyXw0eY11XffFUmpszt8qL5E6ZE9ywHj444B3Mg"}
response time: 94
response status: 200
response body: 
{"name":"jwtError","status":10003,"message":"身份验证错误！"}
*************** response log end ***************

[2017-08-27 21:24:53.309] [INFO] resLogger - 
*************** response log start ***************
request method: OPTIONS
request originalUrl:  /api/user/login
request client ip:  ::ffff:127.0.0.1
request body: 
{}
response time: 4
response status: 204
response body: 
undefined
*************** response log end ***************

[2017-08-27 21:24:56.493] [INFO] resLogger - 
*************** response log start ***************
request method: POST
request originalUrl:  /api/user/login
request client ip:  ::ffff:127.0.0.1
request body: 
{"username":"admin","password":"admin"}
response time: 2631
response status: 200
response body: 
{"status":0,"data":{"name":"admin","email":"378338627@qq.com","phone":"15822927208","password":"$2a$10$gC8KbRA6pMCVvD2irCuZb.dsh57qd88OwLfukMSQEnDY0Set3L81i","gender":true,"token":"eyJhbGciOiJIUzI1NiIsInR5cCI6IkpXVCJ9.eyJkYXRhIjp7ImlkIjoiZDBkNzE0NDctZjc2Zi00NDZmLTg2N2MtMDg3NTAwMTlhMDE2IiwibmFtZSI6ImFkbWluIiwiZ2VuZGVyIjp0cnVlLCJlbWFpbCI6IjM3ODMzODYyN0BxcS5jb20ifSwiaWF0IjoxNTAzODQwMjk2LCJleHAiOjE1MDM5MjY2OTZ9.nONZOMWXimWGyiqa5gcTOTyD0RoLtPGQ3uEsKyK-m8M","canLogin":true,"status":1,"id":"d0d71447-f76f-446f-867c-08750019a016","createdAt":1503625702903,"updatedAt":1503840296309,"version":2},"message":"登录成功！"}
*************** response log end ***************

[2017-08-27 21:24:58.841] [INFO] resLogger - 
*************** response log start ***************
request method: GET
request originalUrl:  /api/user/?token=eyJhbGciOiJIUzI1NiIsInR5cCI6IkpXVCJ9.eyJkYXRhIjp7ImlkIjoiZDBkNzE0NDctZjc2Zi00NDZmLTg2N2MtMDg3NTAwMTlhMDE2IiwibmFtZSI6ImFkbWluIiwiZ2VuZGVyIjp0cnVlLCJlbWFpbCI6IjM3ODMzODYyN0BxcS5jb20ifSwiaWF0IjoxNTAzODQwMjk2LCJleHAiOjE1MDM5MjY2OTZ9.nONZOMWXimWGyiqa5gcTOTyD0RoLtPGQ3uEsKyK-m8M
request client ip:  ::ffff:127.0.0.1
request query:  {"token":"eyJhbGciOiJIUzI1NiIsInR5cCI6IkpXVCJ9.eyJkYXRhIjp7ImlkIjoiZDBkNzE0NDctZjc2Zi00NDZmLTg2N2MtMDg3NTAwMTlhMDE2IiwibmFtZSI6ImFkbWluIiwiZ2VuZGVyIjp0cnVlLCJlbWFpbCI6IjM3ODMzODYyN0BxcS5jb20ifSwiaWF0IjoxNTAzODQwMjk2LCJleHAiOjE1MDM5MjY2OTZ9.nONZOMWXimWGyiqa5gcTOTyD0RoLtPGQ3uEsKyK-m8M"}
response time: 308
response status: 200
response body: 
{"status":0,"data":{"name":"admin","email":"378338627@qq.com","phone":"15822927208","password":"$2a$10$gC8KbRA6pMCVvD2irCuZb.dsh57qd88OwLfukMSQEnDY0Set3L81i","gender":true,"token":"eyJhbGciOiJIUzI1NiIsInR5cCI6IkpXVCJ9.eyJkYXRhIjp7ImlkIjoiZDBkNzE0NDctZjc2Zi00NDZmLTg2N2MtMDg3NTAwMTlhMDE2IiwibmFtZSI6ImFkbWluIiwiZ2VuZGVyIjp0cnVlLCJlbWFpbCI6IjM3ODMzODYyN0BxcS5jb20ifSwiaWF0IjoxNTAzODQwMjk2LCJleHAiOjE1MDM5MjY2OTZ9.nONZOMWXimWGyiqa5gcTOTyD0RoLtPGQ3uEsKyK-m8M","canLogin":true,"status":1,"id":"d0d71447-f76f-446f-867c-08750019a016","createdAt":1503625702903,"updatedAt":1503840296309,"version":2}}
*************** response log end ***************

[2017-08-27 21:25:11.393] [INFO] resLogger - 
*************** response log start ***************
request method: GET
request originalUrl:  /api/user/?token=eyJhbGciOiJIUzI1NiIsInR5cCI6IkpXVCJ9.eyJkYXRhIjp7ImlkIjoiZDBkNzE0NDctZjc2Zi00NDZmLTg2N2MtMDg3NTAwMTlhMDE2IiwibmFtZSI6ImFkbWluIiwiZ2VuZGVyIjp0cnVlLCJlbWFpbCI6IjM3ODMzODYyN0BxcS5jb20ifSwiaWF0IjoxNTAzODQwMjk2LCJleHAiOjE1MDM5MjY2OTZ9.nONZOMWXimWGyiqa5gcTOTyD0RoLtPGQ3uEsKyK-m8M
request client ip:  ::ffff:127.0.0.1
request query:  {"token":"eyJhbGciOiJIUzI1NiIsInR5cCI6IkpXVCJ9.eyJkYXRhIjp7ImlkIjoiZDBkNzE0NDctZjc2Zi00NDZmLTg2N2MtMDg3NTAwMTlhMDE2IiwibmFtZSI6ImFkbWluIiwiZ2VuZGVyIjp0cnVlLCJlbWFpbCI6IjM3ODMzODYyN0BxcS5jb20ifSwiaWF0IjoxNTAzODQwMjk2LCJleHAiOjE1MDM5MjY2OTZ9.nONZOMWXimWGyiqa5gcTOTyD0RoLtPGQ3uEsKyK-m8M"}
response time: 96
response status: 200
response body: 
{"status":0,"data":{"name":"admin","email":"378338627@qq.com","phone":"15822927208","password":"$2a$10$gC8KbRA6pMCVvD2irCuZb.dsh57qd88OwLfukMSQEnDY0Set3L81i","gender":true,"token":"eyJhbGciOiJIUzI1NiIsInR5cCI6IkpXVCJ9.eyJkYXRhIjp7ImlkIjoiZDBkNzE0NDctZjc2Zi00NDZmLTg2N2MtMDg3NTAwMTlhMDE2IiwibmFtZSI6ImFkbWluIiwiZ2VuZGVyIjp0cnVlLCJlbWFpbCI6IjM3ODMzODYyN0BxcS5jb20ifSwiaWF0IjoxNTAzODQwMjk2LCJleHAiOjE1MDM5MjY2OTZ9.nONZOMWXimWGyiqa5gcTOTyD0RoLtPGQ3uEsKyK-m8M","canLogin":true,"status":1,"id":"d0d71447-f76f-446f-867c-08750019a016","createdAt":1503625702903,"updatedAt":1503840296309,"version":2}}
*************** response log end ***************

[2017-08-27 21:25:12.537] [INFO] resLogger - 
*************** response log start ***************
request method: GET
request originalUrl:  /api/user/?token=eyJhbGciOiJIUzI1NiIsInR5cCI6IkpXVCJ9.eyJkYXRhIjp7ImlkIjoiZDBkNzE0NDctZjc2Zi00NDZmLTg2N2MtMDg3NTAwMTlhMDE2IiwibmFtZSI6ImFkbWluIiwiZ2VuZGVyIjp0cnVlLCJlbWFpbCI6IjM3ODMzODYyN0BxcS5jb20ifSwiaWF0IjoxNTAzODQwMjk2LCJleHAiOjE1MDM5MjY2OTZ9.nONZOMWXimWGyiqa5gcTOTyD0RoLtPGQ3uEsKyK-m8M
request client ip:  ::ffff:127.0.0.1
request query:  {"token":"eyJhbGciOiJIUzI1NiIsInR5cCI6IkpXVCJ9.eyJkYXRhIjp7ImlkIjoiZDBkNzE0NDctZjc2Zi00NDZmLTg2N2MtMDg3NTAwMTlhMDE2IiwibmFtZSI6ImFkbWluIiwiZ2VuZGVyIjp0cnVlLCJlbWFpbCI6IjM3ODMzODYyN0BxcS5jb20ifSwiaWF0IjoxNTAzODQwMjk2LCJleHAiOjE1MDM5MjY2OTZ9.nONZOMWXimWGyiqa5gcTOTyD0RoLtPGQ3uEsKyK-m8M"}
response time: 78
response status: 200
response body: 
{"status":0,"data":{"name":"admin","email":"378338627@qq.com","phone":"15822927208","password":"$2a$10$gC8KbRA6pMCVvD2irCuZb.dsh57qd88OwLfukMSQEnDY0Set3L81i","gender":true,"token":"eyJhbGciOiJIUzI1NiIsInR5cCI6IkpXVCJ9.eyJkYXRhIjp7ImlkIjoiZDBkNzE0NDctZjc2Zi00NDZmLTg2N2MtMDg3NTAwMTlhMDE2IiwibmFtZSI6ImFkbWluIiwiZ2VuZGVyIjp0cnVlLCJlbWFpbCI6IjM3ODMzODYyN0BxcS5jb20ifSwiaWF0IjoxNTAzODQwMjk2LCJleHAiOjE1MDM5MjY2OTZ9.nONZOMWXimWGyiqa5gcTOTyD0RoLtPGQ3uEsKyK-m8M","canLogin":true,"status":1,"id":"d0d71447-f76f-446f-867c-08750019a016","createdAt":1503625702903,"updatedAt":1503840296309,"version":2}}
*************** response log end ***************

[2017-08-27 21:25:12.802] [INFO] resLogger - 
*************** response log start ***************
request method: GET
request originalUrl:  /api/business/list/page/1?token=eyJhbGciOiJIUzI1NiIsInR5cCI6IkpXVCJ9.eyJkYXRhIjp7ImlkIjoiZDBkNzE0NDctZjc2Zi00NDZmLTg2N2MtMDg3NTAwMTlhMDE2IiwibmFtZSI6ImFkbWluIiwiZ2VuZGVyIjp0cnVlLCJlbWFpbCI6IjM3ODMzODYyN0BxcS5jb20ifSwiaWF0IjoxNTAzODQwMjk2LCJleHAiOjE1MDM5MjY2OTZ9.nONZOMWXimWGyiqa5gcTOTyD0RoLtPGQ3uEsKyK-m8M
request client ip:  ::ffff:127.0.0.1
request query:  {"token":"eyJhbGciOiJIUzI1NiIsInR5cCI6IkpXVCJ9.eyJkYXRhIjp7ImlkIjoiZDBkNzE0NDctZjc2Zi00NDZmLTg2N2MtMDg3NTAwMTlhMDE2IiwibmFtZSI6ImFkbWluIiwiZ2VuZGVyIjp0cnVlLCJlbWFpbCI6IjM3ODMzODYyN0BxcS5jb20ifSwiaWF0IjoxNTAzODQwMjk2LCJleHAiOjE1MDM5MjY2OTZ9.nONZOMWXimWGyiqa5gcTOTyD0RoLtPGQ3uEsKyK-m8M"}
response time: 258
response status: 200
response body: 
{"status":0,"data":[],"total":0}
*************** response log end ***************

[2017-08-27 21:35:37.376] [INFO] resLogger - 
*************** response log start ***************
request method: GET
request originalUrl:  /api/user/?token=eyJhbGciOiJIUzI1NiIsInR5cCI6IkpXVCJ9.eyJkYXRhIjp7ImlkIjoiZDBkNzE0NDctZjc2Zi00NDZmLTg2N2MtMDg3NTAwMTlhMDE2IiwibmFtZSI6ImFkbWluIiwiZ2VuZGVyIjp0cnVlLCJlbWFpbCI6IjM3ODMzODYyN0BxcS5jb20ifSwiaWF0IjoxNTAzODQwMjk2LCJleHAiOjE1MDM5MjY2OTZ9.nONZOMWXimWGyiqa5gcTOTyD0RoLtPGQ3uEsKyK-m8M
request client ip:  ::ffff:127.0.0.1
request query:  {"token":"eyJhbGciOiJIUzI1NiIsInR5cCI6IkpXVCJ9.eyJkYXRhIjp7ImlkIjoiZDBkNzE0NDctZjc2Zi00NDZmLTg2N2MtMDg3NTAwMTlhMDE2IiwibmFtZSI6ImFkbWluIiwiZ2VuZGVyIjp0cnVlLCJlbWFpbCI6IjM3ODMzODYyN0BxcS5jb20ifSwiaWF0IjoxNTAzODQwMjk2LCJleHAiOjE1MDM5MjY2OTZ9.nONZOMWXimWGyiqa5gcTOTyD0RoLtPGQ3uEsKyK-m8M"}
response time: 212
response status: 200
response body: 
{"status":0,"data":{"name":"admin","email":"378338627@qq.com","phone":"15822927208","password":"$2a$10$gC8KbRA6pMCVvD2irCuZb.dsh57qd88OwLfukMSQEnDY0Set3L81i","gender":true,"token":"eyJhbGciOiJIUzI1NiIsInR5cCI6IkpXVCJ9.eyJkYXRhIjp7ImlkIjoiZDBkNzE0NDctZjc2Zi00NDZmLTg2N2MtMDg3NTAwMTlhMDE2IiwibmFtZSI6ImFkbWluIiwiZ2VuZGVyIjp0cnVlLCJlbWFpbCI6IjM3ODMzODYyN0BxcS5jb20ifSwiaWF0IjoxNTAzODQwMjk2LCJleHAiOjE1MDM5MjY2OTZ9.nONZOMWXimWGyiqa5gcTOTyD0RoLtPGQ3uEsKyK-m8M","canLogin":true,"status":1,"id":"d0d71447-f76f-446f-867c-08750019a016","createdAt":1503625702903,"updatedAt":1503840296309,"version":2}}
*************** response log end ***************

[2017-08-27 21:45:03.992] [INFO] resLogger - 
*************** response log start ***************
request method: GET
request originalUrl:  /api/user/?token=eyJhbGciOiJIUzI1NiIsInR5cCI6IkpXVCJ9.eyJkYXRhIjp7ImlkIjoiZDBkNzE0NDctZjc2Zi00NDZmLTg2N2MtMDg3NTAwMTlhMDE2IiwibmFtZSI6ImFkbWluIiwiZ2VuZGVyIjp0cnVlLCJlbWFpbCI6IjM3ODMzODYyN0BxcS5jb20ifSwiaWF0IjoxNTAzODQwMjk2LCJleHAiOjE1MDM5MjY2OTZ9.nONZOMWXimWGyiqa5gcTOTyD0RoLtPGQ3uEsKyK-m8M
request client ip:  ::ffff:127.0.0.1
request query:  {"token":"eyJhbGciOiJIUzI1NiIsInR5cCI6IkpXVCJ9.eyJkYXRhIjp7ImlkIjoiZDBkNzE0NDctZjc2Zi00NDZmLTg2N2MtMDg3NTAwMTlhMDE2IiwibmFtZSI6ImFkbWluIiwiZ2VuZGVyIjp0cnVlLCJlbWFpbCI6IjM3ODMzODYyN0BxcS5jb20ifSwiaWF0IjoxNTAzODQwMjk2LCJleHAiOjE1MDM5MjY2OTZ9.nONZOMWXimWGyiqa5gcTOTyD0RoLtPGQ3uEsKyK-m8M"}
response time: 250
response status: 200
response body: 
{"status":0,"data":{"name":"admin","email":"378338627@qq.com","phone":"15822927208","password":"$2a$10$gC8KbRA6pMCVvD2irCuZb.dsh57qd88OwLfukMSQEnDY0Set3L81i","gender":true,"token":"eyJhbGciOiJIUzI1NiIsInR5cCI6IkpXVCJ9.eyJkYXRhIjp7ImlkIjoiZDBkNzE0NDctZjc2Zi00NDZmLTg2N2MtMDg3NTAwMTlhMDE2IiwibmFtZSI6ImFkbWluIiwiZ2VuZGVyIjp0cnVlLCJlbWFpbCI6IjM3ODMzODYyN0BxcS5jb20ifSwiaWF0IjoxNTAzODQwMjk2LCJleHAiOjE1MDM5MjY2OTZ9.nONZOMWXimWGyiqa5gcTOTyD0RoLtPGQ3uEsKyK-m8M","canLogin":true,"status":1,"id":"d0d71447-f76f-446f-867c-08750019a016","createdAt":1503625702903,"updatedAt":1503840296309,"version":2}}
*************** response log end ***************

[2017-08-27 21:52:10.239] [INFO] resLogger - 
*************** response log start ***************
request method: GET
request originalUrl:  /api/user/?token=eyJhbGciOiJIUzI1NiIsInR5cCI6IkpXVCJ9.eyJkYXRhIjp7ImlkIjoiZDBkNzE0NDctZjc2Zi00NDZmLTg2N2MtMDg3NTAwMTlhMDE2IiwibmFtZSI6ImFkbWluIiwiZ2VuZGVyIjp0cnVlLCJlbWFpbCI6IjM3ODMzODYyN0BxcS5jb20ifSwiaWF0IjoxNTAzODQwMjk2LCJleHAiOjE1MDM5MjY2OTZ9.nONZOMWXimWGyiqa5gcTOTyD0RoLtPGQ3uEsKyK-m8M
request client ip:  ::ffff:127.0.0.1
request query:  {"token":"eyJhbGciOiJIUzI1NiIsInR5cCI6IkpXVCJ9.eyJkYXRhIjp7ImlkIjoiZDBkNzE0NDctZjc2Zi00NDZmLTg2N2MtMDg3NTAwMTlhMDE2IiwibmFtZSI6ImFkbWluIiwiZ2VuZGVyIjp0cnVlLCJlbWFpbCI6IjM3ODMzODYyN0BxcS5jb20ifSwiaWF0IjoxNTAzODQwMjk2LCJleHAiOjE1MDM5MjY2OTZ9.nONZOMWXimWGyiqa5gcTOTyD0RoLtPGQ3uEsKyK-m8M"}
response time: 234
response status: 200
response body: 
{"status":0,"data":{"name":"admin","email":"378338627@qq.com","phone":"15822927208","password":"$2a$10$gC8KbRA6pMCVvD2irCuZb.dsh57qd88OwLfukMSQEnDY0Set3L81i","gender":true,"token":"eyJhbGciOiJIUzI1NiIsInR5cCI6IkpXVCJ9.eyJkYXRhIjp7ImlkIjoiZDBkNzE0NDctZjc2Zi00NDZmLTg2N2MtMDg3NTAwMTlhMDE2IiwibmFtZSI6ImFkbWluIiwiZ2VuZGVyIjp0cnVlLCJlbWFpbCI6IjM3ODMzODYyN0BxcS5jb20ifSwiaWF0IjoxNTAzODQwMjk2LCJleHAiOjE1MDM5MjY2OTZ9.nONZOMWXimWGyiqa5gcTOTyD0RoLtPGQ3uEsKyK-m8M","canLogin":true,"status":1,"id":"d0d71447-f76f-446f-867c-08750019a016","createdAt":1503625702903,"updatedAt":1503840296309,"version":2}}
*************** response log end ***************

[2017-08-27 21:56:33.660] [INFO] resLogger - 
*************** response log start ***************
request method: GET
request originalUrl:  /api/user/?token=eyJhbGciOiJIUzI1NiIsInR5cCI6IkpXVCJ9.eyJkYXRhIjp7ImlkIjoiZDBkNzE0NDctZjc2Zi00NDZmLTg2N2MtMDg3NTAwMTlhMDE2IiwibmFtZSI6ImFkbWluIiwiZ2VuZGVyIjp0cnVlLCJlbWFpbCI6IjM3ODMzODYyN0BxcS5jb20ifSwiaWF0IjoxNTAzODQwMjk2LCJleHAiOjE1MDM5MjY2OTZ9.nONZOMWXimWGyiqa5gcTOTyD0RoLtPGQ3uEsKyK-m8M
request client ip:  ::ffff:127.0.0.1
request query:  {"token":"eyJhbGciOiJIUzI1NiIsInR5cCI6IkpXVCJ9.eyJkYXRhIjp7ImlkIjoiZDBkNzE0NDctZjc2Zi00NDZmLTg2N2MtMDg3NTAwMTlhMDE2IiwibmFtZSI6ImFkbWluIiwiZ2VuZGVyIjp0cnVlLCJlbWFpbCI6IjM3ODMzODYyN0BxcS5jb20ifSwiaWF0IjoxNTAzODQwMjk2LCJleHAiOjE1MDM5MjY2OTZ9.nONZOMWXimWGyiqa5gcTOTyD0RoLtPGQ3uEsKyK-m8M"}
response time: 202
response status: 200
response body: 
{"status":0,"data":{"name":"admin","email":"378338627@qq.com","phone":"15822927208","password":"$2a$10$gC8KbRA6pMCVvD2irCuZb.dsh57qd88OwLfukMSQEnDY0Set3L81i","gender":true,"token":"eyJhbGciOiJIUzI1NiIsInR5cCI6IkpXVCJ9.eyJkYXRhIjp7ImlkIjoiZDBkNzE0NDctZjc2Zi00NDZmLTg2N2MtMDg3NTAwMTlhMDE2IiwibmFtZSI6ImFkbWluIiwiZ2VuZGVyIjp0cnVlLCJlbWFpbCI6IjM3ODMzODYyN0BxcS5jb20ifSwiaWF0IjoxNTAzODQwMjk2LCJleHAiOjE1MDM5MjY2OTZ9.nONZOMWXimWGyiqa5gcTOTyD0RoLtPGQ3uEsKyK-m8M","canLogin":true,"status":1,"id":"d0d71447-f76f-446f-867c-08750019a016","createdAt":1503625702903,"updatedAt":1503840296309,"version":2}}
*************** response log end ***************

[2017-08-27 21:57:11.544] [INFO] resLogger - 
*************** response log start ***************
request method: GET
request originalUrl:  /api/user/?token=eyJhbGciOiJIUzI1NiIsInR5cCI6IkpXVCJ9.eyJkYXRhIjp7ImlkIjoiZDBkNzE0NDctZjc2Zi00NDZmLTg2N2MtMDg3NTAwMTlhMDE2IiwibmFtZSI6ImFkbWluIiwiZ2VuZGVyIjp0cnVlLCJlbWFpbCI6IjM3ODMzODYyN0BxcS5jb20ifSwiaWF0IjoxNTAzODQwMjk2LCJleHAiOjE1MDM5MjY2OTZ9.nONZOMWXimWGyiqa5gcTOTyD0RoLtPGQ3uEsKyK-m8M
request client ip:  ::ffff:127.0.0.1
request query:  {"token":"eyJhbGciOiJIUzI1NiIsInR5cCI6IkpXVCJ9.eyJkYXRhIjp7ImlkIjoiZDBkNzE0NDctZjc2Zi00NDZmLTg2N2MtMDg3NTAwMTlhMDE2IiwibmFtZSI6ImFkbWluIiwiZ2VuZGVyIjp0cnVlLCJlbWFpbCI6IjM3ODMzODYyN0BxcS5jb20ifSwiaWF0IjoxNTAzODQwMjk2LCJleHAiOjE1MDM5MjY2OTZ9.nONZOMWXimWGyiqa5gcTOTyD0RoLtPGQ3uEsKyK-m8M"}
response time: 442
response status: 200
response body: 
{"status":0,"data":{"name":"admin","email":"378338627@qq.com","phone":"15822927208","password":"$2a$10$gC8KbRA6pMCVvD2irCuZb.dsh57qd88OwLfukMSQEnDY0Set3L81i","gender":true,"token":"eyJhbGciOiJIUzI1NiIsInR5cCI6IkpXVCJ9.eyJkYXRhIjp7ImlkIjoiZDBkNzE0NDctZjc2Zi00NDZmLTg2N2MtMDg3NTAwMTlhMDE2IiwibmFtZSI6ImFkbWluIiwiZ2VuZGVyIjp0cnVlLCJlbWFpbCI6IjM3ODMzODYyN0BxcS5jb20ifSwiaWF0IjoxNTAzODQwMjk2LCJleHAiOjE1MDM5MjY2OTZ9.nONZOMWXimWGyiqa5gcTOTyD0RoLtPGQ3uEsKyK-m8M","canLogin":true,"status":1,"id":"d0d71447-f76f-446f-867c-08750019a016","createdAt":1503625702903,"updatedAt":1503840296309,"version":2}}
*************** response log end ***************

