[2017-06-21 11:13:40.229] [INFO] resLogger - 
*************** response log start ***************
request method: OPTIONS
request originalUrl:  /api/user/login
request client ip:  ::ffff:127.0.0.1
request body: 
{}
response time: 14
response status: 200
response body: 
{"success":false,"error":{"status":404,"message":"页面未找到","stack":"url 未定义"}}
*************** response log end ***************

[2017-06-21 11:15:06.984] [INFO] resLogger - 
*************** response log start ***************
request method: OPTIONS
request originalUrl:  /api/user/login
request client ip:  ::ffff:127.0.0.1
request body: 
{}
response time: 13
response status: 200
response body: 
{"success":false,"error":{"status":404,"message":"页面未找到","stack":"url 未定义"}}
*************** response log end ***************

[2017-06-21 11:15:08.571] [INFO] resLogger - 
*************** response log start ***************
request method: OPTIONS
request originalUrl:  /api/user/login
request client ip:  ::ffff:127.0.0.1
request body: 
{}
response time: 7
response status: 200
response body: 
{"success":false,"error":{"status":404,"message":"页面未找到","stack":"url 未定义"}}
*************** response log end ***************

[2017-06-21 11:16:20.589] [INFO] resLogger - 
*************** response log start ***************
request method: OPTIONS
request originalUrl:  /api/user/login
request client ip:  ::ffff:127.0.0.1
request body: 
{}
response time: 2
response status: 200
response body: 
{"success":false,"error":{"status":404,"message":"页面未找到","stack":"url 未定义"}}
*************** response log end ***************

[2017-06-21 11:23:48.725] [INFO] resLogger - 
*************** response log start ***************
request method: OPTIONS
request originalUrl:  /api/user/login
request client ip:  ::ffff:127.0.0.1
request body: 
{}
response time: 4
response status: 204
response body: 
undefined
*************** response log end ***************

[2017-06-21 11:23:56.063] [INFO] resLogger - 
*************** response log start ***************
request method: POST
request originalUrl:  /api/user/login
request client ip:  ::ffff:127.0.0.1
request body: 
{"username":"1","password":"2"}
response time: 6910
response status: 200
response body: 
{"success":false,"error":{"status":500}}
*************** response log end ***************

[2017-06-21 11:24:46.655] [INFO] resLogger - 
*************** response log start ***************
request method: OPTIONS
request originalUrl:  /api/user/login
request client ip:  ::ffff:127.0.0.1
request body: 
{}
response time: 1
response status: 204
response body: 
undefined
*************** response log end ***************

[2017-06-21 11:24:47.004] [INFO] resLogger - 
*************** response log start ***************
request method: POST
request originalUrl:  /api/user/login
request client ip:  ::ffff:127.0.0.1
request body: 
{"username":"1","password":"1"}
response time: 158
response status: 200
response body: 
{"success":false,"error":{"status":500}}
*************** response log end ***************

[2017-06-21 11:25:17.572] [INFO] resLogger - 
*************** response log start ***************
request method: OPTIONS
request originalUrl:  /api/user/login
request client ip:  ::ffff:127.0.0.1
request body: 
{}
response time: 1
response status: 204
response body: 
undefined
*************** response log end ***************

[2017-06-21 11:25:18.082] [INFO] resLogger - 
*************** response log start ***************
request method: POST
request originalUrl:  /api/user/login
request client ip:  ::ffff:127.0.0.1
request body: 
{"username":"admin","password":"123456"}
response time: 320
response status: 200
response body: 
{"success":false,"error":{"status":500}}
*************** response log end ***************

[2017-06-21 11:25:39.132] [INFO] resLogger - 
*************** response log start ***************
request method: OPTIONS
request originalUrl:  /api/user/login
request client ip:  ::ffff:127.0.0.1
request body: 
{}
response time: 1
response status: 204
response body: 
undefined
*************** response log end ***************

[2017-06-21 11:25:39.566] [INFO] resLogger - 
*************** response log start ***************
request method: POST
request originalUrl:  /api/user/login
request client ip:  ::ffff:127.0.0.1
request body: 
{"username":"admin","password":"admin"}
response time: 245
response status: 200
response body: 
{"success":false,"error":{"status":500}}
*************** response log end ***************

