[2017-07-18 09:18:02.108] [INFO] resLogger - 
*************** response log start ***************
request method: GET
request originalUrl:  /api/user/?token=eyJhbGciOiJIUzI1NiIsInR5cCI6IkpXVCJ9.eyJkYXRhIjp7ImlkIjoiYTg2MTUyMDMtYjQyZi00OGMxLTk3YzQtYzc3OTNkZWY2NGIxIiwibmFtZSI6ImFkbWluIiwiZ2VuZGVyIjp0cnVlLCJlbWFpbCI6IjM3ODMzODYyN0BxcS5jb20ifSwiaWF0IjoxNTAwMjg2MTA1LCJleHAiOjE1MDAzNzI1MDV9.cS97GexDtAqr4ridbajHCqQtsnihC7Bch2L01W6xXf8
request client ip:  ::ffff:127.0.0.1
request query:  {"token":"eyJhbGciOiJIUzI1NiIsInR5cCI6IkpXVCJ9.eyJkYXRhIjp7ImlkIjoiYTg2MTUyMDMtYjQyZi00OGMxLTk3YzQtYzc3OTNkZWY2NGIxIiwibmFtZSI6ImFkbWluIiwiZ2VuZGVyIjp0cnVlLCJlbWFpbCI6IjM3ODMzODYyN0BxcS5jb20ifSwiaWF0IjoxNTAwMjg2MTA1LCJleHAiOjE1MDAzNzI1MDV9.cS97GexDtAqr4ridbajHCqQtsnihC7Bch2L01W6xXf8"}
response time: 349
response status: 200
response body: 
{"status":0,"data":{"name":"admin","email":"378338627@qq.com","password":"$2a$10$xmgJzl6FH05MXqtHAwT8ieXHc.8A.B.PBX.cv16LPt.5q9w08CrhK","gender":true,"token":"eyJhbGciOiJIUzI1NiIsInR5cCI6IkpXVCJ9.eyJkYXRhIjp7ImlkIjoiYTg2MTUyMDMtYjQyZi00OGMxLTk3YzQtYzc3OTNkZWY2NGIxIiwibmFtZSI6ImFkbWluIiwiZ2VuZGVyIjp0cnVlLCJlbWFpbCI6IjM3ODMzODYyN0BxcS5jb20ifSwiaWF0IjoxNTAwMjg2MTA1LCJleHAiOjE1MDAzNzI1MDV9.cS97GexDtAqr4ridbajHCqQtsnihC7Bch2L01W6xXf8","id":"a8615203-b42f-48c1-97c4-c7793def64b1","createdAt":1499934432149,"updatedAt":1499934432149,"version":0}}
*************** response log end ***************

[2017-07-18 09:18:04.038] [INFO] resLogger - 
*************** response log start ***************
request method: GET
request originalUrl:  /api/buildings/list/page/1?token=eyJhbGciOiJIUzI1NiIsInR5cCI6IkpXVCJ9.eyJkYXRhIjp7ImlkIjoiYTg2MTUyMDMtYjQyZi00OGMxLTk3YzQtYzc3OTNkZWY2NGIxIiwibmFtZSI6ImFkbWluIiwiZ2VuZGVyIjp0cnVlLCJlbWFpbCI6IjM3ODMzODYyN0BxcS5jb20ifSwiaWF0IjoxNTAwMjg2MTA1LCJleHAiOjE1MDAzNzI1MDV9.cS97GexDtAqr4ridbajHCqQtsnihC7Bch2L01W6xXf8
request client ip:  ::ffff:127.0.0.1
request query:  {"token":"eyJhbGciOiJIUzI1NiIsInR5cCI6IkpXVCJ9.eyJkYXRhIjp7ImlkIjoiYTg2MTUyMDMtYjQyZi00OGMxLTk3YzQtYzc3OTNkZWY2NGIxIiwibmFtZSI6ImFkbWluIiwiZ2VuZGVyIjp0cnVlLCJlbWFpbCI6IjM3ODMzODYyN0BxcS5jb20ifSwiaWF0IjoxNTAwMjg2MTA1LCJleHAiOjE1MDAzNzI1MDV9.cS97GexDtAqr4ridbajHCqQtsnihC7Bch2L01W6xXf8"}
response time: 234
response status: 200
response body: 
{"status":0,"data":[{"name":"13","address":"13","minfloor":1,"maxfloor":13,"status":1,"id":"b5ed3c18-af10-4b54-b6b0-91c6cfe6ced1","createdAt":1500286613733,"updatedAt":1500286613733,"version":0},{"name":"11","address":"11","minfloor":11,"maxfloor":11,"status":1,"id":"c4adf53b-6d21-47f6-95bf-0080d742ccba","createdAt":1500200671780,"updatedAt":1500200671780,"version":0},{"name":"10","address":"10","minfloor":10,"maxfloor":10,"status":1,"id":"849b5c4f-747e-470f-a04c-41d5311324a9","createdAt":1500200666110,"updatedAt":1500200666110,"version":0},{"name":"9","address":"9","minfloor":9,"maxfloor":9,"status":1,"id":"7b2a1627-2664-4706-be3d-ef749105b6db","createdAt":1500200657240,"updatedAt":1500200657240,"version":0},{"name":"8","address":"8","minfloor":8,"maxfloor":8,"status":1,"id":"08de1df1-6a03-4f67-8c86-9b641b98cbef","createdAt":1500200652345,"updatedAt":1500200652345,"version":0},{"name":"7","address":"7","minfloor":7,"maxfloor":7,"status":1,"id":"b4636169-c5d1-452e-bf3d-b6b7cccb691c","createdAt":1500200646891,"updatedAt":1500200646891,"version":0},{"name":"6","address":"6","minfloor":6,"maxfloor":6,"status":1,"id":"bcc6bbe8-87a0-4573-b329-9806efe70ae0","createdAt":1500200639691,"updatedAt":1500200639691,"version":0},{"name":"5","address":"5","minfloor":5,"maxfloor":5,"status":1,"id":"014f0122-625a-41a6-aff8-288982b6aa46","createdAt":1500200632990,"updatedAt":1500200632990,"version":0},{"name":"4","address":"4","minfloor":4,"maxfloor":4,"status":1,"id":"5d25aa77-b962-44ef-944a-7f09fef8f889","createdAt":1500200622996,"updatedAt":1500200622996,"version":0},{"name":"3","address":"3","minfloor":1,"maxfloor":3,"status":1,"id":"964327a7-daab-4202-82bc-5f2861841332","createdAt":1499935652954,"updatedAt":1499935652954,"version":0}],"total":12}
*************** response log end ***************

[2017-07-18 09:20:33.320] [INFO] resLogger - 
*************** response log start ***************
request method: GET
request originalUrl:  /api/user/?token=eyJhbGciOiJIUzI1NiIsInR5cCI6IkpXVCJ9.eyJkYXRhIjp7ImlkIjoiYTg2MTUyMDMtYjQyZi00OGMxLTk3YzQtYzc3OTNkZWY2NGIxIiwibmFtZSI6ImFkbWluIiwiZ2VuZGVyIjp0cnVlLCJlbWFpbCI6IjM3ODMzODYyN0BxcS5jb20ifSwiaWF0IjoxNTAwMjg2MTA1LCJleHAiOjE1MDAzNzI1MDV9.cS97GexDtAqr4ridbajHCqQtsnihC7Bch2L01W6xXf8
request client ip:  ::ffff:127.0.0.1
request query:  {"token":"eyJhbGciOiJIUzI1NiIsInR5cCI6IkpXVCJ9.eyJkYXRhIjp7ImlkIjoiYTg2MTUyMDMtYjQyZi00OGMxLTk3YzQtYzc3OTNkZWY2NGIxIiwibmFtZSI6ImFkbWluIiwiZ2VuZGVyIjp0cnVlLCJlbWFpbCI6IjM3ODMzODYyN0BxcS5jb20ifSwiaWF0IjoxNTAwMjg2MTA1LCJleHAiOjE1MDAzNzI1MDV9.cS97GexDtAqr4ridbajHCqQtsnihC7Bch2L01W6xXf8"}
response time: 276
response status: 200
response body: 
{"status":0,"data":{"name":"admin","email":"378338627@qq.com","password":"$2a$10$xmgJzl6FH05MXqtHAwT8ieXHc.8A.B.PBX.cv16LPt.5q9w08CrhK","gender":true,"token":"eyJhbGciOiJIUzI1NiIsInR5cCI6IkpXVCJ9.eyJkYXRhIjp7ImlkIjoiYTg2MTUyMDMtYjQyZi00OGMxLTk3YzQtYzc3OTNkZWY2NGIxIiwibmFtZSI6ImFkbWluIiwiZ2VuZGVyIjp0cnVlLCJlbWFpbCI6IjM3ODMzODYyN0BxcS5jb20ifSwiaWF0IjoxNTAwMjg2MTA1LCJleHAiOjE1MDAzNzI1MDV9.cS97GexDtAqr4ridbajHCqQtsnihC7Bch2L01W6xXf8","id":"a8615203-b42f-48c1-97c4-c7793def64b1","createdAt":1499934432149,"updatedAt":1499934432149,"version":0}}
*************** response log end ***************

[2017-07-18 09:20:35.165] [INFO] resLogger - 
*************** response log start ***************
request method: GET
request originalUrl:  /api/buildings/list/page/1?token=eyJhbGciOiJIUzI1NiIsInR5cCI6IkpXVCJ9.eyJkYXRhIjp7ImlkIjoiYTg2MTUyMDMtYjQyZi00OGMxLTk3YzQtYzc3OTNkZWY2NGIxIiwibmFtZSI6ImFkbWluIiwiZ2VuZGVyIjp0cnVlLCJlbWFpbCI6IjM3ODMzODYyN0BxcS5jb20ifSwiaWF0IjoxNTAwMjg2MTA1LCJleHAiOjE1MDAzNzI1MDV9.cS97GexDtAqr4ridbajHCqQtsnihC7Bch2L01W6xXf8
request client ip:  ::ffff:127.0.0.1
request query:  {"token":"eyJhbGciOiJIUzI1NiIsInR5cCI6IkpXVCJ9.eyJkYXRhIjp7ImlkIjoiYTg2MTUyMDMtYjQyZi00OGMxLTk3YzQtYzc3OTNkZWY2NGIxIiwibmFtZSI6ImFkbWluIiwiZ2VuZGVyIjp0cnVlLCJlbWFpbCI6IjM3ODMzODYyN0BxcS5jb20ifSwiaWF0IjoxNTAwMjg2MTA1LCJleHAiOjE1MDAzNzI1MDV9.cS97GexDtAqr4ridbajHCqQtsnihC7Bch2L01W6xXf8"}
response time: 88
response status: 200
response body: 
{"status":0,"data":[{"name":"13","address":"13","minfloor":1,"maxfloor":13,"status":1,"id":"b5ed3c18-af10-4b54-b6b0-91c6cfe6ced1","createdAt":1500286613733,"updatedAt":1500286613733,"version":0},{"name":"11","address":"11","minfloor":11,"maxfloor":11,"status":1,"id":"c4adf53b-6d21-47f6-95bf-0080d742ccba","createdAt":1500200671780,"updatedAt":1500200671780,"version":0},{"name":"10","address":"10","minfloor":10,"maxfloor":10,"status":1,"id":"849b5c4f-747e-470f-a04c-41d5311324a9","createdAt":1500200666110,"updatedAt":1500200666110,"version":0},{"name":"9","address":"9","minfloor":9,"maxfloor":9,"status":1,"id":"7b2a1627-2664-4706-be3d-ef749105b6db","createdAt":1500200657240,"updatedAt":1500200657240,"version":0},{"name":"8","address":"8","minfloor":8,"maxfloor":8,"status":1,"id":"08de1df1-6a03-4f67-8c86-9b641b98cbef","createdAt":1500200652345,"updatedAt":1500200652345,"version":0},{"name":"7","address":"7","minfloor":7,"maxfloor":7,"status":1,"id":"b4636169-c5d1-452e-bf3d-b6b7cccb691c","createdAt":1500200646891,"updatedAt":1500200646891,"version":0},{"name":"6","address":"6","minfloor":6,"maxfloor":6,"status":1,"id":"bcc6bbe8-87a0-4573-b329-9806efe70ae0","createdAt":1500200639691,"updatedAt":1500200639691,"version":0},{"name":"5","address":"5","minfloor":5,"maxfloor":5,"status":1,"id":"014f0122-625a-41a6-aff8-288982b6aa46","createdAt":1500200632990,"updatedAt":1500200632990,"version":0},{"name":"4","address":"4","minfloor":4,"maxfloor":4,"status":1,"id":"5d25aa77-b962-44ef-944a-7f09fef8f889","createdAt":1500200622996,"updatedAt":1500200622996,"version":0},{"name":"3","address":"3","minfloor":1,"maxfloor":3,"status":1,"id":"964327a7-daab-4202-82bc-5f2861841332","createdAt":1499935652954,"updatedAt":1499935652954,"version":0}],"total":12}
*************** response log end ***************

[2017-07-18 09:25:28.783] [INFO] resLogger - 
*************** response log start ***************
request method: GET
request originalUrl:  /api/user/?token=eyJhbGciOiJIUzI1NiIsInR5cCI6IkpXVCJ9.eyJkYXRhIjp7ImlkIjoiYTg2MTUyMDMtYjQyZi00OGMxLTk3YzQtYzc3OTNkZWY2NGIxIiwibmFtZSI6ImFkbWluIiwiZ2VuZGVyIjp0cnVlLCJlbWFpbCI6IjM3ODMzODYyN0BxcS5jb20ifSwiaWF0IjoxNTAwMjg2MTA1LCJleHAiOjE1MDAzNzI1MDV9.cS97GexDtAqr4ridbajHCqQtsnihC7Bch2L01W6xXf8
request client ip:  ::ffff:127.0.0.1
request query:  {"token":"eyJhbGciOiJIUzI1NiIsInR5cCI6IkpXVCJ9.eyJkYXRhIjp7ImlkIjoiYTg2MTUyMDMtYjQyZi00OGMxLTk3YzQtYzc3OTNkZWY2NGIxIiwibmFtZSI6ImFkbWluIiwiZ2VuZGVyIjp0cnVlLCJlbWFpbCI6IjM3ODMzODYyN0BxcS5jb20ifSwiaWF0IjoxNTAwMjg2MTA1LCJleHAiOjE1MDAzNzI1MDV9.cS97GexDtAqr4ridbajHCqQtsnihC7Bch2L01W6xXf8"}
response time: 95
response status: 200
response body: 
{"status":0,"data":{"name":"admin","email":"378338627@qq.com","password":"$2a$10$xmgJzl6FH05MXqtHAwT8ieXHc.8A.B.PBX.cv16LPt.5q9w08CrhK","gender":true,"token":"eyJhbGciOiJIUzI1NiIsInR5cCI6IkpXVCJ9.eyJkYXRhIjp7ImlkIjoiYTg2MTUyMDMtYjQyZi00OGMxLTk3YzQtYzc3OTNkZWY2NGIxIiwibmFtZSI6ImFkbWluIiwiZ2VuZGVyIjp0cnVlLCJlbWFpbCI6IjM3ODMzODYyN0BxcS5jb20ifSwiaWF0IjoxNTAwMjg2MTA1LCJleHAiOjE1MDAzNzI1MDV9.cS97GexDtAqr4ridbajHCqQtsnihC7Bch2L01W6xXf8","id":"a8615203-b42f-48c1-97c4-c7793def64b1","createdAt":1499934432149,"updatedAt":1499934432149,"version":0}}
*************** response log end ***************

[2017-07-18 09:25:30.815] [INFO] resLogger - 
*************** response log start ***************
request method: GET
request originalUrl:  /api/buildings/list/page/1?token=eyJhbGciOiJIUzI1NiIsInR5cCI6IkpXVCJ9.eyJkYXRhIjp7ImlkIjoiYTg2MTUyMDMtYjQyZi00OGMxLTk3YzQtYzc3OTNkZWY2NGIxIiwibmFtZSI6ImFkbWluIiwiZ2VuZGVyIjp0cnVlLCJlbWFpbCI6IjM3ODMzODYyN0BxcS5jb20ifSwiaWF0IjoxNTAwMjg2MTA1LCJleHAiOjE1MDAzNzI1MDV9.cS97GexDtAqr4ridbajHCqQtsnihC7Bch2L01W6xXf8
request client ip:  ::ffff:127.0.0.1
request query:  {"token":"eyJhbGciOiJIUzI1NiIsInR5cCI6IkpXVCJ9.eyJkYXRhIjp7ImlkIjoiYTg2MTUyMDMtYjQyZi00OGMxLTk3YzQtYzc3OTNkZWY2NGIxIiwibmFtZSI6ImFkbWluIiwiZ2VuZGVyIjp0cnVlLCJlbWFpbCI6IjM3ODMzODYyN0BxcS5jb20ifSwiaWF0IjoxNTAwMjg2MTA1LCJleHAiOjE1MDAzNzI1MDV9.cS97GexDtAqr4ridbajHCqQtsnihC7Bch2L01W6xXf8"}
response time: 99
response status: 200
response body: 
{"status":0,"data":[{"name":"13","address":"13","minfloor":1,"maxfloor":13,"status":1,"id":"b5ed3c18-af10-4b54-b6b0-91c6cfe6ced1","createdAt":1500286613733,"updatedAt":1500286613733,"version":0},{"name":"11","address":"11","minfloor":11,"maxfloor":11,"status":1,"id":"c4adf53b-6d21-47f6-95bf-0080d742ccba","createdAt":1500200671780,"updatedAt":1500200671780,"version":0},{"name":"10","address":"10","minfloor":10,"maxfloor":10,"status":1,"id":"849b5c4f-747e-470f-a04c-41d5311324a9","createdAt":1500200666110,"updatedAt":1500200666110,"version":0},{"name":"9","address":"9","minfloor":9,"maxfloor":9,"status":1,"id":"7b2a1627-2664-4706-be3d-ef749105b6db","createdAt":1500200657240,"updatedAt":1500200657240,"version":0},{"name":"8","address":"8","minfloor":8,"maxfloor":8,"status":1,"id":"08de1df1-6a03-4f67-8c86-9b641b98cbef","createdAt":1500200652345,"updatedAt":1500200652345,"version":0},{"name":"7","address":"7","minfloor":7,"maxfloor":7,"status":1,"id":"b4636169-c5d1-452e-bf3d-b6b7cccb691c","createdAt":1500200646891,"updatedAt":1500200646891,"version":0},{"name":"6","address":"6","minfloor":6,"maxfloor":6,"status":1,"id":"bcc6bbe8-87a0-4573-b329-9806efe70ae0","createdAt":1500200639691,"updatedAt":1500200639691,"version":0},{"name":"5","address":"5","minfloor":5,"maxfloor":5,"status":1,"id":"014f0122-625a-41a6-aff8-288982b6aa46","createdAt":1500200632990,"updatedAt":1500200632990,"version":0},{"name":"4","address":"4","minfloor":4,"maxfloor":4,"status":1,"id":"5d25aa77-b962-44ef-944a-7f09fef8f889","createdAt":1500200622996,"updatedAt":1500200622996,"version":0},{"name":"3","address":"3","minfloor":1,"maxfloor":3,"status":1,"id":"964327a7-daab-4202-82bc-5f2861841332","createdAt":1499935652954,"updatedAt":1499935652954,"version":0}],"total":12}
*************** response log end ***************

[2017-07-18 09:25:49.036] [INFO] resLogger - 
*************** response log start ***************
request method: GET
request originalUrl:  /api/user/?token=eyJhbGciOiJIUzI1NiIsInR5cCI6IkpXVCJ9.eyJkYXRhIjp7ImlkIjoiYTg2MTUyMDMtYjQyZi00OGMxLTk3YzQtYzc3OTNkZWY2NGIxIiwibmFtZSI6ImFkbWluIiwiZ2VuZGVyIjp0cnVlLCJlbWFpbCI6IjM3ODMzODYyN0BxcS5jb20ifSwiaWF0IjoxNTAwMjg2MTA1LCJleHAiOjE1MDAzNzI1MDV9.cS97GexDtAqr4ridbajHCqQtsnihC7Bch2L01W6xXf8
request client ip:  ::ffff:127.0.0.1
request query:  {"token":"eyJhbGciOiJIUzI1NiIsInR5cCI6IkpXVCJ9.eyJkYXRhIjp7ImlkIjoiYTg2MTUyMDMtYjQyZi00OGMxLTk3YzQtYzc3OTNkZWY2NGIxIiwibmFtZSI6ImFkbWluIiwiZ2VuZGVyIjp0cnVlLCJlbWFpbCI6IjM3ODMzODYyN0BxcS5jb20ifSwiaWF0IjoxNTAwMjg2MTA1LCJleHAiOjE1MDAzNzI1MDV9.cS97GexDtAqr4ridbajHCqQtsnihC7Bch2L01W6xXf8"}
response time: 88
response status: 200
response body: 
{"status":0,"data":{"name":"admin","email":"378338627@qq.com","password":"$2a$10$xmgJzl6FH05MXqtHAwT8ieXHc.8A.B.PBX.cv16LPt.5q9w08CrhK","gender":true,"token":"eyJhbGciOiJIUzI1NiIsInR5cCI6IkpXVCJ9.eyJkYXRhIjp7ImlkIjoiYTg2MTUyMDMtYjQyZi00OGMxLTk3YzQtYzc3OTNkZWY2NGIxIiwibmFtZSI6ImFkbWluIiwiZ2VuZGVyIjp0cnVlLCJlbWFpbCI6IjM3ODMzODYyN0BxcS5jb20ifSwiaWF0IjoxNTAwMjg2MTA1LCJleHAiOjE1MDAzNzI1MDV9.cS97GexDtAqr4ridbajHCqQtsnihC7Bch2L01W6xXf8","id":"a8615203-b42f-48c1-97c4-c7793def64b1","createdAt":1499934432149,"updatedAt":1499934432149,"version":0}}
*************** response log end ***************

[2017-07-18 09:25:51.085] [INFO] resLogger - 
*************** response log start ***************
request method: GET
request originalUrl:  /api/buildings/list/page/1?token=eyJhbGciOiJIUzI1NiIsInR5cCI6IkpXVCJ9.eyJkYXRhIjp7ImlkIjoiYTg2MTUyMDMtYjQyZi00OGMxLTk3YzQtYzc3OTNkZWY2NGIxIiwibmFtZSI6ImFkbWluIiwiZ2VuZGVyIjp0cnVlLCJlbWFpbCI6IjM3ODMzODYyN0BxcS5jb20ifSwiaWF0IjoxNTAwMjg2MTA1LCJleHAiOjE1MDAzNzI1MDV9.cS97GexDtAqr4ridbajHCqQtsnihC7Bch2L01W6xXf8
request client ip:  ::ffff:127.0.0.1
request query:  {"token":"eyJhbGciOiJIUzI1NiIsInR5cCI6IkpXVCJ9.eyJkYXRhIjp7ImlkIjoiYTg2MTUyMDMtYjQyZi00OGMxLTk3YzQtYzc3OTNkZWY2NGIxIiwibmFtZSI6ImFkbWluIiwiZ2VuZGVyIjp0cnVlLCJlbWFpbCI6IjM3ODMzODYyN0BxcS5jb20ifSwiaWF0IjoxNTAwMjg2MTA1LCJleHAiOjE1MDAzNzI1MDV9.cS97GexDtAqr4ridbajHCqQtsnihC7Bch2L01W6xXf8"}
response time: 88
response status: 200
response body: 
{"status":0,"data":[{"name":"13","address":"13","minfloor":1,"maxfloor":13,"status":1,"id":"b5ed3c18-af10-4b54-b6b0-91c6cfe6ced1","createdAt":1500286613733,"updatedAt":1500286613733,"version":0},{"name":"11","address":"11","minfloor":11,"maxfloor":11,"status":1,"id":"c4adf53b-6d21-47f6-95bf-0080d742ccba","createdAt":1500200671780,"updatedAt":1500200671780,"version":0},{"name":"10","address":"10","minfloor":10,"maxfloor":10,"status":1,"id":"849b5c4f-747e-470f-a04c-41d5311324a9","createdAt":1500200666110,"updatedAt":1500200666110,"version":0},{"name":"9","address":"9","minfloor":9,"maxfloor":9,"status":1,"id":"7b2a1627-2664-4706-be3d-ef749105b6db","createdAt":1500200657240,"updatedAt":1500200657240,"version":0},{"name":"8","address":"8","minfloor":8,"maxfloor":8,"status":1,"id":"08de1df1-6a03-4f67-8c86-9b641b98cbef","createdAt":1500200652345,"updatedAt":1500200652345,"version":0},{"name":"7","address":"7","minfloor":7,"maxfloor":7,"status":1,"id":"b4636169-c5d1-452e-bf3d-b6b7cccb691c","createdAt":1500200646891,"updatedAt":1500200646891,"version":0},{"name":"6","address":"6","minfloor":6,"maxfloor":6,"status":1,"id":"bcc6bbe8-87a0-4573-b329-9806efe70ae0","createdAt":1500200639691,"updatedAt":1500200639691,"version":0},{"name":"5","address":"5","minfloor":5,"maxfloor":5,"status":1,"id":"014f0122-625a-41a6-aff8-288982b6aa46","createdAt":1500200632990,"updatedAt":1500200632990,"version":0},{"name":"4","address":"4","minfloor":4,"maxfloor":4,"status":1,"id":"5d25aa77-b962-44ef-944a-7f09fef8f889","createdAt":1500200622996,"updatedAt":1500200622996,"version":0},{"name":"3","address":"3","minfloor":1,"maxfloor":3,"status":1,"id":"964327a7-daab-4202-82bc-5f2861841332","createdAt":1499935652954,"updatedAt":1499935652954,"version":0}],"total":12}
*************** response log end ***************

[2017-07-18 09:26:08.354] [INFO] resLogger - 
*************** response log start ***************
request method: GET
request originalUrl:  /api/user/?token=eyJhbGciOiJIUzI1NiIsInR5cCI6IkpXVCJ9.eyJkYXRhIjp7ImlkIjoiYTg2MTUyMDMtYjQyZi00OGMxLTk3YzQtYzc3OTNkZWY2NGIxIiwibmFtZSI6ImFkbWluIiwiZ2VuZGVyIjp0cnVlLCJlbWFpbCI6IjM3ODMzODYyN0BxcS5jb20ifSwiaWF0IjoxNTAwMjg2MTA1LCJleHAiOjE1MDAzNzI1MDV9.cS97GexDtAqr4ridbajHCqQtsnihC7Bch2L01W6xXf8
request client ip:  ::ffff:127.0.0.1
request query:  {"token":"eyJhbGciOiJIUzI1NiIsInR5cCI6IkpXVCJ9.eyJkYXRhIjp7ImlkIjoiYTg2MTUyMDMtYjQyZi00OGMxLTk3YzQtYzc3OTNkZWY2NGIxIiwibmFtZSI6ImFkbWluIiwiZ2VuZGVyIjp0cnVlLCJlbWFpbCI6IjM3ODMzODYyN0BxcS5jb20ifSwiaWF0IjoxNTAwMjg2MTA1LCJleHAiOjE1MDAzNzI1MDV9.cS97GexDtAqr4ridbajHCqQtsnihC7Bch2L01W6xXf8"}
response time: 76
response status: 200
response body: 
{"status":0,"data":{"name":"admin","email":"378338627@qq.com","password":"$2a$10$xmgJzl6FH05MXqtHAwT8ieXHc.8A.B.PBX.cv16LPt.5q9w08CrhK","gender":true,"token":"eyJhbGciOiJIUzI1NiIsInR5cCI6IkpXVCJ9.eyJkYXRhIjp7ImlkIjoiYTg2MTUyMDMtYjQyZi00OGMxLTk3YzQtYzc3OTNkZWY2NGIxIiwibmFtZSI6ImFkbWluIiwiZ2VuZGVyIjp0cnVlLCJlbWFpbCI6IjM3ODMzODYyN0BxcS5jb20ifSwiaWF0IjoxNTAwMjg2MTA1LCJleHAiOjE1MDAzNzI1MDV9.cS97GexDtAqr4ridbajHCqQtsnihC7Bch2L01W6xXf8","id":"a8615203-b42f-48c1-97c4-c7793def64b1","createdAt":1499934432149,"updatedAt":1499934432149,"version":0}}
*************** response log end ***************

[2017-07-18 09:26:10.408] [INFO] resLogger - 
*************** response log start ***************
request method: GET
request originalUrl:  /api/buildings/list/page/1?token=eyJhbGciOiJIUzI1NiIsInR5cCI6IkpXVCJ9.eyJkYXRhIjp7ImlkIjoiYTg2MTUyMDMtYjQyZi00OGMxLTk3YzQtYzc3OTNkZWY2NGIxIiwibmFtZSI6ImFkbWluIiwiZ2VuZGVyIjp0cnVlLCJlbWFpbCI6IjM3ODMzODYyN0BxcS5jb20ifSwiaWF0IjoxNTAwMjg2MTA1LCJleHAiOjE1MDAzNzI1MDV9.cS97GexDtAqr4ridbajHCqQtsnihC7Bch2L01W6xXf8
request client ip:  ::ffff:127.0.0.1
request query:  {"token":"eyJhbGciOiJIUzI1NiIsInR5cCI6IkpXVCJ9.eyJkYXRhIjp7ImlkIjoiYTg2MTUyMDMtYjQyZi00OGMxLTk3YzQtYzc3OTNkZWY2NGIxIiwibmFtZSI6ImFkbWluIiwiZ2VuZGVyIjp0cnVlLCJlbWFpbCI6IjM3ODMzODYyN0BxcS5jb20ifSwiaWF0IjoxNTAwMjg2MTA1LCJleHAiOjE1MDAzNzI1MDV9.cS97GexDtAqr4ridbajHCqQtsnihC7Bch2L01W6xXf8"}
response time: 90
response status: 200
response body: 
{"status":0,"data":[{"name":"13","address":"13","minfloor":1,"maxfloor":13,"status":1,"id":"b5ed3c18-af10-4b54-b6b0-91c6cfe6ced1","createdAt":1500286613733,"updatedAt":1500286613733,"version":0},{"name":"11","address":"11","minfloor":11,"maxfloor":11,"status":1,"id":"c4adf53b-6d21-47f6-95bf-0080d742ccba","createdAt":1500200671780,"updatedAt":1500200671780,"version":0},{"name":"10","address":"10","minfloor":10,"maxfloor":10,"status":1,"id":"849b5c4f-747e-470f-a04c-41d5311324a9","createdAt":1500200666110,"updatedAt":1500200666110,"version":0},{"name":"9","address":"9","minfloor":9,"maxfloor":9,"status":1,"id":"7b2a1627-2664-4706-be3d-ef749105b6db","createdAt":1500200657240,"updatedAt":1500200657240,"version":0},{"name":"8","address":"8","minfloor":8,"maxfloor":8,"status":1,"id":"08de1df1-6a03-4f67-8c86-9b641b98cbef","createdAt":1500200652345,"updatedAt":1500200652345,"version":0},{"name":"7","address":"7","minfloor":7,"maxfloor":7,"status":1,"id":"b4636169-c5d1-452e-bf3d-b6b7cccb691c","createdAt":1500200646891,"updatedAt":1500200646891,"version":0},{"name":"6","address":"6","minfloor":6,"maxfloor":6,"status":1,"id":"bcc6bbe8-87a0-4573-b329-9806efe70ae0","createdAt":1500200639691,"updatedAt":1500200639691,"version":0},{"name":"5","address":"5","minfloor":5,"maxfloor":5,"status":1,"id":"014f0122-625a-41a6-aff8-288982b6aa46","createdAt":1500200632990,"updatedAt":1500200632990,"version":0},{"name":"4","address":"4","minfloor":4,"maxfloor":4,"status":1,"id":"5d25aa77-b962-44ef-944a-7f09fef8f889","createdAt":1500200622996,"updatedAt":1500200622996,"version":0},{"name":"3","address":"3","minfloor":1,"maxfloor":3,"status":1,"id":"964327a7-daab-4202-82bc-5f2861841332","createdAt":1499935652954,"updatedAt":1499935652954,"version":0}],"total":12}
*************** response log end ***************

[2017-07-18 09:27:48.590] [INFO] resLogger - 
*************** response log start ***************
request method: GET
request originalUrl:  /api/user/?token=eyJhbGciOiJIUzI1NiIsInR5cCI6IkpXVCJ9.eyJkYXRhIjp7ImlkIjoiYTg2MTUyMDMtYjQyZi00OGMxLTk3YzQtYzc3OTNkZWY2NGIxIiwibmFtZSI6ImFkbWluIiwiZ2VuZGVyIjp0cnVlLCJlbWFpbCI6IjM3ODMzODYyN0BxcS5jb20ifSwiaWF0IjoxNTAwMjg2MTA1LCJleHAiOjE1MDAzNzI1MDV9.cS97GexDtAqr4ridbajHCqQtsnihC7Bch2L01W6xXf8
request client ip:  ::ffff:127.0.0.1
request query:  {"token":"eyJhbGciOiJIUzI1NiIsInR5cCI6IkpXVCJ9.eyJkYXRhIjp7ImlkIjoiYTg2MTUyMDMtYjQyZi00OGMxLTk3YzQtYzc3OTNkZWY2NGIxIiwibmFtZSI6ImFkbWluIiwiZ2VuZGVyIjp0cnVlLCJlbWFpbCI6IjM3ODMzODYyN0BxcS5jb20ifSwiaWF0IjoxNTAwMjg2MTA1LCJleHAiOjE1MDAzNzI1MDV9.cS97GexDtAqr4ridbajHCqQtsnihC7Bch2L01W6xXf8"}
response time: 67
response status: 200
response body: 
{"status":0,"data":{"name":"admin","email":"378338627@qq.com","password":"$2a$10$xmgJzl6FH05MXqtHAwT8ieXHc.8A.B.PBX.cv16LPt.5q9w08CrhK","gender":true,"token":"eyJhbGciOiJIUzI1NiIsInR5cCI6IkpXVCJ9.eyJkYXRhIjp7ImlkIjoiYTg2MTUyMDMtYjQyZi00OGMxLTk3YzQtYzc3OTNkZWY2NGIxIiwibmFtZSI6ImFkbWluIiwiZ2VuZGVyIjp0cnVlLCJlbWFpbCI6IjM3ODMzODYyN0BxcS5jb20ifSwiaWF0IjoxNTAwMjg2MTA1LCJleHAiOjE1MDAzNzI1MDV9.cS97GexDtAqr4ridbajHCqQtsnihC7Bch2L01W6xXf8","id":"a8615203-b42f-48c1-97c4-c7793def64b1","createdAt":1499934432149,"updatedAt":1499934432149,"version":0}}
*************** response log end ***************

[2017-07-18 09:28:17.553] [INFO] resLogger - 
*************** response log start ***************
request method: GET
request originalUrl:  /api/user/?token=eyJhbGciOiJIUzI1NiIsInR5cCI6IkpXVCJ9.eyJkYXRhIjp7ImlkIjoiYTg2MTUyMDMtYjQyZi00OGMxLTk3YzQtYzc3OTNkZWY2NGIxIiwibmFtZSI6ImFkbWluIiwiZ2VuZGVyIjp0cnVlLCJlbWFpbCI6IjM3ODMzODYyN0BxcS5jb20ifSwiaWF0IjoxNTAwMjg2MTA1LCJleHAiOjE1MDAzNzI1MDV9.cS97GexDtAqr4ridbajHCqQtsnihC7Bch2L01W6xXf8
request client ip:  ::ffff:127.0.0.1
request query:  {"token":"eyJhbGciOiJIUzI1NiIsInR5cCI6IkpXVCJ9.eyJkYXRhIjp7ImlkIjoiYTg2MTUyMDMtYjQyZi00OGMxLTk3YzQtYzc3OTNkZWY2NGIxIiwibmFtZSI6ImFkbWluIiwiZ2VuZGVyIjp0cnVlLCJlbWFpbCI6IjM3ODMzODYyN0BxcS5jb20ifSwiaWF0IjoxNTAwMjg2MTA1LCJleHAiOjE1MDAzNzI1MDV9.cS97GexDtAqr4ridbajHCqQtsnihC7Bch2L01W6xXf8"}
response time: 107
response status: 200
response body: 
{"status":0,"data":{"name":"admin","email":"378338627@qq.com","password":"$2a$10$xmgJzl6FH05MXqtHAwT8ieXHc.8A.B.PBX.cv16LPt.5q9w08CrhK","gender":true,"token":"eyJhbGciOiJIUzI1NiIsInR5cCI6IkpXVCJ9.eyJkYXRhIjp7ImlkIjoiYTg2MTUyMDMtYjQyZi00OGMxLTk3YzQtYzc3OTNkZWY2NGIxIiwibmFtZSI6ImFkbWluIiwiZ2VuZGVyIjp0cnVlLCJlbWFpbCI6IjM3ODMzODYyN0BxcS5jb20ifSwiaWF0IjoxNTAwMjg2MTA1LCJleHAiOjE1MDAzNzI1MDV9.cS97GexDtAqr4ridbajHCqQtsnihC7Bch2L01W6xXf8","id":"a8615203-b42f-48c1-97c4-c7793def64b1","createdAt":1499934432149,"updatedAt":1499934432149,"version":0}}
*************** response log end ***************

[2017-07-18 09:29:08.352] [INFO] resLogger - 
*************** response log start ***************
request method: GET
request originalUrl:  /api/user/?token=eyJhbGciOiJIUzI1NiIsInR5cCI6IkpXVCJ9.eyJkYXRhIjp7ImlkIjoiYTg2MTUyMDMtYjQyZi00OGMxLTk3YzQtYzc3OTNkZWY2NGIxIiwibmFtZSI6ImFkbWluIiwiZ2VuZGVyIjp0cnVlLCJlbWFpbCI6IjM3ODMzODYyN0BxcS5jb20ifSwiaWF0IjoxNTAwMjg2MTA1LCJleHAiOjE1MDAzNzI1MDV9.cS97GexDtAqr4ridbajHCqQtsnihC7Bch2L01W6xXf8
request client ip:  ::ffff:127.0.0.1
request query:  {"token":"eyJhbGciOiJIUzI1NiIsInR5cCI6IkpXVCJ9.eyJkYXRhIjp7ImlkIjoiYTg2MTUyMDMtYjQyZi00OGMxLTk3YzQtYzc3OTNkZWY2NGIxIiwibmFtZSI6ImFkbWluIiwiZ2VuZGVyIjp0cnVlLCJlbWFpbCI6IjM3ODMzODYyN0BxcS5jb20ifSwiaWF0IjoxNTAwMjg2MTA1LCJleHAiOjE1MDAzNzI1MDV9.cS97GexDtAqr4ridbajHCqQtsnihC7Bch2L01W6xXf8"}
response time: 90
response status: 200
response body: 
{"status":0,"data":{"name":"admin","email":"378338627@qq.com","password":"$2a$10$xmgJzl6FH05MXqtHAwT8ieXHc.8A.B.PBX.cv16LPt.5q9w08CrhK","gender":true,"token":"eyJhbGciOiJIUzI1NiIsInR5cCI6IkpXVCJ9.eyJkYXRhIjp7ImlkIjoiYTg2MTUyMDMtYjQyZi00OGMxLTk3YzQtYzc3OTNkZWY2NGIxIiwibmFtZSI6ImFkbWluIiwiZ2VuZGVyIjp0cnVlLCJlbWFpbCI6IjM3ODMzODYyN0BxcS5jb20ifSwiaWF0IjoxNTAwMjg2MTA1LCJleHAiOjE1MDAzNzI1MDV9.cS97GexDtAqr4ridbajHCqQtsnihC7Bch2L01W6xXf8","id":"a8615203-b42f-48c1-97c4-c7793def64b1","createdAt":1499934432149,"updatedAt":1499934432149,"version":0}}
*************** response log end ***************

[2017-07-18 09:30:41.805] [INFO] resLogger - 
*************** response log start ***************
request method: GET
request originalUrl:  /api/user/?token=eyJhbGciOiJIUzI1NiIsInR5cCI6IkpXVCJ9.eyJkYXRhIjp7ImlkIjoiYTg2MTUyMDMtYjQyZi00OGMxLTk3YzQtYzc3OTNkZWY2NGIxIiwibmFtZSI6ImFkbWluIiwiZ2VuZGVyIjp0cnVlLCJlbWFpbCI6IjM3ODMzODYyN0BxcS5jb20ifSwiaWF0IjoxNTAwMjg2MTA1LCJleHAiOjE1MDAzNzI1MDV9.cS97GexDtAqr4ridbajHCqQtsnihC7Bch2L01W6xXf8
request client ip:  ::ffff:127.0.0.1
request query:  {"token":"eyJhbGciOiJIUzI1NiIsInR5cCI6IkpXVCJ9.eyJkYXRhIjp7ImlkIjoiYTg2MTUyMDMtYjQyZi00OGMxLTk3YzQtYzc3OTNkZWY2NGIxIiwibmFtZSI6ImFkbWluIiwiZ2VuZGVyIjp0cnVlLCJlbWFpbCI6IjM3ODMzODYyN0BxcS5jb20ifSwiaWF0IjoxNTAwMjg2MTA1LCJleHAiOjE1MDAzNzI1MDV9.cS97GexDtAqr4ridbajHCqQtsnihC7Bch2L01W6xXf8"}
response time: 82
response status: 200
response body: 
{"status":0,"data":{"name":"admin","email":"378338627@qq.com","password":"$2a$10$xmgJzl6FH05MXqtHAwT8ieXHc.8A.B.PBX.cv16LPt.5q9w08CrhK","gender":true,"token":"eyJhbGciOiJIUzI1NiIsInR5cCI6IkpXVCJ9.eyJkYXRhIjp7ImlkIjoiYTg2MTUyMDMtYjQyZi00OGMxLTk3YzQtYzc3OTNkZWY2NGIxIiwibmFtZSI6ImFkbWluIiwiZ2VuZGVyIjp0cnVlLCJlbWFpbCI6IjM3ODMzODYyN0BxcS5jb20ifSwiaWF0IjoxNTAwMjg2MTA1LCJleHAiOjE1MDAzNzI1MDV9.cS97GexDtAqr4ridbajHCqQtsnihC7Bch2L01W6xXf8","id":"a8615203-b42f-48c1-97c4-c7793def64b1","createdAt":1499934432149,"updatedAt":1499934432149,"version":0}}
*************** response log end ***************

[2017-07-18 09:30:50.782] [INFO] resLogger - 
*************** response log start ***************
request method: GET
request originalUrl:  /api/user/?token=eyJhbGciOiJIUzI1NiIsInR5cCI6IkpXVCJ9.eyJkYXRhIjp7ImlkIjoiYTg2MTUyMDMtYjQyZi00OGMxLTk3YzQtYzc3OTNkZWY2NGIxIiwibmFtZSI6ImFkbWluIiwiZ2VuZGVyIjp0cnVlLCJlbWFpbCI6IjM3ODMzODYyN0BxcS5jb20ifSwiaWF0IjoxNTAwMjg2MTA1LCJleHAiOjE1MDAzNzI1MDV9.cS97GexDtAqr4ridbajHCqQtsnihC7Bch2L01W6xXf8
request client ip:  ::ffff:127.0.0.1
request query:  {"token":"eyJhbGciOiJIUzI1NiIsInR5cCI6IkpXVCJ9.eyJkYXRhIjp7ImlkIjoiYTg2MTUyMDMtYjQyZi00OGMxLTk3YzQtYzc3OTNkZWY2NGIxIiwibmFtZSI6ImFkbWluIiwiZ2VuZGVyIjp0cnVlLCJlbWFpbCI6IjM3ODMzODYyN0BxcS5jb20ifSwiaWF0IjoxNTAwMjg2MTA1LCJleHAiOjE1MDAzNzI1MDV9.cS97GexDtAqr4ridbajHCqQtsnihC7Bch2L01W6xXf8"}
response time: 88
response status: 200
response body: 
{"status":0,"data":{"name":"admin","email":"378338627@qq.com","password":"$2a$10$xmgJzl6FH05MXqtHAwT8ieXHc.8A.B.PBX.cv16LPt.5q9w08CrhK","gender":true,"token":"eyJhbGciOiJIUzI1NiIsInR5cCI6IkpXVCJ9.eyJkYXRhIjp7ImlkIjoiYTg2MTUyMDMtYjQyZi00OGMxLTk3YzQtYzc3OTNkZWY2NGIxIiwibmFtZSI6ImFkbWluIiwiZ2VuZGVyIjp0cnVlLCJlbWFpbCI6IjM3ODMzODYyN0BxcS5jb20ifSwiaWF0IjoxNTAwMjg2MTA1LCJleHAiOjE1MDAzNzI1MDV9.cS97GexDtAqr4ridbajHCqQtsnihC7Bch2L01W6xXf8","id":"a8615203-b42f-48c1-97c4-c7793def64b1","createdAt":1499934432149,"updatedAt":1499934432149,"version":0}}
*************** response log end ***************

[2017-07-18 09:31:06.643] [INFO] resLogger - 
*************** response log start ***************
request method: GET
request originalUrl:  /api/user/?token=eyJhbGciOiJIUzI1NiIsInR5cCI6IkpXVCJ9.eyJkYXRhIjp7ImlkIjoiYTg2MTUyMDMtYjQyZi00OGMxLTk3YzQtYzc3OTNkZWY2NGIxIiwibmFtZSI6ImFkbWluIiwiZ2VuZGVyIjp0cnVlLCJlbWFpbCI6IjM3ODMzODYyN0BxcS5jb20ifSwiaWF0IjoxNTAwMjg2MTA1LCJleHAiOjE1MDAzNzI1MDV9.cS97GexDtAqr4ridbajHCqQtsnihC7Bch2L01W6xXf8
request client ip:  ::ffff:127.0.0.1
request query:  {"token":"eyJhbGciOiJIUzI1NiIsInR5cCI6IkpXVCJ9.eyJkYXRhIjp7ImlkIjoiYTg2MTUyMDMtYjQyZi00OGMxLTk3YzQtYzc3OTNkZWY2NGIxIiwibmFtZSI6ImFkbWluIiwiZ2VuZGVyIjp0cnVlLCJlbWFpbCI6IjM3ODMzODYyN0BxcS5jb20ifSwiaWF0IjoxNTAwMjg2MTA1LCJleHAiOjE1MDAzNzI1MDV9.cS97GexDtAqr4ridbajHCqQtsnihC7Bch2L01W6xXf8"}
response time: 101
response status: 200
response body: 
{"status":0,"data":{"name":"admin","email":"378338627@qq.com","password":"$2a$10$xmgJzl6FH05MXqtHAwT8ieXHc.8A.B.PBX.cv16LPt.5q9w08CrhK","gender":true,"token":"eyJhbGciOiJIUzI1NiIsInR5cCI6IkpXVCJ9.eyJkYXRhIjp7ImlkIjoiYTg2MTUyMDMtYjQyZi00OGMxLTk3YzQtYzc3OTNkZWY2NGIxIiwibmFtZSI6ImFkbWluIiwiZ2VuZGVyIjp0cnVlLCJlbWFpbCI6IjM3ODMzODYyN0BxcS5jb20ifSwiaWF0IjoxNTAwMjg2MTA1LCJleHAiOjE1MDAzNzI1MDV9.cS97GexDtAqr4ridbajHCqQtsnihC7Bch2L01W6xXf8","id":"a8615203-b42f-48c1-97c4-c7793def64b1","createdAt":1499934432149,"updatedAt":1499934432149,"version":0}}
*************** response log end ***************

[2017-07-18 09:31:16.848] [INFO] resLogger - 
*************** response log start ***************
request method: GET
request originalUrl:  /api/user/?token=eyJhbGciOiJIUzI1NiIsInR5cCI6IkpXVCJ9.eyJkYXRhIjp7ImlkIjoiYTg2MTUyMDMtYjQyZi00OGMxLTk3YzQtYzc3OTNkZWY2NGIxIiwibmFtZSI6ImFkbWluIiwiZ2VuZGVyIjp0cnVlLCJlbWFpbCI6IjM3ODMzODYyN0BxcS5jb20ifSwiaWF0IjoxNTAwMjg2MTA1LCJleHAiOjE1MDAzNzI1MDV9.cS97GexDtAqr4ridbajHCqQtsnihC7Bch2L01W6xXf8
request client ip:  ::ffff:127.0.0.1
request query:  {"token":"eyJhbGciOiJIUzI1NiIsInR5cCI6IkpXVCJ9.eyJkYXRhIjp7ImlkIjoiYTg2MTUyMDMtYjQyZi00OGMxLTk3YzQtYzc3OTNkZWY2NGIxIiwibmFtZSI6ImFkbWluIiwiZ2VuZGVyIjp0cnVlLCJlbWFpbCI6IjM3ODMzODYyN0BxcS5jb20ifSwiaWF0IjoxNTAwMjg2MTA1LCJleHAiOjE1MDAzNzI1MDV9.cS97GexDtAqr4ridbajHCqQtsnihC7Bch2L01W6xXf8"}
response time: 111
response status: 200
response body: 
{"status":0,"data":{"name":"admin","email":"378338627@qq.com","password":"$2a$10$xmgJzl6FH05MXqtHAwT8ieXHc.8A.B.PBX.cv16LPt.5q9w08CrhK","gender":true,"token":"eyJhbGciOiJIUzI1NiIsInR5cCI6IkpXVCJ9.eyJkYXRhIjp7ImlkIjoiYTg2MTUyMDMtYjQyZi00OGMxLTk3YzQtYzc3OTNkZWY2NGIxIiwibmFtZSI6ImFkbWluIiwiZ2VuZGVyIjp0cnVlLCJlbWFpbCI6IjM3ODMzODYyN0BxcS5jb20ifSwiaWF0IjoxNTAwMjg2MTA1LCJleHAiOjE1MDAzNzI1MDV9.cS97GexDtAqr4ridbajHCqQtsnihC7Bch2L01W6xXf8","id":"a8615203-b42f-48c1-97c4-c7793def64b1","createdAt":1499934432149,"updatedAt":1499934432149,"version":0}}
*************** response log end ***************

[2017-07-18 09:33:07.868] [INFO] resLogger - 
*************** response log start ***************
request method: GET
request originalUrl:  /api/user/?token=eyJhbGciOiJIUzI1NiIsInR5cCI6IkpXVCJ9.eyJkYXRhIjp7ImlkIjoiYTg2MTUyMDMtYjQyZi00OGMxLTk3YzQtYzc3OTNkZWY2NGIxIiwibmFtZSI6ImFkbWluIiwiZ2VuZGVyIjp0cnVlLCJlbWFpbCI6IjM3ODMzODYyN0BxcS5jb20ifSwiaWF0IjoxNTAwMjg2MTA1LCJleHAiOjE1MDAzNzI1MDV9.cS97GexDtAqr4ridbajHCqQtsnihC7Bch2L01W6xXf8
request client ip:  ::ffff:127.0.0.1
request query:  {"token":"eyJhbGciOiJIUzI1NiIsInR5cCI6IkpXVCJ9.eyJkYXRhIjp7ImlkIjoiYTg2MTUyMDMtYjQyZi00OGMxLTk3YzQtYzc3OTNkZWY2NGIxIiwibmFtZSI6ImFkbWluIiwiZ2VuZGVyIjp0cnVlLCJlbWFpbCI6IjM3ODMzODYyN0BxcS5jb20ifSwiaWF0IjoxNTAwMjg2MTA1LCJleHAiOjE1MDAzNzI1MDV9.cS97GexDtAqr4ridbajHCqQtsnihC7Bch2L01W6xXf8"}
response time: 124
response status: 200
response body: 
{"status":0,"data":{"name":"admin","email":"378338627@qq.com","password":"$2a$10$xmgJzl6FH05MXqtHAwT8ieXHc.8A.B.PBX.cv16LPt.5q9w08CrhK","gender":true,"token":"eyJhbGciOiJIUzI1NiIsInR5cCI6IkpXVCJ9.eyJkYXRhIjp7ImlkIjoiYTg2MTUyMDMtYjQyZi00OGMxLTk3YzQtYzc3OTNkZWY2NGIxIiwibmFtZSI6ImFkbWluIiwiZ2VuZGVyIjp0cnVlLCJlbWFpbCI6IjM3ODMzODYyN0BxcS5jb20ifSwiaWF0IjoxNTAwMjg2MTA1LCJleHAiOjE1MDAzNzI1MDV9.cS97GexDtAqr4ridbajHCqQtsnihC7Bch2L01W6xXf8","id":"a8615203-b42f-48c1-97c4-c7793def64b1","createdAt":1499934432149,"updatedAt":1499934432149,"version":0}}
*************** response log end ***************

[2017-07-18 09:33:10.799] [INFO] resLogger - 
*************** response log start ***************
request method: GET
request originalUrl:  /api/user/?token=eyJhbGciOiJIUzI1NiIsInR5cCI6IkpXVCJ9.eyJkYXRhIjp7ImlkIjoiYTg2MTUyMDMtYjQyZi00OGMxLTk3YzQtYzc3OTNkZWY2NGIxIiwibmFtZSI6ImFkbWluIiwiZ2VuZGVyIjp0cnVlLCJlbWFpbCI6IjM3ODMzODYyN0BxcS5jb20ifSwiaWF0IjoxNTAwMjg2MTA1LCJleHAiOjE1MDAzNzI1MDV9.cS97GexDtAqr4ridbajHCqQtsnihC7Bch2L01W6xXf8
request client ip:  ::ffff:127.0.0.1
request query:  {"token":"eyJhbGciOiJIUzI1NiIsInR5cCI6IkpXVCJ9.eyJkYXRhIjp7ImlkIjoiYTg2MTUyMDMtYjQyZi00OGMxLTk3YzQtYzc3OTNkZWY2NGIxIiwibmFtZSI6ImFkbWluIiwiZ2VuZGVyIjp0cnVlLCJlbWFpbCI6IjM3ODMzODYyN0BxcS5jb20ifSwiaWF0IjoxNTAwMjg2MTA1LCJleHAiOjE1MDAzNzI1MDV9.cS97GexDtAqr4ridbajHCqQtsnihC7Bch2L01W6xXf8"}
response time: 55
response status: 200
response body: 
{"status":0,"data":{"name":"admin","email":"378338627@qq.com","password":"$2a$10$xmgJzl6FH05MXqtHAwT8ieXHc.8A.B.PBX.cv16LPt.5q9w08CrhK","gender":true,"token":"eyJhbGciOiJIUzI1NiIsInR5cCI6IkpXVCJ9.eyJkYXRhIjp7ImlkIjoiYTg2MTUyMDMtYjQyZi00OGMxLTk3YzQtYzc3OTNkZWY2NGIxIiwibmFtZSI6ImFkbWluIiwiZ2VuZGVyIjp0cnVlLCJlbWFpbCI6IjM3ODMzODYyN0BxcS5jb20ifSwiaWF0IjoxNTAwMjg2MTA1LCJleHAiOjE1MDAzNzI1MDV9.cS97GexDtAqr4ridbajHCqQtsnihC7Bch2L01W6xXf8","id":"a8615203-b42f-48c1-97c4-c7793def64b1","createdAt":1499934432149,"updatedAt":1499934432149,"version":0}}
*************** response log end ***************

[2017-07-18 09:33:19.929] [INFO] resLogger - 
*************** response log start ***************
request method: GET
request originalUrl:  /api/user/?token=eyJhbGciOiJIUzI1NiIsInR5cCI6IkpXVCJ9.eyJkYXRhIjp7ImlkIjoiYTg2MTUyMDMtYjQyZi00OGMxLTk3YzQtYzc3OTNkZWY2NGIxIiwibmFtZSI6ImFkbWluIiwiZ2VuZGVyIjp0cnVlLCJlbWFpbCI6IjM3ODMzODYyN0BxcS5jb20ifSwiaWF0IjoxNTAwMjg2MTA1LCJleHAiOjE1MDAzNzI1MDV9.cS97GexDtAqr4ridbajHCqQtsnihC7Bch2L01W6xXf8
request client ip:  ::ffff:127.0.0.1
request query:  {"token":"eyJhbGciOiJIUzI1NiIsInR5cCI6IkpXVCJ9.eyJkYXRhIjp7ImlkIjoiYTg2MTUyMDMtYjQyZi00OGMxLTk3YzQtYzc3OTNkZWY2NGIxIiwibmFtZSI6ImFkbWluIiwiZ2VuZGVyIjp0cnVlLCJlbWFpbCI6IjM3ODMzODYyN0BxcS5jb20ifSwiaWF0IjoxNTAwMjg2MTA1LCJleHAiOjE1MDAzNzI1MDV9.cS97GexDtAqr4ridbajHCqQtsnihC7Bch2L01W6xXf8"}
response time: 63
response status: 200
response body: 
{"status":0,"data":{"name":"admin","email":"378338627@qq.com","password":"$2a$10$xmgJzl6FH05MXqtHAwT8ieXHc.8A.B.PBX.cv16LPt.5q9w08CrhK","gender":true,"token":"eyJhbGciOiJIUzI1NiIsInR5cCI6IkpXVCJ9.eyJkYXRhIjp7ImlkIjoiYTg2MTUyMDMtYjQyZi00OGMxLTk3YzQtYzc3OTNkZWY2NGIxIiwibmFtZSI6ImFkbWluIiwiZ2VuZGVyIjp0cnVlLCJlbWFpbCI6IjM3ODMzODYyN0BxcS5jb20ifSwiaWF0IjoxNTAwMjg2MTA1LCJleHAiOjE1MDAzNzI1MDV9.cS97GexDtAqr4ridbajHCqQtsnihC7Bch2L01W6xXf8","id":"a8615203-b42f-48c1-97c4-c7793def64b1","createdAt":1499934432149,"updatedAt":1499934432149,"version":0}}
*************** response log end ***************

[2017-07-18 09:33:23.075] [INFO] resLogger - 
*************** response log start ***************
request method: GET
request originalUrl:  /api/user/?token=eyJhbGciOiJIUzI1NiIsInR5cCI6IkpXVCJ9.eyJkYXRhIjp7ImlkIjoiYTg2MTUyMDMtYjQyZi00OGMxLTk3YzQtYzc3OTNkZWY2NGIxIiwibmFtZSI6ImFkbWluIiwiZ2VuZGVyIjp0cnVlLCJlbWFpbCI6IjM3ODMzODYyN0BxcS5jb20ifSwiaWF0IjoxNTAwMjg2MTA1LCJleHAiOjE1MDAzNzI1MDV9.cS97GexDtAqr4ridbajHCqQtsnihC7Bch2L01W6xXf8
request client ip:  ::ffff:127.0.0.1
request query:  {"token":"eyJhbGciOiJIUzI1NiIsInR5cCI6IkpXVCJ9.eyJkYXRhIjp7ImlkIjoiYTg2MTUyMDMtYjQyZi00OGMxLTk3YzQtYzc3OTNkZWY2NGIxIiwibmFtZSI6ImFkbWluIiwiZ2VuZGVyIjp0cnVlLCJlbWFpbCI6IjM3ODMzODYyN0BxcS5jb20ifSwiaWF0IjoxNTAwMjg2MTA1LCJleHAiOjE1MDAzNzI1MDV9.cS97GexDtAqr4ridbajHCqQtsnihC7Bch2L01W6xXf8"}
response time: 65
response status: 200
response body: 
{"status":0,"data":{"name":"admin","email":"378338627@qq.com","password":"$2a$10$xmgJzl6FH05MXqtHAwT8ieXHc.8A.B.PBX.cv16LPt.5q9w08CrhK","gender":true,"token":"eyJhbGciOiJIUzI1NiIsInR5cCI6IkpXVCJ9.eyJkYXRhIjp7ImlkIjoiYTg2MTUyMDMtYjQyZi00OGMxLTk3YzQtYzc3OTNkZWY2NGIxIiwibmFtZSI6ImFkbWluIiwiZ2VuZGVyIjp0cnVlLCJlbWFpbCI6IjM3ODMzODYyN0BxcS5jb20ifSwiaWF0IjoxNTAwMjg2MTA1LCJleHAiOjE1MDAzNzI1MDV9.cS97GexDtAqr4ridbajHCqQtsnihC7Bch2L01W6xXf8","id":"a8615203-b42f-48c1-97c4-c7793def64b1","createdAt":1499934432149,"updatedAt":1499934432149,"version":0}}
*************** response log end ***************

[2017-07-18 09:33:26.550] [INFO] resLogger - 
*************** response log start ***************
request method: GET
request originalUrl:  /api/user/?token=eyJhbGciOiJIUzI1NiIsInR5cCI6IkpXVCJ9.eyJkYXRhIjp7ImlkIjoiYTg2MTUyMDMtYjQyZi00OGMxLTk3YzQtYzc3OTNkZWY2NGIxIiwibmFtZSI6ImFkbWluIiwiZ2VuZGVyIjp0cnVlLCJlbWFpbCI6IjM3ODMzODYyN0BxcS5jb20ifSwiaWF0IjoxNTAwMjg2MTA1LCJleHAiOjE1MDAzNzI1MDV9.cS97GexDtAqr4ridbajHCqQtsnihC7Bch2L01W6xXf8
request client ip:  ::ffff:127.0.0.1
request query:  {"token":"eyJhbGciOiJIUzI1NiIsInR5cCI6IkpXVCJ9.eyJkYXRhIjp7ImlkIjoiYTg2MTUyMDMtYjQyZi00OGMxLTk3YzQtYzc3OTNkZWY2NGIxIiwibmFtZSI6ImFkbWluIiwiZ2VuZGVyIjp0cnVlLCJlbWFpbCI6IjM3ODMzODYyN0BxcS5jb20ifSwiaWF0IjoxNTAwMjg2MTA1LCJleHAiOjE1MDAzNzI1MDV9.cS97GexDtAqr4ridbajHCqQtsnihC7Bch2L01W6xXf8"}
response time: 70
response status: 200
response body: 
{"status":0,"data":{"name":"admin","email":"378338627@qq.com","password":"$2a$10$xmgJzl6FH05MXqtHAwT8ieXHc.8A.B.PBX.cv16LPt.5q9w08CrhK","gender":true,"token":"eyJhbGciOiJIUzI1NiIsInR5cCI6IkpXVCJ9.eyJkYXRhIjp7ImlkIjoiYTg2MTUyMDMtYjQyZi00OGMxLTk3YzQtYzc3OTNkZWY2NGIxIiwibmFtZSI6ImFkbWluIiwiZ2VuZGVyIjp0cnVlLCJlbWFpbCI6IjM3ODMzODYyN0BxcS5jb20ifSwiaWF0IjoxNTAwMjg2MTA1LCJleHAiOjE1MDAzNzI1MDV9.cS97GexDtAqr4ridbajHCqQtsnihC7Bch2L01W6xXf8","id":"a8615203-b42f-48c1-97c4-c7793def64b1","createdAt":1499934432149,"updatedAt":1499934432149,"version":0}}
*************** response log end ***************

[2017-07-18 09:33:29.784] [INFO] resLogger - 
*************** response log start ***************
request method: GET
request originalUrl:  /api/user/?token=eyJhbGciOiJIUzI1NiIsInR5cCI6IkpXVCJ9.eyJkYXRhIjp7ImlkIjoiYTg2MTUyMDMtYjQyZi00OGMxLTk3YzQtYzc3OTNkZWY2NGIxIiwibmFtZSI6ImFkbWluIiwiZ2VuZGVyIjp0cnVlLCJlbWFpbCI6IjM3ODMzODYyN0BxcS5jb20ifSwiaWF0IjoxNTAwMjg2MTA1LCJleHAiOjE1MDAzNzI1MDV9.cS97GexDtAqr4ridbajHCqQtsnihC7Bch2L01W6xXf8
request client ip:  ::ffff:127.0.0.1
request query:  {"token":"eyJhbGciOiJIUzI1NiIsInR5cCI6IkpXVCJ9.eyJkYXRhIjp7ImlkIjoiYTg2MTUyMDMtYjQyZi00OGMxLTk3YzQtYzc3OTNkZWY2NGIxIiwibmFtZSI6ImFkbWluIiwiZ2VuZGVyIjp0cnVlLCJlbWFpbCI6IjM3ODMzODYyN0BxcS5jb20ifSwiaWF0IjoxNTAwMjg2MTA1LCJleHAiOjE1MDAzNzI1MDV9.cS97GexDtAqr4ridbajHCqQtsnihC7Bch2L01W6xXf8"}
response time: 55
response status: 200
response body: 
{"status":0,"data":{"name":"admin","email":"378338627@qq.com","password":"$2a$10$xmgJzl6FH05MXqtHAwT8ieXHc.8A.B.PBX.cv16LPt.5q9w08CrhK","gender":true,"token":"eyJhbGciOiJIUzI1NiIsInR5cCI6IkpXVCJ9.eyJkYXRhIjp7ImlkIjoiYTg2MTUyMDMtYjQyZi00OGMxLTk3YzQtYzc3OTNkZWY2NGIxIiwibmFtZSI6ImFkbWluIiwiZ2VuZGVyIjp0cnVlLCJlbWFpbCI6IjM3ODMzODYyN0BxcS5jb20ifSwiaWF0IjoxNTAwMjg2MTA1LCJleHAiOjE1MDAzNzI1MDV9.cS97GexDtAqr4ridbajHCqQtsnihC7Bch2L01W6xXf8","id":"a8615203-b42f-48c1-97c4-c7793def64b1","createdAt":1499934432149,"updatedAt":1499934432149,"version":0}}
*************** response log end ***************

[2017-07-18 09:33:32.907] [INFO] resLogger - 
*************** response log start ***************
request method: GET
request originalUrl:  /api/user/?token=eyJhbGciOiJIUzI1NiIsInR5cCI6IkpXVCJ9.eyJkYXRhIjp7ImlkIjoiYTg2MTUyMDMtYjQyZi00OGMxLTk3YzQtYzc3OTNkZWY2NGIxIiwibmFtZSI6ImFkbWluIiwiZ2VuZGVyIjp0cnVlLCJlbWFpbCI6IjM3ODMzODYyN0BxcS5jb20ifSwiaWF0IjoxNTAwMjg2MTA1LCJleHAiOjE1MDAzNzI1MDV9.cS97GexDtAqr4ridbajHCqQtsnihC7Bch2L01W6xXf8
request client ip:  ::ffff:127.0.0.1
request query:  {"token":"eyJhbGciOiJIUzI1NiIsInR5cCI6IkpXVCJ9.eyJkYXRhIjp7ImlkIjoiYTg2MTUyMDMtYjQyZi00OGMxLTk3YzQtYzc3OTNkZWY2NGIxIiwibmFtZSI6ImFkbWluIiwiZ2VuZGVyIjp0cnVlLCJlbWFpbCI6IjM3ODMzODYyN0BxcS5jb20ifSwiaWF0IjoxNTAwMjg2MTA1LCJleHAiOjE1MDAzNzI1MDV9.cS97GexDtAqr4ridbajHCqQtsnihC7Bch2L01W6xXf8"}
response time: 60
response status: 200
response body: 
{"status":0,"data":{"name":"admin","email":"378338627@qq.com","password":"$2a$10$xmgJzl6FH05MXqtHAwT8ieXHc.8A.B.PBX.cv16LPt.5q9w08CrhK","gender":true,"token":"eyJhbGciOiJIUzI1NiIsInR5cCI6IkpXVCJ9.eyJkYXRhIjp7ImlkIjoiYTg2MTUyMDMtYjQyZi00OGMxLTk3YzQtYzc3OTNkZWY2NGIxIiwibmFtZSI6ImFkbWluIiwiZ2VuZGVyIjp0cnVlLCJlbWFpbCI6IjM3ODMzODYyN0BxcS5jb20ifSwiaWF0IjoxNTAwMjg2MTA1LCJleHAiOjE1MDAzNzI1MDV9.cS97GexDtAqr4ridbajHCqQtsnihC7Bch2L01W6xXf8","id":"a8615203-b42f-48c1-97c4-c7793def64b1","createdAt":1499934432149,"updatedAt":1499934432149,"version":0}}
*************** response log end ***************

[2017-07-18 09:33:33.036] [INFO] resLogger - 
*************** response log start ***************
request method: GET
request originalUrl:  /api/buildings/list/page/1?token=eyJhbGciOiJIUzI1NiIsInR5cCI6IkpXVCJ9.eyJkYXRhIjp7ImlkIjoiYTg2MTUyMDMtYjQyZi00OGMxLTk3YzQtYzc3OTNkZWY2NGIxIiwibmFtZSI6ImFkbWluIiwiZ2VuZGVyIjp0cnVlLCJlbWFpbCI6IjM3ODMzODYyN0BxcS5jb20ifSwiaWF0IjoxNTAwMjg2MTA1LCJleHAiOjE1MDAzNzI1MDV9.cS97GexDtAqr4ridbajHCqQtsnihC7Bch2L01W6xXf8
request client ip:  ::ffff:127.0.0.1
request query:  {"token":"eyJhbGciOiJIUzI1NiIsInR5cCI6IkpXVCJ9.eyJkYXRhIjp7ImlkIjoiYTg2MTUyMDMtYjQyZi00OGMxLTk3YzQtYzc3OTNkZWY2NGIxIiwibmFtZSI6ImFkbWluIiwiZ2VuZGVyIjp0cnVlLCJlbWFpbCI6IjM3ODMzODYyN0BxcS5jb20ifSwiaWF0IjoxNTAwMjg2MTA1LCJleHAiOjE1MDAzNzI1MDV9.cS97GexDtAqr4ridbajHCqQtsnihC7Bch2L01W6xXf8"}
response time: 101
response status: 200
response body: 
{"status":0,"data":[{"name":"13","address":"13","minfloor":1,"maxfloor":13,"status":1,"id":"b5ed3c18-af10-4b54-b6b0-91c6cfe6ced1","createdAt":1500286613733,"updatedAt":1500286613733,"version":0},{"name":"11","address":"11","minfloor":11,"maxfloor":11,"status":1,"id":"c4adf53b-6d21-47f6-95bf-0080d742ccba","createdAt":1500200671780,"updatedAt":1500200671780,"version":0},{"name":"10","address":"10","minfloor":10,"maxfloor":10,"status":1,"id":"849b5c4f-747e-470f-a04c-41d5311324a9","createdAt":1500200666110,"updatedAt":1500200666110,"version":0},{"name":"9","address":"9","minfloor":9,"maxfloor":9,"status":1,"id":"7b2a1627-2664-4706-be3d-ef749105b6db","createdAt":1500200657240,"updatedAt":1500200657240,"version":0},{"name":"8","address":"8","minfloor":8,"maxfloor":8,"status":1,"id":"08de1df1-6a03-4f67-8c86-9b641b98cbef","createdAt":1500200652345,"updatedAt":1500200652345,"version":0},{"name":"7","address":"7","minfloor":7,"maxfloor":7,"status":1,"id":"b4636169-c5d1-452e-bf3d-b6b7cccb691c","createdAt":1500200646891,"updatedAt":1500200646891,"version":0},{"name":"6","address":"6","minfloor":6,"maxfloor":6,"status":1,"id":"bcc6bbe8-87a0-4573-b329-9806efe70ae0","createdAt":1500200639691,"updatedAt":1500200639691,"version":0},{"name":"5","address":"5","minfloor":5,"maxfloor":5,"status":1,"id":"014f0122-625a-41a6-aff8-288982b6aa46","createdAt":1500200632990,"updatedAt":1500200632990,"version":0},{"name":"4","address":"4","minfloor":4,"maxfloor":4,"status":1,"id":"5d25aa77-b962-44ef-944a-7f09fef8f889","createdAt":1500200622996,"updatedAt":1500200622996,"version":0},{"name":"3","address":"3","minfloor":1,"maxfloor":3,"status":1,"id":"964327a7-daab-4202-82bc-5f2861841332","createdAt":1499935652954,"updatedAt":1499935652954,"version":0}],"total":12}
*************** response log end ***************

[2017-07-18 09:33:45.579] [INFO] resLogger - 
*************** response log start ***************
request method: GET
request originalUrl:  /api/user/?token=eyJhbGciOiJIUzI1NiIsInR5cCI6IkpXVCJ9.eyJkYXRhIjp7ImlkIjoiYTg2MTUyMDMtYjQyZi00OGMxLTk3YzQtYzc3OTNkZWY2NGIxIiwibmFtZSI6ImFkbWluIiwiZ2VuZGVyIjp0cnVlLCJlbWFpbCI6IjM3ODMzODYyN0BxcS5jb20ifSwiaWF0IjoxNTAwMjg2MTA1LCJleHAiOjE1MDAzNzI1MDV9.cS97GexDtAqr4ridbajHCqQtsnihC7Bch2L01W6xXf8
request client ip:  ::ffff:127.0.0.1
request query:  {"token":"eyJhbGciOiJIUzI1NiIsInR5cCI6IkpXVCJ9.eyJkYXRhIjp7ImlkIjoiYTg2MTUyMDMtYjQyZi00OGMxLTk3YzQtYzc3OTNkZWY2NGIxIiwibmFtZSI6ImFkbWluIiwiZ2VuZGVyIjp0cnVlLCJlbWFpbCI6IjM3ODMzODYyN0BxcS5jb20ifSwiaWF0IjoxNTAwMjg2MTA1LCJleHAiOjE1MDAzNzI1MDV9.cS97GexDtAqr4ridbajHCqQtsnihC7Bch2L01W6xXf8"}
response time: 84
response status: 200
response body: 
{"status":0,"data":{"name":"admin","email":"378338627@qq.com","password":"$2a$10$xmgJzl6FH05MXqtHAwT8ieXHc.8A.B.PBX.cv16LPt.5q9w08CrhK","gender":true,"token":"eyJhbGciOiJIUzI1NiIsInR5cCI6IkpXVCJ9.eyJkYXRhIjp7ImlkIjoiYTg2MTUyMDMtYjQyZi00OGMxLTk3YzQtYzc3OTNkZWY2NGIxIiwibmFtZSI6ImFkbWluIiwiZ2VuZGVyIjp0cnVlLCJlbWFpbCI6IjM3ODMzODYyN0BxcS5jb20ifSwiaWF0IjoxNTAwMjg2MTA1LCJleHAiOjE1MDAzNzI1MDV9.cS97GexDtAqr4ridbajHCqQtsnihC7Bch2L01W6xXf8","id":"a8615203-b42f-48c1-97c4-c7793def64b1","createdAt":1499934432149,"updatedAt":1499934432149,"version":0}}
*************** response log end ***************

[2017-07-18 09:34:30.253] [INFO] resLogger - 
*************** response log start ***************
request method: GET
request originalUrl:  /api/user/?token=eyJhbGciOiJIUzI1NiIsInR5cCI6IkpXVCJ9.eyJkYXRhIjp7ImlkIjoiYTg2MTUyMDMtYjQyZi00OGMxLTk3YzQtYzc3OTNkZWY2NGIxIiwibmFtZSI6ImFkbWluIiwiZ2VuZGVyIjp0cnVlLCJlbWFpbCI6IjM3ODMzODYyN0BxcS5jb20ifSwiaWF0IjoxNTAwMjg2MTA1LCJleHAiOjE1MDAzNzI1MDV9.cS97GexDtAqr4ridbajHCqQtsnihC7Bch2L01W6xXf8
request client ip:  ::ffff:127.0.0.1
request query:  {"token":"eyJhbGciOiJIUzI1NiIsInR5cCI6IkpXVCJ9.eyJkYXRhIjp7ImlkIjoiYTg2MTUyMDMtYjQyZi00OGMxLTk3YzQtYzc3OTNkZWY2NGIxIiwibmFtZSI6ImFkbWluIiwiZ2VuZGVyIjp0cnVlLCJlbWFpbCI6IjM3ODMzODYyN0BxcS5jb20ifSwiaWF0IjoxNTAwMjg2MTA1LCJleHAiOjE1MDAzNzI1MDV9.cS97GexDtAqr4ridbajHCqQtsnihC7Bch2L01W6xXf8"}
response time: 134
response status: 200
response body: 
{"status":0,"data":{"name":"admin","email":"378338627@qq.com","password":"$2a$10$xmgJzl6FH05MXqtHAwT8ieXHc.8A.B.PBX.cv16LPt.5q9w08CrhK","gender":true,"token":"eyJhbGciOiJIUzI1NiIsInR5cCI6IkpXVCJ9.eyJkYXRhIjp7ImlkIjoiYTg2MTUyMDMtYjQyZi00OGMxLTk3YzQtYzc3OTNkZWY2NGIxIiwibmFtZSI6ImFkbWluIiwiZ2VuZGVyIjp0cnVlLCJlbWFpbCI6IjM3ODMzODYyN0BxcS5jb20ifSwiaWF0IjoxNTAwMjg2MTA1LCJleHAiOjE1MDAzNzI1MDV9.cS97GexDtAqr4ridbajHCqQtsnihC7Bch2L01W6xXf8","id":"a8615203-b42f-48c1-97c4-c7793def64b1","createdAt":1499934432149,"updatedAt":1499934432149,"version":0}}
*************** response log end ***************

[2017-07-18 09:37:17.548] [INFO] resLogger - 
*************** response log start ***************
request method: GET
request originalUrl:  /api/user/?token=eyJhbGciOiJIUzI1NiIsInR5cCI6IkpXVCJ9.eyJkYXRhIjp7ImlkIjoiYTg2MTUyMDMtYjQyZi00OGMxLTk3YzQtYzc3OTNkZWY2NGIxIiwibmFtZSI6ImFkbWluIiwiZ2VuZGVyIjp0cnVlLCJlbWFpbCI6IjM3ODMzODYyN0BxcS5jb20ifSwiaWF0IjoxNTAwMjg2MTA1LCJleHAiOjE1MDAzNzI1MDV9.cS97GexDtAqr4ridbajHCqQtsnihC7Bch2L01W6xXf8
request client ip:  ::ffff:127.0.0.1
request query:  {"token":"eyJhbGciOiJIUzI1NiIsInR5cCI6IkpXVCJ9.eyJkYXRhIjp7ImlkIjoiYTg2MTUyMDMtYjQyZi00OGMxLTk3YzQtYzc3OTNkZWY2NGIxIiwibmFtZSI6ImFkbWluIiwiZ2VuZGVyIjp0cnVlLCJlbWFpbCI6IjM3ODMzODYyN0BxcS5jb20ifSwiaWF0IjoxNTAwMjg2MTA1LCJleHAiOjE1MDAzNzI1MDV9.cS97GexDtAqr4ridbajHCqQtsnihC7Bch2L01W6xXf8"}
response time: 176
response status: 200
response body: 
{"status":0,"data":{"name":"admin","email":"378338627@qq.com","password":"$2a$10$xmgJzl6FH05MXqtHAwT8ieXHc.8A.B.PBX.cv16LPt.5q9w08CrhK","gender":true,"token":"eyJhbGciOiJIUzI1NiIsInR5cCI6IkpXVCJ9.eyJkYXRhIjp7ImlkIjoiYTg2MTUyMDMtYjQyZi00OGMxLTk3YzQtYzc3OTNkZWY2NGIxIiwibmFtZSI6ImFkbWluIiwiZ2VuZGVyIjp0cnVlLCJlbWFpbCI6IjM3ODMzODYyN0BxcS5jb20ifSwiaWF0IjoxNTAwMjg2MTA1LCJleHAiOjE1MDAzNzI1MDV9.cS97GexDtAqr4ridbajHCqQtsnihC7Bch2L01W6xXf8","id":"a8615203-b42f-48c1-97c4-c7793def64b1","createdAt":1499934432149,"updatedAt":1499934432149,"version":0}}
*************** response log end ***************

[2017-07-18 09:41:16.048] [INFO] resLogger - 
*************** response log start ***************
request method: GET
request originalUrl:  /api/user/?token=eyJhbGciOiJIUzI1NiIsInR5cCI6IkpXVCJ9.eyJkYXRhIjp7ImlkIjoiYTg2MTUyMDMtYjQyZi00OGMxLTk3YzQtYzc3OTNkZWY2NGIxIiwibmFtZSI6ImFkbWluIiwiZ2VuZGVyIjp0cnVlLCJlbWFpbCI6IjM3ODMzODYyN0BxcS5jb20ifSwiaWF0IjoxNTAwMjg2MTA1LCJleHAiOjE1MDAzNzI1MDV9.cS97GexDtAqr4ridbajHCqQtsnihC7Bch2L01W6xXf8
request client ip:  ::ffff:127.0.0.1
request query:  {"token":"eyJhbGciOiJIUzI1NiIsInR5cCI6IkpXVCJ9.eyJkYXRhIjp7ImlkIjoiYTg2MTUyMDMtYjQyZi00OGMxLTk3YzQtYzc3OTNkZWY2NGIxIiwibmFtZSI6ImFkbWluIiwiZ2VuZGVyIjp0cnVlLCJlbWFpbCI6IjM3ODMzODYyN0BxcS5jb20ifSwiaWF0IjoxNTAwMjg2MTA1LCJleHAiOjE1MDAzNzI1MDV9.cS97GexDtAqr4ridbajHCqQtsnihC7Bch2L01W6xXf8"}
response time: 197
response status: 200
response body: 
{"status":0,"data":{"name":"admin","email":"378338627@qq.com","password":"$2a$10$xmgJzl6FH05MXqtHAwT8ieXHc.8A.B.PBX.cv16LPt.5q9w08CrhK","gender":true,"token":"eyJhbGciOiJIUzI1NiIsInR5cCI6IkpXVCJ9.eyJkYXRhIjp7ImlkIjoiYTg2MTUyMDMtYjQyZi00OGMxLTk3YzQtYzc3OTNkZWY2NGIxIiwibmFtZSI6ImFkbWluIiwiZ2VuZGVyIjp0cnVlLCJlbWFpbCI6IjM3ODMzODYyN0BxcS5jb20ifSwiaWF0IjoxNTAwMjg2MTA1LCJleHAiOjE1MDAzNzI1MDV9.cS97GexDtAqr4ridbajHCqQtsnihC7Bch2L01W6xXf8","id":"a8615203-b42f-48c1-97c4-c7793def64b1","createdAt":1499934432149,"updatedAt":1499934432149,"version":0}}
*************** response log end ***************

[2017-07-18 09:46:02.538] [INFO] resLogger - 
*************** response log start ***************
request method: GET
request originalUrl:  /api/user/?token=eyJhbGciOiJIUzI1NiIsInR5cCI6IkpXVCJ9.eyJkYXRhIjp7ImlkIjoiYTg2MTUyMDMtYjQyZi00OGMxLTk3YzQtYzc3OTNkZWY2NGIxIiwibmFtZSI6ImFkbWluIiwiZ2VuZGVyIjp0cnVlLCJlbWFpbCI6IjM3ODMzODYyN0BxcS5jb20ifSwiaWF0IjoxNTAwMjg2MTA1LCJleHAiOjE1MDAzNzI1MDV9.cS97GexDtAqr4ridbajHCqQtsnihC7Bch2L01W6xXf8
request client ip:  ::ffff:127.0.0.1
request query:  {"token":"eyJhbGciOiJIUzI1NiIsInR5cCI6IkpXVCJ9.eyJkYXRhIjp7ImlkIjoiYTg2MTUyMDMtYjQyZi00OGMxLTk3YzQtYzc3OTNkZWY2NGIxIiwibmFtZSI6ImFkbWluIiwiZ2VuZGVyIjp0cnVlLCJlbWFpbCI6IjM3ODMzODYyN0BxcS5jb20ifSwiaWF0IjoxNTAwMjg2MTA1LCJleHAiOjE1MDAzNzI1MDV9.cS97GexDtAqr4ridbajHCqQtsnihC7Bch2L01W6xXf8"}
response time: 127
response status: 200
response body: 
{"status":0,"data":{"name":"admin","email":"378338627@qq.com","password":"$2a$10$xmgJzl6FH05MXqtHAwT8ieXHc.8A.B.PBX.cv16LPt.5q9w08CrhK","gender":true,"token":"eyJhbGciOiJIUzI1NiIsInR5cCI6IkpXVCJ9.eyJkYXRhIjp7ImlkIjoiYTg2MTUyMDMtYjQyZi00OGMxLTk3YzQtYzc3OTNkZWY2NGIxIiwibmFtZSI6ImFkbWluIiwiZ2VuZGVyIjp0cnVlLCJlbWFpbCI6IjM3ODMzODYyN0BxcS5jb20ifSwiaWF0IjoxNTAwMjg2MTA1LCJleHAiOjE1MDAzNzI1MDV9.cS97GexDtAqr4ridbajHCqQtsnihC7Bch2L01W6xXf8","id":"a8615203-b42f-48c1-97c4-c7793def64b1","createdAt":1499934432149,"updatedAt":1499934432149,"version":0}}
*************** response log end ***************

[2017-07-18 09:47:30.737] [INFO] resLogger - 
*************** response log start ***************
request method: GET
request originalUrl:  /api/user/?token=eyJhbGciOiJIUzI1NiIsInR5cCI6IkpXVCJ9.eyJkYXRhIjp7ImlkIjoiYTg2MTUyMDMtYjQyZi00OGMxLTk3YzQtYzc3OTNkZWY2NGIxIiwibmFtZSI6ImFkbWluIiwiZ2VuZGVyIjp0cnVlLCJlbWFpbCI6IjM3ODMzODYyN0BxcS5jb20ifSwiaWF0IjoxNTAwMjg2MTA1LCJleHAiOjE1MDAzNzI1MDV9.cS97GexDtAqr4ridbajHCqQtsnihC7Bch2L01W6xXf8
request client ip:  ::ffff:127.0.0.1
request query:  {"token":"eyJhbGciOiJIUzI1NiIsInR5cCI6IkpXVCJ9.eyJkYXRhIjp7ImlkIjoiYTg2MTUyMDMtYjQyZi00OGMxLTk3YzQtYzc3OTNkZWY2NGIxIiwibmFtZSI6ImFkbWluIiwiZ2VuZGVyIjp0cnVlLCJlbWFpbCI6IjM3ODMzODYyN0BxcS5jb20ifSwiaWF0IjoxNTAwMjg2MTA1LCJleHAiOjE1MDAzNzI1MDV9.cS97GexDtAqr4ridbajHCqQtsnihC7Bch2L01W6xXf8"}
response time: 64
response status: 200
response body: 
{"status":0,"data":{"name":"admin","email":"378338627@qq.com","password":"$2a$10$xmgJzl6FH05MXqtHAwT8ieXHc.8A.B.PBX.cv16LPt.5q9w08CrhK","gender":true,"token":"eyJhbGciOiJIUzI1NiIsInR5cCI6IkpXVCJ9.eyJkYXRhIjp7ImlkIjoiYTg2MTUyMDMtYjQyZi00OGMxLTk3YzQtYzc3OTNkZWY2NGIxIiwibmFtZSI6ImFkbWluIiwiZ2VuZGVyIjp0cnVlLCJlbWFpbCI6IjM3ODMzODYyN0BxcS5jb20ifSwiaWF0IjoxNTAwMjg2MTA1LCJleHAiOjE1MDAzNzI1MDV9.cS97GexDtAqr4ridbajHCqQtsnihC7Bch2L01W6xXf8","id":"a8615203-b42f-48c1-97c4-c7793def64b1","createdAt":1499934432149,"updatedAt":1499934432149,"version":0}}
*************** response log end ***************

[2017-07-18 09:48:48.693] [INFO] resLogger - 
*************** response log start ***************
request method: GET
request originalUrl:  /api/user/?token=eyJhbGciOiJIUzI1NiIsInR5cCI6IkpXVCJ9.eyJkYXRhIjp7ImlkIjoiYTg2MTUyMDMtYjQyZi00OGMxLTk3YzQtYzc3OTNkZWY2NGIxIiwibmFtZSI6ImFkbWluIiwiZ2VuZGVyIjp0cnVlLCJlbWFpbCI6IjM3ODMzODYyN0BxcS5jb20ifSwiaWF0IjoxNTAwMjg2MTA1LCJleHAiOjE1MDAzNzI1MDV9.cS97GexDtAqr4ridbajHCqQtsnihC7Bch2L01W6xXf8
request client ip:  ::ffff:127.0.0.1
request query:  {"token":"eyJhbGciOiJIUzI1NiIsInR5cCI6IkpXVCJ9.eyJkYXRhIjp7ImlkIjoiYTg2MTUyMDMtYjQyZi00OGMxLTk3YzQtYzc3OTNkZWY2NGIxIiwibmFtZSI6ImFkbWluIiwiZ2VuZGVyIjp0cnVlLCJlbWFpbCI6IjM3ODMzODYyN0BxcS5jb20ifSwiaWF0IjoxNTAwMjg2MTA1LCJleHAiOjE1MDAzNzI1MDV9.cS97GexDtAqr4ridbajHCqQtsnihC7Bch2L01W6xXf8"}
response time: 123
response status: 200
response body: 
{"status":0,"data":{"name":"admin","email":"378338627@qq.com","password":"$2a$10$xmgJzl6FH05MXqtHAwT8ieXHc.8A.B.PBX.cv16LPt.5q9w08CrhK","gender":true,"token":"eyJhbGciOiJIUzI1NiIsInR5cCI6IkpXVCJ9.eyJkYXRhIjp7ImlkIjoiYTg2MTUyMDMtYjQyZi00OGMxLTk3YzQtYzc3OTNkZWY2NGIxIiwibmFtZSI6ImFkbWluIiwiZ2VuZGVyIjp0cnVlLCJlbWFpbCI6IjM3ODMzODYyN0BxcS5jb20ifSwiaWF0IjoxNTAwMjg2MTA1LCJleHAiOjE1MDAzNzI1MDV9.cS97GexDtAqr4ridbajHCqQtsnihC7Bch2L01W6xXf8","id":"a8615203-b42f-48c1-97c4-c7793def64b1","createdAt":1499934432149,"updatedAt":1499934432149,"version":0}}
*************** response log end ***************

[2017-07-18 09:50:20.747] [INFO] resLogger - 
*************** response log start ***************
request method: GET
request originalUrl:  /api/user/?token=eyJhbGciOiJIUzI1NiIsInR5cCI6IkpXVCJ9.eyJkYXRhIjp7ImlkIjoiYTg2MTUyMDMtYjQyZi00OGMxLTk3YzQtYzc3OTNkZWY2NGIxIiwibmFtZSI6ImFkbWluIiwiZ2VuZGVyIjp0cnVlLCJlbWFpbCI6IjM3ODMzODYyN0BxcS5jb20ifSwiaWF0IjoxNTAwMjg2MTA1LCJleHAiOjE1MDAzNzI1MDV9.cS97GexDtAqr4ridbajHCqQtsnihC7Bch2L01W6xXf8
request client ip:  ::ffff:127.0.0.1
request query:  {"token":"eyJhbGciOiJIUzI1NiIsInR5cCI6IkpXVCJ9.eyJkYXRhIjp7ImlkIjoiYTg2MTUyMDMtYjQyZi00OGMxLTk3YzQtYzc3OTNkZWY2NGIxIiwibmFtZSI6ImFkbWluIiwiZ2VuZGVyIjp0cnVlLCJlbWFpbCI6IjM3ODMzODYyN0BxcS5jb20ifSwiaWF0IjoxNTAwMjg2MTA1LCJleHAiOjE1MDAzNzI1MDV9.cS97GexDtAqr4ridbajHCqQtsnihC7Bch2L01W6xXf8"}
response time: 80
response status: 200
response body: 
{"status":0,"data":{"name":"admin","email":"378338627@qq.com","password":"$2a$10$xmgJzl6FH05MXqtHAwT8ieXHc.8A.B.PBX.cv16LPt.5q9w08CrhK","gender":true,"token":"eyJhbGciOiJIUzI1NiIsInR5cCI6IkpXVCJ9.eyJkYXRhIjp7ImlkIjoiYTg2MTUyMDMtYjQyZi00OGMxLTk3YzQtYzc3OTNkZWY2NGIxIiwibmFtZSI6ImFkbWluIiwiZ2VuZGVyIjp0cnVlLCJlbWFpbCI6IjM3ODMzODYyN0BxcS5jb20ifSwiaWF0IjoxNTAwMjg2MTA1LCJleHAiOjE1MDAzNzI1MDV9.cS97GexDtAqr4ridbajHCqQtsnihC7Bch2L01W6xXf8","id":"a8615203-b42f-48c1-97c4-c7793def64b1","createdAt":1499934432149,"updatedAt":1499934432149,"version":0}}
*************** response log end ***************

[2017-07-18 09:51:01.462] [INFO] resLogger - 
*************** response log start ***************
request method: GET
request originalUrl:  /api/user/?token=eyJhbGciOiJIUzI1NiIsInR5cCI6IkpXVCJ9.eyJkYXRhIjp7ImlkIjoiYTg2MTUyMDMtYjQyZi00OGMxLTk3YzQtYzc3OTNkZWY2NGIxIiwibmFtZSI6ImFkbWluIiwiZ2VuZGVyIjp0cnVlLCJlbWFpbCI6IjM3ODMzODYyN0BxcS5jb20ifSwiaWF0IjoxNTAwMjg2MTA1LCJleHAiOjE1MDAzNzI1MDV9.cS97GexDtAqr4ridbajHCqQtsnihC7Bch2L01W6xXf8
request client ip:  ::ffff:127.0.0.1
request query:  {"token":"eyJhbGciOiJIUzI1NiIsInR5cCI6IkpXVCJ9.eyJkYXRhIjp7ImlkIjoiYTg2MTUyMDMtYjQyZi00OGMxLTk3YzQtYzc3OTNkZWY2NGIxIiwibmFtZSI6ImFkbWluIiwiZ2VuZGVyIjp0cnVlLCJlbWFpbCI6IjM3ODMzODYyN0BxcS5jb20ifSwiaWF0IjoxNTAwMjg2MTA1LCJleHAiOjE1MDAzNzI1MDV9.cS97GexDtAqr4ridbajHCqQtsnihC7Bch2L01W6xXf8"}
response time: 86
response status: 200
response body: 
{"status":0,"data":{"name":"admin","email":"378338627@qq.com","password":"$2a$10$xmgJzl6FH05MXqtHAwT8ieXHc.8A.B.PBX.cv16LPt.5q9w08CrhK","gender":true,"token":"eyJhbGciOiJIUzI1NiIsInR5cCI6IkpXVCJ9.eyJkYXRhIjp7ImlkIjoiYTg2MTUyMDMtYjQyZi00OGMxLTk3YzQtYzc3OTNkZWY2NGIxIiwibmFtZSI6ImFkbWluIiwiZ2VuZGVyIjp0cnVlLCJlbWFpbCI6IjM3ODMzODYyN0BxcS5jb20ifSwiaWF0IjoxNTAwMjg2MTA1LCJleHAiOjE1MDAzNzI1MDV9.cS97GexDtAqr4ridbajHCqQtsnihC7Bch2L01W6xXf8","id":"a8615203-b42f-48c1-97c4-c7793def64b1","createdAt":1499934432149,"updatedAt":1499934432149,"version":0}}
*************** response log end ***************

