[2017-09-04 18:31:02.339] [INFO] resLogger - 
*************** response log start ***************
request method: GET
request originalUrl:  /api/user/?token=eyJhbGciOiJIUzI1NiIsInR5cCI6IkpXVCJ9.eyJkYXRhIjp7ImlkIjoiZDBkNzE0NDctZjc2Zi00NDZmLTg2N2MtMDg3NTAwMTlhMDE2IiwibmFtZSI6ImFkbWluIiwiZ2VuZGVyIjp0cnVlLCJlbWFpbCI6IjM3ODMzODYyN0BxcS5jb20ifSwiaWF0IjoxNTA0MTQyMjI0LCJleHAiOjE1MDQyMjg2MjR9.0_y9UeFcZiOfIdQvnOl6XxK74kdMo517Y6jEpLKQcTs
request client ip:  ::ffff:127.0.0.1
request query:  {"token":"eyJhbGciOiJIUzI1NiIsInR5cCI6IkpXVCJ9.eyJkYXRhIjp7ImlkIjoiZDBkNzE0NDctZjc2Zi00NDZmLTg2N2MtMDg3NTAwMTlhMDE2IiwibmFtZSI6ImFkbWluIiwiZ2VuZGVyIjp0cnVlLCJlbWFpbCI6IjM3ODMzODYyN0BxcS5jb20ifSwiaWF0IjoxNTA0MTQyMjI0LCJleHAiOjE1MDQyMjg2MjR9.0_y9UeFcZiOfIdQvnOl6XxK74kdMo517Y6jEpLKQcTs"}
response time: 100
response status: 200
response body: 
{"name":"jwtError","status":10003,"message":"身份验证错误！"}
*************** response log end ***************

[2017-09-04 18:32:57.341] [INFO] resLogger - 
*************** response log start ***************
request method: OPTIONS
request originalUrl:  /api/user/login
request client ip:  ::ffff:127.0.0.1
request body: 
{}
response time: 1
response status: 204
response body: 
undefined
*************** response log end ***************

[2017-09-04 18:32:59.470] [INFO] resLogger - 
*************** response log start ***************
request method: POST
request originalUrl:  /api/user/login
request client ip:  ::ffff:127.0.0.1
request body: 
{"username":"admin","password":"admin"}
response time: 1923
response status: 200
response body: 
{"status":0,"data":{"name":"admin","email":"378338627@qq.com","phone":"15822927208","password":"$2a$10$gC8KbRA6pMCVvD2irCuZb.dsh57qd88OwLfukMSQEnDY0Set3L81i","gender":true,"token":"eyJhbGciOiJIUzI1NiIsInR5cCI6IkpXVCJ9.eyJkYXRhIjp7ImlkIjoiZDBkNzE0NDctZjc2Zi00NDZmLTg2N2MtMDg3NTAwMTlhMDE2IiwibmFtZSI6ImFkbWluIiwiZ2VuZGVyIjp0cnVlLCJlbWFpbCI6IjM3ODMzODYyN0BxcS5jb20ifSwiaWF0IjoxNTA0NTIxMTc5LCJleHAiOjE1MDQ2MDc1Nzl9.nx9HrF38-a6dNwlYDFHPz1HzwlqUkzwvx9REu9RE5ec","canLogin":true,"status":1,"id":"d0d71447-f76f-446f-867c-08750019a016","createdAt":1503625702903,"updatedAt":1504521179215,"version":6},"message":"登录成功！"}
*************** response log end ***************

[2017-09-04 18:33:01.630] [INFO] resLogger - 
*************** response log start ***************
request method: GET
request originalUrl:  /api/user/?token=eyJhbGciOiJIUzI1NiIsInR5cCI6IkpXVCJ9.eyJkYXRhIjp7ImlkIjoiZDBkNzE0NDctZjc2Zi00NDZmLTg2N2MtMDg3NTAwMTlhMDE2IiwibmFtZSI6ImFkbWluIiwiZ2VuZGVyIjp0cnVlLCJlbWFpbCI6IjM3ODMzODYyN0BxcS5jb20ifSwiaWF0IjoxNTA0NTIxMTc5LCJleHAiOjE1MDQ2MDc1Nzl9.nx9HrF38-a6dNwlYDFHPz1HzwlqUkzwvx9REu9RE5ec
request client ip:  ::ffff:127.0.0.1
request query:  {"token":"eyJhbGciOiJIUzI1NiIsInR5cCI6IkpXVCJ9.eyJkYXRhIjp7ImlkIjoiZDBkNzE0NDctZjc2Zi00NDZmLTg2N2MtMDg3NTAwMTlhMDE2IiwibmFtZSI6ImFkbWluIiwiZ2VuZGVyIjp0cnVlLCJlbWFpbCI6IjM3ODMzODYyN0BxcS5jb20ifSwiaWF0IjoxNTA0NTIxMTc5LCJleHAiOjE1MDQ2MDc1Nzl9.nx9HrF38-a6dNwlYDFHPz1HzwlqUkzwvx9REu9RE5ec"}
response time: 66
response status: 200
response body: 
{"status":0,"data":{"name":"admin","email":"378338627@qq.com","phone":"15822927208","password":"$2a$10$gC8KbRA6pMCVvD2irCuZb.dsh57qd88OwLfukMSQEnDY0Set3L81i","gender":true,"token":"eyJhbGciOiJIUzI1NiIsInR5cCI6IkpXVCJ9.eyJkYXRhIjp7ImlkIjoiZDBkNzE0NDctZjc2Zi00NDZmLTg2N2MtMDg3NTAwMTlhMDE2IiwibmFtZSI6ImFkbWluIiwiZ2VuZGVyIjp0cnVlLCJlbWFpbCI6IjM3ODMzODYyN0BxcS5jb20ifSwiaWF0IjoxNTA0NTIxMTc5LCJleHAiOjE1MDQ2MDc1Nzl9.nx9HrF38-a6dNwlYDFHPz1HzwlqUkzwvx9REu9RE5ec","canLogin":true,"status":1,"id":"d0d71447-f76f-446f-867c-08750019a016","createdAt":1503625702903,"updatedAt":1504521179215,"version":6}}
*************** response log end ***************

[2017-09-04 18:33:03.075] [INFO] resLogger - 
*************** response log start ***************
request method: GET
request originalUrl:  /api/user/?token=eyJhbGciOiJIUzI1NiIsInR5cCI6IkpXVCJ9.eyJkYXRhIjp7ImlkIjoiZDBkNzE0NDctZjc2Zi00NDZmLTg2N2MtMDg3NTAwMTlhMDE2IiwibmFtZSI6ImFkbWluIiwiZ2VuZGVyIjp0cnVlLCJlbWFpbCI6IjM3ODMzODYyN0BxcS5jb20ifSwiaWF0IjoxNTA0NTIxMTc5LCJleHAiOjE1MDQ2MDc1Nzl9.nx9HrF38-a6dNwlYDFHPz1HzwlqUkzwvx9REu9RE5ec
request client ip:  ::ffff:127.0.0.1
request query:  {"token":"eyJhbGciOiJIUzI1NiIsInR5cCI6IkpXVCJ9.eyJkYXRhIjp7ImlkIjoiZDBkNzE0NDctZjc2Zi00NDZmLTg2N2MtMDg3NTAwMTlhMDE2IiwibmFtZSI6ImFkbWluIiwiZ2VuZGVyIjp0cnVlLCJlbWFpbCI6IjM3ODMzODYyN0BxcS5jb20ifSwiaWF0IjoxNTA0NTIxMTc5LCJleHAiOjE1MDQ2MDc1Nzl9.nx9HrF38-a6dNwlYDFHPz1HzwlqUkzwvx9REu9RE5ec"}
response time: 45
response status: 200
response body: 
{"status":0,"data":{"name":"admin","email":"378338627@qq.com","phone":"15822927208","password":"$2a$10$gC8KbRA6pMCVvD2irCuZb.dsh57qd88OwLfukMSQEnDY0Set3L81i","gender":true,"token":"eyJhbGciOiJIUzI1NiIsInR5cCI6IkpXVCJ9.eyJkYXRhIjp7ImlkIjoiZDBkNzE0NDctZjc2Zi00NDZmLTg2N2MtMDg3NTAwMTlhMDE2IiwibmFtZSI6ImFkbWluIiwiZ2VuZGVyIjp0cnVlLCJlbWFpbCI6IjM3ODMzODYyN0BxcS5jb20ifSwiaWF0IjoxNTA0NTIxMTc5LCJleHAiOjE1MDQ2MDc1Nzl9.nx9HrF38-a6dNwlYDFHPz1HzwlqUkzwvx9REu9RE5ec","canLogin":true,"status":1,"id":"d0d71447-f76f-446f-867c-08750019a016","createdAt":1503625702903,"updatedAt":1504521179215,"version":6}}
*************** response log end ***************

[2017-09-04 18:33:05.321] [INFO] resLogger - 
*************** response log start ***************
request method: GET
request originalUrl:  /api/user/?token=eyJhbGciOiJIUzI1NiIsInR5cCI6IkpXVCJ9.eyJkYXRhIjp7ImlkIjoiZDBkNzE0NDctZjc2Zi00NDZmLTg2N2MtMDg3NTAwMTlhMDE2IiwibmFtZSI6ImFkbWluIiwiZ2VuZGVyIjp0cnVlLCJlbWFpbCI6IjM3ODMzODYyN0BxcS5jb20ifSwiaWF0IjoxNTA0NTIxMTc5LCJleHAiOjE1MDQ2MDc1Nzl9.nx9HrF38-a6dNwlYDFHPz1HzwlqUkzwvx9REu9RE5ec
request client ip:  ::ffff:127.0.0.1
request query:  {"token":"eyJhbGciOiJIUzI1NiIsInR5cCI6IkpXVCJ9.eyJkYXRhIjp7ImlkIjoiZDBkNzE0NDctZjc2Zi00NDZmLTg2N2MtMDg3NTAwMTlhMDE2IiwibmFtZSI6ImFkbWluIiwiZ2VuZGVyIjp0cnVlLCJlbWFpbCI6IjM3ODMzODYyN0BxcS5jb20ifSwiaWF0IjoxNTA0NTIxMTc5LCJleHAiOjE1MDQ2MDc1Nzl9.nx9HrF38-a6dNwlYDFHPz1HzwlqUkzwvx9REu9RE5ec"}
response time: 47
response status: 200
response body: 
{"status":0,"data":{"name":"admin","email":"378338627@qq.com","phone":"15822927208","password":"$2a$10$gC8KbRA6pMCVvD2irCuZb.dsh57qd88OwLfukMSQEnDY0Set3L81i","gender":true,"token":"eyJhbGciOiJIUzI1NiIsInR5cCI6IkpXVCJ9.eyJkYXRhIjp7ImlkIjoiZDBkNzE0NDctZjc2Zi00NDZmLTg2N2MtMDg3NTAwMTlhMDE2IiwibmFtZSI6ImFkbWluIiwiZ2VuZGVyIjp0cnVlLCJlbWFpbCI6IjM3ODMzODYyN0BxcS5jb20ifSwiaWF0IjoxNTA0NTIxMTc5LCJleHAiOjE1MDQ2MDc1Nzl9.nx9HrF38-a6dNwlYDFHPz1HzwlqUkzwvx9REu9RE5ec","canLogin":true,"status":1,"id":"d0d71447-f76f-446f-867c-08750019a016","createdAt":1503625702903,"updatedAt":1504521179215,"version":6}}
*************** response log end ***************

[2017-09-04 18:39:39.571] [INFO] resLogger - 
*************** response log start ***************
request method: GET
request originalUrl:  /api/user/?token=eyJhbGciOiJIUzI1NiIsInR5cCI6IkpXVCJ9.eyJkYXRhIjp7ImlkIjoiZDBkNzE0NDctZjc2Zi00NDZmLTg2N2MtMDg3NTAwMTlhMDE2IiwibmFtZSI6ImFkbWluIiwiZ2VuZGVyIjp0cnVlLCJlbWFpbCI6IjM3ODMzODYyN0BxcS5jb20ifSwiaWF0IjoxNTA0NTIxMTc5LCJleHAiOjE1MDQ2MDc1Nzl9.nx9HrF38-a6dNwlYDFHPz1HzwlqUkzwvx9REu9RE5ec
request client ip:  ::ffff:127.0.0.1
request query:  {"token":"eyJhbGciOiJIUzI1NiIsInR5cCI6IkpXVCJ9.eyJkYXRhIjp7ImlkIjoiZDBkNzE0NDctZjc2Zi00NDZmLTg2N2MtMDg3NTAwMTlhMDE2IiwibmFtZSI6ImFkbWluIiwiZ2VuZGVyIjp0cnVlLCJlbWFpbCI6IjM3ODMzODYyN0BxcS5jb20ifSwiaWF0IjoxNTA0NTIxMTc5LCJleHAiOjE1MDQ2MDc1Nzl9.nx9HrF38-a6dNwlYDFHPz1HzwlqUkzwvx9REu9RE5ec"}
response time: 159
response status: 200
response body: 
{"status":0,"data":{"name":"admin","email":"378338627@qq.com","phone":"15822927208","password":"$2a$10$gC8KbRA6pMCVvD2irCuZb.dsh57qd88OwLfukMSQEnDY0Set3L81i","gender":true,"token":"eyJhbGciOiJIUzI1NiIsInR5cCI6IkpXVCJ9.eyJkYXRhIjp7ImlkIjoiZDBkNzE0NDctZjc2Zi00NDZmLTg2N2MtMDg3NTAwMTlhMDE2IiwibmFtZSI6ImFkbWluIiwiZ2VuZGVyIjp0cnVlLCJlbWFpbCI6IjM3ODMzODYyN0BxcS5jb20ifSwiaWF0IjoxNTA0NTIxMTc5LCJleHAiOjE1MDQ2MDc1Nzl9.nx9HrF38-a6dNwlYDFHPz1HzwlqUkzwvx9REu9RE5ec","canLogin":true,"status":1,"id":"d0d71447-f76f-446f-867c-08750019a016","createdAt":1503625702903,"updatedAt":1504521179215,"version":6}}
*************** response log end ***************

[2017-09-04 18:39:46.177] [INFO] resLogger - 
*************** response log start ***************
request method: GET
request originalUrl:  /api/user/?token=eyJhbGciOiJIUzI1NiIsInR5cCI6IkpXVCJ9.eyJkYXRhIjp7ImlkIjoiZDBkNzE0NDctZjc2Zi00NDZmLTg2N2MtMDg3NTAwMTlhMDE2IiwibmFtZSI6ImFkbWluIiwiZ2VuZGVyIjp0cnVlLCJlbWFpbCI6IjM3ODMzODYyN0BxcS5jb20ifSwiaWF0IjoxNTA0NTIxMTc5LCJleHAiOjE1MDQ2MDc1Nzl9.nx9HrF38-a6dNwlYDFHPz1HzwlqUkzwvx9REu9RE5ec
request client ip:  ::ffff:127.0.0.1
request query:  {"token":"eyJhbGciOiJIUzI1NiIsInR5cCI6IkpXVCJ9.eyJkYXRhIjp7ImlkIjoiZDBkNzE0NDctZjc2Zi00NDZmLTg2N2MtMDg3NTAwMTlhMDE2IiwibmFtZSI6ImFkbWluIiwiZ2VuZGVyIjp0cnVlLCJlbWFpbCI6IjM3ODMzODYyN0BxcS5jb20ifSwiaWF0IjoxNTA0NTIxMTc5LCJleHAiOjE1MDQ2MDc1Nzl9.nx9HrF38-a6dNwlYDFHPz1HzwlqUkzwvx9REu9RE5ec"}
response time: 64
response status: 200
response body: 
{"status":0,"data":{"name":"admin","email":"378338627@qq.com","phone":"15822927208","password":"$2a$10$gC8KbRA6pMCVvD2irCuZb.dsh57qd88OwLfukMSQEnDY0Set3L81i","gender":true,"token":"eyJhbGciOiJIUzI1NiIsInR5cCI6IkpXVCJ9.eyJkYXRhIjp7ImlkIjoiZDBkNzE0NDctZjc2Zi00NDZmLTg2N2MtMDg3NTAwMTlhMDE2IiwibmFtZSI6ImFkbWluIiwiZ2VuZGVyIjp0cnVlLCJlbWFpbCI6IjM3ODMzODYyN0BxcS5jb20ifSwiaWF0IjoxNTA0NTIxMTc5LCJleHAiOjE1MDQ2MDc1Nzl9.nx9HrF38-a6dNwlYDFHPz1HzwlqUkzwvx9REu9RE5ec","canLogin":true,"status":1,"id":"d0d71447-f76f-446f-867c-08750019a016","createdAt":1503625702903,"updatedAt":1504521179215,"version":6}}
*************** response log end ***************

[2017-09-04 18:39:47.816] [INFO] resLogger - 
*************** response log start ***************
request method: GET
request originalUrl:  /api/user/?token=eyJhbGciOiJIUzI1NiIsInR5cCI6IkpXVCJ9.eyJkYXRhIjp7ImlkIjoiZDBkNzE0NDctZjc2Zi00NDZmLTg2N2MtMDg3NTAwMTlhMDE2IiwibmFtZSI6ImFkbWluIiwiZ2VuZGVyIjp0cnVlLCJlbWFpbCI6IjM3ODMzODYyN0BxcS5jb20ifSwiaWF0IjoxNTA0NTIxMTc5LCJleHAiOjE1MDQ2MDc1Nzl9.nx9HrF38-a6dNwlYDFHPz1HzwlqUkzwvx9REu9RE5ec
request client ip:  ::ffff:127.0.0.1
request query:  {"token":"eyJhbGciOiJIUzI1NiIsInR5cCI6IkpXVCJ9.eyJkYXRhIjp7ImlkIjoiZDBkNzE0NDctZjc2Zi00NDZmLTg2N2MtMDg3NTAwMTlhMDE2IiwibmFtZSI6ImFkbWluIiwiZ2VuZGVyIjp0cnVlLCJlbWFpbCI6IjM3ODMzODYyN0BxcS5jb20ifSwiaWF0IjoxNTA0NTIxMTc5LCJleHAiOjE1MDQ2MDc1Nzl9.nx9HrF38-a6dNwlYDFHPz1HzwlqUkzwvx9REu9RE5ec"}
response time: 63
response status: 200
response body: 
{"status":0,"data":{"name":"admin","email":"378338627@qq.com","phone":"15822927208","password":"$2a$10$gC8KbRA6pMCVvD2irCuZb.dsh57qd88OwLfukMSQEnDY0Set3L81i","gender":true,"token":"eyJhbGciOiJIUzI1NiIsInR5cCI6IkpXVCJ9.eyJkYXRhIjp7ImlkIjoiZDBkNzE0NDctZjc2Zi00NDZmLTg2N2MtMDg3NTAwMTlhMDE2IiwibmFtZSI6ImFkbWluIiwiZ2VuZGVyIjp0cnVlLCJlbWFpbCI6IjM3ODMzODYyN0BxcS5jb20ifSwiaWF0IjoxNTA0NTIxMTc5LCJleHAiOjE1MDQ2MDc1Nzl9.nx9HrF38-a6dNwlYDFHPz1HzwlqUkzwvx9REu9RE5ec","canLogin":true,"status":1,"id":"d0d71447-f76f-446f-867c-08750019a016","createdAt":1503625702903,"updatedAt":1504521179215,"version":6}}
*************** response log end ***************

[2017-09-04 18:39:48.009] [INFO] resLogger - 
*************** response log start ***************
request method: GET
request originalUrl:  /api/business/getequip/get?token=eyJhbGciOiJIUzI1NiIsInR5cCI6IkpXVCJ9.eyJkYXRhIjp7ImlkIjoiZDBkNzE0NDctZjc2Zi00NDZmLTg2N2MtMDg3NTAwMTlhMDE2IiwibmFtZSI6ImFkbWluIiwiZ2VuZGVyIjp0cnVlLCJlbWFpbCI6IjM3ODMzODYyN0BxcS5jb20ifSwiaWF0IjoxNTA0NTIxMTc5LCJleHAiOjE1MDQ2MDc1Nzl9.nx9HrF38-a6dNwlYDFHPz1HzwlqUkzwvx9REu9RE5ec
request client ip:  ::ffff:127.0.0.1
request query:  {"token":"eyJhbGciOiJIUzI1NiIsInR5cCI6IkpXVCJ9.eyJkYXRhIjp7ImlkIjoiZDBkNzE0NDctZjc2Zi00NDZmLTg2N2MtMDg3NTAwMTlhMDE2IiwibmFtZSI6ImFkbWluIiwiZ2VuZGVyIjp0cnVlLCJlbWFpbCI6IjM3ODMzODYyN0BxcS5jb20ifSwiaWF0IjoxNTA0NTIxMTc5LCJleHAiOjE1MDQ2MDc1Nzl9.nx9HrF38-a6dNwlYDFHPz1HzwlqUkzwvx9REu9RE5ec"}
response time: 141
response status: 200
response body: 
{"status":0,"data":[{"equipment":"专网"},{"equipment":"电话"},{"equipment":"路由器"}]}
*************** response log end ***************

[2017-09-04 18:39:48.051] [INFO] resLogger - 
*************** response log start ***************
request method: GET
request originalUrl:  /api/business/list/page/1?token=eyJhbGciOiJIUzI1NiIsInR5cCI6IkpXVCJ9.eyJkYXRhIjp7ImlkIjoiZDBkNzE0NDctZjc2Zi00NDZmLTg2N2MtMDg3NTAwMTlhMDE2IiwibmFtZSI6ImFkbWluIiwiZ2VuZGVyIjp0cnVlLCJlbWFpbCI6IjM3ODMzODYyN0BxcS5jb20ifSwiaWF0IjoxNTA0NTIxMTc5LCJleHAiOjE1MDQ2MDc1Nzl9.nx9HrF38-a6dNwlYDFHPz1HzwlqUkzwvx9REu9RE5ec
request client ip:  ::ffff:127.0.0.1
request query:  {"token":"eyJhbGciOiJIUzI1NiIsInR5cCI6IkpXVCJ9.eyJkYXRhIjp7ImlkIjoiZDBkNzE0NDctZjc2Zi00NDZmLTg2N2MtMDg3NTAwMTlhMDE2IiwibmFtZSI6ImFkbWluIiwiZ2VuZGVyIjp0cnVlLCJlbWFpbCI6IjM3ODMzODYyN0BxcS5jb20ifSwiaWF0IjoxNTA0NTIxMTc5LCJleHAiOjE1MDQ2MDc1Nzl9.nx9HrF38-a6dNwlYDFHPz1HzwlqUkzwvx9REu9RE5ec"}
response time: 231
response status: 200
response body: 
{"status":0,"data":[{"type":"NET","equipment":"专网","operation":"ADVICE","weight":5,"remark":null,"status":1,"id":"45e3bcbc-0e0b-40ed-9f27-dfbefd1070f5","createdAt":1503970400340,"updatedAt":1503970400340,"version":0},{"type":"NET","equipment":"专网","operation":"SUPPORT","weight":5,"remark":null,"status":1,"id":"a454893d-0770-441f-9852-4b60f2549dc8","createdAt":1503970400340,"updatedAt":1503970400340,"version":0},{"type":"NET","equipment":"专网","operation":"FIX","weight":5,"remark":null,"status":1,"id":"d8679464-f56d-419a-b2bc-d7fd4f040122","createdAt":1503970400340,"updatedAt":1503970400340,"version":0},{"type":"NET","equipment":"专网","operation":"DEBUG","weight":5,"remark":null,"status":1,"id":"145a5de2-ccad-4047-a9e5-889df200c6af","createdAt":1503970400339,"updatedAt":1503970400339,"version":0},{"type":"NET","equipment":"专网","operation":"SETUP","weight":5,"remark":null,"status":1,"id":"ed71b9c1-d028-48fc-b3fa-2a784190c9f1","createdAt":1503970400339,"updatedAt":1503970400339,"version":0},{"type":"HARDWARE","equipment":"路由器","operation":"ADVICE","weight":5,"remark":null,"status":1,"id":"46184637-840b-411f-93cf-51d360ff3d99","createdAt":1503970380504,"updatedAt":1503970380504,"version":0},{"type":"HARDWARE","equipment":"路由器","operation":"SUPPORT","weight":5,"remark":null,"status":1,"id":"f2efb954-39ce-4fe8-adaa-3776c5f9eac3","createdAt":1503970380504,"updatedAt":1503970380504,"version":0},{"type":"HARDWARE","equipment":"路由器","operation":"DEBUG","weight":5,"remark":null,"status":1,"id":"3052a519-4f40-41ed-99c7-fbacd32a46ca","createdAt":1503970380503,"updatedAt":1503970380503,"version":0},{"type":"HARDWARE","equipment":"路由器","operation":"FIX","weight":5,"remark":null,"status":1,"id":"8e4e962c-92a9-47bf-9814-dd1503ec2b7c","createdAt":1503970380503,"updatedAt":1503970380503,"version":0},{"type":"HARDWARE","equipment":"路由器","operation":"SETUP","weight":5,"remark":null,"status":1,"id":"698cd2bb-db7a-459d-86df-ed997181a31c","createdAt":1503970380501,"updatedAt":1503970380501,"version":0}],"total":13}
*************** response log end ***************

[2017-09-04 18:39:49.046] [INFO] resLogger - 
*************** response log start ***************
request method: GET
request originalUrl:  /api/user/?token=eyJhbGciOiJIUzI1NiIsInR5cCI6IkpXVCJ9.eyJkYXRhIjp7ImlkIjoiZDBkNzE0NDctZjc2Zi00NDZmLTg2N2MtMDg3NTAwMTlhMDE2IiwibmFtZSI6ImFkbWluIiwiZ2VuZGVyIjp0cnVlLCJlbWFpbCI6IjM3ODMzODYyN0BxcS5jb20ifSwiaWF0IjoxNTA0NTIxMTc5LCJleHAiOjE1MDQ2MDc1Nzl9.nx9HrF38-a6dNwlYDFHPz1HzwlqUkzwvx9REu9RE5ec
request client ip:  ::ffff:127.0.0.1
request query:  {"token":"eyJhbGciOiJIUzI1NiIsInR5cCI6IkpXVCJ9.eyJkYXRhIjp7ImlkIjoiZDBkNzE0NDctZjc2Zi00NDZmLTg2N2MtMDg3NTAwMTlhMDE2IiwibmFtZSI6ImFkbWluIiwiZ2VuZGVyIjp0cnVlLCJlbWFpbCI6IjM3ODMzODYyN0BxcS5jb20ifSwiaWF0IjoxNTA0NTIxMTc5LCJleHAiOjE1MDQ2MDc1Nzl9.nx9HrF38-a6dNwlYDFHPz1HzwlqUkzwvx9REu9RE5ec"}
response time: 49
response status: 200
response body: 
{"status":0,"data":{"name":"admin","email":"378338627@qq.com","phone":"15822927208","password":"$2a$10$gC8KbRA6pMCVvD2irCuZb.dsh57qd88OwLfukMSQEnDY0Set3L81i","gender":true,"token":"eyJhbGciOiJIUzI1NiIsInR5cCI6IkpXVCJ9.eyJkYXRhIjp7ImlkIjoiZDBkNzE0NDctZjc2Zi00NDZmLTg2N2MtMDg3NTAwMTlhMDE2IiwibmFtZSI6ImFkbWluIiwiZ2VuZGVyIjp0cnVlLCJlbWFpbCI6IjM3ODMzODYyN0BxcS5jb20ifSwiaWF0IjoxNTA0NTIxMTc5LCJleHAiOjE1MDQ2MDc1Nzl9.nx9HrF38-a6dNwlYDFHPz1HzwlqUkzwvx9REu9RE5ec","canLogin":true,"status":1,"id":"d0d71447-f76f-446f-867c-08750019a016","createdAt":1503625702903,"updatedAt":1504521179215,"version":6}}
*************** response log end ***************

[2017-09-04 18:39:49.049] [INFO] resLogger - 
*************** response log start ***************
request method: GET
request originalUrl:  /api/order/list/page/1?token=eyJhbGciOiJIUzI1NiIsInR5cCI6IkpXVCJ9.eyJkYXRhIjp7ImlkIjoiZDBkNzE0NDctZjc2Zi00NDZmLTg2N2MtMDg3NTAwMTlhMDE2IiwibmFtZSI6ImFkbWluIiwiZ2VuZGVyIjp0cnVlLCJlbWFpbCI6IjM3ODMzODYyN0BxcS5jb20ifSwiaWF0IjoxNTA0NTIxMTc5LCJleHAiOjE1MDQ2MDc1Nzl9.nx9HrF38-a6dNwlYDFHPz1HzwlqUkzwvx9REu9RE5ec
request client ip:  ::ffff:127.0.0.1
request query:  {"token":"eyJhbGciOiJIUzI1NiIsInR5cCI6IkpXVCJ9.eyJkYXRhIjp7ImlkIjoiZDBkNzE0NDctZjc2Zi00NDZmLTg2N2MtMDg3NTAwMTlhMDE2IiwibmFtZSI6ImFkbWluIiwiZ2VuZGVyIjp0cnVlLCJlbWFpbCI6IjM3ODMzODYyN0BxcS5jb20ifSwiaWF0IjoxNTA0NTIxMTc5LCJleHAiOjE1MDQ2MDc1Nzl9.nx9HrF38-a6dNwlYDFHPz1HzwlqUkzwvx9REu9RE5ec"}
response time: 1
response status: 404
response body: 
undefined
*************** response log end ***************

[2017-09-04 18:44:19.708] [INFO] resLogger - 
*************** response log start ***************
request method: GET
request originalUrl:  /api/user/?token=eyJhbGciOiJIUzI1NiIsInR5cCI6IkpXVCJ9.eyJkYXRhIjp7ImlkIjoiZDBkNzE0NDctZjc2Zi00NDZmLTg2N2MtMDg3NTAwMTlhMDE2IiwibmFtZSI6ImFkbWluIiwiZ2VuZGVyIjp0cnVlLCJlbWFpbCI6IjM3ODMzODYyN0BxcS5jb20ifSwiaWF0IjoxNTA0NTIxMTc5LCJleHAiOjE1MDQ2MDc1Nzl9.nx9HrF38-a6dNwlYDFHPz1HzwlqUkzwvx9REu9RE5ec
request client ip:  ::ffff:127.0.0.1
request query:  {"token":"eyJhbGciOiJIUzI1NiIsInR5cCI6IkpXVCJ9.eyJkYXRhIjp7ImlkIjoiZDBkNzE0NDctZjc2Zi00NDZmLTg2N2MtMDg3NTAwMTlhMDE2IiwibmFtZSI6ImFkbWluIiwiZ2VuZGVyIjp0cnVlLCJlbWFpbCI6IjM3ODMzODYyN0BxcS5jb20ifSwiaWF0IjoxNTA0NTIxMTc5LCJleHAiOjE1MDQ2MDc1Nzl9.nx9HrF38-a6dNwlYDFHPz1HzwlqUkzwvx9REu9RE5ec"}
response time: 108
response status: 200
response body: 
{"status":0,"data":{"name":"admin","email":"378338627@qq.com","phone":"15822927208","password":"$2a$10$gC8KbRA6pMCVvD2irCuZb.dsh57qd88OwLfukMSQEnDY0Set3L81i","gender":true,"token":"eyJhbGciOiJIUzI1NiIsInR5cCI6IkpXVCJ9.eyJkYXRhIjp7ImlkIjoiZDBkNzE0NDctZjc2Zi00NDZmLTg2N2MtMDg3NTAwMTlhMDE2IiwibmFtZSI6ImFkbWluIiwiZ2VuZGVyIjp0cnVlLCJlbWFpbCI6IjM3ODMzODYyN0BxcS5jb20ifSwiaWF0IjoxNTA0NTIxMTc5LCJleHAiOjE1MDQ2MDc1Nzl9.nx9HrF38-a6dNwlYDFHPz1HzwlqUkzwvx9REu9RE5ec","canLogin":true,"status":1,"id":"d0d71447-f76f-446f-867c-08750019a016","createdAt":1503625702903,"updatedAt":1504521179215,"version":6}}
*************** response log end ***************

[2017-09-04 18:44:19.805] [INFO] resLogger - 
*************** response log start ***************
request method: GET
request originalUrl:  /api/order/list/page/1?token=eyJhbGciOiJIUzI1NiIsInR5cCI6IkpXVCJ9.eyJkYXRhIjp7ImlkIjoiZDBkNzE0NDctZjc2Zi00NDZmLTg2N2MtMDg3NTAwMTlhMDE2IiwibmFtZSI6ImFkbWluIiwiZ2VuZGVyIjp0cnVlLCJlbWFpbCI6IjM3ODMzODYyN0BxcS5jb20ifSwiaWF0IjoxNTA0NTIxMTc5LCJleHAiOjE1MDQ2MDc1Nzl9.nx9HrF38-a6dNwlYDFHPz1HzwlqUkzwvx9REu9RE5ec
request client ip:  ::ffff:127.0.0.1
request query:  {"token":"eyJhbGciOiJIUzI1NiIsInR5cCI6IkpXVCJ9.eyJkYXRhIjp7ImlkIjoiZDBkNzE0NDctZjc2Zi00NDZmLTg2N2MtMDg3NTAwMTlhMDE2IiwibmFtZSI6ImFkbWluIiwiZ2VuZGVyIjp0cnVlLCJlbWFpbCI6IjM3ODMzODYyN0BxcS5jb20ifSwiaWF0IjoxNTA0NTIxMTc5LCJleHAiOjE1MDQ2MDc1Nzl9.nx9HrF38-a6dNwlYDFHPz1HzwlqUkzwvx9REu9RE5ec"}
response time: 4
response status: 404
response body: 
undefined
*************** response log end ***************

[2017-09-04 18:45:25.208] [INFO] resLogger - 
*************** response log start ***************
request method: GET
request originalUrl:  /api/order/list/page/1?token=eyJhbGciOiJIUzI1NiIsInR5cCI6IkpXVCJ9.eyJkYXRhIjp7ImlkIjoiZDBkNzE0NDctZjc2Zi00NDZmLTg2N2MtMDg3NTAwMTlhMDE2IiwibmFtZSI6ImFkbWluIiwiZ2VuZGVyIjp0cnVlLCJlbWFpbCI6IjM3ODMzODYyN0BxcS5jb20ifSwiaWF0IjoxNTA0NTIxMTc5LCJleHAiOjE1MDQ2MDc1Nzl9.nx9HrF38-a6dNwlYDFHPz1HzwlqUkzwvx9REu9RE5ec
request client ip:  ::ffff:127.0.0.1
request query:  {"token":"eyJhbGciOiJIUzI1NiIsInR5cCI6IkpXVCJ9.eyJkYXRhIjp7ImlkIjoiZDBkNzE0NDctZjc2Zi00NDZmLTg2N2MtMDg3NTAwMTlhMDE2IiwibmFtZSI6ImFkbWluIiwiZ2VuZGVyIjp0cnVlLCJlbWFpbCI6IjM3ODMzODYyN0BxcS5jb20ifSwiaWF0IjoxNTA0NTIxMTc5LCJleHAiOjE1MDQ2MDc1Nzl9.nx9HrF38-a6dNwlYDFHPz1HzwlqUkzwvx9REu9RE5ec"}
response time: 6
response status: 404
response body: 
undefined
*************** response log end ***************

[2017-09-04 18:45:25.243] [INFO] resLogger - 
*************** response log start ***************
request method: GET
request originalUrl:  /favicon.ico
request client ip:  ::ffff:127.0.0.1
request query:  {}
response time: 7
response status: 200
response body: 
{"name":"jwtError","status":10003,"message":"身份验证错误！"}
*************** response log end ***************

[2017-09-04 18:53:56.101] [INFO] resLogger - 
*************** response log start ***************
request method: GET
request originalUrl:  /api/order/list/page/1?token=eyJhbGciOiJIUzI1NiIsInR5cCI6IkpXVCJ9.eyJkYXRhIjp7ImlkIjoiZDBkNzE0NDctZjc2Zi00NDZmLTg2N2MtMDg3NTAwMTlhMDE2IiwibmFtZSI6ImFkbWluIiwiZ2VuZGVyIjp0cnVlLCJlbWFpbCI6IjM3ODMzODYyN0BxcS5jb20ifSwiaWF0IjoxNTA0NTIxMTc5LCJleHAiOjE1MDQ2MDc1Nzl9.nx9HrF38-a6dNwlYDFHPz1HzwlqUkzwvx9REu9RE5ec
request client ip:  ::ffff:127.0.0.1
request query:  {"token":"eyJhbGciOiJIUzI1NiIsInR5cCI6IkpXVCJ9.eyJkYXRhIjp7ImlkIjoiZDBkNzE0NDctZjc2Zi00NDZmLTg2N2MtMDg3NTAwMTlhMDE2IiwibmFtZSI6ImFkbWluIiwiZ2VuZGVyIjp0cnVlLCJlbWFpbCI6IjM3ODMzODYyN0BxcS5jb20ifSwiaWF0IjoxNTA0NTIxMTc5LCJleHAiOjE1MDQ2MDc1Nzl9.nx9HrF38-a6dNwlYDFHPz1HzwlqUkzwvx9REu9RE5ec"}
response time: 12
response status: 404
response body: 
undefined
*************** response log end ***************

[2017-09-04 18:53:56.155] [INFO] resLogger - 
*************** response log start ***************
request method: GET
request originalUrl:  /favicon.ico
request client ip:  ::ffff:127.0.0.1
request query:  {}
response time: 18
response status: 200
response body: 
{"name":"jwtError","status":10003,"message":"身份验证错误！"}
*************** response log end ***************

[2017-09-04 18:54:38.153] [INFO] resLogger - 
*************** response log start ***************
request method: GET
request originalUrl:  /api/order/list/page/1?token=eyJhbGciOiJIUzI1NiIsInR5cCI6IkpXVCJ9.eyJkYXRhIjp7ImlkIjoiZDBkNzE0NDctZjc2Zi00NDZmLTg2N2MtMDg3NTAwMTlhMDE2IiwibmFtZSI6ImFkbWluIiwiZ2VuZGVyIjp0cnVlLCJlbWFpbCI6IjM3ODMzODYyN0BxcS5jb20ifSwiaWF0IjoxNTA0NTIxMTc5LCJleHAiOjE1MDQ2MDc1Nzl9.nx9HrF38-a6dNwlYDFHPz1HzwlqUkzwvx9REu9RE5ec
request client ip:  ::ffff:127.0.0.1
request query:  {"token":"eyJhbGciOiJIUzI1NiIsInR5cCI6IkpXVCJ9.eyJkYXRhIjp7ImlkIjoiZDBkNzE0NDctZjc2Zi00NDZmLTg2N2MtMDg3NTAwMTlhMDE2IiwibmFtZSI6ImFkbWluIiwiZ2VuZGVyIjp0cnVlLCJlbWFpbCI6IjM3ODMzODYyN0BxcS5jb20ifSwiaWF0IjoxNTA0NTIxMTc5LCJleHAiOjE1MDQ2MDc1Nzl9.nx9HrF38-a6dNwlYDFHPz1HzwlqUkzwvx9REu9RE5ec"}
response time: 315
response status: 200
response body: 
{"name":"SequelizeDatabaseError","message":"ER_NONUNIQ_TABLE: Not unique table/alias: 'corpBuildings'","parent":{"code":"ER_NONUNIQ_TABLE","errno":1066,"sqlState":"42000","index":0,"sql":"select orders.id as id,corporations.name as corporationname,corpBuildings.floor as floor,corpBuildings.position as corpostion,buildings.name as buildingname from orders inner join corpBuildings on orders.custom_position=corpBuildings.id,corpBuildings inner join corporations on.corporationId=corporation.id,corpBuildings inner join Buildings on corpBuildings.buildingId=buildings.id where orders.status=1 limit 0,10 order by updatedAt desc;"},"original":{"code":"ER_NONUNIQ_TABLE","errno":1066,"sqlState":"42000","index":0,"sql":"select orders.id as id,corporations.name as corporationname,corpBuildings.floor as floor,corpBuildings.position as corpostion,buildings.name as buildingname from orders inner join corpBuildings on orders.custom_position=corpBuildings.id,corpBuildings inner join corporations on.corporationId=corporation.id,corpBuildings inner join Buildings on corpBuildings.buildingId=buildings.id where orders.status=1 limit 0,10 order by updatedAt desc;"},"sql":"select orders.id as id,corporations.name as corporationname,corpBuildings.floor as floor,corpBuildings.position as corpostion,buildings.name as buildingname from orders inner join corpBuildings on orders.custom_position=corpBuildings.id,corpBuildings inner join corporations on.corporationId=corporation.id,corpBuildings inner join Buildings on corpBuildings.buildingId=buildings.id where orders.status=1 limit 0,10 order by updatedAt desc;","status":500}
*************** response log end ***************

[2017-09-04 18:54:38.191] [INFO] resLogger - 
*************** response log start ***************
request method: GET
request originalUrl:  /favicon.ico
request client ip:  ::ffff:127.0.0.1
request query:  {}
response time: 6
response status: 200
response body: 
{"name":"jwtError","status":10003,"message":"身份验证错误！"}
*************** response log end ***************

