[2017-08-04 11:10:39.694] [INFO] resLogger - 
*************** response log start ***************
request method: GET
request originalUrl:  /api/workers/usernotin?token=eyJhbGciOiJIUzI1NiIsInR5cCI6IkpXVCJ9.eyJkYXRhIjp7ImlkIjoiYTJjY2Y5ZTAtMGQ1MC00ZWZmLThiMmUtZTM0OWI2OWJhZWVkIiwibmFtZSI6ImFkbWluIiwiZ2VuZGVyIjp0cnVlLCJlbWFpbCI6IjM3ODMzODYyN0BxcS5jb20ifSwiaWF0IjoxNTAxNzUxNTIwLCJleHAiOjE1MDE4Mzc5MjB9.WjTdFwRMU8h8x_3C46DZ-CN_EqMw0m9yMrD7RkdNqdE
request client ip:  ::ffff:127.0.0.1
request query:  {"token":"eyJhbGciOiJIUzI1NiIsInR5cCI6IkpXVCJ9.eyJkYXRhIjp7ImlkIjoiYTJjY2Y5ZTAtMGQ1MC00ZWZmLThiMmUtZTM0OWI2OWJhZWVkIiwibmFtZSI6ImFkbWluIiwiZ2VuZGVyIjp0cnVlLCJlbWFpbCI6IjM3ODMzODYyN0BxcS5jb20ifSwiaWF0IjoxNTAxNzUxNTIwLCJleHAiOjE1MDE4Mzc5MjB9.WjTdFwRMU8h8x_3C46DZ-CN_EqMw0m9yMrD7RkdNqdE"}
response time: 384
response status: 200
response body: 
{"status":0,"data":[{"name":"liumeng","email":null,"password":"$2a$10$rrkWiKcjzASDfqp8D2Pt.egHhWgxo2Zf1GlLEHfojLlylJtRjjnjW","gender":null,"token":null,"canLogin":1,"id":"0f1694b8-1d60-4b85-a37c-c58af4d230ee","createdAt":1501756330736,"updatedAt":1501756330736,"version":0},{"name":"admin","email":"378338627@qq.com","password":"$2a$10$izOxJyRYAgHPqpX/vdTXk.gPRVfZGGfqPMwF.GkHtwz27Iqp4IA.a","gender":1,"token":"eyJhbGciOiJIUzI1NiIsInR5cCI6IkpXVCJ9.eyJkYXRhIjp7ImlkIjoiYTJjY2Y5ZTAtMGQ1MC00ZWZmLThiMmUtZTM0OWI2OWJhZWVkIiwibmFtZSI6ImFkbWluIiwiZ2VuZGVyIjp0cnVlLCJlbWFpbCI6IjM3ODMzODYyN0BxcS5jb20ifSwiaWF0IjoxNTAxNzUxNTIwLCJleHAiOjE1MDE4Mzc5MjB9.WjTdFwRMU8h8x_3C46DZ-CN_EqMw0m9yMrD7RkdNqdE","canLogin":1,"id":"a2ccf9e0-0d50-4eff-8b2e-e349b69baeed","createdAt":1501751476660,"updatedAt":1501751520128,"version":1}]}
*************** response log end ***************

[2017-08-04 11:10:39.778] [INFO] resLogger - 
*************** response log start ***************
request method: GET
request originalUrl:  /favicon.ico
request client ip:  ::ffff:127.0.0.1
request query:  {}
response time: 11
response status: 200
response body: 
{"name":"jwtError","status":10003,"message":"身份验证错误！"}
*************** response log end ***************

[2017-08-04 11:13:06.593] [INFO] resLogger - 
*************** response log start ***************
request method: GET
request originalUrl:  /api/workers/usernotin?token=eyJhbGciOiJIUzI1NiIsInR5cCI6IkpXVCJ9.eyJkYXRhIjp7ImlkIjoiYTJjY2Y5ZTAtMGQ1MC00ZWZmLThiMmUtZTM0OWI2OWJhZWVkIiwibmFtZSI6ImFkbWluIiwiZ2VuZGVyIjp0cnVlLCJlbWFpbCI6IjM3ODMzODYyN0BxcS5jb20ifSwiaWF0IjoxNTAxNzUxNTIwLCJleHAiOjE1MDE4Mzc5MjB9.WjTdFwRMU8h8x_3C46DZ-CN_EqMw0m9yMrD7RkdNqdE
request client ip:  ::ffff:127.0.0.1
request query:  {"token":"eyJhbGciOiJIUzI1NiIsInR5cCI6IkpXVCJ9.eyJkYXRhIjp7ImlkIjoiYTJjY2Y5ZTAtMGQ1MC00ZWZmLThiMmUtZTM0OWI2OWJhZWVkIiwibmFtZSI6ImFkbWluIiwiZ2VuZGVyIjp0cnVlLCJlbWFpbCI6IjM3ODMzODYyN0BxcS5jb20ifSwiaWF0IjoxNTAxNzUxNTIwLCJleHAiOjE1MDE4Mzc5MjB9.WjTdFwRMU8h8x_3C46DZ-CN_EqMw0m9yMrD7RkdNqdE"}
response time: 420
response status: 200
response body: 
{"status":0,"data":[{"name":"liumeng","email":null,"password":"$2a$10$rrkWiKcjzASDfqp8D2Pt.egHhWgxo2Zf1GlLEHfojLlylJtRjjnjW","gender":null,"token":null,"canLogin":1,"id":"0f1694b8-1d60-4b85-a37c-c58af4d230ee","createdAt":1501756330736,"updatedAt":1501756330736,"version":0},{"name":"admin","email":"378338627@qq.com","password":"$2a$10$izOxJyRYAgHPqpX/vdTXk.gPRVfZGGfqPMwF.GkHtwz27Iqp4IA.a","gender":1,"token":"eyJhbGciOiJIUzI1NiIsInR5cCI6IkpXVCJ9.eyJkYXRhIjp7ImlkIjoiYTJjY2Y5ZTAtMGQ1MC00ZWZmLThiMmUtZTM0OWI2OWJhZWVkIiwibmFtZSI6ImFkbWluIiwiZ2VuZGVyIjp0cnVlLCJlbWFpbCI6IjM3ODMzODYyN0BxcS5jb20ifSwiaWF0IjoxNTAxNzUxNTIwLCJleHAiOjE1MDE4Mzc5MjB9.WjTdFwRMU8h8x_3C46DZ-CN_EqMw0m9yMrD7RkdNqdE","canLogin":1,"id":"a2ccf9e0-0d50-4eff-8b2e-e349b69baeed","createdAt":1501751476660,"updatedAt":1501751520128,"version":1}]}
*************** response log end ***************

[2017-08-04 11:13:06.645] [INFO] resLogger - 
*************** response log start ***************
request method: GET
request originalUrl:  /favicon.ico
request client ip:  ::ffff:127.0.0.1
request query:  {}
response time: 19
response status: 200
response body: 
{"name":"jwtError","status":10003,"message":"身份验证错误！"}
*************** response log end ***************

[2017-08-04 11:13:51.942] [INFO] resLogger - 
*************** response log start ***************
request method: GET
request originalUrl:  /api/user/?token=eyJhbGciOiJIUzI1NiIsInR5cCI6IkpXVCJ9.eyJkYXRhIjp7ImlkIjoiYTJjY2Y5ZTAtMGQ1MC00ZWZmLThiMmUtZTM0OWI2OWJhZWVkIiwibmFtZSI6ImFkbWluIiwiZ2VuZGVyIjp0cnVlLCJlbWFpbCI6IjM3ODMzODYyN0BxcS5jb20ifSwiaWF0IjoxNTAxNzUxNTIwLCJleHAiOjE1MDE4Mzc5MjB9.WjTdFwRMU8h8x_3C46DZ-CN_EqMw0m9yMrD7RkdNqdE
request client ip:  ::ffff:127.0.0.1
request query:  {"token":"eyJhbGciOiJIUzI1NiIsInR5cCI6IkpXVCJ9.eyJkYXRhIjp7ImlkIjoiYTJjY2Y5ZTAtMGQ1MC00ZWZmLThiMmUtZTM0OWI2OWJhZWVkIiwibmFtZSI6ImFkbWluIiwiZ2VuZGVyIjp0cnVlLCJlbWFpbCI6IjM3ODMzODYyN0BxcS5jb20ifSwiaWF0IjoxNTAxNzUxNTIwLCJleHAiOjE1MDE4Mzc5MjB9.WjTdFwRMU8h8x_3C46DZ-CN_EqMw0m9yMrD7RkdNqdE"}
response time: 448
response status: 200
response body: 
{"status":0,"data":{"name":"admin","email":"378338627@qq.com","password":"$2a$10$izOxJyRYAgHPqpX/vdTXk.gPRVfZGGfqPMwF.GkHtwz27Iqp4IA.a","gender":true,"token":"eyJhbGciOiJIUzI1NiIsInR5cCI6IkpXVCJ9.eyJkYXRhIjp7ImlkIjoiYTJjY2Y5ZTAtMGQ1MC00ZWZmLThiMmUtZTM0OWI2OWJhZWVkIiwibmFtZSI6ImFkbWluIiwiZ2VuZGVyIjp0cnVlLCJlbWFpbCI6IjM3ODMzODYyN0BxcS5jb20ifSwiaWF0IjoxNTAxNzUxNTIwLCJleHAiOjE1MDE4Mzc5MjB9.WjTdFwRMU8h8x_3C46DZ-CN_EqMw0m9yMrD7RkdNqdE","canLogin":true,"id":"a2ccf9e0-0d50-4eff-8b2e-e349b69baeed","createdAt":1501751476660,"updatedAt":1501751520128,"version":1}}
*************** response log end ***************

[2017-08-04 11:13:52.573] [INFO] resLogger - 
*************** response log start ***************
request method: GET
request originalUrl:  /api/user/?token=eyJhbGciOiJIUzI1NiIsInR5cCI6IkpXVCJ9.eyJkYXRhIjp7ImlkIjoiYTJjY2Y5ZTAtMGQ1MC00ZWZmLThiMmUtZTM0OWI2OWJhZWVkIiwibmFtZSI6ImFkbWluIiwiZ2VuZGVyIjp0cnVlLCJlbWFpbCI6IjM3ODMzODYyN0BxcS5jb20ifSwiaWF0IjoxNTAxNzUxNTIwLCJleHAiOjE1MDE4Mzc5MjB9.WjTdFwRMU8h8x_3C46DZ-CN_EqMw0m9yMrD7RkdNqdE
request client ip:  ::ffff:127.0.0.1
request query:  {"token":"eyJhbGciOiJIUzI1NiIsInR5cCI6IkpXVCJ9.eyJkYXRhIjp7ImlkIjoiYTJjY2Y5ZTAtMGQ1MC00ZWZmLThiMmUtZTM0OWI2OWJhZWVkIiwibmFtZSI6ImFkbWluIiwiZ2VuZGVyIjp0cnVlLCJlbWFpbCI6IjM3ODMzODYyN0BxcS5jb20ifSwiaWF0IjoxNTAxNzUxNTIwLCJleHAiOjE1MDE4Mzc5MjB9.WjTdFwRMU8h8x_3C46DZ-CN_EqMw0m9yMrD7RkdNqdE"}
response time: 77
response status: 200
response body: 
{"status":0,"data":{"name":"admin","email":"378338627@qq.com","password":"$2a$10$izOxJyRYAgHPqpX/vdTXk.gPRVfZGGfqPMwF.GkHtwz27Iqp4IA.a","gender":true,"token":"eyJhbGciOiJIUzI1NiIsInR5cCI6IkpXVCJ9.eyJkYXRhIjp7ImlkIjoiYTJjY2Y5ZTAtMGQ1MC00ZWZmLThiMmUtZTM0OWI2OWJhZWVkIiwibmFtZSI6ImFkbWluIiwiZ2VuZGVyIjp0cnVlLCJlbWFpbCI6IjM3ODMzODYyN0BxcS5jb20ifSwiaWF0IjoxNTAxNzUxNTIwLCJleHAiOjE1MDE4Mzc5MjB9.WjTdFwRMU8h8x_3C46DZ-CN_EqMw0m9yMrD7RkdNqdE","canLogin":true,"id":"a2ccf9e0-0d50-4eff-8b2e-e349b69baeed","createdAt":1501751476660,"updatedAt":1501751520128,"version":1}}
*************** response log end ***************

[2017-08-04 11:27:54.175] [INFO] resLogger - 
*************** response log start ***************
request method: GET
request originalUrl:  /api/user/?token=eyJhbGciOiJIUzI1NiIsInR5cCI6IkpXVCJ9.eyJkYXRhIjp7ImlkIjoiYTJjY2Y5ZTAtMGQ1MC00ZWZmLThiMmUtZTM0OWI2OWJhZWVkIiwibmFtZSI6ImFkbWluIiwiZ2VuZGVyIjp0cnVlLCJlbWFpbCI6IjM3ODMzODYyN0BxcS5jb20ifSwiaWF0IjoxNTAxNzUxNTIwLCJleHAiOjE1MDE4Mzc5MjB9.WjTdFwRMU8h8x_3C46DZ-CN_EqMw0m9yMrD7RkdNqdE
request client ip:  ::ffff:127.0.0.1
request query:  {"token":"eyJhbGciOiJIUzI1NiIsInR5cCI6IkpXVCJ9.eyJkYXRhIjp7ImlkIjoiYTJjY2Y5ZTAtMGQ1MC00ZWZmLThiMmUtZTM0OWI2OWJhZWVkIiwibmFtZSI6ImFkbWluIiwiZ2VuZGVyIjp0cnVlLCJlbWFpbCI6IjM3ODMzODYyN0BxcS5jb20ifSwiaWF0IjoxNTAxNzUxNTIwLCJleHAiOjE1MDE4Mzc5MjB9.WjTdFwRMU8h8x_3C46DZ-CN_EqMw0m9yMrD7RkdNqdE"}
response time: 202
response status: 200
response body: 
{"status":0,"data":{"name":"admin","email":"378338627@qq.com","password":"$2a$10$izOxJyRYAgHPqpX/vdTXk.gPRVfZGGfqPMwF.GkHtwz27Iqp4IA.a","gender":true,"token":"eyJhbGciOiJIUzI1NiIsInR5cCI6IkpXVCJ9.eyJkYXRhIjp7ImlkIjoiYTJjY2Y5ZTAtMGQ1MC00ZWZmLThiMmUtZTM0OWI2OWJhZWVkIiwibmFtZSI6ImFkbWluIiwiZ2VuZGVyIjp0cnVlLCJlbWFpbCI6IjM3ODMzODYyN0BxcS5jb20ifSwiaWF0IjoxNTAxNzUxNTIwLCJleHAiOjE1MDE4Mzc5MjB9.WjTdFwRMU8h8x_3C46DZ-CN_EqMw0m9yMrD7RkdNqdE","canLogin":true,"id":"a2ccf9e0-0d50-4eff-8b2e-e349b69baeed","createdAt":1501751476660,"updatedAt":1501751520128,"version":1}}
*************** response log end ***************

[2017-08-04 11:30:58.907] [INFO] resLogger - 
*************** response log start ***************
request method: GET
request originalUrl:  /api/user/?token=eyJhbGciOiJIUzI1NiIsInR5cCI6IkpXVCJ9.eyJkYXRhIjp7ImlkIjoiYTJjY2Y5ZTAtMGQ1MC00ZWZmLThiMmUtZTM0OWI2OWJhZWVkIiwibmFtZSI6ImFkbWluIiwiZ2VuZGVyIjp0cnVlLCJlbWFpbCI6IjM3ODMzODYyN0BxcS5jb20ifSwiaWF0IjoxNTAxNzUxNTIwLCJleHAiOjE1MDE4Mzc5MjB9.WjTdFwRMU8h8x_3C46DZ-CN_EqMw0m9yMrD7RkdNqdE
request client ip:  ::ffff:127.0.0.1
request query:  {"token":"eyJhbGciOiJIUzI1NiIsInR5cCI6IkpXVCJ9.eyJkYXRhIjp7ImlkIjoiYTJjY2Y5ZTAtMGQ1MC00ZWZmLThiMmUtZTM0OWI2OWJhZWVkIiwibmFtZSI6ImFkbWluIiwiZ2VuZGVyIjp0cnVlLCJlbWFpbCI6IjM3ODMzODYyN0BxcS5jb20ifSwiaWF0IjoxNTAxNzUxNTIwLCJleHAiOjE1MDE4Mzc5MjB9.WjTdFwRMU8h8x_3C46DZ-CN_EqMw0m9yMrD7RkdNqdE"}
response time: 136
response status: 200
response body: 
{"status":0,"data":{"name":"admin","email":"378338627@qq.com","password":"$2a$10$izOxJyRYAgHPqpX/vdTXk.gPRVfZGGfqPMwF.GkHtwz27Iqp4IA.a","gender":true,"token":"eyJhbGciOiJIUzI1NiIsInR5cCI6IkpXVCJ9.eyJkYXRhIjp7ImlkIjoiYTJjY2Y5ZTAtMGQ1MC00ZWZmLThiMmUtZTM0OWI2OWJhZWVkIiwibmFtZSI6ImFkbWluIiwiZ2VuZGVyIjp0cnVlLCJlbWFpbCI6IjM3ODMzODYyN0BxcS5jb20ifSwiaWF0IjoxNTAxNzUxNTIwLCJleHAiOjE1MDE4Mzc5MjB9.WjTdFwRMU8h8x_3C46DZ-CN_EqMw0m9yMrD7RkdNqdE","canLogin":true,"id":"a2ccf9e0-0d50-4eff-8b2e-e349b69baeed","createdAt":1501751476660,"updatedAt":1501751520128,"version":1}}
*************** response log end ***************

[2017-08-04 11:31:35.725] [INFO] resLogger - 
*************** response log start ***************
request method: GET
request originalUrl:  /api/user/?token=eyJhbGciOiJIUzI1NiIsInR5cCI6IkpXVCJ9.eyJkYXRhIjp7ImlkIjoiYTJjY2Y5ZTAtMGQ1MC00ZWZmLThiMmUtZTM0OWI2OWJhZWVkIiwibmFtZSI6ImFkbWluIiwiZ2VuZGVyIjp0cnVlLCJlbWFpbCI6IjM3ODMzODYyN0BxcS5jb20ifSwiaWF0IjoxNTAxNzUxNTIwLCJleHAiOjE1MDE4Mzc5MjB9.WjTdFwRMU8h8x_3C46DZ-CN_EqMw0m9yMrD7RkdNqdE
request client ip:  ::ffff:127.0.0.1
request query:  {"token":"eyJhbGciOiJIUzI1NiIsInR5cCI6IkpXVCJ9.eyJkYXRhIjp7ImlkIjoiYTJjY2Y5ZTAtMGQ1MC00ZWZmLThiMmUtZTM0OWI2OWJhZWVkIiwibmFtZSI6ImFkbWluIiwiZ2VuZGVyIjp0cnVlLCJlbWFpbCI6IjM3ODMzODYyN0BxcS5jb20ifSwiaWF0IjoxNTAxNzUxNTIwLCJleHAiOjE1MDE4Mzc5MjB9.WjTdFwRMU8h8x_3C46DZ-CN_EqMw0m9yMrD7RkdNqdE"}
response time: 94
response status: 200
response body: 
{"status":0,"data":{"name":"admin","email":"378338627@qq.com","password":"$2a$10$izOxJyRYAgHPqpX/vdTXk.gPRVfZGGfqPMwF.GkHtwz27Iqp4IA.a","gender":true,"token":"eyJhbGciOiJIUzI1NiIsInR5cCI6IkpXVCJ9.eyJkYXRhIjp7ImlkIjoiYTJjY2Y5ZTAtMGQ1MC00ZWZmLThiMmUtZTM0OWI2OWJhZWVkIiwibmFtZSI6ImFkbWluIiwiZ2VuZGVyIjp0cnVlLCJlbWFpbCI6IjM3ODMzODYyN0BxcS5jb20ifSwiaWF0IjoxNTAxNzUxNTIwLCJleHAiOjE1MDE4Mzc5MjB9.WjTdFwRMU8h8x_3C46DZ-CN_EqMw0m9yMrD7RkdNqdE","canLogin":true,"id":"a2ccf9e0-0d50-4eff-8b2e-e349b69baeed","createdAt":1501751476660,"updatedAt":1501751520128,"version":1}}
*************** response log end ***************

[2017-08-04 11:32:02.955] [INFO] resLogger - 
*************** response log start ***************
request method: GET
request originalUrl:  /api/user/?token=eyJhbGciOiJIUzI1NiIsInR5cCI6IkpXVCJ9.eyJkYXRhIjp7ImlkIjoiYTJjY2Y5ZTAtMGQ1MC00ZWZmLThiMmUtZTM0OWI2OWJhZWVkIiwibmFtZSI6ImFkbWluIiwiZ2VuZGVyIjp0cnVlLCJlbWFpbCI6IjM3ODMzODYyN0BxcS5jb20ifSwiaWF0IjoxNTAxNzUxNTIwLCJleHAiOjE1MDE4Mzc5MjB9.WjTdFwRMU8h8x_3C46DZ-CN_EqMw0m9yMrD7RkdNqdE
request client ip:  ::ffff:127.0.0.1
request query:  {"token":"eyJhbGciOiJIUzI1NiIsInR5cCI6IkpXVCJ9.eyJkYXRhIjp7ImlkIjoiYTJjY2Y5ZTAtMGQ1MC00ZWZmLThiMmUtZTM0OWI2OWJhZWVkIiwibmFtZSI6ImFkbWluIiwiZ2VuZGVyIjp0cnVlLCJlbWFpbCI6IjM3ODMzODYyN0BxcS5jb20ifSwiaWF0IjoxNTAxNzUxNTIwLCJleHAiOjE1MDE4Mzc5MjB9.WjTdFwRMU8h8x_3C46DZ-CN_EqMw0m9yMrD7RkdNqdE"}
response time: 83
response status: 200
response body: 
{"status":0,"data":{"name":"admin","email":"378338627@qq.com","password":"$2a$10$izOxJyRYAgHPqpX/vdTXk.gPRVfZGGfqPMwF.GkHtwz27Iqp4IA.a","gender":true,"token":"eyJhbGciOiJIUzI1NiIsInR5cCI6IkpXVCJ9.eyJkYXRhIjp7ImlkIjoiYTJjY2Y5ZTAtMGQ1MC00ZWZmLThiMmUtZTM0OWI2OWJhZWVkIiwibmFtZSI6ImFkbWluIiwiZ2VuZGVyIjp0cnVlLCJlbWFpbCI6IjM3ODMzODYyN0BxcS5jb20ifSwiaWF0IjoxNTAxNzUxNTIwLCJleHAiOjE1MDE4Mzc5MjB9.WjTdFwRMU8h8x_3C46DZ-CN_EqMw0m9yMrD7RkdNqdE","canLogin":true,"id":"a2ccf9e0-0d50-4eff-8b2e-e349b69baeed","createdAt":1501751476660,"updatedAt":1501751520128,"version":1}}
*************** response log end ***************

[2017-08-04 11:32:17.761] [INFO] resLogger - 
*************** response log start ***************
request method: GET
request originalUrl:  /api/user/?token=eyJhbGciOiJIUzI1NiIsInR5cCI6IkpXVCJ9.eyJkYXRhIjp7ImlkIjoiYTJjY2Y5ZTAtMGQ1MC00ZWZmLThiMmUtZTM0OWI2OWJhZWVkIiwibmFtZSI6ImFkbWluIiwiZ2VuZGVyIjp0cnVlLCJlbWFpbCI6IjM3ODMzODYyN0BxcS5jb20ifSwiaWF0IjoxNTAxNzUxNTIwLCJleHAiOjE1MDE4Mzc5MjB9.WjTdFwRMU8h8x_3C46DZ-CN_EqMw0m9yMrD7RkdNqdE
request client ip:  ::ffff:127.0.0.1
request query:  {"token":"eyJhbGciOiJIUzI1NiIsInR5cCI6IkpXVCJ9.eyJkYXRhIjp7ImlkIjoiYTJjY2Y5ZTAtMGQ1MC00ZWZmLThiMmUtZTM0OWI2OWJhZWVkIiwibmFtZSI6ImFkbWluIiwiZ2VuZGVyIjp0cnVlLCJlbWFpbCI6IjM3ODMzODYyN0BxcS5jb20ifSwiaWF0IjoxNTAxNzUxNTIwLCJleHAiOjE1MDE4Mzc5MjB9.WjTdFwRMU8h8x_3C46DZ-CN_EqMw0m9yMrD7RkdNqdE"}
response time: 73
response status: 200
response body: 
{"status":0,"data":{"name":"admin","email":"378338627@qq.com","password":"$2a$10$izOxJyRYAgHPqpX/vdTXk.gPRVfZGGfqPMwF.GkHtwz27Iqp4IA.a","gender":true,"token":"eyJhbGciOiJIUzI1NiIsInR5cCI6IkpXVCJ9.eyJkYXRhIjp7ImlkIjoiYTJjY2Y5ZTAtMGQ1MC00ZWZmLThiMmUtZTM0OWI2OWJhZWVkIiwibmFtZSI6ImFkbWluIiwiZ2VuZGVyIjp0cnVlLCJlbWFpbCI6IjM3ODMzODYyN0BxcS5jb20ifSwiaWF0IjoxNTAxNzUxNTIwLCJleHAiOjE1MDE4Mzc5MjB9.WjTdFwRMU8h8x_3C46DZ-CN_EqMw0m9yMrD7RkdNqdE","canLogin":true,"id":"a2ccf9e0-0d50-4eff-8b2e-e349b69baeed","createdAt":1501751476660,"updatedAt":1501751520128,"version":1}}
*************** response log end ***************

[2017-08-04 11:41:30.519] [INFO] resLogger - 
*************** response log start ***************
request method: GET
request originalUrl:  /api/user/?token=eyJhbGciOiJIUzI1NiIsInR5cCI6IkpXVCJ9.eyJkYXRhIjp7ImlkIjoiYTJjY2Y5ZTAtMGQ1MC00ZWZmLThiMmUtZTM0OWI2OWJhZWVkIiwibmFtZSI6ImFkbWluIiwiZ2VuZGVyIjp0cnVlLCJlbWFpbCI6IjM3ODMzODYyN0BxcS5jb20ifSwiaWF0IjoxNTAxNzUxNTIwLCJleHAiOjE1MDE4Mzc5MjB9.WjTdFwRMU8h8x_3C46DZ-CN_EqMw0m9yMrD7RkdNqdE
request client ip:  ::ffff:127.0.0.1
request query:  {"token":"eyJhbGciOiJIUzI1NiIsInR5cCI6IkpXVCJ9.eyJkYXRhIjp7ImlkIjoiYTJjY2Y5ZTAtMGQ1MC00ZWZmLThiMmUtZTM0OWI2OWJhZWVkIiwibmFtZSI6ImFkbWluIiwiZ2VuZGVyIjp0cnVlLCJlbWFpbCI6IjM3ODMzODYyN0BxcS5jb20ifSwiaWF0IjoxNTAxNzUxNTIwLCJleHAiOjE1MDE4Mzc5MjB9.WjTdFwRMU8h8x_3C46DZ-CN_EqMw0m9yMrD7RkdNqdE"}
response time: 141
response status: 200
response body: 
{"status":0,"data":{"name":"admin","email":"378338627@qq.com","password":"$2a$10$izOxJyRYAgHPqpX/vdTXk.gPRVfZGGfqPMwF.GkHtwz27Iqp4IA.a","gender":true,"token":"eyJhbGciOiJIUzI1NiIsInR5cCI6IkpXVCJ9.eyJkYXRhIjp7ImlkIjoiYTJjY2Y5ZTAtMGQ1MC00ZWZmLThiMmUtZTM0OWI2OWJhZWVkIiwibmFtZSI6ImFkbWluIiwiZ2VuZGVyIjp0cnVlLCJlbWFpbCI6IjM3ODMzODYyN0BxcS5jb20ifSwiaWF0IjoxNTAxNzUxNTIwLCJleHAiOjE1MDE4Mzc5MjB9.WjTdFwRMU8h8x_3C46DZ-CN_EqMw0m9yMrD7RkdNqdE","canLogin":true,"id":"a2ccf9e0-0d50-4eff-8b2e-e349b69baeed","createdAt":1501751476660,"updatedAt":1501751520128,"version":1}}
*************** response log end ***************

[2017-08-04 11:44:35.178] [INFO] resLogger - 
*************** response log start ***************
request method: GET
request originalUrl:  /api/user/?token=eyJhbGciOiJIUzI1NiIsInR5cCI6IkpXVCJ9.eyJkYXRhIjp7ImlkIjoiYTJjY2Y5ZTAtMGQ1MC00ZWZmLThiMmUtZTM0OWI2OWJhZWVkIiwibmFtZSI6ImFkbWluIiwiZ2VuZGVyIjp0cnVlLCJlbWFpbCI6IjM3ODMzODYyN0BxcS5jb20ifSwiaWF0IjoxNTAxNzUxNTIwLCJleHAiOjE1MDE4Mzc5MjB9.WjTdFwRMU8h8x_3C46DZ-CN_EqMw0m9yMrD7RkdNqdE
request client ip:  ::ffff:127.0.0.1
request query:  {"token":"eyJhbGciOiJIUzI1NiIsInR5cCI6IkpXVCJ9.eyJkYXRhIjp7ImlkIjoiYTJjY2Y5ZTAtMGQ1MC00ZWZmLThiMmUtZTM0OWI2OWJhZWVkIiwibmFtZSI6ImFkbWluIiwiZ2VuZGVyIjp0cnVlLCJlbWFpbCI6IjM3ODMzODYyN0BxcS5jb20ifSwiaWF0IjoxNTAxNzUxNTIwLCJleHAiOjE1MDE4Mzc5MjB9.WjTdFwRMU8h8x_3C46DZ-CN_EqMw0m9yMrD7RkdNqdE"}
response time: 129
response status: 200
response body: 
{"status":0,"data":{"name":"admin","email":"378338627@qq.com","password":"$2a$10$izOxJyRYAgHPqpX/vdTXk.gPRVfZGGfqPMwF.GkHtwz27Iqp4IA.a","gender":true,"token":"eyJhbGciOiJIUzI1NiIsInR5cCI6IkpXVCJ9.eyJkYXRhIjp7ImlkIjoiYTJjY2Y5ZTAtMGQ1MC00ZWZmLThiMmUtZTM0OWI2OWJhZWVkIiwibmFtZSI6ImFkbWluIiwiZ2VuZGVyIjp0cnVlLCJlbWFpbCI6IjM3ODMzODYyN0BxcS5jb20ifSwiaWF0IjoxNTAxNzUxNTIwLCJleHAiOjE1MDE4Mzc5MjB9.WjTdFwRMU8h8x_3C46DZ-CN_EqMw0m9yMrD7RkdNqdE","canLogin":true,"id":"a2ccf9e0-0d50-4eff-8b2e-e349b69baeed","createdAt":1501751476660,"updatedAt":1501751520128,"version":1}}
*************** response log end ***************

[2017-08-04 11:45:22.276] [INFO] resLogger - 
*************** response log start ***************
request method: GET
request originalUrl:  /api/user/?token=eyJhbGciOiJIUzI1NiIsInR5cCI6IkpXVCJ9.eyJkYXRhIjp7ImlkIjoiYTJjY2Y5ZTAtMGQ1MC00ZWZmLThiMmUtZTM0OWI2OWJhZWVkIiwibmFtZSI6ImFkbWluIiwiZ2VuZGVyIjp0cnVlLCJlbWFpbCI6IjM3ODMzODYyN0BxcS5jb20ifSwiaWF0IjoxNTAxNzUxNTIwLCJleHAiOjE1MDE4Mzc5MjB9.WjTdFwRMU8h8x_3C46DZ-CN_EqMw0m9yMrD7RkdNqdE
request client ip:  ::ffff:127.0.0.1
request query:  {"token":"eyJhbGciOiJIUzI1NiIsInR5cCI6IkpXVCJ9.eyJkYXRhIjp7ImlkIjoiYTJjY2Y5ZTAtMGQ1MC00ZWZmLThiMmUtZTM0OWI2OWJhZWVkIiwibmFtZSI6ImFkbWluIiwiZ2VuZGVyIjp0cnVlLCJlbWFpbCI6IjM3ODMzODYyN0BxcS5jb20ifSwiaWF0IjoxNTAxNzUxNTIwLCJleHAiOjE1MDE4Mzc5MjB9.WjTdFwRMU8h8x_3C46DZ-CN_EqMw0m9yMrD7RkdNqdE"}
response time: 112
response status: 200
response body: 
{"status":0,"data":{"name":"admin","email":"378338627@qq.com","password":"$2a$10$izOxJyRYAgHPqpX/vdTXk.gPRVfZGGfqPMwF.GkHtwz27Iqp4IA.a","gender":true,"token":"eyJhbGciOiJIUzI1NiIsInR5cCI6IkpXVCJ9.eyJkYXRhIjp7ImlkIjoiYTJjY2Y5ZTAtMGQ1MC00ZWZmLThiMmUtZTM0OWI2OWJhZWVkIiwibmFtZSI6ImFkbWluIiwiZ2VuZGVyIjp0cnVlLCJlbWFpbCI6IjM3ODMzODYyN0BxcS5jb20ifSwiaWF0IjoxNTAxNzUxNTIwLCJleHAiOjE1MDE4Mzc5MjB9.WjTdFwRMU8h8x_3C46DZ-CN_EqMw0m9yMrD7RkdNqdE","canLogin":true,"id":"a2ccf9e0-0d50-4eff-8b2e-e349b69baeed","createdAt":1501751476660,"updatedAt":1501751520128,"version":1}}
*************** response log end ***************

[2017-08-04 11:45:52.850] [INFO] resLogger - 
*************** response log start ***************
request method: GET
request originalUrl:  /api/user/?token=eyJhbGciOiJIUzI1NiIsInR5cCI6IkpXVCJ9.eyJkYXRhIjp7ImlkIjoiYTJjY2Y5ZTAtMGQ1MC00ZWZmLThiMmUtZTM0OWI2OWJhZWVkIiwibmFtZSI6ImFkbWluIiwiZ2VuZGVyIjp0cnVlLCJlbWFpbCI6IjM3ODMzODYyN0BxcS5jb20ifSwiaWF0IjoxNTAxNzUxNTIwLCJleHAiOjE1MDE4Mzc5MjB9.WjTdFwRMU8h8x_3C46DZ-CN_EqMw0m9yMrD7RkdNqdE
request client ip:  ::ffff:127.0.0.1
request query:  {"token":"eyJhbGciOiJIUzI1NiIsInR5cCI6IkpXVCJ9.eyJkYXRhIjp7ImlkIjoiYTJjY2Y5ZTAtMGQ1MC00ZWZmLThiMmUtZTM0OWI2OWJhZWVkIiwibmFtZSI6ImFkbWluIiwiZ2VuZGVyIjp0cnVlLCJlbWFpbCI6IjM3ODMzODYyN0BxcS5jb20ifSwiaWF0IjoxNTAxNzUxNTIwLCJleHAiOjE1MDE4Mzc5MjB9.WjTdFwRMU8h8x_3C46DZ-CN_EqMw0m9yMrD7RkdNqdE"}
response time: 102
response status: 200
response body: 
{"status":0,"data":{"name":"admin","email":"378338627@qq.com","password":"$2a$10$izOxJyRYAgHPqpX/vdTXk.gPRVfZGGfqPMwF.GkHtwz27Iqp4IA.a","gender":true,"token":"eyJhbGciOiJIUzI1NiIsInR5cCI6IkpXVCJ9.eyJkYXRhIjp7ImlkIjoiYTJjY2Y5ZTAtMGQ1MC00ZWZmLThiMmUtZTM0OWI2OWJhZWVkIiwibmFtZSI6ImFkbWluIiwiZ2VuZGVyIjp0cnVlLCJlbWFpbCI6IjM3ODMzODYyN0BxcS5jb20ifSwiaWF0IjoxNTAxNzUxNTIwLCJleHAiOjE1MDE4Mzc5MjB9.WjTdFwRMU8h8x_3C46DZ-CN_EqMw0m9yMrD7RkdNqdE","canLogin":true,"id":"a2ccf9e0-0d50-4eff-8b2e-e349b69baeed","createdAt":1501751476660,"updatedAt":1501751520128,"version":1}}
*************** response log end ***************

[2017-08-04 11:47:10.883] [INFO] resLogger - 
*************** response log start ***************
request method: GET
request originalUrl:  /api/user/?token=eyJhbGciOiJIUzI1NiIsInR5cCI6IkpXVCJ9.eyJkYXRhIjp7ImlkIjoiYTJjY2Y5ZTAtMGQ1MC00ZWZmLThiMmUtZTM0OWI2OWJhZWVkIiwibmFtZSI6ImFkbWluIiwiZ2VuZGVyIjp0cnVlLCJlbWFpbCI6IjM3ODMzODYyN0BxcS5jb20ifSwiaWF0IjoxNTAxNzUxNTIwLCJleHAiOjE1MDE4Mzc5MjB9.WjTdFwRMU8h8x_3C46DZ-CN_EqMw0m9yMrD7RkdNqdE
request client ip:  ::ffff:127.0.0.1
request query:  {"token":"eyJhbGciOiJIUzI1NiIsInR5cCI6IkpXVCJ9.eyJkYXRhIjp7ImlkIjoiYTJjY2Y5ZTAtMGQ1MC00ZWZmLThiMmUtZTM0OWI2OWJhZWVkIiwibmFtZSI6ImFkbWluIiwiZ2VuZGVyIjp0cnVlLCJlbWFpbCI6IjM3ODMzODYyN0BxcS5jb20ifSwiaWF0IjoxNTAxNzUxNTIwLCJleHAiOjE1MDE4Mzc5MjB9.WjTdFwRMU8h8x_3C46DZ-CN_EqMw0m9yMrD7RkdNqdE"}
response time: 91
response status: 200
response body: 
{"status":0,"data":{"name":"admin","email":"378338627@qq.com","password":"$2a$10$izOxJyRYAgHPqpX/vdTXk.gPRVfZGGfqPMwF.GkHtwz27Iqp4IA.a","gender":true,"token":"eyJhbGciOiJIUzI1NiIsInR5cCI6IkpXVCJ9.eyJkYXRhIjp7ImlkIjoiYTJjY2Y5ZTAtMGQ1MC00ZWZmLThiMmUtZTM0OWI2OWJhZWVkIiwibmFtZSI6ImFkbWluIiwiZ2VuZGVyIjp0cnVlLCJlbWFpbCI6IjM3ODMzODYyN0BxcS5jb20ifSwiaWF0IjoxNTAxNzUxNTIwLCJleHAiOjE1MDE4Mzc5MjB9.WjTdFwRMU8h8x_3C46DZ-CN_EqMw0m9yMrD7RkdNqdE","canLogin":true,"id":"a2ccf9e0-0d50-4eff-8b2e-e349b69baeed","createdAt":1501751476660,"updatedAt":1501751520128,"version":1}}
*************** response log end ***************

[2017-08-04 11:47:35.111] [INFO] resLogger - 
*************** response log start ***************
request method: GET
request originalUrl:  /api/user/?token=eyJhbGciOiJIUzI1NiIsInR5cCI6IkpXVCJ9.eyJkYXRhIjp7ImlkIjoiYTJjY2Y5ZTAtMGQ1MC00ZWZmLThiMmUtZTM0OWI2OWJhZWVkIiwibmFtZSI6ImFkbWluIiwiZ2VuZGVyIjp0cnVlLCJlbWFpbCI6IjM3ODMzODYyN0BxcS5jb20ifSwiaWF0IjoxNTAxNzUxNTIwLCJleHAiOjE1MDE4Mzc5MjB9.WjTdFwRMU8h8x_3C46DZ-CN_EqMw0m9yMrD7RkdNqdE
request client ip:  ::ffff:127.0.0.1
request query:  {"token":"eyJhbGciOiJIUzI1NiIsInR5cCI6IkpXVCJ9.eyJkYXRhIjp7ImlkIjoiYTJjY2Y5ZTAtMGQ1MC00ZWZmLThiMmUtZTM0OWI2OWJhZWVkIiwibmFtZSI6ImFkbWluIiwiZ2VuZGVyIjp0cnVlLCJlbWFpbCI6IjM3ODMzODYyN0BxcS5jb20ifSwiaWF0IjoxNTAxNzUxNTIwLCJleHAiOjE1MDE4Mzc5MjB9.WjTdFwRMU8h8x_3C46DZ-CN_EqMw0m9yMrD7RkdNqdE"}
response time: 149
response status: 200
response body: 
{"status":0,"data":{"name":"admin","email":"378338627@qq.com","password":"$2a$10$izOxJyRYAgHPqpX/vdTXk.gPRVfZGGfqPMwF.GkHtwz27Iqp4IA.a","gender":true,"token":"eyJhbGciOiJIUzI1NiIsInR5cCI6IkpXVCJ9.eyJkYXRhIjp7ImlkIjoiYTJjY2Y5ZTAtMGQ1MC00ZWZmLThiMmUtZTM0OWI2OWJhZWVkIiwibmFtZSI6ImFkbWluIiwiZ2VuZGVyIjp0cnVlLCJlbWFpbCI6IjM3ODMzODYyN0BxcS5jb20ifSwiaWF0IjoxNTAxNzUxNTIwLCJleHAiOjE1MDE4Mzc5MjB9.WjTdFwRMU8h8x_3C46DZ-CN_EqMw0m9yMrD7RkdNqdE","canLogin":true,"id":"a2ccf9e0-0d50-4eff-8b2e-e349b69baeed","createdAt":1501751476660,"updatedAt":1501751520128,"version":1}}
*************** response log end ***************

[2017-08-04 11:48:50.747] [INFO] resLogger - 
*************** response log start ***************
request method: GET
request originalUrl:  /api/user/?token=eyJhbGciOiJIUzI1NiIsInR5cCI6IkpXVCJ9.eyJkYXRhIjp7ImlkIjoiYTJjY2Y5ZTAtMGQ1MC00ZWZmLThiMmUtZTM0OWI2OWJhZWVkIiwibmFtZSI6ImFkbWluIiwiZ2VuZGVyIjp0cnVlLCJlbWFpbCI6IjM3ODMzODYyN0BxcS5jb20ifSwiaWF0IjoxNTAxNzUxNTIwLCJleHAiOjE1MDE4Mzc5MjB9.WjTdFwRMU8h8x_3C46DZ-CN_EqMw0m9yMrD7RkdNqdE
request client ip:  ::ffff:127.0.0.1
request query:  {"token":"eyJhbGciOiJIUzI1NiIsInR5cCI6IkpXVCJ9.eyJkYXRhIjp7ImlkIjoiYTJjY2Y5ZTAtMGQ1MC00ZWZmLThiMmUtZTM0OWI2OWJhZWVkIiwibmFtZSI6ImFkbWluIiwiZ2VuZGVyIjp0cnVlLCJlbWFpbCI6IjM3ODMzODYyN0BxcS5jb20ifSwiaWF0IjoxNTAxNzUxNTIwLCJleHAiOjE1MDE4Mzc5MjB9.WjTdFwRMU8h8x_3C46DZ-CN_EqMw0m9yMrD7RkdNqdE"}
response time: 114
response status: 200
response body: 
{"status":0,"data":{"name":"admin","email":"378338627@qq.com","password":"$2a$10$izOxJyRYAgHPqpX/vdTXk.gPRVfZGGfqPMwF.GkHtwz27Iqp4IA.a","gender":true,"token":"eyJhbGciOiJIUzI1NiIsInR5cCI6IkpXVCJ9.eyJkYXRhIjp7ImlkIjoiYTJjY2Y5ZTAtMGQ1MC00ZWZmLThiMmUtZTM0OWI2OWJhZWVkIiwibmFtZSI6ImFkbWluIiwiZ2VuZGVyIjp0cnVlLCJlbWFpbCI6IjM3ODMzODYyN0BxcS5jb20ifSwiaWF0IjoxNTAxNzUxNTIwLCJleHAiOjE1MDE4Mzc5MjB9.WjTdFwRMU8h8x_3C46DZ-CN_EqMw0m9yMrD7RkdNqdE","canLogin":true,"id":"a2ccf9e0-0d50-4eff-8b2e-e349b69baeed","createdAt":1501751476660,"updatedAt":1501751520128,"version":1}}
*************** response log end ***************

