[2017-07-07 08:54:48.689] [INFO] resLogger - 
*************** response log start ***************
request method: GET
request originalUrl:  /api/user/eyJhbGciOiJIUzI1NiIsInR5cCI6IkpXVCJ9.eyJkYXRhIjp7ImlkIjoiYjUwOWM1MTItYWRkNC00N2Q5LWEwZjAtY2M2MmMyOTdhMjJiIiwibmFtZSI6ImFkbWluIiwiZ2VuZGVyIjp0cnVlLCJlbWFpbCI6IjM3ODMzODYyN0BxcS5jb20ifSwiaWF0IjoxNDk5MzI4NTY3LCJleHAiOjE0OTk0MTQ5Njd9.iYTyQfr80r7IrZH4oGKqBaizFAMRq5NGCG6TrnSK5s0
request client ip:  ::ffff:127.0.0.1
request query:  {}
response time: 1088
response status: 200
response body: 
{"status":0,"data":{"name":"admin","email":"378338627@qq.com","password":"$2a$10$jnu/B5jnR7rCR8v0zz3jguZR.iRESu6GAzjRwbcewXnPyIXjsEnLu","gender":true,"token":"eyJhbGciOiJIUzI1NiIsInR5cCI6IkpXVCJ9.eyJkYXRhIjp7ImlkIjoiYjUwOWM1MTItYWRkNC00N2Q5LWEwZjAtY2M2MmMyOTdhMjJiIiwibmFtZSI6ImFkbWluIiwiZ2VuZGVyIjp0cnVlLCJlbWFpbCI6IjM3ODMzODYyN0BxcS5jb20ifSwiaWF0IjoxNDk5MzI4NTY3LCJleHAiOjE0OTk0MTQ5Njd9.iYTyQfr80r7IrZH4oGKqBaizFAMRq5NGCG6TrnSK5s0","id":"b509c512-add4-47d9-a0f0-cc62c297a22b","createdAt":1496901604074,"updatedAt":1496901604074,"version":0}}
*************** response log end ***************

[2017-07-07 08:54:50.431] [INFO] resLogger - 
*************** response log start ***************
request method: GET
request originalUrl:  /api/user/eyJhbGciOiJIUzI1NiIsInR5cCI6IkpXVCJ9.eyJkYXRhIjp7ImlkIjoiYjUwOWM1MTItYWRkNC00N2Q5LWEwZjAtY2M2MmMyOTdhMjJiIiwibmFtZSI6ImFkbWluIiwiZ2VuZGVyIjp0cnVlLCJlbWFpbCI6IjM3ODMzODYyN0BxcS5jb20ifSwiaWF0IjoxNDk5MzI4NTY3LCJleHAiOjE0OTk0MTQ5Njd9.iYTyQfr80r7IrZH4oGKqBaizFAMRq5NGCG6TrnSK5s0
request client ip:  ::ffff:127.0.0.1
request query:  {}
response time: 44
response status: 200
response body: 
{"status":0,"data":{"name":"admin","email":"378338627@qq.com","password":"$2a$10$jnu/B5jnR7rCR8v0zz3jguZR.iRESu6GAzjRwbcewXnPyIXjsEnLu","gender":true,"token":"eyJhbGciOiJIUzI1NiIsInR5cCI6IkpXVCJ9.eyJkYXRhIjp7ImlkIjoiYjUwOWM1MTItYWRkNC00N2Q5LWEwZjAtY2M2MmMyOTdhMjJiIiwibmFtZSI6ImFkbWluIiwiZ2VuZGVyIjp0cnVlLCJlbWFpbCI6IjM3ODMzODYyN0BxcS5jb20ifSwiaWF0IjoxNDk5MzI4NTY3LCJleHAiOjE0OTk0MTQ5Njd9.iYTyQfr80r7IrZH4oGKqBaizFAMRq5NGCG6TrnSK5s0","id":"b509c512-add4-47d9-a0f0-cc62c297a22b","createdAt":1496901604074,"updatedAt":1496901604074,"version":0}}
*************** response log end ***************

[2017-07-07 08:54:51.613] [INFO] resLogger - 
*************** response log start ***************
request method: GET
request originalUrl:  /api/user/eyJhbGciOiJIUzI1NiIsInR5cCI6IkpXVCJ9.eyJkYXRhIjp7ImlkIjoiYjUwOWM1MTItYWRkNC00N2Q5LWEwZjAtY2M2MmMyOTdhMjJiIiwibmFtZSI6ImFkbWluIiwiZ2VuZGVyIjp0cnVlLCJlbWFpbCI6IjM3ODMzODYyN0BxcS5jb20ifSwiaWF0IjoxNDk5MzI4NTY3LCJleHAiOjE0OTk0MTQ5Njd9.iYTyQfr80r7IrZH4oGKqBaizFAMRq5NGCG6TrnSK5s0
request client ip:  ::ffff:127.0.0.1
request query:  {}
response time: 36
response status: 200
response body: 
{"status":0,"data":{"name":"admin","email":"378338627@qq.com","password":"$2a$10$jnu/B5jnR7rCR8v0zz3jguZR.iRESu6GAzjRwbcewXnPyIXjsEnLu","gender":true,"token":"eyJhbGciOiJIUzI1NiIsInR5cCI6IkpXVCJ9.eyJkYXRhIjp7ImlkIjoiYjUwOWM1MTItYWRkNC00N2Q5LWEwZjAtY2M2MmMyOTdhMjJiIiwibmFtZSI6ImFkbWluIiwiZ2VuZGVyIjp0cnVlLCJlbWFpbCI6IjM3ODMzODYyN0BxcS5jb20ifSwiaWF0IjoxNDk5MzI4NTY3LCJleHAiOjE0OTk0MTQ5Njd9.iYTyQfr80r7IrZH4oGKqBaizFAMRq5NGCG6TrnSK5s0","id":"b509c512-add4-47d9-a0f0-cc62c297a22b","createdAt":1496901604074,"updatedAt":1496901604074,"version":0}}
*************** response log end ***************

[2017-07-07 08:55:50.226] [INFO] resLogger - 
*************** response log start ***************
request method: GET
request originalUrl:  /api/user/eyJhbGciOiJIUzI1NiIsInR5cCI6IkpXVCJ9.eyJkYXRhIjp7ImlkIjoiYjUwOWM1MTItYWRkNC00N2Q5LWEwZjAtY2M2MmMyOTdhMjJiIiwibmFtZSI6ImFkbWluIiwiZ2VuZGVyIjp0cnVlLCJlbWFpbCI6IjM3ODMzODYyN0BxcS5jb20ifSwiaWF0IjoxNDk5MzI4NTY3LCJleHAiOjE0OTk0MTQ5Njd9.iYTyQfr80r7IrZH4oGKqBaizFAMRq5NGCG6TrnSK5s0
request client ip:  ::ffff:127.0.0.1
request query:  {}
response time: 142
response status: 200
response body: 
{"status":0,"data":{"name":"admin","email":"378338627@qq.com","password":"$2a$10$jnu/B5jnR7rCR8v0zz3jguZR.iRESu6GAzjRwbcewXnPyIXjsEnLu","gender":true,"token":"eyJhbGciOiJIUzI1NiIsInR5cCI6IkpXVCJ9.eyJkYXRhIjp7ImlkIjoiYjUwOWM1MTItYWRkNC00N2Q5LWEwZjAtY2M2MmMyOTdhMjJiIiwibmFtZSI6ImFkbWluIiwiZ2VuZGVyIjp0cnVlLCJlbWFpbCI6IjM3ODMzODYyN0BxcS5jb20ifSwiaWF0IjoxNDk5MzI4NTY3LCJleHAiOjE0OTk0MTQ5Njd9.iYTyQfr80r7IrZH4oGKqBaizFAMRq5NGCG6TrnSK5s0","id":"b509c512-add4-47d9-a0f0-cc62c297a22b","createdAt":1496901604074,"updatedAt":1496901604074,"version":0}}
*************** response log end ***************

