[2017-07-07 17:01:31.578] [INFO] resLogger - 
*************** response log start ***************
request method: GET
request originalUrl:  /api/buildings.js/list
request client ip:  ::1
request query:  {}
response time: 17
response status: 200
response body: 
{"status":500}
*************** response log end ***************

[2017-07-07 17:03:10.448] [INFO] resLogger - 
*************** response log start ***************
request method: GET
request originalUrl:  /api/buildings.js/list
request client ip:  ::1
request query:  {}
response time: 21
response status: 200
response body: 
{"status":500}
*************** response log end ***************

[2017-07-07 17:05:26.119] [INFO] resLogger - 
*************** response log start ***************
request method: GET
request originalUrl:  /api/buildings.js/list
request client ip:  ::1
request query:  {}
response time: 43
response status: 200
response body: 
{"status":500}
*************** response log end ***************

[2017-07-07 17:18:07.966] [INFO] resLogger - 
*************** response log start ***************
request method: GET
request originalUrl:  /api/buildings/list
request client ip:  ::1
request query:  {}
response time: 348
response status: 200
response body: 
{"status":0,"data":[]}
*************** response log end ***************

