[2017-07-09 12:01:17.266] [INFO] resLogger - 
*************** response log start ***************
request method: GET
request originalUrl:  /api/user/?token=eyJhbGciOiJIUzI1NiIsInR5cCI6IkpXVCJ9.eyJkYXRhIjp7ImlkIjoiYjZmYWJlNDYtZTlmNS00NGZlLTkyMzYtODY2MjRkMzQyMTY1IiwibmFtZSI6ImFkbWluIiwiZ2VuZGVyIjp0cnVlLCJlbWFpbCI6IjM3ODMzODYyN0BxcS5jb20ifSwiaWF0IjoxNDk5NTY1MzgzLCJleHAiOjE0OTk2NTE3ODN9.QHm-yYifARlKFRzLR0fEoXrUQwwC-lfSt4Rl8JCGQjA
request client ip:  ::ffff:127.0.0.1
request query:  {"token":"eyJhbGciOiJIUzI1NiIsInR5cCI6IkpXVCJ9.eyJkYXRhIjp7ImlkIjoiYjZmYWJlNDYtZTlmNS00NGZlLTkyMzYtODY2MjRkMzQyMTY1IiwibmFtZSI6ImFkbWluIiwiZ2VuZGVyIjp0cnVlLCJlbWFpbCI6IjM3ODMzODYyN0BxcS5jb20ifSwiaWF0IjoxNDk5NTY1MzgzLCJleHAiOjE0OTk2NTE3ODN9.QHm-yYifARlKFRzLR0fEoXrUQwwC-lfSt4Rl8JCGQjA"}
response time: 18
response status: 404
response body: 
undefined
*************** response log end ***************

[2017-07-09 12:02:43.104] [INFO] resLogger - 
*************** response log start ***************
request method: GET
request originalUrl:  /api/user/?token=eyJhbGciOiJIUzI1NiIsInR5cCI6IkpXVCJ9.eyJkYXRhIjp7ImlkIjoiYjZmYWJlNDYtZTlmNS00NGZlLTkyMzYtODY2MjRkMzQyMTY1IiwibmFtZSI6ImFkbWluIiwiZ2VuZGVyIjp0cnVlLCJlbWFpbCI6IjM3ODMzODYyN0BxcS5jb20ifSwiaWF0IjoxNDk5NTY1MzgzLCJleHAiOjE0OTk2NTE3ODN9.QHm-yYifARlKFRzLR0fEoXrUQwwC-lfSt4Rl8JCGQjA
request client ip:  ::ffff:127.0.0.1
request query:  {"token":"eyJhbGciOiJIUzI1NiIsInR5cCI6IkpXVCJ9.eyJkYXRhIjp7ImlkIjoiYjZmYWJlNDYtZTlmNS00NGZlLTkyMzYtODY2MjRkMzQyMTY1IiwibmFtZSI6ImFkbWluIiwiZ2VuZGVyIjp0cnVlLCJlbWFpbCI6IjM3ODMzODYyN0BxcS5jb20ifSwiaWF0IjoxNDk5NTY1MzgzLCJleHAiOjE0OTk2NTE3ODN9.QHm-yYifARlKFRzLR0fEoXrUQwwC-lfSt4Rl8JCGQjA"}
response time: 12
response status: 404
response body: 
undefined
*************** response log end ***************

[2017-07-09 12:03:55.863] [INFO] resLogger - 
*************** response log start ***************
request method: GET
request originalUrl:  /api/user/?token=eyJhbGciOiJIUzI1NiIsInR5cCI6IkpXVCJ9.eyJkYXRhIjp7ImlkIjoiYjZmYWJlNDYtZTlmNS00NGZlLTkyMzYtODY2MjRkMzQyMTY1IiwibmFtZSI6ImFkbWluIiwiZ2VuZGVyIjp0cnVlLCJlbWFpbCI6IjM3ODMzODYyN0BxcS5jb20ifSwiaWF0IjoxNDk5NTY1MzgzLCJleHAiOjE0OTk2NTE3ODN9.QHm-yYifARlKFRzLR0fEoXrUQwwC-lfSt4Rl8JCGQjA
request client ip:  ::ffff:127.0.0.1
request query:  {"token":"eyJhbGciOiJIUzI1NiIsInR5cCI6IkpXVCJ9.eyJkYXRhIjp7ImlkIjoiYjZmYWJlNDYtZTlmNS00NGZlLTkyMzYtODY2MjRkMzQyMTY1IiwibmFtZSI6ImFkbWluIiwiZ2VuZGVyIjp0cnVlLCJlbWFpbCI6IjM3ODMzODYyN0BxcS5jb20ifSwiaWF0IjoxNDk5NTY1MzgzLCJleHAiOjE0OTk2NTE3ODN9.QHm-yYifARlKFRzLR0fEoXrUQwwC-lfSt4Rl8JCGQjA"}
response time: 15
response status: 404
response body: 
undefined
*************** response log end ***************

[2017-07-09 12:04:32.895] [INFO] resLogger - 
*************** response log start ***************
request method: GET
request originalUrl:  /api/user/?token=eyJhbGciOiJIUzI1NiIsInR5cCI6IkpXVCJ9.eyJkYXRhIjp7ImlkIjoiYjZmYWJlNDYtZTlmNS00NGZlLTkyMzYtODY2MjRkMzQyMTY1IiwibmFtZSI6ImFkbWluIiwiZ2VuZGVyIjp0cnVlLCJlbWFpbCI6IjM3ODMzODYyN0BxcS5jb20ifSwiaWF0IjoxNDk5NTY1MzgzLCJleHAiOjE0OTk2NTE3ODN9.QHm-yYifARlKFRzLR0fEoXrUQwwC-lfSt4Rl8JCGQjA
request client ip:  ::ffff:127.0.0.1
request query:  {"token":"eyJhbGciOiJIUzI1NiIsInR5cCI6IkpXVCJ9.eyJkYXRhIjp7ImlkIjoiYjZmYWJlNDYtZTlmNS00NGZlLTkyMzYtODY2MjRkMzQyMTY1IiwibmFtZSI6ImFkbWluIiwiZ2VuZGVyIjp0cnVlLCJlbWFpbCI6IjM3ODMzODYyN0BxcS5jb20ifSwiaWF0IjoxNDk5NTY1MzgzLCJleHAiOjE0OTk2NTE3ODN9.QHm-yYifARlKFRzLR0fEoXrUQwwC-lfSt4Rl8JCGQjA"}
response time: 294
response status: 200
response body: 
{"status":0,"data":{"name":"admin","email":"378338627@qq.com","password":"$2a$10$FNCDVOCK4wLk1hIJqHTWlu5N1.frRtUYAt.V/RLZorxWuTWTea/3W","gender":true,"token":"eyJhbGciOiJIUzI1NiIsInR5cCI6IkpXVCJ9.eyJkYXRhIjp7ImlkIjoiYjZmYWJlNDYtZTlmNS00NGZlLTkyMzYtODY2MjRkMzQyMTY1IiwibmFtZSI6ImFkbWluIiwiZ2VuZGVyIjp0cnVlLCJlbWFpbCI6IjM3ODMzODYyN0BxcS5jb20ifSwiaWF0IjoxNDk5NTY1MzgzLCJleHAiOjE0OTk2NTE3ODN9.QHm-yYifARlKFRzLR0fEoXrUQwwC-lfSt4Rl8JCGQjA","id":"b6fabe46-e9f5-44fe-9236-86624d342165","createdAt":1499418880181,"updatedAt":1499418880181,"version":0}}
*************** response log end ***************

[2017-07-09 12:06:31.214] [INFO] resLogger - 
*************** response log start ***************
request method: GET
request originalUrl:  /api/user/?token=eyJhbGciOiJIUzI1NiIsInR5cCI6IkpXVCJ9.eyJkYXRhIjp7ImlkIjoiYjZmYWJlNDYtZTlmNS00NGZlLTkyMzYtODY2MjRkMzQyMTY1IiwibmFtZSI6ImFkbWluIiwiZ2VuZGVyIjp0cnVlLCJlbWFpbCI6IjM3ODMzODYyN0BxcS5jb20ifSwiaWF0IjoxNDk5NTY1MzgzLCJleHAiOjE0OTk2NTE3ODN9.QHm-yYifARlKFRzLR0fEoXrUQwwC-lfSt4Rl8JCGQjA
request client ip:  ::ffff:127.0.0.1
request query:  {"token":"eyJhbGciOiJIUzI1NiIsInR5cCI6IkpXVCJ9.eyJkYXRhIjp7ImlkIjoiYjZmYWJlNDYtZTlmNS00NGZlLTkyMzYtODY2MjRkMzQyMTY1IiwibmFtZSI6ImFkbWluIiwiZ2VuZGVyIjp0cnVlLCJlbWFpbCI6IjM3ODMzODYyN0BxcS5jb20ifSwiaWF0IjoxNDk5NTY1MzgzLCJleHAiOjE0OTk2NTE3ODN9.QHm-yYifARlKFRzLR0fEoXrUQwwC-lfSt4Rl8JCGQjA"}
response time: 21
response status: 404
response body: 
undefined
*************** response log end ***************

[2017-07-09 12:07:09.468] [INFO] resLogger - 
*************** response log start ***************
request method: GET
request originalUrl:  /api/user/?token=eyJhbGciOiJIUzI1NiIsInR5cCI6IkpXVCJ9.eyJkYXRhIjp7ImlkIjoiYjZmYWJlNDYtZTlmNS00NGZlLTkyMzYtODY2MjRkMzQyMTY1IiwibmFtZSI6ImFkbWluIiwiZ2VuZGVyIjp0cnVlLCJlbWFpbCI6IjM3ODMzODYyN0BxcS5jb20ifSwiaWF0IjoxNDk5NTY1MzgzLCJleHAiOjE0OTk2NTE3ODN9.QHm-yYifARlKFRzLR0fEoXrUQwwC-lfSt4Rl8JCGQjA
request client ip:  ::ffff:127.0.0.1
request query:  {"token":"eyJhbGciOiJIUzI1NiIsInR5cCI6IkpXVCJ9.eyJkYXRhIjp7ImlkIjoiYjZmYWJlNDYtZTlmNS00NGZlLTkyMzYtODY2MjRkMzQyMTY1IiwibmFtZSI6ImFkbWluIiwiZ2VuZGVyIjp0cnVlLCJlbWFpbCI6IjM3ODMzODYyN0BxcS5jb20ifSwiaWF0IjoxNDk5NTY1MzgzLCJleHAiOjE0OTk2NTE3ODN9.QHm-yYifARlKFRzLR0fEoXrUQwwC-lfSt4Rl8JCGQjA"}
response time: 36
response status: 404
response body: 
undefined
*************** response log end ***************

[2017-07-09 12:09:23.981] [INFO] resLogger - 
*************** response log start ***************
request method: GET
request originalUrl:  /api/user/?token=eyJhbGciOiJIUzI1NiIsInR5cCI6IkpXVCJ9.eyJkYXRhIjp7ImlkIjoiYjZmYWJlNDYtZTlmNS00NGZlLTkyMzYtODY2MjRkMzQyMTY1IiwibmFtZSI6ImFkbWluIiwiZ2VuZGVyIjp0cnVlLCJlbWFpbCI6IjM3ODMzODYyN0BxcS5jb20ifSwiaWF0IjoxNDk5NTY1MzgzLCJleHAiOjE0OTk2NTE3ODN9.QHm-yYifARlKFRzLR0fEoXrUQwwC-lfSt4Rl8JCGQjA
request client ip:  ::ffff:127.0.0.1
request query:  {"token":"eyJhbGciOiJIUzI1NiIsInR5cCI6IkpXVCJ9.eyJkYXRhIjp7ImlkIjoiYjZmYWJlNDYtZTlmNS00NGZlLTkyMzYtODY2MjRkMzQyMTY1IiwibmFtZSI6ImFkbWluIiwiZ2VuZGVyIjp0cnVlLCJlbWFpbCI6IjM3ODMzODYyN0BxcS5jb20ifSwiaWF0IjoxNDk5NTY1MzgzLCJleHAiOjE0OTk2NTE3ODN9.QHm-yYifARlKFRzLR0fEoXrUQwwC-lfSt4Rl8JCGQjA"}
response time: 16
response status: 404
response body: 
undefined
*************** response log end ***************

[2017-07-09 12:09:24.880] [INFO] resLogger - 
*************** response log start ***************
request method: GET
request originalUrl:  /api/user/?token=eyJhbGciOiJIUzI1NiIsInR5cCI6IkpXVCJ9.eyJkYXRhIjp7ImlkIjoiYjZmYWJlNDYtZTlmNS00NGZlLTkyMzYtODY2MjRkMzQyMTY1IiwibmFtZSI6ImFkbWluIiwiZ2VuZGVyIjp0cnVlLCJlbWFpbCI6IjM3ODMzODYyN0BxcS5jb20ifSwiaWF0IjoxNDk5NTY1MzgzLCJleHAiOjE0OTk2NTE3ODN9.QHm-yYifARlKFRzLR0fEoXrUQwwC-lfSt4Rl8JCGQjA
request client ip:  ::ffff:127.0.0.1
request query:  {"token":"eyJhbGciOiJIUzI1NiIsInR5cCI6IkpXVCJ9.eyJkYXRhIjp7ImlkIjoiYjZmYWJlNDYtZTlmNS00NGZlLTkyMzYtODY2MjRkMzQyMTY1IiwibmFtZSI6ImFkbWluIiwiZ2VuZGVyIjp0cnVlLCJlbWFpbCI6IjM3ODMzODYyN0BxcS5jb20ifSwiaWF0IjoxNDk5NTY1MzgzLCJleHAiOjE0OTk2NTE3ODN9.QHm-yYifARlKFRzLR0fEoXrUQwwC-lfSt4Rl8JCGQjA"}
response time: 2
response status: 404
response body: 
undefined
*************** response log end ***************

[2017-07-09 12:09:49.639] [INFO] resLogger - 
*************** response log start ***************
request method: GET
request originalUrl:  /api/user/?token=eyJhbGciOiJIUzI1NiIsInR5cCI6IkpXVCJ9.eyJkYXRhIjp7ImlkIjoiYjZmYWJlNDYtZTlmNS00NGZlLTkyMzYtODY2MjRkMzQyMTY1IiwibmFtZSI6ImFkbWluIiwiZ2VuZGVyIjp0cnVlLCJlbWFpbCI6IjM3ODMzODYyN0BxcS5jb20ifSwiaWF0IjoxNDk5NTY1MzgzLCJleHAiOjE0OTk2NTE3ODN9.QHm-yYifARlKFRzLR0fEoXrUQwwC-lfSt4Rl8JCGQjA
request client ip:  ::ffff:127.0.0.1
request query:  {"token":"eyJhbGciOiJIUzI1NiIsInR5cCI6IkpXVCJ9.eyJkYXRhIjp7ImlkIjoiYjZmYWJlNDYtZTlmNS00NGZlLTkyMzYtODY2MjRkMzQyMTY1IiwibmFtZSI6ImFkbWluIiwiZ2VuZGVyIjp0cnVlLCJlbWFpbCI6IjM3ODMzODYyN0BxcS5jb20ifSwiaWF0IjoxNDk5NTY1MzgzLCJleHAiOjE0OTk2NTE3ODN9.QHm-yYifARlKFRzLR0fEoXrUQwwC-lfSt4Rl8JCGQjA"}
response time: 297
response status: 200
response body: 
{"status":0,"data":{"name":"admin","email":"378338627@qq.com","password":"$2a$10$FNCDVOCK4wLk1hIJqHTWlu5N1.frRtUYAt.V/RLZorxWuTWTea/3W","gender":true,"token":"eyJhbGciOiJIUzI1NiIsInR5cCI6IkpXVCJ9.eyJkYXRhIjp7ImlkIjoiYjZmYWJlNDYtZTlmNS00NGZlLTkyMzYtODY2MjRkMzQyMTY1IiwibmFtZSI6ImFkbWluIiwiZ2VuZGVyIjp0cnVlLCJlbWFpbCI6IjM3ODMzODYyN0BxcS5jb20ifSwiaWF0IjoxNDk5NTY1MzgzLCJleHAiOjE0OTk2NTE3ODN9.QHm-yYifARlKFRzLR0fEoXrUQwwC-lfSt4Rl8JCGQjA","id":"b6fabe46-e9f5-44fe-9236-86624d342165","createdAt":1499418880181,"updatedAt":1499418880181,"version":0}}
*************** response log end ***************

[2017-07-09 12:09:57.980] [INFO] resLogger - 
*************** response log start ***************
request method: GET
request originalUrl:  /api/user/?token=eyJhbGciOiJIUzI1NiIsInR5cCI6IkpXVCJ9.eyJkYXRhIjp7ImlkIjoiYjZmYWJlNDYtZTlmNS00NGZlLTkyMzYtODY2MjRkMzQyMTY1IiwibmFtZSI6ImFkbWluIiwiZ2VuZGVyIjp0cnVlLCJlbWFpbCI6IjM3ODMzODYyN0BxcS5jb20ifSwiaWF0IjoxNDk5NTY1MzgzLCJleHAiOjE0OTk2NTE3ODN9.QHm-yYifARlKFRzLR0fEoXrUQwwC-lfSt4Rl8JCGQjA
request client ip:  ::ffff:127.0.0.1
request query:  {"token":"eyJhbGciOiJIUzI1NiIsInR5cCI6IkpXVCJ9.eyJkYXRhIjp7ImlkIjoiYjZmYWJlNDYtZTlmNS00NGZlLTkyMzYtODY2MjRkMzQyMTY1IiwibmFtZSI6ImFkbWluIiwiZ2VuZGVyIjp0cnVlLCJlbWFpbCI6IjM3ODMzODYyN0BxcS5jb20ifSwiaWF0IjoxNDk5NTY1MzgzLCJleHAiOjE0OTk2NTE3ODN9.QHm-yYifARlKFRzLR0fEoXrUQwwC-lfSt4Rl8JCGQjA"}
response time: 46
response status: 200
response body: 
{"status":0,"data":{"name":"admin","email":"378338627@qq.com","password":"$2a$10$FNCDVOCK4wLk1hIJqHTWlu5N1.frRtUYAt.V/RLZorxWuTWTea/3W","gender":true,"token":"eyJhbGciOiJIUzI1NiIsInR5cCI6IkpXVCJ9.eyJkYXRhIjp7ImlkIjoiYjZmYWJlNDYtZTlmNS00NGZlLTkyMzYtODY2MjRkMzQyMTY1IiwibmFtZSI6ImFkbWluIiwiZ2VuZGVyIjp0cnVlLCJlbWFpbCI6IjM3ODMzODYyN0BxcS5jb20ifSwiaWF0IjoxNDk5NTY1MzgzLCJleHAiOjE0OTk2NTE3ODN9.QHm-yYifARlKFRzLR0fEoXrUQwwC-lfSt4Rl8JCGQjA","id":"b6fabe46-e9f5-44fe-9236-86624d342165","createdAt":1499418880181,"updatedAt":1499418880181,"version":0}}
*************** response log end ***************

[2017-07-09 12:10:50.431] [INFO] resLogger - 
*************** response log start ***************
request method: OPTIONS
request originalUrl:  /api/user/login
request client ip:  ::ffff:127.0.0.1
request body: 
{}
response time: 6
response status: 204
response body: 
undefined
*************** response log end ***************

[2017-07-09 12:10:51.088] [INFO] resLogger - 
*************** response log start ***************
request method: POST
request originalUrl:  /api/user/login
request client ip:  ::ffff:127.0.0.1
request body: 
{"username":"admin","password":"admin"}
response time: 399
response status: 200
response body: 
{"status":0,"data":{"name":"admin","email":"378338627@qq.com","password":"$2a$10$FNCDVOCK4wLk1hIJqHTWlu5N1.frRtUYAt.V/RLZorxWuTWTea/3W","gender":true,"token":"eyJhbGciOiJIUzI1NiIsInR5cCI6IkpXVCJ9.eyJkYXRhIjp7ImlkIjoiYjZmYWJlNDYtZTlmNS00NGZlLTkyMzYtODY2MjRkMzQyMTY1IiwibmFtZSI6ImFkbWluIiwiZ2VuZGVyIjp0cnVlLCJlbWFpbCI6IjM3ODMzODYyN0BxcS5jb20ifSwiaWF0IjoxNDk5NTczNDUwLCJleHAiOjE0OTk2NTk4NTB9.g8_lTJ1-oqtt72aCF5tKl_4ImIuIYBlNr8UB8dk5p4g","id":"b6fabe46-e9f5-44fe-9236-86624d342165","createdAt":1499418880181,"updatedAt":1499573450987,"version":2}}
*************** response log end ***************

[2017-07-09 12:10:51.186] [INFO] resLogger - 
*************** response log start ***************
request method: GET
request originalUrl:  /api/user/?token=eyJhbGciOiJIUzI1NiIsInR5cCI6IkpXVCJ9.eyJkYXRhIjp7ImlkIjoiYjZmYWJlNDYtZTlmNS00NGZlLTkyMzYtODY2MjRkMzQyMTY1IiwibmFtZSI6ImFkbWluIiwiZ2VuZGVyIjp0cnVlLCJlbWFpbCI6IjM3ODMzODYyN0BxcS5jb20ifSwiaWF0IjoxNDk5NTczNDUwLCJleHAiOjE0OTk2NTk4NTB9.g8_lTJ1-oqtt72aCF5tKl_4ImIuIYBlNr8UB8dk5p4g
request client ip:  ::ffff:127.0.0.1
request query:  {"token":"eyJhbGciOiJIUzI1NiIsInR5cCI6IkpXVCJ9.eyJkYXRhIjp7ImlkIjoiYjZmYWJlNDYtZTlmNS00NGZlLTkyMzYtODY2MjRkMzQyMTY1IiwibmFtZSI6ImFkbWluIiwiZ2VuZGVyIjp0cnVlLCJlbWFpbCI6IjM3ODMzODYyN0BxcS5jb20ifSwiaWF0IjoxNDk5NTczNDUwLCJleHAiOjE0OTk2NTk4NTB9.g8_lTJ1-oqtt72aCF5tKl_4ImIuIYBlNr8UB8dk5p4g"}
response time: 54
response status: 200
response body: 
{"status":0,"data":{"name":"admin","email":"378338627@qq.com","password":"$2a$10$FNCDVOCK4wLk1hIJqHTWlu5N1.frRtUYAt.V/RLZorxWuTWTea/3W","gender":true,"token":"eyJhbGciOiJIUzI1NiIsInR5cCI6IkpXVCJ9.eyJkYXRhIjp7ImlkIjoiYjZmYWJlNDYtZTlmNS00NGZlLTkyMzYtODY2MjRkMzQyMTY1IiwibmFtZSI6ImFkbWluIiwiZ2VuZGVyIjp0cnVlLCJlbWFpbCI6IjM3ODMzODYyN0BxcS5jb20ifSwiaWF0IjoxNDk5NTczNDUwLCJleHAiOjE0OTk2NTk4NTB9.g8_lTJ1-oqtt72aCF5tKl_4ImIuIYBlNr8UB8dk5p4g","id":"b6fabe46-e9f5-44fe-9236-86624d342165","createdAt":1499418880181,"updatedAt":1499418880181,"version":0}}
*************** response log end ***************

[2017-07-09 12:11:05.995] [INFO] resLogger - 
*************** response log start ***************
request method: GET
request originalUrl:  /api/user/?token=undefined
request client ip:  ::ffff:127.0.0.1
request query:  {"token":"undefined"}
response time: 10
response status: 200
response body: 
undefined
*************** response log end ***************

[2017-07-09 12:11:07.187] [INFO] resLogger - 
*************** response log start ***************
request method: OPTIONS
request originalUrl:  /api/user/login
request client ip:  ::ffff:127.0.0.1
request body: 
{}
response time: 0
response status: 204
response body: 
undefined
*************** response log end ***************

[2017-07-09 12:11:07.453] [INFO] resLogger - 
*************** response log start ***************
request method: POST
request originalUrl:  /api/user/login
request client ip:  ::ffff:127.0.0.1
request body: 
{"username":"admin","password":"admin"}
response time: 256
response status: 200
response body: 
{"status":0,"data":{"name":"admin","email":"378338627@qq.com","password":"$2a$10$FNCDVOCK4wLk1hIJqHTWlu5N1.frRtUYAt.V/RLZorxWuTWTea/3W","gender":true,"token":"eyJhbGciOiJIUzI1NiIsInR5cCI6IkpXVCJ9.eyJkYXRhIjp7ImlkIjoiYjZmYWJlNDYtZTlmNS00NGZlLTkyMzYtODY2MjRkMzQyMTY1IiwibmFtZSI6ImFkbWluIiwiZ2VuZGVyIjp0cnVlLCJlbWFpbCI6IjM3ODMzODYyN0BxcS5jb20ifSwiaWF0IjoxNDk5NTczNDY3LCJleHAiOjE0OTk2NTk4Njd9.zB9l9FCd1fdAyaAd7LR4mpQSnQ_VEtB8z9B4PutKkS8","id":"b6fabe46-e9f5-44fe-9236-86624d342165","createdAt":1499418880181,"updatedAt":1499573467380,"version":2}}
*************** response log end ***************

[2017-07-09 12:11:07.553] [INFO] resLogger - 
*************** response log start ***************
request method: GET
request originalUrl:  /api/user/?token=eyJhbGciOiJIUzI1NiIsInR5cCI6IkpXVCJ9.eyJkYXRhIjp7ImlkIjoiYjZmYWJlNDYtZTlmNS00NGZlLTkyMzYtODY2MjRkMzQyMTY1IiwibmFtZSI6ImFkbWluIiwiZ2VuZGVyIjp0cnVlLCJlbWFpbCI6IjM3ODMzODYyN0BxcS5jb20ifSwiaWF0IjoxNDk5NTczNDY3LCJleHAiOjE0OTk2NTk4Njd9.zB9l9FCd1fdAyaAd7LR4mpQSnQ_VEtB8z9B4PutKkS8
request client ip:  ::ffff:127.0.0.1
request query:  {"token":"eyJhbGciOiJIUzI1NiIsInR5cCI6IkpXVCJ9.eyJkYXRhIjp7ImlkIjoiYjZmYWJlNDYtZTlmNS00NGZlLTkyMzYtODY2MjRkMzQyMTY1IiwibmFtZSI6ImFkbWluIiwiZ2VuZGVyIjp0cnVlLCJlbWFpbCI6IjM3ODMzODYyN0BxcS5jb20ifSwiaWF0IjoxNDk5NTczNDY3LCJleHAiOjE0OTk2NTk4Njd9.zB9l9FCd1fdAyaAd7LR4mpQSnQ_VEtB8z9B4PutKkS8"}
response time: 53
response status: 200
response body: 
{"status":0,"data":{"name":"admin","email":"378338627@qq.com","password":"$2a$10$FNCDVOCK4wLk1hIJqHTWlu5N1.frRtUYAt.V/RLZorxWuTWTea/3W","gender":true,"token":"eyJhbGciOiJIUzI1NiIsInR5cCI6IkpXVCJ9.eyJkYXRhIjp7ImlkIjoiYjZmYWJlNDYtZTlmNS00NGZlLTkyMzYtODY2MjRkMzQyMTY1IiwibmFtZSI6ImFkbWluIiwiZ2VuZGVyIjp0cnVlLCJlbWFpbCI6IjM3ODMzODYyN0BxcS5jb20ifSwiaWF0IjoxNDk5NTczNDY3LCJleHAiOjE0OTk2NTk4Njd9.zB9l9FCd1fdAyaAd7LR4mpQSnQ_VEtB8z9B4PutKkS8","id":"b6fabe46-e9f5-44fe-9236-86624d342165","createdAt":1499418880181,"updatedAt":1499418880181,"version":0}}
*************** response log end ***************

[2017-07-09 12:11:11.784] [INFO] resLogger - 
*************** response log start ***************
request method: GET
request originalUrl:  /api/user/?token=eyJhbGciOiJIUzI1NiIsInR5cCI6IkpXVCJ9.eyJkYXRhIjp7ImlkIjoiYjZmYWJlNDYtZTlmNS00NGZlLTkyMzYtODY2MjRkMzQyMTY1IiwibmFtZSI6ImFkbWluIiwiZ2VuZGVyIjp0cnVlLCJlbWFpbCI6IjM3ODMzODYyN0BxcS5jb20ifSwiaWF0IjoxNDk5NTczNDY3LCJleHAiOjE0OTk2NTk4Njd9.zB9l9FCd1fdAyaAd7LR4mpQSnQ_VEtB8z9B4PutKkS8
request client ip:  ::ffff:127.0.0.1
request query:  {"token":"eyJhbGciOiJIUzI1NiIsInR5cCI6IkpXVCJ9.eyJkYXRhIjp7ImlkIjoiYjZmYWJlNDYtZTlmNS00NGZlLTkyMzYtODY2MjRkMzQyMTY1IiwibmFtZSI6ImFkbWluIiwiZ2VuZGVyIjp0cnVlLCJlbWFpbCI6IjM3ODMzODYyN0BxcS5jb20ifSwiaWF0IjoxNDk5NTczNDY3LCJleHAiOjE0OTk2NTk4Njd9.zB9l9FCd1fdAyaAd7LR4mpQSnQ_VEtB8z9B4PutKkS8"}
response time: 45
response status: 200
response body: 
{"status":0,"data":{"name":"admin","email":"378338627@qq.com","password":"$2a$10$FNCDVOCK4wLk1hIJqHTWlu5N1.frRtUYAt.V/RLZorxWuTWTea/3W","gender":true,"token":"eyJhbGciOiJIUzI1NiIsInR5cCI6IkpXVCJ9.eyJkYXRhIjp7ImlkIjoiYjZmYWJlNDYtZTlmNS00NGZlLTkyMzYtODY2MjRkMzQyMTY1IiwibmFtZSI6ImFkbWluIiwiZ2VuZGVyIjp0cnVlLCJlbWFpbCI6IjM3ODMzODYyN0BxcS5jb20ifSwiaWF0IjoxNDk5NTczNDY3LCJleHAiOjE0OTk2NTk4Njd9.zB9l9FCd1fdAyaAd7LR4mpQSnQ_VEtB8z9B4PutKkS8","id":"b6fabe46-e9f5-44fe-9236-86624d342165","createdAt":1499418880181,"updatedAt":1499418880181,"version":0}}
*************** response log end ***************

[2017-07-09 12:11:12.405] [INFO] resLogger - 
*************** response log start ***************
request method: GET
request originalUrl:  /api/user/?token=eyJhbGciOiJIUzI1NiIsInR5cCI6IkpXVCJ9.eyJkYXRhIjp7ImlkIjoiYjZmYWJlNDYtZTlmNS00NGZlLTkyMzYtODY2MjRkMzQyMTY1IiwibmFtZSI6ImFkbWluIiwiZ2VuZGVyIjp0cnVlLCJlbWFpbCI6IjM3ODMzODYyN0BxcS5jb20ifSwiaWF0IjoxNDk5NTczNDY3LCJleHAiOjE0OTk2NTk4Njd9.zB9l9FCd1fdAyaAd7LR4mpQSnQ_VEtB8z9B4PutKkS8
request client ip:  ::ffff:127.0.0.1
request query:  {"token":"eyJhbGciOiJIUzI1NiIsInR5cCI6IkpXVCJ9.eyJkYXRhIjp7ImlkIjoiYjZmYWJlNDYtZTlmNS00NGZlLTkyMzYtODY2MjRkMzQyMTY1IiwibmFtZSI6ImFkbWluIiwiZ2VuZGVyIjp0cnVlLCJlbWFpbCI6IjM3ODMzODYyN0BxcS5jb20ifSwiaWF0IjoxNDk5NTczNDY3LCJleHAiOjE0OTk2NTk4Njd9.zB9l9FCd1fdAyaAd7LR4mpQSnQ_VEtB8z9B4PutKkS8"}
response time: 45
response status: 200
response body: 
{"status":0,"data":{"name":"admin","email":"378338627@qq.com","password":"$2a$10$FNCDVOCK4wLk1hIJqHTWlu5N1.frRtUYAt.V/RLZorxWuTWTea/3W","gender":true,"token":"eyJhbGciOiJIUzI1NiIsInR5cCI6IkpXVCJ9.eyJkYXRhIjp7ImlkIjoiYjZmYWJlNDYtZTlmNS00NGZlLTkyMzYtODY2MjRkMzQyMTY1IiwibmFtZSI6ImFkbWluIiwiZ2VuZGVyIjp0cnVlLCJlbWFpbCI6IjM3ODMzODYyN0BxcS5jb20ifSwiaWF0IjoxNDk5NTczNDY3LCJleHAiOjE0OTk2NTk4Njd9.zB9l9FCd1fdAyaAd7LR4mpQSnQ_VEtB8z9B4PutKkS8","id":"b6fabe46-e9f5-44fe-9236-86624d342165","createdAt":1499418880181,"updatedAt":1499418880181,"version":0}}
*************** response log end ***************

