[2018-08-24 16:04:30.030] [INFO] resLogger - 
*************** response log start ***************
request method: OPTIONS
request originalUrl:  /api/authinrole/check
request client ip:  ::ffff:127.0.0.1
request body: 
{}
response time: 1
response status: 204
response body: 
undefined
*************** response log end ***************

[2018-08-24 16:04:30.176] [INFO] resLogger - 
*************** response log start ***************
request method: POST
request originalUrl:  /api/authinrole/check
request client ip:  ::ffff:127.0.0.1
request body: 
{"func":"operations","op":"menu"}
response time: 106
response status: 200
response body: 
{"status":0}
*************** response log end ***************

[2018-08-24 16:04:30.925] [INFO] resLogger - 
*************** response log start ***************
request method: POST
request originalUrl:  /api/authinrole/check
request client ip:  ::ffff:127.0.0.1
request body: 
{"func":"order","op":"menu"}
response time: 18
response status: 200
response body: 
{"status":0}
*************** response log end ***************

[2018-08-24 16:04:30.960] [INFO] resLogger - 
*************** response log start ***************
request method: POST
request originalUrl:  /api/authinrole/check
request client ip:  ::ffff:127.0.0.1
request body: 
{"func":"order","op":"list"}
response time: 23
response status: 200
response body: 
{"status":0}
*************** response log end ***************

[2018-08-24 16:04:31.377] [INFO] resLogger - 
*************** response log start ***************
request method: GET
request originalUrl:  /api/order/list/page/1/time/1535040000000
request client ip:  ::ffff:127.0.0.1
request query:  {}
response time: 21
response status: 200
response body: 
{"status":0,"data":[{"no":"20180824000","custom_name":"商贸","custom_phone":"02266624897","incoming_time":1535073607000,"custom_corporation":"d988a340-24ec-4f49-ba6a-98514328a07a","custom_position":"754fb8b9-4bd9-4015-996d-d2cd84a9261d","remark":null,"status":1,"needs":"[{\"type\":{\"id\":\"e6890530-4629-406f-a3fb-d8e2a293320b\",\"name\":\"硬件\",\"code\":\"HARDWARE\"},\"equipment\":{\"name\":\"扫描仪\",\"value\":\"扫描仪\"},\"op\":{\"id\":\"5d050cac-4f46-4726-b7cc-cb3f52f0d8c9\",\"name\":\"连接\",\"code\":\"CONNECT\"},\"no\":2}]","id":"cf1714e5-74cc-49c4-8a20-d0a44e20c3d1","createdAt":1535073692333,"updatedAt":1535073692333,"version":0,"corporation":{"name":"物流商贸公司","description":"物流商贸","status":1,"groupId":"f0c37d6d-c922-4617-befd-aa51ad85d7c5","id":"d988a340-24ec-4f49-ba6a-98514328a07a","createdAt":1517196815376,"updatedAt":1517196815376,"version":0},"corpBuilding":{"corporationId":"d988a340-24ec-4f49-ba6a-98514328a07a","buildingId":"6a9bcf38-e15c-4669-8dbd-bd48bfad4623","floor":4,"position":"W","status":1,"id":"754fb8b9-4bd9-4015-996d-d2cd84a9261d","createdAt":1517196830625,"updatedAt":1517196830625,"version":0,"building":{"name":"商务大厦北楼","address":"北","minfloor":1,"maxfloor":15,"status":1,"id":"6a9bcf38-e15c-4669-8dbd-bd48bfad4623","createdAt":1515633153519,"updatedAt":1515633153519,"version":0}}},{"no":"20180824001","custom_name":"招商","custom_phone":"02225262170","incoming_time":1535079030000,"custom_corporation":"d55858be-a683-497f-abff-6f60516418cd","custom_position":"696affa9-f8f9-4767-881a-11e4ad303b82","remark":null,"status":1,"needs":"[{\"type\":{\"id\":\"e6890530-4629-406f-a3fb-d8e2a293320b\",\"name\":\"硬件\",\"code\":\"HARDWARE\"},\"equipment\":{\"name\":\"电话\",\"value\":\"电话\"},\"op\":{\"id\":\"8f51ac69-d68a-4b7e-8562-3e8327e3de01\",\"name\":\"安装\",\"code\":\"SETUP\"},\"no\":5}]","id":"211ad8ca-9e19-4dab-8b8c-34dea2240204","createdAt":1535081150750,"updatedAt":1535081150750,"version":0,"corporation":{"name":"招商公司","description":"八楼","status":1,"groupId":"f0c37d6d-c922-4617-befd-aa51ad85d7c5","id":"d55858be-a683-497f-abff-6f60516418cd","createdAt":1521794537272,"updatedAt":1521794537272,"version":0},"corpBuilding":{"corporationId":"d55858be-a683-497f-abff-6f60516418cd","buildingId":"6a9bcf38-e15c-4669-8dbd-bd48bfad4623","floor":8,"position":"W","status":1,"id":"696affa9-f8f9-4767-881a-11e4ad303b82","createdAt":1521794560864,"updatedAt":1521794605593,"version":1,"building":{"name":"商务大厦北楼","address":"北","minfloor":1,"maxfloor":15,"status":1,"id":"6a9bcf38-e15c-4669-8dbd-bd48bfad4623","createdAt":1515633153519,"updatedAt":1515633153519,"version":0}}},{"no":"20180824002","custom_name":"高新","custom_phone":"02266622370","incoming_time":1535092334000,"custom_corporation":"89cce940-1268-4690-abe4-3b3b14fb0cde","custom_position":"6ed100a3-ea99-4c9a-b02b-51ef5f977092","remark":null,"status":1,"needs":"[{\"type\":{\"id\":\"edad6210-e642-4302-98c1-60251cb85972\",\"name\":\"网络\",\"code\":\"NETWORK\"},\"equipment\":{\"name\":\"互联网\",\"value\":\"互联网\"},\"op\":{\"id\":\"0238f1c8-41a3-46da-84ea-61e406b21d30\",\"name\":\"连接\",\"code\":\"CONNECT\"},\"no\":1}]","id":"ac5c437b-99db-4d6b-9e3a-e9c4dfedee9f","createdAt":1535095206872,"updatedAt":1535095206872,"version":0,"corporation":{"name":"高新公司","description":"高新","status":1,"groupId":"f0c37d6d-c922-4617-befd-aa51ad85d7c5","id":"89cce940-1268-4690-abe4-3b3b14fb0cde","createdAt":1516607211910,"updatedAt":1516607211910,"version":0},"corpBuilding":{"corporationId":"89cce940-1268-4690-abe4-3b3b14fb0cde","buildingId":"6a9bcf38-e15c-4669-8dbd-bd48bfad4623","floor":4,"position":"E","status":1,"id":"6ed100a3-ea99-4c9a-b02b-51ef5f977092","createdAt":1516607229473,"updatedAt":1516607229473,"version":0,"building":{"name":"商务大厦北楼","address":"北","minfloor":1,"maxfloor":15,"status":1,"id":"6a9bcf38-e15c-4669-8dbd-bd48bfad4623","createdAt":1515633153519,"updatedAt":1515633153519,"version":0}}}],"total":3}
*************** response log end ***************

