[2017-07-19 15:02:36.485] [INFO] resLogger - 
*************** response log start ***************
request method: GET
request originalUrl:  /api/user/?token=eyJhbGciOiJIUzI1NiIsInR5cCI6IkpXVCJ9.eyJkYXRhIjp7ImlkIjoiYTg2MTUyMDMtYjQyZi00OGMxLTk3YzQtYzc3OTNkZWY2NGIxIiwibmFtZSI6ImFkbWluIiwiZ2VuZGVyIjp0cnVlLCJlbWFpbCI6IjM3ODMzODYyN0BxcS5jb20ifSwiaWF0IjoxNTAwNDI5MTg0LCJleHAiOjE1MDA1MTU1ODR9.0l8NtYQ1zA2a63y2jrlL6Ro78TA1ENYbItHqfXqxX9c
request client ip:  ::ffff:127.0.0.1
request query:  {"token":"eyJhbGciOiJIUzI1NiIsInR5cCI6IkpXVCJ9.eyJkYXRhIjp7ImlkIjoiYTg2MTUyMDMtYjQyZi00OGMxLTk3YzQtYzc3OTNkZWY2NGIxIiwibmFtZSI6ImFkbWluIiwiZ2VuZGVyIjp0cnVlLCJlbWFpbCI6IjM3ODMzODYyN0BxcS5jb20ifSwiaWF0IjoxNTAwNDI5MTg0LCJleHAiOjE1MDA1MTU1ODR9.0l8NtYQ1zA2a63y2jrlL6Ro78TA1ENYbItHqfXqxX9c"}
response time: 330
response status: 200
response body: 
{"status":0,"data":{"name":"admin","email":"378338627@qq.com","password":"$2a$10$xmgJzl6FH05MXqtHAwT8ieXHc.8A.B.PBX.cv16LPt.5q9w08CrhK","gender":true,"token":"eyJhbGciOiJIUzI1NiIsInR5cCI6IkpXVCJ9.eyJkYXRhIjp7ImlkIjoiYTg2MTUyMDMtYjQyZi00OGMxLTk3YzQtYzc3OTNkZWY2NGIxIiwibmFtZSI6ImFkbWluIiwiZ2VuZGVyIjp0cnVlLCJlbWFpbCI6IjM3ODMzODYyN0BxcS5jb20ifSwiaWF0IjoxNTAwNDI5MTg0LCJleHAiOjE1MDA1MTU1ODR9.0l8NtYQ1zA2a63y2jrlL6Ro78TA1ENYbItHqfXqxX9c","id":"a8615203-b42f-48c1-97c4-c7793def64b1","createdAt":1499934432149,"updatedAt":1499934432149,"version":0}}
*************** response log end ***************

[2017-07-19 15:02:37.557] [INFO] resLogger - 
*************** response log start ***************
request method: GET
request originalUrl:  /api/buildings/list/page/1?token=eyJhbGciOiJIUzI1NiIsInR5cCI6IkpXVCJ9.eyJkYXRhIjp7ImlkIjoiYTg2MTUyMDMtYjQyZi00OGMxLTk3YzQtYzc3OTNkZWY2NGIxIiwibmFtZSI6ImFkbWluIiwiZ2VuZGVyIjp0cnVlLCJlbWFpbCI6IjM3ODMzODYyN0BxcS5jb20ifSwiaWF0IjoxNTAwNDI5MTg0LCJleHAiOjE1MDA1MTU1ODR9.0l8NtYQ1zA2a63y2jrlL6Ro78TA1ENYbItHqfXqxX9c
request client ip:  ::ffff:127.0.0.1
request query:  {"token":"eyJhbGciOiJIUzI1NiIsInR5cCI6IkpXVCJ9.eyJkYXRhIjp7ImlkIjoiYTg2MTUyMDMtYjQyZi00OGMxLTk3YzQtYzc3OTNkZWY2NGIxIiwibmFtZSI6ImFkbWluIiwiZ2VuZGVyIjp0cnVlLCJlbWFpbCI6IjM3ODMzODYyN0BxcS5jb20ifSwiaWF0IjoxNTAwNDI5MTg0LCJleHAiOjE1MDA1MTU1ODR9.0l8NtYQ1zA2a63y2jrlL6Ro78TA1ENYbItHqfXqxX9c"}
response time: 884
response status: 200
response body: 
{"status":0,"data":[{"name":"4","address":"4","minfloor":4,"maxfloor":4,"status":1,"id":"5d25aa77-b962-44ef-944a-7f09fef8f889","createdAt":1500200622996,"updatedAt":1500200622996,"version":0},{"name":"3","address":"3","minfloor":1,"maxfloor":3,"status":1,"id":"964327a7-daab-4202-82bc-5f2861841332","createdAt":1499935652954,"updatedAt":1499935652954,"version":0},{"name":"2","address":"2","minfloor":2,"maxfloor":4,"status":1,"id":"74e0e1d1-fd03-4105-a7a1-56167ed64283","createdAt":1499935257098,"updatedAt":1499935257098,"version":0},{"name":"1","address":"1","minfloor":1,"maxfloor":1,"status":1,"id":"8b7ae305-e24e-4b1f-8cec-758f2e745f9e","createdAt":1499934526071,"updatedAt":1499934526071,"version":0}],"total":4}
*************** response log end ***************

[2017-07-19 15:02:42.555] [INFO] resLogger - 
*************** response log start ***************
request method: GET
request originalUrl:  /api/user/?token=eyJhbGciOiJIUzI1NiIsInR5cCI6IkpXVCJ9.eyJkYXRhIjp7ImlkIjoiYTg2MTUyMDMtYjQyZi00OGMxLTk3YzQtYzc3OTNkZWY2NGIxIiwibmFtZSI6ImFkbWluIiwiZ2VuZGVyIjp0cnVlLCJlbWFpbCI6IjM3ODMzODYyN0BxcS5jb20ifSwiaWF0IjoxNTAwNDI5MTg0LCJleHAiOjE1MDA1MTU1ODR9.0l8NtYQ1zA2a63y2jrlL6Ro78TA1ENYbItHqfXqxX9c
request client ip:  ::ffff:127.0.0.1
request query:  {"token":"eyJhbGciOiJIUzI1NiIsInR5cCI6IkpXVCJ9.eyJkYXRhIjp7ImlkIjoiYTg2MTUyMDMtYjQyZi00OGMxLTk3YzQtYzc3OTNkZWY2NGIxIiwibmFtZSI6ImFkbWluIiwiZ2VuZGVyIjp0cnVlLCJlbWFpbCI6IjM3ODMzODYyN0BxcS5jb20ifSwiaWF0IjoxNTAwNDI5MTg0LCJleHAiOjE1MDA1MTU1ODR9.0l8NtYQ1zA2a63y2jrlL6Ro78TA1ENYbItHqfXqxX9c"}
response time: 116
response status: 200
response body: 
{"status":0,"data":{"name":"admin","email":"378338627@qq.com","password":"$2a$10$xmgJzl6FH05MXqtHAwT8ieXHc.8A.B.PBX.cv16LPt.5q9w08CrhK","gender":true,"token":"eyJhbGciOiJIUzI1NiIsInR5cCI6IkpXVCJ9.eyJkYXRhIjp7ImlkIjoiYTg2MTUyMDMtYjQyZi00OGMxLTk3YzQtYzc3OTNkZWY2NGIxIiwibmFtZSI6ImFkbWluIiwiZ2VuZGVyIjp0cnVlLCJlbWFpbCI6IjM3ODMzODYyN0BxcS5jb20ifSwiaWF0IjoxNTAwNDI5MTg0LCJleHAiOjE1MDA1MTU1ODR9.0l8NtYQ1zA2a63y2jrlL6Ro78TA1ENYbItHqfXqxX9c","id":"a8615203-b42f-48c1-97c4-c7793def64b1","createdAt":1499934432149,"updatedAt":1499934432149,"version":0}}
*************** response log end ***************

[2017-07-19 15:02:43.059] [INFO] resLogger - 
*************** response log start ***************
request method: GET
request originalUrl:  /api/buildings/list/page/1?token=eyJhbGciOiJIUzI1NiIsInR5cCI6IkpXVCJ9.eyJkYXRhIjp7ImlkIjoiYTg2MTUyMDMtYjQyZi00OGMxLTk3YzQtYzc3OTNkZWY2NGIxIiwibmFtZSI6ImFkbWluIiwiZ2VuZGVyIjp0cnVlLCJlbWFpbCI6IjM3ODMzODYyN0BxcS5jb20ifSwiaWF0IjoxNTAwNDI5MTg0LCJleHAiOjE1MDA1MTU1ODR9.0l8NtYQ1zA2a63y2jrlL6Ro78TA1ENYbItHqfXqxX9c
request client ip:  ::ffff:127.0.0.1
request query:  {"token":"eyJhbGciOiJIUzI1NiIsInR5cCI6IkpXVCJ9.eyJkYXRhIjp7ImlkIjoiYTg2MTUyMDMtYjQyZi00OGMxLTk3YzQtYzc3OTNkZWY2NGIxIiwibmFtZSI6ImFkbWluIiwiZ2VuZGVyIjp0cnVlLCJlbWFpbCI6IjM3ODMzODYyN0BxcS5jb20ifSwiaWF0IjoxNTAwNDI5MTg0LCJleHAiOjE1MDA1MTU1ODR9.0l8NtYQ1zA2a63y2jrlL6Ro78TA1ENYbItHqfXqxX9c"}
response time: 353
response status: 200
response body: 
{"status":0,"data":[{"name":"4","address":"4","minfloor":4,"maxfloor":4,"status":1,"id":"5d25aa77-b962-44ef-944a-7f09fef8f889","createdAt":1500200622996,"updatedAt":1500200622996,"version":0},{"name":"3","address":"3","minfloor":1,"maxfloor":3,"status":1,"id":"964327a7-daab-4202-82bc-5f2861841332","createdAt":1499935652954,"updatedAt":1499935652954,"version":0},{"name":"2","address":"2","minfloor":2,"maxfloor":4,"status":1,"id":"74e0e1d1-fd03-4105-a7a1-56167ed64283","createdAt":1499935257098,"updatedAt":1499935257098,"version":0},{"name":"1","address":"1","minfloor":1,"maxfloor":1,"status":1,"id":"8b7ae305-e24e-4b1f-8cec-758f2e745f9e","createdAt":1499934526071,"updatedAt":1499934526071,"version":0}],"total":4}
*************** response log end ***************

[2017-07-19 15:05:13.468] [INFO] resLogger - 
*************** response log start ***************
request method: GET
request originalUrl:  /api/user/?token=eyJhbGciOiJIUzI1NiIsInR5cCI6IkpXVCJ9.eyJkYXRhIjp7ImlkIjoiYTg2MTUyMDMtYjQyZi00OGMxLTk3YzQtYzc3OTNkZWY2NGIxIiwibmFtZSI6ImFkbWluIiwiZ2VuZGVyIjp0cnVlLCJlbWFpbCI6IjM3ODMzODYyN0BxcS5jb20ifSwiaWF0IjoxNTAwNDI5MTg0LCJleHAiOjE1MDA1MTU1ODR9.0l8NtYQ1zA2a63y2jrlL6Ro78TA1ENYbItHqfXqxX9c
request client ip:  ::ffff:127.0.0.1
request query:  {"token":"eyJhbGciOiJIUzI1NiIsInR5cCI6IkpXVCJ9.eyJkYXRhIjp7ImlkIjoiYTg2MTUyMDMtYjQyZi00OGMxLTk3YzQtYzc3OTNkZWY2NGIxIiwibmFtZSI6ImFkbWluIiwiZ2VuZGVyIjp0cnVlLCJlbWFpbCI6IjM3ODMzODYyN0BxcS5jb20ifSwiaWF0IjoxNTAwNDI5MTg0LCJleHAiOjE1MDA1MTU1ODR9.0l8NtYQ1zA2a63y2jrlL6Ro78TA1ENYbItHqfXqxX9c"}
response time: 256
response status: 200
response body: 
{"status":0,"data":{"name":"admin","email":"378338627@qq.com","password":"$2a$10$xmgJzl6FH05MXqtHAwT8ieXHc.8A.B.PBX.cv16LPt.5q9w08CrhK","gender":true,"token":"eyJhbGciOiJIUzI1NiIsInR5cCI6IkpXVCJ9.eyJkYXRhIjp7ImlkIjoiYTg2MTUyMDMtYjQyZi00OGMxLTk3YzQtYzc3OTNkZWY2NGIxIiwibmFtZSI6ImFkbWluIiwiZ2VuZGVyIjp0cnVlLCJlbWFpbCI6IjM3ODMzODYyN0BxcS5jb20ifSwiaWF0IjoxNTAwNDI5MTg0LCJleHAiOjE1MDA1MTU1ODR9.0l8NtYQ1zA2a63y2jrlL6Ro78TA1ENYbItHqfXqxX9c","id":"a8615203-b42f-48c1-97c4-c7793def64b1","createdAt":1499934432149,"updatedAt":1499934432149,"version":0}}
*************** response log end ***************

[2017-07-19 15:05:13.842] [INFO] resLogger - 
*************** response log start ***************
request method: GET
request originalUrl:  /api/buildings/list/page/1?token=eyJhbGciOiJIUzI1NiIsInR5cCI6IkpXVCJ9.eyJkYXRhIjp7ImlkIjoiYTg2MTUyMDMtYjQyZi00OGMxLTk3YzQtYzc3OTNkZWY2NGIxIiwibmFtZSI6ImFkbWluIiwiZ2VuZGVyIjp0cnVlLCJlbWFpbCI6IjM3ODMzODYyN0BxcS5jb20ifSwiaWF0IjoxNTAwNDI5MTg0LCJleHAiOjE1MDA1MTU1ODR9.0l8NtYQ1zA2a63y2jrlL6Ro78TA1ENYbItHqfXqxX9c
request client ip:  ::ffff:127.0.0.1
request query:  {"token":"eyJhbGciOiJIUzI1NiIsInR5cCI6IkpXVCJ9.eyJkYXRhIjp7ImlkIjoiYTg2MTUyMDMtYjQyZi00OGMxLTk3YzQtYzc3OTNkZWY2NGIxIiwibmFtZSI6ImFkbWluIiwiZ2VuZGVyIjp0cnVlLCJlbWFpbCI6IjM3ODMzODYyN0BxcS5jb20ifSwiaWF0IjoxNTAwNDI5MTg0LCJleHAiOjE1MDA1MTU1ODR9.0l8NtYQ1zA2a63y2jrlL6Ro78TA1ENYbItHqfXqxX9c"}
response time: 219
response status: 200
response body: 
{"status":0,"data":[{"name":"4","address":"4","minfloor":4,"maxfloor":4,"status":1,"id":"5d25aa77-b962-44ef-944a-7f09fef8f889","createdAt":1500200622996,"updatedAt":1500200622996,"version":0},{"name":"3","address":"3","minfloor":1,"maxfloor":3,"status":1,"id":"964327a7-daab-4202-82bc-5f2861841332","createdAt":1499935652954,"updatedAt":1499935652954,"version":0},{"name":"2","address":"2","minfloor":2,"maxfloor":4,"status":1,"id":"74e0e1d1-fd03-4105-a7a1-56167ed64283","createdAt":1499935257098,"updatedAt":1499935257098,"version":0},{"name":"1","address":"1","minfloor":1,"maxfloor":1,"status":1,"id":"8b7ae305-e24e-4b1f-8cec-758f2e745f9e","createdAt":1499934526071,"updatedAt":1499934526071,"version":0}],"total":4}
*************** response log end ***************

[2017-07-19 15:05:22.454] [INFO] resLogger - 
*************** response log start ***************
request method: GET
request originalUrl:  /api/user/?token=eyJhbGciOiJIUzI1NiIsInR5cCI6IkpXVCJ9.eyJkYXRhIjp7ImlkIjoiYTg2MTUyMDMtYjQyZi00OGMxLTk3YzQtYzc3OTNkZWY2NGIxIiwibmFtZSI6ImFkbWluIiwiZ2VuZGVyIjp0cnVlLCJlbWFpbCI6IjM3ODMzODYyN0BxcS5jb20ifSwiaWF0IjoxNTAwNDI5MTg0LCJleHAiOjE1MDA1MTU1ODR9.0l8NtYQ1zA2a63y2jrlL6Ro78TA1ENYbItHqfXqxX9c
request client ip:  ::ffff:127.0.0.1
request query:  {"token":"eyJhbGciOiJIUzI1NiIsInR5cCI6IkpXVCJ9.eyJkYXRhIjp7ImlkIjoiYTg2MTUyMDMtYjQyZi00OGMxLTk3YzQtYzc3OTNkZWY2NGIxIiwibmFtZSI6ImFkbWluIiwiZ2VuZGVyIjp0cnVlLCJlbWFpbCI6IjM3ODMzODYyN0BxcS5jb20ifSwiaWF0IjoxNTAwNDI5MTg0LCJleHAiOjE1MDA1MTU1ODR9.0l8NtYQ1zA2a63y2jrlL6Ro78TA1ENYbItHqfXqxX9c"}
response time: 178
response status: 200
response body: 
{"status":0,"data":{"name":"admin","email":"378338627@qq.com","password":"$2a$10$xmgJzl6FH05MXqtHAwT8ieXHc.8A.B.PBX.cv16LPt.5q9w08CrhK","gender":true,"token":"eyJhbGciOiJIUzI1NiIsInR5cCI6IkpXVCJ9.eyJkYXRhIjp7ImlkIjoiYTg2MTUyMDMtYjQyZi00OGMxLTk3YzQtYzc3OTNkZWY2NGIxIiwibmFtZSI6ImFkbWluIiwiZ2VuZGVyIjp0cnVlLCJlbWFpbCI6IjM3ODMzODYyN0BxcS5jb20ifSwiaWF0IjoxNTAwNDI5MTg0LCJleHAiOjE1MDA1MTU1ODR9.0l8NtYQ1zA2a63y2jrlL6Ro78TA1ENYbItHqfXqxX9c","id":"a8615203-b42f-48c1-97c4-c7793def64b1","createdAt":1499934432149,"updatedAt":1499934432149,"version":0}}
*************** response log end ***************

[2017-07-19 15:05:22.710] [INFO] resLogger - 
*************** response log start ***************
request method: GET
request originalUrl:  /api/buildings/list/page/1?token=eyJhbGciOiJIUzI1NiIsInR5cCI6IkpXVCJ9.eyJkYXRhIjp7ImlkIjoiYTg2MTUyMDMtYjQyZi00OGMxLTk3YzQtYzc3OTNkZWY2NGIxIiwibmFtZSI6ImFkbWluIiwiZ2VuZGVyIjp0cnVlLCJlbWFpbCI6IjM3ODMzODYyN0BxcS5jb20ifSwiaWF0IjoxNTAwNDI5MTg0LCJleHAiOjE1MDA1MTU1ODR9.0l8NtYQ1zA2a63y2jrlL6Ro78TA1ENYbItHqfXqxX9c
request client ip:  ::ffff:127.0.0.1
request query:  {"token":"eyJhbGciOiJIUzI1NiIsInR5cCI6IkpXVCJ9.eyJkYXRhIjp7ImlkIjoiYTg2MTUyMDMtYjQyZi00OGMxLTk3YzQtYzc3OTNkZWY2NGIxIiwibmFtZSI6ImFkbWluIiwiZ2VuZGVyIjp0cnVlLCJlbWFpbCI6IjM3ODMzODYyN0BxcS5jb20ifSwiaWF0IjoxNTAwNDI5MTg0LCJleHAiOjE1MDA1MTU1ODR9.0l8NtYQ1zA2a63y2jrlL6Ro78TA1ENYbItHqfXqxX9c"}
response time: 107
response status: 200
response body: 
{"status":0,"data":[{"name":"4","address":"4","minfloor":4,"maxfloor":4,"status":1,"id":"5d25aa77-b962-44ef-944a-7f09fef8f889","createdAt":1500200622996,"updatedAt":1500200622996,"version":0},{"name":"3","address":"3","minfloor":1,"maxfloor":3,"status":1,"id":"964327a7-daab-4202-82bc-5f2861841332","createdAt":1499935652954,"updatedAt":1499935652954,"version":0},{"name":"2","address":"2","minfloor":2,"maxfloor":4,"status":1,"id":"74e0e1d1-fd03-4105-a7a1-56167ed64283","createdAt":1499935257098,"updatedAt":1499935257098,"version":0},{"name":"1","address":"1","minfloor":1,"maxfloor":1,"status":1,"id":"8b7ae305-e24e-4b1f-8cec-758f2e745f9e","createdAt":1499934526071,"updatedAt":1499934526071,"version":0}],"total":4}
*************** response log end ***************

[2017-07-19 15:13:29.945] [INFO] resLogger - 
*************** response log start ***************
request method: GET
request originalUrl:  /api/buildings/delete/5d25aa77-b962-44ef-944a-7f09fef8f889?token=eyJhbGciOiJIUzI1NiIsInR5cCI6IkpXVCJ9.eyJkYXRhIjp7ImlkIjoiYTg2MTUyMDMtYjQyZi00OGMxLTk3YzQtYzc3OTNkZWY2NGIxIiwibmFtZSI6ImFkbWluIiwiZ2VuZGVyIjp0cnVlLCJlbWFpbCI6IjM3ODMzODYyN0BxcS5jb20ifSwiaWF0IjoxNTAwNDI5MTg0LCJleHAiOjE1MDA1MTU1ODR9.0l8NtYQ1zA2a63y2jrlL6Ro78TA1ENYbItHqfXqxX9c
request client ip:  ::ffff:127.0.0.1
request query:  {"token":"eyJhbGciOiJIUzI1NiIsInR5cCI6IkpXVCJ9.eyJkYXRhIjp7ImlkIjoiYTg2MTUyMDMtYjQyZi00OGMxLTk3YzQtYzc3OTNkZWY2NGIxIiwibmFtZSI6ImFkbWluIiwiZ2VuZGVyIjp0cnVlLCJlbWFpbCI6IjM3ODMzODYyN0BxcS5jb20ifSwiaWF0IjoxNTAwNDI5MTg0LCJleHAiOjE1MDA1MTU1ODR9.0l8NtYQ1zA2a63y2jrlL6Ro78TA1ENYbItHqfXqxX9c"}
response time: 255
response status: 200
response body: 
{"status":0,"data":{"name":"4","address":"4","minfloor":4,"maxfloor":4,"status":0,"id":"5d25aa77-b962-44ef-944a-7f09fef8f889","createdAt":1500200622996,"updatedAt":1500448409840,"version":2}}
*************** response log end ***************

[2017-07-19 15:13:30.107] [INFO] resLogger - 
*************** response log start ***************
request method: GET
request originalUrl:  /api/buildings/list?token=eyJhbGciOiJIUzI1NiIsInR5cCI6IkpXVCJ9.eyJkYXRhIjp7ImlkIjoiYTg2MTUyMDMtYjQyZi00OGMxLTk3YzQtYzc3OTNkZWY2NGIxIiwibmFtZSI6ImFkbWluIiwiZ2VuZGVyIjp0cnVlLCJlbWFpbCI6IjM3ODMzODYyN0BxcS5jb20ifSwiaWF0IjoxNTAwNDI5MTg0LCJleHAiOjE1MDA1MTU1ODR9.0l8NtYQ1zA2a63y2jrlL6Ro78TA1ENYbItHqfXqxX9c
request client ip:  ::ffff:127.0.0.1
request query:  {"token":"eyJhbGciOiJIUzI1NiIsInR5cCI6IkpXVCJ9.eyJkYXRhIjp7ImlkIjoiYTg2MTUyMDMtYjQyZi00OGMxLTk3YzQtYzc3OTNkZWY2NGIxIiwibmFtZSI6ImFkbWluIiwiZ2VuZGVyIjp0cnVlLCJlbWFpbCI6IjM3ODMzODYyN0BxcS5jb20ifSwiaWF0IjoxNTAwNDI5MTg0LCJleHAiOjE1MDA1MTU1ODR9.0l8NtYQ1zA2a63y2jrlL6Ro78TA1ENYbItHqfXqxX9c"}
response time: 93
response status: 200
response body: 
{"status":0,"data":[{"name":"3","address":"3","minfloor":1,"maxfloor":3,"status":1,"id":"964327a7-daab-4202-82bc-5f2861841332","createdAt":1499935652954,"updatedAt":1499935652954,"version":0},{"name":"2","address":"2","minfloor":2,"maxfloor":4,"status":1,"id":"74e0e1d1-fd03-4105-a7a1-56167ed64283","createdAt":1499935257098,"updatedAt":1499935257098,"version":0},{"name":"1","address":"1","minfloor":1,"maxfloor":1,"status":1,"id":"8b7ae305-e24e-4b1f-8cec-758f2e745f9e","createdAt":1499934526071,"updatedAt":1499934526071,"version":0}],"total":3}
*************** response log end ***************

[2017-07-19 15:13:36.034] [INFO] resLogger - 
*************** response log start ***************
request method: GET
request originalUrl:  /api/buildings/list?token=eyJhbGciOiJIUzI1NiIsInR5cCI6IkpXVCJ9.eyJkYXRhIjp7ImlkIjoiYTg2MTUyMDMtYjQyZi00OGMxLTk3YzQtYzc3OTNkZWY2NGIxIiwibmFtZSI6ImFkbWluIiwiZ2VuZGVyIjp0cnVlLCJlbWFpbCI6IjM3ODMzODYyN0BxcS5jb20ifSwiaWF0IjoxNTAwNDI5MTg0LCJleHAiOjE1MDA1MTU1ODR9.0l8NtYQ1zA2a63y2jrlL6Ro78TA1ENYbItHqfXqxX9c
request client ip:  ::ffff:127.0.0.1
request query:  {"token":"eyJhbGciOiJIUzI1NiIsInR5cCI6IkpXVCJ9.eyJkYXRhIjp7ImlkIjoiYTg2MTUyMDMtYjQyZi00OGMxLTk3YzQtYzc3OTNkZWY2NGIxIiwibmFtZSI6ImFkbWluIiwiZ2VuZGVyIjp0cnVlLCJlbWFpbCI6IjM3ODMzODYyN0BxcS5jb20ifSwiaWF0IjoxNTAwNDI5MTg0LCJleHAiOjE1MDA1MTU1ODR9.0l8NtYQ1zA2a63y2jrlL6Ro78TA1ENYbItHqfXqxX9c"}
response time: 89
response status: 200
response body: 
{"status":0,"data":[{"name":"3","address":"3","minfloor":1,"maxfloor":3,"status":1,"id":"964327a7-daab-4202-82bc-5f2861841332","createdAt":1499935652954,"updatedAt":1499935652954,"version":0},{"name":"2","address":"2","minfloor":2,"maxfloor":4,"status":1,"id":"74e0e1d1-fd03-4105-a7a1-56167ed64283","createdAt":1499935257098,"updatedAt":1499935257098,"version":0},{"name":"1","address":"1","minfloor":1,"maxfloor":1,"status":1,"id":"8b7ae305-e24e-4b1f-8cec-758f2e745f9e","createdAt":1499934526071,"updatedAt":1499934526071,"version":0}],"total":3}
*************** response log end ***************

[2017-07-19 15:19:28.506] [INFO] resLogger - 
*************** response log start ***************
request method: GET
request originalUrl:  /api/user/?token=eyJhbGciOiJIUzI1NiIsInR5cCI6IkpXVCJ9.eyJkYXRhIjp7ImlkIjoiYTg2MTUyMDMtYjQyZi00OGMxLTk3YzQtYzc3OTNkZWY2NGIxIiwibmFtZSI6ImFkbWluIiwiZ2VuZGVyIjp0cnVlLCJlbWFpbCI6IjM3ODMzODYyN0BxcS5jb20ifSwiaWF0IjoxNTAwNDI5MTg0LCJleHAiOjE1MDA1MTU1ODR9.0l8NtYQ1zA2a63y2jrlL6Ro78TA1ENYbItHqfXqxX9c
request client ip:  ::ffff:127.0.0.1
request query:  {"token":"eyJhbGciOiJIUzI1NiIsInR5cCI6IkpXVCJ9.eyJkYXRhIjp7ImlkIjoiYTg2MTUyMDMtYjQyZi00OGMxLTk3YzQtYzc3OTNkZWY2NGIxIiwibmFtZSI6ImFkbWluIiwiZ2VuZGVyIjp0cnVlLCJlbWFpbCI6IjM3ODMzODYyN0BxcS5jb20ifSwiaWF0IjoxNTAwNDI5MTg0LCJleHAiOjE1MDA1MTU1ODR9.0l8NtYQ1zA2a63y2jrlL6Ro78TA1ENYbItHqfXqxX9c"}
response time: 274
response status: 200
response body: 
{"status":0,"data":{"name":"admin","email":"378338627@qq.com","password":"$2a$10$xmgJzl6FH05MXqtHAwT8ieXHc.8A.B.PBX.cv16LPt.5q9w08CrhK","gender":true,"token":"eyJhbGciOiJIUzI1NiIsInR5cCI6IkpXVCJ9.eyJkYXRhIjp7ImlkIjoiYTg2MTUyMDMtYjQyZi00OGMxLTk3YzQtYzc3OTNkZWY2NGIxIiwibmFtZSI6ImFkbWluIiwiZ2VuZGVyIjp0cnVlLCJlbWFpbCI6IjM3ODMzODYyN0BxcS5jb20ifSwiaWF0IjoxNTAwNDI5MTg0LCJleHAiOjE1MDA1MTU1ODR9.0l8NtYQ1zA2a63y2jrlL6Ro78TA1ENYbItHqfXqxX9c","id":"a8615203-b42f-48c1-97c4-c7793def64b1","createdAt":1499934432149,"updatedAt":1499934432149,"version":0}}
*************** response log end ***************

[2017-07-19 15:19:29.030] [INFO] resLogger - 
*************** response log start ***************
request method: GET
request originalUrl:  /api/buildings/list/page/1?token=eyJhbGciOiJIUzI1NiIsInR5cCI6IkpXVCJ9.eyJkYXRhIjp7ImlkIjoiYTg2MTUyMDMtYjQyZi00OGMxLTk3YzQtYzc3OTNkZWY2NGIxIiwibmFtZSI6ImFkbWluIiwiZ2VuZGVyIjp0cnVlLCJlbWFpbCI6IjM3ODMzODYyN0BxcS5jb20ifSwiaWF0IjoxNTAwNDI5MTg0LCJleHAiOjE1MDA1MTU1ODR9.0l8NtYQ1zA2a63y2jrlL6Ro78TA1ENYbItHqfXqxX9c
request client ip:  ::ffff:127.0.0.1
request query:  {"token":"eyJhbGciOiJIUzI1NiIsInR5cCI6IkpXVCJ9.eyJkYXRhIjp7ImlkIjoiYTg2MTUyMDMtYjQyZi00OGMxLTk3YzQtYzc3OTNkZWY2NGIxIiwibmFtZSI6ImFkbWluIiwiZ2VuZGVyIjp0cnVlLCJlbWFpbCI6IjM3ODMzODYyN0BxcS5jb20ifSwiaWF0IjoxNTAwNDI5MTg0LCJleHAiOjE1MDA1MTU1ODR9.0l8NtYQ1zA2a63y2jrlL6Ro78TA1ENYbItHqfXqxX9c"}
response time: 234
response status: 200
response body: 
{"status":0,"data":[{"name":"3","address":"3","minfloor":1,"maxfloor":3,"status":1,"id":"964327a7-daab-4202-82bc-5f2861841332","createdAt":1499935652954,"updatedAt":1499935652954,"version":0},{"name":"2","address":"2","minfloor":2,"maxfloor":4,"status":1,"id":"74e0e1d1-fd03-4105-a7a1-56167ed64283","createdAt":1499935257098,"updatedAt":1499935257098,"version":0},{"name":"1","address":"1","minfloor":1,"maxfloor":1,"status":1,"id":"8b7ae305-e24e-4b1f-8cec-758f2e745f9e","createdAt":1499934526071,"updatedAt":1499934526071,"version":0}],"total":3}
*************** response log end ***************

[2017-07-19 15:19:44.519] [INFO] resLogger - 
*************** response log start ***************
request method: GET
request originalUrl:  /api/user/?token=eyJhbGciOiJIUzI1NiIsInR5cCI6IkpXVCJ9.eyJkYXRhIjp7ImlkIjoiYTg2MTUyMDMtYjQyZi00OGMxLTk3YzQtYzc3OTNkZWY2NGIxIiwibmFtZSI6ImFkbWluIiwiZ2VuZGVyIjp0cnVlLCJlbWFpbCI6IjM3ODMzODYyN0BxcS5jb20ifSwiaWF0IjoxNTAwNDI5MTg0LCJleHAiOjE1MDA1MTU1ODR9.0l8NtYQ1zA2a63y2jrlL6Ro78TA1ENYbItHqfXqxX9c
request client ip:  ::ffff:127.0.0.1
request query:  {"token":"eyJhbGciOiJIUzI1NiIsInR5cCI6IkpXVCJ9.eyJkYXRhIjp7ImlkIjoiYTg2MTUyMDMtYjQyZi00OGMxLTk3YzQtYzc3OTNkZWY2NGIxIiwibmFtZSI6ImFkbWluIiwiZ2VuZGVyIjp0cnVlLCJlbWFpbCI6IjM3ODMzODYyN0BxcS5jb20ifSwiaWF0IjoxNTAwNDI5MTg0LCJleHAiOjE1MDA1MTU1ODR9.0l8NtYQ1zA2a63y2jrlL6Ro78TA1ENYbItHqfXqxX9c"}
response time: 123
response status: 200
response body: 
{"status":0,"data":{"name":"admin","email":"378338627@qq.com","password":"$2a$10$xmgJzl6FH05MXqtHAwT8ieXHc.8A.B.PBX.cv16LPt.5q9w08CrhK","gender":true,"token":"eyJhbGciOiJIUzI1NiIsInR5cCI6IkpXVCJ9.eyJkYXRhIjp7ImlkIjoiYTg2MTUyMDMtYjQyZi00OGMxLTk3YzQtYzc3OTNkZWY2NGIxIiwibmFtZSI6ImFkbWluIiwiZ2VuZGVyIjp0cnVlLCJlbWFpbCI6IjM3ODMzODYyN0BxcS5jb20ifSwiaWF0IjoxNTAwNDI5MTg0LCJleHAiOjE1MDA1MTU1ODR9.0l8NtYQ1zA2a63y2jrlL6Ro78TA1ENYbItHqfXqxX9c","id":"a8615203-b42f-48c1-97c4-c7793def64b1","createdAt":1499934432149,"updatedAt":1499934432149,"version":0}}
*************** response log end ***************

[2017-07-19 15:19:45.121] [INFO] resLogger - 
*************** response log start ***************
request method: GET
request originalUrl:  /api/buildings/list/page/1?token=eyJhbGciOiJIUzI1NiIsInR5cCI6IkpXVCJ9.eyJkYXRhIjp7ImlkIjoiYTg2MTUyMDMtYjQyZi00OGMxLTk3YzQtYzc3OTNkZWY2NGIxIiwibmFtZSI6ImFkbWluIiwiZ2VuZGVyIjp0cnVlLCJlbWFpbCI6IjM3ODMzODYyN0BxcS5jb20ifSwiaWF0IjoxNTAwNDI5MTg0LCJleHAiOjE1MDA1MTU1ODR9.0l8NtYQ1zA2a63y2jrlL6Ro78TA1ENYbItHqfXqxX9c
request client ip:  ::ffff:127.0.0.1
request query:  {"token":"eyJhbGciOiJIUzI1NiIsInR5cCI6IkpXVCJ9.eyJkYXRhIjp7ImlkIjoiYTg2MTUyMDMtYjQyZi00OGMxLTk3YzQtYzc3OTNkZWY2NGIxIiwibmFtZSI6ImFkbWluIiwiZ2VuZGVyIjp0cnVlLCJlbWFpbCI6IjM3ODMzODYyN0BxcS5jb20ifSwiaWF0IjoxNTAwNDI5MTg0LCJleHAiOjE1MDA1MTU1ODR9.0l8NtYQ1zA2a63y2jrlL6Ro78TA1ENYbItHqfXqxX9c"}
response time: 407
response status: 200
response body: 
{"status":0,"data":[{"name":"3","address":"3","minfloor":1,"maxfloor":3,"status":1,"id":"964327a7-daab-4202-82bc-5f2861841332","createdAt":1499935652954,"updatedAt":1499935652954,"version":0},{"name":"2","address":"2","minfloor":2,"maxfloor":4,"status":1,"id":"74e0e1d1-fd03-4105-a7a1-56167ed64283","createdAt":1499935257098,"updatedAt":1499935257098,"version":0},{"name":"1","address":"1","minfloor":1,"maxfloor":1,"status":1,"id":"8b7ae305-e24e-4b1f-8cec-758f2e745f9e","createdAt":1499934526071,"updatedAt":1499934526071,"version":0}],"total":3}
*************** response log end ***************

[2017-07-19 15:25:24.718] [INFO] resLogger - 
*************** response log start ***************
request method: GET
request originalUrl:  /api/user/?token=eyJhbGciOiJIUzI1NiIsInR5cCI6IkpXVCJ9.eyJkYXRhIjp7ImlkIjoiYTg2MTUyMDMtYjQyZi00OGMxLTk3YzQtYzc3OTNkZWY2NGIxIiwibmFtZSI6ImFkbWluIiwiZ2VuZGVyIjp0cnVlLCJlbWFpbCI6IjM3ODMzODYyN0BxcS5jb20ifSwiaWF0IjoxNTAwNDI5MTg0LCJleHAiOjE1MDA1MTU1ODR9.0l8NtYQ1zA2a63y2jrlL6Ro78TA1ENYbItHqfXqxX9c
request client ip:  ::ffff:127.0.0.1
request query:  {"token":"eyJhbGciOiJIUzI1NiIsInR5cCI6IkpXVCJ9.eyJkYXRhIjp7ImlkIjoiYTg2MTUyMDMtYjQyZi00OGMxLTk3YzQtYzc3OTNkZWY2NGIxIiwibmFtZSI6ImFkbWluIiwiZ2VuZGVyIjp0cnVlLCJlbWFpbCI6IjM3ODMzODYyN0BxcS5jb20ifSwiaWF0IjoxNTAwNDI5MTg0LCJleHAiOjE1MDA1MTU1ODR9.0l8NtYQ1zA2a63y2jrlL6Ro78TA1ENYbItHqfXqxX9c"}
response time: 245
response status: 200
response body: 
{"status":0,"data":{"name":"admin","email":"378338627@qq.com","password":"$2a$10$xmgJzl6FH05MXqtHAwT8ieXHc.8A.B.PBX.cv16LPt.5q9w08CrhK","gender":true,"token":"eyJhbGciOiJIUzI1NiIsInR5cCI6IkpXVCJ9.eyJkYXRhIjp7ImlkIjoiYTg2MTUyMDMtYjQyZi00OGMxLTk3YzQtYzc3OTNkZWY2NGIxIiwibmFtZSI6ImFkbWluIiwiZ2VuZGVyIjp0cnVlLCJlbWFpbCI6IjM3ODMzODYyN0BxcS5jb20ifSwiaWF0IjoxNTAwNDI5MTg0LCJleHAiOjE1MDA1MTU1ODR9.0l8NtYQ1zA2a63y2jrlL6Ro78TA1ENYbItHqfXqxX9c","id":"a8615203-b42f-48c1-97c4-c7793def64b1","createdAt":1499934432149,"updatedAt":1499934432149,"version":0}}
*************** response log end ***************

[2017-07-19 15:25:25.140] [INFO] resLogger - 
*************** response log start ***************
request method: GET
request originalUrl:  /api/buildings/list/page/1?token=eyJhbGciOiJIUzI1NiIsInR5cCI6IkpXVCJ9.eyJkYXRhIjp7ImlkIjoiYTg2MTUyMDMtYjQyZi00OGMxLTk3YzQtYzc3OTNkZWY2NGIxIiwibmFtZSI6ImFkbWluIiwiZ2VuZGVyIjp0cnVlLCJlbWFpbCI6IjM3ODMzODYyN0BxcS5jb20ifSwiaWF0IjoxNTAwNDI5MTg0LCJleHAiOjE1MDA1MTU1ODR9.0l8NtYQ1zA2a63y2jrlL6Ro78TA1ENYbItHqfXqxX9c
request client ip:  ::ffff:127.0.0.1
request query:  {"token":"eyJhbGciOiJIUzI1NiIsInR5cCI6IkpXVCJ9.eyJkYXRhIjp7ImlkIjoiYTg2MTUyMDMtYjQyZi00OGMxLTk3YzQtYzc3OTNkZWY2NGIxIiwibmFtZSI6ImFkbWluIiwiZ2VuZGVyIjp0cnVlLCJlbWFpbCI6IjM3ODMzODYyN0BxcS5jb20ifSwiaWF0IjoxNTAwNDI5MTg0LCJleHAiOjE1MDA1MTU1ODR9.0l8NtYQ1zA2a63y2jrlL6Ro78TA1ENYbItHqfXqxX9c"}
response time: 262
response status: 200
response body: 
{"status":0,"data":[{"name":"3","address":"3","minfloor":1,"maxfloor":3,"status":1,"id":"964327a7-daab-4202-82bc-5f2861841332","createdAt":1499935652954,"updatedAt":1499935652954,"version":0},{"name":"2","address":"2","minfloor":2,"maxfloor":4,"status":1,"id":"74e0e1d1-fd03-4105-a7a1-56167ed64283","createdAt":1499935257098,"updatedAt":1499935257098,"version":0},{"name":"1","address":"1","minfloor":1,"maxfloor":1,"status":1,"id":"8b7ae305-e24e-4b1f-8cec-758f2e745f9e","createdAt":1499934526071,"updatedAt":1499934526071,"version":0}],"total":3}
*************** response log end ***************

[2017-07-19 15:32:01.663] [INFO] resLogger - 
*************** response log start ***************
request method: GET
request originalUrl:  /api/user/?token=eyJhbGciOiJIUzI1NiIsInR5cCI6IkpXVCJ9.eyJkYXRhIjp7ImlkIjoiYTg2MTUyMDMtYjQyZi00OGMxLTk3YzQtYzc3OTNkZWY2NGIxIiwibmFtZSI6ImFkbWluIiwiZ2VuZGVyIjp0cnVlLCJlbWFpbCI6IjM3ODMzODYyN0BxcS5jb20ifSwiaWF0IjoxNTAwNDI5MTg0LCJleHAiOjE1MDA1MTU1ODR9.0l8NtYQ1zA2a63y2jrlL6Ro78TA1ENYbItHqfXqxX9c
request client ip:  ::ffff:127.0.0.1
request query:  {"token":"eyJhbGciOiJIUzI1NiIsInR5cCI6IkpXVCJ9.eyJkYXRhIjp7ImlkIjoiYTg2MTUyMDMtYjQyZi00OGMxLTk3YzQtYzc3OTNkZWY2NGIxIiwibmFtZSI6ImFkbWluIiwiZ2VuZGVyIjp0cnVlLCJlbWFpbCI6IjM3ODMzODYyN0BxcS5jb20ifSwiaWF0IjoxNTAwNDI5MTg0LCJleHAiOjE1MDA1MTU1ODR9.0l8NtYQ1zA2a63y2jrlL6Ro78TA1ENYbItHqfXqxX9c"}
response time: 288
response status: 200
response body: 
{"status":0,"data":{"name":"admin","email":"378338627@qq.com","password":"$2a$10$xmgJzl6FH05MXqtHAwT8ieXHc.8A.B.PBX.cv16LPt.5q9w08CrhK","gender":true,"token":"eyJhbGciOiJIUzI1NiIsInR5cCI6IkpXVCJ9.eyJkYXRhIjp7ImlkIjoiYTg2MTUyMDMtYjQyZi00OGMxLTk3YzQtYzc3OTNkZWY2NGIxIiwibmFtZSI6ImFkbWluIiwiZ2VuZGVyIjp0cnVlLCJlbWFpbCI6IjM3ODMzODYyN0BxcS5jb20ifSwiaWF0IjoxNTAwNDI5MTg0LCJleHAiOjE1MDA1MTU1ODR9.0l8NtYQ1zA2a63y2jrlL6Ro78TA1ENYbItHqfXqxX9c","id":"a8615203-b42f-48c1-97c4-c7793def64b1","createdAt":1499934432149,"updatedAt":1499934432149,"version":0}}
*************** response log end ***************

[2017-07-19 15:32:01.894] [INFO] resLogger - 
*************** response log start ***************
request method: GET
request originalUrl:  /api/buildings/list/page/1?token=eyJhbGciOiJIUzI1NiIsInR5cCI6IkpXVCJ9.eyJkYXRhIjp7ImlkIjoiYTg2MTUyMDMtYjQyZi00OGMxLTk3YzQtYzc3OTNkZWY2NGIxIiwibmFtZSI6ImFkbWluIiwiZ2VuZGVyIjp0cnVlLCJlbWFpbCI6IjM3ODMzODYyN0BxcS5jb20ifSwiaWF0IjoxNTAwNDI5MTg0LCJleHAiOjE1MDA1MTU1ODR9.0l8NtYQ1zA2a63y2jrlL6Ro78TA1ENYbItHqfXqxX9c
request client ip:  ::ffff:127.0.0.1
request query:  {"token":"eyJhbGciOiJIUzI1NiIsInR5cCI6IkpXVCJ9.eyJkYXRhIjp7ImlkIjoiYTg2MTUyMDMtYjQyZi00OGMxLTk3YzQtYzc3OTNkZWY2NGIxIiwibmFtZSI6ImFkbWluIiwiZ2VuZGVyIjp0cnVlLCJlbWFpbCI6IjM3ODMzODYyN0BxcS5jb20ifSwiaWF0IjoxNTAwNDI5MTg0LCJleHAiOjE1MDA1MTU1ODR9.0l8NtYQ1zA2a63y2jrlL6Ro78TA1ENYbItHqfXqxX9c"}
response time: 123
response status: 200
response body: 
{"status":0,"data":[{"name":"3","address":"3","minfloor":1,"maxfloor":3,"status":1,"id":"964327a7-daab-4202-82bc-5f2861841332","createdAt":1499935652954,"updatedAt":1499935652954,"version":0},{"name":"2","address":"2","minfloor":2,"maxfloor":4,"status":1,"id":"74e0e1d1-fd03-4105-a7a1-56167ed64283","createdAt":1499935257098,"updatedAt":1499935257098,"version":0},{"name":"1","address":"1","minfloor":1,"maxfloor":1,"status":1,"id":"8b7ae305-e24e-4b1f-8cec-758f2e745f9e","createdAt":1499934526071,"updatedAt":1499934526071,"version":0}],"total":3}
*************** response log end ***************

[2017-07-19 15:33:18.635] [INFO] resLogger - 
*************** response log start ***************
request method: GET
request originalUrl:  /api/user/?token=eyJhbGciOiJIUzI1NiIsInR5cCI6IkpXVCJ9.eyJkYXRhIjp7ImlkIjoiYTg2MTUyMDMtYjQyZi00OGMxLTk3YzQtYzc3OTNkZWY2NGIxIiwibmFtZSI6ImFkbWluIiwiZ2VuZGVyIjp0cnVlLCJlbWFpbCI6IjM3ODMzODYyN0BxcS5jb20ifSwiaWF0IjoxNTAwNDI5MTg0LCJleHAiOjE1MDA1MTU1ODR9.0l8NtYQ1zA2a63y2jrlL6Ro78TA1ENYbItHqfXqxX9c
request client ip:  ::ffff:127.0.0.1
request query:  {"token":"eyJhbGciOiJIUzI1NiIsInR5cCI6IkpXVCJ9.eyJkYXRhIjp7ImlkIjoiYTg2MTUyMDMtYjQyZi00OGMxLTk3YzQtYzc3OTNkZWY2NGIxIiwibmFtZSI6ImFkbWluIiwiZ2VuZGVyIjp0cnVlLCJlbWFpbCI6IjM3ODMzODYyN0BxcS5jb20ifSwiaWF0IjoxNTAwNDI5MTg0LCJleHAiOjE1MDA1MTU1ODR9.0l8NtYQ1zA2a63y2jrlL6Ro78TA1ENYbItHqfXqxX9c"}
response time: 134
response status: 200
response body: 
{"status":0,"data":{"name":"admin","email":"378338627@qq.com","password":"$2a$10$xmgJzl6FH05MXqtHAwT8ieXHc.8A.B.PBX.cv16LPt.5q9w08CrhK","gender":true,"token":"eyJhbGciOiJIUzI1NiIsInR5cCI6IkpXVCJ9.eyJkYXRhIjp7ImlkIjoiYTg2MTUyMDMtYjQyZi00OGMxLTk3YzQtYzc3OTNkZWY2NGIxIiwibmFtZSI6ImFkbWluIiwiZ2VuZGVyIjp0cnVlLCJlbWFpbCI6IjM3ODMzODYyN0BxcS5jb20ifSwiaWF0IjoxNTAwNDI5MTg0LCJleHAiOjE1MDA1MTU1ODR9.0l8NtYQ1zA2a63y2jrlL6Ro78TA1ENYbItHqfXqxX9c","id":"a8615203-b42f-48c1-97c4-c7793def64b1","createdAt":1499934432149,"updatedAt":1499934432149,"version":0}}
*************** response log end ***************

[2017-07-19 15:33:19.065] [INFO] resLogger - 
*************** response log start ***************
request method: GET
request originalUrl:  /api/buildings/list/page/1?token=eyJhbGciOiJIUzI1NiIsInR5cCI6IkpXVCJ9.eyJkYXRhIjp7ImlkIjoiYTg2MTUyMDMtYjQyZi00OGMxLTk3YzQtYzc3OTNkZWY2NGIxIiwibmFtZSI6ImFkbWluIiwiZ2VuZGVyIjp0cnVlLCJlbWFpbCI6IjM3ODMzODYyN0BxcS5jb20ifSwiaWF0IjoxNTAwNDI5MTg0LCJleHAiOjE1MDA1MTU1ODR9.0l8NtYQ1zA2a63y2jrlL6Ro78TA1ENYbItHqfXqxX9c
request client ip:  ::ffff:127.0.0.1
request query:  {"token":"eyJhbGciOiJIUzI1NiIsInR5cCI6IkpXVCJ9.eyJkYXRhIjp7ImlkIjoiYTg2MTUyMDMtYjQyZi00OGMxLTk3YzQtYzc3OTNkZWY2NGIxIiwibmFtZSI6ImFkbWluIiwiZ2VuZGVyIjp0cnVlLCJlbWFpbCI6IjM3ODMzODYyN0BxcS5jb20ifSwiaWF0IjoxNTAwNDI5MTg0LCJleHAiOjE1MDA1MTU1ODR9.0l8NtYQ1zA2a63y2jrlL6Ro78TA1ENYbItHqfXqxX9c"}
response time: 320
response status: 200
response body: 
{"status":0,"data":[{"name":"3","address":"3","minfloor":1,"maxfloor":3,"status":1,"id":"964327a7-daab-4202-82bc-5f2861841332","createdAt":1499935652954,"updatedAt":1499935652954,"version":0},{"name":"2","address":"2","minfloor":2,"maxfloor":4,"status":1,"id":"74e0e1d1-fd03-4105-a7a1-56167ed64283","createdAt":1499935257098,"updatedAt":1499935257098,"version":0},{"name":"1","address":"1","minfloor":1,"maxfloor":1,"status":1,"id":"8b7ae305-e24e-4b1f-8cec-758f2e745f9e","createdAt":1499934526071,"updatedAt":1499934526071,"version":0}],"total":3}
*************** response log end ***************

[2017-07-19 15:34:31.012] [INFO] resLogger - 
*************** response log start ***************
request method: GET
request originalUrl:  /api/user/?token=eyJhbGciOiJIUzI1NiIsInR5cCI6IkpXVCJ9.eyJkYXRhIjp7ImlkIjoiYTg2MTUyMDMtYjQyZi00OGMxLTk3YzQtYzc3OTNkZWY2NGIxIiwibmFtZSI6ImFkbWluIiwiZ2VuZGVyIjp0cnVlLCJlbWFpbCI6IjM3ODMzODYyN0BxcS5jb20ifSwiaWF0IjoxNTAwNDI5MTg0LCJleHAiOjE1MDA1MTU1ODR9.0l8NtYQ1zA2a63y2jrlL6Ro78TA1ENYbItHqfXqxX9c
request client ip:  ::ffff:127.0.0.1
request query:  {"token":"eyJhbGciOiJIUzI1NiIsInR5cCI6IkpXVCJ9.eyJkYXRhIjp7ImlkIjoiYTg2MTUyMDMtYjQyZi00OGMxLTk3YzQtYzc3OTNkZWY2NGIxIiwibmFtZSI6ImFkbWluIiwiZ2VuZGVyIjp0cnVlLCJlbWFpbCI6IjM3ODMzODYyN0BxcS5jb20ifSwiaWF0IjoxNTAwNDI5MTg0LCJleHAiOjE1MDA1MTU1ODR9.0l8NtYQ1zA2a63y2jrlL6Ro78TA1ENYbItHqfXqxX9c"}
response time: 129
response status: 200
response body: 
{"status":0,"data":{"name":"admin","email":"378338627@qq.com","password":"$2a$10$xmgJzl6FH05MXqtHAwT8ieXHc.8A.B.PBX.cv16LPt.5q9w08CrhK","gender":true,"token":"eyJhbGciOiJIUzI1NiIsInR5cCI6IkpXVCJ9.eyJkYXRhIjp7ImlkIjoiYTg2MTUyMDMtYjQyZi00OGMxLTk3YzQtYzc3OTNkZWY2NGIxIiwibmFtZSI6ImFkbWluIiwiZ2VuZGVyIjp0cnVlLCJlbWFpbCI6IjM3ODMzODYyN0BxcS5jb20ifSwiaWF0IjoxNTAwNDI5MTg0LCJleHAiOjE1MDA1MTU1ODR9.0l8NtYQ1zA2a63y2jrlL6Ro78TA1ENYbItHqfXqxX9c","id":"a8615203-b42f-48c1-97c4-c7793def64b1","createdAt":1499934432149,"updatedAt":1499934432149,"version":0}}
*************** response log end ***************

[2017-07-19 15:34:41.201] [INFO] resLogger - 
*************** response log start ***************
request method: GET
request originalUrl:  /api/buildings/list/page/1?token=eyJhbGciOiJIUzI1NiIsInR5cCI6IkpXVCJ9.eyJkYXRhIjp7ImlkIjoiYTg2MTUyMDMtYjQyZi00OGMxLTk3YzQtYzc3OTNkZWY2NGIxIiwibmFtZSI6ImFkbWluIiwiZ2VuZGVyIjp0cnVlLCJlbWFpbCI6IjM3ODMzODYyN0BxcS5jb20ifSwiaWF0IjoxNTAwNDI5MTg0LCJleHAiOjE1MDA1MTU1ODR9.0l8NtYQ1zA2a63y2jrlL6Ro78TA1ENYbItHqfXqxX9c
request client ip:  ::ffff:127.0.0.1
request query:  {"token":"eyJhbGciOiJIUzI1NiIsInR5cCI6IkpXVCJ9.eyJkYXRhIjp7ImlkIjoiYTg2MTUyMDMtYjQyZi00OGMxLTk3YzQtYzc3OTNkZWY2NGIxIiwibmFtZSI6ImFkbWluIiwiZ2VuZGVyIjp0cnVlLCJlbWFpbCI6IjM3ODMzODYyN0BxcS5jb20ifSwiaWF0IjoxNTAwNDI5MTg0LCJleHAiOjE1MDA1MTU1ODR9.0l8NtYQ1zA2a63y2jrlL6Ro78TA1ENYbItHqfXqxX9c"}
response time: 76
response status: 200
response body: 
{"status":0,"data":[{"name":"3","address":"3","minfloor":1,"maxfloor":3,"status":1,"id":"964327a7-daab-4202-82bc-5f2861841332","createdAt":1499935652954,"updatedAt":1499935652954,"version":0},{"name":"2","address":"2","minfloor":2,"maxfloor":4,"status":1,"id":"74e0e1d1-fd03-4105-a7a1-56167ed64283","createdAt":1499935257098,"updatedAt":1499935257098,"version":0},{"name":"1","address":"1","minfloor":1,"maxfloor":1,"status":1,"id":"8b7ae305-e24e-4b1f-8cec-758f2e745f9e","createdAt":1499934526071,"updatedAt":1499934526071,"version":0}],"total":3}
*************** response log end ***************

[2017-07-19 15:41:16.148] [INFO] resLogger - 
*************** response log start ***************
request method: GET
request originalUrl:  /api/user/?token=eyJhbGciOiJIUzI1NiIsInR5cCI6IkpXVCJ9.eyJkYXRhIjp7ImlkIjoiYTg2MTUyMDMtYjQyZi00OGMxLTk3YzQtYzc3OTNkZWY2NGIxIiwibmFtZSI6ImFkbWluIiwiZ2VuZGVyIjp0cnVlLCJlbWFpbCI6IjM3ODMzODYyN0BxcS5jb20ifSwiaWF0IjoxNTAwNDI5MTg0LCJleHAiOjE1MDA1MTU1ODR9.0l8NtYQ1zA2a63y2jrlL6Ro78TA1ENYbItHqfXqxX9c
request client ip:  ::ffff:127.0.0.1
request query:  {"token":"eyJhbGciOiJIUzI1NiIsInR5cCI6IkpXVCJ9.eyJkYXRhIjp7ImlkIjoiYTg2MTUyMDMtYjQyZi00OGMxLTk3YzQtYzc3OTNkZWY2NGIxIiwibmFtZSI6ImFkbWluIiwiZ2VuZGVyIjp0cnVlLCJlbWFpbCI6IjM3ODMzODYyN0BxcS5jb20ifSwiaWF0IjoxNTAwNDI5MTg0LCJleHAiOjE1MDA1MTU1ODR9.0l8NtYQ1zA2a63y2jrlL6Ro78TA1ENYbItHqfXqxX9c"}
response time: 147
response status: 200
response body: 
{"status":0,"data":{"name":"admin","email":"378338627@qq.com","password":"$2a$10$xmgJzl6FH05MXqtHAwT8ieXHc.8A.B.PBX.cv16LPt.5q9w08CrhK","gender":true,"token":"eyJhbGciOiJIUzI1NiIsInR5cCI6IkpXVCJ9.eyJkYXRhIjp7ImlkIjoiYTg2MTUyMDMtYjQyZi00OGMxLTk3YzQtYzc3OTNkZWY2NGIxIiwibmFtZSI6ImFkbWluIiwiZ2VuZGVyIjp0cnVlLCJlbWFpbCI6IjM3ODMzODYyN0BxcS5jb20ifSwiaWF0IjoxNTAwNDI5MTg0LCJleHAiOjE1MDA1MTU1ODR9.0l8NtYQ1zA2a63y2jrlL6Ro78TA1ENYbItHqfXqxX9c","id":"a8615203-b42f-48c1-97c4-c7793def64b1","createdAt":1499934432149,"updatedAt":1499934432149,"version":0}}
*************** response log end ***************

[2017-07-19 15:41:27.352] [INFO] resLogger - 
*************** response log start ***************
request method: GET
request originalUrl:  /api/buildings/list/page/1?token=eyJhbGciOiJIUzI1NiIsInR5cCI6IkpXVCJ9.eyJkYXRhIjp7ImlkIjoiYTg2MTUyMDMtYjQyZi00OGMxLTk3YzQtYzc3OTNkZWY2NGIxIiwibmFtZSI6ImFkbWluIiwiZ2VuZGVyIjp0cnVlLCJlbWFpbCI6IjM3ODMzODYyN0BxcS5jb20ifSwiaWF0IjoxNTAwNDI5MTg0LCJleHAiOjE1MDA1MTU1ODR9.0l8NtYQ1zA2a63y2jrlL6Ro78TA1ENYbItHqfXqxX9c
request client ip:  ::ffff:127.0.0.1
request query:  {"token":"eyJhbGciOiJIUzI1NiIsInR5cCI6IkpXVCJ9.eyJkYXRhIjp7ImlkIjoiYTg2MTUyMDMtYjQyZi00OGMxLTk3YzQtYzc3OTNkZWY2NGIxIiwibmFtZSI6ImFkbWluIiwiZ2VuZGVyIjp0cnVlLCJlbWFpbCI6IjM3ODMzODYyN0BxcS5jb20ifSwiaWF0IjoxNTAwNDI5MTg0LCJleHAiOjE1MDA1MTU1ODR9.0l8NtYQ1zA2a63y2jrlL6Ro78TA1ENYbItHqfXqxX9c"}
response time: 234
response status: 200
response body: 
{"status":0,"data":[{"name":"3","address":"3","minfloor":1,"maxfloor":3,"status":1,"id":"964327a7-daab-4202-82bc-5f2861841332","createdAt":1499935652954,"updatedAt":1499935652954,"version":0},{"name":"2","address":"2","minfloor":2,"maxfloor":4,"status":1,"id":"74e0e1d1-fd03-4105-a7a1-56167ed64283","createdAt":1499935257098,"updatedAt":1499935257098,"version":0},{"name":"1","address":"1","minfloor":1,"maxfloor":1,"status":1,"id":"8b7ae305-e24e-4b1f-8cec-758f2e745f9e","createdAt":1499934526071,"updatedAt":1499934526071,"version":0}],"total":3}
*************** response log end ***************

[2017-07-19 15:41:55.372] [INFO] resLogger - 
*************** response log start ***************
request method: GET
request originalUrl:  /api/user/?token=eyJhbGciOiJIUzI1NiIsInR5cCI6IkpXVCJ9.eyJkYXRhIjp7ImlkIjoiYTg2MTUyMDMtYjQyZi00OGMxLTk3YzQtYzc3OTNkZWY2NGIxIiwibmFtZSI6ImFkbWluIiwiZ2VuZGVyIjp0cnVlLCJlbWFpbCI6IjM3ODMzODYyN0BxcS5jb20ifSwiaWF0IjoxNTAwNDI5MTg0LCJleHAiOjE1MDA1MTU1ODR9.0l8NtYQ1zA2a63y2jrlL6Ro78TA1ENYbItHqfXqxX9c
request client ip:  ::ffff:127.0.0.1
request query:  {"token":"eyJhbGciOiJIUzI1NiIsInR5cCI6IkpXVCJ9.eyJkYXRhIjp7ImlkIjoiYTg2MTUyMDMtYjQyZi00OGMxLTk3YzQtYzc3OTNkZWY2NGIxIiwibmFtZSI6ImFkbWluIiwiZ2VuZGVyIjp0cnVlLCJlbWFpbCI6IjM3ODMzODYyN0BxcS5jb20ifSwiaWF0IjoxNTAwNDI5MTg0LCJleHAiOjE1MDA1MTU1ODR9.0l8NtYQ1zA2a63y2jrlL6Ro78TA1ENYbItHqfXqxX9c"}
response time: 139
response status: 200
response body: 
{"status":0,"data":{"name":"admin","email":"378338627@qq.com","password":"$2a$10$xmgJzl6FH05MXqtHAwT8ieXHc.8A.B.PBX.cv16LPt.5q9w08CrhK","gender":true,"token":"eyJhbGciOiJIUzI1NiIsInR5cCI6IkpXVCJ9.eyJkYXRhIjp7ImlkIjoiYTg2MTUyMDMtYjQyZi00OGMxLTk3YzQtYzc3OTNkZWY2NGIxIiwibmFtZSI6ImFkbWluIiwiZ2VuZGVyIjp0cnVlLCJlbWFpbCI6IjM3ODMzODYyN0BxcS5jb20ifSwiaWF0IjoxNTAwNDI5MTg0LCJleHAiOjE1MDA1MTU1ODR9.0l8NtYQ1zA2a63y2jrlL6Ro78TA1ENYbItHqfXqxX9c","id":"a8615203-b42f-48c1-97c4-c7793def64b1","createdAt":1499934432149,"updatedAt":1499934432149,"version":0}}
*************** response log end ***************

[2017-07-19 15:42:05.610] [INFO] resLogger - 
*************** response log start ***************
request method: GET
request originalUrl:  /api/buildings/list/page/1?token=eyJhbGciOiJIUzI1NiIsInR5cCI6IkpXVCJ9.eyJkYXRhIjp7ImlkIjoiYTg2MTUyMDMtYjQyZi00OGMxLTk3YzQtYzc3OTNkZWY2NGIxIiwibmFtZSI6ImFkbWluIiwiZ2VuZGVyIjp0cnVlLCJlbWFpbCI6IjM3ODMzODYyN0BxcS5jb20ifSwiaWF0IjoxNTAwNDI5MTg0LCJleHAiOjE1MDA1MTU1ODR9.0l8NtYQ1zA2a63y2jrlL6Ro78TA1ENYbItHqfXqxX9c
request client ip:  ::ffff:127.0.0.1
request query:  {"token":"eyJhbGciOiJIUzI1NiIsInR5cCI6IkpXVCJ9.eyJkYXRhIjp7ImlkIjoiYTg2MTUyMDMtYjQyZi00OGMxLTk3YzQtYzc3OTNkZWY2NGIxIiwibmFtZSI6ImFkbWluIiwiZ2VuZGVyIjp0cnVlLCJlbWFpbCI6IjM3ODMzODYyN0BxcS5jb20ifSwiaWF0IjoxNTAwNDI5MTg0LCJleHAiOjE1MDA1MTU1ODR9.0l8NtYQ1zA2a63y2jrlL6Ro78TA1ENYbItHqfXqxX9c"}
response time: 116
response status: 200
response body: 
{"status":0,"data":[{"name":"3","address":"3","minfloor":1,"maxfloor":3,"status":1,"id":"964327a7-daab-4202-82bc-5f2861841332","createdAt":1499935652954,"updatedAt":1499935652954,"version":0},{"name":"2","address":"2","minfloor":2,"maxfloor":4,"status":1,"id":"74e0e1d1-fd03-4105-a7a1-56167ed64283","createdAt":1499935257098,"updatedAt":1499935257098,"version":0},{"name":"1","address":"1","minfloor":1,"maxfloor":1,"status":1,"id":"8b7ae305-e24e-4b1f-8cec-758f2e745f9e","createdAt":1499934526071,"updatedAt":1499934526071,"version":0}],"total":3}
*************** response log end ***************

[2017-07-19 15:42:25.001] [INFO] resLogger - 
*************** response log start ***************
request method: GET
request originalUrl:  /api/buildings/list?token=eyJhbGciOiJIUzI1NiIsInR5cCI6IkpXVCJ9.eyJkYXRhIjp7ImlkIjoiYTg2MTUyMDMtYjQyZi00OGMxLTk3YzQtYzc3OTNkZWY2NGIxIiwibmFtZSI6ImFkbWluIiwiZ2VuZGVyIjp0cnVlLCJlbWFpbCI6IjM3ODMzODYyN0BxcS5jb20ifSwiaWF0IjoxNTAwNDI5MTg0LCJleHAiOjE1MDA1MTU1ODR9.0l8NtYQ1zA2a63y2jrlL6Ro78TA1ENYbItHqfXqxX9c
request client ip:  ::ffff:127.0.0.1
request query:  {"token":"eyJhbGciOiJIUzI1NiIsInR5cCI6IkpXVCJ9.eyJkYXRhIjp7ImlkIjoiYTg2MTUyMDMtYjQyZi00OGMxLTk3YzQtYzc3OTNkZWY2NGIxIiwibmFtZSI6ImFkbWluIiwiZ2VuZGVyIjp0cnVlLCJlbWFpbCI6IjM3ODMzODYyN0BxcS5jb20ifSwiaWF0IjoxNTAwNDI5MTg0LCJleHAiOjE1MDA1MTU1ODR9.0l8NtYQ1zA2a63y2jrlL6Ro78TA1ENYbItHqfXqxX9c"}
response time: 97
response status: 200
response body: 
{"status":0,"data":[{"name":"3","address":"3","minfloor":1,"maxfloor":3,"status":1,"id":"964327a7-daab-4202-82bc-5f2861841332","createdAt":1499935652954,"updatedAt":1499935652954,"version":0},{"name":"2","address":"2","minfloor":2,"maxfloor":4,"status":1,"id":"74e0e1d1-fd03-4105-a7a1-56167ed64283","createdAt":1499935257098,"updatedAt":1499935257098,"version":0},{"name":"1","address":"1","minfloor":1,"maxfloor":1,"status":1,"id":"8b7ae305-e24e-4b1f-8cec-758f2e745f9e","createdAt":1499934526071,"updatedAt":1499934526071,"version":0}],"total":3}
*************** response log end ***************

[2017-07-19 15:43:32.057] [INFO] resLogger - 
*************** response log start ***************
request method: GET
request originalUrl:  /api/user/?token=eyJhbGciOiJIUzI1NiIsInR5cCI6IkpXVCJ9.eyJkYXRhIjp7ImlkIjoiYTg2MTUyMDMtYjQyZi00OGMxLTk3YzQtYzc3OTNkZWY2NGIxIiwibmFtZSI6ImFkbWluIiwiZ2VuZGVyIjp0cnVlLCJlbWFpbCI6IjM3ODMzODYyN0BxcS5jb20ifSwiaWF0IjoxNTAwNDI5MTg0LCJleHAiOjE1MDA1MTU1ODR9.0l8NtYQ1zA2a63y2jrlL6Ro78TA1ENYbItHqfXqxX9c
request client ip:  ::ffff:127.0.0.1
request query:  {"token":"eyJhbGciOiJIUzI1NiIsInR5cCI6IkpXVCJ9.eyJkYXRhIjp7ImlkIjoiYTg2MTUyMDMtYjQyZi00OGMxLTk3YzQtYzc3OTNkZWY2NGIxIiwibmFtZSI6ImFkbWluIiwiZ2VuZGVyIjp0cnVlLCJlbWFpbCI6IjM3ODMzODYyN0BxcS5jb20ifSwiaWF0IjoxNTAwNDI5MTg0LCJleHAiOjE1MDA1MTU1ODR9.0l8NtYQ1zA2a63y2jrlL6Ro78TA1ENYbItHqfXqxX9c"}
response time: 138
response status: 200
response body: 
{"status":0,"data":{"name":"admin","email":"378338627@qq.com","password":"$2a$10$xmgJzl6FH05MXqtHAwT8ieXHc.8A.B.PBX.cv16LPt.5q9w08CrhK","gender":true,"token":"eyJhbGciOiJIUzI1NiIsInR5cCI6IkpXVCJ9.eyJkYXRhIjp7ImlkIjoiYTg2MTUyMDMtYjQyZi00OGMxLTk3YzQtYzc3OTNkZWY2NGIxIiwibmFtZSI6ImFkbWluIiwiZ2VuZGVyIjp0cnVlLCJlbWFpbCI6IjM3ODMzODYyN0BxcS5jb20ifSwiaWF0IjoxNTAwNDI5MTg0LCJleHAiOjE1MDA1MTU1ODR9.0l8NtYQ1zA2a63y2jrlL6Ro78TA1ENYbItHqfXqxX9c","id":"a8615203-b42f-48c1-97c4-c7793def64b1","createdAt":1499934432149,"updatedAt":1499934432149,"version":0}}
*************** response log end ***************

[2017-07-19 15:43:42.255] [INFO] resLogger - 
*************** response log start ***************
request method: GET
request originalUrl:  /api/buildings/list/page/1?token=eyJhbGciOiJIUzI1NiIsInR5cCI6IkpXVCJ9.eyJkYXRhIjp7ImlkIjoiYTg2MTUyMDMtYjQyZi00OGMxLTk3YzQtYzc3OTNkZWY2NGIxIiwibmFtZSI6ImFkbWluIiwiZ2VuZGVyIjp0cnVlLCJlbWFpbCI6IjM3ODMzODYyN0BxcS5jb20ifSwiaWF0IjoxNTAwNDI5MTg0LCJleHAiOjE1MDA1MTU1ODR9.0l8NtYQ1zA2a63y2jrlL6Ro78TA1ENYbItHqfXqxX9c
request client ip:  ::ffff:127.0.0.1
request query:  {"token":"eyJhbGciOiJIUzI1NiIsInR5cCI6IkpXVCJ9.eyJkYXRhIjp7ImlkIjoiYTg2MTUyMDMtYjQyZi00OGMxLTk3YzQtYzc3OTNkZWY2NGIxIiwibmFtZSI6ImFkbWluIiwiZ2VuZGVyIjp0cnVlLCJlbWFpbCI6IjM3ODMzODYyN0BxcS5jb20ifSwiaWF0IjoxNTAwNDI5MTg0LCJleHAiOjE1MDA1MTU1ODR9.0l8NtYQ1zA2a63y2jrlL6Ro78TA1ENYbItHqfXqxX9c"}
response time: 103
response status: 200
response body: 
{"status":0,"data":[{"name":"3","address":"3","minfloor":1,"maxfloor":3,"status":1,"id":"964327a7-daab-4202-82bc-5f2861841332","createdAt":1499935652954,"updatedAt":1499935652954,"version":0},{"name":"2","address":"2","minfloor":2,"maxfloor":4,"status":1,"id":"74e0e1d1-fd03-4105-a7a1-56167ed64283","createdAt":1499935257098,"updatedAt":1499935257098,"version":0},{"name":"1","address":"1","minfloor":1,"maxfloor":1,"status":1,"id":"8b7ae305-e24e-4b1f-8cec-758f2e745f9e","createdAt":1499934526071,"updatedAt":1499934526071,"version":0}],"total":3}
*************** response log end ***************

[2017-07-19 15:43:44.272] [INFO] resLogger - 
*************** response log start ***************
request method: GET
request originalUrl:  /api/buildings/list?token=eyJhbGciOiJIUzI1NiIsInR5cCI6IkpXVCJ9.eyJkYXRhIjp7ImlkIjoiYTg2MTUyMDMtYjQyZi00OGMxLTk3YzQtYzc3OTNkZWY2NGIxIiwibmFtZSI6ImFkbWluIiwiZ2VuZGVyIjp0cnVlLCJlbWFpbCI6IjM3ODMzODYyN0BxcS5jb20ifSwiaWF0IjoxNTAwNDI5MTg0LCJleHAiOjE1MDA1MTU1ODR9.0l8NtYQ1zA2a63y2jrlL6Ro78TA1ENYbItHqfXqxX9c
request client ip:  ::ffff:127.0.0.1
request query:  {"token":"eyJhbGciOiJIUzI1NiIsInR5cCI6IkpXVCJ9.eyJkYXRhIjp7ImlkIjoiYTg2MTUyMDMtYjQyZi00OGMxLTk3YzQtYzc3OTNkZWY2NGIxIiwibmFtZSI6ImFkbWluIiwiZ2VuZGVyIjp0cnVlLCJlbWFpbCI6IjM3ODMzODYyN0BxcS5jb20ifSwiaWF0IjoxNTAwNDI5MTg0LCJleHAiOjE1MDA1MTU1ODR9.0l8NtYQ1zA2a63y2jrlL6Ro78TA1ENYbItHqfXqxX9c"}
response time: 100
response status: 200
response body: 
{"status":0,"data":[{"name":"3","address":"3","minfloor":1,"maxfloor":3,"status":1,"id":"964327a7-daab-4202-82bc-5f2861841332","createdAt":1499935652954,"updatedAt":1499935652954,"version":0},{"name":"2","address":"2","minfloor":2,"maxfloor":4,"status":1,"id":"74e0e1d1-fd03-4105-a7a1-56167ed64283","createdAt":1499935257098,"updatedAt":1499935257098,"version":0},{"name":"1","address":"1","minfloor":1,"maxfloor":1,"status":1,"id":"8b7ae305-e24e-4b1f-8cec-758f2e745f9e","createdAt":1499934526071,"updatedAt":1499934526071,"version":0}],"total":3}
*************** response log end ***************

[2017-07-19 15:43:46.246] [INFO] resLogger - 
*************** response log start ***************
request method: GET
request originalUrl:  /api/buildings/list?token=eyJhbGciOiJIUzI1NiIsInR5cCI6IkpXVCJ9.eyJkYXRhIjp7ImlkIjoiYTg2MTUyMDMtYjQyZi00OGMxLTk3YzQtYzc3OTNkZWY2NGIxIiwibmFtZSI6ImFkbWluIiwiZ2VuZGVyIjp0cnVlLCJlbWFpbCI6IjM3ODMzODYyN0BxcS5jb20ifSwiaWF0IjoxNTAwNDI5MTg0LCJleHAiOjE1MDA1MTU1ODR9.0l8NtYQ1zA2a63y2jrlL6Ro78TA1ENYbItHqfXqxX9c
request client ip:  ::ffff:127.0.0.1
request query:  {"token":"eyJhbGciOiJIUzI1NiIsInR5cCI6IkpXVCJ9.eyJkYXRhIjp7ImlkIjoiYTg2MTUyMDMtYjQyZi00OGMxLTk3YzQtYzc3OTNkZWY2NGIxIiwibmFtZSI6ImFkbWluIiwiZ2VuZGVyIjp0cnVlLCJlbWFpbCI6IjM3ODMzODYyN0BxcS5jb20ifSwiaWF0IjoxNTAwNDI5MTg0LCJleHAiOjE1MDA1MTU1ODR9.0l8NtYQ1zA2a63y2jrlL6Ro78TA1ENYbItHqfXqxX9c"}
response time: 115
response status: 200
response body: 
{"status":0,"data":[{"name":"3","address":"3","minfloor":1,"maxfloor":3,"status":1,"id":"964327a7-daab-4202-82bc-5f2861841332","createdAt":1499935652954,"updatedAt":1499935652954,"version":0},{"name":"2","address":"2","minfloor":2,"maxfloor":4,"status":1,"id":"74e0e1d1-fd03-4105-a7a1-56167ed64283","createdAt":1499935257098,"updatedAt":1499935257098,"version":0},{"name":"1","address":"1","minfloor":1,"maxfloor":1,"status":1,"id":"8b7ae305-e24e-4b1f-8cec-758f2e745f9e","createdAt":1499934526071,"updatedAt":1499934526071,"version":0}],"total":3}
*************** response log end ***************

[2017-07-19 15:43:46.984] [INFO] resLogger - 
*************** response log start ***************
request method: GET
request originalUrl:  /api/buildings/list?token=eyJhbGciOiJIUzI1NiIsInR5cCI6IkpXVCJ9.eyJkYXRhIjp7ImlkIjoiYTg2MTUyMDMtYjQyZi00OGMxLTk3YzQtYzc3OTNkZWY2NGIxIiwibmFtZSI6ImFkbWluIiwiZ2VuZGVyIjp0cnVlLCJlbWFpbCI6IjM3ODMzODYyN0BxcS5jb20ifSwiaWF0IjoxNTAwNDI5MTg0LCJleHAiOjE1MDA1MTU1ODR9.0l8NtYQ1zA2a63y2jrlL6Ro78TA1ENYbItHqfXqxX9c
request client ip:  ::ffff:127.0.0.1
request query:  {"token":"eyJhbGciOiJIUzI1NiIsInR5cCI6IkpXVCJ9.eyJkYXRhIjp7ImlkIjoiYTg2MTUyMDMtYjQyZi00OGMxLTk3YzQtYzc3OTNkZWY2NGIxIiwibmFtZSI6ImFkbWluIiwiZ2VuZGVyIjp0cnVlLCJlbWFpbCI6IjM3ODMzODYyN0BxcS5jb20ifSwiaWF0IjoxNTAwNDI5MTg0LCJleHAiOjE1MDA1MTU1ODR9.0l8NtYQ1zA2a63y2jrlL6Ro78TA1ENYbItHqfXqxX9c"}
response time: 76
response status: 200
response body: 
{"status":0,"data":[{"name":"3","address":"3","minfloor":1,"maxfloor":3,"status":1,"id":"964327a7-daab-4202-82bc-5f2861841332","createdAt":1499935652954,"updatedAt":1499935652954,"version":0},{"name":"2","address":"2","minfloor":2,"maxfloor":4,"status":1,"id":"74e0e1d1-fd03-4105-a7a1-56167ed64283","createdAt":1499935257098,"updatedAt":1499935257098,"version":0},{"name":"1","address":"1","minfloor":1,"maxfloor":1,"status":1,"id":"8b7ae305-e24e-4b1f-8cec-758f2e745f9e","createdAt":1499934526071,"updatedAt":1499934526071,"version":0}],"total":3}
*************** response log end ***************

[2017-07-19 15:43:50.386] [INFO] resLogger - 
*************** response log start ***************
request method: GET
request originalUrl:  /api/buildings/list?token=eyJhbGciOiJIUzI1NiIsInR5cCI6IkpXVCJ9.eyJkYXRhIjp7ImlkIjoiYTg2MTUyMDMtYjQyZi00OGMxLTk3YzQtYzc3OTNkZWY2NGIxIiwibmFtZSI6ImFkbWluIiwiZ2VuZGVyIjp0cnVlLCJlbWFpbCI6IjM3ODMzODYyN0BxcS5jb20ifSwiaWF0IjoxNTAwNDI5MTg0LCJleHAiOjE1MDA1MTU1ODR9.0l8NtYQ1zA2a63y2jrlL6Ro78TA1ENYbItHqfXqxX9c
request client ip:  ::ffff:127.0.0.1
request query:  {"token":"eyJhbGciOiJIUzI1NiIsInR5cCI6IkpXVCJ9.eyJkYXRhIjp7ImlkIjoiYTg2MTUyMDMtYjQyZi00OGMxLTk3YzQtYzc3OTNkZWY2NGIxIiwibmFtZSI6ImFkbWluIiwiZ2VuZGVyIjp0cnVlLCJlbWFpbCI6IjM3ODMzODYyN0BxcS5jb20ifSwiaWF0IjoxNTAwNDI5MTg0LCJleHAiOjE1MDA1MTU1ODR9.0l8NtYQ1zA2a63y2jrlL6Ro78TA1ENYbItHqfXqxX9c"}
response time: 85
response status: 200
response body: 
{"status":0,"data":[{"name":"3","address":"3","minfloor":1,"maxfloor":3,"status":1,"id":"964327a7-daab-4202-82bc-5f2861841332","createdAt":1499935652954,"updatedAt":1499935652954,"version":0},{"name":"2","address":"2","minfloor":2,"maxfloor":4,"status":1,"id":"74e0e1d1-fd03-4105-a7a1-56167ed64283","createdAt":1499935257098,"updatedAt":1499935257098,"version":0},{"name":"1","address":"1","minfloor":1,"maxfloor":1,"status":1,"id":"8b7ae305-e24e-4b1f-8cec-758f2e745f9e","createdAt":1499934526071,"updatedAt":1499934526071,"version":0}],"total":3}
*************** response log end ***************

[2017-07-19 15:44:26.353] [INFO] resLogger - 
*************** response log start ***************
request method: GET
request originalUrl:  /api/user/?token=eyJhbGciOiJIUzI1NiIsInR5cCI6IkpXVCJ9.eyJkYXRhIjp7ImlkIjoiYTg2MTUyMDMtYjQyZi00OGMxLTk3YzQtYzc3OTNkZWY2NGIxIiwibmFtZSI6ImFkbWluIiwiZ2VuZGVyIjp0cnVlLCJlbWFpbCI6IjM3ODMzODYyN0BxcS5jb20ifSwiaWF0IjoxNTAwNDI5MTg0LCJleHAiOjE1MDA1MTU1ODR9.0l8NtYQ1zA2a63y2jrlL6Ro78TA1ENYbItHqfXqxX9c
request client ip:  ::ffff:127.0.0.1
request query:  {"token":"eyJhbGciOiJIUzI1NiIsInR5cCI6IkpXVCJ9.eyJkYXRhIjp7ImlkIjoiYTg2MTUyMDMtYjQyZi00OGMxLTk3YzQtYzc3OTNkZWY2NGIxIiwibmFtZSI6ImFkbWluIiwiZ2VuZGVyIjp0cnVlLCJlbWFpbCI6IjM3ODMzODYyN0BxcS5jb20ifSwiaWF0IjoxNTAwNDI5MTg0LCJleHAiOjE1MDA1MTU1ODR9.0l8NtYQ1zA2a63y2jrlL6Ro78TA1ENYbItHqfXqxX9c"}
response time: 214
response status: 200
response body: 
{"status":0,"data":{"name":"admin","email":"378338627@qq.com","password":"$2a$10$xmgJzl6FH05MXqtHAwT8ieXHc.8A.B.PBX.cv16LPt.5q9w08CrhK","gender":true,"token":"eyJhbGciOiJIUzI1NiIsInR5cCI6IkpXVCJ9.eyJkYXRhIjp7ImlkIjoiYTg2MTUyMDMtYjQyZi00OGMxLTk3YzQtYzc3OTNkZWY2NGIxIiwibmFtZSI6ImFkbWluIiwiZ2VuZGVyIjp0cnVlLCJlbWFpbCI6IjM3ODMzODYyN0BxcS5jb20ifSwiaWF0IjoxNTAwNDI5MTg0LCJleHAiOjE1MDA1MTU1ODR9.0l8NtYQ1zA2a63y2jrlL6Ro78TA1ENYbItHqfXqxX9c","id":"a8615203-b42f-48c1-97c4-c7793def64b1","createdAt":1499934432149,"updatedAt":1499934432149,"version":0}}
*************** response log end ***************

[2017-07-19 15:50:13.023] [INFO] resLogger - 
*************** response log start ***************
request method: GET
request originalUrl:  /api/user/?token=eyJhbGciOiJIUzI1NiIsInR5cCI6IkpXVCJ9.eyJkYXRhIjp7ImlkIjoiYTg2MTUyMDMtYjQyZi00OGMxLTk3YzQtYzc3OTNkZWY2NGIxIiwibmFtZSI6ImFkbWluIiwiZ2VuZGVyIjp0cnVlLCJlbWFpbCI6IjM3ODMzODYyN0BxcS5jb20ifSwiaWF0IjoxNTAwNDI5MTg0LCJleHAiOjE1MDA1MTU1ODR9.0l8NtYQ1zA2a63y2jrlL6Ro78TA1ENYbItHqfXqxX9c
request client ip:  ::ffff:127.0.0.1
request query:  {"token":"eyJhbGciOiJIUzI1NiIsInR5cCI6IkpXVCJ9.eyJkYXRhIjp7ImlkIjoiYTg2MTUyMDMtYjQyZi00OGMxLTk3YzQtYzc3OTNkZWY2NGIxIiwibmFtZSI6ImFkbWluIiwiZ2VuZGVyIjp0cnVlLCJlbWFpbCI6IjM3ODMzODYyN0BxcS5jb20ifSwiaWF0IjoxNTAwNDI5MTg0LCJleHAiOjE1MDA1MTU1ODR9.0l8NtYQ1zA2a63y2jrlL6Ro78TA1ENYbItHqfXqxX9c"}
response time: 277
response status: 200
response body: 
{"status":0,"data":{"name":"admin","email":"378338627@qq.com","password":"$2a$10$xmgJzl6FH05MXqtHAwT8ieXHc.8A.B.PBX.cv16LPt.5q9w08CrhK","gender":true,"token":"eyJhbGciOiJIUzI1NiIsInR5cCI6IkpXVCJ9.eyJkYXRhIjp7ImlkIjoiYTg2MTUyMDMtYjQyZi00OGMxLTk3YzQtYzc3OTNkZWY2NGIxIiwibmFtZSI6ImFkbWluIiwiZ2VuZGVyIjp0cnVlLCJlbWFpbCI6IjM3ODMzODYyN0BxcS5jb20ifSwiaWF0IjoxNTAwNDI5MTg0LCJleHAiOjE1MDA1MTU1ODR9.0l8NtYQ1zA2a63y2jrlL6Ro78TA1ENYbItHqfXqxX9c","id":"a8615203-b42f-48c1-97c4-c7793def64b1","createdAt":1499934432149,"updatedAt":1499934432149,"version":0}}
*************** response log end ***************

[2017-07-19 15:50:32.613] [INFO] resLogger - 
*************** response log start ***************
request method: GET
request originalUrl:  /api/user/?token=eyJhbGciOiJIUzI1NiIsInR5cCI6IkpXVCJ9.eyJkYXRhIjp7ImlkIjoiYTg2MTUyMDMtYjQyZi00OGMxLTk3YzQtYzc3OTNkZWY2NGIxIiwibmFtZSI6ImFkbWluIiwiZ2VuZGVyIjp0cnVlLCJlbWFpbCI6IjM3ODMzODYyN0BxcS5jb20ifSwiaWF0IjoxNTAwNDI5MTg0LCJleHAiOjE1MDA1MTU1ODR9.0l8NtYQ1zA2a63y2jrlL6Ro78TA1ENYbItHqfXqxX9c
request client ip:  ::ffff:127.0.0.1
request query:  {"token":"eyJhbGciOiJIUzI1NiIsInR5cCI6IkpXVCJ9.eyJkYXRhIjp7ImlkIjoiYTg2MTUyMDMtYjQyZi00OGMxLTk3YzQtYzc3OTNkZWY2NGIxIiwibmFtZSI6ImFkbWluIiwiZ2VuZGVyIjp0cnVlLCJlbWFpbCI6IjM3ODMzODYyN0BxcS5jb20ifSwiaWF0IjoxNTAwNDI5MTg0LCJleHAiOjE1MDA1MTU1ODR9.0l8NtYQ1zA2a63y2jrlL6Ro78TA1ENYbItHqfXqxX9c"}
response time: 245
response status: 200
response body: 
{"status":0,"data":{"name":"admin","email":"378338627@qq.com","password":"$2a$10$xmgJzl6FH05MXqtHAwT8ieXHc.8A.B.PBX.cv16LPt.5q9w08CrhK","gender":true,"token":"eyJhbGciOiJIUzI1NiIsInR5cCI6IkpXVCJ9.eyJkYXRhIjp7ImlkIjoiYTg2MTUyMDMtYjQyZi00OGMxLTk3YzQtYzc3OTNkZWY2NGIxIiwibmFtZSI6ImFkbWluIiwiZ2VuZGVyIjp0cnVlLCJlbWFpbCI6IjM3ODMzODYyN0BxcS5jb20ifSwiaWF0IjoxNTAwNDI5MTg0LCJleHAiOjE1MDA1MTU1ODR9.0l8NtYQ1zA2a63y2jrlL6Ro78TA1ENYbItHqfXqxX9c","id":"a8615203-b42f-48c1-97c4-c7793def64b1","createdAt":1499934432149,"updatedAt":1499934432149,"version":0}}
*************** response log end ***************

[2017-07-19 15:52:52.951] [INFO] resLogger - 
*************** response log start ***************
request method: GET
request originalUrl:  /api/user/?token=eyJhbGciOiJIUzI1NiIsInR5cCI6IkpXVCJ9.eyJkYXRhIjp7ImlkIjoiYTg2MTUyMDMtYjQyZi00OGMxLTk3YzQtYzc3OTNkZWY2NGIxIiwibmFtZSI6ImFkbWluIiwiZ2VuZGVyIjp0cnVlLCJlbWFpbCI6IjM3ODMzODYyN0BxcS5jb20ifSwiaWF0IjoxNTAwNDI5MTg0LCJleHAiOjE1MDA1MTU1ODR9.0l8NtYQ1zA2a63y2jrlL6Ro78TA1ENYbItHqfXqxX9c
request client ip:  ::ffff:127.0.0.1
request query:  {"token":"eyJhbGciOiJIUzI1NiIsInR5cCI6IkpXVCJ9.eyJkYXRhIjp7ImlkIjoiYTg2MTUyMDMtYjQyZi00OGMxLTk3YzQtYzc3OTNkZWY2NGIxIiwibmFtZSI6ImFkbWluIiwiZ2VuZGVyIjp0cnVlLCJlbWFpbCI6IjM3ODMzODYyN0BxcS5jb20ifSwiaWF0IjoxNTAwNDI5MTg0LCJleHAiOjE1MDA1MTU1ODR9.0l8NtYQ1zA2a63y2jrlL6Ro78TA1ENYbItHqfXqxX9c"}
response time: 188
response status: 200
response body: 
{"status":0,"data":{"name":"admin","email":"378338627@qq.com","password":"$2a$10$xmgJzl6FH05MXqtHAwT8ieXHc.8A.B.PBX.cv16LPt.5q9w08CrhK","gender":true,"token":"eyJhbGciOiJIUzI1NiIsInR5cCI6IkpXVCJ9.eyJkYXRhIjp7ImlkIjoiYTg2MTUyMDMtYjQyZi00OGMxLTk3YzQtYzc3OTNkZWY2NGIxIiwibmFtZSI6ImFkbWluIiwiZ2VuZGVyIjp0cnVlLCJlbWFpbCI6IjM3ODMzODYyN0BxcS5jb20ifSwiaWF0IjoxNTAwNDI5MTg0LCJleHAiOjE1MDA1MTU1ODR9.0l8NtYQ1zA2a63y2jrlL6Ro78TA1ENYbItHqfXqxX9c","id":"a8615203-b42f-48c1-97c4-c7793def64b1","createdAt":1499934432149,"updatedAt":1499934432149,"version":0}}
*************** response log end ***************

[2017-07-19 15:53:27.683] [INFO] resLogger - 
*************** response log start ***************
request method: GET
request originalUrl:  /api/user/?token=eyJhbGciOiJIUzI1NiIsInR5cCI6IkpXVCJ9.eyJkYXRhIjp7ImlkIjoiYTg2MTUyMDMtYjQyZi00OGMxLTk3YzQtYzc3OTNkZWY2NGIxIiwibmFtZSI6ImFkbWluIiwiZ2VuZGVyIjp0cnVlLCJlbWFpbCI6IjM3ODMzODYyN0BxcS5jb20ifSwiaWF0IjoxNTAwNDI5MTg0LCJleHAiOjE1MDA1MTU1ODR9.0l8NtYQ1zA2a63y2jrlL6Ro78TA1ENYbItHqfXqxX9c
request client ip:  ::ffff:127.0.0.1
request query:  {"token":"eyJhbGciOiJIUzI1NiIsInR5cCI6IkpXVCJ9.eyJkYXRhIjp7ImlkIjoiYTg2MTUyMDMtYjQyZi00OGMxLTk3YzQtYzc3OTNkZWY2NGIxIiwibmFtZSI6ImFkbWluIiwiZ2VuZGVyIjp0cnVlLCJlbWFpbCI6IjM3ODMzODYyN0BxcS5jb20ifSwiaWF0IjoxNTAwNDI5MTg0LCJleHAiOjE1MDA1MTU1ODR9.0l8NtYQ1zA2a63y2jrlL6Ro78TA1ENYbItHqfXqxX9c"}
response time: 244
response status: 200
response body: 
{"status":0,"data":{"name":"admin","email":"378338627@qq.com","password":"$2a$10$xmgJzl6FH05MXqtHAwT8ieXHc.8A.B.PBX.cv16LPt.5q9w08CrhK","gender":true,"token":"eyJhbGciOiJIUzI1NiIsInR5cCI6IkpXVCJ9.eyJkYXRhIjp7ImlkIjoiYTg2MTUyMDMtYjQyZi00OGMxLTk3YzQtYzc3OTNkZWY2NGIxIiwibmFtZSI6ImFkbWluIiwiZ2VuZGVyIjp0cnVlLCJlbWFpbCI6IjM3ODMzODYyN0BxcS5jb20ifSwiaWF0IjoxNTAwNDI5MTg0LCJleHAiOjE1MDA1MTU1ODR9.0l8NtYQ1zA2a63y2jrlL6Ro78TA1ENYbItHqfXqxX9c","id":"a8615203-b42f-48c1-97c4-c7793def64b1","createdAt":1499934432149,"updatedAt":1499934432149,"version":0}}
*************** response log end ***************

[2017-07-19 15:53:32.415] [INFO] resLogger - 
*************** response log start ***************
request method: GET
request originalUrl:  /api/user/?token=eyJhbGciOiJIUzI1NiIsInR5cCI6IkpXVCJ9.eyJkYXRhIjp7ImlkIjoiYTg2MTUyMDMtYjQyZi00OGMxLTk3YzQtYzc3OTNkZWY2NGIxIiwibmFtZSI6ImFkbWluIiwiZ2VuZGVyIjp0cnVlLCJlbWFpbCI6IjM3ODMzODYyN0BxcS5jb20ifSwiaWF0IjoxNTAwNDI5MTg0LCJleHAiOjE1MDA1MTU1ODR9.0l8NtYQ1zA2a63y2jrlL6Ro78TA1ENYbItHqfXqxX9c
request client ip:  ::ffff:127.0.0.1
request query:  {"token":"eyJhbGciOiJIUzI1NiIsInR5cCI6IkpXVCJ9.eyJkYXRhIjp7ImlkIjoiYTg2MTUyMDMtYjQyZi00OGMxLTk3YzQtYzc3OTNkZWY2NGIxIiwibmFtZSI6ImFkbWluIiwiZ2VuZGVyIjp0cnVlLCJlbWFpbCI6IjM3ODMzODYyN0BxcS5jb20ifSwiaWF0IjoxNTAwNDI5MTg0LCJleHAiOjE1MDA1MTU1ODR9.0l8NtYQ1zA2a63y2jrlL6Ro78TA1ENYbItHqfXqxX9c"}
response time: 103
response status: 200
response body: 
{"status":0,"data":{"name":"admin","email":"378338627@qq.com","password":"$2a$10$xmgJzl6FH05MXqtHAwT8ieXHc.8A.B.PBX.cv16LPt.5q9w08CrhK","gender":true,"token":"eyJhbGciOiJIUzI1NiIsInR5cCI6IkpXVCJ9.eyJkYXRhIjp7ImlkIjoiYTg2MTUyMDMtYjQyZi00OGMxLTk3YzQtYzc3OTNkZWY2NGIxIiwibmFtZSI6ImFkbWluIiwiZ2VuZGVyIjp0cnVlLCJlbWFpbCI6IjM3ODMzODYyN0BxcS5jb20ifSwiaWF0IjoxNTAwNDI5MTg0LCJleHAiOjE1MDA1MTU1ODR9.0l8NtYQ1zA2a63y2jrlL6Ro78TA1ENYbItHqfXqxX9c","id":"a8615203-b42f-48c1-97c4-c7793def64b1","createdAt":1499934432149,"updatedAt":1499934432149,"version":0}}
*************** response log end ***************

[2017-07-19 15:53:58.517] [INFO] resLogger - 
*************** response log start ***************
request method: GET
request originalUrl:  /api/user/?token=eyJhbGciOiJIUzI1NiIsInR5cCI6IkpXVCJ9.eyJkYXRhIjp7ImlkIjoiYTg2MTUyMDMtYjQyZi00OGMxLTk3YzQtYzc3OTNkZWY2NGIxIiwibmFtZSI6ImFkbWluIiwiZ2VuZGVyIjp0cnVlLCJlbWFpbCI6IjM3ODMzODYyN0BxcS5jb20ifSwiaWF0IjoxNTAwNDI5MTg0LCJleHAiOjE1MDA1MTU1ODR9.0l8NtYQ1zA2a63y2jrlL6Ro78TA1ENYbItHqfXqxX9c
request client ip:  ::ffff:127.0.0.1
request query:  {"token":"eyJhbGciOiJIUzI1NiIsInR5cCI6IkpXVCJ9.eyJkYXRhIjp7ImlkIjoiYTg2MTUyMDMtYjQyZi00OGMxLTk3YzQtYzc3OTNkZWY2NGIxIiwibmFtZSI6ImFkbWluIiwiZ2VuZGVyIjp0cnVlLCJlbWFpbCI6IjM3ODMzODYyN0BxcS5jb20ifSwiaWF0IjoxNTAwNDI5MTg0LCJleHAiOjE1MDA1MTU1ODR9.0l8NtYQ1zA2a63y2jrlL6Ro78TA1ENYbItHqfXqxX9c"}
response time: 138
response status: 200
response body: 
{"status":0,"data":{"name":"admin","email":"378338627@qq.com","password":"$2a$10$xmgJzl6FH05MXqtHAwT8ieXHc.8A.B.PBX.cv16LPt.5q9w08CrhK","gender":true,"token":"eyJhbGciOiJIUzI1NiIsInR5cCI6IkpXVCJ9.eyJkYXRhIjp7ImlkIjoiYTg2MTUyMDMtYjQyZi00OGMxLTk3YzQtYzc3OTNkZWY2NGIxIiwibmFtZSI6ImFkbWluIiwiZ2VuZGVyIjp0cnVlLCJlbWFpbCI6IjM3ODMzODYyN0BxcS5jb20ifSwiaWF0IjoxNTAwNDI5MTg0LCJleHAiOjE1MDA1MTU1ODR9.0l8NtYQ1zA2a63y2jrlL6Ro78TA1ENYbItHqfXqxX9c","id":"a8615203-b42f-48c1-97c4-c7793def64b1","createdAt":1499934432149,"updatedAt":1499934432149,"version":0}}
*************** response log end ***************

[2017-07-19 15:57:24.871] [INFO] resLogger - 
*************** response log start ***************
request method: GET
request originalUrl:  /api/user/?token=eyJhbGciOiJIUzI1NiIsInR5cCI6IkpXVCJ9.eyJkYXRhIjp7ImlkIjoiYTg2MTUyMDMtYjQyZi00OGMxLTk3YzQtYzc3OTNkZWY2NGIxIiwibmFtZSI6ImFkbWluIiwiZ2VuZGVyIjp0cnVlLCJlbWFpbCI6IjM3ODMzODYyN0BxcS5jb20ifSwiaWF0IjoxNTAwNDI5MTg0LCJleHAiOjE1MDA1MTU1ODR9.0l8NtYQ1zA2a63y2jrlL6Ro78TA1ENYbItHqfXqxX9c
request client ip:  ::ffff:127.0.0.1
request query:  {"token":"eyJhbGciOiJIUzI1NiIsInR5cCI6IkpXVCJ9.eyJkYXRhIjp7ImlkIjoiYTg2MTUyMDMtYjQyZi00OGMxLTk3YzQtYzc3OTNkZWY2NGIxIiwibmFtZSI6ImFkbWluIiwiZ2VuZGVyIjp0cnVlLCJlbWFpbCI6IjM3ODMzODYyN0BxcS5jb20ifSwiaWF0IjoxNTAwNDI5MTg0LCJleHAiOjE1MDA1MTU1ODR9.0l8NtYQ1zA2a63y2jrlL6Ro78TA1ENYbItHqfXqxX9c"}
response time: 263
response status: 200
response body: 
{"status":0,"data":{"name":"admin","email":"378338627@qq.com","password":"$2a$10$xmgJzl6FH05MXqtHAwT8ieXHc.8A.B.PBX.cv16LPt.5q9w08CrhK","gender":true,"token":"eyJhbGciOiJIUzI1NiIsInR5cCI6IkpXVCJ9.eyJkYXRhIjp7ImlkIjoiYTg2MTUyMDMtYjQyZi00OGMxLTk3YzQtYzc3OTNkZWY2NGIxIiwibmFtZSI6ImFkbWluIiwiZ2VuZGVyIjp0cnVlLCJlbWFpbCI6IjM3ODMzODYyN0BxcS5jb20ifSwiaWF0IjoxNTAwNDI5MTg0LCJleHAiOjE1MDA1MTU1ODR9.0l8NtYQ1zA2a63y2jrlL6Ro78TA1ENYbItHqfXqxX9c","id":"a8615203-b42f-48c1-97c4-c7793def64b1","createdAt":1499934432149,"updatedAt":1499934432149,"version":0}}
*************** response log end ***************

[2017-07-19 15:57:43.638] [INFO] resLogger - 
*************** response log start ***************
request method: GET
request originalUrl:  /api/user/?token=eyJhbGciOiJIUzI1NiIsInR5cCI6IkpXVCJ9.eyJkYXRhIjp7ImlkIjoiYTg2MTUyMDMtYjQyZi00OGMxLTk3YzQtYzc3OTNkZWY2NGIxIiwibmFtZSI6ImFkbWluIiwiZ2VuZGVyIjp0cnVlLCJlbWFpbCI6IjM3ODMzODYyN0BxcS5jb20ifSwiaWF0IjoxNTAwNDI5MTg0LCJleHAiOjE1MDA1MTU1ODR9.0l8NtYQ1zA2a63y2jrlL6Ro78TA1ENYbItHqfXqxX9c
request client ip:  ::ffff:127.0.0.1
request query:  {"token":"eyJhbGciOiJIUzI1NiIsInR5cCI6IkpXVCJ9.eyJkYXRhIjp7ImlkIjoiYTg2MTUyMDMtYjQyZi00OGMxLTk3YzQtYzc3OTNkZWY2NGIxIiwibmFtZSI6ImFkbWluIiwiZ2VuZGVyIjp0cnVlLCJlbWFpbCI6IjM3ODMzODYyN0BxcS5jb20ifSwiaWF0IjoxNTAwNDI5MTg0LCJleHAiOjE1MDA1MTU1ODR9.0l8NtYQ1zA2a63y2jrlL6Ro78TA1ENYbItHqfXqxX9c"}
response time: 92
response status: 200
response body: 
{"status":0,"data":{"name":"admin","email":"378338627@qq.com","password":"$2a$10$xmgJzl6FH05MXqtHAwT8ieXHc.8A.B.PBX.cv16LPt.5q9w08CrhK","gender":true,"token":"eyJhbGciOiJIUzI1NiIsInR5cCI6IkpXVCJ9.eyJkYXRhIjp7ImlkIjoiYTg2MTUyMDMtYjQyZi00OGMxLTk3YzQtYzc3OTNkZWY2NGIxIiwibmFtZSI6ImFkbWluIiwiZ2VuZGVyIjp0cnVlLCJlbWFpbCI6IjM3ODMzODYyN0BxcS5jb20ifSwiaWF0IjoxNTAwNDI5MTg0LCJleHAiOjE1MDA1MTU1ODR9.0l8NtYQ1zA2a63y2jrlL6Ro78TA1ENYbItHqfXqxX9c","id":"a8615203-b42f-48c1-97c4-c7793def64b1","createdAt":1499934432149,"updatedAt":1499934432149,"version":0}}
*************** response log end ***************

[2017-07-19 15:59:20.957] [INFO] resLogger - 
*************** response log start ***************
request method: GET
request originalUrl:  /api/user/?token=eyJhbGciOiJIUzI1NiIsInR5cCI6IkpXVCJ9.eyJkYXRhIjp7ImlkIjoiYTg2MTUyMDMtYjQyZi00OGMxLTk3YzQtYzc3OTNkZWY2NGIxIiwibmFtZSI6ImFkbWluIiwiZ2VuZGVyIjp0cnVlLCJlbWFpbCI6IjM3ODMzODYyN0BxcS5jb20ifSwiaWF0IjoxNTAwNDI5MTg0LCJleHAiOjE1MDA1MTU1ODR9.0l8NtYQ1zA2a63y2jrlL6Ro78TA1ENYbItHqfXqxX9c
request client ip:  ::ffff:127.0.0.1
request query:  {"token":"eyJhbGciOiJIUzI1NiIsInR5cCI6IkpXVCJ9.eyJkYXRhIjp7ImlkIjoiYTg2MTUyMDMtYjQyZi00OGMxLTk3YzQtYzc3OTNkZWY2NGIxIiwibmFtZSI6ImFkbWluIiwiZ2VuZGVyIjp0cnVlLCJlbWFpbCI6IjM3ODMzODYyN0BxcS5jb20ifSwiaWF0IjoxNTAwNDI5MTg0LCJleHAiOjE1MDA1MTU1ODR9.0l8NtYQ1zA2a63y2jrlL6Ro78TA1ENYbItHqfXqxX9c"}
response time: 145
response status: 200
response body: 
{"status":0,"data":{"name":"admin","email":"378338627@qq.com","password":"$2a$10$xmgJzl6FH05MXqtHAwT8ieXHc.8A.B.PBX.cv16LPt.5q9w08CrhK","gender":true,"token":"eyJhbGciOiJIUzI1NiIsInR5cCI6IkpXVCJ9.eyJkYXRhIjp7ImlkIjoiYTg2MTUyMDMtYjQyZi00OGMxLTk3YzQtYzc3OTNkZWY2NGIxIiwibmFtZSI6ImFkbWluIiwiZ2VuZGVyIjp0cnVlLCJlbWFpbCI6IjM3ODMzODYyN0BxcS5jb20ifSwiaWF0IjoxNTAwNDI5MTg0LCJleHAiOjE1MDA1MTU1ODR9.0l8NtYQ1zA2a63y2jrlL6Ro78TA1ENYbItHqfXqxX9c","id":"a8615203-b42f-48c1-97c4-c7793def64b1","createdAt":1499934432149,"updatedAt":1499934432149,"version":0}}
*************** response log end ***************

[2017-07-19 15:59:31.072] [INFO] resLogger - 
*************** response log start ***************
request method: GET
request originalUrl:  /api/user/?token=eyJhbGciOiJIUzI1NiIsInR5cCI6IkpXVCJ9.eyJkYXRhIjp7ImlkIjoiYTg2MTUyMDMtYjQyZi00OGMxLTk3YzQtYzc3OTNkZWY2NGIxIiwibmFtZSI6ImFkbWluIiwiZ2VuZGVyIjp0cnVlLCJlbWFpbCI6IjM3ODMzODYyN0BxcS5jb20ifSwiaWF0IjoxNTAwNDI5MTg0LCJleHAiOjE1MDA1MTU1ODR9.0l8NtYQ1zA2a63y2jrlL6Ro78TA1ENYbItHqfXqxX9c
request client ip:  ::ffff:127.0.0.1
request query:  {"token":"eyJhbGciOiJIUzI1NiIsInR5cCI6IkpXVCJ9.eyJkYXRhIjp7ImlkIjoiYTg2MTUyMDMtYjQyZi00OGMxLTk3YzQtYzc3OTNkZWY2NGIxIiwibmFtZSI6ImFkbWluIiwiZ2VuZGVyIjp0cnVlLCJlbWFpbCI6IjM3ODMzODYyN0BxcS5jb20ifSwiaWF0IjoxNTAwNDI5MTg0LCJleHAiOjE1MDA1MTU1ODR9.0l8NtYQ1zA2a63y2jrlL6Ro78TA1ENYbItHqfXqxX9c"}
response time: 58
response status: 200
response body: 
{"status":0,"data":{"name":"admin","email":"378338627@qq.com","password":"$2a$10$xmgJzl6FH05MXqtHAwT8ieXHc.8A.B.PBX.cv16LPt.5q9w08CrhK","gender":true,"token":"eyJhbGciOiJIUzI1NiIsInR5cCI6IkpXVCJ9.eyJkYXRhIjp7ImlkIjoiYTg2MTUyMDMtYjQyZi00OGMxLTk3YzQtYzc3OTNkZWY2NGIxIiwibmFtZSI6ImFkbWluIiwiZ2VuZGVyIjp0cnVlLCJlbWFpbCI6IjM3ODMzODYyN0BxcS5jb20ifSwiaWF0IjoxNTAwNDI5MTg0LCJleHAiOjE1MDA1MTU1ODR9.0l8NtYQ1zA2a63y2jrlL6Ro78TA1ENYbItHqfXqxX9c","id":"a8615203-b42f-48c1-97c4-c7793def64b1","createdAt":1499934432149,"updatedAt":1499934432149,"version":0}}
*************** response log end ***************

[2017-07-19 15:59:45.968] [INFO] resLogger - 
*************** response log start ***************
request method: GET
request originalUrl:  /api/user/?token=eyJhbGciOiJIUzI1NiIsInR5cCI6IkpXVCJ9.eyJkYXRhIjp7ImlkIjoiYTg2MTUyMDMtYjQyZi00OGMxLTk3YzQtYzc3OTNkZWY2NGIxIiwibmFtZSI6ImFkbWluIiwiZ2VuZGVyIjp0cnVlLCJlbWFpbCI6IjM3ODMzODYyN0BxcS5jb20ifSwiaWF0IjoxNTAwNDI5MTg0LCJleHAiOjE1MDA1MTU1ODR9.0l8NtYQ1zA2a63y2jrlL6Ro78TA1ENYbItHqfXqxX9c
request client ip:  ::ffff:127.0.0.1
request query:  {"token":"eyJhbGciOiJIUzI1NiIsInR5cCI6IkpXVCJ9.eyJkYXRhIjp7ImlkIjoiYTg2MTUyMDMtYjQyZi00OGMxLTk3YzQtYzc3OTNkZWY2NGIxIiwibmFtZSI6ImFkbWluIiwiZ2VuZGVyIjp0cnVlLCJlbWFpbCI6IjM3ODMzODYyN0BxcS5jb20ifSwiaWF0IjoxNTAwNDI5MTg0LCJleHAiOjE1MDA1MTU1ODR9.0l8NtYQ1zA2a63y2jrlL6Ro78TA1ENYbItHqfXqxX9c"}
response time: 102
response status: 200
response body: 
{"status":0,"data":{"name":"admin","email":"378338627@qq.com","password":"$2a$10$xmgJzl6FH05MXqtHAwT8ieXHc.8A.B.PBX.cv16LPt.5q9w08CrhK","gender":true,"token":"eyJhbGciOiJIUzI1NiIsInR5cCI6IkpXVCJ9.eyJkYXRhIjp7ImlkIjoiYTg2MTUyMDMtYjQyZi00OGMxLTk3YzQtYzc3OTNkZWY2NGIxIiwibmFtZSI6ImFkbWluIiwiZ2VuZGVyIjp0cnVlLCJlbWFpbCI6IjM3ODMzODYyN0BxcS5jb20ifSwiaWF0IjoxNTAwNDI5MTg0LCJleHAiOjE1MDA1MTU1ODR9.0l8NtYQ1zA2a63y2jrlL6Ro78TA1ENYbItHqfXqxX9c","id":"a8615203-b42f-48c1-97c4-c7793def64b1","createdAt":1499934432149,"updatedAt":1499934432149,"version":0}}
*************** response log end ***************

