[2017-10-08 17:52:09.158] [INFO] resLogger - 
*************** response log start ***************
request method: GET
request originalUrl:  /api/user/?token=eyJhbGciOiJIUzI1NiIsInR5cCI6IkpXVCJ9.eyJkYXRhIjp7ImlkIjoiYmNmOWNiM2UtMzA3Ny00NTMwLWE0NjAtNzM5ZmJhNjMzNTVkIiwibmFtZSI6ImFkbWluIiwiZ2VuZGVyIjp0cnVlLCJlbWFpbCI6IjM3ODMzODYyN0BxcS5jb20ifSwiaWF0IjoxNTA2NjUwNDExLCJleHAiOjE1MDY3MzY4MTF9.ZscNVzBxzVKPK_tAKt5EXfmF89Jxev3vdBobJKRODpw
request client ip:  ::ffff:127.0.0.1
request query:  {"token":"eyJhbGciOiJIUzI1NiIsInR5cCI6IkpXVCJ9.eyJkYXRhIjp7ImlkIjoiYmNmOWNiM2UtMzA3Ny00NTMwLWE0NjAtNzM5ZmJhNjMzNTVkIiwibmFtZSI6ImFkbWluIiwiZ2VuZGVyIjp0cnVlLCJlbWFpbCI6IjM3ODMzODYyN0BxcS5jb20ifSwiaWF0IjoxNTA2NjUwNDExLCJleHAiOjE1MDY3MzY4MTF9.ZscNVzBxzVKPK_tAKt5EXfmF89Jxev3vdBobJKRODpw"}
response time: 97
response status: 200
response body: 
{"name":"jwtError","status":10003,"message":"身份验证错误！"}
*************** response log end ***************

[2017-10-08 17:52:42.187] [INFO] resLogger - 
*************** response log start ***************
request method: OPTIONS
request originalUrl:  /api/user/login
request client ip:  ::ffff:127.0.0.1
request body: 
{}
response time: 5
response status: 204
response body: 
undefined
*************** response log end ***************

[2017-10-08 17:52:43.198] [INFO] resLogger - 
*************** response log start ***************
request method: POST
request originalUrl:  /api/user/login
request client ip:  ::ffff:127.0.0.1
request body: 
{"username":"admin","password":"admin"}
response time: 696
response status: 200
response body: 
{"status":0,"data":{"name":"admin","email":"378338627@qq.com","phone":"15822927208","password":"$2a$10$8nFubjmb7nMEeplWK1NB3uhbGmHhdAvRjDTLvkxqOLHx6H2UZlPRS","gender":true,"token":"eyJhbGciOiJIUzI1NiIsInR5cCI6IkpXVCJ9.eyJkYXRhIjp7ImlkIjoiODQzMzE1MjAtMTgyNy00MTFjLWE4YjEtMmY3ZjEzZDRlYzQyIiwibmFtZSI6ImFkbWluIiwiZ2VuZGVyIjp0cnVlLCJlbWFpbCI6IjM3ODMzODYyN0BxcS5jb20ifSwiaWF0IjoxNTA3NDU2MzYzLCJleHAiOjE1MDc1NDI3NjN9.BuVKEYoFfA_vbD_JD_iASlG2rI7ZHee6WDjdk2hNvDQ","canLogin":true,"status":1,"id":"84331520-1827-411c-a8b1-2f7f13d4ec42","createdAt":1507456156621,"updatedAt":1507456363053,"version":1},"message":"登录成功！"}
*************** response log end ***************

[2017-10-08 17:52:45.291] [INFO] resLogger - 
*************** response log start ***************
request method: GET
request originalUrl:  /api/user/?token=eyJhbGciOiJIUzI1NiIsInR5cCI6IkpXVCJ9.eyJkYXRhIjp7ImlkIjoiODQzMzE1MjAtMTgyNy00MTFjLWE4YjEtMmY3ZjEzZDRlYzQyIiwibmFtZSI6ImFkbWluIiwiZ2VuZGVyIjp0cnVlLCJlbWFpbCI6IjM3ODMzODYyN0BxcS5jb20ifSwiaWF0IjoxNTA3NDU2MzYzLCJleHAiOjE1MDc1NDI3NjN9.BuVKEYoFfA_vbD_JD_iASlG2rI7ZHee6WDjdk2hNvDQ
request client ip:  ::ffff:127.0.0.1
request query:  {"token":"eyJhbGciOiJIUzI1NiIsInR5cCI6IkpXVCJ9.eyJkYXRhIjp7ImlkIjoiODQzMzE1MjAtMTgyNy00MTFjLWE4YjEtMmY3ZjEzZDRlYzQyIiwibmFtZSI6ImFkbWluIiwiZ2VuZGVyIjp0cnVlLCJlbWFpbCI6IjM3ODMzODYyN0BxcS5jb20ifSwiaWF0IjoxNTA3NDU2MzYzLCJleHAiOjE1MDc1NDI3NjN9.BuVKEYoFfA_vbD_JD_iASlG2rI7ZHee6WDjdk2hNvDQ"}
response time: 50
response status: 200
response body: 
{"status":0,"data":{"name":"admin","email":"378338627@qq.com","phone":"15822927208","password":"$2a$10$8nFubjmb7nMEeplWK1NB3uhbGmHhdAvRjDTLvkxqOLHx6H2UZlPRS","gender":true,"token":"eyJhbGciOiJIUzI1NiIsInR5cCI6IkpXVCJ9.eyJkYXRhIjp7ImlkIjoiODQzMzE1MjAtMTgyNy00MTFjLWE4YjEtMmY3ZjEzZDRlYzQyIiwibmFtZSI6ImFkbWluIiwiZ2VuZGVyIjp0cnVlLCJlbWFpbCI6IjM3ODMzODYyN0BxcS5jb20ifSwiaWF0IjoxNTA3NDU2MzYzLCJleHAiOjE1MDc1NDI3NjN9.BuVKEYoFfA_vbD_JD_iASlG2rI7ZHee6WDjdk2hNvDQ","canLogin":true,"status":1,"id":"84331520-1827-411c-a8b1-2f7f13d4ec42","createdAt":1507456156621,"updatedAt":1507456363053,"version":1}}
*************** response log end ***************

[2017-10-08 17:52:50.897] [INFO] resLogger - 
*************** response log start ***************
request method: GET
request originalUrl:  /api/user/?token=eyJhbGciOiJIUzI1NiIsInR5cCI6IkpXVCJ9.eyJkYXRhIjp7ImlkIjoiODQzMzE1MjAtMTgyNy00MTFjLWE4YjEtMmY3ZjEzZDRlYzQyIiwibmFtZSI6ImFkbWluIiwiZ2VuZGVyIjp0cnVlLCJlbWFpbCI6IjM3ODMzODYyN0BxcS5jb20ifSwiaWF0IjoxNTA3NDU2MzYzLCJleHAiOjE1MDc1NDI3NjN9.BuVKEYoFfA_vbD_JD_iASlG2rI7ZHee6WDjdk2hNvDQ
request client ip:  ::ffff:127.0.0.1
request query:  {"token":"eyJhbGciOiJIUzI1NiIsInR5cCI6IkpXVCJ9.eyJkYXRhIjp7ImlkIjoiODQzMzE1MjAtMTgyNy00MTFjLWE4YjEtMmY3ZjEzZDRlYzQyIiwibmFtZSI6ImFkbWluIiwiZ2VuZGVyIjp0cnVlLCJlbWFpbCI6IjM3ODMzODYyN0BxcS5jb20ifSwiaWF0IjoxNTA3NDU2MzYzLCJleHAiOjE1MDc1NDI3NjN9.BuVKEYoFfA_vbD_JD_iASlG2rI7ZHee6WDjdk2hNvDQ"}
response time: 56
response status: 200
response body: 
{"status":0,"data":{"name":"admin","email":"378338627@qq.com","phone":"15822927208","password":"$2a$10$8nFubjmb7nMEeplWK1NB3uhbGmHhdAvRjDTLvkxqOLHx6H2UZlPRS","gender":true,"token":"eyJhbGciOiJIUzI1NiIsInR5cCI6IkpXVCJ9.eyJkYXRhIjp7ImlkIjoiODQzMzE1MjAtMTgyNy00MTFjLWE4YjEtMmY3ZjEzZDRlYzQyIiwibmFtZSI6ImFkbWluIiwiZ2VuZGVyIjp0cnVlLCJlbWFpbCI6IjM3ODMzODYyN0BxcS5jb20ifSwiaWF0IjoxNTA3NDU2MzYzLCJleHAiOjE1MDc1NDI3NjN9.BuVKEYoFfA_vbD_JD_iASlG2rI7ZHee6WDjdk2hNvDQ","canLogin":true,"status":1,"id":"84331520-1827-411c-a8b1-2f7f13d4ec42","createdAt":1507456156621,"updatedAt":1507456363053,"version":1}}
*************** response log end ***************

[2017-10-08 17:52:51.763] [INFO] resLogger - 
*************** response log start ***************
request method: GET
request originalUrl:  /api/user/?token=eyJhbGciOiJIUzI1NiIsInR5cCI6IkpXVCJ9.eyJkYXRhIjp7ImlkIjoiODQzMzE1MjAtMTgyNy00MTFjLWE4YjEtMmY3ZjEzZDRlYzQyIiwibmFtZSI6ImFkbWluIiwiZ2VuZGVyIjp0cnVlLCJlbWFpbCI6IjM3ODMzODYyN0BxcS5jb20ifSwiaWF0IjoxNTA3NDU2MzYzLCJleHAiOjE1MDc1NDI3NjN9.BuVKEYoFfA_vbD_JD_iASlG2rI7ZHee6WDjdk2hNvDQ
request client ip:  ::ffff:127.0.0.1
request query:  {"token":"eyJhbGciOiJIUzI1NiIsInR5cCI6IkpXVCJ9.eyJkYXRhIjp7ImlkIjoiODQzMzE1MjAtMTgyNy00MTFjLWE4YjEtMmY3ZjEzZDRlYzQyIiwibmFtZSI6ImFkbWluIiwiZ2VuZGVyIjp0cnVlLCJlbWFpbCI6IjM3ODMzODYyN0BxcS5jb20ifSwiaWF0IjoxNTA3NDU2MzYzLCJleHAiOjE1MDc1NDI3NjN9.BuVKEYoFfA_vbD_JD_iASlG2rI7ZHee6WDjdk2hNvDQ"}
response time: 62
response status: 200
response body: 
{"status":0,"data":{"name":"admin","email":"378338627@qq.com","phone":"15822927208","password":"$2a$10$8nFubjmb7nMEeplWK1NB3uhbGmHhdAvRjDTLvkxqOLHx6H2UZlPRS","gender":true,"token":"eyJhbGciOiJIUzI1NiIsInR5cCI6IkpXVCJ9.eyJkYXRhIjp7ImlkIjoiODQzMzE1MjAtMTgyNy00MTFjLWE4YjEtMmY3ZjEzZDRlYzQyIiwibmFtZSI6ImFkbWluIiwiZ2VuZGVyIjp0cnVlLCJlbWFpbCI6IjM3ODMzODYyN0BxcS5jb20ifSwiaWF0IjoxNTA3NDU2MzYzLCJleHAiOjE1MDc1NDI3NjN9.BuVKEYoFfA_vbD_JD_iASlG2rI7ZHee6WDjdk2hNvDQ","canLogin":true,"status":1,"id":"84331520-1827-411c-a8b1-2f7f13d4ec42","createdAt":1507456156621,"updatedAt":1507456363053,"version":1}}
*************** response log end ***************

[2017-10-08 17:52:51.893] [INFO] resLogger - 
*************** response log start ***************
request method: GET
request originalUrl:  /api/order/list/page/1?token=eyJhbGciOiJIUzI1NiIsInR5cCI6IkpXVCJ9.eyJkYXRhIjp7ImlkIjoiODQzMzE1MjAtMTgyNy00MTFjLWE4YjEtMmY3ZjEzZDRlYzQyIiwibmFtZSI6ImFkbWluIiwiZ2VuZGVyIjp0cnVlLCJlbWFpbCI6IjM3ODMzODYyN0BxcS5jb20ifSwiaWF0IjoxNTA3NDU2MzYzLCJleHAiOjE1MDc1NDI3NjN9.BuVKEYoFfA_vbD_JD_iASlG2rI7ZHee6WDjdk2hNvDQ
request client ip:  ::ffff:127.0.0.1
request query:  {"token":"eyJhbGciOiJIUzI1NiIsInR5cCI6IkpXVCJ9.eyJkYXRhIjp7ImlkIjoiODQzMzE1MjAtMTgyNy00MTFjLWE4YjEtMmY3ZjEzZDRlYzQyIiwibmFtZSI6ImFkbWluIiwiZ2VuZGVyIjp0cnVlLCJlbWFpbCI6IjM3ODMzODYyN0BxcS5jb20ifSwiaWF0IjoxNTA3NDU2MzYzLCJleHAiOjE1MDc1NDI3NjN9.BuVKEYoFfA_vbD_JD_iASlG2rI7ZHee6WDjdk2hNvDQ"}
response time: 124
response status: 200
response body: 
{"status":0,"data":[],"total":0}
*************** response log end ***************

[2017-10-08 17:52:53.481] [INFO] resLogger - 
*************** response log start ***************
request method: GET
request originalUrl:  /api/order/getorderno/get/2017/10/8?token=eyJhbGciOiJIUzI1NiIsInR5cCI6IkpXVCJ9.eyJkYXRhIjp7ImlkIjoiODQzMzE1MjAtMTgyNy00MTFjLWE4YjEtMmY3ZjEzZDRlYzQyIiwibmFtZSI6ImFkbWluIiwiZ2VuZGVyIjp0cnVlLCJlbWFpbCI6IjM3ODMzODYyN0BxcS5jb20ifSwiaWF0IjoxNTA3NDU2MzYzLCJleHAiOjE1MDc1NDI3NjN9.BuVKEYoFfA_vbD_JD_iASlG2rI7ZHee6WDjdk2hNvDQ
request client ip:  ::ffff:127.0.0.1
request query:  {"token":"eyJhbGciOiJIUzI1NiIsInR5cCI6IkpXVCJ9.eyJkYXRhIjp7ImlkIjoiODQzMzE1MjAtMTgyNy00MTFjLWE4YjEtMmY3ZjEzZDRlYzQyIiwibmFtZSI6ImFkbWluIiwiZ2VuZGVyIjp0cnVlLCJlbWFpbCI6IjM3ODMzODYyN0BxcS5jb20ifSwiaWF0IjoxNTA3NDU2MzYzLCJleHAiOjE1MDc1NDI3NjN9.BuVKEYoFfA_vbD_JD_iASlG2rI7ZHee6WDjdk2hNvDQ"}
response time: 434
response status: 200
response body: 
{"status":0,"data":"20171008000"}
*************** response log end ***************

[2017-10-08 17:52:53.517] [INFO] resLogger - 
*************** response log start ***************
request method: GET
request originalUrl:  /api/groups/list?token=eyJhbGciOiJIUzI1NiIsInR5cCI6IkpXVCJ9.eyJkYXRhIjp7ImlkIjoiODQzMzE1MjAtMTgyNy00MTFjLWE4YjEtMmY3ZjEzZDRlYzQyIiwibmFtZSI6ImFkbWluIiwiZ2VuZGVyIjp0cnVlLCJlbWFpbCI6IjM3ODMzODYyN0BxcS5jb20ifSwiaWF0IjoxNTA3NDU2MzYzLCJleHAiOjE1MDc1NDI3NjN9.BuVKEYoFfA_vbD_JD_iASlG2rI7ZHee6WDjdk2hNvDQ
request client ip:  ::ffff:127.0.0.1
request query:  {"token":"eyJhbGciOiJIUzI1NiIsInR5cCI6IkpXVCJ9.eyJkYXRhIjp7ImlkIjoiODQzMzE1MjAtMTgyNy00MTFjLWE4YjEtMmY3ZjEzZDRlYzQyIiwibmFtZSI6ImFkbWluIiwiZ2VuZGVyIjp0cnVlLCJlbWFpbCI6IjM3ODMzODYyN0BxcS5jb20ifSwiaWF0IjoxNTA3NDU2MzYzLCJleHAiOjE1MDc1NDI3NjN9.BuVKEYoFfA_vbD_JD_iASlG2rI7ZHee6WDjdk2hNvDQ"}
response time: 514
response status: 200
response body: 
{"status":0,"data":[{"name":"控股","description":"group2","status":1,"id":"ad4a1595-8ef9-427f-96ef-aa0772437991","createdAt":1507456156966,"updatedAt":1507456156966,"version":0},{"name":"管委会","description":"group1","status":1,"id":"cd56534a-df7d-4128-b4a1-78cb1b90a4cd","createdAt":1507456156622,"updatedAt":1507456156622,"version":0}],"total":2}
*************** response log end ***************

[2017-10-08 17:52:53.596] [INFO] resLogger - 
*************** response log start ***************
request method: GET
request originalUrl:  /api/groups/list?token=eyJhbGciOiJIUzI1NiIsInR5cCI6IkpXVCJ9.eyJkYXRhIjp7ImlkIjoiODQzMzE1MjAtMTgyNy00MTFjLWE4YjEtMmY3ZjEzZDRlYzQyIiwibmFtZSI6ImFkbWluIiwiZ2VuZGVyIjp0cnVlLCJlbWFpbCI6IjM3ODMzODYyN0BxcS5jb20ifSwiaWF0IjoxNTA3NDU2MzYzLCJleHAiOjE1MDc1NDI3NjN9.BuVKEYoFfA_vbD_JD_iASlG2rI7ZHee6WDjdk2hNvDQ
request client ip:  ::ffff:127.0.0.1
request query:  {"token":"eyJhbGciOiJIUzI1NiIsInR5cCI6IkpXVCJ9.eyJkYXRhIjp7ImlkIjoiODQzMzE1MjAtMTgyNy00MTFjLWE4YjEtMmY3ZjEzZDRlYzQyIiwibmFtZSI6ImFkbWluIiwiZ2VuZGVyIjp0cnVlLCJlbWFpbCI6IjM3ODMzODYyN0BxcS5jb20ifSwiaWF0IjoxNTA3NDU2MzYzLCJleHAiOjE1MDc1NDI3NjN9.BuVKEYoFfA_vbD_JD_iASlG2rI7ZHee6WDjdk2hNvDQ"}
response time: 558
response status: 200
response body: 
{"status":0,"data":[{"name":"控股","description":"group2","status":1,"id":"ad4a1595-8ef9-427f-96ef-aa0772437991","createdAt":1507456156966,"updatedAt":1507456156966,"version":0},{"name":"管委会","description":"group1","status":1,"id":"cd56534a-df7d-4128-b4a1-78cb1b90a4cd","createdAt":1507456156622,"updatedAt":1507456156622,"version":0}],"total":2}
*************** response log end ***************

[2017-10-08 17:52:53.597] [INFO] resLogger - 
*************** response log start ***************
request method: GET
request originalUrl:  /api/equipType/list?token=eyJhbGciOiJIUzI1NiIsInR5cCI6IkpXVCJ9.eyJkYXRhIjp7ImlkIjoiODQzMzE1MjAtMTgyNy00MTFjLWE4YjEtMmY3ZjEzZDRlYzQyIiwibmFtZSI6ImFkbWluIiwiZ2VuZGVyIjp0cnVlLCJlbWFpbCI6IjM3ODMzODYyN0BxcS5jb20ifSwiaWF0IjoxNTA3NDU2MzYzLCJleHAiOjE1MDc1NDI3NjN9.BuVKEYoFfA_vbD_JD_iASlG2rI7ZHee6WDjdk2hNvDQ
request client ip:  ::ffff:127.0.0.1
request query:  {"token":"eyJhbGciOiJIUzI1NiIsInR5cCI6IkpXVCJ9.eyJkYXRhIjp7ImlkIjoiODQzMzE1MjAtMTgyNy00MTFjLWE4YjEtMmY3ZjEzZDRlYzQyIiwibmFtZSI6ImFkbWluIiwiZ2VuZGVyIjp0cnVlLCJlbWFpbCI6IjM3ODMzODYyN0BxcS5jb20ifSwiaWF0IjoxNTA3NDU2MzYzLCJleHAiOjE1MDc1NDI3NjN9.BuVKEYoFfA_vbD_JD_iASlG2rI7ZHee6WDjdk2hNvDQ"}
response time: 370
response status: 200
response body: 
{"status":0,"data":[{"name":"网络","code":"NETWORK","id":"9130d0bf-c1ea-424a-a6d4-b4780602ade9","createdAt":1507456162507,"updatedAt":1507456162507,"version":0},{"name":"软件","code":"SOFTWARE","id":"b1c61c8c-5b9d-45df-9827-2a5021de29b2","createdAt":1507456162221,"updatedAt":1507456162221,"version":0},{"name":"硬件","code":"HARDWARE","id":"3bd9f08e-9272-439c-904a-33d0f5e32a6f","createdAt":1507456162032,"updatedAt":1507456162032,"version":0}]}
*************** response log end ***************

[2017-10-08 17:52:53.718] [INFO] resLogger - 
*************** response log start ***************
request method: GET
request originalUrl:  /api/business/list?token=eyJhbGciOiJIUzI1NiIsInR5cCI6IkpXVCJ9.eyJkYXRhIjp7ImlkIjoiODQzMzE1MjAtMTgyNy00MTFjLWE4YjEtMmY3ZjEzZDRlYzQyIiwibmFtZSI6ImFkbWluIiwiZ2VuZGVyIjp0cnVlLCJlbWFpbCI6IjM3ODMzODYyN0BxcS5jb20ifSwiaWF0IjoxNTA3NDU2MzYzLCJleHAiOjE1MDc1NDI3NjN9.BuVKEYoFfA_vbD_JD_iASlG2rI7ZHee6WDjdk2hNvDQ
request client ip:  ::ffff:127.0.0.1
request query:  {"token":"eyJhbGciOiJIUzI1NiIsInR5cCI6IkpXVCJ9.eyJkYXRhIjp7ImlkIjoiODQzMzE1MjAtMTgyNy00MTFjLWE4YjEtMmY3ZjEzZDRlYzQyIiwibmFtZSI6ImFkbWluIiwiZ2VuZGVyIjp0cnVlLCJlbWFpbCI6IjM3ODMzODYyN0BxcS5jb20ifSwiaWF0IjoxNTA3NDU2MzYzLCJleHAiOjE1MDc1NDI3NjN9.BuVKEYoFfA_vbD_JD_iASlG2rI7ZHee6WDjdk2hNvDQ"}
response time: 478
response status: 200
response body: 
{"status":0,"data":[{"type":"HARDWARE","equipment":"笔记本电脑","operation":"FIX","weight":5,"remark":"","status":1,"id":"2d025e32-8011-4390-bb9f-26c803150ce7","createdAt":1507456166471,"updatedAt":1507456166471,"version":0,"equiptypesname":"硬件","equipopsname":"故障"},{"type":"HARDWARE","equipment":"笔记本电脑","operation":"SETUP","weight":5,"remark":"","status":1,"id":"c84197ea-7588-4e86-9963-09a51800c2de","createdAt":1507456166370,"updatedAt":1507456166370,"version":0,"equiptypesname":"硬件","equipopsname":"安装"},{"type":"HARDWARE","equipment":"笔记本电脑","operation":"NOTSTART","weight":5,"remark":"","status":1,"id":"447fe366-971f-488d-adaa-a5f8c84d8700","createdAt":1507456166174,"updatedAt":1507456166174,"version":0,"equiptypesname":"硬件","equipopsname":"无法开机"},{"type":"HARDWARE","equipment":"电脑","operation":"SETUP","weight":5,"remark":"","status":1,"id":"be81c47d-54ae-4dfe-93de-6455b6faf7cb","createdAt":1507456165950,"updatedAt":1507456165950,"version":0,"equiptypesname":"硬件","equipopsname":"安装"},{"type":"HARDWARE","equipment":"电脑","operation":"NOTSTART","weight":5,"remark":"","status":1,"id":"c613c6be-22e5-4e7c-8265-efa153d7f935","createdAt":1507456165741,"updatedAt":1507456165741,"version":0,"equiptypesname":"硬件","equipopsname":"无法开机"},{"type":"SOFTWARE","equipment":"WORD","operation":"FIX","weight":5,"remark":"","status":1,"id":"6c4f873d-1c6e-460b-b3e4-e76fada3eac9","createdAt":1507456165581,"updatedAt":1507456165581,"version":0,"equiptypesname":"软件","equipopsname":"故障"},{"type":"SOFTWARE","equipment":"WORD","operation":"SETUP","weight":5,"remark":"","status":1,"id":"87abaf18-6f0a-4a38-9ba3-22a03b5ec5ee","createdAt":1507456165424,"updatedAt":1507456165424,"version":0,"equiptypesname":"软件","equipopsname":"安装"},{"type":"NETWORK","equipment":"IP地址","operation":"SET","weight":5,"remark":"","status":1,"id":"05c50fdc-47d4-492c-8174-f84aee73ebd9","createdAt":1507456165242,"updatedAt":1507456165242,"version":0,"equiptypesname":"网络","equipopsname":"设置"},{"type":"NETWORK","equipment":"IP地址","operation":"CT","weight":5,"remark":"","status":1,"id":"2ed9a416-8f36-4483-a8ca-e461f8290628","createdAt":1507456164910,"updatedAt":1507456164910,"version":0,"equiptypesname":"网络","equipopsname":"冲突"},{"type":"SOFTWARE","equipment":"浏览器","operation":"FIX","weight":5,"remark":"","status":1,"id":"da65029a-7249-40bf-b4fc-15b76b204f85","createdAt":1507456164696,"updatedAt":1507456164696,"version":0,"equiptypesname":"软件","equipopsname":"故障"},{"type":"SOFTWARE","equipment":"浏览器","operation":"SETUP","weight":5,"remark":"","status":1,"id":"75baa0b0-52b6-4c40-b1b2-315eb42ef313","createdAt":1507456164606,"updatedAt":1507456164606,"version":0,"equiptypesname":"软件","equipopsname":"安装"},{"type":"HARDWARE","equipment":"打印机","operation":"FIX","weight":5,"remark":"","status":1,"id":"81adc2da-8eec-495d-b950-846aabe5658f","createdAt":1507456164511,"updatedAt":1507456164511,"version":0,"equiptypesname":"硬件","equipopsname":"故障"},{"type":"HARDWARE","equipment":"打印机","operation":"SETUP","weight":5,"remark":"","status":1,"id":"4891c141-83cc-4c55-bf65-8f7526068dec","createdAt":1507456164338,"updatedAt":1507456164338,"version":0,"equiptypesname":"硬件","equipopsname":"安装"},{"type":"HARDWARE","equipment":"电话","operation":"FIX","weight":5,"remark":"","status":1,"id":"295761bd-47b4-4caf-843b-e518b0f0bce8","createdAt":1507456164182,"updatedAt":1507456164182,"version":0,"equiptypesname":"硬件","equipopsname":"故障"},{"type":"HARDWARE","equipment":"电话","operation":"SETUP","weight":5,"remark":"","status":1,"id":"8d097c85-db25-4d35-8e13-d83b581ed279","createdAt":1507456164054,"updatedAt":1507456164054,"version":0,"equiptypesname":"硬件","equipopsname":"安装"}],"total":15}
*************** response log end ***************

[2017-10-08 17:52:53.840] [INFO] resLogger - 
*************** response log start ***************
request method: GET
request originalUrl:  /api/business/getequip/get/NETWORK?token=eyJhbGciOiJIUzI1NiIsInR5cCI6IkpXVCJ9.eyJkYXRhIjp7ImlkIjoiODQzMzE1MjAtMTgyNy00MTFjLWE4YjEtMmY3ZjEzZDRlYzQyIiwibmFtZSI6ImFkbWluIiwiZ2VuZGVyIjp0cnVlLCJlbWFpbCI6IjM3ODMzODYyN0BxcS5jb20ifSwiaWF0IjoxNTA3NDU2MzYzLCJleHAiOjE1MDc1NDI3NjN9.BuVKEYoFfA_vbD_JD_iASlG2rI7ZHee6WDjdk2hNvDQ
request client ip:  ::ffff:127.0.0.1
request query:  {"token":"eyJhbGciOiJIUzI1NiIsInR5cCI6IkpXVCJ9.eyJkYXRhIjp7ImlkIjoiODQzMzE1MjAtMTgyNy00MTFjLWE4YjEtMmY3ZjEzZDRlYzQyIiwibmFtZSI6ImFkbWluIiwiZ2VuZGVyIjp0cnVlLCJlbWFpbCI6IjM3ODMzODYyN0BxcS5jb20ifSwiaWF0IjoxNTA3NDU2MzYzLCJleHAiOjE1MDc1NDI3NjN9.BuVKEYoFfA_vbD_JD_iASlG2rI7ZHee6WDjdk2hNvDQ"}
response time: 104
response status: 200
response body: 
{"status":0,"data":[{"equipment":"IP地址"}]}
*************** response log end ***************

[2017-10-08 17:52:53.840] [INFO] resLogger - 
*************** response log start ***************
request method: GET
request originalUrl:  /api/corporations/list?token=eyJhbGciOiJIUzI1NiIsInR5cCI6IkpXVCJ9.eyJkYXRhIjp7ImlkIjoiODQzMzE1MjAtMTgyNy00MTFjLWE4YjEtMmY3ZjEzZDRlYzQyIiwibmFtZSI6ImFkbWluIiwiZ2VuZGVyIjp0cnVlLCJlbWFpbCI6IjM3ODMzODYyN0BxcS5jb20ifSwiaWF0IjoxNTA3NDU2MzYzLCJleHAiOjE1MDc1NDI3NjN9.BuVKEYoFfA_vbD_JD_iASlG2rI7ZHee6WDjdk2hNvDQ&group=ad4a1595-8ef9-427f-96ef-aa0772437991
request client ip:  ::ffff:127.0.0.1
request query:  {"token":"eyJhbGciOiJIUzI1NiIsInR5cCI6IkpXVCJ9.eyJkYXRhIjp7ImlkIjoiODQzMzE1MjAtMTgyNy00MTFjLWE4YjEtMmY3ZjEzZDRlYzQyIiwibmFtZSI6ImFkbWluIiwiZ2VuZGVyIjp0cnVlLCJlbWFpbCI6IjM3ODMzODYyN0BxcS5jb20ifSwiaWF0IjoxNTA3NDU2MzYzLCJleHAiOjE1MDc1NDI3NjN9.BuVKEYoFfA_vbD_JD_iASlG2rI7ZHee6WDjdk2hNvDQ","group":"ad4a1595-8ef9-427f-96ef-aa0772437991"}
response time: 187
response status: 200
response body: 
{"status":0,"data":[{"name":"控股公司","description":"控股公司","status":1,"groupId":"ad4a1595-8ef9-427f-96ef-aa0772437991","id":"87bee33b-72c6-4609-a4d0-b88c513c55ed","createdAt":1507456159627,"updatedAt":1507456159627,"version":0,"group":{"name":"控股","description":"group2","status":1,"id":"ad4a1595-8ef9-427f-96ef-aa0772437991","createdAt":1507456156966,"updatedAt":1507456156966,"version":0}}],"total":1}
*************** response log end ***************

[2017-10-08 17:52:54.059] [INFO] resLogger - 
*************** response log start ***************
request method: GET
request originalUrl:  /api/corporations/list?token=eyJhbGciOiJIUzI1NiIsInR5cCI6IkpXVCJ9.eyJkYXRhIjp7ImlkIjoiODQzMzE1MjAtMTgyNy00MTFjLWE4YjEtMmY3ZjEzZDRlYzQyIiwibmFtZSI6ImFkbWluIiwiZ2VuZGVyIjp0cnVlLCJlbWFpbCI6IjM3ODMzODYyN0BxcS5jb20ifSwiaWF0IjoxNTA3NDU2MzYzLCJleHAiOjE1MDc1NDI3NjN9.BuVKEYoFfA_vbD_JD_iASlG2rI7ZHee6WDjdk2hNvDQ&group=ad4a1595-8ef9-427f-96ef-aa0772437991
request client ip:  ::ffff:127.0.0.1
request query:  {"token":"eyJhbGciOiJIUzI1NiIsInR5cCI6IkpXVCJ9.eyJkYXRhIjp7ImlkIjoiODQzMzE1MjAtMTgyNy00MTFjLWE4YjEtMmY3ZjEzZDRlYzQyIiwibmFtZSI6ImFkbWluIiwiZ2VuZGVyIjp0cnVlLCJlbWFpbCI6IjM3ODMzODYyN0BxcS5jb20ifSwiaWF0IjoxNTA3NDU2MzYzLCJleHAiOjE1MDc1NDI3NjN9.BuVKEYoFfA_vbD_JD_iASlG2rI7ZHee6WDjdk2hNvDQ","group":"ad4a1595-8ef9-427f-96ef-aa0772437991"}
response time: 212
response status: 200
response body: 
{"status":0,"data":[{"name":"控股公司","description":"控股公司","status":1,"groupId":"ad4a1595-8ef9-427f-96ef-aa0772437991","id":"87bee33b-72c6-4609-a4d0-b88c513c55ed","createdAt":1507456159627,"updatedAt":1507456159627,"version":0,"group":{"name":"控股","description":"group2","status":1,"id":"ad4a1595-8ef9-427f-96ef-aa0772437991","createdAt":1507456156966,"updatedAt":1507456156966,"version":0}}],"total":1}
*************** response log end ***************

[2017-10-08 17:52:54.102] [INFO] resLogger - 
*************** response log start ***************
request method: GET
request originalUrl:  /api/corpBuildings/list/87bee33b-72c6-4609-a4d0-b88c513c55ed?token=eyJhbGciOiJIUzI1NiIsInR5cCI6IkpXVCJ9.eyJkYXRhIjp7ImlkIjoiODQzMzE1MjAtMTgyNy00MTFjLWE4YjEtMmY3ZjEzZDRlYzQyIiwibmFtZSI6ImFkbWluIiwiZ2VuZGVyIjp0cnVlLCJlbWFpbCI6IjM3ODMzODYyN0BxcS5jb20ifSwiaWF0IjoxNTA3NDU2MzYzLCJleHAiOjE1MDc1NDI3NjN9.BuVKEYoFfA_vbD_JD_iASlG2rI7ZHee6WDjdk2hNvDQ
request client ip:  ::ffff:127.0.0.1
request query:  {"token":"eyJhbGciOiJIUzI1NiIsInR5cCI6IkpXVCJ9.eyJkYXRhIjp7ImlkIjoiODQzMzE1MjAtMTgyNy00MTFjLWE4YjEtMmY3ZjEzZDRlYzQyIiwibmFtZSI6ImFkbWluIiwiZ2VuZGVyIjp0cnVlLCJlbWFpbCI6IjM3ODMzODYyN0BxcS5jb20ifSwiaWF0IjoxNTA3NDU2MzYzLCJleHAiOjE1MDc1NDI3NjN9.BuVKEYoFfA_vbD_JD_iASlG2rI7ZHee6WDjdk2hNvDQ"}
response time: 110
response status: 200
response body: 
{"status":0,"data":[{"corporationId":"87bee33b-72c6-4609-a4d0-b88c513c55ed","buildingId":"cd5e4a81-6b02-41ba-b4cd-1d076eb9c92b","floor":7,"position":"A","status":1,"id":"1e0b5031-0597-4d52-b7fa-3ff4d741106b","createdAt":1507456159974,"updatedAt":1507456159974,"version":0,"building":{"name":"商务大厦南楼","address":"南","minfloor":1,"maxfloor":15,"status":1,"id":"cd5e4a81-6b02-41ba-b4cd-1d076eb9c92b","createdAt":1507456157212,"updatedAt":1507456157212,"version":0}},{"corporationId":"87bee33b-72c6-4609-a4d0-b88c513c55ed","buildingId":"cd5e4a81-6b02-41ba-b4cd-1d076eb9c92b","floor":6,"position":"A","status":1,"id":"618936f9-4a23-4d97-a227-834d5b5b0e6d","createdAt":1507456159818,"updatedAt":1507456159818,"version":0,"building":{"name":"商务大厦南楼","address":"南","minfloor":1,"maxfloor":15,"status":1,"id":"cd5e4a81-6b02-41ba-b4cd-1d076eb9c92b","createdAt":1507456157212,"updatedAt":1507456157212,"version":0}}],"total":0}
*************** response log end ***************

[2017-10-08 17:52:54.109] [INFO] resLogger - 
*************** response log start ***************
request method: GET
request originalUrl:  /api/business/list?token=eyJhbGciOiJIUzI1NiIsInR5cCI6IkpXVCJ9.eyJkYXRhIjp7ImlkIjoiODQzMzE1MjAtMTgyNy00MTFjLWE4YjEtMmY3ZjEzZDRlYzQyIiwibmFtZSI6ImFkbWluIiwiZ2VuZGVyIjp0cnVlLCJlbWFpbCI6IjM3ODMzODYyN0BxcS5jb20ifSwiaWF0IjoxNTA3NDU2MzYzLCJleHAiOjE1MDc1NDI3NjN9.BuVKEYoFfA_vbD_JD_iASlG2rI7ZHee6WDjdk2hNvDQ&type=NETWORK&equipment=IP%E5%9C%B0%E5%9D%80
request client ip:  ::ffff:127.0.0.1
request query:  {"token":"eyJhbGciOiJIUzI1NiIsInR5cCI6IkpXVCJ9.eyJkYXRhIjp7ImlkIjoiODQzMzE1MjAtMTgyNy00MTFjLWE4YjEtMmY3ZjEzZDRlYzQyIiwibmFtZSI6ImFkbWluIiwiZ2VuZGVyIjp0cnVlLCJlbWFpbCI6IjM3ODMzODYyN0BxcS5jb20ifSwiaWF0IjoxNTA3NDU2MzYzLCJleHAiOjE1MDc1NDI3NjN9.BuVKEYoFfA_vbD_JD_iASlG2rI7ZHee6WDjdk2hNvDQ","type":"NETWORK","equipment":"IP地址"}
response time: 171
response status: 200
response body: 
{"status":0,"data":[{"type":"NETWORK","equipment":"IP地址","operation":"SET","weight":5,"remark":"","status":1,"id":"05c50fdc-47d4-492c-8174-f84aee73ebd9","createdAt":1507456165242,"updatedAt":1507456165242,"version":0,"equiptypesname":"网络","equipopsname":"设置"},{"type":"NETWORK","equipment":"IP地址","operation":"CT","weight":5,"remark":"","status":1,"id":"2ed9a416-8f36-4483-a8ca-e461f8290628","createdAt":1507456164910,"updatedAt":1507456164910,"version":0,"equiptypesname":"网络","equipopsname":"冲突"}],"total":2}
*************** response log end ***************

[2017-10-08 17:52:54.203] [INFO] resLogger - 
*************** response log start ***************
request method: GET
request originalUrl:  /api/corpBuildings/list/87bee33b-72c6-4609-a4d0-b88c513c55ed?token=eyJhbGciOiJIUzI1NiIsInR5cCI6IkpXVCJ9.eyJkYXRhIjp7ImlkIjoiODQzMzE1MjAtMTgyNy00MTFjLWE4YjEtMmY3ZjEzZDRlYzQyIiwibmFtZSI6ImFkbWluIiwiZ2VuZGVyIjp0cnVlLCJlbWFpbCI6IjM3ODMzODYyN0BxcS5jb20ifSwiaWF0IjoxNTA3NDU2MzYzLCJleHAiOjE1MDc1NDI3NjN9.BuVKEYoFfA_vbD_JD_iASlG2rI7ZHee6WDjdk2hNvDQ
request client ip:  ::ffff:127.0.0.1
request query:  {"token":"eyJhbGciOiJIUzI1NiIsInR5cCI6IkpXVCJ9.eyJkYXRhIjp7ImlkIjoiODQzMzE1MjAtMTgyNy00MTFjLWE4YjEtMmY3ZjEzZDRlYzQyIiwibmFtZSI6ImFkbWluIiwiZ2VuZGVyIjp0cnVlLCJlbWFpbCI6IjM3ODMzODYyN0BxcS5jb20ifSwiaWF0IjoxNTA3NDU2MzYzLCJleHAiOjE1MDc1NDI3NjN9.BuVKEYoFfA_vbD_JD_iASlG2rI7ZHee6WDjdk2hNvDQ"}
response time: 88
response status: 200
response body: 
{"status":0,"data":[{"corporationId":"87bee33b-72c6-4609-a4d0-b88c513c55ed","buildingId":"cd5e4a81-6b02-41ba-b4cd-1d076eb9c92b","floor":7,"position":"A","status":1,"id":"1e0b5031-0597-4d52-b7fa-3ff4d741106b","createdAt":1507456159974,"updatedAt":1507456159974,"version":0,"building":{"name":"商务大厦南楼","address":"南","minfloor":1,"maxfloor":15,"status":1,"id":"cd5e4a81-6b02-41ba-b4cd-1d076eb9c92b","createdAt":1507456157212,"updatedAt":1507456157212,"version":0}},{"corporationId":"87bee33b-72c6-4609-a4d0-b88c513c55ed","buildingId":"cd5e4a81-6b02-41ba-b4cd-1d076eb9c92b","floor":6,"position":"A","status":1,"id":"618936f9-4a23-4d97-a227-834d5b5b0e6d","createdAt":1507456159818,"updatedAt":1507456159818,"version":0,"building":{"name":"商务大厦南楼","address":"南","minfloor":1,"maxfloor":15,"status":1,"id":"cd5e4a81-6b02-41ba-b4cd-1d076eb9c92b","createdAt":1507456157212,"updatedAt":1507456157212,"version":0}}],"total":0}
*************** response log end ***************

[2017-10-08 17:55:14.904] [INFO] resLogger - 
*************** response log start ***************
request method: GET
request originalUrl:  /api/user/?token=eyJhbGciOiJIUzI1NiIsInR5cCI6IkpXVCJ9.eyJkYXRhIjp7ImlkIjoiODQzMzE1MjAtMTgyNy00MTFjLWE4YjEtMmY3ZjEzZDRlYzQyIiwibmFtZSI6ImFkbWluIiwiZ2VuZGVyIjp0cnVlLCJlbWFpbCI6IjM3ODMzODYyN0BxcS5jb20ifSwiaWF0IjoxNTA3NDU2MzYzLCJleHAiOjE1MDc1NDI3NjN9.BuVKEYoFfA_vbD_JD_iASlG2rI7ZHee6WDjdk2hNvDQ
request client ip:  ::ffff:127.0.0.1
request query:  {"token":"eyJhbGciOiJIUzI1NiIsInR5cCI6IkpXVCJ9.eyJkYXRhIjp7ImlkIjoiODQzMzE1MjAtMTgyNy00MTFjLWE4YjEtMmY3ZjEzZDRlYzQyIiwibmFtZSI6ImFkbWluIiwiZ2VuZGVyIjp0cnVlLCJlbWFpbCI6IjM3ODMzODYyN0BxcS5jb20ifSwiaWF0IjoxNTA3NDU2MzYzLCJleHAiOjE1MDc1NDI3NjN9.BuVKEYoFfA_vbD_JD_iASlG2rI7ZHee6WDjdk2hNvDQ"}
response time: 128
response status: 200
response body: 
{"status":0,"data":{"name":"admin","email":"378338627@qq.com","phone":"15822927208","password":"$2a$10$8nFubjmb7nMEeplWK1NB3uhbGmHhdAvRjDTLvkxqOLHx6H2UZlPRS","gender":true,"token":"eyJhbGciOiJIUzI1NiIsInR5cCI6IkpXVCJ9.eyJkYXRhIjp7ImlkIjoiODQzMzE1MjAtMTgyNy00MTFjLWE4YjEtMmY3ZjEzZDRlYzQyIiwibmFtZSI6ImFkbWluIiwiZ2VuZGVyIjp0cnVlLCJlbWFpbCI6IjM3ODMzODYyN0BxcS5jb20ifSwiaWF0IjoxNTA3NDU2MzYzLCJleHAiOjE1MDc1NDI3NjN9.BuVKEYoFfA_vbD_JD_iASlG2rI7ZHee6WDjdk2hNvDQ","canLogin":true,"status":1,"id":"84331520-1827-411c-a8b1-2f7f13d4ec42","createdAt":1507456156621,"updatedAt":1507456363053,"version":1}}
*************** response log end ***************

[2017-10-08 17:55:15.324] [INFO] resLogger - 
*************** response log start ***************
request method: GET
request originalUrl:  /api/groups/list?token=eyJhbGciOiJIUzI1NiIsInR5cCI6IkpXVCJ9.eyJkYXRhIjp7ImlkIjoiODQzMzE1MjAtMTgyNy00MTFjLWE4YjEtMmY3ZjEzZDRlYzQyIiwibmFtZSI6ImFkbWluIiwiZ2VuZGVyIjp0cnVlLCJlbWFpbCI6IjM3ODMzODYyN0BxcS5jb20ifSwiaWF0IjoxNTA3NDU2MzYzLCJleHAiOjE1MDc1NDI3NjN9.BuVKEYoFfA_vbD_JD_iASlG2rI7ZHee6WDjdk2hNvDQ
request client ip:  ::ffff:127.0.0.1
request query:  {"token":"eyJhbGciOiJIUzI1NiIsInR5cCI6IkpXVCJ9.eyJkYXRhIjp7ImlkIjoiODQzMzE1MjAtMTgyNy00MTFjLWE4YjEtMmY3ZjEzZDRlYzQyIiwibmFtZSI6ImFkbWluIiwiZ2VuZGVyIjp0cnVlLCJlbWFpbCI6IjM3ODMzODYyN0BxcS5jb20ifSwiaWF0IjoxNTA3NDU2MzYzLCJleHAiOjE1MDc1NDI3NjN9.BuVKEYoFfA_vbD_JD_iASlG2rI7ZHee6WDjdk2hNvDQ"}
response time: 254
response status: 200
response body: 
{"status":0,"data":[{"name":"控股","description":"group2","status":1,"id":"ad4a1595-8ef9-427f-96ef-aa0772437991","createdAt":1507456156966,"updatedAt":1507456156966,"version":0},{"name":"管委会","description":"group1","status":1,"id":"cd56534a-df7d-4128-b4a1-78cb1b90a4cd","createdAt":1507456156622,"updatedAt":1507456156622,"version":0}],"total":2}
*************** response log end ***************

[2017-10-08 17:55:15.377] [INFO] resLogger - 
*************** response log start ***************
request method: GET
request originalUrl:  /api/order/getorderno/get/2017/10/8?token=eyJhbGciOiJIUzI1NiIsInR5cCI6IkpXVCJ9.eyJkYXRhIjp7ImlkIjoiODQzMzE1MjAtMTgyNy00MTFjLWE4YjEtMmY3ZjEzZDRlYzQyIiwibmFtZSI6ImFkbWluIiwiZ2VuZGVyIjp0cnVlLCJlbWFpbCI6IjM3ODMzODYyN0BxcS5jb20ifSwiaWF0IjoxNTA3NDU2MzYzLCJleHAiOjE1MDc1NDI3NjN9.BuVKEYoFfA_vbD_JD_iASlG2rI7ZHee6WDjdk2hNvDQ
request client ip:  ::ffff:127.0.0.1
request query:  {"token":"eyJhbGciOiJIUzI1NiIsInR5cCI6IkpXVCJ9.eyJkYXRhIjp7ImlkIjoiODQzMzE1MjAtMTgyNy00MTFjLWE4YjEtMmY3ZjEzZDRlYzQyIiwibmFtZSI6ImFkbWluIiwiZ2VuZGVyIjp0cnVlLCJlbWFpbCI6IjM3ODMzODYyN0BxcS5jb20ifSwiaWF0IjoxNTA3NDU2MzYzLCJleHAiOjE1MDc1NDI3NjN9.BuVKEYoFfA_vbD_JD_iASlG2rI7ZHee6WDjdk2hNvDQ"}
response time: 210
response status: 200
response body: 
{"status":0,"data":"20171008000"}
*************** response log end ***************

[2017-10-08 17:55:15.420] [INFO] resLogger - 
*************** response log start ***************
request method: GET
request originalUrl:  /api/equipType/list?token=eyJhbGciOiJIUzI1NiIsInR5cCI6IkpXVCJ9.eyJkYXRhIjp7ImlkIjoiODQzMzE1MjAtMTgyNy00MTFjLWE4YjEtMmY3ZjEzZDRlYzQyIiwibmFtZSI6ImFkbWluIiwiZ2VuZGVyIjp0cnVlLCJlbWFpbCI6IjM3ODMzODYyN0BxcS5jb20ifSwiaWF0IjoxNTA3NDU2MzYzLCJleHAiOjE1MDc1NDI3NjN9.BuVKEYoFfA_vbD_JD_iASlG2rI7ZHee6WDjdk2hNvDQ
request client ip:  ::ffff:127.0.0.1
request query:  {"token":"eyJhbGciOiJIUzI1NiIsInR5cCI6IkpXVCJ9.eyJkYXRhIjp7ImlkIjoiODQzMzE1MjAtMTgyNy00MTFjLWE4YjEtMmY3ZjEzZDRlYzQyIiwibmFtZSI6ImFkbWluIiwiZ2VuZGVyIjp0cnVlLCJlbWFpbCI6IjM3ODMzODYyN0BxcS5jb20ifSwiaWF0IjoxNTA3NDU2MzYzLCJleHAiOjE1MDc1NDI3NjN9.BuVKEYoFfA_vbD_JD_iASlG2rI7ZHee6WDjdk2hNvDQ"}
response time: 233
response status: 200
response body: 
{"status":0,"data":[{"name":"网络","code":"NETWORK","id":"9130d0bf-c1ea-424a-a6d4-b4780602ade9","createdAt":1507456162507,"updatedAt":1507456162507,"version":0},{"name":"软件","code":"SOFTWARE","id":"b1c61c8c-5b9d-45df-9827-2a5021de29b2","createdAt":1507456162221,"updatedAt":1507456162221,"version":0},{"name":"硬件","code":"HARDWARE","id":"3bd9f08e-9272-439c-904a-33d0f5e32a6f","createdAt":1507456162032,"updatedAt":1507456162032,"version":0}]}
*************** response log end ***************

[2017-10-08 17:55:15.623] [INFO] resLogger - 
*************** response log start ***************
request method: GET
request originalUrl:  /api/business/list?token=eyJhbGciOiJIUzI1NiIsInR5cCI6IkpXVCJ9.eyJkYXRhIjp7ImlkIjoiODQzMzE1MjAtMTgyNy00MTFjLWE4YjEtMmY3ZjEzZDRlYzQyIiwibmFtZSI6ImFkbWluIiwiZ2VuZGVyIjp0cnVlLCJlbWFpbCI6IjM3ODMzODYyN0BxcS5jb20ifSwiaWF0IjoxNTA3NDU2MzYzLCJleHAiOjE1MDc1NDI3NjN9.BuVKEYoFfA_vbD_JD_iASlG2rI7ZHee6WDjdk2hNvDQ
request client ip:  ::ffff:127.0.0.1
request query:  {"token":"eyJhbGciOiJIUzI1NiIsInR5cCI6IkpXVCJ9.eyJkYXRhIjp7ImlkIjoiODQzMzE1MjAtMTgyNy00MTFjLWE4YjEtMmY3ZjEzZDRlYzQyIiwibmFtZSI6ImFkbWluIiwiZ2VuZGVyIjp0cnVlLCJlbWFpbCI6IjM3ODMzODYyN0BxcS5jb20ifSwiaWF0IjoxNTA3NDU2MzYzLCJleHAiOjE1MDc1NDI3NjN9.BuVKEYoFfA_vbD_JD_iASlG2rI7ZHee6WDjdk2hNvDQ"}
response time: 354
response status: 200
response body: 
{"status":0,"data":[{"type":"HARDWARE","equipment":"笔记本电脑","operation":"FIX","weight":5,"remark":"","status":1,"id":"2d025e32-8011-4390-bb9f-26c803150ce7","createdAt":1507456166471,"updatedAt":1507456166471,"version":0,"equiptypesname":"硬件","equipopsname":"故障"},{"type":"HARDWARE","equipment":"笔记本电脑","operation":"SETUP","weight":5,"remark":"","status":1,"id":"c84197ea-7588-4e86-9963-09a51800c2de","createdAt":1507456166370,"updatedAt":1507456166370,"version":0,"equiptypesname":"硬件","equipopsname":"安装"},{"type":"HARDWARE","equipment":"笔记本电脑","operation":"NOTSTART","weight":5,"remark":"","status":1,"id":"447fe366-971f-488d-adaa-a5f8c84d8700","createdAt":1507456166174,"updatedAt":1507456166174,"version":0,"equiptypesname":"硬件","equipopsname":"无法开机"},{"type":"HARDWARE","equipment":"电脑","operation":"SETUP","weight":5,"remark":"","status":1,"id":"be81c47d-54ae-4dfe-93de-6455b6faf7cb","createdAt":1507456165950,"updatedAt":1507456165950,"version":0,"equiptypesname":"硬件","equipopsname":"安装"},{"type":"HARDWARE","equipment":"电脑","operation":"NOTSTART","weight":5,"remark":"","status":1,"id":"c613c6be-22e5-4e7c-8265-efa153d7f935","createdAt":1507456165741,"updatedAt":1507456165741,"version":0,"equiptypesname":"硬件","equipopsname":"无法开机"},{"type":"SOFTWARE","equipment":"WORD","operation":"FIX","weight":5,"remark":"","status":1,"id":"6c4f873d-1c6e-460b-b3e4-e76fada3eac9","createdAt":1507456165581,"updatedAt":1507456165581,"version":0,"equiptypesname":"软件","equipopsname":"故障"},{"type":"SOFTWARE","equipment":"WORD","operation":"SETUP","weight":5,"remark":"","status":1,"id":"87abaf18-6f0a-4a38-9ba3-22a03b5ec5ee","createdAt":1507456165424,"updatedAt":1507456165424,"version":0,"equiptypesname":"软件","equipopsname":"安装"},{"type":"NETWORK","equipment":"IP地址","operation":"SET","weight":5,"remark":"","status":1,"id":"05c50fdc-47d4-492c-8174-f84aee73ebd9","createdAt":1507456165242,"updatedAt":1507456165242,"version":0,"equiptypesname":"网络","equipopsname":"设置"},{"type":"NETWORK","equipment":"IP地址","operation":"CT","weight":5,"remark":"","status":1,"id":"2ed9a416-8f36-4483-a8ca-e461f8290628","createdAt":1507456164910,"updatedAt":1507456164910,"version":0,"equiptypesname":"网络","equipopsname":"冲突"},{"type":"SOFTWARE","equipment":"浏览器","operation":"FIX","weight":5,"remark":"","status":1,"id":"da65029a-7249-40bf-b4fc-15b76b204f85","createdAt":1507456164696,"updatedAt":1507456164696,"version":0,"equiptypesname":"软件","equipopsname":"故障"},{"type":"SOFTWARE","equipment":"浏览器","operation":"SETUP","weight":5,"remark":"","status":1,"id":"75baa0b0-52b6-4c40-b1b2-315eb42ef313","createdAt":1507456164606,"updatedAt":1507456164606,"version":0,"equiptypesname":"软件","equipopsname":"安装"},{"type":"HARDWARE","equipment":"打印机","operation":"FIX","weight":5,"remark":"","status":1,"id":"81adc2da-8eec-495d-b950-846aabe5658f","createdAt":1507456164511,"updatedAt":1507456164511,"version":0,"equiptypesname":"硬件","equipopsname":"故障"},{"type":"HARDWARE","equipment":"打印机","operation":"SETUP","weight":5,"remark":"","status":1,"id":"4891c141-83cc-4c55-bf65-8f7526068dec","createdAt":1507456164338,"updatedAt":1507456164338,"version":0,"equiptypesname":"硬件","equipopsname":"安装"},{"type":"HARDWARE","equipment":"电话","operation":"FIX","weight":5,"remark":"","status":1,"id":"295761bd-47b4-4caf-843b-e518b0f0bce8","createdAt":1507456164182,"updatedAt":1507456164182,"version":0,"equiptypesname":"硬件","equipopsname":"故障"},{"type":"HARDWARE","equipment":"电话","operation":"SETUP","weight":5,"remark":"","status":1,"id":"8d097c85-db25-4d35-8e13-d83b581ed279","createdAt":1507456164054,"updatedAt":1507456164054,"version":0,"equiptypesname":"硬件","equipopsname":"安装"}],"total":15}
*************** response log end ***************

[2017-10-08 17:55:15.715] [INFO] resLogger - 
*************** response log start ***************
request method: GET
request originalUrl:  /api/groups/list?token=eyJhbGciOiJIUzI1NiIsInR5cCI6IkpXVCJ9.eyJkYXRhIjp7ImlkIjoiODQzMzE1MjAtMTgyNy00MTFjLWE4YjEtMmY3ZjEzZDRlYzQyIiwibmFtZSI6ImFkbWluIiwiZ2VuZGVyIjp0cnVlLCJlbWFpbCI6IjM3ODMzODYyN0BxcS5jb20ifSwiaWF0IjoxNTA3NDU2MzYzLCJleHAiOjE1MDc1NDI3NjN9.BuVKEYoFfA_vbD_JD_iASlG2rI7ZHee6WDjdk2hNvDQ
request client ip:  ::ffff:127.0.0.1
request query:  {"token":"eyJhbGciOiJIUzI1NiIsInR5cCI6IkpXVCJ9.eyJkYXRhIjp7ImlkIjoiODQzMzE1MjAtMTgyNy00MTFjLWE4YjEtMmY3ZjEzZDRlYzQyIiwibmFtZSI6ImFkbWluIiwiZ2VuZGVyIjp0cnVlLCJlbWFpbCI6IjM3ODMzODYyN0BxcS5jb20ifSwiaWF0IjoxNTA3NDU2MzYzLCJleHAiOjE1MDc1NDI3NjN9.BuVKEYoFfA_vbD_JD_iASlG2rI7ZHee6WDjdk2hNvDQ"}
response time: 284
response status: 200
response body: 
{"status":0,"data":[{"name":"控股","description":"group2","status":1,"id":"ad4a1595-8ef9-427f-96ef-aa0772437991","createdAt":1507456156966,"updatedAt":1507456156966,"version":0},{"name":"管委会","description":"group1","status":1,"id":"cd56534a-df7d-4128-b4a1-78cb1b90a4cd","createdAt":1507456156622,"updatedAt":1507456156622,"version":0}],"total":2}
*************** response log end ***************

[2017-10-08 17:55:15.740] [INFO] resLogger - 
*************** response log start ***************
request method: GET
request originalUrl:  /api/corporations/list?token=eyJhbGciOiJIUzI1NiIsInR5cCI6IkpXVCJ9.eyJkYXRhIjp7ImlkIjoiODQzMzE1MjAtMTgyNy00MTFjLWE4YjEtMmY3ZjEzZDRlYzQyIiwibmFtZSI6ImFkbWluIiwiZ2VuZGVyIjp0cnVlLCJlbWFpbCI6IjM3ODMzODYyN0BxcS5jb20ifSwiaWF0IjoxNTA3NDU2MzYzLCJleHAiOjE1MDc1NDI3NjN9.BuVKEYoFfA_vbD_JD_iASlG2rI7ZHee6WDjdk2hNvDQ&group=ad4a1595-8ef9-427f-96ef-aa0772437991
request client ip:  ::ffff:127.0.0.1
request query:  {"token":"eyJhbGciOiJIUzI1NiIsInR5cCI6IkpXVCJ9.eyJkYXRhIjp7ImlkIjoiODQzMzE1MjAtMTgyNy00MTFjLWE4YjEtMmY3ZjEzZDRlYzQyIiwibmFtZSI6ImFkbWluIiwiZ2VuZGVyIjp0cnVlLCJlbWFpbCI6IjM3ODMzODYyN0BxcS5jb20ifSwiaWF0IjoxNTA3NDU2MzYzLCJleHAiOjE1MDc1NDI3NjN9.BuVKEYoFfA_vbD_JD_iASlG2rI7ZHee6WDjdk2hNvDQ","group":"ad4a1595-8ef9-427f-96ef-aa0772437991"}
response time: 233
response status: 200
response body: 
{"status":0,"data":[{"name":"控股公司","description":"控股公司","status":1,"groupId":"ad4a1595-8ef9-427f-96ef-aa0772437991","id":"87bee33b-72c6-4609-a4d0-b88c513c55ed","createdAt":1507456159627,"updatedAt":1507456159627,"version":0,"group":{"name":"控股","description":"group2","status":1,"id":"ad4a1595-8ef9-427f-96ef-aa0772437991","createdAt":1507456156966,"updatedAt":1507456156966,"version":0}}],"total":1}
*************** response log end ***************

[2017-10-08 17:55:15.766] [INFO] resLogger - 
*************** response log start ***************
request method: GET
request originalUrl:  /api/business/getequip/get/NETWORK?token=eyJhbGciOiJIUzI1NiIsInR5cCI6IkpXVCJ9.eyJkYXRhIjp7ImlkIjoiODQzMzE1MjAtMTgyNy00MTFjLWE4YjEtMmY3ZjEzZDRlYzQyIiwibmFtZSI6ImFkbWluIiwiZ2VuZGVyIjp0cnVlLCJlbWFpbCI6IjM3ODMzODYyN0BxcS5jb20ifSwiaWF0IjoxNTA3NDU2MzYzLCJleHAiOjE1MDc1NDI3NjN9.BuVKEYoFfA_vbD_JD_iASlG2rI7ZHee6WDjdk2hNvDQ
request client ip:  ::ffff:127.0.0.1
request query:  {"token":"eyJhbGciOiJIUzI1NiIsInR5cCI6IkpXVCJ9.eyJkYXRhIjp7ImlkIjoiODQzMzE1MjAtMTgyNy00MTFjLWE4YjEtMmY3ZjEzZDRlYzQyIiwibmFtZSI6ImFkbWluIiwiZ2VuZGVyIjp0cnVlLCJlbWFpbCI6IjM3ODMzODYyN0BxcS5jb20ifSwiaWF0IjoxNTA3NDU2MzYzLCJleHAiOjE1MDc1NDI3NjN9.BuVKEYoFfA_vbD_JD_iASlG2rI7ZHee6WDjdk2hNvDQ"}
response time: 104
response status: 200
response body: 
{"status":0,"data":[{"equipment":"IP地址"}]}
*************** response log end ***************

[2017-10-08 17:55:15.956] [INFO] resLogger - 
*************** response log start ***************
request method: GET
request originalUrl:  /api/corporations/list?token=eyJhbGciOiJIUzI1NiIsInR5cCI6IkpXVCJ9.eyJkYXRhIjp7ImlkIjoiODQzMzE1MjAtMTgyNy00MTFjLWE4YjEtMmY3ZjEzZDRlYzQyIiwibmFtZSI6ImFkbWluIiwiZ2VuZGVyIjp0cnVlLCJlbWFpbCI6IjM3ODMzODYyN0BxcS5jb20ifSwiaWF0IjoxNTA3NDU2MzYzLCJleHAiOjE1MDc1NDI3NjN9.BuVKEYoFfA_vbD_JD_iASlG2rI7ZHee6WDjdk2hNvDQ&group=ad4a1595-8ef9-427f-96ef-aa0772437991
request client ip:  ::ffff:127.0.0.1
request query:  {"token":"eyJhbGciOiJIUzI1NiIsInR5cCI6IkpXVCJ9.eyJkYXRhIjp7ImlkIjoiODQzMzE1MjAtMTgyNy00MTFjLWE4YjEtMmY3ZjEzZDRlYzQyIiwibmFtZSI6ImFkbWluIiwiZ2VuZGVyIjp0cnVlLCJlbWFpbCI6IjM3ODMzODYyN0BxcS5jb20ifSwiaWF0IjoxNTA3NDU2MzYzLCJleHAiOjE1MDc1NDI3NjN9.BuVKEYoFfA_vbD_JD_iASlG2rI7ZHee6WDjdk2hNvDQ","group":"ad4a1595-8ef9-427f-96ef-aa0772437991"}
response time: 187
response status: 200
response body: 
{"status":0,"data":[{"name":"控股公司","description":"控股公司","status":1,"groupId":"ad4a1595-8ef9-427f-96ef-aa0772437991","id":"87bee33b-72c6-4609-a4d0-b88c513c55ed","createdAt":1507456159627,"updatedAt":1507456159627,"version":0,"group":{"name":"控股","description":"group2","status":1,"id":"ad4a1595-8ef9-427f-96ef-aa0772437991","createdAt":1507456156966,"updatedAt":1507456156966,"version":0}}],"total":1}
*************** response log end ***************

[2017-10-08 17:55:15.956] [INFO] resLogger - 
*************** response log start ***************
request method: GET
request originalUrl:  /api/corpBuildings/list/87bee33b-72c6-4609-a4d0-b88c513c55ed?token=eyJhbGciOiJIUzI1NiIsInR5cCI6IkpXVCJ9.eyJkYXRhIjp7ImlkIjoiODQzMzE1MjAtMTgyNy00MTFjLWE4YjEtMmY3ZjEzZDRlYzQyIiwibmFtZSI6ImFkbWluIiwiZ2VuZGVyIjp0cnVlLCJlbWFpbCI6IjM3ODMzODYyN0BxcS5jb20ifSwiaWF0IjoxNTA3NDU2MzYzLCJleHAiOjE1MDc1NDI3NjN9.BuVKEYoFfA_vbD_JD_iASlG2rI7ZHee6WDjdk2hNvDQ
request client ip:  ::ffff:127.0.0.1
request query:  {"token":"eyJhbGciOiJIUzI1NiIsInR5cCI6IkpXVCJ9.eyJkYXRhIjp7ImlkIjoiODQzMzE1MjAtMTgyNy00MTFjLWE4YjEtMmY3ZjEzZDRlYzQyIiwibmFtZSI6ImFkbWluIiwiZ2VuZGVyIjp0cnVlLCJlbWFpbCI6IjM3ODMzODYyN0BxcS5jb20ifSwiaWF0IjoxNTA3NDU2MzYzLCJleHAiOjE1MDc1NDI3NjN9.BuVKEYoFfA_vbD_JD_iASlG2rI7ZHee6WDjdk2hNvDQ"}
response time: 132
response status: 200
response body: 
{"status":0,"data":[{"corporationId":"87bee33b-72c6-4609-a4d0-b88c513c55ed","buildingId":"cd5e4a81-6b02-41ba-b4cd-1d076eb9c92b","floor":7,"position":"A","status":1,"id":"1e0b5031-0597-4d52-b7fa-3ff4d741106b","createdAt":1507456159974,"updatedAt":1507456159974,"version":0,"building":{"name":"商务大厦南楼","address":"南","minfloor":1,"maxfloor":15,"status":1,"id":"cd5e4a81-6b02-41ba-b4cd-1d076eb9c92b","createdAt":1507456157212,"updatedAt":1507456157212,"version":0}},{"corporationId":"87bee33b-72c6-4609-a4d0-b88c513c55ed","buildingId":"cd5e4a81-6b02-41ba-b4cd-1d076eb9c92b","floor":6,"position":"A","status":1,"id":"618936f9-4a23-4d97-a227-834d5b5b0e6d","createdAt":1507456159818,"updatedAt":1507456159818,"version":0,"building":{"name":"商务大厦南楼","address":"南","minfloor":1,"maxfloor":15,"status":1,"id":"cd5e4a81-6b02-41ba-b4cd-1d076eb9c92b","createdAt":1507456157212,"updatedAt":1507456157212,"version":0}}],"total":0}
*************** response log end ***************

[2017-10-08 17:55:16.014] [INFO] resLogger - 
*************** response log start ***************
request method: GET
request originalUrl:  /api/business/list?token=eyJhbGciOiJIUzI1NiIsInR5cCI6IkpXVCJ9.eyJkYXRhIjp7ImlkIjoiODQzMzE1MjAtMTgyNy00MTFjLWE4YjEtMmY3ZjEzZDRlYzQyIiwibmFtZSI6ImFkbWluIiwiZ2VuZGVyIjp0cnVlLCJlbWFpbCI6IjM3ODMzODYyN0BxcS5jb20ifSwiaWF0IjoxNTA3NDU2MzYzLCJleHAiOjE1MDc1NDI3NjN9.BuVKEYoFfA_vbD_JD_iASlG2rI7ZHee6WDjdk2hNvDQ&type=NETWORK&equipment=IP%E5%9C%B0%E5%9D%80
request client ip:  ::ffff:127.0.0.1
request query:  {"token":"eyJhbGciOiJIUzI1NiIsInR5cCI6IkpXVCJ9.eyJkYXRhIjp7ImlkIjoiODQzMzE1MjAtMTgyNy00MTFjLWE4YjEtMmY3ZjEzZDRlYzQyIiwibmFtZSI6ImFkbWluIiwiZ2VuZGVyIjp0cnVlLCJlbWFpbCI6IjM3ODMzODYyN0BxcS5jb20ifSwiaWF0IjoxNTA3NDU2MzYzLCJleHAiOjE1MDc1NDI3NjN9.BuVKEYoFfA_vbD_JD_iASlG2rI7ZHee6WDjdk2hNvDQ","type":"NETWORK","equipment":"IP地址"}
response time: 112
response status: 200
response body: 
{"status":0,"data":[{"type":"NETWORK","equipment":"IP地址","operation":"SET","weight":5,"remark":"","status":1,"id":"05c50fdc-47d4-492c-8174-f84aee73ebd9","createdAt":1507456165242,"updatedAt":1507456165242,"version":0,"equiptypesname":"网络","equipopsname":"设置"},{"type":"NETWORK","equipment":"IP地址","operation":"CT","weight":5,"remark":"","status":1,"id":"2ed9a416-8f36-4483-a8ca-e461f8290628","createdAt":1507456164910,"updatedAt":1507456164910,"version":0,"equiptypesname":"网络","equipopsname":"冲突"}],"total":2}
*************** response log end ***************

[2017-10-08 17:55:16.083] [INFO] resLogger - 
*************** response log start ***************
request method: GET
request originalUrl:  /api/corpBuildings/list/87bee33b-72c6-4609-a4d0-b88c513c55ed?token=eyJhbGciOiJIUzI1NiIsInR5cCI6IkpXVCJ9.eyJkYXRhIjp7ImlkIjoiODQzMzE1MjAtMTgyNy00MTFjLWE4YjEtMmY3ZjEzZDRlYzQyIiwibmFtZSI6ImFkbWluIiwiZ2VuZGVyIjp0cnVlLCJlbWFpbCI6IjM3ODMzODYyN0BxcS5jb20ifSwiaWF0IjoxNTA3NDU2MzYzLCJleHAiOjE1MDc1NDI3NjN9.BuVKEYoFfA_vbD_JD_iASlG2rI7ZHee6WDjdk2hNvDQ
request client ip:  ::ffff:127.0.0.1
request query:  {"token":"eyJhbGciOiJIUzI1NiIsInR5cCI6IkpXVCJ9.eyJkYXRhIjp7ImlkIjoiODQzMzE1MjAtMTgyNy00MTFjLWE4YjEtMmY3ZjEzZDRlYzQyIiwibmFtZSI6ImFkbWluIiwiZ2VuZGVyIjp0cnVlLCJlbWFpbCI6IjM3ODMzODYyN0BxcS5jb20ifSwiaWF0IjoxNTA3NDU2MzYzLCJleHAiOjE1MDc1NDI3NjN9.BuVKEYoFfA_vbD_JD_iASlG2rI7ZHee6WDjdk2hNvDQ"}
response time: 65
response status: 200
response body: 
{"status":0,"data":[{"corporationId":"87bee33b-72c6-4609-a4d0-b88c513c55ed","buildingId":"cd5e4a81-6b02-41ba-b4cd-1d076eb9c92b","floor":7,"position":"A","status":1,"id":"1e0b5031-0597-4d52-b7fa-3ff4d741106b","createdAt":1507456159974,"updatedAt":1507456159974,"version":0,"building":{"name":"商务大厦南楼","address":"南","minfloor":1,"maxfloor":15,"status":1,"id":"cd5e4a81-6b02-41ba-b4cd-1d076eb9c92b","createdAt":1507456157212,"updatedAt":1507456157212,"version":0}},{"corporationId":"87bee33b-72c6-4609-a4d0-b88c513c55ed","buildingId":"cd5e4a81-6b02-41ba-b4cd-1d076eb9c92b","floor":6,"position":"A","status":1,"id":"618936f9-4a23-4d97-a227-834d5b5b0e6d","createdAt":1507456159818,"updatedAt":1507456159818,"version":0,"building":{"name":"商务大厦南楼","address":"南","minfloor":1,"maxfloor":15,"status":1,"id":"cd5e4a81-6b02-41ba-b4cd-1d076eb9c92b","createdAt":1507456157212,"updatedAt":1507456157212,"version":0}}],"total":0}
*************** response log end ***************

