[2017-09-15 10:00:50.532] [INFO] resLogger - 
*************** response log start ***************
request method: GET
request originalUrl:  /api/user/?token=eyJhbGciOiJIUzI1NiIsInR5cCI6IkpXVCJ9.eyJkYXRhIjp7ImlkIjoiMTRmYjYxMmYtYWNjOC00YmFmLTkzY2UtMzJjM2ZhNDYxNzY0IiwibmFtZSI6ImFkbWluIiwiZ2VuZGVyIjp0cnVlLCJlbWFpbCI6IjM3ODMzODYyN0BxcS5jb20ifSwiaWF0IjoxNTA1NDM4MDAxLCJleHAiOjE1MDU1MjQ0MDF9.Ha-_a9NKRxfSccX39MimcO1h7cHfKkbZ9Er8Oiqhpvo
request client ip:  ::ffff:127.0.0.1
request query:  {"token":"eyJhbGciOiJIUzI1NiIsInR5cCI6IkpXVCJ9.eyJkYXRhIjp7ImlkIjoiMTRmYjYxMmYtYWNjOC00YmFmLTkzY2UtMzJjM2ZhNDYxNzY0IiwibmFtZSI6ImFkbWluIiwiZ2VuZGVyIjp0cnVlLCJlbWFpbCI6IjM3ODMzODYyN0BxcS5jb20ifSwiaWF0IjoxNTA1NDM4MDAxLCJleHAiOjE1MDU1MjQ0MDF9.Ha-_a9NKRxfSccX39MimcO1h7cHfKkbZ9Er8Oiqhpvo"}
response time: 73
response status: 200
response body: 
{"status":0,"data":{"name":"admin","email":"378338627@qq.com","phone":"15822927208","password":"$2a$10$qahKqX4gVI/5GJ4aK7oo.ObquLL02VC8MO0WG.HmCSttP9fiZkGkm","gender":true,"token":"eyJhbGciOiJIUzI1NiIsInR5cCI6IkpXVCJ9.eyJkYXRhIjp7ImlkIjoiMTRmYjYxMmYtYWNjOC00YmFmLTkzY2UtMzJjM2ZhNDYxNzY0IiwibmFtZSI6ImFkbWluIiwiZ2VuZGVyIjp0cnVlLCJlbWFpbCI6IjM3ODMzODYyN0BxcS5jb20ifSwiaWF0IjoxNTA1NDM4MDAxLCJleHAiOjE1MDU1MjQ0MDF9.Ha-_a9NKRxfSccX39MimcO1h7cHfKkbZ9Er8Oiqhpvo","canLogin":true,"status":1,"id":"14fb612f-acc8-4baf-93ce-32c3fa461764","createdAt":1505273858748,"updatedAt":1505438001525,"version":2}}
*************** response log end ***************

[2017-09-15 10:00:50.990] [INFO] resLogger - 
*************** response log start ***************
request method: GET
request originalUrl:  /api/business/list/page/1?token=eyJhbGciOiJIUzI1NiIsInR5cCI6IkpXVCJ9.eyJkYXRhIjp7ImlkIjoiMTRmYjYxMmYtYWNjOC00YmFmLTkzY2UtMzJjM2ZhNDYxNzY0IiwibmFtZSI6ImFkbWluIiwiZ2VuZGVyIjp0cnVlLCJlbWFpbCI6IjM3ODMzODYyN0BxcS5jb20ifSwiaWF0IjoxNTA1NDM4MDAxLCJleHAiOjE1MDU1MjQ0MDF9.Ha-_a9NKRxfSccX39MimcO1h7cHfKkbZ9Er8Oiqhpvo
request client ip:  ::ffff:127.0.0.1
request query:  {"token":"eyJhbGciOiJIUzI1NiIsInR5cCI6IkpXVCJ9.eyJkYXRhIjp7ImlkIjoiMTRmYjYxMmYtYWNjOC00YmFmLTkzY2UtMzJjM2ZhNDYxNzY0IiwibmFtZSI6ImFkbWluIiwiZ2VuZGVyIjp0cnVlLCJlbWFpbCI6IjM3ODMzODYyN0BxcS5jb20ifSwiaWF0IjoxNTA1NDM4MDAxLCJleHAiOjE1MDU1MjQ0MDF9.Ha-_a9NKRxfSccX39MimcO1h7cHfKkbZ9Er8Oiqhpvo"}
response time: 129
response status: 200
response body: 
{"status":0,"data":[],"total":0}
*************** response log end ***************

[2017-09-15 10:00:50.999] [INFO] resLogger - 
*************** response log start ***************
request method: GET
request originalUrl:  /api/business/getequip/get?token=eyJhbGciOiJIUzI1NiIsInR5cCI6IkpXVCJ9.eyJkYXRhIjp7ImlkIjoiMTRmYjYxMmYtYWNjOC00YmFmLTkzY2UtMzJjM2ZhNDYxNzY0IiwibmFtZSI6ImFkbWluIiwiZ2VuZGVyIjp0cnVlLCJlbWFpbCI6IjM3ODMzODYyN0BxcS5jb20ifSwiaWF0IjoxNTA1NDM4MDAxLCJleHAiOjE1MDU1MjQ0MDF9.Ha-_a9NKRxfSccX39MimcO1h7cHfKkbZ9Er8Oiqhpvo
request client ip:  ::ffff:127.0.0.1
request query:  {"token":"eyJhbGciOiJIUzI1NiIsInR5cCI6IkpXVCJ9.eyJkYXRhIjp7ImlkIjoiMTRmYjYxMmYtYWNjOC00YmFmLTkzY2UtMzJjM2ZhNDYxNzY0IiwibmFtZSI6ImFkbWluIiwiZ2VuZGVyIjp0cnVlLCJlbWFpbCI6IjM3ODMzODYyN0BxcS5jb20ifSwiaWF0IjoxNTA1NDM4MDAxLCJleHAiOjE1MDU1MjQ0MDF9.Ha-_a9NKRxfSccX39MimcO1h7cHfKkbZ9Er8Oiqhpvo"}
response time: 65
response status: 200
response body: 
{"status":0,"data":[]}
*************** response log end ***************

[2017-09-15 10:01:11.088] [INFO] resLogger - 
*************** response log start ***************
request method: GET
request originalUrl:  /api/user/?token=eyJhbGciOiJIUzI1NiIsInR5cCI6IkpXVCJ9.eyJkYXRhIjp7ImlkIjoiMTRmYjYxMmYtYWNjOC00YmFmLTkzY2UtMzJjM2ZhNDYxNzY0IiwibmFtZSI6ImFkbWluIiwiZ2VuZGVyIjp0cnVlLCJlbWFpbCI6IjM3ODMzODYyN0BxcS5jb20ifSwiaWF0IjoxNTA1NDM4MDAxLCJleHAiOjE1MDU1MjQ0MDF9.Ha-_a9NKRxfSccX39MimcO1h7cHfKkbZ9Er8Oiqhpvo
request client ip:  ::ffff:127.0.0.1
request query:  {"token":"eyJhbGciOiJIUzI1NiIsInR5cCI6IkpXVCJ9.eyJkYXRhIjp7ImlkIjoiMTRmYjYxMmYtYWNjOC00YmFmLTkzY2UtMzJjM2ZhNDYxNzY0IiwibmFtZSI6ImFkbWluIiwiZ2VuZGVyIjp0cnVlLCJlbWFpbCI6IjM3ODMzODYyN0BxcS5jb20ifSwiaWF0IjoxNTA1NDM4MDAxLCJleHAiOjE1MDU1MjQ0MDF9.Ha-_a9NKRxfSccX39MimcO1h7cHfKkbZ9Er8Oiqhpvo"}
response time: 55
response status: 200
response body: 
{"status":0,"data":{"name":"admin","email":"378338627@qq.com","phone":"15822927208","password":"$2a$10$qahKqX4gVI/5GJ4aK7oo.ObquLL02VC8MO0WG.HmCSttP9fiZkGkm","gender":true,"token":"eyJhbGciOiJIUzI1NiIsInR5cCI6IkpXVCJ9.eyJkYXRhIjp7ImlkIjoiMTRmYjYxMmYtYWNjOC00YmFmLTkzY2UtMzJjM2ZhNDYxNzY0IiwibmFtZSI6ImFkbWluIiwiZ2VuZGVyIjp0cnVlLCJlbWFpbCI6IjM3ODMzODYyN0BxcS5jb20ifSwiaWF0IjoxNTA1NDM4MDAxLCJleHAiOjE1MDU1MjQ0MDF9.Ha-_a9NKRxfSccX39MimcO1h7cHfKkbZ9Er8Oiqhpvo","canLogin":true,"status":1,"id":"14fb612f-acc8-4baf-93ce-32c3fa461764","createdAt":1505273858748,"updatedAt":1505438001525,"version":2}}
*************** response log end ***************

[2017-09-15 10:01:11.333] [INFO] resLogger - 
*************** response log start ***************
request method: GET
request originalUrl:  /api/business/list/page/1?token=eyJhbGciOiJIUzI1NiIsInR5cCI6IkpXVCJ9.eyJkYXRhIjp7ImlkIjoiMTRmYjYxMmYtYWNjOC00YmFmLTkzY2UtMzJjM2ZhNDYxNzY0IiwibmFtZSI6ImFkbWluIiwiZ2VuZGVyIjp0cnVlLCJlbWFpbCI6IjM3ODMzODYyN0BxcS5jb20ifSwiaWF0IjoxNTA1NDM4MDAxLCJleHAiOjE1MDU1MjQ0MDF9.Ha-_a9NKRxfSccX39MimcO1h7cHfKkbZ9Er8Oiqhpvo
request client ip:  ::ffff:127.0.0.1
request query:  {"token":"eyJhbGciOiJIUzI1NiIsInR5cCI6IkpXVCJ9.eyJkYXRhIjp7ImlkIjoiMTRmYjYxMmYtYWNjOC00YmFmLTkzY2UtMzJjM2ZhNDYxNzY0IiwibmFtZSI6ImFkbWluIiwiZ2VuZGVyIjp0cnVlLCJlbWFpbCI6IjM3ODMzODYyN0BxcS5jb20ifSwiaWF0IjoxNTA1NDM4MDAxLCJleHAiOjE1MDU1MjQ0MDF9.Ha-_a9NKRxfSccX39MimcO1h7cHfKkbZ9Er8Oiqhpvo"}
response time: 97
response status: 200
response body: 
{"status":0,"data":[],"total":0}
*************** response log end ***************

[2017-09-15 10:01:11.350] [INFO] resLogger - 
*************** response log start ***************
request method: GET
request originalUrl:  /api/business/getequip/get?token=eyJhbGciOiJIUzI1NiIsInR5cCI6IkpXVCJ9.eyJkYXRhIjp7ImlkIjoiMTRmYjYxMmYtYWNjOC00YmFmLTkzY2UtMzJjM2ZhNDYxNzY0IiwibmFtZSI6ImFkbWluIiwiZ2VuZGVyIjp0cnVlLCJlbWFpbCI6IjM3ODMzODYyN0BxcS5jb20ifSwiaWF0IjoxNTA1NDM4MDAxLCJleHAiOjE1MDU1MjQ0MDF9.Ha-_a9NKRxfSccX39MimcO1h7cHfKkbZ9Er8Oiqhpvo
request client ip:  ::ffff:127.0.0.1
request query:  {"token":"eyJhbGciOiJIUzI1NiIsInR5cCI6IkpXVCJ9.eyJkYXRhIjp7ImlkIjoiMTRmYjYxMmYtYWNjOC00YmFmLTkzY2UtMzJjM2ZhNDYxNzY0IiwibmFtZSI6ImFkbWluIiwiZ2VuZGVyIjp0cnVlLCJlbWFpbCI6IjM3ODMzODYyN0BxcS5jb20ifSwiaWF0IjoxNTA1NDM4MDAxLCJleHAiOjE1MDU1MjQ0MDF9.Ha-_a9NKRxfSccX39MimcO1h7cHfKkbZ9Er8Oiqhpvo"}
response time: 59
response status: 200
response body: 
{"status":0,"data":[]}
*************** response log end ***************

[2017-09-15 10:01:38.992] [INFO] resLogger - 
*************** response log start ***************
request method: GET
request originalUrl:  /api/user/?token=eyJhbGciOiJIUzI1NiIsInR5cCI6IkpXVCJ9.eyJkYXRhIjp7ImlkIjoiMTRmYjYxMmYtYWNjOC00YmFmLTkzY2UtMzJjM2ZhNDYxNzY0IiwibmFtZSI6ImFkbWluIiwiZ2VuZGVyIjp0cnVlLCJlbWFpbCI6IjM3ODMzODYyN0BxcS5jb20ifSwiaWF0IjoxNTA1NDM4MDAxLCJleHAiOjE1MDU1MjQ0MDF9.Ha-_a9NKRxfSccX39MimcO1h7cHfKkbZ9Er8Oiqhpvo
request client ip:  ::ffff:127.0.0.1
request query:  {"token":"eyJhbGciOiJIUzI1NiIsInR5cCI6IkpXVCJ9.eyJkYXRhIjp7ImlkIjoiMTRmYjYxMmYtYWNjOC00YmFmLTkzY2UtMzJjM2ZhNDYxNzY0IiwibmFtZSI6ImFkbWluIiwiZ2VuZGVyIjp0cnVlLCJlbWFpbCI6IjM3ODMzODYyN0BxcS5jb20ifSwiaWF0IjoxNTA1NDM4MDAxLCJleHAiOjE1MDU1MjQ0MDF9.Ha-_a9NKRxfSccX39MimcO1h7cHfKkbZ9Er8Oiqhpvo"}
response time: 177
response status: 200
response body: 
{"status":0,"data":{"name":"admin","email":"378338627@qq.com","phone":"15822927208","password":"$2a$10$qahKqX4gVI/5GJ4aK7oo.ObquLL02VC8MO0WG.HmCSttP9fiZkGkm","gender":true,"token":"eyJhbGciOiJIUzI1NiIsInR5cCI6IkpXVCJ9.eyJkYXRhIjp7ImlkIjoiMTRmYjYxMmYtYWNjOC00YmFmLTkzY2UtMzJjM2ZhNDYxNzY0IiwibmFtZSI6ImFkbWluIiwiZ2VuZGVyIjp0cnVlLCJlbWFpbCI6IjM3ODMzODYyN0BxcS5jb20ifSwiaWF0IjoxNTA1NDM4MDAxLCJleHAiOjE1MDU1MjQ0MDF9.Ha-_a9NKRxfSccX39MimcO1h7cHfKkbZ9Er8Oiqhpvo","canLogin":true,"status":1,"id":"14fb612f-acc8-4baf-93ce-32c3fa461764","createdAt":1505273858748,"updatedAt":1505438001525,"version":2}}
*************** response log end ***************

[2017-09-15 10:01:39.216] [INFO] resLogger - 
*************** response log start ***************
request method: GET
request originalUrl:  /api/business/list/page/1?token=eyJhbGciOiJIUzI1NiIsInR5cCI6IkpXVCJ9.eyJkYXRhIjp7ImlkIjoiMTRmYjYxMmYtYWNjOC00YmFmLTkzY2UtMzJjM2ZhNDYxNzY0IiwibmFtZSI6ImFkbWluIiwiZ2VuZGVyIjp0cnVlLCJlbWFpbCI6IjM3ODMzODYyN0BxcS5jb20ifSwiaWF0IjoxNTA1NDM4MDAxLCJleHAiOjE1MDU1MjQ0MDF9.Ha-_a9NKRxfSccX39MimcO1h7cHfKkbZ9Er8Oiqhpvo
request client ip:  ::ffff:127.0.0.1
request query:  {"token":"eyJhbGciOiJIUzI1NiIsInR5cCI6IkpXVCJ9.eyJkYXRhIjp7ImlkIjoiMTRmYjYxMmYtYWNjOC00YmFmLTkzY2UtMzJjM2ZhNDYxNzY0IiwibmFtZSI6ImFkbWluIiwiZ2VuZGVyIjp0cnVlLCJlbWFpbCI6IjM3ODMzODYyN0BxcS5jb20ifSwiaWF0IjoxNTA1NDM4MDAxLCJleHAiOjE1MDU1MjQ0MDF9.Ha-_a9NKRxfSccX39MimcO1h7cHfKkbZ9Er8Oiqhpvo"}
response time: 116
response status: 200
response body: 
{"status":0,"data":[],"total":0}
*************** response log end ***************

[2017-09-15 10:01:39.228] [INFO] resLogger - 
*************** response log start ***************
request method: GET
request originalUrl:  /api/business/getequip/get?token=eyJhbGciOiJIUzI1NiIsInR5cCI6IkpXVCJ9.eyJkYXRhIjp7ImlkIjoiMTRmYjYxMmYtYWNjOC00YmFmLTkzY2UtMzJjM2ZhNDYxNzY0IiwibmFtZSI6ImFkbWluIiwiZ2VuZGVyIjp0cnVlLCJlbWFpbCI6IjM3ODMzODYyN0BxcS5jb20ifSwiaWF0IjoxNTA1NDM4MDAxLCJleHAiOjE1MDU1MjQ0MDF9.Ha-_a9NKRxfSccX39MimcO1h7cHfKkbZ9Er8Oiqhpvo
request client ip:  ::ffff:127.0.0.1
request query:  {"token":"eyJhbGciOiJIUzI1NiIsInR5cCI6IkpXVCJ9.eyJkYXRhIjp7ImlkIjoiMTRmYjYxMmYtYWNjOC00YmFmLTkzY2UtMzJjM2ZhNDYxNzY0IiwibmFtZSI6ImFkbWluIiwiZ2VuZGVyIjp0cnVlLCJlbWFpbCI6IjM3ODMzODYyN0BxcS5jb20ifSwiaWF0IjoxNTA1NDM4MDAxLCJleHAiOjE1MDU1MjQ0MDF9.Ha-_a9NKRxfSccX39MimcO1h7cHfKkbZ9Er8Oiqhpvo"}
response time: 69
response status: 200
response body: 
{"status":0,"data":[]}
*************** response log end ***************

[2017-09-15 10:02:24.713] [INFO] resLogger - 
*************** response log start ***************
request method: GET
request originalUrl:  /api/user/?token=eyJhbGciOiJIUzI1NiIsInR5cCI6IkpXVCJ9.eyJkYXRhIjp7ImlkIjoiMTRmYjYxMmYtYWNjOC00YmFmLTkzY2UtMzJjM2ZhNDYxNzY0IiwibmFtZSI6ImFkbWluIiwiZ2VuZGVyIjp0cnVlLCJlbWFpbCI6IjM3ODMzODYyN0BxcS5jb20ifSwiaWF0IjoxNTA1NDM4MDAxLCJleHAiOjE1MDU1MjQ0MDF9.Ha-_a9NKRxfSccX39MimcO1h7cHfKkbZ9Er8Oiqhpvo
request client ip:  ::ffff:127.0.0.1
request query:  {"token":"eyJhbGciOiJIUzI1NiIsInR5cCI6IkpXVCJ9.eyJkYXRhIjp7ImlkIjoiMTRmYjYxMmYtYWNjOC00YmFmLTkzY2UtMzJjM2ZhNDYxNzY0IiwibmFtZSI6ImFkbWluIiwiZ2VuZGVyIjp0cnVlLCJlbWFpbCI6IjM3ODMzODYyN0BxcS5jb20ifSwiaWF0IjoxNTA1NDM4MDAxLCJleHAiOjE1MDU1MjQ0MDF9.Ha-_a9NKRxfSccX39MimcO1h7cHfKkbZ9Er8Oiqhpvo"}
response time: 75
response status: 200
response body: 
{"status":0,"data":{"name":"admin","email":"378338627@qq.com","phone":"15822927208","password":"$2a$10$qahKqX4gVI/5GJ4aK7oo.ObquLL02VC8MO0WG.HmCSttP9fiZkGkm","gender":true,"token":"eyJhbGciOiJIUzI1NiIsInR5cCI6IkpXVCJ9.eyJkYXRhIjp7ImlkIjoiMTRmYjYxMmYtYWNjOC00YmFmLTkzY2UtMzJjM2ZhNDYxNzY0IiwibmFtZSI6ImFkbWluIiwiZ2VuZGVyIjp0cnVlLCJlbWFpbCI6IjM3ODMzODYyN0BxcS5jb20ifSwiaWF0IjoxNTA1NDM4MDAxLCJleHAiOjE1MDU1MjQ0MDF9.Ha-_a9NKRxfSccX39MimcO1h7cHfKkbZ9Er8Oiqhpvo","canLogin":true,"status":1,"id":"14fb612f-acc8-4baf-93ce-32c3fa461764","createdAt":1505273858748,"updatedAt":1505438001525,"version":2}}
*************** response log end ***************

[2017-09-15 10:02:25.073] [INFO] resLogger - 
*************** response log start ***************
request method: GET
request originalUrl:  /api/business/list/page/1?token=eyJhbGciOiJIUzI1NiIsInR5cCI6IkpXVCJ9.eyJkYXRhIjp7ImlkIjoiMTRmYjYxMmYtYWNjOC00YmFmLTkzY2UtMzJjM2ZhNDYxNzY0IiwibmFtZSI6ImFkbWluIiwiZ2VuZGVyIjp0cnVlLCJlbWFpbCI6IjM3ODMzODYyN0BxcS5jb20ifSwiaWF0IjoxNTA1NDM4MDAxLCJleHAiOjE1MDU1MjQ0MDF9.Ha-_a9NKRxfSccX39MimcO1h7cHfKkbZ9Er8Oiqhpvo
request client ip:  ::ffff:127.0.0.1
request query:  {"token":"eyJhbGciOiJIUzI1NiIsInR5cCI6IkpXVCJ9.eyJkYXRhIjp7ImlkIjoiMTRmYjYxMmYtYWNjOC00YmFmLTkzY2UtMzJjM2ZhNDYxNzY0IiwibmFtZSI6ImFkbWluIiwiZ2VuZGVyIjp0cnVlLCJlbWFpbCI6IjM3ODMzODYyN0BxcS5jb20ifSwiaWF0IjoxNTA1NDM4MDAxLCJleHAiOjE1MDU1MjQ0MDF9.Ha-_a9NKRxfSccX39MimcO1h7cHfKkbZ9Er8Oiqhpvo"}
response time: 204
response status: 200
response body: 
{"status":0,"data":[],"total":0}
*************** response log end ***************

[2017-09-15 10:02:25.089] [INFO] resLogger - 
*************** response log start ***************
request method: GET
request originalUrl:  /api/business/getequip/get?token=eyJhbGciOiJIUzI1NiIsInR5cCI6IkpXVCJ9.eyJkYXRhIjp7ImlkIjoiMTRmYjYxMmYtYWNjOC00YmFmLTkzY2UtMzJjM2ZhNDYxNzY0IiwibmFtZSI6ImFkbWluIiwiZ2VuZGVyIjp0cnVlLCJlbWFpbCI6IjM3ODMzODYyN0BxcS5jb20ifSwiaWF0IjoxNTA1NDM4MDAxLCJleHAiOjE1MDU1MjQ0MDF9.Ha-_a9NKRxfSccX39MimcO1h7cHfKkbZ9Er8Oiqhpvo
request client ip:  ::ffff:127.0.0.1
request query:  {"token":"eyJhbGciOiJIUzI1NiIsInR5cCI6IkpXVCJ9.eyJkYXRhIjp7ImlkIjoiMTRmYjYxMmYtYWNjOC00YmFmLTkzY2UtMzJjM2ZhNDYxNzY0IiwibmFtZSI6ImFkbWluIiwiZ2VuZGVyIjp0cnVlLCJlbWFpbCI6IjM3ODMzODYyN0BxcS5jb20ifSwiaWF0IjoxNTA1NDM4MDAxLCJleHAiOjE1MDU1MjQ0MDF9.Ha-_a9NKRxfSccX39MimcO1h7cHfKkbZ9Er8Oiqhpvo"}
response time: 166
response status: 200
response body: 
{"status":0,"data":[]}
*************** response log end ***************

[2017-09-15 10:04:32.175] [INFO] resLogger - 
*************** response log start ***************
request method: GET
request originalUrl:  /api/user/?token=eyJhbGciOiJIUzI1NiIsInR5cCI6IkpXVCJ9.eyJkYXRhIjp7ImlkIjoiMTRmYjYxMmYtYWNjOC00YmFmLTkzY2UtMzJjM2ZhNDYxNzY0IiwibmFtZSI6ImFkbWluIiwiZ2VuZGVyIjp0cnVlLCJlbWFpbCI6IjM3ODMzODYyN0BxcS5jb20ifSwiaWF0IjoxNTA1NDM4MDAxLCJleHAiOjE1MDU1MjQ0MDF9.Ha-_a9NKRxfSccX39MimcO1h7cHfKkbZ9Er8Oiqhpvo
request client ip:  ::ffff:127.0.0.1
request query:  {"token":"eyJhbGciOiJIUzI1NiIsInR5cCI6IkpXVCJ9.eyJkYXRhIjp7ImlkIjoiMTRmYjYxMmYtYWNjOC00YmFmLTkzY2UtMzJjM2ZhNDYxNzY0IiwibmFtZSI6ImFkbWluIiwiZ2VuZGVyIjp0cnVlLCJlbWFpbCI6IjM3ODMzODYyN0BxcS5jb20ifSwiaWF0IjoxNTA1NDM4MDAxLCJleHAiOjE1MDU1MjQ0MDF9.Ha-_a9NKRxfSccX39MimcO1h7cHfKkbZ9Er8Oiqhpvo"}
response time: 168
response status: 200
response body: 
{"status":0,"data":{"name":"admin","email":"378338627@qq.com","phone":"15822927208","password":"$2a$10$qahKqX4gVI/5GJ4aK7oo.ObquLL02VC8MO0WG.HmCSttP9fiZkGkm","gender":true,"token":"eyJhbGciOiJIUzI1NiIsInR5cCI6IkpXVCJ9.eyJkYXRhIjp7ImlkIjoiMTRmYjYxMmYtYWNjOC00YmFmLTkzY2UtMzJjM2ZhNDYxNzY0IiwibmFtZSI6ImFkbWluIiwiZ2VuZGVyIjp0cnVlLCJlbWFpbCI6IjM3ODMzODYyN0BxcS5jb20ifSwiaWF0IjoxNTA1NDM4MDAxLCJleHAiOjE1MDU1MjQ0MDF9.Ha-_a9NKRxfSccX39MimcO1h7cHfKkbZ9Er8Oiqhpvo","canLogin":true,"status":1,"id":"14fb612f-acc8-4baf-93ce-32c3fa461764","createdAt":1505273858748,"updatedAt":1505438001525,"version":2}}
*************** response log end ***************

[2017-09-15 10:04:32.410] [INFO] resLogger - 
*************** response log start ***************
request method: GET
request originalUrl:  /api/business/list/page/1?token=eyJhbGciOiJIUzI1NiIsInR5cCI6IkpXVCJ9.eyJkYXRhIjp7ImlkIjoiMTRmYjYxMmYtYWNjOC00YmFmLTkzY2UtMzJjM2ZhNDYxNzY0IiwibmFtZSI6ImFkbWluIiwiZ2VuZGVyIjp0cnVlLCJlbWFpbCI6IjM3ODMzODYyN0BxcS5jb20ifSwiaWF0IjoxNTA1NDM4MDAxLCJleHAiOjE1MDU1MjQ0MDF9.Ha-_a9NKRxfSccX39MimcO1h7cHfKkbZ9Er8Oiqhpvo
request client ip:  ::ffff:127.0.0.1
request query:  {"token":"eyJhbGciOiJIUzI1NiIsInR5cCI6IkpXVCJ9.eyJkYXRhIjp7ImlkIjoiMTRmYjYxMmYtYWNjOC00YmFmLTkzY2UtMzJjM2ZhNDYxNzY0IiwibmFtZSI6ImFkbWluIiwiZ2VuZGVyIjp0cnVlLCJlbWFpbCI6IjM3ODMzODYyN0BxcS5jb20ifSwiaWF0IjoxNTA1NDM4MDAxLCJleHAiOjE1MDU1MjQ0MDF9.Ha-_a9NKRxfSccX39MimcO1h7cHfKkbZ9Er8Oiqhpvo"}
response time: 137
response status: 200
response body: 
{"status":0,"data":[],"total":0}
*************** response log end ***************

[2017-09-15 10:04:32.430] [INFO] resLogger - 
*************** response log start ***************
request method: GET
request originalUrl:  /api/business/getequip/get?token=eyJhbGciOiJIUzI1NiIsInR5cCI6IkpXVCJ9.eyJkYXRhIjp7ImlkIjoiMTRmYjYxMmYtYWNjOC00YmFmLTkzY2UtMzJjM2ZhNDYxNzY0IiwibmFtZSI6ImFkbWluIiwiZ2VuZGVyIjp0cnVlLCJlbWFpbCI6IjM3ODMzODYyN0BxcS5jb20ifSwiaWF0IjoxNTA1NDM4MDAxLCJleHAiOjE1MDU1MjQ0MDF9.Ha-_a9NKRxfSccX39MimcO1h7cHfKkbZ9Er8Oiqhpvo
request client ip:  ::ffff:127.0.0.1
request query:  {"token":"eyJhbGciOiJIUzI1NiIsInR5cCI6IkpXVCJ9.eyJkYXRhIjp7ImlkIjoiMTRmYjYxMmYtYWNjOC00YmFmLTkzY2UtMzJjM2ZhNDYxNzY0IiwibmFtZSI6ImFkbWluIiwiZ2VuZGVyIjp0cnVlLCJlbWFpbCI6IjM3ODMzODYyN0BxcS5jb20ifSwiaWF0IjoxNTA1NDM4MDAxLCJleHAiOjE1MDU1MjQ0MDF9.Ha-_a9NKRxfSccX39MimcO1h7cHfKkbZ9Er8Oiqhpvo"}
response time: 78
response status: 200
response body: 
{"status":0,"data":[]}
*************** response log end ***************

[2017-09-15 10:07:47.736] [INFO] resLogger - 
*************** response log start ***************
request method: GET
request originalUrl:  /api/user/?token=eyJhbGciOiJIUzI1NiIsInR5cCI6IkpXVCJ9.eyJkYXRhIjp7ImlkIjoiMTRmYjYxMmYtYWNjOC00YmFmLTkzY2UtMzJjM2ZhNDYxNzY0IiwibmFtZSI6ImFkbWluIiwiZ2VuZGVyIjp0cnVlLCJlbWFpbCI6IjM3ODMzODYyN0BxcS5jb20ifSwiaWF0IjoxNTA1NDM4MDAxLCJleHAiOjE1MDU1MjQ0MDF9.Ha-_a9NKRxfSccX39MimcO1h7cHfKkbZ9Er8Oiqhpvo
request client ip:  ::ffff:127.0.0.1
request query:  {"token":"eyJhbGciOiJIUzI1NiIsInR5cCI6IkpXVCJ9.eyJkYXRhIjp7ImlkIjoiMTRmYjYxMmYtYWNjOC00YmFmLTkzY2UtMzJjM2ZhNDYxNzY0IiwibmFtZSI6ImFkbWluIiwiZ2VuZGVyIjp0cnVlLCJlbWFpbCI6IjM3ODMzODYyN0BxcS5jb20ifSwiaWF0IjoxNTA1NDM4MDAxLCJleHAiOjE1MDU1MjQ0MDF9.Ha-_a9NKRxfSccX39MimcO1h7cHfKkbZ9Er8Oiqhpvo"}
response time: 59
response status: 200
response body: 
{"status":0,"data":{"name":"admin","email":"378338627@qq.com","phone":"15822927208","password":"$2a$10$qahKqX4gVI/5GJ4aK7oo.ObquLL02VC8MO0WG.HmCSttP9fiZkGkm","gender":true,"token":"eyJhbGciOiJIUzI1NiIsInR5cCI6IkpXVCJ9.eyJkYXRhIjp7ImlkIjoiMTRmYjYxMmYtYWNjOC00YmFmLTkzY2UtMzJjM2ZhNDYxNzY0IiwibmFtZSI6ImFkbWluIiwiZ2VuZGVyIjp0cnVlLCJlbWFpbCI6IjM3ODMzODYyN0BxcS5jb20ifSwiaWF0IjoxNTA1NDM4MDAxLCJleHAiOjE1MDU1MjQ0MDF9.Ha-_a9NKRxfSccX39MimcO1h7cHfKkbZ9Er8Oiqhpvo","canLogin":true,"status":1,"id":"14fb612f-acc8-4baf-93ce-32c3fa461764","createdAt":1505273858748,"updatedAt":1505438001525,"version":2}}
*************** response log end ***************

[2017-09-15 10:07:48.009] [INFO] resLogger - 
*************** response log start ***************
request method: GET
request originalUrl:  /api/business/list/page/1?token=eyJhbGciOiJIUzI1NiIsInR5cCI6IkpXVCJ9.eyJkYXRhIjp7ImlkIjoiMTRmYjYxMmYtYWNjOC00YmFmLTkzY2UtMzJjM2ZhNDYxNzY0IiwibmFtZSI6ImFkbWluIiwiZ2VuZGVyIjp0cnVlLCJlbWFpbCI6IjM3ODMzODYyN0BxcS5jb20ifSwiaWF0IjoxNTA1NDM4MDAxLCJleHAiOjE1MDU1MjQ0MDF9.Ha-_a9NKRxfSccX39MimcO1h7cHfKkbZ9Er8Oiqhpvo
request client ip:  ::ffff:127.0.0.1
request query:  {"token":"eyJhbGciOiJIUzI1NiIsInR5cCI6IkpXVCJ9.eyJkYXRhIjp7ImlkIjoiMTRmYjYxMmYtYWNjOC00YmFmLTkzY2UtMzJjM2ZhNDYxNzY0IiwibmFtZSI6ImFkbWluIiwiZ2VuZGVyIjp0cnVlLCJlbWFpbCI6IjM3ODMzODYyN0BxcS5jb20ifSwiaWF0IjoxNTA1NDM4MDAxLCJleHAiOjE1MDU1MjQ0MDF9.Ha-_a9NKRxfSccX39MimcO1h7cHfKkbZ9Er8Oiqhpvo"}
response time: 106
response status: 200
response body: 
{"status":0,"data":[],"total":0}
*************** response log end ***************

[2017-09-15 10:07:48.016] [INFO] resLogger - 
*************** response log start ***************
request method: GET
request originalUrl:  /api/business/getequip/get?token=eyJhbGciOiJIUzI1NiIsInR5cCI6IkpXVCJ9.eyJkYXRhIjp7ImlkIjoiMTRmYjYxMmYtYWNjOC00YmFmLTkzY2UtMzJjM2ZhNDYxNzY0IiwibmFtZSI6ImFkbWluIiwiZ2VuZGVyIjp0cnVlLCJlbWFpbCI6IjM3ODMzODYyN0BxcS5jb20ifSwiaWF0IjoxNTA1NDM4MDAxLCJleHAiOjE1MDU1MjQ0MDF9.Ha-_a9NKRxfSccX39MimcO1h7cHfKkbZ9Er8Oiqhpvo
request client ip:  ::ffff:127.0.0.1
request query:  {"token":"eyJhbGciOiJIUzI1NiIsInR5cCI6IkpXVCJ9.eyJkYXRhIjp7ImlkIjoiMTRmYjYxMmYtYWNjOC00YmFmLTkzY2UtMzJjM2ZhNDYxNzY0IiwibmFtZSI6ImFkbWluIiwiZ2VuZGVyIjp0cnVlLCJlbWFpbCI6IjM3ODMzODYyN0BxcS5jb20ifSwiaWF0IjoxNTA1NDM4MDAxLCJleHAiOjE1MDU1MjQ0MDF9.Ha-_a9NKRxfSccX39MimcO1h7cHfKkbZ9Er8Oiqhpvo"}
response time: 53
response status: 200
response body: 
{"status":0,"data":[]}
*************** response log end ***************

[2017-09-15 10:09:54.306] [INFO] resLogger - 
*************** response log start ***************
request method: GET
request originalUrl:  /api/user/?token=eyJhbGciOiJIUzI1NiIsInR5cCI6IkpXVCJ9.eyJkYXRhIjp7ImlkIjoiMTRmYjYxMmYtYWNjOC00YmFmLTkzY2UtMzJjM2ZhNDYxNzY0IiwibmFtZSI6ImFkbWluIiwiZ2VuZGVyIjp0cnVlLCJlbWFpbCI6IjM3ODMzODYyN0BxcS5jb20ifSwiaWF0IjoxNTA1NDM4MDAxLCJleHAiOjE1MDU1MjQ0MDF9.Ha-_a9NKRxfSccX39MimcO1h7cHfKkbZ9Er8Oiqhpvo
request client ip:  ::ffff:127.0.0.1
request query:  {"token":"eyJhbGciOiJIUzI1NiIsInR5cCI6IkpXVCJ9.eyJkYXRhIjp7ImlkIjoiMTRmYjYxMmYtYWNjOC00YmFmLTkzY2UtMzJjM2ZhNDYxNzY0IiwibmFtZSI6ImFkbWluIiwiZ2VuZGVyIjp0cnVlLCJlbWFpbCI6IjM3ODMzODYyN0BxcS5jb20ifSwiaWF0IjoxNTA1NDM4MDAxLCJleHAiOjE1MDU1MjQ0MDF9.Ha-_a9NKRxfSccX39MimcO1h7cHfKkbZ9Er8Oiqhpvo"}
response time: 49
response status: 200
response body: 
{"status":0,"data":{"name":"admin","email":"378338627@qq.com","phone":"15822927208","password":"$2a$10$qahKqX4gVI/5GJ4aK7oo.ObquLL02VC8MO0WG.HmCSttP9fiZkGkm","gender":true,"token":"eyJhbGciOiJIUzI1NiIsInR5cCI6IkpXVCJ9.eyJkYXRhIjp7ImlkIjoiMTRmYjYxMmYtYWNjOC00YmFmLTkzY2UtMzJjM2ZhNDYxNzY0IiwibmFtZSI6ImFkbWluIiwiZ2VuZGVyIjp0cnVlLCJlbWFpbCI6IjM3ODMzODYyN0BxcS5jb20ifSwiaWF0IjoxNTA1NDM4MDAxLCJleHAiOjE1MDU1MjQ0MDF9.Ha-_a9NKRxfSccX39MimcO1h7cHfKkbZ9Er8Oiqhpvo","canLogin":true,"status":1,"id":"14fb612f-acc8-4baf-93ce-32c3fa461764","createdAt":1505273858748,"updatedAt":1505438001525,"version":2}}
*************** response log end ***************

[2017-09-15 10:09:54.529] [INFO] resLogger - 
*************** response log start ***************
request method: GET
request originalUrl:  /api/business/list/page/1?token=eyJhbGciOiJIUzI1NiIsInR5cCI6IkpXVCJ9.eyJkYXRhIjp7ImlkIjoiMTRmYjYxMmYtYWNjOC00YmFmLTkzY2UtMzJjM2ZhNDYxNzY0IiwibmFtZSI6ImFkbWluIiwiZ2VuZGVyIjp0cnVlLCJlbWFpbCI6IjM3ODMzODYyN0BxcS5jb20ifSwiaWF0IjoxNTA1NDM4MDAxLCJleHAiOjE1MDU1MjQ0MDF9.Ha-_a9NKRxfSccX39MimcO1h7cHfKkbZ9Er8Oiqhpvo
request client ip:  ::ffff:127.0.0.1
request query:  {"token":"eyJhbGciOiJIUzI1NiIsInR5cCI6IkpXVCJ9.eyJkYXRhIjp7ImlkIjoiMTRmYjYxMmYtYWNjOC00YmFmLTkzY2UtMzJjM2ZhNDYxNzY0IiwibmFtZSI6ImFkbWluIiwiZ2VuZGVyIjp0cnVlLCJlbWFpbCI6IjM3ODMzODYyN0BxcS5jb20ifSwiaWF0IjoxNTA1NDM4MDAxLCJleHAiOjE1MDU1MjQ0MDF9.Ha-_a9NKRxfSccX39MimcO1h7cHfKkbZ9Er8Oiqhpvo"}
response time: 75
response status: 200
response body: 
{"status":0,"data":[],"total":0}
*************** response log end ***************

[2017-09-15 10:09:54.578] [INFO] resLogger - 
*************** response log start ***************
request method: GET
request originalUrl:  /api/business/getequip/get?token=eyJhbGciOiJIUzI1NiIsInR5cCI6IkpXVCJ9.eyJkYXRhIjp7ImlkIjoiMTRmYjYxMmYtYWNjOC00YmFmLTkzY2UtMzJjM2ZhNDYxNzY0IiwibmFtZSI6ImFkbWluIiwiZ2VuZGVyIjp0cnVlLCJlbWFpbCI6IjM3ODMzODYyN0BxcS5jb20ifSwiaWF0IjoxNTA1NDM4MDAxLCJleHAiOjE1MDU1MjQ0MDF9.Ha-_a9NKRxfSccX39MimcO1h7cHfKkbZ9Er8Oiqhpvo
request client ip:  ::ffff:127.0.0.1
request query:  {"token":"eyJhbGciOiJIUzI1NiIsInR5cCI6IkpXVCJ9.eyJkYXRhIjp7ImlkIjoiMTRmYjYxMmYtYWNjOC00YmFmLTkzY2UtMzJjM2ZhNDYxNzY0IiwibmFtZSI6ImFkbWluIiwiZ2VuZGVyIjp0cnVlLCJlbWFpbCI6IjM3ODMzODYyN0BxcS5jb20ifSwiaWF0IjoxNTA1NDM4MDAxLCJleHAiOjE1MDU1MjQ0MDF9.Ha-_a9NKRxfSccX39MimcO1h7cHfKkbZ9Er8Oiqhpvo"}
response time: 46
response status: 200
response body: 
{"status":0,"data":[]}
*************** response log end ***************

[2017-09-15 10:11:06.792] [INFO] resLogger - 
*************** response log start ***************
request method: GET
request originalUrl:  /api/user/?token=eyJhbGciOiJIUzI1NiIsInR5cCI6IkpXVCJ9.eyJkYXRhIjp7ImlkIjoiMTRmYjYxMmYtYWNjOC00YmFmLTkzY2UtMzJjM2ZhNDYxNzY0IiwibmFtZSI6ImFkbWluIiwiZ2VuZGVyIjp0cnVlLCJlbWFpbCI6IjM3ODMzODYyN0BxcS5jb20ifSwiaWF0IjoxNTA1NDM4MDAxLCJleHAiOjE1MDU1MjQ0MDF9.Ha-_a9NKRxfSccX39MimcO1h7cHfKkbZ9Er8Oiqhpvo
request client ip:  ::ffff:127.0.0.1
request query:  {"token":"eyJhbGciOiJIUzI1NiIsInR5cCI6IkpXVCJ9.eyJkYXRhIjp7ImlkIjoiMTRmYjYxMmYtYWNjOC00YmFmLTkzY2UtMzJjM2ZhNDYxNzY0IiwibmFtZSI6ImFkbWluIiwiZ2VuZGVyIjp0cnVlLCJlbWFpbCI6IjM3ODMzODYyN0BxcS5jb20ifSwiaWF0IjoxNTA1NDM4MDAxLCJleHAiOjE1MDU1MjQ0MDF9.Ha-_a9NKRxfSccX39MimcO1h7cHfKkbZ9Er8Oiqhpvo"}
response time: 53
response status: 200
response body: 
{"status":0,"data":{"name":"admin","email":"378338627@qq.com","phone":"15822927208","password":"$2a$10$qahKqX4gVI/5GJ4aK7oo.ObquLL02VC8MO0WG.HmCSttP9fiZkGkm","gender":true,"token":"eyJhbGciOiJIUzI1NiIsInR5cCI6IkpXVCJ9.eyJkYXRhIjp7ImlkIjoiMTRmYjYxMmYtYWNjOC00YmFmLTkzY2UtMzJjM2ZhNDYxNzY0IiwibmFtZSI6ImFkbWluIiwiZ2VuZGVyIjp0cnVlLCJlbWFpbCI6IjM3ODMzODYyN0BxcS5jb20ifSwiaWF0IjoxNTA1NDM4MDAxLCJleHAiOjE1MDU1MjQ0MDF9.Ha-_a9NKRxfSccX39MimcO1h7cHfKkbZ9Er8Oiqhpvo","canLogin":true,"status":1,"id":"14fb612f-acc8-4baf-93ce-32c3fa461764","createdAt":1505273858748,"updatedAt":1505438001525,"version":2}}
*************** response log end ***************

[2017-09-15 10:11:07.049] [INFO] resLogger - 
*************** response log start ***************
request method: GET
request originalUrl:  /api/business/list/page/1?token=eyJhbGciOiJIUzI1NiIsInR5cCI6IkpXVCJ9.eyJkYXRhIjp7ImlkIjoiMTRmYjYxMmYtYWNjOC00YmFmLTkzY2UtMzJjM2ZhNDYxNzY0IiwibmFtZSI6ImFkbWluIiwiZ2VuZGVyIjp0cnVlLCJlbWFpbCI6IjM3ODMzODYyN0BxcS5jb20ifSwiaWF0IjoxNTA1NDM4MDAxLCJleHAiOjE1MDU1MjQ0MDF9.Ha-_a9NKRxfSccX39MimcO1h7cHfKkbZ9Er8Oiqhpvo
request client ip:  ::ffff:127.0.0.1
request query:  {"token":"eyJhbGciOiJIUzI1NiIsInR5cCI6IkpXVCJ9.eyJkYXRhIjp7ImlkIjoiMTRmYjYxMmYtYWNjOC00YmFmLTkzY2UtMzJjM2ZhNDYxNzY0IiwibmFtZSI6ImFkbWluIiwiZ2VuZGVyIjp0cnVlLCJlbWFpbCI6IjM3ODMzODYyN0BxcS5jb20ifSwiaWF0IjoxNTA1NDM4MDAxLCJleHAiOjE1MDU1MjQ0MDF9.Ha-_a9NKRxfSccX39MimcO1h7cHfKkbZ9Er8Oiqhpvo"}
response time: 110
response status: 200
response body: 
{"status":0,"data":[],"total":0}
*************** response log end ***************

[2017-09-15 10:11:07.058] [INFO] resLogger - 
*************** response log start ***************
request method: GET
request originalUrl:  /api/business/getequip/get?token=eyJhbGciOiJIUzI1NiIsInR5cCI6IkpXVCJ9.eyJkYXRhIjp7ImlkIjoiMTRmYjYxMmYtYWNjOC00YmFmLTkzY2UtMzJjM2ZhNDYxNzY0IiwibmFtZSI6ImFkbWluIiwiZ2VuZGVyIjp0cnVlLCJlbWFpbCI6IjM3ODMzODYyN0BxcS5jb20ifSwiaWF0IjoxNTA1NDM4MDAxLCJleHAiOjE1MDU1MjQ0MDF9.Ha-_a9NKRxfSccX39MimcO1h7cHfKkbZ9Er8Oiqhpvo
request client ip:  ::ffff:127.0.0.1
request query:  {"token":"eyJhbGciOiJIUzI1NiIsInR5cCI6IkpXVCJ9.eyJkYXRhIjp7ImlkIjoiMTRmYjYxMmYtYWNjOC00YmFmLTkzY2UtMzJjM2ZhNDYxNzY0IiwibmFtZSI6ImFkbWluIiwiZ2VuZGVyIjp0cnVlLCJlbWFpbCI6IjM3ODMzODYyN0BxcS5jb20ifSwiaWF0IjoxNTA1NDM4MDAxLCJleHAiOjE1MDU1MjQ0MDF9.Ha-_a9NKRxfSccX39MimcO1h7cHfKkbZ9Er8Oiqhpvo"}
response time: 49
response status: 200
response body: 
{"status":0,"data":[]}
*************** response log end ***************

[2017-09-15 10:11:25.085] [INFO] resLogger - 
*************** response log start ***************
request method: GET
request originalUrl:  /api/user/?token=eyJhbGciOiJIUzI1NiIsInR5cCI6IkpXVCJ9.eyJkYXRhIjp7ImlkIjoiMTRmYjYxMmYtYWNjOC00YmFmLTkzY2UtMzJjM2ZhNDYxNzY0IiwibmFtZSI6ImFkbWluIiwiZ2VuZGVyIjp0cnVlLCJlbWFpbCI6IjM3ODMzODYyN0BxcS5jb20ifSwiaWF0IjoxNTA1NDM4MDAxLCJleHAiOjE1MDU1MjQ0MDF9.Ha-_a9NKRxfSccX39MimcO1h7cHfKkbZ9Er8Oiqhpvo
request client ip:  ::ffff:127.0.0.1
request query:  {"token":"eyJhbGciOiJIUzI1NiIsInR5cCI6IkpXVCJ9.eyJkYXRhIjp7ImlkIjoiMTRmYjYxMmYtYWNjOC00YmFmLTkzY2UtMzJjM2ZhNDYxNzY0IiwibmFtZSI6ImFkbWluIiwiZ2VuZGVyIjp0cnVlLCJlbWFpbCI6IjM3ODMzODYyN0BxcS5jb20ifSwiaWF0IjoxNTA1NDM4MDAxLCJleHAiOjE1MDU1MjQ0MDF9.Ha-_a9NKRxfSccX39MimcO1h7cHfKkbZ9Er8Oiqhpvo"}
response time: 80
response status: 200
response body: 
{"status":0,"data":{"name":"admin","email":"378338627@qq.com","phone":"15822927208","password":"$2a$10$qahKqX4gVI/5GJ4aK7oo.ObquLL02VC8MO0WG.HmCSttP9fiZkGkm","gender":true,"token":"eyJhbGciOiJIUzI1NiIsInR5cCI6IkpXVCJ9.eyJkYXRhIjp7ImlkIjoiMTRmYjYxMmYtYWNjOC00YmFmLTkzY2UtMzJjM2ZhNDYxNzY0IiwibmFtZSI6ImFkbWluIiwiZ2VuZGVyIjp0cnVlLCJlbWFpbCI6IjM3ODMzODYyN0BxcS5jb20ifSwiaWF0IjoxNTA1NDM4MDAxLCJleHAiOjE1MDU1MjQ0MDF9.Ha-_a9NKRxfSccX39MimcO1h7cHfKkbZ9Er8Oiqhpvo","canLogin":true,"status":1,"id":"14fb612f-acc8-4baf-93ce-32c3fa461764","createdAt":1505273858748,"updatedAt":1505438001525,"version":2}}
*************** response log end ***************

[2017-09-15 10:11:25.290] [INFO] resLogger - 
*************** response log start ***************
request method: GET
request originalUrl:  /api/business/list/page/1?token=eyJhbGciOiJIUzI1NiIsInR5cCI6IkpXVCJ9.eyJkYXRhIjp7ImlkIjoiMTRmYjYxMmYtYWNjOC00YmFmLTkzY2UtMzJjM2ZhNDYxNzY0IiwibmFtZSI6ImFkbWluIiwiZ2VuZGVyIjp0cnVlLCJlbWFpbCI6IjM3ODMzODYyN0BxcS5jb20ifSwiaWF0IjoxNTA1NDM4MDAxLCJleHAiOjE1MDU1MjQ0MDF9.Ha-_a9NKRxfSccX39MimcO1h7cHfKkbZ9Er8Oiqhpvo
request client ip:  ::ffff:127.0.0.1
request query:  {"token":"eyJhbGciOiJIUzI1NiIsInR5cCI6IkpXVCJ9.eyJkYXRhIjp7ImlkIjoiMTRmYjYxMmYtYWNjOC00YmFmLTkzY2UtMzJjM2ZhNDYxNzY0IiwibmFtZSI6ImFkbWluIiwiZ2VuZGVyIjp0cnVlLCJlbWFpbCI6IjM3ODMzODYyN0BxcS5jb20ifSwiaWF0IjoxNTA1NDM4MDAxLCJleHAiOjE1MDU1MjQ0MDF9.Ha-_a9NKRxfSccX39MimcO1h7cHfKkbZ9Er8Oiqhpvo"}
response time: 101
response status: 200
response body: 
{"status":0,"data":[],"total":0}
*************** response log end ***************

[2017-09-15 10:11:25.301] [INFO] resLogger - 
*************** response log start ***************
request method: GET
request originalUrl:  /api/business/getequip/get?token=eyJhbGciOiJIUzI1NiIsInR5cCI6IkpXVCJ9.eyJkYXRhIjp7ImlkIjoiMTRmYjYxMmYtYWNjOC00YmFmLTkzY2UtMzJjM2ZhNDYxNzY0IiwibmFtZSI6ImFkbWluIiwiZ2VuZGVyIjp0cnVlLCJlbWFpbCI6IjM3ODMzODYyN0BxcS5jb20ifSwiaWF0IjoxNTA1NDM4MDAxLCJleHAiOjE1MDU1MjQ0MDF9.Ha-_a9NKRxfSccX39MimcO1h7cHfKkbZ9Er8Oiqhpvo
request client ip:  ::ffff:127.0.0.1
request query:  {"token":"eyJhbGciOiJIUzI1NiIsInR5cCI6IkpXVCJ9.eyJkYXRhIjp7ImlkIjoiMTRmYjYxMmYtYWNjOC00YmFmLTkzY2UtMzJjM2ZhNDYxNzY0IiwibmFtZSI6ImFkbWluIiwiZ2VuZGVyIjp0cnVlLCJlbWFpbCI6IjM3ODMzODYyN0BxcS5jb20ifSwiaWF0IjoxNTA1NDM4MDAxLCJleHAiOjE1MDU1MjQ0MDF9.Ha-_a9NKRxfSccX39MimcO1h7cHfKkbZ9Er8Oiqhpvo"}
response time: 58
response status: 200
response body: 
{"status":0,"data":[]}
*************** response log end ***************

[2017-09-15 10:12:09.694] [INFO] resLogger - 
*************** response log start ***************
request method: GET
request originalUrl:  /api/user/?token=eyJhbGciOiJIUzI1NiIsInR5cCI6IkpXVCJ9.eyJkYXRhIjp7ImlkIjoiMTRmYjYxMmYtYWNjOC00YmFmLTkzY2UtMzJjM2ZhNDYxNzY0IiwibmFtZSI6ImFkbWluIiwiZ2VuZGVyIjp0cnVlLCJlbWFpbCI6IjM3ODMzODYyN0BxcS5jb20ifSwiaWF0IjoxNTA1NDM4MDAxLCJleHAiOjE1MDU1MjQ0MDF9.Ha-_a9NKRxfSccX39MimcO1h7cHfKkbZ9Er8Oiqhpvo
request client ip:  ::ffff:127.0.0.1
request query:  {"token":"eyJhbGciOiJIUzI1NiIsInR5cCI6IkpXVCJ9.eyJkYXRhIjp7ImlkIjoiMTRmYjYxMmYtYWNjOC00YmFmLTkzY2UtMzJjM2ZhNDYxNzY0IiwibmFtZSI6ImFkbWluIiwiZ2VuZGVyIjp0cnVlLCJlbWFpbCI6IjM3ODMzODYyN0BxcS5jb20ifSwiaWF0IjoxNTA1NDM4MDAxLCJleHAiOjE1MDU1MjQ0MDF9.Ha-_a9NKRxfSccX39MimcO1h7cHfKkbZ9Er8Oiqhpvo"}
response time: 69
response status: 200
response body: 
{"status":0,"data":{"name":"admin","email":"378338627@qq.com","phone":"15822927208","password":"$2a$10$qahKqX4gVI/5GJ4aK7oo.ObquLL02VC8MO0WG.HmCSttP9fiZkGkm","gender":true,"token":"eyJhbGciOiJIUzI1NiIsInR5cCI6IkpXVCJ9.eyJkYXRhIjp7ImlkIjoiMTRmYjYxMmYtYWNjOC00YmFmLTkzY2UtMzJjM2ZhNDYxNzY0IiwibmFtZSI6ImFkbWluIiwiZ2VuZGVyIjp0cnVlLCJlbWFpbCI6IjM3ODMzODYyN0BxcS5jb20ifSwiaWF0IjoxNTA1NDM4MDAxLCJleHAiOjE1MDU1MjQ0MDF9.Ha-_a9NKRxfSccX39MimcO1h7cHfKkbZ9Er8Oiqhpvo","canLogin":true,"status":1,"id":"14fb612f-acc8-4baf-93ce-32c3fa461764","createdAt":1505273858748,"updatedAt":1505438001525,"version":2}}
*************** response log end ***************

[2017-09-15 10:12:09.903] [INFO] resLogger - 
*************** response log start ***************
request method: GET
request originalUrl:  /api/business/list/page/1?token=eyJhbGciOiJIUzI1NiIsInR5cCI6IkpXVCJ9.eyJkYXRhIjp7ImlkIjoiMTRmYjYxMmYtYWNjOC00YmFmLTkzY2UtMzJjM2ZhNDYxNzY0IiwibmFtZSI6ImFkbWluIiwiZ2VuZGVyIjp0cnVlLCJlbWFpbCI6IjM3ODMzODYyN0BxcS5jb20ifSwiaWF0IjoxNTA1NDM4MDAxLCJleHAiOjE1MDU1MjQ0MDF9.Ha-_a9NKRxfSccX39MimcO1h7cHfKkbZ9Er8Oiqhpvo
request client ip:  ::ffff:127.0.0.1
request query:  {"token":"eyJhbGciOiJIUzI1NiIsInR5cCI6IkpXVCJ9.eyJkYXRhIjp7ImlkIjoiMTRmYjYxMmYtYWNjOC00YmFmLTkzY2UtMzJjM2ZhNDYxNzY0IiwibmFtZSI6ImFkbWluIiwiZ2VuZGVyIjp0cnVlLCJlbWFpbCI6IjM3ODMzODYyN0BxcS5jb20ifSwiaWF0IjoxNTA1NDM4MDAxLCJleHAiOjE1MDU1MjQ0MDF9.Ha-_a9NKRxfSccX39MimcO1h7cHfKkbZ9Er8Oiqhpvo"}
response time: 90
response status: 200
response body: 
{"status":0,"data":[],"total":0}
*************** response log end ***************

[2017-09-15 10:12:09.912] [INFO] resLogger - 
*************** response log start ***************
request method: GET
request originalUrl:  /api/business/getequip/get?token=eyJhbGciOiJIUzI1NiIsInR5cCI6IkpXVCJ9.eyJkYXRhIjp7ImlkIjoiMTRmYjYxMmYtYWNjOC00YmFmLTkzY2UtMzJjM2ZhNDYxNzY0IiwibmFtZSI6ImFkbWluIiwiZ2VuZGVyIjp0cnVlLCJlbWFpbCI6IjM3ODMzODYyN0BxcS5jb20ifSwiaWF0IjoxNTA1NDM4MDAxLCJleHAiOjE1MDU1MjQ0MDF9.Ha-_a9NKRxfSccX39MimcO1h7cHfKkbZ9Er8Oiqhpvo
request client ip:  ::ffff:127.0.0.1
request query:  {"token":"eyJhbGciOiJIUzI1NiIsInR5cCI6IkpXVCJ9.eyJkYXRhIjp7ImlkIjoiMTRmYjYxMmYtYWNjOC00YmFmLTkzY2UtMzJjM2ZhNDYxNzY0IiwibmFtZSI6ImFkbWluIiwiZ2VuZGVyIjp0cnVlLCJlbWFpbCI6IjM3ODMzODYyN0BxcS5jb20ifSwiaWF0IjoxNTA1NDM4MDAxLCJleHAiOjE1MDU1MjQ0MDF9.Ha-_a9NKRxfSccX39MimcO1h7cHfKkbZ9Er8Oiqhpvo"}
response time: 50
response status: 200
response body: 
{"status":0,"data":[]}
*************** response log end ***************

[2017-09-15 10:14:38.465] [INFO] resLogger - 
*************** response log start ***************
request method: GET
request originalUrl:  /api/user/?token=eyJhbGciOiJIUzI1NiIsInR5cCI6IkpXVCJ9.eyJkYXRhIjp7ImlkIjoiMTRmYjYxMmYtYWNjOC00YmFmLTkzY2UtMzJjM2ZhNDYxNzY0IiwibmFtZSI6ImFkbWluIiwiZ2VuZGVyIjp0cnVlLCJlbWFpbCI6IjM3ODMzODYyN0BxcS5jb20ifSwiaWF0IjoxNTA1NDM4MDAxLCJleHAiOjE1MDU1MjQ0MDF9.Ha-_a9NKRxfSccX39MimcO1h7cHfKkbZ9Er8Oiqhpvo
request client ip:  ::ffff:127.0.0.1
request query:  {"token":"eyJhbGciOiJIUzI1NiIsInR5cCI6IkpXVCJ9.eyJkYXRhIjp7ImlkIjoiMTRmYjYxMmYtYWNjOC00YmFmLTkzY2UtMzJjM2ZhNDYxNzY0IiwibmFtZSI6ImFkbWluIiwiZ2VuZGVyIjp0cnVlLCJlbWFpbCI6IjM3ODMzODYyN0BxcS5jb20ifSwiaWF0IjoxNTA1NDM4MDAxLCJleHAiOjE1MDU1MjQ0MDF9.Ha-_a9NKRxfSccX39MimcO1h7cHfKkbZ9Er8Oiqhpvo"}
response time: 152
response status: 200
response body: 
{"status":0,"data":{"name":"admin","email":"378338627@qq.com","phone":"15822927208","password":"$2a$10$qahKqX4gVI/5GJ4aK7oo.ObquLL02VC8MO0WG.HmCSttP9fiZkGkm","gender":true,"token":"eyJhbGciOiJIUzI1NiIsInR5cCI6IkpXVCJ9.eyJkYXRhIjp7ImlkIjoiMTRmYjYxMmYtYWNjOC00YmFmLTkzY2UtMzJjM2ZhNDYxNzY0IiwibmFtZSI6ImFkbWluIiwiZ2VuZGVyIjp0cnVlLCJlbWFpbCI6IjM3ODMzODYyN0BxcS5jb20ifSwiaWF0IjoxNTA1NDM4MDAxLCJleHAiOjE1MDU1MjQ0MDF9.Ha-_a9NKRxfSccX39MimcO1h7cHfKkbZ9Er8Oiqhpvo","canLogin":true,"status":1,"id":"14fb612f-acc8-4baf-93ce-32c3fa461764","createdAt":1505273858748,"updatedAt":1505438001525,"version":2}}
*************** response log end ***************

[2017-09-15 10:14:38.825] [INFO] resLogger - 
*************** response log start ***************
request method: GET
request originalUrl:  /api/business/getequip/get?token=eyJhbGciOiJIUzI1NiIsInR5cCI6IkpXVCJ9.eyJkYXRhIjp7ImlkIjoiMTRmYjYxMmYtYWNjOC00YmFmLTkzY2UtMzJjM2ZhNDYxNzY0IiwibmFtZSI6ImFkbWluIiwiZ2VuZGVyIjp0cnVlLCJlbWFpbCI6IjM3ODMzODYyN0BxcS5jb20ifSwiaWF0IjoxNTA1NDM4MDAxLCJleHAiOjE1MDU1MjQ0MDF9.Ha-_a9NKRxfSccX39MimcO1h7cHfKkbZ9Er8Oiqhpvo
request client ip:  ::ffff:127.0.0.1
request query:  {"token":"eyJhbGciOiJIUzI1NiIsInR5cCI6IkpXVCJ9.eyJkYXRhIjp7ImlkIjoiMTRmYjYxMmYtYWNjOC00YmFmLTkzY2UtMzJjM2ZhNDYxNzY0IiwibmFtZSI6ImFkbWluIiwiZ2VuZGVyIjp0cnVlLCJlbWFpbCI6IjM3ODMzODYyN0BxcS5jb20ifSwiaWF0IjoxNTA1NDM4MDAxLCJleHAiOjE1MDU1MjQ0MDF9.Ha-_a9NKRxfSccX39MimcO1h7cHfKkbZ9Er8Oiqhpvo"}
response time: 183
response status: 200
response body: 
{"status":0,"data":[]}
*************** response log end ***************

[2017-09-15 10:14:38.895] [INFO] resLogger - 
*************** response log start ***************
request method: GET
request originalUrl:  /api/business/list/page/1?token=eyJhbGciOiJIUzI1NiIsInR5cCI6IkpXVCJ9.eyJkYXRhIjp7ImlkIjoiMTRmYjYxMmYtYWNjOC00YmFmLTkzY2UtMzJjM2ZhNDYxNzY0IiwibmFtZSI6ImFkbWluIiwiZ2VuZGVyIjp0cnVlLCJlbWFpbCI6IjM3ODMzODYyN0BxcS5jb20ifSwiaWF0IjoxNTA1NDM4MDAxLCJleHAiOjE1MDU1MjQ0MDF9.Ha-_a9NKRxfSccX39MimcO1h7cHfKkbZ9Er8Oiqhpvo
request client ip:  ::ffff:127.0.0.1
request query:  {"token":"eyJhbGciOiJIUzI1NiIsInR5cCI6IkpXVCJ9.eyJkYXRhIjp7ImlkIjoiMTRmYjYxMmYtYWNjOC00YmFmLTkzY2UtMzJjM2ZhNDYxNzY0IiwibmFtZSI6ImFkbWluIiwiZ2VuZGVyIjp0cnVlLCJlbWFpbCI6IjM3ODMzODYyN0BxcS5jb20ifSwiaWF0IjoxNTA1NDM4MDAxLCJleHAiOjE1MDU1MjQ0MDF9.Ha-_a9NKRxfSccX39MimcO1h7cHfKkbZ9Er8Oiqhpvo"}
response time: 298
response status: 200
response body: 
{"status":0,"data":[],"total":0}
*************** response log end ***************

[2017-09-15 10:19:14.023] [INFO] resLogger - 
*************** response log start ***************
request method: GET
request originalUrl:  /api/user/?token=eyJhbGciOiJIUzI1NiIsInR5cCI6IkpXVCJ9.eyJkYXRhIjp7ImlkIjoiMTRmYjYxMmYtYWNjOC00YmFmLTkzY2UtMzJjM2ZhNDYxNzY0IiwibmFtZSI6ImFkbWluIiwiZ2VuZGVyIjp0cnVlLCJlbWFpbCI6IjM3ODMzODYyN0BxcS5jb20ifSwiaWF0IjoxNTA1NDM4MDAxLCJleHAiOjE1MDU1MjQ0MDF9.Ha-_a9NKRxfSccX39MimcO1h7cHfKkbZ9Er8Oiqhpvo
request client ip:  ::ffff:127.0.0.1
request query:  {"token":"eyJhbGciOiJIUzI1NiIsInR5cCI6IkpXVCJ9.eyJkYXRhIjp7ImlkIjoiMTRmYjYxMmYtYWNjOC00YmFmLTkzY2UtMzJjM2ZhNDYxNzY0IiwibmFtZSI6ImFkbWluIiwiZ2VuZGVyIjp0cnVlLCJlbWFpbCI6IjM3ODMzODYyN0BxcS5jb20ifSwiaWF0IjoxNTA1NDM4MDAxLCJleHAiOjE1MDU1MjQ0MDF9.Ha-_a9NKRxfSccX39MimcO1h7cHfKkbZ9Er8Oiqhpvo"}
response time: 179
response status: 200
response body: 
{"status":0,"data":{"name":"admin","email":"378338627@qq.com","phone":"15822927208","password":"$2a$10$qahKqX4gVI/5GJ4aK7oo.ObquLL02VC8MO0WG.HmCSttP9fiZkGkm","gender":true,"token":"eyJhbGciOiJIUzI1NiIsInR5cCI6IkpXVCJ9.eyJkYXRhIjp7ImlkIjoiMTRmYjYxMmYtYWNjOC00YmFmLTkzY2UtMzJjM2ZhNDYxNzY0IiwibmFtZSI6ImFkbWluIiwiZ2VuZGVyIjp0cnVlLCJlbWFpbCI6IjM3ODMzODYyN0BxcS5jb20ifSwiaWF0IjoxNTA1NDM4MDAxLCJleHAiOjE1MDU1MjQ0MDF9.Ha-_a9NKRxfSccX39MimcO1h7cHfKkbZ9Er8Oiqhpvo","canLogin":true,"status":1,"id":"14fb612f-acc8-4baf-93ce-32c3fa461764","createdAt":1505273858748,"updatedAt":1505438001525,"version":2}}
*************** response log end ***************

[2017-09-15 10:19:14.317] [INFO] resLogger - 
*************** response log start ***************
request method: GET
request originalUrl:  /api/business/getequip/get?token=eyJhbGciOiJIUzI1NiIsInR5cCI6IkpXVCJ9.eyJkYXRhIjp7ImlkIjoiMTRmYjYxMmYtYWNjOC00YmFmLTkzY2UtMzJjM2ZhNDYxNzY0IiwibmFtZSI6ImFkbWluIiwiZ2VuZGVyIjp0cnVlLCJlbWFpbCI6IjM3ODMzODYyN0BxcS5jb20ifSwiaWF0IjoxNTA1NDM4MDAxLCJleHAiOjE1MDU1MjQ0MDF9.Ha-_a9NKRxfSccX39MimcO1h7cHfKkbZ9Er8Oiqhpvo
request client ip:  ::ffff:127.0.0.1
request query:  {"token":"eyJhbGciOiJIUzI1NiIsInR5cCI6IkpXVCJ9.eyJkYXRhIjp7ImlkIjoiMTRmYjYxMmYtYWNjOC00YmFmLTkzY2UtMzJjM2ZhNDYxNzY0IiwibmFtZSI6ImFkbWluIiwiZ2VuZGVyIjp0cnVlLCJlbWFpbCI6IjM3ODMzODYyN0BxcS5jb20ifSwiaWF0IjoxNTA1NDM4MDAxLCJleHAiOjE1MDU1MjQ0MDF9.Ha-_a9NKRxfSccX39MimcO1h7cHfKkbZ9Er8Oiqhpvo"}
response time: 114
response status: 200
response body: 
{"status":0,"data":[]}
*************** response log end ***************

[2017-09-15 10:19:14.333] [INFO] resLogger - 
*************** response log start ***************
request method: GET
request originalUrl:  /api/business/list/page/1?token=eyJhbGciOiJIUzI1NiIsInR5cCI6IkpXVCJ9.eyJkYXRhIjp7ImlkIjoiMTRmYjYxMmYtYWNjOC00YmFmLTkzY2UtMzJjM2ZhNDYxNzY0IiwibmFtZSI6ImFkbWluIiwiZ2VuZGVyIjp0cnVlLCJlbWFpbCI6IjM3ODMzODYyN0BxcS5jb20ifSwiaWF0IjoxNTA1NDM4MDAxLCJleHAiOjE1MDU1MjQ0MDF9.Ha-_a9NKRxfSccX39MimcO1h7cHfKkbZ9Er8Oiqhpvo
request client ip:  ::ffff:127.0.0.1
request query:  {"token":"eyJhbGciOiJIUzI1NiIsInR5cCI6IkpXVCJ9.eyJkYXRhIjp7ImlkIjoiMTRmYjYxMmYtYWNjOC00YmFmLTkzY2UtMzJjM2ZhNDYxNzY0IiwibmFtZSI6ImFkbWluIiwiZ2VuZGVyIjp0cnVlLCJlbWFpbCI6IjM3ODMzODYyN0BxcS5jb20ifSwiaWF0IjoxNTA1NDM4MDAxLCJleHAiOjE1MDU1MjQ0MDF9.Ha-_a9NKRxfSccX39MimcO1h7cHfKkbZ9Er8Oiqhpvo"}
response time: 162
response status: 200
response body: 
{"status":0,"data":[],"total":0}
*************** response log end ***************

[2017-09-15 10:20:03.115] [INFO] resLogger - 
*************** response log start ***************
request method: GET
request originalUrl:  /api/user/?token=eyJhbGciOiJIUzI1NiIsInR5cCI6IkpXVCJ9.eyJkYXRhIjp7ImlkIjoiMTRmYjYxMmYtYWNjOC00YmFmLTkzY2UtMzJjM2ZhNDYxNzY0IiwibmFtZSI6ImFkbWluIiwiZ2VuZGVyIjp0cnVlLCJlbWFpbCI6IjM3ODMzODYyN0BxcS5jb20ifSwiaWF0IjoxNTA1NDM4MDAxLCJleHAiOjE1MDU1MjQ0MDF9.Ha-_a9NKRxfSccX39MimcO1h7cHfKkbZ9Er8Oiqhpvo
request client ip:  ::ffff:127.0.0.1
request query:  {"token":"eyJhbGciOiJIUzI1NiIsInR5cCI6IkpXVCJ9.eyJkYXRhIjp7ImlkIjoiMTRmYjYxMmYtYWNjOC00YmFmLTkzY2UtMzJjM2ZhNDYxNzY0IiwibmFtZSI6ImFkbWluIiwiZ2VuZGVyIjp0cnVlLCJlbWFpbCI6IjM3ODMzODYyN0BxcS5jb20ifSwiaWF0IjoxNTA1NDM4MDAxLCJleHAiOjE1MDU1MjQ0MDF9.Ha-_a9NKRxfSccX39MimcO1h7cHfKkbZ9Er8Oiqhpvo"}
response time: 62
response status: 200
response body: 
{"status":0,"data":{"name":"admin","email":"378338627@qq.com","phone":"15822927208","password":"$2a$10$qahKqX4gVI/5GJ4aK7oo.ObquLL02VC8MO0WG.HmCSttP9fiZkGkm","gender":true,"token":"eyJhbGciOiJIUzI1NiIsInR5cCI6IkpXVCJ9.eyJkYXRhIjp7ImlkIjoiMTRmYjYxMmYtYWNjOC00YmFmLTkzY2UtMzJjM2ZhNDYxNzY0IiwibmFtZSI6ImFkbWluIiwiZ2VuZGVyIjp0cnVlLCJlbWFpbCI6IjM3ODMzODYyN0BxcS5jb20ifSwiaWF0IjoxNTA1NDM4MDAxLCJleHAiOjE1MDU1MjQ0MDF9.Ha-_a9NKRxfSccX39MimcO1h7cHfKkbZ9Er8Oiqhpvo","canLogin":true,"status":1,"id":"14fb612f-acc8-4baf-93ce-32c3fa461764","createdAt":1505273858748,"updatedAt":1505438001525,"version":2}}
*************** response log end ***************

[2017-09-15 10:20:03.427] [INFO] resLogger - 
*************** response log start ***************
request method: GET
request originalUrl:  /api/business/getequip/get?token=eyJhbGciOiJIUzI1NiIsInR5cCI6IkpXVCJ9.eyJkYXRhIjp7ImlkIjoiMTRmYjYxMmYtYWNjOC00YmFmLTkzY2UtMzJjM2ZhNDYxNzY0IiwibmFtZSI6ImFkbWluIiwiZ2VuZGVyIjp0cnVlLCJlbWFpbCI6IjM3ODMzODYyN0BxcS5jb20ifSwiaWF0IjoxNTA1NDM4MDAxLCJleHAiOjE1MDU1MjQ0MDF9.Ha-_a9NKRxfSccX39MimcO1h7cHfKkbZ9Er8Oiqhpvo
request client ip:  ::ffff:127.0.0.1
request query:  {"token":"eyJhbGciOiJIUzI1NiIsInR5cCI6IkpXVCJ9.eyJkYXRhIjp7ImlkIjoiMTRmYjYxMmYtYWNjOC00YmFmLTkzY2UtMzJjM2ZhNDYxNzY0IiwibmFtZSI6ImFkbWluIiwiZ2VuZGVyIjp0cnVlLCJlbWFpbCI6IjM3ODMzODYyN0BxcS5jb20ifSwiaWF0IjoxNTA1NDM4MDAxLCJleHAiOjE1MDU1MjQ0MDF9.Ha-_a9NKRxfSccX39MimcO1h7cHfKkbZ9Er8Oiqhpvo"}
response time: 130
response status: 200
response body: 
{"status":0,"data":[]}
*************** response log end ***************

[2017-09-15 10:20:03.440] [INFO] resLogger - 
*************** response log start ***************
request method: GET
request originalUrl:  /api/business/list/page/1?token=eyJhbGciOiJIUzI1NiIsInR5cCI6IkpXVCJ9.eyJkYXRhIjp7ImlkIjoiMTRmYjYxMmYtYWNjOC00YmFmLTkzY2UtMzJjM2ZhNDYxNzY0IiwibmFtZSI6ImFkbWluIiwiZ2VuZGVyIjp0cnVlLCJlbWFpbCI6IjM3ODMzODYyN0BxcS5jb20ifSwiaWF0IjoxNTA1NDM4MDAxLCJleHAiOjE1MDU1MjQ0MDF9.Ha-_a9NKRxfSccX39MimcO1h7cHfKkbZ9Er8Oiqhpvo
request client ip:  ::ffff:127.0.0.1
request query:  {"token":"eyJhbGciOiJIUzI1NiIsInR5cCI6IkpXVCJ9.eyJkYXRhIjp7ImlkIjoiMTRmYjYxMmYtYWNjOC00YmFmLTkzY2UtMzJjM2ZhNDYxNzY0IiwibmFtZSI6ImFkbWluIiwiZ2VuZGVyIjp0cnVlLCJlbWFpbCI6IjM3ODMzODYyN0BxcS5jb20ifSwiaWF0IjoxNTA1NDM4MDAxLCJleHAiOjE1MDU1MjQ0MDF9.Ha-_a9NKRxfSccX39MimcO1h7cHfKkbZ9Er8Oiqhpvo"}
response time: 181
response status: 200
response body: 
{"status":0,"data":[],"total":0}
*************** response log end ***************

[2017-09-15 10:20:30.608] [INFO] resLogger - 
*************** response log start ***************
request method: GET
request originalUrl:  /api/user/?token=eyJhbGciOiJIUzI1NiIsInR5cCI6IkpXVCJ9.eyJkYXRhIjp7ImlkIjoiMTRmYjYxMmYtYWNjOC00YmFmLTkzY2UtMzJjM2ZhNDYxNzY0IiwibmFtZSI6ImFkbWluIiwiZ2VuZGVyIjp0cnVlLCJlbWFpbCI6IjM3ODMzODYyN0BxcS5jb20ifSwiaWF0IjoxNTA1NDM4MDAxLCJleHAiOjE1MDU1MjQ0MDF9.Ha-_a9NKRxfSccX39MimcO1h7cHfKkbZ9Er8Oiqhpvo
request client ip:  ::ffff:127.0.0.1
request query:  {"token":"eyJhbGciOiJIUzI1NiIsInR5cCI6IkpXVCJ9.eyJkYXRhIjp7ImlkIjoiMTRmYjYxMmYtYWNjOC00YmFmLTkzY2UtMzJjM2ZhNDYxNzY0IiwibmFtZSI6ImFkbWluIiwiZ2VuZGVyIjp0cnVlLCJlbWFpbCI6IjM3ODMzODYyN0BxcS5jb20ifSwiaWF0IjoxNTA1NDM4MDAxLCJleHAiOjE1MDU1MjQ0MDF9.Ha-_a9NKRxfSccX39MimcO1h7cHfKkbZ9Er8Oiqhpvo"}
response time: 88
response status: 200
response body: 
{"status":0,"data":{"name":"admin","email":"378338627@qq.com","phone":"15822927208","password":"$2a$10$qahKqX4gVI/5GJ4aK7oo.ObquLL02VC8MO0WG.HmCSttP9fiZkGkm","gender":true,"token":"eyJhbGciOiJIUzI1NiIsInR5cCI6IkpXVCJ9.eyJkYXRhIjp7ImlkIjoiMTRmYjYxMmYtYWNjOC00YmFmLTkzY2UtMzJjM2ZhNDYxNzY0IiwibmFtZSI6ImFkbWluIiwiZ2VuZGVyIjp0cnVlLCJlbWFpbCI6IjM3ODMzODYyN0BxcS5jb20ifSwiaWF0IjoxNTA1NDM4MDAxLCJleHAiOjE1MDU1MjQ0MDF9.Ha-_a9NKRxfSccX39MimcO1h7cHfKkbZ9Er8Oiqhpvo","canLogin":true,"status":1,"id":"14fb612f-acc8-4baf-93ce-32c3fa461764","createdAt":1505273858748,"updatedAt":1505438001525,"version":2}}
*************** response log end ***************

[2017-09-15 10:20:30.866] [INFO] resLogger - 
*************** response log start ***************
request method: GET
request originalUrl:  /api/business/list/page/1?token=eyJhbGciOiJIUzI1NiIsInR5cCI6IkpXVCJ9.eyJkYXRhIjp7ImlkIjoiMTRmYjYxMmYtYWNjOC00YmFmLTkzY2UtMzJjM2ZhNDYxNzY0IiwibmFtZSI6ImFkbWluIiwiZ2VuZGVyIjp0cnVlLCJlbWFpbCI6IjM3ODMzODYyN0BxcS5jb20ifSwiaWF0IjoxNTA1NDM4MDAxLCJleHAiOjE1MDU1MjQ0MDF9.Ha-_a9NKRxfSccX39MimcO1h7cHfKkbZ9Er8Oiqhpvo
request client ip:  ::ffff:127.0.0.1
request query:  {"token":"eyJhbGciOiJIUzI1NiIsInR5cCI6IkpXVCJ9.eyJkYXRhIjp7ImlkIjoiMTRmYjYxMmYtYWNjOC00YmFmLTkzY2UtMzJjM2ZhNDYxNzY0IiwibmFtZSI6ImFkbWluIiwiZ2VuZGVyIjp0cnVlLCJlbWFpbCI6IjM3ODMzODYyN0BxcS5jb20ifSwiaWF0IjoxNTA1NDM4MDAxLCJleHAiOjE1MDU1MjQ0MDF9.Ha-_a9NKRxfSccX39MimcO1h7cHfKkbZ9Er8Oiqhpvo"}
response time: 111
response status: 200
response body: 
{"status":0,"data":[],"total":0}
*************** response log end ***************

[2017-09-15 10:20:30.872] [INFO] resLogger - 
*************** response log start ***************
request method: GET
request originalUrl:  /api/business/getequip/get?token=eyJhbGciOiJIUzI1NiIsInR5cCI6IkpXVCJ9.eyJkYXRhIjp7ImlkIjoiMTRmYjYxMmYtYWNjOC00YmFmLTkzY2UtMzJjM2ZhNDYxNzY0IiwibmFtZSI6ImFkbWluIiwiZ2VuZGVyIjp0cnVlLCJlbWFpbCI6IjM3ODMzODYyN0BxcS5jb20ifSwiaWF0IjoxNTA1NDM4MDAxLCJleHAiOjE1MDU1MjQ0MDF9.Ha-_a9NKRxfSccX39MimcO1h7cHfKkbZ9Er8Oiqhpvo
request client ip:  ::ffff:127.0.0.1
request query:  {"token":"eyJhbGciOiJIUzI1NiIsInR5cCI6IkpXVCJ9.eyJkYXRhIjp7ImlkIjoiMTRmYjYxMmYtYWNjOC00YmFmLTkzY2UtMzJjM2ZhNDYxNzY0IiwibmFtZSI6ImFkbWluIiwiZ2VuZGVyIjp0cnVlLCJlbWFpbCI6IjM3ODMzODYyN0BxcS5jb20ifSwiaWF0IjoxNTA1NDM4MDAxLCJleHAiOjE1MDU1MjQ0MDF9.Ha-_a9NKRxfSccX39MimcO1h7cHfKkbZ9Er8Oiqhpvo"}
response time: 53
response status: 200
response body: 
{"status":0,"data":[]}
*************** response log end ***************

[2017-09-15 10:21:26.697] [INFO] resLogger - 
*************** response log start ***************
request method: GET
request originalUrl:  /api/user/?token=eyJhbGciOiJIUzI1NiIsInR5cCI6IkpXVCJ9.eyJkYXRhIjp7ImlkIjoiMTRmYjYxMmYtYWNjOC00YmFmLTkzY2UtMzJjM2ZhNDYxNzY0IiwibmFtZSI6ImFkbWluIiwiZ2VuZGVyIjp0cnVlLCJlbWFpbCI6IjM3ODMzODYyN0BxcS5jb20ifSwiaWF0IjoxNTA1NDM4MDAxLCJleHAiOjE1MDU1MjQ0MDF9.Ha-_a9NKRxfSccX39MimcO1h7cHfKkbZ9Er8Oiqhpvo
request client ip:  ::ffff:127.0.0.1
request query:  {"token":"eyJhbGciOiJIUzI1NiIsInR5cCI6IkpXVCJ9.eyJkYXRhIjp7ImlkIjoiMTRmYjYxMmYtYWNjOC00YmFmLTkzY2UtMzJjM2ZhNDYxNzY0IiwibmFtZSI6ImFkbWluIiwiZ2VuZGVyIjp0cnVlLCJlbWFpbCI6IjM3ODMzODYyN0BxcS5jb20ifSwiaWF0IjoxNTA1NDM4MDAxLCJleHAiOjE1MDU1MjQ0MDF9.Ha-_a9NKRxfSccX39MimcO1h7cHfKkbZ9Er8Oiqhpvo"}
response time: 48
response status: 200
response body: 
{"status":0,"data":{"name":"admin","email":"378338627@qq.com","phone":"15822927208","password":"$2a$10$qahKqX4gVI/5GJ4aK7oo.ObquLL02VC8MO0WG.HmCSttP9fiZkGkm","gender":true,"token":"eyJhbGciOiJIUzI1NiIsInR5cCI6IkpXVCJ9.eyJkYXRhIjp7ImlkIjoiMTRmYjYxMmYtYWNjOC00YmFmLTkzY2UtMzJjM2ZhNDYxNzY0IiwibmFtZSI6ImFkbWluIiwiZ2VuZGVyIjp0cnVlLCJlbWFpbCI6IjM3ODMzODYyN0BxcS5jb20ifSwiaWF0IjoxNTA1NDM4MDAxLCJleHAiOjE1MDU1MjQ0MDF9.Ha-_a9NKRxfSccX39MimcO1h7cHfKkbZ9Er8Oiqhpvo","canLogin":true,"status":1,"id":"14fb612f-acc8-4baf-93ce-32c3fa461764","createdAt":1505273858748,"updatedAt":1505438001525,"version":2}}
*************** response log end ***************

[2017-09-15 10:21:26.947] [INFO] resLogger - 
*************** response log start ***************
request method: GET
request originalUrl:  /api/business/list/page/1?token=eyJhbGciOiJIUzI1NiIsInR5cCI6IkpXVCJ9.eyJkYXRhIjp7ImlkIjoiMTRmYjYxMmYtYWNjOC00YmFmLTkzY2UtMzJjM2ZhNDYxNzY0IiwibmFtZSI6ImFkbWluIiwiZ2VuZGVyIjp0cnVlLCJlbWFpbCI6IjM3ODMzODYyN0BxcS5jb20ifSwiaWF0IjoxNTA1NDM4MDAxLCJleHAiOjE1MDU1MjQ0MDF9.Ha-_a9NKRxfSccX39MimcO1h7cHfKkbZ9Er8Oiqhpvo
request client ip:  ::ffff:127.0.0.1
request query:  {"token":"eyJhbGciOiJIUzI1NiIsInR5cCI6IkpXVCJ9.eyJkYXRhIjp7ImlkIjoiMTRmYjYxMmYtYWNjOC00YmFmLTkzY2UtMzJjM2ZhNDYxNzY0IiwibmFtZSI6ImFkbWluIiwiZ2VuZGVyIjp0cnVlLCJlbWFpbCI6IjM3ODMzODYyN0BxcS5jb20ifSwiaWF0IjoxNTA1NDM4MDAxLCJleHAiOjE1MDU1MjQ0MDF9.Ha-_a9NKRxfSccX39MimcO1h7cHfKkbZ9Er8Oiqhpvo"}
response time: 107
response status: 200
response body: 
{"status":0,"data":[],"total":0}
*************** response log end ***************

[2017-09-15 10:21:26.955] [INFO] resLogger - 
*************** response log start ***************
request method: GET
request originalUrl:  /api/business/getequip/get?token=eyJhbGciOiJIUzI1NiIsInR5cCI6IkpXVCJ9.eyJkYXRhIjp7ImlkIjoiMTRmYjYxMmYtYWNjOC00YmFmLTkzY2UtMzJjM2ZhNDYxNzY0IiwibmFtZSI6ImFkbWluIiwiZ2VuZGVyIjp0cnVlLCJlbWFpbCI6IjM3ODMzODYyN0BxcS5jb20ifSwiaWF0IjoxNTA1NDM4MDAxLCJleHAiOjE1MDU1MjQ0MDF9.Ha-_a9NKRxfSccX39MimcO1h7cHfKkbZ9Er8Oiqhpvo
request client ip:  ::ffff:127.0.0.1
request query:  {"token":"eyJhbGciOiJIUzI1NiIsInR5cCI6IkpXVCJ9.eyJkYXRhIjp7ImlkIjoiMTRmYjYxMmYtYWNjOC00YmFmLTkzY2UtMzJjM2ZhNDYxNzY0IiwibmFtZSI6ImFkbWluIiwiZ2VuZGVyIjp0cnVlLCJlbWFpbCI6IjM3ODMzODYyN0BxcS5jb20ifSwiaWF0IjoxNTA1NDM4MDAxLCJleHAiOjE1MDU1MjQ0MDF9.Ha-_a9NKRxfSccX39MimcO1h7cHfKkbZ9Er8Oiqhpvo"}
response time: 46
response status: 200
response body: 
{"status":0,"data":[]}
*************** response log end ***************

[2017-09-15 10:25:01.077] [INFO] resLogger - 
*************** response log start ***************
request method: GET
request originalUrl:  /api/user/?token=eyJhbGciOiJIUzI1NiIsInR5cCI6IkpXVCJ9.eyJkYXRhIjp7ImlkIjoiMTRmYjYxMmYtYWNjOC00YmFmLTkzY2UtMzJjM2ZhNDYxNzY0IiwibmFtZSI6ImFkbWluIiwiZ2VuZGVyIjp0cnVlLCJlbWFpbCI6IjM3ODMzODYyN0BxcS5jb20ifSwiaWF0IjoxNTA1NDM4MDAxLCJleHAiOjE1MDU1MjQ0MDF9.Ha-_a9NKRxfSccX39MimcO1h7cHfKkbZ9Er8Oiqhpvo
request client ip:  ::ffff:127.0.0.1
request query:  {"token":"eyJhbGciOiJIUzI1NiIsInR5cCI6IkpXVCJ9.eyJkYXRhIjp7ImlkIjoiMTRmYjYxMmYtYWNjOC00YmFmLTkzY2UtMzJjM2ZhNDYxNzY0IiwibmFtZSI6ImFkbWluIiwiZ2VuZGVyIjp0cnVlLCJlbWFpbCI6IjM3ODMzODYyN0BxcS5jb20ifSwiaWF0IjoxNTA1NDM4MDAxLCJleHAiOjE1MDU1MjQ0MDF9.Ha-_a9NKRxfSccX39MimcO1h7cHfKkbZ9Er8Oiqhpvo"}
response time: 54
response status: 200
response body: 
{"status":0,"data":{"name":"admin","email":"378338627@qq.com","phone":"15822927208","password":"$2a$10$qahKqX4gVI/5GJ4aK7oo.ObquLL02VC8MO0WG.HmCSttP9fiZkGkm","gender":true,"token":"eyJhbGciOiJIUzI1NiIsInR5cCI6IkpXVCJ9.eyJkYXRhIjp7ImlkIjoiMTRmYjYxMmYtYWNjOC00YmFmLTkzY2UtMzJjM2ZhNDYxNzY0IiwibmFtZSI6ImFkbWluIiwiZ2VuZGVyIjp0cnVlLCJlbWFpbCI6IjM3ODMzODYyN0BxcS5jb20ifSwiaWF0IjoxNTA1NDM4MDAxLCJleHAiOjE1MDU1MjQ0MDF9.Ha-_a9NKRxfSccX39MimcO1h7cHfKkbZ9Er8Oiqhpvo","canLogin":true,"status":1,"id":"14fb612f-acc8-4baf-93ce-32c3fa461764","createdAt":1505273858748,"updatedAt":1505438001525,"version":2}}
*************** response log end ***************

[2017-09-15 10:25:01.350] [INFO] resLogger - 
*************** response log start ***************
request method: GET
request originalUrl:  /api/business/list/page/1?token=eyJhbGciOiJIUzI1NiIsInR5cCI6IkpXVCJ9.eyJkYXRhIjp7ImlkIjoiMTRmYjYxMmYtYWNjOC00YmFmLTkzY2UtMzJjM2ZhNDYxNzY0IiwibmFtZSI6ImFkbWluIiwiZ2VuZGVyIjp0cnVlLCJlbWFpbCI6IjM3ODMzODYyN0BxcS5jb20ifSwiaWF0IjoxNTA1NDM4MDAxLCJleHAiOjE1MDU1MjQ0MDF9.Ha-_a9NKRxfSccX39MimcO1h7cHfKkbZ9Er8Oiqhpvo
request client ip:  ::ffff:127.0.0.1
request query:  {"token":"eyJhbGciOiJIUzI1NiIsInR5cCI6IkpXVCJ9.eyJkYXRhIjp7ImlkIjoiMTRmYjYxMmYtYWNjOC00YmFmLTkzY2UtMzJjM2ZhNDYxNzY0IiwibmFtZSI6ImFkbWluIiwiZ2VuZGVyIjp0cnVlLCJlbWFpbCI6IjM3ODMzODYyN0BxcS5jb20ifSwiaWF0IjoxNTA1NDM4MDAxLCJleHAiOjE1MDU1MjQ0MDF9.Ha-_a9NKRxfSccX39MimcO1h7cHfKkbZ9Er8Oiqhpvo"}
response time: 119
response status: 200
response body: 
{"status":0,"data":[],"total":0}
*************** response log end ***************

[2017-09-15 10:25:01.362] [INFO] resLogger - 
*************** response log start ***************
request method: GET
request originalUrl:  /api/business/getequip/get?token=eyJhbGciOiJIUzI1NiIsInR5cCI6IkpXVCJ9.eyJkYXRhIjp7ImlkIjoiMTRmYjYxMmYtYWNjOC00YmFmLTkzY2UtMzJjM2ZhNDYxNzY0IiwibmFtZSI6ImFkbWluIiwiZ2VuZGVyIjp0cnVlLCJlbWFpbCI6IjM3ODMzODYyN0BxcS5jb20ifSwiaWF0IjoxNTA1NDM4MDAxLCJleHAiOjE1MDU1MjQ0MDF9.Ha-_a9NKRxfSccX39MimcO1h7cHfKkbZ9Er8Oiqhpvo
request client ip:  ::ffff:127.0.0.1
request query:  {"token":"eyJhbGciOiJIUzI1NiIsInR5cCI6IkpXVCJ9.eyJkYXRhIjp7ImlkIjoiMTRmYjYxMmYtYWNjOC00YmFmLTkzY2UtMzJjM2ZhNDYxNzY0IiwibmFtZSI6ImFkbWluIiwiZ2VuZGVyIjp0cnVlLCJlbWFpbCI6IjM3ODMzODYyN0BxcS5jb20ifSwiaWF0IjoxNTA1NDM4MDAxLCJleHAiOjE1MDU1MjQ0MDF9.Ha-_a9NKRxfSccX39MimcO1h7cHfKkbZ9Er8Oiqhpvo"}
response time: 59
response status: 200
response body: 
{"status":0,"data":[]}
*************** response log end ***************

[2017-09-15 10:25:28.450] [INFO] resLogger - 
*************** response log start ***************
request method: GET
request originalUrl:  /api/user/?token=eyJhbGciOiJIUzI1NiIsInR5cCI6IkpXVCJ9.eyJkYXRhIjp7ImlkIjoiMTRmYjYxMmYtYWNjOC00YmFmLTkzY2UtMzJjM2ZhNDYxNzY0IiwibmFtZSI6ImFkbWluIiwiZ2VuZGVyIjp0cnVlLCJlbWFpbCI6IjM3ODMzODYyN0BxcS5jb20ifSwiaWF0IjoxNTA1NDM4MDAxLCJleHAiOjE1MDU1MjQ0MDF9.Ha-_a9NKRxfSccX39MimcO1h7cHfKkbZ9Er8Oiqhpvo
request client ip:  ::ffff:127.0.0.1
request query:  {"token":"eyJhbGciOiJIUzI1NiIsInR5cCI6IkpXVCJ9.eyJkYXRhIjp7ImlkIjoiMTRmYjYxMmYtYWNjOC00YmFmLTkzY2UtMzJjM2ZhNDYxNzY0IiwibmFtZSI6ImFkbWluIiwiZ2VuZGVyIjp0cnVlLCJlbWFpbCI6IjM3ODMzODYyN0BxcS5jb20ifSwiaWF0IjoxNTA1NDM4MDAxLCJleHAiOjE1MDU1MjQ0MDF9.Ha-_a9NKRxfSccX39MimcO1h7cHfKkbZ9Er8Oiqhpvo"}
response time: 69
response status: 200
response body: 
{"status":0,"data":{"name":"admin","email":"378338627@qq.com","phone":"15822927208","password":"$2a$10$qahKqX4gVI/5GJ4aK7oo.ObquLL02VC8MO0WG.HmCSttP9fiZkGkm","gender":true,"token":"eyJhbGciOiJIUzI1NiIsInR5cCI6IkpXVCJ9.eyJkYXRhIjp7ImlkIjoiMTRmYjYxMmYtYWNjOC00YmFmLTkzY2UtMzJjM2ZhNDYxNzY0IiwibmFtZSI6ImFkbWluIiwiZ2VuZGVyIjp0cnVlLCJlbWFpbCI6IjM3ODMzODYyN0BxcS5jb20ifSwiaWF0IjoxNTA1NDM4MDAxLCJleHAiOjE1MDU1MjQ0MDF9.Ha-_a9NKRxfSccX39MimcO1h7cHfKkbZ9Er8Oiqhpvo","canLogin":true,"status":1,"id":"14fb612f-acc8-4baf-93ce-32c3fa461764","createdAt":1505273858748,"updatedAt":1505438001525,"version":2}}
*************** response log end ***************

[2017-09-15 10:25:28.761] [INFO] resLogger - 
*************** response log start ***************
request method: GET
request originalUrl:  /api/business/list/page/1?token=eyJhbGciOiJIUzI1NiIsInR5cCI6IkpXVCJ9.eyJkYXRhIjp7ImlkIjoiMTRmYjYxMmYtYWNjOC00YmFmLTkzY2UtMzJjM2ZhNDYxNzY0IiwibmFtZSI6ImFkbWluIiwiZ2VuZGVyIjp0cnVlLCJlbWFpbCI6IjM3ODMzODYyN0BxcS5jb20ifSwiaWF0IjoxNTA1NDM4MDAxLCJleHAiOjE1MDU1MjQ0MDF9.Ha-_a9NKRxfSccX39MimcO1h7cHfKkbZ9Er8Oiqhpvo
request client ip:  ::ffff:127.0.0.1
request query:  {"token":"eyJhbGciOiJIUzI1NiIsInR5cCI6IkpXVCJ9.eyJkYXRhIjp7ImlkIjoiMTRmYjYxMmYtYWNjOC00YmFmLTkzY2UtMzJjM2ZhNDYxNzY0IiwibmFtZSI6ImFkbWluIiwiZ2VuZGVyIjp0cnVlLCJlbWFpbCI6IjM3ODMzODYyN0BxcS5jb20ifSwiaWF0IjoxNTA1NDM4MDAxLCJleHAiOjE1MDU1MjQ0MDF9.Ha-_a9NKRxfSccX39MimcO1h7cHfKkbZ9Er8Oiqhpvo"}
response time: 135
response status: 200
response body: 
{"status":0,"data":[],"total":0}
*************** response log end ***************

[2017-09-15 10:25:28.773] [INFO] resLogger - 
*************** response log start ***************
request method: GET
request originalUrl:  /api/business/getequip/get?token=eyJhbGciOiJIUzI1NiIsInR5cCI6IkpXVCJ9.eyJkYXRhIjp7ImlkIjoiMTRmYjYxMmYtYWNjOC00YmFmLTkzY2UtMzJjM2ZhNDYxNzY0IiwibmFtZSI6ImFkbWluIiwiZ2VuZGVyIjp0cnVlLCJlbWFpbCI6IjM3ODMzODYyN0BxcS5jb20ifSwiaWF0IjoxNTA1NDM4MDAxLCJleHAiOjE1MDU1MjQ0MDF9.Ha-_a9NKRxfSccX39MimcO1h7cHfKkbZ9Er8Oiqhpvo
request client ip:  ::ffff:127.0.0.1
request query:  {"token":"eyJhbGciOiJIUzI1NiIsInR5cCI6IkpXVCJ9.eyJkYXRhIjp7ImlkIjoiMTRmYjYxMmYtYWNjOC00YmFmLTkzY2UtMzJjM2ZhNDYxNzY0IiwibmFtZSI6ImFkbWluIiwiZ2VuZGVyIjp0cnVlLCJlbWFpbCI6IjM3ODMzODYyN0BxcS5jb20ifSwiaWF0IjoxNTA1NDM4MDAxLCJleHAiOjE1MDU1MjQ0MDF9.Ha-_a9NKRxfSccX39MimcO1h7cHfKkbZ9Er8Oiqhpvo"}
response time: 71
response status: 200
response body: 
{"status":0,"data":[]}
*************** response log end ***************

[2017-09-15 10:25:52.273] [INFO] resLogger - 
*************** response log start ***************
request method: OPTIONS
request originalUrl:  /api/equipType/save?token=eyJhbGciOiJIUzI1NiIsInR5cCI6IkpXVCJ9.eyJkYXRhIjp7ImlkIjoiMTRmYjYxMmYtYWNjOC00YmFmLTkzY2UtMzJjM2ZhNDYxNzY0IiwibmFtZSI6ImFkbWluIiwiZ2VuZGVyIjp0cnVlLCJlbWFpbCI6IjM3ODMzODYyN0BxcS5jb20ifSwiaWF0IjoxNTA1NDM4MDAxLCJleHAiOjE1MDU1MjQ0MDF9.Ha-_a9NKRxfSccX39MimcO1h7cHfKkbZ9Er8Oiqhpvo
request client ip:  ::ffff:127.0.0.1
request body: 
{}
response time: 3
response status: 204
response body: 
undefined
*************** response log end ***************

[2017-09-15 10:25:52.353] [INFO] resLogger - 
*************** response log start ***************
request method: POST
request originalUrl:  /api/equipType/save?token=eyJhbGciOiJIUzI1NiIsInR5cCI6IkpXVCJ9.eyJkYXRhIjp7ImlkIjoiMTRmYjYxMmYtYWNjOC00YmFmLTkzY2UtMzJjM2ZhNDYxNzY0IiwibmFtZSI6ImFkbWluIiwiZ2VuZGVyIjp0cnVlLCJlbWFpbCI6IjM3ODMzODYyN0BxcS5jb20ifSwiaWF0IjoxNTA1NDM4MDAxLCJleHAiOjE1MDU1MjQ0MDF9.Ha-_a9NKRxfSccX39MimcO1h7cHfKkbZ9Er8Oiqhpvo
request client ip:  ::ffff:127.0.0.1
request body: 
{"id":null,"name":null,"code":null}
response time: 65
response status: 200
response body: 
{"name":"SequelizeDatabaseError","message":"ER_NO_SUCH_TABLE: Table 'test.equiptypes' doesn't exist","parent":{"code":"ER_NO_SUCH_TABLE","errno":1146,"sqlState":"42S02","index":0,"sql":"SELECT `name`, `code`, `id`, `createdAt`, `updatedAt`, `version` FROM `equipTypes` AS `equipTypes` WHERE `equipTypes`.`name` IS NULL;"},"original":{"code":"ER_NO_SUCH_TABLE","errno":1146,"sqlState":"42S02","index":0,"sql":"SELECT `name`, `code`, `id`, `createdAt`, `updatedAt`, `version` FROM `equipTypes` AS `equipTypes` WHERE `equipTypes`.`name` IS NULL;"},"sql":"SELECT `name`, `code`, `id`, `createdAt`, `updatedAt`, `version` FROM `equipTypes` AS `equipTypes` WHERE `equipTypes`.`name` IS NULL;","status":500}
*************** response log end ***************

