[2017-12-06 10:09:43.916] [INFO] resLogger - 
*************** response log start ***************
request method: GET
request originalUrl:  /api/user/?token=eyJhbGciOiJIUzI1NiIsInR5cCI6IkpXVCJ9.eyJkYXRhIjp7ImlkIjoiNzdlMGE0MWEtZWZiZC00NjI5LTg5YmEtODRiNzFmZTg2NmUxIiwibmFtZSI6ImFkbWluIiwiZ2VuZGVyIjp0cnVlLCJlbWFpbCI6IjM3ODMzODYyN0BxcS5jb20ifSwiaWF0IjoxNTEyNDUxNTAxLCJleHAiOjE1MTI1Mzc5MDF9.1PLN_Tx7PeGvjXgaV9tGQxpgdJX1880B4K750GRTCzY
request client ip:  ::ffff:127.0.0.1
request query:  {"token":"eyJhbGciOiJIUzI1NiIsInR5cCI6IkpXVCJ9.eyJkYXRhIjp7ImlkIjoiNzdlMGE0MWEtZWZiZC00NjI5LTg5YmEtODRiNzFmZTg2NmUxIiwibmFtZSI6ImFkbWluIiwiZ2VuZGVyIjp0cnVlLCJlbWFpbCI6IjM3ODMzODYyN0BxcS5jb20ifSwiaWF0IjoxNTEyNDUxNTAxLCJleHAiOjE1MTI1Mzc5MDF9.1PLN_Tx7PeGvjXgaV9tGQxpgdJX1880B4K750GRTCzY"}
response time: 158
response status: 200
response body: 
{"status":0,"data":{"name":"admin","email":"378338627@qq.com","phone":"15822927208","password":"$2a$10$oo3PUuyU2No4WRrDP/GUNOGsLUldeVjH6eH1q/N./UtbeNY1eJQx2","gender":true,"token":"eyJhbGciOiJIUzI1NiIsInR5cCI6IkpXVCJ9.eyJkYXRhIjp7ImlkIjoiNzdlMGE0MWEtZWZiZC00NjI5LTg5YmEtODRiNzFmZTg2NmUxIiwibmFtZSI6ImFkbWluIiwiZ2VuZGVyIjp0cnVlLCJlbWFpbCI6IjM3ODMzODYyN0BxcS5jb20ifSwiaWF0IjoxNTEyNDUxNTAxLCJleHAiOjE1MTI1Mzc5MDF9.1PLN_Tx7PeGvjXgaV9tGQxpgdJX1880B4K750GRTCzY","canLogin":true,"status":1,"id":"77e0a41a-efbd-4629-89ba-84b71fe866e1","createdAt":1510554855636,"updatedAt":1512451501482,"version":18}}
*************** response log end ***************

[2017-12-06 10:09:44.761] [INFO] resLogger - 
*************** response log start ***************
request method: GET
request originalUrl:  /api/equipType/list?token=eyJhbGciOiJIUzI1NiIsInR5cCI6IkpXVCJ9.eyJkYXRhIjp7ImlkIjoiNzdlMGE0MWEtZWZiZC00NjI5LTg5YmEtODRiNzFmZTg2NmUxIiwibmFtZSI6ImFkbWluIiwiZ2VuZGVyIjp0cnVlLCJlbWFpbCI6IjM3ODMzODYyN0BxcS5jb20ifSwiaWF0IjoxNTEyNDUxNTAxLCJleHAiOjE1MTI1Mzc5MDF9.1PLN_Tx7PeGvjXgaV9tGQxpgdJX1880B4K750GRTCzY
request client ip:  ::ffff:127.0.0.1
request query:  {"token":"eyJhbGciOiJIUzI1NiIsInR5cCI6IkpXVCJ9.eyJkYXRhIjp7ImlkIjoiNzdlMGE0MWEtZWZiZC00NjI5LTg5YmEtODRiNzFmZTg2NmUxIiwibmFtZSI6ImFkbWluIiwiZ2VuZGVyIjp0cnVlLCJlbWFpbCI6IjM3ODMzODYyN0BxcS5jb20ifSwiaWF0IjoxNTEyNDUxNTAxLCJleHAiOjE1MTI1Mzc5MDF9.1PLN_Tx7PeGvjXgaV9tGQxpgdJX1880B4K750GRTCzY"}
response time: 65
response status: 200
response body: 
{"status":0,"data":[{"name":"网络","code":"NETWORK","id":"da4cbfc1-a216-4019-ba18-12744a8fac7e","createdAt":1510554859442,"updatedAt":1510554859442,"version":0},{"name":"软件","code":"SOFTWARE","id":"04225cd9-76de-44fc-a2e7-4d956a5fd0ab","createdAt":1510554859350,"updatedAt":1510554859350,"version":0},{"name":"硬件","code":"HARDWARE","id":"6289bff3-8ff4-4d8b-a5b7-2ac2c2eeecf8","createdAt":1510554859260,"updatedAt":1510554859260,"version":0}]}
*************** response log end ***************

[2017-12-06 10:09:44.856] [INFO] resLogger - 
*************** response log start ***************
request method: GET
request originalUrl:  /api/order/list/time/1512489600000?token=eyJhbGciOiJIUzI1NiIsInR5cCI6IkpXVCJ9.eyJkYXRhIjp7ImlkIjoiNzdlMGE0MWEtZWZiZC00NjI5LTg5YmEtODRiNzFmZTg2NmUxIiwibmFtZSI6ImFkbWluIiwiZ2VuZGVyIjp0cnVlLCJlbWFpbCI6IjM3ODMzODYyN0BxcS5jb20ifSwiaWF0IjoxNTEyNDUxNTAxLCJleHAiOjE1MTI1Mzc5MDF9.1PLN_Tx7PeGvjXgaV9tGQxpgdJX1880B4K750GRTCzY
request client ip:  ::ffff:127.0.0.1
request query:  {"token":"eyJhbGciOiJIUzI1NiIsInR5cCI6IkpXVCJ9.eyJkYXRhIjp7ImlkIjoiNzdlMGE0MWEtZWZiZC00NjI5LTg5YmEtODRiNzFmZTg2NmUxIiwibmFtZSI6ImFkbWluIiwiZ2VuZGVyIjp0cnVlLCJlbWFpbCI6IjM3ODMzODYyN0BxcS5jb20ifSwiaWF0IjoxNTEyNDUxNTAxLCJleHAiOjE1MTI1Mzc5MDF9.1PLN_Tx7PeGvjXgaV9tGQxpgdJX1880B4K750GRTCzY"}
response time: 93
response status: 200
response body: 
{"status":0,"data":[],"total":1}
*************** response log end ***************

[2017-12-06 10:09:44.965] [INFO] resLogger - 
*************** response log start ***************
request method: GET
request originalUrl:  /api/business/getequip/get?token=eyJhbGciOiJIUzI1NiIsInR5cCI6IkpXVCJ9.eyJkYXRhIjp7ImlkIjoiNzdlMGE0MWEtZWZiZC00NjI5LTg5YmEtODRiNzFmZTg2NmUxIiwibmFtZSI6ImFkbWluIiwiZ2VuZGVyIjp0cnVlLCJlbWFpbCI6IjM3ODMzODYyN0BxcS5jb20ifSwiaWF0IjoxNTEyNDUxNTAxLCJleHAiOjE1MTI1Mzc5MDF9.1PLN_Tx7PeGvjXgaV9tGQxpgdJX1880B4K750GRTCzY
request client ip:  ::ffff:127.0.0.1
request query:  {"token":"eyJhbGciOiJIUzI1NiIsInR5cCI6IkpXVCJ9.eyJkYXRhIjp7ImlkIjoiNzdlMGE0MWEtZWZiZC00NjI5LTg5YmEtODRiNzFmZTg2NmUxIiwibmFtZSI6ImFkbWluIiwiZ2VuZGVyIjp0cnVlLCJlbWFpbCI6IjM3ODMzODYyN0BxcS5jb20ifSwiaWF0IjoxNTEyNDUxNTAxLCJleHAiOjE1MTI1Mzc5MDF9.1PLN_Tx7PeGvjXgaV9tGQxpgdJX1880B4K750GRTCzY"}
response time: 49
response status: 200
response body: 
{"status":0,"data":[{"equipment":"IP地址","name":"IP地址"},{"equipment":"WORD","name":"WORD"},{"equipment":"打印机","name":"打印机"},{"equipment":"浏览器","name":"浏览器"},{"equipment":"电脑","name":"电脑"},{"equipment":"电话","name":"电话"},{"equipment":"笔记本电脑","name":"笔记本电脑"}]}
*************** response log end ***************

[2017-12-06 10:09:45.058] [INFO] resLogger - 
*************** response log start ***************
request method: GET
request originalUrl:  /api/business/list?token=eyJhbGciOiJIUzI1NiIsInR5cCI6IkpXVCJ9.eyJkYXRhIjp7ImlkIjoiNzdlMGE0MWEtZWZiZC00NjI5LTg5YmEtODRiNzFmZTg2NmUxIiwibmFtZSI6ImFkbWluIiwiZ2VuZGVyIjp0cnVlLCJlbWFpbCI6IjM3ODMzODYyN0BxcS5jb20ifSwiaWF0IjoxNTEyNDUxNTAxLCJleHAiOjE1MTI1Mzc5MDF9.1PLN_Tx7PeGvjXgaV9tGQxpgdJX1880B4K750GRTCzY&type=NETWORK&equipment=WORD
request client ip:  ::ffff:127.0.0.1
request query:  {"token":"eyJhbGciOiJIUzI1NiIsInR5cCI6IkpXVCJ9.eyJkYXRhIjp7ImlkIjoiNzdlMGE0MWEtZWZiZC00NjI5LTg5YmEtODRiNzFmZTg2NmUxIiwibmFtZSI6ImFkbWluIiwiZ2VuZGVyIjp0cnVlLCJlbWFpbCI6IjM3ODMzODYyN0BxcS5jb20ifSwiaWF0IjoxNTEyNDUxNTAxLCJleHAiOjE1MTI1Mzc5MDF9.1PLN_Tx7PeGvjXgaV9tGQxpgdJX1880B4K750GRTCzY","type":"NETWORK","equipment":"WORD"}
response time: 76
response status: 200
response body: 
{"status":0,"data":[],"total":0}
*************** response log end ***************

[2017-12-06 10:09:57.344] [INFO] resLogger - 
*************** response log start ***************
request method: GET
request originalUrl:  /api/user/?token=eyJhbGciOiJIUzI1NiIsInR5cCI6IkpXVCJ9.eyJkYXRhIjp7ImlkIjoiNzdlMGE0MWEtZWZiZC00NjI5LTg5YmEtODRiNzFmZTg2NmUxIiwibmFtZSI6ImFkbWluIiwiZ2VuZGVyIjp0cnVlLCJlbWFpbCI6IjM3ODMzODYyN0BxcS5jb20ifSwiaWF0IjoxNTEyNDUxNTAxLCJleHAiOjE1MTI1Mzc5MDF9.1PLN_Tx7PeGvjXgaV9tGQxpgdJX1880B4K750GRTCzY
request client ip:  ::ffff:127.0.0.1
request query:  {"token":"eyJhbGciOiJIUzI1NiIsInR5cCI6IkpXVCJ9.eyJkYXRhIjp7ImlkIjoiNzdlMGE0MWEtZWZiZC00NjI5LTg5YmEtODRiNzFmZTg2NmUxIiwibmFtZSI6ImFkbWluIiwiZ2VuZGVyIjp0cnVlLCJlbWFpbCI6IjM3ODMzODYyN0BxcS5jb20ifSwiaWF0IjoxNTEyNDUxNTAxLCJleHAiOjE1MTI1Mzc5MDF9.1PLN_Tx7PeGvjXgaV9tGQxpgdJX1880B4K750GRTCzY"}
response time: 110
response status: 200
response body: 
{"status":0,"data":{"name":"admin","email":"378338627@qq.com","phone":"15822927208","password":"$2a$10$oo3PUuyU2No4WRrDP/GUNOGsLUldeVjH6eH1q/N./UtbeNY1eJQx2","gender":true,"token":"eyJhbGciOiJIUzI1NiIsInR5cCI6IkpXVCJ9.eyJkYXRhIjp7ImlkIjoiNzdlMGE0MWEtZWZiZC00NjI5LTg5YmEtODRiNzFmZTg2NmUxIiwibmFtZSI6ImFkbWluIiwiZ2VuZGVyIjp0cnVlLCJlbWFpbCI6IjM3ODMzODYyN0BxcS5jb20ifSwiaWF0IjoxNTEyNDUxNTAxLCJleHAiOjE1MTI1Mzc5MDF9.1PLN_Tx7PeGvjXgaV9tGQxpgdJX1880B4K750GRTCzY","canLogin":true,"status":1,"id":"77e0a41a-efbd-4629-89ba-84b71fe866e1","createdAt":1510554855636,"updatedAt":1512451501482,"version":18}}
*************** response log end ***************

[2017-12-06 10:09:58.030] [INFO] resLogger - 
*************** response log start ***************
request method: GET
request originalUrl:  /api/equipType/list?token=eyJhbGciOiJIUzI1NiIsInR5cCI6IkpXVCJ9.eyJkYXRhIjp7ImlkIjoiNzdlMGE0MWEtZWZiZC00NjI5LTg5YmEtODRiNzFmZTg2NmUxIiwibmFtZSI6ImFkbWluIiwiZ2VuZGVyIjp0cnVlLCJlbWFpbCI6IjM3ODMzODYyN0BxcS5jb20ifSwiaWF0IjoxNTEyNDUxNTAxLCJleHAiOjE1MTI1Mzc5MDF9.1PLN_Tx7PeGvjXgaV9tGQxpgdJX1880B4K750GRTCzY
request client ip:  ::ffff:127.0.0.1
request query:  {"token":"eyJhbGciOiJIUzI1NiIsInR5cCI6IkpXVCJ9.eyJkYXRhIjp7ImlkIjoiNzdlMGE0MWEtZWZiZC00NjI5LTg5YmEtODRiNzFmZTg2NmUxIiwibmFtZSI6ImFkbWluIiwiZ2VuZGVyIjp0cnVlLCJlbWFpbCI6IjM3ODMzODYyN0BxcS5jb20ifSwiaWF0IjoxNTEyNDUxNTAxLCJleHAiOjE1MTI1Mzc5MDF9.1PLN_Tx7PeGvjXgaV9tGQxpgdJX1880B4K750GRTCzY"}
response time: 49
response status: 200
response body: 
{"status":0,"data":[{"name":"网络","code":"NETWORK","id":"da4cbfc1-a216-4019-ba18-12744a8fac7e","createdAt":1510554859442,"updatedAt":1510554859442,"version":0},{"name":"软件","code":"SOFTWARE","id":"04225cd9-76de-44fc-a2e7-4d956a5fd0ab","createdAt":1510554859350,"updatedAt":1510554859350,"version":0},{"name":"硬件","code":"HARDWARE","id":"6289bff3-8ff4-4d8b-a5b7-2ac2c2eeecf8","createdAt":1510554859260,"updatedAt":1510554859260,"version":0}]}
*************** response log end ***************

[2017-12-06 10:09:58.112] [INFO] resLogger - 
*************** response log start ***************
request method: GET
request originalUrl:  /api/order/list/time/1512489600000?token=eyJhbGciOiJIUzI1NiIsInR5cCI6IkpXVCJ9.eyJkYXRhIjp7ImlkIjoiNzdlMGE0MWEtZWZiZC00NjI5LTg5YmEtODRiNzFmZTg2NmUxIiwibmFtZSI6ImFkbWluIiwiZ2VuZGVyIjp0cnVlLCJlbWFpbCI6IjM3ODMzODYyN0BxcS5jb20ifSwiaWF0IjoxNTEyNDUxNTAxLCJleHAiOjE1MTI1Mzc5MDF9.1PLN_Tx7PeGvjXgaV9tGQxpgdJX1880B4K750GRTCzY
request client ip:  ::ffff:127.0.0.1
request query:  {"token":"eyJhbGciOiJIUzI1NiIsInR5cCI6IkpXVCJ9.eyJkYXRhIjp7ImlkIjoiNzdlMGE0MWEtZWZiZC00NjI5LTg5YmEtODRiNzFmZTg2NmUxIiwibmFtZSI6ImFkbWluIiwiZ2VuZGVyIjp0cnVlLCJlbWFpbCI6IjM3ODMzODYyN0BxcS5jb20ifSwiaWF0IjoxNTEyNDUxNTAxLCJleHAiOjE1MTI1Mzc5MDF9.1PLN_Tx7PeGvjXgaV9tGQxpgdJX1880B4K750GRTCzY"}
response time: 81
response status: 200
response body: 
{"status":0,"data":[],"total":1}
*************** response log end ***************

[2017-12-06 10:09:58.246] [INFO] resLogger - 
*************** response log start ***************
request method: GET
request originalUrl:  /api/business/getequip/get?token=eyJhbGciOiJIUzI1NiIsInR5cCI6IkpXVCJ9.eyJkYXRhIjp7ImlkIjoiNzdlMGE0MWEtZWZiZC00NjI5LTg5YmEtODRiNzFmZTg2NmUxIiwibmFtZSI6ImFkbWluIiwiZ2VuZGVyIjp0cnVlLCJlbWFpbCI6IjM3ODMzODYyN0BxcS5jb20ifSwiaWF0IjoxNTEyNDUxNTAxLCJleHAiOjE1MTI1Mzc5MDF9.1PLN_Tx7PeGvjXgaV9tGQxpgdJX1880B4K750GRTCzY
request client ip:  ::ffff:127.0.0.1
request query:  {"token":"eyJhbGciOiJIUzI1NiIsInR5cCI6IkpXVCJ9.eyJkYXRhIjp7ImlkIjoiNzdlMGE0MWEtZWZiZC00NjI5LTg5YmEtODRiNzFmZTg2NmUxIiwibmFtZSI6ImFkbWluIiwiZ2VuZGVyIjp0cnVlLCJlbWFpbCI6IjM3ODMzODYyN0BxcS5jb20ifSwiaWF0IjoxNTEyNDUxNTAxLCJleHAiOjE1MTI1Mzc5MDF9.1PLN_Tx7PeGvjXgaV9tGQxpgdJX1880B4K750GRTCzY"}
response time: 102
response status: 200
response body: 
{"status":0,"data":[{"equipment":"IP地址","name":"IP地址"},{"equipment":"WORD","name":"WORD"},{"equipment":"打印机","name":"打印机"},{"equipment":"浏览器","name":"浏览器"},{"equipment":"电脑","name":"电脑"},{"equipment":"电话","name":"电话"},{"equipment":"笔记本电脑","name":"笔记本电脑"}]}
*************** response log end ***************

[2017-12-06 10:09:58.375] [INFO] resLogger - 
*************** response log start ***************
request method: GET
request originalUrl:  /api/business/list?token=eyJhbGciOiJIUzI1NiIsInR5cCI6IkpXVCJ9.eyJkYXRhIjp7ImlkIjoiNzdlMGE0MWEtZWZiZC00NjI5LTg5YmEtODRiNzFmZTg2NmUxIiwibmFtZSI6ImFkbWluIiwiZ2VuZGVyIjp0cnVlLCJlbWFpbCI6IjM3ODMzODYyN0BxcS5jb20ifSwiaWF0IjoxNTEyNDUxNTAxLCJleHAiOjE1MTI1Mzc5MDF9.1PLN_Tx7PeGvjXgaV9tGQxpgdJX1880B4K750GRTCzY&type=NETWORK&equipment=WORD
request client ip:  ::ffff:127.0.0.1
request query:  {"token":"eyJhbGciOiJIUzI1NiIsInR5cCI6IkpXVCJ9.eyJkYXRhIjp7ImlkIjoiNzdlMGE0MWEtZWZiZC00NjI5LTg5YmEtODRiNzFmZTg2NmUxIiwibmFtZSI6ImFkbWluIiwiZ2VuZGVyIjp0cnVlLCJlbWFpbCI6IjM3ODMzODYyN0BxcS5jb20ifSwiaWF0IjoxNTEyNDUxNTAxLCJleHAiOjE1MTI1Mzc5MDF9.1PLN_Tx7PeGvjXgaV9tGQxpgdJX1880B4K750GRTCzY","type":"NETWORK","equipment":"WORD"}
response time: 78
response status: 200
response body: 
{"status":0,"data":[],"total":0}
*************** response log end ***************

[2017-12-06 10:10:20.429] [INFO] resLogger - 
*************** response log start ***************
request method: GET
request originalUrl:  /api/user/?token=eyJhbGciOiJIUzI1NiIsInR5cCI6IkpXVCJ9.eyJkYXRhIjp7ImlkIjoiNzdlMGE0MWEtZWZiZC00NjI5LTg5YmEtODRiNzFmZTg2NmUxIiwibmFtZSI6ImFkbWluIiwiZ2VuZGVyIjp0cnVlLCJlbWFpbCI6IjM3ODMzODYyN0BxcS5jb20ifSwiaWF0IjoxNTEyNDUxNTAxLCJleHAiOjE1MTI1Mzc5MDF9.1PLN_Tx7PeGvjXgaV9tGQxpgdJX1880B4K750GRTCzY
request client ip:  ::ffff:127.0.0.1
request query:  {"token":"eyJhbGciOiJIUzI1NiIsInR5cCI6IkpXVCJ9.eyJkYXRhIjp7ImlkIjoiNzdlMGE0MWEtZWZiZC00NjI5LTg5YmEtODRiNzFmZTg2NmUxIiwibmFtZSI6ImFkbWluIiwiZ2VuZGVyIjp0cnVlLCJlbWFpbCI6IjM3ODMzODYyN0BxcS5jb20ifSwiaWF0IjoxNTEyNDUxNTAxLCJleHAiOjE1MTI1Mzc5MDF9.1PLN_Tx7PeGvjXgaV9tGQxpgdJX1880B4K750GRTCzY"}
response time: 408
response status: 200
response body: 
{"status":0,"data":{"name":"admin","email":"378338627@qq.com","phone":"15822927208","password":"$2a$10$oo3PUuyU2No4WRrDP/GUNOGsLUldeVjH6eH1q/N./UtbeNY1eJQx2","gender":true,"token":"eyJhbGciOiJIUzI1NiIsInR5cCI6IkpXVCJ9.eyJkYXRhIjp7ImlkIjoiNzdlMGE0MWEtZWZiZC00NjI5LTg5YmEtODRiNzFmZTg2NmUxIiwibmFtZSI6ImFkbWluIiwiZ2VuZGVyIjp0cnVlLCJlbWFpbCI6IjM3ODMzODYyN0BxcS5jb20ifSwiaWF0IjoxNTEyNDUxNTAxLCJleHAiOjE1MTI1Mzc5MDF9.1PLN_Tx7PeGvjXgaV9tGQxpgdJX1880B4K750GRTCzY","canLogin":true,"status":1,"id":"77e0a41a-efbd-4629-89ba-84b71fe866e1","createdAt":1510554855636,"updatedAt":1512451501482,"version":18}}
*************** response log end ***************

[2017-12-06 10:10:20.777] [INFO] resLogger - 
*************** response log start ***************
request method: GET
request originalUrl:  /api/equipType/list?token=eyJhbGciOiJIUzI1NiIsInR5cCI6IkpXVCJ9.eyJkYXRhIjp7ImlkIjoiNzdlMGE0MWEtZWZiZC00NjI5LTg5YmEtODRiNzFmZTg2NmUxIiwibmFtZSI6ImFkbWluIiwiZ2VuZGVyIjp0cnVlLCJlbWFpbCI6IjM3ODMzODYyN0BxcS5jb20ifSwiaWF0IjoxNTEyNDUxNTAxLCJleHAiOjE1MTI1Mzc5MDF9.1PLN_Tx7PeGvjXgaV9tGQxpgdJX1880B4K750GRTCzY
request client ip:  ::ffff:127.0.0.1
request query:  {"token":"eyJhbGciOiJIUzI1NiIsInR5cCI6IkpXVCJ9.eyJkYXRhIjp7ImlkIjoiNzdlMGE0MWEtZWZiZC00NjI5LTg5YmEtODRiNzFmZTg2NmUxIiwibmFtZSI6ImFkbWluIiwiZ2VuZGVyIjp0cnVlLCJlbWFpbCI6IjM3ODMzODYyN0BxcS5jb20ifSwiaWF0IjoxNTEyNDUxNTAxLCJleHAiOjE1MTI1Mzc5MDF9.1PLN_Tx7PeGvjXgaV9tGQxpgdJX1880B4K750GRTCzY"}
response time: 197
response status: 200
response body: 
{"status":0,"data":[{"name":"网络","code":"NETWORK","id":"da4cbfc1-a216-4019-ba18-12744a8fac7e","createdAt":1510554859442,"updatedAt":1510554859442,"version":0},{"name":"软件","code":"SOFTWARE","id":"04225cd9-76de-44fc-a2e7-4d956a5fd0ab","createdAt":1510554859350,"updatedAt":1510554859350,"version":0},{"name":"硬件","code":"HARDWARE","id":"6289bff3-8ff4-4d8b-a5b7-2ac2c2eeecf8","createdAt":1510554859260,"updatedAt":1510554859260,"version":0}]}
*************** response log end ***************

[2017-12-06 10:10:20.886] [INFO] resLogger - 
*************** response log start ***************
request method: GET
request originalUrl:  /api/order/list/time/1512489600000?token=eyJhbGciOiJIUzI1NiIsInR5cCI6IkpXVCJ9.eyJkYXRhIjp7ImlkIjoiNzdlMGE0MWEtZWZiZC00NjI5LTg5YmEtODRiNzFmZTg2NmUxIiwibmFtZSI6ImFkbWluIiwiZ2VuZGVyIjp0cnVlLCJlbWFpbCI6IjM3ODMzODYyN0BxcS5jb20ifSwiaWF0IjoxNTEyNDUxNTAxLCJleHAiOjE1MTI1Mzc5MDF9.1PLN_Tx7PeGvjXgaV9tGQxpgdJX1880B4K750GRTCzY
request client ip:  ::ffff:127.0.0.1
request query:  {"token":"eyJhbGciOiJIUzI1NiIsInR5cCI6IkpXVCJ9.eyJkYXRhIjp7ImlkIjoiNzdlMGE0MWEtZWZiZC00NjI5LTg5YmEtODRiNzFmZTg2NmUxIiwibmFtZSI6ImFkbWluIiwiZ2VuZGVyIjp0cnVlLCJlbWFpbCI6IjM3ODMzODYyN0BxcS5jb20ifSwiaWF0IjoxNTEyNDUxNTAxLCJleHAiOjE1MTI1Mzc5MDF9.1PLN_Tx7PeGvjXgaV9tGQxpgdJX1880B4K750GRTCzY"}
response time: 260
response status: 200
response body: 
{"status":0,"data":[],"total":1}
*************** response log end ***************

[2017-12-06 10:10:20.984] [INFO] resLogger - 
*************** response log start ***************
request method: GET
request originalUrl:  /api/business/getequip/get?token=eyJhbGciOiJIUzI1NiIsInR5cCI6IkpXVCJ9.eyJkYXRhIjp7ImlkIjoiNzdlMGE0MWEtZWZiZC00NjI5LTg5YmEtODRiNzFmZTg2NmUxIiwibmFtZSI6ImFkbWluIiwiZ2VuZGVyIjp0cnVlLCJlbWFpbCI6IjM3ODMzODYyN0BxcS5jb20ifSwiaWF0IjoxNTEyNDUxNTAxLCJleHAiOjE1MTI1Mzc5MDF9.1PLN_Tx7PeGvjXgaV9tGQxpgdJX1880B4K750GRTCzY
request client ip:  ::ffff:127.0.0.1
request query:  {"token":"eyJhbGciOiJIUzI1NiIsInR5cCI6IkpXVCJ9.eyJkYXRhIjp7ImlkIjoiNzdlMGE0MWEtZWZiZC00NjI5LTg5YmEtODRiNzFmZTg2NmUxIiwibmFtZSI6ImFkbWluIiwiZ2VuZGVyIjp0cnVlLCJlbWFpbCI6IjM3ODMzODYyN0BxcS5jb20ifSwiaWF0IjoxNTEyNDUxNTAxLCJleHAiOjE1MTI1Mzc5MDF9.1PLN_Tx7PeGvjXgaV9tGQxpgdJX1880B4K750GRTCzY"}
response time: 95
response status: 200
response body: 
{"status":0,"data":[{"equipment":"IP地址","name":"IP地址"},{"equipment":"WORD","name":"WORD"},{"equipment":"打印机","name":"打印机"},{"equipment":"浏览器","name":"浏览器"},{"equipment":"电脑","name":"电脑"},{"equipment":"电话","name":"电话"},{"equipment":"笔记本电脑","name":"笔记本电脑"}]}
*************** response log end ***************

[2017-12-06 10:10:21.074] [INFO] resLogger - 
*************** response log start ***************
request method: GET
request originalUrl:  /api/business/list?token=eyJhbGciOiJIUzI1NiIsInR5cCI6IkpXVCJ9.eyJkYXRhIjp7ImlkIjoiNzdlMGE0MWEtZWZiZC00NjI5LTg5YmEtODRiNzFmZTg2NmUxIiwibmFtZSI6ImFkbWluIiwiZ2VuZGVyIjp0cnVlLCJlbWFpbCI6IjM3ODMzODYyN0BxcS5jb20ifSwiaWF0IjoxNTEyNDUxNTAxLCJleHAiOjE1MTI1Mzc5MDF9.1PLN_Tx7PeGvjXgaV9tGQxpgdJX1880B4K750GRTCzY&type=NETWORK&equipment=WORD
request client ip:  ::ffff:127.0.0.1
request query:  {"token":"eyJhbGciOiJIUzI1NiIsInR5cCI6IkpXVCJ9.eyJkYXRhIjp7ImlkIjoiNzdlMGE0MWEtZWZiZC00NjI5LTg5YmEtODRiNzFmZTg2NmUxIiwibmFtZSI6ImFkbWluIiwiZ2VuZGVyIjp0cnVlLCJlbWFpbCI6IjM3ODMzODYyN0BxcS5jb20ifSwiaWF0IjoxNTEyNDUxNTAxLCJleHAiOjE1MTI1Mzc5MDF9.1PLN_Tx7PeGvjXgaV9tGQxpgdJX1880B4K750GRTCzY","type":"NETWORK","equipment":"WORD"}
response time: 79
response status: 200
response body: 
{"status":0,"data":[],"total":0}
*************** response log end ***************

[2017-12-06 10:17:19.384] [INFO] resLogger - 
*************** response log start ***************
request method: GET
request originalUrl:  /api/user/?token=eyJhbGciOiJIUzI1NiIsInR5cCI6IkpXVCJ9.eyJkYXRhIjp7ImlkIjoiNzdlMGE0MWEtZWZiZC00NjI5LTg5YmEtODRiNzFmZTg2NmUxIiwibmFtZSI6ImFkbWluIiwiZ2VuZGVyIjp0cnVlLCJlbWFpbCI6IjM3ODMzODYyN0BxcS5jb20ifSwiaWF0IjoxNTEyNDUxNTAxLCJleHAiOjE1MTI1Mzc5MDF9.1PLN_Tx7PeGvjXgaV9tGQxpgdJX1880B4K750GRTCzY
request client ip:  ::ffff:127.0.0.1
request query:  {"token":"eyJhbGciOiJIUzI1NiIsInR5cCI6IkpXVCJ9.eyJkYXRhIjp7ImlkIjoiNzdlMGE0MWEtZWZiZC00NjI5LTg5YmEtODRiNzFmZTg2NmUxIiwibmFtZSI6ImFkbWluIiwiZ2VuZGVyIjp0cnVlLCJlbWFpbCI6IjM3ODMzODYyN0BxcS5jb20ifSwiaWF0IjoxNTEyNDUxNTAxLCJleHAiOjE1MTI1Mzc5MDF9.1PLN_Tx7PeGvjXgaV9tGQxpgdJX1880B4K750GRTCzY"}
response time: 89
response status: 200
response body: 
{"status":0,"data":{"name":"admin","email":"378338627@qq.com","phone":"15822927208","password":"$2a$10$oo3PUuyU2No4WRrDP/GUNOGsLUldeVjH6eH1q/N./UtbeNY1eJQx2","gender":true,"token":"eyJhbGciOiJIUzI1NiIsInR5cCI6IkpXVCJ9.eyJkYXRhIjp7ImlkIjoiNzdlMGE0MWEtZWZiZC00NjI5LTg5YmEtODRiNzFmZTg2NmUxIiwibmFtZSI6ImFkbWluIiwiZ2VuZGVyIjp0cnVlLCJlbWFpbCI6IjM3ODMzODYyN0BxcS5jb20ifSwiaWF0IjoxNTEyNDUxNTAxLCJleHAiOjE1MTI1Mzc5MDF9.1PLN_Tx7PeGvjXgaV9tGQxpgdJX1880B4K750GRTCzY","canLogin":true,"status":1,"id":"77e0a41a-efbd-4629-89ba-84b71fe866e1","createdAt":1510554855636,"updatedAt":1512451501482,"version":18}}
*************** response log end ***************

[2017-12-06 10:17:19.681] [INFO] resLogger - 
*************** response log start ***************
request method: GET
request originalUrl:  /api/equipType/list?token=eyJhbGciOiJIUzI1NiIsInR5cCI6IkpXVCJ9.eyJkYXRhIjp7ImlkIjoiNzdlMGE0MWEtZWZiZC00NjI5LTg5YmEtODRiNzFmZTg2NmUxIiwibmFtZSI6ImFkbWluIiwiZ2VuZGVyIjp0cnVlLCJlbWFpbCI6IjM3ODMzODYyN0BxcS5jb20ifSwiaWF0IjoxNTEyNDUxNTAxLCJleHAiOjE1MTI1Mzc5MDF9.1PLN_Tx7PeGvjXgaV9tGQxpgdJX1880B4K750GRTCzY
request client ip:  ::ffff:127.0.0.1
request query:  {"token":"eyJhbGciOiJIUzI1NiIsInR5cCI6IkpXVCJ9.eyJkYXRhIjp7ImlkIjoiNzdlMGE0MWEtZWZiZC00NjI5LTg5YmEtODRiNzFmZTg2NmUxIiwibmFtZSI6ImFkbWluIiwiZ2VuZGVyIjp0cnVlLCJlbWFpbCI6IjM3ODMzODYyN0BxcS5jb20ifSwiaWF0IjoxNTEyNDUxNTAxLCJleHAiOjE1MTI1Mzc5MDF9.1PLN_Tx7PeGvjXgaV9tGQxpgdJX1880B4K750GRTCzY"}
response time: 47
response status: 200
response body: 
{"status":0,"data":[{"name":"网络","code":"NETWORK","id":"da4cbfc1-a216-4019-ba18-12744a8fac7e","createdAt":1510554859442,"updatedAt":1510554859442,"version":0},{"name":"软件","code":"SOFTWARE","id":"04225cd9-76de-44fc-a2e7-4d956a5fd0ab","createdAt":1510554859350,"updatedAt":1510554859350,"version":0},{"name":"硬件","code":"HARDWARE","id":"6289bff3-8ff4-4d8b-a5b7-2ac2c2eeecf8","createdAt":1510554859260,"updatedAt":1510554859260,"version":0}]}
*************** response log end ***************

[2017-12-06 10:17:19.770] [INFO] resLogger - 
*************** response log start ***************
request method: GET
request originalUrl:  /api/order/list/time/1512489600000?token=eyJhbGciOiJIUzI1NiIsInR5cCI6IkpXVCJ9.eyJkYXRhIjp7ImlkIjoiNzdlMGE0MWEtZWZiZC00NjI5LTg5YmEtODRiNzFmZTg2NmUxIiwibmFtZSI6ImFkbWluIiwiZ2VuZGVyIjp0cnVlLCJlbWFpbCI6IjM3ODMzODYyN0BxcS5jb20ifSwiaWF0IjoxNTEyNDUxNTAxLCJleHAiOjE1MTI1Mzc5MDF9.1PLN_Tx7PeGvjXgaV9tGQxpgdJX1880B4K750GRTCzY
request client ip:  ::ffff:127.0.0.1
request query:  {"token":"eyJhbGciOiJIUzI1NiIsInR5cCI6IkpXVCJ9.eyJkYXRhIjp7ImlkIjoiNzdlMGE0MWEtZWZiZC00NjI5LTg5YmEtODRiNzFmZTg2NmUxIiwibmFtZSI6ImFkbWluIiwiZ2VuZGVyIjp0cnVlLCJlbWFpbCI6IjM3ODMzODYyN0BxcS5jb20ifSwiaWF0IjoxNTEyNDUxNTAxLCJleHAiOjE1MTI1Mzc5MDF9.1PLN_Tx7PeGvjXgaV9tGQxpgdJX1880B4K750GRTCzY"}
response time: 88
response status: 200
response body: 
{"status":0,"data":[],"total":1}
*************** response log end ***************

[2017-12-06 10:17:19.819] [INFO] resLogger - 
*************** response log start ***************
request method: GET
request originalUrl:  /api/business/getequip/get?token=eyJhbGciOiJIUzI1NiIsInR5cCI6IkpXVCJ9.eyJkYXRhIjp7ImlkIjoiNzdlMGE0MWEtZWZiZC00NjI5LTg5YmEtODRiNzFmZTg2NmUxIiwibmFtZSI6ImFkbWluIiwiZ2VuZGVyIjp0cnVlLCJlbWFpbCI6IjM3ODMzODYyN0BxcS5jb20ifSwiaWF0IjoxNTEyNDUxNTAxLCJleHAiOjE1MTI1Mzc5MDF9.1PLN_Tx7PeGvjXgaV9tGQxpgdJX1880B4K750GRTCzY
request client ip:  ::ffff:127.0.0.1
request query:  {"token":"eyJhbGciOiJIUzI1NiIsInR5cCI6IkpXVCJ9.eyJkYXRhIjp7ImlkIjoiNzdlMGE0MWEtZWZiZC00NjI5LTg5YmEtODRiNzFmZTg2NmUxIiwibmFtZSI6ImFkbWluIiwiZ2VuZGVyIjp0cnVlLCJlbWFpbCI6IjM3ODMzODYyN0BxcS5jb20ifSwiaWF0IjoxNTEyNDUxNTAxLCJleHAiOjE1MTI1Mzc5MDF9.1PLN_Tx7PeGvjXgaV9tGQxpgdJX1880B4K750GRTCzY"}
response time: 45
response status: 200
response body: 
{"status":0,"data":[{"equipment":"IP地址","name":"IP地址"},{"equipment":"WORD","name":"WORD"},{"equipment":"打印机","name":"打印机"},{"equipment":"浏览器","name":"浏览器"},{"equipment":"电脑","name":"电脑"},{"equipment":"电话","name":"电话"},{"equipment":"笔记本电脑","name":"笔记本电脑"}]}
*************** response log end ***************

[2017-12-06 10:17:19.927] [INFO] resLogger - 
*************** response log start ***************
request method: GET
request originalUrl:  /api/business/list?token=eyJhbGciOiJIUzI1NiIsInR5cCI6IkpXVCJ9.eyJkYXRhIjp7ImlkIjoiNzdlMGE0MWEtZWZiZC00NjI5LTg5YmEtODRiNzFmZTg2NmUxIiwibmFtZSI6ImFkbWluIiwiZ2VuZGVyIjp0cnVlLCJlbWFpbCI6IjM3ODMzODYyN0BxcS5jb20ifSwiaWF0IjoxNTEyNDUxNTAxLCJleHAiOjE1MTI1Mzc5MDF9.1PLN_Tx7PeGvjXgaV9tGQxpgdJX1880B4K750GRTCzY&type=NETWORK&equipment=WORD
request client ip:  ::ffff:127.0.0.1
request query:  {"token":"eyJhbGciOiJIUzI1NiIsInR5cCI6IkpXVCJ9.eyJkYXRhIjp7ImlkIjoiNzdlMGE0MWEtZWZiZC00NjI5LTg5YmEtODRiNzFmZTg2NmUxIiwibmFtZSI6ImFkbWluIiwiZ2VuZGVyIjp0cnVlLCJlbWFpbCI6IjM3ODMzODYyN0BxcS5jb20ifSwiaWF0IjoxNTEyNDUxNTAxLCJleHAiOjE1MTI1Mzc5MDF9.1PLN_Tx7PeGvjXgaV9tGQxpgdJX1880B4K750GRTCzY","type":"NETWORK","equipment":"WORD"}
response time: 89
response status: 200
response body: 
{"status":0,"data":[],"total":0}
*************** response log end ***************

[2017-12-06 10:18:12.238] [INFO] resLogger - 
*************** response log start ***************
request method: GET
request originalUrl:  /api/user/?token=eyJhbGciOiJIUzI1NiIsInR5cCI6IkpXVCJ9.eyJkYXRhIjp7ImlkIjoiNzdlMGE0MWEtZWZiZC00NjI5LTg5YmEtODRiNzFmZTg2NmUxIiwibmFtZSI6ImFkbWluIiwiZ2VuZGVyIjp0cnVlLCJlbWFpbCI6IjM3ODMzODYyN0BxcS5jb20ifSwiaWF0IjoxNTEyNDUxNTAxLCJleHAiOjE1MTI1Mzc5MDF9.1PLN_Tx7PeGvjXgaV9tGQxpgdJX1880B4K750GRTCzY
request client ip:  ::ffff:127.0.0.1
request query:  {"token":"eyJhbGciOiJIUzI1NiIsInR5cCI6IkpXVCJ9.eyJkYXRhIjp7ImlkIjoiNzdlMGE0MWEtZWZiZC00NjI5LTg5YmEtODRiNzFmZTg2NmUxIiwibmFtZSI6ImFkbWluIiwiZ2VuZGVyIjp0cnVlLCJlbWFpbCI6IjM3ODMzODYyN0BxcS5jb20ifSwiaWF0IjoxNTEyNDUxNTAxLCJleHAiOjE1MTI1Mzc5MDF9.1PLN_Tx7PeGvjXgaV9tGQxpgdJX1880B4K750GRTCzY"}
response time: 215
response status: 200
response body: 
{"status":0,"data":{"name":"admin","email":"378338627@qq.com","phone":"15822927208","password":"$2a$10$oo3PUuyU2No4WRrDP/GUNOGsLUldeVjH6eH1q/N./UtbeNY1eJQx2","gender":true,"token":"eyJhbGciOiJIUzI1NiIsInR5cCI6IkpXVCJ9.eyJkYXRhIjp7ImlkIjoiNzdlMGE0MWEtZWZiZC00NjI5LTg5YmEtODRiNzFmZTg2NmUxIiwibmFtZSI6ImFkbWluIiwiZ2VuZGVyIjp0cnVlLCJlbWFpbCI6IjM3ODMzODYyN0BxcS5jb20ifSwiaWF0IjoxNTEyNDUxNTAxLCJleHAiOjE1MTI1Mzc5MDF9.1PLN_Tx7PeGvjXgaV9tGQxpgdJX1880B4K750GRTCzY","canLogin":true,"status":1,"id":"77e0a41a-efbd-4629-89ba-84b71fe866e1","createdAt":1510554855636,"updatedAt":1512451501482,"version":18}}
*************** response log end ***************

[2017-12-06 10:18:13.106] [INFO] resLogger - 
*************** response log start ***************
request method: GET
request originalUrl:  /api/equipType/list?token=eyJhbGciOiJIUzI1NiIsInR5cCI6IkpXVCJ9.eyJkYXRhIjp7ImlkIjoiNzdlMGE0MWEtZWZiZC00NjI5LTg5YmEtODRiNzFmZTg2NmUxIiwibmFtZSI6ImFkbWluIiwiZ2VuZGVyIjp0cnVlLCJlbWFpbCI6IjM3ODMzODYyN0BxcS5jb20ifSwiaWF0IjoxNTEyNDUxNTAxLCJleHAiOjE1MTI1Mzc5MDF9.1PLN_Tx7PeGvjXgaV9tGQxpgdJX1880B4K750GRTCzY
request client ip:  ::ffff:127.0.0.1
request query:  {"token":"eyJhbGciOiJIUzI1NiIsInR5cCI6IkpXVCJ9.eyJkYXRhIjp7ImlkIjoiNzdlMGE0MWEtZWZiZC00NjI5LTg5YmEtODRiNzFmZTg2NmUxIiwibmFtZSI6ImFkbWluIiwiZ2VuZGVyIjp0cnVlLCJlbWFpbCI6IjM3ODMzODYyN0BxcS5jb20ifSwiaWF0IjoxNTEyNDUxNTAxLCJleHAiOjE1MTI1Mzc5MDF9.1PLN_Tx7PeGvjXgaV9tGQxpgdJX1880B4K750GRTCzY"}
response time: 70
response status: 200
response body: 
{"status":0,"data":[{"name":"网络","code":"NETWORK","id":"da4cbfc1-a216-4019-ba18-12744a8fac7e","createdAt":1510554859442,"updatedAt":1510554859442,"version":0},{"name":"软件","code":"SOFTWARE","id":"04225cd9-76de-44fc-a2e7-4d956a5fd0ab","createdAt":1510554859350,"updatedAt":1510554859350,"version":0},{"name":"硬件","code":"HARDWARE","id":"6289bff3-8ff4-4d8b-a5b7-2ac2c2eeecf8","createdAt":1510554859260,"updatedAt":1510554859260,"version":0}]}
*************** response log end ***************

[2017-12-06 10:18:13.210] [INFO] resLogger - 
*************** response log start ***************
request method: GET
request originalUrl:  /api/order/list/time/1512489600000?token=eyJhbGciOiJIUzI1NiIsInR5cCI6IkpXVCJ9.eyJkYXRhIjp7ImlkIjoiNzdlMGE0MWEtZWZiZC00NjI5LTg5YmEtODRiNzFmZTg2NmUxIiwibmFtZSI6ImFkbWluIiwiZ2VuZGVyIjp0cnVlLCJlbWFpbCI6IjM3ODMzODYyN0BxcS5jb20ifSwiaWF0IjoxNTEyNDUxNTAxLCJleHAiOjE1MTI1Mzc5MDF9.1PLN_Tx7PeGvjXgaV9tGQxpgdJX1880B4K750GRTCzY
request client ip:  ::ffff:127.0.0.1
request query:  {"token":"eyJhbGciOiJIUzI1NiIsInR5cCI6IkpXVCJ9.eyJkYXRhIjp7ImlkIjoiNzdlMGE0MWEtZWZiZC00NjI5LTg5YmEtODRiNzFmZTg2NmUxIiwibmFtZSI6ImFkbWluIiwiZ2VuZGVyIjp0cnVlLCJlbWFpbCI6IjM3ODMzODYyN0BxcS5jb20ifSwiaWF0IjoxNTEyNDUxNTAxLCJleHAiOjE1MTI1Mzc5MDF9.1PLN_Tx7PeGvjXgaV9tGQxpgdJX1880B4K750GRTCzY"}
response time: 101
response status: 200
response body: 
{"status":0,"data":[],"total":1}
*************** response log end ***************

[2017-12-06 10:18:13.844] [INFO] resLogger - 
*************** response log start ***************
request method: GET
request originalUrl:  /api/business/getequip/get?token=eyJhbGciOiJIUzI1NiIsInR5cCI6IkpXVCJ9.eyJkYXRhIjp7ImlkIjoiNzdlMGE0MWEtZWZiZC00NjI5LTg5YmEtODRiNzFmZTg2NmUxIiwibmFtZSI6ImFkbWluIiwiZ2VuZGVyIjp0cnVlLCJlbWFpbCI6IjM3ODMzODYyN0BxcS5jb20ifSwiaWF0IjoxNTEyNDUxNTAxLCJleHAiOjE1MTI1Mzc5MDF9.1PLN_Tx7PeGvjXgaV9tGQxpgdJX1880B4K750GRTCzY
request client ip:  ::ffff:127.0.0.1
request query:  {"token":"eyJhbGciOiJIUzI1NiIsInR5cCI6IkpXVCJ9.eyJkYXRhIjp7ImlkIjoiNzdlMGE0MWEtZWZiZC00NjI5LTg5YmEtODRiNzFmZTg2NmUxIiwibmFtZSI6ImFkbWluIiwiZ2VuZGVyIjp0cnVlLCJlbWFpbCI6IjM3ODMzODYyN0BxcS5jb20ifSwiaWF0IjoxNTEyNDUxNTAxLCJleHAiOjE1MTI1Mzc5MDF9.1PLN_Tx7PeGvjXgaV9tGQxpgdJX1880B4K750GRTCzY"}
response time: 76
response status: 200
response body: 
{"status":0,"data":[{"equipment":"IP地址","name":"IP地址"},{"equipment":"WORD","name":"WORD"},{"equipment":"打印机","name":"打印机"},{"equipment":"浏览器","name":"浏览器"},{"equipment":"电脑","name":"电脑"},{"equipment":"电话","name":"电话"},{"equipment":"笔记本电脑","name":"笔记本电脑"}]}
*************** response log end ***************

[2017-12-06 10:18:13.981] [INFO] resLogger - 
*************** response log start ***************
request method: GET
request originalUrl:  /api/business/list?token=eyJhbGciOiJIUzI1NiIsInR5cCI6IkpXVCJ9.eyJkYXRhIjp7ImlkIjoiNzdlMGE0MWEtZWZiZC00NjI5LTg5YmEtODRiNzFmZTg2NmUxIiwibmFtZSI6ImFkbWluIiwiZ2VuZGVyIjp0cnVlLCJlbWFpbCI6IjM3ODMzODYyN0BxcS5jb20ifSwiaWF0IjoxNTEyNDUxNTAxLCJleHAiOjE1MTI1Mzc5MDF9.1PLN_Tx7PeGvjXgaV9tGQxpgdJX1880B4K750GRTCzY&type=NETWORK&equipment=WORD
request client ip:  ::ffff:127.0.0.1
request query:  {"token":"eyJhbGciOiJIUzI1NiIsInR5cCI6IkpXVCJ9.eyJkYXRhIjp7ImlkIjoiNzdlMGE0MWEtZWZiZC00NjI5LTg5YmEtODRiNzFmZTg2NmUxIiwibmFtZSI6ImFkbWluIiwiZ2VuZGVyIjp0cnVlLCJlbWFpbCI6IjM3ODMzODYyN0BxcS5jb20ifSwiaWF0IjoxNTEyNDUxNTAxLCJleHAiOjE1MTI1Mzc5MDF9.1PLN_Tx7PeGvjXgaV9tGQxpgdJX1880B4K750GRTCzY","type":"NETWORK","equipment":"WORD"}
response time: 99
response status: 200
response body: 
{"status":0,"data":[],"total":0}
*************** response log end ***************

[2017-12-06 10:27:05.512] [INFO] resLogger - 
*************** response log start ***************
request method: GET
request originalUrl:  /api/user/?token=eyJhbGciOiJIUzI1NiIsInR5cCI6IkpXVCJ9.eyJkYXRhIjp7ImlkIjoiNzdlMGE0MWEtZWZiZC00NjI5LTg5YmEtODRiNzFmZTg2NmUxIiwibmFtZSI6ImFkbWluIiwiZ2VuZGVyIjp0cnVlLCJlbWFpbCI6IjM3ODMzODYyN0BxcS5jb20ifSwiaWF0IjoxNTEyNDUxNTAxLCJleHAiOjE1MTI1Mzc5MDF9.1PLN_Tx7PeGvjXgaV9tGQxpgdJX1880B4K750GRTCzY
request client ip:  ::ffff:127.0.0.1
request query:  {"token":"eyJhbGciOiJIUzI1NiIsInR5cCI6IkpXVCJ9.eyJkYXRhIjp7ImlkIjoiNzdlMGE0MWEtZWZiZC00NjI5LTg5YmEtODRiNzFmZTg2NmUxIiwibmFtZSI6ImFkbWluIiwiZ2VuZGVyIjp0cnVlLCJlbWFpbCI6IjM3ODMzODYyN0BxcS5jb20ifSwiaWF0IjoxNTEyNDUxNTAxLCJleHAiOjE1MTI1Mzc5MDF9.1PLN_Tx7PeGvjXgaV9tGQxpgdJX1880B4K750GRTCzY"}
response time: 377
response status: 200
response body: 
{"status":0,"data":{"name":"admin","email":"378338627@qq.com","phone":"15822927208","password":"$2a$10$oo3PUuyU2No4WRrDP/GUNOGsLUldeVjH6eH1q/N./UtbeNY1eJQx2","gender":true,"token":"eyJhbGciOiJIUzI1NiIsInR5cCI6IkpXVCJ9.eyJkYXRhIjp7ImlkIjoiNzdlMGE0MWEtZWZiZC00NjI5LTg5YmEtODRiNzFmZTg2NmUxIiwibmFtZSI6ImFkbWluIiwiZ2VuZGVyIjp0cnVlLCJlbWFpbCI6IjM3ODMzODYyN0BxcS5jb20ifSwiaWF0IjoxNTEyNDUxNTAxLCJleHAiOjE1MTI1Mzc5MDF9.1PLN_Tx7PeGvjXgaV9tGQxpgdJX1880B4K750GRTCzY","canLogin":true,"status":1,"id":"77e0a41a-efbd-4629-89ba-84b71fe866e1","createdAt":1510554855636,"updatedAt":1512451501482,"version":18}}
*************** response log end ***************

[2017-12-06 10:27:06.186] [INFO] resLogger - 
*************** response log start ***************
request method: GET
request originalUrl:  /api/equipType/list?token=eyJhbGciOiJIUzI1NiIsInR5cCI6IkpXVCJ9.eyJkYXRhIjp7ImlkIjoiNzdlMGE0MWEtZWZiZC00NjI5LTg5YmEtODRiNzFmZTg2NmUxIiwibmFtZSI6ImFkbWluIiwiZ2VuZGVyIjp0cnVlLCJlbWFpbCI6IjM3ODMzODYyN0BxcS5jb20ifSwiaWF0IjoxNTEyNDUxNTAxLCJleHAiOjE1MTI1Mzc5MDF9.1PLN_Tx7PeGvjXgaV9tGQxpgdJX1880B4K750GRTCzY
request client ip:  ::ffff:127.0.0.1
request query:  {"token":"eyJhbGciOiJIUzI1NiIsInR5cCI6IkpXVCJ9.eyJkYXRhIjp7ImlkIjoiNzdlMGE0MWEtZWZiZC00NjI5LTg5YmEtODRiNzFmZTg2NmUxIiwibmFtZSI6ImFkbWluIiwiZ2VuZGVyIjp0cnVlLCJlbWFpbCI6IjM3ODMzODYyN0BxcS5jb20ifSwiaWF0IjoxNTEyNDUxNTAxLCJleHAiOjE1MTI1Mzc5MDF9.1PLN_Tx7PeGvjXgaV9tGQxpgdJX1880B4K750GRTCzY"}
response time: 374
response status: 200
response body: 
{"status":0,"data":[{"name":"网络","code":"NETWORK","id":"da4cbfc1-a216-4019-ba18-12744a8fac7e","createdAt":1510554859442,"updatedAt":1510554859442,"version":0},{"name":"软件","code":"SOFTWARE","id":"04225cd9-76de-44fc-a2e7-4d956a5fd0ab","createdAt":1510554859350,"updatedAt":1510554859350,"version":0},{"name":"硬件","code":"HARDWARE","id":"6289bff3-8ff4-4d8b-a5b7-2ac2c2eeecf8","createdAt":1510554859260,"updatedAt":1510554859260,"version":0}]}
*************** response log end ***************

[2017-12-06 10:27:06.227] [INFO] resLogger - 
*************** response log start ***************
request method: GET
request originalUrl:  /api/order/list/time/1512489600000?token=eyJhbGciOiJIUzI1NiIsInR5cCI6IkpXVCJ9.eyJkYXRhIjp7ImlkIjoiNzdlMGE0MWEtZWZiZC00NjI5LTg5YmEtODRiNzFmZTg2NmUxIiwibmFtZSI6ImFkbWluIiwiZ2VuZGVyIjp0cnVlLCJlbWFpbCI6IjM3ODMzODYyN0BxcS5jb20ifSwiaWF0IjoxNTEyNDUxNTAxLCJleHAiOjE1MTI1Mzc5MDF9.1PLN_Tx7PeGvjXgaV9tGQxpgdJX1880B4K750GRTCzY
request client ip:  ::ffff:127.0.0.1
request query:  {"token":"eyJhbGciOiJIUzI1NiIsInR5cCI6IkpXVCJ9.eyJkYXRhIjp7ImlkIjoiNzdlMGE0MWEtZWZiZC00NjI5LTg5YmEtODRiNzFmZTg2NmUxIiwibmFtZSI6ImFkbWluIiwiZ2VuZGVyIjp0cnVlLCJlbWFpbCI6IjM3ODMzODYyN0BxcS5jb20ifSwiaWF0IjoxNTEyNDUxNTAxLCJleHAiOjE1MTI1Mzc5MDF9.1PLN_Tx7PeGvjXgaV9tGQxpgdJX1880B4K750GRTCzY"}
response time: 456
response status: 200
response body: 
{"status":0,"data":[],"total":1}
*************** response log end ***************

[2017-12-06 10:27:06.366] [INFO] resLogger - 
*************** response log start ***************
request method: GET
request originalUrl:  /api/business/getequip/get?token=eyJhbGciOiJIUzI1NiIsInR5cCI6IkpXVCJ9.eyJkYXRhIjp7ImlkIjoiNzdlMGE0MWEtZWZiZC00NjI5LTg5YmEtODRiNzFmZTg2NmUxIiwibmFtZSI6ImFkbWluIiwiZ2VuZGVyIjp0cnVlLCJlbWFpbCI6IjM3ODMzODYyN0BxcS5jb20ifSwiaWF0IjoxNTEyNDUxNTAxLCJleHAiOjE1MTI1Mzc5MDF9.1PLN_Tx7PeGvjXgaV9tGQxpgdJX1880B4K750GRTCzY
request client ip:  ::ffff:127.0.0.1
request query:  {"token":"eyJhbGciOiJIUzI1NiIsInR5cCI6IkpXVCJ9.eyJkYXRhIjp7ImlkIjoiNzdlMGE0MWEtZWZiZC00NjI5LTg5YmEtODRiNzFmZTg2NmUxIiwibmFtZSI6ImFkbWluIiwiZ2VuZGVyIjp0cnVlLCJlbWFpbCI6IjM3ODMzODYyN0BxcS5jb20ifSwiaWF0IjoxNTEyNDUxNTAxLCJleHAiOjE1MTI1Mzc5MDF9.1PLN_Tx7PeGvjXgaV9tGQxpgdJX1880B4K750GRTCzY"}
response time: 125
response status: 200
response body: 
{"status":0,"data":[{"equipment":"IP地址","name":"IP地址"},{"equipment":"WORD","name":"WORD"},{"equipment":"打印机","name":"打印机"},{"equipment":"浏览器","name":"浏览器"},{"equipment":"电脑","name":"电脑"},{"equipment":"电话","name":"电话"},{"equipment":"笔记本电脑","name":"笔记本电脑"}]}
*************** response log end ***************

[2017-12-06 10:27:06.522] [INFO] resLogger - 
*************** response log start ***************
request method: GET
request originalUrl:  /api/business/list?token=eyJhbGciOiJIUzI1NiIsInR5cCI6IkpXVCJ9.eyJkYXRhIjp7ImlkIjoiNzdlMGE0MWEtZWZiZC00NjI5LTg5YmEtODRiNzFmZTg2NmUxIiwibmFtZSI6ImFkbWluIiwiZ2VuZGVyIjp0cnVlLCJlbWFpbCI6IjM3ODMzODYyN0BxcS5jb20ifSwiaWF0IjoxNTEyNDUxNTAxLCJleHAiOjE1MTI1Mzc5MDF9.1PLN_Tx7PeGvjXgaV9tGQxpgdJX1880B4K750GRTCzY&type=NETWORK&equipment=WORD
request client ip:  ::ffff:127.0.0.1
request query:  {"token":"eyJhbGciOiJIUzI1NiIsInR5cCI6IkpXVCJ9.eyJkYXRhIjp7ImlkIjoiNzdlMGE0MWEtZWZiZC00NjI5LTg5YmEtODRiNzFmZTg2NmUxIiwibmFtZSI6ImFkbWluIiwiZ2VuZGVyIjp0cnVlLCJlbWFpbCI6IjM3ODMzODYyN0BxcS5jb20ifSwiaWF0IjoxNTEyNDUxNTAxLCJleHAiOjE1MTI1Mzc5MDF9.1PLN_Tx7PeGvjXgaV9tGQxpgdJX1880B4K750GRTCzY","type":"NETWORK","equipment":"WORD"}
response time: 116
response status: 200
response body: 
{"status":0,"data":[],"total":0}
*************** response log end ***************

[2017-12-06 10:30:07.444] [INFO] resLogger - 
*************** response log start ***************
request method: GET
request originalUrl:  /api/order/list/time/1510502400000?token=eyJhbGciOiJIUzI1NiIsInR5cCI6IkpXVCJ9.eyJkYXRhIjp7ImlkIjoiNzdlMGE0MWEtZWZiZC00NjI5LTg5YmEtODRiNzFmZTg2NmUxIiwibmFtZSI6ImFkbWluIiwiZ2VuZGVyIjp0cnVlLCJlbWFpbCI6IjM3ODMzODYyN0BxcS5jb20ifSwiaWF0IjoxNTEyNDUxNTAxLCJleHAiOjE1MTI1Mzc5MDF9.1PLN_Tx7PeGvjXgaV9tGQxpgdJX1880B4K750GRTCzY
request client ip:  ::ffff:127.0.0.1
request query:  {"token":"eyJhbGciOiJIUzI1NiIsInR5cCI6IkpXVCJ9.eyJkYXRhIjp7ImlkIjoiNzdlMGE0MWEtZWZiZC00NjI5LTg5YmEtODRiNzFmZTg2NmUxIiwibmFtZSI6ImFkbWluIiwiZ2VuZGVyIjp0cnVlLCJlbWFpbCI6IjM3ODMzODYyN0BxcS5jb20ifSwiaWF0IjoxNTEyNDUxNTAxLCJleHAiOjE1MTI1Mzc5MDF9.1PLN_Tx7PeGvjXgaV9tGQxpgdJX1880B4K750GRTCzY"}
response time: 206
response status: 200
response body: 
{"status":0,"data":[{"no":"20171113000","custom_name":"刘孟","custom_phone":"15822927208","incoming_time":1510561864000,"custom_corporation":"bf31f1a5-2660-46fc-b1c8-a150812d27e3","custom_position":"b720d1b5-a333-4e3d-991a-8cf68966022c","remark":"小姐姐","status":1,"needs":"[object Object],[object Object],[object Object],[object Object]","id":"2a577a4b-a635-4f14-860f-9079b4255a0b","createdAt":1510561948275,"updatedAt":1510561948275,"version":0,"corporation":{"name":"建规局","description":"建规局","status":1,"groupId":"64cd3c35-1cbb-4978-8cb1-e4084bf567d6","id":"bf31f1a5-2660-46fc-b1c8-a150812d27e3","createdAt":1510554857444,"updatedAt":1510554857444,"version":0},"corpBuilding":{"corporationId":"bf31f1a5-2660-46fc-b1c8-a150812d27e3","buildingId":"4b35bbaa-4da9-442e-8adf-ae7fbc656330","floor":4,"position":"E","status":1,"id":"b720d1b5-a333-4e3d-991a-8cf68966022c","createdAt":1510554857545,"updatedAt":1510554857545,"version":0,"building":{"name":"商务大厦南楼","address":"南","minfloor":1,"maxfloor":15,"status":1,"id":"4b35bbaa-4da9-442e-8adf-ae7fbc656330","createdAt":1510554856022,"updatedAt":1510554856022,"version":0}}}],"total":1}
*************** response log end ***************

[2017-12-06 10:30:13.968] [INFO] resLogger - 
*************** response log start ***************
request method: GET
request originalUrl:  /api/order/list/time/1510502400000?token=eyJhbGciOiJIUzI1NiIsInR5cCI6IkpXVCJ9.eyJkYXRhIjp7ImlkIjoiNzdlMGE0MWEtZWZiZC00NjI5LTg5YmEtODRiNzFmZTg2NmUxIiwibmFtZSI6ImFkbWluIiwiZ2VuZGVyIjp0cnVlLCJlbWFpbCI6IjM3ODMzODYyN0BxcS5jb20ifSwiaWF0IjoxNTEyNDUxNTAxLCJleHAiOjE1MTI1Mzc5MDF9.1PLN_Tx7PeGvjXgaV9tGQxpgdJX1880B4K750GRTCzY
request client ip:  ::ffff:127.0.0.1
request query:  {"token":"eyJhbGciOiJIUzI1NiIsInR5cCI6IkpXVCJ9.eyJkYXRhIjp7ImlkIjoiNzdlMGE0MWEtZWZiZC00NjI5LTg5YmEtODRiNzFmZTg2NmUxIiwibmFtZSI6ImFkbWluIiwiZ2VuZGVyIjp0cnVlLCJlbWFpbCI6IjM3ODMzODYyN0BxcS5jb20ifSwiaWF0IjoxNTEyNDUxNTAxLCJleHAiOjE1MTI1Mzc5MDF9.1PLN_Tx7PeGvjXgaV9tGQxpgdJX1880B4K750GRTCzY"}
response time: 74
response status: 200
response body: 
{"status":0,"data":[{"no":"20171113000","custom_name":"刘孟","custom_phone":"15822927208","incoming_time":1510561864000,"custom_corporation":"bf31f1a5-2660-46fc-b1c8-a150812d27e3","custom_position":"b720d1b5-a333-4e3d-991a-8cf68966022c","remark":"小姐姐","status":1,"needs":"[object Object],[object Object],[object Object],[object Object]","id":"2a577a4b-a635-4f14-860f-9079b4255a0b","createdAt":1510561948275,"updatedAt":1510561948275,"version":0,"corporation":{"name":"建规局","description":"建规局","status":1,"groupId":"64cd3c35-1cbb-4978-8cb1-e4084bf567d6","id":"bf31f1a5-2660-46fc-b1c8-a150812d27e3","createdAt":1510554857444,"updatedAt":1510554857444,"version":0},"corpBuilding":{"corporationId":"bf31f1a5-2660-46fc-b1c8-a150812d27e3","buildingId":"4b35bbaa-4da9-442e-8adf-ae7fbc656330","floor":4,"position":"E","status":1,"id":"b720d1b5-a333-4e3d-991a-8cf68966022c","createdAt":1510554857545,"updatedAt":1510554857545,"version":0,"building":{"name":"商务大厦南楼","address":"南","minfloor":1,"maxfloor":15,"status":1,"id":"4b35bbaa-4da9-442e-8adf-ae7fbc656330","createdAt":1510554856022,"updatedAt":1510554856022,"version":0}}}],"total":1}
*************** response log end ***************

[2017-12-06 10:30:14.107] [INFO] resLogger - 
*************** response log start ***************
request method: GET
request originalUrl:  /favicon.ico
request client ip:  ::ffff:127.0.0.1
request query:  {}
response time: 55
response status: 200
response body: 
{"name":"jwtError","status":10003,"message":"身份验证错误！"}
*************** response log end ***************

[2017-12-06 10:36:55.420] [INFO] resLogger - 
*************** response log start ***************
request method: GET
request originalUrl:  /api/user/?token=eyJhbGciOiJIUzI1NiIsInR5cCI6IkpXVCJ9.eyJkYXRhIjp7ImlkIjoiNzdlMGE0MWEtZWZiZC00NjI5LTg5YmEtODRiNzFmZTg2NmUxIiwibmFtZSI6ImFkbWluIiwiZ2VuZGVyIjp0cnVlLCJlbWFpbCI6IjM3ODMzODYyN0BxcS5jb20ifSwiaWF0IjoxNTEyNDUxNTAxLCJleHAiOjE1MTI1Mzc5MDF9.1PLN_Tx7PeGvjXgaV9tGQxpgdJX1880B4K750GRTCzY
request client ip:  ::ffff:127.0.0.1
request query:  {"token":"eyJhbGciOiJIUzI1NiIsInR5cCI6IkpXVCJ9.eyJkYXRhIjp7ImlkIjoiNzdlMGE0MWEtZWZiZC00NjI5LTg5YmEtODRiNzFmZTg2NmUxIiwibmFtZSI6ImFkbWluIiwiZ2VuZGVyIjp0cnVlLCJlbWFpbCI6IjM3ODMzODYyN0BxcS5jb20ifSwiaWF0IjoxNTEyNDUxNTAxLCJleHAiOjE1MTI1Mzc5MDF9.1PLN_Tx7PeGvjXgaV9tGQxpgdJX1880B4K750GRTCzY"}
response time: 161
response status: 200
response body: 
{"status":0,"data":{"name":"admin","email":"378338627@qq.com","phone":"15822927208","password":"$2a$10$oo3PUuyU2No4WRrDP/GUNOGsLUldeVjH6eH1q/N./UtbeNY1eJQx2","gender":true,"token":"eyJhbGciOiJIUzI1NiIsInR5cCI6IkpXVCJ9.eyJkYXRhIjp7ImlkIjoiNzdlMGE0MWEtZWZiZC00NjI5LTg5YmEtODRiNzFmZTg2NmUxIiwibmFtZSI6ImFkbWluIiwiZ2VuZGVyIjp0cnVlLCJlbWFpbCI6IjM3ODMzODYyN0BxcS5jb20ifSwiaWF0IjoxNTEyNDUxNTAxLCJleHAiOjE1MTI1Mzc5MDF9.1PLN_Tx7PeGvjXgaV9tGQxpgdJX1880B4K750GRTCzY","canLogin":true,"status":1,"id":"77e0a41a-efbd-4629-89ba-84b71fe866e1","createdAt":1510554855636,"updatedAt":1512451501482,"version":18}}
*************** response log end ***************

[2017-12-06 10:36:55.797] [INFO] resLogger - 
*************** response log start ***************
request method: GET
request originalUrl:  /api/equipType/list?token=eyJhbGciOiJIUzI1NiIsInR5cCI6IkpXVCJ9.eyJkYXRhIjp7ImlkIjoiNzdlMGE0MWEtZWZiZC00NjI5LTg5YmEtODRiNzFmZTg2NmUxIiwibmFtZSI6ImFkbWluIiwiZ2VuZGVyIjp0cnVlLCJlbWFpbCI6IjM3ODMzODYyN0BxcS5jb20ifSwiaWF0IjoxNTEyNDUxNTAxLCJleHAiOjE1MTI1Mzc5MDF9.1PLN_Tx7PeGvjXgaV9tGQxpgdJX1880B4K750GRTCzY
request client ip:  ::ffff:127.0.0.1
request query:  {"token":"eyJhbGciOiJIUzI1NiIsInR5cCI6IkpXVCJ9.eyJkYXRhIjp7ImlkIjoiNzdlMGE0MWEtZWZiZC00NjI5LTg5YmEtODRiNzFmZTg2NmUxIiwibmFtZSI6ImFkbWluIiwiZ2VuZGVyIjp0cnVlLCJlbWFpbCI6IjM3ODMzODYyN0BxcS5jb20ifSwiaWF0IjoxNTEyNDUxNTAxLCJleHAiOjE1MTI1Mzc5MDF9.1PLN_Tx7PeGvjXgaV9tGQxpgdJX1880B4K750GRTCzY"}
response time: 69
response status: 200
response body: 
{"status":0,"data":[{"name":"网络","code":"NETWORK","id":"da4cbfc1-a216-4019-ba18-12744a8fac7e","createdAt":1510554859442,"updatedAt":1510554859442,"version":0},{"name":"软件","code":"SOFTWARE","id":"04225cd9-76de-44fc-a2e7-4d956a5fd0ab","createdAt":1510554859350,"updatedAt":1510554859350,"version":0},{"name":"硬件","code":"HARDWARE","id":"6289bff3-8ff4-4d8b-a5b7-2ac2c2eeecf8","createdAt":1510554859260,"updatedAt":1510554859260,"version":0}]}
*************** response log end ***************

[2017-12-06 10:36:55.895] [INFO] resLogger - 
*************** response log start ***************
request method: GET
request originalUrl:  /api/order/list/time/1512489600000?token=eyJhbGciOiJIUzI1NiIsInR5cCI6IkpXVCJ9.eyJkYXRhIjp7ImlkIjoiNzdlMGE0MWEtZWZiZC00NjI5LTg5YmEtODRiNzFmZTg2NmUxIiwibmFtZSI6ImFkbWluIiwiZ2VuZGVyIjp0cnVlLCJlbWFpbCI6IjM3ODMzODYyN0BxcS5jb20ifSwiaWF0IjoxNTEyNDUxNTAxLCJleHAiOjE1MTI1Mzc5MDF9.1PLN_Tx7PeGvjXgaV9tGQxpgdJX1880B4K750GRTCzY
request client ip:  ::ffff:127.0.0.1
request query:  {"token":"eyJhbGciOiJIUzI1NiIsInR5cCI6IkpXVCJ9.eyJkYXRhIjp7ImlkIjoiNzdlMGE0MWEtZWZiZC00NjI5LTg5YmEtODRiNzFmZTg2NmUxIiwibmFtZSI6ImFkbWluIiwiZ2VuZGVyIjp0cnVlLCJlbWFpbCI6IjM3ODMzODYyN0BxcS5jb20ifSwiaWF0IjoxNTEyNDUxNTAxLCJleHAiOjE1MTI1Mzc5MDF9.1PLN_Tx7PeGvjXgaV9tGQxpgdJX1880B4K750GRTCzY"}
response time: 97
response status: 200
response body: 
{"status":0,"data":[],"total":1}
*************** response log end ***************

[2017-12-06 10:36:56.001] [INFO] resLogger - 
*************** response log start ***************
request method: GET
request originalUrl:  /api/business/getequip/get?token=eyJhbGciOiJIUzI1NiIsInR5cCI6IkpXVCJ9.eyJkYXRhIjp7ImlkIjoiNzdlMGE0MWEtZWZiZC00NjI5LTg5YmEtODRiNzFmZTg2NmUxIiwibmFtZSI6ImFkbWluIiwiZ2VuZGVyIjp0cnVlLCJlbWFpbCI6IjM3ODMzODYyN0BxcS5jb20ifSwiaWF0IjoxNTEyNDUxNTAxLCJleHAiOjE1MTI1Mzc5MDF9.1PLN_Tx7PeGvjXgaV9tGQxpgdJX1880B4K750GRTCzY
request client ip:  ::ffff:127.0.0.1
request query:  {"token":"eyJhbGciOiJIUzI1NiIsInR5cCI6IkpXVCJ9.eyJkYXRhIjp7ImlkIjoiNzdlMGE0MWEtZWZiZC00NjI5LTg5YmEtODRiNzFmZTg2NmUxIiwibmFtZSI6ImFkbWluIiwiZ2VuZGVyIjp0cnVlLCJlbWFpbCI6IjM3ODMzODYyN0BxcS5jb20ifSwiaWF0IjoxNTEyNDUxNTAxLCJleHAiOjE1MTI1Mzc5MDF9.1PLN_Tx7PeGvjXgaV9tGQxpgdJX1880B4K750GRTCzY"}
response time: 48
response status: 200
response body: 
{"status":0,"data":[{"equipment":"IP地址","name":"IP地址"},{"equipment":"WORD","name":"WORD"},{"equipment":"打印机","name":"打印机"},{"equipment":"浏览器","name":"浏览器"},{"equipment":"电脑","name":"电脑"},{"equipment":"电话","name":"电话"},{"equipment":"笔记本电脑","name":"笔记本电脑"}]}
*************** response log end ***************

[2017-12-06 10:36:56.102] [INFO] resLogger - 
*************** response log start ***************
request method: GET
request originalUrl:  /api/business/list?token=eyJhbGciOiJIUzI1NiIsInR5cCI6IkpXVCJ9.eyJkYXRhIjp7ImlkIjoiNzdlMGE0MWEtZWZiZC00NjI5LTg5YmEtODRiNzFmZTg2NmUxIiwibmFtZSI6ImFkbWluIiwiZ2VuZGVyIjp0cnVlLCJlbWFpbCI6IjM3ODMzODYyN0BxcS5jb20ifSwiaWF0IjoxNTEyNDUxNTAxLCJleHAiOjE1MTI1Mzc5MDF9.1PLN_Tx7PeGvjXgaV9tGQxpgdJX1880B4K750GRTCzY&type=NETWORK&equipment=WORD
request client ip:  ::ffff:127.0.0.1
request query:  {"token":"eyJhbGciOiJIUzI1NiIsInR5cCI6IkpXVCJ9.eyJkYXRhIjp7ImlkIjoiNzdlMGE0MWEtZWZiZC00NjI5LTg5YmEtODRiNzFmZTg2NmUxIiwibmFtZSI6ImFkbWluIiwiZ2VuZGVyIjp0cnVlLCJlbWFpbCI6IjM3ODMzODYyN0BxcS5jb20ifSwiaWF0IjoxNTEyNDUxNTAxLCJleHAiOjE1MTI1Mzc5MDF9.1PLN_Tx7PeGvjXgaV9tGQxpgdJX1880B4K750GRTCzY","type":"NETWORK","equipment":"WORD"}
response time: 67
response status: 200
response body: 
{"status":0,"data":[],"total":0}
*************** response log end ***************

[2017-12-06 10:38:35.041] [INFO] resLogger - 
*************** response log start ***************
request method: GET
request originalUrl:  /api/user/?token=eyJhbGciOiJIUzI1NiIsInR5cCI6IkpXVCJ9.eyJkYXRhIjp7ImlkIjoiNzdlMGE0MWEtZWZiZC00NjI5LTg5YmEtODRiNzFmZTg2NmUxIiwibmFtZSI6ImFkbWluIiwiZ2VuZGVyIjp0cnVlLCJlbWFpbCI6IjM3ODMzODYyN0BxcS5jb20ifSwiaWF0IjoxNTEyNDUxNTAxLCJleHAiOjE1MTI1Mzc5MDF9.1PLN_Tx7PeGvjXgaV9tGQxpgdJX1880B4K750GRTCzY
request client ip:  ::ffff:127.0.0.1
request query:  {"token":"eyJhbGciOiJIUzI1NiIsInR5cCI6IkpXVCJ9.eyJkYXRhIjp7ImlkIjoiNzdlMGE0MWEtZWZiZC00NjI5LTg5YmEtODRiNzFmZTg2NmUxIiwibmFtZSI6ImFkbWluIiwiZ2VuZGVyIjp0cnVlLCJlbWFpbCI6IjM3ODMzODYyN0BxcS5jb20ifSwiaWF0IjoxNTEyNDUxNTAxLCJleHAiOjE1MTI1Mzc5MDF9.1PLN_Tx7PeGvjXgaV9tGQxpgdJX1880B4K750GRTCzY"}
response time: 71
response status: 200
response body: 
{"status":0,"data":{"name":"admin","email":"378338627@qq.com","phone":"15822927208","password":"$2a$10$oo3PUuyU2No4WRrDP/GUNOGsLUldeVjH6eH1q/N./UtbeNY1eJQx2","gender":true,"token":"eyJhbGciOiJIUzI1NiIsInR5cCI6IkpXVCJ9.eyJkYXRhIjp7ImlkIjoiNzdlMGE0MWEtZWZiZC00NjI5LTg5YmEtODRiNzFmZTg2NmUxIiwibmFtZSI6ImFkbWluIiwiZ2VuZGVyIjp0cnVlLCJlbWFpbCI6IjM3ODMzODYyN0BxcS5jb20ifSwiaWF0IjoxNTEyNDUxNTAxLCJleHAiOjE1MTI1Mzc5MDF9.1PLN_Tx7PeGvjXgaV9tGQxpgdJX1880B4K750GRTCzY","canLogin":true,"status":1,"id":"77e0a41a-efbd-4629-89ba-84b71fe866e1","createdAt":1510554855636,"updatedAt":1512451501482,"version":18}}
*************** response log end ***************

[2017-12-06 10:38:35.322] [INFO] resLogger - 
*************** response log start ***************
request method: GET
request originalUrl:  /api/equipType/list?token=eyJhbGciOiJIUzI1NiIsInR5cCI6IkpXVCJ9.eyJkYXRhIjp7ImlkIjoiNzdlMGE0MWEtZWZiZC00NjI5LTg5YmEtODRiNzFmZTg2NmUxIiwibmFtZSI6ImFkbWluIiwiZ2VuZGVyIjp0cnVlLCJlbWFpbCI6IjM3ODMzODYyN0BxcS5jb20ifSwiaWF0IjoxNTEyNDUxNTAxLCJleHAiOjE1MTI1Mzc5MDF9.1PLN_Tx7PeGvjXgaV9tGQxpgdJX1880B4K750GRTCzY
request client ip:  ::ffff:127.0.0.1
request query:  {"token":"eyJhbGciOiJIUzI1NiIsInR5cCI6IkpXVCJ9.eyJkYXRhIjp7ImlkIjoiNzdlMGE0MWEtZWZiZC00NjI5LTg5YmEtODRiNzFmZTg2NmUxIiwibmFtZSI6ImFkbWluIiwiZ2VuZGVyIjp0cnVlLCJlbWFpbCI6IjM3ODMzODYyN0BxcS5jb20ifSwiaWF0IjoxNTEyNDUxNTAxLCJleHAiOjE1MTI1Mzc5MDF9.1PLN_Tx7PeGvjXgaV9tGQxpgdJX1880B4K750GRTCzY"}
response time: 51
response status: 200
response body: 
{"status":0,"data":[{"name":"网络","code":"NETWORK","id":"da4cbfc1-a216-4019-ba18-12744a8fac7e","createdAt":1510554859442,"updatedAt":1510554859442,"version":0},{"name":"软件","code":"SOFTWARE","id":"04225cd9-76de-44fc-a2e7-4d956a5fd0ab","createdAt":1510554859350,"updatedAt":1510554859350,"version":0},{"name":"硬件","code":"HARDWARE","id":"6289bff3-8ff4-4d8b-a5b7-2ac2c2eeecf8","createdAt":1510554859260,"updatedAt":1510554859260,"version":0}]}
*************** response log end ***************

[2017-12-06 10:38:35.407] [INFO] resLogger - 
*************** response log start ***************
request method: GET
request originalUrl:  /api/order/list/time/1512489600000?token=eyJhbGciOiJIUzI1NiIsInR5cCI6IkpXVCJ9.eyJkYXRhIjp7ImlkIjoiNzdlMGE0MWEtZWZiZC00NjI5LTg5YmEtODRiNzFmZTg2NmUxIiwibmFtZSI6ImFkbWluIiwiZ2VuZGVyIjp0cnVlLCJlbWFpbCI6IjM3ODMzODYyN0BxcS5jb20ifSwiaWF0IjoxNTEyNDUxNTAxLCJleHAiOjE1MTI1Mzc5MDF9.1PLN_Tx7PeGvjXgaV9tGQxpgdJX1880B4K750GRTCzY
request client ip:  ::ffff:127.0.0.1
request query:  {"token":"eyJhbGciOiJIUzI1NiIsInR5cCI6IkpXVCJ9.eyJkYXRhIjp7ImlkIjoiNzdlMGE0MWEtZWZiZC00NjI5LTg5YmEtODRiNzFmZTg2NmUxIiwibmFtZSI6ImFkbWluIiwiZ2VuZGVyIjp0cnVlLCJlbWFpbCI6IjM3ODMzODYyN0BxcS5jb20ifSwiaWF0IjoxNTEyNDUxNTAxLCJleHAiOjE1MTI1Mzc5MDF9.1PLN_Tx7PeGvjXgaV9tGQxpgdJX1880B4K750GRTCzY"}
response time: 84
response status: 200
response body: 
{"status":0,"data":[],"total":1}
*************** response log end ***************

[2017-12-06 10:38:35.540] [INFO] resLogger - 
*************** response log start ***************
request method: GET
request originalUrl:  /api/business/getequip/get?token=eyJhbGciOiJIUzI1NiIsInR5cCI6IkpXVCJ9.eyJkYXRhIjp7ImlkIjoiNzdlMGE0MWEtZWZiZC00NjI5LTg5YmEtODRiNzFmZTg2NmUxIiwibmFtZSI6ImFkbWluIiwiZ2VuZGVyIjp0cnVlLCJlbWFpbCI6IjM3ODMzODYyN0BxcS5jb20ifSwiaWF0IjoxNTEyNDUxNTAxLCJleHAiOjE1MTI1Mzc5MDF9.1PLN_Tx7PeGvjXgaV9tGQxpgdJX1880B4K750GRTCzY
request client ip:  ::ffff:127.0.0.1
request query:  {"token":"eyJhbGciOiJIUzI1NiIsInR5cCI6IkpXVCJ9.eyJkYXRhIjp7ImlkIjoiNzdlMGE0MWEtZWZiZC00NjI5LTg5YmEtODRiNzFmZTg2NmUxIiwibmFtZSI6ImFkbWluIiwiZ2VuZGVyIjp0cnVlLCJlbWFpbCI6IjM3ODMzODYyN0BxcS5jb20ifSwiaWF0IjoxNTEyNDUxNTAxLCJleHAiOjE1MTI1Mzc5MDF9.1PLN_Tx7PeGvjXgaV9tGQxpgdJX1880B4K750GRTCzY"}
response time: 71
response status: 200
response body: 
{"status":0,"data":[{"equipment":"IP地址","name":"IP地址"},{"equipment":"WORD","name":"WORD"},{"equipment":"打印机","name":"打印机"},{"equipment":"浏览器","name":"浏览器"},{"equipment":"电脑","name":"电脑"},{"equipment":"电话","name":"电话"},{"equipment":"笔记本电脑","name":"笔记本电脑"}]}
*************** response log end ***************

[2017-12-06 10:38:35.730] [INFO] resLogger - 
*************** response log start ***************
request method: GET
request originalUrl:  /api/business/list?token=eyJhbGciOiJIUzI1NiIsInR5cCI6IkpXVCJ9.eyJkYXRhIjp7ImlkIjoiNzdlMGE0MWEtZWZiZC00NjI5LTg5YmEtODRiNzFmZTg2NmUxIiwibmFtZSI6ImFkbWluIiwiZ2VuZGVyIjp0cnVlLCJlbWFpbCI6IjM3ODMzODYyN0BxcS5jb20ifSwiaWF0IjoxNTEyNDUxNTAxLCJleHAiOjE1MTI1Mzc5MDF9.1PLN_Tx7PeGvjXgaV9tGQxpgdJX1880B4K750GRTCzY&type=NETWORK&equipment=WORD
request client ip:  ::ffff:127.0.0.1
request query:  {"token":"eyJhbGciOiJIUzI1NiIsInR5cCI6IkpXVCJ9.eyJkYXRhIjp7ImlkIjoiNzdlMGE0MWEtZWZiZC00NjI5LTg5YmEtODRiNzFmZTg2NmUxIiwibmFtZSI6ImFkbWluIiwiZ2VuZGVyIjp0cnVlLCJlbWFpbCI6IjM3ODMzODYyN0BxcS5jb20ifSwiaWF0IjoxNTEyNDUxNTAxLCJleHAiOjE1MTI1Mzc5MDF9.1PLN_Tx7PeGvjXgaV9tGQxpgdJX1880B4K750GRTCzY","type":"NETWORK","equipment":"WORD"}
response time: 120
response status: 200
response body: 
{"status":0,"data":[],"total":0}
*************** response log end ***************

[2017-12-06 10:39:17.366] [INFO] resLogger - 
*************** response log start ***************
request method: GET
request originalUrl:  /api/order/list/time/1510502400000?token=eyJhbGciOiJIUzI1NiIsInR5cCI6IkpXVCJ9.eyJkYXRhIjp7ImlkIjoiNzdlMGE0MWEtZWZiZC00NjI5LTg5YmEtODRiNzFmZTg2NmUxIiwibmFtZSI6ImFkbWluIiwiZ2VuZGVyIjp0cnVlLCJlbWFpbCI6IjM3ODMzODYyN0BxcS5jb20ifSwiaWF0IjoxNTEyNDUxNTAxLCJleHAiOjE1MTI1Mzc5MDF9.1PLN_Tx7PeGvjXgaV9tGQxpgdJX1880B4K750GRTCzY
request client ip:  ::ffff:127.0.0.1
request query:  {"token":"eyJhbGciOiJIUzI1NiIsInR5cCI6IkpXVCJ9.eyJkYXRhIjp7ImlkIjoiNzdlMGE0MWEtZWZiZC00NjI5LTg5YmEtODRiNzFmZTg2NmUxIiwibmFtZSI6ImFkbWluIiwiZ2VuZGVyIjp0cnVlLCJlbWFpbCI6IjM3ODMzODYyN0BxcS5jb20ifSwiaWF0IjoxNTEyNDUxNTAxLCJleHAiOjE1MTI1Mzc5MDF9.1PLN_Tx7PeGvjXgaV9tGQxpgdJX1880B4K750GRTCzY"}
response time: 187
response status: 200
response body: 
{"status":0,"data":[{"no":"20171113000","custom_name":"刘孟","custom_phone":"15822927208","incoming_time":1510561864000,"custom_corporation":"bf31f1a5-2660-46fc-b1c8-a150812d27e3","custom_position":"b720d1b5-a333-4e3d-991a-8cf68966022c","remark":"小姐姐","status":1,"needs":"[object Object],[object Object],[object Object],[object Object]","id":"2a577a4b-a635-4f14-860f-9079b4255a0b","createdAt":1510561948275,"updatedAt":1510561948275,"version":0,"corporation":{"name":"建规局","description":"建规局","status":1,"groupId":"64cd3c35-1cbb-4978-8cb1-e4084bf567d6","id":"bf31f1a5-2660-46fc-b1c8-a150812d27e3","createdAt":1510554857444,"updatedAt":1510554857444,"version":0},"corpBuilding":{"corporationId":"bf31f1a5-2660-46fc-b1c8-a150812d27e3","buildingId":"4b35bbaa-4da9-442e-8adf-ae7fbc656330","floor":4,"position":"E","status":1,"id":"b720d1b5-a333-4e3d-991a-8cf68966022c","createdAt":1510554857545,"updatedAt":1510554857545,"version":0,"building":{"name":"商务大厦南楼","address":"南","minfloor":1,"maxfloor":15,"status":1,"id":"4b35bbaa-4da9-442e-8adf-ae7fbc656330","createdAt":1510554856022,"updatedAt":1510554856022,"version":0}}}],"total":1}
*************** response log end ***************

[2017-12-06 10:39:55.289] [INFO] resLogger - 
*************** response log start ***************
request method: GET
request originalUrl:  /api/user/?token=eyJhbGciOiJIUzI1NiIsInR5cCI6IkpXVCJ9.eyJkYXRhIjp7ImlkIjoiNzdlMGE0MWEtZWZiZC00NjI5LTg5YmEtODRiNzFmZTg2NmUxIiwibmFtZSI6ImFkbWluIiwiZ2VuZGVyIjp0cnVlLCJlbWFpbCI6IjM3ODMzODYyN0BxcS5jb20ifSwiaWF0IjoxNTEyNDUxNTAxLCJleHAiOjE1MTI1Mzc5MDF9.1PLN_Tx7PeGvjXgaV9tGQxpgdJX1880B4K750GRTCzY
request client ip:  ::ffff:127.0.0.1
request query:  {"token":"eyJhbGciOiJIUzI1NiIsInR5cCI6IkpXVCJ9.eyJkYXRhIjp7ImlkIjoiNzdlMGE0MWEtZWZiZC00NjI5LTg5YmEtODRiNzFmZTg2NmUxIiwibmFtZSI6ImFkbWluIiwiZ2VuZGVyIjp0cnVlLCJlbWFpbCI6IjM3ODMzODYyN0BxcS5jb20ifSwiaWF0IjoxNTEyNDUxNTAxLCJleHAiOjE1MTI1Mzc5MDF9.1PLN_Tx7PeGvjXgaV9tGQxpgdJX1880B4K750GRTCzY"}
response time: 185
response status: 200
response body: 
{"status":0,"data":{"name":"admin","email":"378338627@qq.com","phone":"15822927208","password":"$2a$10$oo3PUuyU2No4WRrDP/GUNOGsLUldeVjH6eH1q/N./UtbeNY1eJQx2","gender":true,"token":"eyJhbGciOiJIUzI1NiIsInR5cCI6IkpXVCJ9.eyJkYXRhIjp7ImlkIjoiNzdlMGE0MWEtZWZiZC00NjI5LTg5YmEtODRiNzFmZTg2NmUxIiwibmFtZSI6ImFkbWluIiwiZ2VuZGVyIjp0cnVlLCJlbWFpbCI6IjM3ODMzODYyN0BxcS5jb20ifSwiaWF0IjoxNTEyNDUxNTAxLCJleHAiOjE1MTI1Mzc5MDF9.1PLN_Tx7PeGvjXgaV9tGQxpgdJX1880B4K750GRTCzY","canLogin":true,"status":1,"id":"77e0a41a-efbd-4629-89ba-84b71fe866e1","createdAt":1510554855636,"updatedAt":1512451501482,"version":18}}
*************** response log end ***************

[2017-12-06 10:39:55.749] [INFO] resLogger - 
*************** response log start ***************
request method: GET
request originalUrl:  /api/equipType/list?token=eyJhbGciOiJIUzI1NiIsInR5cCI6IkpXVCJ9.eyJkYXRhIjp7ImlkIjoiNzdlMGE0MWEtZWZiZC00NjI5LTg5YmEtODRiNzFmZTg2NmUxIiwibmFtZSI6ImFkbWluIiwiZ2VuZGVyIjp0cnVlLCJlbWFpbCI6IjM3ODMzODYyN0BxcS5jb20ifSwiaWF0IjoxNTEyNDUxNTAxLCJleHAiOjE1MTI1Mzc5MDF9.1PLN_Tx7PeGvjXgaV9tGQxpgdJX1880B4K750GRTCzY
request client ip:  ::ffff:127.0.0.1
request query:  {"token":"eyJhbGciOiJIUzI1NiIsInR5cCI6IkpXVCJ9.eyJkYXRhIjp7ImlkIjoiNzdlMGE0MWEtZWZiZC00NjI5LTg5YmEtODRiNzFmZTg2NmUxIiwibmFtZSI6ImFkbWluIiwiZ2VuZGVyIjp0cnVlLCJlbWFpbCI6IjM3ODMzODYyN0BxcS5jb20ifSwiaWF0IjoxNTEyNDUxNTAxLCJleHAiOjE1MTI1Mzc5MDF9.1PLN_Tx7PeGvjXgaV9tGQxpgdJX1880B4K750GRTCzY"}
response time: 183
response status: 200
response body: 
{"status":0,"data":[{"name":"网络","code":"NETWORK","id":"da4cbfc1-a216-4019-ba18-12744a8fac7e","createdAt":1510554859442,"updatedAt":1510554859442,"version":0},{"name":"软件","code":"SOFTWARE","id":"04225cd9-76de-44fc-a2e7-4d956a5fd0ab","createdAt":1510554859350,"updatedAt":1510554859350,"version":0},{"name":"硬件","code":"HARDWARE","id":"6289bff3-8ff4-4d8b-a5b7-2ac2c2eeecf8","createdAt":1510554859260,"updatedAt":1510554859260,"version":0}]}
*************** response log end ***************

[2017-12-06 10:39:56.268] [INFO] resLogger - 
*************** response log start ***************
request method: GET
request originalUrl:  /api/order/list/time/1512489600000?token=eyJhbGciOiJIUzI1NiIsInR5cCI6IkpXVCJ9.eyJkYXRhIjp7ImlkIjoiNzdlMGE0MWEtZWZiZC00NjI5LTg5YmEtODRiNzFmZTg2NmUxIiwibmFtZSI6ImFkbWluIiwiZ2VuZGVyIjp0cnVlLCJlbWFpbCI6IjM3ODMzODYyN0BxcS5jb20ifSwiaWF0IjoxNTEyNDUxNTAxLCJleHAiOjE1MTI1Mzc5MDF9.1PLN_Tx7PeGvjXgaV9tGQxpgdJX1880B4K750GRTCzY
request client ip:  ::ffff:127.0.0.1
request query:  {"token":"eyJhbGciOiJIUzI1NiIsInR5cCI6IkpXVCJ9.eyJkYXRhIjp7ImlkIjoiNzdlMGE0MWEtZWZiZC00NjI5LTg5YmEtODRiNzFmZTg2NmUxIiwibmFtZSI6ImFkbWluIiwiZ2VuZGVyIjp0cnVlLCJlbWFpbCI6IjM3ODMzODYyN0BxcS5jb20ifSwiaWF0IjoxNTEyNDUxNTAxLCJleHAiOjE1MTI1Mzc5MDF9.1PLN_Tx7PeGvjXgaV9tGQxpgdJX1880B4K750GRTCzY"}
response time: 512
response status: 200
response body: 
{"status":0,"data":[],"total":1}
*************** response log end ***************

[2017-12-06 10:39:56.297] [INFO] resLogger - 
*************** response log start ***************
request method: GET
request originalUrl:  /api/business/getequip/get?token=eyJhbGciOiJIUzI1NiIsInR5cCI6IkpXVCJ9.eyJkYXRhIjp7ImlkIjoiNzdlMGE0MWEtZWZiZC00NjI5LTg5YmEtODRiNzFmZTg2NmUxIiwibmFtZSI6ImFkbWluIiwiZ2VuZGVyIjp0cnVlLCJlbWFpbCI6IjM3ODMzODYyN0BxcS5jb20ifSwiaWF0IjoxNTEyNDUxNTAxLCJleHAiOjE1MTI1Mzc5MDF9.1PLN_Tx7PeGvjXgaV9tGQxpgdJX1880B4K750GRTCzY
request client ip:  ::ffff:127.0.0.1
request query:  {"token":"eyJhbGciOiJIUzI1NiIsInR5cCI6IkpXVCJ9.eyJkYXRhIjp7ImlkIjoiNzdlMGE0MWEtZWZiZC00NjI5LTg5YmEtODRiNzFmZTg2NmUxIiwibmFtZSI6ImFkbWluIiwiZ2VuZGVyIjp0cnVlLCJlbWFpbCI6IjM3ODMzODYyN0BxcS5jb20ifSwiaWF0IjoxNTEyNDUxNTAxLCJleHAiOjE1MTI1Mzc5MDF9.1PLN_Tx7PeGvjXgaV9tGQxpgdJX1880B4K750GRTCzY"}
response time: 179
response status: 200
response body: 
{"status":0,"data":[{"equipment":"IP地址","name":"IP地址"},{"equipment":"WORD","name":"WORD"},{"equipment":"打印机","name":"打印机"},{"equipment":"浏览器","name":"浏览器"},{"equipment":"电脑","name":"电脑"},{"equipment":"电话","name":"电话"},{"equipment":"笔记本电脑","name":"笔记本电脑"}]}
*************** response log end ***************

[2017-12-06 10:39:56.511] [INFO] resLogger - 
*************** response log start ***************
request method: GET
request originalUrl:  /api/business/list?token=eyJhbGciOiJIUzI1NiIsInR5cCI6IkpXVCJ9.eyJkYXRhIjp7ImlkIjoiNzdlMGE0MWEtZWZiZC00NjI5LTg5YmEtODRiNzFmZTg2NmUxIiwibmFtZSI6ImFkbWluIiwiZ2VuZGVyIjp0cnVlLCJlbWFpbCI6IjM3ODMzODYyN0BxcS5jb20ifSwiaWF0IjoxNTEyNDUxNTAxLCJleHAiOjE1MTI1Mzc5MDF9.1PLN_Tx7PeGvjXgaV9tGQxpgdJX1880B4K750GRTCzY&type=NETWORK&equipment=WORD
request client ip:  ::ffff:127.0.0.1
request query:  {"token":"eyJhbGciOiJIUzI1NiIsInR5cCI6IkpXVCJ9.eyJkYXRhIjp7ImlkIjoiNzdlMGE0MWEtZWZiZC00NjI5LTg5YmEtODRiNzFmZTg2NmUxIiwibmFtZSI6ImFkbWluIiwiZ2VuZGVyIjp0cnVlLCJlbWFpbCI6IjM3ODMzODYyN0BxcS5jb20ifSwiaWF0IjoxNTEyNDUxNTAxLCJleHAiOjE1MTI1Mzc5MDF9.1PLN_Tx7PeGvjXgaV9tGQxpgdJX1880B4K750GRTCzY","type":"NETWORK","equipment":"WORD"}
response time: 199
response status: 200
response body: 
{"status":0,"data":[],"total":0}
*************** response log end ***************

[2017-12-06 10:50:39.364] [INFO] resLogger - 
*************** response log start ***************
request method: GET
request originalUrl:  /api/order/list/time/1510502400000?token=eyJhbGciOiJIUzI1NiIsInR5cCI6IkpXVCJ9.eyJkYXRhIjp7ImlkIjoiNzdlMGE0MWEtZWZiZC00NjI5LTg5YmEtODRiNzFmZTg2NmUxIiwibmFtZSI6ImFkbWluIiwiZ2VuZGVyIjp0cnVlLCJlbWFpbCI6IjM3ODMzODYyN0BxcS5jb20ifSwiaWF0IjoxNTEyNDUxNTAxLCJleHAiOjE1MTI1Mzc5MDF9.1PLN_Tx7PeGvjXgaV9tGQxpgdJX1880B4K750GRTCzY
request client ip:  ::ffff:127.0.0.1
request query:  {"token":"eyJhbGciOiJIUzI1NiIsInR5cCI6IkpXVCJ9.eyJkYXRhIjp7ImlkIjoiNzdlMGE0MWEtZWZiZC00NjI5LTg5YmEtODRiNzFmZTg2NmUxIiwibmFtZSI6ImFkbWluIiwiZ2VuZGVyIjp0cnVlLCJlbWFpbCI6IjM3ODMzODYyN0BxcS5jb20ifSwiaWF0IjoxNTEyNDUxNTAxLCJleHAiOjE1MTI1Mzc5MDF9.1PLN_Tx7PeGvjXgaV9tGQxpgdJX1880B4K750GRTCzY"}
response time: 234
response status: 200
response body: 
{"status":0,"data":[{"no":"20171113000","custom_name":"刘孟","custom_phone":"15822927208","incoming_time":1510561864000,"custom_corporation":"bf31f1a5-2660-46fc-b1c8-a150812d27e3","custom_position":"b720d1b5-a333-4e3d-991a-8cf68966022c","remark":"小姐姐","status":1,"needs":"[object Object],[object Object],[object Object],[object Object]","id":"2a577a4b-a635-4f14-860f-9079b4255a0b","createdAt":1510561948275,"updatedAt":1510561948275,"version":0,"corporation":{"name":"建规局","description":"建规局","status":1,"groupId":"64cd3c35-1cbb-4978-8cb1-e4084bf567d6","id":"bf31f1a5-2660-46fc-b1c8-a150812d27e3","createdAt":1510554857444,"updatedAt":1510554857444,"version":0},"corpBuilding":{"corporationId":"bf31f1a5-2660-46fc-b1c8-a150812d27e3","buildingId":"4b35bbaa-4da9-442e-8adf-ae7fbc656330","floor":4,"position":"E","status":1,"id":"b720d1b5-a333-4e3d-991a-8cf68966022c","createdAt":1510554857545,"updatedAt":1510554857545,"version":0,"building":{"name":"商务大厦南楼","address":"南","minfloor":1,"maxfloor":15,"status":1,"id":"4b35bbaa-4da9-442e-8adf-ae7fbc656330","createdAt":1510554856022,"updatedAt":1510554856022,"version":0}}}],"total":1}
*************** response log end ***************

[2017-12-06 10:56:15.760] [INFO] resLogger - 
*************** response log start ***************
request method: GET
request originalUrl:  /api/user/?token=eyJhbGciOiJIUzI1NiIsInR5cCI6IkpXVCJ9.eyJkYXRhIjp7ImlkIjoiNzdlMGE0MWEtZWZiZC00NjI5LTg5YmEtODRiNzFmZTg2NmUxIiwibmFtZSI6ImFkbWluIiwiZ2VuZGVyIjp0cnVlLCJlbWFpbCI6IjM3ODMzODYyN0BxcS5jb20ifSwiaWF0IjoxNTEyNDUxNTAxLCJleHAiOjE1MTI1Mzc5MDF9.1PLN_Tx7PeGvjXgaV9tGQxpgdJX1880B4K750GRTCzY
request client ip:  ::ffff:127.0.0.1
request query:  {"token":"eyJhbGciOiJIUzI1NiIsInR5cCI6IkpXVCJ9.eyJkYXRhIjp7ImlkIjoiNzdlMGE0MWEtZWZiZC00NjI5LTg5YmEtODRiNzFmZTg2NmUxIiwibmFtZSI6ImFkbWluIiwiZ2VuZGVyIjp0cnVlLCJlbWFpbCI6IjM3ODMzODYyN0BxcS5jb20ifSwiaWF0IjoxNTEyNDUxNTAxLCJleHAiOjE1MTI1Mzc5MDF9.1PLN_Tx7PeGvjXgaV9tGQxpgdJX1880B4K750GRTCzY"}
response time: 175
response status: 200
response body: 
{"status":0,"data":{"name":"admin","email":"378338627@qq.com","phone":"15822927208","password":"$2a$10$oo3PUuyU2No4WRrDP/GUNOGsLUldeVjH6eH1q/N./UtbeNY1eJQx2","gender":true,"token":"eyJhbGciOiJIUzI1NiIsInR5cCI6IkpXVCJ9.eyJkYXRhIjp7ImlkIjoiNzdlMGE0MWEtZWZiZC00NjI5LTg5YmEtODRiNzFmZTg2NmUxIiwibmFtZSI6ImFkbWluIiwiZ2VuZGVyIjp0cnVlLCJlbWFpbCI6IjM3ODMzODYyN0BxcS5jb20ifSwiaWF0IjoxNTEyNDUxNTAxLCJleHAiOjE1MTI1Mzc5MDF9.1PLN_Tx7PeGvjXgaV9tGQxpgdJX1880B4K750GRTCzY","canLogin":true,"status":1,"id":"77e0a41a-efbd-4629-89ba-84b71fe866e1","createdAt":1510554855636,"updatedAt":1512451501482,"version":18}}
*************** response log end ***************

[2017-12-06 10:56:16.110] [INFO] resLogger - 
*************** response log start ***************
request method: GET
request originalUrl:  /api/equipType/list?token=eyJhbGciOiJIUzI1NiIsInR5cCI6IkpXVCJ9.eyJkYXRhIjp7ImlkIjoiNzdlMGE0MWEtZWZiZC00NjI5LTg5YmEtODRiNzFmZTg2NmUxIiwibmFtZSI6ImFkbWluIiwiZ2VuZGVyIjp0cnVlLCJlbWFpbCI6IjM3ODMzODYyN0BxcS5jb20ifSwiaWF0IjoxNTEyNDUxNTAxLCJleHAiOjE1MTI1Mzc5MDF9.1PLN_Tx7PeGvjXgaV9tGQxpgdJX1880B4K750GRTCzY
request client ip:  ::ffff:127.0.0.1
request query:  {"token":"eyJhbGciOiJIUzI1NiIsInR5cCI6IkpXVCJ9.eyJkYXRhIjp7ImlkIjoiNzdlMGE0MWEtZWZiZC00NjI5LTg5YmEtODRiNzFmZTg2NmUxIiwibmFtZSI6ImFkbWluIiwiZ2VuZGVyIjp0cnVlLCJlbWFpbCI6IjM3ODMzODYyN0BxcS5jb20ifSwiaWF0IjoxNTEyNDUxNTAxLCJleHAiOjE1MTI1Mzc5MDF9.1PLN_Tx7PeGvjXgaV9tGQxpgdJX1880B4K750GRTCzY"}
response time: 99
response status: 200
response body: 
{"status":0,"data":[{"name":"网络","code":"NETWORK","id":"da4cbfc1-a216-4019-ba18-12744a8fac7e","createdAt":1510554859442,"updatedAt":1510554859442,"version":0},{"name":"软件","code":"SOFTWARE","id":"04225cd9-76de-44fc-a2e7-4d956a5fd0ab","createdAt":1510554859350,"updatedAt":1510554859350,"version":0},{"name":"硬件","code":"HARDWARE","id":"6289bff3-8ff4-4d8b-a5b7-2ac2c2eeecf8","createdAt":1510554859260,"updatedAt":1510554859260,"version":0}]}
*************** response log end ***************

[2017-12-06 10:56:16.159] [INFO] resLogger - 
*************** response log start ***************
request method: GET
request originalUrl:  /api/order/list/time/1512489600000?token=eyJhbGciOiJIUzI1NiIsInR5cCI6IkpXVCJ9.eyJkYXRhIjp7ImlkIjoiNzdlMGE0MWEtZWZiZC00NjI5LTg5YmEtODRiNzFmZTg2NmUxIiwibmFtZSI6ImFkbWluIiwiZ2VuZGVyIjp0cnVlLCJlbWFpbCI6IjM3ODMzODYyN0BxcS5jb20ifSwiaWF0IjoxNTEyNDUxNTAxLCJleHAiOjE1MTI1Mzc5MDF9.1PLN_Tx7PeGvjXgaV9tGQxpgdJX1880B4K750GRTCzY
request client ip:  ::ffff:127.0.0.1
request query:  {"token":"eyJhbGciOiJIUzI1NiIsInR5cCI6IkpXVCJ9.eyJkYXRhIjp7ImlkIjoiNzdlMGE0MWEtZWZiZC00NjI5LTg5YmEtODRiNzFmZTg2NmUxIiwibmFtZSI6ImFkbWluIiwiZ2VuZGVyIjp0cnVlLCJlbWFpbCI6IjM3ODMzODYyN0BxcS5jb20ifSwiaWF0IjoxNTEyNDUxNTAxLCJleHAiOjE1MTI1Mzc5MDF9.1PLN_Tx7PeGvjXgaV9tGQxpgdJX1880B4K750GRTCzY"}
response time: 100
response status: 200
response body: 
{"status":0,"data":[],"total":1}
*************** response log end ***************

[2017-12-06 10:56:16.269] [INFO] resLogger - 
*************** response log start ***************
request method: GET
request originalUrl:  /api/business/getequip/get?token=eyJhbGciOiJIUzI1NiIsInR5cCI6IkpXVCJ9.eyJkYXRhIjp7ImlkIjoiNzdlMGE0MWEtZWZiZC00NjI5LTg5YmEtODRiNzFmZTg2NmUxIiwibmFtZSI6ImFkbWluIiwiZ2VuZGVyIjp0cnVlLCJlbWFpbCI6IjM3ODMzODYyN0BxcS5jb20ifSwiaWF0IjoxNTEyNDUxNTAxLCJleHAiOjE1MTI1Mzc5MDF9.1PLN_Tx7PeGvjXgaV9tGQxpgdJX1880B4K750GRTCzY
request client ip:  ::ffff:127.0.0.1
request query:  {"token":"eyJhbGciOiJIUzI1NiIsInR5cCI6IkpXVCJ9.eyJkYXRhIjp7ImlkIjoiNzdlMGE0MWEtZWZiZC00NjI5LTg5YmEtODRiNzFmZTg2NmUxIiwibmFtZSI6ImFkbWluIiwiZ2VuZGVyIjp0cnVlLCJlbWFpbCI6IjM3ODMzODYyN0BxcS5jb20ifSwiaWF0IjoxNTEyNDUxNTAxLCJleHAiOjE1MTI1Mzc5MDF9.1PLN_Tx7PeGvjXgaV9tGQxpgdJX1880B4K750GRTCzY"}
response time: 61
response status: 200
response body: 
{"status":0,"data":[{"equipment":"IP地址","name":"IP地址"},{"equipment":"WORD","name":"WORD"},{"equipment":"打印机","name":"打印机"},{"equipment":"浏览器","name":"浏览器"},{"equipment":"电脑","name":"电脑"},{"equipment":"电话","name":"电话"},{"equipment":"笔记本电脑","name":"笔记本电脑"}]}
*************** response log end ***************

[2017-12-06 10:56:16.352] [INFO] resLogger - 
*************** response log start ***************
request method: GET
request originalUrl:  /api/business/list?token=eyJhbGciOiJIUzI1NiIsInR5cCI6IkpXVCJ9.eyJkYXRhIjp7ImlkIjoiNzdlMGE0MWEtZWZiZC00NjI5LTg5YmEtODRiNzFmZTg2NmUxIiwibmFtZSI6ImFkbWluIiwiZ2VuZGVyIjp0cnVlLCJlbWFpbCI6IjM3ODMzODYyN0BxcS5jb20ifSwiaWF0IjoxNTEyNDUxNTAxLCJleHAiOjE1MTI1Mzc5MDF9.1PLN_Tx7PeGvjXgaV9tGQxpgdJX1880B4K750GRTCzY&type=NETWORK&equipment=WORD
request client ip:  ::ffff:127.0.0.1
request query:  {"token":"eyJhbGciOiJIUzI1NiIsInR5cCI6IkpXVCJ9.eyJkYXRhIjp7ImlkIjoiNzdlMGE0MWEtZWZiZC00NjI5LTg5YmEtODRiNzFmZTg2NmUxIiwibmFtZSI6ImFkbWluIiwiZ2VuZGVyIjp0cnVlLCJlbWFpbCI6IjM3ODMzODYyN0BxcS5jb20ifSwiaWF0IjoxNTEyNDUxNTAxLCJleHAiOjE1MTI1Mzc5MDF9.1PLN_Tx7PeGvjXgaV9tGQxpgdJX1880B4K750GRTCzY","type":"NETWORK","equipment":"WORD"}
response time: 67
response status: 200
response body: 
{"status":0,"data":[],"total":0}
*************** response log end ***************

