[2018-01-18 08:35:08.275] [INFO] resLogger - 
*************** response log start ***************
request method: GET
request originalUrl:  /api/user/?token=eyJhbGciOiJIUzI1NiIsInR5cCI6IkpXVCJ9.eyJkYXRhIjp7ImlkIjoiMDU3MjBlNmUtZWJlMy00MDM2LWI1NzUtZmYxZmEwYzZjYjM4IiwibmFtZSI6ImFkbWluIiwiZ2VuZGVyIjp0cnVlLCJlbWFpbCI6IjM3ODMzODYyN0BxcS5jb20ifSwiaWF0IjoxNTE2MTUzMjY3LCJleHAiOjE1MTYyMzk2Njd9.PkUDDocS7glw5HrHfs3QE9Xen1BkZqFzfnadTPBgrhw
request client ip:  ::ffff:127.0.0.1
request query:  {"token":"eyJhbGciOiJIUzI1NiIsInR5cCI6IkpXVCJ9.eyJkYXRhIjp7ImlkIjoiMDU3MjBlNmUtZWJlMy00MDM2LWI1NzUtZmYxZmEwYzZjYjM4IiwibmFtZSI6ImFkbWluIiwiZ2VuZGVyIjp0cnVlLCJlbWFpbCI6IjM3ODMzODYyN0BxcS5jb20ifSwiaWF0IjoxNTE2MTUzMjY3LCJleHAiOjE1MTYyMzk2Njd9.PkUDDocS7glw5HrHfs3QE9Xen1BkZqFzfnadTPBgrhw"}
response time: 2488
response status: 200
response body: 
{"status":0,"data":{"name":"admin","email":"378338627@qq.com","phone":"15822927208","password":"$2a$10$ZCz8FbSB13tB2jbZIaI13.kaTOEp236iyvOOtqgZf.m.RSqqgjheq","gender":true,"token":"eyJhbGciOiJIUzI1NiIsInR5cCI6IkpXVCJ9.eyJkYXRhIjp7ImlkIjoiMDU3MjBlNmUtZWJlMy00MDM2LWI1NzUtZmYxZmEwYzZjYjM4IiwibmFtZSI6ImFkbWluIiwiZ2VuZGVyIjp0cnVlLCJlbWFpbCI6IjM3ODMzODYyN0BxcS5jb20ifSwiaWF0IjoxNTE2MTUzMjY3LCJleHAiOjE1MTYyMzk2Njd9.PkUDDocS7glw5HrHfs3QE9Xen1BkZqFzfnadTPBgrhw","canLogin":true,"status":1,"id":"05720e6e-ebe3-4036-b575-ff1fa0c6cb38","createdAt":1515633151463,"updatedAt":1516153267169,"version":5}}
*************** response log end ***************

[2018-01-18 08:35:11.041] [INFO] resLogger - 
*************** response log start ***************
request method: GET
request originalUrl:  /api/operation/list/time/1516235710764?token=eyJhbGciOiJIUzI1NiIsInR5cCI6IkpXVCJ9.eyJkYXRhIjp7ImlkIjoiMDU3MjBlNmUtZWJlMy00MDM2LWI1NzUtZmYxZmEwYzZjYjM4IiwibmFtZSI6ImFkbWluIiwiZ2VuZGVyIjp0cnVlLCJlbWFpbCI6IjM3ODMzODYyN0BxcS5jb20ifSwiaWF0IjoxNTE2MTUzMjY3LCJleHAiOjE1MTYyMzk2Njd9.PkUDDocS7glw5HrHfs3QE9Xen1BkZqFzfnadTPBgrhw
request client ip:  ::ffff:127.0.0.1
request query:  {"token":"eyJhbGciOiJIUzI1NiIsInR5cCI6IkpXVCJ9.eyJkYXRhIjp7ImlkIjoiMDU3MjBlNmUtZWJlMy00MDM2LWI1NzUtZmYxZmEwYzZjYjM4IiwibmFtZSI6ImFkbWluIiwiZ2VuZGVyIjp0cnVlLCJlbWFpbCI6IjM3ODMzODYyN0BxcS5jb20ifSwiaWF0IjoxNTE2MTUzMjY3LCJleHAiOjE1MTYyMzk2Njd9.PkUDDocS7glw5HrHfs3QE9Xen1BkZqFzfnadTPBgrhw"}
response time: 172
response status: 200
response body: 
{"status":0,"data":[]}
*************** response log end ***************

[2018-01-18 08:35:11.054] [INFO] resLogger - 
*************** response log start ***************
request method: GET
request originalUrl:  /api/action/list/time/1516235710819?token=eyJhbGciOiJIUzI1NiIsInR5cCI6IkpXVCJ9.eyJkYXRhIjp7ImlkIjoiMDU3MjBlNmUtZWJlMy00MDM2LWI1NzUtZmYxZmEwYzZjYjM4IiwibmFtZSI6ImFkbWluIiwiZ2VuZGVyIjp0cnVlLCJlbWFpbCI6IjM3ODMzODYyN0BxcS5jb20ifSwiaWF0IjoxNTE2MTUzMjY3LCJleHAiOjE1MTYyMzk2Njd9.PkUDDocS7glw5HrHfs3QE9Xen1BkZqFzfnadTPBgrhw
request client ip:  ::ffff:127.0.0.1
request query:  {"token":"eyJhbGciOiJIUzI1NiIsInR5cCI6IkpXVCJ9.eyJkYXRhIjp7ImlkIjoiMDU3MjBlNmUtZWJlMy00MDM2LWI1NzUtZmYxZmEwYzZjYjM4IiwibmFtZSI6ImFkbWluIiwiZ2VuZGVyIjp0cnVlLCJlbWFpbCI6IjM3ODMzODYyN0BxcS5jb20ifSwiaWF0IjoxNTE2MTUzMjY3LCJleHAiOjE1MTYyMzk2Njd9.PkUDDocS7glw5HrHfs3QE9Xen1BkZqFzfnadTPBgrhw"}
response time: 124
response status: 200
response body: 
{"status":0,"data":[]}
*************** response log end ***************

[2018-01-18 08:35:11.086] [INFO] resLogger - 
*************** response log start ***************
request method: GET
request originalUrl:  /api/operation/list_week/time/1516235710821?token=eyJhbGciOiJIUzI1NiIsInR5cCI6IkpXVCJ9.eyJkYXRhIjp7ImlkIjoiMDU3MjBlNmUtZWJlMy00MDM2LWI1NzUtZmYxZmEwYzZjYjM4IiwibmFtZSI6ImFkbWluIiwiZ2VuZGVyIjp0cnVlLCJlbWFpbCI6IjM3ODMzODYyN0BxcS5jb20ifSwiaWF0IjoxNTE2MTUzMjY3LCJleHAiOjE1MTYyMzk2Njd9.PkUDDocS7glw5HrHfs3QE9Xen1BkZqFzfnadTPBgrhw
request client ip:  ::ffff:127.0.0.1
request query:  {"token":"eyJhbGciOiJIUzI1NiIsInR5cCI6IkpXVCJ9.eyJkYXRhIjp7ImlkIjoiMDU3MjBlNmUtZWJlMy00MDM2LWI1NzUtZmYxZmEwYzZjYjM4IiwibmFtZSI6ImFkbWluIiwiZ2VuZGVyIjp0cnVlLCJlbWFpbCI6IjM3ODMzODYyN0BxcS5jb20ifSwiaWF0IjoxNTE2MTUzMjY3LCJleHAiOjE1MTYyMzk2Njd9.PkUDDocS7glw5HrHfs3QE9Xen1BkZqFzfnadTPBgrhw"}
response time: 130
response status: 200
response body: 
{"status":0,"data":[{"days":"20180115","count":10,"weekname":"星期一"},{"days":"20180116","count":5,"weekname":"星期二"},{"days":"20180117","count":0,"weekname":"星期三"},{"days":"20180118","count":0,"weekname":"星期四"},{"days":"20180119","count":0,"weekname":"星期五"},{"days":"20180120","count":0,"weekname":"星期六"},{"days":"20180121","count":0,"weekname":"星期日"}]}
*************** response log end ***************

[2018-01-18 08:35:26.595] [INFO] resLogger - 
*************** response log start ***************
request method: GET
request originalUrl:  /api/operation/list_month/time/1516235726516?token=eyJhbGciOiJIUzI1NiIsInR5cCI6IkpXVCJ9.eyJkYXRhIjp7ImlkIjoiMDU3MjBlNmUtZWJlMy00MDM2LWI1NzUtZmYxZmEwYzZjYjM4IiwibmFtZSI6ImFkbWluIiwiZ2VuZGVyIjp0cnVlLCJlbWFpbCI6IjM3ODMzODYyN0BxcS5jb20ifSwiaWF0IjoxNTE2MTUzMjY3LCJleHAiOjE1MTYyMzk2Njd9.PkUDDocS7glw5HrHfs3QE9Xen1BkZqFzfnadTPBgrhw
request client ip:  ::ffff:127.0.0.1
request query:  {"token":"eyJhbGciOiJIUzI1NiIsInR5cCI6IkpXVCJ9.eyJkYXRhIjp7ImlkIjoiMDU3MjBlNmUtZWJlMy00MDM2LWI1NzUtZmYxZmEwYzZjYjM4IiwibmFtZSI6ImFkbWluIiwiZ2VuZGVyIjp0cnVlLCJlbWFpbCI6IjM3ODMzODYyN0BxcS5jb20ifSwiaWF0IjoxNTE2MTUzMjY3LCJleHAiOjE1MTYyMzk2Njd9.PkUDDocS7glw5HrHfs3QE9Xen1BkZqFzfnadTPBgrhw"}
response time: 68
response status: 200
response body: 
{"status":0,"data":[{"days":"20180101","count":0,"monthname":"1号"},{"days":"20180102","count":1,"monthname":"2号"},{"days":"20180103","count":5,"monthname":"3号"},{"days":"20180104","count":3,"monthname":"4号"},{"days":"20180105","count":1,"monthname":"5号"},{"days":"20180106","count":0,"monthname":"6号"},{"days":"20180107","count":0,"monthname":"7号"},{"days":"20180108","count":5,"monthname":"8号"},{"days":"20180109","count":4,"monthname":"9号"},{"days":"20180110","count":5,"monthname":"10号"},{"days":"20180111","count":3,"monthname":"11号"},{"days":"20180112","count":2,"monthname":"12号"},{"days":"20180113","count":0,"monthname":"13号"},{"days":"20180114","count":0,"monthname":"14号"},{"days":"20180115","count":10,"monthname":"15号"},{"days":"20180116","count":5,"monthname":"16号"},{"days":"20180117","count":0,"monthname":"17号"},{"days":"20180118","count":0,"monthname":"18号"}]}
*************** response log end ***************

[2018-01-18 08:36:45.423] [INFO] resLogger - 
*************** response log start ***************
request method: GET
request originalUrl:  /api/operation/list_week/time/1516235805298?token=eyJhbGciOiJIUzI1NiIsInR5cCI6IkpXVCJ9.eyJkYXRhIjp7ImlkIjoiMDU3MjBlNmUtZWJlMy00MDM2LWI1NzUtZmYxZmEwYzZjYjM4IiwibmFtZSI6ImFkbWluIiwiZ2VuZGVyIjp0cnVlLCJlbWFpbCI6IjM3ODMzODYyN0BxcS5jb20ifSwiaWF0IjoxNTE2MTUzMjY3LCJleHAiOjE1MTYyMzk2Njd9.PkUDDocS7glw5HrHfs3QE9Xen1BkZqFzfnadTPBgrhw
request client ip:  ::ffff:127.0.0.1
request query:  {"token":"eyJhbGciOiJIUzI1NiIsInR5cCI6IkpXVCJ9.eyJkYXRhIjp7ImlkIjoiMDU3MjBlNmUtZWJlMy00MDM2LWI1NzUtZmYxZmEwYzZjYjM4IiwibmFtZSI6ImFkbWluIiwiZ2VuZGVyIjp0cnVlLCJlbWFpbCI6IjM3ODMzODYyN0BxcS5jb20ifSwiaWF0IjoxNTE2MTUzMjY3LCJleHAiOjE1MTYyMzk2Njd9.PkUDDocS7glw5HrHfs3QE9Xen1BkZqFzfnadTPBgrhw"}
response time: 113
response status: 200
response body: 
{"status":0,"data":[{"days":"20180115","count":10,"weekname":"星期一"},{"days":"20180116","count":5,"weekname":"星期二"},{"days":"20180117","count":0,"weekname":"星期三"},{"days":"20180118","count":0,"weekname":"星期四"},{"days":"20180119","count":0,"weekname":"星期五"},{"days":"20180120","count":0,"weekname":"星期六"},{"days":"20180121","count":0,"weekname":"星期日"}]}
*************** response log end ***************

[2018-01-18 08:38:18.062] [INFO] resLogger - 
*************** response log start ***************
request method: GET
request originalUrl:  /api/operation/list_month/time/1516235897905?token=eyJhbGciOiJIUzI1NiIsInR5cCI6IkpXVCJ9.eyJkYXRhIjp7ImlkIjoiMDU3MjBlNmUtZWJlMy00MDM2LWI1NzUtZmYxZmEwYzZjYjM4IiwibmFtZSI6ImFkbWluIiwiZ2VuZGVyIjp0cnVlLCJlbWFpbCI6IjM3ODMzODYyN0BxcS5jb20ifSwiaWF0IjoxNTE2MTUzMjY3LCJleHAiOjE1MTYyMzk2Njd9.PkUDDocS7glw5HrHfs3QE9Xen1BkZqFzfnadTPBgrhw
request client ip:  ::ffff:127.0.0.1
request query:  {"token":"eyJhbGciOiJIUzI1NiIsInR5cCI6IkpXVCJ9.eyJkYXRhIjp7ImlkIjoiMDU3MjBlNmUtZWJlMy00MDM2LWI1NzUtZmYxZmEwYzZjYjM4IiwibmFtZSI6ImFkbWluIiwiZ2VuZGVyIjp0cnVlLCJlbWFpbCI6IjM3ODMzODYyN0BxcS5jb20ifSwiaWF0IjoxNTE2MTUzMjY3LCJleHAiOjE1MTYyMzk2Njd9.PkUDDocS7glw5HrHfs3QE9Xen1BkZqFzfnadTPBgrhw"}
response time: 88
response status: 200
response body: 
{"status":0,"data":[{"days":"20180101","count":0,"monthname":"1号"},{"days":"20180102","count":1,"monthname":"2号"},{"days":"20180103","count":5,"monthname":"3号"},{"days":"20180104","count":3,"monthname":"4号"},{"days":"20180105","count":1,"monthname":"5号"},{"days":"20180106","count":0,"monthname":"6号"},{"days":"20180107","count":0,"monthname":"7号"},{"days":"20180108","count":5,"monthname":"8号"},{"days":"20180109","count":4,"monthname":"9号"},{"days":"20180110","count":5,"monthname":"10号"},{"days":"20180111","count":3,"monthname":"11号"},{"days":"20180112","count":2,"monthname":"12号"},{"days":"20180113","count":0,"monthname":"13号"},{"days":"20180114","count":0,"monthname":"14号"},{"days":"20180115","count":10,"monthname":"15号"},{"days":"20180116","count":5,"monthname":"16号"},{"days":"20180117","count":0,"monthname":"17号"},{"days":"20180118","count":0,"monthname":"18号"}]}
*************** response log end ***************

[2018-01-18 08:42:42.203] [INFO] resLogger - 
*************** response log start ***************
request method: GET
request originalUrl:  /api/user/?token=eyJhbGciOiJIUzI1NiIsInR5cCI6IkpXVCJ9.eyJkYXRhIjp7ImlkIjoiMDU3MjBlNmUtZWJlMy00MDM2LWI1NzUtZmYxZmEwYzZjYjM4IiwibmFtZSI6ImFkbWluIiwiZ2VuZGVyIjp0cnVlLCJlbWFpbCI6IjM3ODMzODYyN0BxcS5jb20ifSwiaWF0IjoxNTE2MTUzMjY3LCJleHAiOjE1MTYyMzk2Njd9.PkUDDocS7glw5HrHfs3QE9Xen1BkZqFzfnadTPBgrhw
request client ip:  ::ffff:127.0.0.1
request query:  {"token":"eyJhbGciOiJIUzI1NiIsInR5cCI6IkpXVCJ9.eyJkYXRhIjp7ImlkIjoiMDU3MjBlNmUtZWJlMy00MDM2LWI1NzUtZmYxZmEwYzZjYjM4IiwibmFtZSI6ImFkbWluIiwiZ2VuZGVyIjp0cnVlLCJlbWFpbCI6IjM3ODMzODYyN0BxcS5jb20ifSwiaWF0IjoxNTE2MTUzMjY3LCJleHAiOjE1MTYyMzk2Njd9.PkUDDocS7glw5HrHfs3QE9Xen1BkZqFzfnadTPBgrhw"}
response time: 36
response status: 200
response body: 
{"status":0,"data":{"name":"admin","email":"378338627@qq.com","phone":"15822927208","password":"$2a$10$ZCz8FbSB13tB2jbZIaI13.kaTOEp236iyvOOtqgZf.m.RSqqgjheq","gender":true,"token":"eyJhbGciOiJIUzI1NiIsInR5cCI6IkpXVCJ9.eyJkYXRhIjp7ImlkIjoiMDU3MjBlNmUtZWJlMy00MDM2LWI1NzUtZmYxZmEwYzZjYjM4IiwibmFtZSI6ImFkbWluIiwiZ2VuZGVyIjp0cnVlLCJlbWFpbCI6IjM3ODMzODYyN0BxcS5jb20ifSwiaWF0IjoxNTE2MTUzMjY3LCJleHAiOjE1MTYyMzk2Njd9.PkUDDocS7glw5HrHfs3QE9Xen1BkZqFzfnadTPBgrhw","canLogin":true,"status":1,"id":"05720e6e-ebe3-4036-b575-ff1fa0c6cb38","createdAt":1515633151463,"updatedAt":1516153267169,"version":5}}
*************** response log end ***************

[2018-01-18 08:42:42.459] [INFO] resLogger - 
*************** response log start ***************
request method: GET
request originalUrl:  /api/operation/list/time/1516236162304?token=eyJhbGciOiJIUzI1NiIsInR5cCI6IkpXVCJ9.eyJkYXRhIjp7ImlkIjoiMDU3MjBlNmUtZWJlMy00MDM2LWI1NzUtZmYxZmEwYzZjYjM4IiwibmFtZSI6ImFkbWluIiwiZ2VuZGVyIjp0cnVlLCJlbWFpbCI6IjM3ODMzODYyN0BxcS5jb20ifSwiaWF0IjoxNTE2MTUzMjY3LCJleHAiOjE1MTYyMzk2Njd9.PkUDDocS7glw5HrHfs3QE9Xen1BkZqFzfnadTPBgrhw
request client ip:  ::ffff:127.0.0.1
request query:  {"token":"eyJhbGciOiJIUzI1NiIsInR5cCI6IkpXVCJ9.eyJkYXRhIjp7ImlkIjoiMDU3MjBlNmUtZWJlMy00MDM2LWI1NzUtZmYxZmEwYzZjYjM4IiwibmFtZSI6ImFkbWluIiwiZ2VuZGVyIjp0cnVlLCJlbWFpbCI6IjM3ODMzODYyN0BxcS5jb20ifSwiaWF0IjoxNTE2MTUzMjY3LCJleHAiOjE1MTYyMzk2Njd9.PkUDDocS7glw5HrHfs3QE9Xen1BkZqFzfnadTPBgrhw"}
response time: 102
response status: 200
response body: 
{"status":0,"data":[]}
*************** response log end ***************

[2018-01-18 08:42:42.474] [INFO] resLogger - 
*************** response log start ***************
request method: GET
request originalUrl:  /api/action/list/time/1516236162309?token=eyJhbGciOiJIUzI1NiIsInR5cCI6IkpXVCJ9.eyJkYXRhIjp7ImlkIjoiMDU3MjBlNmUtZWJlMy00MDM2LWI1NzUtZmYxZmEwYzZjYjM4IiwibmFtZSI6ImFkbWluIiwiZ2VuZGVyIjp0cnVlLCJlbWFpbCI6IjM3ODMzODYyN0BxcS5jb20ifSwiaWF0IjoxNTE2MTUzMjY3LCJleHAiOjE1MTYyMzk2Njd9.PkUDDocS7glw5HrHfs3QE9Xen1BkZqFzfnadTPBgrhw
request client ip:  ::ffff:127.0.0.1
request query:  {"token":"eyJhbGciOiJIUzI1NiIsInR5cCI6IkpXVCJ9.eyJkYXRhIjp7ImlkIjoiMDU3MjBlNmUtZWJlMy00MDM2LWI1NzUtZmYxZmEwYzZjYjM4IiwibmFtZSI6ImFkbWluIiwiZ2VuZGVyIjp0cnVlLCJlbWFpbCI6IjM3ODMzODYyN0BxcS5jb20ifSwiaWF0IjoxNTE2MTUzMjY3LCJleHAiOjE1MTYyMzk2Njd9.PkUDDocS7glw5HrHfs3QE9Xen1BkZqFzfnadTPBgrhw"}
response time: 65
response status: 200
response body: 
{"status":0,"data":[]}
*************** response log end ***************

[2018-01-18 08:42:42.519] [INFO] resLogger - 
*************** response log start ***************
request method: GET
request originalUrl:  /api/operation/list_week/time/1516236162312?token=eyJhbGciOiJIUzI1NiIsInR5cCI6IkpXVCJ9.eyJkYXRhIjp7ImlkIjoiMDU3MjBlNmUtZWJlMy00MDM2LWI1NzUtZmYxZmEwYzZjYjM4IiwibmFtZSI6ImFkbWluIiwiZ2VuZGVyIjp0cnVlLCJlbWFpbCI6IjM3ODMzODYyN0BxcS5jb20ifSwiaWF0IjoxNTE2MTUzMjY3LCJleHAiOjE1MTYyMzk2Njd9.PkUDDocS7glw5HrHfs3QE9Xen1BkZqFzfnadTPBgrhw
request client ip:  ::ffff:127.0.0.1
request query:  {"token":"eyJhbGciOiJIUzI1NiIsInR5cCI6IkpXVCJ9.eyJkYXRhIjp7ImlkIjoiMDU3MjBlNmUtZWJlMy00MDM2LWI1NzUtZmYxZmEwYzZjYjM4IiwibmFtZSI6ImFkbWluIiwiZ2VuZGVyIjp0cnVlLCJlbWFpbCI6IjM3ODMzODYyN0BxcS5jb20ifSwiaWF0IjoxNTE2MTUzMjY3LCJleHAiOjE1MTYyMzk2Njd9.PkUDDocS7glw5HrHfs3QE9Xen1BkZqFzfnadTPBgrhw"}
response time: 88
response status: 200
response body: 
{"status":0,"data":[{"days":"20180115","count":10,"weekname":"星期一"},{"days":"20180116","count":5,"weekname":"星期二"},{"days":"20180117","count":0,"weekname":"星期三"},{"days":"20180118","count":0,"weekname":"星期四"},{"days":"20180119","count":0,"weekname":"星期五"},{"days":"20180120","count":0,"weekname":"星期六"},{"days":"20180121","count":0,"weekname":"星期日"}]}
*************** response log end ***************

[2018-01-18 08:49:33.564] [INFO] resLogger - 
*************** response log start ***************
request method: GET
request originalUrl:  /api/user/?token=eyJhbGciOiJIUzI1NiIsInR5cCI6IkpXVCJ9.eyJkYXRhIjp7ImlkIjoiMDU3MjBlNmUtZWJlMy00MDM2LWI1NzUtZmYxZmEwYzZjYjM4IiwibmFtZSI6ImFkbWluIiwiZ2VuZGVyIjp0cnVlLCJlbWFpbCI6IjM3ODMzODYyN0BxcS5jb20ifSwiaWF0IjoxNTE2MTUzMjY3LCJleHAiOjE1MTYyMzk2Njd9.PkUDDocS7glw5HrHfs3QE9Xen1BkZqFzfnadTPBgrhw
request client ip:  ::ffff:127.0.0.1
request query:  {"token":"eyJhbGciOiJIUzI1NiIsInR5cCI6IkpXVCJ9.eyJkYXRhIjp7ImlkIjoiMDU3MjBlNmUtZWJlMy00MDM2LWI1NzUtZmYxZmEwYzZjYjM4IiwibmFtZSI6ImFkbWluIiwiZ2VuZGVyIjp0cnVlLCJlbWFpbCI6IjM3ODMzODYyN0BxcS5jb20ifSwiaWF0IjoxNTE2MTUzMjY3LCJleHAiOjE1MTYyMzk2Njd9.PkUDDocS7glw5HrHfs3QE9Xen1BkZqFzfnadTPBgrhw"}
response time: 173
response status: 200
response body: 
{"status":0,"data":{"name":"admin","email":"378338627@qq.com","phone":"15822927208","password":"$2a$10$ZCz8FbSB13tB2jbZIaI13.kaTOEp236iyvOOtqgZf.m.RSqqgjheq","gender":true,"token":"eyJhbGciOiJIUzI1NiIsInR5cCI6IkpXVCJ9.eyJkYXRhIjp7ImlkIjoiMDU3MjBlNmUtZWJlMy00MDM2LWI1NzUtZmYxZmEwYzZjYjM4IiwibmFtZSI6ImFkbWluIiwiZ2VuZGVyIjp0cnVlLCJlbWFpbCI6IjM3ODMzODYyN0BxcS5jb20ifSwiaWF0IjoxNTE2MTUzMjY3LCJleHAiOjE1MTYyMzk2Njd9.PkUDDocS7glw5HrHfs3QE9Xen1BkZqFzfnadTPBgrhw","canLogin":true,"status":1,"id":"05720e6e-ebe3-4036-b575-ff1fa0c6cb38","createdAt":1515633151463,"updatedAt":1516153267169,"version":5}}
*************** response log end ***************

[2018-01-18 08:49:33.818] [INFO] resLogger - 
*************** response log start ***************
request method: GET
request originalUrl:  /api/operation/list/time/1516236573724?token=eyJhbGciOiJIUzI1NiIsInR5cCI6IkpXVCJ9.eyJkYXRhIjp7ImlkIjoiMDU3MjBlNmUtZWJlMy00MDM2LWI1NzUtZmYxZmEwYzZjYjM4IiwibmFtZSI6ImFkbWluIiwiZ2VuZGVyIjp0cnVlLCJlbWFpbCI6IjM3ODMzODYyN0BxcS5jb20ifSwiaWF0IjoxNTE2MTUzMjY3LCJleHAiOjE1MTYyMzk2Njd9.PkUDDocS7glw5HrHfs3QE9Xen1BkZqFzfnadTPBgrhw
request client ip:  ::ffff:127.0.0.1
request query:  {"token":"eyJhbGciOiJIUzI1NiIsInR5cCI6IkpXVCJ9.eyJkYXRhIjp7ImlkIjoiMDU3MjBlNmUtZWJlMy00MDM2LWI1NzUtZmYxZmEwYzZjYjM4IiwibmFtZSI6ImFkbWluIiwiZ2VuZGVyIjp0cnVlLCJlbWFpbCI6IjM3ODMzODYyN0BxcS5jb20ifSwiaWF0IjoxNTE2MTUzMjY3LCJleHAiOjE1MTYyMzk2Njd9.PkUDDocS7glw5HrHfs3QE9Xen1BkZqFzfnadTPBgrhw"}
response time: 71
response status: 200
response body: 
{"status":0,"data":[]}
*************** response log end ***************

[2018-01-18 08:49:33.870] [INFO] resLogger - 
*************** response log start ***************
request method: GET
request originalUrl:  /api/action/list/time/1516236573729?token=eyJhbGciOiJIUzI1NiIsInR5cCI6IkpXVCJ9.eyJkYXRhIjp7ImlkIjoiMDU3MjBlNmUtZWJlMy00MDM2LWI1NzUtZmYxZmEwYzZjYjM4IiwibmFtZSI6ImFkbWluIiwiZ2VuZGVyIjp0cnVlLCJlbWFpbCI6IjM3ODMzODYyN0BxcS5jb20ifSwiaWF0IjoxNTE2MTUzMjY3LCJleHAiOjE1MTYyMzk2Njd9.PkUDDocS7glw5HrHfs3QE9Xen1BkZqFzfnadTPBgrhw
request client ip:  ::ffff:127.0.0.1
request query:  {"token":"eyJhbGciOiJIUzI1NiIsInR5cCI6IkpXVCJ9.eyJkYXRhIjp7ImlkIjoiMDU3MjBlNmUtZWJlMy00MDM2LWI1NzUtZmYxZmEwYzZjYjM4IiwibmFtZSI6ImFkbWluIiwiZ2VuZGVyIjp0cnVlLCJlbWFpbCI6IjM3ODMzODYyN0BxcS5jb20ifSwiaWF0IjoxNTE2MTUzMjY3LCJleHAiOjE1MTYyMzk2Njd9.PkUDDocS7glw5HrHfs3QE9Xen1BkZqFzfnadTPBgrhw"}
response time: 49
response status: 200
response body: 
{"status":0,"data":[]}
*************** response log end ***************

[2018-01-18 08:49:33.877] [INFO] resLogger - 
*************** response log start ***************
request method: GET
request originalUrl:  /api/operation/list_week/time/1516236573733?token=eyJhbGciOiJIUzI1NiIsInR5cCI6IkpXVCJ9.eyJkYXRhIjp7ImlkIjoiMDU3MjBlNmUtZWJlMy00MDM2LWI1NzUtZmYxZmEwYzZjYjM4IiwibmFtZSI6ImFkbWluIiwiZ2VuZGVyIjp0cnVlLCJlbWFpbCI6IjM3ODMzODYyN0BxcS5jb20ifSwiaWF0IjoxNTE2MTUzMjY3LCJleHAiOjE1MTYyMzk2Njd9.PkUDDocS7glw5HrHfs3QE9Xen1BkZqFzfnadTPBgrhw
request client ip:  ::ffff:127.0.0.1
request query:  {"token":"eyJhbGciOiJIUzI1NiIsInR5cCI6IkpXVCJ9.eyJkYXRhIjp7ImlkIjoiMDU3MjBlNmUtZWJlMy00MDM2LWI1NzUtZmYxZmEwYzZjYjM4IiwibmFtZSI6ImFkbWluIiwiZ2VuZGVyIjp0cnVlLCJlbWFpbCI6IjM3ODMzODYyN0BxcS5jb20ifSwiaWF0IjoxNTE2MTUzMjY3LCJleHAiOjE1MTYyMzk2Njd9.PkUDDocS7glw5HrHfs3QE9Xen1BkZqFzfnadTPBgrhw"}
response time: 23
response status: 200
response body: 
{"status":0,"data":[{"days":"20180115","count":10,"weekname":"星期一"},{"days":"20180116","count":5,"weekname":"星期二"},{"days":"20180117","count":0,"weekname":"星期三"},{"days":"20180118","count":0,"weekname":"星期四"},{"days":"20180119","count":0,"weekname":"星期五"},{"days":"20180120","count":0,"weekname":"星期六"},{"days":"20180121","count":0,"weekname":"星期日"}]}
*************** response log end ***************

[2018-01-18 08:51:13.119] [INFO] resLogger - 
*************** response log start ***************
request method: GET
request originalUrl:  /api/user/?token=eyJhbGciOiJIUzI1NiIsInR5cCI6IkpXVCJ9.eyJkYXRhIjp7ImlkIjoiMDU3MjBlNmUtZWJlMy00MDM2LWI1NzUtZmYxZmEwYzZjYjM4IiwibmFtZSI6ImFkbWluIiwiZ2VuZGVyIjp0cnVlLCJlbWFpbCI6IjM3ODMzODYyN0BxcS5jb20ifSwiaWF0IjoxNTE2MTUzMjY3LCJleHAiOjE1MTYyMzk2Njd9.PkUDDocS7glw5HrHfs3QE9Xen1BkZqFzfnadTPBgrhw
request client ip:  ::ffff:127.0.0.1
request query:  {"token":"eyJhbGciOiJIUzI1NiIsInR5cCI6IkpXVCJ9.eyJkYXRhIjp7ImlkIjoiMDU3MjBlNmUtZWJlMy00MDM2LWI1NzUtZmYxZmEwYzZjYjM4IiwibmFtZSI6ImFkbWluIiwiZ2VuZGVyIjp0cnVlLCJlbWFpbCI6IjM3ODMzODYyN0BxcS5jb20ifSwiaWF0IjoxNTE2MTUzMjY3LCJleHAiOjE1MTYyMzk2Njd9.PkUDDocS7glw5HrHfs3QE9Xen1BkZqFzfnadTPBgrhw"}
response time: 32
response status: 200
response body: 
{"status":0,"data":{"name":"admin","email":"378338627@qq.com","phone":"15822927208","password":"$2a$10$ZCz8FbSB13tB2jbZIaI13.kaTOEp236iyvOOtqgZf.m.RSqqgjheq","gender":true,"token":"eyJhbGciOiJIUzI1NiIsInR5cCI6IkpXVCJ9.eyJkYXRhIjp7ImlkIjoiMDU3MjBlNmUtZWJlMy00MDM2LWI1NzUtZmYxZmEwYzZjYjM4IiwibmFtZSI6ImFkbWluIiwiZ2VuZGVyIjp0cnVlLCJlbWFpbCI6IjM3ODMzODYyN0BxcS5jb20ifSwiaWF0IjoxNTE2MTUzMjY3LCJleHAiOjE1MTYyMzk2Njd9.PkUDDocS7glw5HrHfs3QE9Xen1BkZqFzfnadTPBgrhw","canLogin":true,"status":1,"id":"05720e6e-ebe3-4036-b575-ff1fa0c6cb38","createdAt":1515633151463,"updatedAt":1516153267169,"version":5}}
*************** response log end ***************

[2018-01-18 08:51:13.424] [INFO] resLogger - 
*************** response log start ***************
request method: GET
request originalUrl:  /api/operation/list/time/1516236673347?token=eyJhbGciOiJIUzI1NiIsInR5cCI6IkpXVCJ9.eyJkYXRhIjp7ImlkIjoiMDU3MjBlNmUtZWJlMy00MDM2LWI1NzUtZmYxZmEwYzZjYjM4IiwibmFtZSI6ImFkbWluIiwiZ2VuZGVyIjp0cnVlLCJlbWFpbCI6IjM3ODMzODYyN0BxcS5jb20ifSwiaWF0IjoxNTE2MTUzMjY3LCJleHAiOjE1MTYyMzk2Njd9.PkUDDocS7glw5HrHfs3QE9Xen1BkZqFzfnadTPBgrhw
request client ip:  ::ffff:127.0.0.1
request query:  {"token":"eyJhbGciOiJIUzI1NiIsInR5cCI6IkpXVCJ9.eyJkYXRhIjp7ImlkIjoiMDU3MjBlNmUtZWJlMy00MDM2LWI1NzUtZmYxZmEwYzZjYjM4IiwibmFtZSI6ImFkbWluIiwiZ2VuZGVyIjp0cnVlLCJlbWFpbCI6IjM3ODMzODYyN0BxcS5jb20ifSwiaWF0IjoxNTE2MTUzMjY3LCJleHAiOjE1MTYyMzk2Njd9.PkUDDocS7glw5HrHfs3QE9Xen1BkZqFzfnadTPBgrhw"}
response time: 62
response status: 200
response body: 
{"status":0,"data":[]}
*************** response log end ***************

[2018-01-18 08:51:13.444] [INFO] resLogger - 
*************** response log start ***************
request method: GET
request originalUrl:  /api/action/list/time/1516236673353?token=eyJhbGciOiJIUzI1NiIsInR5cCI6IkpXVCJ9.eyJkYXRhIjp7ImlkIjoiMDU3MjBlNmUtZWJlMy00MDM2LWI1NzUtZmYxZmEwYzZjYjM4IiwibmFtZSI6ImFkbWluIiwiZ2VuZGVyIjp0cnVlLCJlbWFpbCI6IjM3ODMzODYyN0BxcS5jb20ifSwiaWF0IjoxNTE2MTUzMjY3LCJleHAiOjE1MTYyMzk2Njd9.PkUDDocS7glw5HrHfs3QE9Xen1BkZqFzfnadTPBgrhw
request client ip:  ::ffff:127.0.0.1
request query:  {"token":"eyJhbGciOiJIUzI1NiIsInR5cCI6IkpXVCJ9.eyJkYXRhIjp7ImlkIjoiMDU3MjBlNmUtZWJlMy00MDM2LWI1NzUtZmYxZmEwYzZjYjM4IiwibmFtZSI6ImFkbWluIiwiZ2VuZGVyIjp0cnVlLCJlbWFpbCI6IjM3ODMzODYyN0BxcS5jb20ifSwiaWF0IjoxNTE2MTUzMjY3LCJleHAiOjE1MTYyMzk2Njd9.PkUDDocS7glw5HrHfs3QE9Xen1BkZqFzfnadTPBgrhw"}
response time: 51
response status: 200
response body: 
{"status":0,"data":[]}
*************** response log end ***************

[2018-01-18 08:51:13.450] [INFO] resLogger - 
*************** response log start ***************
request method: GET
request originalUrl:  /api/operation/list_week/time/1516236673357?token=eyJhbGciOiJIUzI1NiIsInR5cCI6IkpXVCJ9.eyJkYXRhIjp7ImlkIjoiMDU3MjBlNmUtZWJlMy00MDM2LWI1NzUtZmYxZmEwYzZjYjM4IiwibmFtZSI6ImFkbWluIiwiZ2VuZGVyIjp0cnVlLCJlbWFpbCI6IjM3ODMzODYyN0BxcS5jb20ifSwiaWF0IjoxNTE2MTUzMjY3LCJleHAiOjE1MTYyMzk2Njd9.PkUDDocS7glw5HrHfs3QE9Xen1BkZqFzfnadTPBgrhw
request client ip:  ::ffff:127.0.0.1
request query:  {"token":"eyJhbGciOiJIUzI1NiIsInR5cCI6IkpXVCJ9.eyJkYXRhIjp7ImlkIjoiMDU3MjBlNmUtZWJlMy00MDM2LWI1NzUtZmYxZmEwYzZjYjM4IiwibmFtZSI6ImFkbWluIiwiZ2VuZGVyIjp0cnVlLCJlbWFpbCI6IjM3ODMzODYyN0BxcS5jb20ifSwiaWF0IjoxNTE2MTUzMjY3LCJleHAiOjE1MTYyMzk2Njd9.PkUDDocS7glw5HrHfs3QE9Xen1BkZqFzfnadTPBgrhw"}
response time: 25
response status: 200
response body: 
{"status":0,"data":[{"days":"20180115","count":10,"weekname":"星期一"},{"days":"20180116","count":5,"weekname":"星期二"},{"days":"20180117","count":0,"weekname":"星期三"},{"days":"20180118","count":0,"weekname":"星期四"},{"days":"20180119","count":0,"weekname":"星期五"},{"days":"20180120","count":0,"weekname":"星期六"},{"days":"20180121","count":0,"weekname":"星期日"}]}
*************** response log end ***************

