[2018-01-08 14:05:09.201] [INFO] resLogger - 
*************** response log start ***************
request method: GET
request originalUrl:  /api/user/?token=eyJhbGciOiJIUzI1NiIsInR5cCI6IkpXVCJ9.eyJkYXRhIjp7ImlkIjoiY2I1OGE3NGMtN2Y2Yy00NjgzLTgxZmUtNGEyZWRiZDc5OGRhIiwibmFtZSI6ImFkbWluIiwiZ2VuZGVyIjp0cnVlLCJlbWFpbCI6IjM3ODMzODYyN0BxcS5jb20ifSwiaWF0IjoxNTE1MzcxNzA5LCJleHAiOjE1MTU0NTgxMDl9.D2U6WLyHBiCRnoBMeELYrQi-ZXiMq8xHkyaYDFS9C6U
request client ip:  ::ffff:127.0.0.1
request query:  {"token":"eyJhbGciOiJIUzI1NiIsInR5cCI6IkpXVCJ9.eyJkYXRhIjp7ImlkIjoiY2I1OGE3NGMtN2Y2Yy00NjgzLTgxZmUtNGEyZWRiZDc5OGRhIiwibmFtZSI6ImFkbWluIiwiZ2VuZGVyIjp0cnVlLCJlbWFpbCI6IjM3ODMzODYyN0BxcS5jb20ifSwiaWF0IjoxNTE1MzcxNzA5LCJleHAiOjE1MTU0NTgxMDl9.D2U6WLyHBiCRnoBMeELYrQi-ZXiMq8xHkyaYDFS9C6U"}
response time: 759
response status: 200
response body: 
{"name":"userNotExist","status":10001,"message":"用户不存在！"}
*************** response log end ***************

[2018-01-08 14:05:13.315] [INFO] resLogger - 
*************** response log start ***************
request method: OPTIONS
request originalUrl:  /api/user/login
request client ip:  ::ffff:127.0.0.1
request body: 
{}
response time: 2
response status: 204
response body: 
undefined
*************** response log end ***************

[2018-01-08 14:05:13.835] [INFO] resLogger - 
*************** response log start ***************
request method: POST
request originalUrl:  /api/user/login
request client ip:  ::ffff:127.0.0.1
request body: 
{"username":"admin","password":"11"}
response time: 147
response status: 200
response body: 
{"name":"userPswError","status":10002,"message":"密码错误！"}
*************** response log end ***************

[2018-01-08 14:05:30.150] [INFO] resLogger - 
*************** response log start ***************
request method: OPTIONS
request originalUrl:  /api/user/login
request client ip:  ::ffff:127.0.0.1
request body: 
{}
response time: 1
response status: 204
response body: 
undefined
*************** response log end ***************

[2018-01-08 14:05:30.365] [INFO] resLogger - 
*************** response log start ***************
request method: POST
request originalUrl:  /api/user/login
request client ip:  ::ffff:127.0.0.1
request body: 
{"username":"admin","password":"123456"}
response time: 207
response status: 200
response body: 
{"name":"userPswError","status":10002,"message":"密码错误！"}
*************** response log end ***************

[2018-01-08 14:05:34.293] [INFO] resLogger - 
*************** response log start ***************
request method: POST
request originalUrl:  /api/user/login
request client ip:  ::ffff:127.0.0.1
request body: 
{"username":"admin","password":"admin"}
response time: 353
response status: 200
response body: 
{"status":0,"data":{"name":"admin","email":"378338627@qq.com","phone":"15822927208","password":"$2a$10$oJKiJpkiYqYjZ39IzIsYleibCvzhCJTjENOzxjG6wIB/rlSP9B63m","gender":true,"token":"eyJhbGciOiJIUzI1NiIsInR5cCI6IkpXVCJ9.eyJkYXRhIjp7ImlkIjoiYTFjNmExYjAtNjdhZC00ZGExLWJmYzAtNDkyNmQwMzEwNTg2IiwibmFtZSI6ImFkbWluIiwiZ2VuZGVyIjp0cnVlLCJlbWFpbCI6IjM3ODMzODYyN0BxcS5jb20ifSwiaWF0IjoxNTE1MzkxNTM0LCJleHAiOjE1MTU0Nzc5MzR9.xTSO5LjXlLw_mnRLgi5wgRP0nlwIEHF94Df3w-ZjsDU","canLogin":true,"status":1,"id":"a1c6a1b0-67ad-4da1-bfc0-4926d0310586","createdAt":1515391002905,"updatedAt":1515391534203,"version":1},"message":"登录成功！"}
*************** response log end ***************

[2018-01-08 14:05:36.408] [INFO] resLogger - 
*************** response log start ***************
request method: GET
request originalUrl:  /api/user/?token=eyJhbGciOiJIUzI1NiIsInR5cCI6IkpXVCJ9.eyJkYXRhIjp7ImlkIjoiYTFjNmExYjAtNjdhZC00ZGExLWJmYzAtNDkyNmQwMzEwNTg2IiwibmFtZSI6ImFkbWluIiwiZ2VuZGVyIjp0cnVlLCJlbWFpbCI6IjM3ODMzODYyN0BxcS5jb20ifSwiaWF0IjoxNTE1MzkxNTM0LCJleHAiOjE1MTU0Nzc5MzR9.xTSO5LjXlLw_mnRLgi5wgRP0nlwIEHF94Df3w-ZjsDU
request client ip:  ::ffff:127.0.0.1
request query:  {"token":"eyJhbGciOiJIUzI1NiIsInR5cCI6IkpXVCJ9.eyJkYXRhIjp7ImlkIjoiYTFjNmExYjAtNjdhZC00ZGExLWJmYzAtNDkyNmQwMzEwNTg2IiwibmFtZSI6ImFkbWluIiwiZ2VuZGVyIjp0cnVlLCJlbWFpbCI6IjM3ODMzODYyN0BxcS5jb20ifSwiaWF0IjoxNTE1MzkxNTM0LCJleHAiOjE1MTU0Nzc5MzR9.xTSO5LjXlLw_mnRLgi5wgRP0nlwIEHF94Df3w-ZjsDU"}
response time: 43
response status: 200
response body: 
{"status":0,"data":{"name":"admin","email":"378338627@qq.com","phone":"15822927208","password":"$2a$10$oJKiJpkiYqYjZ39IzIsYleibCvzhCJTjENOzxjG6wIB/rlSP9B63m","gender":true,"token":"eyJhbGciOiJIUzI1NiIsInR5cCI6IkpXVCJ9.eyJkYXRhIjp7ImlkIjoiYTFjNmExYjAtNjdhZC00ZGExLWJmYzAtNDkyNmQwMzEwNTg2IiwibmFtZSI6ImFkbWluIiwiZ2VuZGVyIjp0cnVlLCJlbWFpbCI6IjM3ODMzODYyN0BxcS5jb20ifSwiaWF0IjoxNTE1MzkxNTM0LCJleHAiOjE1MTU0Nzc5MzR9.xTSO5LjXlLw_mnRLgi5wgRP0nlwIEHF94Df3w-ZjsDU","canLogin":true,"status":1,"id":"a1c6a1b0-67ad-4da1-bfc0-4926d0310586","createdAt":1515391002905,"updatedAt":1515391534203,"version":1}}
*************** response log end ***************

[2018-01-08 14:05:36.628] [INFO] resLogger - 
*************** response log start ***************
request method: GET
request originalUrl:  /api/corporations/4c818c61-7b50-44f4-a434-807a20756393?token=eyJhbGciOiJIUzI1NiIsInR5cCI6IkpXVCJ9.eyJkYXRhIjp7ImlkIjoiYTFjNmExYjAtNjdhZC00ZGExLWJmYzAtNDkyNmQwMzEwNTg2IiwibmFtZSI6ImFkbWluIiwiZ2VuZGVyIjp0cnVlLCJlbWFpbCI6IjM3ODMzODYyN0BxcS5jb20ifSwiaWF0IjoxNTE1MzkxNTM0LCJleHAiOjE1MTU0Nzc5MzR9.xTSO5LjXlLw_mnRLgi5wgRP0nlwIEHF94Df3w-ZjsDU
request client ip:  ::ffff:127.0.0.1
request query:  {"token":"eyJhbGciOiJIUzI1NiIsInR5cCI6IkpXVCJ9.eyJkYXRhIjp7ImlkIjoiYTFjNmExYjAtNjdhZC00ZGExLWJmYzAtNDkyNmQwMzEwNTg2IiwibmFtZSI6ImFkbWluIiwiZ2VuZGVyIjp0cnVlLCJlbWFpbCI6IjM3ODMzODYyN0BxcS5jb20ifSwiaWF0IjoxNTE1MzkxNTM0LCJleHAiOjE1MTU0Nzc5MzR9.xTSO5LjXlLw_mnRLgi5wgRP0nlwIEHF94Df3w-ZjsDU"}
response time: 128
response status: 200
response body: 
{"name":"CorporationNotExist","status":92003,"message":"公司信息不存在！"}
*************** response log end ***************

[2018-01-08 14:05:37.149] [INFO] resLogger - 
*************** response log start ***************
request method: GET
request originalUrl:  /api/corpBuildings/list/4c818c61-7b50-44f4-a434-807a20756393?token=eyJhbGciOiJIUzI1NiIsInR5cCI6IkpXVCJ9.eyJkYXRhIjp7ImlkIjoiYTFjNmExYjAtNjdhZC00ZGExLWJmYzAtNDkyNmQwMzEwNTg2IiwibmFtZSI6ImFkbWluIiwiZ2VuZGVyIjp0cnVlLCJlbWFpbCI6IjM3ODMzODYyN0BxcS5jb20ifSwiaWF0IjoxNTE1MzkxNTM0LCJleHAiOjE1MTU0Nzc5MzR9.xTSO5LjXlLw_mnRLgi5wgRP0nlwIEHF94Df3w-ZjsDU
request client ip:  ::ffff:127.0.0.1
request query:  {"token":"eyJhbGciOiJIUzI1NiIsInR5cCI6IkpXVCJ9.eyJkYXRhIjp7ImlkIjoiYTFjNmExYjAtNjdhZC00ZGExLWJmYzAtNDkyNmQwMzEwNTg2IiwibmFtZSI6ImFkbWluIiwiZ2VuZGVyIjp0cnVlLCJlbWFpbCI6IjM3ODMzODYyN0BxcS5jb20ifSwiaWF0IjoxNTE1MzkxNTM0LCJleHAiOjE1MTU0Nzc5MzR9.xTSO5LjXlLw_mnRLgi5wgRP0nlwIEHF94Df3w-ZjsDU"}
response time: 507
response status: 200
response body: 
{"status":0,"data":[],"total":0}
*************** response log end ***************

[2018-01-08 14:05:37.242] [INFO] resLogger - 
*************** response log start ***************
request method: GET
request originalUrl:  /api/buildings/list?token=eyJhbGciOiJIUzI1NiIsInR5cCI6IkpXVCJ9.eyJkYXRhIjp7ImlkIjoiYTFjNmExYjAtNjdhZC00ZGExLWJmYzAtNDkyNmQwMzEwNTg2IiwibmFtZSI6ImFkbWluIiwiZ2VuZGVyIjp0cnVlLCJlbWFpbCI6IjM3ODMzODYyN0BxcS5jb20ifSwiaWF0IjoxNTE1MzkxNTM0LCJleHAiOjE1MTU0Nzc5MzR9.xTSO5LjXlLw_mnRLgi5wgRP0nlwIEHF94Df3w-ZjsDU
request client ip:  ::ffff:127.0.0.1
request query:  {"token":"eyJhbGciOiJIUzI1NiIsInR5cCI6IkpXVCJ9.eyJkYXRhIjp7ImlkIjoiYTFjNmExYjAtNjdhZC00ZGExLWJmYzAtNDkyNmQwMzEwNTg2IiwibmFtZSI6ImFkbWluIiwiZ2VuZGVyIjp0cnVlLCJlbWFpbCI6IjM3ODMzODYyN0BxcS5jb20ifSwiaWF0IjoxNTE1MzkxNTM0LCJleHAiOjE1MTU0Nzc5MzR9.xTSO5LjXlLw_mnRLgi5wgRP0nlwIEHF94Df3w-ZjsDU"}
response time: 567
response status: 200
response body: 
{"status":0,"data":[{"name":"海泰创业园1号楼","address":"海泰创业园","minfloor":1,"maxfloor":4,"status":1,"id":"b47dd0c3-ea17-427c-a215-b8ab09ffb51c","createdAt":1515391003612,"updatedAt":1515391003612,"version":0},{"name":"商务大厦北楼","address":"北","minfloor":1,"maxfloor":15,"status":1,"id":"f1f964f0-fd63-4bed-ba55-bb5d80f8683f","createdAt":1515391003537,"updatedAt":1515391003537,"version":0},{"name":"商务大厦南楼","address":"南","minfloor":1,"maxfloor":15,"status":1,"id":"54b61917-5944-49a6-bedf-63a2850d4649","createdAt":1515391003423,"updatedAt":1515391003423,"version":0}],"total":3}
*************** response log end ***************

[2018-01-08 14:05:37.381] [INFO] resLogger - 
*************** response log start ***************
request method: GET
request originalUrl:  /api/groups/list?token=eyJhbGciOiJIUzI1NiIsInR5cCI6IkpXVCJ9.eyJkYXRhIjp7ImlkIjoiYTFjNmExYjAtNjdhZC00ZGExLWJmYzAtNDkyNmQwMzEwNTg2IiwibmFtZSI6ImFkbWluIiwiZ2VuZGVyIjp0cnVlLCJlbWFpbCI6IjM3ODMzODYyN0BxcS5jb20ifSwiaWF0IjoxNTE1MzkxNTM0LCJleHAiOjE1MTU0Nzc5MzR9.xTSO5LjXlLw_mnRLgi5wgRP0nlwIEHF94Df3w-ZjsDU
request client ip:  ::ffff:127.0.0.1
request query:  {"token":"eyJhbGciOiJIUzI1NiIsInR5cCI6IkpXVCJ9.eyJkYXRhIjp7ImlkIjoiYTFjNmExYjAtNjdhZC00ZGExLWJmYzAtNDkyNmQwMzEwNTg2IiwibmFtZSI6ImFkbWluIiwiZ2VuZGVyIjp0cnVlLCJlbWFpbCI6IjM3ODMzODYyN0BxcS5jb20ifSwiaWF0IjoxNTE1MzkxNTM0LCJleHAiOjE1MTU0Nzc5MzR9.xTSO5LjXlLw_mnRLgi5wgRP0nlwIEHF94Df3w-ZjsDU"}
response time: 752
response status: 200
response body: 
{"status":0,"data":[{"name":"控股","description":"group2","status":1,"id":"0478b0a8-0fc4-45e8-94fe-5fe65cd1e9bc","createdAt":1515391003317,"updatedAt":1515391003317,"version":0},{"name":"管委会","description":"group1","status":1,"id":"f7eb1b39-792e-4646-84f0-ee1b23d09b8e","createdAt":1515391002908,"updatedAt":1515391002908,"version":0}],"total":2}
*************** response log end ***************

[2018-01-08 14:05:37.486] [INFO] resLogger - 
*************** response log start ***************
request method: GET
request originalUrl:  /api/corporations/list/page/1?token=eyJhbGciOiJIUzI1NiIsInR5cCI6IkpXVCJ9.eyJkYXRhIjp7ImlkIjoiYTFjNmExYjAtNjdhZC00ZGExLWJmYzAtNDkyNmQwMzEwNTg2IiwibmFtZSI6ImFkbWluIiwiZ2VuZGVyIjp0cnVlLCJlbWFpbCI6IjM3ODMzODYyN0BxcS5jb20ifSwiaWF0IjoxNTE1MzkxNTM0LCJleHAiOjE1MTU0Nzc5MzR9.xTSO5LjXlLw_mnRLgi5wgRP0nlwIEHF94Df3w-ZjsDU
request client ip:  ::ffff:127.0.0.1
request query:  {"token":"eyJhbGciOiJIUzI1NiIsInR5cCI6IkpXVCJ9.eyJkYXRhIjp7ImlkIjoiYTFjNmExYjAtNjdhZC00ZGExLWJmYzAtNDkyNmQwMzEwNTg2IiwibmFtZSI6ImFkbWluIiwiZ2VuZGVyIjp0cnVlLCJlbWFpbCI6IjM3ODMzODYyN0BxcS5jb20ifSwiaWF0IjoxNTE1MzkxNTM0LCJleHAiOjE1MTU0Nzc5MzR9.xTSO5LjXlLw_mnRLgi5wgRP0nlwIEHF94Df3w-ZjsDU"}
response time: 546
response status: 200
response body: 
{"status":0,"data":[{"name":"管委会办公室","description":"管委会办公室","status":1,"groupId":"f7eb1b39-792e-4646-84f0-ee1b23d09b8e","id":"cf6487ac-5c84-4c1b-888c-826cf8fae16f","createdAt":1515391006054,"updatedAt":1515391006054,"version":0,"group":{"name":"管委会","description":"group1","status":1,"id":"f7eb1b39-792e-4646-84f0-ee1b23d09b8e","createdAt":1515391002908,"updatedAt":1515391002908,"version":0}},{"name":"社发局","description":"社发局","status":1,"groupId":"f7eb1b39-792e-4646-84f0-ee1b23d09b8e","id":"eb4fcb06-77c5-4799-9a15-e551f0889c7d","createdAt":1515391005853,"updatedAt":1515391005853,"version":0,"group":{"name":"管委会","description":"group1","status":1,"id":"f7eb1b39-792e-4646-84f0-ee1b23d09b8e","createdAt":1515391002908,"updatedAt":1515391002908,"version":0}},{"name":"人社局","description":"人社局","status":1,"groupId":"f7eb1b39-792e-4646-84f0-ee1b23d09b8e","id":"357eb0aa-3b04-4080-b408-598c921b8e05","createdAt":1515391005702,"updatedAt":1515391005702,"version":0,"group":{"name":"管委会","description":"group1","status":1,"id":"f7eb1b39-792e-4646-84f0-ee1b23d09b8e","createdAt":1515391002908,"updatedAt":1515391002908,"version":0}},{"name":"经发局","description":"经发局","status":1,"groupId":"f7eb1b39-792e-4646-84f0-ee1b23d09b8e","id":"8a45dd01-f173-4101-b145-9f975e526be2","createdAt":1515391005546,"updatedAt":1515391005546,"version":0,"group":{"name":"管委会","description":"group1","status":1,"id":"f7eb1b39-792e-4646-84f0-ee1b23d09b8e","createdAt":1515391002908,"updatedAt":1515391002908,"version":0}},{"name":"财政局","description":"财政局","status":1,"groupId":"f7eb1b39-792e-4646-84f0-ee1b23d09b8e","id":"68afb67d-1bcf-4714-ae95-3f15bc4a394c","createdAt":1515391005396,"updatedAt":1515391005396,"version":0,"group":{"name":"管委会","description":"group1","status":1,"id":"f7eb1b39-792e-4646-84f0-ee1b23d09b8e","createdAt":1515391002908,"updatedAt":1515391002908,"version":0}},{"name":"建设公司","description":"建设公司","status":1,"groupId":"0478b0a8-0fc4-45e8-94fe-5fe65cd1e9bc","id":"b2b034ba-2626-4f48-9c78-c33eaf32670a","createdAt":1515391004865,"updatedAt":1515391004865,"version":0,"group":{"name":"控股","description":"group2","status":1,"id":"0478b0a8-0fc4-45e8-94fe-5fe65cd1e9bc","createdAt":1515391003317,"updatedAt":1515391003317,"version":0}},{"name":"公共事业公司","description":"公共事业公司","status":1,"groupId":"0478b0a8-0fc4-45e8-94fe-5fe65cd1e9bc","id":"2337e8e1-1e12-4e18-ad10-6b145ea5eabb","createdAt":1515391004793,"updatedAt":1515391004793,"version":0,"group":{"name":"控股","description":"group2","status":1,"id":"0478b0a8-0fc4-45e8-94fe-5fe65cd1e9bc","createdAt":1515391003317,"updatedAt":1515391003317,"version":0}},{"name":"融资租赁公司","description":"融资租赁公司","status":1,"groupId":"0478b0a8-0fc4-45e8-94fe-5fe65cd1e9bc","id":"75cd1e6f-bfe7-4519-a927-9ececc218a1f","createdAt":1515391004683,"updatedAt":1515391004683,"version":0,"group":{"name":"控股","description":"group2","status":1,"id":"0478b0a8-0fc4-45e8-94fe-5fe65cd1e9bc","createdAt":1515391003317,"updatedAt":1515391003317,"version":0}},{"name":"控股公司","description":"控股公司","status":1,"groupId":"0478b0a8-0fc4-45e8-94fe-5fe65cd1e9bc","id":"17bb0ac7-400e-4750-b67b-14395ad39cb3","createdAt":1515391004612,"updatedAt":1515391004612,"version":0,"group":{"name":"控股","description":"group2","status":1,"id":"0478b0a8-0fc4-45e8-94fe-5fe65cd1e9bc","createdAt":1515391003317,"updatedAt":1515391003317,"version":0}},{"name":"安环局","description":"安环局","status":1,"groupId":"f7eb1b39-792e-4646-84f0-ee1b23d09b8e","id":"a045f178-e935-460a-afe9-9c629e69a5b2","createdAt":1515391004415,"updatedAt":1515391004415,"version":0,"group":{"name":"管委会","description":"group1","status":1,"id":"f7eb1b39-792e-4646-84f0-ee1b23d09b8e","createdAt":1515391002908,"updatedAt":1515391002908,"version":0}},{"name":"建规局","description":"建规局","status":1,"groupId":"f7eb1b39-792e-4646-84f0-ee1b23d09b8e","id":"0986167a-0899-418a-985a-6277698a2c2d","createdAt":1515391004218,"updatedAt":1515391004218,"version":0,"group":{"name":"管委会","description":"group1","status":1,"id":"f7eb1b39-792e-4646-84f0-ee1b23d09b8e","createdAt":1515391002908,"updatedAt":1515391002908,"version":0}},{"name":"投促局","description":"投促局","status":1,"groupId":"f7eb1b39-792e-4646-84f0-ee1b23d09b8e","id":"57532adb-8352-4f12-9d7b-1dba2809cf9a","createdAt":1515391003900,"updatedAt":1515391003900,"version":0,"group":{"name":"管委会","description":"group1","status":1,"id":"f7eb1b39-792e-4646-84f0-ee1b23d09b8e","createdAt":1515391002908,"updatedAt":1515391002908,"version":0}},{"name":"审批服务大厅","description":"审批中心","status":1,"groupId":"f7eb1b39-792e-4646-84f0-ee1b23d09b8e","id":"dea2b82d-3f4a-4c73-ab78-522cd44ddb7f","createdAt":1515391003733,"updatedAt":1515391003733,"version":0,"group":{"name":"管委会","description":"group1","status":1,"id":"f7eb1b39-792e-4646-84f0-ee1b23d09b8e","createdAt":1515391002908,"updatedAt":1515391002908,"version":0}}],"total":13}
*************** response log end ***************

[2018-01-08 14:05:52.765] [INFO] resLogger - 
*************** response log start ***************
request method: GET
request originalUrl:  /api/corporations/2337e8e1-1e12-4e18-ad10-6b145ea5eabb?token=eyJhbGciOiJIUzI1NiIsInR5cCI6IkpXVCJ9.eyJkYXRhIjp7ImlkIjoiYTFjNmExYjAtNjdhZC00ZGExLWJmYzAtNDkyNmQwMzEwNTg2IiwibmFtZSI6ImFkbWluIiwiZ2VuZGVyIjp0cnVlLCJlbWFpbCI6IjM3ODMzODYyN0BxcS5jb20ifSwiaWF0IjoxNTE1MzkxNTM0LCJleHAiOjE1MTU0Nzc5MzR9.xTSO5LjXlLw_mnRLgi5wgRP0nlwIEHF94Df3w-ZjsDU
request client ip:  ::ffff:127.0.0.1
request query:  {"token":"eyJhbGciOiJIUzI1NiIsInR5cCI6IkpXVCJ9.eyJkYXRhIjp7ImlkIjoiYTFjNmExYjAtNjdhZC00ZGExLWJmYzAtNDkyNmQwMzEwNTg2IiwibmFtZSI6ImFkbWluIiwiZ2VuZGVyIjp0cnVlLCJlbWFpbCI6IjM3ODMzODYyN0BxcS5jb20ifSwiaWF0IjoxNTE1MzkxNTM0LCJleHAiOjE1MTU0Nzc5MzR9.xTSO5LjXlLw_mnRLgi5wgRP0nlwIEHF94Df3w-ZjsDU"}
response time: 246
response status: 200
response body: 
{"status":0,"data":{"name":"公共事业公司","description":"公共事业公司","status":1,"groupId":"0478b0a8-0fc4-45e8-94fe-5fe65cd1e9bc","id":"2337e8e1-1e12-4e18-ad10-6b145ea5eabb","createdAt":1515391004793,"updatedAt":1515391004793,"version":0,"group":{"name":"控股","description":"group2","status":1,"id":"0478b0a8-0fc4-45e8-94fe-5fe65cd1e9bc","createdAt":1515391003317,"updatedAt":1515391003317,"version":0}}}
*************** response log end ***************

[2018-01-08 14:05:52.893] [INFO] resLogger - 
*************** response log start ***************
request method: GET
request originalUrl:  /api/groups/list?token=eyJhbGciOiJIUzI1NiIsInR5cCI6IkpXVCJ9.eyJkYXRhIjp7ImlkIjoiYTFjNmExYjAtNjdhZC00ZGExLWJmYzAtNDkyNmQwMzEwNTg2IiwibmFtZSI6ImFkbWluIiwiZ2VuZGVyIjp0cnVlLCJlbWFpbCI6IjM3ODMzODYyN0BxcS5jb20ifSwiaWF0IjoxNTE1MzkxNTM0LCJleHAiOjE1MTU0Nzc5MzR9.xTSO5LjXlLw_mnRLgi5wgRP0nlwIEHF94Df3w-ZjsDU
request client ip:  ::ffff:127.0.0.1
request query:  {"token":"eyJhbGciOiJIUzI1NiIsInR5cCI6IkpXVCJ9.eyJkYXRhIjp7ImlkIjoiYTFjNmExYjAtNjdhZC00ZGExLWJmYzAtNDkyNmQwMzEwNTg2IiwibmFtZSI6ImFkbWluIiwiZ2VuZGVyIjp0cnVlLCJlbWFpbCI6IjM3ODMzODYyN0BxcS5jb20ifSwiaWF0IjoxNTE1MzkxNTM0LCJleHAiOjE1MTU0Nzc5MzR9.xTSO5LjXlLw_mnRLgi5wgRP0nlwIEHF94Df3w-ZjsDU"}
response time: 306
response status: 200
response body: 
{"status":0,"data":[{"name":"控股","description":"group2","status":1,"id":"0478b0a8-0fc4-45e8-94fe-5fe65cd1e9bc","createdAt":1515391003317,"updatedAt":1515391003317,"version":0},{"name":"管委会","description":"group1","status":1,"id":"f7eb1b39-792e-4646-84f0-ee1b23d09b8e","createdAt":1515391002908,"updatedAt":1515391002908,"version":0}],"total":2}
*************** response log end ***************

[2018-01-08 14:05:52.894] [INFO] resLogger - 
*************** response log start ***************
request method: GET
request originalUrl:  /api/corpBuildings/list/2337e8e1-1e12-4e18-ad10-6b145ea5eabb?token=eyJhbGciOiJIUzI1NiIsInR5cCI6IkpXVCJ9.eyJkYXRhIjp7ImlkIjoiYTFjNmExYjAtNjdhZC00ZGExLWJmYzAtNDkyNmQwMzEwNTg2IiwibmFtZSI6ImFkbWluIiwiZ2VuZGVyIjp0cnVlLCJlbWFpbCI6IjM3ODMzODYyN0BxcS5jb20ifSwiaWF0IjoxNTE1MzkxNTM0LCJleHAiOjE1MTU0Nzc5MzR9.xTSO5LjXlLw_mnRLgi5wgRP0nlwIEHF94Df3w-ZjsDU
request client ip:  ::ffff:127.0.0.1
request query:  {"token":"eyJhbGciOiJIUzI1NiIsInR5cCI6IkpXVCJ9.eyJkYXRhIjp7ImlkIjoiYTFjNmExYjAtNjdhZC00ZGExLWJmYzAtNDkyNmQwMzEwNTg2IiwibmFtZSI6ImFkbWluIiwiZ2VuZGVyIjp0cnVlLCJlbWFpbCI6IjM3ODMzODYyN0BxcS5jb20ifSwiaWF0IjoxNTE1MzkxNTM0LCJleHAiOjE1MTU0Nzc5MzR9.xTSO5LjXlLw_mnRLgi5wgRP0nlwIEHF94Df3w-ZjsDU"}
response time: 256
response status: 200
response body: 
{"status":0,"data":[{"corporationId":"2337e8e1-1e12-4e18-ad10-6b145ea5eabb","buildingId":"f1f964f0-fd63-4bed-ba55-bb5d80f8683f","floor":6,"position":"E","status":1,"id":"67914e1e-7cea-4110-a9f8-0d97214c65f2","createdAt":1515391005166,"updatedAt":1515391005166,"version":0,"building":{"name":"商务大厦北楼","address":"北","minfloor":1,"maxfloor":15,"status":1,"id":"f1f964f0-fd63-4bed-ba55-bb5d80f8683f","createdAt":1515391003537,"updatedAt":1515391003537,"version":0}}],"total":0}
*************** response log end ***************

[2018-01-08 14:05:52.911] [INFO] resLogger - 
*************** response log start ***************
request method: GET
request originalUrl:  /api/buildings/list?token=eyJhbGciOiJIUzI1NiIsInR5cCI6IkpXVCJ9.eyJkYXRhIjp7ImlkIjoiYTFjNmExYjAtNjdhZC00ZGExLWJmYzAtNDkyNmQwMzEwNTg2IiwibmFtZSI6ImFkbWluIiwiZ2VuZGVyIjp0cnVlLCJlbWFpbCI6IjM3ODMzODYyN0BxcS5jb20ifSwiaWF0IjoxNTE1MzkxNTM0LCJleHAiOjE1MTU0Nzc5MzR9.xTSO5LjXlLw_mnRLgi5wgRP0nlwIEHF94Df3w-ZjsDU
request client ip:  ::ffff:127.0.0.1
request query:  {"token":"eyJhbGciOiJIUzI1NiIsInR5cCI6IkpXVCJ9.eyJkYXRhIjp7ImlkIjoiYTFjNmExYjAtNjdhZC00ZGExLWJmYzAtNDkyNmQwMzEwNTg2IiwibmFtZSI6ImFkbWluIiwiZ2VuZGVyIjp0cnVlLCJlbWFpbCI6IjM3ODMzODYyN0BxcS5jb20ifSwiaWF0IjoxNTE1MzkxNTM0LCJleHAiOjE1MTU0Nzc5MzR9.xTSO5LjXlLw_mnRLgi5wgRP0nlwIEHF94Df3w-ZjsDU"}
response time: 256
response status: 200
response body: 
{"status":0,"data":[{"name":"海泰创业园1号楼","address":"海泰创业园","minfloor":1,"maxfloor":4,"status":1,"id":"b47dd0c3-ea17-427c-a215-b8ab09ffb51c","createdAt":1515391003612,"updatedAt":1515391003612,"version":0},{"name":"商务大厦北楼","address":"北","minfloor":1,"maxfloor":15,"status":1,"id":"f1f964f0-fd63-4bed-ba55-bb5d80f8683f","createdAt":1515391003537,"updatedAt":1515391003537,"version":0},{"name":"商务大厦南楼","address":"南","minfloor":1,"maxfloor":15,"status":1,"id":"54b61917-5944-49a6-bedf-63a2850d4649","createdAt":1515391003423,"updatedAt":1515391003423,"version":0}],"total":3}
*************** response log end ***************

[2018-01-08 14:05:55.060] [INFO] resLogger - 
*************** response log start ***************
request method: GET
request originalUrl:  /api/corporations/list/page/1?token=eyJhbGciOiJIUzI1NiIsInR5cCI6IkpXVCJ9.eyJkYXRhIjp7ImlkIjoiYTFjNmExYjAtNjdhZC00ZGExLWJmYzAtNDkyNmQwMzEwNTg2IiwibmFtZSI6ImFkbWluIiwiZ2VuZGVyIjp0cnVlLCJlbWFpbCI6IjM3ODMzODYyN0BxcS5jb20ifSwiaWF0IjoxNTE1MzkxNTM0LCJleHAiOjE1MTU0Nzc5MzR9.xTSO5LjXlLw_mnRLgi5wgRP0nlwIEHF94Df3w-ZjsDU
request client ip:  ::ffff:127.0.0.1
request query:  {"token":"eyJhbGciOiJIUzI1NiIsInR5cCI6IkpXVCJ9.eyJkYXRhIjp7ImlkIjoiYTFjNmExYjAtNjdhZC00ZGExLWJmYzAtNDkyNmQwMzEwNTg2IiwibmFtZSI6ImFkbWluIiwiZ2VuZGVyIjp0cnVlLCJlbWFpbCI6IjM3ODMzODYyN0BxcS5jb20ifSwiaWF0IjoxNTE1MzkxNTM0LCJleHAiOjE1MTU0Nzc5MzR9.xTSO5LjXlLw_mnRLgi5wgRP0nlwIEHF94Df3w-ZjsDU"}
response time: 108
response status: 200
response body: 
{"status":0,"data":[{"name":"管委会办公室","description":"管委会办公室","status":1,"groupId":"f7eb1b39-792e-4646-84f0-ee1b23d09b8e","id":"cf6487ac-5c84-4c1b-888c-826cf8fae16f","createdAt":1515391006054,"updatedAt":1515391006054,"version":0,"group":{"name":"管委会","description":"group1","status":1,"id":"f7eb1b39-792e-4646-84f0-ee1b23d09b8e","createdAt":1515391002908,"updatedAt":1515391002908,"version":0}},{"name":"社发局","description":"社发局","status":1,"groupId":"f7eb1b39-792e-4646-84f0-ee1b23d09b8e","id":"eb4fcb06-77c5-4799-9a15-e551f0889c7d","createdAt":1515391005853,"updatedAt":1515391005853,"version":0,"group":{"name":"管委会","description":"group1","status":1,"id":"f7eb1b39-792e-4646-84f0-ee1b23d09b8e","createdAt":1515391002908,"updatedAt":1515391002908,"version":0}},{"name":"人社局","description":"人社局","status":1,"groupId":"f7eb1b39-792e-4646-84f0-ee1b23d09b8e","id":"357eb0aa-3b04-4080-b408-598c921b8e05","createdAt":1515391005702,"updatedAt":1515391005702,"version":0,"group":{"name":"管委会","description":"group1","status":1,"id":"f7eb1b39-792e-4646-84f0-ee1b23d09b8e","createdAt":1515391002908,"updatedAt":1515391002908,"version":0}},{"name":"经发局","description":"经发局","status":1,"groupId":"f7eb1b39-792e-4646-84f0-ee1b23d09b8e","id":"8a45dd01-f173-4101-b145-9f975e526be2","createdAt":1515391005546,"updatedAt":1515391005546,"version":0,"group":{"name":"管委会","description":"group1","status":1,"id":"f7eb1b39-792e-4646-84f0-ee1b23d09b8e","createdAt":1515391002908,"updatedAt":1515391002908,"version":0}},{"name":"财政局","description":"财政局","status":1,"groupId":"f7eb1b39-792e-4646-84f0-ee1b23d09b8e","id":"68afb67d-1bcf-4714-ae95-3f15bc4a394c","createdAt":1515391005396,"updatedAt":1515391005396,"version":0,"group":{"name":"管委会","description":"group1","status":1,"id":"f7eb1b39-792e-4646-84f0-ee1b23d09b8e","createdAt":1515391002908,"updatedAt":1515391002908,"version":0}},{"name":"建设公司","description":"建设公司","status":1,"groupId":"0478b0a8-0fc4-45e8-94fe-5fe65cd1e9bc","id":"b2b034ba-2626-4f48-9c78-c33eaf32670a","createdAt":1515391004865,"updatedAt":1515391004865,"version":0,"group":{"name":"控股","description":"group2","status":1,"id":"0478b0a8-0fc4-45e8-94fe-5fe65cd1e9bc","createdAt":1515391003317,"updatedAt":1515391003317,"version":0}},{"name":"公共事业公司","description":"公共事业公司","status":1,"groupId":"0478b0a8-0fc4-45e8-94fe-5fe65cd1e9bc","id":"2337e8e1-1e12-4e18-ad10-6b145ea5eabb","createdAt":1515391004793,"updatedAt":1515391004793,"version":0,"group":{"name":"控股","description":"group2","status":1,"id":"0478b0a8-0fc4-45e8-94fe-5fe65cd1e9bc","createdAt":1515391003317,"updatedAt":1515391003317,"version":0}},{"name":"融资租赁公司","description":"融资租赁公司","status":1,"groupId":"0478b0a8-0fc4-45e8-94fe-5fe65cd1e9bc","id":"75cd1e6f-bfe7-4519-a927-9ececc218a1f","createdAt":1515391004683,"updatedAt":1515391004683,"version":0,"group":{"name":"控股","description":"group2","status":1,"id":"0478b0a8-0fc4-45e8-94fe-5fe65cd1e9bc","createdAt":1515391003317,"updatedAt":1515391003317,"version":0}},{"name":"控股公司","description":"控股公司","status":1,"groupId":"0478b0a8-0fc4-45e8-94fe-5fe65cd1e9bc","id":"17bb0ac7-400e-4750-b67b-14395ad39cb3","createdAt":1515391004612,"updatedAt":1515391004612,"version":0,"group":{"name":"控股","description":"group2","status":1,"id":"0478b0a8-0fc4-45e8-94fe-5fe65cd1e9bc","createdAt":1515391003317,"updatedAt":1515391003317,"version":0}},{"name":"安环局","description":"安环局","status":1,"groupId":"f7eb1b39-792e-4646-84f0-ee1b23d09b8e","id":"a045f178-e935-460a-afe9-9c629e69a5b2","createdAt":1515391004415,"updatedAt":1515391004415,"version":0,"group":{"name":"管委会","description":"group1","status":1,"id":"f7eb1b39-792e-4646-84f0-ee1b23d09b8e","createdAt":1515391002908,"updatedAt":1515391002908,"version":0}},{"name":"建规局","description":"建规局","status":1,"groupId":"f7eb1b39-792e-4646-84f0-ee1b23d09b8e","id":"0986167a-0899-418a-985a-6277698a2c2d","createdAt":1515391004218,"updatedAt":1515391004218,"version":0,"group":{"name":"管委会","description":"group1","status":1,"id":"f7eb1b39-792e-4646-84f0-ee1b23d09b8e","createdAt":1515391002908,"updatedAt":1515391002908,"version":0}},{"name":"投促局","description":"投促局","status":1,"groupId":"f7eb1b39-792e-4646-84f0-ee1b23d09b8e","id":"57532adb-8352-4f12-9d7b-1dba2809cf9a","createdAt":1515391003900,"updatedAt":1515391003900,"version":0,"group":{"name":"管委会","description":"group1","status":1,"id":"f7eb1b39-792e-4646-84f0-ee1b23d09b8e","createdAt":1515391002908,"updatedAt":1515391002908,"version":0}},{"name":"审批服务大厅","description":"审批中心","status":1,"groupId":"f7eb1b39-792e-4646-84f0-ee1b23d09b8e","id":"dea2b82d-3f4a-4c73-ab78-522cd44ddb7f","createdAt":1515391003733,"updatedAt":1515391003733,"version":0,"group":{"name":"管委会","description":"group1","status":1,"id":"f7eb1b39-792e-4646-84f0-ee1b23d09b8e","createdAt":1515391002908,"updatedAt":1515391002908,"version":0}}],"total":13}
*************** response log end ***************

[2018-01-08 14:05:58.058] [INFO] resLogger - 
*************** response log start ***************
request method: GET
request originalUrl:  /api/corporations/75cd1e6f-bfe7-4519-a927-9ececc218a1f?token=eyJhbGciOiJIUzI1NiIsInR5cCI6IkpXVCJ9.eyJkYXRhIjp7ImlkIjoiYTFjNmExYjAtNjdhZC00ZGExLWJmYzAtNDkyNmQwMzEwNTg2IiwibmFtZSI6ImFkbWluIiwiZ2VuZGVyIjp0cnVlLCJlbWFpbCI6IjM3ODMzODYyN0BxcS5jb20ifSwiaWF0IjoxNTE1MzkxNTM0LCJleHAiOjE1MTU0Nzc5MzR9.xTSO5LjXlLw_mnRLgi5wgRP0nlwIEHF94Df3w-ZjsDU
request client ip:  ::ffff:127.0.0.1
request query:  {"token":"eyJhbGciOiJIUzI1NiIsInR5cCI6IkpXVCJ9.eyJkYXRhIjp7ImlkIjoiYTFjNmExYjAtNjdhZC00ZGExLWJmYzAtNDkyNmQwMzEwNTg2IiwibmFtZSI6ImFkbWluIiwiZ2VuZGVyIjp0cnVlLCJlbWFpbCI6IjM3ODMzODYyN0BxcS5jb20ifSwiaWF0IjoxNTE1MzkxNTM0LCJleHAiOjE1MTU0Nzc5MzR9.xTSO5LjXlLw_mnRLgi5wgRP0nlwIEHF94Df3w-ZjsDU"}
response time: 64
response status: 200
response body: 
{"status":0,"data":{"name":"融资租赁公司","description":"融资租赁公司","status":1,"groupId":"0478b0a8-0fc4-45e8-94fe-5fe65cd1e9bc","id":"75cd1e6f-bfe7-4519-a927-9ececc218a1f","createdAt":1515391004683,"updatedAt":1515391004683,"version":0,"group":{"name":"控股","description":"group2","status":1,"id":"0478b0a8-0fc4-45e8-94fe-5fe65cd1e9bc","createdAt":1515391003317,"updatedAt":1515391003317,"version":0}}}
*************** response log end ***************

[2018-01-08 14:05:58.252] [INFO] resLogger - 
*************** response log start ***************
request method: GET
request originalUrl:  /api/corpBuildings/list/75cd1e6f-bfe7-4519-a927-9ececc218a1f?token=eyJhbGciOiJIUzI1NiIsInR5cCI6IkpXVCJ9.eyJkYXRhIjp7ImlkIjoiYTFjNmExYjAtNjdhZC00ZGExLWJmYzAtNDkyNmQwMzEwNTg2IiwibmFtZSI6ImFkbWluIiwiZ2VuZGVyIjp0cnVlLCJlbWFpbCI6IjM3ODMzODYyN0BxcS5jb20ifSwiaWF0IjoxNTE1MzkxNTM0LCJleHAiOjE1MTU0Nzc5MzR9.xTSO5LjXlLw_mnRLgi5wgRP0nlwIEHF94Df3w-ZjsDU
request client ip:  ::ffff:127.0.0.1
request query:  {"token":"eyJhbGciOiJIUzI1NiIsInR5cCI6IkpXVCJ9.eyJkYXRhIjp7ImlkIjoiYTFjNmExYjAtNjdhZC00ZGExLWJmYzAtNDkyNmQwMzEwNTg2IiwibmFtZSI6ImFkbWluIiwiZ2VuZGVyIjp0cnVlLCJlbWFpbCI6IjM3ODMzODYyN0BxcS5jb20ifSwiaWF0IjoxNTE1MzkxNTM0LCJleHAiOjE1MTU0Nzc5MzR9.xTSO5LjXlLw_mnRLgi5wgRP0nlwIEHF94Df3w-ZjsDU"}
response time: 182
response status: 200
response body: 
{"status":0,"data":[{"corporationId":"75cd1e6f-bfe7-4519-a927-9ececc218a1f","buildingId":"f1f964f0-fd63-4bed-ba55-bb5d80f8683f","floor":5,"position":"W","status":1,"id":"83d41469-d5d7-4f25-a58e-e545c818041a","createdAt":1515391005085,"updatedAt":1515391005085,"version":0,"building":{"name":"商务大厦北楼","address":"北","minfloor":1,"maxfloor":15,"status":1,"id":"f1f964f0-fd63-4bed-ba55-bb5d80f8683f","createdAt":1515391003537,"updatedAt":1515391003537,"version":0}}],"total":0}
*************** response log end ***************

[2018-01-08 14:05:58.338] [INFO] resLogger - 
*************** response log start ***************
request method: GET
request originalUrl:  /api/groups/list?token=eyJhbGciOiJIUzI1NiIsInR5cCI6IkpXVCJ9.eyJkYXRhIjp7ImlkIjoiYTFjNmExYjAtNjdhZC00ZGExLWJmYzAtNDkyNmQwMzEwNTg2IiwibmFtZSI6ImFkbWluIiwiZ2VuZGVyIjp0cnVlLCJlbWFpbCI6IjM3ODMzODYyN0BxcS5jb20ifSwiaWF0IjoxNTE1MzkxNTM0LCJleHAiOjE1MTU0Nzc5MzR9.xTSO5LjXlLw_mnRLgi5wgRP0nlwIEHF94Df3w-ZjsDU
request client ip:  ::ffff:127.0.0.1
request query:  {"token":"eyJhbGciOiJIUzI1NiIsInR5cCI6IkpXVCJ9.eyJkYXRhIjp7ImlkIjoiYTFjNmExYjAtNjdhZC00ZGExLWJmYzAtNDkyNmQwMzEwNTg2IiwibmFtZSI6ImFkbWluIiwiZ2VuZGVyIjp0cnVlLCJlbWFpbCI6IjM3ODMzODYyN0BxcS5jb20ifSwiaWF0IjoxNTE1MzkxNTM0LCJleHAiOjE1MTU0Nzc5MzR9.xTSO5LjXlLw_mnRLgi5wgRP0nlwIEHF94Df3w-ZjsDU"}
response time: 277
response status: 200
response body: 
{"status":0,"data":[{"name":"控股","description":"group2","status":1,"id":"0478b0a8-0fc4-45e8-94fe-5fe65cd1e9bc","createdAt":1515391003317,"updatedAt":1515391003317,"version":0},{"name":"管委会","description":"group1","status":1,"id":"f7eb1b39-792e-4646-84f0-ee1b23d09b8e","createdAt":1515391002908,"updatedAt":1515391002908,"version":0}],"total":2}
*************** response log end ***************

[2018-01-08 14:05:58.351] [INFO] resLogger - 
*************** response log start ***************
request method: GET
request originalUrl:  /api/buildings/list?token=eyJhbGciOiJIUzI1NiIsInR5cCI6IkpXVCJ9.eyJkYXRhIjp7ImlkIjoiYTFjNmExYjAtNjdhZC00ZGExLWJmYzAtNDkyNmQwMzEwNTg2IiwibmFtZSI6ImFkbWluIiwiZ2VuZGVyIjp0cnVlLCJlbWFpbCI6IjM3ODMzODYyN0BxcS5jb20ifSwiaWF0IjoxNTE1MzkxNTM0LCJleHAiOjE1MTU0Nzc5MzR9.xTSO5LjXlLw_mnRLgi5wgRP0nlwIEHF94Df3w-ZjsDU
request client ip:  ::ffff:127.0.0.1
request query:  {"token":"eyJhbGciOiJIUzI1NiIsInR5cCI6IkpXVCJ9.eyJkYXRhIjp7ImlkIjoiYTFjNmExYjAtNjdhZC00ZGExLWJmYzAtNDkyNmQwMzEwNTg2IiwibmFtZSI6ImFkbWluIiwiZ2VuZGVyIjp0cnVlLCJlbWFpbCI6IjM3ODMzODYyN0BxcS5jb20ifSwiaWF0IjoxNTE1MzkxNTM0LCJleHAiOjE1MTU0Nzc5MzR9.xTSO5LjXlLw_mnRLgi5wgRP0nlwIEHF94Df3w-ZjsDU"}
response time: 163
response status: 200
response body: 
{"status":0,"data":[{"name":"海泰创业园1号楼","address":"海泰创业园","minfloor":1,"maxfloor":4,"status":1,"id":"b47dd0c3-ea17-427c-a215-b8ab09ffb51c","createdAt":1515391003612,"updatedAt":1515391003612,"version":0},{"name":"商务大厦北楼","address":"北","minfloor":1,"maxfloor":15,"status":1,"id":"f1f964f0-fd63-4bed-ba55-bb5d80f8683f","createdAt":1515391003537,"updatedAt":1515391003537,"version":0},{"name":"商务大厦南楼","address":"南","minfloor":1,"maxfloor":15,"status":1,"id":"54b61917-5944-49a6-bedf-63a2850d4649","createdAt":1515391003423,"updatedAt":1515391003423,"version":0}],"total":3}
*************** response log end ***************

[2018-01-08 14:06:00.537] [INFO] resLogger - 
*************** response log start ***************
request method: GET
request originalUrl:  /api/corporations/list/page/1?token=eyJhbGciOiJIUzI1NiIsInR5cCI6IkpXVCJ9.eyJkYXRhIjp7ImlkIjoiYTFjNmExYjAtNjdhZC00ZGExLWJmYzAtNDkyNmQwMzEwNTg2IiwibmFtZSI6ImFkbWluIiwiZ2VuZGVyIjp0cnVlLCJlbWFpbCI6IjM3ODMzODYyN0BxcS5jb20ifSwiaWF0IjoxNTE1MzkxNTM0LCJleHAiOjE1MTU0Nzc5MzR9.xTSO5LjXlLw_mnRLgi5wgRP0nlwIEHF94Df3w-ZjsDU
request client ip:  ::ffff:127.0.0.1
request query:  {"token":"eyJhbGciOiJIUzI1NiIsInR5cCI6IkpXVCJ9.eyJkYXRhIjp7ImlkIjoiYTFjNmExYjAtNjdhZC00ZGExLWJmYzAtNDkyNmQwMzEwNTg2IiwibmFtZSI6ImFkbWluIiwiZ2VuZGVyIjp0cnVlLCJlbWFpbCI6IjM3ODMzODYyN0BxcS5jb20ifSwiaWF0IjoxNTE1MzkxNTM0LCJleHAiOjE1MTU0Nzc5MzR9.xTSO5LjXlLw_mnRLgi5wgRP0nlwIEHF94Df3w-ZjsDU"}
response time: 102
response status: 200
response body: 
{"status":0,"data":[{"name":"管委会办公室","description":"管委会办公室","status":1,"groupId":"f7eb1b39-792e-4646-84f0-ee1b23d09b8e","id":"cf6487ac-5c84-4c1b-888c-826cf8fae16f","createdAt":1515391006054,"updatedAt":1515391006054,"version":0,"group":{"name":"管委会","description":"group1","status":1,"id":"f7eb1b39-792e-4646-84f0-ee1b23d09b8e","createdAt":1515391002908,"updatedAt":1515391002908,"version":0}},{"name":"社发局","description":"社发局","status":1,"groupId":"f7eb1b39-792e-4646-84f0-ee1b23d09b8e","id":"eb4fcb06-77c5-4799-9a15-e551f0889c7d","createdAt":1515391005853,"updatedAt":1515391005853,"version":0,"group":{"name":"管委会","description":"group1","status":1,"id":"f7eb1b39-792e-4646-84f0-ee1b23d09b8e","createdAt":1515391002908,"updatedAt":1515391002908,"version":0}},{"name":"人社局","description":"人社局","status":1,"groupId":"f7eb1b39-792e-4646-84f0-ee1b23d09b8e","id":"357eb0aa-3b04-4080-b408-598c921b8e05","createdAt":1515391005702,"updatedAt":1515391005702,"version":0,"group":{"name":"管委会","description":"group1","status":1,"id":"f7eb1b39-792e-4646-84f0-ee1b23d09b8e","createdAt":1515391002908,"updatedAt":1515391002908,"version":0}},{"name":"经发局","description":"经发局","status":1,"groupId":"f7eb1b39-792e-4646-84f0-ee1b23d09b8e","id":"8a45dd01-f173-4101-b145-9f975e526be2","createdAt":1515391005546,"updatedAt":1515391005546,"version":0,"group":{"name":"管委会","description":"group1","status":1,"id":"f7eb1b39-792e-4646-84f0-ee1b23d09b8e","createdAt":1515391002908,"updatedAt":1515391002908,"version":0}},{"name":"财政局","description":"财政局","status":1,"groupId":"f7eb1b39-792e-4646-84f0-ee1b23d09b8e","id":"68afb67d-1bcf-4714-ae95-3f15bc4a394c","createdAt":1515391005396,"updatedAt":1515391005396,"version":0,"group":{"name":"管委会","description":"group1","status":1,"id":"f7eb1b39-792e-4646-84f0-ee1b23d09b8e","createdAt":1515391002908,"updatedAt":1515391002908,"version":0}},{"name":"建设公司","description":"建设公司","status":1,"groupId":"0478b0a8-0fc4-45e8-94fe-5fe65cd1e9bc","id":"b2b034ba-2626-4f48-9c78-c33eaf32670a","createdAt":1515391004865,"updatedAt":1515391004865,"version":0,"group":{"name":"控股","description":"group2","status":1,"id":"0478b0a8-0fc4-45e8-94fe-5fe65cd1e9bc","createdAt":1515391003317,"updatedAt":1515391003317,"version":0}},{"name":"公共事业公司","description":"公共事业公司","status":1,"groupId":"0478b0a8-0fc4-45e8-94fe-5fe65cd1e9bc","id":"2337e8e1-1e12-4e18-ad10-6b145ea5eabb","createdAt":1515391004793,"updatedAt":1515391004793,"version":0,"group":{"name":"控股","description":"group2","status":1,"id":"0478b0a8-0fc4-45e8-94fe-5fe65cd1e9bc","createdAt":1515391003317,"updatedAt":1515391003317,"version":0}},{"name":"融资租赁公司","description":"融资租赁公司","status":1,"groupId":"0478b0a8-0fc4-45e8-94fe-5fe65cd1e9bc","id":"75cd1e6f-bfe7-4519-a927-9ececc218a1f","createdAt":1515391004683,"updatedAt":1515391004683,"version":0,"group":{"name":"控股","description":"group2","status":1,"id":"0478b0a8-0fc4-45e8-94fe-5fe65cd1e9bc","createdAt":1515391003317,"updatedAt":1515391003317,"version":0}},{"name":"控股公司","description":"控股公司","status":1,"groupId":"0478b0a8-0fc4-45e8-94fe-5fe65cd1e9bc","id":"17bb0ac7-400e-4750-b67b-14395ad39cb3","createdAt":1515391004612,"updatedAt":1515391004612,"version":0,"group":{"name":"控股","description":"group2","status":1,"id":"0478b0a8-0fc4-45e8-94fe-5fe65cd1e9bc","createdAt":1515391003317,"updatedAt":1515391003317,"version":0}},{"name":"安环局","description":"安环局","status":1,"groupId":"f7eb1b39-792e-4646-84f0-ee1b23d09b8e","id":"a045f178-e935-460a-afe9-9c629e69a5b2","createdAt":1515391004415,"updatedAt":1515391004415,"version":0,"group":{"name":"管委会","description":"group1","status":1,"id":"f7eb1b39-792e-4646-84f0-ee1b23d09b8e","createdAt":1515391002908,"updatedAt":1515391002908,"version":0}},{"name":"建规局","description":"建规局","status":1,"groupId":"f7eb1b39-792e-4646-84f0-ee1b23d09b8e","id":"0986167a-0899-418a-985a-6277698a2c2d","createdAt":1515391004218,"updatedAt":1515391004218,"version":0,"group":{"name":"管委会","description":"group1","status":1,"id":"f7eb1b39-792e-4646-84f0-ee1b23d09b8e","createdAt":1515391002908,"updatedAt":1515391002908,"version":0}},{"name":"投促局","description":"投促局","status":1,"groupId":"f7eb1b39-792e-4646-84f0-ee1b23d09b8e","id":"57532adb-8352-4f12-9d7b-1dba2809cf9a","createdAt":1515391003900,"updatedAt":1515391003900,"version":0,"group":{"name":"管委会","description":"group1","status":1,"id":"f7eb1b39-792e-4646-84f0-ee1b23d09b8e","createdAt":1515391002908,"updatedAt":1515391002908,"version":0}},{"name":"审批服务大厅","description":"审批中心","status":1,"groupId":"f7eb1b39-792e-4646-84f0-ee1b23d09b8e","id":"dea2b82d-3f4a-4c73-ab78-522cd44ddb7f","createdAt":1515391003733,"updatedAt":1515391003733,"version":0,"group":{"name":"管委会","description":"group1","status":1,"id":"f7eb1b39-792e-4646-84f0-ee1b23d09b8e","createdAt":1515391002908,"updatedAt":1515391002908,"version":0}}],"total":13}
*************** response log end ***************

[2018-01-08 14:06:04.867] [INFO] resLogger - 
*************** response log start ***************
request method: GET
request originalUrl:  /api/corporations/b2b034ba-2626-4f48-9c78-c33eaf32670a?token=eyJhbGciOiJIUzI1NiIsInR5cCI6IkpXVCJ9.eyJkYXRhIjp7ImlkIjoiYTFjNmExYjAtNjdhZC00ZGExLWJmYzAtNDkyNmQwMzEwNTg2IiwibmFtZSI6ImFkbWluIiwiZ2VuZGVyIjp0cnVlLCJlbWFpbCI6IjM3ODMzODYyN0BxcS5jb20ifSwiaWF0IjoxNTE1MzkxNTM0LCJleHAiOjE1MTU0Nzc5MzR9.xTSO5LjXlLw_mnRLgi5wgRP0nlwIEHF94Df3w-ZjsDU
request client ip:  ::ffff:127.0.0.1
request query:  {"token":"eyJhbGciOiJIUzI1NiIsInR5cCI6IkpXVCJ9.eyJkYXRhIjp7ImlkIjoiYTFjNmExYjAtNjdhZC00ZGExLWJmYzAtNDkyNmQwMzEwNTg2IiwibmFtZSI6ImFkbWluIiwiZ2VuZGVyIjp0cnVlLCJlbWFpbCI6IjM3ODMzODYyN0BxcS5jb20ifSwiaWF0IjoxNTE1MzkxNTM0LCJleHAiOjE1MTU0Nzc5MzR9.xTSO5LjXlLw_mnRLgi5wgRP0nlwIEHF94Df3w-ZjsDU"}
response time: 99
response status: 200
response body: 
{"status":0,"data":{"name":"建设公司","description":"建设公司","status":1,"groupId":"0478b0a8-0fc4-45e8-94fe-5fe65cd1e9bc","id":"b2b034ba-2626-4f48-9c78-c33eaf32670a","createdAt":1515391004865,"updatedAt":1515391004865,"version":0,"group":{"name":"控股","description":"group2","status":1,"id":"0478b0a8-0fc4-45e8-94fe-5fe65cd1e9bc","createdAt":1515391003317,"updatedAt":1515391003317,"version":0}}}
*************** response log end ***************

[2018-01-08 14:06:05.123] [INFO] resLogger - 
*************** response log start ***************
request method: GET
request originalUrl:  /api/corpBuildings/list/b2b034ba-2626-4f48-9c78-c33eaf32670a?token=eyJhbGciOiJIUzI1NiIsInR5cCI6IkpXVCJ9.eyJkYXRhIjp7ImlkIjoiYTFjNmExYjAtNjdhZC00ZGExLWJmYzAtNDkyNmQwMzEwNTg2IiwibmFtZSI6ImFkbWluIiwiZ2VuZGVyIjp0cnVlLCJlbWFpbCI6IjM3ODMzODYyN0BxcS5jb20ifSwiaWF0IjoxNTE1MzkxNTM0LCJleHAiOjE1MTU0Nzc5MzR9.xTSO5LjXlLw_mnRLgi5wgRP0nlwIEHF94Df3w-ZjsDU
request client ip:  ::ffff:127.0.0.1
request query:  {"token":"eyJhbGciOiJIUzI1NiIsInR5cCI6IkpXVCJ9.eyJkYXRhIjp7ImlkIjoiYTFjNmExYjAtNjdhZC00ZGExLWJmYzAtNDkyNmQwMzEwNTg2IiwibmFtZSI6ImFkbWluIiwiZ2VuZGVyIjp0cnVlLCJlbWFpbCI6IjM3ODMzODYyN0BxcS5jb20ifSwiaWF0IjoxNTE1MzkxNTM0LCJleHAiOjE1MTU0Nzc5MzR9.xTSO5LjXlLw_mnRLgi5wgRP0nlwIEHF94Df3w-ZjsDU"}
response time: 239
response status: 200
response body: 
{"status":0,"data":[{"corporationId":"b2b034ba-2626-4f48-9c78-c33eaf32670a","buildingId":"f1f964f0-fd63-4bed-ba55-bb5d80f8683f","floor":9,"position":"A","status":1,"id":"060e8870-ec4b-4b54-b0a8-aae3e2167177","createdAt":1515391005322,"updatedAt":1515391005322,"version":0,"building":{"name":"商务大厦北楼","address":"北","minfloor":1,"maxfloor":15,"status":1,"id":"f1f964f0-fd63-4bed-ba55-bb5d80f8683f","createdAt":1515391003537,"updatedAt":1515391003537,"version":0}},{"corporationId":"b2b034ba-2626-4f48-9c78-c33eaf32670a","buildingId":"f1f964f0-fd63-4bed-ba55-bb5d80f8683f","floor":8,"position":"E","status":1,"id":"46a9454a-7f24-47fb-a6cd-f11197d03069","createdAt":1515391005248,"updatedAt":1515391005248,"version":0,"building":{"name":"商务大厦北楼","address":"北","minfloor":1,"maxfloor":15,"status":1,"id":"f1f964f0-fd63-4bed-ba55-bb5d80f8683f","createdAt":1515391003537,"updatedAt":1515391003537,"version":0}}],"total":0}
*************** response log end ***************

[2018-01-08 14:06:05.201] [INFO] resLogger - 
*************** response log start ***************
request method: GET
request originalUrl:  /api/groups/list?token=eyJhbGciOiJIUzI1NiIsInR5cCI6IkpXVCJ9.eyJkYXRhIjp7ImlkIjoiYTFjNmExYjAtNjdhZC00ZGExLWJmYzAtNDkyNmQwMzEwNTg2IiwibmFtZSI6ImFkbWluIiwiZ2VuZGVyIjp0cnVlLCJlbWFpbCI6IjM3ODMzODYyN0BxcS5jb20ifSwiaWF0IjoxNTE1MzkxNTM0LCJleHAiOjE1MTU0Nzc5MzR9.xTSO5LjXlLw_mnRLgi5wgRP0nlwIEHF94Df3w-ZjsDU
request client ip:  ::ffff:127.0.0.1
request query:  {"token":"eyJhbGciOiJIUzI1NiIsInR5cCI6IkpXVCJ9.eyJkYXRhIjp7ImlkIjoiYTFjNmExYjAtNjdhZC00ZGExLWJmYzAtNDkyNmQwMzEwNTg2IiwibmFtZSI6ImFkbWluIiwiZ2VuZGVyIjp0cnVlLCJlbWFpbCI6IjM3ODMzODYyN0BxcS5jb20ifSwiaWF0IjoxNTE1MzkxNTM0LCJleHAiOjE1MTU0Nzc5MzR9.xTSO5LjXlLw_mnRLgi5wgRP0nlwIEHF94Df3w-ZjsDU"}
response time: 329
response status: 200
response body: 
{"status":0,"data":[{"name":"控股","description":"group2","status":1,"id":"0478b0a8-0fc4-45e8-94fe-5fe65cd1e9bc","createdAt":1515391003317,"updatedAt":1515391003317,"version":0},{"name":"管委会","description":"group1","status":1,"id":"f7eb1b39-792e-4646-84f0-ee1b23d09b8e","createdAt":1515391002908,"updatedAt":1515391002908,"version":0}],"total":2}
*************** response log end ***************

[2018-01-08 14:06:05.202] [INFO] resLogger - 
*************** response log start ***************
request method: GET
request originalUrl:  /api/buildings/list?token=eyJhbGciOiJIUzI1NiIsInR5cCI6IkpXVCJ9.eyJkYXRhIjp7ImlkIjoiYTFjNmExYjAtNjdhZC00ZGExLWJmYzAtNDkyNmQwMzEwNTg2IiwibmFtZSI6ImFkbWluIiwiZ2VuZGVyIjp0cnVlLCJlbWFpbCI6IjM3ODMzODYyN0BxcS5jb20ifSwiaWF0IjoxNTE1MzkxNTM0LCJleHAiOjE1MTU0Nzc5MzR9.xTSO5LjXlLw_mnRLgi5wgRP0nlwIEHF94Df3w-ZjsDU
request client ip:  ::ffff:127.0.0.1
request query:  {"token":"eyJhbGciOiJIUzI1NiIsInR5cCI6IkpXVCJ9.eyJkYXRhIjp7ImlkIjoiYTFjNmExYjAtNjdhZC00ZGExLWJmYzAtNDkyNmQwMzEwNTg2IiwibmFtZSI6ImFkbWluIiwiZ2VuZGVyIjp0cnVlLCJlbWFpbCI6IjM3ODMzODYyN0BxcS5jb20ifSwiaWF0IjoxNTE1MzkxNTM0LCJleHAiOjE1MTU0Nzc5MzR9.xTSO5LjXlLw_mnRLgi5wgRP0nlwIEHF94Df3w-ZjsDU"}
response time: 254
response status: 200
response body: 
{"status":0,"data":[{"name":"海泰创业园1号楼","address":"海泰创业园","minfloor":1,"maxfloor":4,"status":1,"id":"b47dd0c3-ea17-427c-a215-b8ab09ffb51c","createdAt":1515391003612,"updatedAt":1515391003612,"version":0},{"name":"商务大厦北楼","address":"北","minfloor":1,"maxfloor":15,"status":1,"id":"f1f964f0-fd63-4bed-ba55-bb5d80f8683f","createdAt":1515391003537,"updatedAt":1515391003537,"version":0},{"name":"商务大厦南楼","address":"南","minfloor":1,"maxfloor":15,"status":1,"id":"54b61917-5944-49a6-bedf-63a2850d4649","createdAt":1515391003423,"updatedAt":1515391003423,"version":0}],"total":3}
*************** response log end ***************

[2018-01-08 14:39:52.784] [INFO] resLogger - 
*************** response log start ***************
request method: GET
request originalUrl:  /api/order/list/page/1/time/1515393592000?token=eyJhbGciOiJIUzI1NiIsInR5cCI6IkpXVCJ9.eyJkYXRhIjp7ImlkIjoiYTFjNmExYjAtNjdhZC00ZGExLWJmYzAtNDkyNmQwMzEwNTg2IiwibmFtZSI6ImFkbWluIiwiZ2VuZGVyIjp0cnVlLCJlbWFpbCI6IjM3ODMzODYyN0BxcS5jb20ifSwiaWF0IjoxNTE1MzkxNTM0LCJleHAiOjE1MTU0Nzc5MzR9.xTSO5LjXlLw_mnRLgi5wgRP0nlwIEHF94Df3w-ZjsDU
request client ip:  ::ffff:127.0.0.1
request query:  {"token":"eyJhbGciOiJIUzI1NiIsInR5cCI6IkpXVCJ9.eyJkYXRhIjp7ImlkIjoiYTFjNmExYjAtNjdhZC00ZGExLWJmYzAtNDkyNmQwMzEwNTg2IiwibmFtZSI6ImFkbWluIiwiZ2VuZGVyIjp0cnVlLCJlbWFpbCI6IjM3ODMzODYyN0BxcS5jb20ifSwiaWF0IjoxNTE1MzkxNTM0LCJleHAiOjE1MTU0Nzc5MzR9.xTSO5LjXlLw_mnRLgi5wgRP0nlwIEHF94Df3w-ZjsDU"}
response time: 375
response status: 200
response body: 
{"status":0,"data":[],"total":0}
*************** response log end ***************

[2018-01-08 14:41:16.050] [INFO] resLogger - 
*************** response log start ***************
request method: GET
request originalUrl:  /api/workers/list?token=eyJhbGciOiJIUzI1NiIsInR5cCI6IkpXVCJ9.eyJkYXRhIjp7ImlkIjoiYTFjNmExYjAtNjdhZC00ZGExLWJmYzAtNDkyNmQwMzEwNTg2IiwibmFtZSI6ImFkbWluIiwiZ2VuZGVyIjp0cnVlLCJlbWFpbCI6IjM3ODMzODYyN0BxcS5jb20ifSwiaWF0IjoxNTE1MzkxNTM0LCJleHAiOjE1MTU0Nzc5MzR9.xTSO5LjXlLw_mnRLgi5wgRP0nlwIEHF94Df3w-ZjsDU
request client ip:  ::ffff:127.0.0.1
request query:  {"token":"eyJhbGciOiJIUzI1NiIsInR5cCI6IkpXVCJ9.eyJkYXRhIjp7ImlkIjoiYTFjNmExYjAtNjdhZC00ZGExLWJmYzAtNDkyNmQwMzEwNTg2IiwibmFtZSI6ImFkbWluIiwiZ2VuZGVyIjp0cnVlLCJlbWFpbCI6IjM3ODMzODYyN0BxcS5jb20ifSwiaWF0IjoxNTE1MzkxNTM0LCJleHAiOjE1MTU0Nzc5MzR9.xTSO5LjXlLw_mnRLgi5wgRP0nlwIEHF94Df3w-ZjsDU"}
response time: 280
response status: 200
response body: 
{"status":0,"data":[{"name":"admin","email":"378338627@qq.com","phone":"15822927208","password":"$2a$10$oJKiJpkiYqYjZ39IzIsYleibCvzhCJTjENOzxjG6wIB/rlSP9B63m","gender":true,"token":"eyJhbGciOiJIUzI1NiIsInR5cCI6IkpXVCJ9.eyJkYXRhIjp7ImlkIjoiYTFjNmExYjAtNjdhZC00ZGExLWJmYzAtNDkyNmQwMzEwNTg2IiwibmFtZSI6ImFkbWluIiwiZ2VuZGVyIjp0cnVlLCJlbWFpbCI6IjM3ODMzODYyN0BxcS5jb20ifSwiaWF0IjoxNTE1MzkxNTM0LCJleHAiOjE1MTU0Nzc5MzR9.xTSO5LjXlLw_mnRLgi5wgRP0nlwIEHF94Df3w-ZjsDU","canLogin":true,"status":1,"id":"a1c6a1b0-67ad-4da1-bfc0-4926d0310586","createdAt":1515391002905,"updatedAt":1515391534203,"version":1,"worker":null},{"name":"张赫","email":"378338627@qq.com","phone":"15822927208","password":"$2a$10$GtXog0aLRVrdfw1AbZDob.OBpoZV302ovAVnLOaJ5T/pQ5csgC/0a","gender":true,"token":null,"canLogin":true,"status":1,"id":"404afdf3-70b1-4763-abd0-dd439fcb2614","createdAt":1515391002907,"updatedAt":1515391002907,"version":0,"worker":null},{"name":"朱亚亮","email":"378338627@qq.com","phone":"15822927208","password":"$2a$10$CR8tbOCnmM3sbfycs8a8hOjndV/DfRjibOGNcRohwTCr5LeJ6x9I.","gender":true,"token":null,"canLogin":true,"status":1,"id":"a123aa22-181b-437e-8a7c-bde1682e1a71","createdAt":1515391002907,"updatedAt":1515391002907,"version":0,"worker":null}]}
*************** response log end ***************

[2018-01-08 14:41:16.068] [INFO] resLogger - 
*************** response log start ***************
request method: GET
request originalUrl:  /api/groups/list?token=eyJhbGciOiJIUzI1NiIsInR5cCI6IkpXVCJ9.eyJkYXRhIjp7ImlkIjoiYTFjNmExYjAtNjdhZC00ZGExLWJmYzAtNDkyNmQwMzEwNTg2IiwibmFtZSI6ImFkbWluIiwiZ2VuZGVyIjp0cnVlLCJlbWFpbCI6IjM3ODMzODYyN0BxcS5jb20ifSwiaWF0IjoxNTE1MzkxNTM0LCJleHAiOjE1MTU0Nzc5MzR9.xTSO5LjXlLw_mnRLgi5wgRP0nlwIEHF94Df3w-ZjsDU
request client ip:  ::ffff:127.0.0.1
request query:  {"token":"eyJhbGciOiJIUzI1NiIsInR5cCI6IkpXVCJ9.eyJkYXRhIjp7ImlkIjoiYTFjNmExYjAtNjdhZC00ZGExLWJmYzAtNDkyNmQwMzEwNTg2IiwibmFtZSI6ImFkbWluIiwiZ2VuZGVyIjp0cnVlLCJlbWFpbCI6IjM3ODMzODYyN0BxcS5jb20ifSwiaWF0IjoxNTE1MzkxNTM0LCJleHAiOjE1MTU0Nzc5MzR9.xTSO5LjXlLw_mnRLgi5wgRP0nlwIEHF94Df3w-ZjsDU"}
response time: 376
response status: 200
response body: 
{"status":0,"data":[{"name":"控股","description":"group2","status":1,"id":"0478b0a8-0fc4-45e8-94fe-5fe65cd1e9bc","createdAt":1515391003317,"updatedAt":1515391003317,"version":0},{"name":"管委会","description":"group1","status":1,"id":"f7eb1b39-792e-4646-84f0-ee1b23d09b8e","createdAt":1515391002908,"updatedAt":1515391002908,"version":0}],"total":2}
*************** response log end ***************

[2018-01-08 14:41:16.198] [INFO] resLogger - 
*************** response log start ***************
request method: GET
request originalUrl:  /api/corporations/list?token=eyJhbGciOiJIUzI1NiIsInR5cCI6IkpXVCJ9.eyJkYXRhIjp7ImlkIjoiYTFjNmExYjAtNjdhZC00ZGExLWJmYzAtNDkyNmQwMzEwNTg2IiwibmFtZSI6ImFkbWluIiwiZ2VuZGVyIjp0cnVlLCJlbWFpbCI6IjM3ODMzODYyN0BxcS5jb20ifSwiaWF0IjoxNTE1MzkxNTM0LCJleHAiOjE1MTU0Nzc5MzR9.xTSO5LjXlLw_mnRLgi5wgRP0nlwIEHF94Df3w-ZjsDU&group=0478b0a8-0fc4-45e8-94fe-5fe65cd1e9bc
request client ip:  ::ffff:127.0.0.1
request query:  {"token":"eyJhbGciOiJIUzI1NiIsInR5cCI6IkpXVCJ9.eyJkYXRhIjp7ImlkIjoiYTFjNmExYjAtNjdhZC00ZGExLWJmYzAtNDkyNmQwMzEwNTg2IiwibmFtZSI6ImFkbWluIiwiZ2VuZGVyIjp0cnVlLCJlbWFpbCI6IjM3ODMzODYyN0BxcS5jb20ifSwiaWF0IjoxNTE1MzkxNTM0LCJleHAiOjE1MTU0Nzc5MzR9.xTSO5LjXlLw_mnRLgi5wgRP0nlwIEHF94Df3w-ZjsDU","group":"0478b0a8-0fc4-45e8-94fe-5fe65cd1e9bc"}
response time: 115
response status: 200
response body: 
{"status":0,"data":[{"name":"建设公司","description":"建设公司","status":1,"groupId":"0478b0a8-0fc4-45e8-94fe-5fe65cd1e9bc","id":"b2b034ba-2626-4f48-9c78-c33eaf32670a","createdAt":1515391004865,"updatedAt":1515391004865,"version":0,"group":{"name":"控股","description":"group2","status":1,"id":"0478b0a8-0fc4-45e8-94fe-5fe65cd1e9bc","createdAt":1515391003317,"updatedAt":1515391003317,"version":0}},{"name":"公共事业公司","description":"公共事业公司","status":1,"groupId":"0478b0a8-0fc4-45e8-94fe-5fe65cd1e9bc","id":"2337e8e1-1e12-4e18-ad10-6b145ea5eabb","createdAt":1515391004793,"updatedAt":1515391004793,"version":0,"group":{"name":"控股","description":"group2","status":1,"id":"0478b0a8-0fc4-45e8-94fe-5fe65cd1e9bc","createdAt":1515391003317,"updatedAt":1515391003317,"version":0}},{"name":"融资租赁公司","description":"融资租赁公司","status":1,"groupId":"0478b0a8-0fc4-45e8-94fe-5fe65cd1e9bc","id":"75cd1e6f-bfe7-4519-a927-9ececc218a1f","createdAt":1515391004683,"updatedAt":1515391004683,"version":0,"group":{"name":"控股","description":"group2","status":1,"id":"0478b0a8-0fc4-45e8-94fe-5fe65cd1e9bc","createdAt":1515391003317,"updatedAt":1515391003317,"version":0}},{"name":"控股公司","description":"控股公司","status":1,"groupId":"0478b0a8-0fc4-45e8-94fe-5fe65cd1e9bc","id":"17bb0ac7-400e-4750-b67b-14395ad39cb3","createdAt":1515391004612,"updatedAt":1515391004612,"version":0,"group":{"name":"控股","description":"group2","status":1,"id":"0478b0a8-0fc4-45e8-94fe-5fe65cd1e9bc","createdAt":1515391003317,"updatedAt":1515391003317,"version":0}}],"total":4}
*************** response log end ***************

[2018-01-08 14:41:16.304] [INFO] resLogger - 
*************** response log start ***************
request method: GET
request originalUrl:  /api/corpBuildings/list/b2b034ba-2626-4f48-9c78-c33eaf32670a?token=eyJhbGciOiJIUzI1NiIsInR5cCI6IkpXVCJ9.eyJkYXRhIjp7ImlkIjoiYTFjNmExYjAtNjdhZC00ZGExLWJmYzAtNDkyNmQwMzEwNTg2IiwibmFtZSI6ImFkbWluIiwiZ2VuZGVyIjp0cnVlLCJlbWFpbCI6IjM3ODMzODYyN0BxcS5jb20ifSwiaWF0IjoxNTE1MzkxNTM0LCJleHAiOjE1MTU0Nzc5MzR9.xTSO5LjXlLw_mnRLgi5wgRP0nlwIEHF94Df3w-ZjsDU
request client ip:  ::ffff:127.0.0.1
request query:  {"token":"eyJhbGciOiJIUzI1NiIsInR5cCI6IkpXVCJ9.eyJkYXRhIjp7ImlkIjoiYTFjNmExYjAtNjdhZC00ZGExLWJmYzAtNDkyNmQwMzEwNTg2IiwibmFtZSI6ImFkbWluIiwiZ2VuZGVyIjp0cnVlLCJlbWFpbCI6IjM3ODMzODYyN0BxcS5jb20ifSwiaWF0IjoxNTE1MzkxNTM0LCJleHAiOjE1MTU0Nzc5MzR9.xTSO5LjXlLw_mnRLgi5wgRP0nlwIEHF94Df3w-ZjsDU"}
response time: 82
response status: 200
response body: 
{"status":0,"data":[{"corporationId":"b2b034ba-2626-4f48-9c78-c33eaf32670a","buildingId":"f1f964f0-fd63-4bed-ba55-bb5d80f8683f","floor":9,"position":"A","status":1,"id":"060e8870-ec4b-4b54-b0a8-aae3e2167177","createdAt":1515391005322,"updatedAt":1515391005322,"version":0,"building":{"name":"商务大厦北楼","address":"北","minfloor":1,"maxfloor":15,"status":1,"id":"f1f964f0-fd63-4bed-ba55-bb5d80f8683f","createdAt":1515391003537,"updatedAt":1515391003537,"version":0}},{"corporationId":"b2b034ba-2626-4f48-9c78-c33eaf32670a","buildingId":"f1f964f0-fd63-4bed-ba55-bb5d80f8683f","floor":8,"position":"E","status":1,"id":"46a9454a-7f24-47fb-a6cd-f11197d03069","createdAt":1515391005248,"updatedAt":1515391005248,"version":0,"building":{"name":"商务大厦北楼","address":"北","minfloor":1,"maxfloor":15,"status":1,"id":"f1f964f0-fd63-4bed-ba55-bb5d80f8683f","createdAt":1515391003537,"updatedAt":1515391003537,"version":0}}],"total":0}
*************** response log end ***************

[2018-01-08 14:41:59.413] [INFO] resLogger - 
*************** response log start ***************
request method: GET
request originalUrl:  /api/corpBuildings/list/2337e8e1-1e12-4e18-ad10-6b145ea5eabb?token=eyJhbGciOiJIUzI1NiIsInR5cCI6IkpXVCJ9.eyJkYXRhIjp7ImlkIjoiYTFjNmExYjAtNjdhZC00ZGExLWJmYzAtNDkyNmQwMzEwNTg2IiwibmFtZSI6ImFkbWluIiwiZ2VuZGVyIjp0cnVlLCJlbWFpbCI6IjM3ODMzODYyN0BxcS5jb20ifSwiaWF0IjoxNTE1MzkxNTM0LCJleHAiOjE1MTU0Nzc5MzR9.xTSO5LjXlLw_mnRLgi5wgRP0nlwIEHF94Df3w-ZjsDU
request client ip:  ::ffff:127.0.0.1
request query:  {"token":"eyJhbGciOiJIUzI1NiIsInR5cCI6IkpXVCJ9.eyJkYXRhIjp7ImlkIjoiYTFjNmExYjAtNjdhZC00ZGExLWJmYzAtNDkyNmQwMzEwNTg2IiwibmFtZSI6ImFkbWluIiwiZ2VuZGVyIjp0cnVlLCJlbWFpbCI6IjM3ODMzODYyN0BxcS5jb20ifSwiaWF0IjoxNTE1MzkxNTM0LCJleHAiOjE1MTU0Nzc5MzR9.xTSO5LjXlLw_mnRLgi5wgRP0nlwIEHF94Df3w-ZjsDU"}
response time: 101
response status: 200
response body: 
{"status":0,"data":[{"corporationId":"2337e8e1-1e12-4e18-ad10-6b145ea5eabb","buildingId":"f1f964f0-fd63-4bed-ba55-bb5d80f8683f","floor":6,"position":"E","status":1,"id":"67914e1e-7cea-4110-a9f8-0d97214c65f2","createdAt":1515391005166,"updatedAt":1515391005166,"version":0,"building":{"name":"商务大厦北楼","address":"北","minfloor":1,"maxfloor":15,"status":1,"id":"f1f964f0-fd63-4bed-ba55-bb5d80f8683f","createdAt":1515391003537,"updatedAt":1515391003537,"version":0}}],"total":0}
*************** response log end ***************

[2018-01-08 14:42:30.363] [INFO] resLogger - 
*************** response log start ***************
request method: GET
request originalUrl:  /api/equipType/list?token=eyJhbGciOiJIUzI1NiIsInR5cCI6IkpXVCJ9.eyJkYXRhIjp7ImlkIjoiYTFjNmExYjAtNjdhZC00ZGExLWJmYzAtNDkyNmQwMzEwNTg2IiwibmFtZSI6ImFkbWluIiwiZ2VuZGVyIjp0cnVlLCJlbWFpbCI6IjM3ODMzODYyN0BxcS5jb20ifSwiaWF0IjoxNTE1MzkxNTM0LCJleHAiOjE1MTU0Nzc5MzR9.xTSO5LjXlLw_mnRLgi5wgRP0nlwIEHF94Df3w-ZjsDU
request client ip:  ::ffff:127.0.0.1
request query:  {"token":"eyJhbGciOiJIUzI1NiIsInR5cCI6IkpXVCJ9.eyJkYXRhIjp7ImlkIjoiYTFjNmExYjAtNjdhZC00ZGExLWJmYzAtNDkyNmQwMzEwNTg2IiwibmFtZSI6ImFkbWluIiwiZ2VuZGVyIjp0cnVlLCJlbWFpbCI6IjM3ODMzODYyN0BxcS5jb20ifSwiaWF0IjoxNTE1MzkxNTM0LCJleHAiOjE1MTU0Nzc5MzR9.xTSO5LjXlLw_mnRLgi5wgRP0nlwIEHF94Df3w-ZjsDU"}
response time: 73
response status: 200
response body: 
{"status":0,"data":[{"name":"网络","code":"NETWORK","id":"3438a454-ff0e-4d9c-bb3d-69f9254062b6","createdAt":1515391006519,"updatedAt":1515391006519,"version":0},{"name":"软件","code":"SOFTWARE","id":"d8273aa7-2a90-4ac3-955e-14d6b621887e","createdAt":1515391006437,"updatedAt":1515391006437,"version":0},{"name":"硬件","code":"HARDWARE","id":"a674042e-dd4f-4102-9581-e8b87163e90d","createdAt":1515391006364,"updatedAt":1515391006364,"version":0}]}
*************** response log end ***************

[2018-01-08 14:42:30.478] [INFO] resLogger - 
*************** response log start ***************
request method: GET
request originalUrl:  /api/business/getequip/get/NETWORK?token=eyJhbGciOiJIUzI1NiIsInR5cCI6IkpXVCJ9.eyJkYXRhIjp7ImlkIjoiYTFjNmExYjAtNjdhZC00ZGExLWJmYzAtNDkyNmQwMzEwNTg2IiwibmFtZSI6ImFkbWluIiwiZ2VuZGVyIjp0cnVlLCJlbWFpbCI6IjM3ODMzODYyN0BxcS5jb20ifSwiaWF0IjoxNTE1MzkxNTM0LCJleHAiOjE1MTU0Nzc5MzR9.xTSO5LjXlLw_mnRLgi5wgRP0nlwIEHF94Df3w-ZjsDU
request client ip:  ::ffff:127.0.0.1
request query:  {"token":"eyJhbGciOiJIUzI1NiIsInR5cCI6IkpXVCJ9.eyJkYXRhIjp7ImlkIjoiYTFjNmExYjAtNjdhZC00ZGExLWJmYzAtNDkyNmQwMzEwNTg2IiwibmFtZSI6ImFkbWluIiwiZ2VuZGVyIjp0cnVlLCJlbWFpbCI6IjM3ODMzODYyN0BxcS5jb20ifSwiaWF0IjoxNTE1MzkxNTM0LCJleHAiOjE1MTU0Nzc5MzR9.xTSO5LjXlLw_mnRLgi5wgRP0nlwIEHF94Df3w-ZjsDU"}
response time: 81
response status: 200
response body: 
{"status":0,"data":[{"equipment":"IP地址","name":"IP地址"}]}
*************** response log end ***************

[2018-01-08 14:42:30.584] [INFO] resLogger - 
*************** response log start ***************
request method: GET
request originalUrl:  /api/business/list?token=eyJhbGciOiJIUzI1NiIsInR5cCI6IkpXVCJ9.eyJkYXRhIjp7ImlkIjoiYTFjNmExYjAtNjdhZC00ZGExLWJmYzAtNDkyNmQwMzEwNTg2IiwibmFtZSI6ImFkbWluIiwiZ2VuZGVyIjp0cnVlLCJlbWFpbCI6IjM3ODMzODYyN0BxcS5jb20ifSwiaWF0IjoxNTE1MzkxNTM0LCJleHAiOjE1MTU0Nzc5MzR9.xTSO5LjXlLw_mnRLgi5wgRP0nlwIEHF94Df3w-ZjsDU&type=NETWORK&equipment=IP%E5%9C%B0%E5%9D%80
request client ip:  ::ffff:127.0.0.1
request query:  {"token":"eyJhbGciOiJIUzI1NiIsInR5cCI6IkpXVCJ9.eyJkYXRhIjp7ImlkIjoiYTFjNmExYjAtNjdhZC00ZGExLWJmYzAtNDkyNmQwMzEwNTg2IiwibmFtZSI6ImFkbWluIiwiZ2VuZGVyIjp0cnVlLCJlbWFpbCI6IjM3ODMzODYyN0BxcS5jb20ifSwiaWF0IjoxNTE1MzkxNTM0LCJleHAiOjE1MTU0Nzc5MzR9.xTSO5LjXlLw_mnRLgi5wgRP0nlwIEHF94Df3w-ZjsDU","type":"NETWORK","equipment":"IP地址"}
response time: 91
response status: 200
response body: 
{"status":0,"data":[{"type":"NETWORK","equipment":"IP地址","operation":"SET","weight":5,"remark":"","status":1,"id":"dfc2c02a-c874-44ae-beb0-8c4870cc058f","createdAt":1515391007731,"updatedAt":1515391007731,"version":0,"equipType":{"name":"网络","code":"NETWORK","id":"3438a454-ff0e-4d9c-bb3d-69f9254062b6","createdAt":1515391006519,"updatedAt":1515391006519,"version":0},"equipOp":{"name":"设置","code":"SET","id":"d24e1e36-68bc-43f6-b13f-61afb687c34b","createdAt":1515391007004,"updatedAt":1515391007004,"version":0}},{"type":"NETWORK","equipment":"IP地址","operation":"CT","weight":5,"remark":"","status":1,"id":"fde56c78-20dd-467d-ab28-35922bffcecd","createdAt":1515391007659,"updatedAt":1515391007659,"version":0,"equipType":{"name":"网络","code":"NETWORK","id":"3438a454-ff0e-4d9c-bb3d-69f9254062b6","createdAt":1515391006519,"updatedAt":1515391006519,"version":0},"equipOp":{"name":"冲突","code":"CT","id":"01197697-f51b-41b9-9881-6637af02cab2","createdAt":1515391006932,"updatedAt":1515391006932,"version":0}}],"total":2}
*************** response log end ***************

