[2017-05-31 15:38:58.824] [INFO] resLogger - 
*************** response log start ***************
request method: GET
request originalUrl:  /admin
request client ip:  ::1
request query:  {}
response time: 611
response status: 200
response body: 
"<!DOCTYPE html><html class=\"fullscreen-bg\"><head><title>登录</title><meta charset=\"utf-8\"><meta http-equiv=\"X-UA-Compatible\" content=\"IE=edge,chrome=1\"><meta name=\"viewport\" content=\"width=device-width, initial-scale=1.0, maximum-scale=1.0, user-scalable=0\"><link rel=\"stylesheet\" href=\"assets/vendor/bootstrap/css/bootstrap.min.css\"><link rel=\"stylesheet\" href=\"assets/vendor/font-awesome/css/font-awesome.min.css\"><link rel=\"stylesheet\" href=\"assets/vendor/linearicons/style.css\"><link rel=\"stylesheet\" href=\"assets/css/main.css\"><link rel=\"stylesheet\" href=\"assets/css/demo.css\"><link rel=\"apple-touch-icon\" sizes=\"76x76\" href=\"assets/img/apple-icon.png\"><link rel=\"icon\" type=\"image/png\" sizes=\"96x96\" href=\"assets/img/favicon.png\"></head><body><div id=\"wrapper\"><div class=\"vertical-align-wrap\"><div class=\"vertical-align-middle\"><div class=\"auth-box\"><div class=\"left\"><div class=\"content\"><div class=\"header\"><p class=\"lead\">登录账户</p></div><form action=\"/admin/login\" method=\"POST\" class=\"form-auth-small\"><div class=\"form-group\"><label for=\"signin-email\" sr-only class=\"control-label sr-only\">用户名</label><input id=\"signin-email\" type=\"email\" value=\"samuel.gold@domain.com\" placeholder=\"用户名\" name=\"username\" class=\"form-control\"></div><div class=\"form-group\"><label for=\"signin-password\" sr-only class=\"control-label sr-only\">密码</label><input id=\"signin-password\" type=\"password\" value=\"thisisthepassword\" placeholder=\"Password\" name=\"password\" class=\"form-control form-control\"></div><div class=\"form-group clearfix\"><label class=\"fancy-checkbox element-left\"><input type=\"checkbox\"><span>记住我</span></label></div><button type=\"submit\" class=\"btn btn-primary btn-lg btn-block\">登录</button><div class=\"bottom\"><span class=\"helper-text\"><i class=\"fa fa-lock\"></i><a href=\"#\">忘记密码？</a></span></div></form></div></div><div class=\"right\"><div class=\"overlay\"></div></div><div class=\"clearfix\"></div></div></div></div></div></body></html>"
*************** response log end ***************

[2017-05-31 15:39:39.416] [INFO] resLogger - 
*************** response log start ***************
request method: GET
request originalUrl:  /admin/admin
request client ip:  ::1
request query:  {}
response time: 528
response status: 200
response body: 
"<!DOCTYPE html><html class=\"fullscreen-bg\"><head><title>欢迎</title><meta charset=\"utf-8\"><meta http-equiv=\"X-UA-Compatible\" content=\"IE=edge,chrome=1\"><meta name=\"viewport\" content=\"width=device-width, initial-scale=1.0, maximum-scale=1.0, user-scalable=0\"><link rel=\"stylesheet\" href=\"assets/vendor/bootstrap/css/bootstrap.min.css\"><link rel=\"stylesheet\" href=\"assets/vendor/font-awesome/css/font-awesome.min.css\"><link rel=\"stylesheet\" href=\"assets/vendor/linearicons/style.css\"><link rel=\"stylesheet\" href=\"assets/css/main.css\"><link rel=\"stylesheet\" href=\"assets/css/demo.css\"><link rel=\"apple-touch-icon\" sizes=\"76x76\" href=\"assets/img/apple-icon.png\"><link rel=\"icon\" type=\"image/png\" sizes=\"96x96\" href=\"assets/img/favicon.png\"></head><body><div id=\"wrapper\"><div class=\"vertical-align-wrap\"><div class=\"vertical-align-middle\"><div class=\"auth-box\"><div class=\"left\"><div class=\"content\"><div class=\"header\"><p class=\"lead\">登录账户</p></div><form action=\"/admin/login\" method=\"POST\" class=\"form-auth-small\"><div class=\"form-group\"><label for=\"signin-email\" sr-only class=\"control-label sr-only\">用户名</label><input id=\"signin-email\" type=\"email\" value=\"samuel.gold@domain.com\" placeholder=\"用户名\" name=\"username\" class=\"form-control\"></div><div class=\"form-group\"><label for=\"signin-password\" sr-only class=\"control-label sr-only\">密码</label><input id=\"signin-password\" type=\"password\" value=\"thisisthepassword\" placeholder=\"Password\" name=\"password\" class=\"form-control form-control\"></div><div class=\"form-group clearfix\"><label class=\"fancy-checkbox element-left\"><input type=\"checkbox\"><span>记住我</span></label></div><button type=\"submit\" class=\"btn btn-primary btn-lg btn-block\">登录</button><div class=\"bottom\"><span class=\"helper-text\"><i class=\"fa fa-lock\"></i><a href=\"#\">忘记密码？</a></span></div></form></div></div><div class=\"right\"><div class=\"overlay\"></div></div><div class=\"clearfix\"></div></div></div></div></div></body></html>"
*************** response log end ***************

[2017-05-31 15:39:39.444] [INFO] resLogger - 
*************** response log start ***************
request method: GET
request originalUrl:  /admin/assets/css/demo.css
request client ip:  ::ffff:127.0.0.1
request query:  {}
response time: 1
response status: 404
response body: 
undefined
*************** response log end ***************

[2017-05-31 15:39:39.446] [INFO] resLogger - 
*************** response log start ***************
request method: GET
request originalUrl:  /admin/assets/vendor/bootstrap/css/bootstrap.min.css
request client ip:  ::1
request query:  {}
response time: 0
response status: 404
response body: 
undefined
*************** response log end ***************

[2017-05-31 15:39:39.447] [INFO] resLogger - 
*************** response log start ***************
request method: GET
request originalUrl:  /admin/assets/vendor/font-awesome/css/font-awesome.min.css
request client ip:  ::1
request query:  {}
response time: 0
response status: 404
response body: 
undefined
*************** response log end ***************

[2017-05-31 15:39:39.449] [INFO] resLogger - 
*************** response log start ***************
request method: GET
request originalUrl:  /admin/assets/vendor/linearicons/style.css
request client ip:  ::1
request query:  {}
response time: 1
response status: 404
response body: 
undefined
*************** response log end ***************

[2017-05-31 15:39:39.450] [INFO] resLogger - 
*************** response log start ***************
request method: GET
request originalUrl:  /admin/assets/css/main.css
request client ip:  ::1
request query:  {}
response time: 0
response status: 404
response body: 
undefined
*************** response log end ***************

[2017-05-31 15:39:39.466] [INFO] resLogger - 
*************** response log start ***************
request method: GET
request originalUrl:  /admin/assets/img/favicon.png
request client ip:  ::1
request query:  {}
response time: 0
response status: 404
response body: 
undefined
*************** response log end ***************

[2017-05-31 15:41:49.287] [INFO] resLogger - 
*************** response log start ***************
request method: GET
request originalUrl:  /admin/admin
request client ip:  ::1
request query:  {}
response time: 490
response status: 200
response body: 
"<!DOCTYPE html><html class=\"fullscreen-bg\"><head><title>欢迎</title><meta charset=\"utf-8\"><meta http-equiv=\"X-UA-Compatible\" content=\"IE=edge,chrome=1\"><meta name=\"viewport\" content=\"width=device-width, initial-scale=1.0, maximum-scale=1.0, user-scalable=0\"><link rel=\"stylesheet\" href=\"assets/vendor/bootstrap/css/bootstrap.min.css\"><link rel=\"stylesheet\" href=\"assets/vendor/font-awesome/css/font-awesome.min.css\"><link rel=\"stylesheet\" href=\"assets/vendor/linearicons/style.css\"><link rel=\"stylesheet\" href=\"assets/css/main.css\"><link rel=\"stylesheet\" href=\"assets/css/demo.css\"><link rel=\"apple-touch-icon\" sizes=\"76x76\" href=\"assets/img/apple-icon.png\"><link rel=\"icon\" type=\"image/png\" sizes=\"96x96\" href=\"assets/img/favicon.png\"></head><body></body></html>"
*************** response log end ***************

[2017-05-31 15:41:49.321] [INFO] resLogger - 
*************** response log start ***************
request method: GET
request originalUrl:  /admin/assets/vendor/bootstrap/css/bootstrap.min.css
request client ip:  ::1
request query:  {}
response time: 1
response status: 404
response body: 
undefined
*************** response log end ***************

[2017-05-31 15:41:49.326] [INFO] resLogger - 
*************** response log start ***************
request method: GET
request originalUrl:  /admin/assets/vendor/font-awesome/css/font-awesome.min.css
request client ip:  ::1
request query:  {}
response time: 0
response status: 404
response body: 
undefined
*************** response log end ***************

[2017-05-31 15:41:49.328] [INFO] resLogger - 
*************** response log start ***************
request method: GET
request originalUrl:  /admin/assets/vendor/linearicons/style.css
request client ip:  ::1
request query:  {}
response time: 1
response status: 404
response body: 
undefined
*************** response log end ***************

[2017-05-31 15:41:49.334] [INFO] resLogger - 
*************** response log start ***************
request method: GET
request originalUrl:  /admin/assets/css/main.css
request client ip:  ::1
request query:  {}
response time: 0
response status: 404
response body: 
undefined
*************** response log end ***************

[2017-05-31 15:41:49.337] [INFO] resLogger - 
*************** response log start ***************
request method: GET
request originalUrl:  /admin/assets/css/demo.css
request client ip:  ::1
request query:  {}
response time: 0
response status: 404
response body: 
undefined
*************** response log end ***************

[2017-05-31 15:42:45.722] [INFO] resLogger - 
*************** response log start ***************
request method: GET
request originalUrl:  /admin/admin
request client ip:  ::1
request query:  {}
response time: 512
response status: 200
response body: 
"<!DOCTYPE html><html class=\"fullscreen-bg\"><head><title>欢迎</title><meta charset=\"utf-8\"><meta http-equiv=\"X-UA-Compatible\" content=\"IE=edge,chrome=1\"><meta name=\"viewport\" content=\"width=device-width, initial-scale=1.0, maximum-scale=1.0, user-scalable=0\"><link rel=\"stylesheet\" href=\"assets/vendor/bootstrap/css/bootstrap.min.css\"><link rel=\"stylesheet\" href=\"assets/vendor/font-awesome/css/font-awesome.min.css\"><link rel=\"stylesheet\" href=\"assets/vendor/linearicons/style.css\"><link rel=\"stylesheet\" href=\"assets/css/main.css\"><link rel=\"stylesheet\" href=\"assets/css/demo.css\"><link rel=\"apple-touch-icon\" sizes=\"76x76\" href=\"assets/img/apple-icon.png\"><link rel=\"icon\" type=\"image/png\" sizes=\"96x96\" href=\"assets/img/favicon.png\"></head><body><div id=\"wrapper\"><div class=\"main\"></div><div class=\"clearfix\"></div><footer><div class=\"container-fluid\"><p class=\"copyright\">&copy: 2017<a href=\"#\" target=\"_blank\">Theme I Need</a>.All Rights Reserved. More Templates<a href=\"#\" target=\"_blank\" title=\"模板之家\"></a>- Collect from<a href=\"#\">网页模板</a></p></div></footer></div></body></html>"
*************** response log end ***************

[2017-05-31 15:42:45.758] [INFO] resLogger - 
*************** response log start ***************
request method: GET
request originalUrl:  /admin/assets/vendor/bootstrap/css/bootstrap.min.css
request client ip:  ::1
request query:  {}
response time: 0
response status: 404
response body: 
undefined
*************** response log end ***************

[2017-05-31 15:42:45.762] [INFO] resLogger - 
*************** response log start ***************
request method: GET
request originalUrl:  /admin/assets/vendor/font-awesome/css/font-awesome.min.css
request client ip:  ::1
request query:  {}
response time: 1
response status: 404
response body: 
undefined
*************** response log end ***************

[2017-05-31 15:42:45.763] [INFO] resLogger - 
*************** response log start ***************
request method: GET
request originalUrl:  /admin/assets/vendor/linearicons/style.css
request client ip:  ::1
request query:  {}
response time: 0
response status: 404
response body: 
undefined
*************** response log end ***************

[2017-05-31 15:42:45.764] [INFO] resLogger - 
*************** response log start ***************
request method: GET
request originalUrl:  /admin/assets/css/main.css
request client ip:  ::1
request query:  {}
response time: 0
response status: 404
response body: 
undefined
*************** response log end ***************

[2017-05-31 15:42:45.771] [INFO] resLogger - 
*************** response log start ***************
request method: GET
request originalUrl:  /admin/assets/css/demo.css
request client ip:  ::1
request query:  {}
response time: 1
response status: 404
response body: 
undefined
*************** response log end ***************

