[2017-07-25 14:43:17.543] [INFO] resLogger - 
*************** response log start ***************
request method: GET
request originalUrl:  /api/user/?token=eyJhbGciOiJIUzI1NiIsInR5cCI6IkpXVCJ9.eyJkYXRhIjp7ImlkIjoiM2VmODkzYTAtZmJlMy00Njc1LWIzZWQtMTFmMzQ0OWE1NDJhIiwibmFtZSI6ImFkbWluIiwiZ2VuZGVyIjp0cnVlLCJlbWFpbCI6IjM3ODMzODYyN0BxcS5jb20ifSwiaWF0IjoxNTAwODg5NzUwLCJleHAiOjE1MDA5NzYxNTB9.nmYEHF1anQvehBiN7oZcX2sZL7vm2q1bQYRo2daz8UQ
request client ip:  ::ffff:127.0.0.1
request query:  {"token":"eyJhbGciOiJIUzI1NiIsInR5cCI6IkpXVCJ9.eyJkYXRhIjp7ImlkIjoiM2VmODkzYTAtZmJlMy00Njc1LWIzZWQtMTFmMzQ0OWE1NDJhIiwibmFtZSI6ImFkbWluIiwiZ2VuZGVyIjp0cnVlLCJlbWFpbCI6IjM3ODMzODYyN0BxcS5jb20ifSwiaWF0IjoxNTAwODg5NzUwLCJleHAiOjE1MDA5NzYxNTB9.nmYEHF1anQvehBiN7oZcX2sZL7vm2q1bQYRo2daz8UQ"}
response time: 127
response status: 200
response body: 
{"status":0,"data":{"name":"admin","email":"378338627@qq.com","password":"$2a$10$IpzlsTVfA4wPL7yB4r/l9uK1sTZc8iEqtIRCbfgt8VYOhcveb.FbS","gender":true,"token":"eyJhbGciOiJIUzI1NiIsInR5cCI6IkpXVCJ9.eyJkYXRhIjp7ImlkIjoiM2VmODkzYTAtZmJlMy00Njc1LWIzZWQtMTFmMzQ0OWE1NDJhIiwibmFtZSI6ImFkbWluIiwiZ2VuZGVyIjp0cnVlLCJlbWFpbCI6IjM3ODMzODYyN0BxcS5jb20ifSwiaWF0IjoxNTAwODg5NzUwLCJleHAiOjE1MDA5NzYxNTB9.nmYEHF1anQvehBiN7oZcX2sZL7vm2q1bQYRo2daz8UQ","id":"3ef893a0-fbe3-4675-b3ed-11f3449a542a","createdAt":1500889687885,"updatedAt":1500889750205,"version":1}}
*************** response log end ***************

[2017-07-25 14:43:17.818] [INFO] resLogger - 
*************** response log start ***************
request method: GET
request originalUrl:  /api/corporations/cb75f642-1b8c-4a75-b650-bee00e4b331c?token=eyJhbGciOiJIUzI1NiIsInR5cCI6IkpXVCJ9.eyJkYXRhIjp7ImlkIjoiM2VmODkzYTAtZmJlMy00Njc1LWIzZWQtMTFmMzQ0OWE1NDJhIiwibmFtZSI6ImFkbWluIiwiZ2VuZGVyIjp0cnVlLCJlbWFpbCI6IjM3ODMzODYyN0BxcS5jb20ifSwiaWF0IjoxNTAwODg5NzUwLCJleHAiOjE1MDA5NzYxNTB9.nmYEHF1anQvehBiN7oZcX2sZL7vm2q1bQYRo2daz8UQ
request client ip:  ::ffff:127.0.0.1
request query:  {"token":"eyJhbGciOiJIUzI1NiIsInR5cCI6IkpXVCJ9.eyJkYXRhIjp7ImlkIjoiM2VmODkzYTAtZmJlMy00Njc1LWIzZWQtMTFmMzQ0OWE1NDJhIiwibmFtZSI6ImFkbWluIiwiZ2VuZGVyIjp0cnVlLCJlbWFpbCI6IjM3ODMzODYyN0BxcS5jb20ifSwiaWF0IjoxNTAwODg5NzUwLCJleHAiOjE1MDA5NzYxNTB9.nmYEHF1anQvehBiN7oZcX2sZL7vm2q1bQYRo2daz8UQ"}
response time: 58
response status: 200
response body: 
{"status":0,"data":{"name":"4","description":"4","status":1,"groupId":"4f485130-1332-45bd-a4ee-70366e048671","id":"cb75f642-1b8c-4a75-b650-bee00e4b331c","createdAt":1500953523137,"updatedAt":1500953523137,"version":0}}
*************** response log end ***************

[2017-07-25 14:43:17.894] [INFO] resLogger - 
*************** response log start ***************
request method: GET
request originalUrl:  /api/groups/list?token=eyJhbGciOiJIUzI1NiIsInR5cCI6IkpXVCJ9.eyJkYXRhIjp7ImlkIjoiM2VmODkzYTAtZmJlMy00Njc1LWIzZWQtMTFmMzQ0OWE1NDJhIiwibmFtZSI6ImFkbWluIiwiZ2VuZGVyIjp0cnVlLCJlbWFpbCI6IjM3ODMzODYyN0BxcS5jb20ifSwiaWF0IjoxNTAwODg5NzUwLCJleHAiOjE1MDA5NzYxNTB9.nmYEHF1anQvehBiN7oZcX2sZL7vm2q1bQYRo2daz8UQ
request client ip:  ::ffff:127.0.0.1
request query:  {"token":"eyJhbGciOiJIUzI1NiIsInR5cCI6IkpXVCJ9.eyJkYXRhIjp7ImlkIjoiM2VmODkzYTAtZmJlMy00Njc1LWIzZWQtMTFmMzQ0OWE1NDJhIiwibmFtZSI6ImFkbWluIiwiZ2VuZGVyIjp0cnVlLCJlbWFpbCI6IjM3ODMzODYyN0BxcS5jb20ifSwiaWF0IjoxNTAwODg5NzUwLCJleHAiOjE1MDA5NzYxNTB9.nmYEHF1anQvehBiN7oZcX2sZL7vm2q1bQYRo2daz8UQ"}
response time: 74
response status: 200
response body: 
{"status":0,"data":[{"name":"1","description":"1","status":1,"id":"4f485130-1332-45bd-a4ee-70366e048671","createdAt":1500889758625,"updatedAt":1500889758625,"version":0}],"total":1}
*************** response log end ***************

[2017-07-25 14:43:54.616] [INFO] resLogger - 
*************** response log start ***************
request method: GET
request originalUrl:  /api/user/?token=eyJhbGciOiJIUzI1NiIsInR5cCI6IkpXVCJ9.eyJkYXRhIjp7ImlkIjoiM2VmODkzYTAtZmJlMy00Njc1LWIzZWQtMTFmMzQ0OWE1NDJhIiwibmFtZSI6ImFkbWluIiwiZ2VuZGVyIjp0cnVlLCJlbWFpbCI6IjM3ODMzODYyN0BxcS5jb20ifSwiaWF0IjoxNTAwODg5NzUwLCJleHAiOjE1MDA5NzYxNTB9.nmYEHF1anQvehBiN7oZcX2sZL7vm2q1bQYRo2daz8UQ
request client ip:  ::ffff:127.0.0.1
request query:  {"token":"eyJhbGciOiJIUzI1NiIsInR5cCI6IkpXVCJ9.eyJkYXRhIjp7ImlkIjoiM2VmODkzYTAtZmJlMy00Njc1LWIzZWQtMTFmMzQ0OWE1NDJhIiwibmFtZSI6ImFkbWluIiwiZ2VuZGVyIjp0cnVlLCJlbWFpbCI6IjM3ODMzODYyN0BxcS5jb20ifSwiaWF0IjoxNTAwODg5NzUwLCJleHAiOjE1MDA5NzYxNTB9.nmYEHF1anQvehBiN7oZcX2sZL7vm2q1bQYRo2daz8UQ"}
response time: 60
response status: 200
response body: 
{"status":0,"data":{"name":"admin","email":"378338627@qq.com","password":"$2a$10$IpzlsTVfA4wPL7yB4r/l9uK1sTZc8iEqtIRCbfgt8VYOhcveb.FbS","gender":true,"token":"eyJhbGciOiJIUzI1NiIsInR5cCI6IkpXVCJ9.eyJkYXRhIjp7ImlkIjoiM2VmODkzYTAtZmJlMy00Njc1LWIzZWQtMTFmMzQ0OWE1NDJhIiwibmFtZSI6ImFkbWluIiwiZ2VuZGVyIjp0cnVlLCJlbWFpbCI6IjM3ODMzODYyN0BxcS5jb20ifSwiaWF0IjoxNTAwODg5NzUwLCJleHAiOjE1MDA5NzYxNTB9.nmYEHF1anQvehBiN7oZcX2sZL7vm2q1bQYRo2daz8UQ","id":"3ef893a0-fbe3-4675-b3ed-11f3449a542a","createdAt":1500889687885,"updatedAt":1500889750205,"version":1}}
*************** response log end ***************

[2017-07-25 14:43:54.756] [INFO] resLogger - 
*************** response log start ***************
request method: GET
request originalUrl:  /api/corporations/cb75f642-1b8c-4a75-b650-bee00e4b331c?token=eyJhbGciOiJIUzI1NiIsInR5cCI6IkpXVCJ9.eyJkYXRhIjp7ImlkIjoiM2VmODkzYTAtZmJlMy00Njc1LWIzZWQtMTFmMzQ0OWE1NDJhIiwibmFtZSI6ImFkbWluIiwiZ2VuZGVyIjp0cnVlLCJlbWFpbCI6IjM3ODMzODYyN0BxcS5jb20ifSwiaWF0IjoxNTAwODg5NzUwLCJleHAiOjE1MDA5NzYxNTB9.nmYEHF1anQvehBiN7oZcX2sZL7vm2q1bQYRo2daz8UQ
request client ip:  ::ffff:127.0.0.1
request query:  {"token":"eyJhbGciOiJIUzI1NiIsInR5cCI6IkpXVCJ9.eyJkYXRhIjp7ImlkIjoiM2VmODkzYTAtZmJlMy00Njc1LWIzZWQtMTFmMzQ0OWE1NDJhIiwibmFtZSI6ImFkbWluIiwiZ2VuZGVyIjp0cnVlLCJlbWFpbCI6IjM3ODMzODYyN0BxcS5jb20ifSwiaWF0IjoxNTAwODg5NzUwLCJleHAiOjE1MDA5NzYxNTB9.nmYEHF1anQvehBiN7oZcX2sZL7vm2q1bQYRo2daz8UQ"}
response time: 44
response status: 200
response body: 
{"status":0,"data":{"name":"4","description":"4","status":1,"groupId":"4f485130-1332-45bd-a4ee-70366e048671","id":"cb75f642-1b8c-4a75-b650-bee00e4b331c","createdAt":1500953523137,"updatedAt":1500953523137,"version":0}}
*************** response log end ***************

[2017-07-25 14:43:54.819] [INFO] resLogger - 
*************** response log start ***************
request method: GET
request originalUrl:  /api/groups/list?token=eyJhbGciOiJIUzI1NiIsInR5cCI6IkpXVCJ9.eyJkYXRhIjp7ImlkIjoiM2VmODkzYTAtZmJlMy00Njc1LWIzZWQtMTFmMzQ0OWE1NDJhIiwibmFtZSI6ImFkbWluIiwiZ2VuZGVyIjp0cnVlLCJlbWFpbCI6IjM3ODMzODYyN0BxcS5jb20ifSwiaWF0IjoxNTAwODg5NzUwLCJleHAiOjE1MDA5NzYxNTB9.nmYEHF1anQvehBiN7oZcX2sZL7vm2q1bQYRo2daz8UQ
request client ip:  ::ffff:127.0.0.1
request query:  {"token":"eyJhbGciOiJIUzI1NiIsInR5cCI6IkpXVCJ9.eyJkYXRhIjp7ImlkIjoiM2VmODkzYTAtZmJlMy00Njc1LWIzZWQtMTFmMzQ0OWE1NDJhIiwibmFtZSI6ImFkbWluIiwiZ2VuZGVyIjp0cnVlLCJlbWFpbCI6IjM3ODMzODYyN0BxcS5jb20ifSwiaWF0IjoxNTAwODg5NzUwLCJleHAiOjE1MDA5NzYxNTB9.nmYEHF1anQvehBiN7oZcX2sZL7vm2q1bQYRo2daz8UQ"}
response time: 62
response status: 200
response body: 
{"status":0,"data":[{"name":"1","description":"1","status":1,"id":"4f485130-1332-45bd-a4ee-70366e048671","createdAt":1500889758625,"updatedAt":1500889758625,"version":0}],"total":1}
*************** response log end ***************

[2017-07-25 14:44:55.589] [INFO] resLogger - 
*************** response log start ***************
request method: GET
request originalUrl:  /api/user/?token=eyJhbGciOiJIUzI1NiIsInR5cCI6IkpXVCJ9.eyJkYXRhIjp7ImlkIjoiM2VmODkzYTAtZmJlMy00Njc1LWIzZWQtMTFmMzQ0OWE1NDJhIiwibmFtZSI6ImFkbWluIiwiZ2VuZGVyIjp0cnVlLCJlbWFpbCI6IjM3ODMzODYyN0BxcS5jb20ifSwiaWF0IjoxNTAwODg5NzUwLCJleHAiOjE1MDA5NzYxNTB9.nmYEHF1anQvehBiN7oZcX2sZL7vm2q1bQYRo2daz8UQ
request client ip:  ::ffff:127.0.0.1
request query:  {"token":"eyJhbGciOiJIUzI1NiIsInR5cCI6IkpXVCJ9.eyJkYXRhIjp7ImlkIjoiM2VmODkzYTAtZmJlMy00Njc1LWIzZWQtMTFmMzQ0OWE1NDJhIiwibmFtZSI6ImFkbWluIiwiZ2VuZGVyIjp0cnVlLCJlbWFpbCI6IjM3ODMzODYyN0BxcS5jb20ifSwiaWF0IjoxNTAwODg5NzUwLCJleHAiOjE1MDA5NzYxNTB9.nmYEHF1anQvehBiN7oZcX2sZL7vm2q1bQYRo2daz8UQ"}
response time: 54
response status: 200
response body: 
{"status":0,"data":{"name":"admin","email":"378338627@qq.com","password":"$2a$10$IpzlsTVfA4wPL7yB4r/l9uK1sTZc8iEqtIRCbfgt8VYOhcveb.FbS","gender":true,"token":"eyJhbGciOiJIUzI1NiIsInR5cCI6IkpXVCJ9.eyJkYXRhIjp7ImlkIjoiM2VmODkzYTAtZmJlMy00Njc1LWIzZWQtMTFmMzQ0OWE1NDJhIiwibmFtZSI6ImFkbWluIiwiZ2VuZGVyIjp0cnVlLCJlbWFpbCI6IjM3ODMzODYyN0BxcS5jb20ifSwiaWF0IjoxNTAwODg5NzUwLCJleHAiOjE1MDA5NzYxNTB9.nmYEHF1anQvehBiN7oZcX2sZL7vm2q1bQYRo2daz8UQ","id":"3ef893a0-fbe3-4675-b3ed-11f3449a542a","createdAt":1500889687885,"updatedAt":1500889750205,"version":1}}
*************** response log end ***************

[2017-07-25 14:44:55.725] [INFO] resLogger - 
*************** response log start ***************
request method: GET
request originalUrl:  /api/corporations/cb75f642-1b8c-4a75-b650-bee00e4b331c?token=eyJhbGciOiJIUzI1NiIsInR5cCI6IkpXVCJ9.eyJkYXRhIjp7ImlkIjoiM2VmODkzYTAtZmJlMy00Njc1LWIzZWQtMTFmMzQ0OWE1NDJhIiwibmFtZSI6ImFkbWluIiwiZ2VuZGVyIjp0cnVlLCJlbWFpbCI6IjM3ODMzODYyN0BxcS5jb20ifSwiaWF0IjoxNTAwODg5NzUwLCJleHAiOjE1MDA5NzYxNTB9.nmYEHF1anQvehBiN7oZcX2sZL7vm2q1bQYRo2daz8UQ
request client ip:  ::ffff:127.0.0.1
request query:  {"token":"eyJhbGciOiJIUzI1NiIsInR5cCI6IkpXVCJ9.eyJkYXRhIjp7ImlkIjoiM2VmODkzYTAtZmJlMy00Njc1LWIzZWQtMTFmMzQ0OWE1NDJhIiwibmFtZSI6ImFkbWluIiwiZ2VuZGVyIjp0cnVlLCJlbWFpbCI6IjM3ODMzODYyN0BxcS5jb20ifSwiaWF0IjoxNTAwODg5NzUwLCJleHAiOjE1MDA5NzYxNTB9.nmYEHF1anQvehBiN7oZcX2sZL7vm2q1bQYRo2daz8UQ"}
response time: 48
response status: 200
response body: 
{"status":0,"data":{"name":"4","description":"4","status":1,"groupId":"4f485130-1332-45bd-a4ee-70366e048671","id":"cb75f642-1b8c-4a75-b650-bee00e4b331c","createdAt":1500953523137,"updatedAt":1500953523137,"version":0}}
*************** response log end ***************

[2017-07-25 14:44:55.785] [INFO] resLogger - 
*************** response log start ***************
request method: GET
request originalUrl:  /api/groups/list?token=eyJhbGciOiJIUzI1NiIsInR5cCI6IkpXVCJ9.eyJkYXRhIjp7ImlkIjoiM2VmODkzYTAtZmJlMy00Njc1LWIzZWQtMTFmMzQ0OWE1NDJhIiwibmFtZSI6ImFkbWluIiwiZ2VuZGVyIjp0cnVlLCJlbWFpbCI6IjM3ODMzODYyN0BxcS5jb20ifSwiaWF0IjoxNTAwODg5NzUwLCJleHAiOjE1MDA5NzYxNTB9.nmYEHF1anQvehBiN7oZcX2sZL7vm2q1bQYRo2daz8UQ
request client ip:  ::ffff:127.0.0.1
request query:  {"token":"eyJhbGciOiJIUzI1NiIsInR5cCI6IkpXVCJ9.eyJkYXRhIjp7ImlkIjoiM2VmODkzYTAtZmJlMy00Njc1LWIzZWQtMTFmMzQ0OWE1NDJhIiwibmFtZSI6ImFkbWluIiwiZ2VuZGVyIjp0cnVlLCJlbWFpbCI6IjM3ODMzODYyN0BxcS5jb20ifSwiaWF0IjoxNTAwODg5NzUwLCJleHAiOjE1MDA5NzYxNTB9.nmYEHF1anQvehBiN7oZcX2sZL7vm2q1bQYRo2daz8UQ"}
response time: 58
response status: 200
response body: 
{"status":0,"data":[{"name":"1","description":"1","status":1,"id":"4f485130-1332-45bd-a4ee-70366e048671","createdAt":1500889758625,"updatedAt":1500889758625,"version":0}],"total":1}
*************** response log end ***************

[2017-07-25 14:46:08.091] [INFO] resLogger - 
*************** response log start ***************
request method: GET
request originalUrl:  /api/user/?token=eyJhbGciOiJIUzI1NiIsInR5cCI6IkpXVCJ9.eyJkYXRhIjp7ImlkIjoiM2VmODkzYTAtZmJlMy00Njc1LWIzZWQtMTFmMzQ0OWE1NDJhIiwibmFtZSI6ImFkbWluIiwiZ2VuZGVyIjp0cnVlLCJlbWFpbCI6IjM3ODMzODYyN0BxcS5jb20ifSwiaWF0IjoxNTAwODg5NzUwLCJleHAiOjE1MDA5NzYxNTB9.nmYEHF1anQvehBiN7oZcX2sZL7vm2q1bQYRo2daz8UQ
request client ip:  ::ffff:127.0.0.1
request query:  {"token":"eyJhbGciOiJIUzI1NiIsInR5cCI6IkpXVCJ9.eyJkYXRhIjp7ImlkIjoiM2VmODkzYTAtZmJlMy00Njc1LWIzZWQtMTFmMzQ0OWE1NDJhIiwibmFtZSI6ImFkbWluIiwiZ2VuZGVyIjp0cnVlLCJlbWFpbCI6IjM3ODMzODYyN0BxcS5jb20ifSwiaWF0IjoxNTAwODg5NzUwLCJleHAiOjE1MDA5NzYxNTB9.nmYEHF1anQvehBiN7oZcX2sZL7vm2q1bQYRo2daz8UQ"}
response time: 65
response status: 200
response body: 
{"status":0,"data":{"name":"admin","email":"378338627@qq.com","password":"$2a$10$IpzlsTVfA4wPL7yB4r/l9uK1sTZc8iEqtIRCbfgt8VYOhcveb.FbS","gender":true,"token":"eyJhbGciOiJIUzI1NiIsInR5cCI6IkpXVCJ9.eyJkYXRhIjp7ImlkIjoiM2VmODkzYTAtZmJlMy00Njc1LWIzZWQtMTFmMzQ0OWE1NDJhIiwibmFtZSI6ImFkbWluIiwiZ2VuZGVyIjp0cnVlLCJlbWFpbCI6IjM3ODMzODYyN0BxcS5jb20ifSwiaWF0IjoxNTAwODg5NzUwLCJleHAiOjE1MDA5NzYxNTB9.nmYEHF1anQvehBiN7oZcX2sZL7vm2q1bQYRo2daz8UQ","id":"3ef893a0-fbe3-4675-b3ed-11f3449a542a","createdAt":1500889687885,"updatedAt":1500889750205,"version":1}}
*************** response log end ***************

[2017-07-25 14:46:08.269] [INFO] resLogger - 
*************** response log start ***************
request method: GET
request originalUrl:  /api/corporations/cb75f642-1b8c-4a75-b650-bee00e4b331c?token=eyJhbGciOiJIUzI1NiIsInR5cCI6IkpXVCJ9.eyJkYXRhIjp7ImlkIjoiM2VmODkzYTAtZmJlMy00Njc1LWIzZWQtMTFmMzQ0OWE1NDJhIiwibmFtZSI6ImFkbWluIiwiZ2VuZGVyIjp0cnVlLCJlbWFpbCI6IjM3ODMzODYyN0BxcS5jb20ifSwiaWF0IjoxNTAwODg5NzUwLCJleHAiOjE1MDA5NzYxNTB9.nmYEHF1anQvehBiN7oZcX2sZL7vm2q1bQYRo2daz8UQ
request client ip:  ::ffff:127.0.0.1
request query:  {"token":"eyJhbGciOiJIUzI1NiIsInR5cCI6IkpXVCJ9.eyJkYXRhIjp7ImlkIjoiM2VmODkzYTAtZmJlMy00Njc1LWIzZWQtMTFmMzQ0OWE1NDJhIiwibmFtZSI6ImFkbWluIiwiZ2VuZGVyIjp0cnVlLCJlbWFpbCI6IjM3ODMzODYyN0BxcS5jb20ifSwiaWF0IjoxNTAwODg5NzUwLCJleHAiOjE1MDA5NzYxNTB9.nmYEHF1anQvehBiN7oZcX2sZL7vm2q1bQYRo2daz8UQ"}
response time: 43
response status: 200
response body: 
{"status":0,"data":{"name":"4","description":"4","status":1,"groupId":"4f485130-1332-45bd-a4ee-70366e048671","id":"cb75f642-1b8c-4a75-b650-bee00e4b331c","createdAt":1500953523137,"updatedAt":1500953523137,"version":0}}
*************** response log end ***************

[2017-07-25 14:46:08.324] [INFO] resLogger - 
*************** response log start ***************
request method: GET
request originalUrl:  /api/groups/list?token=eyJhbGciOiJIUzI1NiIsInR5cCI6IkpXVCJ9.eyJkYXRhIjp7ImlkIjoiM2VmODkzYTAtZmJlMy00Njc1LWIzZWQtMTFmMzQ0OWE1NDJhIiwibmFtZSI6ImFkbWluIiwiZ2VuZGVyIjp0cnVlLCJlbWFpbCI6IjM3ODMzODYyN0BxcS5jb20ifSwiaWF0IjoxNTAwODg5NzUwLCJleHAiOjE1MDA5NzYxNTB9.nmYEHF1anQvehBiN7oZcX2sZL7vm2q1bQYRo2daz8UQ
request client ip:  ::ffff:127.0.0.1
request query:  {"token":"eyJhbGciOiJIUzI1NiIsInR5cCI6IkpXVCJ9.eyJkYXRhIjp7ImlkIjoiM2VmODkzYTAtZmJlMy00Njc1LWIzZWQtMTFmMzQ0OWE1NDJhIiwibmFtZSI6ImFkbWluIiwiZ2VuZGVyIjp0cnVlLCJlbWFpbCI6IjM3ODMzODYyN0BxcS5jb20ifSwiaWF0IjoxNTAwODg5NzUwLCJleHAiOjE1MDA5NzYxNTB9.nmYEHF1anQvehBiN7oZcX2sZL7vm2q1bQYRo2daz8UQ"}
response time: 55
response status: 200
response body: 
{"status":0,"data":[{"name":"1","description":"1","status":1,"id":"4f485130-1332-45bd-a4ee-70366e048671","createdAt":1500889758625,"updatedAt":1500889758625,"version":0}],"total":1}
*************** response log end ***************

[2017-07-25 14:54:53.061] [INFO] resLogger - 
*************** response log start ***************
request method: GET
request originalUrl:  /api/user/?token=eyJhbGciOiJIUzI1NiIsInR5cCI6IkpXVCJ9.eyJkYXRhIjp7ImlkIjoiM2VmODkzYTAtZmJlMy00Njc1LWIzZWQtMTFmMzQ0OWE1NDJhIiwibmFtZSI6ImFkbWluIiwiZ2VuZGVyIjp0cnVlLCJlbWFpbCI6IjM3ODMzODYyN0BxcS5jb20ifSwiaWF0IjoxNTAwODg5NzUwLCJleHAiOjE1MDA5NzYxNTB9.nmYEHF1anQvehBiN7oZcX2sZL7vm2q1bQYRo2daz8UQ
request client ip:  ::ffff:127.0.0.1
request query:  {"token":"eyJhbGciOiJIUzI1NiIsInR5cCI6IkpXVCJ9.eyJkYXRhIjp7ImlkIjoiM2VmODkzYTAtZmJlMy00Njc1LWIzZWQtMTFmMzQ0OWE1NDJhIiwibmFtZSI6ImFkbWluIiwiZ2VuZGVyIjp0cnVlLCJlbWFpbCI6IjM3ODMzODYyN0BxcS5jb20ifSwiaWF0IjoxNTAwODg5NzUwLCJleHAiOjE1MDA5NzYxNTB9.nmYEHF1anQvehBiN7oZcX2sZL7vm2q1bQYRo2daz8UQ"}
response time: 78
response status: 200
response body: 
{"status":0,"data":{"name":"admin","email":"378338627@qq.com","password":"$2a$10$IpzlsTVfA4wPL7yB4r/l9uK1sTZc8iEqtIRCbfgt8VYOhcveb.FbS","gender":true,"token":"eyJhbGciOiJIUzI1NiIsInR5cCI6IkpXVCJ9.eyJkYXRhIjp7ImlkIjoiM2VmODkzYTAtZmJlMy00Njc1LWIzZWQtMTFmMzQ0OWE1NDJhIiwibmFtZSI6ImFkbWluIiwiZ2VuZGVyIjp0cnVlLCJlbWFpbCI6IjM3ODMzODYyN0BxcS5jb20ifSwiaWF0IjoxNTAwODg5NzUwLCJleHAiOjE1MDA5NzYxNTB9.nmYEHF1anQvehBiN7oZcX2sZL7vm2q1bQYRo2daz8UQ","id":"3ef893a0-fbe3-4675-b3ed-11f3449a542a","createdAt":1500889687885,"updatedAt":1500889750205,"version":1}}
*************** response log end ***************

[2017-07-25 14:54:53.264] [INFO] resLogger - 
*************** response log start ***************
request method: GET
request originalUrl:  /api/corporations/cb75f642-1b8c-4a75-b650-bee00e4b331c?token=eyJhbGciOiJIUzI1NiIsInR5cCI6IkpXVCJ9.eyJkYXRhIjp7ImlkIjoiM2VmODkzYTAtZmJlMy00Njc1LWIzZWQtMTFmMzQ0OWE1NDJhIiwibmFtZSI6ImFkbWluIiwiZ2VuZGVyIjp0cnVlLCJlbWFpbCI6IjM3ODMzODYyN0BxcS5jb20ifSwiaWF0IjoxNTAwODg5NzUwLCJleHAiOjE1MDA5NzYxNTB9.nmYEHF1anQvehBiN7oZcX2sZL7vm2q1bQYRo2daz8UQ
request client ip:  ::ffff:127.0.0.1
request query:  {"token":"eyJhbGciOiJIUzI1NiIsInR5cCI6IkpXVCJ9.eyJkYXRhIjp7ImlkIjoiM2VmODkzYTAtZmJlMy00Njc1LWIzZWQtMTFmMzQ0OWE1NDJhIiwibmFtZSI6ImFkbWluIiwiZ2VuZGVyIjp0cnVlLCJlbWFpbCI6IjM3ODMzODYyN0BxcS5jb20ifSwiaWF0IjoxNTAwODg5NzUwLCJleHAiOjE1MDA5NzYxNTB9.nmYEHF1anQvehBiN7oZcX2sZL7vm2q1bQYRo2daz8UQ"}
response time: 60
response status: 200
response body: 
{"status":0,"data":{"name":"4","description":"4","status":1,"groupId":"4f485130-1332-45bd-a4ee-70366e048671","id":"cb75f642-1b8c-4a75-b650-bee00e4b331c","createdAt":1500953523137,"updatedAt":1500953523137,"version":0}}
*************** response log end ***************

[2017-07-25 14:54:53.334] [INFO] resLogger - 
*************** response log start ***************
request method: GET
request originalUrl:  /api/groups/list?token=eyJhbGciOiJIUzI1NiIsInR5cCI6IkpXVCJ9.eyJkYXRhIjp7ImlkIjoiM2VmODkzYTAtZmJlMy00Njc1LWIzZWQtMTFmMzQ0OWE1NDJhIiwibmFtZSI6ImFkbWluIiwiZ2VuZGVyIjp0cnVlLCJlbWFpbCI6IjM3ODMzODYyN0BxcS5jb20ifSwiaWF0IjoxNTAwODg5NzUwLCJleHAiOjE1MDA5NzYxNTB9.nmYEHF1anQvehBiN7oZcX2sZL7vm2q1bQYRo2daz8UQ
request client ip:  ::ffff:127.0.0.1
request query:  {"token":"eyJhbGciOiJIUzI1NiIsInR5cCI6IkpXVCJ9.eyJkYXRhIjp7ImlkIjoiM2VmODkzYTAtZmJlMy00Njc1LWIzZWQtMTFmMzQ0OWE1NDJhIiwibmFtZSI6ImFkbWluIiwiZ2VuZGVyIjp0cnVlLCJlbWFpbCI6IjM3ODMzODYyN0BxcS5jb20ifSwiaWF0IjoxNTAwODg5NzUwLCJleHAiOjE1MDA5NzYxNTB9.nmYEHF1anQvehBiN7oZcX2sZL7vm2q1bQYRo2daz8UQ"}
response time: 68
response status: 200
response body: 
{"status":0,"data":[{"name":"1","description":"1","status":1,"id":"4f485130-1332-45bd-a4ee-70366e048671","createdAt":1500889758625,"updatedAt":1500889758625,"version":0}],"total":1}
*************** response log end ***************

[2017-07-25 14:55:07.606] [INFO] resLogger - 
*************** response log start ***************
request method: GET
request originalUrl:  /api/user/?token=eyJhbGciOiJIUzI1NiIsInR5cCI6IkpXVCJ9.eyJkYXRhIjp7ImlkIjoiM2VmODkzYTAtZmJlMy00Njc1LWIzZWQtMTFmMzQ0OWE1NDJhIiwibmFtZSI6ImFkbWluIiwiZ2VuZGVyIjp0cnVlLCJlbWFpbCI6IjM3ODMzODYyN0BxcS5jb20ifSwiaWF0IjoxNTAwODg5NzUwLCJleHAiOjE1MDA5NzYxNTB9.nmYEHF1anQvehBiN7oZcX2sZL7vm2q1bQYRo2daz8UQ
request client ip:  ::ffff:127.0.0.1
request query:  {"token":"eyJhbGciOiJIUzI1NiIsInR5cCI6IkpXVCJ9.eyJkYXRhIjp7ImlkIjoiM2VmODkzYTAtZmJlMy00Njc1LWIzZWQtMTFmMzQ0OWE1NDJhIiwibmFtZSI6ImFkbWluIiwiZ2VuZGVyIjp0cnVlLCJlbWFpbCI6IjM3ODMzODYyN0BxcS5jb20ifSwiaWF0IjoxNTAwODg5NzUwLCJleHAiOjE1MDA5NzYxNTB9.nmYEHF1anQvehBiN7oZcX2sZL7vm2q1bQYRo2daz8UQ"}
response time: 66
response status: 200
response body: 
{"status":0,"data":{"name":"admin","email":"378338627@qq.com","password":"$2a$10$IpzlsTVfA4wPL7yB4r/l9uK1sTZc8iEqtIRCbfgt8VYOhcveb.FbS","gender":true,"token":"eyJhbGciOiJIUzI1NiIsInR5cCI6IkpXVCJ9.eyJkYXRhIjp7ImlkIjoiM2VmODkzYTAtZmJlMy00Njc1LWIzZWQtMTFmMzQ0OWE1NDJhIiwibmFtZSI6ImFkbWluIiwiZ2VuZGVyIjp0cnVlLCJlbWFpbCI6IjM3ODMzODYyN0BxcS5jb20ifSwiaWF0IjoxNTAwODg5NzUwLCJleHAiOjE1MDA5NzYxNTB9.nmYEHF1anQvehBiN7oZcX2sZL7vm2q1bQYRo2daz8UQ","id":"3ef893a0-fbe3-4675-b3ed-11f3449a542a","createdAt":1500889687885,"updatedAt":1500889750205,"version":1}}
*************** response log end ***************

[2017-07-25 14:55:07.785] [INFO] resLogger - 
*************** response log start ***************
request method: GET
request originalUrl:  /api/corporations/cb75f642-1b8c-4a75-b650-bee00e4b331c?token=eyJhbGciOiJIUzI1NiIsInR5cCI6IkpXVCJ9.eyJkYXRhIjp7ImlkIjoiM2VmODkzYTAtZmJlMy00Njc1LWIzZWQtMTFmMzQ0OWE1NDJhIiwibmFtZSI6ImFkbWluIiwiZ2VuZGVyIjp0cnVlLCJlbWFpbCI6IjM3ODMzODYyN0BxcS5jb20ifSwiaWF0IjoxNTAwODg5NzUwLCJleHAiOjE1MDA5NzYxNTB9.nmYEHF1anQvehBiN7oZcX2sZL7vm2q1bQYRo2daz8UQ
request client ip:  ::ffff:127.0.0.1
request query:  {"token":"eyJhbGciOiJIUzI1NiIsInR5cCI6IkpXVCJ9.eyJkYXRhIjp7ImlkIjoiM2VmODkzYTAtZmJlMy00Njc1LWIzZWQtMTFmMzQ0OWE1NDJhIiwibmFtZSI6ImFkbWluIiwiZ2VuZGVyIjp0cnVlLCJlbWFpbCI6IjM3ODMzODYyN0BxcS5jb20ifSwiaWF0IjoxNTAwODg5NzUwLCJleHAiOjE1MDA5NzYxNTB9.nmYEHF1anQvehBiN7oZcX2sZL7vm2q1bQYRo2daz8UQ"}
response time: 58
response status: 200
response body: 
{"status":0,"data":{"name":"4","description":"4","status":1,"groupId":"4f485130-1332-45bd-a4ee-70366e048671","id":"cb75f642-1b8c-4a75-b650-bee00e4b331c","createdAt":1500953523137,"updatedAt":1500953523137,"version":0}}
*************** response log end ***************

[2017-07-25 14:55:07.874] [INFO] resLogger - 
*************** response log start ***************
request method: GET
request originalUrl:  /api/groups/list?token=eyJhbGciOiJIUzI1NiIsInR5cCI6IkpXVCJ9.eyJkYXRhIjp7ImlkIjoiM2VmODkzYTAtZmJlMy00Njc1LWIzZWQtMTFmMzQ0OWE1NDJhIiwibmFtZSI6ImFkbWluIiwiZ2VuZGVyIjp0cnVlLCJlbWFpbCI6IjM3ODMzODYyN0BxcS5jb20ifSwiaWF0IjoxNTAwODg5NzUwLCJleHAiOjE1MDA5NzYxNTB9.nmYEHF1anQvehBiN7oZcX2sZL7vm2q1bQYRo2daz8UQ
request client ip:  ::ffff:127.0.0.1
request query:  {"token":"eyJhbGciOiJIUzI1NiIsInR5cCI6IkpXVCJ9.eyJkYXRhIjp7ImlkIjoiM2VmODkzYTAtZmJlMy00Njc1LWIzZWQtMTFmMzQ0OWE1NDJhIiwibmFtZSI6ImFkbWluIiwiZ2VuZGVyIjp0cnVlLCJlbWFpbCI6IjM3ODMzODYyN0BxcS5jb20ifSwiaWF0IjoxNTAwODg5NzUwLCJleHAiOjE1MDA5NzYxNTB9.nmYEHF1anQvehBiN7oZcX2sZL7vm2q1bQYRo2daz8UQ"}
response time: 87
response status: 200
response body: 
{"status":0,"data":[{"name":"1","description":"1","status":1,"id":"4f485130-1332-45bd-a4ee-70366e048671","createdAt":1500889758625,"updatedAt":1500889758625,"version":0}],"total":1}
*************** response log end ***************

[2017-07-25 14:55:26.430] [INFO] resLogger - 
*************** response log start ***************
request method: GET
request originalUrl:  /api/user/?token=eyJhbGciOiJIUzI1NiIsInR5cCI6IkpXVCJ9.eyJkYXRhIjp7ImlkIjoiM2VmODkzYTAtZmJlMy00Njc1LWIzZWQtMTFmMzQ0OWE1NDJhIiwibmFtZSI6ImFkbWluIiwiZ2VuZGVyIjp0cnVlLCJlbWFpbCI6IjM3ODMzODYyN0BxcS5jb20ifSwiaWF0IjoxNTAwODg5NzUwLCJleHAiOjE1MDA5NzYxNTB9.nmYEHF1anQvehBiN7oZcX2sZL7vm2q1bQYRo2daz8UQ
request client ip:  ::ffff:127.0.0.1
request query:  {"token":"eyJhbGciOiJIUzI1NiIsInR5cCI6IkpXVCJ9.eyJkYXRhIjp7ImlkIjoiM2VmODkzYTAtZmJlMy00Njc1LWIzZWQtMTFmMzQ0OWE1NDJhIiwibmFtZSI6ImFkbWluIiwiZ2VuZGVyIjp0cnVlLCJlbWFpbCI6IjM3ODMzODYyN0BxcS5jb20ifSwiaWF0IjoxNTAwODg5NzUwLCJleHAiOjE1MDA5NzYxNTB9.nmYEHF1anQvehBiN7oZcX2sZL7vm2q1bQYRo2daz8UQ"}
response time: 85
response status: 200
response body: 
{"status":0,"data":{"name":"admin","email":"378338627@qq.com","password":"$2a$10$IpzlsTVfA4wPL7yB4r/l9uK1sTZc8iEqtIRCbfgt8VYOhcveb.FbS","gender":true,"token":"eyJhbGciOiJIUzI1NiIsInR5cCI6IkpXVCJ9.eyJkYXRhIjp7ImlkIjoiM2VmODkzYTAtZmJlMy00Njc1LWIzZWQtMTFmMzQ0OWE1NDJhIiwibmFtZSI6ImFkbWluIiwiZ2VuZGVyIjp0cnVlLCJlbWFpbCI6IjM3ODMzODYyN0BxcS5jb20ifSwiaWF0IjoxNTAwODg5NzUwLCJleHAiOjE1MDA5NzYxNTB9.nmYEHF1anQvehBiN7oZcX2sZL7vm2q1bQYRo2daz8UQ","id":"3ef893a0-fbe3-4675-b3ed-11f3449a542a","createdAt":1500889687885,"updatedAt":1500889750205,"version":1}}
*************** response log end ***************

[2017-07-25 14:55:26.729] [INFO] resLogger - 
*************** response log start ***************
request method: GET
request originalUrl:  /api/corporations/cb75f642-1b8c-4a75-b650-bee00e4b331c?token=eyJhbGciOiJIUzI1NiIsInR5cCI6IkpXVCJ9.eyJkYXRhIjp7ImlkIjoiM2VmODkzYTAtZmJlMy00Njc1LWIzZWQtMTFmMzQ0OWE1NDJhIiwibmFtZSI6ImFkbWluIiwiZ2VuZGVyIjp0cnVlLCJlbWFpbCI6IjM3ODMzODYyN0BxcS5jb20ifSwiaWF0IjoxNTAwODg5NzUwLCJleHAiOjE1MDA5NzYxNTB9.nmYEHF1anQvehBiN7oZcX2sZL7vm2q1bQYRo2daz8UQ
request client ip:  ::ffff:127.0.0.1
request query:  {"token":"eyJhbGciOiJIUzI1NiIsInR5cCI6IkpXVCJ9.eyJkYXRhIjp7ImlkIjoiM2VmODkzYTAtZmJlMy00Njc1LWIzZWQtMTFmMzQ0OWE1NDJhIiwibmFtZSI6ImFkbWluIiwiZ2VuZGVyIjp0cnVlLCJlbWFpbCI6IjM3ODMzODYyN0BxcS5jb20ifSwiaWF0IjoxNTAwODg5NzUwLCJleHAiOjE1MDA5NzYxNTB9.nmYEHF1anQvehBiN7oZcX2sZL7vm2q1bQYRo2daz8UQ"}
response time: 106
response status: 200
response body: 
{"status":0,"data":{"name":"4","description":"4","status":1,"groupId":"4f485130-1332-45bd-a4ee-70366e048671","id":"cb75f642-1b8c-4a75-b650-bee00e4b331c","createdAt":1500953523137,"updatedAt":1500953523137,"version":0}}
*************** response log end ***************

[2017-07-25 14:55:26.835] [INFO] resLogger - 
*************** response log start ***************
request method: GET
request originalUrl:  /api/groups/list?token=eyJhbGciOiJIUzI1NiIsInR5cCI6IkpXVCJ9.eyJkYXRhIjp7ImlkIjoiM2VmODkzYTAtZmJlMy00Njc1LWIzZWQtMTFmMzQ0OWE1NDJhIiwibmFtZSI6ImFkbWluIiwiZ2VuZGVyIjp0cnVlLCJlbWFpbCI6IjM3ODMzODYyN0BxcS5jb20ifSwiaWF0IjoxNTAwODg5NzUwLCJleHAiOjE1MDA5NzYxNTB9.nmYEHF1anQvehBiN7oZcX2sZL7vm2q1bQYRo2daz8UQ
request client ip:  ::ffff:127.0.0.1
request query:  {"token":"eyJhbGciOiJIUzI1NiIsInR5cCI6IkpXVCJ9.eyJkYXRhIjp7ImlkIjoiM2VmODkzYTAtZmJlMy00Njc1LWIzZWQtMTFmMzQ0OWE1NDJhIiwibmFtZSI6ImFkbWluIiwiZ2VuZGVyIjp0cnVlLCJlbWFpbCI6IjM3ODMzODYyN0BxcS5jb20ifSwiaWF0IjoxNTAwODg5NzUwLCJleHAiOjE1MDA5NzYxNTB9.nmYEHF1anQvehBiN7oZcX2sZL7vm2q1bQYRo2daz8UQ"}
response time: 104
response status: 200
response body: 
{"status":0,"data":[{"name":"1","description":"1","status":1,"id":"4f485130-1332-45bd-a4ee-70366e048671","createdAt":1500889758625,"updatedAt":1500889758625,"version":0}],"total":1}
*************** response log end ***************

[2017-07-25 14:55:47.711] [INFO] resLogger - 
*************** response log start ***************
request method: GET
request originalUrl:  /api/user/?token=eyJhbGciOiJIUzI1NiIsInR5cCI6IkpXVCJ9.eyJkYXRhIjp7ImlkIjoiM2VmODkzYTAtZmJlMy00Njc1LWIzZWQtMTFmMzQ0OWE1NDJhIiwibmFtZSI6ImFkbWluIiwiZ2VuZGVyIjp0cnVlLCJlbWFpbCI6IjM3ODMzODYyN0BxcS5jb20ifSwiaWF0IjoxNTAwODg5NzUwLCJleHAiOjE1MDA5NzYxNTB9.nmYEHF1anQvehBiN7oZcX2sZL7vm2q1bQYRo2daz8UQ
request client ip:  ::ffff:127.0.0.1
request query:  {"token":"eyJhbGciOiJIUzI1NiIsInR5cCI6IkpXVCJ9.eyJkYXRhIjp7ImlkIjoiM2VmODkzYTAtZmJlMy00Njc1LWIzZWQtMTFmMzQ0OWE1NDJhIiwibmFtZSI6ImFkbWluIiwiZ2VuZGVyIjp0cnVlLCJlbWFpbCI6IjM3ODMzODYyN0BxcS5jb20ifSwiaWF0IjoxNTAwODg5NzUwLCJleHAiOjE1MDA5NzYxNTB9.nmYEHF1anQvehBiN7oZcX2sZL7vm2q1bQYRo2daz8UQ"}
response time: 100
response status: 200
response body: 
{"status":0,"data":{"name":"admin","email":"378338627@qq.com","password":"$2a$10$IpzlsTVfA4wPL7yB4r/l9uK1sTZc8iEqtIRCbfgt8VYOhcveb.FbS","gender":true,"token":"eyJhbGciOiJIUzI1NiIsInR5cCI6IkpXVCJ9.eyJkYXRhIjp7ImlkIjoiM2VmODkzYTAtZmJlMy00Njc1LWIzZWQtMTFmMzQ0OWE1NDJhIiwibmFtZSI6ImFkbWluIiwiZ2VuZGVyIjp0cnVlLCJlbWFpbCI6IjM3ODMzODYyN0BxcS5jb20ifSwiaWF0IjoxNTAwODg5NzUwLCJleHAiOjE1MDA5NzYxNTB9.nmYEHF1anQvehBiN7oZcX2sZL7vm2q1bQYRo2daz8UQ","id":"3ef893a0-fbe3-4675-b3ed-11f3449a542a","createdAt":1500889687885,"updatedAt":1500889750205,"version":1}}
*************** response log end ***************

[2017-07-25 14:55:48.170] [INFO] resLogger - 
*************** response log start ***************
request method: GET
request originalUrl:  /api/corporations/cb75f642-1b8c-4a75-b650-bee00e4b331c?token=eyJhbGciOiJIUzI1NiIsInR5cCI6IkpXVCJ9.eyJkYXRhIjp7ImlkIjoiM2VmODkzYTAtZmJlMy00Njc1LWIzZWQtMTFmMzQ0OWE1NDJhIiwibmFtZSI6ImFkbWluIiwiZ2VuZGVyIjp0cnVlLCJlbWFpbCI6IjM3ODMzODYyN0BxcS5jb20ifSwiaWF0IjoxNTAwODg5NzUwLCJleHAiOjE1MDA5NzYxNTB9.nmYEHF1anQvehBiN7oZcX2sZL7vm2q1bQYRo2daz8UQ
request client ip:  ::ffff:127.0.0.1
request query:  {"token":"eyJhbGciOiJIUzI1NiIsInR5cCI6IkpXVCJ9.eyJkYXRhIjp7ImlkIjoiM2VmODkzYTAtZmJlMy00Njc1LWIzZWQtMTFmMzQ0OWE1NDJhIiwibmFtZSI6ImFkbWluIiwiZ2VuZGVyIjp0cnVlLCJlbWFpbCI6IjM3ODMzODYyN0BxcS5jb20ifSwiaWF0IjoxNTAwODg5NzUwLCJleHAiOjE1MDA5NzYxNTB9.nmYEHF1anQvehBiN7oZcX2sZL7vm2q1bQYRo2daz8UQ"}
response time: 94
response status: 200
response body: 
{"status":0,"data":{"name":"4","description":"4","status":1,"groupId":"4f485130-1332-45bd-a4ee-70366e048671","id":"cb75f642-1b8c-4a75-b650-bee00e4b331c","createdAt":1500953523137,"updatedAt":1500953523137,"version":0}}
*************** response log end ***************

[2017-07-25 14:55:48.301] [INFO] resLogger - 
*************** response log start ***************
request method: GET
request originalUrl:  /api/groups/list?token=eyJhbGciOiJIUzI1NiIsInR5cCI6IkpXVCJ9.eyJkYXRhIjp7ImlkIjoiM2VmODkzYTAtZmJlMy00Njc1LWIzZWQtMTFmMzQ0OWE1NDJhIiwibmFtZSI6ImFkbWluIiwiZ2VuZGVyIjp0cnVlLCJlbWFpbCI6IjM3ODMzODYyN0BxcS5jb20ifSwiaWF0IjoxNTAwODg5NzUwLCJleHAiOjE1MDA5NzYxNTB9.nmYEHF1anQvehBiN7oZcX2sZL7vm2q1bQYRo2daz8UQ
request client ip:  ::ffff:127.0.0.1
request query:  {"token":"eyJhbGciOiJIUzI1NiIsInR5cCI6IkpXVCJ9.eyJkYXRhIjp7ImlkIjoiM2VmODkzYTAtZmJlMy00Njc1LWIzZWQtMTFmMzQ0OWE1NDJhIiwibmFtZSI6ImFkbWluIiwiZ2VuZGVyIjp0cnVlLCJlbWFpbCI6IjM3ODMzODYyN0BxcS5jb20ifSwiaWF0IjoxNTAwODg5NzUwLCJleHAiOjE1MDA5NzYxNTB9.nmYEHF1anQvehBiN7oZcX2sZL7vm2q1bQYRo2daz8UQ"}
response time: 126
response status: 200
response body: 
{"status":0,"data":[{"name":"1","description":"1","status":1,"id":"4f485130-1332-45bd-a4ee-70366e048671","createdAt":1500889758625,"updatedAt":1500889758625,"version":0}],"total":1}
*************** response log end ***************

[2017-07-25 14:56:25.687] [INFO] resLogger - 
*************** response log start ***************
request method: GET
request originalUrl:  /api/user/?token=eyJhbGciOiJIUzI1NiIsInR5cCI6IkpXVCJ9.eyJkYXRhIjp7ImlkIjoiM2VmODkzYTAtZmJlMy00Njc1LWIzZWQtMTFmMzQ0OWE1NDJhIiwibmFtZSI6ImFkbWluIiwiZ2VuZGVyIjp0cnVlLCJlbWFpbCI6IjM3ODMzODYyN0BxcS5jb20ifSwiaWF0IjoxNTAwODg5NzUwLCJleHAiOjE1MDA5NzYxNTB9.nmYEHF1anQvehBiN7oZcX2sZL7vm2q1bQYRo2daz8UQ
request client ip:  ::ffff:127.0.0.1
request query:  {"token":"eyJhbGciOiJIUzI1NiIsInR5cCI6IkpXVCJ9.eyJkYXRhIjp7ImlkIjoiM2VmODkzYTAtZmJlMy00Njc1LWIzZWQtMTFmMzQ0OWE1NDJhIiwibmFtZSI6ImFkbWluIiwiZ2VuZGVyIjp0cnVlLCJlbWFpbCI6IjM3ODMzODYyN0BxcS5jb20ifSwiaWF0IjoxNTAwODg5NzUwLCJleHAiOjE1MDA5NzYxNTB9.nmYEHF1anQvehBiN7oZcX2sZL7vm2q1bQYRo2daz8UQ"}
response time: 81
response status: 200
response body: 
{"status":0,"data":{"name":"admin","email":"378338627@qq.com","password":"$2a$10$IpzlsTVfA4wPL7yB4r/l9uK1sTZc8iEqtIRCbfgt8VYOhcveb.FbS","gender":true,"token":"eyJhbGciOiJIUzI1NiIsInR5cCI6IkpXVCJ9.eyJkYXRhIjp7ImlkIjoiM2VmODkzYTAtZmJlMy00Njc1LWIzZWQtMTFmMzQ0OWE1NDJhIiwibmFtZSI6ImFkbWluIiwiZ2VuZGVyIjp0cnVlLCJlbWFpbCI6IjM3ODMzODYyN0BxcS5jb20ifSwiaWF0IjoxNTAwODg5NzUwLCJleHAiOjE1MDA5NzYxNTB9.nmYEHF1anQvehBiN7oZcX2sZL7vm2q1bQYRo2daz8UQ","id":"3ef893a0-fbe3-4675-b3ed-11f3449a542a","createdAt":1500889687885,"updatedAt":1500889750205,"version":1}}
*************** response log end ***************

[2017-07-25 14:56:25.860] [INFO] resLogger - 
*************** response log start ***************
request method: GET
request originalUrl:  /api/corporations/cb75f642-1b8c-4a75-b650-bee00e4b331c?token=eyJhbGciOiJIUzI1NiIsInR5cCI6IkpXVCJ9.eyJkYXRhIjp7ImlkIjoiM2VmODkzYTAtZmJlMy00Njc1LWIzZWQtMTFmMzQ0OWE1NDJhIiwibmFtZSI6ImFkbWluIiwiZ2VuZGVyIjp0cnVlLCJlbWFpbCI6IjM3ODMzODYyN0BxcS5jb20ifSwiaWF0IjoxNTAwODg5NzUwLCJleHAiOjE1MDA5NzYxNTB9.nmYEHF1anQvehBiN7oZcX2sZL7vm2q1bQYRo2daz8UQ
request client ip:  ::ffff:127.0.0.1
request query:  {"token":"eyJhbGciOiJIUzI1NiIsInR5cCI6IkpXVCJ9.eyJkYXRhIjp7ImlkIjoiM2VmODkzYTAtZmJlMy00Njc1LWIzZWQtMTFmMzQ0OWE1NDJhIiwibmFtZSI6ImFkbWluIiwiZ2VuZGVyIjp0cnVlLCJlbWFpbCI6IjM3ODMzODYyN0BxcS5jb20ifSwiaWF0IjoxNTAwODg5NzUwLCJleHAiOjE1MDA5NzYxNTB9.nmYEHF1anQvehBiN7oZcX2sZL7vm2q1bQYRo2daz8UQ"}
response time: 67
response status: 200
response body: 
{"status":0,"data":{"name":"4","description":"4","status":1,"groupId":"4f485130-1332-45bd-a4ee-70366e048671","id":"cb75f642-1b8c-4a75-b650-bee00e4b331c","createdAt":1500953523137,"updatedAt":1500953523137,"version":0}}
*************** response log end ***************

[2017-07-25 14:56:25.963] [INFO] resLogger - 
*************** response log start ***************
request method: GET
request originalUrl:  /api/groups/list?token=eyJhbGciOiJIUzI1NiIsInR5cCI6IkpXVCJ9.eyJkYXRhIjp7ImlkIjoiM2VmODkzYTAtZmJlMy00Njc1LWIzZWQtMTFmMzQ0OWE1NDJhIiwibmFtZSI6ImFkbWluIiwiZ2VuZGVyIjp0cnVlLCJlbWFpbCI6IjM3ODMzODYyN0BxcS5jb20ifSwiaWF0IjoxNTAwODg5NzUwLCJleHAiOjE1MDA5NzYxNTB9.nmYEHF1anQvehBiN7oZcX2sZL7vm2q1bQYRo2daz8UQ
request client ip:  ::ffff:127.0.0.1
request query:  {"token":"eyJhbGciOiJIUzI1NiIsInR5cCI6IkpXVCJ9.eyJkYXRhIjp7ImlkIjoiM2VmODkzYTAtZmJlMy00Njc1LWIzZWQtMTFmMzQ0OWE1NDJhIiwibmFtZSI6ImFkbWluIiwiZ2VuZGVyIjp0cnVlLCJlbWFpbCI6IjM3ODMzODYyN0BxcS5jb20ifSwiaWF0IjoxNTAwODg5NzUwLCJleHAiOjE1MDA5NzYxNTB9.nmYEHF1anQvehBiN7oZcX2sZL7vm2q1bQYRo2daz8UQ"}
response time: 100
response status: 200
response body: 
{"status":0,"data":[{"name":"1","description":"1","status":1,"id":"4f485130-1332-45bd-a4ee-70366e048671","createdAt":1500889758625,"updatedAt":1500889758625,"version":0}],"total":1}
*************** response log end ***************

[2017-07-25 14:56:47.020] [INFO] resLogger - 
*************** response log start ***************
request method: GET
request originalUrl:  /api/user/?token=eyJhbGciOiJIUzI1NiIsInR5cCI6IkpXVCJ9.eyJkYXRhIjp7ImlkIjoiM2VmODkzYTAtZmJlMy00Njc1LWIzZWQtMTFmMzQ0OWE1NDJhIiwibmFtZSI6ImFkbWluIiwiZ2VuZGVyIjp0cnVlLCJlbWFpbCI6IjM3ODMzODYyN0BxcS5jb20ifSwiaWF0IjoxNTAwODg5NzUwLCJleHAiOjE1MDA5NzYxNTB9.nmYEHF1anQvehBiN7oZcX2sZL7vm2q1bQYRo2daz8UQ
request client ip:  ::ffff:127.0.0.1
request query:  {"token":"eyJhbGciOiJIUzI1NiIsInR5cCI6IkpXVCJ9.eyJkYXRhIjp7ImlkIjoiM2VmODkzYTAtZmJlMy00Njc1LWIzZWQtMTFmMzQ0OWE1NDJhIiwibmFtZSI6ImFkbWluIiwiZ2VuZGVyIjp0cnVlLCJlbWFpbCI6IjM3ODMzODYyN0BxcS5jb20ifSwiaWF0IjoxNTAwODg5NzUwLCJleHAiOjE1MDA5NzYxNTB9.nmYEHF1anQvehBiN7oZcX2sZL7vm2q1bQYRo2daz8UQ"}
response time: 62
response status: 200
response body: 
{"status":0,"data":{"name":"admin","email":"378338627@qq.com","password":"$2a$10$IpzlsTVfA4wPL7yB4r/l9uK1sTZc8iEqtIRCbfgt8VYOhcveb.FbS","gender":true,"token":"eyJhbGciOiJIUzI1NiIsInR5cCI6IkpXVCJ9.eyJkYXRhIjp7ImlkIjoiM2VmODkzYTAtZmJlMy00Njc1LWIzZWQtMTFmMzQ0OWE1NDJhIiwibmFtZSI6ImFkbWluIiwiZ2VuZGVyIjp0cnVlLCJlbWFpbCI6IjM3ODMzODYyN0BxcS5jb20ifSwiaWF0IjoxNTAwODg5NzUwLCJleHAiOjE1MDA5NzYxNTB9.nmYEHF1anQvehBiN7oZcX2sZL7vm2q1bQYRo2daz8UQ","id":"3ef893a0-fbe3-4675-b3ed-11f3449a542a","createdAt":1500889687885,"updatedAt":1500889750205,"version":1}}
*************** response log end ***************

[2017-07-25 14:56:47.169] [INFO] resLogger - 
*************** response log start ***************
request method: GET
request originalUrl:  /api/corporations/cb75f642-1b8c-4a75-b650-bee00e4b331c?token=eyJhbGciOiJIUzI1NiIsInR5cCI6IkpXVCJ9.eyJkYXRhIjp7ImlkIjoiM2VmODkzYTAtZmJlMy00Njc1LWIzZWQtMTFmMzQ0OWE1NDJhIiwibmFtZSI6ImFkbWluIiwiZ2VuZGVyIjp0cnVlLCJlbWFpbCI6IjM3ODMzODYyN0BxcS5jb20ifSwiaWF0IjoxNTAwODg5NzUwLCJleHAiOjE1MDA5NzYxNTB9.nmYEHF1anQvehBiN7oZcX2sZL7vm2q1bQYRo2daz8UQ
request client ip:  ::ffff:127.0.0.1
request query:  {"token":"eyJhbGciOiJIUzI1NiIsInR5cCI6IkpXVCJ9.eyJkYXRhIjp7ImlkIjoiM2VmODkzYTAtZmJlMy00Njc1LWIzZWQtMTFmMzQ0OWE1NDJhIiwibmFtZSI6ImFkbWluIiwiZ2VuZGVyIjp0cnVlLCJlbWFpbCI6IjM3ODMzODYyN0BxcS5jb20ifSwiaWF0IjoxNTAwODg5NzUwLCJleHAiOjE1MDA5NzYxNTB9.nmYEHF1anQvehBiN7oZcX2sZL7vm2q1bQYRo2daz8UQ"}
response time: 44
response status: 200
response body: 
{"status":0,"data":{"name":"4","description":"4","status":1,"groupId":"4f485130-1332-45bd-a4ee-70366e048671","id":"cb75f642-1b8c-4a75-b650-bee00e4b331c","createdAt":1500953523137,"updatedAt":1500953523137,"version":0}}
*************** response log end ***************

[2017-07-25 14:56:47.256] [INFO] resLogger - 
*************** response log start ***************
request method: GET
request originalUrl:  /api/groups/list?token=eyJhbGciOiJIUzI1NiIsInR5cCI6IkpXVCJ9.eyJkYXRhIjp7ImlkIjoiM2VmODkzYTAtZmJlMy00Njc1LWIzZWQtMTFmMzQ0OWE1NDJhIiwibmFtZSI6ImFkbWluIiwiZ2VuZGVyIjp0cnVlLCJlbWFpbCI6IjM3ODMzODYyN0BxcS5jb20ifSwiaWF0IjoxNTAwODg5NzUwLCJleHAiOjE1MDA5NzYxNTB9.nmYEHF1anQvehBiN7oZcX2sZL7vm2q1bQYRo2daz8UQ
request client ip:  ::ffff:127.0.0.1
request query:  {"token":"eyJhbGciOiJIUzI1NiIsInR5cCI6IkpXVCJ9.eyJkYXRhIjp7ImlkIjoiM2VmODkzYTAtZmJlMy00Njc1LWIzZWQtMTFmMzQ0OWE1NDJhIiwibmFtZSI6ImFkbWluIiwiZ2VuZGVyIjp0cnVlLCJlbWFpbCI6IjM3ODMzODYyN0BxcS5jb20ifSwiaWF0IjoxNTAwODg5NzUwLCJleHAiOjE1MDA5NzYxNTB9.nmYEHF1anQvehBiN7oZcX2sZL7vm2q1bQYRo2daz8UQ"}
response time: 70
response status: 200
response body: 
{"status":0,"data":[{"name":"1","description":"1","status":1,"id":"4f485130-1332-45bd-a4ee-70366e048671","createdAt":1500889758625,"updatedAt":1500889758625,"version":0}],"total":1}
*************** response log end ***************

[2017-07-25 14:57:57.702] [INFO] resLogger - 
*************** response log start ***************
request method: GET
request originalUrl:  /api/user/?token=eyJhbGciOiJIUzI1NiIsInR5cCI6IkpXVCJ9.eyJkYXRhIjp7ImlkIjoiM2VmODkzYTAtZmJlMy00Njc1LWIzZWQtMTFmMzQ0OWE1NDJhIiwibmFtZSI6ImFkbWluIiwiZ2VuZGVyIjp0cnVlLCJlbWFpbCI6IjM3ODMzODYyN0BxcS5jb20ifSwiaWF0IjoxNTAwODg5NzUwLCJleHAiOjE1MDA5NzYxNTB9.nmYEHF1anQvehBiN7oZcX2sZL7vm2q1bQYRo2daz8UQ
request client ip:  ::ffff:127.0.0.1
request query:  {"token":"eyJhbGciOiJIUzI1NiIsInR5cCI6IkpXVCJ9.eyJkYXRhIjp7ImlkIjoiM2VmODkzYTAtZmJlMy00Njc1LWIzZWQtMTFmMzQ0OWE1NDJhIiwibmFtZSI6ImFkbWluIiwiZ2VuZGVyIjp0cnVlLCJlbWFpbCI6IjM3ODMzODYyN0BxcS5jb20ifSwiaWF0IjoxNTAwODg5NzUwLCJleHAiOjE1MDA5NzYxNTB9.nmYEHF1anQvehBiN7oZcX2sZL7vm2q1bQYRo2daz8UQ"}
response time: 53
response status: 200
response body: 
{"status":0,"data":{"name":"admin","email":"378338627@qq.com","password":"$2a$10$IpzlsTVfA4wPL7yB4r/l9uK1sTZc8iEqtIRCbfgt8VYOhcveb.FbS","gender":true,"token":"eyJhbGciOiJIUzI1NiIsInR5cCI6IkpXVCJ9.eyJkYXRhIjp7ImlkIjoiM2VmODkzYTAtZmJlMy00Njc1LWIzZWQtMTFmMzQ0OWE1NDJhIiwibmFtZSI6ImFkbWluIiwiZ2VuZGVyIjp0cnVlLCJlbWFpbCI6IjM3ODMzODYyN0BxcS5jb20ifSwiaWF0IjoxNTAwODg5NzUwLCJleHAiOjE1MDA5NzYxNTB9.nmYEHF1anQvehBiN7oZcX2sZL7vm2q1bQYRo2daz8UQ","id":"3ef893a0-fbe3-4675-b3ed-11f3449a542a","createdAt":1500889687885,"updatedAt":1500889750205,"version":1}}
*************** response log end ***************

[2017-07-25 14:57:57.828] [INFO] resLogger - 
*************** response log start ***************
request method: GET
request originalUrl:  /api/corporations/cb75f642-1b8c-4a75-b650-bee00e4b331c?token=eyJhbGciOiJIUzI1NiIsInR5cCI6IkpXVCJ9.eyJkYXRhIjp7ImlkIjoiM2VmODkzYTAtZmJlMy00Njc1LWIzZWQtMTFmMzQ0OWE1NDJhIiwibmFtZSI6ImFkbWluIiwiZ2VuZGVyIjp0cnVlLCJlbWFpbCI6IjM3ODMzODYyN0BxcS5jb20ifSwiaWF0IjoxNTAwODg5NzUwLCJleHAiOjE1MDA5NzYxNTB9.nmYEHF1anQvehBiN7oZcX2sZL7vm2q1bQYRo2daz8UQ
request client ip:  ::ffff:127.0.0.1
request query:  {"token":"eyJhbGciOiJIUzI1NiIsInR5cCI6IkpXVCJ9.eyJkYXRhIjp7ImlkIjoiM2VmODkzYTAtZmJlMy00Njc1LWIzZWQtMTFmMzQ0OWE1NDJhIiwibmFtZSI6ImFkbWluIiwiZ2VuZGVyIjp0cnVlLCJlbWFpbCI6IjM3ODMzODYyN0BxcS5jb20ifSwiaWF0IjoxNTAwODg5NzUwLCJleHAiOjE1MDA5NzYxNTB9.nmYEHF1anQvehBiN7oZcX2sZL7vm2q1bQYRo2daz8UQ"}
response time: 38
response status: 200
response body: 
{"status":0,"data":{"name":"4","description":"4","status":1,"groupId":"4f485130-1332-45bd-a4ee-70366e048671","id":"cb75f642-1b8c-4a75-b650-bee00e4b331c","createdAt":1500953523137,"updatedAt":1500953523137,"version":0}}
*************** response log end ***************

[2017-07-25 14:57:57.891] [INFO] resLogger - 
*************** response log start ***************
request method: GET
request originalUrl:  /api/groups/list?token=eyJhbGciOiJIUzI1NiIsInR5cCI6IkpXVCJ9.eyJkYXRhIjp7ImlkIjoiM2VmODkzYTAtZmJlMy00Njc1LWIzZWQtMTFmMzQ0OWE1NDJhIiwibmFtZSI6ImFkbWluIiwiZ2VuZGVyIjp0cnVlLCJlbWFpbCI6IjM3ODMzODYyN0BxcS5jb20ifSwiaWF0IjoxNTAwODg5NzUwLCJleHAiOjE1MDA5NzYxNTB9.nmYEHF1anQvehBiN7oZcX2sZL7vm2q1bQYRo2daz8UQ
request client ip:  ::ffff:127.0.0.1
request query:  {"token":"eyJhbGciOiJIUzI1NiIsInR5cCI6IkpXVCJ9.eyJkYXRhIjp7ImlkIjoiM2VmODkzYTAtZmJlMy00Njc1LWIzZWQtMTFmMzQ0OWE1NDJhIiwibmFtZSI6ImFkbWluIiwiZ2VuZGVyIjp0cnVlLCJlbWFpbCI6IjM3ODMzODYyN0BxcS5jb20ifSwiaWF0IjoxNTAwODg5NzUwLCJleHAiOjE1MDA5NzYxNTB9.nmYEHF1anQvehBiN7oZcX2sZL7vm2q1bQYRo2daz8UQ"}
response time: 62
response status: 200
response body: 
{"status":0,"data":[{"name":"1","description":"1","status":1,"id":"4f485130-1332-45bd-a4ee-70366e048671","createdAt":1500889758625,"updatedAt":1500889758625,"version":0}],"total":1}
*************** response log end ***************

[2017-07-25 14:58:40.202] [INFO] resLogger - 
*************** response log start ***************
request method: GET
request originalUrl:  /api/user/?token=eyJhbGciOiJIUzI1NiIsInR5cCI6IkpXVCJ9.eyJkYXRhIjp7ImlkIjoiM2VmODkzYTAtZmJlMy00Njc1LWIzZWQtMTFmMzQ0OWE1NDJhIiwibmFtZSI6ImFkbWluIiwiZ2VuZGVyIjp0cnVlLCJlbWFpbCI6IjM3ODMzODYyN0BxcS5jb20ifSwiaWF0IjoxNTAwODg5NzUwLCJleHAiOjE1MDA5NzYxNTB9.nmYEHF1anQvehBiN7oZcX2sZL7vm2q1bQYRo2daz8UQ
request client ip:  ::ffff:127.0.0.1
request query:  {"token":"eyJhbGciOiJIUzI1NiIsInR5cCI6IkpXVCJ9.eyJkYXRhIjp7ImlkIjoiM2VmODkzYTAtZmJlMy00Njc1LWIzZWQtMTFmMzQ0OWE1NDJhIiwibmFtZSI6ImFkbWluIiwiZ2VuZGVyIjp0cnVlLCJlbWFpbCI6IjM3ODMzODYyN0BxcS5jb20ifSwiaWF0IjoxNTAwODg5NzUwLCJleHAiOjE1MDA5NzYxNTB9.nmYEHF1anQvehBiN7oZcX2sZL7vm2q1bQYRo2daz8UQ"}
response time: 78
response status: 200
response body: 
{"status":0,"data":{"name":"admin","email":"378338627@qq.com","password":"$2a$10$IpzlsTVfA4wPL7yB4r/l9uK1sTZc8iEqtIRCbfgt8VYOhcveb.FbS","gender":true,"token":"eyJhbGciOiJIUzI1NiIsInR5cCI6IkpXVCJ9.eyJkYXRhIjp7ImlkIjoiM2VmODkzYTAtZmJlMy00Njc1LWIzZWQtMTFmMzQ0OWE1NDJhIiwibmFtZSI6ImFkbWluIiwiZ2VuZGVyIjp0cnVlLCJlbWFpbCI6IjM3ODMzODYyN0BxcS5jb20ifSwiaWF0IjoxNTAwODg5NzUwLCJleHAiOjE1MDA5NzYxNTB9.nmYEHF1anQvehBiN7oZcX2sZL7vm2q1bQYRo2daz8UQ","id":"3ef893a0-fbe3-4675-b3ed-11f3449a542a","createdAt":1500889687885,"updatedAt":1500889750205,"version":1}}
*************** response log end ***************

[2017-07-25 14:58:40.406] [INFO] resLogger - 
*************** response log start ***************
request method: GET
request originalUrl:  /api/corporations/cb75f642-1b8c-4a75-b650-bee00e4b331c?token=eyJhbGciOiJIUzI1NiIsInR5cCI6IkpXVCJ9.eyJkYXRhIjp7ImlkIjoiM2VmODkzYTAtZmJlMy00Njc1LWIzZWQtMTFmMzQ0OWE1NDJhIiwibmFtZSI6ImFkbWluIiwiZ2VuZGVyIjp0cnVlLCJlbWFpbCI6IjM3ODMzODYyN0BxcS5jb20ifSwiaWF0IjoxNTAwODg5NzUwLCJleHAiOjE1MDA5NzYxNTB9.nmYEHF1anQvehBiN7oZcX2sZL7vm2q1bQYRo2daz8UQ
request client ip:  ::ffff:127.0.0.1
request query:  {"token":"eyJhbGciOiJIUzI1NiIsInR5cCI6IkpXVCJ9.eyJkYXRhIjp7ImlkIjoiM2VmODkzYTAtZmJlMy00Njc1LWIzZWQtMTFmMzQ0OWE1NDJhIiwibmFtZSI6ImFkbWluIiwiZ2VuZGVyIjp0cnVlLCJlbWFpbCI6IjM3ODMzODYyN0BxcS5jb20ifSwiaWF0IjoxNTAwODg5NzUwLCJleHAiOjE1MDA5NzYxNTB9.nmYEHF1anQvehBiN7oZcX2sZL7vm2q1bQYRo2daz8UQ"}
response time: 52
response status: 200
response body: 
{"status":0,"data":{"name":"4","description":"4","status":1,"groupId":"4f485130-1332-45bd-a4ee-70366e048671","id":"cb75f642-1b8c-4a75-b650-bee00e4b331c","createdAt":1500953523137,"updatedAt":1500953523137,"version":0}}
*************** response log end ***************

[2017-07-25 14:58:40.471] [INFO] resLogger - 
*************** response log start ***************
request method: GET
request originalUrl:  /api/groups/list?token=eyJhbGciOiJIUzI1NiIsInR5cCI6IkpXVCJ9.eyJkYXRhIjp7ImlkIjoiM2VmODkzYTAtZmJlMy00Njc1LWIzZWQtMTFmMzQ0OWE1NDJhIiwibmFtZSI6ImFkbWluIiwiZ2VuZGVyIjp0cnVlLCJlbWFpbCI6IjM3ODMzODYyN0BxcS5jb20ifSwiaWF0IjoxNTAwODg5NzUwLCJleHAiOjE1MDA5NzYxNTB9.nmYEHF1anQvehBiN7oZcX2sZL7vm2q1bQYRo2daz8UQ
request client ip:  ::ffff:127.0.0.1
request query:  {"token":"eyJhbGciOiJIUzI1NiIsInR5cCI6IkpXVCJ9.eyJkYXRhIjp7ImlkIjoiM2VmODkzYTAtZmJlMy00Njc1LWIzZWQtMTFmMzQ0OWE1NDJhIiwibmFtZSI6ImFkbWluIiwiZ2VuZGVyIjp0cnVlLCJlbWFpbCI6IjM3ODMzODYyN0BxcS5jb20ifSwiaWF0IjoxNTAwODg5NzUwLCJleHAiOjE1MDA5NzYxNTB9.nmYEHF1anQvehBiN7oZcX2sZL7vm2q1bQYRo2daz8UQ"}
response time: 64
response status: 200
response body: 
{"status":0,"data":[{"name":"1","description":"1","status":1,"id":"4f485130-1332-45bd-a4ee-70366e048671","createdAt":1500889758625,"updatedAt":1500889758625,"version":0}],"total":1}
*************** response log end ***************

