[2018-03-12 13:49:18.284] [INFO] resLogger - 
*************** response log start ***************
request method: OPTIONS
request originalUrl:  /api/authinrole/check?token=eyJhbGciOiJIUzI1NiIsInR5cCI6IkpXVCJ9.eyJkYXRhIjp7ImlkIjoiNGNkMmQxOTYtMDlhOS00YWFiLWFmMDQtMWY2OWJjY2YzNjAzIiwibmFtZSI6ImFkbWluIiwiZ2VuZGVyIjp0cnVlLCJlbWFpbCI6IjM3ODMzODYyN0BxcS5jb20ifSwiaWF0IjoxNTIwODI1NjMzLCJleHAiOjE1MjA5MTIwMzN9.nmXvZqZnii53lY2t9ZjApofVZw-j_L2kXw3P4p3ap5w
request client ip:  ::ffff:127.0.0.1
request body: 
{}
response time: 14
response status: 204
response body: 
undefined
*************** response log end ***************

[2018-03-12 13:49:18.318] [INFO] resLogger - 
*************** response log start ***************
request method: OPTIONS
request originalUrl:  /api/authinrole/check?token=eyJhbGciOiJIUzI1NiIsInR5cCI6IkpXVCJ9.eyJkYXRhIjp7ImlkIjoiNGNkMmQxOTYtMDlhOS00YWFiLWFmMDQtMWY2OWJjY2YzNjAzIiwibmFtZSI6ImFkbWluIiwiZ2VuZGVyIjp0cnVlLCJlbWFpbCI6IjM3ODMzODYyN0BxcS5jb20ifSwiaWF0IjoxNTIwODI1NjMzLCJleHAiOjE1MjA5MTIwMzN9.nmXvZqZnii53lY2t9ZjApofVZw-j_L2kXw3P4p3ap5w
request client ip:  ::ffff:127.0.0.1
request body: 
{}
response time: 9
response status: 204
response body: 
undefined
*************** response log end ***************

[2018-03-12 13:49:18.793] [INFO] resLogger - 
*************** response log start ***************
request method: GET
request originalUrl:  /api/user/checktoken?token=eyJhbGciOiJIUzI1NiIsInR5cCI6IkpXVCJ9.eyJkYXRhIjp7ImlkIjoiNGNkMmQxOTYtMDlhOS00YWFiLWFmMDQtMWY2OWJjY2YzNjAzIiwibmFtZSI6ImFkbWluIiwiZ2VuZGVyIjp0cnVlLCJlbWFpbCI6IjM3ODMzODYyN0BxcS5jb20ifSwiaWF0IjoxNTIwODI1NjMzLCJleHAiOjE1MjA5MTIwMzN9.nmXvZqZnii53lY2t9ZjApofVZw-j_L2kXw3P4p3ap5w
request client ip:  ::ffff:127.0.0.1
request query:  {"token":"eyJhbGciOiJIUzI1NiIsInR5cCI6IkpXVCJ9.eyJkYXRhIjp7ImlkIjoiNGNkMmQxOTYtMDlhOS00YWFiLWFmMDQtMWY2OWJjY2YzNjAzIiwibmFtZSI6ImFkbWluIiwiZ2VuZGVyIjp0cnVlLCJlbWFpbCI6IjM3ODMzODYyN0BxcS5jb20ifSwiaWF0IjoxNTIwODI1NjMzLCJleHAiOjE1MjA5MTIwMzN9.nmXvZqZnii53lY2t9ZjApofVZw-j_L2kXw3P4p3ap5w"}
response time: 473
response status: 200
response body: 
{"status":0}
*************** response log end ***************

[2018-03-12 13:49:18.897] [INFO] resLogger - 
*************** response log start ***************
request method: POST
request originalUrl:  /api/authinrole/check?token=eyJhbGciOiJIUzI1NiIsInR5cCI6IkpXVCJ9.eyJkYXRhIjp7ImlkIjoiNGNkMmQxOTYtMDlhOS00YWFiLWFmMDQtMWY2OWJjY2YzNjAzIiwibmFtZSI6ImFkbWluIiwiZ2VuZGVyIjp0cnVlLCJlbWFpbCI6IjM3ODMzODYyN0BxcS5jb20ifSwiaWF0IjoxNTIwODI1NjMzLCJleHAiOjE1MjA5MTIwMzN9.nmXvZqZnii53lY2t9ZjApofVZw-j_L2kXw3P4p3ap5w
request client ip:  ::ffff:127.0.0.1
request body: 
{"func":"address","op":"menu"}
response time: 402
response status: 200
response body: 
{"status":0}
*************** response log end ***************

[2018-03-12 13:49:18.897] [INFO] resLogger - 
*************** response log start ***************
request method: POST
request originalUrl:  /api/authinrole/check?token=eyJhbGciOiJIUzI1NiIsInR5cCI6IkpXVCJ9.eyJkYXRhIjp7ImlkIjoiNGNkMmQxOTYtMDlhOS00YWFiLWFmMDQtMWY2OWJjY2YzNjAzIiwibmFtZSI6ImFkbWluIiwiZ2VuZGVyIjp0cnVlLCJlbWFpbCI6IjM3ODMzODYyN0BxcS5jb20ifSwiaWF0IjoxNTIwODI1NjMzLCJleHAiOjE1MjA5MTIwMzN9.nmXvZqZnii53lY2t9ZjApofVZw-j_L2kXw3P4p3ap5w
request client ip:  ::ffff:127.0.0.1
request body: 
{"func":"basic","op":"menu"}
response time: 451
response status: 200
response body: 
{"status":0}
*************** response log end ***************

[2018-03-12 13:49:18.993] [INFO] resLogger - 
*************** response log start ***************
request method: GET
request originalUrl:  /api/user/checktoken?token=eyJhbGciOiJIUzI1NiIsInR5cCI6IkpXVCJ9.eyJkYXRhIjp7ImlkIjoiNGNkMmQxOTYtMDlhOS00YWFiLWFmMDQtMWY2OWJjY2YzNjAzIiwibmFtZSI6ImFkbWluIiwiZ2VuZGVyIjp0cnVlLCJlbWFpbCI6IjM3ODMzODYyN0BxcS5jb20ifSwiaWF0IjoxNTIwODI1NjMzLCJleHAiOjE1MjA5MTIwMzN9.nmXvZqZnii53lY2t9ZjApofVZw-j_L2kXw3P4p3ap5w
request client ip:  ::ffff:127.0.0.1
request query:  {"token":"eyJhbGciOiJIUzI1NiIsInR5cCI6IkpXVCJ9.eyJkYXRhIjp7ImlkIjoiNGNkMmQxOTYtMDlhOS00YWFiLWFmMDQtMWY2OWJjY2YzNjAzIiwibmFtZSI6ImFkbWluIiwiZ2VuZGVyIjp0cnVlLCJlbWFpbCI6IjM3ODMzODYyN0BxcS5jb20ifSwiaWF0IjoxNTIwODI1NjMzLCJleHAiOjE1MjA5MTIwMzN9.nmXvZqZnii53lY2t9ZjApofVZw-j_L2kXw3P4p3ap5w"}
response time: 92
response status: 200
response body: 
{"status":0}
*************** response log end ***************

[2018-03-12 13:49:27.086] [INFO] resLogger - 
*************** response log start ***************
request method: OPTIONS
request originalUrl:  /api/authinrole/check?token=eyJhbGciOiJIUzI1NiIsInR5cCI6IkpXVCJ9.eyJkYXRhIjp7ImlkIjoiNGNkMmQxOTYtMDlhOS00YWFiLWFmMDQtMWY2OWJjY2YzNjAzIiwibmFtZSI6ImFkbWluIiwiZ2VuZGVyIjp0cnVlLCJlbWFpbCI6IjM3ODMzODYyN0BxcS5jb20ifSwiaWF0IjoxNTIwODI1NjMzLCJleHAiOjE1MjA5MTIwMzN9.nmXvZqZnii53lY2t9ZjApofVZw-j_L2kXw3P4p3ap5w
request client ip:  ::ffff:127.0.0.1
request body: 
{}
response time: 3
response status: 204
response body: 
undefined
*************** response log end ***************

[2018-03-12 13:49:27.118] [INFO] resLogger - 
*************** response log start ***************
request method: GET
request originalUrl:  /api/user/checktoken?token=eyJhbGciOiJIUzI1NiIsInR5cCI6IkpXVCJ9.eyJkYXRhIjp7ImlkIjoiNGNkMmQxOTYtMDlhOS00YWFiLWFmMDQtMWY2OWJjY2YzNjAzIiwibmFtZSI6ImFkbWluIiwiZ2VuZGVyIjp0cnVlLCJlbWFpbCI6IjM3ODMzODYyN0BxcS5jb20ifSwiaWF0IjoxNTIwODI1NjMzLCJleHAiOjE1MjA5MTIwMzN9.nmXvZqZnii53lY2t9ZjApofVZw-j_L2kXw3P4p3ap5w
request client ip:  ::ffff:127.0.0.1
request query:  {"token":"eyJhbGciOiJIUzI1NiIsInR5cCI6IkpXVCJ9.eyJkYXRhIjp7ImlkIjoiNGNkMmQxOTYtMDlhOS00YWFiLWFmMDQtMWY2OWJjY2YzNjAzIiwibmFtZSI6ImFkbWluIiwiZ2VuZGVyIjp0cnVlLCJlbWFpbCI6IjM3ODMzODYyN0BxcS5jb20ifSwiaWF0IjoxNTIwODI1NjMzLCJleHAiOjE1MjA5MTIwMzN9.nmXvZqZnii53lY2t9ZjApofVZw-j_L2kXw3P4p3ap5w"}
response time: 109
response status: 200
response body: 
{"status":0}
*************** response log end ***************

[2018-03-12 13:49:27.213] [INFO] resLogger - 
*************** response log start ***************
request method: POST
request originalUrl:  /api/authinrole/check?token=eyJhbGciOiJIUzI1NiIsInR5cCI6IkpXVCJ9.eyJkYXRhIjp7ImlkIjoiNGNkMmQxOTYtMDlhOS00YWFiLWFmMDQtMWY2OWJjY2YzNjAzIiwibmFtZSI6ImFkbWluIiwiZ2VuZGVyIjp0cnVlLCJlbWFpbCI6IjM3ODMzODYyN0BxcS5jb20ifSwiaWF0IjoxNTIwODI1NjMzLCJleHAiOjE1MjA5MTIwMzN9.nmXvZqZnii53lY2t9ZjApofVZw-j_L2kXw3P4p3ap5w
request client ip:  ::ffff:127.0.0.1
request body: 
{"func":"address","op":"list"}
response time: 93
response status: 200
response body: 
{"status":0}
*************** response log end ***************

[2018-03-12 13:49:28.187] [INFO] resLogger - 
*************** response log start ***************
request method: GET
request originalUrl:  /api/buildings/list/page/1?token=eyJhbGciOiJIUzI1NiIsInR5cCI6IkpXVCJ9.eyJkYXRhIjp7ImlkIjoiNGNkMmQxOTYtMDlhOS00YWFiLWFmMDQtMWY2OWJjY2YzNjAzIiwibmFtZSI6ImFkbWluIiwiZ2VuZGVyIjp0cnVlLCJlbWFpbCI6IjM3ODMzODYyN0BxcS5jb20ifSwiaWF0IjoxNTIwODI1NjMzLCJleHAiOjE1MjA5MTIwMzN9.nmXvZqZnii53lY2t9ZjApofVZw-j_L2kXw3P4p3ap5w
request client ip:  ::ffff:127.0.0.1
request query:  {"token":"eyJhbGciOiJIUzI1NiIsInR5cCI6IkpXVCJ9.eyJkYXRhIjp7ImlkIjoiNGNkMmQxOTYtMDlhOS00YWFiLWFmMDQtMWY2OWJjY2YzNjAzIiwibmFtZSI6ImFkbWluIiwiZ2VuZGVyIjp0cnVlLCJlbWFpbCI6IjM3ODMzODYyN0BxcS5jb20ifSwiaWF0IjoxNTIwODI1NjMzLCJleHAiOjE1MjA5MTIwMzN9.nmXvZqZnii53lY2t9ZjApofVZw-j_L2kXw3P4p3ap5w"}
response time: 112
response status: 200
response body: 
{"status":0,"data":[{"name":"海泰创业园1号楼","address":"海泰创业园","minfloor":1,"maxfloor":4,"status":1,"id":"8139dbda-544a-468f-ad32-8562116a67ff","createdAt":1519805013919,"updatedAt":1519805013919,"version":0},{"name":"商务大厦北楼","address":"北","minfloor":1,"maxfloor":15,"status":1,"id":"560b91da-0ef9-445f-8562-8204d8fb24a5","createdAt":1519805013840,"updatedAt":1519805013840,"version":0},{"name":"商务大厦南楼","address":"南","minfloor":1,"maxfloor":15,"status":1,"id":"9a52cae1-da7c-462e-8d2f-e7589d99a46e","createdAt":1519805013769,"updatedAt":1519805013769,"version":0}],"total":3}
*************** response log end ***************

[2018-03-12 13:49:53.965] [INFO] resLogger - 
*************** response log start ***************
request method: OPTIONS
request originalUrl:  /api/authinrole/check?token=eyJhbGciOiJIUzI1NiIsInR5cCI6IkpXVCJ9.eyJkYXRhIjp7ImlkIjoiNGNkMmQxOTYtMDlhOS00YWFiLWFmMDQtMWY2OWJjY2YzNjAzIiwibmFtZSI6ImFkbWluIiwiZ2VuZGVyIjp0cnVlLCJlbWFpbCI6IjM3ODMzODYyN0BxcS5jb20ifSwiaWF0IjoxNTIwODI1NjMzLCJleHAiOjE1MjA5MTIwMzN9.nmXvZqZnii53lY2t9ZjApofVZw-j_L2kXw3P4p3ap5w
request client ip:  ::ffff:127.0.0.1
request body: 
{}
response time: 8
response status: 204
response body: 
undefined
*************** response log end ***************

[2018-03-12 13:49:54.101] [INFO] resLogger - 
*************** response log start ***************
request method: GET
request originalUrl:  /api/user/checktoken?token=eyJhbGciOiJIUzI1NiIsInR5cCI6IkpXVCJ9.eyJkYXRhIjp7ImlkIjoiNGNkMmQxOTYtMDlhOS00YWFiLWFmMDQtMWY2OWJjY2YzNjAzIiwibmFtZSI6ImFkbWluIiwiZ2VuZGVyIjp0cnVlLCJlbWFpbCI6IjM3ODMzODYyN0BxcS5jb20ifSwiaWF0IjoxNTIwODI1NjMzLCJleHAiOjE1MjA5MTIwMzN9.nmXvZqZnii53lY2t9ZjApofVZw-j_L2kXw3P4p3ap5w
request client ip:  ::ffff:127.0.0.1
request query:  {"token":"eyJhbGciOiJIUzI1NiIsInR5cCI6IkpXVCJ9.eyJkYXRhIjp7ImlkIjoiNGNkMmQxOTYtMDlhOS00YWFiLWFmMDQtMWY2OWJjY2YzNjAzIiwibmFtZSI6ImFkbWluIiwiZ2VuZGVyIjp0cnVlLCJlbWFpbCI6IjM3ODMzODYyN0BxcS5jb20ifSwiaWF0IjoxNTIwODI1NjMzLCJleHAiOjE1MjA5MTIwMzN9.nmXvZqZnii53lY2t9ZjApofVZw-j_L2kXw3P4p3ap5w"}
response time: 189
response status: 200
response body: 
{"status":0}
*************** response log end ***************

[2018-03-12 13:49:54.152] [INFO] resLogger - 
*************** response log start ***************
request method: POST
request originalUrl:  /api/authinrole/check?token=eyJhbGciOiJIUzI1NiIsInR5cCI6IkpXVCJ9.eyJkYXRhIjp7ImlkIjoiNGNkMmQxOTYtMDlhOS00YWFiLWFmMDQtMWY2OWJjY2YzNjAzIiwibmFtZSI6ImFkbWluIiwiZ2VuZGVyIjp0cnVlLCJlbWFpbCI6IjM3ODMzODYyN0BxcS5jb20ifSwiaWF0IjoxNTIwODI1NjMzLCJleHAiOjE1MjA5MTIwMzN9.nmXvZqZnii53lY2t9ZjApofVZw-j_L2kXw3P4p3ap5w
request client ip:  ::ffff:127.0.0.1
request body: 
{"func":"auth","op":"menu"}
response time: 178
response status: 200
response body: 
{"status":0}
*************** response log end ***************

[2018-03-12 13:50:01.382] [INFO] resLogger - 
*************** response log start ***************
request method: OPTIONS
request originalUrl:  /api/authinrole/check?token=eyJhbGciOiJIUzI1NiIsInR5cCI6IkpXVCJ9.eyJkYXRhIjp7ImlkIjoiNGNkMmQxOTYtMDlhOS00YWFiLWFmMDQtMWY2OWJjY2YzNjAzIiwibmFtZSI6ImFkbWluIiwiZ2VuZGVyIjp0cnVlLCJlbWFpbCI6IjM3ODMzODYyN0BxcS5jb20ifSwiaWF0IjoxNTIwODI1NjMzLCJleHAiOjE1MjA5MTIwMzN9.nmXvZqZnii53lY2t9ZjApofVZw-j_L2kXw3P4p3ap5w
request client ip:  ::ffff:127.0.0.1
request body: 
{}
response time: 2
response status: 204
response body: 
undefined
*************** response log end ***************

[2018-03-12 13:50:01.396] [INFO] resLogger - 
*************** response log start ***************
request method: GET
request originalUrl:  /api/user/checktoken?token=eyJhbGciOiJIUzI1NiIsInR5cCI6IkpXVCJ9.eyJkYXRhIjp7ImlkIjoiNGNkMmQxOTYtMDlhOS00YWFiLWFmMDQtMWY2OWJjY2YzNjAzIiwibmFtZSI6ImFkbWluIiwiZ2VuZGVyIjp0cnVlLCJlbWFpbCI6IjM3ODMzODYyN0BxcS5jb20ifSwiaWF0IjoxNTIwODI1NjMzLCJleHAiOjE1MjA5MTIwMzN9.nmXvZqZnii53lY2t9ZjApofVZw-j_L2kXw3P4p3ap5w
request client ip:  ::ffff:127.0.0.1
request query:  {"token":"eyJhbGciOiJIUzI1NiIsInR5cCI6IkpXVCJ9.eyJkYXRhIjp7ImlkIjoiNGNkMmQxOTYtMDlhOS00YWFiLWFmMDQtMWY2OWJjY2YzNjAzIiwibmFtZSI6ImFkbWluIiwiZ2VuZGVyIjp0cnVlLCJlbWFpbCI6IjM3ODMzODYyN0BxcS5jb20ifSwiaWF0IjoxNTIwODI1NjMzLCJleHAiOjE1MjA5MTIwMzN9.nmXvZqZnii53lY2t9ZjApofVZw-j_L2kXw3P4p3ap5w"}
response time: 69
response status: 200
response body: 
{"status":0}
*************** response log end ***************

[2018-03-12 13:50:01.500] [INFO] resLogger - 
*************** response log start ***************
request method: POST
request originalUrl:  /api/authinrole/check?token=eyJhbGciOiJIUzI1NiIsInR5cCI6IkpXVCJ9.eyJkYXRhIjp7ImlkIjoiNGNkMmQxOTYtMDlhOS00YWFiLWFmMDQtMWY2OWJjY2YzNjAzIiwibmFtZSI6ImFkbWluIiwiZ2VuZGVyIjp0cnVlLCJlbWFpbCI6IjM3ODMzODYyN0BxcS5jb20ifSwiaWF0IjoxNTIwODI1NjMzLCJleHAiOjE1MjA5MTIwMzN9.nmXvZqZnii53lY2t9ZjApofVZw-j_L2kXw3P4p3ap5w
request client ip:  ::ffff:127.0.0.1
request body: 
{"func":"basic","op":"menu"}
response time: 102
response status: 200
response body: 
{"status":0}
*************** response log end ***************

[2018-03-12 13:50:03.577] [INFO] resLogger - 
*************** response log start ***************
request method: GET
request originalUrl:  /api/user/checktoken?token=eyJhbGciOiJIUzI1NiIsInR5cCI6IkpXVCJ9.eyJkYXRhIjp7ImlkIjoiNGNkMmQxOTYtMDlhOS00YWFiLWFmMDQtMWY2OWJjY2YzNjAzIiwibmFtZSI6ImFkbWluIiwiZ2VuZGVyIjp0cnVlLCJlbWFpbCI6IjM3ODMzODYyN0BxcS5jb20ifSwiaWF0IjoxNTIwODI1NjMzLCJleHAiOjE1MjA5MTIwMzN9.nmXvZqZnii53lY2t9ZjApofVZw-j_L2kXw3P4p3ap5w
request client ip:  ::ffff:127.0.0.1
request query:  {"token":"eyJhbGciOiJIUzI1NiIsInR5cCI6IkpXVCJ9.eyJkYXRhIjp7ImlkIjoiNGNkMmQxOTYtMDlhOS00YWFiLWFmMDQtMWY2OWJjY2YzNjAzIiwibmFtZSI6ImFkbWluIiwiZ2VuZGVyIjp0cnVlLCJlbWFpbCI6IjM3ODMzODYyN0BxcS5jb20ifSwiaWF0IjoxNTIwODI1NjMzLCJleHAiOjE1MjA5MTIwMzN9.nmXvZqZnii53lY2t9ZjApofVZw-j_L2kXw3P4p3ap5w"}
response time: 106
response status: 200
response body: 
{"status":0}
*************** response log end ***************

[2018-03-12 13:50:03.613] [INFO] resLogger - 
*************** response log start ***************
request method: POST
request originalUrl:  /api/authinrole/check?token=eyJhbGciOiJIUzI1NiIsInR5cCI6IkpXVCJ9.eyJkYXRhIjp7ImlkIjoiNGNkMmQxOTYtMDlhOS00YWFiLWFmMDQtMWY2OWJjY2YzNjAzIiwibmFtZSI6ImFkbWluIiwiZ2VuZGVyIjp0cnVlLCJlbWFpbCI6IjM3ODMzODYyN0BxcS5jb20ifSwiaWF0IjoxNTIwODI1NjMzLCJleHAiOjE1MjA5MTIwMzN9.nmXvZqZnii53lY2t9ZjApofVZw-j_L2kXw3P4p3ap5w
request client ip:  ::ffff:127.0.0.1
request body: 
{"func":"address","op":"menu"}
response time: 98
response status: 200
response body: 
{"status":0}
*************** response log end ***************

[2018-03-12 13:50:03.742] [INFO] resLogger - 
*************** response log start ***************
request method: GET
request originalUrl:  /api/user/checktoken?token=eyJhbGciOiJIUzI1NiIsInR5cCI6IkpXVCJ9.eyJkYXRhIjp7ImlkIjoiNGNkMmQxOTYtMDlhOS00YWFiLWFmMDQtMWY2OWJjY2YzNjAzIiwibmFtZSI6ImFkbWluIiwiZ2VuZGVyIjp0cnVlLCJlbWFpbCI6IjM3ODMzODYyN0BxcS5jb20ifSwiaWF0IjoxNTIwODI1NjMzLCJleHAiOjE1MjA5MTIwMzN9.nmXvZqZnii53lY2t9ZjApofVZw-j_L2kXw3P4p3ap5w
request client ip:  ::ffff:127.0.0.1
request query:  {"token":"eyJhbGciOiJIUzI1NiIsInR5cCI6IkpXVCJ9.eyJkYXRhIjp7ImlkIjoiNGNkMmQxOTYtMDlhOS00YWFiLWFmMDQtMWY2OWJjY2YzNjAzIiwibmFtZSI6ImFkbWluIiwiZ2VuZGVyIjp0cnVlLCJlbWFpbCI6IjM3ODMzODYyN0BxcS5jb20ifSwiaWF0IjoxNTIwODI1NjMzLCJleHAiOjE1MjA5MTIwMzN9.nmXvZqZnii53lY2t9ZjApofVZw-j_L2kXw3P4p3ap5w"}
response time: 109
response status: 200
response body: 
{"status":0}
*************** response log end ***************

[2018-03-12 13:50:03.771] [INFO] resLogger - 
*************** response log start ***************
request method: POST
request originalUrl:  /api/authinrole/check?token=eyJhbGciOiJIUzI1NiIsInR5cCI6IkpXVCJ9.eyJkYXRhIjp7ImlkIjoiNGNkMmQxOTYtMDlhOS00YWFiLWFmMDQtMWY2OWJjY2YzNjAzIiwibmFtZSI6ImFkbWluIiwiZ2VuZGVyIjp0cnVlLCJlbWFpbCI6IjM3ODMzODYyN0BxcS5jb20ifSwiaWF0IjoxNTIwODI1NjMzLCJleHAiOjE1MjA5MTIwMzN9.nmXvZqZnii53lY2t9ZjApofVZw-j_L2kXw3P4p3ap5w
request client ip:  ::ffff:127.0.0.1
request body: 
{"func":"address","op":"list"}
response time: 81
response status: 200
response body: 
{"status":0}
*************** response log end ***************

[2018-03-12 13:50:03.886] [INFO] resLogger - 
*************** response log start ***************
request method: GET
request originalUrl:  /api/buildings/list/page/1?token=eyJhbGciOiJIUzI1NiIsInR5cCI6IkpXVCJ9.eyJkYXRhIjp7ImlkIjoiNGNkMmQxOTYtMDlhOS00YWFiLWFmMDQtMWY2OWJjY2YzNjAzIiwibmFtZSI6ImFkbWluIiwiZ2VuZGVyIjp0cnVlLCJlbWFpbCI6IjM3ODMzODYyN0BxcS5jb20ifSwiaWF0IjoxNTIwODI1NjMzLCJleHAiOjE1MjA5MTIwMzN9.nmXvZqZnii53lY2t9ZjApofVZw-j_L2kXw3P4p3ap5w
request client ip:  ::ffff:127.0.0.1
request query:  {"token":"eyJhbGciOiJIUzI1NiIsInR5cCI6IkpXVCJ9.eyJkYXRhIjp7ImlkIjoiNGNkMmQxOTYtMDlhOS00YWFiLWFmMDQtMWY2OWJjY2YzNjAzIiwibmFtZSI6ImFkbWluIiwiZ2VuZGVyIjp0cnVlLCJlbWFpbCI6IjM3ODMzODYyN0BxcS5jb20ifSwiaWF0IjoxNTIwODI1NjMzLCJleHAiOjE1MjA5MTIwMzN9.nmXvZqZnii53lY2t9ZjApofVZw-j_L2kXw3P4p3ap5w"}
response time: 89
response status: 200
response body: 
{"status":0,"data":[{"name":"海泰创业园1号楼","address":"海泰创业园","minfloor":1,"maxfloor":4,"status":1,"id":"8139dbda-544a-468f-ad32-8562116a67ff","createdAt":1519805013919,"updatedAt":1519805013919,"version":0},{"name":"商务大厦北楼","address":"北","minfloor":1,"maxfloor":15,"status":1,"id":"560b91da-0ef9-445f-8562-8204d8fb24a5","createdAt":1519805013840,"updatedAt":1519805013840,"version":0},{"name":"商务大厦南楼","address":"南","minfloor":1,"maxfloor":15,"status":1,"id":"9a52cae1-da7c-462e-8d2f-e7589d99a46e","createdAt":1519805013769,"updatedAt":1519805013769,"version":0}],"total":3}
*************** response log end ***************

[2018-03-12 13:50:16.071] [INFO] resLogger - 
*************** response log start ***************
request method: OPTIONS
request originalUrl:  /api/authinrole/check?token=eyJhbGciOiJIUzI1NiIsInR5cCI6IkpXVCJ9.eyJkYXRhIjp7ImlkIjoiNGNkMmQxOTYtMDlhOS00YWFiLWFmMDQtMWY2OWJjY2YzNjAzIiwibmFtZSI6ImFkbWluIiwiZ2VuZGVyIjp0cnVlLCJlbWFpbCI6IjM3ODMzODYyN0BxcS5jb20ifSwiaWF0IjoxNTIwODI1NjMzLCJleHAiOjE1MjA5MTIwMzN9.nmXvZqZnii53lY2t9ZjApofVZw-j_L2kXw3P4p3ap5w
request client ip:  ::ffff:127.0.0.1
request body: 
{}
response time: 6
response status: 204
response body: 
undefined
*************** response log end ***************

[2018-03-12 13:50:16.168] [INFO] resLogger - 
*************** response log start ***************
request method: GET
request originalUrl:  /api/user/checktoken?token=eyJhbGciOiJIUzI1NiIsInR5cCI6IkpXVCJ9.eyJkYXRhIjp7ImlkIjoiNGNkMmQxOTYtMDlhOS00YWFiLWFmMDQtMWY2OWJjY2YzNjAzIiwibmFtZSI6ImFkbWluIiwiZ2VuZGVyIjp0cnVlLCJlbWFpbCI6IjM3ODMzODYyN0BxcS5jb20ifSwiaWF0IjoxNTIwODI1NjMzLCJleHAiOjE1MjA5MTIwMzN9.nmXvZqZnii53lY2t9ZjApofVZw-j_L2kXw3P4p3ap5w
request client ip:  ::ffff:127.0.0.1
request query:  {"token":"eyJhbGciOiJIUzI1NiIsInR5cCI6IkpXVCJ9.eyJkYXRhIjp7ImlkIjoiNGNkMmQxOTYtMDlhOS00YWFiLWFmMDQtMWY2OWJjY2YzNjAzIiwibmFtZSI6ImFkbWluIiwiZ2VuZGVyIjp0cnVlLCJlbWFpbCI6IjM3ODMzODYyN0BxcS5jb20ifSwiaWF0IjoxNTIwODI1NjMzLCJleHAiOjE1MjA5MTIwMzN9.nmXvZqZnii53lY2t9ZjApofVZw-j_L2kXw3P4p3ap5w"}
response time: 159
response status: 200
response body: 
{"status":0}
*************** response log end ***************

[2018-03-12 13:50:16.207] [INFO] resLogger - 
*************** response log start ***************
request method: POST
request originalUrl:  /api/authinrole/check?token=eyJhbGciOiJIUzI1NiIsInR5cCI6IkpXVCJ9.eyJkYXRhIjp7ImlkIjoiNGNkMmQxOTYtMDlhOS00YWFiLWFmMDQtMWY2OWJjY2YzNjAzIiwibmFtZSI6ImFkbWluIiwiZ2VuZGVyIjp0cnVlLCJlbWFpbCI6IjM3ODMzODYyN0BxcS5jb20ifSwiaWF0IjoxNTIwODI1NjMzLCJleHAiOjE1MjA5MTIwMzN9.nmXvZqZnii53lY2t9ZjApofVZw-j_L2kXw3P4p3ap5w
request client ip:  ::ffff:127.0.0.1
request body: 
{"func":"group","op":"menu"}
response time: 132
response status: 200
response body: 
{"status":0}
*************** response log end ***************

[2018-03-12 13:50:16.367] [INFO] resLogger - 
*************** response log start ***************
request method: GET
request originalUrl:  /api/user/checktoken?token=eyJhbGciOiJIUzI1NiIsInR5cCI6IkpXVCJ9.eyJkYXRhIjp7ImlkIjoiNGNkMmQxOTYtMDlhOS00YWFiLWFmMDQtMWY2OWJjY2YzNjAzIiwibmFtZSI6ImFkbWluIiwiZ2VuZGVyIjp0cnVlLCJlbWFpbCI6IjM3ODMzODYyN0BxcS5jb20ifSwiaWF0IjoxNTIwODI1NjMzLCJleHAiOjE1MjA5MTIwMzN9.nmXvZqZnii53lY2t9ZjApofVZw-j_L2kXw3P4p3ap5w
request client ip:  ::ffff:127.0.0.1
request query:  {"token":"eyJhbGciOiJIUzI1NiIsInR5cCI6IkpXVCJ9.eyJkYXRhIjp7ImlkIjoiNGNkMmQxOTYtMDlhOS00YWFiLWFmMDQtMWY2OWJjY2YzNjAzIiwibmFtZSI6ImFkbWluIiwiZ2VuZGVyIjp0cnVlLCJlbWFpbCI6IjM3ODMzODYyN0BxcS5jb20ifSwiaWF0IjoxNTIwODI1NjMzLCJleHAiOjE1MjA5MTIwMzN9.nmXvZqZnii53lY2t9ZjApofVZw-j_L2kXw3P4p3ap5w"}
response time: 127
response status: 200
response body: 
{"status":0}
*************** response log end ***************

[2018-03-12 13:50:16.397] [INFO] resLogger - 
*************** response log start ***************
request method: POST
request originalUrl:  /api/authinrole/check?token=eyJhbGciOiJIUzI1NiIsInR5cCI6IkpXVCJ9.eyJkYXRhIjp7ImlkIjoiNGNkMmQxOTYtMDlhOS00YWFiLWFmMDQtMWY2OWJjY2YzNjAzIiwibmFtZSI6ImFkbWluIiwiZ2VuZGVyIjp0cnVlLCJlbWFpbCI6IjM3ODMzODYyN0BxcS5jb20ifSwiaWF0IjoxNTIwODI1NjMzLCJleHAiOjE1MjA5MTIwMzN9.nmXvZqZnii53lY2t9ZjApofVZw-j_L2kXw3P4p3ap5w
request client ip:  ::ffff:127.0.0.1
request body: 
{"func":"group","op":"list"}
response time: 91
response status: 200
response body: 
{"status":0}
*************** response log end ***************

[2018-03-12 13:50:16.542] [INFO] resLogger - 
*************** response log start ***************
request method: GET
request originalUrl:  /api/groups/list/page/1?token=eyJhbGciOiJIUzI1NiIsInR5cCI6IkpXVCJ9.eyJkYXRhIjp7ImlkIjoiNGNkMmQxOTYtMDlhOS00YWFiLWFmMDQtMWY2OWJjY2YzNjAzIiwibmFtZSI6ImFkbWluIiwiZ2VuZGVyIjp0cnVlLCJlbWFpbCI6IjM3ODMzODYyN0BxcS5jb20ifSwiaWF0IjoxNTIwODI1NjMzLCJleHAiOjE1MjA5MTIwMzN9.nmXvZqZnii53lY2t9ZjApofVZw-j_L2kXw3P4p3ap5w
request client ip:  ::ffff:127.0.0.1
request query:  {"token":"eyJhbGciOiJIUzI1NiIsInR5cCI6IkpXVCJ9.eyJkYXRhIjp7ImlkIjoiNGNkMmQxOTYtMDlhOS00YWFiLWFmMDQtMWY2OWJjY2YzNjAzIiwibmFtZSI6ImFkbWluIiwiZ2VuZGVyIjp0cnVlLCJlbWFpbCI6IjM3ODMzODYyN0BxcS5jb20ifSwiaWF0IjoxNTIwODI1NjMzLCJleHAiOjE1MjA5MTIwMzN9.nmXvZqZnii53lY2t9ZjApofVZw-j_L2kXw3P4p3ap5w"}
response time: 114
response status: 200
response body: 
{"status":0,"data":[{"name":"控股","description":"group2","status":1,"id":"c4193e86-49d7-49ad-b83f-1d389858f5c2","createdAt":1519805013681,"updatedAt":1519805013681,"version":0},{"name":"管委会","description":"group1","status":1,"id":"7f08dfae-39e9-43cb-9649-823aaf19f594","createdAt":1519805013385,"updatedAt":1519805013385,"version":0}],"total":2}
*************** response log end ***************

[2018-03-12 13:50:18.687] [INFO] resLogger - 
*************** response log start ***************
request method: GET
request originalUrl:  /api/user/checktoken?token=eyJhbGciOiJIUzI1NiIsInR5cCI6IkpXVCJ9.eyJkYXRhIjp7ImlkIjoiNGNkMmQxOTYtMDlhOS00YWFiLWFmMDQtMWY2OWJjY2YzNjAzIiwibmFtZSI6ImFkbWluIiwiZ2VuZGVyIjp0cnVlLCJlbWFpbCI6IjM3ODMzODYyN0BxcS5jb20ifSwiaWF0IjoxNTIwODI1NjMzLCJleHAiOjE1MjA5MTIwMzN9.nmXvZqZnii53lY2t9ZjApofVZw-j_L2kXw3P4p3ap5w
request client ip:  ::ffff:127.0.0.1
request query:  {"token":"eyJhbGciOiJIUzI1NiIsInR5cCI6IkpXVCJ9.eyJkYXRhIjp7ImlkIjoiNGNkMmQxOTYtMDlhOS00YWFiLWFmMDQtMWY2OWJjY2YzNjAzIiwibmFtZSI6ImFkbWluIiwiZ2VuZGVyIjp0cnVlLCJlbWFpbCI6IjM3ODMzODYyN0BxcS5jb20ifSwiaWF0IjoxNTIwODI1NjMzLCJleHAiOjE1MjA5MTIwMzN9.nmXvZqZnii53lY2t9ZjApofVZw-j_L2kXw3P4p3ap5w"}
response time: 165
response status: 200
response body: 
{"status":0}
*************** response log end ***************

[2018-03-12 13:50:18.725] [INFO] resLogger - 
*************** response log start ***************
request method: POST
request originalUrl:  /api/authinrole/check?token=eyJhbGciOiJIUzI1NiIsInR5cCI6IkpXVCJ9.eyJkYXRhIjp7ImlkIjoiNGNkMmQxOTYtMDlhOS00YWFiLWFmMDQtMWY2OWJjY2YzNjAzIiwibmFtZSI6ImFkbWluIiwiZ2VuZGVyIjp0cnVlLCJlbWFpbCI6IjM3ODMzODYyN0BxcS5jb20ifSwiaWF0IjoxNTIwODI1NjMzLCJleHAiOjE1MjA5MTIwMzN9.nmXvZqZnii53lY2t9ZjApofVZw-j_L2kXw3P4p3ap5w
request client ip:  ::ffff:127.0.0.1
request body: 
{"func":"worker","op":"menu"}
response time: 123
response status: 200
response body: 
{"status":0}
*************** response log end ***************

[2018-03-12 13:50:18.868] [INFO] resLogger - 
*************** response log start ***************
request method: GET
request originalUrl:  /api/workers/list?token=eyJhbGciOiJIUzI1NiIsInR5cCI6IkpXVCJ9.eyJkYXRhIjp7ImlkIjoiNGNkMmQxOTYtMDlhOS00YWFiLWFmMDQtMWY2OWJjY2YzNjAzIiwibmFtZSI6ImFkbWluIiwiZ2VuZGVyIjp0cnVlLCJlbWFpbCI6IjM3ODMzODYyN0BxcS5jb20ifSwiaWF0IjoxNTIwODI1NjMzLCJleHAiOjE1MjA5MTIwMzN9.nmXvZqZnii53lY2t9ZjApofVZw-j_L2kXw3P4p3ap5w
request client ip:  ::ffff:127.0.0.1
request query:  {"token":"eyJhbGciOiJIUzI1NiIsInR5cCI6IkpXVCJ9.eyJkYXRhIjp7ImlkIjoiNGNkMmQxOTYtMDlhOS00YWFiLWFmMDQtMWY2OWJjY2YzNjAzIiwibmFtZSI6ImFkbWluIiwiZ2VuZGVyIjp0cnVlLCJlbWFpbCI6IjM3ODMzODYyN0BxcS5jb20ifSwiaWF0IjoxNTIwODI1NjMzLCJleHAiOjE1MjA5MTIwMzN9.nmXvZqZnii53lY2t9ZjApofVZw-j_L2kXw3P4p3ap5w"}
response time: 96
response status: 200
response body: 
{"status":0,"data":[{"name":"admin","email":"378338627@qq.com","phone":"15822927208","password":"$2a$10$KQbo6NtrOmBJzXpAlXwvjOTBo/z2jFWZBsZaWsM21lKcIL8kn6nSK","gender":true,"token":"eyJhbGciOiJIUzI1NiIsInR5cCI6IkpXVCJ9.eyJkYXRhIjp7ImlkIjoiNGNkMmQxOTYtMDlhOS00YWFiLWFmMDQtMWY2OWJjY2YzNjAzIiwibmFtZSI6ImFkbWluIiwiZ2VuZGVyIjp0cnVlLCJlbWFpbCI6IjM3ODMzODYyN0BxcS5jb20ifSwiaWF0IjoxNTIwODI1NjMzLCJleHAiOjE1MjA5MTIwMzN9.nmXvZqZnii53lY2t9ZjApofVZw-j_L2kXw3P4p3ap5w","canLogin":true,"status":1,"roleId":"440fba89-762d-4584-8bdc-26e2e7b5e71e","id":"4cd2d196-09a9-4aab-af04-1f69bccf3603","createdAt":1519805013384,"updatedAt":1520825633745,"version":16,"worker":{"userId":"4cd2d196-09a9-4aab-af04-1f69bccf3603","id":"57d9ccb6-ebfc-4713-8c42-bdffd8706cba","createdAt":1519808327778,"updatedAt":1519808327778,"version":0}},{"name":"张赫","email":"378338627@qq.com","phone":"15822927208","password":"$2a$10$e55OMQjTziCsXN/gTi0rYOTxzS9lzTI2l0q34aCTP0L8lD9AlaQoO","gender":true,"token":null,"canLogin":true,"status":1,"roleId":"aa7eeae7-8d60-40fb-95ad-e55495ffd845","id":"c5dca1de-e3d2-48fc-aabb-9be73dbeb6a6","createdAt":1519805013384,"updatedAt":1519805013384,"version":0,"worker":null},{"name":"朱亚亮","email":"378338627@qq.com","phone":"15822927208","password":"$2a$10$qzXFWYtCcWktgMw5ftj5QOOvErnicRezf9/dA.RRdrktCBvll4LvC","gender":true,"token":null,"canLogin":true,"status":1,"roleId":"aa7eeae7-8d60-40fb-95ad-e55495ffd845","id":"a8362a62-4772-4a72-877d-9c80d2ce1782","createdAt":1519805013385,"updatedAt":1519805013385,"version":0,"worker":{"userId":"a8362a62-4772-4a72-877d-9c80d2ce1782","id":"48ce7157-d697-402e-bb8c-eec09c363dd5","createdAt":1519808153365,"updatedAt":1519808153365,"version":0}}]}
*************** response log end ***************

[2018-03-12 13:50:23.170] [INFO] resLogger - 
*************** response log start ***************
request method: OPTIONS
request originalUrl:  /api/workers/add?token=eyJhbGciOiJIUzI1NiIsInR5cCI6IkpXVCJ9.eyJkYXRhIjp7ImlkIjoiNGNkMmQxOTYtMDlhOS00YWFiLWFmMDQtMWY2OWJjY2YzNjAzIiwibmFtZSI6ImFkbWluIiwiZ2VuZGVyIjp0cnVlLCJlbWFpbCI6IjM3ODMzODYyN0BxcS5jb20ifSwiaWF0IjoxNTIwODI1NjMzLCJleHAiOjE1MjA5MTIwMzN9.nmXvZqZnii53lY2t9ZjApofVZw-j_L2kXw3P4p3ap5w
request client ip:  ::ffff:127.0.0.1
request body: 
{}
response time: 8
response status: 204
response body: 
undefined
*************** response log end ***************

[2018-03-12 13:50:23.441] [INFO] resLogger - 
*************** response log start ***************
request method: POST
request originalUrl:  /api/workers/add?token=eyJhbGciOiJIUzI1NiIsInR5cCI6IkpXVCJ9.eyJkYXRhIjp7ImlkIjoiNGNkMmQxOTYtMDlhOS00YWFiLWFmMDQtMWY2OWJjY2YzNjAzIiwibmFtZSI6ImFkbWluIiwiZ2VuZGVyIjp0cnVlLCJlbWFpbCI6IjM3ODMzODYyN0BxcS5jb20ifSwiaWF0IjoxNTIwODI1NjMzLCJleHAiOjE1MjA5MTIwMzN9.nmXvZqZnii53lY2t9ZjApofVZw-j_L2kXw3P4p3ap5w
request client ip:  ::ffff:127.0.0.1
request body: 
{"userId":"c5dca1de-e3d2-48fc-aabb-9be73dbeb6a6"}
response time: 266
response status: 200
response body: 
{"status":0,"data":{"id":"5c343ac4-63b3-415c-ab29-d7df7eaf377d","userId":"c5dca1de-e3d2-48fc-aabb-9be73dbeb6a6","createdAt":1520833823316,"updatedAt":1520833823316,"version":0},"message":"新增成功！"}
*************** response log end ***************

[2018-03-12 13:50:23.511] [INFO] resLogger - 
*************** response log start ***************
request method: GET
request originalUrl:  /api/workers/list?token=eyJhbGciOiJIUzI1NiIsInR5cCI6IkpXVCJ9.eyJkYXRhIjp7ImlkIjoiNGNkMmQxOTYtMDlhOS00YWFiLWFmMDQtMWY2OWJjY2YzNjAzIiwibmFtZSI6ImFkbWluIiwiZ2VuZGVyIjp0cnVlLCJlbWFpbCI6IjM3ODMzODYyN0BxcS5jb20ifSwiaWF0IjoxNTIwODI1NjMzLCJleHAiOjE1MjA5MTIwMzN9.nmXvZqZnii53lY2t9ZjApofVZw-j_L2kXw3P4p3ap5w
request client ip:  ::ffff:127.0.0.1
request query:  {"token":"eyJhbGciOiJIUzI1NiIsInR5cCI6IkpXVCJ9.eyJkYXRhIjp7ImlkIjoiNGNkMmQxOTYtMDlhOS00YWFiLWFmMDQtMWY2OWJjY2YzNjAzIiwibmFtZSI6ImFkbWluIiwiZ2VuZGVyIjp0cnVlLCJlbWFpbCI6IjM3ODMzODYyN0BxcS5jb20ifSwiaWF0IjoxNTIwODI1NjMzLCJleHAiOjE1MjA5MTIwMzN9.nmXvZqZnii53lY2t9ZjApofVZw-j_L2kXw3P4p3ap5w"}
response time: 55
response status: 200
response body: 
{"status":0,"data":[{"name":"admin","email":"378338627@qq.com","phone":"15822927208","password":"$2a$10$KQbo6NtrOmBJzXpAlXwvjOTBo/z2jFWZBsZaWsM21lKcIL8kn6nSK","gender":true,"token":"eyJhbGciOiJIUzI1NiIsInR5cCI6IkpXVCJ9.eyJkYXRhIjp7ImlkIjoiNGNkMmQxOTYtMDlhOS00YWFiLWFmMDQtMWY2OWJjY2YzNjAzIiwibmFtZSI6ImFkbWluIiwiZ2VuZGVyIjp0cnVlLCJlbWFpbCI6IjM3ODMzODYyN0BxcS5jb20ifSwiaWF0IjoxNTIwODI1NjMzLCJleHAiOjE1MjA5MTIwMzN9.nmXvZqZnii53lY2t9ZjApofVZw-j_L2kXw3P4p3ap5w","canLogin":true,"status":1,"roleId":"440fba89-762d-4584-8bdc-26e2e7b5e71e","id":"4cd2d196-09a9-4aab-af04-1f69bccf3603","createdAt":1519805013384,"updatedAt":1520825633745,"version":16,"worker":{"userId":"4cd2d196-09a9-4aab-af04-1f69bccf3603","id":"57d9ccb6-ebfc-4713-8c42-bdffd8706cba","createdAt":1519808327778,"updatedAt":1519808327778,"version":0}},{"name":"张赫","email":"378338627@qq.com","phone":"15822927208","password":"$2a$10$e55OMQjTziCsXN/gTi0rYOTxzS9lzTI2l0q34aCTP0L8lD9AlaQoO","gender":true,"token":null,"canLogin":true,"status":1,"roleId":"aa7eeae7-8d60-40fb-95ad-e55495ffd845","id":"c5dca1de-e3d2-48fc-aabb-9be73dbeb6a6","createdAt":1519805013384,"updatedAt":1519805013384,"version":0,"worker":{"userId":"c5dca1de-e3d2-48fc-aabb-9be73dbeb6a6","id":"5c343ac4-63b3-415c-ab29-d7df7eaf377d","createdAt":1520833823316,"updatedAt":1520833823316,"version":0}},{"name":"朱亚亮","email":"378338627@qq.com","phone":"15822927208","password":"$2a$10$qzXFWYtCcWktgMw5ftj5QOOvErnicRezf9/dA.RRdrktCBvll4LvC","gender":true,"token":null,"canLogin":true,"status":1,"roleId":"aa7eeae7-8d60-40fb-95ad-e55495ffd845","id":"a8362a62-4772-4a72-877d-9c80d2ce1782","createdAt":1519805013385,"updatedAt":1519805013385,"version":0,"worker":{"userId":"a8362a62-4772-4a72-877d-9c80d2ce1782","id":"48ce7157-d697-402e-bb8c-eec09c363dd5","createdAt":1519808153365,"updatedAt":1519808153365,"version":0}}]}
*************** response log end ***************

[2018-03-12 13:50:25.854] [INFO] resLogger - 
*************** response log start ***************
request method: GET
request originalUrl:  /api/workers/delete/c5dca1de-e3d2-48fc-aabb-9be73dbeb6a6?token=eyJhbGciOiJIUzI1NiIsInR5cCI6IkpXVCJ9.eyJkYXRhIjp7ImlkIjoiNGNkMmQxOTYtMDlhOS00YWFiLWFmMDQtMWY2OWJjY2YzNjAzIiwibmFtZSI6ImFkbWluIiwiZ2VuZGVyIjp0cnVlLCJlbWFpbCI6IjM3ODMzODYyN0BxcS5jb20ifSwiaWF0IjoxNTIwODI1NjMzLCJleHAiOjE1MjA5MTIwMzN9.nmXvZqZnii53lY2t9ZjApofVZw-j_L2kXw3P4p3ap5w
request client ip:  ::ffff:127.0.0.1
request query:  {"token":"eyJhbGciOiJIUzI1NiIsInR5cCI6IkpXVCJ9.eyJkYXRhIjp7ImlkIjoiNGNkMmQxOTYtMDlhOS00YWFiLWFmMDQtMWY2OWJjY2YzNjAzIiwibmFtZSI6ImFkbWluIiwiZ2VuZGVyIjp0cnVlLCJlbWFpbCI6IjM3ODMzODYyN0BxcS5jb20ifSwiaWF0IjoxNTIwODI1NjMzLCJleHAiOjE1MjA5MTIwMzN9.nmXvZqZnii53lY2t9ZjApofVZw-j_L2kXw3P4p3ap5w"}
response time: 188
response status: 200
response body: 
{"status":0,"data":{"userId":"c5dca1de-e3d2-48fc-aabb-9be73dbeb6a6","id":"5c343ac4-63b3-415c-ab29-d7df7eaf377d","createdAt":1520833823316,"updatedAt":1520833823316,"version":0},"message":"删除成功！"}
*************** response log end ***************

[2018-03-12 13:50:25.947] [INFO] resLogger - 
*************** response log start ***************
request method: GET
request originalUrl:  /api/workers/list?token=eyJhbGciOiJIUzI1NiIsInR5cCI6IkpXVCJ9.eyJkYXRhIjp7ImlkIjoiNGNkMmQxOTYtMDlhOS00YWFiLWFmMDQtMWY2OWJjY2YzNjAzIiwibmFtZSI6ImFkbWluIiwiZ2VuZGVyIjp0cnVlLCJlbWFpbCI6IjM3ODMzODYyN0BxcS5jb20ifSwiaWF0IjoxNTIwODI1NjMzLCJleHAiOjE1MjA5MTIwMzN9.nmXvZqZnii53lY2t9ZjApofVZw-j_L2kXw3P4p3ap5w
request client ip:  ::ffff:127.0.0.1
request query:  {"token":"eyJhbGciOiJIUzI1NiIsInR5cCI6IkpXVCJ9.eyJkYXRhIjp7ImlkIjoiNGNkMmQxOTYtMDlhOS00YWFiLWFmMDQtMWY2OWJjY2YzNjAzIiwibmFtZSI6ImFkbWluIiwiZ2VuZGVyIjp0cnVlLCJlbWFpbCI6IjM3ODMzODYyN0BxcS5jb20ifSwiaWF0IjoxNTIwODI1NjMzLCJleHAiOjE1MjA5MTIwMzN9.nmXvZqZnii53lY2t9ZjApofVZw-j_L2kXw3P4p3ap5w"}
response time: 80
response status: 200
response body: 
{"status":0,"data":[{"name":"admin","email":"378338627@qq.com","phone":"15822927208","password":"$2a$10$KQbo6NtrOmBJzXpAlXwvjOTBo/z2jFWZBsZaWsM21lKcIL8kn6nSK","gender":true,"token":"eyJhbGciOiJIUzI1NiIsInR5cCI6IkpXVCJ9.eyJkYXRhIjp7ImlkIjoiNGNkMmQxOTYtMDlhOS00YWFiLWFmMDQtMWY2OWJjY2YzNjAzIiwibmFtZSI6ImFkbWluIiwiZ2VuZGVyIjp0cnVlLCJlbWFpbCI6IjM3ODMzODYyN0BxcS5jb20ifSwiaWF0IjoxNTIwODI1NjMzLCJleHAiOjE1MjA5MTIwMzN9.nmXvZqZnii53lY2t9ZjApofVZw-j_L2kXw3P4p3ap5w","canLogin":true,"status":1,"roleId":"440fba89-762d-4584-8bdc-26e2e7b5e71e","id":"4cd2d196-09a9-4aab-af04-1f69bccf3603","createdAt":1519805013384,"updatedAt":1520825633745,"version":16,"worker":{"userId":"4cd2d196-09a9-4aab-af04-1f69bccf3603","id":"57d9ccb6-ebfc-4713-8c42-bdffd8706cba","createdAt":1519808327778,"updatedAt":1519808327778,"version":0}},{"name":"张赫","email":"378338627@qq.com","phone":"15822927208","password":"$2a$10$e55OMQjTziCsXN/gTi0rYOTxzS9lzTI2l0q34aCTP0L8lD9AlaQoO","gender":true,"token":null,"canLogin":true,"status":1,"roleId":"aa7eeae7-8d60-40fb-95ad-e55495ffd845","id":"c5dca1de-e3d2-48fc-aabb-9be73dbeb6a6","createdAt":1519805013384,"updatedAt":1519805013384,"version":0,"worker":null},{"name":"朱亚亮","email":"378338627@qq.com","phone":"15822927208","password":"$2a$10$qzXFWYtCcWktgMw5ftj5QOOvErnicRezf9/dA.RRdrktCBvll4LvC","gender":true,"token":null,"canLogin":true,"status":1,"roleId":"aa7eeae7-8d60-40fb-95ad-e55495ffd845","id":"a8362a62-4772-4a72-877d-9c80d2ce1782","createdAt":1519805013385,"updatedAt":1519805013385,"version":0,"worker":{"userId":"a8362a62-4772-4a72-877d-9c80d2ce1782","id":"48ce7157-d697-402e-bb8c-eec09c363dd5","createdAt":1519808153365,"updatedAt":1519808153365,"version":0}}]}
*************** response log end ***************

[2018-03-12 13:50:33.414] [INFO] resLogger - 
*************** response log start ***************
request method: OPTIONS
request originalUrl:  /api/workers/add?token=eyJhbGciOiJIUzI1NiIsInR5cCI6IkpXVCJ9.eyJkYXRhIjp7ImlkIjoiNGNkMmQxOTYtMDlhOS00YWFiLWFmMDQtMWY2OWJjY2YzNjAzIiwibmFtZSI6ImFkbWluIiwiZ2VuZGVyIjp0cnVlLCJlbWFpbCI6IjM3ODMzODYyN0BxcS5jb20ifSwiaWF0IjoxNTIwODI1NjMzLCJleHAiOjE1MjA5MTIwMzN9.nmXvZqZnii53lY2t9ZjApofVZw-j_L2kXw3P4p3ap5w
request client ip:  ::ffff:127.0.0.1
request body: 
{}
response time: 8
response status: 204
response body: 
undefined
*************** response log end ***************

[2018-03-12 13:50:33.654] [INFO] resLogger - 
*************** response log start ***************
request method: POST
request originalUrl:  /api/workers/add?token=eyJhbGciOiJIUzI1NiIsInR5cCI6IkpXVCJ9.eyJkYXRhIjp7ImlkIjoiNGNkMmQxOTYtMDlhOS00YWFiLWFmMDQtMWY2OWJjY2YzNjAzIiwibmFtZSI6ImFkbWluIiwiZ2VuZGVyIjp0cnVlLCJlbWFpbCI6IjM3ODMzODYyN0BxcS5jb20ifSwiaWF0IjoxNTIwODI1NjMzLCJleHAiOjE1MjA5MTIwMzN9.nmXvZqZnii53lY2t9ZjApofVZw-j_L2kXw3P4p3ap5w
request client ip:  ::ffff:127.0.0.1
request body: 
{"userId":"c5dca1de-e3d2-48fc-aabb-9be73dbeb6a6"}
response time: 236
response status: 200
response body: 
{"status":0,"data":{"id":"742e0f73-fbb6-49a1-8f3b-b2366e41c50a","userId":"c5dca1de-e3d2-48fc-aabb-9be73dbeb6a6","createdAt":1520833833551,"updatedAt":1520833833551,"version":0},"message":"新增成功！"}
*************** response log end ***************

[2018-03-12 13:50:33.717] [INFO] resLogger - 
*************** response log start ***************
request method: GET
request originalUrl:  /api/workers/list?token=eyJhbGciOiJIUzI1NiIsInR5cCI6IkpXVCJ9.eyJkYXRhIjp7ImlkIjoiNGNkMmQxOTYtMDlhOS00YWFiLWFmMDQtMWY2OWJjY2YzNjAzIiwibmFtZSI6ImFkbWluIiwiZ2VuZGVyIjp0cnVlLCJlbWFpbCI6IjM3ODMzODYyN0BxcS5jb20ifSwiaWF0IjoxNTIwODI1NjMzLCJleHAiOjE1MjA5MTIwMzN9.nmXvZqZnii53lY2t9ZjApofVZw-j_L2kXw3P4p3ap5w
request client ip:  ::ffff:127.0.0.1
request query:  {"token":"eyJhbGciOiJIUzI1NiIsInR5cCI6IkpXVCJ9.eyJkYXRhIjp7ImlkIjoiNGNkMmQxOTYtMDlhOS00YWFiLWFmMDQtMWY2OWJjY2YzNjAzIiwibmFtZSI6ImFkbWluIiwiZ2VuZGVyIjp0cnVlLCJlbWFpbCI6IjM3ODMzODYyN0BxcS5jb20ifSwiaWF0IjoxNTIwODI1NjMzLCJleHAiOjE1MjA5MTIwMzN9.nmXvZqZnii53lY2t9ZjApofVZw-j_L2kXw3P4p3ap5w"}
response time: 52
response status: 200
response body: 
{"status":0,"data":[{"name":"admin","email":"378338627@qq.com","phone":"15822927208","password":"$2a$10$KQbo6NtrOmBJzXpAlXwvjOTBo/z2jFWZBsZaWsM21lKcIL8kn6nSK","gender":true,"token":"eyJhbGciOiJIUzI1NiIsInR5cCI6IkpXVCJ9.eyJkYXRhIjp7ImlkIjoiNGNkMmQxOTYtMDlhOS00YWFiLWFmMDQtMWY2OWJjY2YzNjAzIiwibmFtZSI6ImFkbWluIiwiZ2VuZGVyIjp0cnVlLCJlbWFpbCI6IjM3ODMzODYyN0BxcS5jb20ifSwiaWF0IjoxNTIwODI1NjMzLCJleHAiOjE1MjA5MTIwMzN9.nmXvZqZnii53lY2t9ZjApofVZw-j_L2kXw3P4p3ap5w","canLogin":true,"status":1,"roleId":"440fba89-762d-4584-8bdc-26e2e7b5e71e","id":"4cd2d196-09a9-4aab-af04-1f69bccf3603","createdAt":1519805013384,"updatedAt":1520825633745,"version":16,"worker":{"userId":"4cd2d196-09a9-4aab-af04-1f69bccf3603","id":"57d9ccb6-ebfc-4713-8c42-bdffd8706cba","createdAt":1519808327778,"updatedAt":1519808327778,"version":0}},{"name":"张赫","email":"378338627@qq.com","phone":"15822927208","password":"$2a$10$e55OMQjTziCsXN/gTi0rYOTxzS9lzTI2l0q34aCTP0L8lD9AlaQoO","gender":true,"token":null,"canLogin":true,"status":1,"roleId":"aa7eeae7-8d60-40fb-95ad-e55495ffd845","id":"c5dca1de-e3d2-48fc-aabb-9be73dbeb6a6","createdAt":1519805013384,"updatedAt":1519805013384,"version":0,"worker":{"userId":"c5dca1de-e3d2-48fc-aabb-9be73dbeb6a6","id":"742e0f73-fbb6-49a1-8f3b-b2366e41c50a","createdAt":1520833833551,"updatedAt":1520833833551,"version":0}},{"name":"朱亚亮","email":"378338627@qq.com","phone":"15822927208","password":"$2a$10$qzXFWYtCcWktgMw5ftj5QOOvErnicRezf9/dA.RRdrktCBvll4LvC","gender":true,"token":null,"canLogin":true,"status":1,"roleId":"aa7eeae7-8d60-40fb-95ad-e55495ffd845","id":"a8362a62-4772-4a72-877d-9c80d2ce1782","createdAt":1519805013385,"updatedAt":1519805013385,"version":0,"worker":{"userId":"a8362a62-4772-4a72-877d-9c80d2ce1782","id":"48ce7157-d697-402e-bb8c-eec09c363dd5","createdAt":1519808153365,"updatedAt":1519808153365,"version":0}}]}
*************** response log end ***************

[2018-03-12 13:51:32.199] [INFO] resLogger - 
*************** response log start ***************
request method: GET
request originalUrl:  /api/workers/delete/c5dca1de-e3d2-48fc-aabb-9be73dbeb6a6?token=eyJhbGciOiJIUzI1NiIsInR5cCI6IkpXVCJ9.eyJkYXRhIjp7ImlkIjoiNGNkMmQxOTYtMDlhOS00YWFiLWFmMDQtMWY2OWJjY2YzNjAzIiwibmFtZSI6ImFkbWluIiwiZ2VuZGVyIjp0cnVlLCJlbWFpbCI6IjM3ODMzODYyN0BxcS5jb20ifSwiaWF0IjoxNTIwODI1NjMzLCJleHAiOjE1MjA5MTIwMzN9.nmXvZqZnii53lY2t9ZjApofVZw-j_L2kXw3P4p3ap5w
request client ip:  ::ffff:127.0.0.1
request query:  {"token":"eyJhbGciOiJIUzI1NiIsInR5cCI6IkpXVCJ9.eyJkYXRhIjp7ImlkIjoiNGNkMmQxOTYtMDlhOS00YWFiLWFmMDQtMWY2OWJjY2YzNjAzIiwibmFtZSI6ImFkbWluIiwiZ2VuZGVyIjp0cnVlLCJlbWFpbCI6IjM3ODMzODYyN0BxcS5jb20ifSwiaWF0IjoxNTIwODI1NjMzLCJleHAiOjE1MjA5MTIwMzN9.nmXvZqZnii53lY2t9ZjApofVZw-j_L2kXw3P4p3ap5w"}
response time: 234
response status: 200
response body: 
{"status":0,"data":{"userId":"c5dca1de-e3d2-48fc-aabb-9be73dbeb6a6","id":"742e0f73-fbb6-49a1-8f3b-b2366e41c50a","createdAt":1520833833551,"updatedAt":1520833833551,"version":0},"message":"删除成功！"}
*************** response log end ***************

[2018-03-12 13:51:50.129] [INFO] resLogger - 
*************** response log start ***************
request method: GET
request originalUrl:  /api/workers/list?token=eyJhbGciOiJIUzI1NiIsInR5cCI6IkpXVCJ9.eyJkYXRhIjp7ImlkIjoiNGNkMmQxOTYtMDlhOS00YWFiLWFmMDQtMWY2OWJjY2YzNjAzIiwibmFtZSI6ImFkbWluIiwiZ2VuZGVyIjp0cnVlLCJlbWFpbCI6IjM3ODMzODYyN0BxcS5jb20ifSwiaWF0IjoxNTIwODI1NjMzLCJleHAiOjE1MjA5MTIwMzN9.nmXvZqZnii53lY2t9ZjApofVZw-j_L2kXw3P4p3ap5w
request client ip:  ::ffff:127.0.0.1
request query:  {"token":"eyJhbGciOiJIUzI1NiIsInR5cCI6IkpXVCJ9.eyJkYXRhIjp7ImlkIjoiNGNkMmQxOTYtMDlhOS00YWFiLWFmMDQtMWY2OWJjY2YzNjAzIiwibmFtZSI6ImFkbWluIiwiZ2VuZGVyIjp0cnVlLCJlbWFpbCI6IjM3ODMzODYyN0BxcS5jb20ifSwiaWF0IjoxNTIwODI1NjMzLCJleHAiOjE1MjA5MTIwMzN9.nmXvZqZnii53lY2t9ZjApofVZw-j_L2kXw3P4p3ap5w"}
response time: 67
response status: 200
response body: 
{"status":0,"data":[{"name":"admin","email":"378338627@qq.com","phone":"15822927208","password":"$2a$10$KQbo6NtrOmBJzXpAlXwvjOTBo/z2jFWZBsZaWsM21lKcIL8kn6nSK","gender":true,"token":"eyJhbGciOiJIUzI1NiIsInR5cCI6IkpXVCJ9.eyJkYXRhIjp7ImlkIjoiNGNkMmQxOTYtMDlhOS00YWFiLWFmMDQtMWY2OWJjY2YzNjAzIiwibmFtZSI6ImFkbWluIiwiZ2VuZGVyIjp0cnVlLCJlbWFpbCI6IjM3ODMzODYyN0BxcS5jb20ifSwiaWF0IjoxNTIwODI1NjMzLCJleHAiOjE1MjA5MTIwMzN9.nmXvZqZnii53lY2t9ZjApofVZw-j_L2kXw3P4p3ap5w","canLogin":true,"status":1,"roleId":"440fba89-762d-4584-8bdc-26e2e7b5e71e","id":"4cd2d196-09a9-4aab-af04-1f69bccf3603","createdAt":1519805013384,"updatedAt":1520825633745,"version":16,"worker":{"userId":"4cd2d196-09a9-4aab-af04-1f69bccf3603","id":"57d9ccb6-ebfc-4713-8c42-bdffd8706cba","createdAt":1519808327778,"updatedAt":1519808327778,"version":0}},{"name":"张赫","email":"378338627@qq.com","phone":"15822927208","password":"$2a$10$e55OMQjTziCsXN/gTi0rYOTxzS9lzTI2l0q34aCTP0L8lD9AlaQoO","gender":true,"token":null,"canLogin":true,"status":1,"roleId":"aa7eeae7-8d60-40fb-95ad-e55495ffd845","id":"c5dca1de-e3d2-48fc-aabb-9be73dbeb6a6","createdAt":1519805013384,"updatedAt":1519805013384,"version":0,"worker":null},{"name":"朱亚亮","email":"378338627@qq.com","phone":"15822927208","password":"$2a$10$qzXFWYtCcWktgMw5ftj5QOOvErnicRezf9/dA.RRdrktCBvll4LvC","gender":true,"token":null,"canLogin":true,"status":1,"roleId":"aa7eeae7-8d60-40fb-95ad-e55495ffd845","id":"a8362a62-4772-4a72-877d-9c80d2ce1782","createdAt":1519805013385,"updatedAt":1519805013385,"version":0,"worker":{"userId":"a8362a62-4772-4a72-877d-9c80d2ce1782","id":"48ce7157-d697-402e-bb8c-eec09c363dd5","createdAt":1519808153365,"updatedAt":1519808153365,"version":0}}]}
*************** response log end ***************

[2018-03-12 13:52:20.505] [INFO] resLogger - 
*************** response log start ***************
request method: OPTIONS
request originalUrl:  /api/authinrole/check?token=eyJhbGciOiJIUzI1NiIsInR5cCI6IkpXVCJ9.eyJkYXRhIjp7ImlkIjoiNGNkMmQxOTYtMDlhOS00YWFiLWFmMDQtMWY2OWJjY2YzNjAzIiwibmFtZSI6ImFkbWluIiwiZ2VuZGVyIjp0cnVlLCJlbWFpbCI6IjM3ODMzODYyN0BxcS5jb20ifSwiaWF0IjoxNTIwODI1NjMzLCJleHAiOjE1MjA5MTIwMzN9.nmXvZqZnii53lY2t9ZjApofVZw-j_L2kXw3P4p3ap5w
request client ip:  ::ffff:127.0.0.1
request body: 
{}
response time: 2
response status: 204
response body: 
undefined
*************** response log end ***************

[2018-03-12 13:52:20.590] [INFO] resLogger - 
*************** response log start ***************
request method: GET
request originalUrl:  /api/user/checktoken?token=eyJhbGciOiJIUzI1NiIsInR5cCI6IkpXVCJ9.eyJkYXRhIjp7ImlkIjoiNGNkMmQxOTYtMDlhOS00YWFiLWFmMDQtMWY2OWJjY2YzNjAzIiwibmFtZSI6ImFkbWluIiwiZ2VuZGVyIjp0cnVlLCJlbWFpbCI6IjM3ODMzODYyN0BxcS5jb20ifSwiaWF0IjoxNTIwODI1NjMzLCJleHAiOjE1MjA5MTIwMzN9.nmXvZqZnii53lY2t9ZjApofVZw-j_L2kXw3P4p3ap5w
request client ip:  ::ffff:127.0.0.1
request query:  {"token":"eyJhbGciOiJIUzI1NiIsInR5cCI6IkpXVCJ9.eyJkYXRhIjp7ImlkIjoiNGNkMmQxOTYtMDlhOS00YWFiLWFmMDQtMWY2OWJjY2YzNjAzIiwibmFtZSI6ImFkbWluIiwiZ2VuZGVyIjp0cnVlLCJlbWFpbCI6IjM3ODMzODYyN0BxcS5jb20ifSwiaWF0IjoxNTIwODI1NjMzLCJleHAiOjE1MjA5MTIwMzN9.nmXvZqZnii53lY2t9ZjApofVZw-j_L2kXw3P4p3ap5w"}
response time: 135
response status: 200
response body: 
{"status":0}
*************** response log end ***************

[2018-03-12 13:52:20.627] [INFO] resLogger - 
*************** response log start ***************
request method: POST
request originalUrl:  /api/authinrole/check?token=eyJhbGciOiJIUzI1NiIsInR5cCI6IkpXVCJ9.eyJkYXRhIjp7ImlkIjoiNGNkMmQxOTYtMDlhOS00YWFiLWFmMDQtMWY2OWJjY2YzNjAzIiwibmFtZSI6ImFkbWluIiwiZ2VuZGVyIjp0cnVlLCJlbWFpbCI6IjM3ODMzODYyN0BxcS5jb20ifSwiaWF0IjoxNTIwODI1NjMzLCJleHAiOjE1MjA5MTIwMzN9.nmXvZqZnii53lY2t9ZjApofVZw-j_L2kXw3P4p3ap5w
request client ip:  ::ffff:127.0.0.1
request body: 
{"func":"group","op":"menu"}
response time: 118
response status: 200
response body: 
{"status":0}
*************** response log end ***************

[2018-03-12 13:52:24.129] [INFO] resLogger - 
*************** response log start ***************
request method: GET
request originalUrl:  /api/user/checktoken?token=eyJhbGciOiJIUzI1NiIsInR5cCI6IkpXVCJ9.eyJkYXRhIjp7ImlkIjoiNGNkMmQxOTYtMDlhOS00YWFiLWFmMDQtMWY2OWJjY2YzNjAzIiwibmFtZSI6ImFkbWluIiwiZ2VuZGVyIjp0cnVlLCJlbWFpbCI6IjM3ODMzODYyN0BxcS5jb20ifSwiaWF0IjoxNTIwODI1NjMzLCJleHAiOjE1MjA5MTIwMzN9.nmXvZqZnii53lY2t9ZjApofVZw-j_L2kXw3P4p3ap5w
request client ip:  ::ffff:127.0.0.1
request query:  {"token":"eyJhbGciOiJIUzI1NiIsInR5cCI6IkpXVCJ9.eyJkYXRhIjp7ImlkIjoiNGNkMmQxOTYtMDlhOS00YWFiLWFmMDQtMWY2OWJjY2YzNjAzIiwibmFtZSI6ImFkbWluIiwiZ2VuZGVyIjp0cnVlLCJlbWFpbCI6IjM3ODMzODYyN0BxcS5jb20ifSwiaWF0IjoxNTIwODI1NjMzLCJleHAiOjE1MjA5MTIwMzN9.nmXvZqZnii53lY2t9ZjApofVZw-j_L2kXw3P4p3ap5w"}
response time: 110
response status: 200
response body: 
{"status":0}
*************** response log end ***************

[2018-03-12 13:52:24.162] [INFO] resLogger - 
*************** response log start ***************
request method: POST
request originalUrl:  /api/authinrole/check?token=eyJhbGciOiJIUzI1NiIsInR5cCI6IkpXVCJ9.eyJkYXRhIjp7ImlkIjoiNGNkMmQxOTYtMDlhOS00YWFiLWFmMDQtMWY2OWJjY2YzNjAzIiwibmFtZSI6ImFkbWluIiwiZ2VuZGVyIjp0cnVlLCJlbWFpbCI6IjM3ODMzODYyN0BxcS5jb20ifSwiaWF0IjoxNTIwODI1NjMzLCJleHAiOjE1MjA5MTIwMzN9.nmXvZqZnii53lY2t9ZjApofVZw-j_L2kXw3P4p3ap5w
request client ip:  ::ffff:127.0.0.1
request body: 
{"func":"group","op":"list"}
response time: 90
response status: 200
response body: 
{"status":0}
*************** response log end ***************

[2018-03-12 13:52:24.265] [INFO] resLogger - 
*************** response log start ***************
request method: GET
request originalUrl:  /api/groups/list/page/1?token=eyJhbGciOiJIUzI1NiIsInR5cCI6IkpXVCJ9.eyJkYXRhIjp7ImlkIjoiNGNkMmQxOTYtMDlhOS00YWFiLWFmMDQtMWY2OWJjY2YzNjAzIiwibmFtZSI6ImFkbWluIiwiZ2VuZGVyIjp0cnVlLCJlbWFpbCI6IjM3ODMzODYyN0BxcS5jb20ifSwiaWF0IjoxNTIwODI1NjMzLCJleHAiOjE1MjA5MTIwMzN9.nmXvZqZnii53lY2t9ZjApofVZw-j_L2kXw3P4p3ap5w
request client ip:  ::ffff:127.0.0.1
request query:  {"token":"eyJhbGciOiJIUzI1NiIsInR5cCI6IkpXVCJ9.eyJkYXRhIjp7ImlkIjoiNGNkMmQxOTYtMDlhOS00YWFiLWFmMDQtMWY2OWJjY2YzNjAzIiwibmFtZSI6ImFkbWluIiwiZ2VuZGVyIjp0cnVlLCJlbWFpbCI6IjM3ODMzODYyN0BxcS5jb20ifSwiaWF0IjoxNTIwODI1NjMzLCJleHAiOjE1MjA5MTIwMzN9.nmXvZqZnii53lY2t9ZjApofVZw-j_L2kXw3P4p3ap5w"}
response time: 80
response status: 200
response body: 
{"status":0,"data":[{"name":"控股","description":"group2","status":1,"id":"c4193e86-49d7-49ad-b83f-1d389858f5c2","createdAt":1519805013681,"updatedAt":1519805013681,"version":0},{"name":"管委会","description":"group1","status":1,"id":"7f08dfae-39e9-43cb-9649-823aaf19f594","createdAt":1519805013385,"updatedAt":1519805013385,"version":0}],"total":2}
*************** response log end ***************

[2018-03-12 13:52:26.074] [INFO] resLogger - 
*************** response log start ***************
request method: OPTIONS
request originalUrl:  /api/authinrole/check?token=eyJhbGciOiJIUzI1NiIsInR5cCI6IkpXVCJ9.eyJkYXRhIjp7ImlkIjoiNGNkMmQxOTYtMDlhOS00YWFiLWFmMDQtMWY2OWJjY2YzNjAzIiwibmFtZSI6ImFkbWluIiwiZ2VuZGVyIjp0cnVlLCJlbWFpbCI6IjM3ODMzODYyN0BxcS5jb20ifSwiaWF0IjoxNTIwODI1NjMzLCJleHAiOjE1MjA5MTIwMzN9.nmXvZqZnii53lY2t9ZjApofVZw-j_L2kXw3P4p3ap5w
request client ip:  ::ffff:127.0.0.1
request body: 
{}
response time: 2
response status: 204
response body: 
undefined
*************** response log end ***************

[2018-03-12 13:52:26.092] [INFO] resLogger - 
*************** response log start ***************
request method: GET
request originalUrl:  /api/user/checktoken?token=eyJhbGciOiJIUzI1NiIsInR5cCI6IkpXVCJ9.eyJkYXRhIjp7ImlkIjoiNGNkMmQxOTYtMDlhOS00YWFiLWFmMDQtMWY2OWJjY2YzNjAzIiwibmFtZSI6ImFkbWluIiwiZ2VuZGVyIjp0cnVlLCJlbWFpbCI6IjM3ODMzODYyN0BxcS5jb20ifSwiaWF0IjoxNTIwODI1NjMzLCJleHAiOjE1MjA5MTIwMzN9.nmXvZqZnii53lY2t9ZjApofVZw-j_L2kXw3P4p3ap5w
request client ip:  ::ffff:127.0.0.1
request query:  {"token":"eyJhbGciOiJIUzI1NiIsInR5cCI6IkpXVCJ9.eyJkYXRhIjp7ImlkIjoiNGNkMmQxOTYtMDlhOS00YWFiLWFmMDQtMWY2OWJjY2YzNjAzIiwibmFtZSI6ImFkbWluIiwiZ2VuZGVyIjp0cnVlLCJlbWFpbCI6IjM3ODMzODYyN0BxcS5jb20ifSwiaWF0IjoxNTIwODI1NjMzLCJleHAiOjE1MjA5MTIwMzN9.nmXvZqZnii53lY2t9ZjApofVZw-j_L2kXw3P4p3ap5w"}
response time: 48
response status: 200
response body: 
{"status":0}
*************** response log end ***************

[2018-03-12 13:52:26.153] [INFO] resLogger - 
*************** response log start ***************
request method: POST
request originalUrl:  /api/authinrole/check?token=eyJhbGciOiJIUzI1NiIsInR5cCI6IkpXVCJ9.eyJkYXRhIjp7ImlkIjoiNGNkMmQxOTYtMDlhOS00YWFiLWFmMDQtMWY2OWJjY2YzNjAzIiwibmFtZSI6ImFkbWluIiwiZ2VuZGVyIjp0cnVlLCJlbWFpbCI6IjM3ODMzODYyN0BxcS5jb20ifSwiaWF0IjoxNTIwODI1NjMzLCJleHAiOjE1MjA5MTIwMzN9.nmXvZqZnii53lY2t9ZjApofVZw-j_L2kXw3P4p3ap5w
request client ip:  ::ffff:127.0.0.1
request body: 
{"func":"address","op":"menu"}
response time: 60
response status: 200
response body: 
{"status":0}
*************** response log end ***************

[2018-03-12 13:52:26.296] [INFO] resLogger - 
*************** response log start ***************
request method: GET
request originalUrl:  /api/user/checktoken?token=eyJhbGciOiJIUzI1NiIsInR5cCI6IkpXVCJ9.eyJkYXRhIjp7ImlkIjoiNGNkMmQxOTYtMDlhOS00YWFiLWFmMDQtMWY2OWJjY2YzNjAzIiwibmFtZSI6ImFkbWluIiwiZ2VuZGVyIjp0cnVlLCJlbWFpbCI6IjM3ODMzODYyN0BxcS5jb20ifSwiaWF0IjoxNTIwODI1NjMzLCJleHAiOjE1MjA5MTIwMzN9.nmXvZqZnii53lY2t9ZjApofVZw-j_L2kXw3P4p3ap5w
request client ip:  ::ffff:127.0.0.1
request query:  {"token":"eyJhbGciOiJIUzI1NiIsInR5cCI6IkpXVCJ9.eyJkYXRhIjp7ImlkIjoiNGNkMmQxOTYtMDlhOS00YWFiLWFmMDQtMWY2OWJjY2YzNjAzIiwibmFtZSI6ImFkbWluIiwiZ2VuZGVyIjp0cnVlLCJlbWFpbCI6IjM3ODMzODYyN0BxcS5jb20ifSwiaWF0IjoxNTIwODI1NjMzLCJleHAiOjE1MjA5MTIwMzN9.nmXvZqZnii53lY2t9ZjApofVZw-j_L2kXw3P4p3ap5w"}
response time: 113
response status: 200
response body: 
{"status":0}
*************** response log end ***************

[2018-03-12 13:52:26.325] [INFO] resLogger - 
*************** response log start ***************
request method: POST
request originalUrl:  /api/authinrole/check?token=eyJhbGciOiJIUzI1NiIsInR5cCI6IkpXVCJ9.eyJkYXRhIjp7ImlkIjoiNGNkMmQxOTYtMDlhOS00YWFiLWFmMDQtMWY2OWJjY2YzNjAzIiwibmFtZSI6ImFkbWluIiwiZ2VuZGVyIjp0cnVlLCJlbWFpbCI6IjM3ODMzODYyN0BxcS5jb20ifSwiaWF0IjoxNTIwODI1NjMzLCJleHAiOjE1MjA5MTIwMzN9.nmXvZqZnii53lY2t9ZjApofVZw-j_L2kXw3P4p3ap5w
request client ip:  ::ffff:127.0.0.1
request body: 
{"func":"address","op":"list"}
response time: 89
response status: 200
response body: 
{"status":0}
*************** response log end ***************

[2018-03-12 13:52:26.434] [INFO] resLogger - 
*************** response log start ***************
request method: GET
request originalUrl:  /api/buildings/list/page/1?token=eyJhbGciOiJIUzI1NiIsInR5cCI6IkpXVCJ9.eyJkYXRhIjp7ImlkIjoiNGNkMmQxOTYtMDlhOS00YWFiLWFmMDQtMWY2OWJjY2YzNjAzIiwibmFtZSI6ImFkbWluIiwiZ2VuZGVyIjp0cnVlLCJlbWFpbCI6IjM3ODMzODYyN0BxcS5jb20ifSwiaWF0IjoxNTIwODI1NjMzLCJleHAiOjE1MjA5MTIwMzN9.nmXvZqZnii53lY2t9ZjApofVZw-j_L2kXw3P4p3ap5w
request client ip:  ::ffff:127.0.0.1
request query:  {"token":"eyJhbGciOiJIUzI1NiIsInR5cCI6IkpXVCJ9.eyJkYXRhIjp7ImlkIjoiNGNkMmQxOTYtMDlhOS00YWFiLWFmMDQtMWY2OWJjY2YzNjAzIiwibmFtZSI6ImFkbWluIiwiZ2VuZGVyIjp0cnVlLCJlbWFpbCI6IjM3ODMzODYyN0BxcS5jb20ifSwiaWF0IjoxNTIwODI1NjMzLCJleHAiOjE1MjA5MTIwMzN9.nmXvZqZnii53lY2t9ZjApofVZw-j_L2kXw3P4p3ap5w"}
response time: 83
response status: 200
response body: 
{"status":0,"data":[{"name":"海泰创业园1号楼","address":"海泰创业园","minfloor":1,"maxfloor":4,"status":1,"id":"8139dbda-544a-468f-ad32-8562116a67ff","createdAt":1519805013919,"updatedAt":1519805013919,"version":0},{"name":"商务大厦北楼","address":"北","minfloor":1,"maxfloor":15,"status":1,"id":"560b91da-0ef9-445f-8562-8204d8fb24a5","createdAt":1519805013840,"updatedAt":1519805013840,"version":0},{"name":"商务大厦南楼","address":"南","minfloor":1,"maxfloor":15,"status":1,"id":"9a52cae1-da7c-462e-8d2f-e7589d99a46e","createdAt":1519805013769,"updatedAt":1519805013769,"version":0}],"total":3}
*************** response log end ***************

[2018-03-12 13:52:33.710] [INFO] resLogger - 
*************** response log start ***************
request method: OPTIONS
request originalUrl:  /api/authinrole/check?token=eyJhbGciOiJIUzI1NiIsInR5cCI6IkpXVCJ9.eyJkYXRhIjp7ImlkIjoiNGNkMmQxOTYtMDlhOS00YWFiLWFmMDQtMWY2OWJjY2YzNjAzIiwibmFtZSI6ImFkbWluIiwiZ2VuZGVyIjp0cnVlLCJlbWFpbCI6IjM3ODMzODYyN0BxcS5jb20ifSwiaWF0IjoxNTIwODI1NjMzLCJleHAiOjE1MjA5MTIwMzN9.nmXvZqZnii53lY2t9ZjApofVZw-j_L2kXw3P4p3ap5w
request client ip:  ::ffff:127.0.0.1
request body: 
{}
response time: 3
response status: 204
response body: 
undefined
*************** response log end ***************

[2018-03-12 13:52:33.722] [INFO] resLogger - 
*************** response log start ***************
request method: GET
request originalUrl:  /api/user/checktoken?token=eyJhbGciOiJIUzI1NiIsInR5cCI6IkpXVCJ9.eyJkYXRhIjp7ImlkIjoiNGNkMmQxOTYtMDlhOS00YWFiLWFmMDQtMWY2OWJjY2YzNjAzIiwibmFtZSI6ImFkbWluIiwiZ2VuZGVyIjp0cnVlLCJlbWFpbCI6IjM3ODMzODYyN0BxcS5jb20ifSwiaWF0IjoxNTIwODI1NjMzLCJleHAiOjE1MjA5MTIwMzN9.nmXvZqZnii53lY2t9ZjApofVZw-j_L2kXw3P4p3ap5w
request client ip:  ::ffff:127.0.0.1
request query:  {"token":"eyJhbGciOiJIUzI1NiIsInR5cCI6IkpXVCJ9.eyJkYXRhIjp7ImlkIjoiNGNkMmQxOTYtMDlhOS00YWFiLWFmMDQtMWY2OWJjY2YzNjAzIiwibmFtZSI6ImFkbWluIiwiZ2VuZGVyIjp0cnVlLCJlbWFpbCI6IjM3ODMzODYyN0BxcS5jb20ifSwiaWF0IjoxNTIwODI1NjMzLCJleHAiOjE1MjA5MTIwMzN9.nmXvZqZnii53lY2t9ZjApofVZw-j_L2kXw3P4p3ap5w"}
response time: 59
response status: 200
response body: 
{"status":0}
*************** response log end ***************

[2018-03-12 13:52:33.808] [INFO] resLogger - 
*************** response log start ***************
request method: POST
request originalUrl:  /api/authinrole/check?token=eyJhbGciOiJIUzI1NiIsInR5cCI6IkpXVCJ9.eyJkYXRhIjp7ImlkIjoiNGNkMmQxOTYtMDlhOS00YWFiLWFmMDQtMWY2OWJjY2YzNjAzIiwibmFtZSI6ImFkbWluIiwiZ2VuZGVyIjp0cnVlLCJlbWFpbCI6IjM3ODMzODYyN0BxcS5jb20ifSwiaWF0IjoxNTIwODI1NjMzLCJleHAiOjE1MjA5MTIwMzN9.nmXvZqZnii53lY2t9ZjApofVZw-j_L2kXw3P4p3ap5w
request client ip:  ::ffff:127.0.0.1
request body: 
{"func":"operations","op":"menu"}
response time: 82
response status: 200
response body: 
{"status":0}
*************** response log end ***************

[2018-03-12 13:56:20.881] [INFO] resLogger - 
*************** response log start ***************
request method: OPTIONS
request originalUrl:  /api/authinrole/check?token=eyJhbGciOiJIUzI1NiIsInR5cCI6IkpXVCJ9.eyJkYXRhIjp7ImlkIjoiNGNkMmQxOTYtMDlhOS00YWFiLWFmMDQtMWY2OWJjY2YzNjAzIiwibmFtZSI6ImFkbWluIiwiZ2VuZGVyIjp0cnVlLCJlbWFpbCI6IjM3ODMzODYyN0BxcS5jb20ifSwiaWF0IjoxNTIwODI1NjMzLCJleHAiOjE1MjA5MTIwMzN9.nmXvZqZnii53lY2t9ZjApofVZw-j_L2kXw3P4p3ap5w
request client ip:  ::ffff:127.0.0.1
request body: 
{}
response time: 2
response status: 204
response body: 
undefined
*************** response log end ***************

[2018-03-12 13:56:20.888] [INFO] resLogger - 
*************** response log start ***************
request method: OPTIONS
request originalUrl:  /api/authinrole/check?token=eyJhbGciOiJIUzI1NiIsInR5cCI6IkpXVCJ9.eyJkYXRhIjp7ImlkIjoiNGNkMmQxOTYtMDlhOS00YWFiLWFmMDQtMWY2OWJjY2YzNjAzIiwibmFtZSI6ImFkbWluIiwiZ2VuZGVyIjp0cnVlLCJlbWFpbCI6IjM3ODMzODYyN0BxcS5jb20ifSwiaWF0IjoxNTIwODI1NjMzLCJleHAiOjE1MjA5MTIwMzN9.nmXvZqZnii53lY2t9ZjApofVZw-j_L2kXw3P4p3ap5w
request client ip:  ::ffff:127.0.0.1
request body: 
{}
response time: 2
response status: 204
response body: 
undefined
*************** response log end ***************

[2018-03-12 13:56:21.035] [INFO] resLogger - 
*************** response log start ***************
request method: GET
request originalUrl:  /api/user/checktoken?token=eyJhbGciOiJIUzI1NiIsInR5cCI6IkpXVCJ9.eyJkYXRhIjp7ImlkIjoiNGNkMmQxOTYtMDlhOS00YWFiLWFmMDQtMWY2OWJjY2YzNjAzIiwibmFtZSI6ImFkbWluIiwiZ2VuZGVyIjp0cnVlLCJlbWFpbCI6IjM3ODMzODYyN0BxcS5jb20ifSwiaWF0IjoxNTIwODI1NjMzLCJleHAiOjE1MjA5MTIwMzN9.nmXvZqZnii53lY2t9ZjApofVZw-j_L2kXw3P4p3ap5w
request client ip:  ::ffff:127.0.0.1
request query:  {"token":"eyJhbGciOiJIUzI1NiIsInR5cCI6IkpXVCJ9.eyJkYXRhIjp7ImlkIjoiNGNkMmQxOTYtMDlhOS00YWFiLWFmMDQtMWY2OWJjY2YzNjAzIiwibmFtZSI6ImFkbWluIiwiZ2VuZGVyIjp0cnVlLCJlbWFpbCI6IjM3ODMzODYyN0BxcS5jb20ifSwiaWF0IjoxNTIwODI1NjMzLCJleHAiOjE1MjA5MTIwMzN9.nmXvZqZnii53lY2t9ZjApofVZw-j_L2kXw3P4p3ap5w"}
response time: 215
response status: 200
response body: 
{"status":0}
*************** response log end ***************

[2018-03-12 13:56:21.071] [INFO] resLogger - 
*************** response log start ***************
request method: POST
request originalUrl:  /api/authinrole/check?token=eyJhbGciOiJIUzI1NiIsInR5cCI6IkpXVCJ9.eyJkYXRhIjp7ImlkIjoiNGNkMmQxOTYtMDlhOS00YWFiLWFmMDQtMWY2OWJjY2YzNjAzIiwibmFtZSI6ImFkbWluIiwiZ2VuZGVyIjp0cnVlLCJlbWFpbCI6IjM3ODMzODYyN0BxcS5jb20ifSwiaWF0IjoxNTIwODI1NjMzLCJleHAiOjE1MjA5MTIwMzN9.nmXvZqZnii53lY2t9ZjApofVZw-j_L2kXw3P4p3ap5w
request client ip:  ::ffff:127.0.0.1
request body: 
{"func":"basic","op":"menu"}
response time: 181
response status: 200
response body: 
{"status":0}
*************** response log end ***************

[2018-03-12 13:56:21.090] [INFO] resLogger - 
*************** response log start ***************
request method: POST
request originalUrl:  /api/authinrole/check?token=eyJhbGciOiJIUzI1NiIsInR5cCI6IkpXVCJ9.eyJkYXRhIjp7ImlkIjoiNGNkMmQxOTYtMDlhOS00YWFiLWFmMDQtMWY2OWJjY2YzNjAzIiwibmFtZSI6ImFkbWluIiwiZ2VuZGVyIjp0cnVlLCJlbWFpbCI6IjM3ODMzODYyN0BxcS5jb20ifSwiaWF0IjoxNTIwODI1NjMzLCJleHAiOjE1MjA5MTIwMzN9.nmXvZqZnii53lY2t9ZjApofVZw-j_L2kXw3P4p3ap5w
request client ip:  ::ffff:127.0.0.1
request body: 
{"func":"group","op":"menu"}
response time: 118
response status: 200
response body: 
{"status":0}
*************** response log end ***************

[2018-03-12 13:56:21.128] [INFO] resLogger - 
*************** response log start ***************
request method: GET
request originalUrl:  /api/user/checktoken?token=eyJhbGciOiJIUzI1NiIsInR5cCI6IkpXVCJ9.eyJkYXRhIjp7ImlkIjoiNGNkMmQxOTYtMDlhOS00YWFiLWFmMDQtMWY2OWJjY2YzNjAzIiwibmFtZSI6ImFkbWluIiwiZ2VuZGVyIjp0cnVlLCJlbWFpbCI6IjM3ODMzODYyN0BxcS5jb20ifSwiaWF0IjoxNTIwODI1NjMzLCJleHAiOjE1MjA5MTIwMzN9.nmXvZqZnii53lY2t9ZjApofVZw-j_L2kXw3P4p3ap5w
request client ip:  ::ffff:127.0.0.1
request query:  {"token":"eyJhbGciOiJIUzI1NiIsInR5cCI6IkpXVCJ9.eyJkYXRhIjp7ImlkIjoiNGNkMmQxOTYtMDlhOS00YWFiLWFmMDQtMWY2OWJjY2YzNjAzIiwibmFtZSI6ImFkbWluIiwiZ2VuZGVyIjp0cnVlLCJlbWFpbCI6IjM3ODMzODYyN0BxcS5jb20ifSwiaWF0IjoxNTIwODI1NjMzLCJleHAiOjE1MjA5MTIwMzN9.nmXvZqZnii53lY2t9ZjApofVZw-j_L2kXw3P4p3ap5w"}
response time: 38
response status: 200
response body: 
{"status":0}
*************** response log end ***************

[2018-03-12 13:56:21.223] [INFO] resLogger - 
*************** response log start ***************
request method: GET
request originalUrl:  /api/user/checktoken?token=eyJhbGciOiJIUzI1NiIsInR5cCI6IkpXVCJ9.eyJkYXRhIjp7ImlkIjoiNGNkMmQxOTYtMDlhOS00YWFiLWFmMDQtMWY2OWJjY2YzNjAzIiwibmFtZSI6ImFkbWluIiwiZ2VuZGVyIjp0cnVlLCJlbWFpbCI6IjM3ODMzODYyN0BxcS5jb20ifSwiaWF0IjoxNTIwODI1NjMzLCJleHAiOjE1MjA5MTIwMzN9.nmXvZqZnii53lY2t9ZjApofVZw-j_L2kXw3P4p3ap5w
request client ip:  ::ffff:127.0.0.1
request query:  {"token":"eyJhbGciOiJIUzI1NiIsInR5cCI6IkpXVCJ9.eyJkYXRhIjp7ImlkIjoiNGNkMmQxOTYtMDlhOS00YWFiLWFmMDQtMWY2OWJjY2YzNjAzIiwibmFtZSI6ImFkbWluIiwiZ2VuZGVyIjp0cnVlLCJlbWFpbCI6IjM3ODMzODYyN0BxcS5jb20ifSwiaWF0IjoxNTIwODI1NjMzLCJleHAiOjE1MjA5MTIwMzN9.nmXvZqZnii53lY2t9ZjApofVZw-j_L2kXw3P4p3ap5w"}
response time: 78
response status: 200
response body: 
{"status":0}
*************** response log end ***************

[2018-03-12 13:56:21.242] [INFO] resLogger - 
*************** response log start ***************
request method: POST
request originalUrl:  /api/authinrole/check?token=eyJhbGciOiJIUzI1NiIsInR5cCI6IkpXVCJ9.eyJkYXRhIjp7ImlkIjoiNGNkMmQxOTYtMDlhOS00YWFiLWFmMDQtMWY2OWJjY2YzNjAzIiwibmFtZSI6ImFkbWluIiwiZ2VuZGVyIjp0cnVlLCJlbWFpbCI6IjM3ODMzODYyN0BxcS5jb20ifSwiaWF0IjoxNTIwODI1NjMzLCJleHAiOjE1MjA5MTIwMzN9.nmXvZqZnii53lY2t9ZjApofVZw-j_L2kXw3P4p3ap5w
request client ip:  ::ffff:127.0.0.1
request body: 
{"func":"group","op":"list"}
response time: 58
response status: 200
response body: 
{"status":0}
*************** response log end ***************

[2018-03-12 13:56:21.320] [INFO] resLogger - 
*************** response log start ***************
request method: GET
request originalUrl:  /api/groups/list/page/1?token=eyJhbGciOiJIUzI1NiIsInR5cCI6IkpXVCJ9.eyJkYXRhIjp7ImlkIjoiNGNkMmQxOTYtMDlhOS00YWFiLWFmMDQtMWY2OWJjY2YzNjAzIiwibmFtZSI6ImFkbWluIiwiZ2VuZGVyIjp0cnVlLCJlbWFpbCI6IjM3ODMzODYyN0BxcS5jb20ifSwiaWF0IjoxNTIwODI1NjMzLCJleHAiOjE1MjA5MTIwMzN9.nmXvZqZnii53lY2t9ZjApofVZw-j_L2kXw3P4p3ap5w
request client ip:  ::ffff:127.0.0.1
request query:  {"token":"eyJhbGciOiJIUzI1NiIsInR5cCI6IkpXVCJ9.eyJkYXRhIjp7ImlkIjoiNGNkMmQxOTYtMDlhOS00YWFiLWFmMDQtMWY2OWJjY2YzNjAzIiwibmFtZSI6ImFkbWluIiwiZ2VuZGVyIjp0cnVlLCJlbWFpbCI6IjM3ODMzODYyN0BxcS5jb20ifSwiaWF0IjoxNTIwODI1NjMzLCJleHAiOjE1MjA5MTIwMzN9.nmXvZqZnii53lY2t9ZjApofVZw-j_L2kXw3P4p3ap5w"}
response time: 57
response status: 200
response body: 
{"status":0,"data":[{"name":"控股","description":"group2","status":1,"id":"c4193e86-49d7-49ad-b83f-1d389858f5c2","createdAt":1519805013681,"updatedAt":1519805013681,"version":0},{"name":"管委会","description":"group1","status":1,"id":"7f08dfae-39e9-43cb-9649-823aaf19f594","createdAt":1519805013385,"updatedAt":1519805013385,"version":0}],"total":2}
*************** response log end ***************

[2018-03-12 13:56:24.077] [INFO] resLogger - 
*************** response log start ***************
request method: GET
request originalUrl:  /api/user/checktoken?token=eyJhbGciOiJIUzI1NiIsInR5cCI6IkpXVCJ9.eyJkYXRhIjp7ImlkIjoiNGNkMmQxOTYtMDlhOS00YWFiLWFmMDQtMWY2OWJjY2YzNjAzIiwibmFtZSI6ImFkbWluIiwiZ2VuZGVyIjp0cnVlLCJlbWFpbCI6IjM3ODMzODYyN0BxcS5jb20ifSwiaWF0IjoxNTIwODI1NjMzLCJleHAiOjE1MjA5MTIwMzN9.nmXvZqZnii53lY2t9ZjApofVZw-j_L2kXw3P4p3ap5w
request client ip:  ::ffff:127.0.0.1
request query:  {"token":"eyJhbGciOiJIUzI1NiIsInR5cCI6IkpXVCJ9.eyJkYXRhIjp7ImlkIjoiNGNkMmQxOTYtMDlhOS00YWFiLWFmMDQtMWY2OWJjY2YzNjAzIiwibmFtZSI6ImFkbWluIiwiZ2VuZGVyIjp0cnVlLCJlbWFpbCI6IjM3ODMzODYyN0BxcS5jb20ifSwiaWF0IjoxNTIwODI1NjMzLCJleHAiOjE1MjA5MTIwMzN9.nmXvZqZnii53lY2t9ZjApofVZw-j_L2kXw3P4p3ap5w"}
response time: 76
response status: 200
response body: 
{"status":0}
*************** response log end ***************

[2018-03-12 13:56:24.097] [INFO] resLogger - 
*************** response log start ***************
request method: POST
request originalUrl:  /api/authinrole/check?token=eyJhbGciOiJIUzI1NiIsInR5cCI6IkpXVCJ9.eyJkYXRhIjp7ImlkIjoiNGNkMmQxOTYtMDlhOS00YWFiLWFmMDQtMWY2OWJjY2YzNjAzIiwibmFtZSI6ImFkbWluIiwiZ2VuZGVyIjp0cnVlLCJlbWFpbCI6IjM3ODMzODYyN0BxcS5jb20ifSwiaWF0IjoxNTIwODI1NjMzLCJleHAiOjE1MjA5MTIwMzN9.nmXvZqZnii53lY2t9ZjApofVZw-j_L2kXw3P4p3ap5w
request client ip:  ::ffff:127.0.0.1
request body: 
{"func":"group","op":"edit"}
response time: 64
response status: 200
response body: 
{"status":0}
*************** response log end ***************

[2018-03-12 13:56:24.154] [INFO] resLogger - 
*************** response log start ***************
request method: GET
request originalUrl:  /api/groups/7f08dfae-39e9-43cb-9649-823aaf19f594?token=eyJhbGciOiJIUzI1NiIsInR5cCI6IkpXVCJ9.eyJkYXRhIjp7ImlkIjoiNGNkMmQxOTYtMDlhOS00YWFiLWFmMDQtMWY2OWJjY2YzNjAzIiwibmFtZSI6ImFkbWluIiwiZ2VuZGVyIjp0cnVlLCJlbWFpbCI6IjM3ODMzODYyN0BxcS5jb20ifSwiaWF0IjoxNTIwODI1NjMzLCJleHAiOjE1MjA5MTIwMzN9.nmXvZqZnii53lY2t9ZjApofVZw-j_L2kXw3P4p3ap5w
request client ip:  ::ffff:127.0.0.1
request query:  {"token":"eyJhbGciOiJIUzI1NiIsInR5cCI6IkpXVCJ9.eyJkYXRhIjp7ImlkIjoiNGNkMmQxOTYtMDlhOS00YWFiLWFmMDQtMWY2OWJjY2YzNjAzIiwibmFtZSI6ImFkbWluIiwiZ2VuZGVyIjp0cnVlLCJlbWFpbCI6IjM3ODMzODYyN0BxcS5jb20ifSwiaWF0IjoxNTIwODI1NjMzLCJleHAiOjE1MjA5MTIwMzN9.nmXvZqZnii53lY2t9ZjApofVZw-j_L2kXw3P4p3ap5w"}
response time: 35
response status: 200
response body: 
{"status":0,"data":{"name":"管委会","description":"group1","status":1,"id":"7f08dfae-39e9-43cb-9649-823aaf19f594","createdAt":1519805013385,"updatedAt":1519805013385,"version":0}}
*************** response log end ***************

[2018-03-12 13:56:25.555] [INFO] resLogger - 
*************** response log start ***************
request method: OPTIONS
request originalUrl:  /api/groups/save?token=eyJhbGciOiJIUzI1NiIsInR5cCI6IkpXVCJ9.eyJkYXRhIjp7ImlkIjoiNGNkMmQxOTYtMDlhOS00YWFiLWFmMDQtMWY2OWJjY2YzNjAzIiwibmFtZSI6ImFkbWluIiwiZ2VuZGVyIjp0cnVlLCJlbWFpbCI6IjM3ODMzODYyN0BxcS5jb20ifSwiaWF0IjoxNTIwODI1NjMzLCJleHAiOjE1MjA5MTIwMzN9.nmXvZqZnii53lY2t9ZjApofVZw-j_L2kXw3P4p3ap5w
request client ip:  ::ffff:127.0.0.1
request body: 
{}
response time: 2
response status: 204
response body: 
undefined
*************** response log end ***************

[2018-03-12 13:56:25.749] [INFO] resLogger - 
*************** response log start ***************
request method: POST
request originalUrl:  /api/groups/save?token=eyJhbGciOiJIUzI1NiIsInR5cCI6IkpXVCJ9.eyJkYXRhIjp7ImlkIjoiNGNkMmQxOTYtMDlhOS00YWFiLWFmMDQtMWY2OWJjY2YzNjAzIiwibmFtZSI6ImFkbWluIiwiZ2VuZGVyIjp0cnVlLCJlbWFpbCI6IjM3ODMzODYyN0BxcS5jb20ifSwiaWF0IjoxNTIwODI1NjMzLCJleHAiOjE1MjA5MTIwMzN9.nmXvZqZnii53lY2t9ZjApofVZw-j_L2kXw3P4p3ap5w
request client ip:  ::ffff:127.0.0.1
request body: 
{"id":"7f08dfae-39e9-43cb-9649-823aaf19f594","name":"管委会","description":"group1","status":1}
response time: 189
response status: 200
response body: 
{"status":0,"data":{"name":"管委会","description":"group1","status":1,"id":"7f08dfae-39e9-43cb-9649-823aaf19f594","createdAt":1519805013385,"updatedAt":1520834185615,"version":1},"message":"更新成功！"}
*************** response log end ***************

[2018-03-12 13:56:25.925] [INFO] resLogger - 
*************** response log start ***************
request method: GET
request originalUrl:  /api/user/checktoken?token=eyJhbGciOiJIUzI1NiIsInR5cCI6IkpXVCJ9.eyJkYXRhIjp7ImlkIjoiNGNkMmQxOTYtMDlhOS00YWFiLWFmMDQtMWY2OWJjY2YzNjAzIiwibmFtZSI6ImFkbWluIiwiZ2VuZGVyIjp0cnVlLCJlbWFpbCI6IjM3ODMzODYyN0BxcS5jb20ifSwiaWF0IjoxNTIwODI1NjMzLCJleHAiOjE1MjA5MTIwMzN9.nmXvZqZnii53lY2t9ZjApofVZw-j_L2kXw3P4p3ap5w
request client ip:  ::ffff:127.0.0.1
request query:  {"token":"eyJhbGciOiJIUzI1NiIsInR5cCI6IkpXVCJ9.eyJkYXRhIjp7ImlkIjoiNGNkMmQxOTYtMDlhOS00YWFiLWFmMDQtMWY2OWJjY2YzNjAzIiwibmFtZSI6ImFkbWluIiwiZ2VuZGVyIjp0cnVlLCJlbWFpbCI6IjM3ODMzODYyN0BxcS5jb20ifSwiaWF0IjoxNTIwODI1NjMzLCJleHAiOjE1MjA5MTIwMzN9.nmXvZqZnii53lY2t9ZjApofVZw-j_L2kXw3P4p3ap5w"}
response time: 144
response status: 200
response body: 
{"status":0}
*************** response log end ***************

[2018-03-12 13:56:25.953] [INFO] resLogger - 
*************** response log start ***************
request method: POST
request originalUrl:  /api/authinrole/check?token=eyJhbGciOiJIUzI1NiIsInR5cCI6IkpXVCJ9.eyJkYXRhIjp7ImlkIjoiNGNkMmQxOTYtMDlhOS00YWFiLWFmMDQtMWY2OWJjY2YzNjAzIiwibmFtZSI6ImFkbWluIiwiZ2VuZGVyIjp0cnVlLCJlbWFpbCI6IjM3ODMzODYyN0BxcS5jb20ifSwiaWF0IjoxNTIwODI1NjMzLCJleHAiOjE1MjA5MTIwMzN9.nmXvZqZnii53lY2t9ZjApofVZw-j_L2kXw3P4p3ap5w
request client ip:  ::ffff:127.0.0.1
request body: 
{"func":"group","op":"list"}
response time: 117
response status: 200
response body: 
{"status":0}
*************** response log end ***************

[2018-03-12 13:56:26.044] [INFO] resLogger - 
*************** response log start ***************
request method: GET
request originalUrl:  /api/groups/list/page/1?token=eyJhbGciOiJIUzI1NiIsInR5cCI6IkpXVCJ9.eyJkYXRhIjp7ImlkIjoiNGNkMmQxOTYtMDlhOS00YWFiLWFmMDQtMWY2OWJjY2YzNjAzIiwibmFtZSI6ImFkbWluIiwiZ2VuZGVyIjp0cnVlLCJlbWFpbCI6IjM3ODMzODYyN0BxcS5jb20ifSwiaWF0IjoxNTIwODI1NjMzLCJleHAiOjE1MjA5MTIwMzN9.nmXvZqZnii53lY2t9ZjApofVZw-j_L2kXw3P4p3ap5w
request client ip:  ::ffff:127.0.0.1
request query:  {"token":"eyJhbGciOiJIUzI1NiIsInR5cCI6IkpXVCJ9.eyJkYXRhIjp7ImlkIjoiNGNkMmQxOTYtMDlhOS00YWFiLWFmMDQtMWY2OWJjY2YzNjAzIiwibmFtZSI6ImFkbWluIiwiZ2VuZGVyIjp0cnVlLCJlbWFpbCI6IjM3ODMzODYyN0BxcS5jb20ifSwiaWF0IjoxNTIwODI1NjMzLCJleHAiOjE1MjA5MTIwMzN9.nmXvZqZnii53lY2t9ZjApofVZw-j_L2kXw3P4p3ap5w"}
response time: 71
response status: 200
response body: 
{"status":0,"data":[{"name":"管委会","description":"group1","status":1,"id":"7f08dfae-39e9-43cb-9649-823aaf19f594","createdAt":1519805013385,"updatedAt":1520834185615,"version":1},{"name":"控股","description":"group2","status":1,"id":"c4193e86-49d7-49ad-b83f-1d389858f5c2","createdAt":1519805013681,"updatedAt":1519805013681,"version":0}],"total":2}
*************** response log end ***************

[2018-03-12 13:58:29.135] [INFO] resLogger - 
*************** response log start ***************
request method: OPTIONS
request originalUrl:  /api/authinrole/check?token=eyJhbGciOiJIUzI1NiIsInR5cCI6IkpXVCJ9.eyJkYXRhIjp7ImlkIjoiNGNkMmQxOTYtMDlhOS00YWFiLWFmMDQtMWY2OWJjY2YzNjAzIiwibmFtZSI6ImFkbWluIiwiZ2VuZGVyIjp0cnVlLCJlbWFpbCI6IjM3ODMzODYyN0BxcS5jb20ifSwiaWF0IjoxNTIwODI1NjMzLCJleHAiOjE1MjA5MTIwMzN9.nmXvZqZnii53lY2t9ZjApofVZw-j_L2kXw3P4p3ap5w
request client ip:  ::ffff:127.0.0.1
request body: 
{}
response time: 2
response status: 204
response body: 
undefined
*************** response log end ***************

[2018-03-12 13:58:29.243] [INFO] resLogger - 
*************** response log start ***************
request method: GET
request originalUrl:  /api/user/checktoken?token=eyJhbGciOiJIUzI1NiIsInR5cCI6IkpXVCJ9.eyJkYXRhIjp7ImlkIjoiNGNkMmQxOTYtMDlhOS00YWFiLWFmMDQtMWY2OWJjY2YzNjAzIiwibmFtZSI6ImFkbWluIiwiZ2VuZGVyIjp0cnVlLCJlbWFpbCI6IjM3ODMzODYyN0BxcS5jb20ifSwiaWF0IjoxNTIwODI1NjMzLCJleHAiOjE1MjA5MTIwMzN9.nmXvZqZnii53lY2t9ZjApofVZw-j_L2kXw3P4p3ap5w
request client ip:  ::ffff:127.0.0.1
request query:  {"token":"eyJhbGciOiJIUzI1NiIsInR5cCI6IkpXVCJ9.eyJkYXRhIjp7ImlkIjoiNGNkMmQxOTYtMDlhOS00YWFiLWFmMDQtMWY2OWJjY2YzNjAzIiwibmFtZSI6ImFkbWluIiwiZ2VuZGVyIjp0cnVlLCJlbWFpbCI6IjM3ODMzODYyN0BxcS5jb20ifSwiaWF0IjoxNTIwODI1NjMzLCJleHAiOjE1MjA5MTIwMzN9.nmXvZqZnii53lY2t9ZjApofVZw-j_L2kXw3P4p3ap5w"}
response time: 160
response status: 200
response body: 
{"status":0}
*************** response log end ***************

[2018-03-12 13:58:29.265] [INFO] resLogger - 
*************** response log start ***************
request method: POST
request originalUrl:  /api/authinrole/check?token=eyJhbGciOiJIUzI1NiIsInR5cCI6IkpXVCJ9.eyJkYXRhIjp7ImlkIjoiNGNkMmQxOTYtMDlhOS00YWFiLWFmMDQtMWY2OWJjY2YzNjAzIiwibmFtZSI6ImFkbWluIiwiZ2VuZGVyIjp0cnVlLCJlbWFpbCI6IjM3ODMzODYyN0BxcS5jb20ifSwiaWF0IjoxNTIwODI1NjMzLCJleHAiOjE1MjA5MTIwMzN9.nmXvZqZnii53lY2t9ZjApofVZw-j_L2kXw3P4p3ap5w
request client ip:  ::ffff:127.0.0.1
request body: 
{"func":"group","op":"edit"}
response time: 125
response status: 200
response body: 
{"status":0}
*************** response log end ***************

[2018-03-12 13:58:29.328] [INFO] resLogger - 
*************** response log start ***************
request method: GET
request originalUrl:  /api/groups/7f08dfae-39e9-43cb-9649-823aaf19f594?token=eyJhbGciOiJIUzI1NiIsInR5cCI6IkpXVCJ9.eyJkYXRhIjp7ImlkIjoiNGNkMmQxOTYtMDlhOS00YWFiLWFmMDQtMWY2OWJjY2YzNjAzIiwibmFtZSI6ImFkbWluIiwiZ2VuZGVyIjp0cnVlLCJlbWFpbCI6IjM3ODMzODYyN0BxcS5jb20ifSwiaWF0IjoxNTIwODI1NjMzLCJleHAiOjE1MjA5MTIwMzN9.nmXvZqZnii53lY2t9ZjApofVZw-j_L2kXw3P4p3ap5w
request client ip:  ::ffff:127.0.0.1
request query:  {"token":"eyJhbGciOiJIUzI1NiIsInR5cCI6IkpXVCJ9.eyJkYXRhIjp7ImlkIjoiNGNkMmQxOTYtMDlhOS00YWFiLWFmMDQtMWY2OWJjY2YzNjAzIiwibmFtZSI6ImFkbWluIiwiZ2VuZGVyIjp0cnVlLCJlbWFpbCI6IjM3ODMzODYyN0BxcS5jb20ifSwiaWF0IjoxNTIwODI1NjMzLCJleHAiOjE1MjA5MTIwMzN9.nmXvZqZnii53lY2t9ZjApofVZw-j_L2kXw3P4p3ap5w"}
response time: 41
response status: 200
response body: 
{"status":0,"data":{"name":"管委会","description":"group1","status":1,"id":"7f08dfae-39e9-43cb-9649-823aaf19f594","createdAt":1519805013385,"updatedAt":1520834185615,"version":1}}
*************** response log end ***************

[2018-03-12 13:58:30.815] [INFO] resLogger - 
*************** response log start ***************
request method: OPTIONS
request originalUrl:  /api/groups/save?token=eyJhbGciOiJIUzI1NiIsInR5cCI6IkpXVCJ9.eyJkYXRhIjp7ImlkIjoiNGNkMmQxOTYtMDlhOS00YWFiLWFmMDQtMWY2OWJjY2YzNjAzIiwibmFtZSI6ImFkbWluIiwiZ2VuZGVyIjp0cnVlLCJlbWFpbCI6IjM3ODMzODYyN0BxcS5jb20ifSwiaWF0IjoxNTIwODI1NjMzLCJleHAiOjE1MjA5MTIwMzN9.nmXvZqZnii53lY2t9ZjApofVZw-j_L2kXw3P4p3ap5w
request client ip:  ::ffff:127.0.0.1
request body: 
{}
response time: 2
response status: 204
response body: 
undefined
*************** response log end ***************

[2018-03-12 13:58:31.091] [INFO] resLogger - 
*************** response log start ***************
request method: POST
request originalUrl:  /api/groups/save?token=eyJhbGciOiJIUzI1NiIsInR5cCI6IkpXVCJ9.eyJkYXRhIjp7ImlkIjoiNGNkMmQxOTYtMDlhOS00YWFiLWFmMDQtMWY2OWJjY2YzNjAzIiwibmFtZSI6ImFkbWluIiwiZ2VuZGVyIjp0cnVlLCJlbWFpbCI6IjM3ODMzODYyN0BxcS5jb20ifSwiaWF0IjoxNTIwODI1NjMzLCJleHAiOjE1MjA5MTIwMzN9.nmXvZqZnii53lY2t9ZjApofVZw-j_L2kXw3P4p3ap5w
request client ip:  ::ffff:127.0.0.1
request body: 
{"id":"7f08dfae-39e9-43cb-9649-823aaf19f594","name":"管委会","description":"group1","status":1}
response time: 271
response status: 200
response body: 
{"status":0,"data":{"name":"管委会","description":"group1","status":1,"id":"7f08dfae-39e9-43cb-9649-823aaf19f594","createdAt":1519805013385,"updatedAt":1520834310865,"version":2},"message":"更新成功！"}
*************** response log end ***************

[2018-03-12 13:59:04.268] [INFO] resLogger - 
*************** response log start ***************
request method: OPTIONS
request originalUrl:  /api/authinrole/check?token=eyJhbGciOiJIUzI1NiIsInR5cCI6IkpXVCJ9.eyJkYXRhIjp7ImlkIjoiNGNkMmQxOTYtMDlhOS00YWFiLWFmMDQtMWY2OWJjY2YzNjAzIiwibmFtZSI6ImFkbWluIiwiZ2VuZGVyIjp0cnVlLCJlbWFpbCI6IjM3ODMzODYyN0BxcS5jb20ifSwiaWF0IjoxNTIwODI1NjMzLCJleHAiOjE1MjA5MTIwMzN9.nmXvZqZnii53lY2t9ZjApofVZw-j_L2kXw3P4p3ap5w
request client ip:  ::ffff:127.0.0.1
request body: 
{}
response time: 2
response status: 204
response body: 
undefined
*************** response log end ***************

[2018-03-12 13:59:04.368] [INFO] resLogger - 
*************** response log start ***************
request method: GET
request originalUrl:  /api/user/checktoken?token=eyJhbGciOiJIUzI1NiIsInR5cCI6IkpXVCJ9.eyJkYXRhIjp7ImlkIjoiNGNkMmQxOTYtMDlhOS00YWFiLWFmMDQtMWY2OWJjY2YzNjAzIiwibmFtZSI6ImFkbWluIiwiZ2VuZGVyIjp0cnVlLCJlbWFpbCI6IjM3ODMzODYyN0BxcS5jb20ifSwiaWF0IjoxNTIwODI1NjMzLCJleHAiOjE1MjA5MTIwMzN9.nmXvZqZnii53lY2t9ZjApofVZw-j_L2kXw3P4p3ap5w
request client ip:  ::ffff:127.0.0.1
request query:  {"token":"eyJhbGciOiJIUzI1NiIsInR5cCI6IkpXVCJ9.eyJkYXRhIjp7ImlkIjoiNGNkMmQxOTYtMDlhOS00YWFiLWFmMDQtMWY2OWJjY2YzNjAzIiwibmFtZSI6ImFkbWluIiwiZ2VuZGVyIjp0cnVlLCJlbWFpbCI6IjM3ODMzODYyN0BxcS5jb20ifSwiaWF0IjoxNTIwODI1NjMzLCJleHAiOjE1MjA5MTIwMzN9.nmXvZqZnii53lY2t9ZjApofVZw-j_L2kXw3P4p3ap5w"}
response time: 162
response status: 200
response body: 
{"status":0}
*************** response log end ***************

[2018-03-12 13:59:04.394] [INFO] resLogger - 
*************** response log start ***************
request method: POST
request originalUrl:  /api/authinrole/check?token=eyJhbGciOiJIUzI1NiIsInR5cCI6IkpXVCJ9.eyJkYXRhIjp7ImlkIjoiNGNkMmQxOTYtMDlhOS00YWFiLWFmMDQtMWY2OWJjY2YzNjAzIiwibmFtZSI6ImFkbWluIiwiZ2VuZGVyIjp0cnVlLCJlbWFpbCI6IjM3ODMzODYyN0BxcS5jb20ifSwiaWF0IjoxNTIwODI1NjMzLCJleHAiOjE1MjA5MTIwMzN9.nmXvZqZnii53lY2t9ZjApofVZw-j_L2kXw3P4p3ap5w
request client ip:  ::ffff:127.0.0.1
request body: 
{"func":"group","op":"list"}
response time: 117
response status: 200
response body: 
{"status":0}
*************** response log end ***************

[2018-03-12 13:59:04.491] [INFO] resLogger - 
*************** response log start ***************
request method: GET
request originalUrl:  /api/groups/list/page/1?token=eyJhbGciOiJIUzI1NiIsInR5cCI6IkpXVCJ9.eyJkYXRhIjp7ImlkIjoiNGNkMmQxOTYtMDlhOS00YWFiLWFmMDQtMWY2OWJjY2YzNjAzIiwibmFtZSI6ImFkbWluIiwiZ2VuZGVyIjp0cnVlLCJlbWFpbCI6IjM3ODMzODYyN0BxcS5jb20ifSwiaWF0IjoxNTIwODI1NjMzLCJleHAiOjE1MjA5MTIwMzN9.nmXvZqZnii53lY2t9ZjApofVZw-j_L2kXw3P4p3ap5w
request client ip:  ::ffff:127.0.0.1
request query:  {"token":"eyJhbGciOiJIUzI1NiIsInR5cCI6IkpXVCJ9.eyJkYXRhIjp7ImlkIjoiNGNkMmQxOTYtMDlhOS00YWFiLWFmMDQtMWY2OWJjY2YzNjAzIiwibmFtZSI6ImFkbWluIiwiZ2VuZGVyIjp0cnVlLCJlbWFpbCI6IjM3ODMzODYyN0BxcS5jb20ifSwiaWF0IjoxNTIwODI1NjMzLCJleHAiOjE1MjA5MTIwMzN9.nmXvZqZnii53lY2t9ZjApofVZw-j_L2kXw3P4p3ap5w"}
response time: 69
response status: 200
response body: 
{"status":0,"data":[{"name":"管委会","description":"group1","status":1,"id":"7f08dfae-39e9-43cb-9649-823aaf19f594","createdAt":1519805013385,"updatedAt":1520834310865,"version":2},{"name":"控股","description":"group2","status":1,"id":"c4193e86-49d7-49ad-b83f-1d389858f5c2","createdAt":1519805013681,"updatedAt":1519805013681,"version":0}],"total":2}
*************** response log end ***************

