[2017-07-26 11:07:18.523] [INFO] resLogger - 
*************** response log start ***************
request method: GET
request originalUrl:  /api/usercenter?token=eyJhbGciOiJIUzI1NiIsInR5cCI6IkpXVCJ9.eyJuYW1lIjoiZHJlYW1zIiwicGFzc3dvcmQiOiIkMmEkMTAkcTJrMTRvLzRUc2k4TmYuanFUeE44LmVGeGdMVmhuRnB4eGE2WUdCdFJmYTg5TUlaLm1COUciLCJfaWQiOiI1OGI3OGQwOGI0NTkzNDdjMmVmZDUwMzMiLCJpYXQiOjE0OTE4MTU2NjAsImV4cCI6MTQ5NDQwNzY2MH0.sBpj657v1UcRc6Ug_niiefrakL0K2MQxfmCqbdZGOWs&regId=MxiLjGF3D0QtjjMt9TOS+HDf/f/voq/5WoJ5i5kl80Y=
request client ip:  ::ffff:127.0.0.1
request query:  {"token":"eyJhbGciOiJIUzI1NiIsInR5cCI6IkpXVCJ9.eyJuYW1lIjoiZHJlYW1zIiwicGFzc3dvcmQiOiIkMmEkMTAkcTJrMTRvLzRUc2k4TmYuanFUeE44LmVGeGdMVmhuRnB4eGE2WUdCdFJmYTg5TUlaLm1COUciLCJfaWQiOiI1OGI3OGQwOGI0NTkzNDdjMmVmZDUwMzMiLCJpYXQiOjE0OTE4MTU2NjAsImV4cCI6MTQ5NDQwNzY2MH0.sBpj657v1UcRc6Ug_niiefrakL0K2MQxfmCqbdZGOWs","regId":"MxiLjGF3D0QtjjMt9TOS HDf/f/voq/5WoJ5i5kl80Y="}
response time: 27
response status: 200
response body: 
{"name":"jwtError","status":10003,"message":"身份验证错误！"}
*************** response log end ***************

[2017-07-26 11:07:18.848] [INFO] resLogger - 
*************** response log start ***************
request method: GET
request originalUrl:  /api/setdeviceid?deviceType=phone&deviceId=2b989d8100518b10%201491815660842&token=eyJhbGciOiJIUzI1NiIsInR5cCI6IkpXVCJ9.eyJuYW1lIjoiZHJlYW1zIiwicGFzc3dvcmQiOiIkMmEkMTAkcTJrMTRvLzRUc2k4TmYuanFUeE44LmVGeGdMVmhuRnB4eGE2WUdCdFJmYTg5TUlaLm1COUciLCJfaWQiOiI1OGI3OGQwOGI0NTkzNDdjMmVmZDUwMzMiLCJpYXQiOjE0OTE4MTU2NjAsImV4cCI6MTQ5NDQwNzY2MH0.sBpj657v1UcRc6Ug_niiefrakL0K2MQxfmCqbdZGOWs
request client ip:  ::ffff:127.0.0.1
request query:  {"deviceType":"phone","deviceId":"2b989d8100518b10 1491815660842","token":"eyJhbGciOiJIUzI1NiIsInR5cCI6IkpXVCJ9.eyJuYW1lIjoiZHJlYW1zIiwicGFzc3dvcmQiOiIkMmEkMTAkcTJrMTRvLzRUc2k4TmYuanFUeE44LmVGeGdMVmhuRnB4eGE2WUdCdFJmYTg5TUlaLm1COUciLCJfaWQiOiI1OGI3OGQwOGI0NTkzNDdjMmVmZDUwMzMiLCJpYXQiOjE0OTE4MTU2NjAsImV4cCI6MTQ5NDQwNzY2MH0.sBpj657v1UcRc6Ug_niiefrakL0K2MQxfmCqbdZGOWs"}
response time: 11
response status: 200
response body: 
{"name":"jwtError","status":10003,"message":"身份验证错误！"}
*************** response log end ***************

[2017-07-26 11:07:19.155] [INFO] resLogger - 
*************** response log start ***************
request method: GET
request originalUrl:  /socket.io/?EIO=3&transport=polling&t=LrytFIu
request client ip:  ::ffff:127.0.0.1
request query:  {"EIO":"3","transport":"polling","t":"LrytFIu"}
response time: 10
response status: 200
response body: 
{"name":"jwtError","status":10003,"message":"身份验证错误！"}
*************** response log end ***************

[2017-07-26 11:07:19.399] [INFO] resLogger - 
*************** response log start ***************
request method: GET
request originalUrl:  /api/chat_not_read_list?token=eyJhbGciOiJIUzI1NiIsInR5cCI6IkpXVCJ9.eyJuYW1lIjoiZHJlYW1zIiwicGFzc3dvcmQiOiIkMmEkMTAkcTJrMTRvLzRUc2k4TmYuanFUeE44LmVGeGdMVmhuRnB4eGE2WUdCdFJmYTg5TUlaLm1COUciLCJfaWQiOiI1OGI3OGQwOGI0NTkzNDdjMmVmZDUwMzMiLCJpYXQiOjE0OTE4MTU2NjAsImV4cCI6MTQ5NDQwNzY2MH0.sBpj657v1UcRc6Ug_niiefrakL0K2MQxfmCqbdZGOWs
request client ip:  ::ffff:127.0.0.1
request query:  {"token":"eyJhbGciOiJIUzI1NiIsInR5cCI6IkpXVCJ9.eyJuYW1lIjoiZHJlYW1zIiwicGFzc3dvcmQiOiIkMmEkMTAkcTJrMTRvLzRUc2k4TmYuanFUeE44LmVGeGdMVmhuRnB4eGE2WUdCdFJmYTg5TUlaLm1COUciLCJfaWQiOiI1OGI3OGQwOGI0NTkzNDdjMmVmZDUwMzMiLCJpYXQiOjE0OTE4MTU2NjAsImV4cCI6MTQ5NDQwNzY2MH0.sBpj657v1UcRc6Ug_niiefrakL0K2MQxfmCqbdZGOWs"}
response time: 9
response status: 200
response body: 
{"name":"jwtError","status":10003,"message":"身份验证错误！"}
*************** response log end ***************

[2017-07-26 11:07:19.488] [INFO] resLogger - 
*************** response log start ***************
request method: POST
request originalUrl:  /socket.io/?EIO=3&transport=polling&t=LrytFNz
request client ip:  ::ffff:127.0.0.1
request body: 
{}
response time: 12
response status: 200
response body: 
{"name":"jwtError","status":10003,"message":"身份验证错误！"}
*************** response log end ***************

[2017-07-26 11:07:20.789] [INFO] resLogger - 
*************** response log start ***************
request method: GET
request originalUrl:  /socket.io/?EIO=3&transport=polling&t=LrytFi1
request client ip:  ::ffff:127.0.0.1
request query:  {"EIO":"3","transport":"polling","t":"LrytFi1"}
response time: 10
response status: 200
response body: 
{"name":"jwtError","status":10003,"message":"身份验证错误！"}
*************** response log end ***************

[2017-07-26 11:07:21.085] [INFO] resLogger - 
*************** response log start ***************
request method: POST
request originalUrl:  /socket.io/?EIO=3&transport=polling&t=LrytFmh
request client ip:  ::ffff:127.0.0.1
request body: 
{}
response time: 12
response status: 200
response body: 
{"name":"jwtError","status":10003,"message":"身份验证错误！"}
*************** response log end ***************

[2017-07-26 11:07:22.523] [INFO] resLogger - 
*************** response log start ***************
request method: GET
request originalUrl:  /socket.io/?EIO=3&transport=polling&t=LrytG7F
request client ip:  ::ffff:127.0.0.1
request query:  {"EIO":"3","transport":"polling","t":"LrytG7F"}
response time: 9
response status: 200
response body: 
{"name":"jwtError","status":10003,"message":"身份验证错误！"}
*************** response log end ***************

[2017-07-26 11:07:22.903] [INFO] resLogger - 
*************** response log start ***************
request method: POST
request originalUrl:  /socket.io/?EIO=3&transport=polling&t=LrytGDE
request client ip:  ::ffff:127.0.0.1
request body: 
{}
response time: 10
response status: 200
response body: 
{"name":"jwtError","status":10003,"message":"身份验证错误！"}
*************** response log end ***************

[2017-07-26 11:07:31.947] [INFO] resLogger - 
*************** response log start ***************
request method: GET
request originalUrl:  /socket.io/?EIO=3&transport=polling&t=LrytIQM
request client ip:  ::ffff:127.0.0.1
request query:  {"EIO":"3","transport":"polling","t":"LrytIQM"}
response time: 10
response status: 200
response body: 
{"name":"jwtError","status":10003,"message":"身份验证错误！"}
*************** response log end ***************

[2017-07-26 11:07:32.254] [INFO] resLogger - 
*************** response log start ***************
request method: POST
request originalUrl:  /socket.io/?EIO=3&transport=polling&t=LrytIUu
request client ip:  ::ffff:127.0.0.1
request body: 
{}
response time: 10
response status: 200
response body: 
{"name":"jwtError","status":10003,"message":"身份验证错误！"}
*************** response log end ***************

[2017-07-26 11:07:42.931] [INFO] resLogger - 
*************** response log start ***************
request method: GET
request originalUrl:  /socket.io/?EIO=3&transport=polling&t=LrytL62
request client ip:  ::ffff:127.0.0.1
request query:  {"EIO":"3","transport":"polling","t":"LrytL62"}
response time: 11
response status: 200
response body: 
{"name":"jwtError","status":10003,"message":"身份验证错误！"}
*************** response log end ***************

[2017-07-26 11:07:43.237] [INFO] resLogger - 
*************** response log start ***************
request method: POST
request originalUrl:  /socket.io/?EIO=3&transport=polling&t=LrytLAe
request client ip:  ::ffff:127.0.0.1
request body: 
{}
response time: 10
response status: 200
response body: 
{"name":"jwtError","status":10003,"message":"身份验证错误！"}
*************** response log end ***************

[2017-07-26 11:08:03.208] [INFO] resLogger - 
*************** response log start ***************
request method: GET
request originalUrl:  /socket.io/?EIO=3&transport=polling&t=LrytQ2c
request client ip:  ::ffff:127.0.0.1
request query:  {"EIO":"3","transport":"polling","t":"LrytQ2c"}
response time: 10
response status: 200
response body: 
{"name":"jwtError","status":10003,"message":"身份验证错误！"}
*************** response log end ***************

[2017-07-26 11:08:03.800] [INFO] resLogger - 
*************** response log start ***************
request method: POST
request originalUrl:  /socket.io/?EIO=3&transport=polling&t=LrytQBn
request client ip:  ::ffff:127.0.0.1
request body: 
{}
response time: 10
response status: 200
response body: 
{"name":"jwtError","status":10003,"message":"身份验证错误！"}
*************** response log end ***************

[2017-07-26 11:08:14.274] [INFO] resLogger - 
*************** response log start ***************
request method: GET
request originalUrl:  /socket.io/?EIO=3&transport=polling&t=LrytSl4
request client ip:  ::ffff:127.0.0.1
request query:  {"EIO":"3","transport":"polling","t":"LrytSl4"}
response time: 11
response status: 200
response body: 
{"name":"jwtError","status":10003,"message":"身份验证错误！"}
*************** response log end ***************

[2017-07-26 11:08:14.662] [INFO] resLogger - 
*************** response log start ***************
request method: POST
request originalUrl:  /socket.io/?EIO=3&transport=polling&t=LrytSrb
request client ip:  ::ffff:127.0.0.1
request body: 
{}
response time: 10
response status: 200
response body: 
{"name":"jwtError","status":10003,"message":"身份验证错误！"}
*************** response log end ***************

[2017-07-26 11:08:23.817] [INFO] resLogger - 
*************** response log start ***************
request method: GET
request originalUrl:  /socket.io/?EIO=3&transport=polling&t=LrytV4n
request client ip:  ::ffff:127.0.0.1
request query:  {"EIO":"3","transport":"polling","t":"LrytV4n"}
response time: 10
response status: 200
response body: 
{"name":"jwtError","status":10003,"message":"身份验证错误！"}
*************** response log end ***************

[2017-07-26 11:08:24.233] [INFO] resLogger - 
*************** response log start ***************
request method: POST
request originalUrl:  /socket.io/?EIO=3&transport=polling&t=LrytVBO
request client ip:  ::ffff:127.0.0.1
request body: 
{}
response time: 10
response status: 200
response body: 
{"name":"jwtError","status":10003,"message":"身份验证错误！"}
*************** response log end ***************

[2017-07-26 11:48:15.152] [INFO] resLogger - 
*************** response log start ***************
request method: GET
request originalUrl:  /
request client ip:  ::ffff:127.0.0.1
request query:  {}
response time: 14
response status: 200
response body: 
{"name":"jwtError","status":10003,"message":"身份验证错误！"}
*************** response log end ***************

[2017-07-26 11:55:03.270] [INFO] resLogger - 
*************** response log start ***************
request method: GET
request originalUrl:  /api/user/?token=eyJhbGciOiJIUzI1NiIsInR5cCI6IkpXVCJ9.eyJkYXRhIjp7ImlkIjoiNjc4MTViN2UtYjg0My00NDNlLTgwYTItMjJiY2E0MDViMGJhIiwibmFtZSI6ImFkbWluIiwiZ2VuZGVyIjp0cnVlLCJlbWFpbCI6IjM3ODMzODYyN0BxcS5jb20ifSwiaWF0IjoxNTAwOTY4OTgxLCJleHAiOjE1MDEwNTUzODF9.fOMe_38NGuEud1RIghOLbZX_z5ygzdU4EYz2a-dD9LY
request client ip:  ::ffff:127.0.0.1
request query:  {"token":"eyJhbGciOiJIUzI1NiIsInR5cCI6IkpXVCJ9.eyJkYXRhIjp7ImlkIjoiNjc4MTViN2UtYjg0My00NDNlLTgwYTItMjJiY2E0MDViMGJhIiwibmFtZSI6ImFkbWluIiwiZ2VuZGVyIjp0cnVlLCJlbWFpbCI6IjM3ODMzODYyN0BxcS5jb20ifSwiaWF0IjoxNTAwOTY4OTgxLCJleHAiOjE1MDEwNTUzODF9.fOMe_38NGuEud1RIghOLbZX_z5ygzdU4EYz2a-dD9LY"}
response time: 168
response status: 200
response body: 
{"status":0,"data":{"name":"admin","email":"378338627@qq.com","password":"$2a$10$DL3Ib.C83nmJj2f85A/oa.2Cnko3lRHFkkg4CuI3YfqwPUsXO9i1G","gender":true,"token":"eyJhbGciOiJIUzI1NiIsInR5cCI6IkpXVCJ9.eyJkYXRhIjp7ImlkIjoiNjc4MTViN2UtYjg0My00NDNlLTgwYTItMjJiY2E0MDViMGJhIiwibmFtZSI6ImFkbWluIiwiZ2VuZGVyIjp0cnVlLCJlbWFpbCI6IjM3ODMzODYyN0BxcS5jb20ifSwiaWF0IjoxNTAwOTY4OTgxLCJleHAiOjE1MDEwNTUzODF9.fOMe_38NGuEud1RIghOLbZX_z5ygzdU4EYz2a-dD9LY","id":"67815b7e-b843-443e-80a2-22bca405b0ba","createdAt":1500968905642,"updatedAt":1500968981604,"version":1}}
*************** response log end ***************

[2017-07-26 11:55:03.424] [INFO] resLogger - 
*************** response log start ***************
request method: GET
request originalUrl:  /api/corporations/2a39d8b2-414a-46ca-a06b-d6d73409909c?token=eyJhbGciOiJIUzI1NiIsInR5cCI6IkpXVCJ9.eyJkYXRhIjp7ImlkIjoiNjc4MTViN2UtYjg0My00NDNlLTgwYTItMjJiY2E0MDViMGJhIiwibmFtZSI6ImFkbWluIiwiZ2VuZGVyIjp0cnVlLCJlbWFpbCI6IjM3ODMzODYyN0BxcS5jb20ifSwiaWF0IjoxNTAwOTY4OTgxLCJleHAiOjE1MDEwNTUzODF9.fOMe_38NGuEud1RIghOLbZX_z5ygzdU4EYz2a-dD9LY
request client ip:  ::ffff:127.0.0.1
request query:  {"token":"eyJhbGciOiJIUzI1NiIsInR5cCI6IkpXVCJ9.eyJkYXRhIjp7ImlkIjoiNjc4MTViN2UtYjg0My00NDNlLTgwYTItMjJiY2E0MDViMGJhIiwibmFtZSI6ImFkbWluIiwiZ2VuZGVyIjp0cnVlLCJlbWFpbCI6IjM3ODMzODYyN0BxcS5jb20ifSwiaWF0IjoxNTAwOTY4OTgxLCJleHAiOjE1MDEwNTUzODF9.fOMe_38NGuEud1RIghOLbZX_z5ygzdU4EYz2a-dD9LY"}
response time: 72
response status: 200
response body: 
{"status":0,"data":{"name":"心梦工作室","description":"梦想开始的地方","status":1,"groupId":"2eae55b0-ee96-49c6-945f-e15de4b4621b","id":"2a39d8b2-414a-46ca-a06b-d6d73409909c","createdAt":1500969169851,"updatedAt":1501033297477,"version":14}}
*************** response log end ***************

[2017-07-26 11:55:03.807] [INFO] resLogger - 
*************** response log start ***************
request method: GET
request originalUrl:  /api/corpBuildings/list/2a39d8b2-414a-46ca-a06b-d6d73409909c?token=eyJhbGciOiJIUzI1NiIsInR5cCI6IkpXVCJ9.eyJkYXRhIjp7ImlkIjoiNjc4MTViN2UtYjg0My00NDNlLTgwYTItMjJiY2E0MDViMGJhIiwibmFtZSI6ImFkbWluIiwiZ2VuZGVyIjp0cnVlLCJlbWFpbCI6IjM3ODMzODYyN0BxcS5jb20ifSwiaWF0IjoxNTAwOTY4OTgxLCJleHAiOjE1MDEwNTUzODF9.fOMe_38NGuEud1RIghOLbZX_z5ygzdU4EYz2a-dD9LY
request client ip:  ::ffff:127.0.0.1
request query:  {"token":"eyJhbGciOiJIUzI1NiIsInR5cCI6IkpXVCJ9.eyJkYXRhIjp7ImlkIjoiNjc4MTViN2UtYjg0My00NDNlLTgwYTItMjJiY2E0MDViMGJhIiwibmFtZSI6ImFkbWluIiwiZ2VuZGVyIjp0cnVlLCJlbWFpbCI6IjM3ODMzODYyN0BxcS5jb20ifSwiaWF0IjoxNTAwOTY4OTgxLCJleHAiOjE1MDEwNTUzODF9.fOMe_38NGuEud1RIghOLbZX_z5ygzdU4EYz2a-dD9LY"}
response time: 304
response status: 200
response body: 
{"status":0,"data":[],"total":0}
*************** response log end ***************

[2017-07-26 11:55:03.829] [INFO] resLogger - 
*************** response log start ***************
request method: GET
request originalUrl:  /api/groups/list?token=eyJhbGciOiJIUzI1NiIsInR5cCI6IkpXVCJ9.eyJkYXRhIjp7ImlkIjoiNjc4MTViN2UtYjg0My00NDNlLTgwYTItMjJiY2E0MDViMGJhIiwibmFtZSI6ImFkbWluIiwiZ2VuZGVyIjp0cnVlLCJlbWFpbCI6IjM3ODMzODYyN0BxcS5jb20ifSwiaWF0IjoxNTAwOTY4OTgxLCJleHAiOjE1MDEwNTUzODF9.fOMe_38NGuEud1RIghOLbZX_z5ygzdU4EYz2a-dD9LY
request client ip:  ::ffff:127.0.0.1
request query:  {"token":"eyJhbGciOiJIUzI1NiIsInR5cCI6IkpXVCJ9.eyJkYXRhIjp7ImlkIjoiNjc4MTViN2UtYjg0My00NDNlLTgwYTItMjJiY2E0MDViMGJhIiwibmFtZSI6ImFkbWluIiwiZ2VuZGVyIjp0cnVlLCJlbWFpbCI6IjM3ODMzODYyN0BxcS5jb20ifSwiaWF0IjoxNTAwOTY4OTgxLCJleHAiOjE1MDEwNTUzODF9.fOMe_38NGuEud1RIghOLbZX_z5ygzdU4EYz2a-dD9LY"}
response time: 402
response status: 200
response body: 
{"status":0,"data":[{"name":"4","description":"4","status":1,"id":"2eae55b0-ee96-49c6-945f-e15de4b4621b","createdAt":1500969145241,"updatedAt":1500969145241,"version":0},{"name":"3","description":"3","status":1,"id":"654a6047-fffb-4f0c-8524-881aec2e82ea","createdAt":1500969072031,"updatedAt":1500969072031,"version":0},{"name":"2","description":"2","status":1,"id":"08e8839e-05d7-495e-8834-2e5f8801f683","createdAt":1500969068139,"updatedAt":1500969068139,"version":0},{"name":"1","description":"1","status":1,"id":"fc5a8ee6-de2b-4498-8461-8b4cf4335729","createdAt":1500969063437,"updatedAt":1500969063437,"version":0}],"total":4}
*************** response log end ***************

[2017-07-26 11:55:03.850] [INFO] resLogger - 
*************** response log start ***************
request method: GET
request originalUrl:  /api/buildings/list?token=eyJhbGciOiJIUzI1NiIsInR5cCI6IkpXVCJ9.eyJkYXRhIjp7ImlkIjoiNjc4MTViN2UtYjg0My00NDNlLTgwYTItMjJiY2E0MDViMGJhIiwibmFtZSI6ImFkbWluIiwiZ2VuZGVyIjp0cnVlLCJlbWFpbCI6IjM3ODMzODYyN0BxcS5jb20ifSwiaWF0IjoxNTAwOTY4OTgxLCJleHAiOjE1MDEwNTUzODF9.fOMe_38NGuEud1RIghOLbZX_z5ygzdU4EYz2a-dD9LY
request client ip:  ::ffff:127.0.0.1
request query:  {"token":"eyJhbGciOiJIUzI1NiIsInR5cCI6IkpXVCJ9.eyJkYXRhIjp7ImlkIjoiNjc4MTViN2UtYjg0My00NDNlLTgwYTItMjJiY2E0MDViMGJhIiwibmFtZSI6ImFkbWluIiwiZ2VuZGVyIjp0cnVlLCJlbWFpbCI6IjM3ODMzODYyN0BxcS5jb20ifSwiaWF0IjoxNTAwOTY4OTgxLCJleHAiOjE1MDEwNTUzODF9.fOMe_38NGuEud1RIghOLbZX_z5ygzdU4EYz2a-dD9LY"}
response time: 320
response status: 200
response body: 
{"status":0,"data":[{"name":"4","address":"4","minfloor":1,"maxfloor":40,"status":1,"id":"3c5cb9a3-510b-4c96-8e92-7fa958aa079f","createdAt":1500969030189,"updatedAt":1500969030189,"version":0},{"name":"3","address":"3","minfloor":1,"maxfloor":30,"status":1,"id":"f0bc90f9-6079-464b-94fe-fb62faae6140","createdAt":1500969011908,"updatedAt":1500969011908,"version":0},{"name":"2","address":"2","minfloor":1,"maxfloor":20,"status":1,"id":"3b5acf77-5363-4376-a8a8-ef3444248241","createdAt":1500969006483,"updatedAt":1500969006483,"version":0},{"name":"1","address":"1","minfloor":1,"maxfloor":10,"status":1,"id":"d0e0cbf2-c8b2-42f7-958f-53276608dcf4","createdAt":1500968999581,"updatedAt":1500968999581,"version":0}],"total":4}
*************** response log end ***************

