[2018-08-01 16:12:19.759] [INFO] resLogger - 
*************** response log start ***************
request method: OPTIONS
request originalUrl:  /api/authinrole/check
request client ip:  ::ffff:127.0.0.1
request body: 
{}
response time: 3
response status: 204
response body: 
undefined
*************** response log end ***************

[2018-08-01 16:12:19.854] [INFO] resLogger - 
*************** response log start ***************
request method: POST
request originalUrl:  /api/authinrole/check
request client ip:  ::ffff:127.0.0.1
request body: 
{"func":"order","op":"list"}
response time: 71
response status: 200
response body: 
{"name":"jwtError","status":10003,"message":"身份验证错误！"}
*************** response log end ***************

