[2017-12-28 11:00:06.152] [INFO] resLogger - 
*************** response log start ***************
request method: OPTIONS
request originalUrl:  /api/order/saveOrder?token=eyJhbGciOiJIUzI1NiIsInR5cCI6IkpXVCJ9.eyJkYXRhIjp7ImlkIjoiNzdlMGE0MWEtZWZiZC00NjI5LTg5YmEtODRiNzFmZTg2NmUxIiwibmFtZSI6ImFkbWluIiwiZ2VuZGVyIjp0cnVlLCJlbWFpbCI6IjM3ODMzODYyN0BxcS5jb20ifSwiaWF0IjoxNTE0NDI4NjM3LCJleHAiOjE1MTQ1MTUwMzd9.I-m6pgN0txdn_1fvdz1UB7zYUsx4ZYt3GmruH1--fXg
request client ip:  ::ffff:127.0.0.1
request body: 
{}
response time: 22
response status: 204
response body: 
undefined
*************** response log end ***************

[2017-12-28 11:00:07.122] [INFO] resLogger - 
*************** response log start ***************
request method: POST
request originalUrl:  /api/order/saveOrder?token=eyJhbGciOiJIUzI1NiIsInR5cCI6IkpXVCJ9.eyJkYXRhIjp7ImlkIjoiNzdlMGE0MWEtZWZiZC00NjI5LTg5YmEtODRiNzFmZTg2NmUxIiwibmFtZSI6ImFkbWluIiwiZ2VuZGVyIjp0cnVlLCJlbWFpbCI6IjM3ODMzODYyN0BxcS5jb20ifSwiaWF0IjoxNTE0NDI4NjM3LCJleHAiOjE1MTQ1MTUwMzd9.I-m6pgN0txdn_1fvdz1UB7zYUsx4ZYt3GmruH1--fXg
request client ip:  ::ffff:127.0.0.1
request body: 
{"id":null,"no":null,"custom_name":"刘孟","custom_phone":"15822927208","incoming_date":"Thu Dec 28 2017","incoming_date_timestamp":1514428642000,"hour":null,"minute":null,"second":null,"custom_position":"8b4bb8cc-4aef-47c9-8776-47bcd03a03ed","business_description":null,"remark":null,"group":"a6711366-2081-4a8f-9ab7-5a918cd437d0","corporation":{"id":"3ea2fb2d-4630-4f5f-8347-49bde537148a","name":"控股公司","description":"控股公司","group":{"name":"控股","description":"group2","status":1,"id":"a6711366-2081-4a8f-9ab7-5a918cd437d0","createdAt":1510554855859,"updatedAt":1510554855859,"version":0},"status":1},"needs":[{"type":{"id":"6289bff3-8ff4-4d8b-a5b7-2ac2c2eeecf8","name":"硬件","code":"HARDWARE"},"equipment":{"name":"打印机","value":"打印机"},"op":{"id":"82376377-ca38-4bbe-a51a-ab571c3a409e","name":"安装","code":"SETUP"},"no":1},{"type":{"id":"04225cd9-76de-44fc-a2e7-4d956a5fd0ab","name":"软件","code":"SOFTWARE"},"equipment":{"name":"WORD","value":"WORD"},"op":{"id":"e51c1eb6-1b6c-4fc2-91cb-c55b423eaa83","name":"安装","code":"SETUP"},"no":1},{"type":{"id":"da4cbfc1-a216-4019-ba18-12744a8fac7e","name":"网络","code":"NETWORK"},"equipment":{"name":"IP地址","value":"IP地址"},"op":{"id":"30d94497-27de-42b2-80f0-d612231bec2e","name":"冲突","code":"CT"},"no":1},{"type":{"id":"6289bff3-8ff4-4d8b-a5b7-2ac2c2eeecf8","name":"硬件","code":"HARDWARE"},"equipment":{"name":"笔记本电脑","value":"笔记本电脑"},"op":{"id":"a7a82216-4740-49fd-a0d4-ebcc8ea257c8","name":"无法开机","code":"NOTSTART"},"no":1}],"workerOrders":[{"id":"","no":"","custom_name":"刘孟","custom_phone":"15822927208","incoming_date_timestamp":1514428642000,"incoming_date":"2017-12-28T02:37:22.000Z","incoming_date_time":{"hour":10,"minute":37,"second":22},"custom_position":"8b4bb8cc-4aef-47c9-8776-47bcd03a03ed","corporation":{"id":"3ea2fb2d-4630-4f5f-8347-49bde537148a","name":"控股公司","description":"控股公司","group":{"name":"控股","description":"group2","status":1,"id":"a6711366-2081-4a8f-9ab7-5a918cd437d0","createdAt":1510554855859,"updatedAt":1510554855859,"version":0},"status":1},"important":false,"arrive_date_timestamp":1514428642000,"arrive_date":"2017-12-28T02:37:22.000Z","arrive_date_time":{"hour":10,"minute":37,"second":22},"finish_date_timestamp":1514428642000,"finish_date":"2017-12-28T02:37:22.000Z","finish_date_time":{"hour":10,"minute":37,"second":22},"worker":"77e0a41a-efbd-4629-89ba-84b71fe866e1","type":{"id":"6289bff3-8ff4-4d8b-a5b7-2ac2c2eeecf8","name":"硬件","code":"HARDWARE"},"equipment":{"name":"打印机","value":"打印机"},"op":{"id":"82376377-ca38-4bbe-a51a-ab571c3a409e","name":"安装","code":"SETUP"},"checked":true,"showArriveDate":false,"showFinishDate":false,"showWorker":true,"remark":"","call_date_timestamp":1514428642000,"call_date":"2017-12-28T02:37:22.000Z","call_date_time":{"hour":10,"minute":37,"second":22},"order":null,"businessContent":null,"isCompleteOperation":true},{"id":"","no":"","custom_name":"刘孟","custom_phone":"15822927208","incoming_date_timestamp":1514428642000,"incoming_date":"2017-12-28T02:37:22.000Z","incoming_date_time":{"hour":10,"minute":37,"second":22},"custom_position":"8b4bb8cc-4aef-47c9-8776-47bcd03a03ed","corporation":{"id":"3ea2fb2d-4630-4f5f-8347-49bde537148a","name":"控股公司","description":"控股公司","group":{"name":"控股","description":"group2","status":1,"id":"a6711366-2081-4a8f-9ab7-5a918cd437d0","createdAt":1510554855859,"updatedAt":1510554855859,"version":0},"status":1},"important":false,"arrive_date_timestamp":1514428642000,"arrive_date":"2017-12-28T02:37:22.000Z","arrive_date_time":{"hour":10,"minute":37,"second":22},"finish_date_timestamp":1514428642000,"finish_date":"2017-12-28T02:37:22.000Z","finish_date_time":{"hour":10,"minute":37,"second":22},"worker":"77e0a41a-efbd-4629-89ba-84b71fe866e1","type":{"id":"04225cd9-76de-44fc-a2e7-4d956a5fd0ab","name":"软件","code":"SOFTWARE"},"equipment":{"name":"WORD","value":"WORD"},"op":{"id":"e51c1eb6-1b6c-4fc2-91cb-c55b423eaa83","name":"安装","code":"SETUP"},"checked":true,"showArriveDate":false,"showFinishDate":false,"showWorker":true,"remark":"","call_date_timestamp":1514428642000,"call_date":"2017-12-28T02:37:22.000Z","call_date_time":{"hour":10,"minute":37,"second":22},"order":null,"businessContent":null,"isCompleteOperation":true},{"id":"","no":"","custom_name":"刘孟","custom_phone":"15822927208","incoming_date_timestamp":1514428642000,"incoming_date":"2017-12-28T02:37:22.000Z","incoming_date_time":{"hour":10,"minute":37,"second":22},"custom_position":"8b4bb8cc-4aef-47c9-8776-47bcd03a03ed","corporation":{"id":"3ea2fb2d-4630-4f5f-8347-49bde537148a","name":"控股公司","description":"控股公司","group":{"name":"控股","description":"group2","status":1,"id":"a6711366-2081-4a8f-9ab7-5a918cd437d0","createdAt":1510554855859,"updatedAt":1510554855859,"version":0},"status":1},"important":false,"arrive_date_timestamp":1514428642000,"arrive_date":"2017-12-28T02:37:22.000Z","arrive_date_time":{"hour":10,"minute":37,"second":22},"finish_date_timestamp":1514428642000,"finish_date":"2017-12-28T02:37:22.000Z","finish_date_time":{"hour":10,"minute":37,"second":22},"worker":"77e0a41a-efbd-4629-89ba-84b71fe866e1","type":{"id":"da4cbfc1-a216-4019-ba18-12744a8fac7e","name":"网络","code":"NETWORK"},"equipment":{"name":"IP地址","value":"IP地址"},"op":{"id":"30d94497-27de-42b2-80f0-d612231bec2e","name":"冲突","code":"CT"},"checked":true,"showArriveDate":false,"showFinishDate":false,"showWorker":false,"remark":"","call_date_timestamp":1514428642000,"call_date":"2017-12-28T02:37:22.000Z","call_date_time":{"hour":10,"minute":37,"second":22},"order":null,"businessContent":null,"isCompleteOperation":true},{"id":"","no":"","custom_name":"刘孟","custom_phone":"15822927208","incoming_date_timestamp":1514428642000,"incoming_date":"2017-12-28T02:37:22.000Z","incoming_date_time":{"hour":10,"minute":37,"second":22},"custom_position":"8b4bb8cc-4aef-47c9-8776-47bcd03a03ed","corporation":{"id":"3ea2fb2d-4630-4f5f-8347-49bde537148a","name":"控股公司","description":"控股公司","group":{"name":"控股","description":"group2","status":1,"id":"a6711366-2081-4a8f-9ab7-5a918cd437d0","createdAt":1510554855859,"updatedAt":1510554855859,"version":0},"status":1},"important":true,"arrive_date_timestamp":1514428642000,"arrive_date":"2017-12-28T02:37:22.000Z","arrive_date_time":{"hour":10,"minute":37,"second":22},"finish_date_timestamp":1514428642000,"finish_date":"2017-12-28T02:37:22.000Z","finish_date_time":{"hour":10,"minute":37,"second":22},"worker":"77e0a41a-efbd-4629-89ba-84b71fe866e1","type":{"id":"6289bff3-8ff4-4d8b-a5b7-2ac2c2eeecf8","name":"硬件","code":"HARDWARE"},"equipment":{"name":"笔记本电脑","value":"笔记本电脑"},"op":{"id":"a7a82216-4740-49fd-a0d4-ebcc8ea257c8","name":"无法开机","code":"NOTSTART"},"checked":true,"showArriveDate":false,"showFinishDate":false,"showWorker":false,"remark":"","call_date_timestamp":1514428642000,"call_date":"2017-12-28T02:37:22.000Z","call_date_time":{"hour":10,"minute":37,"second":22},"order":null,"businessContent":null,"isCompleteOperation":true}]}
response time: 845
response status: 200
response body: 
{"status":0,"message":"新增成功！"}
*************** response log end ***************

[2017-12-28 11:00:07.530] [INFO] resLogger - 
*************** response log start ***************
request method: GET
request originalUrl:  /api/order/list/page/1?token=eyJhbGciOiJIUzI1NiIsInR5cCI6IkpXVCJ9.eyJkYXRhIjp7ImlkIjoiNzdlMGE0MWEtZWZiZC00NjI5LTg5YmEtODRiNzFmZTg2NmUxIiwibmFtZSI6ImFkbWluIiwiZ2VuZGVyIjp0cnVlLCJlbWFpbCI6IjM3ODMzODYyN0BxcS5jb20ifSwiaWF0IjoxNTE0NDI4NjM3LCJleHAiOjE1MTQ1MTUwMzd9.I-m6pgN0txdn_1fvdz1UB7zYUsx4ZYt3GmruH1--fXg
request client ip:  ::ffff:127.0.0.1
request query:  {"token":"eyJhbGciOiJIUzI1NiIsInR5cCI6IkpXVCJ9.eyJkYXRhIjp7ImlkIjoiNzdlMGE0MWEtZWZiZC00NjI5LTg5YmEtODRiNzFmZTg2NmUxIiwibmFtZSI6ImFkbWluIiwiZ2VuZGVyIjp0cnVlLCJlbWFpbCI6IjM3ODMzODYyN0BxcS5jb20ifSwiaWF0IjoxNTE0NDI4NjM3LCJleHAiOjE1MTQ1MTUwMzd9.I-m6pgN0txdn_1fvdz1UB7zYUsx4ZYt3GmruH1--fXg"}
response time: 229
response status: 200
response body: 
{"status":0,"data":[{"no":"20171228000","custom_name":"刘孟","custom_phone":"15822927208","incoming_time":1514428642000,"custom_corporation":"3ea2fb2d-4630-4f5f-8347-49bde537148a","custom_position":"8b4bb8cc-4aef-47c9-8776-47bcd03a03ed","remark":null,"status":1,"needs":"[object Object],[object Object],[object Object],[object Object]","id":"a51a463c-7901-46b6-a253-b9a416860016","createdAt":1514430006746,"updatedAt":1514430006746,"version":0,"corporation":{"name":"控股公司","description":"控股公司","status":1,"groupId":"a6711366-2081-4a8f-9ab7-5a918cd437d0","id":"3ea2fb2d-4630-4f5f-8347-49bde537148a","createdAt":1510554857824,"updatedAt":1510554857824,"version":0},"corpBuilding":{"corporationId":"3ea2fb2d-4630-4f5f-8347-49bde537148a","buildingId":"4b35bbaa-4da9-442e-8adf-ae7fbc656330","floor":6,"position":"A","status":1,"id":"8b4bb8cc-4aef-47c9-8776-47bcd03a03ed","createdAt":1510554857909,"updatedAt":1510554857909,"version":0,"building":{"name":"商务大厦南楼","address":"南","minfloor":1,"maxfloor":15,"status":1,"id":"4b35bbaa-4da9-442e-8adf-ae7fbc656330","createdAt":1510554856022,"updatedAt":1510554856022,"version":0}}},{"no":"20171113000","custom_name":"刘孟","custom_phone":"15822927208","incoming_time":1510561864000,"custom_corporation":"bf31f1a5-2660-46fc-b1c8-a150812d27e3","custom_position":"b720d1b5-a333-4e3d-991a-8cf68966022c","remark":"小姐姐","status":1,"needs":"[object Object],[object Object],[object Object],[object Object]","id":"2a577a4b-a635-4f14-860f-9079b4255a0b","createdAt":1510561948275,"updatedAt":1510561948275,"version":0,"corporation":{"name":"建规局","description":"建规局","status":1,"groupId":"64cd3c35-1cbb-4978-8cb1-e4084bf567d6","id":"bf31f1a5-2660-46fc-b1c8-a150812d27e3","createdAt":1510554857444,"updatedAt":1510554857444,"version":0},"corpBuilding":{"corporationId":"bf31f1a5-2660-46fc-b1c8-a150812d27e3","buildingId":"4b35bbaa-4da9-442e-8adf-ae7fbc656330","floor":4,"position":"E","status":1,"id":"b720d1b5-a333-4e3d-991a-8cf68966022c","createdAt":1510554857545,"updatedAt":1510554857545,"version":0,"building":{"name":"商务大厦南楼","address":"南","minfloor":1,"maxfloor":15,"status":1,"id":"4b35bbaa-4da9-442e-8adf-ae7fbc656330","createdAt":1510554856022,"updatedAt":1510554856022,"version":0}}}],"total":2}
*************** response log end ***************

[2017-12-28 11:00:17.612] [INFO] resLogger - 
*************** response log start ***************
request method: GET
request originalUrl:  /api/order/a51a463c-7901-46b6-a253-b9a416860016?token=eyJhbGciOiJIUzI1NiIsInR5cCI6IkpXVCJ9.eyJkYXRhIjp7ImlkIjoiNzdlMGE0MWEtZWZiZC00NjI5LTg5YmEtODRiNzFmZTg2NmUxIiwibmFtZSI6ImFkbWluIiwiZ2VuZGVyIjp0cnVlLCJlbWFpbCI6IjM3ODMzODYyN0BxcS5jb20ifSwiaWF0IjoxNTE0NDI4NjM3LCJleHAiOjE1MTQ1MTUwMzd9.I-m6pgN0txdn_1fvdz1UB7zYUsx4ZYt3GmruH1--fXg
request client ip:  ::ffff:127.0.0.1
request query:  {"token":"eyJhbGciOiJIUzI1NiIsInR5cCI6IkpXVCJ9.eyJkYXRhIjp7ImlkIjoiNzdlMGE0MWEtZWZiZC00NjI5LTg5YmEtODRiNzFmZTg2NmUxIiwibmFtZSI6ImFkbWluIiwiZ2VuZGVyIjp0cnVlLCJlbWFpbCI6IjM3ODMzODYyN0BxcS5jb20ifSwiaWF0IjoxNTE0NDI4NjM3LCJleHAiOjE1MTQ1MTUwMzd9.I-m6pgN0txdn_1fvdz1UB7zYUsx4ZYt3GmruH1--fXg"}
response time: 170
response status: 200
response body: 
{"status":0,"data":{"no":"20171228000","custom_name":"刘孟","custom_phone":"15822927208","incoming_time":1514428642000,"custom_corporation":"3ea2fb2d-4630-4f5f-8347-49bde537148a","custom_position":"8b4bb8cc-4aef-47c9-8776-47bcd03a03ed","remark":null,"status":1,"needs":"[object Object],[object Object],[object Object],[object Object]","id":"a51a463c-7901-46b6-a253-b9a416860016","createdAt":1514430006746,"updatedAt":1514430006746,"version":0,"corporation":{"name":"控股公司","description":"控股公司","status":1,"groupId":"a6711366-2081-4a8f-9ab7-5a918cd437d0","id":"3ea2fb2d-4630-4f5f-8347-49bde537148a","createdAt":1510554857824,"updatedAt":1510554857824,"version":0},"corpBuilding":{"corporationId":"3ea2fb2d-4630-4f5f-8347-49bde537148a","buildingId":"4b35bbaa-4da9-442e-8adf-ae7fbc656330","floor":6,"position":"A","status":1,"id":"8b4bb8cc-4aef-47c9-8776-47bcd03a03ed","createdAt":1510554857909,"updatedAt":1510554857909,"version":0,"building":{"name":"商务大厦南楼","address":"南","minfloor":1,"maxfloor":15,"status":1,"id":"4b35bbaa-4da9-442e-8adf-ae7fbc656330","createdAt":1510554856022,"updatedAt":1510554856022,"version":0}},"operations":[{"orderId":"a51a463c-7901-46b6-a253-b9a416860016","important":false,"op":"e51c1eb6-1b6c-4fc2-91cb-c55b423eaa83","no":"20171228001","create_time":1514428642000,"remark":"","status":1,"id":"d2284ba7-19a6-4f8c-a777-aa0276156338","createdAt":1514430006906,"updatedAt":1514430006906,"version":0,"businessContent":{"type":"SOFTWARE","equipment":"WORD","operation":"SETUP","weight":5,"remark":"","status":1,"id":"e51c1eb6-1b6c-4fc2-91cb-c55b423eaa83","createdAt":1510554860895,"updatedAt":1510554860895,"version":0,"equipOp":{"name":"安装","code":"SETUP","id":"6e1a9c23-6a3d-42b3-897f-603bf4e12396","createdAt":1510554859537,"updatedAt":1510554859537,"version":0}},"actions":[{"operationId":"d2284ba7-19a6-4f8c-a777-aa0276156338","call_time":1514428642000,"start_time":null,"end_time":null,"worker":"77e0a41a-efbd-4629-89ba-84b71fe866e1","operationStart":null,"operationComplete":0,"status":1,"id":"43824f07-7b96-4e60-a6e6-baebbe8ab7a3","createdAt":1514430007008,"updatedAt":1514430007008,"version":0}]},{"orderId":"a51a463c-7901-46b6-a253-b9a416860016","important":false,"op":"82376377-ca38-4bbe-a51a-ab571c3a409e","no":"20171228000","create_time":1514428642000,"remark":"","status":1,"id":"5e392e91-711e-4f84-b9f2-072d0aa9d49e","createdAt":1514430006905,"updatedAt":1514430006905,"version":0,"businessContent":{"type":"HARDWARE","equipment":"打印机","operation":"SETUP","weight":5,"remark":"","status":1,"id":"82376377-ca38-4bbe-a51a-ab571c3a409e","createdAt":1510554860264,"updatedAt":1510554860264,"version":0,"equipOp":{"name":"安装","code":"SETUP","id":"6e1a9c23-6a3d-42b3-897f-603bf4e12396","createdAt":1510554859537,"updatedAt":1510554859537,"version":0}},"actions":[{"operationId":"5e392e91-711e-4f84-b9f2-072d0aa9d49e","call_time":1514428642000,"start_time":null,"end_time":null,"worker":"77e0a41a-efbd-4629-89ba-84b71fe866e1","operationStart":null,"operationComplete":0,"status":1,"id":"ac8ead00-a266-459c-af38-2256c3c9ecab","createdAt":1514430007008,"updatedAt":1514430007008,"version":0}]},{"orderId":"a51a463c-7901-46b6-a253-b9a416860016","important":true,"op":"a7a82216-4740-49fd-a0d4-ebcc8ea257c8","no":"20171228003","create_time":1514428642000,"remark":"","status":1,"id":"57a0128c-d392-46f7-bcca-596f79352247","createdAt":1514430006906,"updatedAt":1514430006906,"version":0,"businessContent":{"type":"HARDWARE","equipment":"笔记本电脑","operation":"NOTSTART","weight":5,"remark":"","status":1,"id":"a7a82216-4740-49fd-a0d4-ebcc8ea257c8","createdAt":1510554861454,"updatedAt":1510554861454,"version":0,"equipOp":{"name":"无法开机","code":"NOTSTART","id":"5249914f-c93a-466a-804d-b407709886a9","createdAt":1510554859799,"updatedAt":1510554859799,"version":0}},"actions":[]},{"orderId":"a51a463c-7901-46b6-a253-b9a416860016","important":false,"op":"30d94497-27de-42b2-80f0-d612231bec2e","no":"20171228002","create_time":1514428642000,"remark":"","status":1,"id":"85ba461b-7428-4fd9-bc7f-4102b760adab","createdAt":1514430006906,"updatedAt":1514430006906,"version":0,"businessContent":{"type":"NETWORK","equipment":"IP地址","operation":"CT","weight":5,"remark":"","status":1,"id":"30d94497-27de-42b2-80f0-d612231bec2e","createdAt":1510554860668,"updatedAt":1510554860668,"version":0,"equipOp":{"name":"冲突","code":"CT","id":"0473b4e6-9a5f-4d89-bae9-c3c5445b2c0a","createdAt":1510554859897,"updatedAt":1510554859897,"version":0}},"actions":[]}]}}
*************** response log end ***************

[2017-12-28 11:00:17.779] [INFO] resLogger - 
*************** response log start ***************
request method: GET
request originalUrl:  /api/groups/list?token=eyJhbGciOiJIUzI1NiIsInR5cCI6IkpXVCJ9.eyJkYXRhIjp7ImlkIjoiNzdlMGE0MWEtZWZiZC00NjI5LTg5YmEtODRiNzFmZTg2NmUxIiwibmFtZSI6ImFkbWluIiwiZ2VuZGVyIjp0cnVlLCJlbWFpbCI6IjM3ODMzODYyN0BxcS5jb20ifSwiaWF0IjoxNTE0NDI4NjM3LCJleHAiOjE1MTQ1MTUwMzd9.I-m6pgN0txdn_1fvdz1UB7zYUsx4ZYt3GmruH1--fXg
request client ip:  ::ffff:127.0.0.1
request query:  {"token":"eyJhbGciOiJIUzI1NiIsInR5cCI6IkpXVCJ9.eyJkYXRhIjp7ImlkIjoiNzdlMGE0MWEtZWZiZC00NjI5LTg5YmEtODRiNzFmZTg2NmUxIiwibmFtZSI6ImFkbWluIiwiZ2VuZGVyIjp0cnVlLCJlbWFpbCI6IjM3ODMzODYyN0BxcS5jb20ifSwiaWF0IjoxNTE0NDI4NjM3LCJleHAiOjE1MTQ1MTUwMzd9.I-m6pgN0txdn_1fvdz1UB7zYUsx4ZYt3GmruH1--fXg"}
response time: 144
response status: 200
response body: 
{"status":0,"data":[{"name":"控股","description":"group2","status":1,"id":"a6711366-2081-4a8f-9ab7-5a918cd437d0","createdAt":1510554855859,"updatedAt":1510554855859,"version":0},{"name":"管委会","description":"group1","status":1,"id":"64cd3c35-1cbb-4978-8cb1-e4084bf567d6","createdAt":1510554855637,"updatedAt":1510554855637,"version":0}],"total":2}
*************** response log end ***************

[2017-12-28 11:00:17.915] [INFO] resLogger - 
*************** response log start ***************
request method: GET
request originalUrl:  /api/corporations/list?token=eyJhbGciOiJIUzI1NiIsInR5cCI6IkpXVCJ9.eyJkYXRhIjp7ImlkIjoiNzdlMGE0MWEtZWZiZC00NjI5LTg5YmEtODRiNzFmZTg2NmUxIiwibmFtZSI6ImFkbWluIiwiZ2VuZGVyIjp0cnVlLCJlbWFpbCI6IjM3ODMzODYyN0BxcS5jb20ifSwiaWF0IjoxNTE0NDI4NjM3LCJleHAiOjE1MTQ1MTUwMzd9.I-m6pgN0txdn_1fvdz1UB7zYUsx4ZYt3GmruH1--fXg&group=a6711366-2081-4a8f-9ab7-5a918cd437d0
request client ip:  ::ffff:127.0.0.1
request query:  {"token":"eyJhbGciOiJIUzI1NiIsInR5cCI6IkpXVCJ9.eyJkYXRhIjp7ImlkIjoiNzdlMGE0MWEtZWZiZC00NjI5LTg5YmEtODRiNzFmZTg2NmUxIiwibmFtZSI6ImFkbWluIiwiZ2VuZGVyIjp0cnVlLCJlbWFpbCI6IjM3ODMzODYyN0BxcS5jb20ifSwiaWF0IjoxNTE0NDI4NjM3LCJleHAiOjE1MTQ1MTUwMzd9.I-m6pgN0txdn_1fvdz1UB7zYUsx4ZYt3GmruH1--fXg","group":"a6711366-2081-4a8f-9ab7-5a918cd437d0"}
response time: 117
response status: 200
response body: 
{"status":0,"data":[{"name":"控股公司","description":"控股公司","status":1,"groupId":"a6711366-2081-4a8f-9ab7-5a918cd437d0","id":"3ea2fb2d-4630-4f5f-8347-49bde537148a","createdAt":1510554857824,"updatedAt":1510554857824,"version":0,"group":{"name":"控股","description":"group2","status":1,"id":"a6711366-2081-4a8f-9ab7-5a918cd437d0","createdAt":1510554855859,"updatedAt":1510554855859,"version":0}}],"total":1}
*************** response log end ***************

[2017-12-28 11:00:18.011] [INFO] resLogger - 
*************** response log start ***************
request method: GET
request originalUrl:  /api/corpBuildings/list/3ea2fb2d-4630-4f5f-8347-49bde537148a?token=eyJhbGciOiJIUzI1NiIsInR5cCI6IkpXVCJ9.eyJkYXRhIjp7ImlkIjoiNzdlMGE0MWEtZWZiZC00NjI5LTg5YmEtODRiNzFmZTg2NmUxIiwibmFtZSI6ImFkbWluIiwiZ2VuZGVyIjp0cnVlLCJlbWFpbCI6IjM3ODMzODYyN0BxcS5jb20ifSwiaWF0IjoxNTE0NDI4NjM3LCJleHAiOjE1MTQ1MTUwMzd9.I-m6pgN0txdn_1fvdz1UB7zYUsx4ZYt3GmruH1--fXg
request client ip:  ::ffff:127.0.0.1
request query:  {"token":"eyJhbGciOiJIUzI1NiIsInR5cCI6IkpXVCJ9.eyJkYXRhIjp7ImlkIjoiNzdlMGE0MWEtZWZiZC00NjI5LTg5YmEtODRiNzFmZTg2NmUxIiwibmFtZSI6ImFkbWluIiwiZ2VuZGVyIjp0cnVlLCJlbWFpbCI6IjM3ODMzODYyN0BxcS5jb20ifSwiaWF0IjoxNTE0NDI4NjM3LCJleHAiOjE1MTQ1MTUwMzd9.I-m6pgN0txdn_1fvdz1UB7zYUsx4ZYt3GmruH1--fXg"}
response time: 80
response status: 200
response body: 
{"status":0,"data":[{"corporationId":"3ea2fb2d-4630-4f5f-8347-49bde537148a","buildingId":"4b35bbaa-4da9-442e-8adf-ae7fbc656330","floor":7,"position":"A","status":1,"id":"3d3b9cc9-3e25-452c-8d9b-5bb122bd2d33","createdAt":1510554858003,"updatedAt":1510554858003,"version":0,"building":{"name":"商务大厦南楼","address":"南","minfloor":1,"maxfloor":15,"status":1,"id":"4b35bbaa-4da9-442e-8adf-ae7fbc656330","createdAt":1510554856022,"updatedAt":1510554856022,"version":0}},{"corporationId":"3ea2fb2d-4630-4f5f-8347-49bde537148a","buildingId":"4b35bbaa-4da9-442e-8adf-ae7fbc656330","floor":6,"position":"A","status":1,"id":"8b4bb8cc-4aef-47c9-8776-47bcd03a03ed","createdAt":1510554857909,"updatedAt":1510554857909,"version":0,"building":{"name":"商务大厦南楼","address":"南","minfloor":1,"maxfloor":15,"status":1,"id":"4b35bbaa-4da9-442e-8adf-ae7fbc656330","createdAt":1510554856022,"updatedAt":1510554856022,"version":0}}],"total":0}
*************** response log end ***************

