[2018-04-24 11:05:32.817] [INFO] resLogger - 
*************** response log start ***************
request method: GET
request originalUrl:  /
request client ip:  ::ffff:127.0.0.1
request query:  {}
response time: 53
response status: 200
response body: 
"<!DOCTYPE html><html class=\"fullscreen-bg\"><head><title>koa2 title</title><meta charset=\"utf-8\"><meta http-equiv=\"X-UA-Compatible\" content=\"IE=edge,chrome=1\"><meta name=\"viewport\" content=\"width=device-width, initial-scale=1.0, maximum-scale=1.0, user-scalable=0\"><link rel=\"stylesheet\" href=\"assets/vendor/bootstrap/css/bootstrap.min.css\"><link rel=\"stylesheet\" href=\"assets/vendor/font-awesome/css/font-awesome.min.css\"><link rel=\"stylesheet\" href=\"assets/vendor/linearicons/style.css\"><link rel=\"stylesheet\" href=\"assets/css/main.css\"><link rel=\"stylesheet\" href=\"assets/css/demo.css\"><link rel=\"apple-touch-icon\" sizes=\"76x76\" href=\"assets/img/apple-icon.png\"><link rel=\"icon\" type=\"image/png\" sizes=\"96x96\" href=\"assets/img/favicon.png\"></head><body><h1>koa2 title</h1><p>JADE Welcome to koa2 title,liumeng</p></body></html>"
*************** response log end ***************

[2018-04-24 11:28:23.058] [INFO] resLogger - 
*************** response log start ***************
request method: POST
request originalUrl:  /api/user/uploadAvatar?token=eyJhbGciOiJIUzI1NiIsInR5cCI6IkpXVCJ9.eyJkYXRhIjp7ImlkIjoiMDU3MjBlNmUtZWJlMy00MDM2LWI1NzUtZmYxZmEwYzZjYjM4IiwibmFtZSI6ImFkbWluIiwiZ2VuZGVyIjp0cnVlLCJlbWFpbCI6IjM3ODMzODYyN0BxcS5jb20ifSwiaWF0IjoxNTI0NTMwNzQzLCJleHAiOjE1MjQ2MTcxNDN9.pVZjaUwiha8Qfh2axNTo2vCxmFUQgMeYx4TRRi-r7j4
request client ip:  ::ffff:127.0.0.1
request body: 
{"fields":{},"files":{"files":{"size":159,"path":"C:\\Users\\liumeng\\AppData\\Local\\Temp\\upload_bd850b1cd845ca8fabea7502551b2d38","name":"1.txt","type":"text/plain","mtime":"2018-04-24T03:28:23.024Z"}}}
response time: 29
response status: 404
response body: 
undefined
*************** response log end ***************

[2018-04-24 11:31:10.588] [INFO] resLogger - 
*************** response log start ***************
request method: POST
request originalUrl:  /api/user/uploadAvatar?token=eyJhbGciOiJIUzI1NiIsInR5cCI6IkpXVCJ9.eyJkYXRhIjp7ImlkIjoiMDU3MjBlNmUtZWJlMy00MDM2LWI1NzUtZmYxZmEwYzZjYjM4IiwibmFtZSI6ImFkbWluIiwiZ2VuZGVyIjp0cnVlLCJlbWFpbCI6IjM3ODMzODYyN0BxcS5jb20ifSwiaWF0IjoxNTI0NTMwNzQzLCJleHAiOjE1MjQ2MTcxNDN9.pVZjaUwiha8Qfh2axNTo2vCxmFUQgMeYx4TRRi-r7j4
request client ip:  ::ffff:127.0.0.1
request body: 
{"fields":{},"files":{"files":{"size":44032,"path":"C:\\Users\\liumeng\\AppData\\Local\\Temp\\upload_2f790725aedec507f536a4c0dcd88ad5","name":"01照片标签-宽 .doc","type":"application/msword","mtime":"2018-04-24T03:31:10.547Z"}}}
response time: 38
response status: 404
response body: 
undefined
*************** response log end ***************

[2018-04-24 11:38:51.338] [INFO] resLogger - 
*************** response log start ***************
request method: POST
request originalUrl:  /api/user/uploadAvatar?token=eyJhbGciOiJIUzI1NiIsInR5cCI6IkpXVCJ9.eyJkYXRhIjp7ImlkIjoiMDU3MjBlNmUtZWJlMy00MDM2LWI1NzUtZmYxZmEwYzZjYjM4IiwibmFtZSI6ImFkbWluIiwiZ2VuZGVyIjp0cnVlLCJlbWFpbCI6IjM3ODMzODYyN0BxcS5jb20ifSwiaWF0IjoxNTI0NTMwNzQzLCJleHAiOjE1MjQ2MTcxNDN9.pVZjaUwiha8Qfh2axNTo2vCxmFUQgMeYx4TRRi-r7j4
request client ip:  ::ffff:127.0.0.1
request body: 
{"fields":{},"files":{"files":{"size":159,"path":"C:\\Users\\liumeng\\AppData\\Local\\Temp\\upload_204b92f52b762df239505809c5a0e160","name":"1.txt","type":"text/plain","mtime":"2018-04-24T03:38:51.292Z"}}}
response time: 42
response status: 404
response body: 
undefined
*************** response log end ***************

