[2018-02-05 16:02:59.534] [INFO] resLogger - 
*************** response log start ***************
request method: GET
request originalUrl:  /api/operation/list_month_corporation_count/time/1517816001419?token=eyJhbGciOiJIUzI1NiIsInR5cCI6IkpXVCJ9.eyJkYXRhIjp7ImlkIjoiMDU3MjBlNmUtZWJlMy00MDM2LWI1NzUtZmYxZmEwYzZjYjM4IiwibmFtZSI6ImFkbWluIiwiZ2VuZGVyIjp0cnVlLCJlbWFpbCI6IjM3ODMzODYyN0BxcS5jb20ifSwiaWF0IjoxNTE3NzkxNzIwLCJleHAiOjE1MTc4NzgxMjB9.Ea9GcWzj9On_MafVxNsGje-kjKZWwuc2RkzW6BiIaRI
request client ip:  ::ffff:127.0.0.1
request query:  {"token":"eyJhbGciOiJIUzI1NiIsInR5cCI6IkpXVCJ9.eyJkYXRhIjp7ImlkIjoiMDU3MjBlNmUtZWJlMy00MDM2LWI1NzUtZmYxZmEwYzZjYjM4IiwibmFtZSI6ImFkbWluIiwiZ2VuZGVyIjp0cnVlLCJlbWFpbCI6IjM3ODMzODYyN0BxcS5jb20ifSwiaWF0IjoxNTE3NzkxNzIwLCJleHAiOjE1MTc4NzgxMjB9.Ea9GcWzj9On_MafVxNsGje-kjKZWwuc2RkzW6BiIaRI"}
response time: 154
response status: 200
response body: 
{"status":500}
*************** response log end ***************

[2018-02-05 16:02:59.617] [INFO] resLogger - 
*************** response log start ***************
request method: GET
request originalUrl:  /favicon.ico
request client ip:  ::ffff:127.0.0.1
request query:  {}
response time: 40
response status: 200
response body: 
{"name":"jwtError","status":10003,"message":"身份验证错误！"}
*************** response log end ***************

[2018-02-05 16:10:05.447] [INFO] resLogger - 
*************** response log start ***************
request method: GET
request originalUrl:  /api/operation/list_month_corporation_count/time/1517816001419?token=eyJhbGciOiJIUzI1NiIsInR5cCI6IkpXVCJ9.eyJkYXRhIjp7ImlkIjoiMDU3MjBlNmUtZWJlMy00MDM2LWI1NzUtZmYxZmEwYzZjYjM4IiwibmFtZSI6ImFkbWluIiwiZ2VuZGVyIjp0cnVlLCJlbWFpbCI6IjM3ODMzODYyN0BxcS5jb20ifSwiaWF0IjoxNTE3NzkxNzIwLCJleHAiOjE1MTc4NzgxMjB9.Ea9GcWzj9On_MafVxNsGje-kjKZWwuc2RkzW6BiIaRI
request client ip:  ::ffff:127.0.0.1
request query:  {"token":"eyJhbGciOiJIUzI1NiIsInR5cCI6IkpXVCJ9.eyJkYXRhIjp7ImlkIjoiMDU3MjBlNmUtZWJlMy00MDM2LWI1NzUtZmYxZmEwYzZjYjM4IiwibmFtZSI6ImFkbWluIiwiZ2VuZGVyIjp0cnVlLCJlbWFpbCI6IjM3ODMzODYyN0BxcS5jb20ifSwiaWF0IjoxNTE3NzkxNzIwLCJleHAiOjE1MTc4NzgxMjB9.Ea9GcWzj9On_MafVxNsGje-kjKZWwuc2RkzW6BiIaRI"}
response time: 749
response status: 200
response body: 
{"status":500}
*************** response log end ***************

[2018-02-05 16:10:05.536] [INFO] resLogger - 
*************** response log start ***************
request method: GET
request originalUrl:  /favicon.ico
request client ip:  ::ffff:127.0.0.1
request query:  {}
response time: 50
response status: 200
response body: 
{"name":"jwtError","status":10003,"message":"身份验证错误！"}
*************** response log end ***************

[2018-02-05 16:14:06.663] [INFO] resLogger - 
*************** response log start ***************
request method: GET
request originalUrl:  /api/operation/list_month_corporation_count/time/1517816001419?token=eyJhbGciOiJIUzI1NiIsInR5cCI6IkpXVCJ9.eyJkYXRhIjp7ImlkIjoiMDU3MjBlNmUtZWJlMy00MDM2LWI1NzUtZmYxZmEwYzZjYjM4IiwibmFtZSI6ImFkbWluIiwiZ2VuZGVyIjp0cnVlLCJlbWFpbCI6IjM3ODMzODYyN0BxcS5jb20ifSwiaWF0IjoxNTE3NzkxNzIwLCJleHAiOjE1MTc4NzgxMjB9.Ea9GcWzj9On_MafVxNsGje-kjKZWwuc2RkzW6BiIaRI
request client ip:  ::ffff:127.0.0.1
request query:  {"token":"eyJhbGciOiJIUzI1NiIsInR5cCI6IkpXVCJ9.eyJkYXRhIjp7ImlkIjoiMDU3MjBlNmUtZWJlMy00MDM2LWI1NzUtZmYxZmEwYzZjYjM4IiwibmFtZSI6ImFkbWluIiwiZ2VuZGVyIjp0cnVlLCJlbWFpbCI6IjM3ODMzODYyN0BxcS5jb20ifSwiaWF0IjoxNTE3NzkxNzIwLCJleHAiOjE1MTc4NzgxMjB9.Ea9GcWzj9On_MafVxNsGje-kjKZWwuc2RkzW6BiIaRI"}
response time: 209
response status: 200
response body: 
{"status":500}
*************** response log end ***************

[2018-02-05 16:14:06.753] [INFO] resLogger - 
*************** response log start ***************
request method: GET
request originalUrl:  /favicon.ico
request client ip:  ::ffff:127.0.0.1
request query:  {}
response time: 31
response status: 200
response body: 
{"name":"jwtError","status":10003,"message":"身份验证错误！"}
*************** response log end ***************

[2018-02-05 16:18:10.902] [INFO] resLogger - 
*************** response log start ***************
request method: GET
request originalUrl:  /api/operation/list_month_corporation_count/time/1517816001419?token=eyJhbGciOiJIUzI1NiIsInR5cCI6IkpXVCJ9.eyJkYXRhIjp7ImlkIjoiMDU3MjBlNmUtZWJlMy00MDM2LWI1NzUtZmYxZmEwYzZjYjM4IiwibmFtZSI6ImFkbWluIiwiZ2VuZGVyIjp0cnVlLCJlbWFpbCI6IjM3ODMzODYyN0BxcS5jb20ifSwiaWF0IjoxNTE3NzkxNzIwLCJleHAiOjE1MTc4NzgxMjB9.Ea9GcWzj9On_MafVxNsGje-kjKZWwuc2RkzW6BiIaRI
request client ip:  ::ffff:127.0.0.1
request query:  {"token":"eyJhbGciOiJIUzI1NiIsInR5cCI6IkpXVCJ9.eyJkYXRhIjp7ImlkIjoiMDU3MjBlNmUtZWJlMy00MDM2LWI1NzUtZmYxZmEwYzZjYjM4IiwibmFtZSI6ImFkbWluIiwiZ2VuZGVyIjp0cnVlLCJlbWFpbCI6IjM3ODMzODYyN0BxcS5jb20ifSwiaWF0IjoxNTE3NzkxNzIwLCJleHAiOjE1MTc4NzgxMjB9.Ea9GcWzj9On_MafVxNsGje-kjKZWwuc2RkzW6BiIaRI"}
response time: 95
response status: 200
response body: 
{"status":500}
*************** response log end ***************

[2018-02-05 16:18:10.960] [INFO] resLogger - 
*************** response log start ***************
request method: GET
request originalUrl:  /favicon.ico
request client ip:  ::ffff:127.0.0.1
request query:  {}
response time: 18
response status: 200
response body: 
{"name":"jwtError","status":10003,"message":"身份验证错误！"}
*************** response log end ***************

[2018-02-05 16:24:35.194] [INFO] resLogger - 
*************** response log start ***************
request method: GET
request originalUrl:  /api/operation/list_month_corporation_count/time/1517816001419?token=eyJhbGciOiJIUzI1NiIsInR5cCI6IkpXVCJ9.eyJkYXRhIjp7ImlkIjoiMDU3MjBlNmUtZWJlMy00MDM2LWI1NzUtZmYxZmEwYzZjYjM4IiwibmFtZSI6ImFkbWluIiwiZ2VuZGVyIjp0cnVlLCJlbWFpbCI6IjM3ODMzODYyN0BxcS5jb20ifSwiaWF0IjoxNTE3NzkxNzIwLCJleHAiOjE1MTc4NzgxMjB9.Ea9GcWzj9On_MafVxNsGje-kjKZWwuc2RkzW6BiIaRI
request client ip:  ::ffff:127.0.0.1
request query:  {"token":"eyJhbGciOiJIUzI1NiIsInR5cCI6IkpXVCJ9.eyJkYXRhIjp7ImlkIjoiMDU3MjBlNmUtZWJlMy00MDM2LWI1NzUtZmYxZmEwYzZjYjM4IiwibmFtZSI6ImFkbWluIiwiZ2VuZGVyIjp0cnVlLCJlbWFpbCI6IjM3ODMzODYyN0BxcS5jb20ifSwiaWF0IjoxNTE3NzkxNzIwLCJleHAiOjE1MTc4NzgxMjB9.Ea9GcWzj9On_MafVxNsGje-kjKZWwuc2RkzW6BiIaRI"}
response time: 455
response status: 200
response body: 
{"name":"SequelizeDatabaseError","message":"ER_WRONG_FIELD_WITH_GROUP: Expression #1 of SELECT list is not in GROUP BY clause and contains nonaggregated column 'lg.operations.id' which is not functionally dependent on columns in GROUP BY clause; this is incompatible with sql_mode=only_full_group_by","parent":{"code":"ER_WRONG_FIELD_WITH_GROUP","errno":1055,"sqlState":"42000","index":0,"sql":"SELECT `operations`.`id`, `order.corporation`.`name` AS `corporation`, COUNT(`operations`.`id`) AS `count` FROM `operations` AS `operations` LEFT OUTER JOIN `orders` AS `order` ON `operations`.`orderId` = `order`.`id` LEFT OUTER JOIN `corporations` AS `order.corporation` ON `order`.`custom_corporation` = `order.corporation`.`id` INNER JOIN `actions` AS `actions` ON `operations`.`id` = `actions`.`operationId` AND `actions`.`operationComplete` = 1 WHERE `operations`.`status` = 1 AND (`operations`.`create_time` >= 1517414400000 AND `operations`.`create_time` <= '1517816001419') GROUP BY `order.corporation`.`name`;"},"original":{"code":"ER_WRONG_FIELD_WITH_GROUP","errno":1055,"sqlState":"42000","index":0,"sql":"SELECT `operations`.`id`, `order.corporation`.`name` AS `corporation`, COUNT(`operations`.`id`) AS `count` FROM `operations` AS `operations` LEFT OUTER JOIN `orders` AS `order` ON `operations`.`orderId` = `order`.`id` LEFT OUTER JOIN `corporations` AS `order.corporation` ON `order`.`custom_corporation` = `order.corporation`.`id` INNER JOIN `actions` AS `actions` ON `operations`.`id` = `actions`.`operationId` AND `actions`.`operationComplete` = 1 WHERE `operations`.`status` = 1 AND (`operations`.`create_time` >= 1517414400000 AND `operations`.`create_time` <= '1517816001419') GROUP BY `order.corporation`.`name`;"},"sql":"SELECT `operations`.`id`, `order.corporation`.`name` AS `corporation`, COUNT(`operations`.`id`) AS `count` FROM `operations` AS `operations` LEFT OUTER JOIN `orders` AS `order` ON `operations`.`orderId` = `order`.`id` LEFT OUTER JOIN `corporations` AS `order.corporation` ON `order`.`custom_corporation` = `order.corporation`.`id` INNER JOIN `actions` AS `actions` ON `operations`.`id` = `actions`.`operationId` AND `actions`.`operationComplete` = 1 WHERE `operations`.`status` = 1 AND (`operations`.`create_time` >= 1517414400000 AND `operations`.`create_time` <= '1517816001419') GROUP BY `order.corporation`.`name`;","status":500}
*************** response log end ***************

[2018-02-05 16:24:35.258] [INFO] resLogger - 
*************** response log start ***************
request method: GET
request originalUrl:  /favicon.ico
request client ip:  ::ffff:127.0.0.1
request query:  {}
response time: 21
response status: 200
response body: 
{"name":"jwtError","status":10003,"message":"身份验证错误！"}
*************** response log end ***************

[2018-02-05 16:24:57.535] [INFO] resLogger - 
*************** response log start ***************
request method: GET
request originalUrl:  /api/operation/list_month_corporation_count/time/1517816001419?token=eyJhbGciOiJIUzI1NiIsInR5cCI6IkpXVCJ9.eyJkYXRhIjp7ImlkIjoiMDU3MjBlNmUtZWJlMy00MDM2LWI1NzUtZmYxZmEwYzZjYjM4IiwibmFtZSI6ImFkbWluIiwiZ2VuZGVyIjp0cnVlLCJlbWFpbCI6IjM3ODMzODYyN0BxcS5jb20ifSwiaWF0IjoxNTE3NzkxNzIwLCJleHAiOjE1MTc4NzgxMjB9.Ea9GcWzj9On_MafVxNsGje-kjKZWwuc2RkzW6BiIaRI
request client ip:  ::ffff:127.0.0.1
request query:  {"token":"eyJhbGciOiJIUzI1NiIsInR5cCI6IkpXVCJ9.eyJkYXRhIjp7ImlkIjoiMDU3MjBlNmUtZWJlMy00MDM2LWI1NzUtZmYxZmEwYzZjYjM4IiwibmFtZSI6ImFkbWluIiwiZ2VuZGVyIjp0cnVlLCJlbWFpbCI6IjM3ODMzODYyN0BxcS5jb20ifSwiaWF0IjoxNTE3NzkxNzIwLCJleHAiOjE1MTc4NzgxMjB9.Ea9GcWzj9On_MafVxNsGje-kjKZWwuc2RkzW6BiIaRI"}
response time: 361
response status: 200
response body: 
{"name":"SequelizeDatabaseError","message":"ER_WRONG_FIELD_WITH_GROUP: Expression #1 of SELECT list is not in GROUP BY clause and contains nonaggregated column 'lg.operations.id' which is not functionally dependent on columns in GROUP BY clause; this is incompatible with sql_mode=only_full_group_by","parent":{"code":"ER_WRONG_FIELD_WITH_GROUP","errno":1055,"sqlState":"42000","index":0,"sql":"SELECT `operations`.`id`, `order.corporation`.`name` AS `corporation`, COUNT(`operations`.`id`) AS `count` FROM `operations` AS `operations` LEFT OUTER JOIN `orders` AS `order` ON `operations`.`orderId` = `order`.`id` LEFT OUTER JOIN `corporations` AS `order.corporation` ON `order`.`custom_corporation` = `order.corporation`.`id` INNER JOIN `actions` AS `actions` ON `operations`.`id` = `actions`.`operationId` AND `actions`.`operationComplete` = 1 WHERE `operations`.`status` = 1 AND (`operations`.`create_time` >= 1517414400000 AND `operations`.`create_time` <= '1517816001419') GROUP BY `order.corporation`.`name`;"},"original":{"code":"ER_WRONG_FIELD_WITH_GROUP","errno":1055,"sqlState":"42000","index":0,"sql":"SELECT `operations`.`id`, `order.corporation`.`name` AS `corporation`, COUNT(`operations`.`id`) AS `count` FROM `operations` AS `operations` LEFT OUTER JOIN `orders` AS `order` ON `operations`.`orderId` = `order`.`id` LEFT OUTER JOIN `corporations` AS `order.corporation` ON `order`.`custom_corporation` = `order.corporation`.`id` INNER JOIN `actions` AS `actions` ON `operations`.`id` = `actions`.`operationId` AND `actions`.`operationComplete` = 1 WHERE `operations`.`status` = 1 AND (`operations`.`create_time` >= 1517414400000 AND `operations`.`create_time` <= '1517816001419') GROUP BY `order.corporation`.`name`;"},"sql":"SELECT `operations`.`id`, `order.corporation`.`name` AS `corporation`, COUNT(`operations`.`id`) AS `count` FROM `operations` AS `operations` LEFT OUTER JOIN `orders` AS `order` ON `operations`.`orderId` = `order`.`id` LEFT OUTER JOIN `corporations` AS `order.corporation` ON `order`.`custom_corporation` = `order.corporation`.`id` INNER JOIN `actions` AS `actions` ON `operations`.`id` = `actions`.`operationId` AND `actions`.`operationComplete` = 1 WHERE `operations`.`status` = 1 AND (`operations`.`create_time` >= 1517414400000 AND `operations`.`create_time` <= '1517816001419') GROUP BY `order.corporation`.`name`;","status":500}
*************** response log end ***************

[2018-02-05 16:24:57.610] [INFO] resLogger - 
*************** response log start ***************
request method: GET
request originalUrl:  /favicon.ico
request client ip:  ::ffff:127.0.0.1
request query:  {}
response time: 38
response status: 200
response body: 
{"name":"jwtError","status":10003,"message":"身份验证错误！"}
*************** response log end ***************

[2018-02-05 16:28:17.900] [INFO] resLogger - 
*************** response log start ***************
request method: GET
request originalUrl:  /api/operation/list_month_corporation_count/time/1517816001419?token=eyJhbGciOiJIUzI1NiIsInR5cCI6IkpXVCJ9.eyJkYXRhIjp7ImlkIjoiMDU3MjBlNmUtZWJlMy00MDM2LWI1NzUtZmYxZmEwYzZjYjM4IiwibmFtZSI6ImFkbWluIiwiZ2VuZGVyIjp0cnVlLCJlbWFpbCI6IjM3ODMzODYyN0BxcS5jb20ifSwiaWF0IjoxNTE3NzkxNzIwLCJleHAiOjE1MTc4NzgxMjB9.Ea9GcWzj9On_MafVxNsGje-kjKZWwuc2RkzW6BiIaRI
request client ip:  ::ffff:127.0.0.1
request query:  {"token":"eyJhbGciOiJIUzI1NiIsInR5cCI6IkpXVCJ9.eyJkYXRhIjp7ImlkIjoiMDU3MjBlNmUtZWJlMy00MDM2LWI1NzUtZmYxZmEwYzZjYjM4IiwibmFtZSI6ImFkbWluIiwiZ2VuZGVyIjp0cnVlLCJlbWFpbCI6IjM3ODMzODYyN0BxcS5jb20ifSwiaWF0IjoxNTE3NzkxNzIwLCJleHAiOjE1MTc4NzgxMjB9.Ea9GcWzj9On_MafVxNsGje-kjKZWwuc2RkzW6BiIaRI"}
response time: 454
response status: 200
response body: 
{"name":"SequelizeDatabaseError","message":"ER_WRONG_FIELD_WITH_GROUP: Expression #1 of SELECT list is not in GROUP BY clause and contains nonaggregated column 'lg.operations.id' which is not functionally dependent on columns in GROUP BY clause; this is incompatible with sql_mode=only_full_group_by","parent":{"code":"ER_WRONG_FIELD_WITH_GROUP","errno":1055,"sqlState":"42000","index":0,"sql":"SELECT `operations`.`id`, `order.corporation`.`name` AS `corporation`, COUNT(`operations`.`id`) AS `count` FROM `operations` AS `operations` LEFT OUTER JOIN `orders` AS `order` ON `operations`.`orderId` = `order`.`id` LEFT OUTER JOIN `corporations` AS `order.corporation` ON `order`.`custom_corporation` = `order.corporation`.`id` INNER JOIN `actions` AS `actions` ON `operations`.`id` = `actions`.`operationId` AND `actions`.`operationComplete` = 1 WHERE `operations`.`status` = 1 AND (`operations`.`create_time` >= 1517414400000 AND `operations`.`create_time` <= '1517816001419') GROUP BY `order.corporation`.`name`;"},"original":{"code":"ER_WRONG_FIELD_WITH_GROUP","errno":1055,"sqlState":"42000","index":0,"sql":"SELECT `operations`.`id`, `order.corporation`.`name` AS `corporation`, COUNT(`operations`.`id`) AS `count` FROM `operations` AS `operations` LEFT OUTER JOIN `orders` AS `order` ON `operations`.`orderId` = `order`.`id` LEFT OUTER JOIN `corporations` AS `order.corporation` ON `order`.`custom_corporation` = `order.corporation`.`id` INNER JOIN `actions` AS `actions` ON `operations`.`id` = `actions`.`operationId` AND `actions`.`operationComplete` = 1 WHERE `operations`.`status` = 1 AND (`operations`.`create_time` >= 1517414400000 AND `operations`.`create_time` <= '1517816001419') GROUP BY `order.corporation`.`name`;"},"sql":"SELECT `operations`.`id`, `order.corporation`.`name` AS `corporation`, COUNT(`operations`.`id`) AS `count` FROM `operations` AS `operations` LEFT OUTER JOIN `orders` AS `order` ON `operations`.`orderId` = `order`.`id` LEFT OUTER JOIN `corporations` AS `order.corporation` ON `order`.`custom_corporation` = `order.corporation`.`id` INNER JOIN `actions` AS `actions` ON `operations`.`id` = `actions`.`operationId` AND `actions`.`operationComplete` = 1 WHERE `operations`.`status` = 1 AND (`operations`.`create_time` >= 1517414400000 AND `operations`.`create_time` <= '1517816001419') GROUP BY `order.corporation`.`name`;","status":500}
*************** response log end ***************

[2018-02-05 16:28:17.972] [INFO] resLogger - 
*************** response log start ***************
request method: GET
request originalUrl:  /favicon.ico
request client ip:  ::ffff:127.0.0.1
request query:  {}
response time: 27
response status: 200
response body: 
{"name":"jwtError","status":10003,"message":"身份验证错误！"}
*************** response log end ***************

[2018-02-05 16:33:04.133] [INFO] resLogger - 
*************** response log start ***************
request method: GET
request originalUrl:  /api/operation/list_month_corporation_count/time/1517816001419?token=eyJhbGciOiJIUzI1NiIsInR5cCI6IkpXVCJ9.eyJkYXRhIjp7ImlkIjoiMDU3MjBlNmUtZWJlMy00MDM2LWI1NzUtZmYxZmEwYzZjYjM4IiwibmFtZSI6ImFkbWluIiwiZ2VuZGVyIjp0cnVlLCJlbWFpbCI6IjM3ODMzODYyN0BxcS5jb20ifSwiaWF0IjoxNTE3NzkxNzIwLCJleHAiOjE1MTc4NzgxMjB9.Ea9GcWzj9On_MafVxNsGje-kjKZWwuc2RkzW6BiIaRI
request client ip:  ::ffff:127.0.0.1
request query:  {"token":"eyJhbGciOiJIUzI1NiIsInR5cCI6IkpXVCJ9.eyJkYXRhIjp7ImlkIjoiMDU3MjBlNmUtZWJlMy00MDM2LWI1NzUtZmYxZmEwYzZjYjM4IiwibmFtZSI6ImFkbWluIiwiZ2VuZGVyIjp0cnVlLCJlbWFpbCI6IjM3ODMzODYyN0BxcS5jb20ifSwiaWF0IjoxNTE3NzkxNzIwLCJleHAiOjE1MTc4NzgxMjB9.Ea9GcWzj9On_MafVxNsGje-kjKZWwuc2RkzW6BiIaRI"}
response time: 409
response status: 200
response body: 
{"name":"SequelizeDatabaseError","message":"ER_WRONG_FIELD_WITH_GROUP: Expression #1 of SELECT list is not in GROUP BY clause and contains nonaggregated column 'lg.operations.id' which is not functionally dependent on columns in GROUP BY clause; this is incompatible with sql_mode=only_full_group_by","parent":{"code":"ER_WRONG_FIELD_WITH_GROUP","errno":1055,"sqlState":"42000","index":0,"sql":"SELECT `operations`.`id`, `order.corporation`.`name` AS `corporation`, COUNT(`operations`.`id`) AS `count` FROM `operations` AS `operations` LEFT OUTER JOIN `orders` AS `order` ON `operations`.`orderId` = `order`.`id` LEFT OUTER JOIN `corporations` AS `order.corporation` ON `order`.`custom_corporation` = `order.corporation`.`id` INNER JOIN `actions` AS `actions` ON `operations`.`id` = `actions`.`operationId` AND `actions`.`operationComplete` = 1 WHERE `operations`.`status` = 1 AND (`operations`.`create_time` >= 1517414400000 AND `operations`.`create_time` <= '1517816001419') GROUP BY `order.corporation`.`name`;"},"original":{"code":"ER_WRONG_FIELD_WITH_GROUP","errno":1055,"sqlState":"42000","index":0,"sql":"SELECT `operations`.`id`, `order.corporation`.`name` AS `corporation`, COUNT(`operations`.`id`) AS `count` FROM `operations` AS `operations` LEFT OUTER JOIN `orders` AS `order` ON `operations`.`orderId` = `order`.`id` LEFT OUTER JOIN `corporations` AS `order.corporation` ON `order`.`custom_corporation` = `order.corporation`.`id` INNER JOIN `actions` AS `actions` ON `operations`.`id` = `actions`.`operationId` AND `actions`.`operationComplete` = 1 WHERE `operations`.`status` = 1 AND (`operations`.`create_time` >= 1517414400000 AND `operations`.`create_time` <= '1517816001419') GROUP BY `order.corporation`.`name`;"},"sql":"SELECT `operations`.`id`, `order.corporation`.`name` AS `corporation`, COUNT(`operations`.`id`) AS `count` FROM `operations` AS `operations` LEFT OUTER JOIN `orders` AS `order` ON `operations`.`orderId` = `order`.`id` LEFT OUTER JOIN `corporations` AS `order.corporation` ON `order`.`custom_corporation` = `order.corporation`.`id` INNER JOIN `actions` AS `actions` ON `operations`.`id` = `actions`.`operationId` AND `actions`.`operationComplete` = 1 WHERE `operations`.`status` = 1 AND (`operations`.`create_time` >= 1517414400000 AND `operations`.`create_time` <= '1517816001419') GROUP BY `order.corporation`.`name`;","status":500}
*************** response log end ***************

[2018-02-05 16:33:04.194] [INFO] resLogger - 
*************** response log start ***************
request method: GET
request originalUrl:  /favicon.ico
request client ip:  ::ffff:127.0.0.1
request query:  {}
response time: 22
response status: 200
response body: 
{"name":"jwtError","status":10003,"message":"身份验证错误！"}
*************** response log end ***************

[2018-02-05 16:35:00.640] [INFO] resLogger - 
*************** response log start ***************
request method: GET
request originalUrl:  /api/operation/list_month_corporation_count/time/1517816001419?token=eyJhbGciOiJIUzI1NiIsInR5cCI6IkpXVCJ9.eyJkYXRhIjp7ImlkIjoiMDU3MjBlNmUtZWJlMy00MDM2LWI1NzUtZmYxZmEwYzZjYjM4IiwibmFtZSI6ImFkbWluIiwiZ2VuZGVyIjp0cnVlLCJlbWFpbCI6IjM3ODMzODYyN0BxcS5jb20ifSwiaWF0IjoxNTE3NzkxNzIwLCJleHAiOjE1MTc4NzgxMjB9.Ea9GcWzj9On_MafVxNsGje-kjKZWwuc2RkzW6BiIaRI
request client ip:  ::ffff:127.0.0.1
request query:  {"token":"eyJhbGciOiJIUzI1NiIsInR5cCI6IkpXVCJ9.eyJkYXRhIjp7ImlkIjoiMDU3MjBlNmUtZWJlMy00MDM2LWI1NzUtZmYxZmEwYzZjYjM4IiwibmFtZSI6ImFkbWluIiwiZ2VuZGVyIjp0cnVlLCJlbWFpbCI6IjM3ODMzODYyN0BxcS5jb20ifSwiaWF0IjoxNTE3NzkxNzIwLCJleHAiOjE1MTc4NzgxMjB9.Ea9GcWzj9On_MafVxNsGje-kjKZWwuc2RkzW6BiIaRI"}
response time: 245
response status: 200
response body: 
{"status":500}
*************** response log end ***************

[2018-02-05 16:35:00.754] [INFO] resLogger - 
*************** response log start ***************
request method: GET
request originalUrl:  /favicon.ico
request client ip:  ::ffff:127.0.0.1
request query:  {}
response time: 56
response status: 200
response body: 
{"name":"jwtError","status":10003,"message":"身份验证错误！"}
*************** response log end ***************

[2018-02-05 16:37:04.330] [INFO] resLogger - 
*************** response log start ***************
request method: GET
request originalUrl:  /
request client ip:  ::ffff:127.0.0.1
request query:  {}
response time: 9
response status: 200
response body: 
{"name":"jwtError","status":10003,"message":"身份验证错误！"}
*************** response log end ***************

