[2017-12-06 08:56:42.383] [INFO] resLogger - 
*************** response log start ***************
request method: GET
request originalUrl:  /api/user/?token=eyJhbGciOiJIUzI1NiIsInR5cCI6IkpXVCJ9.eyJkYXRhIjp7ImlkIjoiNzdlMGE0MWEtZWZiZC00NjI5LTg5YmEtODRiNzFmZTg2NmUxIiwibmFtZSI6ImFkbWluIiwiZ2VuZGVyIjp0cnVlLCJlbWFpbCI6IjM3ODMzODYyN0BxcS5jb20ifSwiaWF0IjoxNTEyNDUxNTAxLCJleHAiOjE1MTI1Mzc5MDF9.1PLN_Tx7PeGvjXgaV9tGQxpgdJX1880B4K750GRTCzY
request client ip:  ::ffff:127.0.0.1
request query:  {"token":"eyJhbGciOiJIUzI1NiIsInR5cCI6IkpXVCJ9.eyJkYXRhIjp7ImlkIjoiNzdlMGE0MWEtZWZiZC00NjI5LTg5YmEtODRiNzFmZTg2NmUxIiwibmFtZSI6ImFkbWluIiwiZ2VuZGVyIjp0cnVlLCJlbWFpbCI6IjM3ODMzODYyN0BxcS5jb20ifSwiaWF0IjoxNTEyNDUxNTAxLCJleHAiOjE1MTI1Mzc5MDF9.1PLN_Tx7PeGvjXgaV9tGQxpgdJX1880B4K750GRTCzY"}
response time: 642
response status: 200
response body: 
{"status":0,"data":{"name":"admin","email":"378338627@qq.com","phone":"15822927208","password":"$2a$10$oo3PUuyU2No4WRrDP/GUNOGsLUldeVjH6eH1q/N./UtbeNY1eJQx2","gender":true,"token":"eyJhbGciOiJIUzI1NiIsInR5cCI6IkpXVCJ9.eyJkYXRhIjp7ImlkIjoiNzdlMGE0MWEtZWZiZC00NjI5LTg5YmEtODRiNzFmZTg2NmUxIiwibmFtZSI6ImFkbWluIiwiZ2VuZGVyIjp0cnVlLCJlbWFpbCI6IjM3ODMzODYyN0BxcS5jb20ifSwiaWF0IjoxNTEyNDUxNTAxLCJleHAiOjE1MTI1Mzc5MDF9.1PLN_Tx7PeGvjXgaV9tGQxpgdJX1880B4K750GRTCzY","canLogin":true,"status":1,"id":"77e0a41a-efbd-4629-89ba-84b71fe866e1","createdAt":1510554855636,"updatedAt":1512451501482,"version":18}}
*************** response log end ***************

[2017-12-06 08:56:42.812] [INFO] resLogger - 
*************** response log start ***************
request method: GET
request originalUrl:  /api/order/list/time/1512489600000?token=eyJhbGciOiJIUzI1NiIsInR5cCI6IkpXVCJ9.eyJkYXRhIjp7ImlkIjoiNzdlMGE0MWEtZWZiZC00NjI5LTg5YmEtODRiNzFmZTg2NmUxIiwibmFtZSI6ImFkbWluIiwiZ2VuZGVyIjp0cnVlLCJlbWFpbCI6IjM3ODMzODYyN0BxcS5jb20ifSwiaWF0IjoxNTEyNDUxNTAxLCJleHAiOjE1MTI1Mzc5MDF9.1PLN_Tx7PeGvjXgaV9tGQxpgdJX1880B4K750GRTCzY
request client ip:  ::ffff:127.0.0.1
request query:  {"token":"eyJhbGciOiJIUzI1NiIsInR5cCI6IkpXVCJ9.eyJkYXRhIjp7ImlkIjoiNzdlMGE0MWEtZWZiZC00NjI5LTg5YmEtODRiNzFmZTg2NmUxIiwibmFtZSI6ImFkbWluIiwiZ2VuZGVyIjp0cnVlLCJlbWFpbCI6IjM3ODMzODYyN0BxcS5jb20ifSwiaWF0IjoxNTEyNDUxNTAxLCJleHAiOjE1MTI1Mzc5MDF9.1PLN_Tx7PeGvjXgaV9tGQxpgdJX1880B4K750GRTCzY"}
response time: 239
response status: 200
response body: 
{"status":0,"data":[],"total":1}
*************** response log end ***************

[2017-12-06 08:56:42.825] [INFO] resLogger - 
*************** response log start ***************
request method: GET
request originalUrl:  /api/equipType/list?token=eyJhbGciOiJIUzI1NiIsInR5cCI6IkpXVCJ9.eyJkYXRhIjp7ImlkIjoiNzdlMGE0MWEtZWZiZC00NjI5LTg5YmEtODRiNzFmZTg2NmUxIiwibmFtZSI6ImFkbWluIiwiZ2VuZGVyIjp0cnVlLCJlbWFpbCI6IjM3ODMzODYyN0BxcS5jb20ifSwiaWF0IjoxNTEyNDUxNTAxLCJleHAiOjE1MTI1Mzc5MDF9.1PLN_Tx7PeGvjXgaV9tGQxpgdJX1880B4K750GRTCzY
request client ip:  ::ffff:127.0.0.1
request query:  {"token":"eyJhbGciOiJIUzI1NiIsInR5cCI6IkpXVCJ9.eyJkYXRhIjp7ImlkIjoiNzdlMGE0MWEtZWZiZC00NjI5LTg5YmEtODRiNzFmZTg2NmUxIiwibmFtZSI6ImFkbWluIiwiZ2VuZGVyIjp0cnVlLCJlbWFpbCI6IjM3ODMzODYyN0BxcS5jb20ifSwiaWF0IjoxNTEyNDUxNTAxLCJleHAiOjE1MTI1Mzc5MDF9.1PLN_Tx7PeGvjXgaV9tGQxpgdJX1880B4K750GRTCzY"}
response time: 85
response status: 200
response body: 
{"status":0,"data":[{"name":"网络","code":"NETWORK","id":"da4cbfc1-a216-4019-ba18-12744a8fac7e","createdAt":1510554859442,"updatedAt":1510554859442,"version":0},{"name":"软件","code":"SOFTWARE","id":"04225cd9-76de-44fc-a2e7-4d956a5fd0ab","createdAt":1510554859350,"updatedAt":1510554859350,"version":0},{"name":"硬件","code":"HARDWARE","id":"6289bff3-8ff4-4d8b-a5b7-2ac2c2eeecf8","createdAt":1510554859260,"updatedAt":1510554859260,"version":0}]}
*************** response log end ***************

[2017-12-06 08:56:43.417] [INFO] resLogger - 
*************** response log start ***************
request method: GET
request originalUrl:  /api/business/getequip/get?token=eyJhbGciOiJIUzI1NiIsInR5cCI6IkpXVCJ9.eyJkYXRhIjp7ImlkIjoiNzdlMGE0MWEtZWZiZC00NjI5LTg5YmEtODRiNzFmZTg2NmUxIiwibmFtZSI6ImFkbWluIiwiZ2VuZGVyIjp0cnVlLCJlbWFpbCI6IjM3ODMzODYyN0BxcS5jb20ifSwiaWF0IjoxNTEyNDUxNTAxLCJleHAiOjE1MTI1Mzc5MDF9.1PLN_Tx7PeGvjXgaV9tGQxpgdJX1880B4K750GRTCzY
request client ip:  ::ffff:127.0.0.1
request query:  {"token":"eyJhbGciOiJIUzI1NiIsInR5cCI6IkpXVCJ9.eyJkYXRhIjp7ImlkIjoiNzdlMGE0MWEtZWZiZC00NjI5LTg5YmEtODRiNzFmZTg2NmUxIiwibmFtZSI6ImFkbWluIiwiZ2VuZGVyIjp0cnVlLCJlbWFpbCI6IjM3ODMzODYyN0BxcS5jb20ifSwiaWF0IjoxNTEyNDUxNTAxLCJleHAiOjE1MTI1Mzc5MDF9.1PLN_Tx7PeGvjXgaV9tGQxpgdJX1880B4K750GRTCzY"}
response time: 86
response status: 200
response body: 
{"status":0,"data":[{"equipment":"IP地址","name":"IP地址"},{"equipment":"WORD","name":"WORD"},{"equipment":"打印机","name":"打印机"},{"equipment":"浏览器","name":"浏览器"},{"equipment":"电脑","name":"电脑"},{"equipment":"电话","name":"电话"},{"equipment":"笔记本电脑","name":"笔记本电脑"}]}
*************** response log end ***************

[2017-12-06 08:56:43.620] [INFO] resLogger - 
*************** response log start ***************
request method: GET
request originalUrl:  /api/business/list?token=eyJhbGciOiJIUzI1NiIsInR5cCI6IkpXVCJ9.eyJkYXRhIjp7ImlkIjoiNzdlMGE0MWEtZWZiZC00NjI5LTg5YmEtODRiNzFmZTg2NmUxIiwibmFtZSI6ImFkbWluIiwiZ2VuZGVyIjp0cnVlLCJlbWFpbCI6IjM3ODMzODYyN0BxcS5jb20ifSwiaWF0IjoxNTEyNDUxNTAxLCJleHAiOjE1MTI1Mzc5MDF9.1PLN_Tx7PeGvjXgaV9tGQxpgdJX1880B4K750GRTCzY&type=NETWORK&equipment=WORD
request client ip:  ::ffff:127.0.0.1
request query:  {"token":"eyJhbGciOiJIUzI1NiIsInR5cCI6IkpXVCJ9.eyJkYXRhIjp7ImlkIjoiNzdlMGE0MWEtZWZiZC00NjI5LTg5YmEtODRiNzFmZTg2NmUxIiwibmFtZSI6ImFkbWluIiwiZ2VuZGVyIjp0cnVlLCJlbWFpbCI6IjM3ODMzODYyN0BxcS5jb20ifSwiaWF0IjoxNTEyNDUxNTAxLCJleHAiOjE1MTI1Mzc5MDF9.1PLN_Tx7PeGvjXgaV9tGQxpgdJX1880B4K750GRTCzY","type":"NETWORK","equipment":"WORD"}
response time: 131
response status: 200
response body: 
{"status":0,"data":[],"total":0}
*************** response log end ***************

[2017-12-06 08:57:17.540] [INFO] resLogger - 
*************** response log start ***************
request method: GET
request originalUrl:  /api/order/list/time/1512489600000?token=eyJhbGciOiJIUzI1NiIsInR5cCI6IkpXVCJ9.eyJkYXRhIjp7ImlkIjoiNzdlMGE0MWEtZWZiZC00NjI5LTg5YmEtODRiNzFmZTg2NmUxIiwibmFtZSI6ImFkbWluIiwiZ2VuZGVyIjp0cnVlLCJlbWFpbCI6IjM3ODMzODYyN0BxcS5jb20ifSwiaWF0IjoxNTEyNDUxNTAxLCJleHAiOjE1MTI1Mzc5MDF9.1PLN_Tx7PeGvjXgaV9tGQxpgdJX1880B4K750GRTCzY
request client ip:  ::ffff:127.0.0.1
request query:  {"token":"eyJhbGciOiJIUzI1NiIsInR5cCI6IkpXVCJ9.eyJkYXRhIjp7ImlkIjoiNzdlMGE0MWEtZWZiZC00NjI5LTg5YmEtODRiNzFmZTg2NmUxIiwibmFtZSI6ImFkbWluIiwiZ2VuZGVyIjp0cnVlLCJlbWFpbCI6IjM3ODMzODYyN0BxcS5jb20ifSwiaWF0IjoxNTEyNDUxNTAxLCJleHAiOjE1MTI1Mzc5MDF9.1PLN_Tx7PeGvjXgaV9tGQxpgdJX1880B4K750GRTCzY"}
response time: 332
response status: 200
response body: 
{"status":0,"data":[],"total":1}
*************** response log end ***************

[2017-12-06 08:57:17.631] [INFO] resLogger - 
*************** response log start ***************
request method: GET
request originalUrl:  /favicon.ico
request client ip:  ::ffff:127.0.0.1
request query:  {}
response time: 19
response status: 200
response body: 
{"name":"jwtError","status":10003,"message":"身份验证错误！"}
*************** response log end ***************

