[2018-05-16 14:18:41.330] [INFO] resLogger - 
*************** response log start ***************
request method: OPTIONS
request originalUrl:  /api/authinrole/check?token=eyJhbGciOiJIUzI1NiIsInR5cCI6IkpXVCJ9.eyJkYXRhIjp7ImlkIjoiMDU3MjBlNmUtZWJlMy00MDM2LWI1NzUtZmYxZmEwYzZjYjM4IiwibmFtZSI6ImFkbWluIiwiZ2VuZGVyIjp0cnVlLCJlbWFpbCI6IjM3ODMzODYyN0BxcS5jb20ifSwiaWF0IjoxNTI2NDM3OTY3LCJleHAiOjE1MjY1MjQzNjd9.JB0lr1s__bSi3sRhaaxbmGPir2B13jH0qB4WJqJFPJQ
request client ip:  ::ffff:127.0.0.1
request body: 
{}
response time: 5
response status: 204
response body: 
undefined
*************** response log end ***************

[2018-05-16 14:18:41.431] [INFO] resLogger - 
*************** response log start ***************
request method: POST
request originalUrl:  /api/authinrole/check?token=eyJhbGciOiJIUzI1NiIsInR5cCI6IkpXVCJ9.eyJkYXRhIjp7ImlkIjoiMDU3MjBlNmUtZWJlMy00MDM2LWI1NzUtZmYxZmEwYzZjYjM4IiwibmFtZSI6ImFkbWluIiwiZ2VuZGVyIjp0cnVlLCJlbWFpbCI6IjM3ODMzODYyN0BxcS5jb20ifSwiaWF0IjoxNTI2NDM3OTY3LCJleHAiOjE1MjY1MjQzNjd9.JB0lr1s__bSi3sRhaaxbmGPir2B13jH0qB4WJqJFPJQ
request client ip:  ::ffff:127.0.0.1
request body: 
{"func":"order","op":"list"}
response time: 80
response status: 200
response body: 
{"status":0}
*************** response log end ***************

[2018-05-16 14:18:41.602] [INFO] resLogger - 
*************** response log start ***************
request method: GET
request originalUrl:  /api/order/list/page/1/time/1526400000000?token=eyJhbGciOiJIUzI1NiIsInR5cCI6IkpXVCJ9.eyJkYXRhIjp7ImlkIjoiMDU3MjBlNmUtZWJlMy00MDM2LWI1NzUtZmYxZmEwYzZjYjM4IiwibmFtZSI6ImFkbWluIiwiZ2VuZGVyIjp0cnVlLCJlbWFpbCI6IjM3ODMzODYyN0BxcS5jb20ifSwiaWF0IjoxNTI2NDM3OTY3LCJleHAiOjE1MjY1MjQzNjd9.JB0lr1s__bSi3sRhaaxbmGPir2B13jH0qB4WJqJFPJQ
request client ip:  ::ffff:127.0.0.1
request query:  {"token":"eyJhbGciOiJIUzI1NiIsInR5cCI6IkpXVCJ9.eyJkYXRhIjp7ImlkIjoiMDU3MjBlNmUtZWJlMy00MDM2LWI1NzUtZmYxZmEwYzZjYjM4IiwibmFtZSI6ImFkbWluIiwiZ2VuZGVyIjp0cnVlLCJlbWFpbCI6IjM3ODMzODYyN0BxcS5jb20ifSwiaWF0IjoxNTI2NDM3OTY3LCJleHAiOjE1MjY1MjQzNjd9.JB0lr1s__bSi3sRhaaxbmGPir2B13jH0qB4WJqJFPJQ"}
response time: 42
response status: 200
response body: 
{"status":0,"data":[{"no":"20180516000","custom_name":"园区","custom_phone":"02266622692","incoming_time":1526430783000,"custom_corporation":"1c52efa6-abbe-4114-95a6-c1125d762446","custom_position":"fe13b8fe-1a49-46e6-a441-5332a5797f12","remark":null,"status":1,"needs":"[{\"type\":{\"id\":\"273f11bf-51a4-4331-9f71-f209625da820\",\"name\":\"软件\",\"code\":\"SOFTWARE\"},\"equipment\":{\"name\":\"操作系统\",\"value\":\"操作系统\"},\"op\":{\"id\":\"d797b95c-81f3-42b9-8bfb-1f5bfcb9eed9\",\"name\":\"故障\",\"code\":\"FIX\"},\"no\":1}]","id":"eaa0a8ee-ffb0-46ae-a343-d1fde46c650b","createdAt":1526431311441,"updatedAt":1526431311441,"version":0,"corporation":{"name":"园区运营公司","description":"园区运营公司","status":1,"groupId":"f0c37d6d-c922-4617-befd-aa51ad85d7c5","id":"1c52efa6-abbe-4114-95a6-c1125d762446","createdAt":1515981270653,"updatedAt":1515981270653,"version":0},"corpBuilding":{"corporationId":"1c52efa6-abbe-4114-95a6-c1125d762446","buildingId":"6a9bcf38-e15c-4669-8dbd-bd48bfad4623","floor":7,"position":"E","status":1,"id":"fe13b8fe-1a49-46e6-a441-5332a5797f12","createdAt":1515981574625,"updatedAt":1515981574625,"version":0,"building":{"name":"商务大厦北楼","address":"北","minfloor":1,"maxfloor":15,"status":1,"id":"6a9bcf38-e15c-4669-8dbd-bd48bfad4623","createdAt":1515633153519,"updatedAt":1515633153519,"version":0}}},{"no":"20180516001","custom_name":"投资","custom_phone":"02266622816","incoming_time":1526431133000,"custom_corporation":"73a751ce-1f60-42ce-a5ee-501712eef1f4","custom_position":"69a44f2b-a26c-4782-82fc-e41f72fd0ca8","remark":null,"status":1,"needs":"[{\"type\":{\"id\":\"273f11bf-51a4-4331-9f71-f209625da820\",\"name\":\"软件\",\"code\":\"SOFTWARE\"},\"equipment\":{\"name\":\"操作系统\",\"value\":\"操作系统\"},\"op\":{\"id\":\"d797b95c-81f3-42b9-8bfb-1f5bfcb9eed9\",\"name\":\"故障\",\"code\":\"FIX\"},\"no\":1}]","id":"f3a38484-219e-4829-a235-fbd8dee43c01","createdAt":1526431363560,"updatedAt":1526431363560,"version":0,"corporation":{"name":"投资公司","description":"投资公司","status":1,"groupId":"f0c37d6d-c922-4617-befd-aa51ad85d7c5","id":"73a751ce-1f60-42ce-a5ee-501712eef1f4","createdAt":1515633160114,"updatedAt":1515633160114,"version":0},"corpBuilding":{"corporationId":"73a751ce-1f60-42ce-a5ee-501712eef1f4","buildingId":"6a9bcf38-e15c-4669-8dbd-bd48bfad4623","floor":7,"position":"E","status":1,"id":"69a44f2b-a26c-4782-82fc-e41f72fd0ca8","createdAt":1515633160246,"updatedAt":1515633160246,"version":0,"building":{"name":"商务大厦北楼","address":"北","minfloor":1,"maxfloor":15,"status":1,"id":"6a9bcf38-e15c-4669-8dbd-bd48bfad4623","createdAt":1515633153519,"updatedAt":1515633153519,"version":0}}},{"no":"20180516002","custom_name":"园林","custom_phone":"02266622140","incoming_time":1526433320000,"custom_corporation":"d016201e-2c29-4d9f-8caa-4da5a7b279e9","custom_position":"3f26dfff-62fa-4df9-84aa-32becdffce35","remark":null,"status":1,"needs":"[{\"type\":{\"id\":\"e6890530-4629-406f-a3fb-d8e2a293320b\",\"name\":\"硬件\",\"code\":\"HARDWARE\"},\"equipment\":{\"name\":\"打印机\",\"value\":\"打印机\"},\"op\":{\"id\":\"a3f97b89-ca2f-4be8-841f-8a9b95ca891e\",\"name\":\"连接\",\"code\":\"CONNECT\"},\"no\":1}]","id":"367aae1e-8c52-4d80-bb4f-460dfbba6a80","createdAt":1526433388638,"updatedAt":1526433388638,"version":0,"corporation":{"name":"园林公司","description":"园林公司","status":1,"groupId":"f0c37d6d-c922-4617-befd-aa51ad85d7c5","id":"d016201e-2c29-4d9f-8caa-4da5a7b279e9","createdAt":1515648909620,"updatedAt":1515648909620,"version":0},"corpBuilding":{"corporationId":"d016201e-2c29-4d9f-8caa-4da5a7b279e9","buildingId":"6a9bcf38-e15c-4669-8dbd-bd48bfad4623","floor":6,"position":"W","status":1,"id":"3f26dfff-62fa-4df9-84aa-32becdffce35","createdAt":1515648998838,"updatedAt":1515648998838,"version":0,"building":{"name":"商务大厦北楼","address":"北","minfloor":1,"maxfloor":15,"status":1,"id":"6a9bcf38-e15c-4669-8dbd-bd48bfad4623","createdAt":1515633153519,"updatedAt":1515633153519,"version":0}}},{"no":"20180516003","custom_name":"公用事业","custom_phone":"02266622757","incoming_time":1526433561000,"custom_corporation":"4599eaf8-68f6-4fd5-bf10-1d152e2b28fe","custom_position":"0e3b4346-5794-42d5-b13d-195fec76b440","remark":null,"status":1,"needs":"[{\"type\":{\"id\":\"e6890530-4629-406f-a3fb-d8e2a293320b\",\"name\":\"硬件\",\"code\":\"HARDWARE\"},\"equipment\":{\"name\":\"打印机\",\"value\":\"打印机\"},\"op\":{\"id\":\"19f52500-178d-4e0c-973d-8a764bfaf5e6\",\"name\":\"共享\",\"code\":\"SHARE\"},\"no\":1}]","id":"e8854127-fe96-4d30-a635-84c0846fecb9","createdAt":1526433630730,"updatedAt":1526433630730,"version":0,"corporation":{"name":"公用事业公司","description":"公用事业公司","status":1,"groupId":"f0c37d6d-c922-4617-befd-aa51ad85d7c5","id":"4599eaf8-68f6-4fd5-bf10-1d152e2b28fe","createdAt":1515633158411,"updatedAt":1523927186242,"version":2},"corpBuilding":{"corporationId":"4599eaf8-68f6-4fd5-bf10-1d152e2b28fe","buildingId":"6a9bcf38-e15c-4669-8dbd-bd48bfad4623","floor":6,"position":"E","status":1,"id":"0e3b4346-5794-42d5-b13d-195fec76b440","createdAt":1515633160920,"updatedAt":1515633160920,"version":0,"building":{"name":"商务大厦北楼","address":"北","minfloor":1,"maxfloor":15,"status":1,"id":"6a9bcf38-e15c-4669-8dbd-bd48bfad4623","createdAt":1515633153519,"updatedAt":1515633153519,"version":0}}},{"no":"20180516004","custom_name":"投资","custom_phone":"02266622816","incoming_time":1526431092000,"custom_corporation":"73a751ce-1f60-42ce-a5ee-501712eef1f4","custom_position":"69a44f2b-a26c-4782-82fc-e41f72fd0ca8","remark":null,"status":1,"needs":"[{\"type\":{\"id\":\"edad6210-e642-4302-98c1-60251cb85972\",\"name\":\"网络\",\"code\":\"NETWORK\"},\"equipment\":{\"name\":\"互联网\",\"value\":\"互联网\"},\"op\":{\"id\":\"0238f1c8-41a3-46da-84ea-61e406b21d30\",\"name\":\"连接\",\"code\":\"CONNECT\"},\"no\":2},{\"type\":{\"id\":\"e6890530-4629-406f-a3fb-d8e2a293320b\",\"name\":\"硬件\",\"code\":\"HARDWARE\"},\"equipment\":{\"name\":\"电话\",\"value\":\"电话\"},\"op\":{\"id\":\"8f51ac69-d68a-4b7e-8562-3e8327e3de01\",\"name\":\"安装\",\"code\":\"SETUP\"},\"no\":2}]","id":"121882ec-5057-43bf-a8fa-547873639aab","createdAt":1526435962354,"updatedAt":1526435962354,"version":0,"corporation":{"name":"投资公司","description":"投资公司","status":1,"groupId":"f0c37d6d-c922-4617-befd-aa51ad85d7c5","id":"73a751ce-1f60-42ce-a5ee-501712eef1f4","createdAt":1515633160114,"updatedAt":1515633160114,"version":0},"corpBuilding":{"corporationId":"73a751ce-1f60-42ce-a5ee-501712eef1f4","buildingId":"6a9bcf38-e15c-4669-8dbd-bd48bfad4623","floor":7,"position":"E","status":1,"id":"69a44f2b-a26c-4782-82fc-e41f72fd0ca8","createdAt":1515633160246,"updatedAt":1515633160246,"version":0,"building":{"name":"商务大厦北楼","address":"北","minfloor":1,"maxfloor":15,"status":1,"id":"6a9bcf38-e15c-4669-8dbd-bd48bfad4623","createdAt":1515633153519,"updatedAt":1515633153519,"version":0}}}],"total":5}
*************** response log end ***************

