[2018-07-20 11:39:05.416] [INFO] resLogger - 
*************** response log start ***************
request method: OPTIONS
request originalUrl:  /api/user/login
request client ip:  ::ffff:192.168.1.106
request body: 
{}
response time: 4
response status: 204
response body: 
undefined
*************** response log end ***************

[2018-07-20 11:39:05.771] [INFO] resLogger - 
*************** response log start ***************
request method: POST
request originalUrl:  /api/user/login
request client ip:  ::ffff:192.168.1.106
request body: 
{"name":"","password":"123456","username":"朱亚亮"}
response time: 328
response status: 200
response body: 
{"status":0,"data":{"name":"朱亚亮","email":"378338627@qq.com","phone":"15822927208","password":"$2a$10$tkDWWL9Mkz9AUFRa.zS/suzNbr.PYt8dYnZloNBj4mkVHyh/kIvM6","gender":true,"token":"eyJhbGciOiJIUzI1NiIsInR5cCI6IkpXVCJ9.eyJkYXRhIjp7ImlkIjoiZTA5NmE0NTQtNDQyNi00MDBmLTkyYWQtOTcyNjc0NDIzNmMwIiwibmFtZSI6IuacseS6muS6riJ9LCJpYXQiOjE1MzIwNTc5NDUsImV4cCI6MTUzMjY2Mjc0NX0.tmE5t2je_Xs5pi80yi7Hs-i2JDR7KAZBPP2-6vNvnWA","canLogin":true,"status":1,"roleId":"aa7eeae7-8d60-40fb-95ad-e55495ffd845","avatar":null,"avatarUseImg":null,"id":"e096a454-4426-400f-92ad-9726744236c0","createdAt":1515633151464,"updatedAt":1532057945722,"version":82},"message":"登录成功！"}
*************** response log end ***************

[2018-07-20 11:39:05.802] [INFO] resLogger - 
*************** response log start ***************
request method: OPTIONS
request originalUrl:  /api/user/
request client ip:  ::ffff:192.168.1.106
request body: 
{}
response time: 0
response status: 204
response body: 
undefined
*************** response log end ***************

[2018-07-20 11:39:05.879] [INFO] resLogger - 
*************** response log start ***************
request method: GET
request originalUrl:  /api/user/
request client ip:  ::ffff:192.168.1.106
request query:  {}
response time: 40
response status: 200
response body: 
{"status":0,"data":{"name":"朱亚亮","email":"378338627@qq.com","phone":"15822927208","password":"$2a$10$tkDWWL9Mkz9AUFRa.zS/suzNbr.PYt8dYnZloNBj4mkVHyh/kIvM6","gender":true,"token":"eyJhbGciOiJIUzI1NiIsInR5cCI6IkpXVCJ9.eyJkYXRhIjp7ImlkIjoiZTA5NmE0NTQtNDQyNi00MDBmLTkyYWQtOTcyNjc0NDIzNmMwIiwibmFtZSI6IuacseS6muS6riJ9LCJpYXQiOjE1MzIwNTc5NDUsImV4cCI6MTUzMjY2Mjc0NX0.tmE5t2je_Xs5pi80yi7Hs-i2JDR7KAZBPP2-6vNvnWA","canLogin":true,"status":1,"roleId":"aa7eeae7-8d60-40fb-95ad-e55495ffd845","avatar":null,"avatarUseImg":null,"id":"e096a454-4426-400f-92ad-9726744236c0","createdAt":1515633151464,"updatedAt":1532057945722,"version":82,"role":{"name":"运维工程师","remark":"工程师权限","status":1,"id":"aa7eeae7-8d60-40fb-95ad-e55495ffd845","createdAt":1519805013032,"updatedAt":1519805013032,"version":0,"auths":[{"authId":"dc9a592e-9c34-4489-afb0-39cd85e20e99","roleId":"aa7eeae7-8d60-40fb-95ad-e55495ffd845","id":"4d486b15-c5b2-4746-a923-eaabf2fbdcc5","createdAt":1519805023370,"updatedAt":1519805023370,"version":0,"opInFunc":{"funcId":"690c0f1e-2658-4aa9-ac18-8a02269c9a65","opId":"01004a4c-ff7f-40d4-a8d5-2465513b680f","id":"dc9a592e-9c34-4489-afb0-39cd85e20e99","createdAt":1519805023210,"updatedAt":1519805023210,"version":0,"function":{"name":"工单","code":"op","class":1,"belong":"982e14ea-8b1c-439e-b78d-204579d676a3","status":1,"id":"690c0f1e-2658-4aa9-ac18-8a02269c9a65","createdAt":1519805019330,"updatedAt":1519805019330,"version":0},"operate":{"name":"查看","code":"list","status":1,"id":"01004a4c-ff7f-40d4-a8d5-2465513b680f","createdAt":1519805019892,"updatedAt":1519805019892,"version":0}}},{"authId":"e046316c-aee3-4b70-a10c-837d7f585ebb","roleId":"aa7eeae7-8d60-40fb-95ad-e55495ffd845","id":"46ef320a-b9f2-45a9-a8ea-0321630ee9b0","createdAt":1519805023957,"updatedAt":1519805023957,"version":0,"opInFunc":{"funcId":"690c0f1e-2658-4aa9-ac18-8a02269c9a65","opId":"199f1992-3403-477b-9133-3a5e9d60a1ea","id":"e046316c-aee3-4b70-a10c-837d7f585ebb","createdAt":1519805023823,"updatedAt":1519805023823,"version":0,"function":{"name":"工单","code":"op","class":1,"belong":"982e14ea-8b1c-439e-b78d-204579d676a3","status":1,"id":"690c0f1e-2658-4aa9-ac18-8a02269c9a65","createdAt":1519805019330,"updatedAt":1519805019330,"version":0},"operate":{"name":"删除","code":"delete","status":1,"id":"199f1992-3403-477b-9133-3a5e9d60a1ea","createdAt":1519805020201,"updatedAt":1519805020201,"version":0}}},{"authId":"5050a962-d253-435b-98cc-605ea2a8b53f","roleId":"aa7eeae7-8d60-40fb-95ad-e55495ffd845","id":"af2bb8ba-b0f3-48a1-8532-7f55935962af","createdAt":1520564947522,"updatedAt":1520564947522,"version":0,"opInFunc":{"funcId":"690c0f1e-2658-4aa9-ac18-8a02269c9a65","opId":"40fbca21-c365-4c59-9429-b4be9deb49ac","id":"5050a962-d253-435b-98cc-605ea2a8b53f","createdAt":1519805023434,"updatedAt":1519805023434,"version":0,"function":{"name":"工单","code":"op","class":1,"belong":"982e14ea-8b1c-439e-b78d-204579d676a3","status":1,"id":"690c0f1e-2658-4aa9-ac18-8a02269c9a65","createdAt":1519805019330,"updatedAt":1519805019330,"version":0},"operate":{"name":"新增","code":"add","status":1,"id":"40fbca21-c365-4c59-9429-b4be9deb49ac","createdAt":1519805019952,"updatedAt":1519805019952,"version":0}}},{"authId":"b681f20e-f565-4863-b150-99f9977a1ae9","roleId":"aa7eeae7-8d60-40fb-95ad-e55495ffd845","id":"fb9aa28a-a003-4b41-b90e-3268fcb5562a","createdAt":1519805023759,"updatedAt":1519805023759,"version":0,"opInFunc":{"funcId":"690c0f1e-2658-4aa9-ac18-8a02269c9a65","opId":"502f9b24-e07b-4c24-bf44-922854bd28a3","id":"b681f20e-f565-4863-b150-99f9977a1ae9","createdAt":1519805023625,"updatedAt":1519805023625,"version":0,"function":{"name":"工单","code":"op","class":1,"belong":"982e14ea-8b1c-439e-b78d-204579d676a3","status":1,"id":"690c0f1e-2658-4aa9-ac18-8a02269c9a65","createdAt":1519805019330,"updatedAt":1519805019330,"version":0},"operate":{"name":"编辑","code":"edit","status":1,"id":"502f9b24-e07b-4c24-bf44-922854bd28a3","createdAt":1519805020055,"updatedAt":1519805020055,"version":0}}},{"authId":"67d58590-c1d2-4f27-800a-6bfe488ff9f4","roleId":"aa7eeae7-8d60-40fb-95ad-e55495ffd845","id":"8b18a2f4-3742-40dc-b89e-9361a21e6b85","createdAt":1519805023139,"updatedAt":1519805023139,"version":0,"opInFunc":{"funcId":"690c0f1e-2658-4aa9-ac18-8a02269c9a65","opId":"83bbdb02-998b-47ba-83e3-281c3c6fb9a9","id":"67d58590-c1d2-4f27-800a-6bfe488ff9f4","createdAt":1519805023002,"updatedAt":1519805023002,"version":0,"function":{"name":"工单","code":"op","class":1,"belong":"982e14ea-8b1c-439e-b78d-204579d676a3","status":1,"id":"690c0f1e-2658-4aa9-ac18-8a02269c9a65","createdAt":1519805019330,"updatedAt":1519805019330,"version":0},"operate":{"name":"菜单可见","code":"menu","status":1,"id":"83bbdb02-998b-47ba-83e3-281c3c6fb9a9","createdAt":1519805019821,"updatedAt":1519805019821,"version":0}}},{"authId":"fb4e96bd-9818-4d8a-957c-accfd1270092","roleId":"aa7eeae7-8d60-40fb-95ad-e55495ffd845","id":"bbb7e2c8-f386-4454-a64d-9721a0d7fb8f","createdAt":1519805610757,"updatedAt":1519805610757,"version":0,"opInFunc":{"funcId":"982e14ea-8b1c-439e-b78d-204579d676a3","opId":"83bbdb02-998b-47ba-83e3-281c3c6fb9a9","id":"fb4e96bd-9818-4d8a-957c-accfd1270092","createdAt":1519805022865,"updatedAt":1519805022865,"version":0,"function":{"name":"工作管理","code":"operations","class":0,"belong":null,"status":1,"id":"982e14ea-8b1c-439e-b78d-204579d676a3","createdAt":1519805019261,"updatedAt":1519805019261,"version":0},"operate":{"name":"菜单可见","code":"menu","status":1,"id":"83bbdb02-998b-47ba-83e3-281c3c6fb9a9","createdAt":1519805019821,"updatedAt":1519805019821,"version":0}}}]}}}
*************** response log end ***************

[2018-07-20 11:39:05.901] [INFO] resLogger - 
*************** response log start ***************
request method: OPTIONS
request originalUrl:  /api/operation/operationCount?stamp=1532044800&userid=e096a454-4426-400f-92ad-9726744236c0
request client ip:  ::ffff:192.168.1.106
request body: 
{}
response time: 1
response status: 204
response body: 
undefined
*************** response log end ***************

[2018-07-20 11:39:05.903] [INFO] resLogger - 
*************** response log start ***************
request method: OPTIONS
request originalUrl:  /api/operation/workingOperationList?stamp=1532044800&userid=e096a454-4426-400f-92ad-9726744236c0
request client ip:  ::ffff:192.168.1.106
request body: 
{}
response time: 0
response status: 204
response body: 
undefined
*************** response log end ***************

[2018-07-20 11:39:06.066] [INFO] resLogger - 
*************** response log start ***************
request method: GET
request originalUrl:  /api/operation/operationCount?stamp=1532044800&userid=e096a454-4426-400f-92ad-9726744236c0
request client ip:  ::ffff:192.168.1.106
request query:  {"stamp":"1532044800","userid":"e096a454-4426-400f-92ad-9726744236c0"}
response time: 153
response status: 200
response body: 
{"status":0,"data":{"working":0,"done":3,"all":3}}
*************** response log end ***************

[2018-07-20 11:39:06.073] [INFO] resLogger - 
*************** response log start ***************
request method: GET
request originalUrl:  /api/operation/workingOperationList?stamp=1532044800&userid=e096a454-4426-400f-92ad-9726744236c0
request client ip:  ::ffff:192.168.1.106
request query:  {"stamp":"1532044800","userid":"e096a454-4426-400f-92ad-9726744236c0"}
response time: 65
response status: 200
response body: 
{"status":0,"data":[],"total":0}
*************** response log end ***************

[2018-07-20 11:39:07.447] [INFO] resLogger - 
*************** response log start ***************
request method: OPTIONS
request originalUrl:  /api/operation/doneOperationList?stamp=1532044800&userid=e096a454-4426-400f-92ad-9726744236c0
request client ip:  ::ffff:192.168.1.106
request body: 
{}
response time: 0
response status: 204
response body: 
undefined
*************** response log end ***************

[2018-07-20 11:39:07.506] [INFO] resLogger - 
*************** response log start ***************
request method: GET
request originalUrl:  /api/operation/operationCount?stamp=1532044800&userid=e096a454-4426-400f-92ad-9726744236c0
request client ip:  ::ffff:192.168.1.106
request query:  {"stamp":"1532044800","userid":"e096a454-4426-400f-92ad-9726744236c0"}
response time: 67
response status: 200
response body: 
{"status":0,"data":{"working":0,"done":3,"all":3}}
*************** response log end ***************

[2018-07-20 11:39:07.506] [INFO] resLogger - 
*************** response log start ***************
request method: GET
request originalUrl:  /api/operation/doneOperationList?stamp=1532044800&userid=e096a454-4426-400f-92ad-9726744236c0
request client ip:  ::ffff:192.168.1.106
request query:  {"stamp":"1532044800","userid":"e096a454-4426-400f-92ad-9726744236c0"}
response time: 52
response status: 200
response body: 
{"status":0,"data":[{"no":"20180720000","custom_name":"控股","custom_phone":"02266624450","incoming_time":1532047656000,"custom_corporation":"fbbf7c59-f08c-445b-a4f0-e2fa977117e8","custom_position":"288395c8-da20-45b7-b88f-f6e748e6a1e6","remark":null,"status":1,"needs":"[{\"type\":{\"id\":\"e6890530-4629-406f-a3fb-d8e2a293320b\",\"name\":\"硬件\",\"code\":\"HARDWARE\"},\"equipment\":{\"name\":\"扫描仪\",\"value\":\"扫描仪\"},\"op\":{\"id\":\"eb0409d7-f770-4f4e-af79-8dc54909b13c\",\"name\":\"故障\",\"code\":\"FIX\"},\"no\":1}]","id":"1832cb74-acd1-430c-8bb1-71017038085d","createdAt":1532054072983,"updatedAt":1532054072983,"version":0,"operations":[{"orderId":"1832cb74-acd1-430c-8bb1-71017038085d","important":false,"op":"eb0409d7-f770-4f4e-af79-8dc54909b13c","no":"20180720000","create_time":1532047656000,"remark":"","status":1,"id":"2363db4e-68ee-45c5-92ad-94b103890fc5","createdAt":1532054072997,"updatedAt":1532054072997,"version":0,"businessContent":{"type":"HARDWARE","equipment":"扫描仪","operation":"FIX","isAdvanced":false,"weight":5,"remark":null,"status":1,"sequence":0,"id":"eb0409d7-f770-4f4e-af79-8dc54909b13c","createdAt":1532054008296,"updatedAt":1532054008296,"version":0,"equipOp":{"name":"故障","code":"FIX","id":"e15ed1f4-3cf7-4dcc-859b-70620a042bf3","createdAt":1515633163280,"updatedAt":1515633163280,"version":0}},"actions":[{"operationId":"2363db4e-68ee-45c5-92ad-94b103890fc5","call_time":1532047656000,"start_time":1532047776000,"end_time":1532049516000,"worker":"e096a454-4426-400f-92ad-9726744236c0","operationStart":null,"operationComplete":1,"status":1,"id":"f0214705-8dbb-46c2-bbef-cd2b144933f5","createdAt":1532054073036,"updatedAt":1532054073036,"version":0,"user":{"name":"朱亚亮","email":"378338627@qq.com","phone":"15822927208","password":"$2a$10$tkDWWL9Mkz9AUFRa.zS/suzNbr.PYt8dYnZloNBj4mkVHyh/kIvM6","gender":true,"token":"eyJhbGciOiJIUzI1NiIsInR5cCI6IkpXVCJ9.eyJkYXRhIjp7ImlkIjoiZTA5NmE0NTQtNDQyNi00MDBmLTkyYWQtOTcyNjc0NDIzNmMwIiwibmFtZSI6IuacseS6muS6riJ9LCJpYXQiOjE1MzIwNTc5NDUsImV4cCI6MTUzMjY2Mjc0NX0.tmE5t2je_Xs5pi80yi7Hs-i2JDR7KAZBPP2-6vNvnWA","canLogin":true,"status":1,"roleId":"aa7eeae7-8d60-40fb-95ad-e55495ffd845","avatar":null,"avatarUseImg":null,"id":"e096a454-4426-400f-92ad-9726744236c0","createdAt":1515633151464,"updatedAt":1532057945722,"version":82}}]}],"corporation":{"name":"控股公司","description":"控股公司","status":1,"groupId":"f0c37d6d-c922-4617-befd-aa51ad85d7c5","id":"fbbf7c59-f08c-445b-a4f0-e2fa977117e8","createdAt":1515633158111,"updatedAt":1515633158111,"version":0}},{"no":"20180720001","custom_name":"海洋局摄像头","custom_phone":"15822927208","incoming_time":1532049094000,"custom_corporation":"53fa2bd9-bc42-4582-a5c3-38f8d8dad229","custom_position":"6640be72-8a23-402d-b8bd-032a9628e3f3","remark":null,"status":1,"needs":"[{\"type\":{\"id\":\"e6890530-4629-406f-a3fb-d8e2a293320b\",\"name\":\"硬件\",\"code\":\"HARDWARE\"},\"equipment\":{\"name\":\"摄像头\",\"value\":\"摄像头\"},\"op\":{\"id\":\"658fa8ae-8341-46b0-acbf-cd986c08e988\",\"name\":\"检查\",\"code\":\"CHECK\"},\"no\":1}]","id":"ab42b4d6-ae21-49a5-8180-f5953b67fc00","createdAt":1532054116735,"updatedAt":1532054116735,"version":0,"operations":[{"orderId":"ab42b4d6-ae21-49a5-8180-f5953b67fc00","important":false,"op":"658fa8ae-8341-46b0-acbf-cd986c08e988","no":"20180720001","create_time":1532049094000,"remark":"","status":1,"id":"987215d0-92ef-4c54-91ed-3f6ff6f33345","createdAt":1532054116751,"updatedAt":1532054116751,"version":0,"businessContent":{"type":"HARDWARE","equipment":"摄像头","operation":"CHECK","isAdvanced":false,"weight":5,"remark":null,"status":1,"sequence":1,"id":"658fa8ae-8341-46b0-acbf-cd986c08e988","createdAt":1532053864642,"updatedAt":1532053864642,"version":0,"equipOp":{"name":"检查","code":"CHECK","id":"299bb4d1-cf25-4ef1-ba6f-887c47c4c9cb","createdAt":1532053849907,"updatedAt":1532053849907,"version":0}},"actions":[{"operationId":"987215d0-92ef-4c54-91ed-3f6ff6f33345","call_time":1532049094000,"start_time":1532049754000,"end_time":1532054115000,"worker":"e096a454-4426-400f-92ad-9726744236c0","operationStart":null,"operationComplete":1,"status":1,"id":"b8cb5b31-f186-438a-8254-0fcdd52a9f43","createdAt":1532054116840,"updatedAt":1532054116840,"version":0,"user":{"name":"朱亚亮","email":"378338627@qq.com","phone":"15822927208","password":"$2a$10$tkDWWL9Mkz9AUFRa.zS/suzNbr.PYt8dYnZloNBj4mkVHyh/kIvM6","gender":true,"token":"eyJhbGciOiJIUzI1NiIsInR5cCI6IkpXVCJ9.eyJkYXRhIjp7ImlkIjoiZTA5NmE0NTQtNDQyNi00MDBmLTkyYWQtOTcyNjc0NDIzNmMwIiwibmFtZSI6IuacseS6muS6riJ9LCJpYXQiOjE1MzIwNTc5NDUsImV4cCI6MTUzMjY2Mjc0NX0.tmE5t2je_Xs5pi80yi7Hs-i2JDR7KAZBPP2-6vNvnWA","canLogin":true,"status":1,"roleId":"aa7eeae7-8d60-40fb-95ad-e55495ffd845","avatar":null,"avatarUseImg":null,"id":"e096a454-4426-400f-92ad-9726744236c0","createdAt":1515633151464,"updatedAt":1532057945722,"version":82}}]}],"corporation":{"name":"建设公司","description":"建设公司","status":1,"groupId":"f0c37d6d-c922-4617-befd-aa51ad85d7c5","id":"53fa2bd9-bc42-4582-a5c3-38f8d8dad229","createdAt":1515633158488,"updatedAt":1515633158488,"version":0}},{"no":"20180720002","custom_name":"高新","custom_phone":"15822927208","incoming_time":1532054472000,"custom_corporation":"89cce940-1268-4690-abe4-3b3b14fb0cde","custom_position":"6ed100a3-ea99-4c9a-b02b-51ef5f977092","remark":null,"status":1,"needs":"[{\"type\":{\"id\":\"e6890530-4629-406f-a3fb-d8e2a293320b\",\"name\":\"硬件\",\"code\":\"HARDWARE\"},\"equipment\":{\"name\":\"打印机\",\"value\":\"打印机\"},\"op\":{\"id\":\"118ca74b-2cb9-4af4-84b3-e5e295e09034\",\"name\":\"安装\",\"code\":\"SETUP\"},\"no\":1}]","id":"28f35038-ae8a-42cb-9edc-40c7eaad4c70","createdAt":1532055247836,"updatedAt":1532055247836,"version":0,"operations":[{"orderId":"28f35038-ae8a-42cb-9edc-40c7eaad4c70","important":false,"op":"118ca74b-2cb9-4af4-84b3-e5e295e09034","no":"20180720002","create_time":1532054472000,"remark":"","status":1,"id":"0ccd4b04-d342-4527-bbe3-f55658168e0e","createdAt":1532055247844,"updatedAt":1532055247844,"version":0,"businessContent":{"type":"HARDWARE","equipment":"打印机","operation":"SETUP","isAdvanced":null,"weight":5,"remark":null,"status":1,"sequence":1,"id":"118ca74b-2cb9-4af4-84b3-e5e295e09034","createdAt":1515636094577,"updatedAt":1525738301628,"version":2,"equipOp":{"name":"安装","code":"SETUP","id":"a1827017-987a-4fea-89c4-5742c40cbc3e","createdAt":1515633163145,"updatedAt":1515633163145,"version":0}},"actions":[{"operationId":"0ccd4b04-d342-4527-bbe3-f55658168e0e","call_time":1532054472000,"start_time":1532054472000,"end_time":1532056310000,"worker":"e096a454-4426-400f-92ad-9726744236c0","operationStart":null,"operationComplete":1,"status":1,"id":"6e15e9ef-ac02-455c-aae0-2fadb392da3e","createdAt":1532055247881,"updatedAt":1532055247881,"version":0,"user":{"name":"朱亚亮","email":"378338627@qq.com","phone":"15822927208","password":"$2a$10$tkDWWL9Mkz9AUFRa.zS/suzNbr.PYt8dYnZloNBj4mkVHyh/kIvM6","gender":true,"token":"eyJhbGciOiJIUzI1NiIsInR5cCI6IkpXVCJ9.eyJkYXRhIjp7ImlkIjoiZTA5NmE0NTQtNDQyNi00MDBmLTkyYWQtOTcyNjc0NDIzNmMwIiwibmFtZSI6IuacseS6muS6riJ9LCJpYXQiOjE1MzIwNTc5NDUsImV4cCI6MTUzMjY2Mjc0NX0.tmE5t2je_Xs5pi80yi7Hs-i2JDR7KAZBPP2-6vNvnWA","canLogin":true,"status":1,"roleId":"aa7eeae7-8d60-40fb-95ad-e55495ffd845","avatar":null,"avatarUseImg":null,"id":"e096a454-4426-400f-92ad-9726744236c0","createdAt":1515633151464,"updatedAt":1532057945722,"version":82}}]}],"corporation":{"name":"高新公司","description":"高新","status":1,"groupId":"f0c37d6d-c922-4617-befd-aa51ad85d7c5","id":"89cce940-1268-4690-abe4-3b3b14fb0cde","createdAt":1516607211910,"updatedAt":1516607211910,"version":0}}],"total":3}
*************** response log end ***************

