[2018-01-30 08:32:45.896] [INFO] resLogger - 
*************** response log start ***************
request method: GET
request originalUrl:  /api/user/?token=eyJhbGciOiJIUzI1NiIsInR5cCI6IkpXVCJ9.eyJkYXRhIjp7ImlkIjoiZjMwMzI3YzItNjhlZS00YzU0LWE3N2QtYjYxZDA5NWNmM2IyIiwibmFtZSI6ImFkbWluIiwiZ2VuZGVyIjp0cnVlLCJlbWFpbCI6IjM3ODMzODYyN0BxcS5jb20ifSwiaWF0IjoxNTE3MjEzNDY4LCJleHAiOjE1MTcyOTk4Njh9.QVgC147drCR_Ti-0nFe7fQcbPKxWiNczimATOc8ZIQ8
request client ip:  ::ffff:127.0.0.1
request query:  {"token":"eyJhbGciOiJIUzI1NiIsInR5cCI6IkpXVCJ9.eyJkYXRhIjp7ImlkIjoiZjMwMzI3YzItNjhlZS00YzU0LWE3N2QtYjYxZDA5NWNmM2IyIiwibmFtZSI6ImFkbWluIiwiZ2VuZGVyIjp0cnVlLCJlbWFpbCI6IjM3ODMzODYyN0BxcS5jb20ifSwiaWF0IjoxNTE3MjEzNDY4LCJleHAiOjE1MTcyOTk4Njh9.QVgC147drCR_Ti-0nFe7fQcbPKxWiNczimATOc8ZIQ8"}
response time: 1169
response status: 200
response body: 
{"status":0,"data":{"name":"admin","email":"378338627@qq.com","phone":"15822927208","password":"$2a$10$Vys3m61bScIz71uYIU1a.uqxmk6zgy024YWoVn7seVxcprpyE9BVu","gender":true,"token":"eyJhbGciOiJIUzI1NiIsInR5cCI6IkpXVCJ9.eyJkYXRhIjp7ImlkIjoiZjMwMzI3YzItNjhlZS00YzU0LWE3N2QtYjYxZDA5NWNmM2IyIiwibmFtZSI6ImFkbWluIiwiZ2VuZGVyIjp0cnVlLCJlbWFpbCI6IjM3ODMzODYyN0BxcS5jb20ifSwiaWF0IjoxNTE3MjEzNDY4LCJleHAiOjE1MTcyOTk4Njh9.QVgC147drCR_Ti-0nFe7fQcbPKxWiNczimATOc8ZIQ8","canLogin":true,"status":1,"id":"f30327c2-68ee-4c54-a77d-b61d095cf3b2","createdAt":1517213067013,"updatedAt":1517213468726,"version":1}}
*************** response log end ***************

[2018-01-30 08:32:47.599] [INFO] resLogger - 
*************** response log start ***************
request method: GET
request originalUrl:  /api/operation/list/time/1517272366371?token=eyJhbGciOiJIUzI1NiIsInR5cCI6IkpXVCJ9.eyJkYXRhIjp7ImlkIjoiZjMwMzI3YzItNjhlZS00YzU0LWE3N2QtYjYxZDA5NWNmM2IyIiwibmFtZSI6ImFkbWluIiwiZ2VuZGVyIjp0cnVlLCJlbWFpbCI6IjM3ODMzODYyN0BxcS5jb20ifSwiaWF0IjoxNTE3MjEzNDY4LCJleHAiOjE1MTcyOTk4Njh9.QVgC147drCR_Ti-0nFe7fQcbPKxWiNczimATOc8ZIQ8
request client ip:  ::ffff:127.0.0.1
request query:  {"token":"eyJhbGciOiJIUzI1NiIsInR5cCI6IkpXVCJ9.eyJkYXRhIjp7ImlkIjoiZjMwMzI3YzItNjhlZS00YzU0LWE3N2QtYjYxZDA5NWNmM2IyIiwibmFtZSI6ImFkbWluIiwiZ2VuZGVyIjp0cnVlLCJlbWFpbCI6IjM3ODMzODYyN0BxcS5jb20ifSwiaWF0IjoxNTE3MjEzNDY4LCJleHAiOjE1MTcyOTk4Njh9.QVgC147drCR_Ti-0nFe7fQcbPKxWiNczimATOc8ZIQ8"}
response time: 1214
response status: 200
response body: 
{"status":0,"data":[]}
*************** response log end ***************

[2018-01-30 08:32:47.680] [INFO] resLogger - 
*************** response log start ***************
request method: GET
request originalUrl:  /api/action/list/time/1517272366377?token=eyJhbGciOiJIUzI1NiIsInR5cCI6IkpXVCJ9.eyJkYXRhIjp7ImlkIjoiZjMwMzI3YzItNjhlZS00YzU0LWE3N2QtYjYxZDA5NWNmM2IyIiwibmFtZSI6ImFkbWluIiwiZ2VuZGVyIjp0cnVlLCJlbWFpbCI6IjM3ODMzODYyN0BxcS5jb20ifSwiaWF0IjoxNTE3MjEzNDY4LCJleHAiOjE1MTcyOTk4Njh9.QVgC147drCR_Ti-0nFe7fQcbPKxWiNczimATOc8ZIQ8
request client ip:  ::ffff:127.0.0.1
request query:  {"token":"eyJhbGciOiJIUzI1NiIsInR5cCI6IkpXVCJ9.eyJkYXRhIjp7ImlkIjoiZjMwMzI3YzItNjhlZS00YzU0LWE3N2QtYjYxZDA5NWNmM2IyIiwibmFtZSI6ImFkbWluIiwiZ2VuZGVyIjp0cnVlLCJlbWFpbCI6IjM3ODMzODYyN0BxcS5jb20ifSwiaWF0IjoxNTE3MjEzNDY4LCJleHAiOjE1MTcyOTk4Njh9.QVgC147drCR_Ti-0nFe7fQcbPKxWiNczimATOc8ZIQ8"}
response time: 1131
response status: 200
response body: 
{"status":0,"data":[]}
*************** response log end ***************

[2018-01-30 08:32:47.715] [INFO] resLogger - 
*************** response log start ***************
request method: GET
request originalUrl:  /api/operation/list_month_worker/time/1517272366383?token=eyJhbGciOiJIUzI1NiIsInR5cCI6IkpXVCJ9.eyJkYXRhIjp7ImlkIjoiZjMwMzI3YzItNjhlZS00YzU0LWE3N2QtYjYxZDA5NWNmM2IyIiwibmFtZSI6ImFkbWluIiwiZ2VuZGVyIjp0cnVlLCJlbWFpbCI6IjM3ODMzODYyN0BxcS5jb20ifSwiaWF0IjoxNTE3MjEzNDY4LCJleHAiOjE1MTcyOTk4Njh9.QVgC147drCR_Ti-0nFe7fQcbPKxWiNczimATOc8ZIQ8
request client ip:  ::ffff:127.0.0.1
request query:  {"token":"eyJhbGciOiJIUzI1NiIsInR5cCI6IkpXVCJ9.eyJkYXRhIjp7ImlkIjoiZjMwMzI3YzItNjhlZS00YzU0LWE3N2QtYjYxZDA5NWNmM2IyIiwibmFtZSI6ImFkbWluIiwiZ2VuZGVyIjp0cnVlLCJlbWFpbCI6IjM3ODMzODYyN0BxcS5jb20ifSwiaWF0IjoxNTE3MjEzNDY4LCJleHAiOjE1MTcyOTk4Njh9.QVgC147drCR_Ti-0nFe7fQcbPKxWiNczimATOc8ZIQ8"}
response time: 552
response status: 200
response body: 
{"status":0,"data":[]}
*************** response log end ***************

[2018-01-30 08:32:47.741] [INFO] resLogger - 
*************** response log start ***************
request method: GET
request originalUrl:  /api/operation/list_month_worker_time/time/1517272366386?token=eyJhbGciOiJIUzI1NiIsInR5cCI6IkpXVCJ9.eyJkYXRhIjp7ImlkIjoiZjMwMzI3YzItNjhlZS00YzU0LWE3N2QtYjYxZDA5NWNmM2IyIiwibmFtZSI6ImFkbWluIiwiZ2VuZGVyIjp0cnVlLCJlbWFpbCI6IjM3ODMzODYyN0BxcS5jb20ifSwiaWF0IjoxNTE3MjEzNDY4LCJleHAiOjE1MTcyOTk4Njh9.QVgC147drCR_Ti-0nFe7fQcbPKxWiNczimATOc8ZIQ8
request client ip:  ::ffff:127.0.0.1
request query:  {"token":"eyJhbGciOiJIUzI1NiIsInR5cCI6IkpXVCJ9.eyJkYXRhIjp7ImlkIjoiZjMwMzI3YzItNjhlZS00YzU0LWE3N2QtYjYxZDA5NWNmM2IyIiwibmFtZSI6ImFkbWluIiwiZ2VuZGVyIjp0cnVlLCJlbWFpbCI6IjM3ODMzODYyN0BxcS5jb20ifSwiaWF0IjoxNTE3MjEzNDY4LCJleHAiOjE1MTcyOTk4Njh9.QVgC147drCR_Ti-0nFe7fQcbPKxWiNczimATOc8ZIQ8"}
response time: 317
response status: 200
response body: 
{"status":0,"data":[]}
*************** response log end ***************

[2018-01-30 08:32:47.748] [INFO] resLogger - 
*************** response log start ***************
request method: GET
request originalUrl:  /api/operation/list_week/time/1517272366380?token=eyJhbGciOiJIUzI1NiIsInR5cCI6IkpXVCJ9.eyJkYXRhIjp7ImlkIjoiZjMwMzI3YzItNjhlZS00YzU0LWE3N2QtYjYxZDA5NWNmM2IyIiwibmFtZSI6ImFkbWluIiwiZ2VuZGVyIjp0cnVlLCJlbWFpbCI6IjM3ODMzODYyN0BxcS5jb20ifSwiaWF0IjoxNTE3MjEzNDY4LCJleHAiOjE1MTcyOTk4Njh9.QVgC147drCR_Ti-0nFe7fQcbPKxWiNczimATOc8ZIQ8
request client ip:  ::ffff:127.0.0.1
request query:  {"token":"eyJhbGciOiJIUzI1NiIsInR5cCI6IkpXVCJ9.eyJkYXRhIjp7ImlkIjoiZjMwMzI3YzItNjhlZS00YzU0LWE3N2QtYjYxZDA5NWNmM2IyIiwibmFtZSI6ImFkbWluIiwiZ2VuZGVyIjp0cnVlLCJlbWFpbCI6IjM3ODMzODYyN0BxcS5jb20ifSwiaWF0IjoxNTE3MjEzNDY4LCJleHAiOjE1MTcyOTk4Njh9.QVgC147drCR_Ti-0nFe7fQcbPKxWiNczimATOc8ZIQ8"}
response time: 1095
response status: 200
response body: 
{"status":0,"data":[{"days":"20180129","count":0,"weekname":"星期一"},{"days":"20180130","count":0,"weekname":"星期二"},{"days":"20180131","count":0,"weekname":"星期三"},{"days":"20180201","count":0,"weekname":"星期四"},{"days":"20180202","count":0,"weekname":"星期五"},{"days":"20180203","count":0,"weekname":"星期六"},{"days":"20180204","count":0,"weekname":"星期日"}]}
*************** response log end ***************

[2018-01-30 08:43:27.268] [INFO] resLogger - 
*************** response log start ***************
request method: GET
request originalUrl:  /api/function/list?token=eyJhbGciOiJIUzI1NiIsInR5cCI6IkpXVCJ9.eyJkYXRhIjp7ImlkIjoiZjMwMzI3YzItNjhlZS00YzU0LWE3N2QtYjYxZDA5NWNmM2IyIiwibmFtZSI6ImFkbWluIiwiZ2VuZGVyIjp0cnVlLCJlbWFpbCI6IjM3ODMzODYyN0BxcS5jb20ifSwiaWF0IjoxNTE3MjEzNDY4LCJleHAiOjE1MTcyOTk4Njh9.QVgC147drCR_Ti-0nFe7fQcbPKxWiNczimATOc8ZIQ8
request client ip:  ::ffff:127.0.0.1
request query:  {"token":"eyJhbGciOiJIUzI1NiIsInR5cCI6IkpXVCJ9.eyJkYXRhIjp7ImlkIjoiZjMwMzI3YzItNjhlZS00YzU0LWE3N2QtYjYxZDA5NWNmM2IyIiwibmFtZSI6ImFkbWluIiwiZ2VuZGVyIjp0cnVlLCJlbWFpbCI6IjM3ODMzODYyN0BxcS5jb20ifSwiaWF0IjoxNTE3MjEzNDY4LCJleHAiOjE1MTcyOTk4Njh9.QVgC147drCR_Ti-0nFe7fQcbPKxWiNczimATOc8ZIQ8"}
response time: 411
response status: 200
response body: 
{"status":0,"data":[{"name":"组织设置","code":"group","status":1,"id":"90b74987-b112-47d5-92bd-7ec522ae1a68","createdAt":1517213073205,"updatedAt":1517213073205,"version":0,"ops":[{"funcId":"90b74987-b112-47d5-92bd-7ec522ae1a68","opId":"676f2d6d-aa60-495a-a07d-6a872df5d514","id":"14a91de3-0df8-4c2c-9d8d-7f403577fc93","createdAt":1517213074306,"updatedAt":1517213074306,"version":0,"operate":{"name":"新增","code":"add","status":1,"id":"676f2d6d-aa60-495a-a07d-6a872df5d514","createdAt":1517213073604,"updatedAt":1517213073604,"version":0}},{"funcId":"90b74987-b112-47d5-92bd-7ec522ae1a68","opId":"e784b7e5-db29-429e-9bd1-ecbd4d6247a1","id":"28aafcea-c5b8-43b1-bcfb-960d33dc595e","createdAt":1517213074199,"updatedAt":1517213074199,"version":0,"operate":{"name":"菜单可见","code":"menu","status":1,"id":"e784b7e5-db29-429e-9bd1-ecbd4d6247a1","createdAt":1517213073427,"updatedAt":1517213073427,"version":0}},{"funcId":"90b74987-b112-47d5-92bd-7ec522ae1a68","opId":"5a47e278-c399-4ef8-b2b4-1957d82d6891","id":"e94107f2-79ee-4c80-a962-e63c091256ef","createdAt":1517213074397,"updatedAt":1517213074397,"version":0,"operate":{"name":"编辑","code":"edit","status":1,"id":"5a47e278-c399-4ef8-b2b4-1957d82d6891","createdAt":1517213073721,"updatedAt":1517213073721,"version":0}},{"funcId":"90b74987-b112-47d5-92bd-7ec522ae1a68","opId":"310e09a6-9e00-4d90-963e-9d96075324a5","id":"f84ab364-a753-4a74-95ae-133891ba4c77","createdAt":1517213074509,"updatedAt":1517213074509,"version":0,"operate":{"name":"删除","code":"delete","status":1,"id":"310e09a6-9e00-4d90-963e-9d96075324a5","createdAt":1517213073796,"updatedAt":1517213073796,"version":0}}]},{"name":"地址设置","code":"address","status":1,"id":"039d2892-6c2c-4173-816f-368e0bcc61b3","createdAt":1517213073124,"updatedAt":1517213073124,"version":0,"ops":[{"funcId":"039d2892-6c2c-4173-816f-368e0bcc61b3","opId":"676f2d6d-aa60-495a-a07d-6a872df5d514","id":"45ec84d0-67e4-4ce8-bb80-f3e738d77422","createdAt":1517213073949,"updatedAt":1517213073949,"version":0,"operate":{"name":"新增","code":"add","status":1,"id":"676f2d6d-aa60-495a-a07d-6a872df5d514","createdAt":1517213073604,"updatedAt":1517213073604,"version":0}},{"funcId":"039d2892-6c2c-4173-816f-368e0bcc61b3","opId":"e784b7e5-db29-429e-9bd1-ecbd4d6247a1","id":"896bbbaf-da40-45e6-b96f-4ec6c87b43ff","createdAt":1517213073880,"updatedAt":1517213073880,"version":0,"operate":{"name":"菜单可见","code":"menu","status":1,"id":"e784b7e5-db29-429e-9bd1-ecbd4d6247a1","createdAt":1517213073427,"updatedAt":1517213073427,"version":0}},{"funcId":"039d2892-6c2c-4173-816f-368e0bcc61b3","opId":"5a47e278-c399-4ef8-b2b4-1957d82d6891","id":"93d9232a-e715-4622-ae9c-3fd0bf2a3a0b","createdAt":1517213074026,"updatedAt":1517213074026,"version":0,"operate":{"name":"编辑","code":"edit","status":1,"id":"5a47e278-c399-4ef8-b2b4-1957d82d6891","createdAt":1517213073721,"updatedAt":1517213073721,"version":0}},{"funcId":"039d2892-6c2c-4173-816f-368e0bcc61b3","opId":"310e09a6-9e00-4d90-963e-9d96075324a5","id":"b8792532-36bf-4d3c-804b-1aa9cdf4138f","createdAt":1517213074106,"updatedAt":1517213074106,"version":0,"operate":{"name":"删除","code":"delete","status":1,"id":"310e09a6-9e00-4d90-963e-9d96075324a5","createdAt":1517213073796,"updatedAt":1517213073796,"version":0}}]},{"name":"工程师设置","code":"worker","status":1,"id":"164692bc-39e8-46b6-bcc5-1493faa1c190","createdAt":1517213073355,"updatedAt":1517213073355,"version":0,"ops":[{"funcId":"164692bc-39e8-46b6-bcc5-1493faa1c190","opId":"676f2d6d-aa60-495a-a07d-6a872df5d514","id":"51481a0b-8591-49cd-adfd-95fbbdbc0359","createdAt":1517213075038,"updatedAt":1517213075038,"version":0,"operate":{"name":"新增","code":"add","status":1,"id":"676f2d6d-aa60-495a-a07d-6a872df5d514","createdAt":1517213073604,"updatedAt":1517213073604,"version":0}},{"funcId":"164692bc-39e8-46b6-bcc5-1493faa1c190","opId":"5a47e278-c399-4ef8-b2b4-1957d82d6891","id":"6135fe74-9b8d-42cc-9ca1-b5d829d05d88","createdAt":1517213075114,"updatedAt":1517213075114,"version":0,"operate":{"name":"编辑","code":"edit","status":1,"id":"5a47e278-c399-4ef8-b2b4-1957d82d6891","createdAt":1517213073721,"updatedAt":1517213073721,"version":0}},{"funcId":"164692bc-39e8-46b6-bcc5-1493faa1c190","opId":"e784b7e5-db29-429e-9bd1-ecbd4d6247a1","id":"90284975-1636-43c9-80c6-07a901b90927","createdAt":1517213074967,"updatedAt":1517213074967,"version":0,"operate":{"name":"菜单可见","code":"menu","status":1,"id":"e784b7e5-db29-429e-9bd1-ecbd4d6247a1","createdAt":1517213073427,"updatedAt":1517213073427,"version":0}},{"funcId":"164692bc-39e8-46b6-bcc5-1493faa1c190","opId":"310e09a6-9e00-4d90-963e-9d96075324a5","id":"a661143b-5ea5-480d-b4d1-ff7ac43d4acd","createdAt":1517213075186,"updatedAt":1517213075186,"version":0,"operate":{"name":"删除","code":"delete","status":1,"id":"310e09a6-9e00-4d90-963e-9d96075324a5","createdAt":1517213073796,"updatedAt":1517213073796,"version":0}}]},{"name":"公司设置","code":"corporation","status":1,"id":"f6fb64c0-f4db-4705-8b7f-cabe827c9ba8","createdAt":1517213073284,"updatedAt":1517213073284,"version":0,"ops":[{"funcId":"f6fb64c0-f4db-4705-8b7f-cabe827c9ba8","opId":"e784b7e5-db29-429e-9bd1-ecbd4d6247a1","id":"8151e98d-3115-4d57-a123-b419576b144d","createdAt":1517213074610,"updatedAt":1517213074610,"version":0,"operate":{"name":"菜单可见","code":"menu","status":1,"id":"e784b7e5-db29-429e-9bd1-ecbd4d6247a1","createdAt":1517213073427,"updatedAt":1517213073427,"version":0}},{"funcId":"f6fb64c0-f4db-4705-8b7f-cabe827c9ba8","opId":"5a47e278-c399-4ef8-b2b4-1957d82d6891","id":"88d1cfa0-de21-4c14-918a-edf40b2dfd39","createdAt":1517213074800,"updatedAt":1517213074800,"version":0,"operate":{"name":"编辑","code":"edit","status":1,"id":"5a47e278-c399-4ef8-b2b4-1957d82d6891","createdAt":1517213073721,"updatedAt":1517213073721,"version":0}},{"funcId":"f6fb64c0-f4db-4705-8b7f-cabe827c9ba8","opId":"310e09a6-9e00-4d90-963e-9d96075324a5","id":"a867e0cc-44ee-4af1-9102-ce4a5a279bdb","createdAt":1517213074887,"updatedAt":1517213074887,"version":0,"operate":{"name":"删除","code":"delete","status":1,"id":"310e09a6-9e00-4d90-963e-9d96075324a5","createdAt":1517213073796,"updatedAt":1517213073796,"version":0}},{"funcId":"f6fb64c0-f4db-4705-8b7f-cabe827c9ba8","opId":"676f2d6d-aa60-495a-a07d-6a872df5d514","id":"bcaf5483-238d-464f-b06a-b67757602ed1","createdAt":1517213074704,"updatedAt":1517213074704,"version":0,"operate":{"name":"新增","code":"add","status":1,"id":"676f2d6d-aa60-495a-a07d-6a872df5d514","createdAt":1517213073604,"updatedAt":1517213073604,"version":0}}]}]}
*************** response log end ***************

[2018-01-30 08:43:27.337] [INFO] resLogger - 
*************** response log start ***************
request method: GET
request originalUrl:  /api/operate/list?token=eyJhbGciOiJIUzI1NiIsInR5cCI6IkpXVCJ9.eyJkYXRhIjp7ImlkIjoiZjMwMzI3YzItNjhlZS00YzU0LWE3N2QtYjYxZDA5NWNmM2IyIiwibmFtZSI6ImFkbWluIiwiZ2VuZGVyIjp0cnVlLCJlbWFpbCI6IjM3ODMzODYyN0BxcS5jb20ifSwiaWF0IjoxNTE3MjEzNDY4LCJleHAiOjE1MTcyOTk4Njh9.QVgC147drCR_Ti-0nFe7fQcbPKxWiNczimATOc8ZIQ8
request client ip:  ::ffff:127.0.0.1
request query:  {"token":"eyJhbGciOiJIUzI1NiIsInR5cCI6IkpXVCJ9.eyJkYXRhIjp7ImlkIjoiZjMwMzI3YzItNjhlZS00YzU0LWE3N2QtYjYxZDA5NWNmM2IyIiwibmFtZSI6ImFkbWluIiwiZ2VuZGVyIjp0cnVlLCJlbWFpbCI6IjM3ODMzODYyN0BxcS5jb20ifSwiaWF0IjoxNTE3MjEzNDY4LCJleHAiOjE1MTcyOTk4Njh9.QVgC147drCR_Ti-0nFe7fQcbPKxWiNczimATOc8ZIQ8"}
response time: 39
response status: 200
response body: 
{"status":0,"data":[{"name":"删除","code":"delete","status":1,"id":"310e09a6-9e00-4d90-963e-9d96075324a5","createdAt":1517213073796,"updatedAt":1517213073796,"version":0},{"name":"编辑","code":"edit","status":1,"id":"5a47e278-c399-4ef8-b2b4-1957d82d6891","createdAt":1517213073721,"updatedAt":1517213073721,"version":0},{"name":"新增","code":"add","status":1,"id":"676f2d6d-aa60-495a-a07d-6a872df5d514","createdAt":1517213073604,"updatedAt":1517213073604,"version":0},{"name":"查看","code":"list","status":1,"id":"6b40a66e-bc2f-4fd4-976f-6968a9a95017","createdAt":1517213073500,"updatedAt":1517213073500,"version":0},{"name":"菜单可见","code":"menu","status":1,"id":"e784b7e5-db29-429e-9bd1-ecbd4d6247a1","createdAt":1517213073427,"updatedAt":1517213073427,"version":0}]}
*************** response log end ***************

[2018-01-30 08:43:30.553] [INFO] resLogger - 
*************** response log start ***************
request method: GET
request originalUrl:  /api/user/list/page/1?token=eyJhbGciOiJIUzI1NiIsInR5cCI6IkpXVCJ9.eyJkYXRhIjp7ImlkIjoiZjMwMzI3YzItNjhlZS00YzU0LWE3N2QtYjYxZDA5NWNmM2IyIiwibmFtZSI6ImFkbWluIiwiZ2VuZGVyIjp0cnVlLCJlbWFpbCI6IjM3ODMzODYyN0BxcS5jb20ifSwiaWF0IjoxNTE3MjEzNDY4LCJleHAiOjE1MTcyOTk4Njh9.QVgC147drCR_Ti-0nFe7fQcbPKxWiNczimATOc8ZIQ8
request client ip:  ::ffff:127.0.0.1
request query:  {"token":"eyJhbGciOiJIUzI1NiIsInR5cCI6IkpXVCJ9.eyJkYXRhIjp7ImlkIjoiZjMwMzI3YzItNjhlZS00YzU0LWE3N2QtYjYxZDA5NWNmM2IyIiwibmFtZSI6ImFkbWluIiwiZ2VuZGVyIjp0cnVlLCJlbWFpbCI6IjM3ODMzODYyN0BxcS5jb20ifSwiaWF0IjoxNTE3MjEzNDY4LCJleHAiOjE1MTcyOTk4Njh9.QVgC147drCR_Ti-0nFe7fQcbPKxWiNczimATOc8ZIQ8"}
response time: 68
response status: 200
response body: 
{"status":0,"data":[{"name":"admin","email":"378338627@qq.com","phone":"15822927208","password":"$2a$10$Vys3m61bScIz71uYIU1a.uqxmk6zgy024YWoVn7seVxcprpyE9BVu","gender":true,"token":"eyJhbGciOiJIUzI1NiIsInR5cCI6IkpXVCJ9.eyJkYXRhIjp7ImlkIjoiZjMwMzI3YzItNjhlZS00YzU0LWE3N2QtYjYxZDA5NWNmM2IyIiwibmFtZSI6ImFkbWluIiwiZ2VuZGVyIjp0cnVlLCJlbWFpbCI6IjM3ODMzODYyN0BxcS5jb20ifSwiaWF0IjoxNTE3MjEzNDY4LCJleHAiOjE1MTcyOTk4Njh9.QVgC147drCR_Ti-0nFe7fQcbPKxWiNczimATOc8ZIQ8","canLogin":true,"status":1,"roleId":"ba4ff4db-e560-41d5-879a-3087e47f21c5","id":"f30327c2-68ee-4c54-a77d-b61d095cf3b2","createdAt":1517213067013,"updatedAt":1517213468726,"version":1}],"total":1}
*************** response log end ***************

[2018-01-30 08:55:35.224] [INFO] resLogger - 
*************** response log start ***************
request method: GET
request originalUrl:  /api/user/?token=eyJhbGciOiJIUzI1NiIsInR5cCI6IkpXVCJ9.eyJkYXRhIjp7ImlkIjoiZjMwMzI3YzItNjhlZS00YzU0LWE3N2QtYjYxZDA5NWNmM2IyIiwibmFtZSI6ImFkbWluIiwiZ2VuZGVyIjp0cnVlLCJlbWFpbCI6IjM3ODMzODYyN0BxcS5jb20ifSwiaWF0IjoxNTE3MjEzNDY4LCJleHAiOjE1MTcyOTk4Njh9.QVgC147drCR_Ti-0nFe7fQcbPKxWiNczimATOc8ZIQ8
request client ip:  ::ffff:127.0.0.1
request query:  {"token":"eyJhbGciOiJIUzI1NiIsInR5cCI6IkpXVCJ9.eyJkYXRhIjp7ImlkIjoiZjMwMzI3YzItNjhlZS00YzU0LWE3N2QtYjYxZDA5NWNmM2IyIiwibmFtZSI6ImFkbWluIiwiZ2VuZGVyIjp0cnVlLCJlbWFpbCI6IjM3ODMzODYyN0BxcS5jb20ifSwiaWF0IjoxNTE3MjEzNDY4LCJleHAiOjE1MTcyOTk4Njh9.QVgC147drCR_Ti-0nFe7fQcbPKxWiNczimATOc8ZIQ8"}
response time: 436
response status: 200
response body: 
{"status":0,"data":{"name":"admin","email":"378338627@qq.com","phone":"15822927208","password":"$2a$10$Vys3m61bScIz71uYIU1a.uqxmk6zgy024YWoVn7seVxcprpyE9BVu","gender":true,"token":"eyJhbGciOiJIUzI1NiIsInR5cCI6IkpXVCJ9.eyJkYXRhIjp7ImlkIjoiZjMwMzI3YzItNjhlZS00YzU0LWE3N2QtYjYxZDA5NWNmM2IyIiwibmFtZSI6ImFkbWluIiwiZ2VuZGVyIjp0cnVlLCJlbWFpbCI6IjM3ODMzODYyN0BxcS5jb20ifSwiaWF0IjoxNTE3MjEzNDY4LCJleHAiOjE1MTcyOTk4Njh9.QVgC147drCR_Ti-0nFe7fQcbPKxWiNczimATOc8ZIQ8","canLogin":true,"status":1,"roleId":"ba4ff4db-e560-41d5-879a-3087e47f21c5","id":"f30327c2-68ee-4c54-a77d-b61d095cf3b2","createdAt":1517213067013,"updatedAt":1517213468726,"version":1}}
*************** response log end ***************

[2018-01-30 08:55:35.411] [INFO] resLogger - 
*************** response log start ***************
request method: GET
request originalUrl:  /api/user/list/page/1?token=eyJhbGciOiJIUzI1NiIsInR5cCI6IkpXVCJ9.eyJkYXRhIjp7ImlkIjoiZjMwMzI3YzItNjhlZS00YzU0LWE3N2QtYjYxZDA5NWNmM2IyIiwibmFtZSI6ImFkbWluIiwiZ2VuZGVyIjp0cnVlLCJlbWFpbCI6IjM3ODMzODYyN0BxcS5jb20ifSwiaWF0IjoxNTE3MjEzNDY4LCJleHAiOjE1MTcyOTk4Njh9.QVgC147drCR_Ti-0nFe7fQcbPKxWiNczimATOc8ZIQ8
request client ip:  ::ffff:127.0.0.1
request query:  {"token":"eyJhbGciOiJIUzI1NiIsInR5cCI6IkpXVCJ9.eyJkYXRhIjp7ImlkIjoiZjMwMzI3YzItNjhlZS00YzU0LWE3N2QtYjYxZDA5NWNmM2IyIiwibmFtZSI6ImFkbWluIiwiZ2VuZGVyIjp0cnVlLCJlbWFpbCI6IjM3ODMzODYyN0BxcS5jb20ifSwiaWF0IjoxNTE3MjEzNDY4LCJleHAiOjE1MTcyOTk4Njh9.QVgC147drCR_Ti-0nFe7fQcbPKxWiNczimATOc8ZIQ8"}
response time: 113
response status: 200
response body: 
{"status":0,"data":[{"name":"admin","email":"378338627@qq.com","phone":"15822927208","password":"$2a$10$Vys3m61bScIz71uYIU1a.uqxmk6zgy024YWoVn7seVxcprpyE9BVu","gender":true,"token":"eyJhbGciOiJIUzI1NiIsInR5cCI6IkpXVCJ9.eyJkYXRhIjp7ImlkIjoiZjMwMzI3YzItNjhlZS00YzU0LWE3N2QtYjYxZDA5NWNmM2IyIiwibmFtZSI6ImFkbWluIiwiZ2VuZGVyIjp0cnVlLCJlbWFpbCI6IjM3ODMzODYyN0BxcS5jb20ifSwiaWF0IjoxNTE3MjEzNDY4LCJleHAiOjE1MTcyOTk4Njh9.QVgC147drCR_Ti-0nFe7fQcbPKxWiNczimATOc8ZIQ8","canLogin":true,"status":1,"roleId":"ba4ff4db-e560-41d5-879a-3087e47f21c5","id":"f30327c2-68ee-4c54-a77d-b61d095cf3b2","createdAt":1517213067013,"updatedAt":1517213468726,"version":1,"role":{"name":"系统管理员","remark":"最高权限","status":1,"id":"ba4ff4db-e560-41d5-879a-3087e47f21c5","createdAt":1517213066376,"updatedAt":1517213066376,"version":0}}],"total":1}
*************** response log end ***************

[2018-01-30 08:56:01.987] [INFO] resLogger - 
*************** response log start ***************
request method: GET
request originalUrl:  /api/user/?token=eyJhbGciOiJIUzI1NiIsInR5cCI6IkpXVCJ9.eyJkYXRhIjp7ImlkIjoiZjMwMzI3YzItNjhlZS00YzU0LWE3N2QtYjYxZDA5NWNmM2IyIiwibmFtZSI6ImFkbWluIiwiZ2VuZGVyIjp0cnVlLCJlbWFpbCI6IjM3ODMzODYyN0BxcS5jb20ifSwiaWF0IjoxNTE3MjEzNDY4LCJleHAiOjE1MTcyOTk4Njh9.QVgC147drCR_Ti-0nFe7fQcbPKxWiNczimATOc8ZIQ8
request client ip:  ::ffff:127.0.0.1
request query:  {"token":"eyJhbGciOiJIUzI1NiIsInR5cCI6IkpXVCJ9.eyJkYXRhIjp7ImlkIjoiZjMwMzI3YzItNjhlZS00YzU0LWE3N2QtYjYxZDA5NWNmM2IyIiwibmFtZSI6ImFkbWluIiwiZ2VuZGVyIjp0cnVlLCJlbWFpbCI6IjM3ODMzODYyN0BxcS5jb20ifSwiaWF0IjoxNTE3MjEzNDY4LCJleHAiOjE1MTcyOTk4Njh9.QVgC147drCR_Ti-0nFe7fQcbPKxWiNczimATOc8ZIQ8"}
response time: 124
response status: 200
response body: 
{"status":0,"data":{"name":"admin","email":"378338627@qq.com","phone":"15822927208","password":"$2a$10$Vys3m61bScIz71uYIU1a.uqxmk6zgy024YWoVn7seVxcprpyE9BVu","gender":true,"token":"eyJhbGciOiJIUzI1NiIsInR5cCI6IkpXVCJ9.eyJkYXRhIjp7ImlkIjoiZjMwMzI3YzItNjhlZS00YzU0LWE3N2QtYjYxZDA5NWNmM2IyIiwibmFtZSI6ImFkbWluIiwiZ2VuZGVyIjp0cnVlLCJlbWFpbCI6IjM3ODMzODYyN0BxcS5jb20ifSwiaWF0IjoxNTE3MjEzNDY4LCJleHAiOjE1MTcyOTk4Njh9.QVgC147drCR_Ti-0nFe7fQcbPKxWiNczimATOc8ZIQ8","canLogin":true,"status":1,"roleId":"ba4ff4db-e560-41d5-879a-3087e47f21c5","id":"f30327c2-68ee-4c54-a77d-b61d095cf3b2","createdAt":1517213067013,"updatedAt":1517213468726,"version":1}}
*************** response log end ***************

[2018-01-30 08:56:02.330] [INFO] resLogger - 
*************** response log start ***************
request method: GET
request originalUrl:  /api/user/list/page/1?token=eyJhbGciOiJIUzI1NiIsInR5cCI6IkpXVCJ9.eyJkYXRhIjp7ImlkIjoiZjMwMzI3YzItNjhlZS00YzU0LWE3N2QtYjYxZDA5NWNmM2IyIiwibmFtZSI6ImFkbWluIiwiZ2VuZGVyIjp0cnVlLCJlbWFpbCI6IjM3ODMzODYyN0BxcS5jb20ifSwiaWF0IjoxNTE3MjEzNDY4LCJleHAiOjE1MTcyOTk4Njh9.QVgC147drCR_Ti-0nFe7fQcbPKxWiNczimATOc8ZIQ8
request client ip:  ::ffff:127.0.0.1
request query:  {"token":"eyJhbGciOiJIUzI1NiIsInR5cCI6IkpXVCJ9.eyJkYXRhIjp7ImlkIjoiZjMwMzI3YzItNjhlZS00YzU0LWE3N2QtYjYxZDA5NWNmM2IyIiwibmFtZSI6ImFkbWluIiwiZ2VuZGVyIjp0cnVlLCJlbWFpbCI6IjM3ODMzODYyN0BxcS5jb20ifSwiaWF0IjoxNTE3MjEzNDY4LCJleHAiOjE1MTcyOTk4Njh9.QVgC147drCR_Ti-0nFe7fQcbPKxWiNczimATOc8ZIQ8"}
response time: 178
response status: 200
response body: 
{"status":0,"data":[{"name":"admin","email":"378338627@qq.com","phone":"15822927208","password":"$2a$10$Vys3m61bScIz71uYIU1a.uqxmk6zgy024YWoVn7seVxcprpyE9BVu","gender":true,"token":"eyJhbGciOiJIUzI1NiIsInR5cCI6IkpXVCJ9.eyJkYXRhIjp7ImlkIjoiZjMwMzI3YzItNjhlZS00YzU0LWE3N2QtYjYxZDA5NWNmM2IyIiwibmFtZSI6ImFkbWluIiwiZ2VuZGVyIjp0cnVlLCJlbWFpbCI6IjM3ODMzODYyN0BxcS5jb20ifSwiaWF0IjoxNTE3MjEzNDY4LCJleHAiOjE1MTcyOTk4Njh9.QVgC147drCR_Ti-0nFe7fQcbPKxWiNczimATOc8ZIQ8","canLogin":true,"status":1,"roleId":"ba4ff4db-e560-41d5-879a-3087e47f21c5","id":"f30327c2-68ee-4c54-a77d-b61d095cf3b2","createdAt":1517213067013,"updatedAt":1517213468726,"version":1,"role":{"name":"系统管理员","remark":"最高权限","status":1,"id":"ba4ff4db-e560-41d5-879a-3087e47f21c5","createdAt":1517213066376,"updatedAt":1517213066376,"version":0}}],"total":1}
*************** response log end ***************

[2018-01-30 08:56:51.193] [INFO] resLogger - 
*************** response log start ***************
request method: GET
request originalUrl:  /api/user/?token=eyJhbGciOiJIUzI1NiIsInR5cCI6IkpXVCJ9.eyJkYXRhIjp7ImlkIjoiZjMwMzI3YzItNjhlZS00YzU0LWE3N2QtYjYxZDA5NWNmM2IyIiwibmFtZSI6ImFkbWluIiwiZ2VuZGVyIjp0cnVlLCJlbWFpbCI6IjM3ODMzODYyN0BxcS5jb20ifSwiaWF0IjoxNTE3MjEzNDY4LCJleHAiOjE1MTcyOTk4Njh9.QVgC147drCR_Ti-0nFe7fQcbPKxWiNczimATOc8ZIQ8
request client ip:  ::ffff:127.0.0.1
request query:  {"token":"eyJhbGciOiJIUzI1NiIsInR5cCI6IkpXVCJ9.eyJkYXRhIjp7ImlkIjoiZjMwMzI3YzItNjhlZS00YzU0LWE3N2QtYjYxZDA5NWNmM2IyIiwibmFtZSI6ImFkbWluIiwiZ2VuZGVyIjp0cnVlLCJlbWFpbCI6IjM3ODMzODYyN0BxcS5jb20ifSwiaWF0IjoxNTE3MjEzNDY4LCJleHAiOjE1MTcyOTk4Njh9.QVgC147drCR_Ti-0nFe7fQcbPKxWiNczimATOc8ZIQ8"}
response time: 128
response status: 200
response body: 
{"status":0,"data":{"name":"admin","email":"378338627@qq.com","phone":"15822927208","password":"$2a$10$Vys3m61bScIz71uYIU1a.uqxmk6zgy024YWoVn7seVxcprpyE9BVu","gender":true,"token":"eyJhbGciOiJIUzI1NiIsInR5cCI6IkpXVCJ9.eyJkYXRhIjp7ImlkIjoiZjMwMzI3YzItNjhlZS00YzU0LWE3N2QtYjYxZDA5NWNmM2IyIiwibmFtZSI6ImFkbWluIiwiZ2VuZGVyIjp0cnVlLCJlbWFpbCI6IjM3ODMzODYyN0BxcS5jb20ifSwiaWF0IjoxNTE3MjEzNDY4LCJleHAiOjE1MTcyOTk4Njh9.QVgC147drCR_Ti-0nFe7fQcbPKxWiNczimATOc8ZIQ8","canLogin":true,"status":1,"roleId":"ba4ff4db-e560-41d5-879a-3087e47f21c5","id":"f30327c2-68ee-4c54-a77d-b61d095cf3b2","createdAt":1517213067013,"updatedAt":1517213468726,"version":1}}
*************** response log end ***************

[2018-01-30 08:56:51.426] [INFO] resLogger - 
*************** response log start ***************
request method: GET
request originalUrl:  /api/user/list/page/1?token=eyJhbGciOiJIUzI1NiIsInR5cCI6IkpXVCJ9.eyJkYXRhIjp7ImlkIjoiZjMwMzI3YzItNjhlZS00YzU0LWE3N2QtYjYxZDA5NWNmM2IyIiwibmFtZSI6ImFkbWluIiwiZ2VuZGVyIjp0cnVlLCJlbWFpbCI6IjM3ODMzODYyN0BxcS5jb20ifSwiaWF0IjoxNTE3MjEzNDY4LCJleHAiOjE1MTcyOTk4Njh9.QVgC147drCR_Ti-0nFe7fQcbPKxWiNczimATOc8ZIQ8
request client ip:  ::ffff:127.0.0.1
request query:  {"token":"eyJhbGciOiJIUzI1NiIsInR5cCI6IkpXVCJ9.eyJkYXRhIjp7ImlkIjoiZjMwMzI3YzItNjhlZS00YzU0LWE3N2QtYjYxZDA5NWNmM2IyIiwibmFtZSI6ImFkbWluIiwiZ2VuZGVyIjp0cnVlLCJlbWFpbCI6IjM3ODMzODYyN0BxcS5jb20ifSwiaWF0IjoxNTE3MjEzNDY4LCJleHAiOjE1MTcyOTk4Njh9.QVgC147drCR_Ti-0nFe7fQcbPKxWiNczimATOc8ZIQ8"}
response time: 160
response status: 200
response body: 
{"status":0,"data":[{"name":"admin","email":"378338627@qq.com","phone":"15822927208","password":"$2a$10$Vys3m61bScIz71uYIU1a.uqxmk6zgy024YWoVn7seVxcprpyE9BVu","gender":true,"token":"eyJhbGciOiJIUzI1NiIsInR5cCI6IkpXVCJ9.eyJkYXRhIjp7ImlkIjoiZjMwMzI3YzItNjhlZS00YzU0LWE3N2QtYjYxZDA5NWNmM2IyIiwibmFtZSI6ImFkbWluIiwiZ2VuZGVyIjp0cnVlLCJlbWFpbCI6IjM3ODMzODYyN0BxcS5jb20ifSwiaWF0IjoxNTE3MjEzNDY4LCJleHAiOjE1MTcyOTk4Njh9.QVgC147drCR_Ti-0nFe7fQcbPKxWiNczimATOc8ZIQ8","canLogin":true,"status":1,"roleId":"ba4ff4db-e560-41d5-879a-3087e47f21c5","id":"f30327c2-68ee-4c54-a77d-b61d095cf3b2","createdAt":1517213067013,"updatedAt":1517213468726,"version":1,"role":{"name":"系统管理员","remark":"最高权限","status":1,"id":"ba4ff4db-e560-41d5-879a-3087e47f21c5","createdAt":1517213066376,"updatedAt":1517213066376,"version":0}}],"total":1}
*************** response log end ***************

[2018-01-30 08:59:39.810] [INFO] resLogger - 
*************** response log start ***************
request method: GET
request originalUrl:  /api/user/?token=eyJhbGciOiJIUzI1NiIsInR5cCI6IkpXVCJ9.eyJkYXRhIjp7ImlkIjoiZjMwMzI3YzItNjhlZS00YzU0LWE3N2QtYjYxZDA5NWNmM2IyIiwibmFtZSI6ImFkbWluIiwiZ2VuZGVyIjp0cnVlLCJlbWFpbCI6IjM3ODMzODYyN0BxcS5jb20ifSwiaWF0IjoxNTE3MjEzNDY4LCJleHAiOjE1MTcyOTk4Njh9.QVgC147drCR_Ti-0nFe7fQcbPKxWiNczimATOc8ZIQ8
request client ip:  ::ffff:127.0.0.1
request query:  {"token":"eyJhbGciOiJIUzI1NiIsInR5cCI6IkpXVCJ9.eyJkYXRhIjp7ImlkIjoiZjMwMzI3YzItNjhlZS00YzU0LWE3N2QtYjYxZDA5NWNmM2IyIiwibmFtZSI6ImFkbWluIiwiZ2VuZGVyIjp0cnVlLCJlbWFpbCI6IjM3ODMzODYyN0BxcS5jb20ifSwiaWF0IjoxNTE3MjEzNDY4LCJleHAiOjE1MTcyOTk4Njh9.QVgC147drCR_Ti-0nFe7fQcbPKxWiNczimATOc8ZIQ8"}
response time: 107
response status: 200
response body: 
{"status":0,"data":{"name":"admin","email":"378338627@qq.com","phone":"15822927208","password":"$2a$10$Vys3m61bScIz71uYIU1a.uqxmk6zgy024YWoVn7seVxcprpyE9BVu","gender":true,"token":"eyJhbGciOiJIUzI1NiIsInR5cCI6IkpXVCJ9.eyJkYXRhIjp7ImlkIjoiZjMwMzI3YzItNjhlZS00YzU0LWE3N2QtYjYxZDA5NWNmM2IyIiwibmFtZSI6ImFkbWluIiwiZ2VuZGVyIjp0cnVlLCJlbWFpbCI6IjM3ODMzODYyN0BxcS5jb20ifSwiaWF0IjoxNTE3MjEzNDY4LCJleHAiOjE1MTcyOTk4Njh9.QVgC147drCR_Ti-0nFe7fQcbPKxWiNczimATOc8ZIQ8","canLogin":true,"status":1,"roleId":"ba4ff4db-e560-41d5-879a-3087e47f21c5","id":"f30327c2-68ee-4c54-a77d-b61d095cf3b2","createdAt":1517213067013,"updatedAt":1517213468726,"version":1}}
*************** response log end ***************

[2018-01-30 08:59:39.946] [INFO] resLogger - 
*************** response log start ***************
request method: GET
request originalUrl:  /api/user/list/page/1?token=eyJhbGciOiJIUzI1NiIsInR5cCI6IkpXVCJ9.eyJkYXRhIjp7ImlkIjoiZjMwMzI3YzItNjhlZS00YzU0LWE3N2QtYjYxZDA5NWNmM2IyIiwibmFtZSI6ImFkbWluIiwiZ2VuZGVyIjp0cnVlLCJlbWFpbCI6IjM3ODMzODYyN0BxcS5jb20ifSwiaWF0IjoxNTE3MjEzNDY4LCJleHAiOjE1MTcyOTk4Njh9.QVgC147drCR_Ti-0nFe7fQcbPKxWiNczimATOc8ZIQ8
request client ip:  ::ffff:127.0.0.1
request query:  {"token":"eyJhbGciOiJIUzI1NiIsInR5cCI6IkpXVCJ9.eyJkYXRhIjp7ImlkIjoiZjMwMzI3YzItNjhlZS00YzU0LWE3N2QtYjYxZDA5NWNmM2IyIiwibmFtZSI6ImFkbWluIiwiZ2VuZGVyIjp0cnVlLCJlbWFpbCI6IjM3ODMzODYyN0BxcS5jb20ifSwiaWF0IjoxNTE3MjEzNDY4LCJleHAiOjE1MTcyOTk4Njh9.QVgC147drCR_Ti-0nFe7fQcbPKxWiNczimATOc8ZIQ8"}
response time: 75
response status: 200
response body: 
{"status":0,"data":[{"name":"admin","email":"378338627@qq.com","phone":"15822927208","password":"$2a$10$Vys3m61bScIz71uYIU1a.uqxmk6zgy024YWoVn7seVxcprpyE9BVu","gender":true,"token":"eyJhbGciOiJIUzI1NiIsInR5cCI6IkpXVCJ9.eyJkYXRhIjp7ImlkIjoiZjMwMzI3YzItNjhlZS00YzU0LWE3N2QtYjYxZDA5NWNmM2IyIiwibmFtZSI6ImFkbWluIiwiZ2VuZGVyIjp0cnVlLCJlbWFpbCI6IjM3ODMzODYyN0BxcS5jb20ifSwiaWF0IjoxNTE3MjEzNDY4LCJleHAiOjE1MTcyOTk4Njh9.QVgC147drCR_Ti-0nFe7fQcbPKxWiNczimATOc8ZIQ8","canLogin":true,"status":1,"roleId":"ba4ff4db-e560-41d5-879a-3087e47f21c5","id":"f30327c2-68ee-4c54-a77d-b61d095cf3b2","createdAt":1517213067013,"updatedAt":1517213468726,"version":1,"role":{"name":"系统管理员","remark":"最高权限","status":1,"id":"ba4ff4db-e560-41d5-879a-3087e47f21c5","createdAt":1517213066376,"updatedAt":1517213066376,"version":0}}],"total":1}
*************** response log end ***************

