[2018-03-09 14:55:23.220] [INFO] resLogger - 
*************** response log start ***************
request method: GET
request originalUrl:  /api/user/checktoken
request client ip:  ::1
request query:  {}
response time: 23
response status: 200
response body: 
{"name":"jwtError","status":10003,"message":"身份验证错误！"}
*************** response log end ***************

[2018-03-09 14:55:23.498] [INFO] resLogger - 
*************** response log start ***************
request method: GET
request originalUrl:  /favicon.ico
request client ip:  ::1
request query:  {}
response time: 8
response status: 404
response body: 
undefined
*************** response log end ***************

