[2018-07-26 12:00:49.481] [INFO] resLogger - 
*************** response log start ***************
request method: GET
request originalUrl:  /api/operation/list_month/time/1530374400000
request client ip:  ::ffff:127.0.0.1
request query:  {}
response time: 183
response status: 200
response body: 
{"status":0,"data":[{"days":"20180701","count":0,"monthname":"1号"},{"days":"20180702","count":12,"monthname":"2号"},{"days":"20180703","count":4,"monthname":"3号"},{"days":"20180704","count":4,"monthname":"4号"},{"days":"20180705","count":2,"monthname":"5号"},{"days":"20180706","count":2,"monthname":"6号"},{"days":"20180707","count":0,"monthname":"7号"},{"days":"20180708","count":0,"monthname":"8号"},{"days":"20180709","count":14,"monthname":"9号"},{"days":"20180710","count":7,"monthname":"10号"},{"days":"20180711","count":2,"monthname":"11号"},{"days":"20180712","count":1,"monthname":"12号"},{"days":"20180713","count":2,"monthname":"13号"},{"days":"20180714","count":0,"monthname":"14号"},{"days":"20180715","count":0,"monthname":"15号"},{"days":"20180716","count":10,"monthname":"16号"},{"days":"20180717","count":1,"monthname":"17号"},{"days":"20180718","count":4,"monthname":"18号"},{"days":"20180719","count":2,"monthname":"19号"},{"days":"20180720","count":5,"monthname":"20号"},{"days":"20180721","count":0,"monthname":"21号"},{"days":"20180722","count":1,"monthname":"22号"},{"days":"20180723","count":5,"monthname":"23号"},{"days":"20180724","count":1,"monthname":"24号"},{"days":"20180725","count":7,"monthname":"25号"},{"days":"20180726","count":9,"monthname":"26号"},{"days":"20180727","count":0,"monthname":"27号"},{"days":"20180728","count":0,"monthname":"28号"},{"days":"20180729","count":0,"monthname":"29号"},{"days":"20180730","count":0,"monthname":"30号"},{"days":"20180731","count":0,"monthname":"31号"}]}
*************** response log end ***************

[2018-07-26 12:00:50.216] [INFO] resLogger - 
*************** response log start ***************
request method: GET
request originalUrl:  /api/operation/list_week/time/1532577650198
request client ip:  ::ffff:127.0.0.1
request query:  {}
response time: 15
response status: 200
response body: 
{"status":0,"data":[{"days":"20180722","count":1,"weekname":"星期一"},{"days":"20180723","count":5,"weekname":"星期二"},{"days":"20180724","count":1,"weekname":"星期三"},{"days":"20180725","count":7,"weekname":"星期四"},{"days":"20180726","count":9,"weekname":"星期五"},{"days":"20180727","count":0,"weekname":"星期六"},{"days":"20180728","count":0,"weekname":"星期日"},{"days":"20180729","count":0}]}
*************** response log end ***************

[2018-07-26 12:05:03.385] [INFO] resLogger - 
*************** response log start ***************
request method: GET
request originalUrl:  /api/operation/list_week/time/1532275200000
request client ip:  ::1
request query:  {}
response time: 17
response status: 200
response body: 
{"status":0,"data":[{"days":"20180722","count":1,"weekname":"星期一"},{"days":"20180723","count":5,"weekname":"星期二"},{"days":"20180724","count":1,"weekname":"星期三"},{"days":"20180725","count":7,"weekname":"星期四"},{"days":"20180726","count":9,"weekname":"星期五"},{"days":"20180727","count":0,"weekname":"星期六"},{"days":"20180728","count":0,"weekname":"星期日"},{"days":"20180729","count":0}]}
*************** response log end ***************

[2018-07-26 12:05:03.600] [INFO] resLogger - 
*************** response log start ***************
request method: GET
request originalUrl:  /favicon.ico
request client ip:  ::1
request query:  {}
response time: 1
response status: 404
response body: 
undefined
*************** response log end ***************

[2018-07-26 12:05:45.731] [INFO] resLogger - 
*************** response log start ***************
request method: GET
request originalUrl:  /api/operation/list_week/time/1532059200000
request client ip:  ::1
request query:  {}
response time: 15
response status: 200
response body: 
{"status":0,"data":[{"days":"20180716","count":10,"weekname":"星期一"},{"days":"20180717","count":1,"weekname":"星期二"},{"days":"20180718","count":4,"weekname":"星期三"},{"days":"20180719","count":2,"weekname":"星期四"},{"days":"20180720","count":5,"weekname":"星期五"},{"days":"20180721","count":0,"weekname":"星期六"},{"days":"20180722","count":0,"weekname":"星期日"}]}
*************** response log end ***************

[2018-07-26 12:06:03.879] [INFO] resLogger - 
*************** response log start ***************
request method: GET
request originalUrl:  /api/operation/list_week/time/1532275200000
request client ip:  ::1
request query:  {}
response time: 12
response status: 200
response body: 
{"status":0,"data":[{"days":"20180722","count":1,"weekname":"星期一"},{"days":"20180723","count":5,"weekname":"星期二"},{"days":"20180724","count":1,"weekname":"星期三"},{"days":"20180725","count":7,"weekname":"星期四"},{"days":"20180726","count":9,"weekname":"星期五"},{"days":"20180727","count":0,"weekname":"星期六"},{"days":"20180728","count":0,"weekname":"星期日"},{"days":"20180729","count":0}]}
*************** response log end ***************

[2018-07-26 12:07:06.860] [INFO] resLogger - 
*************** response log start ***************
request method: GET
request originalUrl:  /api/operation/list_week/time/1532577600000
request client ip:  ::1
request query:  {}
response time: 17
response status: 200
response body: 
{"status":0,"data":[{"days":"20180722","count":1,"weekname":"星期一"},{"days":"20180723","count":5,"weekname":"星期二"},{"days":"20180724","count":1,"weekname":"星期三"},{"days":"20180725","count":7,"weekname":"星期四"},{"days":"20180726","count":9,"weekname":"星期五"},{"days":"20180727","count":0,"weekname":"星期六"},{"days":"20180728","count":0,"weekname":"星期日"},{"days":"20180729","count":0}]}
*************** response log end ***************

