[2017-12-01 09:16:40.343] [INFO] resLogger - 
*************** response log start ***************
request method: GET
request originalUrl:  /api/operation/list/page/1?token=eyJhbGciOiJIUzI1NiIsInR5cCI6IkpXVCJ9.eyJkYXRhIjp7ImlkIjoiNzdlMGE0MWEtZWZiZC00NjI5LTg5YmEtODRiNzFmZTg2NmUxIiwibmFtZSI6ImFkbWluIiwiZ2VuZGVyIjp0cnVlLCJlbWFpbCI6IjM3ODMzODYyN0BxcS5jb20ifSwiaWF0IjoxNTEyMDAzMDUxLCJleHAiOjE1MTIwODk0NTF9.lzNXEjnYHh83X2Xz0ReZEaw1UPWDTDfSVrBCQvnLsxU
request client ip:  ::ffff:127.0.0.1
request query:  {"token":"eyJhbGciOiJIUzI1NiIsInR5cCI6IkpXVCJ9.eyJkYXRhIjp7ImlkIjoiNzdlMGE0MWEtZWZiZC00NjI5LTg5YmEtODRiNzFmZTg2NmUxIiwibmFtZSI6ImFkbWluIiwiZ2VuZGVyIjp0cnVlLCJlbWFpbCI6IjM3ODMzODYyN0BxcS5jb20ifSwiaWF0IjoxNTEyMDAzMDUxLCJleHAiOjE1MTIwODk0NTF9.lzNXEjnYHh83X2Xz0ReZEaw1UPWDTDfSVrBCQvnLsxU"}
response time: 955
response status: 200
response body: 
{"name":"jwtError","status":10003,"message":"身份验证错误！"}
*************** response log end ***************

[2017-12-01 09:16:48.466] [INFO] resLogger - 
*************** response log start ***************
request method: OPTIONS
request originalUrl:  /api/user/login
request client ip:  ::ffff:127.0.0.1
request body: 
{}
response time: 93
response status: 204
response body: 
undefined
*************** response log end ***************

[2017-12-01 09:16:54.212] [INFO] resLogger - 
*************** response log start ***************
request method: POST
request originalUrl:  /api/user/login
request client ip:  ::ffff:127.0.0.1
request body: 
{"username":"admin","password":"admin"}
response time: 3699
response status: 200
response body: 
{"status":0,"data":{"name":"admin","email":"378338627@qq.com","phone":"15822927208","password":"$2a$10$oo3PUuyU2No4WRrDP/GUNOGsLUldeVjH6eH1q/N./UtbeNY1eJQx2","gender":true,"token":"eyJhbGciOiJIUzI1NiIsInR5cCI6IkpXVCJ9.eyJkYXRhIjp7ImlkIjoiNzdlMGE0MWEtZWZiZC00NjI5LTg5YmEtODRiNzFmZTg2NmUxIiwibmFtZSI6ImFkbWluIiwiZ2VuZGVyIjp0cnVlLCJlbWFpbCI6IjM3ODMzODYyN0BxcS5jb20ifSwiaWF0IjoxNTEyMDkxMDEzLCJleHAiOjE1MTIxNzc0MTN9.PIXAf8-Ly8ODjH-cYAy7mBF13UJVAYWOdJV3AqdiCTE","canLogin":true,"status":1,"id":"77e0a41a-efbd-4629-89ba-84b71fe866e1","createdAt":1510554855636,"updatedAt":1512091013660,"version":16},"message":"登录成功！"}
*************** response log end ***************

[2017-12-01 09:16:57.346] [INFO] resLogger - 
*************** response log start ***************
request method: GET
request originalUrl:  /api/user/?token=eyJhbGciOiJIUzI1NiIsInR5cCI6IkpXVCJ9.eyJkYXRhIjp7ImlkIjoiNzdlMGE0MWEtZWZiZC00NjI5LTg5YmEtODRiNzFmZTg2NmUxIiwibmFtZSI6ImFkbWluIiwiZ2VuZGVyIjp0cnVlLCJlbWFpbCI6IjM3ODMzODYyN0BxcS5jb20ifSwiaWF0IjoxNTEyMDkxMDEzLCJleHAiOjE1MTIxNzc0MTN9.PIXAf8-Ly8ODjH-cYAy7mBF13UJVAYWOdJV3AqdiCTE
request client ip:  ::ffff:127.0.0.1
request query:  {"token":"eyJhbGciOiJIUzI1NiIsInR5cCI6IkpXVCJ9.eyJkYXRhIjp7ImlkIjoiNzdlMGE0MWEtZWZiZC00NjI5LTg5YmEtODRiNzFmZTg2NmUxIiwibmFtZSI6ImFkbWluIiwiZ2VuZGVyIjp0cnVlLCJlbWFpbCI6IjM3ODMzODYyN0BxcS5jb20ifSwiaWF0IjoxNTEyMDkxMDEzLCJleHAiOjE1MTIxNzc0MTN9.PIXAf8-Ly8ODjH-cYAy7mBF13UJVAYWOdJV3AqdiCTE"}
response time: 1085
response status: 200
response body: 
{"status":0,"data":{"name":"admin","email":"378338627@qq.com","phone":"15822927208","password":"$2a$10$oo3PUuyU2No4WRrDP/GUNOGsLUldeVjH6eH1q/N./UtbeNY1eJQx2","gender":true,"token":"eyJhbGciOiJIUzI1NiIsInR5cCI6IkpXVCJ9.eyJkYXRhIjp7ImlkIjoiNzdlMGE0MWEtZWZiZC00NjI5LTg5YmEtODRiNzFmZTg2NmUxIiwibmFtZSI6ImFkbWluIiwiZ2VuZGVyIjp0cnVlLCJlbWFpbCI6IjM3ODMzODYyN0BxcS5jb20ifSwiaWF0IjoxNTEyMDkxMDEzLCJleHAiOjE1MTIxNzc0MTN9.PIXAf8-Ly8ODjH-cYAy7mBF13UJVAYWOdJV3AqdiCTE","canLogin":true,"status":1,"id":"77e0a41a-efbd-4629-89ba-84b71fe866e1","createdAt":1510554855636,"updatedAt":1512091013660,"version":16}}
*************** response log end ***************

[2017-12-01 09:16:59.118] [INFO] resLogger - 
*************** response log start ***************
request method: GET
request originalUrl:  /api/operation/list/page/1?token=eyJhbGciOiJIUzI1NiIsInR5cCI6IkpXVCJ9.eyJkYXRhIjp7ImlkIjoiNzdlMGE0MWEtZWZiZC00NjI5LTg5YmEtODRiNzFmZTg2NmUxIiwibmFtZSI6ImFkbWluIiwiZ2VuZGVyIjp0cnVlLCJlbWFpbCI6IjM3ODMzODYyN0BxcS5jb20ifSwiaWF0IjoxNTEyMDkxMDEzLCJleHAiOjE1MTIxNzc0MTN9.PIXAf8-Ly8ODjH-cYAy7mBF13UJVAYWOdJV3AqdiCTE
request client ip:  ::ffff:127.0.0.1
request query:  {"token":"eyJhbGciOiJIUzI1NiIsInR5cCI6IkpXVCJ9.eyJkYXRhIjp7ImlkIjoiNzdlMGE0MWEtZWZiZC00NjI5LTg5YmEtODRiNzFmZTg2NmUxIiwibmFtZSI6ImFkbWluIiwiZ2VuZGVyIjp0cnVlLCJlbWFpbCI6IjM3ODMzODYyN0BxcS5jb20ifSwiaWF0IjoxNTEyMDkxMDEzLCJleHAiOjE1MTIxNzc0MTN9.PIXAf8-Ly8ODjH-cYAy7mBF13UJVAYWOdJV3AqdiCTE"}
response time: 1592
response status: 200
response body: 
{"status":0,"data":[{"orderId":"2a577a4b-a635-4f14-860f-9079b4255a0b","important":false,"op":"5f8ff83d-2e92-48d0-8448-f2812fb5232c","no":"20171113001","create_time":1510561864000,"remark":"2","status":1,"id":"88e34850-19aa-40b4-8414-b74223e8ebb1","createdAt":1510561948367,"updatedAt":1510561948367,"version":0,"order":{"no":"20171113000","custom_name":"刘孟","custom_phone":"15822927208","incoming_time":1510561864000,"custom_corporation":"bf31f1a5-2660-46fc-b1c8-a150812d27e3","custom_position":"b720d1b5-a333-4e3d-991a-8cf68966022c","remark":"小姐姐","status":1,"needs":"[object Object],[object Object],[object Object],[object Object]","id":"2a577a4b-a635-4f14-860f-9079b4255a0b","createdAt":1510561948275,"updatedAt":1510561948275,"version":0,"corporation":{"name":"建规局","description":"建规局","status":1,"groupId":"64cd3c35-1cbb-4978-8cb1-e4084bf567d6","id":"bf31f1a5-2660-46fc-b1c8-a150812d27e3","createdAt":1510554857444,"updatedAt":1510554857444,"version":0},"corpBuilding":{"corporationId":"bf31f1a5-2660-46fc-b1c8-a150812d27e3","buildingId":"4b35bbaa-4da9-442e-8adf-ae7fbc656330","floor":4,"position":"E","status":1,"id":"b720d1b5-a333-4e3d-991a-8cf68966022c","createdAt":1510554857545,"updatedAt":1510554857545,"version":0,"building":{"name":"商务大厦南楼","address":"南","minfloor":1,"maxfloor":15,"status":1,"id":"4b35bbaa-4da9-442e-8adf-ae7fbc656330","createdAt":1510554856022,"updatedAt":1510554856022,"version":0}}},"actions":[{"operationId":"88e34850-19aa-40b4-8414-b74223e8ebb1","call_time":1510561864000,"start_time":null,"end_time":null,"worker":"77e0a41a-efbd-4629-89ba-84b71fe866e1","operationStart":0,"operationComplete":0,"status":1,"id":"420f6d69-0391-4b77-9366-6d15d89f06f5","createdAt":1510561948464,"updatedAt":1510561948464,"version":0,"user":{"name":"admin","email":"378338627@qq.com","phone":"15822927208","password":"$2a$10$oo3PUuyU2No4WRrDP/GUNOGsLUldeVjH6eH1q/N./UtbeNY1eJQx2","gender":true,"token":"eyJhbGciOiJIUzI1NiIsInR5cCI6IkpXVCJ9.eyJkYXRhIjp7ImlkIjoiNzdlMGE0MWEtZWZiZC00NjI5LTg5YmEtODRiNzFmZTg2NmUxIiwibmFtZSI6ImFkbWluIiwiZ2VuZGVyIjp0cnVlLCJlbWFpbCI6IjM3ODMzODYyN0BxcS5jb20ifSwiaWF0IjoxNTEyMDkxMDEzLCJleHAiOjE1MTIxNzc0MTN9.PIXAf8-Ly8ODjH-cYAy7mBF13UJVAYWOdJV3AqdiCTE","canLogin":true,"status":1,"id":"77e0a41a-efbd-4629-89ba-84b71fe866e1","createdAt":1510554855636,"updatedAt":1512091013660,"version":16}}]},{"orderId":"2a577a4b-a635-4f14-860f-9079b4255a0b","important":true,"op":"39ddbba6-9953-48d2-b5ee-ea03cc10cc42","no":"20171113002","create_time":1510561864000,"remark":"3","status":1,"id":"5b91b199-104c-4c1c-b1aa-f4f0b62d0bd7","createdAt":1510561948367,"updatedAt":1510561948367,"version":0,"order":{"no":"20171113000","custom_name":"刘孟","custom_phone":"15822927208","incoming_time":1510561864000,"custom_corporation":"bf31f1a5-2660-46fc-b1c8-a150812d27e3","custom_position":"b720d1b5-a333-4e3d-991a-8cf68966022c","remark":"小姐姐","status":1,"needs":"[object Object],[object Object],[object Object],[object Object]","id":"2a577a4b-a635-4f14-860f-9079b4255a0b","createdAt":1510561948275,"updatedAt":1510561948275,"version":0,"corporation":{"name":"建规局","description":"建规局","status":1,"groupId":"64cd3c35-1cbb-4978-8cb1-e4084bf567d6","id":"bf31f1a5-2660-46fc-b1c8-a150812d27e3","createdAt":1510554857444,"updatedAt":1510554857444,"version":0},"corpBuilding":{"corporationId":"bf31f1a5-2660-46fc-b1c8-a150812d27e3","buildingId":"4b35bbaa-4da9-442e-8adf-ae7fbc656330","floor":4,"position":"E","status":1,"id":"b720d1b5-a333-4e3d-991a-8cf68966022c","createdAt":1510554857545,"updatedAt":1510554857545,"version":0,"building":{"name":"商务大厦南楼","address":"南","minfloor":1,"maxfloor":15,"status":1,"id":"4b35bbaa-4da9-442e-8adf-ae7fbc656330","createdAt":1510554856022,"updatedAt":1510554856022,"version":0}}},"actions":[{"operationId":"5b91b199-104c-4c1c-b1aa-f4f0b62d0bd7","call_time":1510561864000,"start_time":1510565464000,"end_time":null,"worker":"77e0a41a-efbd-4629-89ba-84b71fe866e1","operationStart":1,"operationComplete":0,"status":1,"id":"7ffd1791-ef6f-413a-b659-f57e9bfd17c4","createdAt":1510561948464,"updatedAt":1510561948464,"version":0,"user":{"name":"admin","email":"378338627@qq.com","phone":"15822927208","password":"$2a$10$oo3PUuyU2No4WRrDP/GUNOGsLUldeVjH6eH1q/N./UtbeNY1eJQx2","gender":true,"token":"eyJhbGciOiJIUzI1NiIsInR5cCI6IkpXVCJ9.eyJkYXRhIjp7ImlkIjoiNzdlMGE0MWEtZWZiZC00NjI5LTg5YmEtODRiNzFmZTg2NmUxIiwibmFtZSI6ImFkbWluIiwiZ2VuZGVyIjp0cnVlLCJlbWFpbCI6IjM3ODMzODYyN0BxcS5jb20ifSwiaWF0IjoxNTEyMDkxMDEzLCJleHAiOjE1MTIxNzc0MTN9.PIXAf8-Ly8ODjH-cYAy7mBF13UJVAYWOdJV3AqdiCTE","canLogin":true,"status":1,"id":"77e0a41a-efbd-4629-89ba-84b71fe866e1","createdAt":1510554855636,"updatedAt":1512091013660,"version":16}},{"operationId":"5b91b199-104c-4c1c-b1aa-f4f0b62d0bd7","call_time":1510561864000,"start_time":null,"end_time":null,"worker":"a1bfe6fa-9f6b-4e67-a439-218354cfe134","operationStart":null,"operationComplete":0,"status":1,"id":"a01287a1-0655-41ce-8ac3-ea4c4ec4d3d5","createdAt":1512013369079,"updatedAt":1512013369079,"version":0,"user":{"name":"曹操","email":"378338627@qq.com","phone":"15822927208","password":"$2a$10$Fao1yUCMVsQPWqWQPSRQKubbD5Ht43to.taXYs.72UeDR.ksbI7zS","gender":true,"token":null,"canLogin":true,"status":1,"id":"a1bfe6fa-9f6b-4e67-a439-218354cfe134","createdAt":1511755207582,"updatedAt":1511755207582,"version":0}},{"operationId":"5b91b199-104c-4c1c-b1aa-f4f0b62d0bd7","call_time":1510565464000,"start_time":1510565524000,"end_time":1510569364000,"worker":"2aa893a1-5ee1-44a2-8c4b-b7230c942766","operationStart":null,"operationComplete":0,"status":1,"id":"fd570233-e8a2-471a-b86d-d667d187406b","createdAt":1511833229012,"updatedAt":1511833229012,"version":0,"user":{"name":"小朱","email":"378338627@qq.com","phone":"15822927208","password":"$2a$10$M8O.f0gnz4wChx9teHz.u.cXkcnVpBboDf3XbXtEmqu/WI29QdFZC","gender":false,"token":null,"canLogin":true,"status":1,"id":"2aa893a1-5ee1-44a2-8c4b-b7230c942766","createdAt":1511755182993,"updatedAt":1511755182993,"version":0}}]},{"orderId":"2a577a4b-a635-4f14-860f-9079b4255a0b","important":false,"op":"3f6d6158-d365-4d40-b4d4-e47e4a17094f","no":"20171113003","create_time":1510561864000,"remark":"4","status":1,"id":"81e639aa-d233-4b30-bbc8-84a14820491a","createdAt":1510561948367,"updatedAt":1510561948367,"version":0,"order":{"no":"20171113000","custom_name":"刘孟","custom_phone":"15822927208","incoming_time":1510561864000,"custom_corporation":"bf31f1a5-2660-46fc-b1c8-a150812d27e3","custom_position":"b720d1b5-a333-4e3d-991a-8cf68966022c","remark":"小姐姐","status":1,"needs":"[object Object],[object Object],[object Object],[object Object]","id":"2a577a4b-a635-4f14-860f-9079b4255a0b","createdAt":1510561948275,"updatedAt":1510561948275,"version":0,"corporation":{"name":"建规局","description":"建规局","status":1,"groupId":"64cd3c35-1cbb-4978-8cb1-e4084bf567d6","id":"bf31f1a5-2660-46fc-b1c8-a150812d27e3","createdAt":1510554857444,"updatedAt":1510554857444,"version":0},"corpBuilding":{"corporationId":"bf31f1a5-2660-46fc-b1c8-a150812d27e3","buildingId":"4b35bbaa-4da9-442e-8adf-ae7fbc656330","floor":4,"position":"E","status":1,"id":"b720d1b5-a333-4e3d-991a-8cf68966022c","createdAt":1510554857545,"updatedAt":1510554857545,"version":0,"building":{"name":"商务大厦南楼","address":"南","minfloor":1,"maxfloor":15,"status":1,"id":"4b35bbaa-4da9-442e-8adf-ae7fbc656330","createdAt":1510554856022,"updatedAt":1510554856022,"version":0}}},"actions":[{"operationId":"81e639aa-d233-4b30-bbc8-84a14820491a","call_time":1510561864000,"start_time":1510565464000,"end_time":1510569064000,"worker":"77e0a41a-efbd-4629-89ba-84b71fe866e1","operationStart":1,"operationComplete":1,"status":1,"id":"ac354ef5-f7d8-4c3e-ba98-cdf7e4849258","createdAt":1510561948464,"updatedAt":1510561948464,"version":0,"user":{"name":"admin","email":"378338627@qq.com","phone":"15822927208","password":"$2a$10$oo3PUuyU2No4WRrDP/GUNOGsLUldeVjH6eH1q/N./UtbeNY1eJQx2","gender":true,"token":"eyJhbGciOiJIUzI1NiIsInR5cCI6IkpXVCJ9.eyJkYXRhIjp7ImlkIjoiNzdlMGE0MWEtZWZiZC00NjI5LTg5YmEtODRiNzFmZTg2NmUxIiwibmFtZSI6ImFkbWluIiwiZ2VuZGVyIjp0cnVlLCJlbWFpbCI6IjM3ODMzODYyN0BxcS5jb20ifSwiaWF0IjoxNTEyMDkxMDEzLCJleHAiOjE1MTIxNzc0MTN9.PIXAf8-Ly8ODjH-cYAy7mBF13UJVAYWOdJV3AqdiCTE","canLogin":true,"status":1,"id":"77e0a41a-efbd-4629-89ba-84b71fe866e1","createdAt":1510554855636,"updatedAt":1512091013660,"version":16}}]},{"orderId":"2a577a4b-a635-4f14-860f-9079b4255a0b","important":true,"op":"a7a82216-4740-49fd-a0d4-ebcc8ea257c8","no":"20171113000","create_time":1510561864000,"remark":"1","status":1,"id":"c8a511ff-8ac3-49af-8798-852f39ab1694","createdAt":1510561948366,"updatedAt":1510561948366,"version":0,"order":{"no":"20171113000","custom_name":"刘孟","custom_phone":"15822927208","incoming_time":1510561864000,"custom_corporation":"bf31f1a5-2660-46fc-b1c8-a150812d27e3","custom_position":"b720d1b5-a333-4e3d-991a-8cf68966022c","remark":"小姐姐","status":1,"needs":"[object Object],[object Object],[object Object],[object Object]","id":"2a577a4b-a635-4f14-860f-9079b4255a0b","createdAt":1510561948275,"updatedAt":1510561948275,"version":0,"corporation":{"name":"建规局","description":"建规局","status":1,"groupId":"64cd3c35-1cbb-4978-8cb1-e4084bf567d6","id":"bf31f1a5-2660-46fc-b1c8-a150812d27e3","createdAt":1510554857444,"updatedAt":1510554857444,"version":0},"corpBuilding":{"corporationId":"bf31f1a5-2660-46fc-b1c8-a150812d27e3","buildingId":"4b35bbaa-4da9-442e-8adf-ae7fbc656330","floor":4,"position":"E","status":1,"id":"b720d1b5-a333-4e3d-991a-8cf68966022c","createdAt":1510554857545,"updatedAt":1510554857545,"version":0,"building":{"name":"商务大厦南楼","address":"南","minfloor":1,"maxfloor":15,"status":1,"id":"4b35bbaa-4da9-442e-8adf-ae7fbc656330","createdAt":1510554856022,"updatedAt":1510554856022,"version":0}}},"actions":[]}],"total":4}
*************** response log end ***************

