[2018-03-01 16:22:25.025] [INFO] resLogger - 
*************** response log start ***************
request method: GET
request originalUrl:  /api/operation/list_month_worker/time/1519886038001?token=eyJhbGciOiJIUzI1NiIsInR5cCI6IkpXVCJ9.eyJkYXRhIjp7ImlkIjoiMDU3MjBlNmUtZWJlMy00MDM2LWI1NzUtZmYxZmEwYzZjYjM4IiwibmFtZSI6ImFkbWluIiwiZ2VuZGVyIjp0cnVlLCJlbWFpbCI6IjM3ODMzODYyN0BxcS5jb20ifSwiaWF0IjoxNTE5ODg2MDM1LCJleHAiOjE1MTk5NzI0MzV9.cIcp5wrx2swF5PrDwayrbcUeojYq7Dj2jQ1CjLuSjFA
request client ip:  ::ffff:127.0.0.1
request query:  {"token":"eyJhbGciOiJIUzI1NiIsInR5cCI6IkpXVCJ9.eyJkYXRhIjp7ImlkIjoiMDU3MjBlNmUtZWJlMy00MDM2LWI1NzUtZmYxZmEwYzZjYjM4IiwibmFtZSI6ImFkbWluIiwiZ2VuZGVyIjp0cnVlLCJlbWFpbCI6IjM3ODMzODYyN0BxcS5jb20ifSwiaWF0IjoxNTE5ODg2MDM1LCJleHAiOjE1MTk5NzI0MzV9.cIcp5wrx2swF5PrDwayrbcUeojYq7Dj2jQ1CjLuSjFA"}
response time: 239
response status: 200
response body: 
{"status":0,"data":[{"operationId":"b943b7e3-e5b3-4de7-8c7f-f56991c39449","call_time":1519885198000,"start_time":1519885258000,"end_time":1519885918000,"worker":"e096a454-4426-400f-92ad-9726744236c0","operationStart":null,"operationComplete":1,"status":1,"id":"032b6162-4b52-449d-ad13-33592cec043b","createdAt":1519886006327,"updatedAt":1519886006327,"version":0,"operation":{"orderId":"d8a09677-0286-4aff-9b09-5477a14ba5e0","important":false,"op":"8bc5e0d1-0c38-4833-9caa-ce9466796c1a","no":"20180301001","create_time":1519885138000,"remark":"","status":1,"id":"b943b7e3-e5b3-4de7-8c7f-f56991c39449","createdAt":1519886006273,"updatedAt":1519886006273,"version":0},"user":{"name":"朱亚亮","email":"378338627@qq.com","phone":"15822927208","password":"$2a$10$tkDWWL9Mkz9AUFRa.zS/suzNbr.PYt8dYnZloNBj4mkVHyh/kIvM6","gender":true,"token":null,"canLogin":true,"status":1,"roleId":"1b79df38-b310-4208-9c16-2d0cda08be42","id":"e096a454-4426-400f-92ad-9726744236c0","createdAt":1515633151464,"updatedAt":1515633151464,"version":0}},{"operationId":"b47eef09-8783-48dd-bf45-06a14f467c29","call_time":1519868013000,"start_time":1519868793000,"end_time":1519872153000,"worker":"ddb9b8c8-e9ba-48ac-af2e-bce4d534e4fb","operationStart":null,"operationComplete":0,"status":1,"id":"7e444d21-7f81-42e9-83d6-9990f78c3139","createdAt":1519884062819,"updatedAt":1519884081818,"version":1,"operation":{"orderId":"e9bca83d-07b4-44c2-9a7b-97f3c2aaa924","important":false,"op":"bcd629fb-a003-4bf5-8332-ffdec3a71bec","no":"20180301000","create_time":1519868013000,"remark":"","status":1,"id":"b47eef09-8783-48dd-bf45-06a14f467c29","createdAt":1519884062774,"updatedAt":1519884062774,"version":0},"user":{"name":"张赫","email":"378338627@qq.com","phone":"15822927208","password":"$2a$10$JUhMlqmi1flOuZRNBWq8j.o1y9YUDnWElK8XNEMAgkk/WAw66oVUu","gender":true,"token":null,"canLogin":true,"status":1,"roleId":"1b79df38-b310-4208-9c16-2d0cda08be42","id":"ddb9b8c8-e9ba-48ac-af2e-bce4d534e4fb","createdAt":1515633151464,"updatedAt":1515633151464,"version":0}},{"operationId":"b47eef09-8783-48dd-bf45-06a14f467c29","call_time":1519880433000,"start_time":1519880728000,"end_time":1519883673000,"worker":"e096a454-4426-400f-92ad-9726744236c0","operationStart":null,"operationComplete":1,"status":1,"id":"8c053edc-7b82-4892-a2bc-bf158c18ccd8","createdAt":1519884150092,"updatedAt":1519884150092,"version":0,"operation":{"orderId":"e9bca83d-07b4-44c2-9a7b-97f3c2aaa924","important":false,"op":"bcd629fb-a003-4bf5-8332-ffdec3a71bec","no":"20180301000","create_time":1519868013000,"remark":"","status":1,"id":"b47eef09-8783-48dd-bf45-06a14f467c29","createdAt":1519884062774,"updatedAt":1519884062774,"version":0},"user":{"name":"朱亚亮","email":"378338627@qq.com","phone":"15822927208","password":"$2a$10$tkDWWL9Mkz9AUFRa.zS/suzNbr.PYt8dYnZloNBj4mkVHyh/kIvM6","gender":true,"token":null,"canLogin":true,"status":1,"roleId":"1b79df38-b310-4208-9c16-2d0cda08be42","id":"e096a454-4426-400f-92ad-9726744236c0","createdAt":1515633151464,"updatedAt":1515633151464,"version":0}},{"operationId":"b47eef09-8783-48dd-bf45-06a14f467c29","call_time":1519873953000,"start_time":1519873953000,"end_time":1519876833000,"worker":"e096a454-4426-400f-92ad-9726744236c0","operationStart":null,"operationComplete":0,"status":1,"id":"d33d8ad1-445a-440e-aa2d-a22b47e49970","createdAt":1519884118840,"updatedAt":1519884118840,"version":0,"operation":{"orderId":"e9bca83d-07b4-44c2-9a7b-97f3c2aaa924","important":false,"op":"bcd629fb-a003-4bf5-8332-ffdec3a71bec","no":"20180301000","create_time":1519868013000,"remark":"","status":1,"id":"b47eef09-8783-48dd-bf45-06a14f467c29","createdAt":1519884062774,"updatedAt":1519884062774,"version":0},"user":{"name":"朱亚亮","email":"378338627@qq.com","phone":"15822927208","password":"$2a$10$tkDWWL9Mkz9AUFRa.zS/suzNbr.PYt8dYnZloNBj4mkVHyh/kIvM6","gender":true,"token":null,"canLogin":true,"status":1,"roleId":"1b79df38-b310-4208-9c16-2d0cda08be42","id":"e096a454-4426-400f-92ad-9726744236c0","createdAt":1515633151464,"updatedAt":1515633151464,"version":0}}]}
*************** response log end ***************

[2018-03-01 16:43:48.855] [INFO] resLogger - 
*************** response log start ***************
request method: GET
request originalUrl:  /api/operation/list_month_worker/time/1519886038001?token=eyJhbGciOiJIUzI1NiIsInR5cCI6IkpXVCJ9.eyJkYXRhIjp7ImlkIjoiMDU3MjBlNmUtZWJlMy00MDM2LWI1NzUtZmYxZmEwYzZjYjM4IiwibmFtZSI6ImFkbWluIiwiZ2VuZGVyIjp0cnVlLCJlbWFpbCI6IjM3ODMzODYyN0BxcS5jb20ifSwiaWF0IjoxNTE5ODg2MDM1LCJleHAiOjE1MTk5NzI0MzV9.cIcp5wrx2swF5PrDwayrbcUeojYq7Dj2jQ1CjLuSjFA
request client ip:  ::ffff:127.0.0.1
request query:  {"token":"eyJhbGciOiJIUzI1NiIsInR5cCI6IkpXVCJ9.eyJkYXRhIjp7ImlkIjoiMDU3MjBlNmUtZWJlMy00MDM2LWI1NzUtZmYxZmEwYzZjYjM4IiwibmFtZSI6ImFkbWluIiwiZ2VuZGVyIjp0cnVlLCJlbWFpbCI6IjM3ODMzODYyN0BxcS5jb20ifSwiaWF0IjoxNTE5ODg2MDM1LCJleHAiOjE1MTk5NzI0MzV9.cIcp5wrx2swF5PrDwayrbcUeojYq7Dj2jQ1CjLuSjFA"}
response time: 243
response status: 200
response body: 
{"name":"SequelizeDatabaseError","message":"ER_MIX_OF_GROUP_FUNC_AND_FIELDS: In aggregated query without GROUP BY, expression #1 of SELECT list contains nonaggregated column 'lg.actions.id'; this is incompatible with sql_mode=only_full_group_by","parent":{"code":"ER_MIX_OF_GROUP_FUNC_AND_FIELDS","errno":1140,"sqlState":"42000","index":0,"sql":"SELECT `actions`.`id`, `user`.`name` AS `user`, COUNT(`actions`.`id`) AS `count` FROM `actions` AS `actions` INNER JOIN `operations` AS `operation` ON `actions`.`operationId` = `operation`.`id` AND `operation`.`status` = 1 AND (`operation`.`create_time` >= 1519833600000 AND `operation`.`create_time` <= '1519886038001') INNER JOIN `users` AS `user` ON `actions`.`worker` = `user`.`id` AND `user`.`status` = 1 WHERE `actions`.`status` = 1;"},"original":{"code":"ER_MIX_OF_GROUP_FUNC_AND_FIELDS","errno":1140,"sqlState":"42000","index":0,"sql":"SELECT `actions`.`id`, `user`.`name` AS `user`, COUNT(`actions`.`id`) AS `count` FROM `actions` AS `actions` INNER JOIN `operations` AS `operation` ON `actions`.`operationId` = `operation`.`id` AND `operation`.`status` = 1 AND (`operation`.`create_time` >= 1519833600000 AND `operation`.`create_time` <= '1519886038001') INNER JOIN `users` AS `user` ON `actions`.`worker` = `user`.`id` AND `user`.`status` = 1 WHERE `actions`.`status` = 1;"},"sql":"SELECT `actions`.`id`, `user`.`name` AS `user`, COUNT(`actions`.`id`) AS `count` FROM `actions` AS `actions` INNER JOIN `operations` AS `operation` ON `actions`.`operationId` = `operation`.`id` AND `operation`.`status` = 1 AND (`operation`.`create_time` >= 1519833600000 AND `operation`.`create_time` <= '1519886038001') INNER JOIN `users` AS `user` ON `actions`.`worker` = `user`.`id` AND `user`.`status` = 1 WHERE `actions`.`status` = 1;","status":500}
*************** response log end ***************

[2018-03-01 16:46:05.542] [INFO] resLogger - 
*************** response log start ***************
request method: GET
request originalUrl:  /api/operation/list_month_worker/time/1519886038001?token=eyJhbGciOiJIUzI1NiIsInR5cCI6IkpXVCJ9.eyJkYXRhIjp7ImlkIjoiMDU3MjBlNmUtZWJlMy00MDM2LWI1NzUtZmYxZmEwYzZjYjM4IiwibmFtZSI6ImFkbWluIiwiZ2VuZGVyIjp0cnVlLCJlbWFpbCI6IjM3ODMzODYyN0BxcS5jb20ifSwiaWF0IjoxNTE5ODg2MDM1LCJleHAiOjE1MTk5NzI0MzV9.cIcp5wrx2swF5PrDwayrbcUeojYq7Dj2jQ1CjLuSjFA
request client ip:  ::ffff:127.0.0.1
request query:  {"token":"eyJhbGciOiJIUzI1NiIsInR5cCI6IkpXVCJ9.eyJkYXRhIjp7ImlkIjoiMDU3MjBlNmUtZWJlMy00MDM2LWI1NzUtZmYxZmEwYzZjYjM4IiwibmFtZSI6ImFkbWluIiwiZ2VuZGVyIjp0cnVlLCJlbWFpbCI6IjM3ODMzODYyN0BxcS5jb20ifSwiaWF0IjoxNTE5ODg2MDM1LCJleHAiOjE1MTk5NzI0MzV9.cIcp5wrx2swF5PrDwayrbcUeojYq7Dj2jQ1CjLuSjFA"}
response time: 214
response status: 200
response body: 
{"status":0,"data":[{"count":1},{"count":1},{"count":1},{"count":1}]}
*************** response log end ***************

[2018-03-01 16:56:48.618] [INFO] resLogger - 
*************** response log start ***************
request method: GET
request originalUrl:  /api/operation/list_month_worker/time/1519886038001?token=eyJhbGciOiJIUzI1NiIsInR5cCI6IkpXVCJ9.eyJkYXRhIjp7ImlkIjoiMDU3MjBlNmUtZWJlMy00MDM2LWI1NzUtZmYxZmEwYzZjYjM4IiwibmFtZSI6ImFkbWluIiwiZ2VuZGVyIjp0cnVlLCJlbWFpbCI6IjM3ODMzODYyN0BxcS5jb20ifSwiaWF0IjoxNTE5ODg2MDM1LCJleHAiOjE1MTk5NzI0MzV9.cIcp5wrx2swF5PrDwayrbcUeojYq7Dj2jQ1CjLuSjFA
request client ip:  ::ffff:127.0.0.1
request query:  {"token":"eyJhbGciOiJIUzI1NiIsInR5cCI6IkpXVCJ9.eyJkYXRhIjp7ImlkIjoiMDU3MjBlNmUtZWJlMy00MDM2LWI1NzUtZmYxZmEwYzZjYjM4IiwibmFtZSI6ImFkbWluIiwiZ2VuZGVyIjp0cnVlLCJlbWFpbCI6IjM3ODMzODYyN0BxcS5jb20ifSwiaWF0IjoxNTE5ODg2MDM1LCJleHAiOjE1MTk5NzI0MzV9.cIcp5wrx2swF5PrDwayrbcUeojYq7Dj2jQ1CjLuSjFA"}
response time: 197
response status: 200
response body: 
{"status":0,"data":[{"orderId":"d8a09677-0286-4aff-9b09-5477a14ba5e0","important":false,"op":"8bc5e0d1-0c38-4833-9caa-ce9466796c1a","no":"20180301001","create_time":1519885138000,"remark":"","status":1,"id":"b943b7e3-e5b3-4de7-8c7f-f56991c39449","createdAt":1519886006273,"updatedAt":1519886006273,"version":0,"actions":[{"operationId":"b943b7e3-e5b3-4de7-8c7f-f56991c39449","call_time":1519885198000,"start_time":1519885258000,"end_time":1519885918000,"worker":"e096a454-4426-400f-92ad-9726744236c0","operationStart":null,"operationComplete":1,"status":1,"id":"032b6162-4b52-449d-ad13-33592cec043b","createdAt":1519886006327,"updatedAt":1519886006327,"version":0,"user":{"name":"朱亚亮","email":"378338627@qq.com","phone":"15822927208","password":"$2a$10$tkDWWL9Mkz9AUFRa.zS/suzNbr.PYt8dYnZloNBj4mkVHyh/kIvM6","gender":true,"token":null,"canLogin":true,"status":1,"roleId":"1b79df38-b310-4208-9c16-2d0cda08be42","id":"e096a454-4426-400f-92ad-9726744236c0","createdAt":1515633151464,"updatedAt":1515633151464,"version":0}}]},{"orderId":"e9bca83d-07b4-44c2-9a7b-97f3c2aaa924","important":false,"op":"bcd629fb-a003-4bf5-8332-ffdec3a71bec","no":"20180301000","create_time":1519868013000,"remark":"","status":1,"id":"b47eef09-8783-48dd-bf45-06a14f467c29","createdAt":1519884062774,"updatedAt":1519884062774,"version":0,"actions":[{"operationId":"b47eef09-8783-48dd-bf45-06a14f467c29","call_time":1519868013000,"start_time":1519868793000,"end_time":1519872153000,"worker":"ddb9b8c8-e9ba-48ac-af2e-bce4d534e4fb","operationStart":null,"operationComplete":0,"status":1,"id":"7e444d21-7f81-42e9-83d6-9990f78c3139","createdAt":1519884062819,"updatedAt":1519884081818,"version":1,"user":{"name":"张赫","email":"378338627@qq.com","phone":"15822927208","password":"$2a$10$JUhMlqmi1flOuZRNBWq8j.o1y9YUDnWElK8XNEMAgkk/WAw66oVUu","gender":true,"token":null,"canLogin":true,"status":1,"roleId":"1b79df38-b310-4208-9c16-2d0cda08be42","id":"ddb9b8c8-e9ba-48ac-af2e-bce4d534e4fb","createdAt":1515633151464,"updatedAt":1515633151464,"version":0}},{"operationId":"b47eef09-8783-48dd-bf45-06a14f467c29","call_time":1519880433000,"start_time":1519880728000,"end_time":1519883673000,"worker":"e096a454-4426-400f-92ad-9726744236c0","operationStart":null,"operationComplete":1,"status":1,"id":"8c053edc-7b82-4892-a2bc-bf158c18ccd8","createdAt":1519884150092,"updatedAt":1519884150092,"version":0,"user":{"name":"朱亚亮","email":"378338627@qq.com","phone":"15822927208","password":"$2a$10$tkDWWL9Mkz9AUFRa.zS/suzNbr.PYt8dYnZloNBj4mkVHyh/kIvM6","gender":true,"token":null,"canLogin":true,"status":1,"roleId":"1b79df38-b310-4208-9c16-2d0cda08be42","id":"e096a454-4426-400f-92ad-9726744236c0","createdAt":1515633151464,"updatedAt":1515633151464,"version":0}},{"operationId":"b47eef09-8783-48dd-bf45-06a14f467c29","call_time":1519873953000,"start_time":1519873953000,"end_time":1519876833000,"worker":"e096a454-4426-400f-92ad-9726744236c0","operationStart":null,"operationComplete":0,"status":1,"id":"d33d8ad1-445a-440e-aa2d-a22b47e49970","createdAt":1519884118840,"updatedAt":1519884118840,"version":0,"user":{"name":"朱亚亮","email":"378338627@qq.com","phone":"15822927208","password":"$2a$10$tkDWWL9Mkz9AUFRa.zS/suzNbr.PYt8dYnZloNBj4mkVHyh/kIvM6","gender":true,"token":null,"canLogin":true,"status":1,"roleId":"1b79df38-b310-4208-9c16-2d0cda08be42","id":"e096a454-4426-400f-92ad-9726744236c0","createdAt":1515633151464,"updatedAt":1515633151464,"version":0}}]}]}
*************** response log end ***************

