[2018-07-26 13:12:23.032] [INFO] resLogger - 
*************** response log start ***************
request method: GET
request originalUrl:  /api/operation/list_week/time/1532577600000
request client ip:  ::1
request query:  {}
response time: 166
response status: 200
response body: 
{"status":0,"data":[{"days":"20171204","count":12,"weekname":"星期一"},{"days":"20171205","count":5,"weekname":"星期二"},{"days":"20171208","count":3,"weekname":"星期三"},{"days":"20171211","count":4,"weekname":"星期四"},{"days":"20171212","count":13,"weekname":"星期五"},{"days":"20171213","count":3,"weekname":"星期六"},{"days":"20171214","count":6,"weekname":"星期日"},{"days":"20171218","count":5},{"days":"20171219","count":1},{"days":"20171221","count":6},{"days":"20171222","count":1},{"days":"20171225","count":1},{"days":"20171226","count":2},{"days":"20171227","count":2},{"days":"20180102","count":1},{"days":"20180103","count":5},{"days":"20180104","count":3},{"days":"20180105","count":1},{"days":"20180108","count":5},{"days":"20180109","count":4},{"days":"20180110","count":5},{"days":"20180111","count":5},{"days":"20180112","count":4},{"days":"20180115","count":12},{"days":"20180116","count":5},{"days":"20180117","count":5},{"days":"20180118","count":7},{"days":"20180119","count":6},{"days":"20180122","count":2},{"days":"20180123","count":1},{"days":"20180125","count":2},{"days":"20180126","count":2},{"days":"20180129","count":11},{"days":"20180130","count":1},{"days":"20180131","count":2},{"days":"20180201","count":3},{"days":"20180202","count":8},{"days":"20180205","count":6},{"days":"20180206","count":4},{"days":"20180207","count":12},{"days":"20180208","count":7},{"days":"20180209","count":3},{"days":"20180211","count":7},{"days":"20180212","count":3},{"days":"20180213","count":4},{"days":"20180222","count":3},{"days":"20180223","count":1},{"days":"20180224","count":1},{"days":"20180226","count":1},{"days":"20180227","count":4},{"days":"20180228","count":3},{"days":"20180301","count":2},{"days":"20180302","count":2},{"days":"20180305","count":1},{"days":"20180306","count":13},{"days":"20180307","count":3},{"days":"20180308","count":2},{"days":"20180309","count":4},{"days":"20180312","count":3},{"days":"20180313","count":2},{"days":"20180314","count":1},{"days":"20180315","count":24},{"days":"20180316","count":19},{"days":"20180319","count":13},{"days":"20180320","count":22},{"days":"20180321","count":15},{"days":"20180322","count":7},{"days":"20180323","count":27},{"days":"20180326","count":10},{"days":"20180327","count":16},{"days":"20180328","count":3},{"days":"20180329","count":2},{"days":"20180330","count":5},{"days":"20180402","count":23},{"days":"20180403","count":2},{"days":"20180404","count":7},{"days":"20180408","count":3},{"days":"20180409","count":4},{"days":"20180410","count":4},{"days":"20180411","count":4},{"days":"20180412","count":1},{"days":"20180413","count":4},{"days":"20180416","count":16},{"days":"20180417","count":10},{"days":"20180418","count":8},{"days":"20180419","count":4},{"days":"20180420","count":4},{"days":"20180423","count":9},{"days":"20180424","count":4},{"days":"20180425","count":2},{"days":"20180426","count":20},{"days":"20180427","count":16},{"days":"20180428","count":11},{"days":"20180502","count":2},{"days":"20180503","count":6},{"days":"20180507","count":5},{"days":"20180508","count":2},{"days":"20180509","count":6},{"days":"20180510","count":4},{"days":"20180511","count":26},{"days":"20180514","count":4},{"days":"20180515","count":4},{"days":"20180516","count":8},{"days":"20180518","count":2},{"days":"20180521","count":3},{"days":"20180522","count":18},{"days":"20180524","count":3},{"days":"20180525","count":6},{"days":"20180528","count":3},{"days":"20180529","count":7},{"days":"20180530","count":2},{"days":"20180531","count":4},{"days":"20180601","count":3},{"days":"20180604","count":6},{"days":"20180605","count":1},{"days":"20180606","count":2},{"days":"20180607","count":1},{"days":"20180611","count":7},{"days":"20180612","count":3},{"days":"20180614","count":1},{"days":"20180615","count":3},{"days":"20180619","count":8},{"days":"20180620","count":6},{"days":"20180621","count":4},{"days":"20180622","count":1},{"days":"20180626","count":4},{"days":"20180627","count":3},{"days":"20180629","count":3},{"days":"20180702","count":12},{"days":"20180703","count":4},{"days":"20180704","count":4},{"days":"20180705","count":2},{"days":"20180706","count":2},{"days":"20180709","count":14},{"days":"20180710","count":7},{"days":"20180711","count":2},{"days":"20180712","count":1},{"days":"20180713","count":2},{"days":"20180716","count":10},{"days":"20180717","count":1},{"days":"20180718","count":4},{"days":"20180719","count":2},{"days":"20180720","count":5},{"days":"20180722","count":1},{"days":"20180723","count":5},{"days":"20180724","count":1},{"days":"20180725","count":7},{"days":"20180726","count":9},{"days":"20180727","count":0},{"days":"20180728","count":0},{"days":"20180729","count":0}]}
*************** response log end ***************

[2018-07-26 13:15:48.091] [INFO] resLogger - 
*************** response log start ***************
request method: GET
request originalUrl:  /api/operation/list_week/time/1532577600000
request client ip:  ::1
request query:  {}
response time: 170
response status: 200
response body: 
{"status":0,"data":[{"days":"20180722","count":1,"weekname":"星期一"},{"days":"20180723","count":5,"weekname":"星期二"},{"days":"20180724","count":1,"weekname":"星期三"},{"days":"20180725","count":7,"weekname":"星期四"},{"days":"20180726","count":9,"weekname":"星期五"},{"days":"20180727","count":0,"weekname":"星期六"},{"days":"20180728","count":0,"weekname":"星期日"},{"days":"20180729","count":0}]}
*************** response log end ***************

[2018-07-26 13:16:21.536] [INFO] resLogger - 
*************** response log start ***************
request method: GET
request originalUrl:  /api/operation/list_week/time/1532577600000
request client ip:  ::1
request query:  {}
response time: 127
response status: 200
response body: 
{"status":0,"data":[[{"days":"20180722","count":1},{"days":"20180723","count":5},{"days":"20180724","count":1},{"days":"20180725","count":7},{"days":"20180726","count":9}],[{"days":"20180722","count":1},{"days":"20180723","count":5},{"days":"20180724","count":1},{"days":"20180725","count":7},{"days":"20180726","count":9}],{"days":"20180723","count":0,"weekname":"星期三"},{"days":"20180724","count":0,"weekname":"星期四"},{"days":"20180725","count":0,"weekname":"星期五"},{"days":"20180726","count":0,"weekname":"星期六"},{"days":"20180727","count":0,"weekname":"星期日"},{"days":"20180728","count":0},{"days":"20180729","count":0}]}
*************** response log end ***************

[2018-07-26 13:19:10.822] [INFO] resLogger - 
*************** response log start ***************
request method: GET
request originalUrl:  /api/operation/list_week/time/1532577600000
request client ip:  ::ffff:127.0.0.1
request query:  {}
response time: 221
response status: 200
response body: 
{"status":0,"data":[[{"days":"20180722","count":1},{"days":"20180723","count":5},{"days":"20180724","count":1},{"days":"20180725","count":7},{"days":"20180726","count":9}],[{"days":"20180722","count":1},{"days":"20180723","count":5},{"days":"20180724","count":1},{"days":"20180725","count":7},{"days":"20180726","count":9}]]}
*************** response log end ***************

[2018-07-26 13:24:02.928] [INFO] resLogger - 
*************** response log start ***************
request method: GET
request originalUrl:  /api/operation/list_week/time/1532577600000
request client ip:  ::1
request query:  {}
response time: 164
response status: 200
response body: 
{"status":0,"data":[{"days":"20180722","count":1,"weekname":"星期一"},{"days":"20180723","count":5,"weekname":"星期二"},{"days":"20180724","count":1,"weekname":"星期三"},{"days":"20180725","count":7,"weekname":"星期四"},{"days":"20180726","count":9,"weekname":"星期五"},{"days":"20180727","count":0,"weekname":"星期六"},{"days":"20180728","count":0,"weekname":"星期日"},{"days":"20180729","count":0}]}
*************** response log end ***************

[2018-07-26 13:30:18.228] [INFO] resLogger - 
*************** response log start ***************
request method: GET
request originalUrl:  /api/operation/list_week/time/1532577600000
request client ip:  ::1
request query:  {}
response time: 141
response status: 200
response body: 
{"status":0,"data":[{"days":"20180722","weekname":"星期一"},{"days":"20180723","weekname":"星期二"},{"days":"20180724","weekname":"星期三"},{"days":"20180725","weekname":"星期四"},{"days":"20180726","weekname":"星期五"},{"days":"20180727","count":0,"weekname":"星期六"},{"days":"20180728","count":0,"weekname":"星期日"},{"days":"20180729","count":0}]}
*************** response log end ***************

[2018-07-26 13:38:32.141] [INFO] resLogger - 
*************** response log start ***************
request method: GET
request originalUrl:  /api/operation/list_week/time/1532577600000
request client ip:  ::1
request query:  {}
response time: 144
response status: 200
response body: 
{"status":0,"data":[{"days":"20180722","count":1,"weekname":"星期一"},{"days":"20180723","count":5,"weekname":"星期二"},{"days":"20180724","count":1,"weekname":"星期三"},{"days":"20180725","count":7,"weekname":"星期四"},{"days":"20180726","count":9,"weekname":"星期五"},{"days":"20180727","count":0,"weekname":"星期六"},{"days":"20180728","count":0,"weekname":"星期日"},{"days":"20180729","count":0}]}
*************** response log end ***************

