[2017-09-20 14:40:19.919] [INFO] resLogger - 
*************** response log start ***************
request method: GET
request originalUrl:  /api/user/?token=eyJhbGciOiJIUzI1NiIsInR5cCI6IkpXVCJ9.eyJkYXRhIjp7ImlkIjoiYjAxZjA2NTgtOGQ1Ni00ZjkxLWIwZmUtNmE3YThhOWUzOWUwIiwibmFtZSI6ImFkbWluIiwiZ2VuZGVyIjp0cnVlLCJlbWFpbCI6IjM3ODMzODYyN0BxcS5jb20ifSwiaWF0IjoxNTA1Nzg1NTYxLCJleHAiOjE1MDU4NzE5NjF9.Unc8MrH8yf7A3ONeaLcjXKVgUTlqmYE7ddcEXP7yhW0
request client ip:  ::ffff:127.0.0.1
request query:  {"token":"eyJhbGciOiJIUzI1NiIsInR5cCI6IkpXVCJ9.eyJkYXRhIjp7ImlkIjoiYjAxZjA2NTgtOGQ1Ni00ZjkxLWIwZmUtNmE3YThhOWUzOWUwIiwibmFtZSI6ImFkbWluIiwiZ2VuZGVyIjp0cnVlLCJlbWFpbCI6IjM3ODMzODYyN0BxcS5jb20ifSwiaWF0IjoxNTA1Nzg1NTYxLCJleHAiOjE1MDU4NzE5NjF9.Unc8MrH8yf7A3ONeaLcjXKVgUTlqmYE7ddcEXP7yhW0"}
response time: 26
response status: 200
response body: 
{"name":"jwtError","status":10003,"message":"身份验证错误！"}
*************** response log end ***************

[2017-09-20 14:56:24.731] [INFO] resLogger - 
*************** response log start ***************
request method: GET
request originalUrl:  /api/user/?token=eyJhbGciOiJIUzI1NiIsInR5cCI6IkpXVCJ9.eyJkYXRhIjp7ImlkIjoiYjAxZjA2NTgtOGQ1Ni00ZjkxLWIwZmUtNmE3YThhOWUzOWUwIiwibmFtZSI6ImFkbWluIiwiZ2VuZGVyIjp0cnVlLCJlbWFpbCI6IjM3ODMzODYyN0BxcS5jb20ifSwiaWF0IjoxNTA1Nzg1NTYxLCJleHAiOjE1MDU4NzE5NjF9.Unc8MrH8yf7A3ONeaLcjXKVgUTlqmYE7ddcEXP7yhW0
request client ip:  ::ffff:127.0.0.1
request query:  {"token":"eyJhbGciOiJIUzI1NiIsInR5cCI6IkpXVCJ9.eyJkYXRhIjp7ImlkIjoiYjAxZjA2NTgtOGQ1Ni00ZjkxLWIwZmUtNmE3YThhOWUzOWUwIiwibmFtZSI6ImFkbWluIiwiZ2VuZGVyIjp0cnVlLCJlbWFpbCI6IjM3ODMzODYyN0BxcS5jb20ifSwiaWF0IjoxNTA1Nzg1NTYxLCJleHAiOjE1MDU4NzE5NjF9.Unc8MrH8yf7A3ONeaLcjXKVgUTlqmYE7ddcEXP7yhW0"}
response time: 9
response status: 200
response body: 
{"name":"jwtError","status":10003,"message":"身份验证错误！"}
*************** response log end ***************

[2017-09-20 14:56:34.519] [INFO] resLogger - 
*************** response log start ***************
request method: OPTIONS
request originalUrl:  /api/user/login
request client ip:  ::ffff:127.0.0.1
request body: 
{}
response time: 1
response status: 204
response body: 
undefined
*************** response log end ***************

[2017-09-20 14:56:37.155] [INFO] resLogger - 
*************** response log start ***************
request method: POST
request originalUrl:  /api/user/login
request client ip:  ::ffff:127.0.0.1
request body: 
{"username":"admin","password":"admin"}
response time: 2196
response status: 200
response body: 
{"status":0,"data":{"name":"admin","email":"378338627@qq.com","phone":"15822927208","password":"$2a$10$Funs5j34qBz5uZiVfrHNcu1vMnzZmYj8sxzYXeTCikOx0Fus2/n.O","gender":true,"token":"eyJhbGciOiJIUzI1NiIsInR5cCI6IkpXVCJ9.eyJkYXRhIjp7ImlkIjoiYjAxZjA2NTgtOGQ1Ni00ZjkxLWIwZmUtNmE3YThhOWUzOWUwIiwibmFtZSI6ImFkbWluIiwiZ2VuZGVyIjp0cnVlLCJlbWFpbCI6IjM3ODMzODYyN0BxcS5jb20ifSwiaWF0IjoxNTA1ODkwNTk2LCJleHAiOjE1MDU5NzY5OTZ9.poOIoqZulEIqbED2V5TQ1DAxmUOVKMlytZqHt_-liak","canLogin":true,"status":1,"id":"b01f0658-8d56-4f91-b0fe-6a7a8a9e39e0","createdAt":1505557906169,"updatedAt":1505890596858,"version":4},"message":"登录成功！"}
*************** response log end ***************

[2017-09-20 14:56:39.242] [INFO] resLogger - 
*************** response log start ***************
request method: GET
request originalUrl:  /api/user/?token=eyJhbGciOiJIUzI1NiIsInR5cCI6IkpXVCJ9.eyJkYXRhIjp7ImlkIjoiYjAxZjA2NTgtOGQ1Ni00ZjkxLWIwZmUtNmE3YThhOWUzOWUwIiwibmFtZSI6ImFkbWluIiwiZ2VuZGVyIjp0cnVlLCJlbWFpbCI6IjM3ODMzODYyN0BxcS5jb20ifSwiaWF0IjoxNTA1ODkwNTk2LCJleHAiOjE1MDU5NzY5OTZ9.poOIoqZulEIqbED2V5TQ1DAxmUOVKMlytZqHt_-liak
request client ip:  ::ffff:127.0.0.1
request query:  {"token":"eyJhbGciOiJIUzI1NiIsInR5cCI6IkpXVCJ9.eyJkYXRhIjp7ImlkIjoiYjAxZjA2NTgtOGQ1Ni00ZjkxLWIwZmUtNmE3YThhOWUzOWUwIiwibmFtZSI6ImFkbWluIiwiZ2VuZGVyIjp0cnVlLCJlbWFpbCI6IjM3ODMzODYyN0BxcS5jb20ifSwiaWF0IjoxNTA1ODkwNTk2LCJleHAiOjE1MDU5NzY5OTZ9.poOIoqZulEIqbED2V5TQ1DAxmUOVKMlytZqHt_-liak"}
response time: 40
response status: 200
response body: 
{"status":0,"data":{"name":"admin","email":"378338627@qq.com","phone":"15822927208","password":"$2a$10$Funs5j34qBz5uZiVfrHNcu1vMnzZmYj8sxzYXeTCikOx0Fus2/n.O","gender":true,"token":"eyJhbGciOiJIUzI1NiIsInR5cCI6IkpXVCJ9.eyJkYXRhIjp7ImlkIjoiYjAxZjA2NTgtOGQ1Ni00ZjkxLWIwZmUtNmE3YThhOWUzOWUwIiwibmFtZSI6ImFkbWluIiwiZ2VuZGVyIjp0cnVlLCJlbWFpbCI6IjM3ODMzODYyN0BxcS5jb20ifSwiaWF0IjoxNTA1ODkwNTk2LCJleHAiOjE1MDU5NzY5OTZ9.poOIoqZulEIqbED2V5TQ1DAxmUOVKMlytZqHt_-liak","canLogin":true,"status":1,"id":"b01f0658-8d56-4f91-b0fe-6a7a8a9e39e0","createdAt":1505557906169,"updatedAt":1505890596858,"version":4}}
*************** response log end ***************

[2017-09-20 14:56:50.329] [INFO] resLogger - 
*************** response log start ***************
request method: GET
request originalUrl:  /api/user/?token=eyJhbGciOiJIUzI1NiIsInR5cCI6IkpXVCJ9.eyJkYXRhIjp7ImlkIjoiYjAxZjA2NTgtOGQ1Ni00ZjkxLWIwZmUtNmE3YThhOWUzOWUwIiwibmFtZSI6ImFkbWluIiwiZ2VuZGVyIjp0cnVlLCJlbWFpbCI6IjM3ODMzODYyN0BxcS5jb20ifSwiaWF0IjoxNTA1ODkwNTk2LCJleHAiOjE1MDU5NzY5OTZ9.poOIoqZulEIqbED2V5TQ1DAxmUOVKMlytZqHt_-liak
request client ip:  ::ffff:127.0.0.1
request query:  {"token":"eyJhbGciOiJIUzI1NiIsInR5cCI6IkpXVCJ9.eyJkYXRhIjp7ImlkIjoiYjAxZjA2NTgtOGQ1Ni00ZjkxLWIwZmUtNmE3YThhOWUzOWUwIiwibmFtZSI6ImFkbWluIiwiZ2VuZGVyIjp0cnVlLCJlbWFpbCI6IjM3ODMzODYyN0BxcS5jb20ifSwiaWF0IjoxNTA1ODkwNTk2LCJleHAiOjE1MDU5NzY5OTZ9.poOIoqZulEIqbED2V5TQ1DAxmUOVKMlytZqHt_-liak"}
response time: 53
response status: 200
response body: 
{"status":0,"data":{"name":"admin","email":"378338627@qq.com","phone":"15822927208","password":"$2a$10$Funs5j34qBz5uZiVfrHNcu1vMnzZmYj8sxzYXeTCikOx0Fus2/n.O","gender":true,"token":"eyJhbGciOiJIUzI1NiIsInR5cCI6IkpXVCJ9.eyJkYXRhIjp7ImlkIjoiYjAxZjA2NTgtOGQ1Ni00ZjkxLWIwZmUtNmE3YThhOWUzOWUwIiwibmFtZSI6ImFkbWluIiwiZ2VuZGVyIjp0cnVlLCJlbWFpbCI6IjM3ODMzODYyN0BxcS5jb20ifSwiaWF0IjoxNTA1ODkwNTk2LCJleHAiOjE1MDU5NzY5OTZ9.poOIoqZulEIqbED2V5TQ1DAxmUOVKMlytZqHt_-liak","canLogin":true,"status":1,"id":"b01f0658-8d56-4f91-b0fe-6a7a8a9e39e0","createdAt":1505557906169,"updatedAt":1505890596858,"version":4}}
*************** response log end ***************

[2017-09-20 14:56:51.364] [INFO] resLogger - 
*************** response log start ***************
request method: GET
request originalUrl:  /api/user/?token=eyJhbGciOiJIUzI1NiIsInR5cCI6IkpXVCJ9.eyJkYXRhIjp7ImlkIjoiYjAxZjA2NTgtOGQ1Ni00ZjkxLWIwZmUtNmE3YThhOWUzOWUwIiwibmFtZSI6ImFkbWluIiwiZ2VuZGVyIjp0cnVlLCJlbWFpbCI6IjM3ODMzODYyN0BxcS5jb20ifSwiaWF0IjoxNTA1ODkwNTk2LCJleHAiOjE1MDU5NzY5OTZ9.poOIoqZulEIqbED2V5TQ1DAxmUOVKMlytZqHt_-liak
request client ip:  ::ffff:127.0.0.1
request query:  {"token":"eyJhbGciOiJIUzI1NiIsInR5cCI6IkpXVCJ9.eyJkYXRhIjp7ImlkIjoiYjAxZjA2NTgtOGQ1Ni00ZjkxLWIwZmUtNmE3YThhOWUzOWUwIiwibmFtZSI6ImFkbWluIiwiZ2VuZGVyIjp0cnVlLCJlbWFpbCI6IjM3ODMzODYyN0BxcS5jb20ifSwiaWF0IjoxNTA1ODkwNTk2LCJleHAiOjE1MDU5NzY5OTZ9.poOIoqZulEIqbED2V5TQ1DAxmUOVKMlytZqHt_-liak"}
response time: 41
response status: 200
response body: 
{"status":0,"data":{"name":"admin","email":"378338627@qq.com","phone":"15822927208","password":"$2a$10$Funs5j34qBz5uZiVfrHNcu1vMnzZmYj8sxzYXeTCikOx0Fus2/n.O","gender":true,"token":"eyJhbGciOiJIUzI1NiIsInR5cCI6IkpXVCJ9.eyJkYXRhIjp7ImlkIjoiYjAxZjA2NTgtOGQ1Ni00ZjkxLWIwZmUtNmE3YThhOWUzOWUwIiwibmFtZSI6ImFkbWluIiwiZ2VuZGVyIjp0cnVlLCJlbWFpbCI6IjM3ODMzODYyN0BxcS5jb20ifSwiaWF0IjoxNTA1ODkwNTk2LCJleHAiOjE1MDU5NzY5OTZ9.poOIoqZulEIqbED2V5TQ1DAxmUOVKMlytZqHt_-liak","canLogin":true,"status":1,"id":"b01f0658-8d56-4f91-b0fe-6a7a8a9e39e0","createdAt":1505557906169,"updatedAt":1505890596858,"version":4}}
*************** response log end ***************

[2017-09-20 14:56:51.589] [INFO] resLogger - 
*************** response log start ***************
request method: GET
request originalUrl:  /api/business/getequip/get?token=eyJhbGciOiJIUzI1NiIsInR5cCI6IkpXVCJ9.eyJkYXRhIjp7ImlkIjoiYjAxZjA2NTgtOGQ1Ni00ZjkxLWIwZmUtNmE3YThhOWUzOWUwIiwibmFtZSI6ImFkbWluIiwiZ2VuZGVyIjp0cnVlLCJlbWFpbCI6IjM3ODMzODYyN0BxcS5jb20ifSwiaWF0IjoxNTA1ODkwNTk2LCJleHAiOjE1MDU5NzY5OTZ9.poOIoqZulEIqbED2V5TQ1DAxmUOVKMlytZqHt_-liak
request client ip:  ::ffff:127.0.0.1
request query:  {"token":"eyJhbGciOiJIUzI1NiIsInR5cCI6IkpXVCJ9.eyJkYXRhIjp7ImlkIjoiYjAxZjA2NTgtOGQ1Ni00ZjkxLWIwZmUtNmE3YThhOWUzOWUwIiwibmFtZSI6ImFkbWluIiwiZ2VuZGVyIjp0cnVlLCJlbWFpbCI6IjM3ODMzODYyN0BxcS5jb20ifSwiaWF0IjoxNTA1ODkwNTk2LCJleHAiOjE1MDU5NzY5OTZ9.poOIoqZulEIqbED2V5TQ1DAxmUOVKMlytZqHt_-liak"}
response time: 158
response status: 200
response body: 
{"status":0,"data":[{"equipment":"office"},{"equipment":"浏览器"},{"equipment":"电话"}]}
*************** response log end ***************

[2017-09-20 14:56:51.614] [INFO] resLogger - 
*************** response log start ***************
request method: GET
request originalUrl:  /api/equipType/list?token=eyJhbGciOiJIUzI1NiIsInR5cCI6IkpXVCJ9.eyJkYXRhIjp7ImlkIjoiYjAxZjA2NTgtOGQ1Ni00ZjkxLWIwZmUtNmE3YThhOWUzOWUwIiwibmFtZSI6ImFkbWluIiwiZ2VuZGVyIjp0cnVlLCJlbWFpbCI6IjM3ODMzODYyN0BxcS5jb20ifSwiaWF0IjoxNTA1ODkwNTk2LCJleHAiOjE1MDU5NzY5OTZ9.poOIoqZulEIqbED2V5TQ1DAxmUOVKMlytZqHt_-liak
request client ip:  ::ffff:127.0.0.1
request query:  {"token":"eyJhbGciOiJIUzI1NiIsInR5cCI6IkpXVCJ9.eyJkYXRhIjp7ImlkIjoiYjAxZjA2NTgtOGQ1Ni00ZjkxLWIwZmUtNmE3YThhOWUzOWUwIiwibmFtZSI6ImFkbWluIiwiZ2VuZGVyIjp0cnVlLCJlbWFpbCI6IjM3ODMzODYyN0BxcS5jb20ifSwiaWF0IjoxNTA1ODkwNTk2LCJleHAiOjE1MDU5NzY5OTZ9.poOIoqZulEIqbED2V5TQ1DAxmUOVKMlytZqHt_-liak"}
response time: 169
response status: 200
response body: 
{"status":0,"data":[{"name":"硬件","code":"HARDWARE","id":"03b57dc8-4d4b-4b1f-b4a9-9ceafc7386ba","createdAt":1505701705254,"updatedAt":1505701705254,"version":0},{"name":"软件","code":"SOFTWARE","id":"6bd52d77-5f19-482c-a9a2-41de65a5fee7","createdAt":1505557908819,"updatedAt":1505557908819,"version":0}]}
*************** response log end ***************

[2017-09-20 14:56:51.657] [INFO] resLogger - 
*************** response log start ***************
request method: GET
request originalUrl:  /api/equipOp/list?token=eyJhbGciOiJIUzI1NiIsInR5cCI6IkpXVCJ9.eyJkYXRhIjp7ImlkIjoiYjAxZjA2NTgtOGQ1Ni00ZjkxLWIwZmUtNmE3YThhOWUzOWUwIiwibmFtZSI6ImFkbWluIiwiZ2VuZGVyIjp0cnVlLCJlbWFpbCI6IjM3ODMzODYyN0BxcS5jb20ifSwiaWF0IjoxNTA1ODkwNTk2LCJleHAiOjE1MDU5NzY5OTZ9.poOIoqZulEIqbED2V5TQ1DAxmUOVKMlytZqHt_-liak
request client ip:  ::ffff:127.0.0.1
request query:  {"token":"eyJhbGciOiJIUzI1NiIsInR5cCI6IkpXVCJ9.eyJkYXRhIjp7ImlkIjoiYjAxZjA2NTgtOGQ1Ni00ZjkxLWIwZmUtNmE3YThhOWUzOWUwIiwibmFtZSI6ImFkbWluIiwiZ2VuZGVyIjp0cnVlLCJlbWFpbCI6IjM3ODMzODYyN0BxcS5jb20ifSwiaWF0IjoxNTA1ODkwNTk2LCJleHAiOjE1MDU5NzY5OTZ9.poOIoqZulEIqbED2V5TQ1DAxmUOVKMlytZqHt_-liak"}
response time: 197
response status: 200
response body: 
{"status":0,"data":[{"name":"咨询","code":"ASK","id":"92d824ed-c464-4610-9641-1604ab76a262","createdAt":1505703899127,"updatedAt":1505703899127,"version":0},{"name":"修复","code":"FIX","id":"8acc94f8-8819-4ae6-83f7-590f4841a779","createdAt":1505557908952,"updatedAt":1505557908952,"version":0},{"name":"安装","code":"SETUP","id":"dc1b8319-0486-4394-8fa3-6392aeb29e16","createdAt":1505557908883,"updatedAt":1505557908883,"version":0}]}
*************** response log end ***************

[2017-09-20 14:56:51.697] [INFO] resLogger - 
*************** response log start ***************
request method: GET
request originalUrl:  /api/business/list/page/1?token=eyJhbGciOiJIUzI1NiIsInR5cCI6IkpXVCJ9.eyJkYXRhIjp7ImlkIjoiYjAxZjA2NTgtOGQ1Ni00ZjkxLWIwZmUtNmE3YThhOWUzOWUwIiwibmFtZSI6ImFkbWluIiwiZ2VuZGVyIjp0cnVlLCJlbWFpbCI6IjM3ODMzODYyN0BxcS5jb20ifSwiaWF0IjoxNTA1ODkwNTk2LCJleHAiOjE1MDU5NzY5OTZ9.poOIoqZulEIqbED2V5TQ1DAxmUOVKMlytZqHt_-liak
request client ip:  ::ffff:127.0.0.1
request query:  {"token":"eyJhbGciOiJIUzI1NiIsInR5cCI6IkpXVCJ9.eyJkYXRhIjp7ImlkIjoiYjAxZjA2NTgtOGQ1Ni00ZjkxLWIwZmUtNmE3YThhOWUzOWUwIiwibmFtZSI6ImFkbWluIiwiZ2VuZGVyIjp0cnVlLCJlbWFpbCI6IjM3ODMzODYyN0BxcS5jb20ifSwiaWF0IjoxNTA1ODkwNTk2LCJleHAiOjE1MDU5NzY5OTZ9.poOIoqZulEIqbED2V5TQ1DAxmUOVKMlytZqHt_-liak"}
response time: 312
response status: 200
response body: 
{"status":0,"data":[{"type":"SOFTWARE","equipment":"office","operation":"SETUP","weight":2,"remark":null,"status":1,"id":"dc9ec588-6459-4ea7-b2b0-788bedb7a067","createdAt":1505705333046,"updatedAt":1505705333046,"version":0,"equiptypesname":"软件","equipopsname":"安装"},{"type":"SOFTWARE","equipment":"office","operation":"FIX","weight":9,"remark":null,"status":1,"id":"e6f7e544-ebf2-487d-9208-5c132c44aea0","createdAt":1505705333046,"updatedAt":1505705333046,"version":0,"equiptypesname":"软件","equipopsname":"修复"},{"type":"SOFTWARE","equipment":"浏览器","operation":"FIX","weight":5,"remark":null,"status":1,"id":"adbb91ae-c717-480a-8ae3-d89f35b0d4a8","createdAt":1505701583082,"updatedAt":1505701583082,"version":0,"equiptypesname":"软件","equipopsname":"修复"},{"type":"SOFTWARE","equipment":"浏览器","operation":"SETUP","weight":9,"remark":null,"status":1,"id":"25a5f307-812e-444d-97f2-bdfc5dd02de6","createdAt":1505701583081,"updatedAt":1505701583081,"version":0,"equiptypesname":"软件","equipopsname":"安装"},{"type":"HARDWARE","equipment":"电话","operation":"FIX","weight":5,"remark":"","status":1,"id":"b23edfd3-f51c-4f01-b4a3-c2f59f221bd2","createdAt":1505557909113,"updatedAt":1505557909113,"version":0,"equiptypesname":"硬件","equipopsname":"修复"},{"type":"HARDWARE","equipment":"电话","operation":"SETUP","weight":5,"remark":"","status":1,"id":"65b9542c-9e39-4a84-8214-76fde571dfa8","createdAt":1505557909016,"updatedAt":1505557909016,"version":0,"equiptypesname":"硬件","equipopsname":"安装"}],"total":6}
*************** response log end ***************

[2017-09-20 14:56:52.653] [INFO] resLogger - 
*************** response log start ***************
request method: GET
request originalUrl:  /api/user/?token=eyJhbGciOiJIUzI1NiIsInR5cCI6IkpXVCJ9.eyJkYXRhIjp7ImlkIjoiYjAxZjA2NTgtOGQ1Ni00ZjkxLWIwZmUtNmE3YThhOWUzOWUwIiwibmFtZSI6ImFkbWluIiwiZ2VuZGVyIjp0cnVlLCJlbWFpbCI6IjM3ODMzODYyN0BxcS5jb20ifSwiaWF0IjoxNTA1ODkwNTk2LCJleHAiOjE1MDU5NzY5OTZ9.poOIoqZulEIqbED2V5TQ1DAxmUOVKMlytZqHt_-liak
request client ip:  ::ffff:127.0.0.1
request query:  {"token":"eyJhbGciOiJIUzI1NiIsInR5cCI6IkpXVCJ9.eyJkYXRhIjp7ImlkIjoiYjAxZjA2NTgtOGQ1Ni00ZjkxLWIwZmUtNmE3YThhOWUzOWUwIiwibmFtZSI6ImFkbWluIiwiZ2VuZGVyIjp0cnVlLCJlbWFpbCI6IjM3ODMzODYyN0BxcS5jb20ifSwiaWF0IjoxNTA1ODkwNTk2LCJleHAiOjE1MDU5NzY5OTZ9.poOIoqZulEIqbED2V5TQ1DAxmUOVKMlytZqHt_-liak"}
response time: 71
response status: 200
response body: 
{"status":0,"data":{"name":"admin","email":"378338627@qq.com","phone":"15822927208","password":"$2a$10$Funs5j34qBz5uZiVfrHNcu1vMnzZmYj8sxzYXeTCikOx0Fus2/n.O","gender":true,"token":"eyJhbGciOiJIUzI1NiIsInR5cCI6IkpXVCJ9.eyJkYXRhIjp7ImlkIjoiYjAxZjA2NTgtOGQ1Ni00ZjkxLWIwZmUtNmE3YThhOWUzOWUwIiwibmFtZSI6ImFkbWluIiwiZ2VuZGVyIjp0cnVlLCJlbWFpbCI6IjM3ODMzODYyN0BxcS5jb20ifSwiaWF0IjoxNTA1ODkwNTk2LCJleHAiOjE1MDU5NzY5OTZ9.poOIoqZulEIqbED2V5TQ1DAxmUOVKMlytZqHt_-liak","canLogin":true,"status":1,"id":"b01f0658-8d56-4f91-b0fe-6a7a8a9e39e0","createdAt":1505557906169,"updatedAt":1505890596858,"version":4}}
*************** response log end ***************

[2017-09-20 14:56:52.776] [INFO] resLogger - 
*************** response log start ***************
request method: GET
request originalUrl:  /api/order/list/page/1?token=eyJhbGciOiJIUzI1NiIsInR5cCI6IkpXVCJ9.eyJkYXRhIjp7ImlkIjoiYjAxZjA2NTgtOGQ1Ni00ZjkxLWIwZmUtNmE3YThhOWUzOWUwIiwibmFtZSI6ImFkbWluIiwiZ2VuZGVyIjp0cnVlLCJlbWFpbCI6IjM3ODMzODYyN0BxcS5jb20ifSwiaWF0IjoxNTA1ODkwNTk2LCJleHAiOjE1MDU5NzY5OTZ9.poOIoqZulEIqbED2V5TQ1DAxmUOVKMlytZqHt_-liak
request client ip:  ::ffff:127.0.0.1
request query:  {"token":"eyJhbGciOiJIUzI1NiIsInR5cCI6IkpXVCJ9.eyJkYXRhIjp7ImlkIjoiYjAxZjA2NTgtOGQ1Ni00ZjkxLWIwZmUtNmE3YThhOWUzOWUwIiwibmFtZSI6ImFkbWluIiwiZ2VuZGVyIjp0cnVlLCJlbWFpbCI6IjM3ODMzODYyN0BxcS5jb20ifSwiaWF0IjoxNTA1ODkwNTk2LCJleHAiOjE1MDU5NzY5OTZ9.poOIoqZulEIqbED2V5TQ1DAxmUOVKMlytZqHt_-liak"}
response time: 115
response status: 200
response body: 
{"status":0,"data":[],"total":0}
*************** response log end ***************

[2017-09-20 14:56:53.709] [INFO] resLogger - 
*************** response log start ***************
request method: GET
request originalUrl:  /api/groups/list?token=eyJhbGciOiJIUzI1NiIsInR5cCI6IkpXVCJ9.eyJkYXRhIjp7ImlkIjoiYjAxZjA2NTgtOGQ1Ni00ZjkxLWIwZmUtNmE3YThhOWUzOWUwIiwibmFtZSI6ImFkbWluIiwiZ2VuZGVyIjp0cnVlLCJlbWFpbCI6IjM3ODMzODYyN0BxcS5jb20ifSwiaWF0IjoxNTA1ODkwNTk2LCJleHAiOjE1MDU5NzY5OTZ9.poOIoqZulEIqbED2V5TQ1DAxmUOVKMlytZqHt_-liak
request client ip:  ::ffff:127.0.0.1
request query:  {"token":"eyJhbGciOiJIUzI1NiIsInR5cCI6IkpXVCJ9.eyJkYXRhIjp7ImlkIjoiYjAxZjA2NTgtOGQ1Ni00ZjkxLWIwZmUtNmE3YThhOWUzOWUwIiwibmFtZSI6ImFkbWluIiwiZ2VuZGVyIjp0cnVlLCJlbWFpbCI6IjM3ODMzODYyN0BxcS5jb20ifSwiaWF0IjoxNTA1ODkwNTk2LCJleHAiOjE1MDU5NzY5OTZ9.poOIoqZulEIqbED2V5TQ1DAxmUOVKMlytZqHt_-liak"}
response time: 69
response status: 200
response body: 
{"status":0,"data":[{"name":"控股","description":"group2","status":1,"id":"99965a5c-db95-4f47-8108-66a676fabb6c","createdAt":1505557906360,"updatedAt":1505557906360,"version":0},{"name":"管委会","description":"group1","status":1,"id":"f0603fa0-ac6f-4422-b5ee-c7ecaabfafb8","createdAt":1505557906171,"updatedAt":1505557906171,"version":0}],"total":2}
*************** response log end ***************

[2017-09-20 14:58:17.756] [INFO] resLogger - 
*************** response log start ***************
request method: GET
request originalUrl:  /api/user/?token=eyJhbGciOiJIUzI1NiIsInR5cCI6IkpXVCJ9.eyJkYXRhIjp7ImlkIjoiYjAxZjA2NTgtOGQ1Ni00ZjkxLWIwZmUtNmE3YThhOWUzOWUwIiwibmFtZSI6ImFkbWluIiwiZ2VuZGVyIjp0cnVlLCJlbWFpbCI6IjM3ODMzODYyN0BxcS5jb20ifSwiaWF0IjoxNTA1ODkwNTk2LCJleHAiOjE1MDU5NzY5OTZ9.poOIoqZulEIqbED2V5TQ1DAxmUOVKMlytZqHt_-liak
request client ip:  ::ffff:127.0.0.1
request query:  {"token":"eyJhbGciOiJIUzI1NiIsInR5cCI6IkpXVCJ9.eyJkYXRhIjp7ImlkIjoiYjAxZjA2NTgtOGQ1Ni00ZjkxLWIwZmUtNmE3YThhOWUzOWUwIiwibmFtZSI6ImFkbWluIiwiZ2VuZGVyIjp0cnVlLCJlbWFpbCI6IjM3ODMzODYyN0BxcS5jb20ifSwiaWF0IjoxNTA1ODkwNTk2LCJleHAiOjE1MDU5NzY5OTZ9.poOIoqZulEIqbED2V5TQ1DAxmUOVKMlytZqHt_-liak"}
response time: 81
response status: 200
response body: 
{"status":0,"data":{"name":"admin","email":"378338627@qq.com","phone":"15822927208","password":"$2a$10$Funs5j34qBz5uZiVfrHNcu1vMnzZmYj8sxzYXeTCikOx0Fus2/n.O","gender":true,"token":"eyJhbGciOiJIUzI1NiIsInR5cCI6IkpXVCJ9.eyJkYXRhIjp7ImlkIjoiYjAxZjA2NTgtOGQ1Ni00ZjkxLWIwZmUtNmE3YThhOWUzOWUwIiwibmFtZSI6ImFkbWluIiwiZ2VuZGVyIjp0cnVlLCJlbWFpbCI6IjM3ODMzODYyN0BxcS5jb20ifSwiaWF0IjoxNTA1ODkwNTk2LCJleHAiOjE1MDU5NzY5OTZ9.poOIoqZulEIqbED2V5TQ1DAxmUOVKMlytZqHt_-liak","canLogin":true,"status":1,"id":"b01f0658-8d56-4f91-b0fe-6a7a8a9e39e0","createdAt":1505557906169,"updatedAt":1505890596858,"version":4}}
*************** response log end ***************

[2017-09-20 14:58:18.512] [INFO] resLogger - 
*************** response log start ***************
request method: GET
request originalUrl:  /api/groups/list?token=eyJhbGciOiJIUzI1NiIsInR5cCI6IkpXVCJ9.eyJkYXRhIjp7ImlkIjoiYjAxZjA2NTgtOGQ1Ni00ZjkxLWIwZmUtNmE3YThhOWUzOWUwIiwibmFtZSI6ImFkbWluIiwiZ2VuZGVyIjp0cnVlLCJlbWFpbCI6IjM3ODMzODYyN0BxcS5jb20ifSwiaWF0IjoxNTA1ODkwNTk2LCJleHAiOjE1MDU5NzY5OTZ9.poOIoqZulEIqbED2V5TQ1DAxmUOVKMlytZqHt_-liak
request client ip:  ::ffff:127.0.0.1
request query:  {"token":"eyJhbGciOiJIUzI1NiIsInR5cCI6IkpXVCJ9.eyJkYXRhIjp7ImlkIjoiYjAxZjA2NTgtOGQ1Ni00ZjkxLWIwZmUtNmE3YThhOWUzOWUwIiwibmFtZSI6ImFkbWluIiwiZ2VuZGVyIjp0cnVlLCJlbWFpbCI6IjM3ODMzODYyN0BxcS5jb20ifSwiaWF0IjoxNTA1ODkwNTk2LCJleHAiOjE1MDU5NzY5OTZ9.poOIoqZulEIqbED2V5TQ1DAxmUOVKMlytZqHt_-liak"}
response time: 92
response status: 200
response body: 
{"status":0,"data":[{"name":"控股","description":"group2","status":1,"id":"99965a5c-db95-4f47-8108-66a676fabb6c","createdAt":1505557906360,"updatedAt":1505557906360,"version":0},{"name":"管委会","description":"group1","status":1,"id":"f0603fa0-ac6f-4422-b5ee-c7ecaabfafb8","createdAt":1505557906171,"updatedAt":1505557906171,"version":0}],"total":2}
*************** response log end ***************

[2017-09-20 14:58:31.570] [INFO] resLogger - 
*************** response log start ***************
request method: GET
request originalUrl:  /api/user/?token=eyJhbGciOiJIUzI1NiIsInR5cCI6IkpXVCJ9.eyJkYXRhIjp7ImlkIjoiYjAxZjA2NTgtOGQ1Ni00ZjkxLWIwZmUtNmE3YThhOWUzOWUwIiwibmFtZSI6ImFkbWluIiwiZ2VuZGVyIjp0cnVlLCJlbWFpbCI6IjM3ODMzODYyN0BxcS5jb20ifSwiaWF0IjoxNTA1ODkwNTk2LCJleHAiOjE1MDU5NzY5OTZ9.poOIoqZulEIqbED2V5TQ1DAxmUOVKMlytZqHt_-liak
request client ip:  ::ffff:127.0.0.1
request query:  {"token":"eyJhbGciOiJIUzI1NiIsInR5cCI6IkpXVCJ9.eyJkYXRhIjp7ImlkIjoiYjAxZjA2NTgtOGQ1Ni00ZjkxLWIwZmUtNmE3YThhOWUzOWUwIiwibmFtZSI6ImFkbWluIiwiZ2VuZGVyIjp0cnVlLCJlbWFpbCI6IjM3ODMzODYyN0BxcS5jb20ifSwiaWF0IjoxNTA1ODkwNTk2LCJleHAiOjE1MDU5NzY5OTZ9.poOIoqZulEIqbED2V5TQ1DAxmUOVKMlytZqHt_-liak"}
response time: 70
response status: 200
response body: 
{"status":0,"data":{"name":"admin","email":"378338627@qq.com","phone":"15822927208","password":"$2a$10$Funs5j34qBz5uZiVfrHNcu1vMnzZmYj8sxzYXeTCikOx0Fus2/n.O","gender":true,"token":"eyJhbGciOiJIUzI1NiIsInR5cCI6IkpXVCJ9.eyJkYXRhIjp7ImlkIjoiYjAxZjA2NTgtOGQ1Ni00ZjkxLWIwZmUtNmE3YThhOWUzOWUwIiwibmFtZSI6ImFkbWluIiwiZ2VuZGVyIjp0cnVlLCJlbWFpbCI6IjM3ODMzODYyN0BxcS5jb20ifSwiaWF0IjoxNTA1ODkwNTk2LCJleHAiOjE1MDU5NzY5OTZ9.poOIoqZulEIqbED2V5TQ1DAxmUOVKMlytZqHt_-liak","canLogin":true,"status":1,"id":"b01f0658-8d56-4f91-b0fe-6a7a8a9e39e0","createdAt":1505557906169,"updatedAt":1505890596858,"version":4}}
*************** response log end ***************

[2017-09-20 14:58:31.973] [INFO] resLogger - 
*************** response log start ***************
request method: GET
request originalUrl:  /api/groups/list?token=eyJhbGciOiJIUzI1NiIsInR5cCI6IkpXVCJ9.eyJkYXRhIjp7ImlkIjoiYjAxZjA2NTgtOGQ1Ni00ZjkxLWIwZmUtNmE3YThhOWUzOWUwIiwibmFtZSI6ImFkbWluIiwiZ2VuZGVyIjp0cnVlLCJlbWFpbCI6IjM3ODMzODYyN0BxcS5jb20ifSwiaWF0IjoxNTA1ODkwNTk2LCJleHAiOjE1MDU5NzY5OTZ9.poOIoqZulEIqbED2V5TQ1DAxmUOVKMlytZqHt_-liak
request client ip:  ::ffff:127.0.0.1
request query:  {"token":"eyJhbGciOiJIUzI1NiIsInR5cCI6IkpXVCJ9.eyJkYXRhIjp7ImlkIjoiYjAxZjA2NTgtOGQ1Ni00ZjkxLWIwZmUtNmE3YThhOWUzOWUwIiwibmFtZSI6ImFkbWluIiwiZ2VuZGVyIjp0cnVlLCJlbWFpbCI6IjM3ODMzODYyN0BxcS5jb20ifSwiaWF0IjoxNTA1ODkwNTk2LCJleHAiOjE1MDU5NzY5OTZ9.poOIoqZulEIqbED2V5TQ1DAxmUOVKMlytZqHt_-liak"}
response time: 59
response status: 200
response body: 
{"status":0,"data":[{"name":"控股","description":"group2","status":1,"id":"99965a5c-db95-4f47-8108-66a676fabb6c","createdAt":1505557906360,"updatedAt":1505557906360,"version":0},{"name":"管委会","description":"group1","status":1,"id":"f0603fa0-ac6f-4422-b5ee-c7ecaabfafb8","createdAt":1505557906171,"updatedAt":1505557906171,"version":0}],"total":2}
*************** response log end ***************

