[2018-09-03 15:45:01.938] [ERROR] errorLogger - 
*************** error log start ***************
request method: GET
request originalUrl:  /page/order/da4ccbca-e7a9-4bc5-8b15-896d4399e6f8
request client ip:  ::ffff:127.0.0.1
request query:  {}
response time: 757
err name: TypeError
err message: Converting circular structure to JSON
err stack: TypeError: Converting circular structure to JSON
    at JSON.stringify (<anonymous>)
    at formatRes (F:/koa2/koa2-demo-v1.1/koa2-demo/util/log_util.js:44:48)
    at Object.logUtil.logResponse (F:/koa2/koa2-demo-v1.1/koa2-demo/util/log_util.js:26:24)
    at F:/koa2/koa2-demo-v1.1/koa2-demo/app.js:51:13
    at Generator.next (<anonymous>)
    at step (F:\koa2\koa2-demo-v1.1\koa2-demo\app.js:3:191)
    at F:\koa2\koa2-demo-v1.1\koa2-demo\app.js:3:361
    at <anonymous>
*************** error log end ***************

[2018-09-03 15:48:32.396] [ERROR] errorLogger - 
*************** error log start ***************
request method: GET
request originalUrl:  /page/order/468adfc4-f854-4722-80a1-2fe61650b17c
request client ip:  ::ffff:127.0.0.1
request query:  {}
response time: 272
err name: TypeError
err message: Converting circular structure to JSON
err stack: TypeError: Converting circular structure to JSON
    at JSON.stringify (<anonymous>)
    at formatRes (F:/koa2/koa2-demo-v1.1/koa2-demo/util/log_util.js:44:48)
    at Object.logUtil.logResponse (F:/koa2/koa2-demo-v1.1/koa2-demo/util/log_util.js:26:24)
    at F:/koa2/koa2-demo-v1.1/koa2-demo/app.js:51:13
    at Generator.next (<anonymous>)
    at step (F:\koa2\koa2-demo-v1.1\koa2-demo\app.js:3:191)
    at F:\koa2\koa2-demo-v1.1\koa2-demo\app.js:3:361
    at <anonymous>
*************** error log end ***************

