[2018-07-27 14:27:04.787] [ERROR] errorLogger - 
*************** error log start ***************
request method: GET
request originalUrl:  /page/order/6ce0bd03-6679-4af0-aa9d-e2883cc8cd58
request client ip:  ::ffff:127.0.0.1
request query:  {}
response time: 565
err name: TypeError
err message: Converting circular structure to JSON
err stack: TypeError: Converting circular structure to JSON
    at JSON.stringify (<anonymous>)
    at formatRes (F:/koa2/koa2-demo-v1.1/koa2-demo/util/log_util.js:44:48)
    at Object.logUtil.logResponse (F:/koa2/koa2-demo-v1.1/koa2-demo/util/log_util.js:26:24)
    at F:/koa2/koa2-demo-v1.1/koa2-demo/app.js:48:13
    at Generator.next (<anonymous>)
    at step (F:\koa2\koa2-demo-v1.1\koa2-demo\app.js:3:191)
    at F:\koa2\koa2-demo-v1.1\koa2-demo\app.js:3:361
    at <anonymous>
*************** error log end ***************

[2018-07-27 14:27:06.961] [ERROR] errorLogger - 
*************** error log start ***************
request method: GET
request originalUrl:  /page/order/b5682c48-0b49-4953-b0c0-4d7e96dac9bf
request client ip:  ::ffff:127.0.0.1
request query:  {}
response time: 333
err name: TypeError
err message: Converting circular structure to JSON
err stack: TypeError: Converting circular structure to JSON
    at JSON.stringify (<anonymous>)
    at formatRes (F:/koa2/koa2-demo-v1.1/koa2-demo/util/log_util.js:44:48)
    at Object.logUtil.logResponse (F:/koa2/koa2-demo-v1.1/koa2-demo/util/log_util.js:26:24)
    at F:/koa2/koa2-demo-v1.1/koa2-demo/app.js:48:13
    at Generator.next (<anonymous>)
    at step (F:\koa2\koa2-demo-v1.1\koa2-demo\app.js:3:191)
    at F:\koa2\koa2-demo-v1.1\koa2-demo\app.js:3:361
    at <anonymous>
*************** error log end ***************

[2018-07-27 14:27:09.272] [ERROR] errorLogger - 
*************** error log start ***************
request method: GET
request originalUrl:  /page/order/c292c7a2-8779-4e8d-a6a2-cd851d06f653
request client ip:  ::ffff:127.0.0.1
request query:  {}
response time: 262
err name: TypeError
err message: Converting circular structure to JSON
err stack: TypeError: Converting circular structure to JSON
    at JSON.stringify (<anonymous>)
    at formatRes (F:/koa2/koa2-demo-v1.1/koa2-demo/util/log_util.js:44:48)
    at Object.logUtil.logResponse (F:/koa2/koa2-demo-v1.1/koa2-demo/util/log_util.js:26:24)
    at F:/koa2/koa2-demo-v1.1/koa2-demo/app.js:48:13
    at Generator.next (<anonymous>)
    at step (F:\koa2\koa2-demo-v1.1\koa2-demo\app.js:3:191)
    at F:\koa2\koa2-demo-v1.1\koa2-demo\app.js:3:361
    at <anonymous>
*************** error log end ***************

