[2017-05-25 14:19:38.973] [ERROR] errorLogger - 
*************** error log start ***************
request method: GET
request originalUrl:  /api/user/getUser
request client ip:  ::1
request query:  {}
response time: 1
err name: ReferenceError
err message: now is not defined
err stack: ReferenceError: now is not defined
    at F:/koa2/koa2-demo/app/controllers/user.js:40:20
    at Generator.next (<anonymous>)
    at step (F:\koa2\koa2-demo\app\controllers\user.js:3:191)
    at F:\koa2\koa2-demo\app\controllers\user.js:3:437
    at F:\koa2\koa2-demo\app\controllers\user.js:3:99
    at exports.getUser (F:/koa2/koa2-demo/app/controllers/user.js:33:1)
    at dispatch (F:\koa2\koa2-demo\node_modules\koa-compose\index.js:44:32)
    at next (F:\koa2\koa2-demo\node_modules\koa-compose\index.js:45:18)
    at F:\koa2\koa2-demo\node_modules\koa-router\lib\router.js:345:16
    at dispatch (F:\koa2\koa2-demo\node_modules\koa-compose\index.js:44:32)
    at next (F:\koa2\koa2-demo\node_modules\koa-compose\index.js:45:18)
    at allowedMethods (F:\koa2\koa2-demo\node_modules\koa-router\lib\router.js:406:12)
    at dispatch (F:\koa2\koa2-demo\node_modules\koa-compose\index.js:44:32)
    at next (F:\koa2\koa2-demo\node_modules\koa-compose\index.js:45:18)
    at F:\koa2\koa2-demo\node_modules\koa-router\lib\router.js:345:16
    at dispatch (F:\koa2\koa2-demo\node_modules\koa-compose\index.js:44:32)
*************** error log end ***************

[2017-05-25 14:29:59.603] [ERROR] errorLogger - 
*************** error log start ***************
request method: GET
request originalUrl:  /api/user/getUser
request client ip:  ::1
request query:  {}
response time: 1
err name: ReferenceError
err message: now is not defined
err stack: ReferenceError: now is not defined
    at F:/koa2/koa2-demo/app/controllers/user.js:40:20
    at Generator.next (<anonymous>)
    at step (F:\koa2\koa2-demo\app\controllers\user.js:3:191)
    at F:\koa2\koa2-demo\app\controllers\user.js:3:437
    at F:\koa2\koa2-demo\app\controllers\user.js:3:99
    at exports.getUser (F:/koa2/koa2-demo/app/controllers/user.js:33:1)
    at dispatch (F:\koa2\koa2-demo\node_modules\koa-compose\index.js:44:32)
    at next (F:\koa2\koa2-demo\node_modules\koa-compose\index.js:45:18)
    at F:\koa2\koa2-demo\node_modules\koa-router\lib\router.js:345:16
    at dispatch (F:\koa2\koa2-demo\node_modules\koa-compose\index.js:44:32)
    at next (F:\koa2\koa2-demo\node_modules\koa-compose\index.js:45:18)
    at allowedMethods (F:\koa2\koa2-demo\node_modules\koa-router\lib\router.js:406:12)
    at dispatch (F:\koa2\koa2-demo\node_modules\koa-compose\index.js:44:32)
    at next (F:\koa2\koa2-demo\node_modules\koa-compose\index.js:45:18)
    at F:\koa2\koa2-demo\node_modules\koa-router\lib\router.js:345:16
    at dispatch (F:\koa2\koa2-demo\node_modules\koa-compose\index.js:44:32)
*************** error log end ***************

[2017-05-25 14:30:00.287] [ERROR] errorLogger - 
*************** error log start ***************
request method: GET
request originalUrl:  /api/user/getUser
request client ip:  ::1
request query:  {}
response time: 0
err name: ReferenceError
err message: now is not defined
err stack: ReferenceError: now is not defined
    at F:/koa2/koa2-demo/app/controllers/user.js:40:20
    at Generator.next (<anonymous>)
    at step (F:\koa2\koa2-demo\app\controllers\user.js:3:191)
    at F:\koa2\koa2-demo\app\controllers\user.js:3:437
    at F:\koa2\koa2-demo\app\controllers\user.js:3:99
    at exports.getUser (F:/koa2/koa2-demo/app/controllers/user.js:33:1)
    at dispatch (F:\koa2\koa2-demo\node_modules\koa-compose\index.js:44:32)
    at next (F:\koa2\koa2-demo\node_modules\koa-compose\index.js:45:18)
    at F:\koa2\koa2-demo\node_modules\koa-router\lib\router.js:345:16
    at dispatch (F:\koa2\koa2-demo\node_modules\koa-compose\index.js:44:32)
    at next (F:\koa2\koa2-demo\node_modules\koa-compose\index.js:45:18)
    at allowedMethods (F:\koa2\koa2-demo\node_modules\koa-router\lib\router.js:406:12)
    at dispatch (F:\koa2\koa2-demo\node_modules\koa-compose\index.js:44:32)
    at next (F:\koa2\koa2-demo\node_modules\koa-compose\index.js:45:18)
    at F:\koa2\koa2-demo\node_modules\koa-router\lib\router.js:345:16
    at dispatch (F:\koa2\koa2-demo\node_modules\koa-compose\index.js:44:32)
*************** error log end ***************

[2017-05-25 14:30:14.103] [ERROR] errorLogger - 
*************** error log start ***************
request method: GET
request originalUrl:  /api/user/getUser
request client ip:  ::ffff:127.0.0.1
request query:  {}
response time: 3
err name: ReferenceError
err message: now is not defined
err stack: ReferenceError: now is not defined
    at F:/koa2/koa2-demo/app/controllers/user.js:40:20
    at Generator.next (<anonymous>)
    at step (F:\koa2\koa2-demo\app\controllers\user.js:3:191)
    at F:\koa2\koa2-demo\app\controllers\user.js:3:437
    at F:\koa2\koa2-demo\app\controllers\user.js:3:99
    at exports.getUser (F:/koa2/koa2-demo/app/controllers/user.js:33:1)
    at dispatch (F:\koa2\koa2-demo\node_modules\koa-compose\index.js:44:32)
    at next (F:\koa2\koa2-demo\node_modules\koa-compose\index.js:45:18)
    at F:\koa2\koa2-demo\node_modules\koa-router\lib\router.js:345:16
    at dispatch (F:\koa2\koa2-demo\node_modules\koa-compose\index.js:44:32)
    at next (F:\koa2\koa2-demo\node_modules\koa-compose\index.js:45:18)
    at allowedMethods (F:\koa2\koa2-demo\node_modules\koa-router\lib\router.js:406:12)
    at dispatch (F:\koa2\koa2-demo\node_modules\koa-compose\index.js:44:32)
    at next (F:\koa2\koa2-demo\node_modules\koa-compose\index.js:45:18)
    at F:\koa2\koa2-demo\node_modules\koa-router\lib\router.js:345:16
    at dispatch (F:\koa2\koa2-demo\node_modules\koa-compose\index.js:44:32)
*************** error log end ***************

[2017-05-25 14:30:47.125] [ERROR] errorLogger - 
*************** error log start ***************
request method: GET
request originalUrl:  /api/user/getUser
request client ip:  ::1
request query:  {}
response time: 5
err name: userNotExist
err message: 用户不存在
err stack: userNotExist: 用户不存在
    at F:/koa2/koa2-demo/app/controllers/user.js:49:15
    at Generator.next (<anonymous>)
    at step (F:\koa2\koa2-demo\app\controllers\user.js:3:191)
    at F:\koa2\koa2-demo\app\controllers\user.js:3:437
    at F:\koa2\koa2-demo\app\controllers\user.js:3:99
    at exports.getUser (F:/koa2/koa2-demo/app/controllers/user.js:33:1)
    at dispatch (F:\koa2\koa2-demo\node_modules\koa-compose\index.js:44:32)
    at next (F:\koa2\koa2-demo\node_modules\koa-compose\index.js:45:18)
    at F:\koa2\koa2-demo\node_modules\koa-router\lib\router.js:345:16
    at dispatch (F:\koa2\koa2-demo\node_modules\koa-compose\index.js:44:32)
    at next (F:\koa2\koa2-demo\node_modules\koa-compose\index.js:45:18)
    at allowedMethods (F:\koa2\koa2-demo\node_modules\koa-router\lib\router.js:406:12)
    at dispatch (F:\koa2\koa2-demo\node_modules\koa-compose\index.js:44:32)
    at next (F:\koa2\koa2-demo\node_modules\koa-compose\index.js:45:18)
    at F:\koa2\koa2-demo\node_modules\koa-router\lib\router.js:345:16
    at dispatch (F:\koa2\koa2-demo\node_modules\koa-compose\index.js:44:32)
*************** error log end ***************

