[2018-08-24 09:34:12.703] [ERROR] errorLogger - 
*************** error log start ***************
request method: GET
request originalUrl:  /page/operation/f7f6ca07-4d7d-426d-b5f3-ae18d48b9178
request client ip:  ::ffff:127.0.0.1
request query:  {}
response time: 602
err name: TypeError
err message: Converting circular structure to JSON
err stack: TypeError: Converting circular structure to JSON
    at JSON.stringify (<anonymous>)
    at formatRes (F:/koa2/koa2-demo-v1.1/koa2-demo/util/log_util.js:44:48)
    at Object.logUtil.logResponse (F:/koa2/koa2-demo-v1.1/koa2-demo/util/log_util.js:26:24)
    at F:/koa2/koa2-demo-v1.1/koa2-demo/app.js:51:13
    at Generator.next (<anonymous>)
    at step (F:\koa2\koa2-demo-v1.1\koa2-demo\app.js:3:191)
    at F:\koa2\koa2-demo-v1.1\koa2-demo\app.js:3:361
    at <anonymous>
*************** error log end ***************

[2018-08-24 09:34:25.789] [ERROR] errorLogger - 
*************** error log start ***************
request method: GET
request originalUrl:  /page/order/cf1714e5-74cc-49c4-8a20-d0a44e20c3d1
request client ip:  ::ffff:127.0.0.1
request query:  {}
response time: 206
err name: TypeError
err message: Converting circular structure to JSON
err stack: TypeError: Converting circular structure to JSON
    at JSON.stringify (<anonymous>)
    at formatRes (F:/koa2/koa2-demo-v1.1/koa2-demo/util/log_util.js:44:48)
    at Object.logUtil.logResponse (F:/koa2/koa2-demo-v1.1/koa2-demo/util/log_util.js:26:24)
    at F:/koa2/koa2-demo-v1.1/koa2-demo/app.js:51:13
    at Generator.next (<anonymous>)
    at step (F:\koa2\koa2-demo-v1.1\koa2-demo\app.js:3:191)
    at F:\koa2\koa2-demo-v1.1\koa2-demo\app.js:3:361
    at <anonymous>
*************** error log end ***************

