[2018-06-27 15:42:18.037] [ERROR] errorLogger - 
*************** error log start ***************
request method: GET
request originalUrl:  /page/order/d20984f1-4cee-445d-bbbd-fbee6779448b
request client ip:  ::ffff:127.0.0.1
request query:  {}
response time: 506
err name: TypeError
err message: Converting circular structure to JSON
err stack: TypeError: Converting circular structure to JSON
    at JSON.stringify (<anonymous>)
    at formatRes (F:/koa2/koa2-demo-v1.1/koa2-demo/util/log_util.js:44:48)
    at Object.logUtil.logResponse (F:/koa2/koa2-demo-v1.1/koa2-demo/util/log_util.js:26:24)
    at F:/koa2/koa2-demo-v1.1/koa2-demo/app.js:48:13
    at Generator.next (<anonymous>)
    at step (F:\koa2\koa2-demo-v1.1\koa2-demo\app.js:3:191)
    at F:\koa2\koa2-demo-v1.1\koa2-demo\app.js:3:361
    at <anonymous>
*************** error log end ***************

[2018-06-27 15:43:28.690] [ERROR] errorLogger - 
*************** error log start ***************
request method: GET
request originalUrl:  /page/order/d20984f1-4cee-445d-bbbd-fbee6779448b
request client ip:  ::ffff:127.0.0.1
request query:  {}
response time: 182
err name: TypeError
err message: Converting circular structure to JSON
err stack: TypeError: Converting circular structure to JSON
    at JSON.stringify (<anonymous>)
    at formatRes (F:/koa2/koa2-demo-v1.1/koa2-demo/util/log_util.js:44:48)
    at Object.logUtil.logResponse (F:/koa2/koa2-demo-v1.1/koa2-demo/util/log_util.js:26:24)
    at F:/koa2/koa2-demo-v1.1/koa2-demo/app.js:48:13
    at Generator.next (<anonymous>)
    at step (F:\koa2\koa2-demo-v1.1\koa2-demo\app.js:3:191)
    at F:\koa2\koa2-demo-v1.1\koa2-demo\app.js:3:361
    at <anonymous>
*************** error log end ***************

