[2018-05-14 10:39:05.509] [ERROR] errorLogger - 
*************** error log start ***************
request method: GET
request originalUrl:  /page/operation/df40d841-1160-447c-b9b5-20dc29b9c0af
request client ip:  ::ffff:127.0.0.1
request query:  {}
response time: 186
err name: TypeError
err message: Converting circular structure to JSON
err stack: TypeError: Converting circular structure to JSON
    at JSON.stringify (<anonymous>)
    at formatRes (F:/koa2/koa2-demo-v1.1/koa2-demo/util/log_util.js:44:48)
    at Object.logUtil.logResponse (F:/koa2/koa2-demo-v1.1/koa2-demo/util/log_util.js:26:24)
    at F:/koa2/koa2-demo-v1.1/koa2-demo/app.js:48:13
    at Generator.next (<anonymous>)
    at step (F:\koa2\koa2-demo-v1.1\koa2-demo\app.js:3:191)
    at F:\koa2\koa2-demo-v1.1\koa2-demo\app.js:3:361
*************** error log end ***************

[2018-05-14 10:40:44.766] [ERROR] errorLogger - 
*************** error log start ***************
request method: GET
request originalUrl:  /page/order/95edeb78-ce65-4428-b066-86fd39fbc963
request client ip:  ::ffff:127.0.0.1
request query:  {}
response time: 180
err name: TypeError
err message: Converting circular structure to JSON
err stack: TypeError: Converting circular structure to JSON
    at JSON.stringify (<anonymous>)
    at formatRes (F:/koa2/koa2-demo-v1.1/koa2-demo/util/log_util.js:44:48)
    at Object.logUtil.logResponse (F:/koa2/koa2-demo-v1.1/koa2-demo/util/log_util.js:26:24)
    at F:/koa2/koa2-demo-v1.1/koa2-demo/app.js:48:13
    at Generator.next (<anonymous>)
    at step (F:\koa2\koa2-demo-v1.1\koa2-demo\app.js:3:191)
    at F:\koa2\koa2-demo-v1.1\koa2-demo\app.js:3:361
*************** error log end ***************

