[2018-05-16 09:59:28.645] [ERROR] errorLogger - 
*************** error log start ***************
request method: GET
request originalUrl:  /page/order/eaa0a8ee-ffb0-46ae-a343-d1fde46c650b
request client ip:  ::ffff:127.0.0.1
request query:  {}
response time: 526
err name: TypeError
err message: Converting circular structure to JSON
err stack: TypeError: Converting circular structure to JSON
    at JSON.stringify (<anonymous>)
    at formatRes (F:/koa2/koa2-demo-v1.1/koa2-demo/util/log_util.js:44:48)
    at Object.logUtil.logResponse (F:/koa2/koa2-demo-v1.1/koa2-demo/util/log_util.js:26:24)
    at F:/koa2/koa2-demo-v1.1/koa2-demo/app.js:48:13
    at Generator.next (<anonymous>)
    at step (F:\koa2\koa2-demo-v1.1\koa2-demo\app.js:3:191)
    at F:\koa2\koa2-demo-v1.1\koa2-demo\app.js:3:361
*************** error log end ***************

[2018-05-16 09:59:31.114] [ERROR] errorLogger - 
*************** error log start ***************
request method: GET
request originalUrl:  /page/order/f3a38484-219e-4829-a235-fbd8dee43c01
request client ip:  ::ffff:127.0.0.1
request query:  {}
response time: 256
err name: TypeError
err message: Converting circular structure to JSON
err stack: TypeError: Converting circular structure to JSON
    at JSON.stringify (<anonymous>)
    at formatRes (F:/koa2/koa2-demo-v1.1/koa2-demo/util/log_util.js:44:48)
    at Object.logUtil.logResponse (F:/koa2/koa2-demo-v1.1/koa2-demo/util/log_util.js:26:24)
    at F:/koa2/koa2-demo-v1.1/koa2-demo/app.js:48:13
    at Generator.next (<anonymous>)
    at step (F:\koa2\koa2-demo-v1.1\koa2-demo\app.js:3:191)
    at F:\koa2\koa2-demo-v1.1\koa2-demo\app.js:3:361
*************** error log end ***************

[2018-05-16 09:59:35.774] [ERROR] errorLogger - 
*************** error log start ***************
request method: GET
request originalUrl:  /page/order/121882ec-5057-43bf-a8fa-547873639aab
request client ip:  ::ffff:127.0.0.1
request query:  {}
response time: 189
err name: TypeError
err message: Converting circular structure to JSON
err stack: TypeError: Converting circular structure to JSON
    at JSON.stringify (<anonymous>)
    at formatRes (F:/koa2/koa2-demo-v1.1/koa2-demo/util/log_util.js:44:48)
    at Object.logUtil.logResponse (F:/koa2/koa2-demo-v1.1/koa2-demo/util/log_util.js:26:24)
    at F:/koa2/koa2-demo-v1.1/koa2-demo/app.js:48:13
    at Generator.next (<anonymous>)
    at step (F:\koa2\koa2-demo-v1.1\koa2-demo\app.js:3:191)
    at F:\koa2\koa2-demo-v1.1\koa2-demo\app.js:3:361
*************** error log end ***************

