[2018-07-02 10:02:50.340] [ERROR] errorLogger - 
*************** error log start ***************
request method: GET
request originalUrl:  /page/order/cddb4968-9165-44e6-a8df-ffbcc6c87dd5
request client ip:  ::ffff:127.0.0.1
request query:  {}
response time: 577
err name: TypeError
err message: Converting circular structure to JSON
err stack: TypeError: Converting circular structure to JSON
    at JSON.stringify (<anonymous>)
    at formatRes (F:/koa2/koa2-demo-v1.1/koa2-demo/util/log_util.js:44:48)
    at Object.logUtil.logResponse (F:/koa2/koa2-demo-v1.1/koa2-demo/util/log_util.js:26:24)
    at F:/koa2/koa2-demo-v1.1/koa2-demo/app.js:48:13
    at Generator.next (<anonymous>)
    at step (F:\koa2\koa2-demo-v1.1\koa2-demo\app.js:3:191)
    at F:\koa2\koa2-demo-v1.1\koa2-demo\app.js:3:361
    at <anonymous>
*************** error log end ***************

[2018-07-02 10:02:52.635] [ERROR] errorLogger - 
*************** error log start ***************
request method: GET
request originalUrl:  /page/order/3002eff8-a160-490b-a4fd-010a4e36197c
request client ip:  ::ffff:127.0.0.1
request query:  {}
response time: 168
err name: TypeError
err message: Converting circular structure to JSON
err stack: TypeError: Converting circular structure to JSON
    at JSON.stringify (<anonymous>)
    at formatRes (F:/koa2/koa2-demo-v1.1/koa2-demo/util/log_util.js:44:48)
    at Object.logUtil.logResponse (F:/koa2/koa2-demo-v1.1/koa2-demo/util/log_util.js:26:24)
    at F:/koa2/koa2-demo-v1.1/koa2-demo/app.js:48:13
    at Generator.next (<anonymous>)
    at step (F:\koa2\koa2-demo-v1.1\koa2-demo\app.js:3:191)
    at F:\koa2\koa2-demo-v1.1\koa2-demo\app.js:3:361
    at <anonymous>
*************** error log end ***************

[2018-07-02 10:02:56.265] [ERROR] errorLogger - 
*************** error log start ***************
request method: GET
request originalUrl:  /page/order/24abefb9-965d-4656-917a-ce4171b47da1
request client ip:  ::ffff:127.0.0.1
request query:  {}
response time: 217
err name: TypeError
err message: Converting circular structure to JSON
err stack: TypeError: Converting circular structure to JSON
    at JSON.stringify (<anonymous>)
    at formatRes (F:/koa2/koa2-demo-v1.1/koa2-demo/util/log_util.js:44:48)
    at Object.logUtil.logResponse (F:/koa2/koa2-demo-v1.1/koa2-demo/util/log_util.js:26:24)
    at F:/koa2/koa2-demo-v1.1/koa2-demo/app.js:48:13
    at Generator.next (<anonymous>)
    at step (F:\koa2\koa2-demo-v1.1\koa2-demo\app.js:3:191)
    at F:\koa2\koa2-demo-v1.1\koa2-demo\app.js:3:361
    at <anonymous>
*************** error log end ***************

[2018-07-02 10:04:02.114] [ERROR] errorLogger - 
*************** error log start ***************
request method: GET
request originalUrl:  /page/order/24abefb9-965d-4656-917a-ce4171b47da1
request client ip:  ::ffff:127.0.0.1
request query:  {}
response time: 161
err name: TypeError
err message: Converting circular structure to JSON
err stack: TypeError: Converting circular structure to JSON
    at JSON.stringify (<anonymous>)
    at formatRes (F:/koa2/koa2-demo-v1.1/koa2-demo/util/log_util.js:44:48)
    at Object.logUtil.logResponse (F:/koa2/koa2-demo-v1.1/koa2-demo/util/log_util.js:26:24)
    at F:/koa2/koa2-demo-v1.1/koa2-demo/app.js:48:13
    at Generator.next (<anonymous>)
    at step (F:\koa2\koa2-demo-v1.1\koa2-demo\app.js:3:191)
    at F:\koa2\koa2-demo-v1.1\koa2-demo\app.js:3:361
    at <anonymous>
*************** error log end ***************

