[2018-05-11 16:32:47.634] [ERROR] errorLogger - 
*************** error log start ***************
request method: GET
request originalUrl:  /page/operation/fd53fb74-32dc-456b-a49a-e6687509ea4d
request client ip:  ::ffff:127.0.0.1
request query:  {}
response time: 217
err name: TypeError
err message: Converting circular structure to JSON
err stack: TypeError: Converting circular structure to JSON
    at JSON.stringify (<anonymous>)
    at formatRes (F:/koa2/koa2-demo-v1.1/koa2-demo/util/log_util.js:44:48)
    at Object.logUtil.logResponse (F:/koa2/koa2-demo-v1.1/koa2-demo/util/log_util.js:26:24)
    at F:/koa2/koa2-demo-v1.1/koa2-demo/app.js:48:13
    at Generator.next (<anonymous>)
    at step (F:\koa2\koa2-demo-v1.1\koa2-demo\app.js:3:191)
    at F:\koa2\koa2-demo-v1.1\koa2-demo\app.js:3:361
*************** error log end ***************

[2018-05-11 16:34:01.832] [ERROR] errorLogger - 
*************** error log start ***************
request method: GET
request originalUrl:  /page/operation/fd53fb74-32dc-456b-a49a-e6687509ea4d
request client ip:  ::ffff:127.0.0.1
request query:  {}
response time: 395
err name: TypeError
err message: Converting circular structure to JSON
err stack: TypeError: Converting circular structure to JSON
    at JSON.stringify (<anonymous>)
    at formatRes (F:/koa2/koa2-demo-v1.1/koa2-demo/util/log_util.js:44:48)
    at Object.logUtil.logResponse (F:/koa2/koa2-demo-v1.1/koa2-demo/util/log_util.js:26:24)
    at F:/koa2/koa2-demo-v1.1/koa2-demo/app.js:48:13
    at Generator.next (<anonymous>)
    at step (F:\koa2\koa2-demo-v1.1\koa2-demo\app.js:3:191)
    at F:\koa2\koa2-demo-v1.1\koa2-demo\app.js:3:361
*************** error log end ***************

[2018-05-11 16:34:27.148] [ERROR] errorLogger - 
*************** error log start ***************
request method: GET
request originalUrl:  /page/order/cd674744-ac41-4630-a521-73c19f3a32c8
request client ip:  ::ffff:127.0.0.1
request query:  {}
response time: 281
err name: TypeError
err message: Converting circular structure to JSON
err stack: TypeError: Converting circular structure to JSON
    at JSON.stringify (<anonymous>)
    at formatRes (F:/koa2/koa2-demo-v1.1/koa2-demo/util/log_util.js:44:48)
    at Object.logUtil.logResponse (F:/koa2/koa2-demo-v1.1/koa2-demo/util/log_util.js:26:24)
    at F:/koa2/koa2-demo-v1.1/koa2-demo/app.js:48:13
    at Generator.next (<anonymous>)
    at step (F:\koa2\koa2-demo-v1.1\koa2-demo\app.js:3:191)
    at F:\koa2\koa2-demo-v1.1\koa2-demo\app.js:3:361
*************** error log end ***************

