[2017-06-19 09:00:37.290] [ERROR] errorLogger - 
*************** error log start ***************
request method: GET
request originalUrl:  /api/user/login/liumeng/123456
request client ip:  ::ffff:127.0.0.1
request query:  {}
response time: 328
err name: ReferenceError
err message: user is not defined
err stack: ReferenceError: user is not defined
    at F:/koa2/koa2-demo/app/controllers/user.js:28:25
    at Generator.next (<anonymous>)
    at step (F:\koa2\koa2-demo\app\controllers\user.js:3:191)
    at F:\koa2\koa2-demo\app\controllers\user.js:3:361
*************** error log end ***************

[2017-06-19 09:32:35.364] [ERROR] errorLogger - 
*************** error log start ***************
request method: GET
request originalUrl:  /api/user/login/liumeng/123456
request client ip:  ::1
request query:  {}
response time: 232
err name: SequelizeDatabaseError
err message: ER_NO_SUCH_TABLE: Table 'lg.users' doesn't exist
err stack: SequelizeBaseError: ER_NO_SUCH_TABLE: Table 'lg.users' doesn't exist
    at Query.formatError (F:\koa2\koa2-demo\node_modules\sequelize\lib\dialects\mysql\query.js:175:14)
    at Query._callback (F:\koa2\koa2-demo\node_modules\sequelize\lib\dialects\mysql\query.js:49:21)
    at Query.Sequence.end (F:\koa2\koa2-demo\node_modules\mysql\lib\protocol\sequences\Sequence.js:85:24)
    at Query.ErrorPacket (F:\koa2\koa2-demo\node_modules\mysql\lib\protocol\sequences\Query.js:94:8)
    at Protocol._parsePacket (F:\koa2\koa2-demo\node_modules\mysql\lib\protocol\Protocol.js:280:23)
    at Parser.write (F:\koa2\koa2-demo\node_modules\mysql\lib\protocol\Parser.js:74:12)
    at Protocol.write (F:\koa2\koa2-demo\node_modules\mysql\lib\protocol\Protocol.js:39:16)
    at Socket.<anonymous> (F:\koa2\koa2-demo\node_modules\mysql\lib\Connection.js:109:28)
    at emitOne (events.js:96:13)
    at Socket.emit (events.js:191:7)
    at readableAddChunk (_stream_readable.js:178:18)
    at Socket.Readable.push (_stream_readable.js:136:10)
    at TCP.onread (net.js:561:20)
*************** error log end ***************

[2017-06-19 09:32:43.310] [ERROR] errorLogger - 
*************** error log start ***************
request method: GET
request originalUrl:  /api/user/login/liumeng/123456
request client ip:  ::1
request query:  {}
response time: 9
err name: SequelizeDatabaseError
err message: ER_NO_SUCH_TABLE: Table 'lg.users' doesn't exist
err stack: SequelizeBaseError: ER_NO_SUCH_TABLE: Table 'lg.users' doesn't exist
    at Query.formatError (F:\koa2\koa2-demo\node_modules\sequelize\lib\dialects\mysql\query.js:175:14)
    at Query._callback (F:\koa2\koa2-demo\node_modules\sequelize\lib\dialects\mysql\query.js:49:21)
    at Query.Sequence.end (F:\koa2\koa2-demo\node_modules\mysql\lib\protocol\sequences\Sequence.js:85:24)
    at Query.ErrorPacket (F:\koa2\koa2-demo\node_modules\mysql\lib\protocol\sequences\Query.js:94:8)
    at Protocol._parsePacket (F:\koa2\koa2-demo\node_modules\mysql\lib\protocol\Protocol.js:280:23)
    at Parser.write (F:\koa2\koa2-demo\node_modules\mysql\lib\protocol\Parser.js:74:12)
    at Protocol.write (F:\koa2\koa2-demo\node_modules\mysql\lib\protocol\Protocol.js:39:16)
    at Socket.<anonymous> (F:\koa2\koa2-demo\node_modules\mysql\lib\Connection.js:109:28)
    at emitOne (events.js:96:13)
    at Socket.emit (events.js:191:7)
    at readableAddChunk (_stream_readable.js:178:18)
    at Socket.Readable.push (_stream_readable.js:136:10)
    at TCP.onread (net.js:561:20)
*************** error log end ***************

[2017-06-19 09:33:24.861] [ERROR] errorLogger - 
*************** error log start ***************
request method: GET
request originalUrl:  /api/user/login/liumeng/123456
request client ip:  ::1
request query:  {}
response time: 227
err name: SequelizeDatabaseError
err message: ER_NO_SUCH_TABLE: Table 'lg.users' doesn't exist
err stack: SequelizeBaseError: ER_NO_SUCH_TABLE: Table 'lg.users' doesn't exist
    at Query.formatError (F:\koa2\koa2-demo\node_modules\sequelize\lib\dialects\mysql\query.js:175:14)
    at Query._callback (F:\koa2\koa2-demo\node_modules\sequelize\lib\dialects\mysql\query.js:49:21)
    at Query.Sequence.end (F:\koa2\koa2-demo\node_modules\mysql\lib\protocol\sequences\Sequence.js:85:24)
    at Query.ErrorPacket (F:\koa2\koa2-demo\node_modules\mysql\lib\protocol\sequences\Query.js:94:8)
    at Protocol._parsePacket (F:\koa2\koa2-demo\node_modules\mysql\lib\protocol\Protocol.js:280:23)
    at Parser.write (F:\koa2\koa2-demo\node_modules\mysql\lib\protocol\Parser.js:74:12)
    at Protocol.write (F:\koa2\koa2-demo\node_modules\mysql\lib\protocol\Protocol.js:39:16)
    at Socket.<anonymous> (F:\koa2\koa2-demo\node_modules\mysql\lib\Connection.js:109:28)
    at emitOne (events.js:96:13)
    at Socket.emit (events.js:191:7)
    at readableAddChunk (_stream_readable.js:178:18)
    at Socket.Readable.push (_stream_readable.js:136:10)
    at TCP.onread (net.js:561:20)
*************** error log end ***************

[2017-06-19 09:34:42.545] [ERROR] errorLogger - 
*************** error log start ***************
request method: GET
request originalUrl:  /api/user/login/liumeng/123456
request client ip:  ::1
request query:  {}
response time: 215
err name: SequelizeDatabaseError
err message: ER_NO_SUCH_TABLE: Table 'lg.users' doesn't exist
err stack: SequelizeBaseError: ER_NO_SUCH_TABLE: Table 'lg.users' doesn't exist
    at Query.formatError (F:\koa2\koa2-demo\node_modules\sequelize\lib\dialects\mysql\query.js:175:14)
    at Query._callback (F:\koa2\koa2-demo\node_modules\sequelize\lib\dialects\mysql\query.js:49:21)
    at Query.Sequence.end (F:\koa2\koa2-demo\node_modules\mysql\lib\protocol\sequences\Sequence.js:85:24)
    at Query.ErrorPacket (F:\koa2\koa2-demo\node_modules\mysql\lib\protocol\sequences\Query.js:94:8)
    at Protocol._parsePacket (F:\koa2\koa2-demo\node_modules\mysql\lib\protocol\Protocol.js:280:23)
    at Parser.write (F:\koa2\koa2-demo\node_modules\mysql\lib\protocol\Parser.js:74:12)
    at Protocol.write (F:\koa2\koa2-demo\node_modules\mysql\lib\protocol\Protocol.js:39:16)
    at Socket.<anonymous> (F:\koa2\koa2-demo\node_modules\mysql\lib\Connection.js:109:28)
    at emitOne (events.js:96:13)
    at Socket.emit (events.js:191:7)
    at readableAddChunk (_stream_readable.js:178:18)
    at Socket.Readable.push (_stream_readable.js:136:10)
    at TCP.onread (net.js:561:20)
*************** error log end ***************

[2017-06-19 09:38:26.072] [ERROR] errorLogger - 
*************** error log start ***************
request method: GET
request originalUrl:  /api/user/login/liumeng/123456
request client ip:  ::1
request query:  {}
response time: 249
err name: SequelizeDatabaseError
err message: ER_NO_SUCH_TABLE: Table 'lg.users' doesn't exist
err stack: SequelizeBaseError: ER_NO_SUCH_TABLE: Table 'lg.users' doesn't exist
    at Query.formatError (F:\koa2\koa2-demo\node_modules\sequelize\lib\dialects\mysql\query.js:175:14)
    at Query._callback (F:\koa2\koa2-demo\node_modules\sequelize\lib\dialects\mysql\query.js:49:21)
    at Query.Sequence.end (F:\koa2\koa2-demo\node_modules\mysql\lib\protocol\sequences\Sequence.js:85:24)
    at Query.ErrorPacket (F:\koa2\koa2-demo\node_modules\mysql\lib\protocol\sequences\Query.js:94:8)
    at Protocol._parsePacket (F:\koa2\koa2-demo\node_modules\mysql\lib\protocol\Protocol.js:280:23)
    at Parser.write (F:\koa2\koa2-demo\node_modules\mysql\lib\protocol\Parser.js:74:12)
    at Protocol.write (F:\koa2\koa2-demo\node_modules\mysql\lib\protocol\Protocol.js:39:16)
    at Socket.<anonymous> (F:\koa2\koa2-demo\node_modules\mysql\lib\Connection.js:109:28)
    at emitOne (events.js:96:13)
    at Socket.emit (events.js:191:7)
    at readableAddChunk (_stream_readable.js:178:18)
    at Socket.Readable.push (_stream_readable.js:136:10)
    at TCP.onread (net.js:561:20)
*************** error log end ***************

[2017-06-19 09:40:13.598] [ERROR] errorLogger - 
*************** error log start ***************
request method: GET
request originalUrl:  /api/user/login/liumeng/123456
request client ip:  ::1
request query:  {}
response time: 289
err name: SequelizeDatabaseError
err message: ER_NO_SUCH_TABLE: Table 'lg.users' doesn't exist
err stack: SequelizeBaseError: ER_NO_SUCH_TABLE: Table 'lg.users' doesn't exist
    at Query.formatError (F:\koa2\koa2-demo\node_modules\sequelize\lib\dialects\mysql\query.js:175:14)
    at Query._callback (F:\koa2\koa2-demo\node_modules\sequelize\lib\dialects\mysql\query.js:49:21)
    at Query.Sequence.end (F:\koa2\koa2-demo\node_modules\mysql\lib\protocol\sequences\Sequence.js:85:24)
    at Query.ErrorPacket (F:\koa2\koa2-demo\node_modules\mysql\lib\protocol\sequences\Query.js:94:8)
    at Protocol._parsePacket (F:\koa2\koa2-demo\node_modules\mysql\lib\protocol\Protocol.js:280:23)
    at Parser.write (F:\koa2\koa2-demo\node_modules\mysql\lib\protocol\Parser.js:74:12)
    at Protocol.write (F:\koa2\koa2-demo\node_modules\mysql\lib\protocol\Protocol.js:39:16)
    at Socket.<anonymous> (F:\koa2\koa2-demo\node_modules\mysql\lib\Connection.js:109:28)
    at emitOne (events.js:96:13)
    at Socket.emit (events.js:191:7)
    at readableAddChunk (_stream_readable.js:178:18)
    at Socket.Readable.push (_stream_readable.js:136:10)
    at TCP.onread (net.js:561:20)
*************** error log end ***************

[2017-06-19 09:42:57.503] [ERROR] errorLogger - 
*************** error log start ***************
request method: GET
request originalUrl:  /api/user/login/liumeng/123456
request client ip:  ::1
request query:  {}
response time: 24
err name: SequelizeDatabaseError
err message: ER_NO_SUCH_TABLE: Table 'lg.users' doesn't exist
err stack: SequelizeBaseError: ER_NO_SUCH_TABLE: Table 'lg.users' doesn't exist
    at Query.formatError (F:\koa2\koa2-demo\node_modules\sequelize\lib\dialects\mysql\query.js:175:14)
    at Query._callback (F:\koa2\koa2-demo\node_modules\sequelize\lib\dialects\mysql\query.js:49:21)
    at Query.Sequence.end (F:\koa2\koa2-demo\node_modules\mysql\lib\protocol\sequences\Sequence.js:85:24)
    at Query.ErrorPacket (F:\koa2\koa2-demo\node_modules\mysql\lib\protocol\sequences\Query.js:94:8)
    at Protocol._parsePacket (F:\koa2\koa2-demo\node_modules\mysql\lib\protocol\Protocol.js:280:23)
    at Parser.write (F:\koa2\koa2-demo\node_modules\mysql\lib\protocol\Parser.js:74:12)
    at Protocol.write (F:\koa2\koa2-demo\node_modules\mysql\lib\protocol\Protocol.js:39:16)
    at Socket.<anonymous> (F:\koa2\koa2-demo\node_modules\mysql\lib\Connection.js:109:28)
    at emitOne (events.js:96:13)
    at Socket.emit (events.js:191:7)
    at readableAddChunk (_stream_readable.js:178:18)
    at Socket.Readable.push (_stream_readable.js:136:10)
    at TCP.onread (net.js:561:20)
*************** error log end ***************

[2017-06-19 09:43:04.458] [ERROR] errorLogger - 
*************** error log start ***************
request method: GET
request originalUrl:  /api/user/login/liumeng/123456
request client ip:  ::1
request query:  {}
response time: 10
err name: SequelizeDatabaseError
err message: ER_NO_SUCH_TABLE: Table 'lg.users' doesn't exist
err stack: SequelizeBaseError: ER_NO_SUCH_TABLE: Table 'lg.users' doesn't exist
    at Query.formatError (F:\koa2\koa2-demo\node_modules\sequelize\lib\dialects\mysql\query.js:175:14)
    at Query._callback (F:\koa2\koa2-demo\node_modules\sequelize\lib\dialects\mysql\query.js:49:21)
    at Query.Sequence.end (F:\koa2\koa2-demo\node_modules\mysql\lib\protocol\sequences\Sequence.js:85:24)
    at Query.ErrorPacket (F:\koa2\koa2-demo\node_modules\mysql\lib\protocol\sequences\Query.js:94:8)
    at Protocol._parsePacket (F:\koa2\koa2-demo\node_modules\mysql\lib\protocol\Protocol.js:280:23)
    at Parser.write (F:\koa2\koa2-demo\node_modules\mysql\lib\protocol\Parser.js:74:12)
    at Protocol.write (F:\koa2\koa2-demo\node_modules\mysql\lib\protocol\Protocol.js:39:16)
    at Socket.<anonymous> (F:\koa2\koa2-demo\node_modules\mysql\lib\Connection.js:109:28)
    at emitOne (events.js:96:13)
    at Socket.emit (events.js:191:7)
    at readableAddChunk (_stream_readable.js:178:18)
    at Socket.Readable.push (_stream_readable.js:136:10)
    at TCP.onread (net.js:561:20)
*************** error log end ***************

[2017-06-19 09:43:19.835] [ERROR] errorLogger - 
*************** error log start ***************
request method: GET
request originalUrl:  /api/user/login/liumeng/123456
request client ip:  ::1
request query:  {}
response time: 205
err name: SequelizeDatabaseError
err message: ER_NO_SUCH_TABLE: Table 'lg.users' doesn't exist
err stack: SequelizeBaseError: ER_NO_SUCH_TABLE: Table 'lg.users' doesn't exist
    at Query.formatError (F:\koa2\koa2-demo\node_modules\sequelize\lib\dialects\mysql\query.js:175:14)
    at Query._callback (F:\koa2\koa2-demo\node_modules\sequelize\lib\dialects\mysql\query.js:49:21)
    at Query.Sequence.end (F:\koa2\koa2-demo\node_modules\mysql\lib\protocol\sequences\Sequence.js:85:24)
    at Query.ErrorPacket (F:\koa2\koa2-demo\node_modules\mysql\lib\protocol\sequences\Query.js:94:8)
    at Protocol._parsePacket (F:\koa2\koa2-demo\node_modules\mysql\lib\protocol\Protocol.js:280:23)
    at Parser.write (F:\koa2\koa2-demo\node_modules\mysql\lib\protocol\Parser.js:74:12)
    at Protocol.write (F:\koa2\koa2-demo\node_modules\mysql\lib\protocol\Protocol.js:39:16)
    at Socket.<anonymous> (F:\koa2\koa2-demo\node_modules\mysql\lib\Connection.js:109:28)
    at emitOne (events.js:96:13)
    at Socket.emit (events.js:191:7)
    at readableAddChunk (_stream_readable.js:178:18)
    at Socket.Readable.push (_stream_readable.js:136:10)
    at TCP.onread (net.js:561:20)
*************** error log end ***************

