[2018-05-11 09:22:54.101] [ERROR] errorLogger - 
*************** error log start ***************
request method: GET
request originalUrl:  /page/order/21a03412-2bf6-4be6-9fea-13e4ac59dca8
request client ip:  ::ffff:127.0.0.1
request query:  {}
response time: 555
err name: TypeError
err message: Converting circular structure to JSON
err stack: TypeError: Converting circular structure to JSON
    at JSON.stringify (<anonymous>)
    at formatRes (F:/koa2/koa2-demo-v1.1/koa2-demo/util/log_util.js:44:48)
    at Object.logUtil.logResponse (F:/koa2/koa2-demo-v1.1/koa2-demo/util/log_util.js:26:24)
    at F:/koa2/koa2-demo-v1.1/koa2-demo/app.js:48:13
    at Generator.next (<anonymous>)
    at step (F:\koa2\koa2-demo-v1.1\koa2-demo\app.js:3:191)
    at F:\koa2\koa2-demo-v1.1\koa2-demo\app.js:3:361
*************** error log end ***************

[2018-05-11 09:42:33.196] [ERROR] errorLogger - 
*************** error log start ***************
request method: GET
request originalUrl:  /page/order/a8a29d9d-7011-49d9-ba45-8d5ef9cbeda7
request client ip:  ::ffff:127.0.0.1
request query:  {}
response time: 205
err name: TypeError
err message: Converting circular structure to JSON
err stack: TypeError: Converting circular structure to JSON
    at JSON.stringify (<anonymous>)
    at formatRes (F:/koa2/koa2-demo-v1.1/koa2-demo/util/log_util.js:44:48)
    at Object.logUtil.logResponse (F:/koa2/koa2-demo-v1.1/koa2-demo/util/log_util.js:26:24)
    at F:/koa2/koa2-demo-v1.1/koa2-demo/app.js:48:13
    at Generator.next (<anonymous>)
    at step (F:\koa2\koa2-demo-v1.1\koa2-demo\app.js:3:191)
    at F:\koa2\koa2-demo-v1.1\koa2-demo\app.js:3:361
*************** error log end ***************

